0 -0.00139 0 0 400000 1.33808e-16 4.46026666666667e-17
1.73566878980892e-10 -0.00138826908988877 6.93619935736183e-05 19945.1660523161 399253.79750885 1.33641914561683e-16 4.45473048538945e-17
3.47133757961783e-10 -0.00138308066514307 0.000138508283692272 39840.7190907897 397514.462940958 1.33477687546488e-16 4.4492562515496e-17
5.20700636942675e-10 -0.00137444763181683 0.000207266870993318 59637.1695124907 394786.322839898 1.33316951977735e-16 4.44389839925784e-17
6.94267515923567e-10 -0.0013623914643265 0.000275466720513466 79285.2742293331 391076.163373919 1.33161306160868e-16 4.43871020536227e-17
8.67834394904458e-10 -0.00134694215203406 0.000342938187133221 98736.1591588079 386393.213455552 1.3301229779039e-16 4.43374325967967e-17
1.04140127388535e-09 -0.00132813812464937 0.000409513437564126 117941.440796826 380749.121784967 1.32871408560064e-16 4.42904695200213e-17
1.21496815286624e-09 -0.00130602615663742 0.00047502686782913 136853.34657026 374157.927874164 1.327400394294e-16 4.42466798098e-17
1.38853503184713e-09 -0.00128066125086818 0.00053931551519761 155424.833669817 366636.027124108 1.32619496692943e-16 4.42064988976477e-17
1.56210191082803e-09 -0.0012521065017986 0.000602219463550371 173609.706067641 358202.13004165 1.32510978990878e-16 4.41703263302926e-17
1.73566878980892e-09 -0.00122043293852704 0.000663582241166285 191362.729428573 348877.215697687 1.32415565390117e-16 4.41385217967055e-17
1.90923566878981e-09 -0.0011857193481104 0.000723251209941097 208639.743629231 338684.479542346 1.32334204654388e-16 4.41114015514625e-17
2.0828025477707e-09 -0.0011480520795837 0.000781077945070218 225397.772605017 327649.275706981 1.32267705810018e-16 4.40892352700059e-17
2.25636942675159e-09 -0.00110752482916937 0.000836918604251063 241595.131251812 315799.053936518 1.32216730101222e-16 4.40722433670738e-17
2.42993630573248e-09 -0.00106423840721066 0.000890634285486544 257191.529116448 303163.291309021 1.32181784414891e-16 4.40605948049636e-17
2.60350318471338e-09 -0.00101830048740886 0.000942091372599702 272148.170618025 289773.418912329 1.32163216240266e-16 4.40544054134219e-17
2.77707006369427e-09 -0.000969825338988165 0.000991161867600021 286427.851550777 275662.743660149 1.32161210213608e-16 4.40537367378695e-17
2.95063694267516e-09 -0.0009189335424543 0.00103772370907466 299995.051628438 260866.365442087 1.32175786282236e-16 4.40585954274119e-17
3.12420382165605e-09 -0.000865751689654101 0.00108166107581262 312816.022839912 245421.089813706 1.32206799506169e-16 4.40689331687231e-17
3.29777070063694e-09 -0.000810412068881996 0.00112286467490662 324858.873396455 229365.336443789 1.32253941499375e-16 4.40846471664583e-17
3.47133757961783e-09 -0.000753052335816769 0.00116123201361598 336093.647061564 212739.043546543 1.32316743496259e-16 4.41055811654196e-17
3.64490445859872e-09 -0.000693815171107112 0.00119666765431426 346492.397666233 195583.568536466 1.3239458101293e-16 4.41315270043099e-17
3.81847133757962e-09 -0.000632847925457701 0.00122908345188763 356029.258624224 177941.585152996 1.32486680056875e-16 4.41622266856251e-17
3.99203821656051e-09 -0.000570302253098661 0.00125839877299317 364680.507274444 159856.977310837 1.3259212482331e-16 4.41973749411032e-17
4.1656050955414e-09 -0.000506333734550123 0.00128454069663198 372424.623890363 141374.729940015 1.32709866801654e-16 4.42366222672179e-17
4.33917197452229e-09 -0.00044110148962026 0.001307444195538 379242.345209702 122540.817087186 1.32838735201607e-16 4.42795784005358e-17
4.51273885350318e-09 -0.000374767781599447 0.00132705229793145 385116.71235123 103402.087556548 1.32977448595129e-16 4.43258161983762e-17
4.68630573248408e-09 -0.000307497613635093 0.00134331622923441 390033.112999486 84006.1483748178 1.33124627658564e-16 4.4374875886188e-17
4.85987261146497e-09 -0.000239458318291173 0.00135619553339619 393979.317752479 64401.2463701535 1.33278808888222e-16 4.44262696294075e-17
5.03343949044586e-09 -0.00017081914131339 0.00136565817352656 396945.510541969 44636.1481595885 1.33438459153008e-16 4.44794863843361e-17
5.20700636942675e-09 -0.000101750820635369 0.00137168061158654 398924.313050647 24760.018843506 1.3360199093941e-16 4.45339969798033e-17
5.38057324840764e-09 -3.24251616730615e-05 0.00137424786693862 399910.80306548 4822.29970889791 1.33767778137249e-16 4.4589259379083e-17
5.55414012738854e-09 3.69853900361654e-05 0.00137335355361063 399902.526721576 -15127.4147543819 1.33934172209224e-16 4.46447240697414e-17
5.72770700636943e-09 0.000106308177786736 0.00136899989618066 398899.504606097 -35039.5002184525 1.34099518583463e-16 4.46998395278211e-17
5.90127388535032e-09 0.000175370763183338 0.00136119772424351 396904.231707049 -54864.4259564615 1.34262173106081e-16 4.47540577020269e-17
6.07484076433121e-09 0.000244001355076364 0.00134996644547235 393921.671207077 -74552.8780488111 1.34420518390141e-16 4.48068394633804e-17
6.2484076433121e-09 0.000312029236887334 0.00133533399734275 389959.242137687 -94055.8820500826 1.34572979898463e-16 4.48576599661544e-17
6.421974522293e-09 0.000379285191261373 0.00131733677763899 385026.80092463 -113324.924811529 1.34718041600336e-16 4.49060138667785e-17
6.59554140127389e-09 0.000445601920990394 0.00129601955391569 379136.61687033 -132312.075156104 1.34854261046464e-16 4.49514203488213e-17
6.76910828025478e-09 0.000510814465159988 0.00127143535213977 372303.341634353 -150970.103105857 1.34980283712247e-16 4.49934279040823e-17
6.94267515923567e-09 0.000574760609484845 0.00124364532478998 364543.972787841 -169252.597365114 1.35094856466755e-16 4.50316188222516e-17
7.11624203821656e-09 0.000637281289812012 0.00121271859874187 355877.811532546 -187114.080767206 1.35196840033481e-16 4.50656133444938e-17
7.28980891719746e-09 0.000698220987788303 0.00117873210331674 346326.414689666 -204510.123397591 1.35285220318962e-16 4.50950734396541e-17
7.46337579617835e-09 0.00075742811770762 0.0011417703789222 335913.54107788 -221397.453111951 1.3535911849661e-16 4.51197061655367e-17
7.63694267515924e-09 0.000814755403575943 0.00110192536676041 324665.092413989 -237734.063174385 1.35417799745498e-16 4.51392665818326e-17
7.81050955414013e-09 0.00087006024545603 0.00105929618012703 312609.048883158 -253479.316747924 1.35460680557195e-16 4.51535601857317e-17
7.98407643312102e-09 0.000923205074180566 0.00101398885786981 299775.399539026 -268594.047977471 1.35487334537996e-16 4.51624448459987e-17
8.15764331210192e-09 0.000974057693551424 0.000966116100620095 286196.067706817 -283040.659413712 1.3549749664885e-16 4.51658322162833e-17
8.33121019108281e-09 0.00102249160917381 0.00091579699045331 271904.831575012 -296783.215535665 1.35491065840828e-16 4.51636886136093e-17
8.5047770700637e-09 0.00106838634310737 0.000863156694675791 256937.240173092 -309787.532139231 1.35468106059922e-16 4.51560353533073e-17
8.67834394904459e-09 0.00111162773355148 0.000808326154474803 241330.52494438 -322021.261369398 1.35428845611187e-16 4.51429485370623e-17
8.85191082802548e-09 0.00115210821881942 0.000751441759206186 225123.507133915 -333453.972184576 1.35373674888544e-16 4.51245582961812e-17
9.02547770700638e-09 0.00118972710489487 0.000692645007129843 208356.50122175 -344057.22605292 1.35303142492821e-16 4.51010474976071e-17
9.19904458598727e-09 0.00122439081590533 0.000632082153436982 191071.21464187 -353804.647692342 1.35217949776638e-16 4.50726499255461e-17
9.37261146496816e-09 0.00125601312688933 0.00056990384644463 173310.644036172 -362671.990678245 1.35118943870366e-16 4.50396479567886e-17
9.54617834394905e-09 0.00128451537827851 0.000506264752862377 155118.968301589 -370637.197755797 1.35007109258522e-16 4.50023697528405e-17
9.71974522292994e-09 0.00130982667156098 0.000441323173063482 136541.438696379 -377680.4557067 1.34883557990357e-16 4.49611859967855e-17
9.89331210191084e-09 0.00133188404563925 0.000375240647317355 117624.266278953 -383784.244633986 1.34749518621977e-16 4.49165062073256e-17
1.00668789808917e-08 0.00135063263344416 0.000308181553962889 98414.5069592259 -388933.38154225 1.34606323999956e-16 4.48687746666519e-17
1.02404458598726e-08 0.00136602579841505 0.000240312700522173 78959.9444484267 -393115.058104901 1.34455398007915e-16 4.48184660026385e-17
1.04140127388535e-08 0.00137802525050686 0.000171802908771692 59308.9713985199 -396318.872524498 1.34298241407862e-16 4.47660804692874e-17
1.05875796178344e-08 0.0013866011414355 0.000102822594803121 39510.4690269087 -398536.855406918 1.34136416917066e-16 4.47121389723554e-17
1.07611464968153e-08 0.00139173213892455 3.35433451183143e-05 19613.685525844 -399763.489584986 1.33971533668879e-16 4.46571778896265e-17
1.09347133757962e-08 0.0013934054797687 -3.58625101870761e-05 -331.886441004564 -399995.723842265 1.33805231212003e-16 4.46017437373345e-17
1.11082802547771e-08 0.00139161700158181 -0.00010522232608964 -20276.632850094 -399232.980502873 1.33639163207318e-16 4.45463877357728e-17
1.1281847133758e-08 0.00138637115315077 -0.000174363572087627 -40170.9417314319 -397477.15686843 1.33474980984383e-16 4.44916603281275e-17
1.14554140127389e-08 0.00137768098336924 -0.000243114261365496 -59965.3265768925 -394732.620498575 1.33314317121117e-16 4.44381057070389e-17
1.16289808917198e-08 0.00136556810877891 -0.000311303378606058 -79610.54943645 -391006.198346796 1.33158769209947e-16 4.43862564033156e-17
1.18025477707006e-08 0.00135006265979901 -0.000378761305386046 -99057.7433961306 -386307.159778577 1.33009883971832e-16 4.43366279906106e-17
1.19761146496815e-08 0.00133120320577777 -0.000445320242096958 -118258.534133024 -380647.193514129 1.32869141876144e-16 4.42897139587146e-17
1.21496815286624e-08 0.00130903665905229 -0.00051081462534164 -137165.160244987 -374040.378553038 1.32737942419331e-16 4.42459808064437e-17
1.23232484076433e-08 0.00128361815825549 -0.000575081539768374 -155730.59205573 -366503.149153174 1.32617590208754e-16 4.42058634029179e-17
1.24968152866242e-08 0.00125501093116039 -0.000637961123318015 -173908.648599748 -358054.25395095 1.32509281990065e-16 4.41697606633549e-17
1.26703821656051e-08 0.00122328613740287 -0.000699296964876168 -191654.112496121 -348714.709324648 1.32414094747138e-16 4.41380315823794e-17
1.2843949044586e-08 0.00118852269147417 -0.000758936493341229 -208922.84242541 -338507.74711679 1.32332974992869e-16 4.41109916642896e-17
1.30175159235669e-08 0.00115080706642343 -0.000816731357140515 -225671.882929899 -327458.756845618 1.32266729357337e-16 4.40889097857791e-17
1.31910828025478e-08 0.00111023307875851 -0.000872537793250434 -241859.571264028 -315595.222549412 1.32216016566927e-16 4.4072005522309e-17
1.33646496815287e-08 0.00106690165508019 -0.000926216984802781 -257445.641029246 -302946.654420751 1.3218134089415e-16 4.40604469647165e-17
1.35382165605096e-08 0.00102092058103023 -0.000977635406387611 -272391.322335497 -289544.515400782 1.32163047143313e-16 4.40543490477709e-17
1.37117834394905e-08 0.000972404233177719 -0.00102666515619377 -286659.438240178 -275422.142916076 1.32161317221892e-16 4.40537724072973e-17
1.38853503184714e-08 0.000921473294510784 -0.00107318427416089 -300214.49722469 -260614.665952761 1.32176168331698e-16 4.40587227772327e-17
1.40589171974522e-08 0.000868254454241156 -0.00111707704535145 -313022.781478551 -245158.917674203 1.32207452797827e-16 4.40691509326091e-17
1.42324840764331e-08 0.000812880092668505 -0.00115823428778827 -325052.430771449 -229093.343799594 1.32254859537096e-16 4.40849531790319e-17
1.4406050955414e-08 0.000755487951888335 -0.00119655362404148 -336273.521704636 -212457.906971357 1.32317917151355e-16 4.41059723837851e-17
1.45796178343949e-08 0.000696220793162574 -0.00123193973588937 -346658.1421445 -195293.987349251 1.32395998614934e-16 4.41319995383112e-17
1.47531847133758e-08 0.000635226041805133 -0.00126430460141963 -356180.460653172 -177644.279678436 1.32488327509585e-16 4.41627758365285e-17
1.49267515923567e-08 0.000572655420465774 -0.00129356771398133 -364816.790743473 -159552.687087554 1.32593985744959e-16 4.41979952483195e-17
1.51003184713376e-08 0.000508664571724485 -0.00131965628244277 -372545.649798353 -141064.211880989 1.32711922687805e-16 4.42373075626016e-17
1.52738853503185e-08 0.000443412670935137 -0.00134250541225734 -379347.812508267 -122224.843596954 1.32840965609156e-16 4.42803218697186e-17
1.54474522292994e-08 0.000377062030281474 -0.00136205826688676 -385206.358693568 -103081.444609873 1.32979831345583e-16 4.43266104485276e-17
1.56210191082803e-08 0.000309777695030335 -0.0013782662091803 -390106.715392958 -83681.6335615963 1.3312713905858e-16 4.43757130195268e-17
1.57945859872612e-08 0.0002417270329864 -0.00139108892235829 -394036.693113295 -64073.666911438 1.33281423965206e-16 4.44271413217352e-17
1.59681528662421e-08 0.000173079318169708 -0.0014004945102989 -396986.516150607 -44306.3188996464 1.33441151903431e-16 4.44803839678103e-17
1.61417197452229e-08 0.000104005309751504 -0.00140645957687881 -398948.846906861 -24428.760222919 1.33604734587383e-16 4.45349115291277e-17
1.63152866242038e-08 3.46768272958284e-05 -0.00140896928417036 -399918.804142026 -4490.43572374042 1.33770545400775e-16 4.45901818002583e-17
1.64888535031847e-08 -3.47336766365967e-05 -0.00140801738935049 -399893.97511601 15459.0586022091 1.33936935571479e-16 4.4645645190493e-17
1.66624203821656e-08 -0.000104053545459038 -0.00140360626022957 -398874.421590287 35370.0989746336 1.34102250566416e-16 4.47007501888054e-17
1.68359872611465e-08 -0.000173110348036933 -0.00139574686936153 -396862.67967426 55193.1572663154 1.34264846543726e-16 4.47549488479088e-17
1.70095541401274e-08 -0.000241732307605262 -0.00138445876674995 -393863.753516767 74878.9242028747 1.34423106698632e-16 4.48077022328773e-17
1.71831210191083e-08 -0.000309748729058203 -0.00136977003121803 -389885.102858407 94378.4320181387 1.34575457340449e-16 4.48584857801497e-17
1.73566878980892e-08 -0.000376990423548182 -0.00135171720056332 -384936.624475657 113643.17626002 1.3472038354089e-16 4.49067945136299e-17
1.75302547770701e-08 -0.000443290129338155 -0.00133034518067102 -379030.627562927 132625.236443914 1.34856444198044e-16 4.49521480660147e-17
1.7703821656051e-08 -0.00050848292786026 -0.00130570713381193 -372181.803113806 151277.395253495 1.3498228636626e-16 4.49940954554199e-17
1.78773885350319e-08 -0.000572406653945903 -0.00127786434640285 -364407.187377643 169553.255992401 1.3509665870942e-16 4.50322195698067e-17
1.80509554140128e-08 -0.000634902299206844 -0.00124688607655843 -355726.119482382 187407.357994652 1.35198423943848e-16 4.50661413146161e-17
1.82245222929936e-08 -0.000695814407563887 -0.00121284938181364 -346160.193329048 204795.289706719 1.35286570147109e-16 4.50955233823698e-17
1.83980891719745e-08 -0.000754991461939301 -0.00117583892744544 -335733.203877553 221673.799159956 1.35360220820258e-16 4.51200736067527e-17
1.85716560509554e-08 -0.000812286261151095 -0.00113594677587034 -324471.087957435 238000.901558601 1.35418643603477e-16 4.51395478678257e-17
1.87452229299363e-08 -0.00086755628607163 -0.00109327215764192 -312401.859750755 253735.983715721 1.35461257558439e-16 4.51537525194797e-17
1.89187898089172e-08 -0.000920664054139756 -0.00104792122461768 -299555.541107646 268839.905077316 1.35487638944981e-16 4.51625463149936e-17
1.90923566878981e-08 -0.000971477461344635 -0.00100000678590947 -285964.086867841 283275.095083301 1.35497525434645e-16 4.51658418115484e-17
1.9265923566879e-08 -0.00101987011083059 -0.000949648027274119 -271661.305373952 297005.646623167 1.35490818719196e-16 4.5163606239732e-17
1.94394904458599e-08 -0.00106572162730555 -0.000896970214642355 -256682.774374211 309997.405353858 1.35467585488165e-16 4.51558618293885e-17
1.96130573248408e-08 -0.00110891795647106 -0.000842104382523517 -241065.752523866 322218.054657703 1.35428056765712e-16 4.51426855885708e-17
1.97866242038217e-08 -0.00114935164872902 -0.000785187008061052 -224849.086705376 333637.196029043 1.3537262561339e-16 4.51242085377966e-17
1.99601910828026e-08 -0.00118692212645932 -0.000726359671549639 -208073.11539793 344226.424689626 1.3530184322166e-16 4.51006144072201e-17
2.01337579617835e-08 -0.0012215359342038 -0.000665768704258368 -190779.568336669 353959.400244654 1.35216413429026e-16 4.50721378096753e-17
2.03073248407644e-08 -0.00125310697113391 -0.000603564824436015 -173011.462711195 362811.912203743 1.35117185723274e-16 4.50390619077579e-17
2.04808917197452e-08 -0.00128155670522399 -0.000539902762403832 -154812.996161581 370761.940203802 1.35005146794428e-16 4.50017155981426e-17
2.06544585987261e-08 -0.00130681436859736 -0.000474940875668422 -136229.436838038 377789.708784041 1.34881410723405e-16 4.49604702411351e-17
2.0828025477707e-08 -0.00132881713355938 -0.000408840755012103 -117307.010797723 383877.736576848 1.34747207903935e-16 4.49157359679784e-17
2.10015923566879e-08 -0.00134751026887944 -0.000341766822540587 -98092.7870187848 389010.879792175 1.34603872807899e-16 4.4867957602633e-17
2.11751592356688e-08 -0.00136284727593332 -0.000273885922687833 -78634.5603176623 393176.369887272 1.34452830715749e-16 4.48176102385831e-17
2.13487261146497e-08 -0.00137479000436713 -0.000205366907195419 -58980.7324608859 396363.845328061 1.34295583543956e-16 4.47651945146521e-17
2.15222929936306e-08 -0.0013833087469952 -0.00013638021509881 -39180.1917671068 398565.377363146 1.34133694910408e-16 4.47112316368028e-17
2.16958598726115e-08 -0.00138838231369582 -6.70974487652625e-05 -19282.1914988425 399775.489746351 1.33968774586273e-16 4.46562581954244e-17
2.18694267515924e-08 -0.00138999808412109 2.30905296200876e-06 663.772653564754 399991.17235872 1.33802462488924e-16 4.46008208296414e-17
2.20429936305733e-08 -0.00138815203908959 7.16666434516387e-05 20608.085691022 399211.888696099 1.33636412375103e-16 4.45454707917011e-17
2.22165605095542e-08 -0.00138284877058405 0.000140802797737527 40501.1367215361 397439.577203675 1.33472275396468e-16 4.44907584654893e-17
2.23901273885351e-08 -0.00137410147032885 0.000209545541669615 60293.4423658482 394678.646454151 1.33311683681043e-16 4.4437227893681e-17
2.25636942675159e-08 -0.00136193189697608 0.000277723879694529 79935.769845884 390935.964181551 1.33156234103838e-16 4.43854113679461e-17
2.27372611464968e-08 -0.00134637032198147 0.000345168220201984 99379.2594498411 386220.84019793 1.3300747240801e-16 4.43358241360034e-17
2.29108280254777e-08 -0.00132745545430505 0.000411710797378929 118575.546069285 380545.003235497 1.32866877834464e-16 4.42889592781546e-17
2.30843949044586e-08 -0.00130523434412376 0.000477186088522073 137476.879505933 373922.571771735 1.32735848412732e-16 4.42452828042441e-17
2.32579617834395e-08 -0.00127976226579551 0.000541431225770736 156036.243248868 366370.018910102 1.32615687059398e-16 4.42052290197995e-17
2.34315286624204e-08 -0.00125110258036587 0.000604286401235864 174207.471426728 357906.131403673 1.3250758862229e-16 4.41691962074298e-17
2.36050955414013e-08 -0.00121932657795925 0.000665595264517455 191945.36364395 348551.962923644 1.32412627999275e-16 4.41375426664251e-17
2.37786624203822e-08 -0.00118451330044694 0.000725205311621573 209205.797415425 338330.781688945 1.32331749449812e-16 4.41105831499372e-17
2.39522292993631e-08 -0.00114674934483264 0.000782968264309552 225945.837919887 327268.012587228 1.32265757205512e-16 4.40885857351706e-17
2.4125796178344e-08 -0.0011061286478451 0.000838740438935754 242123.844799008 315391.173931207 1.32215307473114e-16 4.40717691577048e-17
2.42993630573249e-08 -0.00106275225227314 0.000892383103856405 257699.575736575 302729.809007668 1.32180901909362e-16 4.4060300636454e-17
2.44729299363058e-08 -0.00101672805562479 0.000943762824520483 272634.286560061 289315.412589408 1.32162882632681e-16 4.40542942108937e-17
2.46464968152867e-08 -0.000968170541735336 0.000992751795384235 286890.827615614 275181.352592914 1.3216142882126e-16 4.40538096070866e-17
2.48200636942675e-08 -0.00091720049599221 0.00103922815782371 300433.736176735 260362.787076657 1.32176554931356e-16 4.40588516437852e-17
2.49936305732484e-08 -0.000863944704884845 0.00108307630325451 313229.324656759 244896.576786452 1.32208110553545e-16 4.40693701845151e-17
2.51671974522293e-08 -0.000808535640627032 0.00112418716070471 325245.764405741 228821.193465437 1.32255781908352e-16 4.40852606361174e-17
2.53407643312102e-08 -0.000751111131636185 0.00116245846812574 336453.164883285 212176.624156745 1.32319094966372e-16 4.41063649887906e-17
2.55143312101911e-08 -0.000691814019689203 0.0011977950267662 346823.648010381 195004.27173691 1.32397420161877e-16 4.41324733872924e-17
2.5687898089172e-08 -0.000630791804607753 0.00123010893797592 356331.417515314 177346.85192743 1.32489978653027e-16 4.41633262176757e-17
2.58614649681529e-08 -0.000568196277356805 0.00125931982185134 364952.823101122 159248.287040665 1.32595850066432e-16 4.41986166888105e-17
2.60350318471338e-08 -0.000504183142469066 0.00128535501717808 372666.419275021 140753.596724379 1.32713981649066e-16 4.42379938830219e-17
2.62085987261147e-08 -0.000438911630734543 0.00130814976217363 379453.018693432 121908.785976688 1.32843198736522e-16 4.42810662455073e-17
2.63821656050956e-08 -0.000372544103118629 0.00132764735558036 385295.739889941 102760.730709983 1.32982216433517e-16 4.4327405477839e-17
2.65557324840765e-08 -0.000305245646893984 0.0013437992977082 390180.04926744 83357.0611484753 1.33129652390496e-16 4.43765507968322e-17
2.67292993630574e-08 -0.000237183664990795 0.00135656541107625 394093.797250032 63746.0433494155 1.33284040549298e-16 4.44280135164326e-17
2.69028662420382e-08 -0.000168527459586918 0.00136591394035304 397027.248504739 43976.4591426955 1.33443845721186e-16 4.44812819070618e-17
2.70764331210191e-08 -9.94478109736833e-05 0.00137182163134698 398973.106157855 24097.484787482 1.33607478852299e-16 4.45358262840996e-17
2.725e-08 -3.01165527449506e-05 0.00137427378885051 399926.529945708 4158.56864771788 1.33773312824718e-16 4.45911042749062e-17
2.74235668789809e-08 3.92938556339039e-05 0.00137326431319398 399885.148254671 -15790.6918092278 1.33939698636031e-16 4.46465662120105e-17
2.75971337579618e-08 0.000108610757813834 0.00136879571541838 398849.064020485 -35700.6733848014 1.34104981796507e-16 4.47016605988355e-17
2.77707006369427e-08 0.000177661730039712 0.00136087911102924 396820.854472204 -55521.8505855113 1.34267518780836e-16 4.47558395936121e-17
2.79442675159236e-08 0.000246275010049349 0.00134953419234709 393805.564721416 -75204.9188161361 1.34425693370851e-16 4.48085644569504e-17
2.81178343949045e-08 0.00031427992432707 0.00133478917952343 389810.695212679 -94700.9170234547 1.34577932726699e-16 4.48593109088995e-17
2.82914012738854e-08 0.000381507312649058 0.00131668075034392 384846.183066381 -113961.349485426 1.34722723026684e-16 4.49075743422279e-17
2.84649681528663e-08 0.000447789948864444 0.00129525394899345 378924.377360449 -132938.306442872 1.3485862452025e-16 4.49528748400834e-17
2.86385350318472e-08 0.00051296295686543 0.0012705620740101 372060.008412378 -151584.583273591 1.34984285844419e-16 4.49947619481398e-17
2.88121019108281e-08 0.000576864220711761 0.00124266654570653 364270.151138003 -169853.797912472 1.35098457461332e-16 4.50328191537775e-17
2.8985668789809e-08 0.000639334787889356 0.00121163675338882 355574.182578145 -187700.506225512 1.35200004083273e-16 4.50666680277578e-17
2.91592356687898e-08 0.000700219264700014 0.00117754988275258 345993.733698794 -205080.315050768 1.35287915961623e-16 4.50959719872076e-17
2.93328025477707e-08 0.000759366202798663 0.00114049072388581 335552.635584715 -221949.992625034 1.35361318927491e-16 4.5120439642497e-17
2.95063694267516e-08 0.000816628475916664 0.00110055146035605 324276.86016033 -238267.576121589 1.35419483084186e-16 4.51398276947287e-17
2.96799363057325e-08 0.000871863645834081 0.00105783143990646 312194.455585315 -253992.476031487 1.35461830065085e-16 4.51539433550282e-17
2.98535031847134e-08 0.000924934316690556 0.00101243692733125 299335.476485631 -269085.577128771 1.35487938784731e-16 4.5162646261577e-17
3.00270700636943e-08 0.000975708476753476 0.000964480840145105 285731.909193526 -283509.335768444 1.35497549625986e-16 4.51658498753285e-17
3.02006369426752e-08 0.00102405982679327 0.000914082467704217 271417.592182471 -297227.873275183 1.35490567021575e-16 4.51635223405251e-17
3.03742038216561e-08 0.00106986809424904 0.000861367174477499 256428.131894959 -310207.065190488 1.35467060404388e-16 4.51556868014626e-17
3.0547770700637e-08 0.00111301933240298 0.000806466088206164 240800.814172519 -322414.62615627 1.35427263517051e-16 4.51424211723502e-17
3.07213375796179e-08 0.00115340620381955 0.000749515773727327 224574.51150829 -333820.190223727 1.35371572087667e-16 4.51238573625555e-17
3.08949044585988e-08 0.00119092824734412 0.000690657893272987 207789.58635283 -344395.38638775 1.35300539894814e-16 4.51001799649379e-17
3.10684713375797e-08 0.00122549212799719 0.000630038854089394 190487.790713715 -354113.909158966 1.35214873260941e-16 4.50716244203135e-17
3.12420382165605e-08 0.00125701186914237 0.000567809444253332 172712.162298642 -362951.583997863 1.35115424028911e-16 4.50384746763037e-17
3.14156050955414e-08 0.00128540906635076 0.000504124457591209 154506.9174604 -370886.42744825 1.35003181091539e-16 4.50010603638463e-17
3.15891719745223e-08 0.00131061308242964 0.000439142308633973 135917.341209994 -377898.701820459 1.3487926055834e-16 4.49597535194466e-17
3.17627388535032e-08 0.00133256122313042 0.00037302463856562 116989.67457151 -383970.964288264 1.34744894657278e-16 4.49149648857595e-17
3.19363057324841e-08 0.00135119889309875 0.000305935913145511 97770.9995589317 -389088.110277399 1.3460141948187e-16 4.48671398272899e-17
3.2109872611465e-08 0.00136647973167882 0.000238043013604627 78309.1220610092 -393237.411037744 1.34450261705473e-16 4.48167539018243e-17
3.22834394904459e-08 0.00137836572823418 0.000169514821533419 58652.452925523 -396408.545305714 1.34292924394887e-16 4.4764308131629e-17
3.24570063694268e-08 0.00138682731669804 0.00010052179879382 38849.8875387215 -398593.624978102 1.34130972064313e-16 4.47103240214376e-17
3.26305732484077e-08 0.00139184344911799 3.12355635003772e-05 18950.6841994867 -399787.214733498 1.33966015118302e-16 4.46553383727673e-17
3.28041401273886e-08 0.00139340164801221 -3.81715368747609e-05 -995.658409235684 -399986.345552497 1.33799693838385e-16 4.45998979461283e-17
3.29777070063695e-08 0.00139149803740678 -0.00010752685421111 -20939.5243469537 -399190.522103045 1.33633662072612e-16 4.45445540242039e-17
3.31512738853504e-08 0.00138613735247708 -0.000176657869196971 -40831.3038338215 -397401.723972562 1.33469570790193e-16 4.44898569300643e-17
3.33248407643312e-08 0.00137733292776918 -0.000245392620466143 -60621.5166535079 -394624.400743778 1.33309051664764e-16 4.44363505549214e-17
3.34984076433121e-08 0.00136510666403055 -0.000313560132346767 -80260.9352337781 -390865.460926525 1.33153700849522e-16 4.43845669498407e-17
3.3671974522293e-08 0.0013494889737326 -0.000380990840158272 -99700.7070986325 -386134.254773026 1.33005063105565e-16 4.43350210351882e-17
3.38455414012739e-08 0.00133051870542051 -0.00044751701199854 -118892.476387403 -380442.551019412 1.32864616441257e-16 4.42882054804189e-17
3.40191082802548e-08 0.00130824304707869 -0.000512973165972068 -137788.504138534 -373804.507611342 1.32733757415368e-16 4.42445858051226e-17
3.41926751592357e-08 0.00128271740875199 -0.000577196481821326 -156341.787038846 -366236.636486527 1.32613787250116e-16 4.42045957500387e-17
3.43662420382166e-08 0.00125400528471488 -0.000640027205937349 -174506.174342893 -357757.762501772 1.32505898892213e-16 4.41686329640712e-17
3.45398089171975e-08 0.0012221780955313 -0.000701309048742144 -192236.482671584 -348388.976606696 1.32411165150566e-16 4.41370550501885e-17
3.47133757961784e-08 0.00118731501039811 -0.000760889573454419 -209488.608404512 -338153.583380618 1.32330528028589e-16 4.41101760095297e-17
3.48869426751593e-08 0.00114950275021402 -0.000818620575271589 -226219.637386409 -327077.043063102 1.32264789357217e-16 4.40882631190723e-17
3.50605095541402e-08 0.00110883537186396 -0.000874358450024865 -242387.951674848 -315186.908222356 1.32214602821735e-16 4.40715342739116e-17
3.52340764331211e-08 0.00106541403425529 -0.0009279645513904 -257953.333063647 -302512.755219034 1.32180467461736e-16 4.40601558205787e-17
3.5407643312102e-08 0.001019346746688 -0.000979305535767938 -272877.063124478 -289086.110635904 1.32162722708824e-16 4.40542409029412e-17
3.55812101910828e-08 0.000970748100184811 -0.0010282536939691 -287122.019517816 -274940.372856405 1.32161545011405e-16 4.40538483371349e-17
3.57547770700637e-08 0.000919738982449292 -0.00107468726889024 -300652.768333664 -260110.728987149 1.32176946080143e-16 4.40589820267144e-17
3.59283439490446e-08 0.000866446277161316 -0.00111849075837963 -313435.652232369 -244634.067331028 1.32208772771512e-16 4.40695909238372e-17
3.61019108280255e-08 0.000811002548357614 -0.00115955520254572 -325438.874166256 -228548.885628645 1.32256708610604e-16 4.4085569536868e-17
3.62754777070064e-08 0.000753545710682636 -0.0011977784547916 -336632.576473856 -211895.195296319 1.32320276938065e-16 4.4106758979355e-17
3.64490445859873e-08 0.000694218686329933 -0.00123306543590169 -346988.915149956 -194714.421898862 1.32398845649845e-16 4.41329485499485e-17
3.66226114649682e-08 0.000633169049527401 -0.0012653283705485 -356482.129106743 -177049.302104705 1.32491633482653e-16 4.4163877827551e-17
3.67961783439491e-08 0.000570548659450733 -0.00129448700563114 -365088.604253756 -158943.777379695 1.32597717782595e-16 4.41992392608649e-17
3.696974522293e-08 0.000506513282478187 -0.00132046880990259 -372786.932237236 -140442.884683988 1.32716043679766e-16 4.42386812265888e-17
3.71433121019109e-08 0.000441222204726299 -0.00134320915438901 -379557.96369278 -121592.644443936 1.32845434577556e-16 4.42818115258521e-17
3.73168789808918e-08 0.000374837835830355 -0.00136265147315243 -385384.855878823 -102439.946077633 1.32984603852364e-16 4.43282012841214e-17
3.74904458598727e-08 0.000307525304955205 -0.00137874740399684 -390253.114572455 -83032.4313588649 1.33132167647392e-16 4.43773892157972e-17
3.76640127388535e-08 0.000239452050041314 -0.00139145690876774 -394150.630123384 -63418.3759095964 1.33286658633294e-16 4.44288862110981e-17
3.78375796178344e-08 0.00017078740130782 -0.0014007483729459 -397067.707576326 -43646.5691157855 1.33446540598855e-16 4.44821801996183e-17
3.80111464968153e-08 0.000101702160048589 -0.00140659868428749 -398997.090786927 -23766.1927652188 1.336102237266e-16 4.45367412422e-17
3.81847133757962e-08 3.23681737690215e-05 -0.00140899329031513 -399933.980471206 -3826.69870926159 1.33776080401459e-16 4.45920268004864e-17
3.83582802547771e-08 -3.70420912795593e-05 -0.00140792623451678 -399876.046143633 16122.3141471677 1.33942461395273e-16 4.46474871317577e-17
3.8531847133758e-08 -0.000106355979104637 -0.00140340017116234 -398823.431914143 36031.2232214143 1.34107712266214e-16 4.47025707554048e-17
3.87054140127389e-08 -0.000175401073449203 -0.00139542635870127 -396778.756129669 55850.5056878023 1.34270189810053e-16 4.47567299366843e-17
3.88789808917198e-08 -0.000244005626672126 -0.0013840246317575 -393747.104861077 75530.861664206 1.34428278399677e-16 4.48094261332256e-17
3.90525477707007e-08 -0.000311998986965355 -0.00136922335179142 -389736.019251719 95023.3368440569 1.34580406050396e-16 4.48601353501319e-17
3.92261146496816e-08 -0.000379212022845271 -0.00135105933655153 -384755.476759055 114279.444268741 1.34725060051276e-16 4.49083533504255e-17
3.93996815286625e-08 -0.00044547754386228 -0.00132957776849144 -378817.866336029 133251.284937484 1.34860802007079e-16 4.49536006690263e-17
3.95732484076434e-08 -0.000510630716482139 -0.00130483208237978 -371937.957613904 151891.666954701 1.3498628214122e-16 4.49954273804065e-17
3.97468152866243e-08 -0.000574509474104519 -0.00127688383238282 -364132.864163246 170154.222918456 1.35100252717538e-16 4.50334175725127e-17
3.99203821656051e-08 -0.00063695492019891 -0.00124580253895031 -355422.000924416 187993.525258006 1.35201580447405e-16 4.50671934824682e-17
4.0093949044586e-08 -0.000697811723555065 -0.00121166551588536 -345827.03591348 205365.199233547 1.35289257758796e-16 4.50964192529319e-17
4.02675159235669e-08 -0.000756928504664817 -0.00117455767802866 -335371.836323654 222226.033317075 1.35362412815284e-16 4.51208042717614e-17
4.04410828025478e-08 -0.00081415821227415 -0.0011345713300353 -324082.409156365 238534.08667979 1.35420318185313e-16 4.5140106061771e-17
4.06146496815287e-08 -0.000869358489168871 -0.00109180593676967 -311986.836529599 254248.793518674 1.35462398075554e-16 4.51541326918515e-17
4.07882165605096e-08 -0.000922392026283992 -0.00104636787588951 -299115.205824457 269331.063962734 1.35488234056421e-16 4.51627446854737e-17
4.09617834394905e-08 -0.000973126904255989 -0.000998370173234658 -285499.534843684 283743.381307905 1.35497569222804e-16 4.51658564076014e-17
4.11353503184714e-08 -0.00102143692156834 -0.000947932221678539 -271173.692168321 297449.895338748 1.35490310748658e-16 4.51634369162193e-17
4.13089171974523e-08 -0.00106720190847407 -0.000895179484141957 -256173.312910611 310416.511504805 1.35466530810034e-16 4.51555102700113e-17
4.14824840764332e-08 -0.0011103080259145 -0.000840243181507744 -240535.710072702 322610.975729793 1.35426465867385e-16 4.51421552891283e-17
4.16560509554141e-08 -0.00115064804869052 -0.000783259966212682 -224299.781731653 334002.954642667 1.35370514314274e-16 4.51235047714246e-17
4.1829617834395e-08 -0.00118812163218211 -0.000724371582328582 -207505.914281611 344564.111030993 1.3529923251587e-16 4.50997441719566e-17
4.20031847133758e-08 -0.00122263556195269 -0.00066372451297808 -190195.881973846 354268.174328924 1.35213329276623e-16 4.50711097588743e-17
4.21767515923567e-08 -0.00125410398561722 -0.000601469615962173 -172412.743004527 363091.005964463 1.35113658792128e-16 4.50378862640427e-17
4.23503184713376e-08 -0.00128244862639751 -0.000537761748505881 -154200.732408726 371010.659403452 1.35001212155267e-16 4.50004040517556e-17
4.25238853503185e-08 -0.00130759897783341 -0.000472759382055453 -135605.152027069 378007.434740929 1.3487710750108e-16 4.49590358336933e-17
4.26974522292994e-08 -0.00132949247916558 -0.000406624208085306 -116672.257818745 384063.927704061 1.34742578888375e-16 4.49141929627917e-17
4.28710191082803e-08 -0.00134807467095345 -0.000339520735895242 -97449.1448011599 389165.072944761 1.34598964028622e-16 4.48663213428741e-17
4.30445859872612e-08 -0.00136329933054158 -0.000271615883398396 -77983.6299024736 393298.181514299 1.34447690984159e-16 4.48158969947197e-17
4.32181528662421e-08 -0.0013751285870371 -0.000203078561917849 -58324.1330183932 396452.97242669 1.34290263967975e-16 4.47634213226582e-17
4.3391719745223e-08 -0.00138353301551245 -0.000134079256024668 -38519.5565691086 398621.598232342 1.34128248386276e-16 4.47094161287586e-17
4.35652866242039e-08 -0.00138849171019902 -6.47895994625617e-05 -18619.1638559604 399798.664538355 1.33963255272563e-16 4.46544184241877e-17
4.37388535031848e-08 -0.00138999233648965 4.61805178601699e-06 1327.54347957296 399981.243426919 1.33796925268008e-16 4.45989750893361e-17
4.39124203821657e-08 -0.00138803116162058 7.39710482303018e-05 21270.9485897523 399168.880738418 1.33630912307416e-16 4.45436374358054e-17
4.40859872611466e-08 -0.0013826130639566 0.000143096876331745 41161.4428410268 397363.597201145 1.33466867173004e-16 4.44889557243348e-17
4.42595541401274e-08 -0.00137375152085628 0.000211823587626368 60949.5492140507 394569.883404792 1.33306421079527e-16 4.44354736931755e-17
4.44331210191083e-08 -0.0013614685751474 0.000279980226441511 80586.0453763138 390794.688630249 1.33151169453973e-16 4.43837231513242e-17
4.46066878980892e-08 -0.0013457947802961 0.000347397255143036 100022.086121245 386047.403563464 1.33002656071128e-16 4.4334218690376e-17
4.47802547770701e-08 -0.001326769124406 0.000413906975855205 119209.324869227 380339.836936393 1.32862357702749e-16 4.42874525675829e-17
4.4953821656051e-08 -0.00130443893323647 0.000479343947604215 138100.033928292 373686.186153126 1.32731669432995e-16 4.42438898109983e-17
4.51273885350319e-08 -0.00127885975248117 0.000543545397847755 156647.22321535 366103.001974261 1.32611890786138e-16 4.42039635953794e-17
4.53009554140128e-08 -0.00125009520959979 0.000606351627366909 174804.757142638 357609.147347373 1.32504212804489e-16 4.41680709348297e-17
4.54745222929937e-08 -0.00121821685554659 0.000667606407513276 192527.469378639 348225.75048599 1.32409706205037e-16 4.41365687350122e-17
4.56480891719746e-08 -0.00118330398678954 0.000727157368823128 209771.275198004 337976.152313779 1.32329310732565e-16 4.41097702441883e-17
4.58216560509555e-08 -0.00114544344806266 0.000784856380031976 226493.281141003 326885.848404689 1.32263825815117e-16 4.40879419383724e-17
4.59952229299364e-08 -0.00110472941634234 0.000840559916546728 242651.891709755 314982.425563458 1.32213902614728e-16 4.40713008715761e-17
4.61687898089173e-08 -0.0010612631665848 0.000894129417458894 258206.912835794 302295.493204249 1.32180037552468e-16 4.40600125174893e-17
4.63423566878981e-08 -0.00101515281980771 0.00094543163021077 273119.651861641 288856.609698103 1.3216256737218e-16 4.40541891240599e-17
4.6515923566879e-08 -0.000966513074142289 0.000994338942057256 287353.013787647 274699.20387242 1.32161665792006e-16 4.40538885973353e-17
4.66894904458599e-08 -0.00091546491952507 0.00104072969749881 300871.593544712 259858.491857734 1.32177341776984e-16 4.40591139256613e-17
4.68630573248408e-08 -0.00086213533673902 0.0010844885008959 313641.764063359 244371.389488621 1.32209439449903e-16 4.40698131499677e-17
4.70366242038217e-08 -0.00080665698155256 0.00112550650351232 325631.759920071 228276.420476653 1.322576396413e-16 4.40858798804333e-17
4.72101910828026e-08 -0.00074916785474225 0.00116368167427313 336811.756352858 211613.620583793 1.3232146306318e-16 4.41071543543933e-17
4.73837579617835e-08 -0.000689810958819914 0.00119891905356406 347153.943449466 194424.438034616 1.32400275074913e-16 4.41334250249712e-17
4.75573248407644e-08 -0.000628733942318101 0.00123113098944067 356632.595323721 176751.630415071 1.32493291993908e-16 4.41644306646358e-17
4.77308917197453e-08 -0.0005660887325187 0.00126023735566001 365224.134107913 158639.158314245 1.32599588888306e-16 4.41998629627686e-17
4.79044585987262e-08 -0.000502031157538297 0.00128616575099232 372907.188602046 140132.075973685 1.3271810877423e-16 4.42393695914099e-17
4.80780254777071e-08 -0.000436720558710322 0.00130885167931693 379662.647434075 121276.419216306 1.32847673126103e-16 4.4282557708701e-17
4.8251592356688e-08 -0.000370319394228163 0.00132823871005447 385473.706598874 102119.090933627 1.32986993595551e-16 4.43289978651835e-17
4.84251592356689e-08 -0.000302992835035195 0.00134427861853626 390325.911257711 82707.7444162146 1.33134684822341e-16 4.43782282741136e-17
4.85987261146497e-08 -0.000234908353966913 0.0013569315059618 394207.191694231 63090.664817521 1.33289278209987e-16 4.44297594033289e-17
4.87722929936306e-08 -0.000166235309167183 0.00136616589864581 397107.893337521 43316.6490459865 1.33449236529019e-16 4.44830788430065e-17
4.89458598726115e-08 -9.71445228148386e-05 0.00137195882630814 399020.80077757 23434.8843841648 1.3361296920273e-16 4.45376564009099e-17
4.91194267515924e-08 -2.78078562085369e-05 0.00137429587921164 399941.155713393 3494.82613680467 1.33778848123377e-16 4.45929493744591e-17
4.92929936305733e-08 4.16022177331657e-05 0.00137317124400594 399866.668789161 -16453.925387766 1.33945223841597e-16 4.46484079471991e-17
4.94665605095542e-08 0.000110913043493125 0.00136858771818805 398797.525288905 -36361.7482569479 1.34110441968022e-16 4.47034806560072e-17
4.96401273885351e-08 0.00017995221243113 0.0013605567031436 396736.384675632 -56179.122346968 1.34272859624022e-16 4.47576198746739e-17
4.9813694267516e-08 0.000248547991645324 0.00134909817578628 393688.373975988 -75856.7525227309 1.34430861777992e-16 4.48102872593305e-17
4.99872611464969e-08 0.000316529751152742 0.00133424063886581 389661.075026926 -95345.6912580169 1.34582877304731e-16 4.4860959101577e-17
5.01608280254778e-08 0.000383728388326382 0.00131602105006825 384664.505616114 -114597.460391014 1.34727394608233e-16 4.49091315360777e-17
5.03343949044587e-08 0.000449976748533007 0.00129448473008476 378711.094562981 -133564.17171232 1.34862976652535e-16 4.4954325550845e-17
5.05079617834396e-08 0.000515110040925384 0.00126968524987778 371815.650802394 -152198.646085452 1.34988275251164e-16 4.49960917503882e-17
5.06815286624204e-08 0.000578966248354667 0.00124168429742483 363995.32654787 -170454.530803565 1.35102044473095e-16 4.50340148243649e-17
5.08550955414013e-08 0.000641386530383286 0.00121055152427145 355269.574625946 -188286.414890442 1.35203153031902e-16 4.50677176773008e-17
5.10286624203822e-08 0.000702215618395869 0.00117636437227505 345660.10008785 -205649.942058965 1.35290595534935e-16 4.50968651783115e-17
5.12022292993631e-08 0.000761302201825349 0.00113920788097055 335190.806218819 -222501.921046073 1.35363502480626e-16 4.51211674935421e-17
5.1375796178344e-08 0.000818499304533553 0.00109917447603707 323887.735079386 -238800.433049758 1.35421148904559e-16 4.51403829681863e-17
5.15493630573249e-08 0.000873664650410021 0.00105636373939176 311779.002726515 -254504.936000852 1.35462961588285e-16 4.51543205294284e-17
5.17229299363058e-08 0.000926661017279643 0.00101088216148268 298894.729275741 -269576.365410232 1.35488524759238e-16 4.51628415864127e-17
5.18964968152867e-08 0.000977356578238788 0.000962842876396976 285266.963978264 -283977.231540588 1.35497584225048e-16 4.51658614083492e-17
5.20700636942676e-08 0.00102562522957085 0.000912365380443172 270929.605499384 -297671.712661041 1.3549004990115e-16 4.51633499670499e-17
5.22436305732485e-08 0.00107134690442551 0.000859575234907589 255918.317596566 -310625.744152644 1.35465996706562e-16 4.51553322355207e-17
5.24171974522294e-08 0.00111440787148154 0.000804603753724358 240270.440406891 -322807.103243121 1.35425663818912e-16 4.51418879396372e-17
5.25907643312103e-08 0.00115470101785008 0.000747587676835865 224024.897564567 -334185.489160065 1.35369452296124e-16 4.51231507653748e-17
5.27643312101912e-08 0.00119212611551482 0.00068866883005617 207222.09937953 -344732.598503218 1.35297921088428e-16 4.50993070294761e-17
5.2937898089172e-08 0.00122659007064621 0.000627993772283462 189903.84231799 -354422.195648344 1.35211781480324e-16 4.50705938267745e-17
5.31114649681529e-08 0.00125800715516968 0.000565713430939119 172113.205034948 -363230.178007578 1.35111890017785e-16 4.50372966725951e-17
5.32850318471338e-08 0.00128629922001163 0.000501982726540177 153894.441217313 -371134.635983899 1.34999239991033e-16 4.49997466636776e-17
5.34585987261147e-08 0.00131139588949303 0.000436960187339109 135292.869504151 -378115.90747061 1.34874951557554e-16 4.49583171858513e-17
5.36321656050956e-08 0.00133323473638679 0.000370807554989456 116354.760757911 -384156.626760252 1.34740260603602e-16 4.49134202012005e-17
5.38057324840765e-08 0.00135176143720369 0.000303689382218224 97127.2229670091 -389241.767741286 1.34596506454917e-16 4.48655021516391e-17
5.39792993630574e-08 0.00136692990732041 0.000235772623505814 77658.0840660989 -393358.681275109 1.34445118558886e-16 4.48150395196286e-17
5.41528662420383e-08 0.00137870241561376 0.000167226219791665 57995.7729654862 -396497.126660409 1.34287602270545e-16 4.47625340901817e-17
5.43264331210192e-08 0.00138704967831565 9.8220678238635e-05 38189.1990856418 -398649.297106612 1.34125523883797e-16 4.47085079612656e-17
5.45000000000001e-08 0.00139195093185565 2.89276481014516e-05 18287.630696456 -399809.839153042 1.33960495056656e-16 4.46534983522186e-17
5.4673566878981e-08 0.00139339398450978 -4.04805062457624e-05 -1659.42763613309 -399975.865985497 1.33794156785417e-16 4.45980522618057e-17
5.48471337579619e-08 0.00139137524672698 -0.000109831134060798 -21602.3581912915 -399146.964617116 1.33628163087088e-16 4.45427210290292e-17
5.50207006369427e-08 0.00138589974005812 -0.000178951727697003 -41491.5535159102 -397325.196915668 1.33464164552346e-16 4.4488054850782e-17
5.51942675159236e-08 0.00137698108466497 -0.000247670351710978 -61277.5398216851 -394515.094474721 1.33303791932574e-16 4.44345973108579e-17
5.53678343949045e-08 0.00136464146544046 -0.000315816070546934 -80911.1000497109 -390723.647341436 1.3314863992416e-16 4.438287997472e-17
5.55414012738854e-08 0.00134891157682443 -0.000383219373733861 -100343.396296467 -385960.286629025 1.33000251311328e-16 4.4333417103776e-17
5.57149681528663e-08 0.0013298305464521 -0.000449712597537836 -119526.091296664 -380236.86105714 1.32860101625159e-16 4.42867005417198e-17
5.58885350318472e-08 0.00130744583782522 -0.000515130342020629 -138411.468660775 -373567.60747853 1.32729584471363e-16 4.42431948237876e-17
5.60621019108281e-08 0.00128181313224803 -0.000579309882467186 -156952.551568142 -365969.115465286 1.32609997672686e-16 4.42033325575619e-17
5.6235668789809e-08 0.00125299619032163 -0.00064209157415857 -175103.219620444 -357460.286042772 1.32502530363759e-16 4.41675101212529e-17
5.64092356687899e-08 0.00122106669334138 -0.000703319249483502 -192818.323564825 -348062.284673879 1.32408251166705e-16 4.41360837222352e-17
5.65828025477708e-08 0.00118610406499177 -0.000762840606400703 -210053.797601336 -337798.488610558 1.3232809756509e-16 4.410936585503e-17
5.67563694267517e-08 0.00114819527378235 -0.000820507587285736 -226766.768995316 -326694.428743592 1.32262866581866e-16 4.40876221939553e-17
5.69299363057326e-08 0.00110743461671611 -0.00087617674722 -242915.664722054 -314777.726095262 1.32213206854023e-16 4.40710689513411e-17
5.71035031847135e-08 0.00106392348472849 -0.000929709610805737 -258460.314878472 -302078.02311286 1.32179612182741e-16 4.40598707275804e-17
5.72770700636943e-08 0.00101777011048036 -0.000980973016619515 -273362.052604571 -288626.909933976 1.32162416623178e-16 4.40541388743928e-17
5.74506369426752e-08 0.000969089299132503 -0.00102983944844735 -287583.81026611 -274457.845806962 1.32161791162732e-16 4.40539303875772e-17
5.76242038216561e-08 0.000918002142771145 -0.00107618735247754 -301090.211659259 -259606.075862031 1.32177742020788e-16 4.40592473402628e-17
5.7797770700637e-08 0.000864635719194938 -0.0011199014396622 -313847.660007859 -244108.543440039 1.32210110586885e-16 4.40700368622948e-17
5.79713375796179e-08 0.000809122775812686 -0.00116087297249535 -325824.42153442 -228003.798197006 1.32258574997876e-16 4.40861916659588e-17
5.81449044585988e-08 0.000751601399438068 -0.0011990000354943 -336990.704396957 -211331.90021298 1.32322653338451e-16 4.41075511128172e-17
5.83184713375797e-08 0.000692214672802751 -0.00123418778871141 -347318.73279532 -194134.320343774 1.32401708433146e-16 4.41339028110487e-17
5.84920382165606e-08 0.000631110318642304 -0.00126634870364563 -356782.816062679 -176453.837063421 1.32494954182224e-16 4.41649847274081e-17
5.86656050955415e-08 0.000568440332240237 -0.00129540278096713 -365359.412570306 -158334.430053989 1.32601463378413e-16 4.42004877928044e-17
5.88391719745224e-08 0.000504360603344209 -0.00132127774951322 -373027.188286679 -139821.170807408 1.3272017692677e-16 4.42400589755902e-17
5.90127388535033e-08 0.000439030528394861 -0.0013439092460608 -379767.069845261 -120960.110511462 1.32849914375999e-16 4.42833047919997e-17
5.91863057324842e-08 0.000372612614031861 -0.00136324097542793 -385562.291988937 -101798.165498815 1.32989385656497e-16 4.43297952188323e-17
5.9359872611465e-08 0.00030527207286342 -0.00137922485050649 -390398.4392731 -82383.0005440138 1.33137203908414e-16 4.43790679694712e-17
5.95334394904459e-08 0.000237176412504786 -0.0013918211118774 -394263.481923641 -62762.9102987603 1.33291899272163e-16 4.44306330907209e-17
5.97070063694268e-08 0.00016849501890798 -0.00140099842671104 -397147.805760661 -42986.69916039 1.33451933504256e-16 4.44839778347521e-17
5.98805732484077e-08 9.93987350192219e-05 -0.00140673396670671 -399044.236113463 -23103.5598723671 1.33615715273129e-16 4.45385717577096e-17
6.00541401273886e-08 3.00594358121307e-05 -0.00140901346487741 -399948.055667331 -3162.95115878243 1.33781615982852e-16 4.45938719942841e-17
6.02277070063695e-08 -3.93503992462207e-05 -0.00140783125103848 -399857.016197709 16785.5253027674 1.33947985967399e-16 4.46493286557996e-17
6.04012738853504e-08 -0.000108658115232904 -0.00140319026591207 -398771.344162602 36692.2482638944 1.34113170894413e-16 4.47043902981377e-17
6.05748407643313e-08 -0.000177691311243177 -0.00139510205381217 -396693.74013926 56507.7003368144 1.34275528215392e-16 4.47585094051307e-17
6.07484076433121e-08 -0.000246278269232664 -0.00138358673392845 -393629.372106576 76182.5911673929 1.34433443498683e-16 4.48111478328942e-17
6.0921974522293e-08 -0.00031424838116094 -0.00136867295028037 -389585.862589889 95667.980043451 1.345853464829e-16 4.48617821609667e-17
6.10955414012739e-08 -0.000381432573374011 -0.00135039780046606 -384573.269700176 114915.397633347 1.34729726691126e-16 4.4909908897042e-17
6.12691082802548e-08 -0.000447663727170056 -0.0013288067433831 -378604.062114799 133876.966552014 1.34865148450631e-16 4.49550494835437e-17
6.14426751592357e-08 -0.000512777094502281 -0.00130395348615084 -371693.088062035 152505.520454545 1.34990265168766e-16 4.49967550562555e-17
6.16162420382166e-08 -0.000576610707784841 -0.00127589985051557 -363857.538386544 170754.72136109 1.35103832723069e-16 4.50346109076897e-17
6.17898089171975e-08 -0.000639005782782442 -0.00124471561907069 -355116.903787653 188579.174921218 1.35204721832437e-16 4.50682406108124e-17
6.19633757961783e-08 -0.00069980711358146 -0.00121047836167459 -345492.926336808 205934.543331028 1.35291929286356e-16 4.50973097621186e-17
6.21369426751592e-08 -0.00075886345866008 -0.00117327324249792 -335009.545394816 222777.65562213 1.35364587920517e-16 4.5121529306839e-17
6.23105095541401e-08 -0.000816027917097138 -0.0011331928081802 -323692.83806339 239066.615048162 1.35421975239636e-16 4.51406584132121e-17
6.2484076433121e-08 -0.000871158293983837 -0.00109033675762277 -311570.954319121 254760.903301712 1.35463520601725e-16 4.51545068672417e-17
6.26576433121019e-08 -0.000924117454129402 -0.00104481169399072 -298674.046991241 269821.481302418 1.35488810892382e-16 4.51629369641273e-17
6.28312101910828e-08 -0.000974773663180832 -0.000996730859540667 -285034.19675735 284210.886305528 1.35497594632674e-16 4.51658648775581e-17
6.30047770700637e-08 -0.00102300091530823 -0.000946213853933943 -270685.332343671 297893.32508938 1.35489784479769e-16 4.51632614932563e-17
6.31783439490445e-08 -0.00106867924664059 -0.000893386336735973 -255663.146128342 310834.762989985 1.35465458095443e-16 4.51551526984811e-17
6.33519108280254e-08 -0.00111169503367242 -0.000838379714841797 -240005.005357678 323003.008561256 1.35424857373839e-16 4.51416191246131e-17
6.35254777070063e-08 -0.00115194127589884 -0.000781330815605286 -223749.859196242 334367.793650277 1.35368386036142e-16 4.51227953453808e-17
6.36990445859872e-08 -0.0011893178619762 -0.000722381546485126 -206938.141841943 344900.84868845 1.352966056161e-16 4.50988685387001e-17
6.38726114649681e-08 -0.00122373181874611 -0.000661678542054184 -189611.671947163 354575.973011211 1.35210229876305e-16 4.5070076625435e-17
6.4046178343949e-08 -0.00125509754250345 -0.000599372799250326 -171813.548596084 363369.100031412 1.35110117710753e-16 4.50367059035844e-17
6.42197452229299e-08 -0.00128333701193302 -0.000535619301775973 -153588.044096988 371258.357104253 1.34997264604267e-16 4.49990882014223e-17
6.43933121019107e-08 -0.00130837998218533 -0.000470576634580701 -134980.49385619 378224.119934837 1.34872792733698e-16 4.49575975778993e-17
6.45668789808916e-08 -0.00133016415960853 -0.000404406589385847 -116037.183607548 384249.061393029 1.34737939809341e-16 4.49126466031136e-17
6.47404458598725e-08 -0.00134863535670211 -0.000337273762232355 -96805.2342780651 389318.194614184 1.34594046767522e-16 4.48646822558406e-17
6.49140127388534e-08 -0.00136374762690664 -0.000269345144052971 -77332.4847759653 393418.91027853 1.34442544436736e-16 4.4814181478912e-17
6.50875796178343e-08 -0.00137546337889453 -0.00020078970528721 -57667.3729928194 396541.007976479 1.34284939309927e-16 4.47616464366422e-17
6.52611464968152e-08 -0.00138375347007736 -0.000131777975572355 -37858.8153157134 398676.721581848 1.34122798564377e-16 4.4707599521459e-17
6.5434713375796e-08 -0.00138859727909716 -6.24816195560039e-05 -17956.0849491751 399820.738569868 1.3395773447818e-16 4.46525781593932e-17
6.56082802547769e-08 -0.00138998275712149 6.92699011469385e-06 1991.310650473 399970.213231934 1.33791388398234e-16 4.45971294660781e-17
6.57818471337578e-08 -0.00138790645781452 7.62752015649255e-05 21933.752923455 399124.773754222 1.33625414419195e-16 4.45418048063984e-17
6.59554140127387e-08 -0.00138237354590969 0.000145390513158675 41821.6356312494 397286.523142562 1.33461462935659e-16 4.44871543118863e-17
6.61289808917196e-08 -0.00137339778436262 0.000214101002591468 61605.4882506479 394460.033991277 1.33301164231144e-16 4.44337214103813e-17
6.63025477707005e-08 -0.00136100150011611 0.000282235754542049 81236.0990302274 390652.337108986 1.33146112267049e-16 4.43820374223495e-17
6.64761146496814e-08 -0.00134521552856258 0.000349625285819209 100664.637403133 385872.904029674 1.32997848832786e-16 4.43326162775953e-17
6.66496815286622e-08 -0.0013260791368419 0.000416101966946248 119842.775451677 380133.623452535 1.328578482147e-16 4.42859494049e-17
6.68232484076431e-08 -0.00130363992616555 0.000481500439134358 138722.808121614 373448.771669174 1.32727502536212e-16 4.42425008454041e-17
6.6996815286624e-08 -0.00127795371341002 0.000545658025607751 157257.771887058 365834.97705176 1.32608107914971e-16 4.42027026383238e-17
6.71703821656049e-08 -0.00124908439227394 0.000608415136257353 175401.561570871 357311.178690434 1.32500851574655e-16 4.41669505248849e-17
6.73439490445858e-08 -0.00121710377434442 0.000669615664616502 193109.045029938 347898.579282881 1.32406800039579e-16 4.41356000131929e-17
6.75175159235667e-08 -0.00118209141046779 0.000729107376171197 210336.175420043 337620.592393245 1.32326888529505e-16 4.41089628431685e-17
6.76910828025476e-08 -0.00114413439286926 0.000786742287038972 227040.100761099 326502.784211571 1.32261911660104e-16 4.40873038867015e-17
6.78646496815284e-08 -0.00110332713851357 0.000842377032074447 243179.270530186 314572.80995867 1.32212515541536e-16 4.40708385138452e-17
6.80382165605093e-08 -0.00105977115424552 0.000895873221485913 258713.53901726 301860.345094557 1.32179191353728e-16 4.40597304512425e-17
6.82117834394902e-08 -0.00101357478429472 0.000947097785075869 273604.265186417 288397.011501631 1.32162270462234e-16 4.4054090154078e-17
6.83853503184711e-08 -0.000964852940772507 0.00099592330324922 287814.408794344 274216.298826162 1.32161921123237e-16 4.40539737077455e-17
6.8558917197452e-08 -0.000913726817831419 0.00104222832396578 301308.622526823 259353.481173786 1.32178146810455e-16 4.40593822701517e-17
6.87324840764329e-08 -0.000860323590198333 0.00108589766484863 314053.339924146 243845.529366205 1.32210786180608e-16 4.40702620602026e-17
6.89060509554138e-08 -0.000804776096831063 0.00112682269969691 326016.858876689 227731.018977354 1.32259514677759e-16 4.40865048925862e-17
6.90796178343946e-08 -0.00074722251048536 0.00116490162869031 337169.42048298 211050.034377796 1.32323847760603e-16 4.41079492535342e-17
6.92531847133755e-08 -0.000687805994014245 0.0012000397316131 347483.283074089 193844.06902603 1.32403145720597e-16 4.41343819068656e-17
6.94267515923564e-08 -0.000626674344254627 0.00123214960346788 356932.791220217 176155.922254734 1.32496620043027e-16 4.41655400143423e-17
6.96003184713373e-08 -0.000563979624387019 0.00126115137189297 365494.439547819 158029.592808681 1.32603341247756e-16 4.42011137492521e-17
6.97738853503182e-08 -0.000499877785682845 0.00128697289584253 373146.931208534 139510.169399159 1.32722248131694e-16 4.42407493772314e-17
6.99474522292991e-08 -0.000434528279580245 0.00130954994503532 379871.230854462 120643.718547127 1.32852158321074e-16 4.42840527736913e-17
7.012101910828e-08 -0.000368093661053308 0.0013288263597256 385650.611988037 101477.169994099 1.32991780028618e-16 4.43305933428725e-17
7.02945859872608e-08 -0.000300739184261362 0.00134475419039887 390470.6985687 82058.1999657908 1.33139724898675e-16 4.43799082995582e-17
7.04681528662417e-08 -0.000232632391484108 0.00135729381704487 394319.500772868 62435.1125789149 1.33294521812606e-16 4.44315072708688e-17
7.06417197452226e-08 -0.000163942696365131 0.00136641404771118 397187.444818276 42656.7196861077 1.3345463151714e-16 4.44848771723801e-17
7.08152866242035e-08 -9.48409625004449e-05 0.00137209219609231 399067.396778476 22772.2194578834 1.33618461930237e-16 4.45394873100789e-17
7.09888535031844e-08 -2.54990784203213e-05 0.00137431413796118 399954.680328269 2831.07400363161 1.33784383972264e-16 4.45947946574214e-17
7.11624203821653e-08 4.39104699783705e-05 0.00137307434630277 399847.088375923 -17117.1136639246 1.33950747765072e-16 4.46502492550241e-17
7.13359872611462e-08 0.000113215028485759 0.00136837590506234 398744.888553257 -37022.7230147635 1.34115899037875e-16 4.47052996792918e-17
7.1509554140127e-08 0.000182242204051241 0.00136023050147428 396650.822549905 -56836.2394311741 1.34278195576817e-16 4.47593985256056e-17
7.16831210191079e-08 0.000250820293606118 0.0013486583969904 393570.099293453 -76508.3773739103 1.34436023554642e-16 4.48120078515474e-17
7.18566878980888e-08 0.000318778711169936 0.00133368837688019 389510.381992376 -95990.2029785209 1.34587813578105e-16 4.4862604526035e-17
7.20302547770697e-08 0.000385948412178088 0.00131535767862833 384481.76907404 -115233.255776897 1.34732056293535e-16 4.49106854311782e-17
7.22038216560506e-08 0.0004521623139752 0.00129371189930749 378496.769065155 -134189.669241262 1.34867317395388e-16 4.49557724651294e-17
7.23773885350315e-08 0.000517255711428318 0.00126880488215698 371570.269477189 -152812.28985075 1.34992251888547e-16 4.49974172961823e-17
7.25509554140123e-08 0.000581066686626082 0.00124069858264932 363719.499774112 -171054.794384404 1.35105617462538e-16 4.50352058208459e-17
7.27245222929932e-08 0.00064343651164477 0.00120946291437772 354963.988514623 -188871.805148822 1.3520628684469e-16 4.50687622815632e-17
7.28980891719741e-08 0.000704210043379336 0.00117517557514819 345325.514775423 -206219.002853838 1.35293259009388e-16 4.50977530031292e-17
7.3071656050955e-08 0.000763236109457321 0.00113792185370845 334828.053976412 -223053.236855452 1.35365669131968e-16 4.51218897106561e-17
7.32452229299359e-08 0.000820367884275685 0.00109779441759472 323497.71824253 -239332.632491784 1.3542279718827e-16 4.51409323960901e-17
7.34187898089168e-08 0.00087546325422517 0.00105489308262393 311362.69145062 -255016.695245068 1.35464075114335e-16 4.51546917047785e-17
7.35923566878977e-08 0.000928385171193728 0.00100932456460481 298453.159122858 -270066.411470573 1.35489092455064e-16 4.51630308183548e-17
7.37659235668785e-08 0.000979001993469666 0.000961202213885499 284801.23334116 -284444.345441894 1.35497600445655e-16 4.51658668152185e-17
7.39394904458594e-08 0.00102718781319653 0.000910645733397816 270440.872869319 -298114.732471223 1.35489514485246e-16 4.51631714950821e-17
7.41130573248403e-08 0.0010728227695652 0.000857780880899794 255407.79868158 -311043.567872957 1.3546491497816e-16 4.51549716593868e-17
7.42866242038212e-08 0.00111579334696412 0.000802739156156934 239739.405107768 -323198.691549351 1.35424046534388e-16 4.51413488447961e-17
7.44601910828021e-08 0.00115599265734603 0.000745657473840412 223474.666815991 -334549.867987819 1.35367315537263e-16 4.5122438512421e-17
7.4633757961783e-08 0.00119332070610889 0.00068667782295586 206654.041864304 -345068.861470881 1.35295286102507e-16 4.50984287008357e-17
7.48073248407639e-08 0.00122768464082945 0.000625946913649889 189319.371062472 -354729.506311676 1.35208674468838e-16 4.50695581562795e-17
7.49808917197447e-08 0.00125899898223094 0.000563615812272923 171513.773894194 -363507.771940343 1.3510834187591e-16 4.50361139586368e-17
7.51544585987256e-08 0.00128718583681029 0.000499839565606086 153281.541258651 -371381.822679355 1.34995286000408e-16 4.49984286668026e-17
7.53280254777065e-08 0.00131217509059588 0.000434776815186902 134668.0252982 -378332.072059124 1.34870631035455e-16 4.49568770118184e-17
7.55015923566874e-08 0.001333904583554 0.000368589402693136 115719.526586253 -384341.231538768 1.34735616511982e-16 4.49118721706607e-17
7.56751592356683e-08 0.00135232026421014 0.000301441967366378 96483.1789559598 -389394.353510849 1.34591584973207e-16 4.48638616577357e-17
7.58487261146492e-08 0.00136737632410036 0.000233501536476775 77006.8322561901 -393478.868483105 1.34439968624797e-16 4.48133228749323e-17
7.60222929936301e-08 0.0013790353117186 0.000164937109847611 57338.9333264378 -396584.616344694 1.34282275093451e-16 4.47607583644836e-17
7.61958598726109e-08 0.00138726822567611 9.59192394732153e-05 37528.405486734 -398703.87163917 1.3412007243552e-16 4.470669081184e-17
7.63694267515918e-08 0.00139205458684161 2.66196052758949e-05 17624.5268423281 -399831.362781328 1.33954973544735e-16 4.46516578482449e-17
7.65429936305727e-08 0.0013933824892825 -4.27894119428215e-05 -2323.19229415006 -399964.28517012 1.33788620114081e-16 4.45962067046938e-17
7.67165605095536e-08 0.00139124862988051 -0.000112135159294358 -22265.1325581362 -399102.308165012 1.33622666311307e-16 4.45408887704357e-17
7.68901273885345e-08 0.00138565831654814 -0.00018124514127207 -42151.6889598414 -397247.575908448 1.33458762330382e-16 4.44862541101272e-17
7.70636942675154e-08 0.00137662545502535 -0.000249947448828749 -61933.3942752049 -394404.701992359 1.33298537982472e-16 4.44328459941574e-17
7.72372611464963e-08 0.00136417251428947 -0.000318071186995312 -81561.0420941588 -390580.757981983 1.33143586489598e-16 4.43811954965326e-17
7.74108280254771e-08 0.00134833047066427 -0.000385446899977017 -100985.809220126 -385785.255825559 1.32995448642116e-16 4.43318162140387e-17
7.7584394904458e-08 0.00132913873076724 -0.000451906992669766 -120159.377116285 -380030.124193637 1.32855597477575e-16 4.42851991591916e-17
7.77579617834389e-08 0.00130664503348683 -0.000517286147547993 -139034.052096509 -373329.678806856 1.32725423633275e-16 4.42418078777583e-17
7.79315286624198e-08 0.00128090533123334 -0.000581421735887151 -157562.883962008 -365700.586826013 1.32606221518198e-16 4.42020738393993e-17
7.81050955414007e-08 0.00125198365075897 -0.000644154222297877 -175699.782788565 -357161.825392992 1.32499176441799e-16 4.41663921472664e-17
7.82786624203816e-08 0.00121995193389312 -0.00070532756156558 -193399.63357387 -347734.634425677 1.32405352827651e-16 4.4135117609217e-17
7.84522292993625e-08 0.00118488985858925 -0.000764789586808324 -210618.408459757 -337442.463784289 1.32325683629139e-16 4.41085612097131e-17
7.86257961783433e-08 0.00114688464072827 -0.000822392387987469 -227313.276250211 -326310.914940539 1.32260961052461e-16 4.40869870174872e-17
7.87993630573242e-08 0.00110603081717165 -0.000877992679829542 -243442.708952704 -314367.677294727 1.32211828679168e-16 4.40706095597227e-17
7.89729299363051e-08 0.00106243001060371 -0.00093145215824414 -258966.585077856 -301642.459299173 1.32178775066585e-16 4.40595916888617e-17
7.9146496815286e-08 0.00101619067674822 -0.000982637844351286 -273846.28944046 -288166.914559311 1.32162128889749e-16 4.40540429632497e-17
7.93200636942669e-08 0.000967427834587953 -0.00103142241526248 -288044.80921362 -273974.563096282 1.32162055673163e-16 4.40540185577209e-17
7.94936305732478e-08 0.000916262780258363 -0.00107768452079264 -301526.825997069 -259100.707966863 1.32178556144869e-16 4.40595187149563e-17
7.96671974522286e-08 0.000862822785327009 -0.00112130908531512 -314258.803670647 -243582.347448156 1.32211466229213e-16 4.4070488743071e-17
7.98407643312095e-08 0.000807240780209276 -0.00116218759400895 -326209.071814419 -227458.083005458 1.32260458678359e-16 4.4086819559453e-17
8.00143312101904e-08 0.000749655023507879 -0.00120021836278623 -337347.904487911 -210768.023272254 1.32325046326345e-16 4.41083487754482e-17
8.01878980891713e-08 0.000690208758098655 -0.00123530679122837 -347647.594172509 -193553.684281172 1.32404586933308e-16 4.41348623111027e-17
8.03614649681522e-08 0.00062904985481812 -0.00126736559790178 -357082.520693102 -175857.88619407 1.32498289571728e-16 4.41660965239094e-17
8.05350318471331e-08 0.000566330444639118 -0.00129631503746791 -365629.214947511 -157724.646788145 1.32605222491164e-16 4.4201740830388e-17
8.0708598726114e-08 0.000502206540249497 -0.00132208309904743 -373266.417285189 -139199.071963008 1.32724322383298e-16 4.42414407944326e-17
8.08821656050948e-08 0.000436837647975139 -0.00134460568534516 -379975.13038998 -120327.243541081 1.32854404955148e-16 4.42848016517161e-17
8.10557324840757e-08 0.000370386371012667 -0.00136382677209021 -385738.666535381 -101156.104640425 1.3299417670532e-16 4.43313922351065e-17
8.12292993630566e-08 0.000303018004958777 -0.00137969854739472 -390542.689094772 -81733.342905113 1.33142247786182e-16 4.43807492620607e-17
8.14028662420375e-08 0.000234900126642299 -0.0013921815306845 -394375.248203352 -62107.2718836152 1.33297145824096e-16 4.44323819413653e-17
8.15764331210184e-08 0.000166202177281773 -0.00140124467090584 -397226.81048308 -42326.7108502719 1.33457330560243e-16 4.44857768534143e-17
8.17499999999993e-08 9.70950410053937e-05 -0.00140686542376402 -399090.282756666 -22440.8633687829 1.33621209166491e-16 4.45404030554969e-17
8.19235668789802e-08 2.77506197817741e-05 -0.00140902980780166 -399961.029691647 -2499.19489979077 1.33787152083991e-16 4.45957173613304e-17
8.2097133757961e-08 -4.16585941811468e-05 -0.00140773243917713 -399836.885330635 17448.6902429976 1.33953509227014e-16 4.4651169742338e-17
8.22707006369419e-08 -0.000110959947505397 -0.00140297654505672 -398718.158479077 37353.172282082 1.34118626390897e-16 4.47062087969656e-17
8.24442675159228e-08 -0.000179981055113171 -0.00139477395558715 -396607.631937108 57164.7394039061 1.34280861700952e-16 4.47602872336506e-17
8.26178343949037e-08 -0.000248550229029639 -0.00138314507446845 -393510.555577416 76834.1109180371 1.34438601938766e-16 4.4812867312922e-17
8.27914012738846e-08 -0.000316496905451733 -0.00136811882820031 -389434.633286343 96312.3598414331 1.34590278583553e-16 4.48634261945176e-17
8.29649681528655e-08 -0.000383652069020591 -0.00134973259412831 -384390.003800688 115551.034602875 1.34734383409045e-16 4.49114611363482e-17
8.31385350318464e-08 -0.000449848673242292 -0.00132803210746886 -378389.215487902 134502.279564824 1.34869483480834e-16 4.49564944936112e-17
8.33121019108272e-08 -0.000514922056011092 -0.00130307134754416 -371447.195132394 153118.954062912 1.34994235405035e-16 4.49980784683451e-17
8.34856687898081e-08 -0.00057871034920157 -0.00127491240351027 -363581.210805589 171354.749666958 1.35107398686587e-16 4.50357995621956e-17
8.3659235668789e-08 -0.000641054881310829 -0.00124362531991216 -354810.828912111 189164.305371828 1.3520784806435e-16 4.50692826881168e-17
8.38328025477699e-08 -0.000701800572149191 -0.00120928792244992 -345157.86551893 206503.320431595 1.35294584700369e-16 4.50981949001229e-17
8.40063694267508e-08 -0.000760796318597609 -0.00117198562438966 -334646.332088531 223328.664556348 1.35366746112003e-16 4.5122248704001e-17
8.41799363057317e-08 -0.000817895370472228 -0.00113181121410051 -323302.375751111 239598.485197516 1.35423614748198e-16 4.51412049160658e-17
8.43535031847126e-08 -0.000872955695561151 -0.00108886462424629 -311154.214264364 255272.311654851 1.35464625124589e-16 4.51548750415297e-17
8.45270700636934e-08 -0.000925840332925389 -0.00104325268320592 -298232.065822634 270311.155746107 1.3548936944651e-16 4.51631231488368e-17
8.47006369426743e-08 -0.000976417733585168 -0.000995088849341009 -284568.073890049 284677.608788993 1.35497601663975e-16 4.5165867221325e-17
8.48742038216552e-08 -0.00102456208774415 -0.000944492928771498 -270196.227244596 298335.934654172 1.35489239918325e-16 4.51630799727751e-17
8.50477707006361e-08 -0.00107015363773758 -0.00089159077736146 -255152.27543204 311252.158657833 1.35464367356208e-16 4.51547891187361e-17
8.5221337579617e-08 -0.001113078975926 -0.00083651398765634 -239473.639839978 323394.152072713 1.35423231302791e-16 4.51410771009302e-17
8.53949044585979e-08 -0.00115323132679335 -0.000779399561550378 -223199.320613237 334731.712047366 1.35366240802434e-16 4.5122080267478e-17
8.55684713375788e-08 -0.001190510812548 -0.000720389569498417 -206369.799642165 345236.636734862 1.35293962551282e-16 4.5097987517094e-17
8.57420382165596e-08 -0.00122482470156575 -0.000659630797119833 -189026.939865115 354882.795444058 1.35207115262207e-16 4.50690384207356e-17
8.59156050955405e-08 -0.00125608763905706 -0.000597274380073619 -171213.88113562 363646.193638919 1.35106562518147e-16 4.50355208393823e-17
8.60891719745214e-08 -0.00128422185938455 -0.000533475428112885 -152974.932913275 371505.032624221 1.34993304184903e-16 4.49977680616344e-17
8.62627388535023e-08 -0.00130915737950276 -0.000468392639253904 -134355.464045262 378439.763769167 1.34868466468778e-16 4.49561554895926e-17
8.64363057324832e-08 -0.00133083217303892 -0.000402187905019471 -115401.789912675 384433.137134027 1.34733290717923e-16 4.49110969059742e-17
8.66098726114641e-08 -0.00134919232458169 -0.000335025907738496 -96161.0572223708 389470.244378859 1.34589121078752e-16 4.4863040359584e-17
8.67834394904449e-08 -0.0013641921637942 -0.00026707371090356 -76681.1267309269 393538.555847564 1.34437391130161e-16 4.48124637100535e-17
8.69570063694258e-08 -0.00137579437901764 -0.000198500343605388 -57010.4541924134 396627.951735039 1.34279609628453e-16 4.4759869876151e-17
8.71305732484067e-08 -0.00138397011008295 -0.000129476380077962 -37197.9698261317 398730.747259893 1.34117345504732e-16 4.47057818349105e-17
8.73041401273876e-08 -0.00138869902009959 -6.01735154001268e-05 -17292.9566041334 399841.711780112 1.33952212263923e-16 4.46507374213078e-17
8.74777070063685e-08 -0.001389969346043 9.23586159086278e-06 2655.07233872319 399958.081804135 1.33785851940581e-16 4.45952839801935e-17
8.76512738853494e-08 -0.00138777792801478 7.85790971115077e-05 22596.4968672396 399079.567864948 1.33619918770989e-16 4.45399729236631e-17
8.78248407643303e-08 -0.0013821302171028 0.00014768370190327 42481.7132745036 397208.355240134 1.3345606274395e-16 4.44853542479832e-17
8.79984076433111e-08 -0.00137304026182181 0.000216377780294532 62261.2576696512 394349.098516053 1.33295913193789e-16 4.44319710645964e-17
8.8171974522292e-08 -0.0013605306731682 0.000284490457786018 81885.9290178402 390508.910009696 1.33141062598762e-16 4.43803541995872e-17
8.83455414012729e-08 -0.00134463256837575 0.00035185230609609 101306.911526377 385697.34207701 1.32993050745927e-16 4.43310169153091e-17
8.85191082802538e-08 -0.00132538549351247 0.000418295764608613 120475.896072564 379926.363351688 1.32853349419981e-16 4.42844498066603e-17
8.86926751592347e-08 -0.0013028373251109 0.000483655557175055 139345.200371223 373210.32897355 1.32723347768274e-16 4.42411159227582e-17
8.88662420382156e-08 -0.00127704415107665 0.000547769103234049 157867.887582977 365565.944880549 1.32604338487559e-16 4.42014461625198e-17
8.90398089171965e-08 -0.00124807013117141 0.000610476922225756 175997.883068254 357012.226253248 1.32497504969804e-16 4.41658349899348e-17
8.92133757961773e-08 -0.00121598733741738 0.000671623030295064 193690.088996601 347570.450215114 1.32403909534907e-16 4.41346365116358e-17
8.93869426751582e-08 -0.00118087557482025 0.000731055328296843 210900.496526212 337264.1029063 1.32324482867309e-16 4.41081609557698e-17
8.95605095541391e-08 -0.00114282218285665 0.00078862598013809 227586.295274622 326118.821062562 1.32260014761555e-16 4.40866715871848e-17
8.973407643312e-08 -0.00110192181821967 0.000844191780515864 243705.979808278 314162.328244633 1.32211146268812e-16 4.4070382089604e-17
8.99076433121009e-08 -0.00105827621936324 0.000897614511136265 259219.452886084 301424.365876682 1.3217836332246e-16 4.40594544408201e-17
9.00812101910818e-08 -0.0010119939534306 0.000948761284528372 274088.125200109 287936.619265398 1.32161991906114e-16 4.40539973020379e-17
9.02547770700627e-08 -0.000963190146196811 0.000997504874597921 288275.011365351 273732.638783714 1.3216219481214e-16 4.40540649373799e-17
9.04283439490435e-08 -0.000911986195696746 0.00104372403309847 301744.821919801 258847.756415252 1.32178970022903e-16 4.40596566743011e-17
9.06019108280244e-08 -0.000858509470251041 0.00108730379123284 314464.051105935 243318.997867046 1.32212150730827e-16 4.40707169102758e-17
9.07754777070053e-08 -0.000802892991641156 0.00112813574563463 326401.060215306 227184.990469185 1.32261406997079e-16 4.40871356656929e-17
9.09490445859862e-08 -0.000745275104221604 0.00116611832801839 337526.156288897 210485.867090469 1.32326249032377e-16 4.41087496774591e-17
9.11226114649671e-08 -0.000685799130792435 0.00120115705782775 347811.665977483 193263.166309077 1.32406032067312e-16 4.41353440224375e-17
9.1296178343948e-08 -0.000624613016087994 0.00123316477725301 357232.004378275 175559.729086575 1.32499962763732e-16 4.41666542545775e-17
9.14697452229289e-08 -0.000561868958768741 0.00126206186803365 365763.738676613 157419.592202284 1.32607107103457e-16 4.42023690344858e-17
9.16433121019097e-08 -0.000497723032831559 0.0012877764495064 373385.646434402 138887.878713088 1.32726399675871e-16 4.42421332252902e-17
9.18168789808906e-08 -0.000432334799380283 0.00131024455740627 380078.768380302 120010.685711159 1.32856654272038e-16 4.42855514240126e-17
9.19904458598715e-08 -0.000365866909722144 0.0013294103029758 385826.455570359 100834.969658791 1.32996575680004e-16 4.43321918933348e-17
9.21640127388524e-08 -0.00029848470077743 0.00134522601198666 390614.410801764 81408.4295855864 1.3314477256399e-16 4.43815908546635e-17
9.23375796178333e-08 -0.000230355783808755 0.00135765234332792 394430.724176723 61779.3884385209 1.33299771299408e-16 4.44332570998025e-17
9.25111464968142e-08 -0.000161649627492981 0.00136665838686592 397265.902727977 41996.6728800344 1.33460030626133e-16 4.44866768753775e-17
9.26847133757951e-08 -9.2537136372863e-05 0.00137222174033227 399112.894032281 22109.4918331448 1.33623956974327e-16 4.45413189914425e-17
9.28582802547759e-08 -2.31902257370302e-05 0.00137432856504888 399967.103753096 2167.31407569917 1.33789920310412e-16 4.45966401034708e-17
9.30318471337568e-08 4.62186060142391e-05 0.00137297362035124 399826.407068869 -17780.2548117554 1.33956270345621e-16 4.46520901152069e-17
9.32054140127377e-08 0.000115516706453713 0.00136816027662444 398691.153958464 -37683.5958383947 1.34121352945968e-16 4.47071176486561e-17
9.33789808917186e-08 0.000184531698595041 0.00135990050691939 396564.168330599 -57493.2000288973 1.34283526580457e-16 4.47611755268189e-17
9.35525477706995e-08 0.000253091909675436 0.00134821485717028 393450.740999453 -77159.791575564 1.34441178643955e-16 4.48137262146518e-17
9.37261146496804e-08 0.000321026798186621 0.0013331323950871 389358.616523929 -96634.4504104405 1.34592741492457e-16 4.48642471641523e-17
9.38996815286612e-08 0.000388167378091817 0.00131469063785062 384297.973943284 -115868.733892547 1.34736708031249e-16 4.49122360104163e-17
9.40732484076421e-08 0.000454346639173536 0.00129293545878946 378281.401457071 -134814.797307523 1.34871646701004e-16 4.49572155670014e-17
9.4246815286623e-08 0.000519399962466584 0.0012679209732716 371323.865112366 -153425.512879947 1.34996215712771e-16 4.49987385709237e-17
9.44203821656039e-08 0.000583165529742897 0.00123970940409392 363442.671576161 -171654.587002289 1.35109176390312e-16 4.50363921301039e-17
9.45939490445848e-08 0.000645484726029621 0.00120837092670488 354657.425085542 -189456.675388903 1.35209405487121e-16 4.50698018290405e-17
9.47675159235657e-08 0.000706202534159192 0.00117398349464511 344989.978682724 -206787.495868598 1.35295906355649e-16 4.5098635451883e-17
9.49410828025466e-08 0.000765167920369979 0.00113663264564032 334464.379856255 -223603.938535238 1.35367818857656e-16 4.51226062858853e-17
9.51146496815274e-08 0.000822234209998326 0.00109641128882868 323106.810723592 -239864.172982368 1.35424427917168e-16 4.51414759723892e-17
9.52882165605083e-08 0.000877259452327459 0.0010534194736521 310945.522903854 -255527.752355116 1.35465170630972e-16 4.51550568769907e-17
9.54617834394892e-08 0.000930106773685724 0.00100776414098617 298010.767242753 -270555.713960557 1.35489641865957e-16 4.51632139553191e-17
9.56353503184701e-08 0.000980644717915812 0.000959558857127886 284334.718564505 -284910.676186263 1.3549759828763e-16 4.51658660958768e-17
9.5808917197451e-08 0.00102874757336809 0.000908923531302828 269951.395637897 -298556.931485969 1.35488960779762e-16 4.51629869265874e-17
9.59824840764319e-08 0.00107429568560463 0.000855984117394481 254896.576555605 -311460.535201038 1.35463815231095e-16 4.51546050770317e-17
9.61560509554128e-08 0.00111717575503609 0.000800872300637662 239207.709737241 -323589.389996804 1.35422411681291e-16 4.51408038937638e-17
9.63296178343936e-08 0.00115728111875115 0.000743725170055369 222923.820777506 -334913.325703749 1.35365161834615e-16 4.51217206115382e-17
9.65031847133745e-08 0.0011945120158373 0.000684684877453869 206085.415371177 -345404.174364911 1.35292634966069e-16 4.50975449886898e-17
9.66767515923554e-08 0.00122877583553324 0.000623898283824263 188734.378556378 -355035.840302846 1.35205552260703e-16 4.50685174202343e-17
9.68503184713363e-08 0.0012599873475954 0.000561516594030088 170913.870526784 -363784.365031862 1.35104779642362e-16 4.50349265474539e-17
9.70238853503172e-08 0.00128806891430563 0.000497694980689671 152668.219271905 -371627.986854043 1.3499131916321e-16 4.49971063877365e-17
9.71974522292981e-08 0.00131295068359281 0.000432592198188802 134042.810312518 -378547.194990838 1.34866299039626e-16 4.49554330132086e-17
9.7371019108279e-08 0.00133457076278777 0.000366370187783869 115083.973805519 -384524.778115544 1.34730962433566e-16 4.49103208111887e-17
9.75445859872598e-08 0.00135287537257949 0.00029919367477775 95838.8692990219 -389545.867165976 1.3458665509094e-16 4.48622183636466e-17
9.77181528662407e-08 0.00136781898078956 0.000231229758770464 76355.3684243662 -393597.972330823 1.34434811959923e-16 4.48116039866411e-17
9.78917197452216e-08 0.00137936441563215 0.000162647498003834 56681.9358168458 -396671.014117685 1.34276942922273e-16 4.47589809740909e-17
9.80652866242025e-08 0.00138748295817771 9.36174888340817e-05 36867.5085613528 -398757.348425516 1.3411461777952e-16 4.47048725931734e-17
9.82388535031834e-08 0.00139215441379047 2.43114413784109e-05 16961.3744628184 -399851.785559095 1.33949450643348e-16 4.4649816881116e-17
9.84124203821643e-08 0.00139336716236203 -4.50982476088586e-05 -2986.95055575178 -399951.603138249 1.33783083885354e-16 4.45943612951178e-17
9.85859872611452e-08 0.00139111818721597 -0.000114438923568146 -22927.8456226795 -399056.552869685 1.33617171805807e-16 4.45390572686024e-17
9.8759554140126e-08 0.00138541308261182 -0.000183538103607747 -42811.7083480727 -397168.861164617 1.33453364183796e-16 4.44844547279318e-17
9.89331210191069e-08 0.00137626603982946 -0.000252223905549954 -62589.0782083113 -394293.223600632 1.33293289872322e-16 4.44310966241074e-17
9.91066878980878e-08 0.00136369981186873 -0.000320325475482917 -82210.7595776446 -390436.793241581 1.3313854060149e-16 4.43795135338299e-17
9.92802547770687e-08 0.00134774565685205 -0.000387673412754722 -101627.944100863 -385609.162844539 1.32990655150821e-16 4.43302183836071e-17
9.94538216560496e-08 0.00132844326027069 -0.000454100191352531 -120792.332102647 -379822.340998109 1.32851104048108e-16 4.42837013493692e-17
9.96273885350305e-08 0.00130584063626836 -0.000519440576618612 -139656.252731587 -373090.722251407 1.32721274946927e-16 4.4240424982309e-17
9.98009554140114e-08 0.00127999400820737 -0.000583532036266685 -158172.782540024 -365431.051308045 1.3260245882824e-16 4.42008196094135e-17
9.99745222929922e-08 0.00125096766881471 -0.000646215144676209 -176295.862204748 -356862.381374177 1.32495837163273e-16 4.41652790544242e-17
1.00148089171973e-07 0.00121883382025577 -0.000707333979458919 -193980.411098206 -347406.026764204 1.32402470165322e-16 4.41341567217739e-17
1.00321656050954e-07 0.00118367239453359 -0.000766736509311181 -211182.439425239 -337085.509882049 1.32323286247322e-16 4.41077620824406e-17
1.00495222929935e-07 0.00114557085466034 -0.00082427497218739 -227859.157646404 -325926.502709863 1.32259072789989e-16 4.4086357596663e-17
1.00668789808916e-07 0.00110462397709563 -0.000879806242853709 -243969.082915692 -313956.762949733 1.32210468312347e-16 4.40701561041155e-17
1.00842356687897e-07 0.00106093361599292 -0.000933192188907878 -259472.142267891 -301206.064977205 1.32177956122487e-16 4.40593187074957e-17
1.01015923566878e-07 0.00101460844984023 -0.000984300014379503 -274329.772298903 -287706.125778408 1.32161859511705e-16 4.40539531705683e-17
1.01189490445858e-07 0.000965763711125651 -0.00103300259005613 -288505.015091083 -273490.526054981 1.32162338539785e-16 4.4054112846595e-17
1.01363057324839e-07 0.000914520899699911 -0.0010791787697134 -301962.610144969 -258594.626693067 1.32179388443419e-16 4.40597961478062e-17
1.0153662420382e-07 0.000861007480549056 -0.00112271369146276 -314669.082088736 -243055.480804146 1.32212839683567e-16 4.4070946561189e-17
1.01710191082801e-07 0.000805356566729058 -0.00116349906346699 -326592.823947201 -226911.741556512 1.32262359631307e-16 4.40874532104356e-17
1.01883757961782e-07 0.000747706588251002 -0.00120143343331298 -337704.175763243 -210203.566026656 1.3232745587539e-16 4.41091519584633e-17
1.02057324840763e-07 0.000688200947740504 -0.00123642244037163 -347975.498376075 -192972.515309716 1.32407481118631e-16 4.41358270395436e-17
1.02230891719744e-07 0.000626987663727899 -0.00126837905051713 -357381.242172841 -175261.451137476 1.32501639614432e-16 4.41672132048108e-17
1.02404458598725e-07 0.000564219002456502 -0.00129722377262178 -365898.010642529 -157114.429261072 1.32608995079447e-16 4.42029983598158e-17
1.02578025477706e-07 0.000500051099124803 -0.00132288485628785 -373504.618574102 -138576.589863603 1.32728480003694e-16 4.42428266678979e-17
1.02751592356686e-07 0.000434643569504761 -0.00134529847032459 -380182.144754089 -119694.045275256 1.32858906265549e-16 4.42863020885163e-17
1.02925159235667e-07 0.000368159112902259 -0.00136440886152639 -385913.979032544 -100513.765270241 1.32998976946067e-16 4.43329923153558e-17
1.03098726114648e-07 0.000300763107447369 -0.00138016849335729 -390685.86364031 -81083.4602308564 1.33147299225148e-16 4.43824330750494e-17
1.03272292993629e-07 0.000232623198721122 -0.00139253816419672 -394485.928654795 -61451.4624693218 1.33302398231313e-16 4.44341327437709e-17
1.0344585987261e-07 0.000163908882742051 -0.00140148710485232 -397304.72152606 -41666.6060025682 1.33462731707376e-16 4.4487577235792e-17
1.03619426751591e-07 9.47910843498347e-05 -0.00140699305509746 -399135.230589756 -21778.1050790598 1.33626705346182e-16 4.45422351153938e-17
1.03792993630572e-07 2.54417320347847e-05 -0.00140904231904287 -399972.902508434 -1835.43175979805 1.33792688643906e-16 4.4597562881302e-17
1.03966560509553e-07 -4.39666697292149e-05 -0.00140762979920477 -399815.653597837 18111.8071419746 1.3395903111329e-16 4.46530103710968e-17
1.04140127388533e-07 -0.000113261469584513 -0.0014027590091847 -398663.875010005 38013.9934562636 1.34124078695583e-16 4.4708026231861e-17
1.04313694267514e-07 -0.000182270298754866 -0.00139444206492956 -396520.431760294 57821.6210800605 1.34286190207994e-16 4.47620634026647e-17
1.04487261146495e-07 -0.000250821499807694 -0.00138269965459352 -393390.655600735 77485.4191223177 1.34443753663116e-16 4.48145845543721e-17
1.04660828025476e-07 -0.0003187445536469 -0.00136756098707689 -389282.331757459 96956.4744638409 1.34595202298036e-16 4.48650674326788e-17
1.04834394904457e-07 -0.000385870503674103 -0.00134906371936978 -384205.679565174 116186.353427234 1.34739030153747e-16 4.49130100512491e-17
1.05007961783438e-07 -0.000452032376063206 -0.0013272538628815 -378173.327046874 135127.222254247 1.34873807049944e-16 4.49579356833147e-17
1.05181528662419e-07 -0.000517065595102877 -0.00130218566898849 -371200.279501996 153731.966090844 1.34998192806302e-16 4.49993976021006e-17
1.053550955414e-07 -0.00058080839257379 -0.00127392149408566 -363303.882181189 171954.306184011 1.35110950568819e-16 4.50369835229395e-17
1.05528662420381e-07 -0.000643102210142313 -0.00124253164447664 -354503.777140505 189748.914998803 1.35210959108715e-16 4.5070319702905e-17
1.05702229299361e-07 -0.000703792093769696 -0.00120809420148897 -344821.854382366 207071.528969241 1.3529722397159e-16 4.50990746571967e-17
1.05875796178342e-07 -0.000762727079155687 -0.00117069482724905 -334282.197404828 223879.058602643 1.35368887365973e-16 4.51229624553245e-17
1.06049363057323e-07 -0.000819760567257785 -0.00113042655160016 -322911.023294584 240129.69566346 1.35425236692941e-16 4.51417455643138e-17
1.06222929936304e-07 -0.000874750688952051 -0.00108738954069343 -310736.617512735 255783.017170037 1.35465711631983e-16 4.51552372106609e-17
1.06396496815285e-07 -0.000927560657928374 -0.00104169084782751 -297789.26353554 270800.085945588 1.35489909712655e-16 4.51633032375518e-17
1.06570063694266e-07 -0.000978059110942399 -0.000993444147156604 -284101.167525152 285143.547473281 1.3549759031663e-16 4.51658634388768e-17
1.06743630573247e-07 -0.00102612043457773 -0.0009427694509294 -269706.378217744 298777.722814496 1.35488677070325e-16 4.51628923567751e-17
1.06917197452228e-07 -0.00107162507770561 -0.000889792810962102 -254640.702228279 311668.69735914 1.35463258604341e-16 4.51544195347805e-17
1.07090764331209e-07 -0.00111445984886483 -0.000834646005088253 -238941.614982603 323784.405187236 1.35421587672147e-16 4.51405292240491e-17
1.07264331210189e-07 -0.00115451819782219 -0.000777466209365249 -222648.167498431 335094.708831962 1.35364078636776e-16 4.51213595455919e-17
1.0743789808917e-07 -0.001191700480613 -0.000718395656852936 -205800.889247088 345571.474245708 1.35291303350524e-16 4.50971011168415e-17
1.07611464968151e-07 -0.0012259142074026 -0.00065758128381305 -188441.687337639 355188.640782696 1.3520398546863e-16 4.50679951562101e-17
1.07785031847132e-07 -0.00125707427255203 -0.000595174364209597 -170613.742274192 363922.286024065 1.35102993253464e-16 4.5034331084488e-17
1.07958598726113e-07 -0.00128510316631586 -0.000531330133419311 -152361.400545659 371750.685284189 1.34989330940793e-16 4.49964436469309e-17
1.08132165605094e-07 -0.00130993116764534 -0.000466207402088222 -133730.064315174 378654.365650191 1.34864128753966e-16 4.49547095846555e-17
1.08305732484075e-07 -0.00133149651761752 -0.000399968161094849 -114766.078483546 384616.154420241 1.34728631665323e-16 4.4909543888441e-17
1.08479299363056e-07 -0.00134974557305872 -0.000332777178602649 -95516.6154076819 389621.221820148 1.34584187016561e-16 4.4861395672187e-17
1.08652866242037e-07 -0.00136463293998034 -0.000264801590204065 -76029.5575607345 393657.117891984 1.34432231121187e-16 4.48107437070623e-17
1.08826433121017e-07 -0.0013761215864951 -0.000196210483175647 -56353.3784258616 396713.803462991 1.34274274982251e-16 4.47580916607505e-17
1.08999999999998e-07 -0.00138418293493275 -0.000127174475878435 -36537.0219198611 398783.675117729 1.34111889267396e-16 4.47039630891319e-17
