0 -0.00139 0 0 400000 1.33808e-16 4.46026666666667e-17
2.27083333333333e-10 -0.0013870377946531 9.06883277681187e-05 26089.1480094285 398722.886765082 1.33524146461202e-16 4.45080488204006e-17
4.54166666666667e-10 -0.0013781637899704 0.0001808939038428 52067.2235078558 395748.241966056 1.33245727730657e-16 4.44152425768858e-17
6.8125e-10 -0.00136341576633411 0.000270232685025803 77823.6268668251 391088.729920939 1.32977480145891e-16 4.43258267152969e-17
9.08333333333333e-10 -0.00134285651230355 0.00035832431843047 103248.702209709 384764.188138518 1.32723967017348e-16 4.4241322339116e-17
1.13541666666667e-09 -0.00131657355729779 0.000444793760804454 128234.204263043 376801.542861706 1.32489500999358e-16 4.4163166999786e-17
1.3625e-09 -0.00128467879894599 0.000529272875247082 152673.759202328 367234.694431166 1.32278070725146e-16 4.40926902417153e-17
1.58958333333333e-09 -0.00124730802669197 0.000611401998523476 176463.317530283 356104.372957255 1.32093272953951e-16 4.40310909846504e-17
1.81666666666667e-09 -0.00120462034368126 0.000690831472302694 199501.597059458 343457.964914759 1.31938251384534e-16 4.39794171281779e-17
2.04375e-09 -0.00115679748939186 0.000767223131800782 221690.514113242 329349.311398679 1.31815643175949e-16 4.39385477253162e-17
2.27083333333333e-09 -0.00110404306589262 0.000840251745490941 242935.601109454 313838.478899966 1.3172753408535e-16 4.39091780284499e-17
2.49791666666667e-09 -0.00104658167102331 0.000909606399751362 263146.408748705 296991.503577132 1.31675422986004e-16 4.38918076620012e-17
2.725e-09 -0.000984657942186862 0.0009749918225557 282236.891095229 278880.110112454 1.31660196369113e-16 4.38867321230375e-17
2.95208333333333e-09 -0.000918535514824727 0.00103612964057068 300125.771910732 259581.406349743 1.31682113263215e-16 4.38940377544052e-17
3.17916666666667e-09 -0.000848495900009552 0.00109275956430882 316736.890681638 239177.555013716 1.31740800827707e-16 4.39136002759024e-17
3.40625e-09 -0.00077483728593377 0.00114464049629063 331999.526866526 217755.423908609 1.3183526069544e-16 4.394508689848e-17
3.63333333333333e-09 -0.000697873268396653 0.00119155155749827 345848.700983317 195406.216085284 1.31963885956508e-16 4.39879619855028e-17
3.86041666666667e-09 -0.000617931515694668 0.00123329302775076 358225.451254344 172225.081551359 1.32124488494296e-16 4.40414961647653e-17
4.0875e-09 -0.000535352373599295 0.00126968719599706 369077.084631518 148310.712177476 1.32314336208758e-16 4.41047787362526e-17
4.31458333333333e-09 -0.000450487416361463 0.00130057911690695 378357.40113287 123764.921524371 1.3253019949371e-16 4.41767331645701e-17
4.54166666666667e-09 -0.000363697949911633 0.00132583727053876 386026.890535361 98692.2113795824 1.32768406177477e-16 4.42561353924922e-17
4.76875e-09 -0.000275353473627996 0.00134535412227515 392052.900586581 73199.3268492507 1.33024903992264e-16 4.4341634664088e-17
4.99583333333333e-09 -0.000185830107221719 0.00135904658064346 396409.776019155 47394.8018991623 1.33295329509567e-16 4.44317765031891e-17
5.22291666666667e-09 -9.55089894366388e-05 0.00136685635107108 399078.96777605 21388.4972798626 1.33575082368907e-16 4.45250274563022e-17
5.45e-09 -4.77465538080757e-06 0.00136875018407008 400049.11198173 -4708.86719691352 1.33859403537143e-16 4.46198011790476e-17
5.67708333333333e-09 8.59866006017057e-05 0.00136472001679432 399316.078322974 -30786.1840391964 1.34143456267066e-16 4.47144854223553e-17
5.90416666666667e-09 0.000176388369548831 0.00135478300736634 396882.987633361 -56732.4311062553 1.34422408378022e-16 4.48074694593408e-17
6.13125e-09 0.000266045772986489 0.00133898146182807 392760.198606561 -82437.1442766954 1.34691514458854e-16 4.48971714862846e-17
6.35833333333333e-09 0.000354577101518647 0.00131738265402608 386965.263695011 -107790.887740832 1.34946196594755e-16 4.49820655315851e-17
6.58541666666667e-09 0.000441605439925275 0.00129007853919848 379522.854381716 -132685.719915105 1.35182122244756e-16 4.50607074149187e-17
6.8125e-09 0.000526760271849474 0.00125718536248265 370464.656143336 -157015.652994948 1.35395277945011e-16 4.51317593150036e-17
7.03958333333333e-09 0.000609679057241936 0.00121884316401066 359829.233551741 -180677.104189589 1.35582037584088e-16 4.51940125280293e-17
7.26666666666667e-09 0.000690008775846906 0.00117521518269931 347661.866088363 -203569.336717697 1.3573922408879e-16 4.52464080295966e-17
7.49375e-09 0.000767407430158362 0.00112648716127322 334014.35537033 -225594.888686367 1.35864163471131e-16 4.52880544903769e-17
7.72083333333333e-09 0.000841545501447696 0.00107286655547967 318944.804609132 -246659.988027515 1.35954730317049e-16 4.53182434390165e-17
7.94791666666667e-09 0.000912107352663983 0.00101458165086192 302517.371240731 -266674.951725143 1.36009383943022e-16 4.53364613143407e-17
8.175e-09 0.000978792572234078 0.000951880590851374 284801.993780286 -285554.567633776 1.36027194605497e-16 4.53423982018324e-17
8.40208333333333e-09 0.00104131725304144 0.000885030320316273 265874.094064384 -303218.457262521 1.36007859317284e-16 4.53359531057612e-17
8.62916666666667e-09 0.00109941520113852 0.000814315449064755 245814.256148458 -319591.417980214 1.35951707001838e-16 4.53172356672792e-17
8.85625e-09 0.00115283906904672 0.000740037040140816 224707.883226466 -334603.743184753 1.3585969289776e-16 4.52865642992535e-17
9.08333333333333e-09 0.00120136140881894 0.000662511328071908 202644.834033454 -348191.519073519 1.35733382308697e-16 4.52444607695658e-17
9.31041666666667e-09 0.0012447756403815 0.000582068372525121 179719.040279009 -360296.896751394 1.35574923975078e-16 4.5191641325026e-17
9.5375e-09 0.00128289693103266 0.000499050653103918 156028.10674034 -370868.33851792 1.35387013520685e-16 4.5129004506895e-17
9.76458333333333e-09 0.0013155629823534 0.000413811611267957 131672.895717555 -379860.837285036 1.35172847595882e-16 4.50576158652939e-17
9.99166666666667e-09 0.0013426347211803 0.000326714145583672 106757.097620295 -387236.10819124 1.34936069497598e-16 4.49786898325326e-17
1.021875e-08 0.00136399689169866 0.00023812906671195 81386.7895139077 -392962.751596399 1.34680707191156e-16 4.48935690637185e-17
1.04458333333333e-08 0.00137955854613514 0.000148433518710696 55669.9835046229 -397016.386763266 1.34411104788289e-16 4.48037015960963e-17
1.06729166666667e-08 0.00138925343196079 5.80093733734447e-05 29716.1668864433 -399379.755656566 1.34131848647016e-16 4.47106162156719e-17
1.09e-08 0.00139304027395604 -3.27583955599911e-05 3635.83600753663 -400042.796417731 1.33847689350525e-16 4.4615896450175e-17
1.11270833333333e-08 0.00139090294993673 -0.000123483351399161 -22459.9741593406 -399002.686202481 1.33563460892335e-16 4.45211536307783e-17
1.13541666666667e-08 0.00138285055939299 -0.000213779239727022 -48460.1627395719 -396263.853198861 1.33283998442512e-16 4.44279994808373e-17
1.158125e-08 0.00136891738474898 -0.000303261632847964 -74254.0359599812 -391837.957774577 1.33014056093875e-16 4.43380186979584e-17
1.18083333333333e-08 0.00134916274540804 -0.000391549566458717 -99731.7784189308 -385743.84283389 1.32758225987452e-16 4.42527419958174e-17
1.20354166666667e-08 0.00132367074520503 -0.000478267161574129 -124784.920616821 -378007.453595425 1.32520860192984e-16 4.41736200643281e-17
1.22625e-08 0.00129254991434076 -0.000563045224802603 -149306.800756518 -368661.727132421 1.32305996673425e-16 4.41019988911416e-17
1.24895833333333e-08 0.00125593274732321 -0.000645522820158142 -173193.018847626 -357746.452145722 1.32117290592879e-16 4.40390968642931e-17
1.27166666666667e-08 0.00121397513888242 -0.000725348805717132 -196341.881181301 -345308.099566483 1.31957952136555e-16 4.39859840455183e-17
1.294375e-08 0.00116685572026092 -0.000802183328577669 -218654.833283271 -331399.624709809 1.31830691900497e-16 4.39435639668322e-17
1.31708333333333e-08 0.00111477509870512 -0.000875699271756761 -240036.879501824 -316080.241821639 1.31737674780112e-16 4.39125582600375e-17
1.33979166666667e-08 0.0010579550033956 -0.000945583646865343 -260396.987444371 -299415.171978712 1.31680483141922e-16 4.38934943806407e-17
1.3625e-08 0.000996637341452498 -0.00101153892663191 -279648.475540761 -281475.365414925 1.3166008990503e-16 4.38866966350102e-17
1.38520833333333e-08 0.000931083168034767 -0.00107328431160166 -297709.382083288 -262337.199456253 1.31676841990253e-16 4.38922806634177e-17
1.40791666666667e-08 0.00086157157491825 -0.00113055692561823 -314502.814172273 -242082.153350245 1.31730454418452e-16 4.39101514728172e-17
1.430625e-08 0.00078839850228422 -0.00118311293499844 -329957.275081576 -220796.461374487 1.31820015158475e-16 4.3940005052825e-17
1.45333333333333e-08 0.00071187547877716 -0.00123072858663512 -344006.968650328 -198570.745700898 1.31944000642233e-16 4.39813335474108e-17
1.47604166666667e-08 0.000632328295195883 -0.00127320116060856 -356592.079404949 -175499.63057891 1.32100301682968e-16 4.40334338943227e-17
1.49875e-08 0.000550095617464639 -0.00131034983325067 -367659.027218857 -151681.339480107 1.32286259355821e-16 4.40954197852736e-17
1.52145833333333e-08 0.000465527544789374 -0.00134201644698771 -377160.695425675 -127217.276919468 1.32498710230291e-16 4.41662367434305e-17
1.54416666666667e-08 0.000378984119137699 -0.00136806618368373 -385056.631414762 -102211.59673356 1.32734040185136e-16 4.4244680061712e-17
1.566875e-08 0.000290833792388316 -0.00138838813861832 -391313.218855039 -76770.758653704 1.32988245890214e-16 4.43294152967381e-17
1.58958333333333e-08 0.000201451857675905 -0.00140289579265479 -395903.820813899 -51003.0750619881 1.33257002909388e-16 4.44190009697961e-17
1.61229166666667e-08 0.000111218851609907 -0.00141152738058862 -398808.893161869 -25018.24985975 1.33535739265937e-16 4.45119130886456e-17
1.635e-08 2.05189341696079e-05 -0.00141424615410799 -400016.067780211 1073.08858821691 1.33819713219021e-16 4.46065710730071e-17
1.65770833333333e-08 -7.02617468269761e-05 -0.00141104053824689 -399520.205217225 27159.8584452901 1.34104093928105e-16 4.47013646427016e-17
1.68041666666667e-08 -0.000160736699717294 -0.00140192418066461 -397323.416569065 53130.9973252663 1.34384043633095e-16 4.47946812110317e-17
1.703125e-08 -0.000250520734452342 -0.00138693589354188 -393435.054491907 78875.9351318005 1.34654799952201e-16 4.48849333174003e-17
1.72583333333334e-08 -0.000339231602513224 -0.00136613948834107 -387871.673383749 104285.064801959 1.34911756897486e-16 4.49705856324955e-17
1.74854166666667e-08 -0.000426491624304383 -0.00133962350413384 -380656.958905355 129250.208949736 1.3515054322992e-16 4.50501810766401e-17
1.77125e-08 -0.000511929297094994 -0.001307500830653 -371821.6271404 153665.080422823 1.3536709682098e-16 4.51223656069933e-17
1.79395833333334e-08 -0.000595180876662844 -0.00126990822767323 -361403.293824143 177425.734811873 1.35557733755804e-16 4.51859112519345e-17
1.81666666666667e-08 -0.000675891925906953 -0.00122700574276705 -349446.314197371 200431.012985697 1.35719211002336e-16 4.52397370007786e-17
1.839375e-08 -0.000753718823835873 -0.00117897602991476 -336001.594167424 222582.971768378 1.3584878158037e-16 4.52829271934568e-17
1.86208333333334e-08 -0.000828330228507225 -0.0011260235718694 -321126.373580267 243787.300924691 1.35944241291972e-16 4.53147470973241e-17
1.88479166666667e-08 -0.00089940848769016 -0.00106837380958737 -304883.982526317 263953.724678568 1.3600396621833e-16 4.53346554061099e-17
1.9075e-08 -0.000966650991244929 -0.00100627218243114 -287343.571717523 282996.386055168 1.3602694034515e-16 4.53423134483832e-17
1.93020833333334e-08 -0.00102977145946193 -0.000939983083230379 -268579.818083612 300834.212410246 1.36012772846646e-16 4.53375909488822e-17
1.95291666666667e-08 -0.00108850116187524 -0.000869788732650074 -248672.606840889 317391.260590605 1.35961704734101e-16 4.53205682447004e-17
1.975625e-08 -0.00114259006136155 -0.0007959879776581 -227706.691387163 332597.040256142 1.35874604755881e-16 4.5291534918627e-17
1.99833333333334e-08 -0.00119180787865375 -0.00071889501920758 -205771.332470774 346386.81398697 1.35752954618675e-16 4.52509848728917e-17
2.02104166666667e-08 -0.00123594507273691 -0.000638838074550857 -182959.918169927 358701.872897929 1.35598823781346e-16 4.51996079271154e-17
2.04375e-08 -0.0012748137329528 -0.000556157979880163 -159369.566300234 369489.78658708 1.35414834250205e-16 4.51382780834016e-17
2.06645833333334e-08 -0.00130824837901481 -0.000471206739244139 -135100.710943199 378704.626354049 1.35204115974586e-16 4.50680386581952e-17
2.08916666666667e-08 -0.00133610666552742 -0.000384346025918075 -110256.674855959 386307.160737886 1.3497025360152e-16 4.49900845338399e-17
2.111875e-08 -0.00135826998801056 -0.000295945642608178 -84943.2295827042 392265.022541943 1.34717225495289e-16 4.4905741831763e-17
2.13458333333334e-08 -0.00137464398784894 -0.000206381947045415 -59268.1451405929 396552.846634688 1.34449336059235e-16 4.48164453530783e-17
2.15729166666667e-08 -0.00138515895401647 -0.000116036249671856 -33340.7311973122 399152.377939778 1.34171142511135e-16 4.47237141703783e-17
2.18e-08 -0.00138977011986555 -2.52931902412336e-05 -7271.37169370254 400052.549155611 1.33887377357808e-16 4.46291257859359e-17
2.20270833333334e-08 -0.00138845785371756 6.54608997547811e-05 18828.9451072536 399249.527873509 1.3360286788778e-16 4.45342892959268e-17
2.22541666666667e-08 -0.00138122774244316 0.000155839641862747 44849.0991442969 396746.732893893 1.3332245405157e-16 4.44408180171901e-17
2.24812500000001e-08 -0.0013681105676767 0.000245458255643553 70678.3116428774 392554.819671007 1.33050906126565e-16 4.43503020421883e-17
2.27083333333334e-08 -0.00134916217476575 0.000333935196845104 96206.6167471394 386691.634948156 1.32792843567154e-16 4.42642811890513e-17
2.29354166666667e-08 -0.00132446323501392 0.000420893781797184 121325.329690968 379182.140776589 1.32552656420591e-16 4.41842188068637e-17
2.31625000000001e-08 -0.00129411890222909 0.000505963791112781 145927.509514897 370058.308241512 1.32334430645436e-16 4.41114768818121e-17
2.33895833333334e-08 -0.00125825836503926 0.000588783045868222 169908.414358895 359358.981347692 1.32141878603015e-16 4.40472928676716e-17
2.36166666666667e-08 -0.00121703429688205 0.000668998949551669 193165.947392657 347129.711644136 1.31978275904353e-16 4.39927586347845e-17
2.38437500000001e-08 -0.00117062220600949 0.000746269989215243 215601.091484891 333422.56429193 1.3184640568692e-16 4.39488018956399e-17
2.40708333333334e-08 -0.00111921968827532 0.000820267189439739 237118.330761023 318295.896400877 1.31748511269107e-16 4.39161704230356e-17
2.42979166666667e-08 -0.00106304558588605 0.000890675512921791 257626.057254578 301814.108578661 1.31686257987883e-16 4.38954193292942e-17
2.45250000000001e-08 -0.00100233905569737 0.000957195201720598 277036.960920944 284047.370750283 1.31660704868806e-16 4.38869016229353e-17
2.47520833333334e-08 -0.000937358551022509 0.00101954305345396 295268.401353076 265071.323415089 1.31672286610349e-16 4.38907622034497e-17
2.49791666666667e-08 -0.000868380721287414 0.0010774536270103 312242.759616568 244966.755613243 1.31720806188997e-16 4.39069353963322e-17
2.52062500000001e-08 -0.000795699234217431 0.0011306803726435 327887.768706219 223819.260972699 1.31805438210923e-16 4.39351460703078e-17
2.54333333333334e-08 -0.000719623525569881 0.00117899668163916 342136.821217155 201718.87330101 1.31924742953233e-16 4.39749143177442e-17
2.56604166666667e-08 -0.000640477481735483 0.00122219685108354 354929.252920663 178759.683273422 1.32076690855892e-16 4.40255636186307e-17
2.58875000000001e-08 -0.000558598060817327 0.00126009695962767 366210.601037407 155039.437849169 1.3225869704772e-16 4.408623234924e-17
2.61145833333334e-08 -0.000474333858058057 0.00129253565051808 375932.836108459 130659.124121423 1.32467665319082e-16 4.41558884396939e-17
2.63416666666667e-08 -0.000388043621722837 0.00131937481856064 384054.566476968 105722.539372633 1.32700040793252e-16 4.42333469310841e-17
2.65687500000001e-08 -0.000300094725756618 0.00134050019809259 390541.214509914 80335.8491656919 1.32951870400423e-16 4.43172901334742e-17
2.67958333333334e-08 -0.000210861605718248 0.00135582184945975 395365.163809677 54607.1353523444 1.33218870125592e-16 4.4406290041864e-17
2.70229166666668e-08 -0.000120724164650308 0.00136527454192748 398505.876788694 28645.9359231393 1.33496497886356e-16 4.44988326287853e-17
2.72500000000001e-08 -3.00661556715672e-05 0.00136881803139555 399949.982106637 2562.77865798582 1.33780030800821e-16 4.45933436002738e-17
2.74770833333334e-08 6.07264518219629e-05 0.00136643723173415 399691.331597849 -23531.2894372407 1.34064645531207e-16 4.4688215177069e-17
2.77041666666668e-08 0.000151267115391602 0.001358142279012 397731.026446679 -49525.1749046579 1.34345500336353e-16 4.4781833445451e-17
2.79312500000001e-08 0.000241170365230257 0.00134396848834276 394077.412499278 -75308.2108061003 1.346178174373e-16 4.48726058124335e-17
2.81583333333334e-08 0.000330053445270037 0.00132397620353372 388746.044731806 -100770.62787897 1.34876964294777e-16 4.49589880982589e-17
2.83854166666668e-08 0.000417537942736327 0.00129825054017678 381759.621026342 -125804.021870302 1.35118532415922e-16 4.50395108053075e-17
2.86125000000001e-08 0.00050325139921064 0.00126690102327538 373147.885536416 -150301.81505941 1.35338412349644e-16 4.51128041165481e-17
2.88395833333334e-08 0.000586828896343256 0.00123006112095045 362947.502053601 -174159.71000421 1.35532863594796e-16 4.51776211982652e-17
2.90666666666668e-08 0.00066791460946461 0.00118788767621022 351201.897914283 -197276.133579443 1.35698578231944e-16 4.5232859410648e-17
2.92937500000001e-08 0.000746163322481041 0.00114056023920341 337961.079111165 -219552.669416318 1.35832737196249e-16 4.52775790654164e-17
2.95208333333334e-08 0.000821241897605367 0.00108828030279846 323281.417396656 -240894.476902529 1.35933058234159e-16 4.53110194113862e-17
2.97479166666668e-08 0.000892830693665002 0.00103127044474338 307225.410284538 -261210.694958749 1.35997834728106e-16 4.53326115760354e-17
2.99750000000001e-08 0.000960624926949302 0.00096977338005836 289861.41497168 -280414.828872591 1.36025964728743e-16 4.53419882429143e-17
3.02020833333334e-08 0.00102433596880241 0.000904050927695538 271263.357312606 -298425.118543087 1.36016969700816e-16 4.53389899002719e-17
3.04291666666668e-08 0.00108369257443725 0.000834382895865224 251510.417085943 -315164.886567936 1.35971002663801e-16 4.53236675546002e-17
3.06562500000001e-08 0.00113844203773899 0.000761065890774302 230686.690892692 -330562.864691563 1.35888845588803e-16 4.52962818629343e-17
3.08833333333334e-08 0.00118835126714164 0.000684412053848455 208880.834121517 -344553.49722415 1.35771896096005e-16 4.52572986986684e-17
3.11104166666668e-08 0.00123320777799719 0.000604747732814416 186185.683505349 -357077.220139867 1.35622143678967e-16 4.52073812263223e-17
3.13375000000001e-08 0.0012728205972124 0.000522412092299992 162697.861876238 -368080.714666066 1.3544213586023e-16 4.51473786200766e-17
3.15645833333335e-08 0.00130702107630181 0.000437755669867144 138517.366801195 -377517.134283787 1.35234934853981e-16 4.50783116179935e-17
3.17916666666668e-08 0.00133566360939558 0.000351138883625678 113747.144850352 -385346.304173163 1.35004065473004e-16 4.50013551576679e-17
3.20187500000001e-08 0.00135862625314504 0.000262930497781279 88492.6533099767 -391534.892254575 1.34753455166111e-16 4.49178183887036e-17
3.22458333333335e-08 0.00137581124588699 0.000173506052650693 62861.4112063116 -396056.551097376 1.344873672061e-16 4.48291224020332e-17
3.24729166666668e-08 0.00138714542385639 8.32462658281458e-05 36962.5415517106 -398892.030092027 1.34210328164826e-16 4.47367760549419e-17
3.27000000000001e-08 0.00139258053267533 -7.46458869009335e-06 10906.3067619332 -400029.257408061 1.33927050909143e-16 4.46423503030478e-17
3.29270833333335e-08 0.00139209343279232 -9.82403165222546e-05 -15196.3607774824 -399463.391388956 1.33642354427679e-16 4.4547451475893e-17
3.31541666666668e-08 0.00138568619799707 -0.000188694447093498 -41234.3309971916 -397196.841165115 1.33361081852306e-16 4.44536939507687e-17
3.33812500000001e-08 0.00137338610659155 -0.000278441879004216 -67096.7492716374 -393239.256397177 1.33088018068907e-16 4.43626726896358e-17
3.36083333333335e-08 0.0013552455252547 -0.000367100519569182 -92673.5083739658 -387607.486193343 1.32827808318991e-16 4.42759361063302e-17
3.38354166666668e-08 0.00133134168609543 -0.000454292911547324 -117855.717248948 -380325.507375613 1.32584879176876e-16 4.41949597256252e-17
3.40625000000001e-08 0.00130177635784291 -0.000539647840136468 -142536.164608146 -371424.322400334 1.32363363246749e-16 4.41211210822496e-17
3.42895833333335e-08 0.00126667541257415 -0.000622801913391376 -166609.775373609 -360941.827367669 1.32167028860611e-16 4.40556762868704e-17
3.45166666666668e-08 0.00122618828982348 -0.000703401109336588 -189974.058026808 -348922.650681903 1.31999215973065e-16 4.39997386576883e-17
3.47437500000001e-08 0.00118048736035538 -0.000781102283187341 -212529.540958278 -335417.963049498 1.31862779343467e-16 4.39542597811558e-17
3.49708333333335e-08 0.00112976719230942 -0.000855574628261706 -234180.195960234 -320485.259623808 1.31760039972015e-16 4.39200133240051e-17
3.51979166666668e-08 0.00107424372284159 -0.000926501084364211 -254833.847059161 -304188.115223945 1.31692745615906e-16 4.38975818719688e-17
3.54250000000001e-08 0.00101415333878872 -0.000993579687644873 -274402.562947834 -286595.913669955 1.31662041057258e-16 4.3887347019086e-17
3.56520833333335e-08 0.000949751870269939 -0.00105652485618671 -292803.031345986 -267783.552386621 1.31668448628577e-16 4.38894828761923e-17
3.58791666666668e-08 0.000881313501509981 -0.00111506860584848 -309956.913695847 -247831.123533518 1.31711859327065e-16 4.39039531090217e-17
3.61062500000002e-08 0.000809129603521197 -0.0011689616911862 -325791.178682428 -226823.573018903 1.3179153466893e-16 4.393051155631e-17
3.63333333333335e-08 0.000733507493614241 -0.00121797466659622 -340238.413158651 -204850.338849139 1.31906119252145e-16 4.39687064173818e-17
3.65604166666668e-08 0.000654769127018603 -0.00126189886316192 -353237.109151557 -182004.970353361 1.32053663813959e-16 4.40178879379862e-17
3.67875000000002e-08 0.000573249726183355 -0.00130054727704537 -364731.925727697 -158384.72990452 1.32231658390894e-16 4.40772194636313e-17
3.70145833333335e-08 0.000489296353593741 -0.00133375536564154 -374673.924602844 -134090.17883241 1.32437075017153e-16 4.41456916723843e-17
3.72416666666668e-08 0.000403266434179745 -0.00136138174810563 -383020.778492906 -109224.749291669 1.32666419235041e-16 4.42221397450138e-17
3.74687500000002e-08 0.000315526233607346 -0.00138330880727094 -389736.951319045 -83894.3039074466 1.32915789541155e-16 4.4305263180385e-17
3.76958333333335e-08 0.000226449298931045 -0.00139944319039483 -394793.84949975 -58206.6850735455 1.33180943757046e-16 4.43936479190153e-17
3.79229166666668e-08 0.000136414868246438 -0.00140971620660066 -398169.943685785 -32271.2558218476 1.33457371195305e-16 4.4485790398435e-17
3.81500000000002e-08 4.58062561136265e-05 -0.0014140841193239 -399850.860419707 -6198.43421774312 1.337403693934e-16 4.45801231311333e-17
3.83770833333335e-08 -4.49907783745922e-05 -0.00141252833251712 -399829.443329742 19900.7767361627 1.3402512410991e-16 4.46750413699702e-17
3.86041666666668e-08 -0.000135589673931954 -0.0014050554698212 -398105.783597479 45915.2616866681 1.34306791222294e-16 4.47689304074313e-17
3.88312500000002e-08 -0.000225604712833224 -0.00139169734636568 -394687.21956967 71734.2659949166 1.34580579132976e-16 4.48601930443255e-17
3.90583333333335e-08 -0.000314652663077302 -0.00137251083331839 -389588.305515793 97247.8672656258 1.34841830281914e-16 4.4947276760638e-17
3.92854166666668e-08 -0.000402354409967552 -0.00134757761576083 -382830.749664387 122347.443333105 1.35086100378963e-16 4.50287001263211e-17
3.95125000000002e-08 -0.000488336570163022 -0.00131700384492033 -374443.321781959 146926.134711644 1.35309234008199e-16 4.5103078002733e-17
3.97395833333335e-08 -0.000572233081328877 -0.00128091968623951 -364461.730687956 170879.299541434 1.35507435318031e-16 4.51691451060105e-17
3.99666666666668e-08 -0.000653686760618208 -0.00123947876520705 -352928.472227248 194104.959093115 1.3567733259457e-16 4.52257775315234e-17
4.01937500000002e-08 -0.000732350825350119 -0.00119285751330915 -339892.648347386 216504.231934258 1.35816035619745e-16 4.52720118732485e-17
4.04208333333335e-08 -0.000807890369409924 -0.00114125441688628 -325409.758050898 237981.75490934 1.35921184838431e-16 4.53070616128103e-17
4.06479166666669e-08 -0.000879983789085782 -0.00108488917209307 -309541.461112616 258446.089140936 1.35990991498163e-16 4.53303304993877e-17
4.08750000000002e-08 -0.000948324152271392 -0.00102400174955908 -292355.315567994 277810.109323604 1.36024268078615e-16 4.53414226928718e-17
4.11020833333335e-08 -0.00101262050520548 -0.000958851372732563 -273924.490090055 295991.374653067 1.36020448493173e-16 4.53401494977243e-17
4.13291666666669e-08 -0.00107259911118473 -0.000889715414256897 -254327.452479467 312912.479811506 1.35979597718951e-16 4.53265325729835e-17
4.15562500000002e-08 -0.00112800461597641 -0.000816888215078198 -233647.635594015 328501.384514655 1.35902410691431e-16 4.53008035638103e-17
4.17833333333335e-08 -0.00117860113496909 -0.000740679831311713 -211973.08213972 342691.720217687 1.35790200482526e-16 4.52634001608419e-17
4.20104166666669e-08 -0.00122417325743299 -0.000661414714202124 -189396.06983589 355423.072674114 1.35644875963172e-16 4.52149586543906e-17
4.22375000000002e-08 -0.0012645269636143 -0.000579430328797693 -166012.718549935 366641.239144727 1.35468909330455e-16 4.51563031101516e-17
4.24645833333335e-08 -0.00129949045075916 -0.00049507571721917 -141922.581074533 376298.459161523 1.35265294051674e-16 4.5088431350558e-17
4.26916666666669e-08 -0.00132891486455048 -0.000408710012640211 -117228.219289389 384353.617864171 1.35037493940789e-16 4.50124979802631e-17
4.29187500000002e-08 -0.00135267493284356 -0.000320700910305923 -92034.7675120401 390772.421043321 1.34789384233532e-16 4.49297947445108e-17
4.31458333333335e-08 -0.00137066949900247 -0.000231423102099065 -66449.4848967008 395527.541145519 1.34525185663596e-16 4.4841728554532e-17
4.33729166666669e-08 -0.00138282195256653 -0.000141256681318608 -40581.2987867916 398598.733618141 1.34249392661359e-16 4.47497975537862e-17
4.36000000000002e-08 -0.00138908055541338 -5.05855244621841e-05 -14540.3409652759 399972.923098987 1.33966696896604e-16 4.46555656322014e-17
4.38270833333335e-08 -0.00138941866202997 4.02043430981324e-05 11562.521222808 399644.259083617 1.3368190746589e-16 4.45606358219634e-17
4.40541666666669e-08 -0.00138383483295378 0.000130726390588713 37616.1568794138 397614.14083342 1.33399869082302e-16 4.4466623027434e-17
4.42812500000002e-08 -0.0013723528409012 0.000220595227458967 63509.64468461 393891.211418366 1.33125379659316e-16 4.43751265531053e-17
4.45083333333335e-08 -0.00135502156955705 0.000309428244151531 89132.7451354408 388491.320919807 1.32863108690797e-16 4.42877028969323e-17
4.47354166666669e-08 -0.00133191480545611 0.000396847241032582 114376.369882003 381437.458950001 1.32617517815612e-16 4.42058392718708e-17
4.49625000000002e-08 -0.00130313092384271 0.000482480038547262 139133.046162583 372759.656775623 1.32392784918186e-16 4.41309283060621e-17
4.51895833333335e-08 -0.00126879246984582 0.000565962061745075 163297.374360543 362494.859461998 1.32192733056159e-16 4.40642443520529e-17
4.54166666666669e-08 -0.00122904563675268 0.00064693789242928 186766.476734971 350686.768582368 1.32020765424204e-16 4.4006921808068e-17
4.56437500000002e-08 -0.00118405964360236 0.000725062782322113 209440.43541462 337385.656161855 1.31879807460371e-16 4.39599358201238e-17
4.58708333333336e-08 -0.00113402601474887 0.000800004120803676 231222.717790455 322648.150648237 1.31772257079816e-16 4.39240856932721e-17
4.60979166666669e-08 -0.00107915776446117 0.000871442850975676 252020.587495695 306536.995820757 1.31699943882516e-16 4.3899981294172e-17
4.63250000000002e-08 -0.00101968849003158 0.00093907482802127 271745.499223654 289120.783663374 1.31664098028917e-16 4.38880326763058e-17
4.65520833333336e-08 -0.000955871377253508 0.00100261211407788 290313.475702476 270473.662339753 1.31665329312984e-16 4.38884431043282e-17
4.67791666666669e-08 -0.000887978122502729 0.00106178420411014 307645.46522181 250675.020513242 1.31703616788652e-16 4.39012055962174e-17
4.70062500000002e-08 -0.000816297776011259 0.00111633917756403 323667.678189301 229809.149355837 1.3177830912615e-16 4.39261030420501e-17
4.72333333333336e-08 -0.000741135511258561 0.00116604477089888 338311.901284011 207964.883685096 1.31888135692141e-16 4.39627118973805e-17
4.74604166666669e-08 -0.000662811325719277 0.00121068936643135 351515.787869317 185235.223756841 1.32031228165178e-16 4.40104093883927e-17
4.76875000000002e-08 -0.000581658678498965 0.00125008289328114 363223.123428843 161716.939323825 1.32205152318769e-16 4.40683841062564e-17
4.79145833333336e-08 -0.000498023070657986 0.00128405763658293 373384.064895376 137510.157646068 1.32406949431376e-16 4.41356498104586e-17
4.81416666666669e-08 -0.00041226057426771 0.00131246895151935 381955.352853838 112717.93720686 1.32633186618886e-16 4.42110622062952e-17
4.83687500000002e-08 -0.000324736316461472 0.001335195879135 388900.495714862 87445.8289493182 1.32880015233334e-16 4.42933384111112e-17
4.85958333333336e-08 -0.000235822924934303 0.00135214166130973 394189.92507489 61801.4269014814 1.33143236334418e-16 4.43810787781394e-17
4.88229166666669e-08 -0.000145898941509606 0.0013632341526988 397801.12160134 35893.9101031388 1.33418372120032e-16 4.44727907066774e-17
4.90500000000002e-08 -5.53472105268982e-05 0.00136842612788605 399718.71090691 9833.57778458947 1.33700742100673e-16 4.45669140335577e-17
4.92770833333336e-08 3.54467510880804e-05 0.00136769548244244 399934.529004828 -16268.6202237197 1.3398554272188e-16 4.46618475739602e-17
4.95041666666669e-08 0.000126096395131583 0.00136104532703391 398447.657066388 -42301.5558514358 1.34267929080201e-16 4.47559763600671e-17
4.97312500000002e-08 0.000216215787820657 0.00134850397417796 395264.425332798 -68154.3959073847 1.34543097342565e-16 4.48476991141882e-17
4.99583333333336e-08 0.000305421252876098 0.00133012481770533 390398.386164663 -93717.0739432295 1.34806366466988e-16 4.49354554889961e-17
5.01854166666669e-08 0.000393333004994255 0.00130598610543995 383870.256343875 -118880.758852783 1.35053257834413e-16 4.50177526114711e-17
5.04125000000003e-08 0.000479576766753314 0.0012761906060649 375707.828873527 -143538.318211944 1.35279571437011e-16 4.50931904790036e-17
5.06395833333336e-08 0.000563785362070204 0.00124086517159277 365945.854651375 -167584.774386635 1.35481457326877e-16 4.51604857756257e-17
5.08666666666669e-08 0.000645600279424105 0.00120016019730315 354625.8945206 -190917.751466876 1.35655481109659e-16 4.52184937032198e-17
5.10937500000003e-08 0.000724673198191264 0.00115424898144645 341796.142327768 -213437.911124238 1.3579868236897e-16 4.52662274563235e-17
5.13208333333336e-08 0.000800667471592854 0.00110332698744012 327511.219741285 -235049.375537015 1.35908625027695e-16 4.53028750092316e-17
5.15479166666669e-08 0.000873259559942361 0.00104761101169842 311831.943703911 -255660.135582568 1.35983438789467e-16 4.53278129298222e-17
5.17750000000003e-08 0.000942140408090536 0.000987338260638595 294825.067509372 -275182.442558983 1.36021850955331e-16 4.53406169851104e-17
5.20020833333336e-08 0.00100701676120357 0.000922765340793099 276562.996605426 -293533.181768314 1.36023208074344e-16 4.53410693581146e-17
5.22291666666669e-08 0.00106761241327266 0.000854167166327289 257123.480333317 -310634.22637093 1.3598748705979e-16 4.53291623532635e-17
5.24562500000003e-08 0.00112366938303951 0.000781835788613838 236589.280916028 -326412.770004426 1.35915295581928e-16 4.53050985273093e-17
5.26833333333336e-08 0.00117494901233143 0.000706079152846811 215047.821104577 -340801.636751035 1.35807861730565e-16 4.52692872435217e-17
5.29104166666669e-08 0.00122123298212986 0.000627219786989049 192590.811982478 -353739.56713385 1.35667013123336e-16 4.52223377077786e-17
5.31375000000003e-08 0.00126232424204653 0.000545593428634533 169313.862512961 -365171.478924265 1.35495145815068e-16 4.51650486050228e-17
5.33645833333336e-08 0.00129804784925013 0.000461547595631801 145316.072491279 -375048.701650265 1.3529518353715e-16 4.50983945123834e-17
5.35916666666669e-08 0.00132825171327177 0.000375440106553822 120699.610635062 -383329.183807158 1.3507052796029e-16 4.50235093200966e-17
5.38187500000003e-08 0.00135280724351823 0.000287637557313369 95569.2796089787 -389977.671888578 1.34825000826783e-16 4.4941666942261e-17
5.40458333333336e-08 0.00137160989673641 0.000198513760409527 70032.0698355743 -394965.860475533 1.34562778936709e-16 4.48542596455696e-17
5.42729166666669e-08 0.00138457962209807 0.000108448153450168 44196.7039918972 -398272.512744515 1.34288323094034e-16 4.4762774364678e-17
5.45000000000003e-08 0.00139166120200997 1.78241837259498e-05 18173.1741311894 -399883.550881623 1.34006302221369e-16 4.4668767407123e-17
5.47270833333336e-08 0.00139282448719844 -7.29723242865838e-05 -7927.72659969341 -399792.116017755 1.33721513934303e-16 4.45738379781008e-17
5.4954166666667e-08 0.00138806452506761 -0.000163554811542598 -33994.8756534559 -397998.597429706 1.33438802926465e-16 4.44796009754883e-17
5.51812500000003e-08 0.00137740158078467 -0.000253537630173919 -59917.294177933 -394510.630882852 1.33162978553722e-16 4.43876595179074e-17
5.54083333333336e-08 0.0013608810510025 -0.000342537685354733 -85584.6194998901 -389343.06612248 1.32898733019519e-16 4.4299577673173e-17
5.5635416666667e-08 0.00133857327058698 -0.000430176066297894 -110887.574985488 -382517.90365215 1.3265056155317e-16 4.42168538510567e-17
5.58625000000003e-08 0.00131057321317175 -0.000516079659438026 -135718.435277022 -374064.201068275 1.32422685938986e-16 4.41408953129954e-17
5.60895833333336e-08 0.00127700008681546 -0.000599882736933396 -159971.484925221 -364017.949349666 1.32218982697129e-16 4.40729942323764e-17
5.6316666666667e-08 0.00123799682648266 -0.000681228513723654 -183543.468464522 -352421.919628755 1.32042917137947e-16 4.4014305712649e-17
5.65437500000003e-08 0.00119372948550945 -0.000759770666514372 -206334.030015152 -339325.481096835 1.31897484411633e-16 4.39658281372111e-17
5.67708333333336e-08 0.00114438652864428 -0.000835174808221435 -228246.140540455 -324784.390818583 1.31785158556043e-16 4.39283861853476e-17
5.6997916666667e-08 0.00109017802967406 -0.000907119911597949 -249186.510940438 -308860.556350708 1.31707850409443e-16 4.39026168031478e-17
5.72250000000003e-08 0.00103133477705135 -0.00097529967598268 -269065.989222832 -291621.772175364 1.31666875104172e-16 4.38889583680572e-17
5.74520833333336e-08 0.000968107291330613 -0.00103942383135121 -287799.940060742 -273141.431070431 1.31662929694178e-16 4.38876432313925e-17
5.7679166666667e-08 0.000900764758596443 -0.00109921937411792 -305308.60512094 -253498.211645496 1.31696081297048e-16 4.38986937656828e-17
5.79062500000003e-08 0.000829593884424864 -0.0011544317294274 -321517.442628746 -232775.743373814 1.31765765952233e-16 4.39219219840777e-17
5.81333333333336e-08 0.000754897673256709 -0.00120482583498709 -336357.444723813 -211062.250546352 1.31870798214893e-16 4.39569327382975e-17
5.8360416666667e-08 0.000676994138379868 -0.00125018714182657 -349765.431255706 -188450.176663759 1.32009391322169e-16 4.40031304407229e-17
5.85875000000003e-08 0.000596214948012541 -0.00129032252772311 -361684.318768459 -165035.79086538 1.3217918758881e-16 4.405972919627e-17
5.88145833333336e-08 0.000512904013251691 -0.00132506111940441 -372063.363528936 -140918.778070907 1.32377298515083e-16 4.41257661716943e-17
5.9041666666667e-08 0.000427416023898396 -0.00135425502002827 -380858.377564308 -116201.81457962 1.32600353924663e-16 4.42001179748876e-17
5.92687500000003e-08 0.000340114938393708 -0.00137777993884181 -388031.916788901 -90990.1309340519 1.32844559296598e-16 4.42815197655326e-17
5.94958333333337e-08 0.000251372434294008 -0.00139553572033963 -393553.440419471 -65391.0639091751 1.33105760316038e-16 4.43685867720128e-17
5.9722916666667e-08 0.000161566325882817 -0.00140744677066813 -397399.441000196 -39513.5995344572 1.33379513545623e-16 4.44598378485409e-17
5.99500000000003e-08 7.1078955655983e-05 -0.00141346237946036 -399553.544483843 -13467.9090943498 1.33661162015285e-16 4.45537206717618e-17
6.01770833333336e-08 -1.9704433471647e-05 -0.00141355693573149 -400006.57994299 12635.1199173548 1.33945914444595e-16 4.46486381481984e-17
6.0404166666667e-08 -0.000110397338307866 -0.0014077300369156 -398756.618614535 38684.3558923716 1.34228926749918e-16 4.4742975583306e-17
6.06312500000003e-08 -0.000200613640890274 -0.0013960064905795 -395808.982111258 64568.8962420702 1.34505384449847e-16 4.48351281499491e-17
6.08583333333336e-08 -0.00028996925235336 -0.00137843620880653 -391176.219765462 90178.5395565879 1.34770584567053e-16 4.49235281890177e-17
6.1085416666667e-08 -0.000378083748156864 -0.0013550939956997 -384878.055201179 115404.254778729 1.35020015633273e-16 4.50066718777576e-17
6.13125000000003e-08 -0.000464581987713559 -0.00132607922890913 -376941.302362376 140138.645395181 1.35249434436434e-16 4.50831448121448e-17
6.15395833333336e-08 -0.000549095711521016 -0.00129151543653936 -367399.75135468 164276.406668784 1.35454938204321e-16 4.51516460681071e-17
6.17666666666669e-08 -0.000631265108997688 -0.00125154977123821 -356294.024586646 187714.773965229 1.35633030996824e-16 4.52110103322748e-17
6.19937500000003e-08 -0.000710740350348369 -0.00120635238370577 -343671.403823021 210353.960265467 1.35780683177345e-16 4.52602277257817e-17
6.22208333333336e-08 -0.000787183075937242 -0.00115611569829112 -329585.628886321 232097.581001154 1.35895382951645e-16 4.52984609838816e-17
6.24479166666669e-08 -0.000860267836827613 -0.00110105359376069 -314096.668863734 252853.06440442 1.35975179097391e-16 4.53250596991304e-17
6.26750000000002e-08 -0.000929683480355351 -0.00104140049272611 -297270.46679341 272532.045624955 1.36018714157495e-16 4.53395713858317e-17
6.29020833333336e-08 -0.000995134474837068 -0.000977410363608198 -279178.658917126 291050.742936451 1.36025247532578e-16 4.53417491775261e-17
6.31291666666669e-08 -0.00105634216777319 -0.000909355639386296 -259898.26969458 308330.314430766 1.35994668079725e-16 4.53315560265749e-17
6.33562500000002e-08 -0.00111304597218922 -0.000837526057736084 -239511.383877762 324297.193681191 1.35927496003196e-16 4.53091653343985e-17
6.35833333333336e-08 -0.00116500447606443 -0.000762227427494064 -218104.797041536 338883.402945774 1.35824874004942e-16 4.52749580016474e-17
6.38104166666669e-08 -0.00121199647012472 -0.000683780326700305 -195769.646058253 352026.842577241 1.3568854784546e-16 4.52295159484868e-17
6.40375000000002e-08 -0.0012538218896238 -0.000602518737762465 -172601.021089631 363671.555407404 1.35520836645678e-16 4.51736122152259e-17
6.42645833333335e-08 -0.00129030266610326 -0.000518788625551763 -148697.560747815 373767.964980434 1.35324593435084e-16 4.51081978116947e-17
6.44916666666669e-08 -0.00132128348550511 -0.000432946464484545 -124161.032149187 382273.086620749 1.35103156617243e-16 4.5034385539081e-17
6.47187500000002e-08 -0.00134663244940925 -0.000345357720860289 -99095.8976488134 389150.710436917 1.34860293178332e-16 4.4953431059444e-17
6.49458333333335e-08 -0.00136624163658075 -0.000256395296917362 -73608.8701001189 394371.555482443 1.34600134604823e-16 4.48667115349411e-17
6.51729166666669e-08 -0.00138002756243599 -0.00016643794323085 -47808.4585332483 397913.39441711 1.34327106600446e-16 4.47757022001487e-17
6.54000000000002e-08 -0.00138793153447186 -7.58686462115553e-05 -21804.5061863388 399761.148138148 1.34045853798051e-16 4.4681951266017e-17
6.56270833333335e-08 -0.00138991990214444 1.49270024287537e-05 4292.27714349073 399906.949978335 1.33761160747152e-16 4.45870535823839e-17
6.58541666666668e-08 -0.00138598420013357 0.000105562447303951 30370.7864384583 398350.179197717 1.33477870521263e-16 4.44926235070875e-17
6.60812500000002e-08 -0.00137614118438333 0.000195651815082936 56319.9944810591 395097.463626365 1.33200802329653e-16 4.44002674432177e-17
6.63083333333335e-08 -0.00136043276076489 0.000284811557315212 82029.4245437761 390162.651446899 1.3293466953507e-16 4.43115565116901e-17
6.65354166666668e-08 -0.00133892580666551 0.000372662083358481 107389.620735123 383566.752236938 1.32683999472076e-16 4.42279998240253e-17
6.67625000000002e-08 -0.00131171188626335 0.000458829376456163 132292.61399956 375337.847522459 1.32453056430013e-16 4.41510188100043e-17
6.69895833333335e-08 -0.00127890686070005 0.000542946586084542 156632.381787313 365510.971222896 1.32245769110782e-16 4.40819230369273e-17
6.72166666666668e-08 -0.00124065039481102 0.000624655589790234 180305.299437111 354127.960496959 1.32065663795487e-16 4.4021887931829e-17
6.74437500000001e-08 -0.00119710536251331 0.000703608517868573 203210.581350086 341237.277624198 1.31915804356883e-16 4.39719347856278e-17
6.76708333333335e-08 -0.00114845715338257 0.000779469234391726 225250.710076592 326893.803680634 1.31798740138117e-16 4.39329133793722e-17
6.78979166666668e-08 -0.00109491288337146 0.00085191476828116 246331.85148914 311158.604886858 1.31716462584414e-16 4.3905487528138e-17
6.81250000000001e-08 -0.00103670051302962 0.0009206366883318 266364.254273864 294098.672623367 1.3167037136549e-16 4.38901237884966e-17
6.83520833333335e-08 -0.000974067876979431 0.000985342416333806 285262.632039738 275786.638219989 1.31661250564977e-16 4.38870835216589e-17
6.85791666666668e-08 -0.00090728162877946 0.00104575647270146 302946.526418725 256300.463733669 1.31689255341939e-16 4.38964184473131e-17
6.88062500000001e-08 -0.000836626105667751 0.001101621649306 319340.649610999 235723.110031093 1.31753909291375e-16 4.39179697637916e-17
6.90333333333334e-08 -0.000762402118018232 0.00115270010451915 334375.204916875 214142.183589281 1.31854112548608e-16 4.39513708495359e-17
6.92604166666668e-08 -0.000684925668664026 0.00119877437580527 347986.183890813 191649.563517842 1.31988160499705e-16 4.39960534999018e-17
6.94875000000001e-08 -0.000604526607540061 0.00123964830555115 360115.63885237 168341.010390846 1.32153772779623e-16 4.40512575932077e-17
6.97145833333334e-08 -0.00052154722737272 0.00127514787619172 370711.929593933 144315.758553648 1.32348132064777e-16 4.41160440215924e-17
6.99416666666668e-08 -0.000436340806395283 0.00130512195107626 379729.943234871 119676.093640415 1.32567932000118e-16 4.41893106667061e-17
7.01687500000001e-08 -0.000349270104293423 0.00132944291792086 387131.286286097 94526.9171010206 1.32809433445398e-16 4.42698111484659e-17
7.03958333333334e-08 -0.000260705817784166 0.0013480072321078 392884.448107356 68975.2995913103 1.33068528083782e-16 4.43561760279272e-17
7.06229166666667e-08 -0.000171025002403557 0.00136073585751866 396964.935061315 43130.0251281454 1.3334080831074e-16 4.444693610358e-17
7.08500000000001e-08 -8.06094672221461e-05 0.0013675746030244 399355.374793311 17101.1279499421 1.33621642214284e-16 4.45405474047613e-17
7.10770833333334e-08 1.0155850677318e-05 0.0013684943531999 400045.590192795 -9000.57594550894 1.33906252371024e-16 4.46354174570079e-17
7.13041666666667e-08 0.000100884525039471 0.00136349119228059 399032.642721583 -35063.9605915017 1.34189797117604e-16 4.47299323725346e-17
7.15312500000001e-08 0.000191190285615949 0.00135258642083352 396320.844924461 -60978.0631625436 1.34467452914961e-16 4.48224843049869e-17
7.17583333333334e-08 0.000280688662680815 0.00133582646507183 391921.742068852 -86632.5563899223 1.34734496404255e-16 4.49114988014184e-17
7.19854166666667e-08 0.000368998623880404 0.00131328267919883 385854.062991748 -111918.21827144 1.34986384758586e-16 4.49954615861954e-17
7.22125e-08 0.000455744196448825 0.00128505104162297 378143.640363148 -136727.39707556 1.35218832963572e-16 4.50729443211907e-17
7.24395833333334e-08 0.000540556067882658 0.00125125174633734 368823.300705477 -160954.469660253 1.35427886712139e-16 4.51426289040464e-17
7.26666666666667e-08 0.000623073158260112 0.00121202869120308 357932.724637237 -184496.291155275 1.35609989673462e-16 4.52033298911539e-17
7.289375e-08 0.000702944157510599 0.00116754886531547 345518.277935865 -207252.634093403 1.35762043991705e-16 4.52540146639016e-17
7.31208333333334e-08 0.00077982902108994 0.00111800163806091 331632.814139059 -229126.615121052 1.35881462985391e-16 4.52938209951304e-17
7.33479166666667e-08 0.000853400417693459 0.00106359795289154 316335.449524965 -250025.107471587 1.35966215150894e-16 4.53220717169647e-17
7.3575e-08 0.000923345122843468 0.00100456942924993 299691.31142924 -269859.137445267 1.36014858721488e-16 4.53382862404958e-17
7.38020833333333e-08 0.000989365352418022 0.000941167376467448 281771.260970501 -288544.263207823 1.36026566194049e-16 4.53421887313497e-17
7.40291666666667e-08 0.00105118003044358 0.000873661723834318 262651.591364649 -306000.934294974 1.36001138406182e-16 4.53337128020608e-17
7.425625e-08 0.001108525985754 0.000802339871396802 242413.703112453 -322154.830292321 1.3593900792428e-16 4.53130026414266e-17
7.44833333333333e-08 0.00116115907242126 0.000727505466373914 221143.757443278 -336937.17724871 1.35841231684893e-16 4.52804105616309e-17
7.47104166666667e-08 0.00120885520918769 0.000649477110403093 198932.30949037 -350285.040475956 1.35709473014589e-16 4.52364910048629e-17
7.49375e-08 0.00125141133347438 0.000568587003118602 175873.922759455 -362141.592488371 1.3554597333417e-16 4.518199111139e-17
7.51645833333333e-08 0.00128864626590435 0.000485179527837519 152066.766531985 -372456.354941344 1.35353514028603e-16 4.51178380095344e-17
7.53916666666666e-08 0.00132040148165951 0.000399609785374652 127612.197917095 -381185.413538952 1.35135369131316e-16 4.5045123043772e-17
7.561875e-08 0.00134654178538775 0.000312242082228536 102614.330331617 -388291.60499565 1.34895249627775e-16 4.49650832092585e-17
7.58458333333333e-08 0.00136695588678659 0.000223448379574957 77179.5902453374 -393744.675256056 1.34637240325827e-16 4.4879080108609e-17
7.60729166666666e-08 0.00138155687441295 0.000133606709671284 51416.2640786118 -397521.40829923 1.34365730366733e-16 4.47885767889109e-17
7.62999999999999e-08 0.00139028258570185 4.30995664136432e-05 25434.0371813811 -399605.724979072 1.34085338559022e-16 4.46951128530073e-17
7.65270833333333e-08 0.00139309587161863 -4.76877231009838e-05 -656.47314364163 -399988.751480028 1.33800834805344e-16 4.46002782684479e-17
7.67541666666666e-08 0.00138998475481814 -0.000138368639074797 -26744.1885855029 -398668.857096673 1.33517058958971e-16 4.4505686319657e-17
7.69812499999999e-08 0.00138096248063727 -0.000228557114587041 -52718.0427322459 -395651.661176305 1.33238838490337e-16 4.44129461634455e-17
7.72083333333333e-08 0.00136606746070403 -0.000317869179243785 -78467.4539274895 -390950.009195019 1.32970906364219e-16 4.43236354547397e-17
7.74354166666666e-08 0.001345363109403 -0.000405924593901897 -103882.796063197 -384583.91806909 1.32717820524621e-16 4.4239273508207e-17
7.76624999999999e-08 0.00131893757389357 -0.000492348469507516 -128855.865304274 -376580.490934518 1.32483886357018e-16 4.41612954523394e-17
7.78895833333332e-08 0.00128690335883025 -0.000576772863156926 -153280.340757949 -366973.801757542 1.3227308344703e-16 4.40910278156767e-17
7.81166666666666e-08 0.00124939684738294 -0.000658838344584757 -177052.237126674 -355804.750267386 1.32088997881451e-16 4.40296659604836e-17
7.83437499999999e-08 0.00120657772059616 -0.000738195526410268 -200070.347417411 -343120.887828857 1.3193476124331e-16 4.397825374777e-17
7.85708333333332e-08 0.00115862827755954 -0.000814506551626854 -222236.673822507 -328976.214996123 1.31812997338756e-16 4.39376657795853e-17
7.87979166666666e-08 0.00110575265928365 -0.000887446532001874 -243456.844937705 -313430.951609565 1.31725777562012e-16 4.39085925206706e-17
7.90249999999999e-08 0.00104817597958554 -0.000956704931262941 -263640.517541035 -296551.28041451 1.31674585657726e-16 4.38915285525754e-17
7.92520833333332e-08 0.000986143366684316 -0.00102198688718186 -282701.761222026 -278409.065293361 1.31660292480157e-16 4.38867641600525e-17
7.94791666666665e-08 0.00091991891958683 -0.00108301446692753 -300559.424223722 -259081.545310724 1.31683141178584e-16 4.38943803928613e-17
7.97062499999999e-08 0.000849784583706788 -0.00113952785034331 -317137.478939951 -238651.005874122 1.31742743060953e-16 4.39142476869843e-17
7.99333333333332e-08 0.000776038950504163 -0.00119128643611102 -332365.345596925 -217204.428410298 1.31838084206142e-16 4.39460280687139e-17
8.01604166666665e-08 0.000698995986255365 -0.00123806986609229 -346178.192741114 -194833.120048576 1.31967542712338e-16 4.39891809041127e-17
8.03874999999999e-08 0.000618983695366325 -0.00127967896348611 -358517.213254103 -171632.324887892 1.32128916288125e-16 4.40429720960416e-17
8.06145833333332e-08 0.000536342723919345 -0.00131593658080856 -369329.874719301 -147700.818502471 1.32319459716897e-16 4.41064865722989e-17
8.08416666666665e-08 0.000451424909398994 -0.00134668835408433 -378570.143074612 -123140.487412538 1.32535931557282e-16 4.41786438524273e-17
8.10687499999998e-08 0.000364591782771486 -0.00137180336003933 -386198.678598853 -98055.8953104057 1.32774649285126e-16 4.42582164283753e-17
8.12958333333332e-08 0.000276213029294811 -0.00139117467349631 -392183.003397553 -72553.8378887211 1.33031551938977e-16 4.43438506463257e-17
8.15229166666665e-08 0.00018666491461261 -0.00140471982260046 -396497.639675046 -46742.8881661392 1.33302269203386e-16 4.44340897344621e-17
8.17499999999998e-08 9.63286828325698e-05 -0.00141238113993686 -399124.218204204 -20732.9342461727 1.33582195754799e-16 4.4527398584933e-17
8.19770833333332e-08 5.58893340939876e-06 -0.00141412600804503 -400051.556531982 5365.2885228308 1.33866569605302e-16 4.46221898684341e-17
8.22041666666665e-08 -8.51680162573312e-05 -0.00140994699828521 -399275.706587842 31440.6689947895 1.3415055311148e-16 4.47168510371599e-17
8.24312499999998e-08 -0.000175555775539353 -0.00139986190246524 -396799.971492355 57382.1932729181 1.34429315270281e-16 4.48097717567602e-17
8.26583333333331e-08 -0.000265189525607644 -0.00138391365709325 -392634.891494421 83079.4173427271 1.3469811390193e-16 4.48993713006434e-17
8.28854166666665e-08 -0.000353687657768543 -0.00136217016057893 -386798.199096986 108422.937278793 1.34952376321814e-16 4.49841254406046e-17
8.31124999999998e-08 -0.000440673398132981 -0.00133472398416128 -379314.743562289 133304.855023428 1.35187777128986e-16 4.50625923763288e-17
8.33395833333331e-08 -0.000525776411701898 -0.00130169197779382 -370216.385118074 157619.237754243 1.35400311787999e-16 4.51334372626662e-17
8.35666666666665e-08 -0.000608634379038587 -0.001263214772665 -359541.859315154 181262.568884861 1.35586364752301e-16 4.51954549174335e-17
8.37937499999998e-08 -0.00068889453881542 -0.00121945618247195 -347336.612113829 204134.188778711 1.35742770970337e-16 4.52475903234456e-17
8.40208333333331e-08 -0.000766215189667653 -0.0011706025059964 -333652.606401254 226136.723299568 1.35866869728016e-16 4.52889565760053e-17
8.42479166666664e-08 -0.000840267144960319 -0.00111686173395217 -318548.100763511 247176.498374335 1.35956549911616e-16 4.53188499705387e-17
8.44749999999998e-08 -0.000910735134274624 -0.00105846266348099 -302087.401454219 267163.938803103 1.36010285921124e-16 4.53367619737081e-17
8.47020833333331e-08 -0.000977319145647144 -0.000995653924066442 -284340.588615683 286013.949618564 1.36027163623078e-16 4.53423878743594e-17
8.49291666666664e-08 -0.00103973570284734 -0.000928702919013438 -265383.217918158 303646.278371198 1.36006895901403e-16 4.53356319671343e-17
8.51562499999998e-08 -0.00109771907225548 -0.000857894686999457 -245295.998887483 319985.856797808 1.35949827541704e-16 4.53166091805681e-17
8.53833333333331e-08 -0.00115102239420278 -0.000783530688544656 -224164.451290571 334963.12041879 1.35856929365927e-16 4.52856431219757e-17
8.56104166666664e-08 -0.00119941873395717 -0.000705927522567231 -202078.541041684 348514.30470348 1.35729781717158e-16 4.52432605723859e-17
8.58374999999997e-08 -0.00124270204788021 -0.000625415578488243 -179132.29717957 360581.716542657 1.35570547575519e-16 4.51901825251728e-17
8.60645833333331e-08 -0.00128068806064178 -0.000542337629624444 -155423.411546172 371113.979872458 1.35381935762498e-16 4.51273119208328e-17
8.62916666666664e-08 -0.00131321504975792 -0.000457047373857642 -131052.822871243 380066.254403959 1.35167154859667e-16 4.50557182865557e-17
8.65187499999997e-08 -0.0013401445341117 -0.000369907927793583 -106124.287033575 387400.4265272 1.3492985862569e-16 4.49766195418968e-17
8.67458333333331e-08 -0.00136136186352572 -0.000281290280821346 -80743.9353284526 393085.271576908 1.34674083840189e-16 4.48913612800629e-17
8.69729166666664e-08 -0.00137677670687634 -0.00019157171565498 -55019.822621943 397096.586769071 1.34404181631809e-16 4.48013938772696e-17
8.71999999999997e-08 -0.00138632343667135 -0.000101134202081802 -29061.4673157418 399417.294242403 1.34124743458729e-16 4.47082478195763e-17
8.7427083333333e-08 -0.00138996140845391 -1.03627707558478e-05 -2979.38508112681 400037.513766002 1.33840523000783e-16 4.46135076669277e-17
8.76541666666664e-08 -0.00138767513384316 8.03561260400829e-05 23115.3816528855 398954.604803663 1.33556355291941e-16 4.45187850973138e-17
8.78812499999997e-08 -0.00137947434647477 0.00017063625968485 49111.7364540124 396173.177755756 1.33277074468829e-16 4.44256914896098e-17
8.8108333333333e-08 -0.00136539396056077 0.000260093269557179 74899.0018710932 391705.074330805 1.33007431534512e-16 4.4335810511504e-17
8.83354166666664e-08 -0.00134549392224501 0.000348346299420996 100367.390634697 385569.317130341 1.32752013536511e-16 4.4250671178837e-17
8.85624999999997e-08 -0.00131985895438712 0.000435019618891129 125408.473067852 377792.028661655 1.3251516553396e-16 4.41717218446535e-17
8.8789583333333e-08 -0.00128859819586155 0.000519744223076084 149915.638716931 368406.32012327 1.32300916681364e-16 4.41003055604546e-17
8.90166666666663e-08 -0.00125184473690737 0.000602159403587569 173784.550237334 357452.150436593 1.32112911686381e-16 4.40376372287938e-17
8.92437499999997e-08 -0.00120975505250691 0.000681914284228294 196913.587601589 344976.156123928 1.3195434880766e-16 4.39847829358867e-17
8.9470833333333e-08 -0.00116250833620578 0.000758669314819997 219204.280738686 331031.452757121 1.31827925447458e-16 4.39426418158194e-17
8.96979166666663e-08 -0.0011103057372103 0.000832097716811812 240561.728762716 315677.408822166 1.31735792264618e-16 4.39119307548726e-17
8.99249999999996e-08 -0.00105336950401053 0.000901886874514446 260895.004005985 298979.392962501 1.31679516588501e-16 4.38931721961669e-17
9.0152083333333e-08 -0.00099194203817456 0.000967739666037069 280117.539136463 281008.495677119 1.31660055756266e-16 4.38866852520886e-17
9.03791666666663e-08 -0.000926284862342871 0.00102937572826057 298147.495711437 261841.226658315 1.31677740827069e-16 4.38925802756896e-17
9.06062499999996e-08 -0.000856677506816036 0.00108653265046165 314908.112598299 241559.189057643 1.3173227095023e-16 4.391075698341e-17
9.0833333333333e-08 -0.000783416319476314 0.001138967091506 330328.03277907 220248.732066873 1.31822718483172e-16 4.39409061610574e-17
9.10604166666663e-08 -0.00070681320410967 0.00118645581585416 344341.607147335 198000.58329304 1.31947544772073e-16 4.39825149240243e-17
9.12874999999996e-08 -0.000627194292499757 0.00122879664396942 356889.174004192 174909.462492749 1.32104626326767e-16 4.40348754422556e-17
9.15145833333329e-08 -0.000544898555947306 0.00126580931308142 367917.313063272 151073.678310199 1.32291290944631e-16 4.40970969815438e-17
9.17416666666663e-08 -0.000460276362126272 0.00129733624464081 377379.072883444 126594.709735808 1.32504363168928e-16 4.41681210563094e-17
9.19687499999996e-08 -0.00037368798342082 0.00132324321519763 385234.170760904 101576.774067329 1.32740218308283e-16 4.42467394360942e-17
9.21958333333329e-08 -0.000285502063093768 0.00134341992784715 391449.164229649 76126.3832128485 1.32994844098345e-16 4.43316146994483e-17
9.24229166666663e-08 -0.000196094045816676 0.00135778048181036 395997.593440157 50351.8902246435 1.33263908956675e-16 4.44213029855585e-17
9.26499999999996e-08 -0.000105844579243465 0.00136626373814983 398860.093810139 24363.0279945265 1.33542835669728e-16 4.45142785565762e-17
9.28770833333329e-08 -1.51378934327487e-05 0.00136883358006393 400024.478467729 -1729.55792537783 1.33826879258404e-16 4.46089597528013e-17
9.31041666666662e-08 7.56398349816497e-05 0.00136547906665133 399485.790136147 -27814.7803874328 1.34111207697554e-16 4.47037358991847e-17
9.33312499999996e-08 0.000166102126907568 0.00135621447949101 397246.322238911 -53781.5835933486 1.3439098411628e-16 4.47969947054267e-17
9.35583333333329e-08 0.000255863846199068 0.00134107926183957 393315.609135769 -79519.415905574 1.34661449080661e-16 4.48871496935538e-17
9.37854166666662e-08 0.000344542839343513 0.00132013785070463 387710.385530907 -104918.700512263 1.34918001559161e-16 4.49726671863869e-17
9.40124999999996e-08 0.000431761562450316 0.0012934794025093 380454.515226252 -129871.301941998 1.35156277193358e-16 4.50520923977861e-17
9.42395833333329e-08 0.000517148688614576 0.00126121741351569 371578.889523195 -154270.986442115 1.35372222542507e-16 4.51240741808355e-17
9.44666666666662e-08 0.000600340688812394 0.0012234892366234 361121.295705293 -178013.874260617 1.35562164038889e-16 4.51873880129629e-17
9.46937499999995e-08 0.000680983379597309 0.0011804554966003 349126.256161852 -200998.881906103 1.35722870480944e-16 4.52409568269813e-17
9.49208333333329e-08 0.000758733431008675 0.00113229940623512 335644.838837337 -223128.152502849 1.35851608001053e-16 4.52838693336845e-17
9.51479166666662e-08 0.000833259828272165 0.00107922598632328 320734.43981358 -244307.472408809 1.359461865729e-16 4.53153955242999e-17
9.53749999999995e-08 0.00090424528106933 0.00102146119280687 304458.538950444 -264446.672322846 1.36004997267234e-16 4.53349990890781e-17
9.56020833333329e-08 0.000971387574376365 0.000959250954784889 286886.429625277 -283460.011173493 1.36027039622278e-16 4.53423465407595e-17
9.58291666666662e-08 0.00103440085512098 0.000892860127489273 268092.923721765 -301266.54115487 1.36011938663141e-16 4.53373128877136e-17
9.60562499999995e-08 0.00109301684917953 0.000822571364684433 248158.033124176 -317790.452355647 1.35959951280725e-16 4.53199837602418e-17
9.62833333333328e-08 0.00114698600353317 0.00074868391529092 227166.629073013 -332961.395513825 1.35871961861617e-16 4.52906539538722e-17
9.65104166666662e-08 0.00119607854872033 0.000671512349356504 205208.08083233 -346714.781523228 1.35749467243281e-16 4.52498224144271e-17
9.67374999999995e-08 0.00124008547706231 0.000591385218798755 182375.875207069 -358992.056416579 1.35594551250526e-16 4.51981837501755e-17
9.69645833333328e-08 0.00127881943249707 0.000508643658620899 158767.218530282 -369740.950654445 1.35409849246382e-16 4.51366164154608e-17
9.71916666666662e-08 0.00131211550823312 0.000423639934556176 134482.622814763 -378915.70165872 1.35198503300463e-16 4.50661677668209e-17
9.74187499999995e-08 0.00133983194882728 0.000336735943323975 109625.477830994 -386477.24864323 1.34964108737451e-16 4.49880362458169e-17
9.76458333333328e-08 0.00136185075369738 0.000248301671882811 84301.6109332701 -392393.39891198 1.3471065297501e-16 4.49035509916701e-17
9.78729166666661e-08 0.00137807817950061 0.000158713622239723 58618.8365080014 -396638.964917046 1.34442447691584e-16 4.48141492305279e-17
9.80999999999995e-08 0.00138844513923839 6.83532085223792e-05 32686.4969623783 -399195.871492591 1.34164055478005e-16 4.47213518260017e-17
9.83270833333328e-08 0.00139290749638895 -2.23948668618043e-05 6614.99720760856 -400053.232808474 1.33880212220703e-16 4.46267374069011e-17
9.85541666666661e-08 0.00139144625281505 -0.000113144251066126 -19484.6653813729 -399207.398715824 1.33595746536877e-16 4.45319155122922e-17
9.87812499999995e-08 0.00138406762964715 -0.000203508585671684 -45501.3735285632 -396661.970287259 1.3331549763217e-16 4.44384992107233e-17
9.90083333333328e-08 0.00137080304079737 -0.000293103151578186 -71324.3631300195 -392427.784485605 1.33044232978229e-16 4.43480776594097e-17
9.92354166666661e-08 0.00135170895921725 -0.000381546506915484 -96843.6948233848 -386522.868026372 1.32786567210559e-16 4.42621890701864e-17
9.94624999999994e-08 0.00132686667646852 -0.000468462111002556 -121950.722046141 -378972.360630416 1.32546883626368e-16 4.41822945421227e-17
9.96895833333328e-08 0.00129638195663068 -0.000553479927440069 -146538.553589866 -369808.407993547 1.32329259617832e-16 4.41097532059441e-17
9.99166666666661e-08 0.00126038458601865 -0.000636237999511452 -170502.508681212 -359070.024928732 1.32137397309287e-16 4.40457991030956e-17
1.00143749999999e-07 0.00121902782062768 -0.000716383991185371 -193740.562652123 -346802.929263577 1.31974560578308e-16 4.39915201927693e-17
1.00370833333333e-07 0.0011724877336579 -0.000793576687158867 -216153.781301896 -333059.347200247 1.31843519532057e-16 4.39478398440189e-17
1.00597916666666e-07 0.00112096246589644 -0.000867487445554881 -237646.742101816 -317897.790966483 1.31746503383429e-16 4.39155011278096e-17
1.00824999999999e-07 0.00106467138214847 -0.000937801597089384 -258127.940449127 -301382.809704365 1.31685162528661e-16 4.38950541762205e-17
1.01052083333333e-07 0.00100385413730868 -0.00100421978475129 -277510.179240729 -283584.714657374 1.31660540471514e-16 4.38868468238381e-17
1.01279166666666e-07 0.00093876965604929 -0.00106645923829156 -295710.94010804 -264579.279825765 1.31673056071642e-16 4.38910186905473e-17
1.01506249999999e-07 0.000869695030468436 -0.00112425497809548 -312652.73473251 -244447.419364673 1.31722496419135e-16 4.39074988063783e-17
1.01733333333333e-07 0.00079692434039222 -0.00117736094331264 -328263.434746086 -223274.84309842 1.31808020456452e-16 4.39360068188175e-17
1.01960416666666e-07 0.0007207674013528 -0.00122555103944186 -342476.57881211 -201151.691617622 1.31928173286122e-16 4.39760577620408e-17
1.02187499999999e-07 0.000641548445572946 -0.00126862010091082 -355231.655579268 -178172.152512665 1.32080910920822e-16 4.40269703069405e-17
1.02414583333333e-07 0.000559604741572663 -0.0013063847645525 -366474.361303951 -154434.059377391 1.32263635054792e-16 4.40878783515975e-17
1.02641666666666e-07 0.000475285158274801 -0.00133868425025955 -376156.831044196 -130038.47529021 1.32473237265083e-16 4.41577457550277e-17
1.02868749999999e-07 0.000388948679722842 -0.00136538104549303 -384237.842440947 -105089.262545931 1.32706151890677e-16 4.42353839635591e-17
1.03095833333333e-07 0.000300962876734366 -0.00138636149073131 -390682.991219025 -79692.640470155 1.32958416689958e-16 4.4319472229986e-17
1.03322916666666e-07 0.000211702341996986 -0.00140153626336664 -395464.837660648 -53956.7331987815 1.33225740244627e-16 4.44085800815423e-17
1.03549999999999e-07 0.000121547095269226 -0.00141084075798913 -398563.023427887 -27991.1093479456 1.33503574963434e-16 4.45011916544779e-17
1.03777083333333e-07 3.08809654760596e-05 -0.00141423536143929 -399964.358236696 -1906.31553418614 1.33787194443806e-16 4.45957314812685e-17
1.04004166666666e-07 -5.99100434127672e-05 -0.00141170562145793 -399662.876013522 24186.5942691436 1.3407177387534e-16 4.46905912917802e-17
1.04231249999999e-07 -0.000150439395764509 -0.00140326230821553 -397659.860295396 50176.5315354984 1.34352472117367e-16 4.47841573724555e-17
1.04458333333333e-07 -0.0002403216699287 -0.00138894136845909 -393963.838765372 75952.8461358709 1.34624514054309e-16 4.48748380181029e-17
1.04685416666666e-07 -0.000329174199139745 -0.00136880377247167 -388590.546946583 101405.797423077 1.34883271827863e-16 4.49610906092878e-17
1.04912499999999e-07 -0.000416618700690799 -0.00134293525449613 -381562.861209484 126427.021443997 1.35124343564097e-16 4.5041447854699e-17
1.05139583333333e-07 -0.00050228288644286 -0.00131144594772835 -372910.701377483 150909.992290642 1.35343628256199e-16 4.51145427520663e-17
1.05366666666666e-07 -0.000585802047812464 -0.00127446991543366 -362670.903345634 174750.475625895 1.35537395529011e-16 4.51791318430038e-17
1.05593749999999e-07 -0.000666820608490001 -0.00123216458018303 -350887.062254688 197846.972453063 1.35702349098541e-16 4.52341163661803e-17
1.05820833333333e-07 -0.000744993638278098 -0.00118471005363872 -337609.346888184 220101.151239933 1.35835682846896e-16 4.52785609489653e-17
1.06047916666666e-07 -0.000819988321605008 -0.00113230836974296 -322894.286082772 241418.26655759 1.35935128558736e-16 4.53117095195788e-17
1.06274999999999e-07 -0.000891485374460927 -0.00107518262457419 -306804.528061099 261707.562451692 1.3599899450716e-16 4.53329981690533e-17
1.06502083333333e-07 -0.000959180403724736 -0.00101357602653297 -289408.573711895 280882.658828851 1.36026194232619e-16 4.53420647442063e-17
1.06729166666666e-07 -0.00102278520309395 -0.000947750860901115 -270780.484952788 298861.919213146 1.36016265025295e-16 4.53387550084316e-17
1.06956249999999e-07 -0.00108202898010058 -0.000877987373182677 -250999.569417467 315568.798307041 1.35969375796514e-16 4.53231252655048e-17
1.07183333333333e-07 -0.00113665950898886 -0.000804582575980529 -230150.042809629 330932.167877016 1.35886324205305e-16 4.52954414017683e-17
1.07410416666666e-07 -0.0011864442045468 -0.000727848984488415 -208320.670361187 344886.619576468 1.35768523088967e-16 4.52561743629891e-17
1.07637499999999e-07 -0.00123117111231949 -0.000648113285981905 -185604.388921232 357372.743416641 1.35617976428508e-16 4.5205992142836e-17
1.07864583333333e-07 -0.0012706498109887 -0.000565714948972827 -162097.911284648 368337.380700014 1.3543724525779e-16 4.51457484192632e-17
1.08091666666666e-07 -0.00130471222307675 -0.000481004777948571 -137901.31444494 377733.850339307 1.35229404096346e-16 4.50764680321155e-17
1.08318749999999e-07 -0.00133321333052325 -0.000394343419849374 -113117.613524246 385522.147598567 1.34997988647003e-16 4.49993295490009e-17
1.08545833333333e-07 -0.00135603179208819 -0.000306099828642128 -87852.3231944964 391669.114410205 1.34746935648045e-16 4.49156452160151e-17
1.08772916666666e-07 -0.00137307045995278 -0.000216649694527663 -62213.0084569367 396148.580542884 1.34480515903156e-16 4.48268386343855e-17
1.08999999999999e-07 -0.00138425679331871 -0.000126373844469048 -36308.8266925289 398941.475019233 1.3420326162837e-16 4.47344205427901e-17
