0 -0.00139 0 0 400000 1.33808e-16 4.46026666666667e-17
6.60606060606061e-10 -0.00136503105966436 0.000260681978026814 75594.0395482674 389220.667420631 1.31472370289551e-16 4.38241234298503e-17
1.32121212121212e-09 -0.00129102207600001 0.000509620254049105 148469.855949319 364445.672830341 1.29512718516801e-16 4.31709061722671e-17
1.98181818181818e-09 -0.00117063427644895 0.000737863463803822 216006.968379567 326565.879638069 1.28208372819857e-16 4.27361242732857e-17
2.64242424242424e-09 -0.00100819658569014 0.000937204399690239 275776.86602783 276943.375797871 1.27745254217973e-16 4.25817514059909e-17
3.3030303030303e-09 -0.000809549965440137 0.00110047512691677 325630.332894206 217362.495621912 1.28189375488819e-16 4.27297918296063e-17
3.96363636363636e-09 -0.00058183738417246 0.00122180472930191 363774.729659312 149965.658388137 1.29477431728226e-16 4.31591439094088e-17
4.62424242424242e-09 -0.000333246969059743 0.0012968304166625 388838.453709463 77176.3308686962 1.31425823811018e-16 4.3808607937006e-17
5.28484848484848e-09 -7.27175759241322e-05 0.00132285440275457 399920.259453396 1611.88390547276 1.337568285517e-16 4.45856095172334e-17
5.94545454545454e-09 0.000190382635638943 0.00129894091272338 396621.665462336 -74010.5234494517 1.36138185278665e-16 4.53793950928885e-17
6.60606060606061e-09 0.000446593064114046 0.0012259498318525 379061.283132014 -146971.647994513 1.38230456164255e-16 4.60768187214185e-17
7.26666666666667e-09 0.000686700851961073 0.00110650578566463 347870.551634214 -214647.941381582 1.39735409584356e-16 4.65784698614521e-17
7.92727272727273e-09 0.000902072163091188 0.000944903763197096 304171.032521179 -274605.888107296 1.40438529958895e-16 4.68128433196317e-17
8.58787878787879e-09 0.00108496263979235 0.000746954677065918 249534.080427282 -324689.5102715 1.40239594734143e-16 4.67465315780476e-17
9.24848484848485e-09 0.00122879587564223 0.000519776413695843 185924.340035656 -363097.892592029 1.39166960073529e-16 4.63889866911764e-17
9.90909090909091e-09 0.00132839989103288 0.000271537887166964 115629.101055307 -388449.940018338 1.3737351897916e-16 4.57911729930534e-17
1.0569696969697e-08 0.00138019310808054 1.11653000327357e-05 41176.0514742999 -399834.039378867 1.35114907972104e-16 4.50383026573681e-17
1.1230303030303e-08 0.00138231313760361 -0.000251978826567898 -34757.6134686758 -396840.839320298 1.32713068744288e-16 4.42376895814295e-17
1.18909090909091e-08 0.00133468374722508 -0.000508432312015218 -109441.458319523 -379577.969832138 1.30510358692503e-16 4.35034528975011e-17
1.25515151515152e-08 0.00123901760254913 -0.000748973558885765 -180189.988864548 -348666.172069517 1.28820751404357e-16 4.2940250468119e-17
1.32121212121212e-08 0.00109875468284419 -0.000964953144698467 -244459.217581609 -305216.977638664 1.27885082963326e-16 4.26283609877753e-17
1.38727272727273e-08 0.000918938585691707 -0.00114860483929827 -299938.140769932 -250792.739957065 1.27836723250301e-16 4.26122410834335e-17
1.45333333333333e-08 0.000706035168458791 -0.00129332486426203 -344631.838008619 -187350.454887353 1.28682565443338e-16 4.28941884811125e-17
1.51939393939394e-08 0.000467700047914992 -0.00139390935267018 -376933.20583958 -117171.390751997 1.3030204346626e-16 4.34340144887535e-17
1.58545454545455e-08 0.000212503318281072 -0.00144674147062581 -395680.746263113 -42779.0581045084 1.3246431743867e-16 4.41547724795566e-17
1.65151515151515e-08 -5.03786136557385e-05 -0.00144992147197432 -400200.332077691 33151.5310860975 1.34861177518804e-16 4.49537258396013e-17
1.71757575757576e-08 -0.0003114929953154 -0.00140333500969409 -390329.447258898 107890.051964143 1.37150976035993e-16 4.57169920119975e-17
1.78363636363636e-08 -0.000561450631987062 -0.00130865724760589 -366423.030737876 178749.044266182 1.39007325840571e-16 4.63357752801903e-17
1.84969696969697e-08 -0.000791263505066551 -0.00116929262455136 -329340.713447735 243180.548467696 1.40165623423999e-16 4.67218744746664e-17
1.91575757575758e-08 -0.000992667964736159 -0.00099025243701042 -280415.907570345 298867.725738836 1.404607654185e-16 4.68202551395002e-17
1.98181818181818e-08 -0.00115842187567016 -0.000777974642062261 -221407.859477559 343808.167223479 1.39850682378397e-16 4.66168941261322e-17
2.04787878787879e-08 -0.001282565030951 -0.000540092360245443 -154438.390455241 376385.896992576 1.38422335345467e-16 4.61407784484889e-17
2.11393939393939e-08 -0.0013606334701888 -0.000285159402529866 -81915.5998977474 395429.479577519 1.36379320449812e-16 4.54597734832706e-17
2.18e-08 -0.0013898199953575 -2.23426909479e-05 -6447.2744661982 400254.142643112 1.34012848382464e-16 4.46709494608214e-17
2.24606060606061e-08 -0.00136907511249203 0.000238907367124868 69252.883141475 390686.400146002 1.31660235316452e-16 4.3886745105484e-17
2.31212121212121e-08 -0.00129914476956829 0.00048919669830238 142462.833967085 367070.290574906 1.29656821967177e-16 4.32189406557258e-17
2.37818181818182e-08 -0.00118254353358078 0.000719525356853815 210550.082325392 330255.005956959 1.28288174233894e-16 4.27627247446312e-17
2.44424242424242e-08 -0.00102346417132101 0.000921611146260992 271066.335525281 281564.356468439 1.27749378727588e-16 4.25831262425293e-17
2.51030303030303e-08 -0.00082762688516636 0.00108818743182926 321835.539988801 222749.168646511 1.28117235187729e-16 4.27057450625763e-17
2.57636363636364e-08 -0.000602073625083974 0.00121326443555609 361032.128150532 155924.328875085 1.29339309471919e-16 4.31131031573065e-17
2.64242424242424e-08 -0.000354914873013301 0.00129234461757265 387246.662522149 83492.7359456704 1.31241407501815e-16 4.37471358339383e-17
2.70848484848485e-08 -9.50380047968043e-05 0.00132258439943639 399536.516481922 8058.89721978609 1.33552404831443e-16 4.45174682771478e-17
2.77454545454545e-08 0.00016821228357052 0.00130289641400144 397459.769400803 -67664.72468338 1.35942892639182e-16 4.53142975463939e-17
2.84060606060606e-08 0.00042536999408635 0.00123398860514872 381091.097298497 -140955.24707257 1.38072131556033e-16 4.60240438520112e-17
2.90666666666667e-08 0.00066718820668415 0.00111833877142116 351019.087630623 -209177.277056752 1.3963662054651e-16 4.654554018217e-17
2.97272727272727e-08 0.000884971581535149 0.000960105468928314 308325.07476231 -269877.675444513 1.40413357849342e-16 4.68044526164474e-17
3.03878787878788e-08 0.00107088902753565 0.000764978477288624 254544.257165815 -320873.767134366 1.40291627577343e-16 4.67638758591144e-17
3.10484848484848e-08 0.0012182552939938 0.000539974205579986 191610.494496483 -360331.826111968 1.39288781124624e-16 4.6429593708208e-17
3.17090909090909e-08 0.00132177135999474 0.000293183395125869 121786.769543058 -386833.012877562 1.37547763904415e-16 4.5849254634805e-17
3.2369696969697e-08 0.00137771497748301 3.34801912624036e-05 47583.8155131745 -399424.39331458 1.35316739955498e-16 4.5105579985166e-17
3.3030303030303e-08 0.00138407451648217 -0.000229796954667335 -28330.1653322314 -397653.204454354 1.32913718719339e-16 4.43045729064463e-17
3.36909090909091e-08 0.00134062129962273 -0.000487181078912293 -103225.445343144 -381583.135002857 1.30681226075821e-16 4.35604086919403e-17
3.43515151515152e-08 0.00124891782496133 -0.000729417119983105 -174408.927484937 -351792.035211529 1.28937480813669e-16 4.29791602712231e-17
3.50121212121212e-08 0.0011122615814137 -0.000947794713704719 -239320.984173033 -309351.138441065 1.27931035825894e-16 4.26436786086312e-17
3.56727272727273e-08 0.000935566477095376 -0.00113446140195167 -295627.496790708 -255786.541572642 1.27805349459763e-16 4.26017831532542e-17
3.63333333333333e-08 0.000725186144189898 -0.0012827049926538 -341303.78631762 -193024.329360416 1.28578337009782e-16 4.28594456699273e-17
3.69939393939394e-08 0.000488685473977587 -0.001387194917924 -374707.417077451 -123321.315953033 1.30139817077333e-16 4.33799390257777e-17
3.76545454545455e-08 0.000234568597206645 -0.00144417391151195 -394637.255715308 -49183.8939921206 1.32267216792061e-16 4.40890722640202e-17
3.83151515151515e-08 -2.80269088659783e-05 -0.00145159311321382 -400376.661752268 26722.09067451 1.3465729727776e-16 4.48857657592533e-17
3.89757575757576e-08 -0.000289658591009486 -0.00140918574213103 -391719.256663857 101667.197924779 1.36969377224987e-16 4.56564590749957e-17
3.96363636363637e-08 -0.000540918653335507 -0.00131847668962244 -368976.344873636 172956.539027834 1.38873893496153e-16 4.6291297832051e-17
4.02969696969697e-08 -0.000772772244399839 -0.00118272768700529 -332965.719816545 238026.679904821 1.40099376949946e-16 4.66997923166488e-17
4.09575757575758e-08 -0.000976882333905354 -0.00100682001967365 -284982.257585473 294537.817521252 1.40471147566076e-16 4.68237158553586e-17
4.16181818181818e-08 -0.0011459094970351 -0.000797079005019876 -226751.355559626 340457.914916771 1.39936213279599e-16 4.66454044265332e-17
4.22787878787879e-08 -0.0012737758267203 -0.00056104654561142 -160366.890276303 374135.769530849 1.38570823452944e-16 4.61902744843146e-17
4.2939393939394e-08 -0.00135588348404169 -0.000307209936193902 -88215.9254673428 394360.38742127 1.36569600316125e-16 4.5523200105375e-17
4.36e-08 -0.00138928002809216 -4.46966761237897e-05 -12892.8776212623 400404.528387326 1.34217797576213e-16 4.47392658587376e-17
4.42606060606061e-08 -0.00137276458034193 0.000217053738783665 62893.7744797802 392050.856194877 1.31850640444985e-16 4.39502134816617e-17
4.49212121212122e-08 -0.00130693100602995 0.00046862924322746 136418.881694105 369599.753589089 1.29805542744257e-16 4.32685142480857e-17
4.55818181818182e-08 -0.00119414655985816 0.00070098364304284 205038.61589021 333858.521081328 1.28374012047431e-16 4.27913373491438e-17
4.62424242424243e-08 -0.00103846676385002 0.000905761899767647 266285.537161956 286112.347902032 1.27760098283044e-16 4.25866994276814e-17
4.69030303030303e-08 -0.000845489578209692 0.00107560056251604 317957.318446371 228078.0989509 1.28051308523091e-16 4.2683769507697e-17
4.75636363636364e-08 -0.000622154108930546 0.00120439254417991 358195.937169392 161842.579481005 1.29206133752919e-16 4.30687112509729e-17
4.82242424242425e-08 -0.000376491090258518 0.00128750672109096 385554.486333079 89787.4974056539 1.31059965552924e-16 4.3686655184308e-17
4.88848484848485e-08 -0.000117334114203768 0.00132195445974195 399049.202640018 14503.8214459551 1.33348559330135e-16 4.44495197767118e-17
4.95454545454546e-08 0.00014599800924175 0.00130649708257139 398194.840818888 -61301.3853568244 1.35745699658139e-16 4.5248566552713e-17
5.02060606060607e-08 0.00040403633943625 0.00124169040853897 383022.122155288 -134902.306667929 1.37909698919824e-16 4.59698996399413e-17
5.08666666666667e-08 0.000647502290843161 0.00112986476689421 354076.629810587 -203652.388219855 1.39532101351245e-16 4.6510700450415e-17
5.15272727272728e-08 0.000867641273965371 0.00097504120280666 312399.190651151 -265079.50305439 1.40381650227749e-16 4.67938834092498e-17
5.21878787878789e-08 0.00105653749434206 0.000782786887949524 259488.449021388 -316974.844678222 1.40337251123682e-16 4.67790837078941e-17
5.28484848484849e-08 0.00120739859001297 0.000560014935207364 197246.978239166 -357472.351697125 1.39405232673164e-16 4.64684108910547e-17
5.3509090909091e-08 0.00131479987240851 0.000314735815804008 127912.867545488 -385115.807964413 1.37718444488602e-16 4.59061481628674e-17
5.4169696969697e-08 0.00137487938821075 5.57693174353532e-05 53979.2445163569 -398911.205445275 1.35517320819349e-16 4.51724402731163e-17
5.48303030303031e-08 0.00138547678811832 -0.000207572599135215 -21895.3732365697 -398362.486924334 1.33115609130552e-16 4.43718697101839e-17
5.54909090909092e-08 0.0013462110090487 -0.000465820641123079 -96982.6734879547 -383489.383314156 1.30855648639631e-16 4.36185495465437e-17
5.61515151515152e-08 0.00125849397646849 -0.000709688682139844 -168582.654507172 -354826.704167792 1.29059573393513e-16 4.30198577978375e-17
5.68121212121213e-08 0.00112547983414074 -0.000930407674282798 -234120.712173188 -313405.106907209 1.27983395384415e-16 4.26611317948049e-17
5.74727272727274e-08 0.000951951526894724 -0.00112004096702951 -291240.218021164 -260714.036270924 1.27780512682205e-16 4.25935042274016e-17
5.81333333333334e-08 0.000744148814693964 -0.00127176969464789 -337887.259283888 -198648.166610394 1.2847984412249e-16 4.28266147074965e-17
5.87939393939395e-08 0.000509543902301345 -0.0013801379701133 -372384.493831381 -129439.272872051 1.29981707225019e-16 4.3327235741673e-17
5.94545454545455e-08 0.00025657275248757 -0.00144124906880892 -393491.464320416 -55575.9800596243 1.320720269026e-16 4.40240089675333e-17
6.01151515151516e-08 -5.66825573241749e-06 -0.00145290554760272 -400449.202767619 20285.7231609513 1.34452849655685e-16 4.48176165518952e-17
6.07757575757577e-08 -0.000267749416221034 -0.00141468826087607 -393007.52164746 95417.9889472578 1.36784813769084e-16 4.55949379230279e-17
6.14363636363637e-08 -0.000520246770672221 -0.00132797143223211 -371434.010177235 167119.198690427 1.38735521822506e-16 4.62451739408355e-17
6.20969696969698e-08 -0.000754080976884113 -0.00119587323993306 -336504.412299134 232811.108269996 1.40026920512746e-16 4.66756401709152e-17
6.27575757575759e-08 -0.00096084378526806 -0.00102314369292352 -289474.732349511 290131.55698823 1.40474934282749e-16 4.68249780942498e-17
6.34181818181819e-08 -0.00113310038409696 -0.000815993829212521 -232036.071444394 337019.406540497 1.40015703392761e-16 4.66719011309204e-17
6.4078787878788e-08 -0.00126465674171175 -0.000581872378327493 -166253.81858205 371788.655771973 1.38714686467239e-16 4.62382288224132e-17
6.4739393939394e-08 -0.00135078233255026 -0.000329197918649203 -94493.383039122 393189.066189821 1.36757330043423e-16 4.55857766811409e-17
6.54000000000001e-08 -0.00138838023817838 -6.70561607589653e-05 -19335.1385873087 400451.118248514 1.34422635081112e-16 4.48075450270375e-17
6.60606060606062e-08 -0.00137609850680236 0.000195126758065636 56518.3620193116 393313.681862662 1.32043388254929e-16 4.4014462751643e-17
6.67212121212122e-08 -0.001314378766978 0.000447923220475235 130339.565889288 372033.4061664 1.29958726647947e-16 4.33195755493156e-17
6.73818181818183e-08 -0.00120544034745707 0.000682243128893854 199473.997797936 337375.490880795 1.28465797260136e-16 4.28219324200453e-17
6.80424242424244e-08 -0.00105320047419193 0.000889660768771466 261435.710252481 290586.171133994 1.27777401769846e-16 4.25924672566152e-17
6.87030303030304e-08 -0.000863133414068066 0.00106271778184034 313996.673608765 233347.905129559 1.27991663850504e-16 4.26638879501681e-17
6.93636363636365e-08 -0.000642073630297643 0.00119519135501199 355266.891934718 167718.876032319 1.29078042653534e-16 4.30260142178447e-17
7.00242424242425e-08 -0.000397970027645564 0.00128231798133347 383762.363800933 96058.9834730851 1.30881686091157e-16 4.36272286970524e-17
7.06848484848486e-08 -0.000139600124379313 0.00132096474696897 398458.444252854 20944.9858820931 1.33145503403554e-16 4.43818344678513e-17
7.13454545454547e-08 0.000123745571204434 0.00130974198504073 398826.689165832 -54922.1550226185 1.35546810793696e-16 4.51822702645654e-17
7.20060606060607e-08 0.000382597630434673 0.00124905324550365 384853.857127551 -128814.395869474 1.37743326672766e-16 4.59144422242553e-17
7.26666666666668e-08 0.000627648207569743 0.00114108078422829 357042.385574953 -198074.707074263 1.39421960368556e-16 4.64739867895188e-17
7.33272727272729e-08 0.000850085732874942 0.000989707093078502 316392.324064643 -260212.614755378 1.40343439969942e-16 4.67811466566473e-17
7.39878787878789e-08 0.00104191176052429 0.000800375292618037 264365.374323285 -312993.753611167 1.40376418068706e-16 4.67921393562354e-17
7.4648484848485e-08 0.00119622857805644 0.000579893407468828 202832.330131859 -354520.210602034 1.39516193977179e-16 4.6505397992393e-17
7.53090909090911e-08 0.00130748723547578 0.000336189562220272 134005.80700925 -383298.770425704 1.37885383762756e-16 4.59617945875853e-17
7.59696969696971e-08 0.00137168707532659 7.80269005961187e-05 60360.6806124857 -398294.608803386 1.35716442592796e-16 4.52388141975986e-17
7.66303030303032e-08 0.0013865195890046 -0.000185311521136668 -15454.9052570501 -398968.502864684 1.33318530649271e-16 4.44395102164236e-17
7.72909090909092e-08 0.00135145142649634 -0.000444356535861433 -90714.7610523792 -385296.220613965 1.31033445535123e-16 4.36778151783743e-17
7.79515151515153e-08 0.00126774357466835 -0.000689793359510497 -162712.680261698 -357769.392268522 1.29186902553052e-16 4.30623008510173e-17
7.86121212121214e-08 0.00113840601449008 -0.000912796533632255 -228859.749635819 -317377.832136801 1.28042107350249e-16 4.26807024500829e-17
7.92727272727274e-08 0.000968089487633511 -0.00110534727270575 -286777.441764807 -265573.946709554 1.27762238669466e-16 4.2587412889822e-17
7.99333333333335e-08 0.000762918264324463 -0.00126052180497475 -334383.14256534 -204220.50878376 1.2838718890312e-16 4.27957296343733e-17
8.05939393939396e-08 0.000530269925807093 -0.00137274033859334 -369965.038267064 -135523.675566094 1.29827877844409e-16 4.32759592814697e-17
8.12545454545456e-08 0.000278510080040685 -0.00143796770071652 -392243.669099126 -61953.659302239 1.31878950151555e-16 4.39596500505183e-17
8.19151515151517e-08 1.66915497661757e-05 -0.00145385843492186 -400417.936319114 13844.0970291725 1.34248046632663e-16 4.47493488775544e-17
8.25757575757577e-08 -0.000245771150411644 -0.00141984113952478 -394193.908255936 89144.044998683 1.36597477031606e-16 4.55324923438687e-17
8.32363636363638e-08 -0.000499440342718606 -0.00133713901413608 -373795.389554131 161238.536453369 1.3859235428933e-16 4.61974514297767e-17
8.38969696969699e-08 -0.00073519454781077 -0.00120872587564526 -339955.873568936 227535.185583052 1.39948329238346e-16 4.66494430794486e-17
8.45575757575759e-08 -0.000944556476457869 -0.0010392192252143 -293892.167289251 285650.086363872 1.4047212164229e-16 4.68240405474301e-17
8.5218181818182e-08 -0.00111999785733064 -0.000834714211396751 -237260.637187938 333493.533450742 1.40089070299116e-16 4.6696356766372e-17
8.58787878787881e-08 -0.00125521013984337 -0.000602564459764169 -172097.649318507 369345.164152486 1.38853775224997e-16 4.62845917416658e-17
8.65393939393941e-08 -0.0013453313380735 -0.000351117650005054 -100746.345323168 391915.8195219 1.36942314985454e-16 4.56474383284848e-17
8.72000000000002e-08 -0.00138712085886649 -8.94153486591113e-05 -25772.387352841 400393.900149301 1.34627148512834e-16 4.48757161709446e-17
8.78606060606062e-08 -0.00137907602762775 0.000173132109048166 50128.2984425915 394474.549790161 1.32238278897069e-16 4.40794262990231e-17
8.85212121212123e-08 -0.00132148612174767 0.000427083997617156 124226.462478749 374370.617437057 1.30116214850591e-16 4.33720716168636e-17
8.91818181818184e-08 -0.00121642196871668 0.000663308672464337 193857.67055086 340805.003659913 1.28563434705154e-16 4.28544782350513e-17
8.98424242424244e-08 -0.00106766148296319 0.000873311927129115 256518.11200558 294984.666426113 1.27801271246993e-16 4.26004237489978e-17
9.05030303030305e-08 -0.000880553818973223 0.00104954242937377 309954.632184224 238557.221103567 1.27938363012129e-16 4.26461210040431e-17
9.11636363636366e-08 -0.000661827025496636 0.001185663253254 352245.751735718 173551.695231096 1.28955168984123e-16 4.2985056328041e-17
9.18242424242426e-08 -0.000419346117242224 0.00127677974336445 381870.759493236 102305.568406026 1.30706753964323e-16 4.35689179881076e-17
9.24848484848487e-08 -0.000161830263360278 0.00131961551767827 397764.394461278 27380.7208009542 1.32943447588811e-16 4.43144825296038e-17
9.31454545454548e-08 0.000101460737903465 0.00131263028024139 399355.150649138 -48528.6873529828 1.35346432262377e-16 4.51154774207922e-17
9.38060606060608e-08 0.000361059424585529 0.00125607520739261 386585.827379128 -122693.092831376 1.37573187316756e-16 4.58577291055854e-17
9.44666666666669e-08 0.00060763110358917 0.00115198391592275 359915.586118133 -192445.679508568 1.39306311797349e-16 4.64354372657829e-17
9.51272727272729e-08 0.000832309509143689 0.00100409933794111 320303.439872612 -255278.272178984 1.40298766693957e-16 4.67662555646524e-17
9.5787878787879e-08 0.00102701561747542 0.000817739131895196 269173.768838131 -308931.525941665 1.40409087802443e-16 4.68030292674808e-17
9.64484848484851e-08 0.00118474815369901 0.000599604469316811 208365.102297502 -351476.168102986 1.39621549987219e-16 4.65405166624062e-17
9.71090909090911e-08 0.00129983534483348 0.000357539072972643 140064.008476604 -381382.371287616 1.38048408637061e-16 4.60161362123537e-17
9.77696969696972e-08 0.00136813886636598 0.000100247170966054 66726.4695575458 -397574.763227745 1.35913898817825e-16 4.53046329392751e-17
9.84303030303033e-08 0.00138720264881831 -0.000163019491356299 -9010.43094037779 -399471.095179379 1.33522272877743e-16 4.45074242925811e-17
9.90909090909093e-08 0.00135634119350508 -0.000422794327214673 -84423.3328519725 -387003.178520286 1.31214432414833e-16 4.37381441382776e-17
9.97515151515154e-08 0.00127666422181028 -0.000669736309510713 -156800.526407529 -360619.336687907 1.29319336271942e-16 4.31064454239807e-17
1.00412121212121e-07 0.00115103677163973 -0.00089496585704585 -223539.460347332 -321268.284290031 1.28107110848305e-16 4.27023702827685e-17
1.01072727272728e-07 0.000983976175907788 -0.00109038412799068 -282240.324896169 -270365.013065881 1.27750546368827e-16 4.25835154562758e-17
1.01733333333334e-07 0.000781489627523039 -0.00124896423939722 -330792.34452555 -209739.911375932 1.28300467420587e-16 4.27668224735289e-17
1.0239393939394e-07 0.000550858171738634 -0.00136500394103397 -367449.677574025 -141572.946790389 1.29678488432417e-16 4.32261628108057e-17
1.03054545454546e-07 0.000300374893106419 -0.00143433065785574 -390894.193514331 -68315.2784498295 1.316881867292e-16 4.38960622430666e-17
1.03715151515152e-07 3.90467113523076e-05 -0.00145445152815661 -400282.870511877 7398.88212610393 1.3404310055727e-16 4.468103351909e-17
1.04375757575758e-07 -0.000223729490953211 -0.00142464304230909 -395278.108945198 82846.992458144 1.36407561251336e-16 4.54691870837787e-17
1.05036363636364e-07 -0.000478504763073904 -0.00134597705884459 -376059.870869744 155316.076746296 1.38444539338876e-16 4.61481797796253e-17
1.0569696969697e-07 -0.000716117853062459 -0.00122128226238468 -343319.208912118 222200.279508478 1.39863684613558e-16 4.66212282045193e-17
1.06357575757576e-07 -0.000928024629593864 -0.00105504244932521 -298233.417283878 281094.567368808 1.40462712560965e-16 4.68209041869883e-17
1.07018181818182e-07 -0.001106605313272 -0.000853235298733843 -242423.698438905 329881.209650933 1.40156237928702e-16 4.67187459762339e-17
1.07678787878788e-07 -0.00124543846993458 -0.000623117425963969 -177896.867603777 366805.928092723 1.38987945513015e-16 4.6329315171005e-17
1.08339393939394e-07 -0.00133953191365933 -0.000372963448063298 -106973.191379416 390540.977478116 1.37124363341881e-16 4.57081211139603e-17
1.09e-07 -0.00138550221662228 -0.000111768443706832 -32202.9552056628 400232.888922194 1.3483112582306e-16 4.49437086076866e-17
