0 -0.00139 0 0 400000 1.33808e-16 4.46026666666667e-17
4.41295546558704e-10 -0.00137885229851479 0.000175808509458883 50522.610400877 396783.519932921 1.33799382641092e-16 4.45997942136974e-17
8.82591093117409e-10 -0.00134558847585725 0.00034878959608628 100232.695955298 387185.808451793 1.33774082686808e-16 4.45913608956025e-17
1.32388663967611e-09 -0.00129074349414005 0.000516161308796595 148330.79916667 371361.219794959 1.33733721129448e-16 4.45779070431493e-17
1.76518218623482e-09 -0.00121519939231556 0.000675231908701202 194043.387083774 349564.251332342 1.33680883972649e-16 4.45602946575496e-17
2.20647773279352e-09 -0.0011201711008723 0.000823443158730843 236635.29156736 322145.450636855 1.33618956543651e-16 4.4539652181217e-17
2.64777327935223e-09 -0.00100718690283643 0.000958411466228331 275421.532558478 289545.777838 1.33551906592141e-16 4.45173021973802e-17
3.08906882591093e-09 -0.000878063855312361 0.0010779662168399 309778.334202001 252289.51392453 1.33484030072728e-16 4.44946766909092e-17
3.53036437246964e-09 -0.000734878566842886 0.00118018468320422 339153.156659656 210975.829047703 1.33419675899019e-16 4.4473225299673e-17
3.97165991902834e-09 -0.000579933800559315 0.00126342294702355 363073.582276897 166269.14642704 1.33362967304559e-16 4.44543224348529e-17
4.41295546558705e-09 -0.000415721440222894 0.00132634233721591 381154.913192754 118888.456830112 1.33317537663306e-16 4.4439179221102e-17
4.85425101214575e-09 -0.000244882414752574 0.00136793095895939 393106.358204843 69595.7554751847 1.33286297695886e-16 4.44287658986286e-17
5.29554655870445e-09 -7.01642257488772e-05 0.0013875199673897 398735.709389892 19183.7873190612 1.3327124897693e-16 4.44237496589768e-17
5.73684210526316e-09 0.000105623238926763 0.00138479432423109 397952.433268514 -31536.7021846764 1.33273355692276e-16 4.44244518974254e-17
6.17813765182186e-09 0.000279652894893489 0.00135979786436802 390769.126800867 -81750.005818622 1.33292482862653e-16 4.44308276208844e-17
6.61943319838057e-09 0.000449125927553812 0.00131293259087496 377301.314797296 -130648.573131572 1.33327404991937e-16 4.44424683306455e-17
7.06072874493927e-09 0.000611316803750436 0.00124495220984206 357765.592002083 -177445.997788171 1.33375884585857e-16 4.44586281952856e-17
7.50202429149798e-09 0.000763617104881618 0.00115695000897204 332476.139730063 -221389.664870427 1.334348155104e-16 4.44782718368001e-17
7.94331983805668e-09 0.000903577476533365 0.0010503412748897 301839.673076936 -261772.854732118 1.33500422004791e-16 4.45001406682638e-17
8.38461538461539e-09 0.00102894701997768 0.000926840531935792 266348.899964282 -297946.108747067 1.335685005981e-16 4.45228335327e-17
8.82591093117409e-09 0.00113770949202703 0.00078843396850022 226574.597213509 -329327.674162773 1.33634689429651e-16 4.45448964765504e-17
9.2672064777328e-09 0.00122811573106445 0.000637347494345202 183156.431084518 -355412.860081068 1.33694747717616e-16 4.45649159058721e-17
9.7085020242915e-09 0.00129871178776092 0.000476010942633363 136792.669906823 -375782.154099191 1.33744827469964e-16 4.45816091566548e-17
1.01497975708502e-08 0.00134836230807055 0.000307018992378066 88228.9542487391 -390107.969076194 1.33781720028999e-16 4.45939066763331e-17
1.05910931174089e-08 0.00137626879244886 0.000133089439776774 38246.3052272535 -398159.911520485 1.3380306165313e-16 4.46010205510435e-17
1.10323886639676e-08 0.00138198243764211 -4.29805104754211e-05 -12351.4361862465 -399808.486870198 1.3380748496406e-16 4.46024949880199e-17
1.14736842105263e-08 0.00136541135452095 -0.000218359230951531 -62750.5368582822 -395027.182076575 1.33794706556019e-16 4.45982355186732e-17
1.1914979757085e-08 0.00132682204587812 -0.000390226210858549 -112140.458275302 -383892.891997434 1.33765545153851e-16 4.45885150512838e-17
1.23562753036437e-08 0.00126683512042387 -0.000555817416621175 -159726.891948544 -366584.682743276 1.33721869156521e-16 4.45739563855071e-17
1.27975708502024e-08 0.00118641531190825 -0.000712469744176314 -204744.53380114 -343380.911864418 1.33666476927009e-16 4.45554923090029e-17
1.32388663967611e-08 0.00108685596388671 -0.000857663848078753 -246469.392094663 -314654.751693422 1.3360291749851e-16 4.45343058328366e-17
1.36801619433198e-08 0.000969758229651251 -0.000989064658623192 -284230.430954098 -280868.187838258 1.33535263184482e-16 4.45117543948272e-17
1.41214574898786e-08 0.000837005321842227 -0.00110455893537006 -317420.362235426 -242564.589344802 1.3346784866162e-16 4.44892828872066e-17
1.45627530364373e-08 0.000690732225868706 -0.00120228925312427 -345505.412176678 -200359.970018312 1.33404993242969e-16 4.44683310809897e-17
1.5004048582996e-08 0.000533291364218432 -0.00128068387379079 -368033.905761259 -154933.0814428 1.33350724135402e-16 4.44502413784675e-17
1.54453441295547e-08 0.000367214763857615 -0.00133848202369592 -384643.530736388 -107014.497026328 1.33308518412617e-16 4.44361728042057e-17
1.58866396761134e-08 0.000195173335159599 -0.00137475416985425 -395067.164463794 -57374.8626269874 1.33281080235694e-16 4.44270267452312e-17
1.63279352226721e-08 1.99339172549792e-05 -0.00138891696909022 -399137.169892924 -6812.50271769141 1.33270167594907e-16 4.44233891983023e-17
1.67692307692308e-08 -0.000155685219382961 -0.00138074264959666 -396788.091567098 43859.4185875965 1.33276479673603e-16 4.44254932245343e-17
1.72105263157895e-08 -0.000328859697492253 -0.00135036267405212 -388057.708304373 93825.975164681 1.33299612050855e-16 4.44332040169516e-17
1.76518218623482e-08 -0.000496804455788071 -0.00129826562538551 -373086.425623461 142283.584847308 1.33338082613097e-16 4.4446027537699e-17
1.80931174089069e-08 -0.000656818539433269 -0.00122528934918977 -352115.01768597 188452.932957266 1.33389426514562e-16 4.44631421715206e-17
1.85344129554656e-08 -0.000806328537875364 -0.00113260747915365 -325480.755069948 231591.505555025 1.33450354102308e-16 4.44834513674361e-17
1.89757085020243e-08 -0.000942929971465266 -0.00102171056221493 -293611.980649424 271005.530846171 1.33516961687437e-16 4.45056538958122e-17
1.9417004048583e-08 -0.00106442596126159 -0.000894382086987759 -257021.220812828 306061.136697143 1.33584981658175e-16 4.45283272193916e-17
1.98582995951417e-08 -0.0011688625601173 -0.000752669800984847 -216296.942808428 336194.544820644 1.33650055909852e-16 4.45500186366174e-17
2.02995951417004e-08 -0.00125456017683991 -0.000598852777922133 -172094.09077846 360921.137683764 1.3370801507284e-16 4.45693383576132e-17
2.07408906882591e-08 -0.00132014058804951 -0.000435404764742912 -125123.552685237 379843.252321147 1.33755145648054e-16 4.45850485493514e-17
2.11821862348178e-08 -0.00136454910331887 -0.000264954397829156 -76140.7275263436 392656.575710003 1.33788427934403e-16 4.45961426448011e-17
2.16234817813765e-08 -0.00138707152712712 -9.02429282188883e-05 -25933.3767055428 399155.038853964 1.33805729503925e-16 4.46019098346417e-17
2.20647773279352e-08 -0.00138734564483805 8.59198642904343e-05 24691.0450614852 399234.130867186 1.33805941828489e-16 4.46019806094964e-17
2.25060728744939e-08 -0.00136536704798091 0.000260700859145475 74918.3755571351 392892.579760247 1.33789051304258e-16 4.45963504347527e-17
2.29473684210526e-08 -0.00132148920514915 0.000431289158415957 123940.838744598 380232.372896798 1.33756140123296e-16 4.45853800410985e-17
2.33886639676114e-08 -0.00125641777737705 0.000594941292780477 170970.035745465 361457.116791945 1.33709316936486e-16 4.45697723121622e-17
2.38299595141701e-08 -0.00117119926941644 0.000749025343098444 215249.624186116 336868.762630766 1.33651581750254e-16 4.45505272500847e-17
2.42712550607288e-08 -0.00106720419942832 0.000891063267987344 256067.481998563 306862.750168469 1.33586633713276e-16 4.45288779044252e-17
2.47125506072875e-08 -0.000946105057761155 0.00101877075667631 292767.160052632 271921.648109943 1.33518634108484e-16 4.45062113694946e-17
2.51538461538462e-08 -0.000809849409291503 0.0011300939662064 324758.439433678 232607.393246652 1.33451939735684e-16 4.44839799118946e-17
2.55951417004049e-08 -0.000660628571906014 0.00122324255215536 351526.823579453 189552.253164195 1.33390823767216e-16 4.44636079224055e-17
2.60364372469636e-08 -0.000500842374849905 0.00129671846167325 372641.812619793 143448.657861875 1.33339201961715e-16 4.4446400653905e-17
2.64777327935223e-08 -0.000333060563712303 0.00134934002576822 387763.826847874 95038.0638162454 1.33300381777698e-16 4.44334605925661e-17
2.6919028340081e-08 -0.000159981472748919 0.00138026096338022 396649.667977003 45099.029581222 1.33276850461536e-16 4.44256168205119e-17
2.73603238866397e-08 1.56113708096865e-05 0.00138898399161181 399156.430352823 -5565.30530226457 1.33270115687191e-16 4.44233718957303e-17
2.78016194331984e-08 0.000190894012557373 0.00137536882323084 395243.799219261 -56140.1367178914 1.33280608958106e-16 4.44268696527021e-17
2.82429149797571e-08 0.000363047486877709 0.00133963442282586 384974.699076573 -105812.099979937 1.33307657960365e-16 4.44358859867882e-17
2.86842105263158e-08 0.000529303152677545 0.00128235548532991 368514.281704336 -153782.350689777 1.33349529638485e-16 4.44498432128283e-17
2.91255060728745e-08 0.000686987219781461 0.00120445319354659 346127.27012442 -199279.412071305 1.33403541233948e-16 4.44678470779826e-17
2.95668016194332e-08 0.000833563749895778 0.00110718040331941 318173.701219365 -241571.5821693 1.33466232172103e-16 4.44887440573678e-17
3.00080971659919e-08 0.000966675440583424 0.000992101494602547 285103.135475105 -279978.701373194 1.33533585784502e-16 4.45111952615006e-17
3.04493927125506e-08 0.00108418153634544 0.000861067212476138 247447.426969258 -313883.091016219 1.33601286660689e-16 4.45337622202298e-17
3.08906882591093e-08 0.00118419225710793 0.000716184902723004 205812.169880928 -342739.48713101 1.33664997140689e-16 4.45549990468964e-17
3.1331983805668e-08 0.00126509919042176 0.000559784620650113 160866.959082676 -366083.809603012 1.33720635233029e-16 4.45735450776765e-17
3.17732793522267e-08 0.00132560115859547 0.000394381658206328 113334.621447718 -383540.625692672 1.33764636151847e-16 4.45882120506156e-17
3.22145748987854e-08 0.00136472514475581 0.000222636092050332 63979.5910587784 -394829.187895053 1.33794180716131e-16 4.45980602387105e-17
3.26558704453442e-08 0.00138184194129464 4.73100031328746e-05 13595.6152731362 -399767.949033607 1.33807375977353e-16 4.46024586591178e-17
3.30971659919029e-08 0.00137667626903754 -0.000128776944194835 -37007.0106401346 -398277.481974543 1.33803376502488e-16 4.46011255008295e-17
3.35384615384616e-08 0.00134931120439378 -0.000302792849152034 -87014.4749930745 -390381.75700579 1.33782438541722e-16 4.4594146180574e-17
3.39797570850203e-08 0.00130018684328815 -0.000471939118290475 -135622.537724201 -376207.756337235 1.33745903610253e-16 4.45819678700844e-17
3.4421052631579e-08 0.00123009322336217 -0.000633495473594634 -182049.464509146 -355983.431921984 1.33696112536132e-16 4.45653708453774e-17
3.48623481781377e-08 0.00114015761827244 -0.000784863701081784 -225548.598925009 -330034.039441795 1.33636255481165e-16 4.45454184937217e-17
3.53036437246964e-08 0.00103182640842444 -0.000923609436319415 -265420.370477873 -298776.907414995 1.33570167544191e-16 4.45233891813971e-17
3.57449392712551e-08 0.000906841819703746 -0.00104750131484861 -301023.545375542 -262714.725552175 1.33502083042628e-16 4.45006943475425e-17
3.61862348178138e-08 0.000767213904301925 -0.00115454685788055 -331785.539106102 -222427.460299022 1.33436364215697e-16 4.44787880718988e-17
3.66275303643725e-08 0.000615188214252466 -0.00124302451613809 -357211.624971263 -178563.027583755 1.33377221731581e-16 4.44590739105271e-17
3.70688259109312e-08 0.000453209687564009 -0.00131151135650038 -376892.890479178 -131826.872773785 1.33328444905882e-16 4.44428149686274e-17
3.75101214574899e-08 0.000283883327748494 -0.00135890594618301 -390512.813638842 -82970.625420904 1.33293158916537e-16 4.44310529721792e-17
3.79514170040486e-08 0.000109932309111811 -0.00138444606642098 -397852.353393465 -32780.0112539257 1.33273624570679e-16 4.44245415235598e-17
3.83927125506073e-08 -6.58458184255756e-05 -0.001387720970776 -398793.472326434 17937.7841770369 1.33271093452556e-16 4.44236978175185e-17
3.8834008097166e-08 -0.000240624120646403 -0.00136867799092518 -393321.034986308 68367.0969817345 1.33285727733329e-16 4.44285759111095e-17
3.92753036437247e-08 -0.000411591742924416 -0.00132762338369406 -381523.051301199 117696.902763003 1.33316589780613e-16 4.44388632602045e-17
3.97165991902834e-08 -0.000575999115513747 -0.00126521740571173 -363589.261167882 165133.859835801 1.33361702233483e-16 4.44539007444942e-17
4.01578947368421e-08 -0.000731202173230326 -0.00118246369489943 -339808.082978813 209915.06806579 1.33418174693875e-16 4.44727248979584e-17
4.05991902834008e-08 -0.000874704878366675 -0.0010806931295637 -310561.975162075 251320.338134713 1.33482388917167e-16 4.44941296390558e-17
4.10404858299595e-08 -0.00100419936296958 -0.000961542424678602 -276321.285331829 288683.773913327 1.33550230636572e-16 4.4516743545524e-17
4.14817813765182e-08 -0.00111760304489643 -0.00082692780958036 -237636.685969685 321404.481669533 1.33617353168153e-16 4.45391177227176e-17
4.1923076923077e-08 -0.00121309212073498 -0.000679014210399974 -195130.318289401 348956.23388194 1.33679455907025e-16 4.45598186356749e-17
4.23643724696357e-08 -0.00128913089693992 -0.000520180432854513 -149485.786712812 370895.932241526 1.3373255987123e-16 4.45775199570767e-17
4.28056680161944e-08 -0.00134449648747132 -0.000352980905341246 -101437.164869857 386870.733736033 1.33773262638923e-16 4.45910875463076e-17
4.32469635627531e-08 -0.00137829848073744 -0.00018010459759753 -51757.1899325774 396623.725212549 1.33798956344793e-16 4.45996521149311e-17
4.36882591093118e-08 -0.00138999325955045 -4.33177561300603e-06 -1244.83514656677 399998.05515768 1.33807994768499e-16 4.46026649228331e-17
4.41295546558705e-08 -0.00137939274379564 0.00017151071172109 49287.5395766225 396939.456246386 1.33799798809577e-16 4.45999329365257e-17
4.45708502024292e-08 -0.00134666741521114 0.000344594895127478 99027.2523567939 387497.118090824 1.33774893590964e-16 4.45916311969881e-17
4.50121457489879e-08 -0.00129234357563236 0.000512137165476893 147174.369220449 371822.896153312 1.33734874813871e-16 4.45782916046235e-17
4.54534412955466e-08 -0.00121729488279515 0.000671443040904473 192954.568959192 350168.869545997 1.33682306519672e-16 4.45607688398906e-17
4.58947368421053e-08 -0.00112272829982237 0.000819950500545812 235631.596073389 322883.286993649 1.33620556809324e-16 4.4540185603108e-17
4.6336032388664e-08 -0.00101016468435975 0.000955271187982165 274519.101527865 290404.966158262 1.33553582045909e-16 4.45178606819698e-17
4.67773279352227e-08 -0.000881414329534344 0.00107522882174452 308991.680891857 253256.236397729 1.33485673366665e-16 4.44952244555549e-17
4.72186234817814e-08 -0.000738547850095787 0.00117789419514342 338494.932343439 212034.538456014 1.33421181745708e-16 4.44737272485692e-17
4.76599190283401e-08 -0.000583862881960916 0.00126161620254329 362554.372781572 167402.816181917 1.33364239222959e-16 4.44547464076532e-17
4.81012145748988e-08 -0.000419847130713144 0.00132504839310423 380783.068653283 120078.85480071 1.33318494160389e-16 4.44394980534629e-17
4.85425101214575e-08 -0.00024913836332535 0.0013671706249435 392887.858773971 70823.7372047825 1.33286877487966e-16 4.44289591626555e-17
4.89838056680162e-08 -7.44819865354242e-05 0.00138730547146564 398674.069062939 20429.6039138786 1.33271414916175e-16 4.44238049720584e-17
4.94251012145749e-08 0.000101313105883967 0.00138512911600817 398048.643369896 -30293.0864458618 1.33273097146799e-16 4.44243657155996e-17
4.98663967611336e-08 0.000275419706879536 0.00136067655959086 391021.640041217 -80528.5912619852 1.3329181639771e-16 4.44306054659033e-17
5.03076923076923e-08 0.000445037764393039 0.00131434105801521 377706.070157593 -129469.003034988 1.33326373308575e-16 4.44421244361915e-17
5.07489878542511e-08 0.00060743941291943 0.00124686779736731 358316.080044584 -176327.242470157 1.33374553785017e-16 4.44581845950057e-17
5.11902834008098e-08 0.00076001284413198 0.00115934190963684 333163.507285689 -220349.716601885 1.33433270857768e-16 4.44777569525892e-17
5.16315789473685e-08 0.000900304311029384 0.00105317102118999 302652.865625481 -260828.43837743 1.33498762467739e-16 4.44995874892463e-17
5.20728744939272e-08 0.00102605759007736 0.000930062614758719 267274.839417629 -297112.412788134 1.33566832504756e-16 4.45222775015854e-17
5.25141700404859e-08 0.00113525026669876 0.000791996569019916 227598.392242684 -328618.106431763 1.33633119656354e-16 4.45443732187848e-17
5.29554655870446e-08 0.00122612626055448 0.000641193317393875 184261.616607999 -354838.832130297 1.33693376841245e-16 4.45644589470816e-17
5.33967611336033e-08 0.00129722406753045 0.000480078138145125 137961.471888578 -375352.897675966 1.3374374332388e-16 4.45812477746268e-17
5.3838056680162e-08 0.0013474002642319 0.000311242150086453 89442.5755473837 -389830.387654161 1.33780992075481e-16 4.45936640251603e-17
5.42793522267207e-08 0.00137584789697619 0.000137400641168841 39485.2278992077 -398038.469275198 1.33802736532857e-16 4.46009121776189e-17
5.47206477732794e-08 0.00138210945954492 -3.86505998663874e-05 -11107.1369913776 -399845.136884463 1.33807583507798e-16 4.46025278359326e-17
5.51619433198381e-08 0.00136608425098214 -0.000214080246481362 -61520.8724582876 -395221.334930191 1.33795222449978e-16 4.4598407483326e-17
5.56032388663968e-08 0.00132802999510741 -0.000386066968868523 -110945.204625341 -384241.425246483 1.3376644534421e-16 4.45888151147367e-17
5.60445344129555e-08 0.00126855869569818 -0.000551844807706067 -158585.271596316 -367081.991136517 1.33723095967222e-16 4.45743653224073e-17
5.64858299595142e-08 0.00118862679400001 -0.000708747657423073 -203674.906742183 -344018.997489179 1.33667951755115e-16 4.45559839183715e-17
5.69271255060729e-08 0.00108951978685558 -0.000854252143576627 -245488.960499547 -315423.352601239 1.33604545850372e-16 4.45348486167905e-17
5.73684210526316e-08 0.000972831552829832 -0.000986018204769811 -283354.962516237 -281754.943081633 1.33536940730036e-16 4.45123135766788e-17
5.78097165991903e-08 0.000840438718816795 -0.0011019267264559 -316663.93658872 -243555.237770912 1.33469467918917e-16 4.44898226396389e-17
5.8251012145749e-08 0.000694470479374606 -0.00120011362138685 -344880.1944612 -201438.579622576 1.33406450464643e-16 4.44688168215476e-17
5.86923076923077e-08 0.000537274354166227 -0.0012789998086107 -367549.950978607 -156082.305593756 1.33351925955864e-16 4.44506419852882e-17
5.91336032388664e-08 0.000371378434208433 -0.00133731660888357 -384308.62204112 -108215.853441106 1.33309387830079e-16 4.44364626100264e-17
5.95748987854251e-08 0.000199450724099994 -0.00137412614807721 -394886.687991624 -58609.0306107793 1.33281561545747e-16 4.44271871819156e-17
6.00161943319838e-08 2.42562341036207e-05 -0.00138883644044613 -399114.028138728 -8059.63388690076 1.33270229959555e-16 4.44234099865182e-17
6.04574898785425e-08 -0.000151387487856009 -0.00138121090917941 -396922.656705832 42619.3810957037 1.33276119097083e-16 4.44253730323609e-17
6.08987854251012e-08 -0.000324655669125941 -0.00135137219112365 -388347.816205604 92612.9741294802 1.3329885163565e-16 4.44329505452166e-17
6.13400809716599e-08 -0.000492761741449607 -0.00129980016448812 -373527.410655781 141117.128237055 1.33336971079737e-16 4.44456570265792e-17
6.17813765182186e-08 -0.000653002155673086 -0.00122732423125127 -352699.787751547 187351.780194139 1.33388035080055e-16 4.44626783600182e-17
6.22226720647773e-08 -0.000802799861304927 -0.00113510997838612 -326199.905662484 230573.365818593 1.33448771917195e-16 4.44829239723984e-17
6.2663967611336e-08 -0.000939745751673835 -0.00102464043242385 -294453.946101189 270086.778267272 1.33515290123833e-16 4.45050967079443e-17
6.31052631578947e-08 -0.00106163740814661 -0.000897692208827512 -257972.460298357 305256.54702256 1.33583327814762e-16 4.45277759382539e-17
6.35465587044534e-08 -0.00116651452030631 -0.000756306939750843 -217342.1581135 335517.05778363 1.33648525749961e-16 4.45495085833203e-17
6.39878542510121e-08 -0.00125269041244917 -0.000602758439692662 -173216.472332103 360381.64890207 1.3370670663528e-16 4.456890221176e-17
6.44291497975708e-08 -0.00131877916937848 -0.000439516137101805 -126305.049897976 379450.438069336 1.33754142765674e-16 4.45847142552246e-17
6.48704453441295e-08 -0.00136371792524763 -0.00026920536004021 -77362.339087007 392416.75338413 1.33787794862837e-16 4.45959316209457e-17
6.53117408906882e-08 -0.00138678395699417 -9.45651146060145e-05 -27175.4561679584 399072.065372684 1.33805506804674e-16 4.4601835601558e-17
6.57530364372469e-08 -0.0013876063074614 8.15959648590379e-05 23448.4733164802 399309.340643241 1.33806143770108e-16 4.46020479233694e-17
6.61943319838056e-08 -0.00136617175127989 0.000256444785351474 73695.2950657894 393124.763239911 1.33789664948154e-16 4.45965549827179e-17
6.66356275303643e-08 -0.00132282500756316 0.000427169358141964 122756.919577015 380617.796012399 1.33757126152716e-16 4.4585708717572e-17
6.7076923076923e-08 -0.00125826319599689 0.0005910240223038 169844.318163664 361989.581014639 1.33710612175582e-16 4.45702040585275e-17
6.75182186234817e-08 -0.00117352462548109 0.000745373601531111 214200.212430912 337539.704657759 1.33653103211816e-16 4.45510344039387e-17
6.79595141700404e-08 -0.00106997209563062 0.000887735784099162 255111.253129919 307661.379641482 1.33588283915804e-16 4.45294279719348e-17
6.84008097165991e-08 -0.000949270979686291 0.00101582104439527 291919.492526026 272835.121150071 1.33520307321923e-16 4.45067691073075e-17
6.88421052631578e-08 -0.000813362441315647 0.0011275694639863 324032.965777625 233621.019014767 1.33453528755645e-16 4.4484509585215e-17
6.92834008097165e-08 -0.000664432216041763 0.00122118386005153 350935.211151721 190649.730124905 1.3339222678367e-16 4.44640755945566e-17
6.97246963562752e-08 -0.000504875459369534 0.00129515868839629 372193.575968289 144612.33595134 1.33340329082052e-16 4.44467763606841e-17
7.01659919028339e-08 -0.00033725822693598 0.00134830425621639 387466.174693873 96249.2282975677 1.3330116078624e-16 4.443372026208e-17
7.06072874493926e-08 -0.000164276206176209 0.00137976585521411 396507.387281605 46338.2020223412 1.33277231446459e-16 4.44257438154862e-17
7.10485829959513e-08 1.12886368010951e-05 0.00138903750735916 399171.809331132 -4318.05376863096 1.33270074238426e-16 4.44233580794753e-17
7.148987854251e-08 0.00018661279790635 0.00137597010222997 395416.590540392 -54904.8648902263 1.33280147731316e-16 4.44267159104386e-17
7.19311740890687e-08 0.000358876643792194 0.00134077379506719 385302.123841324 -104608.673994296 1.3330680650679e-16 4.44356021689301e-17
7.23724696356274e-08 0.000525309758325776 0.00128401462697294 368991.074136561 -152630.124524635 1.33348342511573e-16 4.44494475038577e-17
7.28137651821861e-08 0.0006832354975301 0.0012066054216112 346745.762257346 -198196.916289127 1.33402094494057e-16 4.44673648313523e-17
7.32550607287448e-08 0.000830114036444018 0.00110979110481224 318923.946214907 -240576.225900616 1.33464618513243e-16 4.44882061710812e-17
7.36963562753035e-08 0.000963583215604039 0.000995128683177041 285973.067592895 -279086.492335994 1.33531908595342e-16 4.45106361984472e-17
7.41376518218622e-08 0.00108149653023847 0.000864462203673749 248423.055612713 -313108.378073422 1.33599653400345e-16 4.4533217800115e-17
7.45789473684209e-08 0.0011819576512165 0.000719893096936157 206877.804599625 -342094.729526307 1.33663512453715e-16 4.45545041512383e-17
7.50202429149796e-08 0.00126335092257241 0.00056374638121495 162005.461912458 -365579.376586321 1.33719394244741e-16 4.45731314149138e-17
7.54615384615383e-08 0.00132436734513164 0.000398533270503413 114527.682530295 -383184.629757709 1.33763718373554e-16 4.45879061245178e-17
7.5902834008097e-08 0.00136402562835956 0.000226910788188666 65208.0231081934 -394627.354310963 1.33793644950767e-16 4.45978816502557e-17
7.63441295546557e-08 0.0013816879718687 5.16390357378481e-05 14839.6621533864 -399723.52376889 1.33807256551918e-16 4.46024188506393e-17
7.67854251012144e-08 0.00137707032277986 -0.00012446319635864 -35767.3561890133 -398391.179494091 1.33803681068684e-16 4.46012270228946e-17
7.72267206477731e-08 0.00135024694397432 -0.000298563761504264 -85799.1495902425 -390651.748780577 1.337831475857e-16 4.45943825285668e-17
7.76680161943318e-08 0.00130164921976836 -0.000467862704711736 -134451.086719325 -376629.700251451 1.33746971702888e-16 4.45823239009627e-17
7.81093117408905e-08 0.00123205871821806 -0.000629637292600033 -180940.727646258 -356550.542104681 1.33697471243705e-16 4.45658237479018e-17
7.85506072874492e-08 0.00114259462162889 -0.000781285801482641 -224520.407354207 -330737.195399982 1.33637817749981e-16 4.45459392499937e-17
7.89919028340079e-08 0.00103469572741784 -0.000920369359329444 -264489.259987618 -299604.800713053 1.33571833278191e-16 4.45239444260636e-17
7.94331983805666e-08 0.000910097308797359 -0.00104465116868308 -300204.490457497 -263654.041678651 1.33503745516638e-16 4.45012485055459e-17
7.98744939271253e-08 0.00077080320741686 -0.00115213247973111 -331091.712129354 -223463.092795928 1.33437916913416e-16 4.44793056378052e-17
8.0315789473684e-08 0.000619053606779102 -0.0012410847350007 -356654.184339015 -179678.320994675 1.33378565170179e-16 4.44595217233931e-17
8.07570850202427e-08 0.000457289004712279 -0.00131007736871186 -376480.801174842 -133003.890503593 1.33329493009961e-16 4.44431643366538e-17
8.11983805668014e-08 0.000288110964306926 -0.00135800081370905 -390252.703047585 -84190.4381992682 1.33293844533066e-16 4.44312815110219e-17
8.16396761133601e-08 0.000114240274536799 -0.00138408434596437 -397748.404717946 -34023.0015634098 1.33273903771549e-16 4.44246345905163e-17
8.20809716599188e-08 -6.15268065586275e-05 -0.00138790847966995 -398847.357310868 16691.6066042032 1.332709483491e-16 4.44236494496999e-17
8.25222672064775e-08 -0.000236363522415393 -0.00136941171357658 -393531.887030801 67137.7736721664 1.33285167622464e-16 4.44283892074881e-17
8.29635627530362e-08 -0.000407458078975762 -0.00132889152008149 -381887.479398762 116504.204186307 1.3331565054918e-16 4.44385501830602e-17
8.34048582995949e-08 -0.000572058865085924 -0.00126699956115814 -364101.404439956 163996.967447966 1.33360444058939e-16 4.44534813529795e-17
8.38461538461535e-08 -0.000727518705008136 -0.00118473120806747 -340459.704932268 208852.265825336 1.33416678188668e-16 4.44722260628892e-17
8.42874493927122e-08 -0.00087133743136069 -0.00108340953339883 -311342.596151787 250348.718452749 1.33480749963819e-16 4.44935833212728e-17
8.47287449392709e-08 -0.00100120209381066 -0.000964664032886875 -277218.351098532 287818.962766551 1.33548554244393e-16 4.4516184748131e-17
8.51700404858296e-08 -0.0011150241568671 -0.00083040441920888 -238635.769542592 320660.387297023 1.33615746745195e-16 4.45385822483985e-17
8.56113360323883e-08 -0.00121097308854494 -0.000682789909220886 -196215.352006523 348344.823107281 1.33678022378347e-16 4.45593407927823e-17
8.6052631578947e-08 -0.00128750579971319 -0.000524194498567832 -150639.320627534 370427.038017566 1.33731391084387e-16 4.45771303614623e-17
8.64939271255057e-08 -0.00134339146067207 -0.000357168782135199 -102640.647387962 386551.897007396 1.33772433479207e-16 4.45908111597355e-17
8.69352226720644e-08 -0.00137773129584905 -0.000184398934360962 -52991.2661664113 396460.073639147 1.33798519937262e-16 4.45995066457539e-17
8.73765182186231e-08 -0.00138997303826735 -8.66350910291092e-06 -2489.65818809332 399992.220649633 1.338079790742e-16 4.46026596914001e-17
8.78178137651818e-08 -0.0013799198113246 0.000167211246176842 48051.9894699039 397091.532636588 1.3380020483406e-16 4.46000682780199e-17
8.82591093117405e-08 -0.00134773329504116 0.000340396843254999 97820.8457963339 387804.659625884 1.33775695319851e-16 4.45918984399504e-17
8.87004048582992e-08 -0.0012939311258573 0.000508108042027024 146016.50811952 372280.956827146 1.33736020879624e-16 4.45786736265414e-17
8.91417004048579e-08 -0.00121937857179674 0.000667647643853536 191863.874503552 350770.082643468 1.33683723492761e-16 4.45612411642538e-17
8.95829959514166e-08 -0.00112527461687992 0.000816449868988611 234625.609247917 323617.983565039 1.33622153902927e-16 4.45407179676422e-17
9.00242914979753e-08 -0.00101313267858295 0.00095212162047683 273614.001015421 291261.330519183 1.33555256932709e-16 4.45184189775695e-17
9.0465587044534e-08 -0.000884756268451908 0.00107248097089655 308202.022881226 254220.496153698 1.33487318735059e-16 4.44957729116863e-17
9.09068825910927e-08 -0.000742209987308145 0.00117559225299023 337833.416430876 213091.185995605 1.33422692175368e-16 4.44742307251228e-17
9.13481781376514e-08 -0.000587786321511336 0.00125979718984012 362031.63773081 168534.858076387 1.33365517939211e-16 4.44551726464038e-17
9.17894736842101e-08 -0.000423968774276084 0.0013237415639416 380407.521298678 121268.085099116 1.33319459234657e-16 4.44398197448857e-17
9.22307692307688e-08 -0.000253391924978991 0.00136639699627116 392665.538818425 72051.0302293735 1.33287467087019e-16 4.44291556956729e-17
9.26720647773275e-08 -7.87990587984012e-05 0.00138707748508961 398608.55194498 21675.2218469047 1.33271591263835e-16 4.44238637546117e-17
9.31133603238862e-08 9.70019518960636e-05 0.00138545043849664 398140.982762044 -29049.1761306647 1.33272848944303e-16 4.44242829814344e-17
9.35546558704449e-08 0.000271183804871048 0.00136154202330691 391270.3509044 -79306.3936282872 1.3329115954763e-16 4.44303865158768e-17
9.39959514170036e-08 0.000440945237835848 0.00131573674422489 378107.152624141 -128288.173954423 1.33325349895925e-16 4.44417832986416e-17
9.44372469635623e-08 0.000603556079464012 0.00124877126008626 358863.083745704 -175206.772508727 1.33373229380826e-16 4.44577431269419e-17
9.4878542510121e-08 0.0007564011571016 0.00116172253661559 333847.635088874 -219307.625606073 1.33431730317879e-16 4.44772434392931e-17
9.53198380566797e-08 0.000897022355020752 0.00105599052623241 303463.115113519 -259881.485671817 1.3349710449602e-16 4.44990348320067e-17
9.57611336032384e-08 0.00102315814682089 0.000933275653455978 268198.179833882 -296275.827645229 1.33565163329043e-16 4.4521721109681e-17
9.62024291497971e-08 0.00113277996620165 0.000795551467997387 228619.974056932 -327905.34314875 1.33631546222333e-16 4.45438487407777e-17
9.66437246963558e-08 0.00122412483117828 0.000645032905343051 185365.010332531 -354261.353651638 1.3369199996034e-16 4.45639999867801e-17
9.70850202429145e-08 0.00129572369706362 0.000484140665275483 139128.932303787 -374919.99124174 1.33742651214171e-16 4.45808837380569e-17
9.75263157894732e-08 0.00134642508223295 0.000315462281210311 90655.3270874977 -389549.01543895 1.33780254709481e-16 4.45934182364938e-17
9.79676113360319e-08 0.00137541358671242 0.000141710506447997 40723.7666084508 -397913.156419611 1.33802401154313e-16 4.4600800384771e-17
9.84089068825906e-08 0.00138222300576787 -3.43203134107454e-05 -9862.7297883584 -399877.898720011 1.33807671604734e-16 4.46025572015781e-17
9.88502024291493e-08 0.00136674382759598 -0.00020979918024958 -60290.6098163114 -395411.644567918 1.3379572837794e-16 4.45985761259799e-17
9.9291497975708e-08 0.001329224994537 -0.000381903972681603 -109748.872120733 -384586.222050608 1.33767336687908e-16 4.45891122293028e-17
9.97327935222667e-08 0.00127026989948429 -0.000547866832535282 -157442.109127352 -367575.729946801 1.33724315617412e-16 4.45747718724707e-17
1.00174089068825e-07 0.00119082668187829 -0.000705018678657644 -202603.299105335 -344653.737800415 1.33669421567641e-16 4.45564738558802e-17
1.00615384615384e-07 0.00109217297934848 -0.000850832132145901 -244506.141717834 -316188.886265632 1.33606171652938e-16 4.45353905509792e-17
1.01056680161943e-07 0.000975895380233515 -0.00098296216266677 -282476.738674763 -282638.958480322 1.33538618355915e-16 4.45128727853049e-17
1.01497975708501e-07 0.000843863907432398 -0.00109928380217308 -315904.431634888 -244543.517814353 1.33471089881011e-16 4.44903632936702e-17
1.0193927125506e-07 0.000698201943947588 -0.00119792631949064 -344251.623057736 -202515.230395466 1.33407912842288e-16 4.44693042807626e-17
1.02380566801619e-07 0.000541252083789489 -0.00127730330616583 -367062.422062458 -157230.011967345 1.33353135053124e-16 4.4451045017708e-17
1.02821862348178e-07 0.000375538457441746 -0.00133613818972154 -383969.976247493 -109416.157542026 1.33310266178934e-16 4.4436755392978e-17
1.03263157894736e-07 0.000203726137784316 -0.00137348476400674 -394702.371557742 -59842.6286679557 1.33282052869544e-16 4.44273509565148e-17
1.03704453441295e-07 2.85782793244813e-05 -0.00138874240646262 -399087.00531527 -9306.68668252449 1.33270302778709e-16 4.44234342595696e-17
1.04145748987854e-07 -0.000147088319960119 -0.00138166573757502 -397053.362084663 41378.9291639311 1.33275768746001e-16 4.44252562486669e-17
1.04587044534412e-07 -0.000320448519494234 -0.00135236856716604 -388634.147730496 91399.0725061224 1.33298100561661e-16 4.44327001872203e-17
1.05028340080971e-07 -0.000488714271146729 -0.00130132206405889 -373964.763428522 139949.299373986 1.33335867404871e-16 4.44452891349572e-17
1.0546963562753e-07 -0.000649179457736795 -0.00122934717855226 -353281.128089758 186248.80558266 1.33386649517817e-16 4.44622165059391e-17
1.05910931174088e-07 -0.000799263413893796 -0.00113760143956897 -326915.884218115 229552.983937963 1.33447193241886e-16 4.44823977472954e-17
1.06352226720647e-07 -0.000936552429350893 -0.0010275603388124 -295293.048220476 269165.399307392 1.33513619482691e-16 4.45045398275637e-17
1.06793522267206e-07 -0.00105883856719986 -0.000900993601318276 -258921.191205096 304448.988968722 1.33581672247365e-16 4.45272240824551e-17
1.07234817813765e-07 -0.00116415517281633 -0.000759936724028123 -218385.259937437 334836.308107751 1.33646991330099e-16 4.45489971100329e-17
1.07676113360323e-07 -0.00125080850238681 -0.000606658240112581 -174337.169492116 359838.655692965 1.33705391674702e-16 4.45684638915673e-17
1.08117408906882e-07 -0.00131740496237477 -0.000443623235512781 -127485.318893682 379053.933961174 1.33753131515164e-16 4.45843771717212e-17
1.08558704453441e-07 -0.00136287352184976 -0.00027345370444138 -78583.1983599151 392173.115114713 1.33787152114183e-16 4.45957173713945e-17
1.08999999999999e-07 -0.00138648293723562 -9.88863814219566e-05 -28417.2713704877 398985.211230198 1.33805273739399e-16 4.4601757913133e-17
