0 -0.00139 0 0 400000 1.33808e-16 4.46026666666667e-17
2.01478743068392e-10 -0.00138766884999263 8.05239543624399e-05 23140.4064951874 399329.528625321 1.33807624371576e-16 4.4602541457192e-17
4.02957486136784e-10 -0.00138068321481727 0.000160777963693 46203.2380896074 397320.362160605 1.33806502519045e-16 4.46021675063484e-17
6.04436229205176e-10 -0.00136906651281601 0.000240492987911883 69111.1799412447 393979.23604886 1.338046494732e-16 4.46015498243998e-17
8.05914972273567e-10 -0.00135285768731965 0.000319401793809737 91787.4364537774 389317.350937172 1.33802090061498e-16 4.4600696687166e-17
1.00739371534196e-09 -0.00133211107609576 0.000397239850908738 114155.988722823 383350.335128138 1.33798858575423e-16 4.4599619525141e-17
1.20887245841035e-09 -0.00130689622918907 0.000473746218263158 136141.849378434 376098.192188218 1.33794998311036e-16 4.45983327703454e-17
1.41035120147874e-09 -0.00127729767576492 0.000548664419226539 157671.313969525 367585.233888645 1.3379056098889e-16 4.45968536629635e-17
1.61182994454714e-09 -0.00124341464073733 0.000621743301252938 178672.208047493 357839.998703687 1.33785606061067e-16 4.45952020203557e-17
1.81330868761553e-09 -0.00120536071213166 0.000692737877849895 199074.129120729 346895.156139499 1.33780199914626e-16 4.45933999715421e-17
2.01478743068392e-09 -0.00116326346029703 0.000761410149860581 218808.682668891 334787.397214278 1.33774414982142e-16 4.45914716607139e-17
2.21626617375231e-09 -0.00111726401024498 0.000827529903321908 237809.711425749 321557.311456881 1.33768328771232e-16 4.45894429237442e-17
2.4177449168207e-09 -0.00106751656854807 0.000890875481223894 256013.51716195 307249.250836231 1.33762022826104e-16 4.45873409420347e-17
2.61922365988909e-09 -0.0010141879063844 0.00095123452658306 273359.07422421 291911.181077694 1.33755581635003e-16 4.45851938783343e-17
2.82070240295749e-09 -0.000957456800461125 0.00100840469433883 289788.23411509 275594.52086485 1.33749091498225e-16 4.45830304994084e-17
3.02218114602588e-09 -0.000897513433691122 0.00106219432968636 305245.920427505 258353.969465715 1.33742639371852e-16 4.45808797906173e-17
3.22365988909427e-09 -0.000834558757631998 0.00111242311057189 319680.313480499 240247.323361273 1.33736311702693e-16 4.45787705675643e-17
3.42513863216266e-09 -0.000768803818824751 0.00115892265219657 333043.024037308 221335.282491046 1.33730193270057e-16 4.45767310900189e-17
3.62661737523105e-09 -0.000700469051290452 0.00120153707150242 345289.255523349 201681.246765235 1.33724366049861e-16 4.4574788683287e-17
3.82809611829945e-09 -0.000629783537556736 0.00124012350974799 356377.954200327 181351.103525596 1.33718908116305e-16 4.45729693721016e-17
4.02957486136784e-09 -0.000556984240691418 0.00127455261142179 366271.946793015 160413.006667555 1.33713892595815e-16 4.45712975319383e-17
4.23105360443623e-09 -0.000482315209917723 0.00130470895788818 374938.065107339 138937.14816403 1.33709386687283e-16 4.45697955624276e-17
4.43253234750462e-09 -0.000406026762474194 0.00133049145431183 382347.257222003 116995.522756888 1.33705450761724e-16 4.45684835872415e-17
4.63401109057301e-09 -0.000328374644461979 0.00135181366856361 388474.684880896 94661.6866048744 1.33702137553415e-16 4.45673791844715e-17
4.83548983364141e-09 -0.000249619173492631 0.00136860412097204 393299.806759787 72010.5106971243 1.33699491453345e-16 4.4566497151115e-17
5.0369685767098e-09 -0.000170024366010572 0.00138080652394857 396806.447328183 49117.9298588819 1.33697547914465e-16 4.45658493048218e-17
5.23844731977819e-09 -8.98570522157489e-05 0.00138837997068371 398982.851075471 26060.6881908702 1.33696332976677e-16 4.45654443255591e-17
5.43992606284658e-09 -9.38598155358488e-06 0.00139129907228125 399821.721919588 2916.08179567641 1.33695862917947e-16 4.45652876393156e-17
5.64140480591497e-09 7.11190782290765e-05 0.00138955404287087 399320.247666096 -20238.3003463685 1.3369614403621e-16 4.45653813454033e-17
5.84288354898337e-09 0.00015138824544173 0.00138315073241392 397480.109435655 -43324.8364831414 1.33697172564991e-16 4.45657241883303e-17
6.04436229205176e-09 0.000231152429189948 0.00137211060709223 394307.476028309 -66266.1323065413 1.33698934723866e-16 4.45663115746221e-17
6.24584103512015e-09 0.000310144231464092 0.00135647067734579 389812.983243469 -88985.2804058301 1.33701406903099e-16 4.45671356343662e-17
6.44731977818854e-09 0.000388098843552866 0.00133628337380059 384011.698224914 -111406.118088719 1.33704555979963e-16 4.45681853266542e-17
6.64879852125693e-09 0.000464754933776622 0.00131161637150242 376923.06895035 -133453.482705896 1.33708339762531e-16 4.45694465875102e-17
6.85027726432532e-09 0.00053985552356441 0.001282552363046 368570.859034849 -155053.463623044 1.33712707554968e-16 4.45709025183226e-17
7.05175600739372e-09 0.000613148848937859 0.00124918878135982 358983.06806673 -176133.649995673 1.33717600836765e-16 4.45725336122549e-17
7.25323475046211e-09 0.00068438920451388 0.00121163747307629 348191.837742944 -196623.373516102 1.33722954046806e-16 4.4574318015602e-17
7.4547134935305e-09 0.000753337767196794 0.00117002432358182 336233.344118642 -216453.945318854 1.33728695461771e-16 4.45762318205904e-17
7.65619223659889e-09 0.00081976339679858 0.00112448883500416 323147.676332118 -235558.886250243 1.33734748157096e-16 4.45782493856986e-17
7.85767097966728e-09 0.000883443410903274 0.00107518365855142 308978.702211721 -253874.149730222 1.33741031037623e-16 4.45803436792076e-17
8.05914972273567e-09 0.000944164331377893 0.00102227408277076 293773.921215231 -271338.336459375 1.3374745992413e-16 4.45824866413768e-17
8.26062846580406e-09 0.00100172260002733 0.00096593747944224 277584.305194731 -287892.900251283 1.33753948681181e-16 4.45846495603935e-17
8.46210720887246e-09 0.00105592526099404 0.000906362708965239 260464.127520765 -303482.344300232 1.33760410371179e-16 4.45868034570596e-17
8.66358595194085e-09 0.001106590607615 0.000843749487231049 242470.781138632 -318054.407226312 1.3376675841918e-16 4.45889194730601e-17
8.86506469500924e-09 0.00115354879156721 0.000778307716103917 223664.586166752 -331560.238274214 1.33772907772836e-16 4.45909692576121e-17
9.06654343807763e-09 0.00119664239225993 0.000710256779755087 204108.5876821 -343954.561078392 1.33778776041944e-16 4.45929253473146e-17
9.26802218114602e-09 0.00123572694456468 0.000639824809208769 183868.344370613 -355195.825445603 1.33784284602322e-16 4.45947615341074e-17
9.46950092421441e-09 0.00127067142311391 0.000567247917565532 163011.708751076 -365246.346645981 1.33789359649238e-16 4.45964532164127e-17
9.6709796672828e-09 0.00130135868154476 0.000492769408466925 141608.599709263 -374072.431745697 1.33793933186252e-16 4.45979777287508e-17
9.87245841035119e-09 0.0013276858452155 0.000416638960454845 119730.768104882 -381644.492557703 1.33797943936251e-16 4.45993146454169e-17
1.00739371534196e-08 0.00134956465607804 0.00033911178995996 97451.5562370888 -387937.14483189 1.33801338162446e-16 4.46004460541487e-17
1.0275415896488e-08 0.00136692176855042 0.000260447795725153 74845.6519749208 -392929.293352155 1.33804070388354e-16 4.46013567961179e-17
1.04768946395564e-08 0.00137969899539732 0.000180910687532187 51988.8383769109 -396604.202655092 1.33806104007094e-16 4.46020346690312e-17
1.06783733826248e-08 0.00138785350279451 0.000100767102152401 28957.7396392284 -398949.55313324 1.33807411771858e-16 4.46024705906192e-17
1.08798521256931e-08 0.00139135795392307 2.02857094851024e-05 5829.56422402827 -399957.482334805 1.33807976160966e-16 4.46026587203219e-17
1.10813308687615e-08 0.00139020060061215 -6.02636881198201e-05 -17318.1539708671 -399624.611321399 1.33807789612626e-16 4.4602596537542e-17
1.12828096118299e-08 0.00138438532272311 -0.000140611060335658 -40407.8155332638 -397952.055995451 1.33806854626248e-16 4.4602284875416e-17
1.14842883548983e-08 0.00137393161514272 -0.000220487054096904 -63362.0156775187 -394945.423359306 1.33805183728957e-16 4.46017279096523e-17
1.16857670979667e-08 0.00135887452242946 -0.000299623896566854 -86103.8037330048 -390614.792718546 1.3380279930775e-16 4.46009331025834e-17
1.18872458410351e-08 0.00133926452133158 -0.000377756292807715 -108556.941110221 -384974.681892566 1.33799733309554e-16 4.45999111031847e-17
1.20887245841035e-08 0.00131516735157104 -0.000454622315143913 -130646.156879752 -378043.99854566 1.33796026813193e-16 4.45986756043977e-17
1.22902033271719e-08 0.00128666379546051 -0.00052996428123714 -152297.400107284 -369845.976801784 1.33791729479007e-16 4.45972431596688e-17
1.24916820702403e-08 0.00125384940709225 -0.000603529617929508 -173438.088098766 -360408.099355479 1.33786898883491e-16 4.45956329611635e-17
1.26931608133087e-08 0.00121683419200664 -0.000675071707958912 -193997.349723502 -349762.005340073 1.33781599747878e-16 4.45938665826261e-17
1.28946395563771e-08 0.0011757422384144 -0.000744350716708105 -213906.262999472 -337943.384262012 1.33775903070991e-16 4.45919676903303e-17
1.30961182994455e-08 0.00113071130120859 -0.000811134396215925 -233098.086144414 -324991.856356902 1.33769885177983e-16 4.45899617259944e-17
1.32975970425138e-08 0.00108189234016108 -0.000875198863755344 -251508.481318093 -310950.839768336 1.33763626697724e-16 4.45878755659081e-17
1.34990757855822e-08 0.00102944901385147 -0.000936329352368265 -269075.730305709 -295867.404994785 1.33757211482517e-16 4.4585737160839e-17
1.37005545286506e-08 0.000973557131025192 -0.000994320930841012 -285740.941419371 -279792.117092486 1.33750725484628e-16 4.45835751615427e-17
1.3902033271719e-08 0.000914404061219801 -0.00104897919070689 -301448.246924055 -262778.866163331 1.33744255604684e-16 4.45814185348948e-17
1.41035120147874e-08 0.000852188106635442 -0.00110012089797276 -316144.990326191 -244884.686696009 1.33737888527362e-16 4.45792961757872e-17
1.43049907578558e-08 0.0007871178373551 -0.00114757460738474 -329781.902897017 -226169.566366054 1.33731709559967e-16 4.45772365199888e-17
1.45064695009242e-08 0.000719411392143252 -0.00119118123717392 -342313.268838944 -206696.244935738 1.33725801489473e-16 4.45752671631577e-17
1.47079482439926e-08 0.000649295747166876 -0.00123079460235521 -353697.078541226 -186530.003928007 1.33720243473328e-16 4.45734144911092e-17
1.4909426987061e-08 0.000577005955090342 -0.00126628190479155 -363895.169411159 -165738.447779513 1.33715109978882e-16 4.4571703326294e-17
1.51109057301294e-08 0.000502784357094993 -0.0012975241783807 -372873.353808722 -144391.27720642 1.33710469785666e-16 4.4570156595222e-17
1.53123844731978e-08 0.000426879770465024 -0.00132441668787207 -380601.533655738 -122560.055542725 1.33706385063866e-16 4.45687950212887e-17
1.55138632162661e-08 0.000349546654463147 -0.00134686927997661 -387053.801335379 -100317.968834429 1.33702910541358e-16 4.45676368471194e-17
1.57153419593345e-08 0.00027104425729233 -0.00136480668559285 -392208.52654374 -77739.5804937849 1.33700092770452e-16 4.45666975901507e-17
1.59168207024029e-08 0.000191635747003307 -0.00137816877213579 -396048.428802337 -54900.5813361378 1.33697969504175e-16 4.45659898347251e-17
1.61182994454713e-08 0.000111587329261353 -0.00138691074512276 -398560.635388441 -31877.5358372951 1.33696569190451e-16 4.45655230634837e-17
1.63197781885397e-08 3.11673549298878e-05 -0.00139100329834054 -399736.724489036 -8747.62546208141 1.33695910590948e-16 4.4565303530316e-17
1.65212569316081e-08 -4.93545795373791e-05 -0.0013904327120902 -399572.753433742 14411.610075476 1.33696002529706e-16 4.45653341765688e-17
1.67227356746765e-08 -0.000129708535879978 -0.0013852008991805 -398069.271912053 37522.5327529402 1.33696843774914e-16 4.45656145916379e-17
1.69242144177449e-08 -0.000209625138960058 -0.0013753253985154 -395231.320130582 60507.6665098229 1.33698423055407e-16 4.45661410184691e-17
1.71256931608133e-08 -0.000288836479803987 -0.00136083931629743 -391068.41191649 83289.9569749883 1.33700719211689e-16 4.45669064038962e-17
1.73271719038817e-08 -0.000367077013728835 -0.00134179121504388 -385594.502823743 105793.029780404 1.33703701479421e-16 4.45679004931403e-17
1.75286506469501e-08 -0.000444084450542921 -0.00131824495078792 -378827.94334911 127941.446595278 1.33707329901617e-16 4.45691099672057e-17
1.77301293900184e-08 -0.000519600633836139 -0.00129027945901037 -370791.417414757 149660.958022266 1.3371155586399e-16 4.45705186213301e-17
1.79316081330868e-08 -0.000593372406412373 -0.0012579884900198 -361511.866323638 170878.752507949 1.33716322746297e-16 4.45721075820989e-17
1.81330868761552e-08 -0.000665152458962764 -0.00122148029466807 -351020.398442635 191523.700433145 1.33721566680946e-16 4.45738555603152e-17
1.83345656192236e-08 -0.000734700159134774 -0.00118087726145478 -339352.184916211 211526.592564776 1.33727217408708e-16 4.45757391362362e-17
1.8536044362292e-08 -0.0008017823582177 -0.00113631550623742 -326546.341760181 230820.372069916 1.33733199220065e-16 4.45777330733551e-17
1.87375231053604e-08 -0.000866174172740366 -0.00108794441592238 -312645.79873087 249340.359314228 1.33739431969576e-16 4.45798106565254e-17
1.89390018484288e-08 -0.000927659738360766 -0.00103592614766676 -297697.155409245 267024.468691179 1.33745832149684e-16 4.45819440498945e-17
1.91404805914972e-08 -0.000986032933520377 -0.000980435085269669 -281750.524982493 283813.416755148 1.33752314009564e-16 4.45841046698546e-17
1.93419593345656e-08 -0.00104109807043718 -0.000921657254575559 -264859.366246734 299650.920960695 1.33758790704032e-16 4.45862635680106e-17
1.9543438077634e-08 -0.00109267055112096 -0.000859789699849158 -247080.304394054 314483.888341742 1.33765175457109e-16 4.45883918190365e-17
1.97449168207024e-08 -0.00114057748621161 -0.000795039823212794 -228472.941184659 328262.593498133 1.33771382724667e-16 4.45904609082224e-17
1.99463955637707e-08 -0.00118465827456599 -0.000727624689360459 -209099.655140498 340940.845292933 1.3377732934056e-16 4.45924431135201e-17
2.01478743068391e-08 -0.00122476514165028 -0.000657770297879495 -189025.392430203 352476.141701594 1.33782935630903e-16 4.45943118769678e-17
2.03493530499075e-08 -0.00126076363493295 -0.000585710825619319 -168317.449146347 362829.812293913 1.33788126481558e-16 4.45960421605193e-17
2.05508317929759e-08 -0.0012925330746176 -0.000511687841647056 -147045.245704934 371967.147871117 1.33792832344525e-16 4.45976107815082e-17
2.07523105360443e-08 -0.00131996695820474 -0.000435949497421815 -125280.094123382 379857.516823477 1.33796990169762e-16 4.45989967232539e-17
2.09537892791127e-08 -0.00134297331752617 -0.000358749694902439 -103094.958957196 386474.467818404 1.33800544249939e-16 4.46001814166464e-17
2.11552680221811e-08 -0.00136147502705507 -0.000280347235377528 -80564.2126967367 391795.818474747 1.33803446966819e-16 4.46011489889397e-17
2.13567467652495e-08 -0.00137541006245835 -0.000201004951871162 -57763.3864440942 395803.72972606 1.33805659429251e-16 4.4601886476417e-17
2.15582255083179e-08 -0.00138473170852429 -0.000120988828032805 -34768.9167058752 398484.765623509 1.33807151994245e-16 4.46023839980816e-17
2.17597042513863e-08 -0.00138940871576863 -4.05671064651871e-05 -11657.8891507568 399829.938377978 1.33807904664132e-16 4.46026348880441e-17
2.19611829944547e-08 -0.00138942540519398 3.99906105206227e-05 11492.2198091854 399834.738490336 1.338079073545e-16 4.46026357848334e-17
2.21626617375231e-08 -0.00138478172085144 0.000120414264708382 34603.8027470597 398499.149868894 1.33807160029302e-16 4.46023866764341e-17
2.23641404805914e-08 -0.00137549323002813 0.000200434247308192 57599.3813889493 395827.649883346 1.33805672701343e-16 4.46018909004476e-17
2.25656192236598e-08 -0.0013615910710601 0.000279782302781375 80401.8663487363 391829.194355032 1.33803465298123e-16 4.46011550993744e-17
2.27670979667282e-08 -0.00134312184894552 0.000358192428128773 102934.815559235 386517.187533826 1.3380056739485e-16 4.46001891316166e-17
2.29685767097966e-08 -0.00132014747910811 0.000435401764627737 125122.690533283 379909.437162305 1.33797017818178e-16 4.45990059393928e-17
2.3170055452865e-08 -0.00129274497983449 0.000511151479028362 146891.109595703 372028.094777845 1.33792864126009e-16 4.45976213753364e-17
2.33715341959334e-08 -0.00126100621408145 0.00058518763125492 168167.09723723 362899.58145276 1.33788161970295e-16 4.45960539900985e-17
2.35730129390018e-08 -0.00122503758151851 0.000657262025703615 188879.328754454 352554.499221441 1.33782974351409e-16 4.45943247838031e-17
2.37744916820702e-08 -0.00118495966183829 0.000727133043282821 208958.369355687 341027.528491409 1.3377737077405e-16 4.45924569246833e-17
2.39759704251386e-08 -0.00114090681053028 0.000794566451406504 228336.906931156 328357.311782223 1.33771426316007e-16 4.4590475438669e-17
2.4177449168207e-08 -0.00109302670847336 0.000859336189225446 246949.977707225 314586.324181954 1.33765220622254e-16 4.45884068740847e-17
2.43789279112754e-08 -0.00104147986685677 0.000921225125463881 264735.184028142 299760.730955537 1.3375883683785e-16 4.45862789459501e-17
2.45804066543437e-08 -0.000986439089089289 0.000980025786321023 281632.903535253 283930.232782328 1.33752360493946e-16 4.45841201646488e-17
2.47818853974121e-08 -0.000928088891500596 0.00103554105099729 297586.489042423 267147.899141686 1.33745878361824e-16 4.45819594539413e-17
2.49833641404805e-08 -0.000866624884776635 0.00108758481251356 312542.458437623 249469.990405143 1.33739477290315e-16 4.45798257634384e-17
2.51848428835489e-08 -0.000802253118202816 0.0011359826016082 326450.673974051 230955.76923156 1.33733243042187e-16 4.4577747680729e-17
2.53863216266173e-08 -0.000735189388913264 0.00118057217162028 339264.510349757 211667.301897544 1.33727259145076e-16 4.45757530483586e-17
2.55878003696857e-08 -0.000665658518461819 0.00122120404239829 350941.011012294 191669.250229138 1.33721605772367e-16 4.45738685907891e-17
2.57892791127541e-08 -0.000593893599139952 0.00125774200141095 361441.032164408 171028.654832307 1.33716358669018e-16 4.45721195563393e-17
2.59907578558225e-08 -0.00052013521256822 0.00129006356038022 370729.373988018 149814.710348903 1.33711588136712e-16 4.45705293789039e-17
2.61922365988909e-08 -0.000444630623180817 0.00131806036590574 378774.898646569 128098.533491524 1.33707358091943e-16 4.4569119363981e-17
2.63937153419593e-08 -0.000367632949306949 0.00134163856270406 385550.634670174 105952.924634923 1.33703725209652e-16 4.45679084032172e-17
2.65951940850277e-08 -0.000289400314627863 0.00136071910824508 391033.8673736 83452.1237631662 1.33700738163882e-16 4.4566912721294e-17
2.6796672828096e-08 -0.000210194982854148 0.00137523803773083 395206.215004006 60671.5615907123 1.33698436975639e-16 4.45661456585462e-17
2.69981515711644e-08 -0.000130282478524187 0.00138514667852823 398053.690363134 37687.6066917402 1.33696852476677e-16 4.45656174922256e-17
2.71996303142328e-08 -4.99306968711393e-05 0.0013904118133372 399566.747697394 14577.3094854332 1.33696005896414e-16 4.45653352988045e-17
2.74011090573012e-08 3.05909942574804e-05 0.00139101579154689 399740.31469863 -8581.8560645229 1.33695908577491e-16 4.45653028591638e-17
2.76025878003696e-08 0.00011101265741696 0.00138695658840678 398573.809508312 -31712.2521703146 1.33696561823807e-16 4.45655206079358e-17
2.7804066543438e-08 0.000191064690492036 0.00137824781181442 396071.142668135 -54736.3374895723 1.33697956883044e-16 4.45659856276813e-17
2.80055452865064e-08 0.000270478730499401 0.00136491865669689 392240.70401048 -77576.9270716224 1.33700075063934e-16 4.45666916879779e-17
2.82070240295748e-08 0.000348988553236192 0.00134701380713896 387095.334532711 -100157.451108987 1.33702887986688e-16 4.4567629328896e-17
2.84085027726432e-08 0.000426330965758528 0.0013245932865861 380652.283349561 -122402.211626705 1.33706357963236e-16 4.45687859877453e-17
2.86099815157116e-08 0.000502246688698185 0.0012977322566245 372933.149867951 -144236.636248957 1.33710438502175e-16 4.45701461673916e-17
2.881146025878e-08 0.000576481225459568 0.00126652076501258 363963.811378064 -165587.528192284 1.33715074931672e-16 4.45716916438908e-17
2.90129390018483e-08 0.00064878571538312 0.00123106344380878 353774.336303437 -186383.311647328 1.33720205131969e-16 4.45734017106562e-17
2.92144177449167e-08 0.00071891776801507 0.00119147915860754 342398.883400873 -206554.271726485 1.33725760367669e-16 4.45752534558898e-17
2.94158964879851e-08 0.000786642275686731 0.00114790061005943 329875.587248096 -226032.78817309 1.33731666208676e-16 4.45772220695586e-17
2.96173752310535e-08 0.000851732201679314 0.00110047388901121 316246.430403043 -244753.56204865 1.33737843527413e-16 4.45792811758043e-17
2.98188539741219e-08 0.000913969341332027 0.00104935798675718 301557.102663342 -262653.834638189 1.33744209558995e-16 4.45814031863318e-17
3.00203327171903e-08 0.000973145053541977 0.000994724262043584 285856.847897806 -279673.597839854 1.33750679010127e-16 4.45835596700425e-17
3.02218114602587e-08 0.0010290609602036 0.000936755866612997 269198.298963413 -295755.795333495 1.33757165201879e-16 4.45857217339597e-17
3.04232902033271e-08 0.00108152961124286 0.000875647131214277 251637.301261184 -310846.513853802 1.33763581231026e-16 4.45878604103419e-17
3.06247689463955e-08 0.00113037511301681 0.000811602914136562 233232.725522469 -324895.163926821 1.33769841134396e-16 4.45899470447985e-17
3.08262476894639e-08 0.00117543371797185 0.000744837914451173 214046.270453248 -337854.649463917 1.33775861040618e-16 4.45919536802061e-17
3.10277264325323e-08 0.00121655437358395 0.000675575952263709 194142.255898048 -349681.525644673 1.33781560293852e-16 4.45938534312839e-17
3.12292051756007e-08 0.00125359922874063 0.000604049218389173 173587.407216873 -360336.144559436 1.33786862534423e-16 4.45956208448076e-17
3.1430683918669e-08 0.00128644409586708 0.000530497495965501 152450.631597979 -369782.788123252 1.33791696721909e-16 4.45972322406362e-17
3.16321626617374e-08 0.00131497886724723 0.00045516735661491 130802.787056394 -377989.78781564 1.33795998086951e-16 4.45986660289838e-17
3.18336414048058e-08 0.00133910788414412 0.000378311333847826 108716.444892561 -384929.630844771 1.33799708999048e-16 4.45999029996827e-17
3.20351201478742e-08 0.00135875025748211 0.000300187076480434 86265.6464074417 -390579.052380166 1.33802779738696e-16 4.46009265795655e-17
3.22365988909426e-08 0.00137384013901592 0.000221056484903899 63525.6546896505 -394919.11354471 1.33805169163545e-16 4.46017230545152e-17
3.2438077634011e-08 0.00138432694207748 0.000141184833100787 40572.7023067235 -397935.264904528 1.33806845259629e-16 4.46022817532097e-17
3.26395563770794e-08 0.00139017551116046 6.08398793520107e-05 17483.7357463463 -399617.395243876 1.33807785570295e-16 4.46025951900984e-17
3.28410351201478e-08 0.0013913662397741 -1.97090313844878e-05 -5663.84253573274 -399959.86546155 1.33807977497083e-16 4.46026591656943e-17
3.30425138632162e-08 0.00138789513617114 -0.000100191870414157 -28792.4335963573 -398961.527475163 1.33807418468521e-16 4.46024728228405e-17
3.32439926062846e-08 0.00137977383672961 -0.000180338830538384 -51824.5021443133 -396625.728069923 1.33806115974581e-16 4.46020386581936e-17
3.3445471349353e-08 0.00136702956694352 -0.000259881230544517 -74682.8364662956 -392960.297679023 1.33804087466322e-16 4.46013624887738e-17
3.36469500924213e-08 0.00134970505015327 -0.000338552415921167 -97290.8072681254 -387977.524133227 1.33801360122081e-16 4.46004533740269e-17
3.38484288354897e-08 0.0013278583643218 -0.000416088652779299 -119572.624563492 -381694.11146768 1.33797970483333e-16 4.45993234944443e-17
3.40499075785581e-08 0.00130156274733653 -0.000492230011982344 -141453.591749033 -374131.123924021 1.33793963965099e-16 4.45979879883664e-17
3.42513863216265e-08 0.00127090635148979 -0.00056672124052143 -162860.356014008 -365313.915335523 1.33789394247469e-16 4.45964647491563e-17
3.44528650646949e-08 0.00123599194796091 -0.000639312617214554 -183721.154245095 -355272.044132004 1.33784322556383e-16 4.45947741854611e-17
3.46543438077633e-08 0.00119693658229055 -0.00070976078986111 -203966.053601961 -344039.174249413 1.33778816843319e-16 4.45929389477731e-17
3.48558225508317e-08 0.00115387118200226 -0.00077782959104531 -223527.185957095 -331652.96227631 1.33772950874862e-16 4.4590983624954e-17
3.50573012939001e-08 0.00110694011768668 -0.000843290829853639 -242338.975413995 -318154.931215539 1.33766803244367e-16 4.45889344147889e-17
3.52587800369685e-08 0.00105630071901987 -0.000905925056852236 -260338.358140975 -303590.331284302 1.3376045631895e-16 4.45868187729833e-17
3.54602587800369e-08 0.001002122747338 -0.000965522299759714 -277464.993783632 -288007.988219288 1.33753995135919e-16 4.45846650453064e-17
3.56617375231053e-08 0.000944587826536832 -0.00102188276734918 -293661.467747252 -271460.139595375 1.33747506263427e-16 4.45825020878091e-17
3.58632162661736e-08 0.000883888834203568 -0.00107481751921971 -308873.483671018 -254002.259706636 1.33741076640615e-16 4.45803588802051e-17
3.6064695009242e-08 0.000820229255022367 -0.00112414909919205 -323050.045448791 -235692.873596712 1.33734792412786e-16 4.45782641375954e-17
3.62661737523104e-08 0.000753822498621055 -0.00116971213020498 -336143.628186252 -216593.360861975 1.33728737777214e-16 4.45762459257379e-17
3.64676524953788e-08 0.000684891184145894 -0.00121135386871833 -348110.337521315 -196767.749885221 1.3372299385505e-16 4.45743312850167e-17
3.66691312384472e-08 0.000613666393962756 -0.00124893471676377 -358910.056773689 -176282.503189677 1.33717637604452e-16 4.45725458681507e-17
3.68706099815156e-08 0.000540386898986567 -0.00128232868992704 -368506.581430307 -155206.294632906 1.33712740789478e-16 4.45709135964927e-17
3.7072088724584e-08 0.000465298358235992 -0.00131142383969269 -376867.740515775 -133609.779187527 1.33708369018581e-16 4.45694563395271e-17
3.72735674676524e-08 0.000388652495296727 -0.0013361226287354 -383965.504440965 -111565.356080537 1.33704580865576e-16 4.45681936218586e-17
3.74750462107208e-08 0.000310706254454215 -0.00135634225789998 -389776.078968195 -89146.9260852574 1.33701427084852e-16 4.45671423616174e-17
3.76765249537892e-08 0.000231720939324698 -0.00137201494377361 -394279.984978011 -66429.6437795737 1.33698949931361e-16 4.45663166437871e-17
3.78780036968576e-08 0.00015196133687225 -0.00138308814592008 -397462.123770144 -43489.6656009684 1.33697182594474e-16 4.45657275314914e-17
3.8079482439926e-08 7.16948297483709e-05 -0.00138952474301406 -399311.827679742 -20403.8945429641 1.33696148753305e-16 4.45653829177682e-17
3.82809611829943e-08 -8.80950007007973e-06 -0.00139130315728504 -399822.89583919 2750.2776511554 1.33695862259453e-16 4.45652874198176e-17
3.84824399260627e-08 -8.92817733396965e-05 -0.00138841742685373 -398993.61496563 25895.2299330873 1.33696326951417e-16 4.45654423171389e-17
3.86839186691311e-08 -0.000169452218282066 -0.00138087722571836 -396826.7651045 48953.3721629648 1.33697536603166e-16 4.45658455343888e-17
3.88853974121995e-08 -0.000249052074955044 -0.00136870783132404 -393329.610309824 71847.405219196 1.33699475007558e-16 4.4566491669186e-17
3.90868761552679e-08 -0.000327814496231989 -0.00135195003982371 -388513.874292517 94500.580132705 1.33702116193484e-16 4.45673720644945e-17
3.92883548983363e-08 -0.00040547544236857 -0.00133066002931489 -382395.701118315 116836.955376866 1.33705424773834e-16 4.45684749246113e-17
3.94898336414047e-08 -0.000481774566158211 -0.00130490917151064 -374995.601087113 138781.651450603 1.33709356419623e-16 4.45697854732078e-17
3.96913123844731e-08 -0.000556456085708842 -0.00127478379247613 -366338.381975113 160261.101901199 1.33713858453918e-16 4.4571286151306e-17
3.98927911275415e-08 -0.000629269641915082 -0.00124038488323281 -356453.065870311 181203.299945298 1.33718870557611e-16 4.45729568525369e-17
4.00942698706099e-08 -0.000699971137751306 -0.00120182776120053 -345372.791880096 201538.039861344 1.33724325577588e-16 4.45747751925292e-17
4.02957486136783e-08 -0.000768323556571988 -0.00115924168361236 -333134.705037137 221197.15234421 1.33730150426459e-16 4.45767168088197e-17
4.04972273567466e-08 -0.000834097756676082 -0.0011127694141982 -319779.831775981 240114.733033039 1.33736267061798e-16 4.45787556872661e-17
4.0698706099815e-08 -0.000897073239471777 -0.00106256674458985 -305352.942397798 258227.363446181 1.33742593531767e-16 4.45808645105891e-17
4.09001848428834e-08 -0.000957038888666467 -0.00100880197205183 -289902.400984356 275474.323582576 1.33749045073124e-16 4.45830150243748e-17
4.11016635859518e-08 -0.00101379367800391 -0.000951655335288913 -273480.00326436 291797.795476866 1.33755535246898e-16 4.45851784156328e-17
4.13031423290202e-08 -0.00106714734517596 -0.000891318410221634 -256140.802975685 307143.057025846 1.33761977096513e-16 4.45873256988375e-17
4.15046210720886e-08 -0.00111692102964977 -0.000827993467755465 -237942.927305597 321458.665436491 1.33768284312847e-16 4.45894281042825e-17
4.1706099815157e-08 -0.00116294787227207 -0.00076189279569654 -218947.38202768 334696.629680547 1.33774372390625e-16 4.45914574635417e-17
4.19075785582254e-08 -0.00120507357464063 -0.000693237987087171 -199217.846988712 346812.571377591 1.33780159760628e-16 4.45933865868759e-17
4.21090573012938e-08 -0.00124315691636758 -0.000622259197346892 -178820.462631087 357765.873567198 1.33785568882577e-16 4.45951896275256e-17
4.23105360443622e-08 -0.00127707022850051 -0.000549194372709354 -157823.608266458 367519.816871485 1.33790527284033e-16 4.45968424280111e-17
4.25120147874306e-08 -0.0013066998215144 -0.000474288452541633 -136297.672843872 376041.702591575 1.33794968531396e-16 4.45983228437987e-17
4.27134935304989e-08 -0.00133194636643945 -0.000397792548220063 -114314.818980901 383302.962325298 1.33798833119993e-16 4.45996110399978e-17
4.29149722735673e-08 -0.00135272522784724 -0.000319963101315282 -91948.7410487878 389279.253738677 1.33802069271335e-16 4.46006897571117e-17
4.31164510166357e-08 -0.00136896674757893 -0.000241061023908573 -69274.4181226199 393950.542170116 1.33804633626854e-16 4.46015445422847e-17
4.33179297597041e-08 -0.0013806164782642 -0.000161350823921457 -46367.8626247082 397301.167793732 1.3380649182883e-16 4.46021639429432e-17
4.35194085027725e-08 -0.00138763536584831 -8.10997183907402e-05 -23305.8655038218 399319.898116688 1.3380761898072e-16 4.460253966024e-17
4.37208872458409e-08 -0.00138999988051523 -5.76737661645555e-07 -165.738804523377 399999.965634508 1.33807999980731e-16 4.46026666602437e-17
4.39223659889093e-08 -0.00138770209556797 7.99481764979132e-05 22974.9435103956 399339.090518176 1.33807629724152e-16 4.46025432413841e-17
4.41238447319777e-08 -0.00138074971400168 0.000160205075838474 46038.6056155217 397339.48825693 1.33806513171752e-16 4.46021710572506e-17
4.43253234750461e-08 -0.00136916604268049 0.000239924910591895 68947.929884671 394007.862231154 1.3380466528331e-16 4.46015550944366e-17
4.45268022181145e-08 -0.00135298991420459 0.000318840431422194 91626.1160871651 389355.381240256 1.33802110817185e-16 4.46007036057283e-17
4.47282809611829e-08 -0.00133227555672944 0.000396687085340698 113997.138849612 383397.642060864 1.33798883998598e-16 4.45996279995327e-17
4.49297597042512e-08 -0.00130709241217371 0.000473203902582074 135986.002520089 376154.617160866 1.33795028061075e-16 4.45983426870249e-17
4.51312384473196e-08 -0.00127752490342515 0.000548134371468111 157518.992580332 367650.587744569 1.33790594667196e-16 4.45968648890652e-17
4.5332717190388e-08 -0.00124367215132493 0.000621227298326413 178523.922763108 357914.062353439 1.33785643216411e-16 4.45952144054702e-17
4.55341959334564e-08 -0.00120564764237925 0.00069223764958123 198930.377046344 346977.681295293 1.33780240049194e-16 4.45934133497315e-17
4.57356746765248e-08 -0.00116357884831202 0.00076092737319345 218669.945712761 334878.107222342 1.33774457558203e-16 4.45914858527344e-17
4.59371534195932e-08 -0.00111760679873419 0.000827066196695991 237676.454683664 321655.902224895 1.33768373218346e-16 4.45894577394486e-17
4.61386321626616e-08 -0.00106788560836215 0.000890432399149285 255886.187358063 307355.391852757 1.33762068548758e-16 4.45873561829194e-17
4.634011090573e-08 -0.00101458196037019 0.000950813554428997 273238.098213466 292024.516520165 1.33755628020597e-16 4.45852093401989e-17
4.65415896487984e-08 -0.000957874547609044 0.0010080072433542 289674.017452249 275714.670792418 1.33749137925276e-16 4.45830459750921e-17
4.67430683918668e-08 -0.000897953473563646 0.00106182173226872 305138.846007582 258480.531092943 1.33742685218322e-16 4.45808950727739e-17
4.69445471349352e-08 -0.000835019615058434 0.00111207661580074 319580.740255162 240379.87240842 1.33736356354322e-16 4.45787854514405e-17
4.71460258780036e-08 -0.000769283948846539 0.00115860342164604 332951.285811543 221473.374606403 1.33730236128593e-16 4.45767453761977e-17
4.73475046210719e-08 -0.000700966844340412 0.00120124617534725 345205.659836427 201824.419014751 1.33724406541079e-16 4.45748021803596e-17
4.75489833641403e-08 -0.000630297324854916 0.00123986192317589 356302.781294824 181498.875944795 1.33718945697695e-16 4.45729818992316e-17
4.77504621072087e-08 -0.000557512299839438 0.00127432121136431 366205.448675338 160564.883870552 1.33713926763854e-16 4.45713089212848e-17
4.79519408502771e-08 -0.000482855770672868 0.0013045085200809 374880.46470291 139092.621004239 1.33709416984182e-16 4.45698056613941e-17
4.81534195933455e-08 -0.000406578012683901 0.0013303226506938 382298.747627934 117154.070033865 1.3370547678156e-16 4.456849226052e-17
4.83548983364139e-08 -0.000328934736138819 0.00135167706502481 388435.428718657 94822.7768115665 1.33702158947568e-16 4.45673863158559e-17
4.85563770794823e-08 -0.000250186229009422 0.00136850017545627 393269.935630044 72173.6038016692 1.33699507935173e-16 4.45665026450576e-17
4.87578558225507e-08 -0.000170596484394853 0.0013807355849183 396786.061369623 49282.4791149897 1.33697559263141e-16 4.45658530877137e-17
4.89593345656191e-08 -9.04323155225227e-05 0.00138834227595189 398972.018629101 26226.1419707111 1.33696339040149e-16 4.45654463467164e-17
4.91608133086875e-08 -9.96246129495118e-06 0.00139129474821406 399820.479299636 3081.88543913431 1.33695863614975e-16 4.45652878716584e-17
4.93622920517559e-08 7.05433146189411e-05 0.00138958310396414 399328.599038267 -20072.7026722774 1.33696139357456e-16 4.45653797858187e-17
4.95637707948242e-08 0.000150815128127921 0.0013832130812445 397498.026803169 -43159.999920918 1.33697162573142e-16 4.45657208577139e-17
4.97652495378926e-08 0.000230583879466232 0.00137220603464457 394334.899325756 -66102.609447168 1.33698919552795e-16 4.45663065175982e-17
4.9966728280961e-08 0.000309582155312044 0.00135659886371269 389849.820538168 -88823.6194362884 1.33701386756069e-16 4.45671289186897e-17
5.01682070240294e-08 0.000387545125252337 0.0013364438892556 384057.826025108 -111246.860954272 1.33704531126909e-16 4.4568177042303e-17
5.03696857670978e-08 0.000464211429588962 0.00131180867794045 376978.332619191 -133297.163293291 1.33708310536439e-16 4.45694368454796e-17
5.05711645101662e-08 0.000539324055509619 0.00128277581578724 368635.073308797 -154900.605970741 1.33712674347414e-16 4.45708914491381e-17
5.07726432532346e-08 0.000612631198686523 0.00124944263131094 359056.017676622 -175984.766537071 1.33717564092671e-16 4.45725213642237e-17
5.0974121996303e-08 0.000683887107414377 0.00121192086924166 348273.278135655 -196478.963361688 1.33722914258476e-16 4.45743047528255e-17
5.11756007393714e-08 0.000752852906457787 0.00117033631591636 336323.00227691 -216314.492583002 1.33728653162297e-16 4.45762177207656e-17
5.13770794824398e-08 0.000819297397846301 0.00112482837759822 323245.2516898 -235424.85842829 1.33734703913213e-16 4.45782346377378e-17
5.15785582255082e-08 0.000882997835932512 0.00107554961313705 309083.867661397 -253745.996131258 1.3374098544212e-16 4.45803284807067e-17
5.17800369685765e-08 0.000943740674114964 0.00102266522253759 293886.324204783 -271216.486699998 1.33747413587905e-16 4.45824711959682e-17
5.19815157116449e-08 0.00100132228072257 0.000966352493150185 277703.568909224 -287777.762815372 1.33753902225053e-16 4.45846340750178e-17
5.21829944547133e-08 0.00105554962166063 0.000906800205340243 260589.852145666 -303374.305169562 1.33760364417578e-16 4.45867881391927e-17
5.23844731977817e-08 0.00110624090753003 0.000844207999629132 242602.545200131 -317953.828586605 1.33766713583801e-16 4.45889045279336e-17
5.25859519408501e-08 0.00115322620305016 0.000778785707427889 223801.94794469 -331467.457300963 1.33772864656391e-16 4.45909548854638e-17
5.27874306839185e-08 0.00119634799674265 0.000710752647607448 204251.086690778 -343869.888806532 1.33778735222115e-16 4.45929117407051e-17
5.29889094269869e-08 0.001235461728966 0.000640336891263516 184015.5029025 -355119.545726806 1.33784246626022e-16 4.45947488753408e-17
5.31903881700553e-08 0.00127043627653116 0.000567774497140869 163163.033478256 -365178.715197086 1.3378932502528e-16 4.45964416750935e-17
5.33918669131237e-08 0.0013011543922732 0.000493308720280193 141763.583337246 -374013.675291458 1.33793902378535e-16 4.45979674595117e-17
5.35933456561921e-08 0.00132751309810568 0.000417189196540381 119888.891073239 -381594.808070722 1.33797917357541e-16 4.45993057858472e-17
5.37948243992605e-08 0.00134942403023993 0.000339671105730039 97612.2884611986 -387896.698872299 1.33801316168851e-16 4.46004387229505e-17
5.39963031423288e-08 0.00136681373541199 0.00026101431615371 75008.4546230076 -392898.221509244 1.33804053274548e-16 4.4601351091516e-17
5.41977818853972e-08 0.00137962391712423 0.000181482513440568 52153.1656763983 -396582.609092767 1.33806092002371e-16 4.4602030667457e-17
5.43992606284656e-08 0.00138781163107591 0.000101342316576093 29123.0407063645 -398937.51024083 1.33807405037059e-16 4.46024683456864e-17
5.4600739371534e-08 0.0013913494291279 2.08623841000787e-05 5995.28491064451 -399955.030484381 1.33807974786326e-16 4.46026582621087e-17
5.48022181146024e-08 0.00139022545131858 -5.96874865326694e-05 -17152.5692196536 -399631.758732439 1.33807793616563e-16 4.46025978721875e-17
5.50036968576708e-08 0.00138444346562269 -0.000140037263409684 -40242.9218166319 -397968.778707284 1.33806863955116e-16 4.46022879850385e-17
5.52051756007392e-08 0.00137402285531971 -0.000219917585404176 -63198.3657780527 -394971.665311432 1.33805198257765e-16 4.46017327525884e-17
5.54066543438076e-08 0.00135899855401423 -0.000299060665169657 -85941.94626357 -390650.465938577 1.33802818841839e-16 4.46009396139465e-17
5.5608133086876e-08 0.00133942092852598 -0.000377201186858695 -108397.418674818 -385019.666791138 1.33799757587203e-16 4.45999191957344e-17
5.58096118299444e-08 0.00131535561004234 -0.000454077195556314 -130489.504254513 -378098.14431734 1.33796055509125e-16 4.45986851697085e-17
5.60110905730128e-08 0.00128688327409914 -0.000529430975446359 -152144.142447714 -369909.101930621 1.33791762208749e-16 4.45972540695828e-17
5.62125693160812e-08 0.00125409937012748 -0.000603009913766877 -173288.739179234 -360479.992223514 1.33786935208523e-16 4.45956450695077e-17
5.64140480591495e-08 0.00121711380147317 -0.000674567347658253 -193852.410214884 -349842.424936755 1.33781639181511e-16 4.45938797271705e-17
5.66155268022179e-08 0.00117605055696152 -0.000743863391065139 -213766.218790727 -338032.060992153 1.33775945084885e-16 4.45919816949618e-17
5.68170055452863e-08 0.00113104729524249 -0.000810665738920122 -232963.406713706 -325088.492944457 1.33769929209229e-16 4.45899764030764e-17
5.70184842883547e-08 0.00108225488330985 -0.000874750445913209 -251379.61815894 -311055.112252977 1.33763672156383e-16 4.45878907187942e-17
5.72199630314231e-08 0.0010298368907411 -0.000935902677236433 -268953.115413407 -295978.963817931 1.33757257759524e-16 4.45857525865079e-17
5.74214417744915e-08 0.000973969041353927 -0.000993917428786795 -285624.985842796 -279910.588269149 1.33750771959955e-16 4.45835906533185e-17
5.76229205175599e-08 0.000914838624117216 -0.00104860021441318 -301339.339387682 -262903.852535848 1.33744301655647e-16 4.45814338852157e-17
5.78243992606283e-08 0.00085264386529162 -0.00109976771790333 -316043.495926948 -245015.769265455 1.3373793353696e-16 4.45793111789868e-17
5.80258780036967e-08 0.000787593263904378 -0.00114724840752522 -329688.16188035 -226306.305696875 1.33731752925154e-16 4.45772509750513e-17
5.82273567467651e-08 0.00071990489278617 -0.00119088311106266 -342227.595458197 -206838.1826289 1.33725842629234e-16 4.45752808764113e-17
5.84288354898335e-08 0.000649805667513161 -0.00123052554941732 -353619.760004143 -186676.664157708 1.33720281836464e-16 4.45734272788213e-17
5.86303142329018e-08 0.000577530585705017 -0.0012660428269885 -363826.464917071 -165889.338888325 1.33715145051397e-16 4.45717150171323e-17
5.88317929759702e-08 0.000503321939229011 -0.00129731587718662 -372813.493679612 -144545.893353496 1.33710501097652e-16 4.45701670325506e-17
5.90332717190386e-08 0.000427428501951222 -0.00132423986158688 -380550.718564121 -122717.878399563 1.33706412195799e-16 4.45688040652662e-17
5.9234750462107e-08 0.000350104695757756 -0.00134672452138513 -387012.201631576 -100478.469322489 1.33702933129719e-16 4.45676443765729e-17
5.94362292051754e-08 0.00027160973764178 -0.00136469447997754 -392176.281684804 -77902.2205581527 1.33700110512597e-16 4.45667035041991e-17
5.96377079482438e-08 0.000192206770715663 -0.00137808949564991 -396025.646884543 -55064.8157492758 1.33697982162393e-16 4.45659940541309e-17
5.98391866913122e-08 0.000112161982061347 -0.00138686466352939 -398547.392784908 -32042.8140268396 1.33696576595144e-16 4.45655255317146e-17
6.00406654343806e-08 3.17437103762563e-05 -0.00139099056612162 -399733.065593697 -8913.39335655764 1.33695912642906e-16 4.4565304214302e-17
6.0242144177449e-08 -4.87784535937784e-05 -0.00139045337192868 -399578.690512519 14245.9081892085 1.33695999201438e-16 4.45653330671459e-17
6.04436229205174e-08 -0.000129134570818912 -0.00138525488181722 -398084.78506174 37357.4523667387 1.33696835111011e-16 4.45656117036703e-17
6.06451016635858e-08 -0.000209055258917245 -0.0013754125229813 -395256.357345565 60343.7610320548 1.33698409171951e-16 4.45661363906503e-17
6.08465804066542e-08 -0.000288272595220704 -0.00136095929052021 -391102.889263089 83127.7758753086 1.33700700294692e-16 4.45669000982305e-17
6.10480591497225e-08 -0.000366521014947441 -0.00134194363682713 -385638.304721587 105633.116747737 1.33703677782337e-16 4.45678925941124e-17
6.12495378927909e-08 -0.000443538201469753 -0.00131842930915942 -378880.922958608 127784.337715177 1.33707301741944e-16 4.45691005806481e-17
6.14510166358593e-08 -0.000519065965693032 -0.00129049513593507 -370853.39712935 149507.179979766 1.33711523619017e-16 4.45705078730058e-17
6.16524953789277e-08 -0.000592851111597751 -0.00125823476247168 -361582.638365203 170728.820821928 1.33716286848048e-16 4.45720956160159e-17
6.18539741219961e-08 -0.000664646285042883 -0.00122175633705398 -351099.725558033 191378.117728121 1.33721527610392e-16 4.45738425367974e-17
6.20554528650645e-08 -0.000734210802985252 -0.00118118214838214 -339439.80117264 211385.846885931 1.33727175689325e-16 4.4575725229775e-17
6.22569316081329e-08 -0.00080131146033499 -0.00113664821561644 -326641.953436683 230684.935246994 1.33733155410816e-16 4.45777184702721e-17
6.24584103512013e-08 -0.00086572331174222 -0.00108830383239248 -312749.085302983 249210.685379793 1.33739386657426e-16 4.45797955524754e-17
6.26598890942697e-08 -0.000927230425694151 -0.00103631106633566 -297807.77062352 266900.992358535 1.33745785941733e-16 4.45819286472444e-17
6.28613678373381e-08 -0.000985626608394562 -0.000980844215752639 -281868.098017256 283696.551961029 1.33752267524916e-16 4.4584089174972e-17
6.30628465804065e-08 -0.001040716094999 -0.000922089225321206 -264983.502955214 299541.059477597 1.33758744565497e-16 4.45862481884989e-17
6.32643253234748e-08 -0.00109231420588839 -0.000860243062737384 -247210.588625703 314381.398464562 1.3376513028286e-16 4.45883767609533e-17
6.34658040665432e-08 -0.00114024796578104 -0.000795513058409404 -228608.936180237 328167.818809516 1.33771339119957e-16 4.45904463733188e-17
6.36672828096116e-08 -0.0011843566836075 -0.00072811621041219 -209240.904996247 340854.103511457 1.33777287889612e-16 4.45924292965374e-17
6.386876155268e-08 -0.0012244924912044 -0.00065827845703237 -189171.423626198 352397.723616667 1.33782896889086e-16 4.45942989630286e-17
6.40702402957484e-08 -0.00126052083902127 -0.000586233919342509 -168467.772133905 362759.980790941 1.33788090967941e-16 4.4596030322647e-17
6.42717190388168e-08 -0.00129232094717867 -0.000512224116343723 -147199.356547754 371906.137050218 1.33792800534927e-16 4.45976001783089e-17
6.44731977818852e-08 -0.00131978621036543 -0.000436497155307793 -125437.476186921 379805.531214697 1.33796962490373e-16 4.45989874967911e-17
6.46746765249536e-08 -0.00134282455521774 -0.00035930690003305 -103255.084640611 386431.681696055 1.33800521071614e-16 4.46001736905382e-17
6.4876155268022e-08 -0.00136135874898188 -0.000280912119802323 -80726.545201593 391762.375273182 1.33803428600105e-16 4.46011428667018e-17
6.50776340110904e-08 -0.001375326658426 -0.000201575621895957 -57927.3815739031 395779.741558823 1.33805646120229e-16 4.46018820400763e-17
6.52791127541588e-08 -0.00138468145813285 -0.000121563370568018 -34934.0246904361 398470.3129075 1.33807143921231e-16 4.46023813070772e-17
6.54805914972271e-08 -0.00138939178747534 -4.11435954392033e-05 -11823.5564891828 399825.069563857 1.33807901935291e-16 4.46026339784305e-17
6.56820702402955e-08 -0.00138944185574853 3.94141077045785e-05 11326.5484929349 399839.469900106 1.33807910006393e-16 4.46026366687977e-17
6.58835489833639e-08 -0.0013848314951057 0.000119839680693488 34438.6828423606 398513.465641181 1.33807168026399e-16 4.46023893421328e-17
6.60850277264323e-08 -0.00137557616112103 0.00019986350830512 57435.366436649 395851.502026573 1.33805685936496e-16 4.46018953121653e-17
6.62865064695007e-08 -0.00136170688097702 0.000279217322110944 80239.5061854875 391862.502908302 1.33803483594006e-16 4.4601161198002e-17
6.64879852125691e-08 -0.0013432701494503 0.000357635099807818 102774.654474247 386559.840834981 1.3380059050633e-16 4.46001968354434e-17
6.66894639556375e-08 -0.00132032777304452 0.000434853957019684 124965.265443669 379961.292222259 1.33797045435605e-16 4.45990151452016e-17
6.68909426987059e-08 -0.00129295666279292 0.000510615028579812 146736.948246546 372088.977759931 1.33792895879358e-16 4.4597631959786e-17
6.70924214417743e-08 -0.00126124857642508 0.000584664336339222 168016.716432387 362969.288255494 1.33788197434129e-16 4.45960658113765e-17
6.72939001848427e-08 -0.00122530981076228 0.000656753640592076 188733.232624051 352632.796162743 1.33783013050577e-16 4.45943376835257e-17
6.74953789279111e-08 -0.00118526084537261 0.000726641272263763 208817.047666089 341114.153091992 1.33777412190053e-16 4.45924707300176e-17
6.76968576709795e-08 -0.00114123593868046 0.000794092943071885 228200.833443102 328451.97364551 1.33771469893946e-16 4.45904899646485e-17
6.78983364140478e-08 -0.00109338267788439 0.000858882530944185 246819.608587607 314688.705967597 1.33765265778263e-16 4.45884219260876e-17
6.80998151571162e-08 -0.00104186148419214 0.000920792838060435 264610.956320775 299870.489443254 1.3375888296692e-16 4.45862943223068e-17
6.83012939001846e-08 -0.000986845075031512 0.000979616318977041 281515.233695746 284047.000022498 1.33752406978032e-16 4.45841356593441e-17
6.8502772643253e-08 -0.000928517885039902 0.00103515577639343 297475.771542071 267271.283688848 1.33745924578123e-16 4.45819748593742e-17
6.87042513863214e-08 -0.000867075447773585 0.0010872250222278 312439.064440998 249599.578630264 1.33739522619612e-16 4.4579840873204e-17
6.89057301293898e-08 -0.00080272374020945 0.00113564950178597 326354.95009473 231091.126708661 1.33733286877152e-16 4.45777622923838e-17
6.91072088724582e-08 -0.000735678492236664 0.00118026687893106 339176.777488345 211807.974860057 1.33727300898399e-16 4.4575766966133e-17
6.93086876155266e-08 -0.000666164463453096 0.00122092758029213 350861.563280651 191814.76709109 1.3372164488463e-16 4.45738816282099e-17
6.9510166358595e-08 -0.000594414689690936 0.00125749529668749 361370.135899682 171178.527769247 1.33716394616187e-16 4.45721315387289e-17
6.97116451016634e-08 -0.000520669701797422 0.00128984744008173 370667.266859791 149968.436933258 1.3371162043716e-16 4.45705401457199e-17
6.99131238447318e-08 -0.000445176719289596 0.00131787555454459 378721.7888601 128255.598376925 1.33707386312902e-16 4.45691287709674e-17
7.01146025878001e-08 -0.00036818882158626 0.00134148567983389 385506.700268419 106112.801283821 1.33703748973013e-16 4.45679163243376e-17
7.03160813308685e-08 -0.000289964099595451 0.00136059866638383 390999.255640353 83614.2762119777 1.33700757151259e-16 4.45669190504197e-17
7.05175600739369e-08 -0.000210764790501602 0.0013751504406426 395181.041970149 60835.4462465614 1.33698450932635e-16 4.45661503108784e-17
7.07190388170053e-08 -0.000130856398652922 0.00138509221986972 398038.040417661 37852.6741547744 1.33696861216294e-16 4.45656204054315e-17
7.09205175600737e-08 -5.05068054960681e-05 0.00139039067567327 399560.673304506 14743.0063906083 1.33696009301557e-16 4.45653364338523e-17
7.11219963031421e-08 3.00146284580668e-05 0.00139102804573853 399743.83622186 -8416.08519236586 1.33695906602538e-16 4.45653022008459e-17
7.13234750462105e-08 0.00011043796662691 0.00138700219337357 398586.915142259 -31546.9630542983 1.33696554495218e-16 4.45655181650726e-17
7.15249537892789e-08 0.000190493601279971 0.00137832661467224 396093.788478034 -54572.084237801 1.33697944299008e-16 4.45659814330027e-17
7.17264325323473e-08 0.000269913157360166 0.00136503039327043 392272.814079497 -77414.2603196136 1.33700057393055e-16 4.45666857976849e-17
7.19279112754157e-08 0.000348430392172788 0.00134715810284735 387136.801216434 -99996.9161737449 1.33702865465724e-16 4.4567621821908e-17
7.21293900184841e-08 0.000425782087926032 0.00132476965769864 380702.967636869 -122244.346678623 1.33706330893927e-16 4.45687769646423e-17
7.23308687615524e-08 0.000501708934130971 0.00129794011188227 372992.881847024 -144081.970507679 1.33710407247201e-16 4.45701357490668e-17
7.25323475046208e-08 0.000575956396902855 0.00126675940761058 364032.390805992 -165436.580152571 1.33715039909793e-16 4.45716799699309e-17
7.27338262476892e-08 0.000648275572249529 0.00123133207373185 353851.533277503 -186236.587340878 1.33720166812413e-16 4.45733889374711e-17
7.29353049907576e-08 0.000718424020486441 0.00119177687531231 342484.43912927 -206412.263025535 1.33725719263851e-16 4.45752397546171e-17
7.3136783733826e-08 0.000786166578980985 0.00114822641549327 329969.214917491 -225895.971141486 1.33731622871312e-16 4.45772076237706e-17
7.33382624768944e-08 0.000851276150501571 0.00110082669095803 316347.816140075 -244622.395345908 1.33737798537145e-16 4.45792661790483e-17
7.35397412199628e-08 0.000913534464528589 0.00104973660249895 301665.906586838 -262528.757981905 1.33744163518612e-16 4.45813878395372e-17
7.37412199630312e-08 0.000972732808975084 0.000995127422325218 285972.705258185 -279555.030531619 1.33750632536486e-16 4.45835441788285e-17
7.39426987060996e-08 0.00102867272986416 0.000937182219897354 269320.821365457 -295644.134853237 1.33757118917642e-16 4.45857063058806e-17
7.4144177449168e-08 0.00108116669661752 0.000876095248212993 251766.077966076 -310742.134527301 1.33763535756318e-16 4.45878452521061e-17
7.43456561922364e-08 0.00113003873072491 0.000812071292601536 233367.324824737 -324798.415670829 1.33769797078496e-16 4.45899323594988e-17
7.45471349353047e-08 0.00117512499568688 0.00074532498421064 214186.241127997 -337765.856613115 1.33775818993797e-16 4.45919396645989e-17
7.47486136783731e-08 0.00121627434625318 0.000676080080486012 194287.128713624 -349600.985864386 1.33781520819459e-16 4.4593840273153e-17
7.49500924214415e-08 0.00125334883511561 0.000604568715056601 173736.696507896 -360264.127847748 1.33786826161344e-16 4.45956087204481e-17
7.51515711645099e-08 0.00128622417535659 0.00053103061953983 152603.836893469 -369719.535905883 1.33791663937478e-16 4.45972213124926e-17
7.53530499075783e-08 0.00131479015710332 0.000455712319875662 130959.394757525 -377935.512136595 1.3379596933042e-16 4.45986564434734e-17
7.55545286506467e-08 0.00133895101699053 0.000378866309883668 108875.929994431 -384884.513655496 1.33799684655702e-16 4.4599894885234e-17
7.57560073937151e-08 0.00135862575919352 0.000300750204813637 86427.474259072 -390543.24492958 1.33802760134692e-16 4.46009200448974e-17
7.59574861367835e-08 0.00137374842695502 0.000221625877727324 63689.2827863307 -394892.735872166 1.33805154561541e-16 4.46017181871804e-17
7.61589648798519e-08 0.00138426832369583 0.00014175858160649 40737.5821086791 -397918.405437398 1.33806835855265e-16 4.46022786184218e-17
7.63604436229203e-08 0.0013901501829678 6.14160601302449e-05 17649.3145176399 -399610.110501111 1.33807781489573e-16 4.46025938298577e-17
7.65619223659887e-08 0.00139137428667957 -1.9132349897315e-05 -5498.11987423317 -399962.179864208 1.33807978794677e-16 4.46026595982258e-17
7.6763401109057e-08 0.00138793653119864 -9.96166214601924e-05 -28627.1226061551 -398973.433264539 1.33807425127046e-16 4.46024750423488e-17
7.69648798521254e-08 0.00137984844110824 -0.000179766942557413 -51660.1570068428 -396647.185333563 1.33806127904824e-16 4.46020426349415e-17
7.71663585951938e-08 0.00136713713057276 -0.000259314620709143 -74520.008125108 -392991.234484521 1.3380410450844e-16 4.460136816948e-17
7.73678373382622e-08 0.00134984521244146 -0.000337992983709766 -97130.0415819294 -388017.836769372 1.33801382047741e-16 4.46004606825802e-17
7.75693160813306e-08 0.00132803065539494 -0.000415538273608291 -119414.460476241 -381743.664792128 1.3379799699877e-16 4.45993323329234e-17
7.7770794824399e-08 0.00130176658961344 -0.000491690530919125 -141298.559483191 -374189.751816344 1.33793994715055e-16 4.45979982383516e-17
7.79722735674674e-08 0.00127114106161842 -0.00056619446609905 -162708.975293058 -365381.421254104 1.33789428819949e-16 4.45964762733164e-17
7.81737523105358e-08 0.00123625673910916 -0.00063880031536887 -183573.932551238 -355348.201772911 1.3378436048818e-16 4.45947868293932e-17
7.83752310536042e-08 0.00119723056678398 -0.000709264678010735 -203823.484474853 -344123.728305057 1.33778857626214e-16 4.45929525420714e-17
7.85767097966726e-08 0.00115419337429992 -0.000777351332334215 -223389.74733933 -331745.629291321 1.33772993962439e-16 4.45909979874795e-17
7.8778188539741e-08 0.00110728943768503 -0.000842832027575702 -242207.128048867 -318255.400537012 1.33766848059329e-16 4.45889493531098e-17
7.89796672828094e-08 0.0010566759956736 -0.000905487249076427 -260212.544027905 -303698.266103217 1.3376050226086e-16 4.45868340869532e-17
7.91811460258777e-08 0.00100252272258584 -0.000965106954173939 -277345.634696427 -288123.026699612 1.33754041589237e-16 4.45846805297457e-17
7.93826247689461e-08 0.000945011159519014 -0.00102149127634007 -293548.963820169 -271581.896087068 1.33747552605763e-16 4.45825175352545e-17
7.95841035120145e-08 0.000884334105756859 -0.00107445119520484 -308768.21205737 -254130.326038487 1.33741122251066e-16 4.45803740836887e-17
7.97855822550829e-08 0.000820694972437615 -0.00112380917022024 -322952.359056594 -235826.820444672 1.33734836680254e-16 4.45782788934182e-17
7.99870609981513e-08 0.000754307100647281 -0.00116939973583947 -336053.854495156 -216732.739188409 1.33728780108595e-16 4.45762600361984e-17
8.01885397412197e-08 0.000685393046224165 -0.00121107005621651 -348028.777484771 -196912.092444238 1.33723033683181e-16 4.45743445610604e-17
8.03900184842881e-08 0.000614183833672284 -0.00124868043756643 -358836.983810044 -176431.326093507 1.33717674395708e-16 4.45725581319026e-17
8.05914972273565e-08 0.000540918181684787 -0.0012821047964688 -368442.240506214 -155359.098974063 1.33712774050922e-16 4.45709246836407e-17
8.07929759704249e-08 0.000465841702873697 -0.00131123108254432 -376812.347324974 -133766.05271133 1.33708398304571e-16 4.45694661015236e-17
8.09944547134933e-08 0.000389206080388787 -0.00133596165408766 -383919.244681198 -111724.574902363 1.33704605783732e-16 4.45682019279105e-17
8.11959334565617e-08 0.000311268224185841 -0.00135621360539732 -389739.107718687 -89308.5564467949 1.33701447301316e-16 4.45671491004386e-17
8.139741219963e-08 0.000232289409772799 -0.00137191904470514 -394252.426179584 -66593.1438381693 1.33698965175269e-16 4.45663217250896e-17
8.15988909426984e-08 0.000152534402321011 -0.0013830253217737 -397444.069809726 -43654.4872460769 1.33697192661585e-16 4.45657308871949e-17
8.18003696857668e-08 7.22705690778952e-05 -0.00138949520439874 -399303.33908065 -20569.4852336106 1.33696153508737e-16 4.45653845029125e-17
8.20018484288352e-08 -8.23301694349001e-06 -0.00139130700322475 -399824.001058238 2584.4730340609 1.33695861639493e-16 4.45652872131644e-17
8.22033271719036e-08 -8.87064789932132e-05 -0.00138845464445551 -399004.31029773 25729.7672257925 1.33696320964372e-16 4.45654403214572e-17
8.2404805914972e-08 -0.000168880041307646 -0.00138094769021552 -396847.014695081 48788.8060555139 1.33697525329251e-16 4.4565841776417e-17
8.26062846580404e-08 -0.000248484933494099 -0.00136881130649445 -393359.346275033 71684.2873959103 1.33699458597823e-16 4.45664861992742e-17
8.28077634011088e-08 -0.000327254291545096 -0.00135208617878166 -388552.996946785 94339.4574227406 1.33702094867789e-16 4.45673649559295e-17
8.30092421441772e-08 -0.00040492405246176 -0.00133082837567402 -382444.079308545 116678.367921047 1.33705398817905e-16 4.4568466272635e-17
8.32107208872456e-08 -0.000481233839487229 -0.00130510916091387 -375053.072632345 138626.130890678 1.33709326181223e-16 4.45697753937411e-17
8.3412199630314e-08 -0.000555927834982459 -0.0012750147544876 -366404.754210218 160109.169597584 1.33713824338187e-16 4.45712747793955e-17
8.36136783733823e-08 -0.000628755638018252 -0.00124064604358545 -356528.11629187 181055.465229297 1.33718833021637e-16 4.45729443405456e-17
8.38151571164507e-08 -0.000699473103808525 -0.00120211824439163 -345456.268892312 201394.798327682 1.33724285124285e-16 4.45747617080951e-17
8.40166358595191e-08 -0.000767843162170768 -0.0011595605158386 -333226.328795276 221058.984189628 1.3373010759783e-16 4.45767025326098e-17
8.42181146025875e-08 -0.000833636612269896 -0.00111311552662017 -319879.295124506 239982.101446499 1.33736222431667e-16 4.45787408105558e-17
8.44195933456559e-08 -0.000896632890981244 -0.00106293897691519 -305459.911900069 258100.713056095 1.33742547698098e-16 4.45808492326993e-17
8.46210720887243e-08 -0.000956620812296877 -0.00100919907642496 -290016.518040427 275354.078966249 1.33748998650005e-16 4.45829995500017e-17
8.48225508317927e-08 -0.00101339927529645 -0.000952075980474243 -273600.885313135 291684.359737163 1.33755488856314e-16 4.45851629521048e-17
8.50240295748611e-08 -0.00106677793830927 -0.000891761186066393 -256268.044777395 307036.81043985 1.33761931360014e-16 4.4587310453338e-17
8.52255083179295e-08 -0.00111657785700748 -0.000828456889917005 -238076.102300315 321359.964180674 1.3376823984322e-16 4.45894132810735e-17
8.54269870609979e-08 -0.00116263208429136 -0.000762375310618393 -219086.043765297 334605.804636743 1.33774329783682e-16 4.45914432612274e-17
8.56284658040663e-08 -0.0012047862299555 -0.000693737977207123 -199361.530625598 346729.92702376 1.33780119587225e-16 4.45933731957415e-17
8.58299445471346e-08 -0.00124289897825997 -0.000622774986519626 -178968.686488415 357691.686956707 1.33785531680965e-16 4.45951772269882e-17
8.6031423290203e-08 -0.001276842561671 -0.000549724231825493 -157975.87544496 367454.336704328 1.33790493552646e-16 4.45968311842153e-17
8.62329020332714e-08 -0.00130650318918345 -0.000474830605324327 -136453.472889627 375985.148380639 1.33794938722174e-16 4.45983129073912e-17
8.64343807763398e-08 -0.0013317814277888 -0.000398345177179704 -114473.629596554 383255.523660483 1.33798807632325e-16 4.45996025441082e-17
8.66358595194082e-08 -0.00135259253581013 -0.000320524353842378 -92110.0298444796 389241.089651316 1.33802048446709e-16 4.46006828155698e-17
8.68373382624766e-08 -0.0013688667469864 -0.000241629018484359 -69437.644400748 393921.780599849 1.33804617744283e-16 4.46015392480945e-17
8.7038817005545e-08 -0.00138054950435393 -0.000161923656425412 -46532.4791925371 397281.905159608 1.33806481101112e-16 4.46021603670372e-17
8.72402957486134e-08 -0.00138760164314076 -8.16754684838815e-05 -23471.3205078689 399310.19899393 1.33807613551587e-16 4.46025378505289e-17
8.74417744916818e-08 -0.00138999952206094 -1.15347522419156e-06 -331.477580568577 399999.862538038 1.33807999922923e-16 4.46026666409743e-17
8.76432532347502e-08 -0.00138773510256861 7.93723848960945e-05 22809.4765778774 399348.583793609 1.33807635038444e-16 4.46025450128147e-17
8.78447319778186e-08 -0.001380815975806 0.000159632160456316 45873.9652307389 397358.546079419 1.33806523786941e-16 4.46021745956471e-17
8.8046210720887e-08 -0.00136926533715529 0.000239356792046217 68784.6679809493 394036.420712077 1.33804681057173e-16 4.46015603523909e-17
8.82476894639553e-08 -0.00135312190847933 0.000318279014249109 91464.7799766695 389393.344641393 1.3380213153838e-16 4.46007105127934e-17
8.84491682070237e-08 -0.00133243980831223 0.000396134251610924 113838.269388561 383444.883115347 1.33798909389499e-16 4.45996364631664e-17
8.86506469500921e-08 -0.00130728837043461 0.000472661505591565 135830.132295613 376210.97749982 1.3379505778149e-16 4.45983525938298e-17
8.88521256931605e-08 -0.00127775191144214 0.000547604229525146 157366.644125049 367715.878428025 1.33790628318924e-16 4.45968761063081e-17
8.90536044362289e-08 -0.00124392944808614 0.000620711188655979 178375.60680341 357988.064503725 1.33785680348581e-16 4.45952267828604e-17
8.92550831792973e-08 -0.00120593436533409 0.000691737302367127 198786.590790257 347060.146830793 1.33780280164303e-16 4.45934267214343e-17
8.94565619223657e-08 -0.00116389403626284 0.000760444465778102 218531.17118313 334968.759689151 1.3377450011878e-16 4.45915000395933e-17
8.96580406654341e-08 -0.00111794939505849 0.000826602347957389 237543.157102236 321754.437723593 1.33768417654156e-16 4.45894725513852e-17
8.98595194085025e-08 -0.00106825446455479 0.000889989164073937 255758.813585902 307461.480057186 1.33762114264442e-16 4.45873714214807e-17
9.00609981515709e-08 -0.00101497583989357 0.000950392418899054 273117.075252912 292137.801784806 1.33755674403647e-16 4.45852248012158e-17
9.02624768946393e-08 -0.000958292130038443 0.00100760961916625 289559.751015456 275834.773344633 1.33749184354245e-16 4.45830614514149e-17
9.04639556377076e-08 -0.000898393359013734 0.00106144895240094 305031.719156425 258607.048306118 1.33742731071144e-16 4.45809103570479e-17
9.0665434380776e-08 -0.0008354803288762 0.00111172992994429 319481.112117077 240512.380151704 1.33736401016652e-16 4.45788003388841e-17
9.08669131238444e-08 -0.000769763946554849 0.00115828399201563 332859.490375603 221611.428666553 1.33730279002039e-16 4.45767596673462e-17
9.10683918669128e-08 -0.00070146451681565 0.00120095507278499 345122.004833693 201967.556585288 1.33724447051212e-16 4.45748156837374e-17
9.12698706099812e-08 -0.000630811003721338 0.00123960012356146 356227.547166719 181646.617177502 1.33718983301754e-16 4.45729944339179e-17
9.14713493530496e-08 -0.000558040263062165 0.00127408959234346 366138.887633509 160716.733484092 1.33713960958012e-16 4.45713203193375e-17
9.1672828096118e-08 -0.000483396248330762 0.00130430785812323 374822.799883722 139248.069944517 1.337094473103e-16 4.45698157700999e-17
9.18743068391864e-08 -0.000407129192902972 0.00133015361848981 382250.172344441 117312.597180557 1.33705502833322e-16 4.45685009444406e-17
9.20757855822548e-08 -0.00032949477116627 0.00135154022923076 388396.105812544 94983.8507251018 1.33702180375927e-16 4.45673934586424e-17
9.22772643253232e-08 -0.000250753241407978 0.00136839599479459 393239.996925726 72336.6845048073 1.33699524453029e-16 4.45665081510097e-17
9.24787430683916e-08 -0.000171168573336604 0.00138066440863974 396765.60723232 49447.0199030144 1.33697570649185e-16 4.45658568830616e-17
9.26802218114599e-08 -9.10075631611728e-05 0.00138830434266474 398961.117628383 26391.5912441808 1.33696345141828e-16 4.45654483806092e-17
9.28817005545283e-08 -1.05389391951245e-05 0.00139129018508423 399819.167979546 3247.68855303993 1.33695864350537e-16 4.45652881168458e-17
9.30831792975967e-08 6.99675390168956e-05 0.00138961192628888 399336.881794818 -19907.1015491444 1.33696134717047e-16 4.45653782390155e-17
9.32846580406651e-08 0.000150241985029301 0.00138327519240107 397515.875869605 -42995.1559426211 1.33697152618933e-16 4.45657175396445e-17
9.34861367837335e-08 0.000230015290251243 0.00137230122641423 394362.254865637 -65939.0752295508 1.33698904418156e-16 4.45663014727187e-17
9.36876155268019e-08 0.000309020026094648 0.00135672681697865 389886.590845963 -88661.9432044094 1.33701366643777e-16 4.45671222145924e-17
9.38890942698703e-08 0.000386991340490281 0.00133660417507284 384103.887833621 -111087.584704558 1.33704506306432e-16 4.45681687688106e-17
9.40905730129387e-08 0.000463667845766399 0.00131200075897373 377033.531512802 -133140.820976574 1.33708281340326e-16 4.45694271134419e-17
9.42920517560071e-08 0.000538792494913513 0.00128299904811237 368699.224241117 -154747.721702259 1.33712641166841e-16 4.45708803889469e-17
9.44935304990755e-08 0.000612113443297692 0.00124969626657351 359128.905590831 -175835.852839453 1.33717527372196e-16 4.45725091240654e-17
9.46950092421439e-08 0.000683384892933658 0.00121220405716574 348354.658685452 -196334.519446792 1.33722874490088e-16 4.45742914966961e-17
9.48964879852122e-08 0.000752367916487346 0.00117064810715498 336412.60264565 -216175.002678379 1.3372861087882e-16 4.45762036262733e-17
9.50979667282806e-08 0.000818831258245598 0.00112516772691587 323342.771505073 -235290.79015388 1.33734659681169e-16 4.45782198937231e-17
9.5299445471349e-08 0.000882552109367842 0.00107591538291371 309188.980001977 -253617.798931763 1.33740939854139e-16 4.45803132847129e-17
9.55009242144174e-08 0.000943316854820841 0.00102305618658245 293998.676696594 -271094.590338181 1.33747367254782e-16 4.4582455751594e-17
9.57024029574858e-08 0.00100092178949251 0.000966767340812234 277822.784906618 -287662.575931339 1.3375385576757e-16 4.45846185891898e-17
9.59038817005542e-08 0.00105517380108417 0.000907237545902068 260715.531994075 -303266.213910855 1.33760318458179e-16 4.45867728193931e-17
9.61053604436226e-08 0.00110589101749186 0.000844666366969096 242734.26757585 -317853.195313698 1.3376666873826e-16 4.45888895794199e-17
9.6306839186691e-08 0.00115290341650656 0.000779263564935088 223939.271267309 -331374.619372501 1.33772821525557e-16 4.4590940508519e-17
9.65083179297594e-08 0.0011960533957893 0.000711248393332985 204393.550603512 -343785.157448382 1.33778694383863e-16 4.45928981279542e-17
9.67097966728278e-08 0.00123519630121043 0.0006408488632908 184162.629815471 -355043.204988719 1.3378420862751e-16 4.459473620917e-17
9.69112754158962e-08 0.00127020091178194 0.000568300979156955 163314.330169546 -365111.02100046 1.3378929037562e-16 4.45964301252065e-17
9.71127541589646e-08 0.00130094987955696 0.000493847947329475 141918.542606354 -373954.854571398 1.33793871541969e-16 4.45979571806562e-17
9.73142329020329e-08 0.00132734012302203 0.000417739360941354 120046.993441392 -381545.058015274 1.33797890747224e-16 4.45992969157412e-17
9.75157116451013e-08 0.00134928317266307 0.000340230363135293 97773.0039128371 -387856.186261403 1.33801294141312e-16 4.46004313804374e-17
9.77171903881697e-08 0.00136670546754681 0.000261580791732838 75171.2443825824 -392867.082155629 1.33804036124916e-16 4.46013453749721e-17
9.79186691312381e-08 0.00137954860192323 0.000182054308165269 52317.48401454 -396560.94738666 1.33806079960421e-16 4.46020266534737e-17
9.81201478743065e-08 0.00138776952102253 0.000101917513586391 29288.3367693627 -398925.3988 1.33807398264132e-16 4.46024660880439e-17
9.83216266173749e-08 0.00139134066539007 2.14390551303222e-05 6161.00456710637 -399952.5099107 1.33807973373165e-16 4.46026577910551e-17
9.85231053604433e-08 0.00139025006327547 -5.91112746895718e-05 -16986.9815211575 -399638.83747577 1.33807797582103e-16 4.46025991940342e-17
9.87245841035117e-08 0.00138450137076624 -0.000139463442421465 -40078.0211851608 -397985.433037152 1.33806873246225e-16 4.46022910820752e-17
9.89260628465801e-08 0.00137411385953122 -0.000219348078923569 -63034.7050193718 -394997.839396581 1.33805212749961e-16 4.46017375833203e-17
9.91275415896485e-08 0.00135912235221509 -0.000298497382385628 -85780.0740269488 -390686.072034132 1.33802838340952e-16 4.46009461136506e-17
9.93290203327169e-08 0.00133957710570046 -0.000376646016096156 -108237.877613761 -385064.58553276 1.33799781831979e-16 4.45999272773264e-17
9.95304990757852e-08 0.0013155436426288 -0.000453531997945787 -130332.829207593 -378152.225121376 1.33796084174729e-16 4.45986947249097e-17
9.97319778188536e-08 0.00128710253174526 -0.0005288975786848 -151990.858645602 -369972.163498917 1.33791794911112e-16 4.45972649703708e-17
9.9933456561922e-08 0.00125434911780337 -0.000602490105990587 -173139.360483938 -360551.823151187 1.33786971509495e-16 4.45956571698317e-17
1.0013493530499e-07 0.0012173932019355 -0.000674062871448403 -193707.437397099 -349922.784420902 1.33781678594724e-16 4.4593892864908e-17
1.00336414048059e-07 0.00117635867356022 -0.00074337593760602 -213626.137851075 -338120.679639105 1.33775987082273e-16 4.4591995694091e-17
1.00537892791127e-07 0.00113138309506078 -0.000810196942329686 -232828.687253489 -325185.073672883 1.33769973228103e-16 4.45899910760343e-17
1.00739371534196e-07 0.00108261724062689 -0.000874301877764929 -251250.711805865 -311159.331289808 1.33763717606969e-16 4.45879058689898e-17
1.00940850277264e-07 0.00103022459080585 -0.000935475841290825 -268830.454307573 -296090.471783763 1.33757304032868e-16 4.45857680109559e-17
1.01142329020332e-07 0.000974380784457406 -0.000993513755950274 -285508.981188005 -280029.011349487 1.33750818436078e-16 4.45836061453593e-17
1.01343807763401e-07 0.000915273029949603 -0.00104822105794115 -301230.380072936 -263028.793734263 1.33744347711852e-16 4.4581449237284e-17
1.01545286506469e-07 0.000853099477569538 -0.0010994143488636 -315941.947222753 -245146.809734464 1.33737978556178e-16 4.45793261853926e-17
1.01746765249538e-07 0.000788068555252876 -0.00114692201053693 -329594.364214205 -226443.00614206 1.33731796304208e-16 4.4577265434736e-17
1.01948243992606e-07 0.000720398269859028 -0.00119058478032499 -342141.863273351 -206980.084781583 1.33725883786924e-16 4.45752945956414e-17
1.02149722735674e-07 0.000650315476334359 -0.00123025628504136 -353542.380705476 -186823.292311233 1.33720320221351e-16 4.45734400737838e-17
1.02351201478743e-07 0.000578055117213448 -0.00126580353164454 -363757.697907607 -166040.201492793 1.33715180149194e-16 4.4571726716398e-17
1.02552680221811e-07 0.000503859435007867 -0.00129710735307804 -372753.569490906 -144700.484663619 1.33710532438111e-16 4.45701774793704e-17
1.0275415896488e-07 0.000427977160122836 -0.00132406280776092 -380499.83808344 -122875.680170099 1.33706439359015e-16 4.45688131196717e-17
1.02955637707948e-07 0.000350662677024134 -0.00134657953138939 -386970.53542845 -100638.952545588 1.33702955751754e-16 4.45676519172515e-17
1.03157116451016e-07 0.000272175171450589 -0.00136458203987024 -392143.969439214 -78064.8472367797 1.33700128290358e-16 4.45667094301193e-17
1.03358595194085e-07 0.000192777761530987 -0.00137800998237042 -396002.796918669 -55229.0407007663 1.33697994857688e-16 4.45659982858961e-17
1.03560073937153e-07 0.000112736615718202 -0.00138681834363459 -398534.081699989 -32208.0867105487 1.3369658403788e-16 4.45655280126268e-17
1.03761552680221e-07 3.2320060497553e-05 -0.00139097759489233 -399729.338013241 -9079.15971946799 1.33695914733365e-16 4.45653049111216e-17
1.0396303142329e-07 -4.82023191393306e-05 -0.00139047379284909 -399584.558932705 14080.2038551029 1.3369599591161e-16 4.45653319705366e-17
1.04164510166358e-07 -0.000128560583439611 -0.00138530862642912 -398100.22980953 37192.3655615013 1.33696826484974e-16 4.45656088283247e-17
1.04365988909427e-07 -0.000208485342823628 -0.00137549941111356 -395281.326644652 60179.8451855718 1.33698395325279e-16 4.45661317750929e-17
1.04567467652495e-07 -0.000287708660974904 -0.00136107903089281 -391137.299407472 82965.5804919946 1.33700681412904e-16 4.45668938043015e-17
1.04768946395563e-07 -0.000365964953058304 -0.00134209582802761 -385682.040356182 105473.1855644 1.33703654118417e-16 4.45678847061388e-17
1.04970425138632e-07 -0.000442991876055174 -0.00131861344098857 -378933.837465959 127627.206878219 1.33707273612944e-16 4.45690912043147e-17
1.051719038817e-07 -0.000518531208230769 -0.00129071059111727 -370915.313121145 149353.376247828 1.33711491401815e-16 4.45704971339383e-17
1.05373382624769e-07 -0.00059232971478566 -0.00125848081872428 -361653.348276942 170578.859800008 1.33716250974296e-16 4.45720836580985e-17
1.05574861367837e-07 -0.00066413999678915 -0.00122203216950861 -351178.992344856 191232.502139082 1.33721488560734e-16 4.45738295202445e-17
1.05776340110905e-07 -0.000733721320548784 -0.00118148683234997 -339527.359103991 211245.064885193 1.33727133986955e-16 4.45757113289849e-17
1.05977818853974e-07 -0.000800840424635597 -0.00113698072968808 -326737.508987128 230549.458786065 1.3373311161447e-16 4.45777038714901e-17
1.06179297597042e-07 -0.000865272301859668 -0.0010886630618621 -312852.318136216 249080.968624118 1.33739341353896e-16 4.45797804512988e-17
1.06380776340111e-07 -0.000926800953574518 -0.00103669580693788 -297918.334666243 266777.470164972 1.33745739738005e-16 4.45819132460017e-17
1.06582255083179e-07 -0.000985220113781661 -0.000981253177699643 -281985.62261934 283579.638420052 1.33752221040035e-16 4.45840736800118e-17
1.06783733826247e-07 -0.00104033394060784 -0.000922521037626608 -265107.594132252 299431.146525119 1.33758698422277e-16 4.45862328074257e-17
1.06985212569316e-07 -0.00109195767283687 -0.000860696277812234 -247340.830379784 314278.854568025 1.33765085099537e-16 4.45883616998456e-17
1.07186691312384e-07 -0.00113991824929519 -0.000795986156915031 -228744.891894522 328072.987732656 1.33771295501905e-16 4.45904318339682e-17
1.07388170055452e-07 -0.00118405488901465 -0.000728607606353566 -209382.118898663 340767.303161887 1.33777246421235e-16 4.45924154737449e-17
1.07589648798521e-07 -0.00122421963022772 -0.000658786503074933 -189317.422317348 352319.244980134 1.33782858125983e-16 4.45942860419945e-17
1.07791127541589e-07 -0.00126027782638813 -0.000586756912334618 -168618.066174074 362690.086955843 1.33788055429469e-16 4.45960184764898e-17
1.07992606284658e-07 -0.00129210859755414 -0.000512760303026225 -147353.442097682 371845.062325633 1.33792768697237e-16 4.45975895657457e-17
1.08194085027726e-07 -0.00131960523562124 -0.000437044738191578 -125594.836696856 379753.480344898 1.33796934780033e-16 4.4598978260011e-17
1.08395563770794e-07 -0.00134267556204582 -0.000359864043424874 -103415.192581967 386388.829174133 1.33800497859892e-16 4.46001659532973e-17
1.08597042513863e-07 -0.00136124223686051 -0.000281476955958706 -80888.8638354118 391728.864756082 1.33803410197995e-16 4.46011367326651e-17
1.08798521256931e-07 -0.00137524301794538 -0.000202146257284528 -58091.3667501969 395755.68538576 1.33805632774287e-16 4.46018775914289e-17
1.09e-07 -0.00138463096968573 -0.000122137892215311 -35099.126672372 398455.791723349 1.33807135810268e-16 4.46023786034228e-17
