0 -0.00139 0 0 400000 1.33808e-16 4.46026666666667e-17
4.39516129032258e-10 -0.00137894165881382 0.000175105293068633 50320.5250307123 396809.406991213 1.33799520516862e-16 4.45998401722872e-17
8.79032258064516e-10 -0.00134594304858565 0.000347417137517935 99838.2884846172 387288.527383591 1.33774621001035e-16 4.45915403336783e-17
1.31854838709677e-09 -0.00129153059499097 0.000514186648516749 147763.335212281 371589.247436701 1.33734884000088e-16 4.4578294666696e-17
1.75806451612903e-09 -0.00121657233799992 0.000672753357885717 193331.118618527 349962.017214751 1.33682835093018e-16 4.4560945031006e-17
2.19758064516129e-09 -0.00112226408406605 0.000820587656453145 235814.697447548 322751.85516547 1.33621782371109e-16 4.45405941237031e-17
2.63709677419355e-09 -0.0010101103294677 0.000955331148821691 274536.332651342 290392.844052868 1.33555606184376e-16 4.45185353947918e-17
3.07661290322581e-09 -0.000881900259131542 0.0010748342767677 308878.299337058 253401.206050083 1.33488512516744e-16 4.44961708389148e-17
3.51612903225806e-09 -0.000739679203827918 0.00117719061106842 338292.741310621 212367.067465089 1.3342476566481e-16 4.44749218882699e-17
3.95564516129032e-09 -0.000585716011080603 0.00126076726470071 362310.411007438 167945.044476342 1.33368417210385e-16 4.44561390701285e-17
4.39516129032258e-09 -0.000422466850321546 0.00132423094223069 380548.1553824 120843.800063762 1.33323048512649e-16 4.44410161708829e-17
4.83467741935484e-09 -0.000252536029705788 0.00136656920982917 392715.028337013 71814.7387329881 1.33291543086394e-16 4.44305143621313e-17
5.2741935483871e-09 -7.86344496744989e-05 0.00138710664659312 398616.932172337 21640.0193855677 1.33275903333437e-16 4.44253011111455e-17
5.71370967741936e-09 9.64636439449961e-05 0.00138551561951177 398159.714022796 -28879.9224346607 1.33277123275234e-16 4.44257077584114e-17
6.15322580645161e-09 0.000269964917385926 0.00136182151018452 391350.667873545 -78939.1438618174 1.33295125375503e-16 4.44317084585008e-17
6.59274193548387e-09 0.000439101510898009 0.00131640230990922 378298.418199788 -127739.051886348 1.33328765468219e-16 4.44429218227396e-17
7.03225806451613e-09 0.000601175194317298 0.00124998258960018 359211.187084313 -174501.143281391 1.33375905477796e-16 4.44586351592655e-17
7.47177419354839e-09 0.000753600411837661 0.00116362194073372 334393.472457892 -218479.424037539 1.33433549309531e-16 4.44778497698435e-17
7.91129032258065e-09 0.000893945529292184 0.00105869807172238 304241.19045443 -258972.310179197 1.33498033273478e-16 4.44993444244928e-17
8.3508064516129e-09 0.00101997162592803 0.000936884829380773 269235.359374724 -295333.82010922 1.3356525893893e-16 4.45217529796435e-17
8.79032258064516e-09 0.00112966821183093 0.000800125496105861 229934.426018321 -326983.879930748 1.33630953619859e-16 4.45436512066197e-17
9.22983870967742e-09 0.00122128530120056 0.000650601788760811 186965.356801251 -353417.57734581 1.33690941935576e-16 4.45636473118586e-17
9.66935483870968e-09 0.00129336132981276 0.000490699053822138 141013.635782703 -374213.216503563 1.33741411186918e-16 4.45804703956393e-17
1.01088709677419e-08 0.00134474647130258 0.000322968214030749 92812.329161796 -389039.045299456 1.33779153681354e-16 4.45930512271179e-17
1.05483870967742e-08 0.00137462098030405 0.000150085073610625 43130.3906981246 -397658.547804961 1.3380177060546e-16 4.46005902018202e-17
1.09879032258065e-08 0.00138250826981937 -2.51923687424259e-05 -7239.60538068521 -399934.217397912 1.33807824487181e-16 4.46026081623937e-17
1.14274193548387e-08 0.00136828251419462 -0.000200067918117555 -57494.1082879251 -395829.75040084 1.33796930557757e-16 4.45989768525856e-17
1.1866935483871e-08 0.00133217065641199 -0.000371751790988542 -106831.409695416 -385410.625232274 1.33769781206615e-16 4.45899270688718e-17
1.23064516129032e-08 0.00127474878767636 -0.000537505120532868 -154464.433358441 -368843.057831816 1.33728101974925e-16 4.45760339916417e-17
1.27459677419355e-08 0.00119693295705244 -0.000694683649678397 -199633.291315567 -346391.35002307 1.33674541884747e-16 4.4558180628249e-17
1.31854838709677e-08 0.00109996455776602 -0.000840779914844014 -241617.406354731 -318413.673115884 1.3361250507418e-16 4.45375016913933e-17
1.3625e-08 0.000985390523301298 -0.000973463247418482 -279747.007356312 -285356.354011969 1.33545934439317e-16 4.45153114797722e-17
1.40645161290323e-08 0.000855038649225022 -0.00109061695483533 -313413.814128392 -247746.754967437 1.33479061034169e-16 4.44930203447229e-17
1.45040322580645e-08 0.000710988434427746 -0.00119037208809536 -342080.741279395 -206184.860601161 1.33416135156027e-16 4.44720450520089e-17
1.49435483870968e-08 0.000555537906950703 -0.00127113725704474 -365290.466322565 -161333.706361126 1.33361156207776e-16 4.44537187359253e-17
1.5383064516129e-08 0.000391166963624794 -0.00133162401776643 -382672.725325608 -113908.801143103 1.33317618506391e-16 4.44392061687971e-17
1.58225806451613e-08 0.000220497808363136 -0.00137086742708103 -393950.219718265 -64666.7128022482 1.33288289193368e-16 4.44294297311227e-17
1.62620967741936e-08 4.62531202336969e-05 -0.00138824143625155 -398943.040026705 -14392.9986525527 1.33275032362503e-16 4.4425010787501e-17
1.67016129032258e-08 -0.000128787381344703 -0.00138346887831699 -397571.535963079 36110.3265015243 1.33278690583008e-16 4.44262301943361e-17
1.71411290322581e-08 -0.000301831281369112 -0.00135662588972728 -389857.58708377 86037.5848791975 1.33299031348035e-16 4.44330104493452e-17
1.75806451612903e-08 -0.000470118016551372 -0.00130814069574105 -375924.2537456 134592.288672828 1.33334761852196e-16 4.44449206173987e-17
1.80201612903226e-08 -0.000630962914487765 -0.00123878677896311 -355993.81392826 180999.846390078 1.33383611158864e-16 4.44612037196214e-17
1.84596774193548e-08 -0.000781800022144015 -0.00114967054000349 -330384.217241465 224519.91988491 1.3344247453492e-16 4.44808248449732e-17
1.88991935483871e-08 -0.000920223040414355 -0.00104221364710714 -299504.01268595 264458.23494615 1.33507610779398e-16 4.4502536926466e-17
1.93387096774194e-08 -0.00104402371172704 -0.000918130356330189 -263845.831085537 300177.657029714 1.33574880004359e-16 4.45249600014532e-17
1.97782258064516e-08 -0.00115122704830021 -0.000779400164072925 -223978.526164828 331108.355443712 1.33640006755249e-16 4.45466689184163e-17
2.02177419354839e-08 -0.0012401228390529 -0.000628236228242967 -180538.09964562 356756.893837562 1.33698851747513e-16 4.45662839158378e-17
2.06572580645161e-08 -0.00130929293254271 -0.000467050061824516 -134217.555133667 376714.101974839 1.33747674948614e-16 4.45825583162047e-17
2.10967741935484e-08 -0.00135763386068609 -0.000298413062096011 -85755.8426563844 390661.603211753 1.33783373284632e-16 4.4594457761544e-17
2.15362903225807e-08 -0.00138437444234618 -0.000125015489219235 -35926.0702188911 398376.893548623 1.33803677863463e-16 4.46012259544878e-17
2.19758064516129e-08 -0.0013890880859585 5.03764513870067e-05 14476.8295609702 399736.891228401 1.33807298179619e-16 4.46024327265397e-17
2.24153225806452e-08 -0.00137169959493128 0.000224964738225233 64648.7809848983 394719.90025564 1.33794004135351e-16 4.45980013784502e-17
2.28548387096774e-08 -0.00133248636725405 0.000395964170458435 113789.392665641 383405.956511956 1.33764640665057e-16 4.45882135550189e-17
2.32943548387097e-08 -0.00127207397017719 0.000560646800121663 161114.726142819 365975.5509464 1.3372107403348e-16 4.45736913444934e-17
2.37338709677419e-08 -0.0011914261605595 0.000716385450980555 205869.802025777 342706.750209662 1.33666073220842e-16 4.45553577402807e-17
2.41733870967742e-08 -0.00109182951008866 0.000860695629781972 247340.644153415 313970.760666508 1.33603133933761e-16 4.45343779779204e-17
2.46129032258065e-08 -0.000974872880648153 0.000991275161288009 284865.669630931 280226.006553624 1.33536256427359e-16 4.45120854757862e-17
2.50524193548387e-08 -0.000842422077259081 0.0011060409147971 317846.243038606 242010.816753788 1.33469691259591e-16 4.44898970865303e-17
2.5491935483871e-08 -0.000696590082957957 0.00120316203625527 345756.226441741 199934.836854025 1.33407669136995e-16 4.44692230456649e-17
2.59314516129032e-08 -0.000539703350452152 0.00128108915580686 368150.372850728 154669.303490865 1.33354132022134e-16 4.44513773407114e-17
2.63709677419355e-08 -0.00037426468830119 0.00133857910483771 384671.429230715 106936.336135745 1.33312482592858e-16 4.44374941976193e-17
2.68104838709678e-08 -0.000202913333699279 0.00137471474820054 395055.835746785 57497.4171483252 1.33285367977064e-16 4.44284559923546e-17
2.725e-08 -2.83828488166159e-05 0.00138891961523995 399137.930324783 7141.24387502175 1.33274511508233e-16 4.4424837169411e-17
2.76895161290323e-08 0.000146542487622366 0.00138096709620859 396852.591452602 -43328.8534121902 1.33280603194897e-16 4.44268677316323e-17
2.81290322580645e-08 0.000319072097840157 0.0013509840573646 388236.277061383 -93107.7270155236 1.33303255865514e-16 4.4434418621838e-17
2.85685483870968e-08 0.000486453622995909 0.00129944881707856 373426.442913415 -141401.256304458 1.33341029776074e-16 4.44470099253579e-17
2.9008064516129e-08 0.000646016831469812 0.00122718351523727 352659.349775169 -187439.016294399 1.33391524116427e-16 4.44638413721424e-17
2.94475806451613e-08 0.000795216216974783 0.00113534099767492 326266.294357543 -230486.568209526 1.33451529599451e-16 4.44838431998169e-17
2.98870967741936e-08 0.000931671606929285 0.00102538642486371 294668.324151017 -269857.17595891 1.33517232434873e-16 4.45057441449578e-17
3.03266129032258e-08 0.00105320613326732 0.000899073898260127 258369.520469755 -304922.761613367 1.33584456723729e-16 4.45281522412429e-17
3.07661290322581e-08 0.00115788095993858 0.000758418477185684 217948.95686002 -335123.925110705 1.33648929867482e-16 4.45496432891605e-17
3.12056451612903e-08 0.0012440262130922 0.000605664032656023 174051.461160136 -359978.868345366 1.33706554123126e-16 4.45688513743752e-17
3.16451612903226e-08 0.00131026762051593 0.000443247450985032 127377.328584518 -379091.081276758 1.33753667044923e-16 4.45845556816409e-17
3.20846774193548e-08 0.00135554843535266 0.000273759758222664 78671.1499386015 -392155.667440074 1.33787274259796e-16 4.45957580865987e-17
3.25241935483871e-08 0.00137914629434615 9.99047856069336e-05 28709.9331877484 -398964.207948938 1.33805239781788e-16 4.46017465939293e-17
3.29637096774193e-08 0.00138068474167677 -7.55439645613061e-05 -21709.2921236626 -399408.086394611 1.33806421769694e-16 4.46021405898981e-17
3.34032258064516e-08 0.00136013923454802 -0.000249787564503619 -71782.1898566963 -393480.221599767 1.3379074509948e-16 4.45969150331601e-17
3.38427419354839e-08 0.00131783753471694 -0.000420046312160996 -120709.948824169 -381275.180584261 1.33759206138967e-16 4.45864020463223e-17
3.42822580645161e-08 0.00125445447972224 -0.000583604075683635 -167712.026197595 -362987.669940774 1.33713809421318e-16 4.45712698071061e-17
3.47217741935484e-08 0.00117100121722462 -0.000737851623787395 -212038.599479642 -338909.429687344 1.33657440242201e-16 4.45524800807338e-17
3.51612903225806e-08 0.00106880907420351 -0.000880328250729263 -252982.528396227 -309424.579149051 1.33593681278e-16 4.45312270926665e-17
3.56008064516129e-08 0.000949508318344295 -0.00100876103186006 -289890.635880579 -275003.489115858 1.3352658488035e-16 4.45088616267835e-17
3.60403225806451e-08 0.000815002150434906 -0.00112110108351191 -322174.128184165 -236195.278033841 1.33460415519361e-16 4.44868051731203e-17
3.64798387096774e-08 0.000667436342670197 -0.00121555624876778 -349317.987882769 -193619.051937807 1.33399378745132e-16 4.44664595817107e-17
3.69193548387096e-08 0.000509165007223118 -0.00129061968767811 -370889.189931461 -147954.027874369 1.33347353894085e-16 4.44491179646951e-17
3.73588709677419e-08 0.000342713041175514 -0.00134509391582591 -386543.609698004 -99928.6983761425 1.33307647528568e-16 4.44358825095226e-17
3.77983870967741e-08 0.000170735846923236 -0.00137810990775372 -396031.512771077 -50309.2098458352 1.33282783280469e-16 4.44275944268231e-17
3.82379032258064e-08 -4.02302936545518e-06 -0.00138914096049644 -399201.538964617 112.859750530675 1.33274341455834e-16 4.4424780485278e-17
3.86774193548387e-08 -0.000178775665446008 -0.00137801109605526 -396003.11696157 50533.1288992415 1.33282858594775e-16 4.44276195315917e-17
3.91169354838709e-08 -0.000350734238623695 -0.00134489786876855 -386487.271076345 100147.244809062 1.33307793370401e-16 4.44359311234669e-17
3.95564516129032e-08 -0.000517155499791607 -0.00129032953279372 -370805.807265713 148163.715223197 1.33347560994123e-16 4.44491869980411e-17
3.99959677419354e-08 -0.000675384536387765 -0.00121517661488708 -349208.891373683 193816.535067597 1.33399633940643e-16 4.44665446468809e-17
4.04354838709677e-08 -0.000822897126122414 -0.00112063802692093 -322041.058244538 236377.406503127 1.3346070259079e-16 4.44869008635967e-17
4.08749999999999e-08 -0.000957340005807978 -0.00100822193968441 -289735.715370506 275167.357435537 1.33526885582195e-16 4.45089618607318e-17
4.13145161290322e-08 -0.00107656841288443 -0.000879721723087575 -252808.228757189 309567.573133545 1.33593976498444e-16 4.45313254994813e-17
4.17540322580644e-08 -0.00117868030074143 -0.000737187336593934 -211847.701307689 339029.268158619 1.33657711217812e-16 4.45525704059374e-17
4.21935483870967e-08 -0.00126204668200142 -0.000582892626288778 -167507.57488459 363082.441119887 1.337140389296e-16 4.45713463098668e-17
4.2633064516129e-08 -0.00132533761569834 -0.000419299050292071 -120495.205974762 381343.372589903 1.33759379592979e-16 4.45864598643263e-17
4.30725806451612e-08 -0.0013675434237793 -0.000249016411203099 -71560.5812560576 393520.746567256 1.33790851474943e-16 4.45969504916475e-17
4.35120967741935e-08 -0.00138799079846336 -7.47612220108371e-05 -21484.3530860514 399420.297830558 1.33806454305663e-16 4.4602151435221e-17
4.39516129032257e-08 -0.00138635354349692 0.000100686630342805 28934.6142177282 398947.911044731 1.33805196410363e-16 4.46017321367876e-17
4.4391129032258e-08 -0.00136265777795124 0.000274528232402197 78891.9886323325 392111.122179657 1.3378715773755e-16 4.45957192458501e-17
4.48306451612902e-08 -0.00131728151954576 0.000443990295166503 127590.801910039 379018.998289113 1.33753484777703e-16 4.4584494925901e-17
4.52701612903225e-08 -0.00125094865414464 0.000606369396272172 174254.163584947 359880.397567875 1.33706317695356e-16 4.45687725651186e-17
4.57096774193547e-08 -0.0011647173876309 0.000759075107595399 218137.654679424 335000.63744424 1.33648654305887e-16 4.45495514352958e-17
4.6149193548387e-08 -0.00105996336438492 0.000899671320261435 258541.203394034 304776.62386176 1.33584159542278e-16 4.45280531807594e-17
4.65887096774192e-08 -0.000938357721677755 0.00102591510780431 294820.253328482 269690.519452606 1.33516932521636e-16 4.45056441738788e-17
4.70282258064515e-08 -0.000801840430076658 0.00113579250749434 326396.046067337 230302.051613943 1.33451246016121e-16 4.44837486720404e-17
4.74677419354838e-08 -0.000652589345162434 0.00122755064901515 352764.854092801 187239.583196337 1.33391274886814e-16 4.44637582956046e-17
4.7907258064516e-08 -0.000492985464275489 0.00129972571794256 373506.016732194 141190.088253159 1.33340830740554e-16 4.44469435801846e-17
4.83467741935483e-08 -0.00032557494254849 0.00135116630792492 388288.650942959 92888.1927675277 1.3330311967426e-16 4.44343732247534e-17
4.87862903225805e-08 -0.000153028474182533 0.00138105178902842 396876.929878274 43104.4551896819 1.33280538503866e-16 4.44268461679554e-17
4.92258064516128e-08 2.19013130440837e-05 0.00138890539921769 399133.845024497 -7366.92625504268 1.33274522429017e-16 4.44248408096722e-17
4.9665322580645e-08 0.000196423770350592 0.0013746018501239 395023.391893193 -57720.7833827393 1.33285453815565e-16 4.44284846051885e-17
5.01048387096773e-08 0.000367754747076199 0.00133836932576576 384611.14439948 -107153.822870823 1.33312637893409e-16 4.44375459644696e-17
5.05443548387095e-08 0.000533161006138259 0.0012807858423378 368063.208763654 -154877.441168324 1.33354346914241e-16 4.44514489714137e-17
5.09838709677418e-08 0.000690003827267906 0.00120277002713826 345643.573624463 -200130.305060772 1.33407929962681e-16 4.44693099875604e-17
5.14233870967741e-08 0.000835781102422266 0.00110556646373989 317709.898637581 -242190.497192355 1.33469981441465e-16 4.44899938138217e-17
5.18629032258063e-08 0.000968167251826603 0.000990725837191737 284707.80874362 -280387.032788254 1.33536557522225e-16 4.45121858407417e-17
5.23024193548386e-08 0.00108505032386717 0.000860080195994736 247163.785129038 -314110.56385131 1.33603426804824e-16 4.45344756016081e-17
5.27419354838708e-08 0.00118456568698147 0.000715713725496051 205676.766290166 -342823.100069315 1.33666339253989e-16 4.45554464179964e-17
5.31814516129031e-08 0.00126512577606041 0.000559929498953062 160908.593188317 -366066.59135566 1.33721296320346e-16 4.45737654401154e-17
5.36209677419353e-08 0.00132544541881898 0.000395212736686208 113573.450924065 -383470.235106357 1.33764805077675e-16 4.45882683592249e-17
5.40604838709676e-08 0.00136456233810478 0.00022419115944608 64426.4753673037 -394756.391601012 1.33794100224088e-16 4.45980334080292e-17
5.44999999999998e-08 0.00138185250307183 4.95930684761499e-05 14251.7065011034 -399745.013179587 1.33807319837329e-16 4.46024399457762e-17
5.49395161290321e-08 0.0013770400843228 -0.000125796178981602 -36150.4193407254 -398356.51653642 1.33803623713638e-16 4.46012079045461e-17
5.53790322580643e-08 0.00135020185420577 -0.000299178604393399 -85975.838806488 -390613.052309924 1.33783246768893e-16 4.45944155896309e-17
5.58185483870966e-08 0.00130176596206764 -0.000467788243987415 -134429.688721148 -376638.151714223 1.33747484107967e-16 4.45824947026557e-17
5.62580645161289e-08 0.00123250510400256 -0.000628935274077137 -180738.986510772 -356654.755850013 1.33698608711287e-16 4.45662029037623e-17
5.66975806451611e-08 0.00114352419605816 -0.000780048921724608 -224164.961566514 -330981.659132975 1.33639726970185e-16 4.45465756567282e-17
5.71370967741934e-08 0.00103624274754845 -0.000918718476191247 -264014.84082631 -300028.423577604 1.33574581252859e-16 4.45248604176195e-17
5.75766129032256e-08 0.000912372215671361 -0.00104273174692199 -299652.900559324 -264288.845068713 1.33507312049318e-16 4.45024373497726e-17
5.80161290322579e-08 0.000773888702691913 -0.00115011035454389 -330510.608044401 -224333.075852939 1.33442194812756e-16 4.44807316042521e-17
5.84556451612901e-08 0.000623001431251826 -0.00123914129188308 -356095.691352696 -180798.528919885 1.33383368223021e-16 4.4461122741007e-17
5.88951612903224e-08 0.000462117500717956 -0.00130840425150836 -375999.992544546 -134379.709374977 1.33334571143034e-16 4.44448570476781e-17
5.93346774193546e-08 0.000293803486810242 -0.00135679428384599 -389905.978998813 -85817.1350237955 1.33298904986527e-16 4.44329683288422e-17
5.97741935483869e-08 0.000120744497108958 -0.00138353942440162 -397591.808999691 -35885.5229174089 1.33278636600357e-16 4.44262122001189e-17
6.02137096774192e-08 -5.42986643726528e-05 -0.00138821300888286 -398934.870769841 14618.5696816624 1.33275054189704e-16 4.44250180632345e-17
6.06532258064514e-08 -0.000228533540198294 -0.00137074047975986 -393913.738491794 64889.4527496098 1.33288385443142e-16 4.44294618143805e-17
6.10927419354837e-08 -0.000399180567484486 -0.00133140057567894 -382608.514113261 114125.156646123 1.33317783061356e-16 4.4439261020452e-17
6.1532258064516e-08 -0.00056351742017008 -0.00127082088475474 -365199.549483568 161540.225908026 1.33361378609252e-16 4.44537928697506e-17
6.19717741935482e-08 -0.000718922438188752 -0.00118996783267895 -341964.569206903 206378.24959283 1.33416401268763e-16 4.44721337562542e-17
6.24112903225805e-08 -0.000862916450720398 -0.00109013126536502 -313274.240111415 247923.92827605 1.33479353944741e-16 4.44931179815802e-17
6.28508064516127e-08 -0.000993202326316566 -0.000972903872081428 -279586.258014265 285514.485197928 1.33546235531101e-16 4.45154118437005e-17
6.3290322580645e-08 -0.00110770161895815 -0.000840155777335408 -241438.046116249 318550.239517906 1.33612795210577e-16 4.45375984035258e-17
6.37298387096773e-08 -0.00120458772543209 -0.000694004706842096 -199438.181508264 346504.173002118 1.33674802625453e-16 4.45582675418176e-17
6.41693548387095e-08 -0.00128231502506855 -0.000536782203520206 -154256.686562252 368930.33752685 1.33728316747947e-16 4.45761055826492e-17
6.46088709677418e-08 -0.00133964353697348 -0.000370996432469351 -106614.340087719 385470.969273368 1.33769936361547e-16 4.45899787871825e-17
6.5048387096774e-08 -0.00137565870140044 -0.000199292168299889 -57271.1787725848 395862.196121617 1.3379701623336e-16 4.459900541112e-17
6.54879032258063e-08 -0.00138978596969028 -2.44086031360082e-05 -7014.37234446634 399938.247192923 1.3380783523814e-16 4.46026117460467e-17
6.59274193548386e-08 -0.0013817999700258 0.000150864351620472 43354.3341204685 397634.097387027 1.33801705748473e-16 4.46005685828243e-17
6.63669354838708e-08 -0.00135182810278048 0.000323730572649176 93031.4104086765 388986.504725239 1.33779017338558e-16 4.45930057795195e-17
6.68064516129031e-08 -0.0013003485081048 0.000491432331168754 141224.359858647 374133.423951007 1.33741212023903e-16 4.45804040079678e-17
6.72459677419354e-08 -0.00122818243817309 0.000651294286887737 187164.36203244 353311.805742717 1.33690692610618e-16 4.45635642035393e-17
6.76854838709676e-08 -0.00113648115577633 0.000800766167614687 230118.537681259 326853.816647804 1.33630669979395e-16 4.45435566597983e-17
6.81249999999999e-08 -0.00102670756826708 0.000937463453661313 269401.640342488 295181.540041431 1.335649590104e-16 4.45216530034667e-17
6.85645161290321e-08 -0.000900612889849617 0.00105920541800171 304386.988052555 258800.242645163 1.33497736119548e-16 4.44992453731827e-17
6.90040322580644e-08 -0.00076020870452097 0.00116404991533439 334516.46078239 218290.314024615 1.33433273816521e-16 4.44777579388402e-17
6.94435483870967e-08 -0.000607734875341705 0.00125032436505833 359309.404106743 174298.007655002 1.33375669155316e-16 4.44585563851054e-17
6.98830645161289e-08 -0.000445623811978833 0.00131665243389293 378370.297067424 127525.131262042 1.33328583336302e-16 4.44428611121006e-17
7.03225806451612e-08 -0.000276461666559419 0.00136197599247461 391395.061905325 78717.8509078351 1.33295009009973e-16 4.4431669669991e-17
7.07620967741934e-08 -0.000102947076876094 0.00138557199565767 398175.915002282 28654.7874297618 1.33277080071979e-16 4.44256933573262e-17
7.12016129032257e-08 7.21518848873109e-05 0.00138706401722815 398604.681645871 -21865.4048705198 1.3327593603834e-16 4.442531201278e-17
7.1641129032258e-08 0.000246041871114554 0.00136642825501809 392674.521736814 -72036.7791312305 1.33291649620819e-16 4.44305498736062e-17
7.20806451612902e-08 0.000415948820933862 0.00132399391062068 380480.038908846 -121058.953172583 1.33323222105548e-16 4.44410740351825e-17
7.25201612903225e-08 0.000579162214714047 0.00126043793764876 362215.77132025 -168149.877965718 1.33368646828652e-16 4.44562156095506e-17
7.29596774193548e-08 0.00073307831488943 0.00117677424231747 338173.08819342 -212558.313633524 1.33425036714512e-16 4.44750122381706e-17
7.3399193548387e-08 0.000875241703294215 0.00107433750863389 308735.541611841 -253575.813954137 1.33488807770678e-16 4.44962692568926e-17
7.38387096774193e-08 0.00100338445236265 0.000954761906229689 274372.747727108 -290548.028178751 1.33555906876979e-16 4.45186356256597e-17
7.42782258064515e-08 0.00111546230529822 0.000819955020510123 235632.894988876 -322885.139866246 1.33622069391154e-16 4.45406897970513e-17
7.47177419354838e-08 0.00120968728803084 0.00067206742101076 193133.998913686 -350071.276204249 1.33683090198267e-16 4.45610300660888e-17
7.51572580645161e-08 0.00128455623270471 0.000513458353436845 147554.04290503 -371672.73771008 1.33735090976724e-16 4.45783636589078e-17
7.55967741935483e-08 0.00133887475766258 0.000346658102699035 99620.1624078187 -387344.917023438 1.33774766694168e-16 4.4591588898056e-17
7.60362903225806e-08 0.00137177632137454 0.000174327627366671 50097.0449420444 -396837.796415576 1.33799595666621e-16 4.4599865222207e-17
7.64758064516128e-08 0.00138273604634482 -7.83890511265296e-07 -225.268930494756 -399999.936313383 1.33807999830065e-16 4.46026666100218e-17
7.69153225806451e-08 0.00137157909246408 -0.000175882903011277 -50543.9890956602 -396780.891209607 1.33799445038033e-16 4.45998150126778e-17
7.73548387096774e-08 0.00133848344622756 -0.000348176061707725 -100056.382769602 -387232.014418263 1.33774475010548e-16 4.45914916701828e-17
7.77943548387096e-08 0.00128397708132278 -0.000514914779862614 -147972.580466797 -371505.638837012 1.33734676776714e-16 4.45782255922379e-17
7.82338709677419e-08 0.00120892953588375 -0.000673439080533749 -193528.176760345 -349852.646785769 1.33682579807327e-16 4.45608599357756e-17
7.86733870967742e-08 0.00111453804077949 -0.00082122003109391 -235996.424815018 -322618.467689825 1.33621495248387e-16 4.45404984161289e-17
7.91129032258064e-08 0.00100230842023184 -0.00095590008720465 -274699.830154124 -290237.567456297 1.33555305473385e-16 4.45184351577949e-17
7.95524193548387e-08 0.000874031069454283 -0.00107533070263872 -309020.958705206 -253226.517454702 1.33488217329883e-16 4.44960724432943e-17
7.99919354838709e-08 0.000731752392539711 -0.00117760660496292 -338412.286704221 -212175.753671955 1.33424494763376e-16 4.44748315877921e-17
8.04314516129032e-08 0.000577742156247437 -0.00126109619028265 -362404.935323005 -167740.157507708 1.33368187812161e-16 4.44560626040536e-17
8.08709677419355e-08 0.000414457280493441 -0.00132446755216175 -380616.150676832 -120628.608474277 1.33322875197579e-16 4.44409583991929e-17
8.13104838709677e-08 0.000244502643192828 -0.0013667097294794 -392755.409883755 -71592.6754665573 1.33291436869928e-16 4.44304789566426e-17
8.175e-08 7.058952473351e-05 -0.00138714883425745 -398629.055765985 -21414.6270097179 1.33275870966413e-16 4.44252903221376e-17
8.21895161290322e-08 -0.00010450764498505 -0.00138545880217186 -398143.386256084 29105.0482432365 1.33277166814815e-16 4.4425722271605e-17
8.26290322580645e-08 -0.000277995546935039 -0.00136166659424541 -391306.149222766 79160.4116789645 1.33295242054427e-16 4.44317473514758e-17
8.30685483870968e-08 -0.000447106534681104 -0.00131615176673946 -378226.41886942 127952.931834315 1.33328947870683e-16 4.4442982623561e-17
8.3508064516129e-08 -0.000609142786547186 -0.00124964041610621 -359112.855677158 174704.223340843 1.3337614201078e-16 4.44587140035934e-17
8.39475806451613e-08 -0.000761519343871416 -0.00116319359559733 -334270.37765145 218668.464479387 1.33433824939621e-16 4.44779416465403e-17
8.43870967741936e-08 -0.000901805348761286 -0.00105819038831856 -304095.295975846 259144.29524788 1.33498330482354e-16 4.4499443494118e-17
8.48266129032258e-08 -0.00102776282348463 -0.000936305906765111 -269068.992673514 295486.006132949 1.33565558836779e-16 4.45218529455929e-17
8.52661290322581e-08 -0.00113738237285017 -0.000799484569810609 -229750.241136654 327113.839091207 1.33631237145963e-16 4.45437457153211e-17
8.57056451612903e-08 -0.00122891524001875 -0.000649909083460753 -186766.292034106 353523.236409055 1.33691191069765e-16 4.45637303565882e-17
8.61451612903226e-08 -0.00130090120436005 -0.000489965620220712 -140802.866803353 374292.889894251 1.33741610094879e-16 4.45805366982931e-17
8.65846774193549e-08 -0.00135219187630127 -0.00032220575256856 -92593.2183603999 389091.461990771 1.33779289721022e-16 4.45930965736741e-17
8.70241935483871e-08 -0.00138196901754587 -0.000149305747808727 -42906.4335416379 397682.871595258 1.33801835130513e-16 4.46006117101711e-17
8.74637096774194e-08 -0.00138975759440046 2.59761263267572e-05 7464.83611157382 399930.060250615 1.33807813396576e-16 4.46026044655254e-17
8.79032258064517e-08 -0.00137543335597074 0.000200843604226974 57717.0194952389 395797.178634775 1.33796844556384e-16 4.45989481854612e-17
8.83427419354839e-08 -0.00133922481633166 0.00037250703112966 107048.445284456 385350.158463686 1.33769625760494e-16 4.45898752534982e-17
8.87822580645162e-08 -0.00128170960905036 0.000538227866386114 154672.130968043 368755.660684951 1.33727886963802e-16 4.45759623212673e-17
8.92217741935484e-08 -0.00120380527221811 0.000695362371304439 199828.337553026 346278.416741556 1.33674280974162e-16 4.45580936580539e-17
8.96612903225807e-08 -0.00110675461099716 0.000841403784620477 241796.689654238 318277.005320414 1.33612214846921e-16 4.45374049489737e-17
9.0100806451613e-08 -0.000992105871193456 0.00097402231277263 279907.667617656 285198.131959107 1.33545633341464e-16 4.45152111138213e-17
9.05403225806452e-08 -0.000861688040145422 0.00109110229701711 313553.288344041 247569.502768061 1.33478768202707e-16 4.44929227342357e-17
9.09798387096775e-08 -0.000717581668952871 0.00119077596445792 342196.804422062 205991.405953411 1.33415869202552e-16 4.44719564008508e-17
9.14193548387097e-08 -0.000562085681518047 0.00127145322456257 365381.266840992 161127.135440236 1.3336093403559e-16 4.44536446785299e-17
9.1858870967742e-08 -0.000397680699892969 0.00133184703582078 382736.814682299 113692.409367753 1.33317454236172e-16 4.44391514120573e-17
9.22983870967743e-08 -0.000226989471002551 0.00137099393787267 393986.575497952 64443.9522628663 1.33288193265697e-16 4.44293977552325e-17
9.27379032258065e-08 -5.27350260545877e-05 0.00138826942155823 398951.082246907 14167.4230402366 1.33275010874291e-16 4.44250036247636e-17
9.31774193548388e-08 0.000122302759881915 0.00138339789169011 397551.136326537 -36335.1185869166 1.33278744899989e-16 4.44262482999962e-17
9.36169354838711e-08 0.000295331515126545 0.001356457063614 389809.071025173 -86258.0073373855 1.33299158017964e-16 4.44330526726548e-17
9.40564516129033e-08 0.000463590917995288 0.00130787672341846 375848.395239935 -134804.825112042 1.33334952824267e-16 4.44449842747556e-17
9.44959677419356e-08 0.000624396732115867 0.00123843187157245 355891.823143616 -181201.106223932 1.33383854295395e-16 4.44612847651318e-17
9.49354838709678e-08 0.000775183627956754 0.00114923035936995 330257.721233265 -224706.692422309 1.33442754382795e-16 4.44809181275982e-17
9.53750000000001e-08 0.000913546107439516 0.00104169521541699 299355.029440589 -264627.540611335 1.33507909552224e-16 4.45026365174079e-17
9.58145161290324e-08 0.00103727687876557 0.000917541944106052 263676.737327522 -300326.794895325 1.33575178712923e-16 4.45250595709744e-17
9.62540322580646e-08 0.0011444020692651 0.000778751158234444 223792.01944097 -331234.946318594 1.33640286414421e-16 4.45467621381405e-17
9.66935483870969e-08 0.00123321271451874 0.000627536982357599 180337.155291165 -356858.918221913 1.33699094582895e-16 4.45663648609651e-17
9.71330645161291e-08 0.00130229202140722 0.000466311730937427 134005.378806877 -376789.93227722 1.33747865526229e-16 4.45826218420764e-17
9.75725806451614e-08 0.00135053797016249 0.000297647424774033 85535.8191987836 -390710.029714003 1.33783499491869e-16 4.45944998306231e-17
9.80120967741937e-08 0.00137718089485056 0.000124234759647802 35701.7096570078 -398397.143704444 1.33803731678924e-16 4.46012438929746e-17
9.84516129032259e-08 0.0013817957618252 -5.11598182563327e-05 -14701.9480109351 -399728.641987764 1.33807276182934e-16 4.46024253943112e-17
9.88911290322582e-08 0.00136430895027489 -0.00022573824536817 -64871.0660161817 -394683.283218393 1.33793907724571e-16 4.45979692415237e-17
9.93306451612905e-08 0.00132499942669301 -0.000396715478142569 -114005.298172909 -383341.555828414 1.33764475967798e-16 4.45881586559325e-17
9.97701612903227e-08 0.00126449429453517 -0.000561363922761772 -161320.807793061 -365884.393998417 1.33720851517465e-16 4.45736171724883e-17
1.00209677419355e-07 0.00118375879005965 -0.00071705694834423 -206062.772205631 -342590.291220842 1.33665807028602e-16 4.45552690095339e-17
1.00649193548387e-07 0.00108408088394716 -0.000861310789495242 -247517.424416348 -313830.857503029 1.33602840983773e-16 4.45342803279243e-17
1.01088709677419e-07 0.000967050734349557 -0.000991824169729472 -285023.439807587 -280064.891085762 1.33535955338751e-16 4.45119851129171e-17
1.01528225806452e-07 0.000834535319152468 -0.00110651501365428 -317982.486226872 -241831.059250971 1.33469401168762e-16 4.44898003895874e-17
1.01967741935484e-07 0.000688648652142311 -0.00120355366224567 -345868.769158797 -199739.304981411 1.33407408481352e-16 4.44691361604508e-17
1.02407258064516e-07 0.000531718058218274 -0.00128139206133475 -368237.419706543 -154461.116561582 1.33353917368264e-16 4.44513057894214e-17
1.02846774193549e-07 0.000366247045659553 -0.00133878845766179 -384731.591569842 -106718.8153486 1.33312327583594e-16 4.44374425278646e-17
1.03286290322581e-07 0.00019487536774528 -0.00137482720852252 -395088.153801529 -57274.0326048315 1.33285282464386e-16 4.44284274881286e-17
1.03725806451613e-07 2.03369108627423e-05 -0.00138893338898425 -399141.888526348 -6915.55922099275 1.33274500927102e-16 4.44248336423672e-17
1.04165322580645e-07 -0.00015458391908659 -0.00138088196364315 -396828.126655936 43553.2378373578 1.33280668217821e-16 4.44268894059402e-17
1.04604838709678e-07 -0.00032709661621708 -0.00135080137660626 -388183.779552531 93327.2316149387 1.33303392359807e-16 4.44344641199358e-17
1.0504435483871e-07 -0.000494449091501769 -0.00129917150242706 -373346.750183303 141612.379328919 1.33341229066519e-16 4.44470763555064e-17
1.05483870967742e-07 -0.000653971576752425 -0.00122681599068357 -352553.733159133 187638.389705677 1.3339177353665e-16 4.44639245122165e-17
1.05923387096774e-07 -0.000803119215338123 -0.00113488912632537 -326136.438753767 230671.01141056 1.33451813296959e-16 4.44839377656529e-17
1.06362903225807e-07 -0.00093951266019412 -0.00102485741540615 -294516.301141409 270023.746533761 1.33517532378601e-16 4.45058441262005e-17
1.06802419354839e-07 -0.00106097603146241 -0.000898476189963942 -258197.755272073 305068.802267477 1.33584753850044e-16 4.4528251283348e-17
1.07241935483871e-07 -0.00116557162822702 -0.000757761605270431 -217760.189638459 335247.106062625 1.33649205291819e-16 4.45497350972731e-17
1.07681451612903e-07 -0.00125163084058902 -0.000604958476176406 -173848.703311582 360077.224493675 1.33706790340241e-16 4.45689301134137e-17
1.08120967741936e-07 -0.0013177807689419 -0.000442504465658906 -127163.814697842 379163.043549261 1.33753849041479e-16 4.45846163471596e-17
1.08560483870968e-07 -0.00136296612579098 -0.000272991196868964 -78450.2861933742 392200.087825153 1.33787390468572e-16 4.45957968228572e-17
1.09e-07 -0.00138646607071795 -9.91229090580698e-05 -28485.2430155765 398980.377809742 1.3380528281686e-16 4.46017609389533e-17
