0 -0.00139 0 0 400000 1.33808e-16 4.46026666666667e-17
7.56944444444444e-10 -0.00135726385270581 0.000297426478978392 86495.5084470432 385860.788493367 1.30772248627728e-16 4.35907495425761e-17
1.51388888888889e-09 -0.00126059981547876 0.000577260693959892 168910.388079472 353517.687788026 1.28376628558639e-16 4.27922095195465e-17
2.27083333333333e-09 -0.00110456824136756 0.000826300808439107 243356.52333361 304496.559643295 1.27067883874795e-16 4.23559612915984e-17
3.02777777777778e-09 -0.000896530286445384 0.00103279776994633 306321.742882772 241110.090944586 1.27090074120521e-16 4.23633580401737e-17
3.78472222222222e-09 -0.000646300629978606 0.00118700959919978 354835.514570734 166348.687266389 1.28439061176803e-16 4.28130203922676e-17
4.54166666666667e-09 -0.000365684443874785 0.00128166099086509 386609.087244867 83739.3934639532 1.30863280953012e-16 4.36210936510041e-17
5.29861111111111e-09 -6.79204559640889e-05 0.00131228654317621 400143.467968714 -2820.502953837 1.3391065598803e-16 4.46368853293433e-17
6.05555555555556e-09 0.000232943618087796 0.00127744142375435 394800.14053535 -89247.3355185813 1.37012900525578e-16 4.56709668418593e-17
6.8125e-09 0.000522713808768453 0.00117876953296978 370831.188969505 -171463.715361753 1.39591496541809e-16 4.65304988472696e-17
7.56944444444444e-09 0.000787719526576326 0.00102092594907982 329367.404871481 -245590.891613568 1.41165577923959e-16 4.70551926413198e-17
8.32638888888889e-09 0.00101545850419673 0.000811357313975903 272364.93966684 -308131.740587605 1.41441604159812e-16 4.7147201386604e-17
9.08333333333333e-09 0.00119518662033397 0.000559950520357997 202513.018567322 -356135.750806496 1.40368100857015e-16 4.67893669523383e-17
9.84027777777778e-09 0.00131842477887456 0.000278566274344212 123107.070053694 -387338.220312495 1.38145258877962e-16 4.60484196259875e-17
1.05972222222222e-08 0.00137935893016634 -1.95204612046295e-05 37893.2562952322 -400267.099302792 1.35187602008088e-16 4.50625340026961e-17
1.13541666666667e-08 0.00137511436246971 -0.000320246744244783 -49108.2608514649 -394312.437537246 1.32046685028735e-16 4.4015561676245e-17
1.21111111111111e-08 0.00130589132323751 -0.00060942510587852 -133792.980422612 -369755.160173914 1.29308237743589e-16 4.31027459145297e-17
1.28680555555556e-08 0.00117495557197098 -0.000873412877529958 -212165.701822895 -327753.814464746 1.27482935920675e-16 4.24943119735584e-17
1.3625e-08 0.000988484310343072 -0.0010997558158858 -280529.007799469 -270289.912567202 1.26911168588239e-16 4.23037228627464e-17
1.43819444444444e-08 0.000755274758197427 -0.00127777566108236 -335657.69878719 -200074.44905306 1.27699561031057e-16 4.25665203436858e-17
1.51388888888889e-08 0.000486329124034982 -0.00139907390870102 -374950.949275052 -120420.003370568 1.29701090913361e-16 4.32336969711204e-17
1.58958333333333e-08 0.000194335549980479 -0.00145792802894479 -396555.00785978 -35084.4611267356 1.32542505547244e-16 4.41808351824148e-17
1.66527777777778e-08 -0.000106930481130476 -0.00145156144042537 -399450.652323295 51906.2729945647 1.35693927433036e-16 4.52313091443453e-17
1.74097222222222e-08 -0.000403256036516888 -0.00138027450191317 -383501.2738353 136448.206744103 1.38567667773282e-16 4.61892225910939e-17
1.81666666666667e-08 -0.000680661261946711 -0.00124743034220667 -349459.321795792 214552.875783146 1.40627820851148e-16 4.68759402837159e-17
1.89236111111111e-08 -0.000926058914203071 -0.00105929619663041 -298930.805266884 282535.508858725 1.41490201708613e-16 4.71634005695376e-17
1.96805555555556e-08 -0.00112787178252884 -0.000824747735484891 -234299.525722314 337188.865544114 1.40993990376965e-16 4.69979967923217e-17
2.04375e-08 -0.00127657887074243 -0.000554850333448617 -158614.615612656 375934.545340721 1.39231722178782e-16 4.64105740595938e-17
2.11944444444444e-08 -0.00136516457260025 -0.000262337034531764 -75446.6883786552 396944.629779037 1.36532031399066e-16 4.55106771330219e-17
2.19513888888889e-08 -0.00138944964950306 3.89921591886947e-05 11280.6136262758 399227.918766761 1.33398366349508e-16 4.44661221165028e-17
2.27083333333333e-08 -0.00134828839589511 0.000334921335087271 97475.7261818772 382676.692781772 1.30415104467132e-16 4.3471701489044e-17
2.34652777777778e-08 -0.00124362269061537 0.000611489339065472 179072.192355432 348071.794793656 1.28138575450619e-16 4.27128584835396e-17
2.42222222222222e-08 -0.00108039038420121 0.000855648425795284 252220.507160883 297045.792162179 1.26993314842517e-16 4.23311049475056e-17
2.49791666666667e-08 -0.00086629234418886 0.00105587981675806 313469.727000178 232005.956436709 1.27192895072649e-16 4.2397631690883e-17
2.57361111111111e-08 -0.000611429148595761 0.00120273712568215 359930.276034798 156020.694665475 1.28700097682271e-16 4.29000325607571e-17
2.64930555555556e-08 -0.000327824567423317 0.00128929201400765 389410.268714414 72674.7900844711 1.31233853959777e-16 4.37446179865924e-17
2.725e-08 -2.88583130596843e-05 0.00131146105153468 400518.917127111 -14099.7184534225 1.3432165967256e-16 4.47738865575199e-17
2.80069444444444e-08 0.000271365179085053 0.00126819836183625 392732.144686508 -100209.039648852 1.37387689402163e-16 4.57958964673878e-17
2.87638888888889e-08 0.000558682160454865 0.00116154496393578 366417.31067593 -181590.763978066 1.39860178595937e-16 4.66200595319789e-17
2.95208333333333e-08 0.000819537777460751 0.000996532482439726 322815.879211183 -254405.517406005 1.41278048333422e-16 4.70926827778075e-17
3.02777777777778e-08 0.00104162555354318 0.000780945768825961 263984.850254321 -315218.092876237 1.41376889027086e-16 4.71256296756955e-17
3.10347222222222e-08 0.00121446797611536 0.000524955632786401 192699.715807936 -361159.51427416 1.40138268499168e-16 4.67127561663892e-17
3.17916666666667e-08 0.00132991079783427 0.000240639010385532 112323.519559476 -390062.387115293 1.37793169282292e-16 4.59310564274308e-17
3.25486111111111e-08 0.00138250773237588 -5.85907937707418e-05 26648.1973945081 -400563.150471925 1.34778914143332e-16 4.4926304714444e-17
3.33055555555556e-08 0.00136977739578738 -0.000358616910691712 -60284.3160870719 -392166.406163298 1.31657612517974e-16 4.38858708393245e-17
3.40625e-08 0.00129232037160466 -0.000645284903461221 -144372.775331491 -365268.290328617 1.29011336266213e-16 4.30037787554045e-17
3.48194444444445e-08 0.00115379087691309 -0.000905070536052158 -221650.109725141 -321137.78477404 1.27333572761208e-16 4.24445242537359e-17
3.55763888888889e-08 0.000960724366071642 -0.00112571781093348 -288470.579470603 -261856.849774764 1.2693719754054e-16 4.23123991801799e-17
3.63333333333334e-08 0.000722229205299815 -0.0012968171745467 -341681.771926518 -190222.202707891 1.27896128119926e-16 4.26320427066421e-17
3.70902777777778e-08 0.000449556964102946 -0.00141029661245019 -378773.324079889 -109613.376339853 1.3003153958177e-16 4.33438465272568e-17
3.78472222222223e-08 0.000155571596047533 -0.00146080246556395 -397995.354818817 -23833.2814286225 1.32945212506534e-16 4.43150708355113e-17
3.86041666666667e-08 -0.000145857448469512 -0.00144595200161411 -398441.019684934 63071.2045254559 1.36093794401475e-16 4.5364598133825e-17
3.93611111111112e-08 -0.000440509546126793 -0.00136644582612564 -380089.293391184 147000.158233064 1.38890126081127e-16 4.62967086937091e-17
4.01180555555556e-08 -0.000714483791992084 -0.00122603482971082 -343805.961739127 223994.034129019 1.40812737281702e-16 4.69375790939005e-17
4.0875e-08 -0.000954854807369859 -0.00103134323099264 -291302.776139765 290420.46523646 1.41503092362657e-16 4.71676974542191e-17
4.16319444444445e-08 -0.0011502825249068 -0.000791556063528976 -225056.697719316 343145.628612487 1.40832451357704e-16 4.6944150452568e-17
4.23888888888889e-08 -0.00129154718291039 -0.000517985850276167 -148193.040858968 379682.090807778 1.38925877879397e-16 4.63086259597992e-17
4.31458333333334e-08 -0.00137198428926668 -0.000223538908742054 -64338.0291466546 398306.158383273 1.36138916794572e-16 4.53796389315241e-17
4.39027777777778e-08 -0.00138779903451269 7.78935348632203e-05 22552.280239781 398139.197197636 1.32991290903871e-16 4.43304303012902e-17
4.46597222222223e-08 -0.00133824532088789 0.000372090696858288 108378.632823904 379189.084037039 1.30069981113556e-16 4.33566603711854e-17
4.54166666666667e-08 -0.00122566096124892 0.000645173134969567 189091.968790979 342349.835009276 1.27919764067276e-16 4.26399213557587e-17
4.61736111111112e-08 -0.00105535738725584 0.000884257543627447 260884.446897174 289359.428233563 1.26941620184659e-16 4.23138733948864e-17
4.69305555555556e-08 -0.000835369070105407 0.00107806455417325 320369.088325986 222717.810639739 1.27317957351081e-16 4.24393191170268e-17
4.76875000000001e-08 -0.00057607447547706 0.00121745086557427 364739.565370931 145568.957098736 1.28978594821217e-16 4.29928649404057e-17
4.84444444444445e-08 -0.000289706435032363 0.00129584060113034 391902.596537992 61552.5460219076 1.31613850783748e-16 4.38712835945826e-17
4.9201388888889e-08 1.02249661571702e-05 0.00130953554090586 400576.702017839 -25367.7510187063 1.3473229296977e-16 4.49107643232567e-17
4.99583333333334e-08 0.000309569759612529 0.00125788959394343 390352.660506411 -111091.264808635 1.37752382758101e-16 4.5917460919367e-17
5.07152777777779e-08 0.000594205651452677 0.00114333927912266 361712.81518132 -191573.787194859 1.4011092264608e-16 4.67036408820267e-17
5.14722222222223e-08 0.000850704274785853 0.000971288776657922 316008.318029274 -263018.366106471 1.41368083400827e-16 4.71226944669422e-17
5.22291666666668e-08 0.00106696470446491 0.000749854973200687 255395.386076851 -322054.435688792 1.41289425039711e-16 4.70964750132371e-17
5.29861111111112e-08 0.00123278434665978 0.000489484528642788 182733.576786679 -365896.830666025 1.3988961606455e-16 4.66298720215165e-17
5.37430555555557e-08 0.00134034027019038 0.000202461030393707 101450.881716179 -392477.183056317 1.37429698025185e-16 4.58098993417283e-17
5.45000000000001e-08 0.00138455827168335 -9.76745137132555e-05 15382.0029624818 -400541.502290519 1.34368405526751e-16 4.4789468508917e-17
5.52569444444446e-08 0.00136335226303704 -0.000396762504277366 -71412.5579178614 -389709.335163278 1.31276619705528e-16 4.37588732351758e-17
5.6013888888889e-08 0.00127772268752856 -0.000680692762697291 -154838.063609132 -360491.714606798 1.28730908205298e-16 4.29103027350993e-17
5.67708333333334e-08 0.00113170932155181 -0.000936070211995608 -230958.719889068 -314267.050511693 1.27206004712776e-16 4.24020015709253e-17
5.75277777777779e-08 0.000932200688675483 -0.00115084682104423 -296183.355967645 -253216.100002109 1.26986278865614e-16 4.23287596218715e-17
5.82847222222223e-08 0.000688609077360525 -0.00131488999873729 -347434.846405824 -180219.08509514 1.28112705951657e-16 4.27042353172191e-17
5.90416666666668e-08 0.000412426494139721 -0.00142046062278099 -382295.281737219 -98719.8114606792 1.30375225685863e-16 4.34584085619542e-17
5.97986111111112e-08 0.000116682501211384 -0.00146257815096933 -399120.039027561 -12563.1987984195 1.3335191502841e-16 4.44506383428035e-17
6.05555555555557e-08 -0.000184670483767661 -0.00143925558996345 -397115.370825329 74186.112281839 1.36487669952131e-16 4.54958899840435e-17
6.13125000000001e-08 -0.000477415425763412 -0.00135159323637042 -376375.852062524 157435.519230002 1.39197723292545e-16 4.6399241097515e-17
6.20694444444446e-08 -0.000747741394392448 -0.0012037267676659 -337879.918260067 233257.535695721 1.40976694289355e-16 4.69922314297849e-17
6.2826388888889e-08 -0.00098289512700875 -0.00100263213189323 -283443.705533466 298075.079923801 1.41492833857954e-16 4.71642779526513e-17
6.35833333333334e-08 -0.00117178269383022 -0.000757796440925994 -215635.370104919 348830.231989631 1.40649890384505e-16 4.68832967948351e-17
6.43402777777779e-08 -0.0013054928801391 -0.000480770393677283 -137653.929500178 383128.498355586 1.3860505908253e-16 4.62016863608435e-17
6.50972222222223e-08 -0.00137771759377133 -0.000184623344742476 -53178.3413813235 399351.777729044 1.3573966764867e-16 4.524655588289e-17
6.58541666666668e-08 -0.00138504946418403 0.000116673273107602 33806.0599239046 396734.698792262 1.32588064864847e-16 4.41960216216157e-17
6.66111111111112e-08 -0.00132714259316575 0.000408905084090677 119195.580931752 375400.728392378 1.29737973263049e-16 4.32459910876829e-17
6.73680555555556e-08 -0.00120672887339719 0.000678285365984352 198961.770383343 336356.346702836 1.27720888455983e-16 4.25736294853277e-17
6.81250000000001e-08 -0.00102948910499601 0.000912105471136045 269341.470896839 281443.564156684 1.269129638714e-16 4.23043212904668e-17
6.88819444444445e-08 -0.000803784990425363 0.00109933438677239 327014.354757708 213253.020276963 1.27464864271035e-16 4.24882880903449e-17
6.9638888888889e-08 -0.000540264651536088 0.00123113914894194 369259.568179091 135001.764171027 1.29273669229145e-16 4.30912230763815e-17
7.03958333333334e-08 -0.000251360279402786 0.00130130155834084 394084.093971286 50381.4826811053 1.32002066113788e-16 4.40006887045959e-17
7.11527777777779e-08 4.92983834970253e-05 0.00130651153847336 400316.776809866 -36615.6636153564 1.35141253392759e-16 4.50470844642532e-17
7.19097222222223e-08 0.000347527058404598 0.00124652329628697 387663.5752395 -121885.379959701 1.38105823823293e-16 4.60352746077642e-17
7.26666666666667e-08 0.000629256106953482 0.00112416691803699 356721.433770396 -201404.867159507 1.40342933357707e-16 4.67809777859025e-17
7.34236111111112e-08 0.000881194299413219 0.000945214853318825 308950.120618634 -271422.606591245 1.41435397544129e-16 4.71451325147096e-17
7.41805555555556e-08 0.00109145585967692 0.000718109586197071 246603.359711144 -328635.346904767 1.41179489624526e-16 4.70598298748421e-17
7.49375000000001e-08 0.00125012120467232 0.000453565341185885 172622.505964785 -370343.942666072 1.39622932253302e-16 4.65409774177672e-17
7.56944444444445e-08 0.00134970492399728 0.000164062614536631 90497.7799580288 -394580.692884249 1.37055998000366e-16 4.56853326667886e-17
7.64513888888889e-08 0.00138550892174091 -0.000136740622493169 4103.60857560361 -400202.171928435 1.33957378249773e-16 4.46524594165911e-17
7.72083333333334e-08 0.00135584406019544 -0.00043465327052054 -82484.1601819704 -386943.173318196 1.30904915061707e-16 4.36349716872357e-17
7.79652777777778e-08 0.00126210984889585 -0.000715620600489545 -165180.544903183 -355429.221462294 1.28467843050026e-16 4.28226143500087e-17
7.87222222222223e-08 0.00110872841946969 -0.000966387318533234 -240084.149360454 -307147.06107516 1.27100636408208e-16 4.23668788027359e-17
7.94791666666667e-08 0.000902935901188628 -0.00117512291560244 -303661.220042711 -244374.516502183 1.27058256882511e-16 4.23527522941703e-17
8.02361111111111e-08 0.000654441039570301 -0.00133197979952353 -352912.359279107 -170073.030004935 1.28348607563476e-16 4.27828691878253e-17
8.09930555555556e-08 0.000374967163499745 -0.00142955787829416 -385514.028870618 -87747.9487651704 1.30731059088399e-16 4.35770196961329e-17
8.175e-08 7.76991096476855e-05 -0.00146325367680845 -399928.168463265 -1283.15189643003 1.3376132309399e-16 4.45871076979966e-17
8.25069444444445e-08 -0.000223338803174506 -0.00143147751661005 -395474.757158673 85242.1806775291 1.36874304751962e-16 4.5624768250654e-17
8.32638888888889e-08 -0.000513944404202024 -0.00133572851270795 -372363.895097521 167746.01311884 1.39489483740578e-16 4.64964945801928e-17
8.40208333333334e-08 -0.000780407691487573 -0.00118052384930407 -331685.891491819 242336.033306089 1.41119171819215e-16 4.70397239397384e-17
8.47777777777778e-08 -0.0010101576334521 -0.000973185671016313 -275359.826726372 305493.281802845 1.41459458733433e-16 4.71531529111443e-17
8.55347222222222e-08 -0.0011923552368326 -0.000723495643504333 -206043.015233135 354238.167036149 1.40446886522141e-16 4.68156288407137e-17
8.62916666666667e-08 -0.00131840490165337 -0.000443233480412 -127005.64044007 386271.034528913 1.38270283392656e-16 4.60900944642186e-17
8.70486111111111e-08 -0.00138235993884838 -0.000145621207702212 -41976.4761852934 400080.658502453 1.35335550338896e-16 4.51118501129653e-17
8.78055555555556e-08 -0.00138120311928861 0.000155300616480373 45033.0269487273 395015.53750291 1.32189967224273e-16 4.40633224080911e-17
8.85625e-08 -0.0013149890186545 0.00044533529812525 129917.991240494 371314.630512911 1.29420134010621e-16 4.31400446702069e-17
8.93194444444444e-08 -0.00118684144270003 0.000710799769748259 208673.769079562 330096.083500175 1.27542579429878e-16 4.25141931432928e-17
9.00763888888889e-08 -0.00100280605437756 0.000939170121245737 277584.871625675 273304.478254631 1.26907436797641e-16 4.2302478932547e-17
9.08333333333333e-08 -0.00077156515548496 0.00111967244477605 333400.255723584 203619.092174075 1.27633149858757e-16 4.25443832862524e-17
9.15902777777778e-08 -0.000504028078680998 0.0012437911191731 373486.699501563 124327.497058516 1.29584384960152e-16 4.31947949867174e-17
9.23472222222222e-08 -0.000212816514087914 0.00130567055438062 395953.03079943 39170.4601870255 1.32397268570498e-16 4.41324228568326e-17
9.31041666666666e-08 8.83309485922034e-05 0.00130239144266951 399739.347658128 -47834.535166827 1.35547243760812e-16 4.51824145869372e-17
9.38611111111111e-08 0.000385206970322635 0.00123410848383837 384667.021684665 -132582.823946662 1.38446891518758e-16 4.6148963839586e-17
9.46180555555555e-08 0.000663805727328347 0.00110404308688698 351447.125266207 -211076.206530403 1.40555474816524e-16 4.68518249388415e-17
9.5375e-08 0.000910983668736413 0.000918331392478755 301646.885059692 -279611.573190405 1.41479777249738e-16 4.71599257499126e-17
9.61319444444444e-08 0.00111507959446655 0.000685734786089305 237615.744392411 -334955.606994564 1.41047431485446e-16 4.70158104951488e-17
9.68888888888888e-08 0.00126646479974052 0.000417226559063523 162374.522753499 -374497.323128602 1.3933906295925e-16 4.64463543197501e-17
9.76458333333333e-08 0.00135799733185075 0.000125474217816882 79472.9015377369 -396371.248238669 1.36673254546167e-16 4.55577515153889e-17
9.84027777777777e-08 0.00138535892855784 -0.000175758135539453 -7178.04051350529 -399545.428519353 1.33547136048964e-16 4.45157120163215e-17
9.91597222222222e-08 0.00134725874225662 -0.000472259157051679 -93490.3416401749 -383870.114558822 1.305436775957e-16 4.35145591985665e-17
9.99166666666666e-08 0.0012454942387445 -0.000750040714461042 -175392.016263405 -350084.826119128 1.28222975216217e-16 4.27409917387392e-17
1.00673611111111e-07 0.00108486639754969 -0.000995997810205419 -249019.160471497 -299783.463554087 1.27017802065009e-16 4.2339267355003e-17
1.01430555555555e-07 0.000872953214443042 -0.00119852684046684 -310898.240764419 -235339.111815537 1.27152903284307e-16 4.23843010947688e-17
1.021875e-07 0.00061975219168458 -0.00134807302244191 -358109.966157023 -159792.084595655 1.2860308469955e-16 4.286769489985e-17
1.02944444444444e-07 0.000337208682367299 -0.00143758116366758 -388427.012589555 -76706.4903859324 1.31097911122148e-16 4.36993037073827e-17
1.03701388888889e-07 3.8652340321817e-05 -0.00146282850730033 -400419.102172819 9997.91271406213 1.34172138102679e-16 4.47240460342265e-17
1.04458333333333e-07 -0.000261831737618397 -0.0014226239505908 -393520.479907746 96230.640793706 1.37252472434851e-16 4.57508241449502e-17
1.05215277777778e-07 -0.000550067509150217 -0.00131886423795418 -368056.604506604 177923.462319566 1.39764481990869e-16 4.6588160663623e-17
1.05972222222222e-07 -0.00081245677460024 -0.00115644447759647 -325228.794113641 251222.326515471 1.41239717947102e-16 4.70799059823674e-17
1.06729166666667e-07 -0.00103662070394059 -0.000943027203284788 -267057.551299388 312669.18726219 1.41403072851582e-16 4.71343576171939e-17
1.07486111111111e-07 -0.00121198383717702 -0.000688680876315308 -196287.241105123 359365.144547079 1.4022408367814e-16 4.67413612260467e-17
1.08243055555555e-07 -0.00133027300651904 -0.00040540488219784 -116256.619174727 389107.20688256 1.37922612684089e-16 4.59742042280295e-17
1.09e-07 -0.00138590764250659 -0.000106563431454277 -30741.3181134552 400492.222605021 1.34927846684104e-16 4.49759488947015e-17
