0 -0.00139 0 0 400000 1.33808e-16 4.46026666666667e-17
5.5050505050505e-10 -0.00137269097292889 0.000218824253443207 62884.1717445964 394994.535445046 1.33787177875735e-16 4.45957259585785e-17
1.1010101010101e-09 -0.00132119709032297 0.000432171921664542 124194.521025517 380103.415157237 1.33726782948752e-16 4.45755943162507e-17
1.65151515151515e-09 -0.00123680710620316 0.000634703483708185 182396.613941873 355699.324010494 1.33632823482994e-16 4.45442744943312e-17
2.2020202020202e-09 -0.00112163307594098 0.000821350116798791 236033.80792808 322393.031070973 1.33514646840872e-16 4.45048822802906e-17
2.75252525252525e-09 -0.000978557497167062 0.000987440555405177 283763.707617513 281018.103682501 1.33384009580318e-16 4.44613365267727e-17
3.3030303030303e-09 -0.000811161168572582 0.00112881800051054 324391.761404636 232610.045507613 1.33253907878024e-16 4.44179692926746e-17
3.85353535353535e-09 -0.00062363357210458 0.00124194415316315 356901.157873609 178380.380643152 1.33137284631779e-16 4.43790948772596e-17
4.4040404040404e-09 -0.000420668021449039 0.0013239877686263 380478.273865788 119686.332415647 1.3304574186315e-16 4.43485806210501e-17
4.95454545454545e-09 -0.000207344200954374 0.00137289551485419 394533.037289141 57996.8557150475 1.32988386514452e-16 4.43294621714841e-17
5.5050505050505e-09 1.0998965268347e-05 0.00138744336189579 398713.695042947 -5144.12701345449 1.32970924463493e-16 4.43236414878309e-17
6.05555555555556e-09 0.000228896932322402 0.00136726721608751 392915.61645619 -68156.3660147964 1.32995092886163e-16 4.43316976287212e-17
6.60606060606061e-09 0.000440896297454363 0.00131287203234284 377283.911913136 -129462.83364473 1.33058487437104e-16 4.43528291457013e-17
7.15656565656566e-09 0.000641691284125026 0.00122561917648276 352209.801128904 -187529.193149701 1.33154801441007e-16 4.43849338136691e-17
7.70707070707071e-09 0.000826256531391427 0.00110769235389389 318320.821967379 -240902.199008022 1.33274453299122e-16 4.44248177663741e-17
8.25757575757576e-09 0.000989972865237225 0.000962042957228975 276465.124848547 -288246.067774616 1.33405539694716e-16 4.44685132315721e-17
8.80808080808081e-09 0.00112874290413176 0.000792316200950291 227690.245814162 -328375.909164456 1.33535019769831e-16 4.45116732566102e-17
9.35858585858586e-09 0.00123909360552015 0.000602759891370743 173216.889505119 -360287.380684178 1.33650012467966e-16 4.45500041559886e-17
9.90909090909091e-09 0.00131826318678032 0.000398118115434172 114408.378192389 -383181.82363584 1.33739077979248e-16 4.45796926597494e-17
1.0459595959596e-08 0.00136427024524813 0.000183512508920147 52736.5314704998 -396486.251405942 1.33793355806168e-16 4.45977852687228e-17
1.1010101010101e-08 0.0013759633474214 -3.5685924387832e-05 -10255.1694465234 -399867.689786347 1.33807446231785e-16 4.46024820772615e-17
1.15606060606061e-08 0.00135304984625779 -0.00025399123454764 -72990.2109276984 -393241.510427268 1.33779947499353e-16 4.45933158331177e-17
1.21111111111111e-08 0.00129610320534682 -0.000465939824098461 -133898.502840587 -376773.548858286 1.33713595263189e-16 4.45711984210629e-17
1.26616161616162e-08 0.00120654864665152 -0.00066622718727795 -191455.673703826 -350875.954069031 1.33614990437773e-16 4.45383301459242e-17
1.32121212121212e-08 0.00108662748101829 -0.000849840667600105 -244221.221624217 -316196.873523384 1.33493942519479e-16 4.44979808398263e-17
1.37626262626263e-08 0.000939341014166979 -0.0010121849112271 -290874.56620257 -273604.231763694 1.3336249370919e-16 4.445416456973e-17
1.43131313131313e-08 0.000768375432043821 -0.00114919687637307 -330248.0991256 -224164.00858311 1.33233720918937e-16 4.44112403063124e-17
1.48636363636364e-08 0.000578009545455991 -0.00125744752036228 -361356.406276058 -169113.56040523 1.33120434842454e-16 4.43734782808181e-17
1.54141414141414e-08 0.000373007702892429 -0.00133422761938705 -383420.930009913 -109830.652565498 1.33033905509902e-16 4.43446351699675e-17
1.59646464646465e-08 0.000158500551636394 -0.00137761557312641 -395889.454369807 -47798.9775334444 1.32982741112314e-16 4.43275803707714e-17
1.65151515151515e-08 -6.01433686001295e-05 -0.00138652549725758 -398449.92557206 15428.9779376425 1.32972031633577e-16 4.43240105445258e-17
1.70656565656566e-08 -0.000277451985852642 -0.00136073440023343 -391038.261877436 78270.7873977992 1.33002842483954e-16 4.43342808279845e-17
1.76161616161616e-08 -0.000487986647215425 -0.0013008877641639 -373839.95738552 139153.688597916 1.3307210850995e-16 4.43573695033165e-17
1.81666666666667e-08 -0.000686478233763275 -0.00120848339012689 -347285.439614009 196553.945518192 1.33172938924751e-16 4.43909796415836e-17
1.87171717171717e-08 -0.000867959032491582 -0.00108583391221722 -312039.2970503 249034.983401329 1.33295302823843e-16 4.44317676079477e-17
1.92676767676768e-08 -0.00102788706487315 -0.000936008918506704 -268983.646280899 295283.342372672 1.33427027088727e-16 4.44756756962422e-17
1.98181818181818e-08 -0.00116225976042083 -0.000762758127472651 -219196.054974892 334141.549824439 1.33555007404341e-16 4.4518335801447e-17
2.03686868686869e-08 -0.00126771413031103 -0.000570417542583258 -163922.573250071 364637.088856288 1.33666511914647e-16 4.45555039715489e-17
2.09191919191919e-08 -0.00134161093399051 -0.000363800933739243 -104546.54837445 386006.737769678 1.33750447824896e-16 4.45834826082985e-17
2.1469696969697e-08 -0.00138210073230155 -0.000148079361500771 -42554.0032876722 397715.671463668 1.3379846494529e-16 4.45994883150966e-17
2.2020202020202e-08 -0.00138817017399273 7.13482407142624e-05 20503.5545747444 399470.846675352 1.3380578639228e-16 4.46019287974267e-17
2.25707070707071e-08 -0.0013596673571878 0.000288990187479528 83047.9633587886 391228.336068181 1.3377168380691e-16 4.45905612689701e-17
2.31212121212121e-08 -0.00129730563108291 0.000499399483544001 143513.903958065 373194.427615594 1.33699549814096e-16 4.45665166046988e-17
2.36717171717172e-08 -0.00120264574272608 0.000697310147540264 200388.075760315 345820.461765325 1.33596560514379e-16 4.45321868381262e-17
2.42222222222222e-08 -0.00107805677569705 0.000877769005399913 252247.070510297 309791.535596335 1.33472961584456e-16 4.44909871948185e-17
2.47727272727273e-08 -0.00092665685828782 0.00103625965503973 297792.996407626 266009.356673082 1.33341049007306e-16 4.44470163357686e-17
2.53232323232323e-08 -0.000752235125099474 0.00116881549981439 335885.960863795 215569.675719263 1.33213945831845e-16 4.4404648610615e-17
2.58737373737374e-08 -0.000559156885147449 0.00127211902181104 365572.598961912 159734.862910765 1.33104296653644e-16 4.43680988845481e-17
2.64242424242425e-08 -0.000352254369863809 0.00134358481044089 386109.933628196 99902.3141298154 1.33023009693589e-16 4.43410032311964e-17
2.69747474747475e-08 -0.000136705795281468 0.00138142426834457 396983.970359021 37569.4778871921 1.32978171616166e-16 4.43260572053887e-17
2.75252525252526e-08 8.20942348498566e-05 0.00138469037519547 397922.561127261 -25703.6218049937 1.32974243044434e-16 4.43247476814778e-17
2.80757575757576e-08 0.00029866974155294 0.00135330138908324 388902.215518804 -88333.4286577852 1.33011614804195e-16 4.43372049347317e-17
2.86262626262627e-08 0.000507600419716414 0.00128804289229488 370148.688634735 -148752.486279756 1.33086569043507e-16 4.4362189681169e-17
2.91767676767677e-08 0.000703657293820329 0.0011905481302933 342131.331045545 -205448.667414054 1.3319164909546e-16 4.43972163651534e-17
2.97272727272728e-08 0.000881933585194274 0.00106325713595597 305551.342202916 -257003.018435333 1.3331640128921e-16 4.44388004297366e-17
3.02777777777778e-08 0.00103796751555094 0.000909355662084489 261324.221294709 -302125.27196014 1.33448414911719e-16 4.44828049705731e-17
3.08282828282829e-08 0.00116785397335148 0.000732695450540953 210556.854751294 -339686.138785185 1.33574556861786e-16 4.45248522872619e-17
3.13787878787879e-08 0.00126834224829245 0.00053769783346112 154519.813841577 -368745.570972737 1.3368227816935e-16 4.45607593897834e-17
3.1929292929293e-08 0.00133691738788182 0.000329243079147961 94615.5556757498 -388576.288733787 1.33760862403736e-16 4.45869541345787e-17
3.2479797979798e-08 0.00137186313996675 0.000112548252021606 32343.3234585108 -398681.982294073 1.3380249177551e-16 4.46008305918366e-17
3.3030303030303e-08 0.00137230490593022 -0.00010696335653583 -30738.3755545332 -398809.733198999 1.33803024873034e-16 4.46010082910113e-17
3.35808080808081e-08 0.00133823162955286 -0.000323797958644171 -93050.7753210017 -388956.344185433 1.33762408662208e-16 4.45874695540693e-17
3.41313131313131e-08 0.00127049607372057 -0.000532528764727712 -153034.363299069 -369368.419200643 1.33684683762455e-16 4.45615612541517e-17
3.46818181818182e-08 0.00117079347805249 -0.000727931801529562 -209187.910871218 -340536.191565711 1.33577582474087e-16 4.45258608246958e-17
3.52323232323232e-08 0.00104161913159188 -0.00090511665417651 -260106.045077413 -303181.254747972 1.33451759546458e-16 4.44839198488195e-17
3.57828282828283e-08 0.000886205922401838 -0.00105964886017056 -304514.421337786 -258238.502808395 1.33319732212342e-16 4.44399107374473e-17
3.63333333333333e-08 0.000708443427032223 -0.0011876608921132 -341301.616885766 -206832.732506158 1.33194634937012e-16 4.43982116456707e-17
3.68838383838384e-08 0.000512780564831902 -0.00128594895156195 -369546.946704394 -150250.492647102 1.3308891276323e-16 4.43629709210766e-17
3.74343434343434e-08 0.000304114253408196 -0.00135205315152808 -388543.505807419 -89907.8852114985 1.33013083241997e-16 4.4337694413999e-17
3.79848484848485e-08 8.76668518893279e-05 -0.00138431908086227 -397815.86117856 -27315.1241127093 1.32974690115828e-16 4.4324896705276e-17
3.85353535353535e-08 -0.000131144540743129 -0.00138193920973644 -397131.950587062 35961.2614138816 1.32977552845184e-16 4.43258509483946e-17
3.90858585858586e-08 -0.000346843661138964 -0.00134497309995343 -386508.890484046 98337.6328436793 1.33021386637376e-16 4.43404622124588e-17
3.96363636363636e-08 -0.000554032137789797 -0.00127434591427449 -366212.547623567 158252.876595391 1.33101830778579e-16 4.43672769261932e-17
4.01868686868687e-08 -0.000747524597815273 -0.0011718252620723 -336750.885129541 214207.474524514 1.3321088245039e-16 4.44036274834634e-17
4.07373737373737e-08 -0.000922478442963851 -0.00103997696080058 -298861.249538688 264801.032847943 1.33337692873606e-16 4.44458976245355e-17
4.12878787878788e-08 -0.00107451504688231 -0.00088210082045259 -253491.916990758 308767.330251194 1.33469646576506e-16 4.44898821921686e-17
4.18383838383838e-08 -0.0011998293404108 -0.000702148058151237 -201778.360415505 345006.008017943 1.33593616418863e-16 4.45312054729544e-17
4.23888888888889e-08 -0.0012952850422769 -0.000504622409762853 -145014.831685169 372610.109062791 1.33697269518246e-16 4.45657565060821e-17
4.29393939393939e-08 -0.0013584931518193 -0.000294467413445951 -84621.9699551184 390888.776638982 1.33770294161225e-16 4.45900980537416e-17
4.3489898989899e-08 -0.00138787173927851 -7.6942686126085e-05 -22111.2468691643 399384.544633193 1.33805425642776e-16 4.46018085475918e-17
4.4040404040404e-08 -0.00138268553726351 0.000142507710634617 40952.8615291371 397884.786717614 1.33799168980382e-16 4.45997229934606e-17
4.45909090909091e-08 -0.00134306434252613 0.000358391520923372 102992.029443398 386427.037817681 1.33752146605115e-16 4.45840488683715e-17
4.51414141414141e-08 -0.00126999976749575 0.000565305750938237 162453.582593551 365298.054713387 1.33669036440369e-16 4.45563454801229e-17
4.56919191919192e-08 -0.00116532042287508 0.000758071891457935 217849.357496216 335026.639284784 1.33558106528365e-16 4.45193688427883e-17
4.62424242424242e-08 -0.00103164615240979 0.000931865522063634 267792.946212547 296370.404016653 1.33430392501132e-16 4.44767975003775e-17
4.67929292929292e-08 -0.000872322465213497 0.00108233705346596 311034.394427209 250296.810986308 1.33298599723563e-16 4.44328665745211e-17
4.73434343434343e-08 -0.000691336806631324 0.00120572058608011 346491.484458486 197958.958877913 1.3317583932656e-16 4.43919464421867e-17
4.78939393939393e-08 -0.000493218763158214 0.00129892816041023 373276.82026951 140666.724009522 1.33074323873395e-16 4.43581079577983e-17
4.84444444444444e-08 -0.000282926699015675 0.00135962704040853 390720.036615308 79853.9776356746 1.33004152418201e-16 4.43347174727337e-17
4.89949494949494e-08 -6.57236615699772e-05 0.00138629809561322 398384.576490164 17042.6999886901 1.32972305822538e-16 4.43241019408459e-17
4.95454545454545e-08 0.000152954338653067 0.00137827382091694 396078.61698071 -46195.1108118649 1.32981952278868e-16 4.43273174262892e-17
5.00959595959595e-08 0.000367634376758132 0.00133575504243255 383859.870079894 -108276.781663515 1.33032132129507e-16 4.4344044043169e-17
5.06464646464646e-08 0.000572943586138263 0.00125980589135318 362034.138310307 -167648.574551459 1.33117853336177e-16 4.43726177787258e-17
5.11969696969696e-08 0.00076374362694167 0.00115232717159735 331147.661305741 -222824.572451373 1.33230588102572e-16 4.44101960341908e-17
5.17474747474747e-08 0.000935259284961727 0.00101600878777581 291973.444895565 -272423.867854395 1.3335912124447e-16 4.44530404148234e-17
5.22979797979797e-08 0.00108319798246424 0.000854262424080606 245491.914838326 -315205.123185074 1.33490665909056e-16 4.44968886363521e-17
5.28484848484848e-08 0.00120385720991593 0.000671136158963574 192866.379389831 -350097.638157539 1.33612135648433e-16 4.45373785494778e-17
5.33989898989898e-08 0.00129421718988561 0.000471213152570339 135413.914811945 -376228.146537149 1.33711446297724e-16 4.45704820992415e-17
5.39494949494949e-08 0.00135201645398866 0.000259496942512009 74572.4024798648 -392942.671656419 1.33778718143132e-16 4.45929060477108e-17
5.44999999999999e-08 0.00137580844138622 4.1286218714364e-05 11864.5425608309 -399822.893700163 1.33807258784759e-16 4.46024195949196e-17
5.5050505050505e-08 0.00136499770233025 -0.000177957788605195 -51140.2550944479 -396696.619130529 1.33794228916116e-16 4.4598076305372e-17
5.560101010101e-08 0.00131985480067653 -0.000392747988909048 -112865.149078694 -383642.090230255 1.33740924786639e-16 4.45803082622128e-17
5.61515151515151e-08 0.00124150954239574 -0.00059770875852533 -171765.330546924 -360986.0269078 1.33652649246999e-16 4.45508830823331e-17
5.67020202020201e-08 0.00113192269955475 -0.000787710478116691 -226366.685646042 -329295.449772741 1.33538184206018e-16 4.45127280686728e-17
5.72525252525252e-08 0.000993836937441203 -0.000957997913319156 -275302.68863804 -289363.489127955 1.33408916980693e-16 4.44696389935643e-17
5.78030303030302e-08 0.000830708172994117 -0.00110430922552742 -317348.602380732 -242189.53504153 1.33277707452603e-16 4.4425902484201e-17
5.83535353535353e-08 0.000646619082455159 -0.00122298263430526 -351452.130219518 -188954.225288948 1.33157608729288e-16 4.43858695764292e-17
5.89040404040403e-08 0.000446176922912563 -0.00131104806194639 -376759.752155419 -130989.897150403 1.33060568582937e-16 4.4353522860979e-17
5.94545454545454e-08 0.000234398224990874 -0.00136630146656795 -392638.086165583 -69747.2425756408 1.32996240851076e-16 4.4332080283692e-17
6.00050505050504e-08 1.65832425197974e-05 -0.00138736000337808 -398689.740059612 -6759.00124828742 1.32971025044578e-16 4.43236750148594e-17
6.05555555555555e-08 -0.00020181669862918 -0.00137369663357885 -394763.257142179 56398.399784942 1.32987429705611e-16 4.43291432352035e-17
6.11060606060605e-08 -0.000415335632634933 -0.00132565331473642 -380956.906768628 118144.299862773 1.33043822850523e-16 4.43479409501742e-17
6.16565656565655e-08 -0.000618629752217572 -0.00124443244249864 -357616.2249261 176933.364413939 1.33134594324353e-16 4.43781981081176e-17
6.22070707070706e-08 -0.000806611149828092 -0.00113206675785104 -325325.366392851 231294.260544291 1.3325071391545e-16 4.44169046384832e-17
6.27575757575756e-08 -0.00097457515435284 -0.000991368473052122 -284892.484908067 279866.480560048 1.33380629707332e-16 4.44602099024441e-17
6.33080808080807e-08 -0.00111831807643603 -0.000825858889489391 -237329.507247382 321434.39183299 1.33511417297122e-16 4.45038057657074e-17
6.38585858585857e-08 -0.0012342424155701 -0.000639680268932995 -183826.807404839 354957.660830615 1.33630065552937e-16 4.45433551843123e-17
6.44090909090908e-08 -0.00131944689590209 -0.000437492163813359 -125723.414718719 379597.289879254 1.33724770999335e-16 4.45749236664449e-17
6.49595959595958e-08 -0.00137179907740087 -0.000224354801098533 -64473.5015520874 394736.615029656 1.33786112061569e-16 4.45953706871896e-17
6.55101010101009e-08 -0.00138998872512212 -5.60243836054425e-06 -1609.98925169178 399996.739504689 1.33807986351394e-16 4.46026621171314e-17
6.60606060606059e-08 -0.00137356060088114 0.00021329013841062 61293.8167693699 395246.016471283 1.33788217750494e-16 4.45960725834978e-17
6.6611111111111e-08 -0.00132292585664591 0.000426844634043105 122663.602654047 380603.343808206 1.33728772897092e-16 4.45762576323641e-17
6.7161616161616e-08 -0.00123935174450401 0.000629716351244715 180963.446962384 356435.188410484 1.33635565539036e-16 4.45451885130121e-17
6.77121212121211e-08 -0.00112492990073564 0.000816827954067171 234734.260673159 323346.414504126 1.33517868216863e-16 4.45059560722877e-17
6.82626262626261e-08 -0.000982523997757274 0.000983496540031731 282630.304275769 282165.145513908 1.33387389804355e-16 4.44624632681182e-17
6.88131313131312e-08 -0.000815698074067783 0.00112555084064104 323452.868027337 233922.038351123 1.33257110675534e-16 4.44190368918447e-17
6.93636363636362e-08 -0.000628627335906543 0.00123943561706222 356180.272448359 179824.488830391 1.33139991379101e-16 4.43799971263669e-17
6.99141414141413e-08 -0.000425993663019232 0.00132230063823663 379993.43822481 121226.413784893 1.33047683285145e-16 4.4349227761715e-17
7.04646464646463e-08 -0.000212868433742236 0.0013720720145326 394296.385570513 59594.3661527724 1.32989369472783e-16 4.43297898242609e-17
7.10151515151514e-08 5.41439801988037e-06 0.00138750410165064 398731.150005617 -3529.16891661174 1.3297085117059e-16 4.43236170568633e-17
7.15656565656564e-08 0.000223391797380416 0.00136821067576534 393186.741249173 -66564.3783363932 1.3299397063342e-16 4.43313235444732e-17
7.21161616161615e-08 0.000435608373607969 0.00131467459967377 377801.921008726 -127933.659574248 1.33056427869504e-16 4.43521426231679e-17
7.26666666666665e-08 0.000636752913951136 0.00122823573803238 352961.730146265 -186101.10382018 1.33152009450358e-16 4.43840031501194e-17
7.32171717171716e-08 0.000821791309074365 0.00111105742413174 319287.852136291 -239610.935672063 1.33271206640819e-16 4.44237355469395e-17
7.37676767676766e-08 0.000986092543337181 0.000966072317456041 277623.053992838 -287123.947296516 1.3340216135582e-16 4.44673871186066e-17
7.43181818181817e-08 0.00112554459671739 0.000796909007067602 229010.094067388 -327451.015215612 1.33531845837374e-16 4.45106152791246e-17
7.48686868686867e-08 0.00123665735766345 0.000607801197737159 174665.624599033 -359582.86088398 1.33647358694031e-16 4.45491195646769e-17
7.54191919191918e-08 0.00131664997124277 0.000403481751648054 115949.742166181 -382715.310228729 1.33737208369026e-16 4.4579069456342e-17
7.59696969696968e-08 0.00136352043649569 0.000189064237526723 54331.9481104836 -396269.419973537 1.33792456353951e-16 4.45974854513172e-17
7.65202020202018e-08 0.00137609571115973 -3.0085048292355e-05 -8645.62914755669 -399905.967038895 1.3380760641771e-16 4.46025354725699e-17
7.70707070707069e-08 0.00135406106977688 -0.000248481385897126 -71406.8294543301 -393533.938387613 1.33781151387656e-16 4.45937171292186e-17
7.76212121212119e-08 0.00129796798042928 -0.000460658899653527 -132380.907992027 -377312.808837477 1.3371572308754e-16 4.45719076958467e-17
7.8171717171717e-08 0.00120922030296944 -0.000661307354439227 -190041.84681619 -351648.549833509 1.33617830515984e-16 4.45392768386614e-17
7.8722222222222e-08 0.00109003915416667 -0.000845405056612047 -242946.54699937 -317183.469069578 1.33497212312265e-16 4.44990707707551e-17
7.92727272727271e-08 0.000943407319100727 -0.00100834453355761 -289770.945533781 -274780.13524642 1.33365867928003e-16 4.44552893093343e-17
7.98232323232321e-08 0.000772994600036861 -0.00114604784639365 -329343.153083566 -225499.790286354 1.33236863886623e-16 4.44122879622075e-17
8.03737373737372e-08 0.000583065971100011 -0.00125506864986267 -360672.783237468 -170575.789289149 1.33123033887396e-16 4.4374344629132e-17
8.09242424242422e-08 0.000378374837390748 -0.00133267844512707 -382975.739229211 -111382.732955842 1.33035702071509e-16 4.43452340238365e-17
8.14747474747473e-08 0.000164044069981549 -0.0013769348667903 -395693.837780357 -49402.0650133132 1.32983556463384e-16 4.43278521544615e-17
8.20252525252523e-08 -5.45622058310719e-05 -0.00138673029510253 -398508.778933385 13815.004356044 1.32971784660602e-16 4.43239282202007e-17
8.25757575757574e-08 -0.000271972860221761 -0.00136181957671767 -391350.112247468 76686.3211522476 1.33001557756526e-16 4.43338525855088e-17
8.31262626262624e-08 -0.000482746686568409 -0.00130282616022529 -374396.999984389 137638.384636564 1.33069913836512e-16 4.4356637945504e-17
8.36767676767675e-08 -0.000681608580286563 -0.00121122649290154 -348073.733156795 195145.727842383 1.33170052637834e-16 4.43900175459447e-17
8.42272727272725e-08 -0.000863581560574538 -0.00108931306918659 -313039.112660066 247769.095929373 1.3329201205971e-16 4.44306706865699e-17
8.47777777777776e-08 -0.00102411133091838 -0.000940137055686326 -270169.961249665 294191.466878925 1.33423659222216e-16 4.44745530740719e-17
8.53282828282826e-08 -0.00115918026094073 -0.000767431928640877 -220539.179015021 333251.013029314 1.33551897480661e-16 4.45172991602203e-17
8.58787878787877e-08 -0.00126540793693308 -0.000575520035009666 -165388.891562685 363970.178511599 1.336639693181e-16 4.45546564393666e-17
8.64292929292927e-08 -0.00134013576456075 -0.00036920441569892 -106099.362937847 385580.144855882 1.33748725500421e-16 4.45829085001404e-17
8.69797979797978e-08 -0.00138149350636145 -0.000153648598306606 -44154.4513105664 397540.072459314 1.33797734234763e-16 4.45992447449211e-17
8.75303030303028e-08 -0.00138844608878189 6.57526321494188e-05 18895.5280216068 399550.6363534 1.33806119988921e-16 4.4602039996307e-17
8.80808080808079e-08 -0.00136081950729773 0.000283508250257349 81472.6028749835 391561.517506604 1.3377304852355e-16 4.45910161745166e-17
8.86313131313129e-08 -0.00129930518128093 0.000494168415876778 142010.636598907 373772.662174991 1.33701809884732e-16 4.45672699615773e-17
8.9181818181818e-08 -0.00120544264962398 0.000692460869046961 198994.524283219 346629.277782738 1.33599491100575e-16 4.45331637001916e-17
8.9732323232323e-08 -0.00108158104020312 0.000873422880538606 250998.111777882 310810.69057223 1.33476271142928e-16 4.4492090380976e-17
9.0282828282828e-08 -0.00093082027749673 0.00103252545568014 296719.888513223 267213.343886921 1.333444082935e-16 4.44481360978332e-17
9.08333333333331e-08 -0.000756933499774832 0.0011657866829692 335015.560825048 216928.362594428 1.33217020654146e-16 4.44056735513821e-17
9.13838383838381e-08 -0.000564272627549738 0.00126987139065706 364926.690561533 161214.245152282 1.33106781119739e-16 4.43689270399131e-17
9.19343434343432e-08 -0.000357659446656694 0.00134217461716849 385704.682224206 101465.366760818 1.33024656641526e-16 4.43415522138418e-17
9.24848484848482e-08 -0.000142264931863432 0.00138088680631594 396829.518309112 39177.0818849701 1.32978817202747e-16 4.43262724009157e-17
9.30353535353533e-08 7.65201687844003e-05 0.0013850390956463 398022.773952738 -24091.7004645864 1.32973823044818e-16 4.43246076816061e-17
9.35858585858583e-08 0.000293220249954579 0.00135452756447424 389254.58516094 -86757.5320504225 1.33010171001174e-16 4.43367236670579e-17
9.41363636363634e-08 0.000502411888770339 0.00129011583473876 370744.396224758 -147252.05487849 1.33084245070826e-16 4.43614150236086e-17
9.46868686868684e-08 0.000698859578565255 0.00119341595959042 342955.467617321 -204061.252999865 1.33188676148717e-16 4.43962253829058e-17
9.52373737373735e-08 0.00087764675959847 0.00106684807801685 306583.281824453 -255763.344276588 1.33313075125841e-16 4.44376917086136e-17
9.57878787878785e-08 0.00103429886738228 0.000913579845243109 262538.137280015 -301064.363782146 1.33445066428182e-16 4.44816888093942e-17
9.63383838383836e-08 0.00116489531905182 0.00073744715480194 211922.366033182 -338830.548279346 1.33571519175015e-16 4.4523839725005e-17
9.68888888888886e-08 0.00126616763505792 0.000542858136388207 156002.745328444 -368116.711278806 1.33679853477309e-16 4.45599511591029e-17
9.74393939393937e-08 0.00133558124045975 0.000334682832174174 96178.7935626199 -388189.898526304 1.33759291921878e-16 4.45864306406261e-17
9.79898989898987e-08 0.00137139889854996 0.000118131312692143 33947.7440862161 -398547.731885478 1.33801931739963e-16 4.4600643913321e-17
9.85404040404038e-08 0.00137272418923849 -0.000101376717282442 -29132.9265389088 -398930.9825176 1.33803530997772e-16 4.46011769992575e-17
9.90909090909088e-08 0.0013395239440475 -0.000318347559431752 -91484.4780081706 -389330.058685398 1.33763930596463e-16 4.45879768654875e-17
9.96414141414139e-08 0.00127262907622959 -0.000527351014456603 -151546.41791744 -369985.245808555 1.33687070099756e-16 4.45623566999186e-17
1.00191919191919e-07 0.00117371378523362 -0.000723156285427044 -207815.55671013 -341380.692762958 1.33580595814621e-16 4.45268652715404e-17
1.00742424242424e-07 0.0010452536559747 -0.000900862890625498 -258883.628487416 -304232.294930507 1.33455100114298e-16 4.44850333714325e-17
1.01292929292929e-07 0.000890463701571484 -0.00105602330948445 -303472.536133443 -259469.77725432 1.33323067678029e-16 4.44410225593431e-17
1.01843434343434e-07 0.000713217900175114 -0.00118475429211926 -340466.33866438 -208213.425712491 1.33197633478667e-16 4.43992111595558e-17
1.02393939393939e-07 0.000517952239667609 -0.0012838340466764 -368939.180243619 -151746.049559315 1.33091276077161e-16 4.43637586923869e-17
1.02944444444444e-07 0.000309553696761321 -0.00135078287215812 -388178.46187464 -91480.876044021 1.33014576218823e-16 4.4338192072941e-17
1.03494949494949e-07 9.32379290553565e-05 -0.00138392521869971 -397702.67584611 -28926.1811162545 1.32975164229849e-16 4.43250547432829e-17
1.04045454545454e-07 -0.000125581258910633 -0.00138243162209676 -397273.456580789 34352.4586829501 1.3297696093015e-16 4.43256536433832e-17
1.04595959595959e-07 -0.000341427408690111 -0.00134633946307354 -386901.546287771 96771.3484105895 1.33019787578726e-16 4.43399291929087e-17
1.05146464646464e-07 -0.000548898469022853 -0.00127655203174356 -366846.526113751 156768.310366207 1.33099383655344e-16 4.43664612184479e-17
1.05696969696969e-07 -0.000742801994715488 -0.00117481592067635 -337610.319521878 212841.781217434 1.33207830709544e-16 4.44026102365148e-17
1.06247474747474e-07 -0.00091828509964334 -0.00104367731236142 -299924.630491236 263588.392110175 1.33334340111254e-16 4.44447800370846e-17
1.06797979797979e-07 -0.00107095591149786 -0.000886418255077324 -254732.630925187 307738.091233891 1.33466326335249e-16 4.44887754450831e-17
1.07348484848485e-07 -0.00119699348859248 -0.000706974522009955 -203165.355583705 344185.929818204 1.33590659006012e-16 4.45302196686707e-17
1.0789898989899e-07 -0.0012932434478035 -0.000509837109386702 -146513.395311379 372019.716042422 1.33694969145879e-16 4.45649897152931e-17
1.08449494949495e-07 -0.00135729691033469 -0.000299939838864271 -86194.5970037671 390542.844754667 1.33768879677112e-16 4.45896265590372e-17
1.09e-07 -0.00138755078950444 -8.2535877181571e-05 -23718.5786955005 399291.731633859 1.33805037763932e-16 4.46016792546441e-17
