0 -0.00139 0 0 400000 1.33808e-16 4.46026666666667e-17
2.96195652173913e-10 -0.00138496221361933 0.000118156556629291 34016.6126254082 397827.758524385 1.33326337520184e-16 4.44421125067281e-17
5.92391304347826e-10 -0.00136988533761505 0.000235243030756765 67786.8803943579 392774.488795073 1.3286035518679e-16 4.42867850622634e-17
8.88586956521739e-10 -0.00134487855719309 0.000350411494019308 101066.242454841 384876.786078613 1.32423526948403e-16 4.41411756494678e-17
1.18478260869565e-09 -0.00131012296891946 0.00046282790809384 133613.69304417 374191.844736579 1.32028483758609e-16 4.40094945862031e-17
1.48097826086957e-09 -0.00126587026923726 0.00057167816471821 165193.526828255 360797.04402981 1.31686648350089e-16 4.38955494500296e-17
1.77717391304348e-09 -0.00121244093170662 0.000676173981380609 195577.045855709 344789.387745654 1.31407904944602e-16 4.38026349815338e-17
2.07336956521739e-09 -0.00115022188616766 0.000775558609981522 224544.215765206 326284.801706382 1.3120031344924e-16 4.37334378164133e-17
2.3695652173913e-09 -0.00107966371663386 0.000869112317126667 251885.259251994 305417.294246156 1.31069876403017e-16 4.36899588010056e-17
2.66576086956522e-09 -0.0010012773982084 0.000956157596363194 277402.175253846 282337.985736263 1.31020365412554e-16 4.36734551375181e-17
2.96195652173913e-09 -0.000915630596654288 0.00103606407461266 300910.17285466 257214.014186729 1.31053212095517e-16 4.3684404031839e-17
3.25815217391304e-09 -0.000823343557416511 0.00110825307726888 322239.00952152 230227.32484981 1.31167466685174e-16 4.3722488895058e-17
3.55434782608696e-09 -0.000725084613867484 0.00117220181890074 341234.22398384 201573.352590941 1.31359825493046e-16 4.37866084976819e-17
3.85054347826087e-09 -0.000621565347304582 0.00122744718921115 357758.254826212 171459.606569274 1.31624726435547e-16 4.3874908811849e-17
4.14673913043478e-09 -0.000513535433750606 0.00127358910683491 371691.436694218 140104.167477404 1.31954509862464e-16 4.39848366208215e-17
4.4429347826087e-09 -0.000401777214876099 0.0013102934166873 382932.866898778 107734.10822313 1.32339640036882e-16 4.41132133456274e-17
4.73913043478261e-09 -0.000287100032360374 0.0013372943098813 391401.136143186 74583.8494904968 1.32768980862436e-16 4.42563269541453e-17
5.03532608695652e-09 -0.000170334366721198 0.00135439624868859 397034.918080976 40893.4620889926 1.33230117885197e-16 4.44100392950657e-17
5.33152173913043e-09 -5.23258230591703e-05 0.00136147538260391 399793.413435099 6906.92838511148 1.33709717259459e-16 4.4569905753153e-17
5.62771739130435e-09 6.60709927286012e-05 0.00135848044525788 399656.645462147 -27129.6245931852 1.34193911297871e-16 4.4731303765957e-17
5.92391304347826e-09 0.000183998662917679 0.00134543312568281 396625.604621899 -60969.7075834271 1.34668699457684e-16 4.48895664858945e-17
6.22010869565217e-09 0.000300603167288438 0.00132242791124296 390722.241404516 -94368.2541388585 1.35120353168529e-16 4.50401177228429e-17
6.51630434782608e-09 0.000415040067853832 0.00128963140336662 381989.307367314 -127083.395374776 1.35535812796076e-16 4.51786042653588e-17
6.8125e-09 0.000526480624193589 0.00124728111103548 370490.045532331 -158878.211558443 1.35903065263307e-16 4.53010217544355e-17
7.10869565217391e-09 0.000634117795108239 0.00119568373076868 356307.732386773 -189522.447857753 1.36211491410421e-16 4.54038304701403e-17
7.40489130434782e-09 0.000737172083129572 0.00113521292555775 339545.074803148 -218794.181823358 1.36452173049431e-16 4.54840576831436e-17
7.70108695652173e-09 0.0008348971795622 0.00106630661883716 320323.466246519 -246481.430528517 1.36618150834891e-16 4.55393836116303e-17
7.99728260869565e-09 0.000926585369175384 0.000989463823087223 298782.10765535 -272383.685727949 1.3670462549441e-16 4.55682084981366e-17
8.29347826086956e-09 0.00101157265540492 0.000905241026036368 275076.999362432 -296313.365918189 1.36709096600325e-16 4.5569698866775e-17
8.58967391304348e-09 0.00108924356894886 0.000814248160633492 249379.811356312 -318097.174783801 1.36631434869944e-16 4.55438116233145e-17
8.88586956521739e-09 0.00115903562493376 0.000717144187975434 221876.640064652 -337577.35619171 1.36473885903768e-16 4.54912953012561e-17
9.1820652173913e-09 0.00122044339637302 0.00061463232517759 192766.660662786 -354612.836645105 1.36241005253626e-16 4.54136684178752e-17
9.47826086956522e-09 0.00127302217441783 0.00050745495274693 162260.684667319 -369080.246923389 1.35939526698205e-16 4.53131755660685e-17
9.77445652173913e-09 0.00131639118889355 0.000396388238337704 130579.633260512 -380874.81550955 1.35578167534848e-16 4.5192722511616e-17
1.0070652173913e-08 0.00135023636579866 0.000282236515824062 97952.9374015011 -389911.127334859 1.35167376517592e-16 4.50557921725307e-17
1.0366847826087e-08 0.00137431260179678 0.000165826460395764 64616.8763105796 -396123.742346126 1.34719031729896e-16 4.49063439099652e-17
1.06630434782609e-08 0.00138844553923019 4.80011018603509e-05 30812.8663590584 -399467.669415928 1.34246097128083e-16 4.47486990426942e-17
1.09592391304348e-08 0.00139253282880028 -7.03862804931661e-05 -3214.28724359246 -399918.692163783 1.33762247686616e-16 4.45874158955387e-17
1.12554347826087e-08 0.00138654487077078 -0.000188478337256322 -37218.163304227 -397473.544328723 1.33281473984173e-16 4.44271579947244e-17
1.15516304347826e-08 0.00137052502932605 -0.000305419857738608 -70952.5092032964 -392149.933423223 1.32817677663979e-16 4.42725592213262e-17
1.18478260869565e-08 0.00134458931853207 -0.000420363963316496 -104173.024231329 -383986.412497196 1.32384269465721e-16 4.4128089821907e-17
1.21440217391304e-08 0.00130892556217431 -0.00053247824044249 -136639.128789873 -373042.100940712 1.31993781452016e-16 4.39979271506719e-17
1.24402173913044e-08 0.00126379203355698 -0.000640950768899559 -168115.706644539 -359396.256347381 1.31657504641949e-16 4.38858348806497e-17
1.27364130434783e-08 0.00120951558511396 -0.000744996001644945 -198374.807612903 -343147.700538899 1.31385162529577e-16 4.37950541765258e-17
1.30326086956522e-08 0.00114648928137663 -0.000843860453662135 -227197.298356594 -324414.103907448 1.3118462992765e-16 4.37282099758834e-17
1.33288043478261e-08 0.00107516955244044 -0.000936828158622876 -254374.449322697 -303331.133258653 1.31061705266224e-16 4.36872350887414e-17
1.3625e-08 0.000996072888544443 -0.00102322585384267 -279709.446341987 -280051.469326349 1.31019942930196e-16 4.36733143100655e-17
1.39211956521739e-08 0.000909772099701469 -0.00110242785598079 -303018.815937173 -254743.701074198 1.31060550483734e-16 4.36868501612448e-17
1.42173913043478e-08 0.000816892167466083 -0.00117386059217558 -324133.754019197 -227591.104791524 1.31182353753378e-16 4.3727451251126e-17
1.45135869565217e-08 0.000718105718881616 -0.00123700675380085 -342901.348349316 -198790.316825024 1.31381830779441e-16 4.37939435931471e-17
1.48097826086957e-08 0.000614128155383377 -0.00129140904276252 -359185.685914022 -168549.909558307 1.31653213654e-16 4.38844045513334e-17
1.51059782608696e-08 0.000505712471934061 -0.00133667348320492 -372868.837193286 -137088.880951851 1.3198865530081e-16 4.39962184336034e-17
1.54021739130435e-08 0.000393643803910646 -0.00137247227464403 -383851.710194177 -104635.068582002 1.32378456374684e-16 4.41261521248948e-17
1.56983695652174e-08 0.000278733741233672 -0.0013985461658653 -392054.768065021 -71423.4996643681 1.32811345719504e-16 4.42704485731681e-17
1.59945652173913e-08 0.000161814450915403 -0.00141470633239461 -397418.605093202 -37694.6890105766 1.33274806275379e-16 4.44249354251262e-17
1.62907608695652e-08 4.37326505907722e-05 -0.00142083574394596 -399904.376915313 -3692.89724441481 1.33755437011295e-16 4.45851456704316e-17
1.65869565217391e-08 -7.46565233257962e-05 -0.00141689001194294 -399494.081824085 30335.6381088175 1.34239340417926e-16 4.47464468059752e-17
1.6883152173913e-08 -0.00019249570845152 -0.00140289771097629 -396190.691134931 64144.485849477 1.34712524356184e-16 4.49041747853946e-17
1.7179347826087e-08 -0.000308931525366625 -0.0013789601718696 -390018.127667977 97488.8057333155 1.35161306642006e-16 4.50537688806686e-17
1.74755434782609e-08 -0.000423120757701496 -0.00134525074785178 -381021.092501428 130127.121579682 1.35572710668744e-16 4.51909035562479e-17
1.77717391304348e-08 -0.000534236458624055 -0.00130201355915057 -369264.741250897 161823.070017514 1.3593484062768e-16 4.53116135425599e-17
1.80679347826087e-08 -0.000641473939504793 -0.00124956172509861 -354834.212219046 192347.112204889 1.36237225477106e-16 4.54124084923685e-17
1.83641304347826e-08 -0.000744056597390166 -0.00118827509655504 -337834.009832644 221478.196126016 1.36471121714055e-16 4.54903739046851e-17
1.86603260869565e-08 -0.000841241539082364 -0.00111859750506409 -318387.247832107 249005.357427506 1.36629766193995e-16 4.55432553979983e-17
1.89565217391304e-08 -0.000932324961096463 -0.00104103354867213 -296634.757694289 274729.247200807 1.36708571688154e-16 4.55695238960514e-17
1.92527173913043e-08 -0.00101664724653384 -0.000956144937679756 -272734.068745217 298463.575646767 1.3670525952393e-16 4.55684198413101e-17
1.95489130434782e-08 -0.00109359774196079 -0.000864546426792867 -246858.267348701 320036.46116746 1.36619925473045e-16 4.55399751576818e-17
1.98451086956522e-08 -0.00116261917969876 -0.00076690136313143 -219194.743432448 339291.675115268 1.36455036982292e-16 4.54850123274307e-17
2.01413043478261e-08 -0.00122321171350028 -0.000663916882336977 -189943.833429229 356089.773184895 1.36215361826944e-16 4.54051206089812e-17
2.04375e-08 -0.00127493653838481 -0.000556338787568043 -159317.369460758 370309.105254876 1.35907830249821e-16 4.53026100832735e-17
2.07336956521739e-08 -0.0013174190684198 -0.000444946148469387 -127537.145270972 381846.696365409 1.35541334572287e-16 4.5180444857429e-17
2.10298913043478e-08 -0.0013503516494341 -0.000330545659228682 -94833.3100182351 390618.992452562 1.35126472071454e-16 4.50421573571513e-17
2.13260869565217e-08 -0.00137349578701816 -0.00021396579657908 -61442.701558502 396562.46543833 1.34675238558334e-16 4.48917461861113e-17
2.16222826086956e-08 -0.00138668387367637 -9.60508200547849e-05 -27607.1312895927 399634.073294522 1.34200681517177e-16 4.47335605057256e-17
2.19184782608695e-08 -0.00138982040262354 2.23453420508106e-05 6428.36702240698 399811.571748765 1.33716522835521e-16 4.4572174278507e-17
2.22146739130435e-08 -0.00138288265943537 0.000140365276747169 40417.311752813 397093.675375268 1.33236762033769e-16 4.44122540112564e-17
2.25108695652174e-08 -0.00136592088654392 0.000257154295644468 74113.5584132548 391500.066903742 1.32775271466973e-16 4.42584238223242e-17
2.28070652173913e-08 -0.00133905791938713 0.000371866624520183 107273.08220508 383071.25467907 1.32345395203616e-16 4.41151317345388e-17
2.31032608695652e-08 -0.00130248829684695 0.000483671528330174 139655.745222181 371868.279303986 1.31959563179892e-16 4.39865210599642e-17
2.33994565217391e-08 -0.00125647685241856 0.000591759327307565 171027.035505341 357972.271589223 1.31628931786243e-16 4.38763105954142e-17
2.3695652173913e-08 -0.00120135679631302 0.000695347260581449 201159.765354045 341483.865012414 1.31363061278667e-16 4.37876870928891e-17
2.39918478260869e-08 -0.00113752730238281 0.000793685154851674 229835.716596747 322522.466940664 1.31169639342498e-16 4.37232131141661e-17
2.42880434782608e-08 -0.00106545061734523 0.000886060857067753 256847.220904726 301225.393894512 1.31054258801834e-16 4.36847529339445e-17
2.45842391304347e-08 -0.000985648713238619 0.000971805391768982 281998.663705044 277746.877115625 1.31020255902194e-16 4.36734186340647e-17
2.48804347826087e-08 -0.000898699507353828 0.00105029780573684 305107.900801435 252256.945639799 1.31068613842488e-16 4.36895379474962e-17
2.51766304347826e-08 -0.000805232677015837 0.00112096966487516 326007.577444087 224940.194963937 1.31197934345669e-16 4.37326447818897e-17
2.54728260869565e-08 -0.000705925099524474 0.00118330917075221 344546.340295758 195994.450224195 1.31404478090122e-16 4.38014926967074e-17
2.57690217391304e-08 -0.000601495950277706 0.00123686486699294 360589.93351728 165629.333566419 1.31682272832709e-16 4.38940909442363e-17
2.60652173913043e-08 -0.00049270149457639 0.00128124890868027 374022.171034728 134064.746083843 1.32023286097066e-16 4.40077620323552e-17
2.63614130434782e-08 -0.000380329610827712 0.00131613987108863 384745.77794717 101529.275315684 1.32417657433854e-16 4.41392191446179e-17
2.66576086956521e-08 -0.000265194084809724 0.00134128507740915 392683.094981631 68258.5398393834 1.32853983537122e-16 4.42846611790407e-17
2.6953804347826e-08 -0.000148128716317323 0.00135650242860952 397776.640893665 34493.4829447821 1.33319647972597e-16 4.44398826575324e-17
2.725e-08 -2.99812808687552e-05 0.00136168172217668 399989.528740698 478.627747264592 1.33801185983759e-16 4.46003953279196e-17
2.75461956521739e-08 8.83926097986483e-05 0.00135678545019225 399305.733013514 -33539.6936238251 1.34284673827282e-16 4.47615579424272e-17
2.78423913043478e-08 0.000206135703981845 0.00134184907096102 395730.205691375 -67315.1239374657 1.34756131380147e-16 4.49187104600489e-17
2.81385869565217e-08 0.000322395318141914 0.00131698075222559 389288.840380286 -100603.064955024 1.35201926376982e-16 4.50673087923273e-17
2.84347826086956e-08 0.000436329511951712 0.00128236058782646 380028.284794128 -133162.448785877 1.35609168589045e-16 4.52030561963485e-17
2.87309782608695e-08 0.000547113185542275 0.00123823929348079 368015.602936649 -164757.48367661 1.3596608254711e-16 4.53220275157034e-17
2.90271739130434e-08 0.000653944054792339 0.00118493639112459 353337.789430753 -195159.361590964 1.36262348030911e-16 4.54207826769702e-17
2.93233695652173e-08 0.000756048461388521 0.00112283789496727 336101.139512274 -224147.915214418 1.36489398479849e-16 4.54964661599498e-17
2.96195652173913e-08 0.000852686975580314 0.00105239351601594 316430.479250661 -251513.212383532 1.36640668696372e-16 4.55468895654574e-17
2.99157608695652e-08 0.000943159751055298 0.000974113405313928 294468.26157125 -277057.076393375 1.36711784679635e-16 4.55705948932115e-17
3.02119565217391e-08 0.00102681159315511 0.000888564459478675 270373.534625643 -300594.521173106 1.36700690100387e-16 4.55668967001288e-17
3.0508152173913e-08 0.00110303670372867 0.00079636621529399 244320.789981125 -321955.090936326 1.3660770576004e-16 4.55359019200132e-17
3.08043478260869e-08 0.0011712830682609 0.000698186363087523 216498.698970452 -340984.094604586 1.36435520314647e-16 4.54785067715488e-17
3.11005434782608e-08 0.00123105645350584 0.000594735911385175 187108.746353198 -357543.72606448 1.36189112532011e-16 4.53963708440035e-17
3.13967391304347e-08 0.00128192398667365 0.000486764037859508 156363.771183579 -371514.062145528 1.35875607329873e-16 4.52918691099577e-17
3.16929347826087e-08 0.00132351729025142 0.000375052663861073 124486.42545162 -382793.93109161 1.35504069757855e-16 4.51680232526185e-17
3.19891304347826e-08 0.00135553514975573 0.000260410791823342 91707.5616600418 -391301.645236557 1.35085242880199e-16 4.50284142933997e-17
3.22853260869565e-08 0.00137774569509738 0.000143668646549185 58264.5610138602 -396975.592577934 1.34631237138462e-16 4.48770790461541e-17
3.25815217391304e-08 0.00138998807976104 2.56716628071049e-05 24399.6143297934 -399774.682964917 1.34155180176299e-16 4.47183933920997e-17
3.28777173913043e-08 0.00139217364563941 -9.27256372215578e-05 -9642.03188505584 -399678.645668989 1.33670837251686e-16 4.45569457505621e-17
3.31739130434782e-08 0.00138428656508618 -0.000210665832305542 -43613.8514835147 -396688.176182499 1.3319221321244e-16 4.43974044041468e-17
3.34701086956521e-08 0.00136638395553831 -0.000327294811521205 -77269.8239956803 -390824.931181983 1.32733147543954e-16 4.42443825146514e-17
3.37663043478261e-08 0.0013385954658773 -0.000441767959637157 -110366.216284195 -382131.371692701 1.32306914198418e-16 4.41023047328059e-17
3.40625e-08 0.00130112233752515 -0.000553256273732045 -142663.347634891 -370670.455590211 1.31925837776511e-16 4.3975279258837e-17
3.43586956521739e-08 0.00125423594707444 -0.000660952366749582 -173927.3255002 -356525.181665815 1.31600937159741e-16 4.38669790532471e-17
3.46548913043478e-08 0.00119827584100654 -0.000764076314513668 -203931.739325246 -339797.988557742 1.31341606897841e-16 4.37805356326138e-17
3.49510869565217e-08 0.00113364727673049 -0.000861881303860128 -232459.300190104 -320610.012900921 1.31155345563966e-16 4.37184485213219e-17
3.52472826086956e-08 0.00106081828774995 -0.00095365904098185 -259303.414394109 -299100.212067768 1.3104753893233e-16 4.36825129774432e-17
3.55434782608696e-08 0.000980316294212062 -0.00103874488082066 -284269.679586471 -275424.357852996 1.31021304247747e-16 4.36737680825822e-17
3.58396739130435e-08 0.000892724283384293 -0.00111652264035938 -307177.292608367 -249753.908390083 1.3107740009003e-16 4.36924666966765e-17
3.61358695652174e-08 0.000798676587719785 -0.00118642906095669 -327860.35885107 -222274.766468877 1.31214204439542e-16 4.37380681465141e-17
3.64320652173913e-08 0.00069885429108611 -0.0012479578874091 -346169.093647871 -193185.933246451 1.3142776157814e-16 4.38092538593798e-17
3.67282608695652e-08 0.000593980296425028 -0.00130066353419968 -361970.906999434 -162698.067100922 1.31711896469346e-16 4.3903965489782e-17
3.70244565217391e-08 0.000484814090562741 -0.00134416431238319 -375151.363777112 -131031.958064856 1.32058393310456e-16 4.40194644368186e-17
3.7320652173913e-08 0.000372146244083374 -0.00137814519373873 -385615.01245054 -98416.9288862578 1.32457233093692e-16 4.41524110312308e-17
3.7616847826087e-08 0.000256792686097038 -0.00140236009217204 -393286.076337927 -65089.1742965044 1.3289688330731e-16 4.42989611024365e-17
3.79130434782609e-08 0.000139588795364019 -0.00141663364584614 -398109.0023731 -31290.0505120684 1.33364631399888e-16 4.44548771332959e-17
3.82092391304348e-08 2.13833505665724e-05 -0.00142086248713386 -400048.863415166 2735.67264270629 1.33846952365651e-16 4.46156507885505e-17
3.85054347826087e-08 -9.69676164601552e-05 -0.00141501599119575 -399091.611187325 36741.5843338321 1.34329899822026e-16 4.47766332740087e-17
3.88016304347826e-08 -0.0002146070200238 -0.00139913649776209 -395244.178013064 70481.4171999308 1.34799509271368e-16 4.49331697571227e-17
3.90978260869565e-08 -0.000330682927502384 -0.00137333900451277 -388534.426612975 103710.830795472 1.35242201886494e-16 4.50807339621645e-17
3.93940217391305e-08 -0.000444354728953908 -0.00133781033427585 -379010.948325758 136189.181079482 1.3564517714449e-16 4.52150590481634e-17
3.96902173913044e-08 -0.000554799224728239 -0.00129280778207557 -366742.711214679 167681.26313527 1.35996782955743e-16 4.53322609852478e-17
3.99864130434783e-08 -0.000661216586995435 -0.00123865725182787 -351818.560607855 197959.014500559 1.36286852585843e-16 4.54289508619478e-17
4.02826086956522e-08 -0.00076283615201772 -0.00117575089617735 -334346.575689405 226803.166772699 1.36506998628225e-16 4.55023328760751e-17
4.05788043478261e-08 -0.000858922001218059 -0.00110454427656757 -314453.286800962 254004.833528183 1.36650855527279e-16 4.55502851757597e-17
4.0875e-08 -0.000948778290627815 -0.00102555306411135 -292282.759121789 279367.023056928 1.3671426363934e-16 4.55714212131132e-17
4.11711956521739e-08 -0.00103175429011814 -0.000939349305152879 -267995.549363362 302706.064956248 1.366953895094e-16 4.55651298364667e-17
4.14673913043479e-08 -0.00110724909592155 -0.000846557278566143 -241767.543033964 323852.94025327 1.3659477888574e-16 4.55315929619133e-17
4.17635869565218e-08 -0.001174715982316 -0.00074784897479069 -213788.680693686 342654.505423182 1.3641534093953e-16 4.54717803131765e-17
4.20597826086957e-08 -0.00123366636095709 -0.000643939229345053 -184261.582424161 358974.601439101 1.36162264145714e-16 4.53874213819047e-17
4.23559782608696e-08 -0.00128367331918529 -0.000535580546060472 -153400.080474501 372695.039821923 1.35842866257486e-16 4.5280955419162e-17
4.26521739130435e-08 -0.00132437471168406 -0.000423557647524517 -121427.670709847 383716.458549299 1.35466382712363e-16 4.51554609041211e-17
4.29483695652174e-08 -0.0013554757830995 -0.000308681792199744 -88575.8940769951 391959.041625312 1.35043699588136e-16 4.50145665293788e-17
4.32445652173913e-08 -0.00137675130262872 -0.000191784899372244 -55082.6598083593 397363.097099826 1.34587038830308e-16 4.48623462767692e-17
4.35407608695653e-08 -0.00138804719511843 -7.37135244765958e-05 -21190.5225074534 399889.489351523 1.34109604852717e-16 4.47032016175722e-17
4.38369565217392e-08 -0.00138928165686157 4.46772715726758e-05 12855.0744069322 399519.922504108 1.33625202729947e-16 4.45417342433157e-17
4.41331521739131e-08 -0.0013804457480115 0.000162530114645468 46807.5761770595 396257.072923185 1.33147839021538e-16 4.43826130071793e-17
4.4429347826087e-08 -0.00136160345732338 0.000278991526412539 80421.1022307778 390124.569834287 1.32691316770229e-16 4.42304389234096e-17
4.47255434782609e-08 -0.00133289123875418 0.000393218105148955 113452.226823674 381166.824202429 1.32268836384923e-16 4.40896121283077e-17
4.50217391304348e-08 -0.0012945170232769 0.000504382633563787 145661.741903608 369448.707112399 1.31892613948897e-16 4.39642046496322e-17
4.53179347826088e-08 -0.00124675871306564 0.000611680069423783 176816.389431154 355055.079978951 1.31573527989932e-16 4.38578426633106e-17
4.56141304347827e-08 -0.00118996216895619 0.000714333375587522 206690.550610644 338090.179989048 1.31320804926065e-16 4.37736016420217e-17
4.59103260869566e-08 -0.001124538705757 0.000811599147229533 235067.879798596 318676.865226736 1.31141752282335e-16 4.3713917427445e-17
4.62065217391305e-08 -0.00105096211354905 0.0009027729955026 261742.871256902 296955.724947362 1.31041547392608e-16 4.3680515797536e-17
4.65027173913044e-08 -0.0009697652265462 0.000987194648650302 286522.347404533 273084.061444462 1.31023087696198e-16 4.36743625653992e-17
4.67989130434783e-08 -0.000881536064363862 0.00106425273362807 309226.857789971 247234.750882507 1.31086906957976e-16 4.36956356526585e-17
4.70951086956522e-08 -0.000786913573640625 0.00113338920360474 329691.978653171 219594.991345272 1.3123115983448e-16 4.37437199448268e-17
4.73913043478262e-08 -0.000686583000851546 0.00119410337928105 347769.503665744 190364.947166305 1.31451675232299e-16 4.38172250774331e-17
4.76875000000001e-08 -0.00058127092982272 0.00124595557475832 363328.517226147 159756.29935914 1.31742076915855e-16 4.39140256386183e-17
4.7983695652174e-08 -0.000471740019884945 0.00128857028169914 376256.34253718 127990.712644879 1.32093967877208e-16 4.40313226257359e-17
4.82798913043479e-08 -0.000358783482772249 0.00132163888872057 386459.357599922 95298.2301787765 1.3249717313679e-16 4.41657243789299e-17
4.85760869565218e-08 -0.000243219338263012 0.00134492191632655 393863.67321474 61915.6076010573 1.32940033954457e-16 4.43133446514855e-17
4.88722826086957e-08 -0.000125884490163747 0.00135825075119403 398415.668079378 28084.5984765945 1.33409744943694e-16 4.44699149812314e-17
4.91684782608697e-08 -7.628665536666e-06 0.00136152886725357 400082.377108987 -5949.79645987116 1.33892724341278e-16 4.46309081137593e-17
4.94646739130436e-08 0.000110691738937471 0.00135473252472136 398851.730165919 -39941.1035741894 1.34375006725979e-16 4.47916689086596e-17
4.97608695652175e-08 0.000228219858897204 0.00133791094202027 394732.639470444 -73643.1612698449 1.348426468308e-16 4.49475489436e-17
5.00570652173914e-08 0.000344104567625122 0.0013111859393451 387754.935059353 -106811.902665258 1.35282122772447e-16 4.50940409241492e-17
5.03532608695653e-08 0.000457506639821174 0.00127475105645303 377969.148759859 -139207.123101372 1.35680727038602e-16 4.52269090128673e-17
5.06494565217392e-08 0.000567604829187121 0.00122887015106837 365446.148243232 -170594.219679415 1.36026933927529e-16 4.53423113091763e-17
5.09456521739131e-08 0.000673601815808886 0.00117387548805171 350276.623808318 -200745.89023129 1.36310732815462e-16 4.54369109384874e-17
5.12418478260871e-08 0.000774729980266455 0.00111016533317146 332570.431611596 -229443.779418799 1.3652391761528e-16 4.55079725384268e-17
5.1538043478261e-08 0.000870256962655814 0.00103820106890366 312455.798100042 -256480.060040851 1.3666032405674e-16 4.55534413522466e-17
5.18342391304349e-08 0.000959490966265053 0.00095850385314684 290078.391408214 -281658.938096958 1.36716007927266e-16 4.55720026424219e-17
5.21304347826088e-08 0.00104178576749594 0.000871650845049438 265600.266444403 -304798.070707515 1.36689359119447e-16 4.55631197064822e-17
5.24266304347827e-08 0.00111654539574966 0.000778271025281824 239198.691305436 -325729.88662243 1.36581148187531e-16 4.55270493958435e-17
5.27228260869566e-08 0.00118322844938536 0.000679040641022106 211064.863519106 -344302.799755113 1.36394504066734e-16 4.54648346889112e-17
5.30190217391305e-08 0.00124135201649594 0.000574678308642702 181402.525411082 -360382.306953527 1.36134823599612e-16 4.53782745332041e-17
5.33152173913045e-08 0.00129049517210706 0.000465939809563495 150426.48862366 -373851.962058369 1.35809615485557e-16 4.5269871828519e-17
5.36114130434784e-08 0.00133030202647308 0.000353612616959493 118361.078471652 -384614.21919434 1.3542828316563e-16 4.51427610552101e-17
5.39076086956523e-08 0.00136048430239447 0.000238510192960014 85438.5094012231 -392591.139187466 1.35001852920669e-16 4.50006176402229e-17
5.42038043478262e-08 0.00138082342289206 0.000121466097638495 51897.2033164347 -397724.953992695 1.34542655044729e-16 4.48475516815763e-17
5.45000000000001e-08 0.00139117209411932 3.32795245504023e-06 17980.0629520146 -399978.485044212 1.34063967312799e-16 4.46879891042662e-17
5.4796195652174e-08 0.00139145537204945 -0.000115048698132179 -16067.2872035979 -399335.412498843 1.33579631051955e-16 4.45265436839849e-17
5.5092391304348e-08 0.00138167120521244 -0.000232806582433059 -49998.2796958701 -395800.393422698 1.33103650917329e-16 4.43678836391097e-17
5.53885869565219e-08 0.00136189044955156 -0.000349092909800149 -83567.1897206585 -389399.028065176 1.3264978994542e-16 4.42165966484732e-17
5.56847826086958e-08 0.00133225635529188 -0.000463065546451971 -116530.914638303 -380177.674464554 1.32231171593839e-16 4.40770571979462e-17
5.59809782608697e-08 0.0012929835295366 -0.0005738991141204 -148650.734498274 -368203.112727777 1.31859900274582e-16 4.39533000915273e-17
5.62771739130436e-08 0.00124435638210424 -0.000680790967356324 -179694.040824822 -353562.061415707 1.31546711353153e-16 4.38489037843843e-17
5.65733695652175e-08 0.00118672706586158 -0.000782967006206523 -209436.021143961 -336360.549536098 1.31300660733869e-16 4.37668869112897e-17
5.68695652173914e-08 0.00112051292646834 -0.000879687282166977 -237661.287052584 -316723.148692288 1.3112886300704e-16 4.37096210023468e-17
5.71657608695654e-08 0.00104619348000227 -0.000970251356814834 -264165.434039419 -294792.070948287 1.3103628572953e-16 4.36787619098433e-17
5.74619565217393e-08 0.000964306940352368 -0.00105400337431239 -288756.521761761 -270726.138943442 1.31025605787108e-16 4.36752019290358e-17
5.77581521739132e-08 0.000875446321528525 -0.00113033681104849 -311256.46405795 -244699.635715001 1.310971319919e-16 4.36990439972999e-17
5.80543478260871e-08 0.000780255143114247 -0.00119869886802099 -331502.318629284 -216901.042558047 1.3124879615304e-16 4.37495987176799e-17
5.8350543478261e-08 0.000679422769963137 -0.00125859447415102 -349347.467051606 -187531.674063083 1.31476212878716e-16 4.38254042929052e-17
5.86467391304349e-08 0.000573679419888586 -0.00130958987153749 -364662.676571056 -156804.220216199 1.31772806380427e-16 4.39242687934756e-17
5.89429347826089e-08 0.000463790875500471 -0.00135131575668779 -377337.035994559 -124941.206119781 1.32130000612889e-16 4.40433335376297e-17
5.92391304347828e-08 0.000350552938485218 -0.00138346995497622 -387278.758897425 -92173.3804882976 1.32537467251661e-16 4.41791557505537e-17
5.95353260869567e-08 0.000234785666490743 -0.00140581960896193 -394415.848331328 -58738.0445895303 1.32983424338184e-16 4.4327808112728e-17
5.98315217391306e-08 0.000117327434352191 -0.00141820286471891 -398696.618218895 -24877.3337328742 1.33454976956868e-16 4.44849923189561e-17
6.01277173913045e-08 -9.71137333535401e-07 -0.0014205300439657 -400090.067659034 9163.53625000004 1.339384900935e-16 4.46461633645e-17
6.04239130434784e-08 -0.000119253342315814 -0.00141278429350635 -398586.105432314 43138.0448333129 1.34419982893706e-16 4.48066609645686e-17
6.07201086956523e-08 -0.000236662592870029 -0.00139502170727962 -394195.62308055 76800.152073806 1.34885532921442e-16 4.49618443071472e-17
6.10163043478263e-08 -0.00035234862311894 -0.00136737092013232 -386950.416031366 109906.080407042 1.35321678728305e-16 4.51072262427683e-17
6.13125000000002e-08 -0.000465473646571879 -0.00133003217625883 -376902.953338934 142216.080059784 1.35715809093319e-16 4.52386030311063e-17
6.16086956521741e-08 -0.000575218423289487 -0.00128327587905298 -364125.997708405 173496.165293528 1.36056527678267e-16 4.53521758927557e-17
6.1904891304348e-08 -0.000680788192736222 -0.00122744063287405 -348712.078555786 203519.808905469 1.3633398255451e-16 4.54446608515035e-17
6.22010869565219e-08 -0.000781418429355494 -0.00116293079090844 -330772.8219193 232069.582715517 1.36540151072971e-16 4.55133836909903e-17
6.24972826086958e-08 -0.000876380379186163 -0.00109021352688489 -310438.142074943 258938.732159113 1.36669071840225e-16 4.55563572800751e-17
6.27934782608697e-08 -0.000964986337424766 -0.00100981545184974 -287855.300710484 283932.673582802 1.36717017093083e-16 4.55723390310278e-17
6.30896739130437e-08 -0.00104659462871391 -0.000922318800503205 -263187.840471265 306870.403399302 1.36682600487417e-16 4.55608668291389e-17
6.33858695652176e-08 -0.0011206142540901 -0.000828357214714741 -236614.400600963 327585.808897117 1.36566817184505e-16 4.5522272394835e-17
6.36820652173915e-08 -0.00118650917093823 -0.000728611154752939 -208327.423254313 345928.871211934 1.363730150758e-16 4.54576716919332e-17
6.39782608695654e-08 -0.00124380217495784 -0.000623802971461316 -178531.759850557 361766.751748014 1.36106797978144e-16 4.53689326593813e-17
6.42744565217393e-08 -0.00129207835602819 -0.000514691675066816 -147443.187560253 374984.754181822 1.35775863598574e-16 4.52586211995246e-17
6.45706521739132e-08 -0.00133098810294528 -0.000402067438504771 -115286.846668904 385487.15508116 1.35389780953972e-16 4.51299269846574e-17
6.48668478260872e-08 -0.00136024963527069 -0.000286745875066696 -82295.6101338614 393197.897124552 1.34959713681522e-16 4.49865712271739e-17
6.51630434782611e-08 -0.00137965104395692 -0.000169562131811606 -48708.3971419964 398061.139900643 1.3449809724047e-16 4.48326990801567e-17
6.5459239130435e-08 -0.00138905182597123 -5.13648415157655e-05 -14768.4428811992 400041.664298796 1.34018279338976e-16 4.46727597796585e-17
6.57554347826089e-08 -0.00138838390180429 6.69900230397516e-05 19278.4629441688 399125.127562311 1.33534133983137e-16 4.45113779943789e-17
6.60516304347828e-08 -0.00137765210849515 0.000184645347937074 53185.7560973693 395318.167157221 1.33059660308038e-16 4.43532201026795e-17
6.63478260869567e-08 -0.00135693416460183 0.000300749085253541 86707.8834024674 388648.352704429 1.32608577790677e-16 4.42028592635589e-17
6.66440217391306e-08 -0.00132638010737145 0.000414460423506291 119602.081015511 379163.986323316 1.32193929549237e-16 4.40646431830791e-17
6.69402173913046e-08 -0.0012862112061857 0.00052495587672369 151630.132495654 366933.752832695 1.3182770519939e-16 4.39425683997967e-17
6.72364130434785e-08 -0.00123671836015041 0.000631435248047163 182560.093944443 352046.222342319 1.31520494172765e-16 4.38401647242551e-17
6.75326086956524e-08 -0.0011782599914338 0.000733127424675643 212167.97371999 334609.20883714 1.31281179521962e-16 4.37603931739873e-17
6.78288043478263e-08 -0.00111125944960947 0.000829295962186212 240239.354561718 314748.989399366 1.31116681065758e-16 4.37055603552527e-17
6.81250000000002e-08 -0.00103620194580177 0.000919244417789881 266570.946378392 292609.389722652 1.31031755301519e-16 4.36772517671731e-17
6.84211956521741e-08 -0.00095363103883605 0.00100232139389958 290972.058454338 268350.742541022 1.3102885787037e-16 4.36762859567899e-17
6.87173913043481e-08 -0.000864144698840863 0.00107792525548539 313265.980412247 242148.726515475 1.31108072551963e-16 4.37026908506542e-17
6.9013586956522e-08 -0.000768390976808932 0.00114550848705437 333291.261931798 214193.093986959 1.31267108841979e-16 4.37557029473265e-17
6.93097826086959e-08 -0.00066706331147765 0.00120458165770217 350902.881956492 184686.296809169 1.31501368182403e-16 4.38337893941344e-17
6.96059782608698e-08 -0.000560895507516111 0.00125471696552199 365973.298921424 153842.020212769 1.31804076929509e-16 4.39346923098364e-17
6.99021739130437e-08 -0.000450656421386168 0.00129555133570259 378393.374396355 121883.63531864 1.32166482214781e-16 4.40554940715937e-17
7.01983695652176e-08 -0.000337144393361965 0.0013267890498792 388073.163455147 89042.5815068907 1.32578105035409e-16 4.41927016784698e-17
7.04945652173915e-08 -0.000221181466030688 0.0013482038876959 394942.566047788 55556.6903563518 1.33027043256218e-16 4.43423477520727e-17
7.07907608695655e-08 -0.000103607431143576 0.00135964076507052 398951.834657845 21668.4632924211 1.33500315761675e-16 4.45001052538918e-17
7.10869565217394e-08 1.47262520707142e-05 0.00136101685729777 400071.934568924 -12376.6845836501 1.33984237806785e-16 4.46614126022617e-17
7.13831521739133e-08 0.000132962623087436 0.0013523221988574 398294.754131141 -46332.2017660138 1.34464816713524e-16 4.48216055711748e-17
7.16793478260872e-08 0.000250245426106899 0.00133361975558345 393633.16350487 -79952.1858452101 1.34928156471215e-16 4.49760521570717e-17
7.19755434782611e-08 0.00036572531097208 0.00130504496867211 386120.921456346 -112993.16430846 1.35360859541742e-16 4.51202865139139e-17
7.2271739130435e-08 0.000478565984076255 0.00126680477383026 375812.430880104 -145215.857742896 1.35750414251362e-16 4.52501380837874e-17
7.25679347826089e-08 0.000587950264716437 0.00121917610266816 362782.34481874 -176386.912672784 1.36085556567617e-16 4.53618521892057e-17
7.28641304347829e-08 0.00069308600303309 0.00116250387718875 347125.025833153 -206280.591481716 1.36356595800507e-16 4.54521986001691e-17
7.31603260869568e-08 0.00079321181667902 0.0010971985118976 328953.862638454 -234680.407181517 1.36555694810238e-16 4.5518564936746e-17
7.34565217391307e-08 0.000887602604673071 0.00102373294162261 308400.448954399 -261380.691189042 1.36677096619284e-16 4.5559032206428e-17
7.37527173913046e-08 0.000975574798507833 0.000942639196568071 285613.630517026 -286188.082757187 1.36717290876252e-16 4.55724302920839e-17
7.40489130434785e-08 0.00105649131248341 0.000854504549405875 260758.427152938 -308922.929273792 1.36675115358214e-16 4.55583717860712e-17
7.43451086956524e-08 0.00112976615741741 0.000759967262306425 234014.837722469 -329420.58728763 1.36551789576556e-16 4.55172631921855e-17
7.46413043478264e-08 0.0011948686843191 0.000659711964708783 205576.536586202 -347532.614839568 1.36350879514628e-16 4.54502931715427e-17
7.49375000000003e-08 0.00125132742729559 0.000554464695303746 175649.471034905 -363127.846464174 1.36078194516798e-16 4.5359398172266e-17
7.52336956521742e-08 0.00129873351785997 0.000444987644135328 144450.369840155 -376093.343076703 1.35741619310399e-16 4.52472064367997e-17
7.55298913043481e-08 0.00133674364591537 0.000332073632897816 112205.173726563 -386335.209866492 1.35350886017663e-16 4.51169620058877e-17
7.5826086956522e-08 0.00136508254597186 0.000216540373401519 79147.3991319816 -393779.276273643 1.34917292749955e-16 4.49724309166517e-17
7.61222826086959e-08 0.00138354499059122 9.92245457868192e-05 45516.4471051576 -398371.633124698 1.34453376921202e-16 4.48177923070672e-17
7.64184782608698e-08 0.00139199727662317 -1.90242606284908e-05 11555.8695876332 -400079.023037395 1.33972552726699e-16 4.46575175755663e-17
7.67146739130438e-08 0.00139037819347005 -0.000137349699988827 -22488.3943646978 -398889.081267262 1.33488723269657e-16 4.44962410898857e-17
7.70108695652177e-08 0.00137869946636773 -0.000254894871470596 -56369.7996472737 -394810.425251837 1.33015878550901e-16 4.43386261836337e-17
7.73070652173916e-08 0.00135704567147268 -0.000370808524870994 -89842.9805614912 -387872.592204061 1.32567690945912e-16 4.41892303153038e-17
7.76032608695655e-08 0.00132557362337 -0.000484251225275589 -122665.527728194 -378125.82520678 1.32157119866051e-16 4.40523732886837e-17
7.78994565217394e-08 0.0012845112394381 -0.000594401432160778 -154599.743591797 -365640.709357438 1.31796037035255e-16 4.39320123450851e-17
7.81956521739133e-08 0.0012341558892942 -0.000700461448906891 -185414.363801857 -350507.660597965 1.31494883217366e-16 4.38316277391219e-17
7.84918478260873e-08 0.00117487224127374 -0.000801663199636149 -214886.232006035 -332836.2709317 1.31262366319888e-16 4.37541221066294e-17
7.87880434782612e-08 0.00110708962153927 -0.000897273791540226 -242801.915925748 -312754.514769225 1.31105209603551e-16 4.37017365345169e-17
7.90842391304351e-08 0.00103129890494401 -0.000986600822415591 -268959.253011071 -290407.822150673 1.31027957278217e-16 4.36759857594055e-17
7.9380434782609e-08 0.000948048960165914 -0.00106899739497 -293168.814481408 -265958.025556134 1.31032843106381e-16 4.36776143687938e-17
7.96766304347829e-08 0.000857942674856446 -0.00114386680158701 -315255.277149498 -239582.187931259 1.31119725813596e-16 4.37065752711985e-17
7.99728260869568e-08 0.000761632589589385 -0.00121066684562205 -335058.693094143 -211471.320415377 1.31286093173438e-16 4.37620310578126e-17
8.02690217391307e-08 0.000659816172228209 -0.00126891376793539 -352435.647986821 -181828.999058206 1.31527134648915e-16 4.38423782163049e-17
8.05652173913047e-08 0.000553230766934614 -0.00131818575022684 -367260.299683698 -150869.890542765 1.31835880489856e-16 4.39452934966188e-17
8.08614130434786e-08 0.000442648254396917 -0.001358125969801 -379425.289561665 -118818.19759104 1.32203403264279e-16 4.4067801088093e-17
8.11576086956525e-08 0.000328869461948456 -0.00138844518364106 -388842.519998589 -85906.0353106206 1.32619075996412e-16 4.42063586654706e-17
8.14538043478264e-08 0.000212718364057304 -0.00140892382307732 -395443.792367354 -52371.7502406533 1.33070879447284e-16 4.43569598157613e-17
8.17500000000003e-08 9.50361151867994e-05 -0.00141941358388126 -399181.300923394 -18458.1942703885 1.3354574965281e-16 4.45152498842701e-17
8.20461956521742e-08 -2.33250417597172e-05 -0.0014198385002697 -400027.979009048 15589.0340695532 1.34029955670259e-16 4.46766518900862e-17
8.23423913043481e-08 -0.000141507947295517 -0.00141019549504127 -397977.695067545 49523.3682068159 1.34509496610504e-16 4.48364988701679e-17
8.26385869565221e-08 -0.000258656732812498 -0.00139055440186122 -393045.297047116 83099.0591374021 1.34970506475824e-16 4.49901688252745e-17
8.2934782608696e-08 -0.000373923018694787 -0.00136105745953308 -385266.504873661 116072.95511502 1.35399655097287e-16 4.51332183657625e-17
8.32309782608699e-08 -0.00048647205819782 -0.00132191828191969 -374697.651770669 148206.262531356 1.35784533578577e-16 4.5261511192859e-17
8.35271739130438e-08 -0.000595488782599551 -0.00127342031097329 -361415.276299733 179266.275235147 1.36114013101072e-16 4.53713377003574e-17
8.38233695652177e-08 -0.000700183703845421 -0.00121591476407766 -345515.568076051 209028.059766517 1.36378566715299e-16 4.54595222384329e-17
8.41195652173916e-08 -0.000799798631940728 -0.00114981809056747 -327113.671172998 237276.084302264 1.36570544814092e-16 4.55235149380305e-17
8.44157608695656e-08 -0.000893612165685625 -0.00107560895584447 -306342.850260431 263805.779515449 1.36684396322126e-16 4.55614654407087e-17
8.47119565217395e-08 -0.000980944916989393 -0.000993824774931202 -283353.525515472 288425.020045704 1.36716829206087e-16 4.55722764020291e-17
8.50081521739134e-08 -0.00106116443093005 -0.000905057820565977 -258312.183294852 310955.515851591 1.36666905664304e-16 4.55556352214348e-17
8.53043478260873e-08 -0.00113368976592872 -0.000809950934023799 -231400.170457615 331234.103368992 1.36536069243425e-16 4.55120230811415e-17
8.56005434782612e-08 -0.00119799570086956 -0.000709192869725085 -202812.381069562 349113.927125076 1.36328103098048e-16 4.54427010326826e-17
8.58967391304351e-08 -0.00125361653869783 -0.000603513307346058 -172755.845000211 364465.503250736 1.36049020600248e-16 4.53496735334159e-17
8.6192934782609e-08 -0.00130014947895065 -0.000493677567552581 -141448.22863349 377177.657189624 1.35706891462022e-16 4.52356304873407e-17
8.6489130434783e-08 -0.0013372575347971 -0.000380481069625561 -109116.258549874 387158.328813006 1.35311608398368e-16 4.51038694661227e-17
8.67853260869569e-08 -0.00136467197346265 -0.000264743571115243 -75994.0795954999 394335.239109875 1.34874601077955e-16 4.49582003593184e-17
8.70815217391308e-08 -0.00138219426236464 -0.000147303231240223 -42321.5592289516 398656.413624208 1.34408505632552e-16 4.48028352108508e-17
8.73777173913047e-08 -0.00138969750686509 -2.90105410234459e-05 -8342.55042546923 400090.558848708 1.33926799281396e-16 4.46422664271319e-17
8.76739130434786e-08 -0.0013871273692288 8.92778358774674e-05 25696.8742815509 398627.288849203 1.33443410635387e-16 4.44811368784622e-17
8.79701086956525e-08 -0.00137450246213169 0.000206705267041493 59550.2048328706 394277.200478528 1.32972316949234e-16 4.43241056497445e-17
8.82663043478265e-08 -0.00135191421386973 0.000322421354929259 92972.2788442411 387071.796635197 1.32527139967048e-16 4.41757133223493e-17
8.85625000000004e-08 -0.00131952620624445 0.000435588095375727 125721.05704751 377063.258122603 1.32120752047586e-16 4.40402506825288e-17
8.88586956521743e-08 -0.0012775729899202 0.000545385946331305 157559.376114439 364324.065760936 1.31764903958078e-16 4.39216346526926e-17
8.91548913043482e-08 -0.00122635838583196 0.000651019762902206 188256.666169454 348946.475488445 1.3146988509904e-16 4.38232950330133e-17
8.94510869565221e-08 -0.00116625328494503 0.000751724555709066 217590.620553292 331041.850253288 1.31244225984729e-16 4.3748075328243e-17
8.9747282608696e-08 -0.00109769296230027 0.0008467710308624 245348.80574526 310739.853534367 1.31094451582052e-16 4.36981505273506e-17
9.00434782608699e-08 -0.00102117392479643 0.000935470871434938 271330.199785236 288187.510331575 1.31024892640172e-16 4.36749642133907e-17
9.03396739130439e-08 -0.000937250315537588 0.00101718172218295 295346.648054304 263548.142425661 1.31037560466257e-16 4.36791868220857e-17
9.06358695652178e-08 -0.000846529900785003 0.00109131184141775 317224.225871408 237000.185618475 1.31132088768228e-16 4.37106962560759e-17
9.09320652173917e-08 -0.000749669668575558 0.00115732438633892 336804.49803824 208735.897518996 1.31305744246152e-16 4.37685814153838e-17
9.12282608695656e-08 -0.000647371070881056 0.00121474130079544 353945.666210873 178959.96523324 1.31553505626015e-16 4.38511685420051e-17
9.15244565217395e-08 -0.000540374943764231 0.00126314677731975 368523.595788971 147888.023041011 1.31868208850612e-16 4.39560696168708e-17
9.18206521739134e-08 -0.000429456142319165 0.0013021902683633 380432.71488597 115745.09079433 1.32240754229324e-16 4.40802514097745e-17
9.21168478260873e-08 -0.000315417929249332 0.00133158902492628 389586.778869967 82763.9443465032 1.32660369557026e-16 4.42201231856755e-17
9.24130434782613e-08 -0.000199086157720619 0.00135113014419718 395919.494938588 49183.4298130152 1.33114921594012e-16 4.43716405313375e-17
9.27092391304352e-08 -8.13032906165123e-05 0.00136067211137339 399385.002204741 15246.7338722001 1.33591266900419e-16 4.45304223001397e-17
9.30054347826091e-08 3.70777004926118e-05 0.00136014582449697 399958.203816501 -18800.3773680032 1.34075631880752e-16 4.46918772935841e-17
9.3301630434783e-08 0.000155199512483032 0.00134955509488408 397634.948705967 -52711.3381832631 1.34554011049452e-16 4.4851337016484e-17
9.35978260869569e-08 0.0002722067191799 0.00132897661952377 392432.061650873 -86240.5688368082 1.35012572001593e-16 4.50041906671976e-17
9.38940217391308e-08 0.000387251966266792 0.0012985594256462 384387.221431259 -119145.254042958 1.35438055378934e-16 4.51460184596446e-17
9.41902173913048e-08 0.000499502107739667 0.00125852379148253 373558.687963564 -151187.101410782 1.35818158266237e-16 4.52727194220789e-17
9.44864130434787e-08 0.00060814423946568 0.00120915965103237 360024.880388228 -182134.067133406 1.36141889931892e-16 4.53806299772974e-17
9.47826086956526e-08 0.000712391586152414 0.00115082449439115 343883.809166234 -211762.03642572 1.36399889626563e-16 4.5466629875521e-17
9.50788043478265e-08 0.000811489199094703 0.0010839407788431 325252.366297294 -239856.446540902 1.36584697250645e-16 4.55282324168816e-17
9.53750000000004e-08 0.000904719423436536 0.00100899286946854 304265.478799855 -266213.840612059 1.36690969064157e-16 4.5563656354719e-17
9.56711956521743e-08 0.000991407095354696 0.000926523531421084 281075.13158332 -290643.341066205 1.36715632201781e-16 4.55718774005938e-17
9.59673913043482e-08 0.00107092443152665 0.00083712999927746 255849.266788758 -312968.03194028 1.36657973525219e-16 4.55526578417396e-17
9.62635869565222e-08 0.00114269557547365 0.000741459651925358 228770.567568967 -333026.240088594 1.36519660243692e-16 4.5506553414564e-17
9.65597826086961e-08 0.00120620076785492 0.000640205324311199 200035.135115615 -350672.706003343 1.3630469170634e-16 4.54348972354466e-17
9.685597826087e-08 0.00126098011051207 0.000534100289999773 169851.068514314 -365779.635769224 1.36019283760443e-16 4.5339761253481e-17
9.71521739130439e-08 0.00130663689700485 0.000423912950881496 138436.957712163 -378237.626533998 1.35671689019273e-16 4.52238963397578e-17
9.74483695652178e-08 0.00134284048551896 0.000310441272483907 106020.30051153 -387956.458792846 1.35271958236552e-16 4.50906527455172e-17
9.77445652173917e-08 0.0013693286933405 0.000194507005186289 72835.8550540601 -394865.749748865 1.34831649687406e-16 4.49438832291354e-17
9.80407608695657e-08 0.00138590969555657 7.69497331868278e-05 39123.9397260325 -398915.46301814 1.34363494959127e-16 4.47878316530422e-17
9.83369565217396e-08 0.00139246341423185 -4.13792056809529e-05 5128.69279700069 -400076.27098816 1.33881030815421e-16 4.46270102718069e-17
9.86331521739135e-08 0.00138894238800081 -0.000159622885250381 -28903.6956047818 -398339.76720541 1.33398207778874e-16 4.44660692596247e-17
9.89293478260874e-08 0.00137537211577807 -0.000276924996793971 -62726.766376285 -393718.527254058 1.32928986749513e-16 4.43096622498376e-17
9.92255434782613e-08 0.00135185087209789 -0.000392436050324324 -96095.5762715149 -386246.017684843 1.32486935323299e-16 4.4162311774433e-17
9.95217391304352e-08 0.00131854899541996 -0.00050531952651441 -128768.471755643 -375976.353653718 1.32084835483072e-16 4.40282784943574e-17
9.98179347826091e-08 0.00127570765455553 -0.000614757934685635 -160508.839035381 -362983.907025381 1.31734314005612e-16 4.39114380018706e-17
1.00114130434783e-07 0.00122363710214739 -0.000719958732992377 -191086.817592058 -347362.767779777 1.31445506271654e-16 4.38151687572181e-17
1.00410326086957e-07 0.0011627144278517 -0.000820160067929598 -220280.964808174 -329226.062622009 1.3122676319985e-16 4.37422543999499e-17
1.00706521739131e-07 0.00109338082749298 -0.000914636291598612 -247879.859632355 -308705.13573023 1.31084409778704e-16 4.36948032595681e-17
1.01002717391305e-07 0.00101613840796871 -0.00100270321677552 -273683.633669157 -285948.597574422 1.31022562178597e-16 4.36741873928655e-17
1.01298913043479e-07 0.000931546551042134 -0.00108372307172567 -297505.418605703 -261121.248694465 1.31043008732097e-16 4.36810029106989e-17
1.01595108695653e-07 0.000840217862356316 -0.0011571091188818 -319172.699493033 -234402.886231343 1.31145158224065e-16 4.37150527413549e-17
1.01891304347827e-07 0.000742813735006229 -0.001222329903938 -338528.564081865 -205987.001854503 1.31326056986723e-16 4.37753523289077e-17
1.021875e-07 0.000640039559797088 -0.0012789131045878 -355432.839165177 -176079.380514817 1.31580474305402e-16 4.38601581018007e-17
1.02483695652174e-07 0.000532639616875724 -0.00132644895103445 -369763.105698344 -144896.610170853 1.31901053665432e-16 4.39670178884774e-17
1.02779891304348e-07 0.000421391685729294 -0.00136459319350217 -381415.585345441 -112664.513280858 1.32278525466863e-16 4.40928418222878e-17
1.03076086956522e-07 0.000307101412585168 -0.00139306959525805 -390305.892031413 -79616.5114194388 1.32701975056326e-16 4.4233991685442e-17
1.03372282608696e-07 0.00019059647600271 -0.00141167193309052 -396369.643057475 -45991.9348621986 1.33159158325862e-16 4.43863861086206e-17
1.0366847826087e-07 7.27205929091519e-05 -0.00142026549075685 -399562.925354075 -12034.2893801764 1.33636855753127e-16 4.45456185843756e-17
1.03964673913044e-07 -4.56725915127736e-05 -0.00141878803458454 -399862.61349489 22010.5072042376 1.34121254645852e-16 4.47070848819505e-17
1.04260869565218e-07 -0.000163725685836611 -0.00140725026416124 -397266.53716882 55895.9059292142 1.34598348537894e-16 4.48661161792978e-17
1.04557065217392e-07 -0.000280583761533882 -0.00138573573484946 -391793.496897154 89376.5121760455 1.35054342188294e-16 4.50181140627645e-17
1.04853260869566e-07 -0.000395400544279724 -0.00135440025268706 -383483.127882109 122209.86279207 1.35476050472723e-16 4.51586834909077e-17
1.0514945652174e-07 -0.000507344542585669 -0.00131347074605579 -372395.612972715 154158.181984219 1.35851279633317e-16 4.52837598777724e-17
1.05445652173914e-07 -0.000615605069376619 -0.00126324362228894 -358611.246826728 184990.103267175 1.36169179863001e-16 4.53897266210003e-17
1.05741847826087e-07 -0.00071939811290437 -0.00120408262111953 -342229.854424873 214482.344995986 1.36420559029277e-16 4.54735196764257e-17
1.06038043478261e-07 -0.000817972014481127 -0.00113641618051408 -323370.068148458 242421.327349069 1.36598148466106e-16 4.55327161553685e-17
1.06334239130435e-07 -0.00091061291191544 -0.00106073433396833 -302168.468655713 268604.71905161 1.36696813148466e-16 4.55656043828219e-17
1.06630434782609e-07 -0.000996649909229749 -0.000977585161734389 -278778.59577852 292842.902638121 1.36713700172369e-16 4.55712333907897e-17
1.06926630434783e-07 -0.00107545993522097 -0.000887570821679187 -253369.836602535 314960.347642879 1.36648321247004e-16 4.55494404156681e-17
1.07222826086957e-07 -0.00114647225567889 -0.000791343188518301 -226126.198783105 334796.881773747 1.36502566813738e-16 4.55008556045792e-17
1.07519021739131e-07 -0.00120917260658546 -0.000689599133005424 -197244.977980497 352208.85086366 1.36280651383719e-16 4.54268837945731e-17
1.07815217391305e-07 -0.00126310691836254 -0.000583075475265088 -166935.329064754 367070.159199523 1.35988991674666e-16 4.53296638915553e-17
1.08111413043479e-07 -0.00130788460419777 -0.0004725436488161 -135416.75143735 379273.182694565 1.35636021070512e-16 4.5212007023504e-17
1.08407608695653e-07 -0.00134318138863459 -0.000358804113928283 -102917.499438802 388729.548291059 1.35231945768858e-16 4.5077315256286e-17
1.08703804347827e-07 -0.00136874165594221 -0.000242680560770443 -69672.9293538973 395370.773949035 1.34788449667244e-16 4.49294832224148e-17
1.09000000000001e-07 -0.00138438030125876 -0.000125013944329754 -35923.7949853663 399148.764586262 1.34318356521515e-16 4.47727855071716e-17
