0 -0.00139 0 0 400000 1.33808e-16 4.46026666666667e-17
6.89873417721519e-10 -0.0013629151592282 0.000273237927003118 78521.189760444 392139.311311792 1.3375683242083e-16 4.45856108069433e-17
1.37974683544304e-09 -0.00128272516442019 0.000535736662596321 153956.226380215 368866.197380431 1.33611294889872e-16 4.45370982966241e-17
2.06962025316456e-09 -0.00115258175850144 0.000777179102571877 223340.253164055 331095.371723016 1.33394043090939e-16 4.44646810303132e-17
2.75949367088608e-09 -0.000977600025465699 0.00098807572764594 283946.238939554 280311.357849495 1.33138896397165e-16 4.43796321323885e-17
3.44936708860759e-09 -0.00076465734996056 0.001160137574243 333392.159772595 218510.142376855 1.32885573242565e-16 4.4295191080855e-17
4.13924050632911e-09 -0.000522123112388919 0.00128660201930698 369734.620710327 148120.725882012 1.3267350819261e-16 4.42245027308698e-17
4.82911392405063e-09 -0.00025952974343969 0.00136249857467399 391545.237894776 71909.6548150191 1.32535713204338e-16 4.41785710681128e-17
5.51898734177215e-09 1.28019332626371e-05 0.00138484424437281 397966.778967018 -7127.71330286073 1.32493638687585e-16 4.41645462291951e-17
6.20886075949367e-09 0.00028416834506559 0.00135276076663826 388746.855250716 -85884.9377440776 1.3255383434085e-16 4.41846114469501e-17
6.89873417721519e-09 0.000543903857551071 0.00126750913262289 364247.841496185 -161266.588392233 1.32706929566196e-16 4.4235643188732e-17
7.58860759493671e-09 0.000781799970694478 0.00113244002510247 325432.633304886 -230309.906804584 1.32929092180984e-16 4.43096973936612e-17
8.27848101265823e-09 0.000988506548068036 0.000952862125105061 273826.80201662 -290301.252820929 1.33185738350222e-16 4.43952461167405e-17
8.96835443037975e-09 0.00115589930939905 0.000735833462466475 211458.634502652 -338882.759966164 1.33436916218029e-16 4.44789720726765e-17
9.65822784810127e-09 0.00127739914276011 0.000489884010953812 140779.414507389 -374145.007721924 1.33643525173613e-16 4.45478417245377e-17
1.03481012658228e-08 0.00134823068632261 0.000224680430923954 64567.0787563721 -394702.068327937 1.3377340260476e-16 4.45911342015868e-17
1.10379746835443e-08 0.0013656100165203 -4.93538637150313e-05 -14182.9655226993 -399745.978515361 1.3380633061994e-16 4.46021102066467e-17
1.17278481012658e-08 0.00132885406583171 -0.000321448381562896 -92375.5704185231 -389078.495245422 1.33737183347527e-16 4.45790611158422e-17
1.24177215189873e-08 0.00123940746968586 -0.00058090887112679 -166937.497307068 -363118.887343479 1.33576724875175e-16 4.45255749583916e-17
1.31075949367089e-08 0.00110078578731535 -0.000817537641729952 -234938.205712016 -322887.456790458 1.33349933614918e-16 4.44499778716395e-17
1.37974683544304e-08 0.000918437328172944 -0.00102203436787046 -293705.033636622 -269965.437341651 1.33092113938421e-16 4.43640379794738e-17
1.44873417721519e-08 0.000699529014609096 -0.00118636162403857 -340928.242383341 -206432.84659525 1.32843400380281e-16 4.42811334600936e-17
1.51772151898734e-08 0.000452664697144741 -0.00130406078321565 -374751.797238093 -134786.734138319 1.32642509934637e-16 4.42141699782122e-17
1.58670886075949e-08 0.000187546993518949 -0.00137050586315594 -393846.316025669 -57843.0388995806 1.32520715018903e-16 4.41735716729677e-17
1.65569620253165e-08 -8.54040575986026e-05 -0.00138308534341806 -397461.318406867 21374.0869470058 1.32496975327413e-16 4.41656584424709e-17
1.7246835443038e-08 -0.000355460540008143 -0.00134130480711102 -385454.722340059 99751.1375761667 1.32574986394511e-16 4.41916621315037e-17
1.79367088607595e-08 -0.000612008304027403 -0.00124680637318049 -358298.428394675 174207.625011423 1.32742604314372e-16 4.42475347714574e-17
1.8626582278481e-08 -0.000844964139123324 -0.00110330415547973 -317059.772433867 241817.152910045 1.32973736170834e-16 4.43245787236113e-17
1.93164556962025e-08 -0.00104517207880695 -0.000916438285305805 -263359.575639775 299922.434016193 1.33232401895905e-16 4.44108006319684e-17
2.0006329113924e-08 -0.00120476326164449 -0.000693553234818159 -199308.440659869 346239.730700286 1.33478335251442e-16 4.44927784171474e-17
2.06962025316456e-08 -0.00131746520460759 -0.000443409153992486 -127423.797655165 378948.613711758 1.336732520347e-16 4.45577506782335e-17
2.13860759493671e-08 -0.0013788483332553 -0.000175837566561629 -50530.9606262779 396763.511317149 1.33786809742394e-16 4.45956032474646e-17
2.20759493670886e-08 -0.00138650007926259 9.86450427213942e-05 28347.9171556053 398984.236696018 1.33801330958236e-16 4.46004436527454e-17
2.27658227848101e-08 -0.00134011970266303 0.000369250562147077 106112.624178892 385523.507694037 1.33714555178889e-16 4.45715183929628e-17
2.34556962025316e-08 -0.00124153011196508 0.00062534326298784 179706.739679383 356910.377312211 1.33539990704283e-16 4.45133302347608e-17
2.41455696202532e-08 -0.00109460621757061 0.000856857820260523 246237.761500911 314269.440102174 1.33304811813902e-16 4.44349372713006e-17
2.48354430379747e-08 -0.000905122634453096 0.00105469491465758 303090.791390239 259276.631727833 1.33045628573514e-16 4.4348542857838e-17
2.55253164556962e-08 -0.000680526719904596 0.00121107886712884 348031.30950266 194093.358922793 1.32802787782361e-16 4.42675959274537e-17
2.62151898734177e-08 -0.000429645866749659 0.00131986324984326 379292.998726332 121281.54876305 1.32614092226742e-16 4.42046974089141e-17
2.69050632911392e-08 -0.0001623405564107 0.00137677246196756 395647.16702698 43702.9561110557 1.32508915957576e-16 4.41696386525254e-17
2.75949367088607e-08 0.000110883191965883 0.00137956977550173 396451.039275775 -35593.3132046555 1.32503631660886e-16 4.41678772202953e-17
2.82848101265823e-08 0.000379286744239022 0.0013281452463915 381673.020525252 -113490.642747948 1.32599061937921e-16 4.41996873126405e-17
2.89746835443038e-08 0.000632320916572575 0.00122452003570823 351893.937799543 -186927.39923291 1.32780351251637e-16 4.42601170838792e-17
2.96645569620253e-08 0.000860040594685578 0.00107276697105907 308284.211592284 -253017.265254539 1.33019278473482e-16 4.43397594911608e-17
3.03544303797468e-08 0.00105349561108891 0.000878850470437484 252557.854310942 -309162.68150163 1.33278650038629e-16 4.44262166795432e-17
3.10443037974683e-08 0.00120508251748696 0.000650392120057921 186905.103687098 -353156.93978224 1.33518089831507e-16 4.45060299438356e-17
3.17341772151899e-08 0.00130884342647773 0.000396371119773162 113906.338891647 -383270.914254308 1.3370032449586e-16 4.45667748319535e-17
3.24240506329114e-08 0.0013607001770433 0.000126771369600736 36430.6627479911 -398321.022025385 1.33796985741338e-16 4.45989952471128e-17
3.31139240506329e-08 0.00135861462032079 -0.000147810931926735 -42476.8638884997 -397715.742035909 1.33793026407253e-16 4.45976754690842e-17
3.38037974683544e-08 0.00130266872587087 -0.000416583754851257 -119714.903507596 -381478.863873713 1.33689062839232e-16 4.45630209464108e-17
3.44936708860759e-08 0.00119506135999182 -0.000668983401728525 -192247.735187632 -350248.552761303 1.33501278943309e-16 4.45004263144365e-17
3.51835443037975e-08 0.0010400218627023 -0.00089508969731296 -257224.568881052 -305252.267465133 1.33258906853238e-16 4.44196356177461e-17
3.5873417721519e-08 0.000843643820115172 -0.0010860158856044 -312091.591279809 -248258.516939397 1.32999676393082e-16 4.43332254643608e-17
3.65632911392405e-08 0.000613645565520307 -0.00123425790995991 -354692.339472276 -181507.351834376 1.32763941712739e-16 4.42546472375797e-17
3.7253164556962e-08 0.000359066822308718 -0.00133398934835965 -383352.457361323 -107622.3227924 1.32588399397251e-16 4.41961331324169e-17
3.79430379746836e-08 8.99134117155121e-05 -0.00138129041185518 -396945.503624485 -29507.3658735586 1.32500375945626e-16 4.41667919818752e-17
3.86329113924051e-08 -0.000183236010409096 -0.00137430200577272 -394937.224736766 49767.3321309879 1.32513573881708e-16 4.41711912939028e-17
3.93227848101266e-08 -0.00044964573120168 -0.00131329879853545 -377406.552973843 127086.002611913 1.32625938695814e-16 4.42086462319379e-17
4.00126582278481e-08 -0.000698844931268923 -0.00120067842624876 -345042.504101834 199409.755577032 1.32819978668223e-16 4.4273326222741e-17
4.07025316455696e-08 -0.00092103922394543 -0.00104086725734512 -299117.096685103 263896.018492237 1.3306548778793e-16 4.43551625959766e-17
4.13924050632912e-08 -0.00110749560841607 -0.000840146421062781 -241435.357376561 318010.259170317 1.33324247892563e-16 4.44414159641876e-17
4.20822784810127e-08 -0.00125088570671957 -0.00060640493743801 -174264.377154701 359625.601613425 1.33555978052005e-16 4.45186593506683e-17
4.27721518987342e-08 -0.00134557379423727 -0.000348829651652275 -100244.206841553 387106.419563569 1.3372460506103e-16 4.45748683536767e-17
4.34620253164557e-08 -0.00138783830307686 -7.7544159382266e-05 -22284.0940145161 399372.622246731 1.33803878919563e-16 4.46012929731875e-17
4.41518987341773e-08 -0.00137601809250561 0.000196789085370207 56551.8604412554 395942.105659519 1.3378145914428e-16 4.45938197147598e-17
4.48417721518988e-08 -0.00131057773750117 0.000463387841436017 133165.132048688 376949.700916591 1.33660835799474e-16 4.45536119331578e-17
4.55316455696203e-08 -0.00119408926935521 0.00071177385968468 204544.555420327 343141.87492357 1.33460786202187e-16 4.44869287340623e-17
4.62215189873418e-08 -0.00103113108598705 0.000932184714296414 267884.673426829 295847.391657237 1.332124518758e-16 4.44041506252666e-17
4.69113924050633e-08 -0.000828108005139942 0.00111595749971319 320696.001322578 236925.087165724 1.3295449077982e-16 4.43181635932732e-17
4.76012658227849e-08 -0.000592999532989195 0.00125586931265739 360902.872068577 168690.810911029 1.32727059463475e-16 4.42423531544916e-17
4.82911392405064e-08 -0.000335046242072494 0.00134642113710222 386925.017194519 93826.4049106694 1.32565561935328e-16 4.41885206451095e-17
4.89810126582279e-08 -6.43865849698145e-05 0.00138405397453712 397739.676791232 15274.2981116266 1.32495138356205e-16 4.41650461187349e-17
4.96708860759494e-08 0.000208341581794137 0.00136728872486446 392921.797496922 -63878.1411993481 1.32526751495165e-16 4.41755838317216e-17
5.03607594936709e-08 0.000472419102142175 0.00129678432012651 372660.73855794 -140519.949600575 1.32655480166066e-16 4.42184933886887e-17
5.10506329113925e-08 0.000717466820189249 0.00117531182620724 337752.829358348 -211638.840110338 1.32861285303751e-16 4.42870951012505e-17
5.1740506329114e-08 0.000933853516808739 0.00100764553040105 289570.070933019 -274439.595437897 1.33112129425547e-16 4.43707098085157e-17
5.24303797468355e-08 0.00111307444970867 0.000800375295482115 230006.211602555 -326453.92964818 1.33368963874572e-16 4.44563212915239e-17
5.3120253164557e-08 0.00124808561908935 0.000561647555405595 161402.316143282 -365637.500298429 1.33591807485616e-16 4.45306024952055e-17
5.38101265822786e-08 0.00133358062109113 0.000300845132401391 86454.7538802183 -390450.258135775 1.33745970413674e-16 4.45819901378915e-17
5.45000000000001e-08 0.00136619920773833 2.82184597513371e-05 8109.22208781418 -399916.976335942 1.33807454267879e-16 4.46024847559596e-17
5.51898734177216e-08 0.00134465935625554 -0.000245517295535547 -70555.0300562692 -393665.580275576 1.33766687917324e-16 4.45888959724413e-17
5.58797468354431e-08 0.00126980765697724 -0.000509603375683553 -146446.226567055 -371941.771346164 1.33630017419568e-16 4.45433391398561e-17
5.65696202531646e-08 0.00114458603943249 -0.000753660288378016 -216581.582094809 -335599.370043288 1.33418718136117e-16 4.44729060453725e-17
5.72594936708862e-08 0.000973916144384037 -0.000968095756554454 -278204.535660327 -286066.757881065 1.33165682817894e-16 4.4388560939298e-17
5.79493670886077e-08 0.000764505886399022 -0.00114448172791764 -328893.092993479 -225290.737080102 1.32910301223165e-16 4.4303433741055e-17
5.86392405063292e-08 0.000524585809708128 -0.00127588562641831 -366655.019248012 -155660.01453652 1.32692328352745e-16 4.42307761175818e-17
5.93291139240507e-08 0.000263585599475946 -0.00135714282636381 -390006.140691157 -79911.3174155706 1.32545695828255e-16 4.41818986094183e-17
6.00189873417722e-08 -8.23653729656304e-06 -0.0013850596399919 -398028.677841988 -1021.83035027901 1.3249322979007e-16 4.41644099300232e-17
6.07088607594938e-08 -0.000280197054630737 -0.00135853884039711 -390407.317365343 77907.8181663912 1.32543097574575e-16 4.41810325248583e-17
6.13987341772153e-08 -0.000541606967715337 -0.0012786227863263 -367441.604971661 153775.421158144 1.32687536312971e-16 4.42291787709903e-17
6.20886075949368e-08 -0.000782191966816513 -0.00114845245389069 -330034.172239089 223599.120581784 1.32904061369399e-16 4.43013537897997e-17
6.27784810126583e-08 -0.00099249623302933 -0.000973143985388867 -279655.260084307 284634.604616172 1.33158966502014e-16 4.43863221673381e-17
6.34683544303798e-08 -0.00116425408452128 -0.000759587607297318 -218284.933231812 334482.968566665 1.33412570880388e-16 4.44708569601294e-17
6.41582278481013e-08 -0.0012907148462907 -0.000516176820643843 -148335.256852009 371185.000080106 1.33625396161222e-16 4.45417987204075e-17
6.48481012658228e-08 -0.00136690817493987 -0.000252478507514616 -72555.4940942097 393298.182936736 1.33764312043087e-16 4.45881040143624e-17
6.55379746835444e-08 -0.00138983941028565 2.11430803547907e-05 6075.94942205783 399953.392904847 1.33807693627749e-16 4.4602564542583e-17
6.62278481012659e-08 -0.00135860727581658 0.000293933672361303 84468.5872038648 390889.057315869 1.33748787746737e-16 4.45829292489123e-17
6.69177215189874e-08 -0.00127443930196332 0.000555171658900746 159541.31864596 366461.435770955 1.33596764220414e-16 4.45322547401378e-17
6.76075949367089e-08 -0.00114064357992575 0.000794589487544513 228343.526894144 327630.617911894 1.3337528840109e-16 4.44584294670299e-17
6.82974683544304e-08 -0.000962478742297631 0.00100277721320573 288171.048247917 275922.788592179 1.33118837210984e-16 4.43729457369947e-17
6.89873417721519e-08 -0.000746947280697866 0.00117155234138375 336672.455105531 213370.243556937 1.32867332153769e-16 4.42891107179229e-17
6.96772151898735e-08 -0.000502520323737203 0.00129428142837397 371941.475165749 142431.513222053 1.32659924773489e-16 4.42199749244964e-17
7.0367088607595e-08 -0.000238804692494012 0.0013661407984473 392591.914493412 65894.7339630249 1.32528901972343e-16 4.41763006574476e-17
7.10569620253165e-08 3.38346806346228e-05 0.00138430613091636 397812.139714372 -13231.9352453819 1.32494659940477e-16 4.41648866468257e-17
7.1746835443038e-08 0.000304682129467137 0.00134806346566386 387396.978001909 -91838.5438352563 1.325625291012e-16 4.41875097003999e-17
7.24367088607595e-08 0.000563092416617193 0.00125883726423371 361755.781075317 -166835.581411794 1.3272194432924e-16 4.42406481097468e-17
7.3126582278481e-08 0.000798909127979204 0.00112013442358727 321896.336267761 -235275.40615036 1.32948089613378e-16 4.4316029871126e-17
7.38164556962025e-08 0.0010028638547757 0.000937406442977005 269385.257013827 -294468.097270227 1.33205761140414e-16 4.44019203801378e-17
7.45063291139241e-08 0.00116694047393751 0.000717835161253924 206286.409547 -342087.178183842 1.3345484743803e-16 4.44849491460101e-17
7.51962025316456e-08 0.00128469020934339 0.000470050485870508 135079.795849886 -376261.055037803 1.33656573488102e-16 4.45521911627007e-17
7.58860759493671e-08 0.00135148509092764 0.000203791207801246 58564.0810365584 -395646.576796019 1.33779536795498e-16 4.45931789318326e-17
7.65759493670886e-08 0.00136469984983975 -7.04777664776136e-05 -20253.403823466 -399481.825700491 1.33804595783508e-16 4.46015319278361e-17
7.72658227848101e-08 0.00132381510055024 -0.000341976721847869 -98274.8601718261 -387616.063262819 1.337278495442e-16 4.45759498480668e-17
7.79556962025316e-08 0.0012304377544904 -0.000600034814472825 -172433.776111747 -360515.654805858 1.33561245088906e-16 4.45204150296355e-17
7.86455696202532e-08 0.00108823786289977 -0.000834509472704491 -239815.450884934 -319245.739700624 1.33330717568759e-16 4.44435725229198e-17
7.93354430379747e-08 0.000902804371174811 -0.0010361850350747 -297771.552647977 -265428.367721274 1.33072152975313e-16 4.43573843251043e-17
8.00253164556962e-08 0.000681425454069606 -0.0011971349575244 -344024.207033169 -201178.746903542 1.3282580180365e-16 4.42752672678834e-17
8.07151898734177e-08 0.000432802065331638 -0.00131103335387975 -376755.525454883 -129022.108585347 1.3263001329754e-16 4.42100044325134e-17
8.14050632911392e-08 0.000166705960258292 -0.00137340362496156 -394679.054390782 -51794.4571197235 1.32515265660504e-16 4.41717552201681e-17
8.20949367088607e-08 -0.000106404367934802 -0.00138179440434797 -397090.337435068 27468.8948618642 1.32499421543956e-16 4.41664738479853e-17
8.27848101265822e-08 -0.000375794742910342 -0.00133587590551595 -383894.602860991 105652.624687861 1.32584947385881e-16 4.41949824619602e-17
8.34746835443038e-08 -0.000630877195301914 -0.00123745288358722 -355610.488476046 179683.84255504 1.32758529462873e-16 4.42528431542908e-17
8.41645569620253e-08 -0.000861626106369146 -0.00109039370223748 -313349.657370241 246652.866679088 1.32993146424314e-16 4.43310488081048e-17
8.48544303797468e-08 -0.00105897224933682 -0.000900478293683371 -258773.105728715 303927.583808044 1.33252275679362e-16 4.44174252264541e-17
8.55443037974683e-08 -0.00121515924123651 -0.000675170987443595 -194025.879962117 349256.900336628 1.33495578832619e-16 4.44985262775396e-17
8.62341772151898e-08 -0.00132404839546585 -0.000423327136485797 -121652.76899633 380859.218036438 1.33685181122332e-16 4.45617270407774e-17
8.69240506329113e-08 -0.00138135999331024 -0.000154845071362071 -44498.28530485 397492.457001153 1.33791567347182e-16 4.45971891157274e-17
8.76139240506328e-08 -0.0013848414916253 0.000119722938266058 34405.1342263329 398502.873663882 1.33798176468539e-16 4.45993921561797e-17
8.83037974683544e-08 -0.00133435605553891 0.000389585424161452 111956.31351037 383850.75517047 1.33703979651004e-16 4.45679932170012e-17
8.89936708860759e-08 -0.00123188793653288 0.000644135861372861 185107.224158484 354111.980231414 1.33523640420199e-16 4.45078801400662e-17
8.96835443037974e-08 -0.00108146448452708 0.000873369541188456 250982.783491357 310455.385105538 1.33285232006206e-16 4.44284106687355e-17
9.03734177215189e-08 -0.000888997859159623 0.00106827679063882 306993.855188602 254596.824310199 1.33025867211547e-16 4.43419557371824e-17
9.10632911392404e-08 -0.000662052661554932 0.00122119708366893 350939.011261695 188731.731630315 1.32785921097838e-16 4.42619736992794e-17
9.17531645569619e-08 -0.000409548619451276 0.0013261201261907 381091.055754408 115448.832010769 1.32602745839797e-16 4.42009152799322e-17
9.24430379746835e-08 -0.000141410011186111 0.0013789220813367 396264.909491391 37628.3957519539 1.32504856149066e-16 4.41682853830221e-17
9.3132911392405e-08 0.000131824392616254 0.00137752765044929 395864.18777051 -41670.9660310756 1.32507490417196e-16 4.41691634723985e-17
9.38227848101265e-08 0.000399415539019825 0.00132199163946396 379904.640335256 -119332.515357569 1.32610238570264e-16 4.42034128567548e-17
9.4512658227848e-08 0.000650846174536606 0.00121449680484744 349013.532355596 -192303.885916029 1.32797105904687e-16 4.42657019682289e-17
9.52025316455695e-08 0.000876234209404218 0.00105926806375226 304404.990746839 -257717.051570896 1.33039002966933e-16 4.4346334322311e-17
9.5892405063291e-08 0.00106672111774195 0.0008624064402245 247832.284801093 -313001.049665554 1.33298273880052e-16 4.44327579600174e-17
9.65822784810125e-08 0.0012148201081217 0.000631649273950183 181518.916666804 -355983.028707695 1.33534558196874e-16 4.45115193989581e-17
9.72721518987341e-08 0.0013147103802514 0.00037606611616259 108071.230057821 -384973.648915052 1.33711073770988e-16 4.45703579236628e-17
9.79620253164556e-08 0.00136246590247008 0.000105702265048307 30375.9719706566 -398833.479085985 1.33800342597176e-16 4.46001141990588e-17
9.86518987341771e-08 0.00135620971831123 -0.000168816049061891 -48513.166412823 -397017.780169268 1.33788468285365e-16 4.45961560951216e-17
9.93417721518986e-08 0.0012961877173551 -0.000436699311135845 -125495.57030405 -379597.91538458 1.33677299297955e-16 4.45590997659849e-17
1.0003164556962e-07 0.00118475897092147 -0.000687418786533829 -197545.566145731 -347258.545402237 1.33484141201503e-16 4.44947137338344e-17
1.00721518987342e-07 0.00102630301244351 -0.000911120336534972 -261831.341001374 -301270.718821258 1.33239062726257e-16 4.44130209087524e-17
1.01411392405063e-07 0.000827047706723161 -0.00109901171992113 -315826.242554878 -243441.915582646 1.32980214996589e-16 4.43267383321964e-17
1.02101265822785e-07 0.000594824473399119 -0.00124370815833232 -357408.085246929 -176045.006783753 1.3274789258312e-16 4.42492975277065e-17
1.02791139240506e-07 0.000338760485188037 -0.00133952258348534 -384942.559475107 -101728.923017656 1.32578260886673e-16 4.41927536288912e-17
1.03481012658228e-07 6.89199385678565e-05 -0.00138268915854034 -397347.465588904 -23414.5422794169 1.32497726306027e-16 4.41659087686756e-17
1.04170886075949e-07 -0.000204091503799237 -0.00137151128845611 -394135.248062487 55820.1105969993 1.32518825579869e-16 4.41729418599564e-17
1.04860759493671e-07 -0.000469543552129411 -0.0013064283020173 -375432.158105724 132860.840913694 1.32638274205065e-16 4.42127580683549e-17
1.05550632911392e-07 -0.000717003026854812 -0.00118999818470037 -341973.291556905 204679.682684007 1.32837477732013e-16 4.42791592440042e-17
1.06240506329114e-07 -0.00093674391850662 -0.00102679704103613 -295073.697085032 268453.90812242 1.33085426344268e-16 4.43618087814226e-17
1.06930379746835e-07 -0.00112012965337811 -0.000823239237944094 -236576.690248839 321676.970566416 1.33343522126062e-16 4.44478407086872e-17
1.07620253164557e-07 -0.00125995254061088 -0.000587325298025077 -168781.404847981 362257.020391469 1.33571587561757e-16 4.45238625205857e-17
1.08310126582278e-07 -0.00135071705926479 -0.000328327451473638 -94352.4290477808 388599.121904446 1.33734119930058e-16 4.45780399766861e-17
1.09e-07 -0.0013888558512145 -5.64252055030639e-05 -16215.0778889764 399667.939808412 1.33805817977595e-16 4.46019393258649e-17
