0 -0.00139 0 0 400000 1.33808e-16 4.46026666666667e-17
1.3625e-09 -0.00117660762211527 0.000461447143230643 156618.258997967 338676.802371114 1.16439098987928e-16 3.8813032995976e-17
2.725e-09 -0.000782537623749617 0.000768597893792885 289225.686873874 225431.743531921 1.12458071324109e-16 3.74860237747029e-17
4.0875e-09 -0.000268204085876521 0.000874363586240254 377492.504860988 77626.1962916468 1.24212643019588e-16 4.14042143398628e-17
5.45e-09 0.000287541548528628 0.000762529494421984 407886.704150568 -82080.0673895556 1.44770806550533e-16 4.82569355168443e-17
6.8125e-09 0.000799499031040787 0.000450240678623623 375748.611018098 -229202.800585953 1.62008824194748e-16 5.40029413982493e-17
8.175e-09 0.00118918118696576 -1.4626489233595e-05 286005.252055023 -341186.912188784 1.65760943332626e-16 5.5253647777542e-17
9.5375e-09 0.00139684662665294 -0.000560804156135449 152415.001605273 -400864.34268026 1.53814431865719e-16 5.12714772885731e-17
1.09e-08 0.00139065857810578 -0.00110455891956217 -4541.68700709369 -399086.064900348 1.33214489697314e-16 4.44048298991048e-17
1.22625e-08 0.00117156571863425 -0.00156252882746561 -160802.098694699 -336124.70304839 1.16109492608458e-16 3.87031642028192e-17
1.3625e-08 0.000773156735039483 -0.00186450343191963 -292410.263188818 -221632.737213965 1.12586747188186e-16 3.75289157293952e-17
1.49875e-08 0.000256510909416743 -0.00196418761205466 -379189.596787331 -73162.7010165324 1.24723717285502e-16 4.15745724285007e-17
1.635e-08 -0.000299165823061964 -0.00184629898617345 -407836.133929327 86523.76211465 1.45362884088939e-16 4.84542946963129e-17
1.77125e-08 -0.000808683777187727 -0.00152891082303378 -373958.13146845 232945.440836454 1.62332739926964e-16 5.4110913308988e-17
1.9075e-08 -0.00119392977746975 -0.00106068126526886 -282749.358005151 343654.721295353 1.65625674875959e-16 5.52085582919863e-17
2.04375e-08 -0.00139584253238044 -0.000513393647144951 -148192.847640877 401678.985779016 1.53299750902511e-16 5.10999169675036e-17
2.18e-08 -0.00138346720248686 2.90484644228123e-05 9082.81093107024 398122.650691936 1.32623918329583e-16 4.42079727765276e-17
2.31625e-08 -0.00115870102479096 0.000483484357409679 164966.001978638 333530.930632563 1.15791307682908e-16 3.85971025609695e-17
2.4525e-08 -0.000756002451130596 0.000780245376627417 295558.586172747 217806.252636872 1.12728591466718e-16 3.75761971555726e-17
2.58875e-08 -0.000237108392049367 0.000873835685500929 380839.676389893 68690.1349530363 1.2524194113532e-16 4.17473137117733e-17
2.725e-08 0.00031843054511899 0.000749907141512218 407734.999756593 -90956.729532999 1.45951876066339e-16 4.86506253554463e-17
2.86125e-08 0.000825445800288185 0.000427458981148483 372121.288197574 -236659.200266961 1.62645154596946e-16 5.42150515323152e-17
2.9975e-08 0.00120620788172422 -4.40749149326355e-05 279458.408393417 -346079.923729261 1.65477272361564e-16 5.51590907871881e-17
3.13375e-08 0.00140234291850336 -0.000592404630985885 143952.320571852 -402443.828295963 1.5277804841602e-16 5.09260161386734e-17
3.27e-08 0.00138378184156974 -0.00113346683815296 -13622.8087586245 -397109.876819868 1.32036578766357e-16 4.4012192922119e-17
3.40625e-08 0.00115337021239585 -0.00158431237478478 -169109.452604687 -330895.806702255 1.15484702001992e-16 3.84949006673308e-17
3.5425e-08 0.000746431975661267 -0.00187582301602392 -298670.265493274 -213952.764212211 1.12883533817876e-16 3.76278446059586e-17
3.67875e-08 0.000225354016151043 -0.00196330785021129 -382442.539090072 -64209.0526145885 1.25767057577262e-16 4.19223525257541e-17
3.815e-08 -0.000329978249407062 -0.0018333547529059 -407583.314171087 95378.4200406542 1.46537490396416e-16 4.88458301321385e-17
3.95125e-08 -0.000834427945336758 -0.0015058865727791 -370238.308939226 240343.618441687 1.62945913275502e-16 5.43153044251674e-17
4.0875e-08 -0.00121065890064472 -0.00103110679964861 -276132.811235204 348462.218811367 1.65315809383558e-16 5.51052697945193e-17
4.22375e-08 -0.00140099190226482 -0.000481802968159133 -139693.946143192 403158.775405124 1.52249583123113e-16 5.07498610410377e-17
4.36e-08 -0.00137624737951293 5.78122531475062e-05 18161.1176160655 396047.86884891 1.31452762274508e-16 4.3817587424836e-17
4.49625e-08 -0.00114021886553642 0.000505011537121949 173231.936863494 328219.657962894 1.15189827614172e-16 3.83966092047239e-17
4.6325e-08 -0.000729091418356874 0.000791235658587544 301744.915361136 210072.749699519 1.13051497404381e-16 3.76838324681269e-17
4.76875e-08 -0.000205894162209416 0.000872604171627317 383997.986163272 59720.0095704757 1.26298806201453e-16 4.2099602067151e-17
4.905e-08 0.000349162581061899 0.000736642632726503 407381.095978947 -99788.2854317904 1.47119436667856e-16 4.90398122226186e-17
5.04125e-08 0.000850984175549889 0.000404195032684956 368309.427147149 -243998.238562603 1.63234866813751e-16 5.44116222712504e-17
5.17750000000001e-08 0.00122263735922148 -7.37717538008318e-05 272772.978841535 -350801.311182229 1.65141366012856e-16 5.50471220042853e-17
5.31375000000001e-08 0.00140714472799743 -0.000623981597461582 135418.252312622 -403823.738466605 1.51714617094391e-16 5.05715390314636e-17
5.45000000000001e-08 0.00137621982727915 -0.00116208293084688 -22697.174839103 -394936.758447923 1.30872758373785e-16 4.36242527912617e-17
5.58625000000001e-08 0.00113460369156265 -0.00160558051792784 -177332.943645139 -325502.816206208 1.14906830750257e-16 3.83022769167522e-17
5.72250000000001e-08 0.000719338005950098 -0.00188648263325321 -304782.154578018 -206166.690147061 1.13232398931608e-16 3.77441329772027e-17
5.85875000000001e-08 0.000194086319709784 -0.00196172473699182 -385505.824763533 -55223.5623769612 1.26836923309058e-16 4.22789744363525e-17
5.99500000000001e-08 -0.000360626084757744 -0.00181977161314972 -407128.370251397 104185.778966673 1.47697426288369e-16 4.92324754294565e-17
6.13125000000001e-08 -0.000859757361436594 -0.00148238581039545 -366334.881966128 247622.607526075 1.63511871917084e-16 5.45039573056947e-17
6.26750000000001e-08 -0.00122678669552043 -0.00100129126937769 -269379.327767951 353096.910838723 1.64954028757464e-16 5.4984676252488e-17
6.40375000000001e-08 -0.00140544555603519 -0.000450243629138969 -131125.769185148 404438.635037591 1.51173415624227e-16 5.03911385414089e-17
6.54000000000001e-08 -0.00136834411145214 8.62771019574808e-05 27230.4180426062 393776.683373542 1.3029685469324e-16 4.34322848977466e-17
6.67625000000001e-08 -0.00112117030981748 0.000526018006849109 181411.964502501 322745.618269085 1.14635851750889e-16 3.82119505836297e-17
6.8125e-08 -0.000701817870847032 0.000801563289495478 307781.606583817 202235.069832198 1.13426148688895e-16 3.78087162296316e-17
6.94875e-08 -0.000174576875768638 0.000870669655338013 386965.867947445 50720.2685082824 1.27381142043055e-16 4.24603806810183e-17
7.085e-08 0.000379722416069592 0.000722742546051773 406825.168321637 -108570.355439442 1.48271172627804e-16 4.94237242092681e-17
7.22125e-08 0.00087610149212029 0.000380460370030334 364314.918202347 -251216.275979038 1.63776791216226e-16 5.45922637387419e-17
7.3575e-08 0.0012384614719347 -0.000103702278913785 265952.278762873 -355348.733169996 1.64753890519581e-16 5.49179635065269e-17
7.49375e-08 0.00141124967387544 -0.000655519396266272 126817.028947328 -405003.388882559 1.50626247099205e-16 5.02087490330683e-17
7.63e-08 0.00136797628530361 -0.0011903930066711 -31760.2851903301 -392567.787453088 1.29725336828588e-16 4.32417789428627e-17
7.76625e-08 0.00111527546261788 -0.00162632270983495 -185468.493714297 -319948.405991816 1.14377024996945e-16 3.81256749989818e-17
7.9025e-08 0.000691888262044597 -0.00189647699740928 -310742.89950333 -198278.376201337 1.13632650594026e-16 3.78775501980088e-17
8.03875e-08 0.000162723326019494 -0.00195943905747604 -388377.934697323 -46210.6862875346 1.27931192520574e-16 4.26437308401912e-17
8.175e-08 -0.000391094130582064 -0.00180555630290376 -406471.52778096 112941.47124571 1.48840391160288e-16 4.96134637200961e-17
8.31125e-08 -0.000884659464406318 -0.00145842019011822 -362249.78629303 254778.79837471 1.64029493335359e-16 5.46764977784529e-17
8.4475e-08 -0.00124230516418109 -0.000971249460240591 -262492.256715427 357556.498992754 1.64541050549523e-16 5.48470168498411e-17
8.58375e-08 -0.00140920128508535 -0.000418731280639114 -122492.565801293 405517.929982735 1.50073382865024e-16 5.0024460955008e-17
8.72e-08 -0.00135976131760484 0.000114428894883078 36286.2146645961 391310.220566747 1.29158488200582e-16 4.30528294001939e-17
8.85625e-08 -0.00110156480398098 0.000546493349297488 189502.028347782 317111.526175714 1.14130478842897e-16 3.80434929476322e-17
8.9925e-08 -0.000674195333793901 0.000811223147787937 313665.666192354 194297.099809504 1.13851802240887e-16 3.79506007469622e-17
9.12875e-08 -0.000143172063245677 0.000868033095976713 389741.849943651 41695.37481745 1.28486801966729e-16 4.28289339889096e-17
9.265e-08 0.000410094895250274 0.000708213774663647 406067.492474092 -117298.584449956 1.4940479960533e-16 4.98015998684432e-17
9.40125e-08 0.000900785294100502 0.000356266763413229 360139.742275397 -258309.733027829 1.64269852957273e-16 5.47566176524242e-17
9.5375e-08 0.00125367237254678 -0.000133851647460028 258999.690602776 -359719.934585877 1.64315614396511e-16 5.47718714655037e-17
9.67375e-08 0.00141465572045852 -0.000687002387527284 118152.915898519 -405982.194544775 1.49515097091936e-16 4.9838365697312e-17
9.81e-08 0.00135905530368832 -0.00121838302640927 -40807.6453359226 -390004.138628978 1.28596589914456e-16 4.28655299714854e-17
9.94625e-08 0.00109539511060082 -0.00164652866427017 -193512.068321104 -314235.330540111 1.13896335553155e-16 3.79654451843852e-17
1.00825e-07 0.000664096356514943 -0.00190580115219876 -316549.544283211 -190291.73425952 1.1408349495024e-16 3.802783165008e-17
1.021875e-07 0.000131280588265447 -0.00195645194515261 -391057.444586786 -37174.8939110787 1.29047694849894e-16 4.30158982832982e-17
1.0355e-07 -0.000421367277507293 -0.00179071587166578 -405613.112493754 121641.154852717 1.49964118067801e-16 4.99880393559336e-17
1.049125e-07 -0.000909121905073367 -0.00143400159670995 -357985.047754917 261808.642169415 1.6449775088551e-16 5.48325836285035e-17
1.06275e-07 -0.00125720661088118 -0.000940996270235526 -255475.013436928 361838.77172435 1.64077693856321e-16 5.46925646187738e-17
1.076375e-07 -0.00141225722691612 -0.000387281549911212 -113798.617273351 406396.125008671 1.48951666638781e-16 4.96505555462603e-17
1.09e-07 -0.00135050325425421 0.000142253671201812 45324.0166325944 388649.703569192 1.28039920620529e-16 4.26799735401763e-17
