0 -0.00139 0 0 400000 1.33808e-16 5.1803329461866e-17
1.90559440559441e-10 -0.0013882030335238 7.62237762237762e-05 18859.9050345804 399555.379977608 1.33808165325608e-16 5.17925839970812e-17
3.81118881118881e-10 -0.00138281375689096 0.000152278081679081 37685.7331188883 398221.364831702 1.33808392968281e-16 5.17602804416134e-17
5.71678321678322e-10 -0.00137384191541448 0.000227993480878206 56443.300429849 395998.700457237 1.33808683196246e-16 5.17065580776356e-17
7.62237762237762e-10 -0.00136130378211801 0.000303200729043006 75098.2325591452 392888.654133496 1.33809036242886e-16 5.16316478274052e-17
9.52797202797203e-10 -0.00134522220296113 0.000377730874234155 93615.8723417498 388893.050888678 1.33809452305041e-16 5.15358704917963e-17
1.14335664335664e-09 -0.00132562665932466 0.000451415367785605 111961.191523166 384014.324236462 1.33809931540285e-16 5.14196343201845e-17
1.33391608391608e-09 -0.00130255334690049 0.000524086185767861 130098.70757837 378255.581096371 1.33810474063184e-16 5.12834319466614e-17
1.52447552447552e-09 -0.00127604526987791 0.000595575964161889 147992.407022114 371620.680643059 1.33811079940534e-16 5.11278367361348e-17
1.71503496503497e-09 -0.0012461523490602 0.000665718150370074 165605.676581142 364114.326753457 1.33811749185605e-16 5.09534985914599e-17
1.90559440559441e-09 -0.00121293154228137 0.000734347173619777 182901.24363244 355742.173633183 1.33812481751399e-16 5.07611392791858e-17
2.09615384615385e-09 -0.00117644697522173 0.000801298636726312 199841.127345816 346510.944102921 1.33813277522954e-16 5.0551547336687e-17
2.28671328671329e-09 -0.00113677008044393 0.000866409531572929 216386.602001696 336428.559910282 1.33814136308721e-16 5.03255726272992e-17
2.47727272727273e-09 -0.00109397974218795 0.000929518480532741 232498.173983181 325504.283301551 1.33815057831056e-16 5.00841206125629e-17
2.66783216783217e-09 -0.0010481624441753 0.000990466005898379 248135.573962331 313748.868939943 1.33816041715876e-16 4.98281464117969e-17
2.85839160839161e-09 -0.000999412417381707 0.00104909482919617 263257.765810788 301174.725091861 1.33817087481543e-16 4.95586487190264e-17
3.04895104895105e-09 -0.0009478317844457 0.00110525020203959 277822.973760709 287796.082820242 1.33818194527039e-16 4.92766636458434e-17
3.23951048951049e-09 -0.000893530697090868 0.00115878026991823 291788.729319527 273629.17172469 1.33819362119528e-16 4.89832585561922e-17
3.43006993006993e-09 -0.000836627462656304 0.00120953647002058 305111.939397227 258692.400553021 1.33820589381395e-16 4.8679525955476e-17
3.62062937062937e-09 -0.000777248655557306 0.00125737396384829 317748.977033239 243006.540779638 1.3382187527689e-16 4.8366577491913e-17
3.81118881118881e-09 -0.000715529209242349 0.00130215210499458 329655.79600744 226594.911005651 1.33823218598485e-16 4.80455381228985e-17
4.00174825174825e-09 -0.000651612483979016 0.00134373494202697 340788.07048171 209483.559787032 1.3382461795313e-16 4.77175404934042e-17
4.19230769230769e-09 -0.000585650305598146 0.00138199175593498 351101.360641028 191701.44424499 1.33826071748533e-16 4.73837195673435e-17
4.38286713286713e-09 -0.000517802970159739 0.00141679763107465 360551.305082319 173280.601562262 1.33827578179693e-16 4.70452075465003e-17
4.57342657342657e-09 -0.000448239209384823 0.00144803405796708 369093.8404321 154256.3102267 1.33829135215853e-16 4.67031291052093e-17
4.76398601398602e-09 -0.000377136111633628 0.00147558956568691 376685.44835781 134667.237656572 1.33830740588124e-16 4.6358596962636e-17
4.95454545454546e-09 -0.000304678993211458 0.00149936038091553 383283.429771214 114555.570638831 1.33832391778006e-16 4.60127078083328e-17
5.1451048951049e-09 -0.000231061214859475 0.00151925111003529 388846.205605035 93967.1248412753 1.33834086007062e-16 4.56665385908774e-17
5.33566433566434e-09 -0.000156483938447602 0.00153517543991465 393333.643077284 72951.4295320138 1.33835820228024e-16 4.53211431738877e-17
5.52622377622378e-09 -8.11558191403604e-05 0.00154705685228762 396707.405844481 51561.7835653457 1.33837591117597e-16 4.49775493586451e-17
5.71678321678322e-09 -5.29262866200314e-06 0.00155482934587563 398931.325889954 29855.278682716 1.33839395071259e-16 4.463675626798e-17
5.90734265734266e-09 7.08831942476488e-05 0.00155843815964983 399971.794403587 7892.78624151679 1.33841228200332e-16 4.42997320820152e-17
6.0979020979021e-09 0.000147143069515008 0.00155784048990088 399798.168294045 -14261.0963667229 1.33843086331627e-16 4.39674121128506e-17
6.28846153846154e-09 0.000223252880181042 0.00155300619308968 398383.188345144 -36538.1431044518 1.3384496500992e-16 4.36406972022882e-17
6.47902097902098e-09 0.000298973657424965 0.00154391846581431 395703.404398618 -58866.6436335836 1.3384685950354e-16 4.33204524242548e-17
6.66958041958042e-09 0.000374062347032909 0.00153057449266584 391739.602332249 -81171.5973169655 1.33848764813278e-16 4.30075060716403e-17
6.86013986013986e-09 0.000448272657127489 0.00151298605227998 386477.227023246 -103374.959010658 1.33850675684863e-16 4.27026489058151e-17
7.0506993006993e-09 0.00052135598581432 0.00149118007154367 379906.794961901 -125395.938106284 1.33852586625133e-16 4.24066336460822e-17
7.24125874125874e-09 0.000593062426147857 0.00146519911770731 372024.28973082 -147151.351498391 1.33854491922049e-16 4.2120174675721e-17
7.43181818181818e-09 0.000663141844487707 0.0014351018181042 362831.533212147 -168556.030265711 1.33856385668612e-16 4.18439479410436e-17
7.62237762237762e-09 0.000731345026928382 0.001400963197308 352336.525150586 -189523.278878717 1.33858261790678e-16 4.15785910199776e-17
7.81293706293706e-09 0.000797424887064782 0.00136287492188183 340553.743604101 -209965.384694682 1.33860114078618e-16 4.13247033370525e-17
8.0034965034965e-09 0.000861137726930907 0.00132094544340209 327504.398875438 -229794.174395872 1.3386193622268e-16 4.10828465022778e-17
8.19405594405594e-09 0.000922244541551839 0.00127530003118453 313216.633751466 -248921.612891041 1.33863721851832e-16 4.08535447522012e-17
8.38461538461538e-09 0.000980512356213217 0.00122608068710168 297725.663295361 -267260.439063565 1.33865464575784e-16 4.06372854723964e-17
8.57517482517482e-09 0.00103571558431411 0.00117344593605856 281073.848045413 -284724.831642982 1.33867158029818e-16 4.04345197817206e-17
8.76573426573426e-09 0.00108763739256518 0.001117570487077 263310.695274512 -301231.097434411 1.33868795921951e-16 4.02456631598592e-17
8.9562937062937e-09 0.00113607105936034 0.00105864476151331 244492.783950543 -316698.37319771 1.33870372081906e-16 4.00710961009245e-17
9.14685314685314e-09 0.00118082131142188 0.000996874286677285 224683.610197452 -331049.331660226 1.33871880511265e-16 3.99111647771667e-17
9.33741258741258e-09 0.00122170562332684 0.000932478955002654 203953.351369938 -344210.88150761 1.33873315434163e-16 3.97661816981658e-17
9.52797202797202e-09 0.00125855546429425 0.00086569215090608 182378.54829502 -356114.850756751 1.33874671347781e-16 3.96364263521951e-17
9.71853146853146e-09 0.00129121747666974 0.000796759749522129 160041.7067681 -366698.642699787 1.33875943071901e-16 3.9522145817762e-17
9.9090909090909e-09 0.00131955457089994 0.000725938993570648 137030.820980862 -375905.853638346 1.33877125796757e-16 3.94235553346257e-17
1.00996503496503e-08 0.00134344692245188 0.000653497256652225 113438.823160343 -383686.841915519 1.33878215128392e-16 3.93408388248694e-17
1.02902097902098e-08 0.001362792857099 0.000579710703226754 89362.9652668106 -389999.238304275 1.33879207130796e-16 3.92741493558526e-17
1.04807692307692e-08 0.00137750961225567 0.000504862857359709 64904.1400852708 -394808.38862045 1.33880098364076e-16 3.92236095380844e-17
1.06713286713287e-08 0.00138753396357536 0.000429243093971907 40166.1504051454 -398087.720482739 1.33880885918012e-16 3.91893118522555e-17
1.08618881118881e-08 0.00139282270780619 0.000353145067756719 15254.9361707783 -399819.02741825 1.33881567440406e-16 3.91713189008234e-17
1.10524475524475e-08 0.00139335299488393 0.000276865096093851 -9722.22953724901 -399992.664978998 1.33882141159706e-16 3.91696635806933e-17
1.1243006993007e-08 0.00138912250439358 0.000200700513158252 -34657.5640965826 -398607.655153418 1.33882605901517e-16 3.9184349174653e-17
1.14335664335664e-08 0.00138014946379704 0.000124948012971254 -59443.6064554833 -395671.697082531 1.33882961098692e-16 3.92153493603358e-17
1.16241258741259e-08 0.00136647250815278 4.99019993529904e-05 -83974.0435258876 -391201.083873774 1.3388320679485e-16 3.92626081365817e-17
1.18146853146853e-08 0.00134815038338832 -2.41470393958298e-05 -108144.51973182 -385220.52709486 1.33883343641265e-16 3.93260396681755e-17
1.20052447552447e-08 0.0013252614974729 -9.69141137247324e-05 -131853.417987199 -377762.89227372 1.33883372887215e-16 3.94055280510417e-17
1.21958041958042e-08 0.00129790332602039 -0.000168121257414361 -155002.601050059 -368868.850378434 1.33883296363991e-16 3.95009270011018e-17
1.23863636363636e-08 0.00126619168088323 -0.00023749897804312 -177498.103123766 -358586.451757109 1.33883116462896e-16 3.96120594711321e-17
1.25769230769231e-08 0.00123025985212914 -0.00030478761924499 -199250.762718564 -346970.630341405 1.33882836107666e-16 3.97387172011232e-17
1.27674825174825e-08 0.00119025763538779 -0.000369738622266917 -220176.789110837 -334082.647025795 1.33882458721837e-16 3.98806602088262e-17
1.29580419580419e-08 0.00114635025788133 -0.00043211567612665 -240198.256199683 -319989.482002645 1.33881988191666e-16 4.00376162283858e-17
1.31486013986014e-08 0.00109871721749064 -0.000491695747606049 -259243.519114665 -304763.186445173 1.33881428825287e-16 4.02092801062034e-17
1.33391608391608e-08 0.00104755104994414 -0.000548269984340965 -277247.550527633 -288480.204279549 1.33880785308805e-16 4.03953131644448e-17
1.35297202797203e-08 0.00099305603964406 -0.000601644486336411 -294152.195218776 -271220.674876507 1.33880062660094e-16 4.05953425439007e-17
1.37202797202797e-08 0.000935446889771319 -0.000651640943296117 -309906.342998584 -253067.727332731 1.33879266181034e-16 4.08089605392229e-17
1.39108391608391e-08 0.000874947367146964 -0.000698097137162487 -324466.021553359 -234106.77662158 1.33878401408951e-16 4.10357239408793e-17
1.41013986013986e-08 0.000811788936895243 -0.000740867311174686 -337794.412127814 -214424.831296215 1.33877474067973e-16 4.12751533994886e-17
1.4291958041958e-08 0.000746209401277066 -0.000779822408532436 -349861.79215592 -194109.821655665 1.33876490020994e-16 4.15267328294956e-17
1.44825174825175e-08 0.000678451556173095 -0.00081485018537051 -360645.409979252 -173249.956368994 1.3387545522286e-16 4.17899088704074e-17
1.46730769230769e-08 0.000608761877627172 -0.000845855204179979 -370129.297636401 -151933.114529489 1.33874375675375e-16 4.20640904250108e-17
1.48636363636363e-08 0.000537389249649278 -0.000872758715039775 -378304.0283603 -130246.279015088 1.33873257384599e-16 4.23486482951031e-17
1.50541958041958e-08 0.000464583743159415 -0.000895498433035545 -385166.42588201 -108275.015897585 1.3387210632088e-16 4.26429149362616e-17
1.52447552447552e-08 0.00039059545456609 -0.000914028221038173 -390719.232914829 -86103.0035038638 1.33870928381956e-16 4.29461843540214e-17
1.54353146853147e-08 0.000315673411050123 -0.000928317687593421 -394970.746292122 -63811.6136167299 1.338697293594e-16 4.32577121644814e-17
1.56258741258741e-08 0.000240064548198668 -0.000938351710044217 -397934.426170576 -41479.5462365242 1.33868514908598e-16 4.3576715842788e-17
1.58164335664335e-08 0.000164012764234762 -0.000944129893179588 -399628.48650566 -19182.5183287379 1.33867290522365e-16 4.39023751830966e-17
1.6006993006993e-08 8.7758053739891e-05 -0.000945665973694561 -400075.473677857 3006.99392570321 1.33866061508257e-16 4.42338329934564e-17
1.61975524475524e-08 1.15357224924729e-05 -0.000942987180571404 -399301.83971824 25019.9606697424 1.33864832969554e-16 4.45701960485461e-17
1.63881118881119e-08 -6.44243161387678e-05 -0.000936133561174382 -397337.516071719 46790.9536926146 1.33863609789832e-16 4.49105363222762e-17
1.65786713286713e-08 -0.000139898163887703 -0.000925157282408867 -394215.493267174 68258.2541186264 1.33862396621019e-16 4.52538925209177e-17
1.67692307692308e-08 -0.000214668480978145 -0.000910121915752518 -389971.411255837 89363.915523396 1.33861197874736e-16 4.55992719355908e-17
1.69597902097902e-08 -0.000288524952662218 -0.000891101714342652 -384643.164551427 110053.785907519 1.33860017716754e-16 4.59456526306127e-17
1.71503496503496e-08 -0.000361264682093953 -0.000868180889620133 -378270.525674198 130277.492222954 1.33858860064315e-16 4.62919859813432e-17
1.73409090909091e-08 -0.00043269251333007 -0.000841452894305285 -370894.789780881 149988.391316735 1.33857728586084e-16 4.66371995717662e-17
1.75314685314685e-08 -0.000502621288741019 -0.000811019717732937 -362558.442765404 169143.491238926 1.33856626704452e-16 4.6980200458107e-17
1.7722027972028e-08 -0.000570872045495497 -0.000776991198817487 -353304.854551242 187703.346867086 1.33855557599951e-16 4.73198788003174e-17
1.79125874125874e-08 -0.000637274156057691 -0.000739484361168402 -343177.998772549 205631.933738514 1.33854524217487e-16 4.76551118582953e-17
1.81031468531468e-08 -0.000701665417816961 -0.000698622774143577 -332222.199563344 222896.503864812 1.33853529274129e-16 4.79847683442909e-17
1.82937062937063e-08 -0.00076389209706353 -0.000654535942921998 -320481.905745128 239467.427141535 1.33852575268209e-16 4.83077131171429e-17
1.84842657342657e-08 -0.000823808932540626 -0.000607358730005843 -308001.492325074 255318.021768744 1.33851664489474e-16 4.8622812197877e-17
1.86748251748252e-08 -0.000881279103753207 -0.000557230809931243 -294825.088889343 270424.376875651 1.33850799030047e-16 4.8928938079879e-17
1.88653846153846e-08 -0.000936174169105349 -0.000504296158380506 -280996.434197885 284765.170302659 1.33849980795997e-16 4.92249753004449e-17
1.9055944055944e-08 -0.000988373978781991 -0.00044870257634915 -266558.756056082 298321.48424461 1.33849211519291e-16 4.95098262341487e-17
1.92465034965035e-08 -0.00103776656709462 -0.000390601249529798 -251554.675351597 311076.621206463 1.33848492769956e-16 4.97824170622928e-17
1.94370629370629e-08 -0.0010842480287828 -0.000330146342631838 -236026.132998262 323015.92247258 1.3384782596827e-16 5.00417038668835e-17
1.96276223776224e-08 -0.00112772238351144 -0.000267494627959782 -220014.338418669 334126.591047876 1.33847212396833e-16 5.02866787922589e-17
1.98181818181818e-08 -0.00116810143253402 -0.000202805147222753 -203559.738118956 344397.520796873 1.33846653212374e-16 5.0516376212858e-17
2.00087412587413e-08 -0.00120530461121036 -0.000136238905240075 -186702.002858956 353819.133288072 1.33846149457182e-16 5.07298788418118e-17
2.01993006993007e-08 -0.00123925884077828 -6.79585939407974e-05 -169480.031893811 362383.223647878 1.33845702070039e-16 5.09263237122165e-17
2.03898601398601e-08 -0.00126989838248695 1.8716551750031e-06 -151931.972755372 370082.816541879 1.33845311896578e-16 5.11049079612379e-17
2.05804195804196e-08 -0.00129716469690732 7.30864921413528e-05 -134095.255049079 376912.033232173 1.33844979698965e-16 5.12648943467124e-17
2.0770979020979e-08 -0.00132100631094631 0.000145519545391682 -116006.63676093 382865.970507664 1.33844706164863e-16 5.14056164267343e-17
2.09615384615385e-08 -0.00134137869480637 0.000219003596716228 -97702.2615960587 387940.592149444 1.33844491915581e-16 5.15264833349001e-17
2.11520979020979e-08 -0.00135824415085331 0.000293370736757593 -79217.7259023979 392132.633474634 1.33844337513403e-16 5.16269840874292e-17
2.13426573426573e-08 -0.00137157171608282 0.000368452503583426 -60588.1537670329 395439.519398187 1.33844243468013e-16 5.17066913632808e-17
2.15332167832168e-08 -0.00138133707961001 0.000444080006949757 -41848.2789068286 397859.296361835 1.33844210242007e-16 5.17652647045591e-17
2.17237762237762e-08 -0.00138752251634707 0.000520084040926952 -23032.5320066577 399390.578400713 1.33844238255461e-16 5.18024530918489e-17
2.19143356643357e-08 -0.00139011683778002 0.000596295187604858 -4175.13218636587 400032.50754961 1.33844327889517e-16 5.18180968575057e-17
2.21048951048951e-08 -0.00138911536050691 0.000672543914626009 14689.8186998762 399784.728730094 1.33844479488986e-16 5.1812128909156e-17
2.22954545454546e-08 -0.00138451989295447 0.000748660669317194 33528.2402120105 398647.379205021 1.33844693363943e-16 5.17845752455468e-17
2.2486013986014e-08 -0.0013763387404475 0.000824475972201168 52305.9771913609 396621.092635949 1.33844969790306e-16 5.17355547571882e-17
2.26765734265734e-08 -0.00136458672856356 0.000899820512672248 70988.7046160739 393707.017729567 1.33845309009393e-16 5.16652783147106e-17
2.28671328671329e-08 -0.00134928524446359 0.000974525249612195 89541.8347198717 389906.851409243 1.3384571122645e-16 5.15740471582764e-17
2.30576923076923e-08 -0.001330462295645 0.00104842151970569 107930.427662311 385222.886394995 1.33846176608156e-16 5.14622506114796e-17
2.32482517482518e-08 -0.00130815258531683 0.00112134115618724 126119.107058484 379658.073017415 1.33846705279104e-16 5.13303631527156e-17
2.34388111888112e-08 -0.00128239760334514 0.00119311662071227 144071.981701643 373216.095026269 1.33847297317257e-16 5.11789408857866e-17
2.36293706293706e-08 -0.00125324573146018 0.00126358115099291 161752.574842347 365901.459080566 1.33847952748415e-16 5.1008617459331e-17
2.38199300699301e-08 -0.00122075236115368 0.00133256892677185 179123.762420886 357719.597522052 1.33848671539682e-16 5.08200994913771e-17
2.40104895104895e-08 -0.00118498002242557 0.00139991525662297 196147.721684011 348676.983936423 1.33849453591975e-16 5.06141615607946e-17
2.4201048951049e-08 -0.00114599852126333 0.00146545678796312 212785.891650182 338781.260894677 1.33850298731601e-16 5.03916408315679e-17
2.43916083916084e-08 -0.00110388508345514 0.00152903174253216 228998.946916984 328041.379139547 1.33851206700933e-16 5.01534313786042e-17
2.45821678321679e-08 -0.00105872450205104 0.00159048017944549 244746.7863272 316467.747337867 1.33852177148247e-16 4.99004782852108e-17
2.47727272727273e-08 -0.00101060928549537 0.00164964428774105 259988.538022905 304072.391358478 1.33853209616759e-16 4.96337715824584e-17
2.49632867132867e-08 -0.000959639803161922 0.00170636871012841 274682.582416347 290869.121856603 1.33854303532947e-16 4.93543400994736e-17
2.51538461538462e-08 -0.000905924424732646 0.00176050089939754 288786.594588377 276873.708749901 1.33855458194236e-16 4.9063245291354e-17
2.53444055944056e-08 -0.000849579649575748 0.0018118915086556 302257.607585703 262104.06095961 1.33856672756134e-16 4.87615751080143e-17
2.55349650349651e-08 -0.000790730222003419 0.00186039481622936 315052.098023015 246580.40956387 1.33857946218944e-16 4.84504379629776e-17
2.57255244755245e-08 -0.000729509228029286 0.00190586918569572 327126.095300659 230325.49227194 1.3385927741417e-16 4.81309568560968e-17
2.59160839160839e-08 -0.000666058169006558 0.00194817756108092 338435.315618751 213364.736880814 1.33860664990765e-16 4.78042636985657e-17
2.61066433566434e-08 -0.000600527007317025 0.00198718799679979 348935.321800213 195726.441123824 1.33862107401393e-16 4.74714938825464e-17
2.62972027972028e-08 -0.000533074179106149 0.00202277422138872 358581.709724338 177441.946069414 1.33863602888871e-16 4.7133781131438e-17
2.64877622377623e-08 -0.00046386656892905 0.0020548162335207 367330.321915791 158545.799983369 1.33865149473008e-16 4.6792252660407e-17
2.66783216783217e-08 -0.000393079441095052 0.00208320092818004 375137.488528807 139075.909336681 1.33866744938049e-16 4.6448024670425e-17
2.68688811188811e-08 -0.000320896322484284 0.00210782275022107 381960.295610982 119073.673431872 1.3386838682097e-16 4.61021981928424e-17
2.70594405594406e-08 -0.000247508831668102 0.00212858437184438 387756.880124899 98584.0989420428 1.33870072400865e-16 4.57558552955733e-17
2.725e-08 -0.000173116449305628 0.00214539738980289 392486.750749855 77655.8905189688 1.33871798689705e-16 4.54100556563686e-17
2.74405594405595e-08 -9.79262250207347e-05 0.00215818303740709 396111.132982463 56341.5135393853 1.33873562424734e-16 4.50658335034855e-17
2.76311188811189e-08 -2.21524162961125e-05 0.00216687290564376 398593.336508488 34697.2250330502 1.33875360062793e-16 4.47241949193672e-17
2.78216783216784e-08 5.39839446387111e-05 0.00217140966697019 399899.142235255 12783.068882763 1.33877187776866e-16 4.43861154987741e-17
2.80122377622378e-08 0.00013025555939414 0.00217174779460859 399997.205763158 -9337.16848433823 1.33879041455123e-16 4.40525383491673e-17
2.82027972027972e-08 0.000206429450277857 0.00216785426946206 398859.473447186 -31596.0454736997 1.33880916702742e-16 4.37243724180471e-17
2.83933566433567e-08 0.000282267627425051 0.00215970926612064 396461.606568424 -53922.5990065 1.33882808846787e-16 4.3402491129386e-17
2.85839160839161e-08 0.000357527837290507 0.00214730680884504 392783.408516857 -76242.527318797 1.33884712944367e-16 4.30877313092472e-17
2.87744755244756e-08 0.000431964392562351 0.00213065538792586 387809.249298229 -98478.4241473814 1.33886623794302e-16 4.27808923791187e-17
2.8965034965035e-08 0.000505329082419697 0.00210977852644043 381528.481138784 -120550.065921952 1.33888535952476e-16 4.24827357943929e-17
2.91555944055944e-08 0.000577372160821899 0.00208471528718807 373935.838493247 -142374.75282234 1.33890443750993e-16 4.21939847047319e-17
2.93461538461539e-08 0.000647843409201066 0.00205552070949809 365031.815384978 -163867.703694923 1.33892341321237e-16 4.19153238127505e-17
2.95367132867133e-08 0.000716493268551485 0.00202226616569325 354823.012744371 -184942.503864395 1.33894222620842e-16 4.16473994074681e-17
2.97272727272728e-08 0.000783074034493376 0.00198503962726999 343322.448283149 -205511.603840496 1.33896081464522e-16 4.13908195492952e-17
2.99178321678322e-08 0.000847341107461333 0.00194394583133948 330549.821467039 -225486.865823386 1.33897911558642e-16 4.11461543838734e-17
3.01083916083916e-08 0.000909054288760991 0.00189910633857011 316531.726343766 -244780.153779791 1.33899706539336e-16 4.09139365628562e-17
3.02989510489511e-08 0.000967979111884351 0.00185065947478583 301301.805359818 -263303.9617224 1.33901460013874e-16 4.06946617506426e-17
3.04895104895105e-08 0.00102388819721065 0.00179876014950509 284900.837865747 -280972.073708435 1.33903165604927e-16 4.04887891971451e-17
3.068006993007e-08 0.00107656261708223 0.00174357954604491 267376.757768061 -297700.248013287 1.33904816997287e-16 4.02967423578321e-17
3.08706293706294e-08 0.00112579325727007 0.00168530467934861 248784.595731893 -313406.916966933 1.33906407986506e-16 4.01189095435226e-17
3.10611888111888e-08 0.00117138216006644 0.00162413781940433 229186.342461542 -328013.89309967 1.33907932528875e-16 3.99556445836955e-17
3.12517482517483e-08 0.00121314383369506 0.00156029577997643 208650.730867619 -341447.071563811 1.33909384792086e-16 3.98072674883837e-17
3.14423076923077e-08 0.00125090651244033 0.00149400907433941 187252.936344846 -353637.118310824 1.33910759205856e-16 3.96740650950476e-17
3.16328671328672e-08 0.00128451335188881 0.00142552094174488 165074.195901762 -364520.13323624 1.33912050511788e-16 3.95562916881344e-17
3.18234265734266e-08 0.00131382354396566 0.00135508625042175 142201.348465251 -374038.277479011 1.33913253811691e-16 3.94541695803377e-17
3.2013986013986e-08 0.00133871333704301 0.00128297028496054 118726.300286607 -382140.354292522 1.33914364613583e-16 3.93678896458478e-17
3.22045454545455e-08 0.00135907694729743 0.00120944742791504 94745.4209562828 -388782.33339759 1.33915378874626e-16 3.92976117971416e-17
3.23951048951049e-08 0.00137482734869067 0.00113479974731762 70358.877044324 -393927.80948115 1.33916293040259e-16 3.92434653980847e-17
3.25856643356643e-08 0.00138589693042316 0.00105931550349982 45669.9117758971 -397548.386506323 1.3391710407885e-16 3.92055496073168e-17
3.27762237762238e-08 0.00139223801243753 0.000983287590091933 20784.0803815559 -399623.98072947 1.33917809511261e-16 3.91839336470603e-17
3.29667832167832e-08 0.00139382321149402 0.000907011925301779 -4191.54821059524 -400143.036748038 1.33918407434791e-16 3.91786569936405e-17
3.31573426573427e-08 0.00139064565245879 0.000830785810510982 -29149.211883435 -399102.652492333 1.33918896541081e-16 3.91897294871292e-17
3.33479020979021e-08 0.00138271902169251 0.000754906273848502 -53981.2860566975 -396508.610781091 1.33919276127653e-16 3.92171313586375e-17
3.35384615384615e-08 0.00137007746174668 0.000679668416688582 -78581.112403312 -392375.316836304 1.33919546102894e-16 3.92608131748884e-17
3.3729020979021e-08 0.0013527753089142 0.000605363780965336 -102843.813376751 -386725.642946041 1.33919706984408e-16 3.93206957007989e-17
3.39195804195804e-08 0.00133088667748368 0.000532278754800213 -126667.080706635 -379590.683222877 1.33919759890796e-16 3.93966696819105e-17
3.41101398601398e-08 0.00130450489675775 0.00046069303321322 -149951.926634167 -371009.42307939 1.33919706527035e-16 3.94885955496215e-17
3.43006993006993e-08 0.00127374180896487 0.000390878149654777 -172603.387529842 -361028.329583941 1.33919549163765e-16 3.95963030533105e-17
3.44912587412587e-08 0.00123872693807369 0.000323096092781909 -194531.170633615 -349700.870227721 1.33919290610884e-16 3.97195908245925e-17
3.46818181818182e-08 0.00119960654116978 0.000257598021346938 -215650.235945714 -337086.96879294 1.33918934185966e-16 3.98582258801325e-17
3.48723776223776e-08 0.00115654255544366 0.000194623088311715 -235881.30673239 -323252.407935302 1.33918483678094e-16 4.00119430706456e-17
3.5062937062937e-08 0.00110971145494267 0.000134397383392603 -255151.303649472 -308268.188763611 1.3391794330776e-16 4.01804444849555e-17
3.52534965034965e-08 0.001059303032042 7.7133001230733e-05 -273393.699080401 -292209.858106968 1.33917317683552e-16 4.0363398819243e-17
3.54440559440559e-08 0.00100551911908629 2.30272403185221e-05 -290548.789887602 -275156.81430598 1.33916611756372e-16 4.05604407229118e-17
3.56346153846154e-08 0.000948572265845628 -2.77380642532895e-05 -306563.888341893 -257191.602258032 1.3391583077192e-16 4.07711701338065e-17
3.58251748251748e-08 0.000888684388328493 -7.49970731870746e-05 -321393.432483255 -238399.208104841 1.33914980222229e-16 4.09951516168387e-17
3.60157342657342e-08 0.000826085404119393 -0.000118600341403999 -334999.018541913 -218866.363396863 1.33914065796948e-16 4.12319137214e-17
3.62062937062937e-08 0.00076101186878321 -0.000158415085212175 -347349.359281595 -198680.867832465 1.33913093335083e-16 4.14809483742429e-17
3.63968531468531e-08 0.000693705627032971 -0.000194325322581696 -358420.17319431 -177930.938782607 1.33912068777851e-16 4.17417103257859e-17
3.65874125874125e-08 0.000624412491325277 -0.000226231892365442 -368194.010362059 -156704.594808936 1.339109981232e-16 4.20136166690116e-17
3.6777972027972e-08 0.000553380959364132 -0.00025405235957853 -376660.021496917 -135089.079300046 1.33909887382543e-16 4.22960464512632e-17
3.69685314685314e-08 0.000480860980695951 -0.000277720814910982 -383813.677174861 -113170.32922206 1.33908742540133e-16 4.2588340400269e-17
3.71590909090909e-08 0.000407102781202727 -0.000297187577491964 -389656.444594559 -91032.4928385383 1.3390756951544e-16 4.28898007866011e-17
3.73496503496503e-08 0.00033235575288176 -0.000312418810550616 -394195.429329597 -68757.4991310782 1.33906374128822e-16 4.31996914454784e-17
3.75402097902097e-08 0.000256867414872065 -0.000323396060033936 -397442.989515042 -46424.6805722811 1.3390516207069e-16 4.35172379813004e-17
3.77307692307692e-08 0.000180882450279342 -0.000330115726457165 -399416.329734182 -24110.4498892736 1.33903938874305e-16 4.38416281785183e-17
3.79213286713286e-08 0.000104641821989726 -0.00033258848029114 -400137.08156837 -1888.03052656163 1.3390270989226e-16 4.41720126423683e-17
3.81118881118881e-08 2.83819693696735e-05 -0.000330838631051672 -399630.877363274 20172.7603150646 1.33901480276647e-16 4.45075056925535e-17
3.83024475524475e-08 -4.76659134562461e-05 -0.000324903459967744 -397926.923270306 42005.6779126152 1.33900254962838e-16 4.48471865321457e-17
3.84930069930069e-08 -0.000123276518162271 -0.00031483252568912 -395057.577063806 63548.1679917033 1.33899038656779e-16 4.51901007127196e-17
3.86835664335664e-08 -0.000198230983018527 -0.000300686951971302 -391057.935633401 84741.4394003627 1.3389783582562e-16 4.55352619150153e-17
3.88741258741258e-08 -0.000272317376208911 -0.000282538705667862 -385965.43642572 105530.494844824 1.33896650691499e-16 4.58816540622005e-17
3.90646853146852e-08 -0.000345331104704921 -0.000260469872687781 -379819.476477541 125864.123333866 1.33895487228251e-16 4.62282337800664e-17
3.92552447552447e-08 -0.000417075252364769 -0.000234571938857793 -372661.052058401 145694.858168161 1.33894349160802e-16 4.65739332152025e-17
3.94458041958041e-08 -0.000487360851443696 -0.000204945081884877 -364532.421337405 164978.904411706 1.33893239966983e-16 4.691766321838e-17
3.96363636363636e-08 -0.000556007092105556 -0.000171697479858059 -355476.791916679 183676.039803858 1.33892162881497e-16 4.72583168960146e-17
3.9826923076923e-08 -0.000622841474824157 -0.00013494464097558 -345538.034540633 201749.49302313 1.33891120901784e-16 4.75947735277209e-17
4.00174825174824e-08 -0.000687699910763621 -9.48087584455461e-05 -334760.42380167 219165.803108511 1.33890116795496e-16 4.79259028426473e-17
4.02080419580419e-08 -0.000750426775339208 -5.14180937952569e-05 -323188.406222935 235894.663691263 1.33889153109328e-16 4.82505696415481e-17
4.03986013986013e-08 -0.000810874920193019 -4.90639114471049e-06 -310866.395709151 251908.755500019 1.33888232178973e-16 4.8567638745496e-17
4.05891608391607e-08 -0.000868905648782642 4.45876756406586e-05 -297838.596017751 267183.570384197 1.33887356139924e-16 4.88759802458488e-17
4.07797202797202e-08 -0.000924388660684615 9.69210215996078e-05 -284148.849613541 281697.229863863 1.33886526938941e-16 4.91744750236815e-17
4.09702797202796e-08 -0.000977201969568008 0.000151946634358797 -269840.512028886 295430.300966103 1.33885746345938e-16 4.94620205005033e-17
4.11608391608391e-08 -0.00102723179960527 0.00020951402258438 -254956.35065496 308365.611855433 1.33885015966125e-16 4.97375365758491e-17
4.13513986013985e-08 -0.00107437246486604 0.000269469629389113 -239538.466734493 320488.069514669 1.33884337252208e-16 4.99999717014103e-17
4.15419580419579e-08 -0.00111852623599229 0.000331657211288934 -223628.23920855 331784.4814877 1.33883711516514e-16 5.02483090359317e-17
4.17325174825174e-08 -0.00115960319818677 0.000395918183663439 -207266.288985091 342243.383460738 1.33883139942869e-16 5.04815726202879e-17
4.19230769230768e-08 -0.00119752110426719 0.000462091933991409 -190492.462140933 351854.874236668 1.33882623598128e-16 5.06988335081498e-17
4.21136363636363e-08 -0.00123220522625057 0.000530016104408417 -173345.83053694 360610.459450381 1.33882163443238e-16 5.08992157845962e-17
4.23041958041957e-08 -0.0012635882086407 0.000599526845371439 -155864.708314615 368502.905182686 1.3388176034373e-16 5.10819024030534e-17
4.24947552447551e-08 -0.00129160992629926 0.000670459042418727 -138086.682746651 375526.102457403 1.33881415079569e-16 5.12461407701865e-17
4.26853146853146e-08 -0.00131621734949112 0.000742646518185121 -120048.657930711 381674.943450647 1.33881128354279e-16 5.13912480088898e-17
4.2875874125874e-08 -0.00133736441840853 0.000815922211977021 -101786.909841154 386945.210102764 1.33880900803291e-16 5.15166158314046e-17
4.30664335664334e-08 -0.00135501192919849 0.000890118339330318 -83337.1512845802 391333.475701169 1.33880733001455e-16 5.16217149578408e-17
4.32569930069929e-08 -0.00136912743324378 0.000965066534072028 -64734.6053389287 394837.019895306 1.33880625469672e-16 5.17060990199855e-17
4.34475524475523e-08 -0.00137968515118041 0.00104059797548467 -46014.0858901422 397453.757511736 1.33880578680619e-16 5.17694078961829e-17
4.36381118881118e-08 -0.00138666590287383 0.00111654350323433 -27210.0839127985 399182.181456316 1.33880593063525e-16 5.18113704301775e-17
4.38286713286712e-08 -0.00139005705432049 0.00119273372277074 -8356.85816996925 400021.31991977 1.33880669007981e-16 5.1831806494979e-17
4.40192307692306e-08 -0.00138985248219231 0.00126899910394267 10511.4709686409 399970.708040727 1.33880806866765e-16 5.18306283718792e-17
4.42097902097901e-08 -0.00138605255649481 0.00134517007559564 29360.8258735522 399030.374124406 1.33881006957657e-16 5.18078414245113e-17
4.44003496503495e-08 -0.00137866414156713 0.00142107711893256 48157.0754398952 397200.840463557 1.33881269564253e-16 5.17635440580819e-17
4.45909090909089e-08 -0.00136770061540992 0.00149655086242196 66865.9395784885 394483.138758672 1.33881594935741e-16 5.16979269643724e-17
4.47814685314684e-08 -0.00135318190708549 0.00157142218103323 85452.8956869215 390878.840084859 1.33881983285659e-16 5.16112716635679e-17
4.49720279720278e-08 -0.00133513455169099 0.00164552230256343 103883.088385448 386390.099300758 1.33882434789631e-16 5.15039483641602e-17
4.51625874125873e-08 -0.00131359176215923 0.00171868292379504 122121.243820835 381019.713738444 1.33882949582062e-16 5.13764131718736e-17
4.53531468531467e-08 -0.00128859351689146 0.00179073633918779 140131.589865689 374771.195950183 1.3388352775183e-16 5.1229204687529e-17
4.55437062937061e-08 -0.00126018666197076 0.00186151558475851 157877.783570012 367648.860216191 1.33884169336961e-16 5.10629400418259e-17
4.57342657342656e-08 -0.00122842502644323 0.00193085459973915 175322.847254434 359657.922435291 1.33884874318314e-16 5.08783104219901e-17
4.5924825174825e-08 -0.00119336954888624 0.0019985884085229 192429.114668781 350804.612925677 1.338856426123e-16 5.06760761509973e-17
4.61153846153845e-08 -0.00115508841320851 0.00206455332530822 209158.188673323 341096.301554426 1.33886474062653e-16 5.04570613845337e-17
4.63059440559439e-08 -0.00111365719134585 0.00212858718372906 225470.911930599 330541.634490408 1.33887368431305e-16 5.02221484939473e-17
4.64965034965033e-08 -0.00106915899023026 0.00219052959361235 241327.352120311 319150.681734959 1.3388832538839e-16 4.9972272205169e-17
4.66870629370628e-08 -0.00102168460012021 0.00225022222682852 256686.803205249 306935.094427195 1.33889344501456e-16 4.97084135639552e-17
4.68776223776222e-08 -0.000971332641087419 0.00230750913399402 271507.80427891 293908.270745999 1.33890425223927e-16 4.94315937968994e-17
4.70681818181816e-08 -0.000918209704164603 0.00236223709354251 285748.177511761 280085.529038703 1.33891566882919e-16 4.91428681355619e-17
4.72587412587411e-08 -0.00086243048337183 0.00241425599440163 299365.086678756 265484.286598037 1.33892768666479e-16 4.8843319667893e-17
4.74493006993005e-08 -0.00080411789456088 0.0024634192531906 312315.117691618 250124.242285607 1.33894029610374e-16 4.85340532770204e-17
4.763986013986e-08 -0.000743403176752894 0.00250958426648882 324554.382471104 234027.56096412 1.33895348584546e-16 4.82161897225842e-17
4.78304195804194e-08 -0.00068042597140007 0.00255261289831432 336038.64737271 217219.057454927 1.33896724279374e-16 4.78908599142947e-17
4.80209790209788e-08 -0.00061533437478435 0.00259237200249203 346723.487219788 199726.377486059 1.33898155191907e-16 4.75591994214251e-17
4.82115384615383e-08 -0.000548284958582329 0.00262873397908494 356564.465796883 181580.172843832 1.33899639612246e-16 4.72223432556929e-17
4.84020979020977e-08 -0.000479442753484451 0.00266157736350616 365517.343409821 162814.267694064 1.33901175610264e-16 4.68814209585861e-17
4.85926573426572e-08 -0.000408981190666673 0.00269078744632887 373538.311824791 143465.812803975 1.33902761022889e-16 4.65375520177911e-17
4.87832167832166e-08 -0.000337081995883741 0.00271625692116667 380584.256554502 123575.424180827 1.33904393442181e-16 4.61918416311167e-17
4.8973776223776e-08 -0.000263935030994475 0.00273788655731391 386613.04606449 103187.302457014 1.3390607020445e-16 4.5845376830282e-17
4.91643356643355e-08 -0.000189738077850879 0.00275558589312007 391583.847027464 82349.3292033738 1.33907788380672e-16 4.54992229712513e-17
4.93548951048949e-08 -0.000114696559693791 0.00276927394533282 395457.464260206 61113.1362530267 1.33909544768498e-16 4.51544205925254e-17
4.95454545454543e-08 -3.90231955071576e-05 0.00277887992889135 398196.70343997 39534.1440778153 1.33911335886117e-16 4.48119826379936e-17
4.97360139860138e-08 3.7062416801314e-05 0.00278434398089649 399766.754121619 17671.5652889966 1.3391315796828e-16 4.44728920366578e-17
4.99265734265732e-08 0.000113334291996634 0.00278561788174246 400135.589970969 -4411.63055622774 1.33915006964758e-16 4.41380996277803e-17
5.01171328671327e-08 0.00018956062684722 0.00278266576568196 399274.382504658 -26648.7944607913 1.33916878541528e-16 4.38085224167849e-17
5.03076923076921e-08 0.000265504449380002 0.00277546481243051 397157.923995109 -48969.721126281 1.33918768084941e-16 4.34850421445612e-17
5.04982517482515e-08 0.000340924349362981 0.00276400591081716 393765.054576052 -71300.820639564 1.33920670709143e-16 4.31685041506608e-17
5.0688811188811e-08 0.000415575290314085 0.00274829428497619 389079.087986951 -93565.3411088358 1.33922581266947e-16 4.28597165092063e-17
5.08793706293704e-08 0.000489209502220445 0.00272835007317181 383088.229842727 -115683.644023957 1.33924494364351e-16 4.2559449415135e-17
5.10699300699298e-08 0.00056157745293774 0.0027042088490742 375785.98182893 -137573.53337884 1.33926404378862e-16 4.22684347976227e-17
5.12604895104893e-08 0.000632428894939286 0.00267592207518313 367171.524823591 -159150.638751085 1.33928305481686e-16 4.19873661371429e-17
5.14510489510487e-08 0.000701513982717995 0.00264355747814262 357250.073656881 -180328.8515954 1.33930191663844e-16 4.17168984625694e-17
5.16416083916082e-08 0.000768584454733833 0.00260719933592591 346033.196059577 -201020.812986356 1.3393205676617e-16 4.14576485049819e-17
5.18321678321676e-08 0.000833394872371723 0.00256694866730592 333539.088340528 -221138.449961017 1.33933894513083e-16 4.1210194985339e-17
5.2022727272727e-08 0.000895703906960169 0.00252292331467539 319792.800488878 -240593.556485643 1.33935698549953e-16 4.09750790139084e-17
5.22132867132865e-08 0.000955275664532314 0.00247525791214637 304826.403732086 -259298.41392981 1.339374624838e-16 4.0752804580239e-17
5.24038461538459e-08 0.00101188103672412 0.00242410373194191 288679.094104668 -277166.444806328 1.33939179926975e-16 4.05438391134973e-17
5.25944055944054e-08 0.00106529906503523 0.00236962840338712 271397.226298621 -294112.8924593 1.33940844543395e-16 4.03486140941367e-17
5.27849650349648e-08 0.00111531830466366 0.00231201550030005 253034.27297188 -310055.518390648 1.33942450096841e-16 4.01675256990893e-17
5.29755244755242e-08 0.00116173817330129 0.00225146399425508 233650.705776516 -324915.308042603 1.3394399050071e-16 4.00009354639472e-17
5.31660839160837e-08 0.00120437026967576 0.00218818757301731 213313.795617152 -338617.175134853 1.3394545986862e-16 3.98491709469055e-17
5.33566433566431e-08 0.00124303964627628 0.00212241382539319 192097.331038737 -351090.654122286 1.3394685256513e-16 3.97125263805604e-17
5.35472027972025e-08 0.0012775860206281 0.00205438329577111 170081.25514102 -362270.570021011 1.33948163255864e-16 3.95912632989767e-17
5.3737762237762e-08 0.00130786490970313 0.00198434841369415 147351.222988518 -372097.674769487 1.33949386956265e-16 3.94856111287419e-17
5.39283216783214e-08 0.00133374867258039 0.00191257230586676 123998.083088137 -380519.23946445 1.33950519078209e-16 3.93957677340167e-17
5.41188811188809e-08 0.00135512744730314 0.00183932749999994 100117.288096878 -387489.592246142 1.33951555473705e-16 3.93218999068474e-17
5.43094405594403e-08 0.00137190996901217 0.00176489453179384 75808.2414522915 -392970.592303924 1.33952492474955e-16 3.9264143795243e-17
5.44999999999997e-08 0.00138402425785083 0.00168956046809416 51173.5880413122 -396932.031421964 1.3395332693008e-16 3.9222605262722e-17
5.46905594405592e-08 0.00139141816681245 0.00161361736079216 26318.458293564 -399351.955666748 1.33954056233873e-16 3.9197360174209e-17
5.48811188811186e-08 0.00139405978160127 0.00153736064732528 1349.67616131682 -400216.901205844 1.33954678353046e-16 3.91884546043168e-17
5.5071678321678e-08 0.00139193766666319 0.00146108751464022 -23625.0577058479 -399522.039805133 1.33955191845519e-16 3.91959049651753e-17
5.52622377622375e-08 0.00138506095376609 0.00138509524417427 -48497.9956969078 -397271.231237062 1.33955595873398e-16 3.92196980520882e-17
5.54527972027969e-08 0.00137345927181844 0.00130967955577321 -73162.1736836877 -393476.981597901 1.33955890209424e-16 3.92597910064016e-17
5.56433566433564e-08 0.0013571825189557 0.0012351329684856 -97512.2299541187 -388160.308326483 1.339560752368e-16 3.93161111960707e-17
5.58339160839158e-08 0.00133630048024033 0.00116174319585181 -121445.200688343 -381350.514488589 1.3395615194241e-16 3.93885560155189e-17
5.60244755244752e-08 0.00131090229655792 0.00108979159265236 -144861.280586052 -373084.876588689 1.33956121903588e-16 3.94769926074932e-17
5.62150349650347e-08 0.00128109579239766 0.00101955166911182 -167664.538070015 -363408.251746253 1.33955987268715e-16 3.95812575107546e-17
5.64055944055941e-08 0.00124700667213093 0.000951287687299884 -189763.575541608 -352372.611483961 1.33955750732016e-16 3.97011562385889e-17
5.65961538461536e-08 0.00120877759610731 0.000885253352965347 -211072.126413923 -340036.510583419 1.33955415503069e-16 3.98364627942986e-17
5.6786713286713e-08 0.00116656714933716 0.000821690614323244 -231509.582055728 -326464.500441706 1.33954985271568e-16 3.99869191310418e-17
5.69772727272724e-08 0.00112054871669874 0.00076082857743664 -251001.443300084 -311726.49708927 1.33954464168021e-16 4.01522345646109e-17
5.71678321678319e-08 0.0010709092794784 0.000702882545841454 -269479.692757681 -295897.114495823 1.33953856721062e-16 4.03320851490086e-17
5.73583916083913e-08 0.00101784814861681 0.000648053190005952 -286883.085779885 -279054.973994349 1.33953167812118e-16 4.05261130259617e-17
5.75489510489507e-08 0.00096157565029285 0.00059652585014558 -303157.359494647 -261282.000601599 1.33952402628198e-16 4.07339257608217e-17
5.77395104895102e-08 0.000902311779439747 0.000548469973876396 -318255.360848037 -242662.716721823 1.33951566613535e-16 4.09550956786214e-17
5.79300699300696e-08 0.000840284836471136 0.000504038688230263 -332137.095988107 -223283.543211156 1.33950665420845e-16 4.11891592153804e-17
5.81206293706291e-08 0.000775730061922371 0.000463368503711422 -344769.704594991 -203232.117080979 1.33949704862884e-16 4.143561630106e-17
5.83111888111885e-08 0.000708888282912399 0.000426579146380253 -356127.363867296 -182596.63426142 1.33948690864968e-16 4.16939297918543e-17
5.85017482517479e-08 0.000640004584337128 0.000393773512433005 -366191.12780233 -161465.224865451 1.33947629419063e-16 4.19635249707328e-17
5.86923076923074e-08 0.000569327016551597 0.0003650377384262 -374948.708146535 -139925.367325223 1.33946526539959e-16 4.22437891363055e-17
5.88828671328668e-08 0.000497105350021957 0.000340441379184714 -382394.203938897 -118063.346650357 1.33945388224005e-16 4.25340713011341e-17
5.90734265734262e-08 0.000423589886066112 0.00032003768454012 -388527.786927078 -95963.7609163942 1.33944220410777e-16 4.28336820215297e-17
5.92639860139857e-08 0.000349030331389359 0.0003038639653713 -393355.350311736 -73709.0789612498 1.33943028947976e-16 4.3141893381617e-17
5.94545454545451e-08 0.00027367474269198 0.000291942038957834 -396888.128281991 -51379.2511756155 1.33941819559798e-16 4.34579391549829e-17
5.96451048951046e-08 0.000197768546210251 0.000284278743398451 -399142.293660821 -29051.3742430474 1.33940597818897e-16 4.37810151675039e-17
5.9835664335664e-08 0.000121553635677748 0.00028086651077806 -400138.540702625 -6799.40973582533 1.33939369122046e-16 4.41102798849375e-17
6.00262237762235e-08 4.52675508836814e-05 0.000281683988870815 -399901.659697123 15306.044382148 1.33938138669473e-16 4.44448552485098e-17
6.02167832167829e-08 -3.08572622217539e-05 0.000286696701423843 -398460.10955593 37197.9310442065 1.33936911447856e-16 4.47838277809985e-17
6.04073426573423e-08 -0.000106594110053062 0.000295857737456249 -395845.594011981 58812.862500018 1.33935692216833e-16 4.5126249984659e-17
6.05979020979018e-08 -0.000181722629742778 0.000309108460509127 -392092.646468387 80091.202730831 1.33934485498915e-16 4.54711420507247e-17
6.07884615384612e-08 -0.000256029289420846 0.000326379229373458 -387238.227911601 100977.107143516 1.33933295572584e-16 4.58174938981055e-17
6.09790209790207e-08 -0.00032930781329996 0.000347590122482836 -381321.341671562 121418.523136461 1.33932126468378e-16 4.61642675562814e-17
6.11695804195801e-08 -0.000401359535107584 0.000372651658867499 -374382.668184249 141367.15534114 1.33930981967713e-16 4.6510399904227e-17
6.13601398601396e-08 -0.000471993683947708 0.000401465509306648 -366464.222303003 160778.399462767 1.33929865604182e-16 4.6854805773496e-17
6.1550699300699e-08 -0.000541027607103991 0.000433925192071151 -357609.035124873 179611.24868143 1.33928780667083e-16 4.7196381419356e-17
6.17412587412585e-08 -0.000608286934617117 0.000469916748403804 -347860.861755549 197828.176542015 1.33927730206883e-16 4.75340083591105e-17
6.19318181818179e-08 -0.000673605690690824 0.000509319393626799 -337263.91593749 215395.000167656 1.33926717042365e-16 4.78665575715171e-17
6.21223776223773e-08 -0.000736826357112034 0.0005520061404855 -325862.632014744 232280.727488115 1.33925743769194e-16 4.8192894045559e-17
6.23129370629368e-08 -0.000797799893920121 0.000597844392025452 -313701.454306991 248457.391991712 1.33924812769644e-16 4.8511881660836e-17
6.25034965034962e-08 -0.000856385722538449 0.000646696501949297 -300824.65361531 263899.878296833 1.33923926223243e-16 4.88223883755891e-17
6.26940559440557e-08 -0.000912451676497438 0.000698420301007095 -287276.170282173 278585.741605539 1.33923086118116e-16 4.91232916919806e-17
6.28846153846151e-08 -0.00096587392474216 0.00075286958853424 -273099.482976604 292495.023855528 1.33922294262806e-16 4.94134843618448e-17
6.30751748251746e-08 -0.00101653687233766 0.000809894588764055 -258337.502169304 305610.069134476 1.33921552298383e-16 4.96918802898349e-17
6.3265734265734e-08 -0.00106433304317033 0.000869342372006751 -243032.487098599 317915.340668817 1.3392086171065e-16 4.99574205848889e-17
6.34562937062935e-08 -0.00110916294900139 0.000931057241203204 -227225.984902337 329397.241452259 1.33920223842306e-16 5.02090797053672e-17
6.36468531468529e-08 -0.00115093494896568 0.00099488108473252 -210958.790499084 340043.940341832 1.33919639904898e-16 5.0445871638249e-17
6.38374125874123e-08 -0.00118956510333183 0.00106065369667862 -194270.925739926 349845.20522418 1.33919110990442e-16 5.06668560485726e-17
6.40279720279718e-08 -0.00122497702505311 0.00112821306604573 -177201.636315394 358792.244644499 1.33918638082608e-16 5.08711443320252e-17
6.42185314685312e-08 -0.00125710173234745 0.00119739563665873 -159789.404886307 366877.559096457 1.3391822206735e-16 5.10579055013628e-17
6.44090909090907e-08 -0.00128587750525219 0.00126803653969507 -142071.978908529 374094.802994524 1.33917863742909e-16 5.12263718363014e-17
6.45996503496501e-08 -0.00131124974880853 0.0013399698009734 -124086.411635986 380438.658190693 1.33917563829115e-16 5.13758442267539e-17
6.47902097902096e-08 -0.00133317086524386 0.00141302852527429 -105869.114810098 385904.719755259 1.33917322975909e-16 5.15056971408637e-17
6.4980769230769e-08 -0.00135160013723796 0.00148704506009233 -87455.9215740017 390489.394615573 1.33917141771055e-16 5.16153831522332e-17
6.51713286713285e-08 -0.00136650362408401 0.00156185114132132 -68882.1581834254 394189.813536408 1.3391702074697e-16 5.17044369650537e-17
6.53618881118879e-08 -0.00137785407228635 0.00163727802345616 -50182.7231205348 397003.756829394 1.33916960386659e-16 5.17724788814727e-17
6.55524475524474e-08 -0.0013856308418743 0.00171315659696075 -31392.1722500312 398929.594095454 1.33916961128703e-16 5.18192176623801e-17
6.57430069930068e-08 -0.00138981984945553 0.00178931749550128 -12544.8086866159 399966.238231308 1.33917023371291e-16 5.18444527407566e-17
6.59335664335662e-08 -0.00139041352878101 0.00186559119578212 6325.2239320372 400113.113867281 1.33917147475263e-16 5.18480757556068e-17
6.61241258741257e-08 -0.00138741080934706 0.00194180811274754 25183.8460535293 399370.140346489 1.33917333766156e-16 5.18300713841445e-17
6.63146853146851e-08 -0.00138081711331641 0.00201779869292812 43996.9459745962 397737.729303187 1.33917582535236e-16 5.17905174600463e-17
6.65052447552446e-08 -0.00137064437079788 0.00209339350871721 62730.2840299342 395216.796848225 1.33917894039507e-16 5.17295843760428e-17
6.6695804195804e-08 -0.00135691105328277 0.00216842335635916 81349.398477839 391808.790320164 1.33918268500701e-16 5.16475337796007e-17
6.68863636363635e-08 -0.00133964222479304 0.00224271936041868 99819.5143644024 387515.729509317 1.33918706103229e-16 5.15447165807299e-17
6.70769230769229e-08 -0.00131886961005068 0.00231611308747789 118105.456664904 382340.262206735 1.33919206991112e-16 5.14215703007827e-17
6.72674825174824e-08 -0.00129463167872849 0.00238843667177367 136171.569024174 376285.733868758 1.33919771263893e-16 5.12786158002683e-17
6.74580419580418e-08 -0.00126697374458813 0.00245952295544222 153981.639446006 369356.271118124 1.3392039897153e-16 5.11164534319892e-17
6.76486013986012e-08 -0.00123594807805094 0.00252920564597681 171498.834313782 361556.878722897 1.33921090108302e-16 5.09357586730344e-17
6.78391608391607e-08 -0.00120161403048077 0.00259731949342895 188685.642158565 352893.549602677 1.33921844605733e-16 5.07372772952093e-17
6.80297202797201e-08 -0.00116403816818465 0.00266370048978727 205503.828624951 343373.387306226 1.33922662324567e-16 5.05218201382279e-17
6.82202797202796e-08 -0.00112329441385798 0.00272818609285225 221914.404116502 333004.740284141 1.33923543045833e-16 5.0290257553399e-17
6.8410839160839e-08 -0.00107946419291531 0.00279061547678336 237877.605628803 321797.347143621 1.33924486461039e-16 5.00435135875569e-17
6.86013986013985e-08 -0.00103263658185873 0.00285082981132693 253352.894296008 309762.491918711 1.3392549216154e-16 4.97825599776646e-17
6.87919580419579e-08 -0.000982908455543731 0.00290867257153282 268298.970182659 296913.1682184 1.33926559627162e-16 4.95084100258839e-17
6.89825174825174e-08 -0.00093038462991071 0.00296398987953466 282673.80584286 283264.250926642 1.33927688214141e-16 4.92221124230625e-17
6.91730769230768e-08 -0.000875177996462185 0.00301663087969645 296434.700139552 268832.673923422 1.33928877142482e-16 4.89247450856416e-17
6.93636363636362e-08 -0.000817409644485076 0.00306644814811686 309538.353763409 253637.612075774 1.33930125482825e-16 4.86174090670716e-17
6.95541958041957e-08 -0.000757208966749632 0.00311329813712679 321940.967809506 237700.665514099 1.33931432142955e-16 4.83012226000943e-17
6.97447552447551e-08 -0.000694713744167001 0.00315704165501506 333598.366655969 221046.043965256 1.33932795854089e-16 4.79773153208598e-17
6.99353146853146e-08 -0.00063007020466294 0.0031975443807689 344466.146238045 203700.74866328 1.33934215157093e-16 4.76468227199685e-17
7.0125874125874e-08 -0.000563433051333095 0.00323467741311922 354499.848619481 185694.749106067 1.339356883888e-16 4.73108808593154e-17
7.03164335664335e-08 -0.000494965454793787 0.00326831785263645 363655.163527071 167061.15167753 1.33937213668637e-16 4.69706213872335e-17
7.05069930069929e-08 -0.000424839004540062 0.00329834941503149 371888.157230787 147836.35691633 1.3393878888575e-16 4.66271668780144e-17
7.06975524475524e-08 -0.000353233614079302 0.00332466307318084 379155.528818874 128060.201991959 1.33940411686877e-16 4.62816265155823e-17
7.08881118881118e-08 -0.000280337374633371 0.00334715772472011 385414.893533534 107776.084755352 1.33942079465203e-16 4.59350921350011e-17
7.10786713286713e-08 -0.000206346352305036 0.00336574088134094 390625.092398523 87031.065573711 1.33943789350461e-16 4.55886346297283e-17
7.12692307692307e-08 -0.000131464323794526 0.00338032937519115 394746.526886951 65875.9430480167 1.33945538200553e-16 4.52433007271504e-17
7.14597902097901e-08 -5.59024460388883e-05 0.0033908500770268 397741.516849206 44365.2996572388 1.33947322594969e-16 4.49001101300249e-17
7.16503496503496e-08 2.01211444617754e-05 0.00339724062000862 399574.679352905 22557.5133863687 1.33949138830305e-16 4.4560053017037e-17
7.1840909090909e-08 9.63818063639346e-05 0.00339945012228923 400213.325486625 514.731486517292 1.33950982918147e-16 4.42240878918015e-17
7.20314685314685e-08 0.000172648945358788 0.00339743990081606 399627.871557097 -21697.1973055227 1.33952850585627e-16 4.38931397662954e-17
7.22220279720279e-08 0.000248686645581457 0.00339118416809695 397792.260477771 -44008.835484816 1.33954737278907e-16 4.35680986619098e-17
7.24125874125874e-08 0.000324254382062972 0.00338067070305932 394684.388519955 -66347.3174492289 1.33956638169853e-16 4.32498184090288e-17
7.26031468531468e-08 0.000399107814757861 0.00336590148660043 390286.531992993 -88636.5606503951 1.33958548166126e-16 4.29391157242737e-17
7.27937062937063e-08 0.00047299966358902 0.00334689329199676 384585.767855907 -110797.529149643 1.33960461924885e-16 4.26367695432472e-17
7.29842657342657e-08 0.000545680662757711 0.00332367822003646 377574.381760082 -132748.550790819 1.33962373870255e-16 4.23435205857458e-17
7.31748251748251e-08 0.000616900591283751 0.00329630416858094 369250.256602034 -154405.688381916 1.33964278214664e-16 4.20600711299385e-17
7.33653846153846e-08 0.000686409375386932 0.00326483522626974 359617.234349048 -175683.164358785 1.33966168984102e-16 4.1787084971888e-17
7.3555944055944e-08 0.000753958256917335 0.00322935198027503 348685.443709462 -196493.837399762 1.3396804004727e-16 4.15251875469813e-17
7.37465034965035e-08 0.000819301020615368 0.00318995172840283 336471.586173771 -216749.728387083 1.33969885148545e-16 4.12749661902914e-17
7.39370629370629e-08 0.000882195271561489 0.003146748586439 322999.173069892 -236362.591991181 1.33971697944586e-16 4.10369705135676e-17
7.41276223776224e-08 0.000942403752793301 0.00309987348245513 308298.706570393 -255244.529013411 1.33973472044337e-16 4.08117128774187e-17
7.43181818181818e-08 0.000999695691758872 0.00304947403082531 292407.798071009 -273308.633490998 1.339752010521e-16 4.05996689382588e-17
7.45087412587413e-08 0.00105384816307619 0.00299571427995293 275371.2180333 -290469.667477694 1.33976878613277e-16 4.04012782507144e-17
7.46993006993007e-08 0.00110464745401626 0.00293877432915771 257240.872248423 -306644.755399396 1.33978498462266e-16 4.02169449073953e-17
7.48898601398601e-08 0.00115189041825757 0.00287884981180818 238075.700525875 -321754.088981272 1.33980054471985e-16 4.00470381992026e-17
7.50804195804196e-08 0.00119538580280579 0.0028161512435798 217941.495025717 -335721.632986621 1.33981540704364e-16 3.98918932806483e-17
7.5270979020979e-08 0.00123495553256555 0.00275090323664214 196910.636813244 -348475.821430699 1.33982951461134e-16 3.97518118259782e-17
7.54615384615385e-08 0.00127043593691559 0.00268334358259364 175061.750692399 -359950.233564438 1.33984281334174e-16 3.96270626632157e-17
7.56520979020979e-08 0.00130167890279403 0.00261372220902628 152479.279933433 -370084.238787571 1.33985525254665e-16 3.95178823745503e-17
7.58426573426574e-08 0.00132855293925934 0.00254230001666944 129252.984110967 -378823.599766138 1.33986678540273e-16 3.94244758527925e-17
7.60332167832168e-08 0.00135094413925766 0.00246934760608221 105477.364866439 -386121.023405779 1.33987736939583e-16 3.93470168048788e-17
7.62237762237763e-08 0.00136875702539483 0.00239514390478729 81251.0259572314 -391936.649971296 1.33988696673057e-16 3.92856481946563e-17
7.64143356643357e-08 0.00138191526786683 0.00231997470751669 56675.9754061397 -396238.471537233 1.33989554469793e-16 3.92404826183836e-17
7.66048951048952e-08 0.00139036226432283 0.00224413114382229 31856.878873501 -399002.672086895 1.3399030759946e-16 3.9211602607568e-17
7.67954545454546e-08 0.00139406157328967 0.0021679080886505 6900.27449735481 -400213.882922545 1.3399095389882e-16 3.91990608549182e-17
7.6986013986014e-08 0.00139299719483497 0.00209160253255083 -18086.2396528283 -399865.348573556 1.33991491792388e-16 3.92028803603243e-17
7.71765734265735e-08 0.00138717369434421 0.00201551192895325 -42994.8337167228 -397959.000050913 1.33991920306838e-16 3.92230544948976e-17
7.73671328671329e-08 0.00137661616758221 0.00193993253638733 -67718.2776150652 -394505.434049071 1.33992239078929e-16 3.925954698221e-17
7.75576923076924e-08 0.00136137004754915 0.0018651577736133 -92150.7638077665 -389523.798489412 1.33992448356797e-16 3.93122917969744e-17
7.77482517482518e-08 0.00134150075596832 0.00179147660538961 -116188.709202399 -383041.586581482 1.33992548994633e-16 3.93811929825135e-17
7.79388111888113e-08 0.00131709320450299 0.00171917197601999 -139731.52467083 -375094.34329714 1.33992542440858e-16 3.94661243894747e-17
7.81293706293707e-08 0.00128825115293897 0.00164851930692213 -162682.341392601 -365725.289759917 1.33992430720049e-16 3.95669293393786e-17
7.83199300699302e-08 0.00125509643354038 0.00157978507326568 -184948.684245676 -354984.872502681 1.33992216408973e-16 3.96834202177286e-17
7.85104895104896e-08 0.00121776805254352 0.00151322547327346 -206443.083674675 -342930.245803028 1.33991902607203e-16 3.98153780025852e-17
7.8701048951049e-08 0.00117642118126397 0.00144908520210612 -227083.618843683 -329624.696337119 1.33991492902869e-16 3.99625517356995e-17
7.88916083916085e-08 0.00113122605052507 0.00138759634040318 -246794.386380809 -315137.020177034 1.33990991334168e-16 4.01246579445299e-17
7.90821678321679e-08 0.00108236676305421 0.00132897736558081 -265505.890598083 -299540.86268137 1.33990402347347e-16 4.03013800247183e-17
7.92727272727274e-08 0.00103004003912599 0.00127343229193867 -283155.352675699 -282914.032090287 1.33989730751867e-16 4.04923675938848e-17
7.94632867132868e-08 0.000974453911057518 0.00122114994355576 -299686.937888058 -265337.797640012 1.33988981673515e-16 4.06972358289015e-17
7.96538461538463e-08 0.000915826382188205 0.00117230336190531 -315051.901477889 -246896.182771543 1.33988160506213e-16 4.09155648001289e-17
7.98444055944057e-08 0.000854384065719892 0.00112704934813772 -329208.655215508 -227675.263544846 1.33987272863269e-16 4.11468988174174e-17
8.00349650349652e-08 0.000790360818274729 0.00108552813810695 -342122.757980683 -207762.481709865 1.33986324528785e-16 4.13907458039969e-17
8.02255244755246e-08 0.000723996382275765 0.00104786320648613 -353766.834848534 -187245.981060326 1.33985321409885e-16 4.16465767156641e-17
8.0416083916084e-08 0.000655535050300576 0.00101416119475888 -364120.43012954 -166213.974739572 1.33984269490382e-16 4.19138250239257e-17
8.06066433566435e-08 0.00058522436343634 0.000984511956507798 -373169.800595122 -144754.150114874 1.33983174786422e-16 4.21918862829301e-17
8.07972027972029e-08 0.000513313854412052 0.000958988712263698 -380907.655709504 -122953.116723124 1.33982043304601e-16 4.24801178010977e-17
8.09877622377624e-08 0.00044005384493681 0.000937648305238141 -387332.852087081 -100895.901650429 1.33980881002923e-16 4.27778384393105e-17
8.11783216783218e-08 0.000365694305268282 0.000920531548539118 -392450.049609479 -78665.4955723798 1.33979693754951e-16 4.30843285583089e-17
8.13688811188813e-08 0.000290483782606561 0.000907663653961418 -396269.336679924 -56342.4515787536 1.33978487317369e-16 4.33988301385227e-17
8.15594405594407e-08 0.000214668403487061 0.000899054732141038 -398805.831980285 -34004.5378603981 1.33977267301132e-16 4.37205470959112e-17
8.17500000000002e-08 0.000138490953959891 0.000894700353753635 -400079.269847047 -11726.4443667694 1.33976039146282e-16 4.40486458174375e-17
8.19405594405596e-08 6.21900400164049e-05 0.000894582161504316 -400113.576017081 10420.4573345203 1.33974808100475e-16 4.43822559395354e-17
8.2131118881119e-08 -1.40006705233632e-05 0.00089866852288123 -398936.440034039 32368.3025389606 1.33973579201154e-16 4.47204713922793e-17
8.23216783216785e-08 -8.98531246000958e-05 0.000906915214007915 -396578.890073112 54052.8724346561 1.3397235726129e-16 4.50623517309152e-17
8.25122377622379e-08 -0.000165145479962957 0.000919266125408005 -393074.875356849 75413.6864399797 1.33971146858552e-16 4.54069237748952e-17
8.27027972027974e-08 -0.000239662622585644 0.000935653981069077 -388460.860717397 96394.0510503399 1.33969952327712e-16 4.57531835725685e-17
8.28933566433568e-08 -0.000313196608169164 0.00095600106283928 -382775.437228989 116941.06872857 1.33968777756094e-16 4.61000987071661e-17
8.30839160839163e-08 -0.000385547031137346 0.000980219932890839 -376058.952204725 137005.610605647 1.33967626981801e-16 4.64466109566742e-17
8.32744755244757e-08 -0.000456521325099549 0.0010082141477199 -368353.161237329 156542.256897422 1.33966503594505e-16 4.6791639316608e-17
8.34650349650352e-08 -0.000525934999208339 0.00103987895790569 -359700.904376045 175509.208998219 1.33965410938492e-16 4.71340833905677e-17
8.36555944055946e-08 -0.000593611815184344 0.00107510198860846 -350145.807980048 193868.177193818 1.33964352117736e-16 4.74728271488196e-17
8.38461538461541e-08 -0.000659383910023444 0.00111376389653212 -339732.013279513 211584.247855179 1.33963330002697e-16 4.78067430500127e-17
8.40367132867135e-08 -0.000723091869551714 0.00115573899980303 -328503.932213364 228625.733840946 1.33962347238601e-16 4.81346965155756e-17
8.42272727272729e-08 -0.000784584758060266 0.00120089587791231 -316506.030700437 244964.011661781 1.33961406254937e-16 4.84555507404135e-17
8.44178321678324e-08 -0.000843720109245222 0.00124909793952746 -303782.639139392 260573.348752658 1.33960509275927e-16 4.87681718173153e-17
8.46083916083918e-08 -0.000900363883606981 0.00130020395659632 -290377.789621682 275430.723969582 1.3395965833174e-16 4.90714341461089e-17
8.47989510489513e-08 -0.000954390397337412 0.00135406856373737 -276335.079079743 289515.644182956 1.33958855270231e-16 4.93642260921808e-17
8.49895104895107e-08 -0.00100568222755261 0.0014105427224343 -261697.557376618 302809.959588293 1.33958101769009e-16 4.9645455852645e-17
8.51800699300702e-08 -0.00105413009852099 0.00146947415002781 -246507.639170238 315297.680102362 1.33957399347647e-16 4.99140574823621e-17
8.53706293706296e-08 -0.00109963275329952 0.00153070771392546 -230807.038251741 326964.794964466 1.3395674937987e-16 5.0168997026323e-17
8.55611888111891e-08 -0.00114209681493201 0.00159408579183052 -214636.722958275 337799.0974226 1.33956153105575e-16 5.04092786997976e-17
8.57517482517485e-08 -0.00118143664108878 0.00165944859912719 -198036.891192521 347790.01615613 1.33955611642546e-16 5.06339510532565e-17
8.59423076923079e-08 -0.00121757417574191 0.00172663448485271 -181046.963539165 356928.454872792 1.33955125997742e-16 5.08421130555762e-17
8.61328671328674e-08 -0.00125043880117995 0.00179548019794181 -163705.592948552 365206.641320002 1.33954697078075e-16 5.10329200265645e-17
8.63234265734268e-08 -0.00127996719337308 0.00186582112564668 -146050.689455588 372617.986769687 1.33954325700555e-16 5.12055893485302e-17
8.65139860139863e-08 -0.00130610318340851 0.00193749150622149 -128119.458413731 379156.95687246 1.33954012601765e-16 5.13594058865626e-17
8.67045454545457e-08 -0.0013287976274278 0.00201032461811632 -109948.450745991 384818.954630911 1.33953758446564e-16 5.14937270484627e-17
8.68951048951052e-08 -0.00134800828721453 0.00208415294805499 -91573.6237438984 389600.216112383 1.33953563835986e-16 5.16079874179093e-17
8.70856643356646e-08 -0.00136369972330419 0.00215880834047819 -73030.410978502 393497.719408004 1.33953429314275e-16 5.17017028984563e-17
8.72762237762241e-08 -0.00137584320221742 0.00223412213091951 -54353.7999218746 396509.107245578 1.33953355375021e-16 5.17744743112985e-17
8.74667832167835e-08 -0.00138441661915392 0.002309925265951 -35578.4159111431 398632.62357772 1.33953342466371e-16 5.18259903963372e-17
8.76573426573429e-08 -0.00138940443722704 0.00238604841238833 -16738.6111177379 399867.064391594 1.3395339099527e-16 5.18560301738029e-17
8.78479020979024e-08 -0.00139079764406651 0.00246232205848597 2131.44278920871 400211.742920932 1.33953501330732e-16 5.18644646323943e-17
8.80384615384618e-08 -0.00138859372636944 0.00253857660988128 20997.6595758443 399666.469382606 1.33953673806105e-16 5.18512577193852e-17
8.82290209790213e-08 -0.00138279666273546 0.00261464248306438 39825.9422495735 398231.545306794 1.33953908720335e-16 5.18164666182202e-17
8.84195804195807e-08 -0.00137341693487936 0.00269035019915896 58582.087007954 395907.772479682 1.33954206338203e-16 5.17602413095292e-17
8.86101398601402e-08 -0.00136047155707305 0.00276553048079813 77231.6886012482 392696.476468301 1.33954566889535e-16 5.16828234219974e-17
8.88006993006996e-08 -0.00134398412342609 0.00284001435486861 95740.0483876557 388599.544646472 1.33954990567392e-16 5.15845443898807e-17
8.89912587412591e-08 -0.00132398487236903 0.00291363326387645 114072.086375652 383619.478586672 1.33955477525219e-16 5.14658229439165e-17
8.91818181818185e-08 -0.0013005107674555 0.00298621918865618 132192.258569703 377759.460622787 1.33956027872985e-16 5.13271619717092e-17
8.9372377622378e-08 -0.0012736055933457 0.00305760478510187 150064.480962925 371023.434321115 1.339566416723e-16 5.11691447921689e-17
8.95629370629374e-08 -0.00124332006557525 0.0031276235375419 167652.061551644 363416.198519664 1.33957318930531e-16 5.09924308960637e-17
8.97534965034968e-08 -0.00120971195244801 0.00319610993130653 184917.641780684 354943.51450685 1.33958059593942e-16 5.07977512110645e-17
8.99440559440563e-08 -0.00117284620712012 0.0032628996469462 201823.148862469 345612.225808476 1.33958863539877e-16 5.058590295471e-17
9.01346153846157e-08 -0.00113279510766377 0.00332782977844729 218329.760445396 335430.389934881 1.33959730568013e-16 5.03577441424231e-17
9.03251748251752e-08 -0.00108963840261588 0.00339073907765644 234397.883134637 324407.421307182 1.33960660390743e-16 5.01141878200434e-17
9.05157342657346e-08 -0.00104346345922745 0.00345146822696205 249987.146388528 312554.244431721 1.33961652622716e-16 4.98561960913077e-17
9.07062937062941e-08 -0.000994365411338293 0.0035098601420895 265056.413322656 299883.456224629 1.33962706769613e-16 4.95847740103643e-17
9.08968531468535e-08 -0.000942447303509152 0.00356576030664028 279563.80994789 286409.496203909 1.33963822216231e-16 4.93009634078207e-17
9.1087412587413e-08 -0.000887820227754437 0.00361901713974255 293466.774344028 272148.823065036 1.33964998213945e-16 4.90058367161074e-17
9.12779720279724e-08 -0.00083060344893548 0.00366948239787784 306722.127223244 257120.095939059 1.33966233867676e-16 4.87004908562286e-17
9.14685314685318e-08 -0.000770924514603307 0.00371701161160334 319286.165262799 241344.3584013 1.33967528122457e-16 4.83860412434002e-17
9.16590909090913e-08 -0.000708919344825463 0.00376146455749817 331114.7784802 224845.22305678 1.33968879749754e-16 4.80636159638193e-17
9.18496503496507e-08 -0.0006447322973007 0.00380270576522472 342163.592781761 207649.054278965 1.33970287333666e-16 4.77343501690179e-17
9.20402097902102e-08 -0.000578516202865256 0.00384060505911008 352388.138633397 189785.14642571 1.33971749257207e-16 4.73993807281009e-17
9.22307692307696e-08 -0.000510432366333034 0.00387503813311886 361744.04657658 171285.894606031 1.33973263688833e-16 4.70598411718022e-17
9.24213286713291e-08 -0.000440650527498025 0.00390588715750753 370187.270039732 152186.954829832 1.33974828569428e-16 4.6716856955875e-17
9.26118881118885e-08 -0.000369348777069783 0.00393304141482429 377674.335573352 132527.390147557 1.33976441599987e-16 4.63715410649815e-17
9.2802447552448e-08 -0.000296713422321442 0.00395639796225202 384162.620264707 112349.799186262 1.33978100230217e-16 4.60249899720987e-17
9.29930069930074e-08 -0.000222938797314165 0.00397586231658904 389610.65566466 91700.4233221193 1.33979801648331e-16 4.56782799626013e-17
9.31835664335668e-08 -0.000148227012731818 0.00399134915743254 393978.457086647 70629.2286068405 1.33981542772304e-16 4.53324638267153e-17
9.33741258741263e-08 -7.27876406241379e-05 0.00400278304338033 397227.876619003 49189.9584973887 1.33983320242855e-16 4.49885679190067e-17
9.35646853146857e-08 3.16267027581924e-06 0.00401009913531028 399322.977631842 27440.1534354219 1.33985130418473e-16 4.46475895790461e-17
9.37552447552452e-08 7.94006525163356e-05 0.00401324392004696 400230.427965775 5441.13339571807 1.33986969372742e-16 4.43104949033822e-17
9.39458041958046e-08 0.000155696954436383 0.00401217592699612 399919.9083713 -16742.0603184526 1.33988832894276e-16 4.39782168554977e-17
9.41363636363641e-08 0.00023181675376884 0.00400686642963841 398364.53213666 -39040.7675012608 1.33990716489531e-16 4.36516536974975e-17
9.43269230769235e-08 0.000307520452052538 0.0039973001231415 395541.271212526 -61382.8588032428 1.33992615388742e-16 4.3331667724886e-17
9.4517482517483e-08 0.000382564450614872 0.00398347576879613 391431.383530371 -83692.9354698094 1.33994524555243e-16 4.30190842839114e-17
9.47080419580424e-08 0.000456702007819544 0.00396540679552703 386020.83563635 -105892.581129118 1.33996438698352e-16 4.27146910495453e-17
9.48986013986018e-08 0.000529684176101679 0.00394312184839525 379300.714243944 -127900.667010441 1.33998352289996e-16 4.24192375412109e-17
9.50891608391613e-08 0.000601260816047815 0.00391666527381634 371267.619867676 -149633.711177158 1.34000259585194e-16 4.21334348528146e-17
9.52797202797207e-08 0.000671181683437895 0.00388609753118811 361924.035358634 -171006.291460576 1.34002154646446e-16 4.18579555734434e-17
9.54702797202802e-08 0.000739197583771464 0.00385149552077148 351278.661941731 -191931.510793782 1.34004031372038e-16 4.15934338752143e-17
9.56608391608396e-08 0.000805061587375745 0.0038129528180134 339346.715274869 -212321.512584912 1.34005883528183e-16 4.13404657451625e-17
9.58513986013991e-08 0.000868530296767827 0.00377057980505408 326150.174129738 -232088.042657366 1.34007704784855e-16 4.10996093386879e-17
9.60419580419585e-08 0.000929365156548875 0.00372450369093003 311717.974547875 -251143.053145687 1.34009488755078e-16 4.08713854329038e-17
9.6232517482518e-08 0.000987333794779494 0.00367486841297157 296086.142765038 -269399.342598915 1.34011229037371e-16 4.06562779592155e-17
9.64230769230774e-08 0.00104221138355827 0.00362183441309553 279297.860827721 -286771.225440331 1.34012919260959e-16 4.04547345955547e-17
9.66136363636369e-08 0.00109378200543694 0.00356557828410175 261403.459648046 -303175.222897821 1.34014553133261e-16 4.02671673998949e-17
9.68041958041963e-08 0.0011418400113917 0.003506292282678 242460.335250829 -318530.766588083 1.34016124489132e-16 4.00939534679222e-17
9.69947552447557e-08 0.00118619135536535 0.00344418370758073 222532.785145991 -332760.905145721 1.34017627341219e-16 3.99354355990398e-17
9.71853146853152e-08 0.00122665488993011 0.00337947414335706 201691.763090214 -345793.003668347 1.34019055930778e-16 3.97919229561982e-17
9.73758741258746e-08 0.00126306360742325 0.00331239857197266 180014.551956445 -357559.425331541 1.34020404778211e-16 3.9663691706367e-17
9.75664335664341e-08 0.00129526581099665 0.00324320435676721 157584.355974711 -367998.184338351 1.34021668732582e-16 3.95509856297798e-17
9.77569930069935e-08 0.00132312620041249 0.00317215010523077 134489.815203507 -377053.559426438 1.34022843019323e-16 3.94540166873823e-17
9.7947552447553e-08 0.00134652685811431 0.00309950441912961 110824.446694059 -384676.657473936 1.34023923285382e-16 3.93729655371844e-17
9.81381118881124e-08 0.00136536812210422 0.00302554454246049 86686.0183738158 -390825.917326248 1.34024905641032e-16 3.93079819914706e-17
9.83286713286719e-08 0.00137956933345054 0.00295055491952691 62175.863153131 -395467.54480487 1.34025786697651e-16 3.92591854080331e-17
9.85192307692313e-08 0.00138906944781455 0.00287482567706152 37398.1421038616 -398575.870941305 1.34026563600791e-16 3.92266650097884e-17
9.87097902097907e-08 0.00139382750219131 0.00279865104572171 12459.0667268985 -400133.626780258 1.34027234057975e-16 3.92104801282969e-17
9.89003496503502e-08 0.00139382293006928 0.00272232773742042 -12533.9087213092 -400132.129584499 1.34027796360698e-16 3.92106603678463e-17
9.90909090909096e-08 0.0013890557203832 0.0026461532957902 -37472.9131676511 -398571.376909276 1.3402824940027e-16 3.9227205687883e-17
9.92814685314691e-08 0.00137954641791363 0.00257042443759054 -62250.4908172792 -395460.046751461 1.34028592677195e-16 3.92600864026846e-17
9.94720279720285e-08 0.00136533596512213 0.0024954354030424 -86760.4271481138 -390815.403767981 1.3402882630395e-16 3.93092430982703e-17
9.9662587412588e-08 0.00134648538774626 0.00242147633290418 -110898.556693316 -384663.113347749 1.34028951001123e-16 3.937458646765e-17
9.98531468531474e-08 0.00132307532875938 0.00234883168959523 -134563.540931803 -377036.967059293 1.34028968087009e-16 3.94559970666245e-17
1.00043706293707e-07 0.00129520543747148 0.00227777873884067 -157657.605310514 -367978.524632973 1.34028879460894e-16 3.95533249934696e-17
1.00234265734266e-07 0.00126299362256008 0.00220858610717935 -180087.225373606 -357536.679126334 1.34028687580344e-16 3.9666389496981e-17
1.00424825174826e-07 0.00122657517962932 0.00214151242927676 -201763.753140846 -345767.153224166 1.34028395432967e-16 3.97949785185191e-17
1.00615384615385e-07 0.00118610180546356 0.00207680509735532 -222603.976221463 -332731.935708725 1.34028006503169e-16 3.99388481748861e-17
1.00805944055945e-07 0.00114174051243902 0.00201469912324147 -242530.603627025 -318498.667976568 1.34027524734537e-16 4.00977221900844e-17
1.00996503496504e-07 0.00109367245756225 0.00195541612157868 -261472.673811086 -303139.991061621 1.34026954488513e-16 4.0271291285256e-17
1.01187062937064e-07 0.00104209170130517 0.0018991634207196 -279365.882066961 -286732.863944018 1.34026300500099e-16 4.04592125373787e-17
1.01377622377623e-07 0.000987203911800785 0.00184613330573834 -296152.826011711 -269357.863984334 1.34025567831331e-16 4.06611087185951e-17
1.01568181818182e-07 0.000929225030055886 0.00179650239594441 -311783.169430505 -251098.480135173 1.34024761823287e-16 4.08765676293647e-17
1.01758741258742e-07 0.000868379911641864 0.00175043115727899 -326213.726211698 -232040.409165813 1.34023888047375e-16 4.11051414399591e-17
1.01949300699301e-07 0.000804900959862034 0.00170806354807309 -339408.467435299 -212270.864516506 1.34022952256615e-16 4.13463460561345e-17
1.02139860139861e-07 0.000739026764690512 0.00166952679488214 -351338.455858509 -191877.906607199 1.34021960337609e-16 4.15996605261188e-17
1.0233041958042e-07 0.000671000760864602 0.00163493129351176 -361981.713051226 -170949.80249445 1.3402091826381e-16 4.18645265073062e-17
1.0252097902098e-07 0.000601069917424404 0.00160437062893963 -371323.025258315 -149574.421735369 1.34019832050664e-16 4.21403478122469e-17
1.02711538461539e-07 0.000529483469765989 0.00157792170663259 -379353.694697642 -127838.674213915 1.34018707713109e-16 4.24264900546249e-17
1.02902097902099e-07 0.000456491703944971 0.00155564498676904 -386071.243443399 -105827.994547206 1.34017551225863e-16 4.27222804168954e-17
1.03092657342658e-07 0.000382344801571887 0.00153758481210476 -391479.077299149 -83625.8765496807 1.34016368486815e-16 4.30270075620826e-17
1.03283216783217e-07 0.000307291752213853 0.00152376981966525 -395586.117145215 -61313.460120084 1.34015165283798e-16 4.33399217128702e-17
1.03473776223777e-07 0.000231579338790821 0.00151421342610046 -398406.405165763 -38969.1718552512 1.34013947264921e-16 4.36602349215159e-17
1.03664335664336e-07 0.000155451200057924 0.00150891437638727 -399958.693140278 -16668.4197065846 1.34012719912549e-16 4.39871215542463e-17
1.03854895104896e-07 7.9146972923196e-05 0.00150785734559425 -400266.019642589 5516.65890388889 1.34011488521004e-16 4.43197190135947e-17
1.04045454545455e-07 2.90151608328211e-06 0.00151101358361581 -399355.282549404 27517.3968889767 1.34010258177917e-16 4.46571287215838e-17
1.04236013986015e-07 -7.30557847143706e-05 0.00151834159311644 -397256.812741435 49268.7472939058 1.34009033749192e-16 4.49984173856991e-17
1.04426573426574e-07 -0.000148501630543216 0.00152978783138083 -394003.954304605 70709.3857341936 1.34007819867418e-16 4.53426185681868e-17
1.04617132867134e-07 -0.000223219344018336 0.00154528742732001 -389632.655926837 91781.7685876454 1.34006620923573e-16 4.56887345773288e-17
1.04807692307693e-07 -0.000296999327416861 0.00156476490551604 -384181.077555804 112432.150411335 1.34005441061814e-16 4.60357386969513e-17
1.04998251748252e-07 -0.000369639447463297 0.00158813490987827 -377689.215751359 132610.564308509 1.34004284177116e-16 4.63825777674954e-17
1.05188811188812e-07 -0.000440945350639694 0.00161530292021383 -370198.550547282 152270.769129235 1.34003153915508e-16 4.67281751285156e-17
1.05379370629371e-07 -0.000510730713359078 0.00164616595576582 -361751.71604245 171370.167461496 1.34002053676653e-16 4.7071433928463e-17
1.05569930069931e-07 -0.000578817431708631 0.00168061326053016 -352392.196380952 189869.698366429 1.34000986618495e-16 4.74112408030738e-17
1.0576048951049e-07 -0.000645035755733836 0.00171852696591185 -342164.048261381 207733.708743178 1.33999955663701e-16 4.77464699186608e-17
1.0595104895105e-07 -0.000709224373404877 0.00175978272701291 -331111.650642507 224929.807086106 1.33998963507643e-16 4.80759873711251e-17
1.06141608391609e-07 -0.00077123044949096 0.00180425032954721 -319279.481888935 241428.703230362 1.33998012627654e-16 4.83986559256476e-17
1.06332167832169e-07 -0.000830909624576741 0.00185179426504519 -306711.924227548 257204.037481065 1.33997105293307e-16 4.87133400758673e-17
1.06522727272728e-07 -0.000888125979397348 0.00190227427263838 -293453.09506336 272232.20229589 1.33996243577488e-16 4.90189113949968e-17
1.06713286713287e-07 -0.000942751969554099 0.00195554584629483 -279546.704430558 286492.159449067 1.33995429368052e-16 4.93142541449038e-17
1.06903846153847e-07 -0.000994668335511317 0.00201146070691174 -265035.937628527 299965.255354206 1.3399466437983e-16 4.9598271102818e-17
1.07094405594406e-07 -0.0010437639925741 0.0020698672391571 -249963.361910436 312635.036970406 1.33993950166841e-16 4.9869889559164e-17
1.07284965034966e-07 -0.00108993590531569 0.00213061089339074 -234370.855949755 324487.070466285 1.33993288134499e-16 5.01280674342318e-17
1.07475524475525e-07 -0.00113308895066846 0.00219353455338584 -218299.560703817 335508.764574349 1.3399267955169e-16 5.03717994561331e-17
1.07666083916085e-07 -0.00117313577362056 0.00225847887091757 -201789.850218834 345689.200337025 1.33992125562573e-16 5.06001233379241e-17
1.07856643356644e-07 -0.00120999663917745 0.00232528256858879 -184881.320873421 355018.968728491 1.33991627197981e-16 5.08121258880621e-17
1.08047202797204e-07 -0.00124359928395736 0.00239378271252505 -167612.797533157 363490.017434846 1.33991185386322e-16 5.10069489856476e-17
1.08237762237763e-07 -0.00127387877049748 0.00246381495679758 -150022.355082973 371095.507890535 1.33990800963883e-16 5.11837953503204e-17
1.08428321678322e-07 -0.00130077734705569 0.00253521376162522 -132147.353813213 377829.683501645 1.33990474684459e-16 5.13419340363355e-17
1.08618881118882e-07 -0.00132424431540328 0.00260781258756839 -114024.487155328 383687.74983678 1.33990207228242e-16 5.14807055813146e-17
1.08809440559441e-07 -0.00134423590882027 0.00268144406806384 -95689.8402909672 388665.767433197 1.33989999209907e-16 5.15995267425104e-17
1.09000000000001e-07 -0.00136071518222621 0.00275594016275992 -77178.958190712 392760.557748845 1.33989851185844e-16 5.16978947571308e-17
