0 -0.00139 0 0 400000 1.33808e-16 5.1803329461866e-17
6.89873417721519e-10 -0.00136644853871383 0.000275949367088608 68277.6308846834 394172.706400969 1.33836398532381e-16 5.16729795891911e-17
1.37974683544304e-09 -0.00129607377480843 0.000543847547862372 134925.801755859 376664.751415092 1.33875996992295e-16 5.1270347629564e-17
2.06962025316456e-09 -0.00118057260372501 0.000795667634191562 198249.678339687 347620.277602097 1.33927417252297e-16 5.06183342881055e-17
2.75949367088608e-09 -0.00102284016275206 0.00102352502602717 256447.110365162 307333.574863228 1.33991188715781e-16 4.97526282049794e-17
3.44936708860759e-09 -0.000827057082115754 0.00121980314512874 307581.748350152 256327.904961005 1.34067693545975e-16 4.87185318627268e-17
4.13924050632911e-09 -0.000598785600539495 0.00137734287772547 349590.425023311 195458.290006236 1.34157078645038e-16 4.75672868577265e-17
4.82911392405063e-09 -0.000345046583276232 0.00148970943380386 380337.376284404 126027.478302901 1.34259137925666e-16 4.63524204039176e-17
5.51898734177215e-09 -7.43410406294261e-05 0.00155154086874011 397726.067451491 49897.6734041833 1.34373173665522e-16 4.51265332325581e-17
6.20886075949367e-09 0.00020342643835043 0.00155896802793713 399873.846445336 -30426.8680121073 1.34497853305871e-16 4.39387866806355e-17
6.89873417721519e-09 0.000477165736297919 0.00151007608450244 385344.009297116 -111777.437059515 1.3463108724342e-16 4.2833176653553e-17
7.58860759493671e-09 0.000734995797375423 0.0014053550267074 353414.019888148 -190391.149457557 1.34769961806819e-16 4.18475437254072e-17
8.27848101265823e-09 0.000964830076753577 0.00124806502864586 304339.858696829 -262098.979659711 1.34910765861922e-16 4.10131802978401e-17
8.96835443037975e-09 0.0011551333675605 0.00104442991941964 239560.202541026 -322637.56650082 1.35049144432769e-16 4.03548572610516e-17
9.65822784810127e-09 0.00129578772435681 0.000803576395485341 161778.239849783 -368060.908264655 1.35180394293455e-16 3.98910926185253e-17
1.03481012658228e-08 0.00137896331038479 0.000537164373865174 74870.9029669872 -395193.950652898 1.35299884554987e-16 3.96345082483652e-17
1.10379746835443e-08 0.00139986315721924 0.00025870457241588 -16392.2891159939 -402043.724753971 1.35403546459569e-16 3.95921555057793e-17
1.17278481012658e-08 0.00135721248517354 -1.73768146184597e-05 -106792.031663617 -388078.242278563 1.35488344269184e-16 3.9765727269803e-17
1.24177215189873e-08 0.00125339932684849 -0.000276807653422694 -191189.290483694 -354306.058399143 1.35552628690845e-16 4.01516095281661e-17
1.31075949367089e-08 0.00109423719419351 -0.000506520958675923 -265041.448682689 -303135.89658737 1.35596294845621e-16 4.07407595108895e-17
1.37974683544304e-08 0.00088839417271436 -0.000695538490749405 -324807.116399967 -238050.158303257 1.35620714314395e-16 4.15184315100851e-17
1.44873417721519e-08 0.000646593345340117 -0.000835578078723301 -368175.042582931 -163168.472458105 1.35628468197788e-16 4.24638078423935e-17
1.51772151898734e-08 0.000380719575528833 -0.000921338428762957 -394100.803191451 -82793.5707112641 1.35622953670724e-16 4.35496315016019e-17
1.58670886075949e-08 0.000102962594931949 -0.000950479262683679 -402680.076259813 -1019.89911122758 1.35607955118237e-16 4.47419767036991e-17
1.65569620253165e-08 -0.000174906148451917 -0.000923362449026122 -394915.441514059 78545.1016622257 1.35587260816671e-16 4.60003276186881e-17
1.7246835443038e-08 -0.000442070529033832 -0.000842642710331378 -372440.48287629 152932.215646463 1.35564377078124e-16 4.72781535268436e-17
1.79367088607595e-08 -0.000689011518774237 -0.000712795766086993 -337254.920612494 219847.595292528 1.35542357939384e-16 4.85241562385081e-17
1.8626582278481e-08 -0.000907676522508817 -0.000539654959273681 -291505.999807387 277625.355040916 1.35523741108616e-16 4.96843083963875e-17
1.93164556962025e-08 -0.00109151685792249 -0.000330003645273042 -237332.26445518 325129.553739765 1.35510565019086e-16 5.07046908203065e-17
2.0006329113924e-08 -0.0012354392505119 -9.12471744284687e-05 -176770.935303645 361635.92091403 1.35504436944715e-16 5.15349792639367e-17
2.06962025316456e-08 -0.00133571395318999 0.000168830706721442 -111720.900813765 386716.380808705 1.35506624706316e-16 5.21322526265573e-17
2.13860759493671e-08 -0.00138987433250871 0.000442235508352121 -43949.1252119665 400141.69394075 1.35518150569707e-16 5.24646429112235e-17
2.20759493670886e-08 -0.00139663351782222 0.000720870329394721 24872.5820694004 401811.18618643 1.35539872497681e-16 5.25142775131331e-17
2.27658227848101e-08 -0.00135583471036145 0.000996605849840407 93112.7207729919 391714.132765224 1.35572543305181e-16 5.22790185682386e-17
2.34556962025316e-08 -0.00126844360032988 0.00126133491129797 159118.389153954 369924.652621153 1.35616841953997e-16 5.1772687382943e-17
2.41455696202532e-08 -0.0011365838875495 0.00150703515181513 221157.351663917 336630.262023336 1.35673373426346e-16 5.10237331013432e-17
2.48354430379747e-08 -0.0009636096057248 0.00172586271697228 277374.774280198 292192.678046639 1.35742634961197e-16 5.00725876293828e-17
2.55253164556962e-08 -0.000754200226803693 0.00191029844770929 325776.410812148 237237.184312218 1.35824947747699e-16 4.89681625096612e-17
2.62151898734177e-08 -0.000514456062003306 0.00205336436984044 364250.922096029 172763.133214282 1.35920355347042e-16 4.77640348427391e-17
2.69050632911392e-08 -0.000251962584241524 0.00214892157149053 390643.776405732 100262.557682754 1.36028494014885e-16 4.65148310417795e-17
2.75949367088607e-08 2.42157764741113e-05 0.00219204933530687 402892.255590785 21826.659244035 1.36148446322905e-16 4.52731829131987e-17
2.82848101265823e-08 0.000303656643253127 0.00217948885179097 399223.808908618 -59787.5492615552 1.36278598000423e-16 4.40874544894891e-17
2.89746835443038e-08 0.000574857872505745 0.00211011347748348 378407.273572228 -141163.253945854 1.36416527546696e-16 4.30002713957271e-17
2.96645569620253e-08 0.000825702750585036 0.00198536412456406 340028.909470305 -218334.123683736 1.36558966065151e-16 4.20477602274739e-17
3.03544303797468e-08 0.00104411626724629 0.001809568698646 284746.175757505 -287019.052303484 1.36701866447043e-16 4.12593345751173e-17
3.10443037974683e-08 0.00121887822273175 0.00159005667912061 214458.297623922 -342977.93353517 1.36840611391964e-16 4.065784138581e-17
3.17341772151899e-08 0.00134051430368133 0.00133699224768581 132332.298863389 -382452.009669317 1.36970365603974e-16 4.02598923752841e-17
3.24240506329114e-08 0.00140214729877505 0.00106288626903048 42642.7784025657 -402618.785314406 1.37086540900368e-16 4.00762351477121e-17
3.31139240506329e-08 0.00140017223174887 0.000781805308262154 -49576.953645424 -401970.786419593 1.37185303439109e-16 4.01120558094304e-17
3.38037974683544e-08 0.00133463317821612 0.000508361316573491 -139025.591575137 -380531.737664107 1.37264025206899e-16 4.03671423234956e-17
3.44936708860759e-08 0.00120922780108199 0.000256618570147085 -220677.999467272 -339856.678894872 1.37321582012135e-16 4.08358733384767e-17
3.51835443037975e-08 0.00103093680611175 3.90761611002992e-05 -290277.51871895 -282815.076794366 1.37358432649618e-16 4.15070315616088e-17
3.5873417721519e-08 0.000809348190902804 -0.000134133649416488 -344686.513116218 -213209.24045386 1.37376469134473e-16 4.23634761036716e-17
3.65632911392405e-08 0.000555797981725059 -0.000255742263601208 -382046.46808326 -135314.886832035 1.37378685190757e-16 4.3381746356709e-17
3.7253164556962e-08 0.000282466600376162 -0.000321514457349904 -401749.056806335 -53436.2769683631 1.37368748247194e-16 4.45317106572364e-17
3.79430379746836e-08 1.55319870221571e-06 -0.000330129476502123 -404260.403133533 28452.204889833 1.37350568058447e-16 4.57764126996693e-17
3.86329113924051e-08 -0.000275389328510139 -0.00028285180573667 -390861.422559879 106940.579677714 1.37327935875823e-16 4.70722995209237e-17
3.93227848101266e-08 -0.000537922598710978 -0.00018308374110353 -363366.882846807 179290.699428777 1.37304274627361e-16 4.83700244686422e-17
4.00126582278481e-08 -0.000776998657319616 -3.58840168826784e-05 -323871.339166239 243437.823112166 1.37282507079332e-16 4.96159915767851e-17
4.07025316455696e-08 -0.000985075114510714 0.000152484027025373 -274550.233072253 297919.256416173 1.37265024870672e-16 5.07547304846352e-17
4.13924050632912e-08 -0.00115611398730012 0.000374935991115548 -217526.214664809 341763.885391342 1.37253729468848e-16 5.17320588376914e-17
4.20822784810127e-08 -0.00128551032364799 0.000623865374272063 -154797.721681569 374370.872456229 1.37250114442721e-16 5.24988150157808e-17
4.27721518987342e-08 -0.00136999120026606 0.000891358778482175 -88219.5702652678 395397.860436993 1.37255362923111e-16 5.30147636030771e-17
4.34620253164557e-08 -0.00140751694161317 0.00116933957223497 -19522.5575447879 404671.545485034 1.37270440878882e-16 5.32521429665576e-17
4.41518987341773e-08 -0.00139720699427636 0.00144965883770251 49640.9523590896 402127.759764318 1.37296173282817e-16 5.3198293930615e-17
4.48417721518988e-08 -0.00133930409849685 0.00172415574379387 117637.42387128 387784.455646951 1.37333295144753e-16 5.28569130805132e-17
4.55316455696203e-08 -0.00123518250361551 0.00198471081603764 182789.496297647 361748.740308769 1.37382472541287e-16 5.22477022854754e-17
4.62215189873418e-08 -0.00108739862543274 0.00222331573644604 243320.953714972 324257.587511601 1.3744429058608e-16 5.14044795713955e-17
4.69113924050633e-08 -0.000899775127887694 0.00243218250996336 297320.531283414 275750.161276544 1.37519206499884e-16 5.03720909583646e-17
4.76012658227849e-08 -0.000677501386142356 0.00260391265960804 342736.810924666 216966.968966395 1.37607467443045e-16 4.92026416031483e-17
4.82911392405064e-08 -0.000427224508436973 0.00273174258747908 377417.171346944 149066.654315966 1.37708995493418e-16 4.79516087453033e-17
4.89810126582279e-08 -0.000157096158614713 0.00280987303802864 399202.819387773 73744.9185051024 1.37823246915629e-16 4.66743179101748e-17
4.96708860759494e-08 0.000123267006569563 0.00283387745621155 406087.659808725 -6667.59712006815 1.37949060128326e-16 4.54231030485853e-17
5.03607594936709e-08 0.000402954510700873 0.00280116543449434 396439.55400734 -89158.8186811001 1.38084516166083e-16 4.42452882092435e-17
5.10506329113925e-08 0.000670104898097709 0.00271145458446239 369267.707369288 -170073.996199288 1.38226845192342e-16 4.31819700969655e-17
5.1740506329114e-08 0.000912443172330483 0.0025671808900854 324500.973908882 -245269.221334968 1.38372419191635e-16 4.22674730141982e-17
5.24303797468355e-08 0.0011180048743036 0.00237376071453292 263223.386391517 -310393.374732598 1.38516869292481e-16 4.1529294406837e-17
5.3120253164557e-08 0.00127599666875198 0.00213961585954035 187802.845985695 -361284.206894425 1.38655351281481e-16 4.09883505510789e-17
5.38101265822786e-08 0.00137769830201809 0.00187589404646095 101855.050006317 -394429.099706508 1.38782952928087e-16 4.06593522533085e-17
5.45000000000001e-08 0.00141727672272468 0.00159586303362512 10012.1815069329 -407409.789422114 1.38895196421126e-16 4.05511751457251e-17
5.51898734177216e-08 0.00139237495674392 0.00131402013926181 -82488.9095524384 -399237.007462401 1.38988550943605e-16 4.06671279317191e-17
5.58797468354431e-08 0.00130436522999637 0.00104502349301799 -170334.705101979 -370495.814699618 1.39060850872827e-16 4.10050595628394e-17
5.65696202531646e-08 0.00115821510693367 0.000802595800682048 -248679.681833336 -323264.708878732 1.39111527049268e-16 4.15572818520125e-17
5.72594936708862e-08 0.000961991092999666 0.000598559419097553 -313602.40014054 -260827.822462617 1.39141602221503e-16 4.23103190655327e-17
5.79493670886077e-08 0.000726092823311034 0.00044212966305733 -362394.307653668 -187248.940487021 1.39153462284213e-16 4.32445329274641e-17
5.86392405063292e-08 0.000462352035736899 0.000339532983268982 -393650.041953047 -106901.194367634 1.39150469127683e-16 4.43337115313964e-17
5.93291139240507e-08 0.000183135006183094 0.000293948691692184 -407177.528026302 -24041.4120160526 1.39136509553283e-16 4.55447526617295e-17
6.00189873417722e-08 -9.94401037184153e-05 0.000305717531714529 -403781.045618455 57509.648908686 1.39115571693082e-16 4.68376109198062e-17
6.07088607594938e-08 -0.000374104279113074 0.000372729510712051 -384983.32684092 134556.469560308 1.39091413434521e-16 4.81657040783957e-17
6.13987341772153e-08 -0.000630836760969353 0.000490898261535535 -352746.177705264 204594.641648044 1.39067351269359e-16 4.94769731018679e-17
6.20886075949368e-08 -0.000861078569402933 0.000654643155335364 -309231.33297069 265780.894928359 1.3904616622061e-16 5.07157463006099e-17
6.27784810126583e-08 -0.00105779890112435 0.000857323937062963 -256622.979704638 316842.138217447 1.39030103291888e-16 5.18254591364422e-17
6.34683544303798e-08 -0.00121546125657391 0.00109159749813219 -197016.550145026 356956.310902641 1.39020932979368e-16 5.27521277401176e-17
6.41582278481013e-08 -0.0013299345794916 0.0013496873897673 -132367.368700089 385630.842001186 1.39020044556851e-16 5.3448287417382e-17
6.48481012658228e-08 -0.00139838748544029 0.00162357183922144 -64487.2628961494 402596.356135504 1.39028546759232e-16 5.38769316117191e-17
6.55379746835444e-08 -0.00141919429437804 0.00190510558778323 4924.2761586009 407726.230044282 1.39047358585421e-16 5.40148805584849e-17
6.62278481012659e-08 -0.0013918721952766 0.00218609612394443 74227.2084926216 400987.563286607 1.39077279082309e-16 5.38550240878143e-17
6.69177215189874e-08 -0.00131706034335763 0.00245835733694288 141777.962788154 382425.987909357 1.39119029327323e-16 5.340703910144e-17
6.76075949367089e-08 -0.00119654401792597 0.0027137644472 205867.162009476 352184.87683678 1.39173262467048e-16 5.2696449648274e-17
6.82974683544304e-08 -0.00103331964808817 0.00294433390275907 264668.871022045 310558.062583827 1.39240539170441e-16 5.17622032181816e-17
6.89873417721519e-08 -0.000831688899337723 0.00314235074789147 316212.989150567 258073.2392599 1.39321267046973e-16 5.06531921082351e-17
6.96772151898735e-08 -0.000597361646618098 0.00330056313310646 358393.508931464 195599.967618667 1.39415604402437e-16 4.94242853841452e-17
7.0367088607595e-08 -0.000337538602749965 0.00341245799485016 389025.732951527 124471.074286876 1.39523332099225e-16 4.81324327770608e-17
7.10569620253165e-08 -6.09355638706701e-05 0.00347262209032495 405963.685150811 46599.2303949146 1.39643703017927e-16 4.68332822521707e-17
7.1746835443038e-08 0.000222295216436718 0.00347717739210621 407283.10992442 -35437.4218690344 1.39775286931438e-16 4.55785724477641e-17
7.24367088607595e-08 0.000500791783603902 0.00342425926563375 391524.180290036 -118373.23418826 1.39915838708739e-16 4.4414377376509e-17
7.3126582278481e-08 0.000762393685818568 0.00331448189510425 357971.236808225 -198330.640686571 1.40062227247568e-16 4.33801349824638e-17
7.38164556962025e-08 0.000994751869322929 0.00315131303803547 306927.0430048 -271019.365506218 1.40210467100967e-16 4.25083011626593e-17
7.45063291139241e-08 0.0011861156668053 0.00294126719708304 239922.02916156 -332064.772743323 1.40355888938739e-16 4.18244345995348e-17
7.51962025316456e-08 0.00132623014536515 0.00269383166067851 159793.260467576 -377439.017713719 1.40493464310908e-16 4.13475217872617e-17
7.58860759493671e-08 0.0014072333590505 0.00242106999530695 70581.3268147839 -403932.672220175 1.40618264689455e-16 4.10903796048814e-17
7.65759493670886e-08 0.00142441585788633 0.00213690172604745 -22771.5510655678 -409577.340851479 1.40725992084392e-16 4.10600109551766e-17
7.72658227848101e-08 0.00137670823696338 0.00185612422814969 -114889.337846412 -393925.372709781 1.40813483731778e-16 4.12578286556473e-17
7.79556962025316e-08 0.0012668023257331 0.00159330380542365 -200515.437132541 -358118.359048037 1.40879083438621e-16 4.16797003461093e-17
7.86455696202532e-08 0.00110088013235695 0.00136169656982275 -275044.284502666 -304726.288660581 1.40922796691363e-16 4.23158028946432e-17
7.93354430379747e-08 0.000888001919447447 0.00117235324683344 -334930.336003174 -237396.554396045 1.4094620019217e-16 4.31503108451947e-17
8.00253164556962e-08 0.000639266655601145 0.00103351743156193 -377909.977102543 -160395.152791104 1.40952139442741e-16 4.41609821445528e-17
8.07151898734177e-08 0.000366886962977244 0.000950360145391442 -403023.285939949 -78137.1131542889 1.40944296311403e-16 4.53187463812267e-17
8.14050632911392e-08 8.3312540439027e-05 0.000925026939756654 -410469.254763944 5211.45077961884 1.40926726370779e-16 4.65874436287989e-17
8.20949367088607e-08 -0.000199499938095091 0.000956925579060431 -401355.866684948 86010.5044921981 1.4090345237572e-16 4.79238989458709e-17
8.27848101265822e-08 -0.000470620277091398 0.00104316071878304 -377411.696684227 161290.158568976 1.40878167213062e-16 4.92785369420533e-17
8.34746835443038e-08 -0.000720475981208609 0.00117902482521237 -340713.784340368 228778.054888935 1.4085406269959e-16 5.05967268774975e-17
8.41645569620253e-08 -0.000941007765640717 0.00135847344224562 -293466.564236488 286842.106488924 1.40833771671003e-16 5.18209855384883e-17
8.48544303797468e-08 -0.00112569295324121 0.00157453815947131 -237846.76709668 334384.124459109 1.40819394778205e-16 5.28940434583517e-17
8.55443037974683e-08 -0.00126948464980561 0.00181965486889591 -175914.12966077 370715.38490448 1.40812579192922e-16 5.37626068048729e-17
8.62341772151898e-08 -0.00136871039044428 0.00208590412208339 -109578.75661491 395437.243997857 1.40814619951173e-16 5.43814525681373e-17
8.69240506329113e-08 -0.00142096547892445 0.00236517356794075 -40612.1300252193 408341.832122632 1.40826561583045e-16 5.4717331045852e-17
8.76139240506328e-08 -0.00142502655893341 0.00264926033098725 29311.7580427185 409341.408804546 1.40849284820132e-16 5.47520781602222e-17
8.83037974683544e-08 -0.00138080173318097 0.00292993527177778 98557.6614194471 398430.609278658 1.40883568865863e-16 5.44844058208279e-17
8.89936708860759e-08 -0.00128932530291412 0.00319899281613657 165464.040289692 375683.219995383 1.40930123496138e-16 5.39300449915343e-17
8.96835443037974e-08 -0.00115279769721352 0.00344831046883571 228282.465273457 341283.533234069 1.40989587430938e-16 5.31202153350152e-17
9.03734177215189e-08 -0.000974663786976989 0.00366994164864193 285132.530763449 295590.844724313 1.41062490692836e-16 5.20987020551069e-17
9.10632911392404e-08 -0.000759714894708956 0.00385626385169909 333984.37549223 239233.364309165 1.41149179951173e-16 5.09180464826243e-17
9.17531645569619e-08 -0.000514191083625247 0.00400020051945787 372681.955490237 173223.934823478 1.41249708122043e-16 4.96354464397909e-17
9.24430379746835e-08 -0.000245851055808023 0.00409552805336991 399020.068385037 99084.0755739444 1.41363693690005e-16 4.8308910905097e-17
9.3132911392405e-08 3.60314683034052e-05 0.00413726776532045 410885.130948207 18955.2575310943 1.41490162000109e-16 4.6994060832038e-17
9.38227848101265e-08 0.000320791105387939 0.00412214526972288 406462.083506941 -64331.6163883473 1.41627390110465e-16 4.57417745933996e-17
9.4512658227848e-08 0.000596658112471599 0.00404907742528744 384496.377263346 -147262.948039353 1.41772787386881e-16 4.45966976513168e-17
9.52025316455695e-08 0.000851240647279946 0.00391962240087472 344581.427844552 -225758.541747534 1.41922852718912e-16 4.35965057920166e-17
9.5892405063291e-08 0.00107220576568391 0.003738307863816 287421.841253748 -295418.013204409 1.42073251044267e-16 4.27717397511387e-17
9.65822784810125e-08 0.00124812252146602 0.00351274433704918 215008.205851497 -351893.330809819 1.42219041129651e-16 4.21460087696825e-17
9.72721518987341e-08 0.00136938361405895 0.00325344422323063 130639.235967476 -391348.282519697 1.42355059766078e-16 4.17363756906008e-17
9.79620253164556e-08 0.00142908143513413 0.00297330645036246 38748.3593362961 -410930.37976922 1.42476427103802e-16 4.15537702110848e-17
9.86518987341771e-08 0.00142369594843711 0.00268678806212017 -55466.0446264027 -409159.497201015 1.42579094543131e-16 4.16033174046554e-17
9.93417721518986e-08 0.00135346792374231 0.00240885279998758 -146555.5227584 -386143.223301091 1.42660327620405e-16 4.18845086448799e-17
1.0003164556962e-07 0.00122238316145245 0.00215384136602188 -229387.118023643 -343564.897276326 1.4271901781912e-16 4.23911795340531e-17
1.00721518987342e-07 0.00103776882254485 0.00193442897372593 -299648.918093111 -284446.377877539 1.42755754342492e-16 4.31112956001612e-17
1.01411392405063e-07 0.000809578783103188 0.00176081469367825 -354202.92375391 -212743.285827625 1.4277264832048e-16 4.40265839478263e-17
1.02101265822785e-07 0.000549497562475686 0.00164023152828495 -391237.269988878 -132865.319923215 1.42772964279718e-16 4.51120897572596e-17
1.02791139240506e-07 0.000270008237190409 0.0015767958054897 -410222.685331202 -49218.1146818821 1.42760653698291e-16 4.63357803295351e-17
1.03481012658228e-07 -1.64500995598798e-05 0.00157165166405608 -411719.96952147 34160.1408194103 1.42739891840255e-16 4.76583624274309e-17
1.04170886075949e-07 -0.000298152596605734 0.00162332659414489 -397105.316076239 113830.966922241 1.42714696264608e-16 4.90335123235321e-17
1.04860759493671e-07 -0.000564552866059673 0.00172820156259141 -368278.487919743 187056.016732952 1.42688668077955e-16 5.04087285786694e-17
1.05550632911392e-07 -0.000806548916183113 0.00188100911402655 -327402.673940849 251789.633858353 1.42664860759297e-16 5.17269882146245e-17
1.06240506329114e-07 -0.00101658567440946 0.00207529541315819 -276703.756811214 306598.625779494 1.4264575610564e-16 5.29293024291416e-17
1.06930379746835e-07 -0.00118864120934397 0.00230380817856817 -218337.896822224 350544.395042328 1.42633315073536e-16 5.39581232445827e-17
1.07620253164557e-07 -0.00131814444853041 0.00255879552505952 -154323.238308356 383056.226499976 1.42629070397791e-16 5.47613619969554e-17
1.08310126582278e-07 -0.00140186588853993 0.002832218008574 -86524.4943757173 403816.071849622 1.42634233269627e-16 5.52965838946832e-17
1.09e-07 -0.00143781345787757 0.00311588740697034 -16676.7372145205 412667.421723192 1.42649793889555e-16 5.55347995078035e-17
