0 -0.00139 0 0 400000 1.33808e-16 5.1803329461866e-17
6.19318181818182e-10 -0.00137101954159517 0.000247727272727273 61294.6913623863 395303.701013487 1.33826444783974e-16 5.16965070705906e-17
1.23863636363636e-09 -0.00131425966061472 0.000489631127056521 121412.39678667 381197.791811826 1.33852095235255e-16 5.13685228144593e-17
1.85795454545455e-09 -0.00122081936502423 0.000719902013350472 179137.878042244 357773.701522189 1.33885274831161e-16 5.08343851200911e-17
2.47727272727273e-09 -0.00109256566594174 0.000932810449014593 233191.925793041 325212.137896041 1.33926260254691e-16 5.01177837268708e-17
3.09659090909091e-09 -0.000932180886743839 0.0011227727642534 282211.83236606 283824.734914919 1.33975258726259e-16 4.92493498355454e-17
3.71590909090909e-09 -0.000743218035744225 0.00128444725456183 324747.733015679 234109.377586408 1.34032371573224e-16 4.82645668479528e-17
4.33522727272727e-09 -0.000530152613598717 0.00141286822568499 359280.739562017 176815.077805006 1.34097545090143e-16 4.72015861215487e-17
4.95454545454545e-09 -0.000298415556502241 0.00150362218931327 384268.478043221 113009.765644229 1.34170511252548e-16 4.60991748423365e-17
5.57386363636364e-09 -5.4388802567151e-05 0.00155306548999414 398222.208692402 44141.3133217952 1.34250723034368e-16 4.49949632286118e-17
6.19318181818182e-09 0.000194656921906151 0.0015585756832303 399816.603222739 -27920.97630881 1.34337291870326e-16 4.39240845799215e-17
6.8125e-09 0.000440701888848844 0.00151882023715426 388028.129927179 -100879.396062509 1.34428937834355e-16 4.291823138121e-17
7.43181818181818e-09 0.0006752101189796 0.00143401648000522 362290.994962082 -172050.416925347 1.34523965624953e-16 4.20050953332152e-17
8.05113636363636e-09 0.000889461300587913 0.00130614791198825 322651.661242267 -238468.413305111 1.34620280332195e-16 4.12081236516041e-17
8.67045454545454e-09 0.0010749739838974 0.00113909658802903 269896.040348036 -297054.221305867 1.34715454905527e-16 4.05465075588133e-17
9.28977272727273e-09 0.00122399449889194 0.000938652125308629 205620.208348168 -344840.113998165 1.34806855229943e-16 4.00353175640073e-17
9.90909090909091e-09 0.00133000795213286 0.000712367260809901 132218.6007255 -379228.440918537 1.3489181869014e-16 3.96857087420804e-17
1.05284090909091e-08 0.00138821371876564 0.000469248256134641 52774.5146625254 -398248.36056617 1.34967869564328e-16 3.95051330839023e-17
1.11477272727273e-08 0.0013959029341602 0.000219293553250857 -29144.6617767979 -400768.393937494 1.3503294273454e-16 3.94975116685042e-17
1.17670454545455e-08 0.00135268296776072 -2.7079177439989e-05 -109764.736304313 -386625.607508038 1.35085580148656e-16 3.96633349527071e-17
1.23863636363636e-08 0.00126051384845103 -0.000259655847137924 -185414.631381171 -356645.884201481 1.35125065661063e-16 3.99996742243547e-17
1.30056818181818e-08 0.00112355026252916 -0.000469026560833445 -252820.852140636 -312550.902884832 1.35151474278209e-16 4.05001014629537e-17
1.3625e-08 0.000947813172540513 -0.000647096153763101 -309342.091619506 -256770.025391099 1.35165629003305e-16 4.11545291810209e-17
1.42443181818182e-08 0.000740739713719219 -0.000787454274545396 -353113.863117032 -192192.556896869 1.3516897726844e-16 4.19489969565092e-17
1.48636363636364e-08 0.00051067323029826 -0.000885580394621808 -383093.113043997 -121903.212928883 1.35163413642304e-16 4.28654475568953e-17
1.54829545454545e-08 0.000266355325626992 -0.000938886191107274 -399012.316883865 -48940.2936476422 1.35151082217512e-16 4.38815522259546e-17
1.61022727272727e-08 1.64707209459285e-05 -0.000946619848912717 -401266.496912829 23895.2131188117 1.35134190117745e-16 4.49706601198894e-17
1.67215909090909e-08 -0.000230721842260699 -0.00090967021895612 -390762.622377819 94166.0026493186 1.35114855152655e-16 4.61019579171316e-17
1.73409090909091e-08 -0.000467658330070325 -0.000830312794422357 -368759.560197376 159860.275172905 1.35094999477851e-16 4.72409278348384e-17
1.79602272727273e-08 -0.00068763967880335 -0.000711935884953567 -336720.587772765 219398.713856711 1.35076290657967e-16 4.83501804766252e-17
1.85795454545455e-08 -0.000884916886598811 -0.000558777108192594 -296192.378423735 271601.350534884 1.35060123955893e-16 4.93907085196421e-17
1.91988636363636e-08 -0.00105471038775129 -0.00037569030550542 -248716.672734676 315630.008910678 1.35047635632238e-16 5.0323556302123e-17
1.98181818181818e-08 -0.00119318490685798 -0.000167953423242074 -195774.895603626 350920.261893208 1.35039736055043e-16 5.11118320023923e-17
2.04375e-08 -0.00129739965419137 5.88799717447322e-05 -138762.16125065 377113.793519039 1.35037152474676e-16 5.1722913117462e-17
2.10568181818182e-08 -0.00136525064719676 0.000299088639579346 -78985.1812877889 393998.810558208 1.3504047336099e-16 5.21306285581022e-17
2.16761363636364e-08 -0.00139541817039878 0.000546857977348696 -17678.0107688976 401463.356033162 1.35050188422092e-16 5.23171612119085e-17
2.22954545454546e-08 -0.00138732857543346 0.000796329847070784 43970.2542420114 399464.294997508 1.35066720345136e-16 5.22744197423174e-17
2.29147727272727e-08 -0.00134113607775414 0.00104163826163631 104781.268813556 388013.352091829 1.35090445724327e-16 5.20046844241159e-17
2.35340909090909e-08 -0.00125772696372012 0.00127694177678425 163551.793093094 367180.695348943 1.3512170357853e-16 5.15204314399636e-17
2.41534090909091e-08 -0.00113874555287132 0.00149646351162792 219021.574641401 337115.914416011 1.35160790442521e-16 5.08433620578093e-17
2.47727272727273e-08 -0.000986638166860151 0.00169454942178261 269849.925281016 298085.53842908 1.35207941441108e-16 5.0002778816661e-17
2.53920454545455e-08 -0.000804708058899439 0.00186575465240726 314606.56291089 250525.192952173 1.35263297255073e-16 4.90335337262761e-17
2.60113636363636e-08 -0.000597170682398522 0.00200496620946598 351782.651311831 195102.870134227 1.35326857701134e-16 4.79738077161559e-17
2.66306818181818e-08 -0.00036919495028538 0.00210756739006018 379827.895345606 132787.456180279 1.35398423992436e-16 4.68629650008502e-17
2.725e-08 -0.000126912672523607 0.00216964496108391 397218.510146111 64913.7024869581 1.35477533767318e-16 4.57396723279894e-17
2.78693181818182e-08 0.000122624072335294 0.00218823365197677 402558.308262537 -6768.36742623994 1.35563395664312e-16 4.4640399793436e-17
2.84886363636364e-08 0.000371558161792513 0.00216158416960155 394710.5924606 -80074.2560723432 1.35654833308697e-16 4.35983456527717e-17
2.91079545454546e-08 0.00061143261288068 0.00208943131147537 372951.96258949 -152411.506907724 1.3575025141808e-16 4.26427660211496e-17
2.97272727272727e-08 0.00083349530977511 0.00197322935056693 337131.234284434 -220865.149771906 1.35847638282685e-16 4.17986483580878e-17
3.03465909090909e-08 0.00102910001499473 0.00181631505997981 287809.086406377 -282348.677883894 1.35944617810872e-16 4.10866458206161e-17
3.09659090909091e-08 0.00119018335621296 0.00162395743011221 226349.352400207 -333816.037462569 1.36038559455394e-16 4.05231845106046e-17
3.15852272727273e-08 0.00130977886782617 0.00140325990532708 154933.87734289 -372515.929021823 1.36126745219958e-16 4.0120662190018e-17
3.22045454545455e-08 0.00138251328826869 0.00116289697686419 76481.5388347986 -396255.801930833 1.36206580611483e-16 3.98876701369234e-17
3.28238636363636e-08 0.00140502220120427 0.000912690796083155 -5531.85277681917 -403633.846252418 1.36275823649987e-16 3.98291855540616e-17
3.34431818181818e-08 0.00137622582705724 0.000663060720794869 -87335.6942095476 -394197.266858527 1.36332796960587e-16 3.99466979157922e-17
3.40625e-08 0.00129742254231811 0.00042440280916178 -165172.726387382 -368495.986863296 1.36376546485397e-16 4.02382478465197e-17
3.46818181818182e-08 0.00117218478001245 0.000206470525534464 -235605.723645544 -328020.703338174 1.36406918356047e-16 4.06983716082955e-17
3.53011363636364e-08 0.0010060730551144 1.78280022352257e-05 -295775.477241333 -275037.41313572 1.36424541479072e-16 4.13179586687906e-17
3.59204545454545e-08 0.00080621117131271 -0.000134567021063917 -343574.592995248 -212350.186795787 1.36430722758306e-16 4.20840448748862e-17
3.65397727272727e-08 0.000580782699345202 -0.000245617825469503 -377720.926462694 -143034.563031857 1.36427278645337e-16 4.29795799050481e-17
3.71590909090909e-08 0.000338512564960902 -0.000312175895261675 -397735.059619645 -70183.4911083462 1.36416336132553e-16 4.39832246258497e-17
3.77784090909091e-08 8.8189147476804e-05 -0.000332979950662971 -403842.330101019 3301.83609867674 1.36400136690655e-16 4.50692503536079e-17
3.83977272727273e-08 -0.000161734175673016 -0.000308482361667564 -396828.337890869 74858.2754705724 1.36380869556822e-16 4.62076250672805e-17
3.90170454545454e-08 -0.000403438340452504 -0.00024060510962559 -377877.425376406 142340.596031887 1.36360549748379e-16 4.73643771543652e-17
3.96363636363636e-08 -0.000629936555193811 -0.000132465714046406 -348418.460713274 204042.465813845 1.36340944980811e-16 4.85023201048457e-17
4.02556818181818e-08 -0.000835181693446476 1.18938180821996e-05 -309994.31499394 258672.520262758 1.36323546968975e-16 4.9582196616487e-17
4.0875e-08 -0.00101410155946616 0.000187751866967256 -264163.329339628 305301.456867072 1.36309577468389e-16 5.05642547859656e-17
4.14943181818181e-08 -0.00116258333388361 0.000389912713907496 -212434.474682642 343294.927137416 1.36300017638639e-16 5.14102038292209e-17
4.21136363636363e-08 -0.00127742786655185 0.000612868014035888 -156233.452747969 372244.138462952 1.36295649932768e-16 5.20854200066819e-17
4.27329545454545e-08 -0.00135629173180152 0.000850915961267745 -96894.5635002849 391902.758585967 1.36297103627584e-16 5.25611999690154e-17
4.33522727272727e-08 -0.001397631257161 0.00109824422353117 -35672.2722971235 402135.719577148 1.36304897397872e-16 5.28168079717725e-17
4.39715909090909e-08 -0.00140065885590968 0.00134898537615176 26233.5546579251 402883.207583271 1.36319474417896e-16 5.28410538023516e-17
4.4590909090909e-08 -0.00136531833508801 0.0015972550005555 87644.3500329483 394141.544168592 1.36341227074083e-16 5.26331803012961e-17
4.52102272727272e-08 -0.00129228251460358 0.00183718327841574 147366.654588941 375961.66327515 1.36370509453768e-16 5.22029298272762e-17
4.58295454545454e-08 -0.00118297338484241 0.00206295109305536 204158.013141583 348465.210819102 1.36407636443461e-16 5.15697798503329e-17
4.64488636363636e-08 -0.00103960195749984 0.00226884146639543 256700.052755322 311877.646802841 1.36452868714743e-16 5.07614609929648e-17
4.70681818181818e-08 -0.000865221728234387 0.0024493165378796 303584.212848267 266576.816507045 1.36506383325833e-16 4.98119674299252e-17
4.76874999999999e-08 -0.000663786152432162 0.00259912898016124 343316.022280453 213154.018048218 1.36568230365952e-16 4.87593195684742e-17
4.83068181818181e-08 -0.000440196792026449 0.00271347435158036 374343.938647342 152482.458814172 1.36638277251139e-16 4.76433368200067e-17
4.89261363636363e-08 -0.000200325144077578 0.00278818694955041 395118.08177001 85785.1670460818 1.3671614412278e-16 4.65036327336771e-17
4.95454545454545e-08 4.90117225666627e-05 0.00281997586710232 404182.126159078 14691.1946450453 1.36801136354986e-16 4.53779735201147e-17
5.01647727272727e-08 0.00030014268656709 0.00280669006562151 400297.648256642 -58734.0090723411 1.36892183261287e-16 4.43010637253324e-17
5.07840909090908e-08 0.000544720215009854 0.00274759180797052 382594.150799326 -131999.750314214 1.3698779517171e-16 4.3303755300754e-17
5.1403409090909e-08 0.000773996733410024 0.0026436079963904 350730.250700176 -202257.264117262 1.37086053175619e-16 4.24126275413087e-17
5.20227272727272e-08 0.000979200865763503 0.0024975209824824 305043.495995272 -266432.104908864 1.37184645695547e-16 4.1649857572461e-17
5.26420454545454e-08 0.00115199852008922 0.00231405710065334 246660.326657593 -321420.992165985 1.37280962346987e-16 4.10332916561067e-17
5.32613636363635e-08 0.00128500504257573 0.00209983536330455 177536.703287078 -364338.638526074 1.37372247490357e-16 4.05766315484083e-17
5.38806818181817e-08 0.00137229723936917 0.00186315218319025 100406.298867428 -392785.452693883 1.37455804032372e-16 4.02896621322093e-17
5.44999999999999e-08 0.0014098630041645 0.00161360008347278 18627.4381272181 -405095.849806448 1.37529224717305e-16 4.01784621682452e-17
5.51193181818181e-08 0.00139592621659223 0.00136154553411481 -64060.1564689045 -400523.825839085 1.3759061727451e-16 4.02455563679649e-17
5.57386363636363e-08 0.00133109775814156 0.00111751713504186 -143837.442357627 -379330.23327694 1.37638785637517e-16 4.04899826934601e-17
5.63579545454544e-08 0.00121832836372184 0.000891573323351879 -217121.216426275 -342754.029836359 1.37673334770762e-16 4.09072636335536e-17
5.69772727272726e-08 0.00106267010912343 0.000692723274186676 -280843.172741138 -292872.983584632 1.37694680991722e-16 4.14892847246598e-17
5.75965909090908e-08 0.000870882881495418 0.000528464218844628 -332652.459699532 -232380.97910766 1.37703969111892e-16 4.22240985738437e-17
5.8215909090909e-08 0.000650942930355745 0.000404476077602158 -371019.297405132 -164322.85414673 1.37702916249282e-16 4.30956886946355e-17
5.88352272727272e-08 0.000411518326256777 0.000324486453676865 -395238.370003251 -91830.4284558113 1.37693614311253e-16 4.40837445594603e-17
5.94545454545453e-08 0.000161470823025822 0.000290292824788089 -405348.801781033 -17895.9469521219 1.37678326169727e-16 4.51635163739449e-17
6.00738636363635e-08 -9.05712608509472e-05 0.000301909704897659 -401998.422887454 54794.5233075075 1.3765930516672e-16 4.63058328219168e-17
6.06931818181817e-08 -0.000336543726507759 0.000357799094152102 -386282.724011262 123960.231748121 1.3763865703355e-16 4.74773735670215e-17
6.13124999999999e-08 -0.000569173900759606 0.000455142147330716 -359585.013611965 187762.350332978 1.37618251557977e-16 4.8641285542335e-17
6.19318181818181e-08 -0.000782112516563333 0.000590116163891769 -323436.735263688 244790.84034378 1.37599681531001e-16 4.97582125977886e-17
6.25511363636362e-08 -0.000969987070712461 0.000758150593633209 -279408.527631039 294017.536870779 1.37584260214412e-16 5.07877678920324e-17
6.31704545454544e-08 -0.00112839780253996 0.000954146018880319 -229035.399078508 334730.95734162 1.37573045877481e-16 5.16904172870708e-17
6.37897727272726e-08 -0.00125387762915611 0.00117264918691419 -173774.261174951 366465.774118623 1.37566882023145e-16 5.24296658527359e-17
6.44090909090908e-08 -0.00134383504758663 0.00140798425592983 -114989.084866874 388936.554715739 1.37566443622482e-16 5.29743615788068e-17
6.5028409090909e-08 -0.00139649543899933 0.00165434535553428 -53957.6784013075 401982.192838417 1.37572281987473e-16 5.33008694352619e-17
6.56477272727271e-08 -0.00141085228449184 0.00190585865845538 8106.06965772078 405524.906608308 1.37584863140271e-16 5.33948449436389e-17
6.62670454545453e-08 -0.00138663602970637 0.00215662389555602 70020.2593871212 399545.888899719 1.3760459632147e-16 5.32523633414504e-17
6.68863636363635e-08 -0.001324304892318 0.00240074608933665 130598.663537192 384078.549476909 1.37631850522811e-16 5.28802394945635e-17
6.75056818181817e-08 -0.00122505873992655 0.00263236857790103 188615.042550462 359219.554012181 1.37666957706893e-16 5.22954906958701e-17
6.81249999999999e-08 -0.0010908740978771 0.00284571832442278 242773.132926423 325157.249792664 1.37710201862152e-16 5.15240228110136e-17
6.8744318181818e-08 -0.000924555166091349 0.003035174038334 291687.673492281 282216.269192225 1.37761793460442e-16 5.05987294954114e-17
6.93636363636362e-08 -0.000729792275688663 0.00319536656974765 333882.289751165 230915.841204156 1.37821829484168e-16 4.95572604134593e-17
6.99829545454544e-08 -0.000511215491036743 0.00332131901571366 367810.331388213 172037.411383401 1.37890240214855e-16 4.8439727302832e-17
7.06022727272726e-08 -0.000274427293816881 0.00340863053828362 391904.387785079 106694.510355001 1.37966725631767e-16 4.72865814006867e-17
7.12215909090907e-08 -2.59950348457403e-05 0.00345370260591372 404658.616417214 36394.610724935 1.38050686660568e-16 4.6136828399715e-17
7.18409090909089e-08 0.000226617957428227 0.0034539990113947 404744.641257283 -36920.471667977 1.38141159538263e-16 4.50266680256439e-17
7.24602272727271e-08 0.00047520281292016 0.00340832184231392 391156.274209123 -110871.251171512 1.38236764797978e-16 4.3988572271357e-17
7.30795454545453e-08 0.000711052342748082 0.00331707557820823 363370.892258957 -182689.745147828 1.38335684982733e-16 4.30507605776611e-17
7.36988636363635e-08 0.000925310295085458 0.00318248256977957 321507.052571772 -249332.586949752 1.3843568592755e-16 4.22369959261241e-17
7.43181818181816e-08 0.00110941284227002 0.0030087080376014 266450.956740232 -307660.854927659 1.38534193900377e-16 4.15666113853981e-17
7.49374999999998e-08 0.00125559397404872 0.00280185439611671 199921.538244279 -354676.443449639 1.38628434029646e-16 4.10546774487638e-17
7.5556818181818e-08 0.0013574079215498 0.00256979540199339 124447.97476331 -387789.839717691 1.38715624341827e-16 4.07122309656076e-17
7.61761363636362e-08 0.00141020805259791 0.00232184058504824 43245.5945038462 -405081.281650299 1.38793206200556e-16 4.0546501740885e-17
7.67954545454544e-08 0.0014115178826319 0.00206824694528769 -40004.9750452606 -405511.277041528 1.38859079585233e-16 4.05610895393604e-17
7.74147727272725e-08 0.00136123915439566 0.00181962238250052 -121449.449984049 -389040.963023136 1.38911804934272e-16 4.07560604515358e-17
7.80340909090907e-08 0.00126166401398327 0.00158628663809393 -197379.359094915 -356638.163441602 1.38950735709791e-16 4.112794685204e-17
7.86534090909089e-08 0.00111728867314547 0.00137766447103569 -264529.270939559 -310167.591562768 1.3897605805417e-16 4.16696499000023e-17
7.92727272727271e-08 0.000934457155882702 0.00120177954745954 -320307.097967476 -252186.813348315 1.38988732845914e-16 4.23702584909572e-17
7.98920454545453e-08 0.000720887961167178 0.00106489789242416 -362928.813016026 -185686.409346331 1.38990355349898e-16 4.3214814498371e-17
8.05113636363634e-08 0.000485148341036541 0.000971342427336124 -391450.104442278 -113818.898451771 1.38982962440745e-16 4.41840712597254e-17
8.11306818181816e-08 0.000236139103362274 0.000923472415450719 -405707.296191489 -39656.1333088392 1.38968823266654e-16 4.52543098732107e-17
8.17499999999998e-08 -1.73599258827517e-05 0.000921799845100525 -406193.259261556 33997.6693528642 1.38950245948453e-16 4.63972940079983e-17
8.2369318181818e-08 -0.000267052381088852 0.000965202345945111 -393899.090451539 104725.418564447 1.38929423216738e-16 4.75804551222823e-17
8.29886363636361e-08 -0.000505383788876096 0.0010511894086489 -370150.033496342 170550.974174482 1.38908327831205e-16 4.87674013505533e-17
8.36079545454543e-08 -0.000725700113824941 0.00117618335158861 -336457.202325615 229938.497810219 1.38888657789923e-16 4.99188292717603e-17
8.42272727272725e-08 -0.000922321511041638 0.00133578551633443 -294398.163096258 281753.002156311 1.38871823812342e-16 5.09938835063974e-17
8.48465909090907e-08 -0.00109055193785054 0.00152500860134287 -245531.652071486 325198.198105806 1.38858967842167e-16 5.19519529056986e-17
8.54659090909089e-08 -0.00122664644975167 0.00173846571929948 -191345.880539921 359745.587291831 1.38851000709226e-16 5.27548179131175e-17
8.6085227272727e-08 -0.00132775622451838 0.00197051454635399 -133236.280759987 385065.467681283 1.3884864847817e-16 5.33689827272946e-17
8.67045454545452e-08 -0.0013918679866882 0.00221536051070966 -72506.8445212468 400967.184432429 1.38852499290714e-16 5.37679561125029e-17
8.73238636363634e-08 -0.00141775056926335 0.0024671265647649 -10388.804978199 407353.173575853 1.38863044864026e-16 5.39342068707141e-17
8.79431818181816e-08 -0.00140491746994188 0.00271989916344046 51929.2934977418 404189.324521577 1.38880712779674e-16 5.38605310241798e-17
8.85624999999998e-08 -0.00135361069713683 0.00296776112577102 113265.59411038 391492.871985476 1.38905887119264e-16 5.35506333930115e-17
8.91818181818179e-08 -0.00126480795697507 0.00320482248206588 172408.079913412 369338.207550187 1.38938915910653e-16 5.30188366118394e-17
8.98011363636361e-08 -0.00114025215071974 0.00342526043458433 228081.891749854 337880.391682408 1.38980104398043e-16 5.22889615529836e-17
9.04204545454543e-08 -0.000982499017150999 0.00362337922490128 278926.075148013 297395.442011698 1.3902969355851e-16 5.13925435376312e-17
9.10397727272725e-08 -0.000794975380453712 0.00379369985359056 323485.474778389 248335.37963382 1.39087823804467e-16 5.03666311075085e-17
9.16590909090907e-08 -0.000582036784786782 0.00393108791346847 360223.884344927 191394.293581022 1.39154484689926e-16 4.92514434066254e-17
9.22784090909088e-08 -0.000349009460771252 0.00403092483111723 387564.45755823 127579.216323112 1.3922945290678e-16 4.80881391883555e-17
9.2897727272727e-08 -0.000102198034345782 0.00408932309635891 403962.235474612 58276.4906171207 1.39312223063488e-16 4.6916889071906e-17
9.35170454545452e-08 0.000151162014353621 0.00410337927784485 408010.848983489 -14699.0124951861 1.39401938658242e-16 4.57753632740533e-17
9.41363636363634e-08 0.00040302821897423 0.00407144984846699 398580.564424052 -89087.1248654181 1.39497333974874e-16 4.46976691269062e-17
9.47556818181815e-08 0.000644768793028628 0.00399342482309112 374977.856309968 -162214.07588211 1.39596700618362e-16 4.3713709939786e-17
9.53749999999997e-08 0.000867483092854341 0.00387096458453804 337108.410950355 -231085.957136845 1.39697893907052e-16 4.28488954045875e-17
9.59943181818179e-08 0.0010624201425737 0.00370765858022298 285617.714492454 -292549.982893873 1.39798392917507e-16 4.21241136254605e-17
9.66136363636361e-08 0.00122147253749451 0.00350906384652789 221978.890322067 -343517.635489256 1.39895422381755e-16 4.15558718383647e-17
9.72329545454543e-08 0.00133770379940421 0.00328258919829707 148499.166441174 -381228.880867805 1.39986134505258e-16 4.11565213385961e-17
9.78522727272724e-08 0.00140585133669906 0.00303720840250211 68226.1761665042 -403522.420917628 1.40067835375321e-16 4.09344967597593e-17
9.84715909090906e-08 0.00142273981067153 0.0027830109637905 -15247.2921016597 -409068.265531105 1.401382271507e-16 4.08945166902305e-17
9.90909090909088e-08 0.00138754496464537 0.00253062740639245 -98060.1330699898 -397520.028328504 1.40195628139105e-16 4.1037709349518e-17
9.9710227272727e-08 0.00130186671719632 0.00229059014771976 -176402.203962651 -369556.822229883 1.40239132297453e-16 4.13616428172502e-17
1.00329545454545e-07 0.0011695992341424 0.00207270435951533 -246826.228455277 -326805.945530077 1.40268679334879e-16 4.18602543071005e-17
1.00948863636363e-07 0.000996617898179642 0.00188550150707635 -306504.180662394 -271661.636745178 1.40285024446502e-16 4.25236879634069e-17
1.01568181818182e-07 0.00079033045140355 0.00173583195536244 -353393.487961337 -207034.761251574 1.4028961745409e-16 4.33380664555526e-17
1.021875e-07 0.000559155638484486 0.00162862692382522 -386299.016025342 -136077.930353593 1.40284418353858e-16 4.42852386929403e-17
1.02806818181818e-07 0.000311994814795496 0.00156683138951282 -404837.922815168 -61928.6973474873 1.40271685178717e-16 4.53425639099615e-17
1.03426136363636e-07 5.77518510716523e-05 0.00155148521517816 -409330.304832352 12497.4425699056 1.40253769308203e-16 4.64828096062901e-17
1.04045454545454e-07 -0.000195061116489351 0.00158191426606911 -400646.15647073 84647.7480759722 1.40232944956634e-16 4.76742543129528e-17
1.04664772727272e-07 -0.000438614484635244 0.00165598773303425 -380038.757405537 152404.823000196 1.4021128750876e-16 4.88810913032936e-17
1.05284090909091e-07 -0.000665948517670895 0.00177040072151298 -348988.618867863 214100.206661971 1.40190603625287e-16 5.00642205551331e-17
1.05903409090909e-07 -0.000871069875699734 0.00192094937532464 -309073.680550138 268483.996527083 1.40172407249289e-16 5.11824881049186e-17
1.06522727272727e-07 -0.0010489771120736 0.00210277621929861 -261873.179911638 314667.00471514 1.40157930740292e-16 5.21943813927474e-17
1.07142045454545e-07 -0.0011956372278662 0.00231057357239491 -208906.083549764 352050.351374181 1.40148158937207e-16 5.30601182483385e-17
1.07761363636363e-07 -0.00130793426682951 0.00253874136201134 -151600.701327682 380254.265480633 1.4014387491726e-16 5.3743984924261e-17
1.08380681818181e-07 -0.00138360785624818 0.00278150193500496 -91289.895713736 399054.415295976 1.40145708394097e-16 5.42167015521008e-17
1.09e-07 -0.0014211957011961 0.00303297861607952 -29225.5922699045 408331.074287494 1.40154180151289e-16 5.44575425936029e-17
