0 -0.00139 0 0 400000 1.33808e-16 4.46026666666667e-17
3.63333333333333e-10 -0.00137482543090597 0.000145333333333333 41764.8690661246 400000 1.35266761676147e-16 4.50889205587156e-17
7.26666666666667e-10 -0.00134447629271792 0.0002890822569383 83529.7381322492 395639.239279724 1.36741426628838e-16 4.55804755429459e-17
1.09e-09 -0.00129911801709798 0.000429662361086532 124839.290697096 386917.717839171 1.38232168234032e-16 4.60773894113439e-17
1.45333333333333e-09 -0.0012390814673704 0.000565506509128933 165238.210259388 373882.976263491 1.39739161757816e-16 4.65797205859385e-17
1.81666666666667e-09 -0.00116486113500185 0.00069508211057495 204276.144133632 356630.095722981 1.4126258437701e-16 4.70875281256701e-17
2.18e-09 -0.0010771115325619 0.000816908205862424 241512.667265907 335301.179690296 1.428026152e-16 4.76008717333334e-17
2.54333333333333e-09 -0.00097664180282566 0.000929572174508626 276522.191934612 310084.317374868 1.44359435287792e-16 4.81198117625975e-17
2.90666666666667e-09 -0.000864408583341971 0.00103174588038597 308898.769221162 281212.034524801 1.45933227675303e-16 4.8644409225101e-17
3.27e-09 -0.000741507185238362 0.0011222010719718 338260.728725529 248959.242896779 1.47524177392877e-16 4.91747257976257e-17
3.63333333333333e-09 -0.00060916116405242 0.00119982386155803 364255.104181493 213640.705283195 1.49132471488042e-16 4.97108238293473e-17
3.99666666666667e-09 -0.000468710378757437 0.00126362811552862 386561.794389861 175608.038451175 1.50758299047499e-16 5.02527663491663e-17
4.36e-09 -0.000321597652680095 0.00131276759785402 404897.411222042 135246.281629529 1.52401851219354e-16 5.08006170731179e-17
4.72333333333333e-09 -0.00016935416648951 0.00134654672082296 419018.769331885 92970.0632172752 1.54063321235591e-16 5.13544404118636e-17
5.08666666666667e-09 -1.3583728679009e-05 0.0013644297706246 428725.975625232 49219.4031237881 1.55742904434789e-16 5.19143014782631e-17
5.45e-09 0.000144053917215164 0.00136604849057742 433865.080442677 4455.19253070221 1.57440798285092e-16 5.24802660950306e-17
5.81333333333333e-09 0.000301860577176547 0.00135120792142859 434330.25677445 -40845.6031619278 1.59157202407418e-16 5.30524008024728e-17
6.17666666666666e-09 0.000458117701069511 0.00131989041605213 430065.478604488 -86194.9689260308 1.60892318598937e-16 5.36307728663122e-17
6.54e-09 0.000611104896183661 0.00127225776487558 421065.674626102 -131099.039935472 1.62646350856788e-16 5.42154502855959e-17
6.90333333333333e-09 0.000759118662698658 0.00120865138826718 407377.339032103 -175063.421857969 1.64419505402069e-16 5.48065018006897e-17
7.26666666666666e-09 0.000900491149236605 0.00112959057271258 389098.586801688 -217598.574920924 1.66211990704081e-16 5.54039969013602e-17
7.63e-09 0.0010336087242498 0.00103576874868345 366378.646825319 -258225.20374989 1.68024017504834e-16 5.60080058349446e-17
7.99333333333333e-09 0.0011569301587727 0.000928047829427261 339416.79226485 -296479.594283099 1.69855798843829e-16 5.66185996146097e-17
8.35666666666667e-09 0.00126900421807455 0.00080745065125633 308460.713674822 -331918.839002562 1.71707550083102e-16 5.72358500277008e-17
8.72e-09 0.00136848646398627 0.000675151577054271 273804.346546017 -364125.892299243 1.73579488932546e-16 5.78598296441819e-17
9.08333333333333e-09 0.00145415507611894 0.000532465345414946 235785.171007357 -392714.399007319 1.75471835475502e-16 5.84906118251674e-17
9.44666666666667e-09 0.00152492550879673 0.000380834267853625 194781.007370051 -417333.240994459 1.77384812194643e-16 5.91282707315477e-17
9.81e-09 0.00157986381122275 0.000221813895655954 151206.336952364 -437670.749167904 1.79318643998123e-16 5.97728813327077e-17
1.01733333333333e-08 0.00161819845108957 5.70572959394367e-05 105508.183119688 -453458.531329863 1.81273558246024e-16 6.04245194153413e-17
1.05366666666667e-08 0.00163933049641904 -0.000111701906813917 58161.592649916 -464474.86996336 1.83249784777084e-16 6.10832615923612e-17
1.09e-08 0.00164284202673177 -0.000282667552332983 9664.76232860365 -470547.648217612 1.85247555935721e-16 6.17491853119071e-17
1.12633333333333e-08 0.00162850266254472 -0.000453999844361381 -39466.1399643499 -471556.767050635 1.8726710659935e-16 6.24223688664501e-17
1.16266666666667e-08 0.00159627412149926 -0.000623834932220369 -88702.4065471369 -467436.021630244 1.89308674205996e-16 6.31028914019987e-17
1.199e-08 0.00154631272993564 -0.000790304968086969 -137508.41714758 -458174.410642016 1.91372498782209e-16 6.37908329274029e-17
1.23533333333333e-08 0.00147896984024352 -0.000951558426511028 -185347.402822362 -443816.858047869 1.93458822971285e-16 6.44862743237618e-17
1.27166666666667e-08 0.00139479012660754 -0.00110578046750877 -231687.285236632 -424464.333021314 1.95567892061795e-16 6.51892973539318e-17
1.308e-08 0.00129450775459811 -0.00125121312171144 -276006.52846632 -400273.360190829 1.97699954016421e-16 6.58999846721404e-17
1.34433333333333e-08 0.0011790404431869 -0.00138617507557257 -317799.939663889 -371454.918883851 1.99855259501109e-16 6.66184198337031e-17
1.38066666666667e-08 0.00104948146094589 -0.00150908083657744 -356584.354791769 -338272.736710639 2.02034061914542e-16 6.73446873048473e-17
1.417e-08 0.000907089621165279 -0.00161845906275821 -391904.146185168 -301040.989488372 2.04236617417929e-16 6.8078872472643e-17
1.45333333333333e-08 0.000753277363146855 -0.00171296984757768 -423336.489958964 -260121.426108635 2.06463184965125e-16 6.88210616550415e-17
1.48966666666667e-08 0.000589597028745127 -0.00179142076035489 -450496.333215766 -215919.943423513 2.08714026333072e-16 6.95713421110241e-17
1.526e-08 0.000417725464092754 -0.00185278145379463 -473041.003630386 -168882.642494699 2.10989406152582e-16 7.03298020508607e-17
1.56233333333333e-08 0.000239447096122087 -0.00189619666374963 -490674.407258716 -119491.403545871 2.13289591939444e-16 7.10965306464812e-17
1.59866666666667e-08 5.66356517532977e-05 -0.00192099744196559 -503150.764317768 -68259.0226127242 2.15614854125877e-16 7.1871618041959e-17
1.635e-08 -0.00012876529575281 -0.00192671048008692 -510277.837172773 -15723.958132094 2.17965466092328e-16 7.26551553641092e-17
1.67133333333333e-08 -0.000314762753981685 -0.00191306540246493 -511919.609804244 37555.2595100714 2.20341704199608e-16 7.34472347332026e-17
1.70766666666667e-08 -0.000499335500009861 -0.00187999992611903 -507998.383563788 91005.8981997109 2.22743847821389e-16 7.42479492737963e-17
1.744e-08 -0.000680455807812549 -0.00182766280834553 -498496.260007398 144047.113138072 2.25172179377046e-16 7.50573931256819e-17
1.78033333333333e-08 -0.000856111483437465 -0.00175641452572054 -483455.987958485 196096.190710977 2.27626984364862e-16 7.58756614549539e-17
1.81666666666667e-08 -0.00102432797107483 -0.00166682565236256 -462981.158634961 246574.880801777 2.30108551395595e-16 7.67028504651983e-17
1.853e-08 -0.00118319028979826 -0.00155967293005224 -437235.739605757 294915.749477956 2.32617172226409e-16 7.7539057408803e-17
1.88933333333333e-08 -0.00133086455997826 -0.00143593304788935 -406442.945449545 340568.483017118 2.35153141795176e-16 7.83843805983919e-17
1.92566666666667e-08 -0.00146561888021629 -0.00129677417433021 -370883.450196399 383006.074015994 2.3771675825515e-16 7.92389194183835e-17
1.962e-08 -0.00158584332012034 -0.00114354530941898 -330892.953864378 421730.820856606 2.40308323010027e-16 8.01027743366756e-17
1.99833333333334e-08 -0.00169006880132398 -0.00097776354952989 -286859.122578814 456280.073089229 2.42928140749371e-16 8.09760469164569e-17
2.03466666666667e-08 -0.00177698464878932 -0.000801099380701244 -239217.928803681 486231.657326548 2.45576519484445e-16 8.18588398281483e-17
2.071e-08 -0.00184545460655514 -0.000615360139399696 -188449.425043561 511208.921013436 2.4825377058442e-16 8.27512568614732e-17
2.10733333333334e-08 -0.00189453112658747 -0.000422471801045515 -135072.990914658 530885.334919763 2.50960208812982e-16 8.36534029376607e-17
2.14366666666667e-08 -0.00192346775613043 -0.000224459276607907 -79642.0996595343 544988.599369564 2.53696152365342e-16 8.45653841217808e-17
2.18e-08 -0.00193172946778192 -2.34254158101067e-05 -22738.6559215331 553304.204030643 2.56461922905642e-16 8.54873076352141e-17
2.21633333333334e-08 -0.00191900079724822 0.00017847106825116 35033.0381661571 555678.3964989 2.59257845604776e-16 8.64192818682587e-17
2.25266666666667e-08 -0.00188519167616019 0.000379038524166862 93052.6268477837 552020.520868904 2.62084249178618e-16 8.73614163928726e-17
2.289e-08 -0.00183044087123405 0.000576075896293858 150690.288787543 542304.693927513 2.64941465926671e-16 8.8313821975557e-17
2.32533333333334e-08 -0.00175511696618787 0.000767396617923342 207313.500127111 526570.793475642 2.67829831771135e-16 8.92766105903782e-17
2.36166666666667e-08 -0.00165981684892045 0.000950852606973317 262293.900736 504924.74050452 2.70749686296399e-16 9.0249895432133e-17
2.398e-08 -0.00154536169324787 0.00112435810372414 315014.189924546 477538.064451815 2.7370137278897e-16 9.12337909296567e-17
2.43433333333334e-08 -0.00141279045169016 0.00128591308899845 364874.976764347 444646.74846139 2.7668523827783e-16 9.22284127592766e-17
2.47066666666667e-08 -0.00126335090311504 0.00143362602290877 411301.509839767 406549.359386219 2.79701633575235e-16 9.32338778584118e-17
2.507e-08 -0.00109848832617958 0.00156573564887025 453750.211748973 363604.475123326 2.82750913317965e-16 9.42503044393218e-17
2.54333333333334e-08 -0.000919831896167482 0.00168063161498269 491714.94498743 316227.429667271 2.85833436009014e-16 9.52778120030045e-17
2.57966666666667e-08 -0.000729178928703103 0.00177687367507694 524732.937975356 264886.403929129 2.88949564059738e-16 9.6316521353246e-17
2.616e-08 -0.000528477118642497 0.00185320924461315 552390.302919098 210097.89780607 2.9209966383247e-16 9.73665546108232e-17
2.65233333333334e-08 -0.000319804945914972 0.00190858910210306 574327.080901444 152421.626119038 2.95284105683586e-16 9.8428035227862e-17
2.68866666666667e-08 -0.00010535044194503 0.00194218104466371 590241.754045713 92454.8877815916 2.98503264007053e-16 9.95010880023511e-17
2.725e-08 0.000112611469731718 0.00195338132652699 599895.169752516 30826.4638438944 3.01757517278444e-16 1.00585839092815e-16
2.76133333333334e-08 0.000331742827172274 0.00194182373163382 603113.827818046 -31809.8942013917 3.05047248099434e-16 1.01682416033145e-16
2.79766666666667e-08 0.000549667431019249 0.00190738615561118 599792.487652225 -94782.3193283665 3.08372843242785e-16 1.02790947747595e-16
2.834e-08 0.000763996332732374 0.00185019459822365 589896.059760893 -157407.956112467 3.11734693697817e-16 1.03911564565939e-16
2.87033333333334e-08 0.000972353739680553 0.00177062449454328 573460.753068384 -219000.285358809 3.15133194716379e-16 1.05044398238793e-16
2.90666666666667e-08 0.00117240305922426 0.00166929934131254 550594.457459748 -278876.568524964 3.18568745859315e-16 1.06189581953105e-16
2.943e-08 0.0013618727993735 0.00154708660398803 521476.34903461 -336365.332085815 3.22041751043443e-16 1.07347250347814e-16
2.97933333333334e-08 0.00153858204209132 0.0014050909194402 486355.713902241 -390813.810682093 3.25552618589041e-16 1.0851753952968e-16
3.01566666666667e-08 0.00170046520687639 0.00124464463893017 445549.994821314 -441595.267458814 3.29101761267856e-16 1.09700587089285e-16
3.052e-08 0.00184559582691735 0.00106729578546699 399442.073507219 -488116.110449126 3.32689596351633e-16 1.10896532117211e-16
3.08833333333334e-08 0.00197220906784851 0.000874793528645064 348476.809902285 -529822.725197952 3.3631654566117e-16 1.1210551522039e-16
3.12466666666667e-08 0.00207872272990193 0.000669071308249322 293156.868036911 -566207.946043326 3.39983035615915e-16 1.13327678538638e-16
3.161e-08 0.00216375648795828 0.000452227764980045 234037.866210163 -596817.091566818 3.43689497284101e-16 1.14563165761367e-16
3.19733333333334e-08 0.00222614914053345 0.000226505662282207 171722.89699588 -621253.493663775 3.47436366433421e-16 1.15812122144474e-16
3.23366666666667e-08 0.00226497365794736 -5.73099282935696e-06 106856.46994653 -639183.454435496 3.51224083582267e-16 1.17074694527422e-16
3.27e-08 0.00227954984162854 -0.000242021400156789 40117.9367372004 -650340.570625959 3.55053094051518e-16 1.18351031350506e-16
3.30633333333333e-08 0.0022694544305007 -0.000479833738491541 -27785.5352142544 -654529.371563539 3.589238480169e-16 1.196412826723e-16
3.34266666666667e-08 0.0022345285164407 -0.000716591993016486 -96126.3689724645 -651628.223463151 3.62836800561906e-16 1.20945600187302e-16
3.379e-08 0.00217488215862931 -0.000949703556972105 -164164.287554289 -641591.460428308 3.66792411731309e-16 1.2226413724377e-16
3.41533333333333e-08 0.0020908961159519 -0.00117658731511706 -231154.245901119 -624450.710490712 3.70791146585242e-16 1.23597048861747e-16
3.45166666666667e-08 0.00198322064714411 -0.00139470190807251 -296354.501305852 -600315.393455364 3.7483347525388e-16 1.24944491751293e-16
3.488e-08 0.00185277135979583 -0.00160157387138698 -359034.735820958 -569372.376094876 3.78919872992709e-16 1.26306624330903e-16
3.52433333333333e-08 0.00170072212129435 -0.00179482534118678 -418484.142664634 -531884.779265493 3.83050820238406e-16 1.27683606746135e-16
3.56066666666667e-08 0.0015284950769603 -0.00197220101964253 -474019.388075354 -488189.940703898 3.87226802665319e-16 1.2907560088844e-16
3.597e-08 0.00133774785266071 -0.00213159409820764 -524992.360457598 -438696.546509469 3.91448311242572e-16 1.30482770414191e-16
3.63333333333333e-08 0.00113035805072032 -0.00227107084465375 -570797.62001942 -383880.953521401 3.95715842291785e-16 1.31905280763928e-16
3.66966666666667e-08 0.000908405178647201 -0.00238889357129063 -610879.464421421 -324282.733862985 4.00029897545427e-16 1.33343299181809e-16
3.706e-08 0.000674150179696576 -0.00248354171632505 -644738.529221902 -260499.481746122 4.04390984205808e-16 1.34796994735269e-16
3.74233333333333e-08 0.000430012762284166 -0.00255373078796133 -671937.846089203 -193180.931109026 4.08799615004705e-16 1.36266538334902e-16
3.77866666666666e-08 0.00017854675140485 -0.00259842894141668 -692108.286823804 -123022.440702803 4.13256308263646e-16 1.37752102754549e-16
3.815e-08 -7.75862907908658e-05 -0.00261687098232465 -704953.327144173 -50757.9107558625 4.17761587954852e-16 1.39253862651617e-16
3.85133333333333e-08 -0.000335644906546165 -0.00260856961580558 -710253.070886145 22847.7977589007 4.22315983762837e-16 1.40771994587612e-16
3.88766666666666e-08 -0.000592836758587117 -0.0025733237885405 -707867.48268152 97006.8640323326 4.26920031146681e-16 1.42306677048894e-16
3.924e-08 -0.000846348517225936 -0.00251122400121201 -697738.785244456 170916.845858235 4.3157427140299e-16 1.43858090467663e-16
3.96033333333333e-08 -0.00109337630214773 -0.00242265450036783 -679892.986023295 243769.268378464 4.3627925172953e-16 1.45426417243177e-16
3.99666666666666e-08 -0.00133115635305451 -0.00230829229179127 -654440.507082867 314758.372229062 4.41035525289565e-16 1.47011841763188e-16
4.033e-08 -0.001556995597293 -0.00216910295148307 -621575.901573833 383089.927453773 4.45843651276888e-16 1.48614550425629e-16
4.06933333333333e-08 -0.00176830178009806 -0.00200633324501083 -581576.649922188 447990.017813496 4.5070419498157e-16 1.50234731660523e-16
4.10566666666666e-08 -0.00196261282420626 -0.00182150060089431 -534801.03882991 508713.699403285 4.55617727856418e-16 1.51872575952139e-16
4.142e-08 -0.00213762509036278 -0.00161637951848958 -481685.136210605 564553.437811182 4.60584827584163e-16 1.53528275861388e-16
4.17833333333333e-08 -0.00229122021864596 -0.00139298502513236 -422738.885183068 614847.229423517 4.65606078145373e-16 1.55202026048458e-16
4.21466666666666e-08 -0.00242149024251625 -0.0011535533307203 -358541.350101712 658986.314895593 4.70682069887119e-16 1.56894023295706e-16
4.25099999999999e-08 -0.00252676068296804 -0.000900519860082774 -289735.157206756 696422.396250067 4.75813399592374e-16 1.58604466530791e-16
4.28733333333333e-08 -0.00260561134899352 -0.000636494874040245 -217020.181721504 726674.27351155 4.81000670550183e-16 1.60333556850061e-16
4.32366666666666e-08 -0.00265689459258837 -0.000364236918641887 -141146.542004176 749333.822197313 4.86244492626588e-16 1.62081497542196e-16
4.35999999999999e-08 -0.00267975079153466 -8.66243683584677e-05 -62906.9695769521 764071.239312165 4.9154548233633e-16 1.6384849411211e-16
4.39633333333333e-08 -0.00267362086094671 0.000193374647315805 16871.3685907081 770639.492681485 4.96904262915333e-16 1.65634754305111e-16
4.43266666666666e-08 -0.00263825562478805 0.000472733623619102 97335.5123632753 768877.916431092 5.02321464393981e-16 1.67440488131327e-16
4.46899999999999e-08 -0.00257372191096001 0.000748400038778251 177615.726132223 758714.904107751 5.07797723671183e-16 1.69265907890394e-16
4.50533333333333e-08 -0.00248040526779434 0.00101732834866645 256834.797703667 740169.660242758 5.13333684589261e-16 1.7111122819642e-16
4.54166666666666e-08 -0.00235900923550204 0.00127651326509589 334117.520070559 713352.980998463 5.1892999800964e-16 1.72976666003213e-16
4.57799999999999e-08 -0.00221055114296326 0.00152302295804075 408600.254693885 678467.04480235 5.24587321889373e-16 1.74862440629791e-16
4.61433333333332e-08 -0.00203635443780105 0.00175403181899388 479440.472923512 635804.204458162 5.30306321358499e-16 1.76768773786166e-16
4.65066666666666e-08 -0.00183803759556179 0.00196685242348989 545826.171300728 585744.783016533 5.36087668798235e-16 1.78695889599412e-16
4.68699999999999e-08 -0.00161749969161915 0.00215896633561157 606985.056722856 528753.886573436 5.41932043920034e-16 1.80644014640011e-16
4.72333333333332e-08 -0.00137690275671265 0.00232805340602755 662193.398825216 465377.258025625 5.47840133845498e-16 1.82613377948499e-16
4.75966666666666e-08 -0.00111865107341441 0.00247201922773332 710784.449444697 396236.206529657 5.53812633187159e-16 1.84604211062386e-16
4.79599999999999e-08 -0.000845367605882328 0.00258902043009145 752156.332657119 322021.657866419 5.59850244130148e-16 1.86616748043383e-16
4.83233333333332e-08 -0.000559867788607574 0.00267748751185105 785779.313600238 243487.380989716 5.65953676514747e-16 1.88651225504916e-16
4.86866666666666e-08 -0.000265130931116942 0.00273614493739344 811202.360065961 161442.455621258 5.72123647919851e-16 1.9070788263995e-16
4.90499999999999e-08 3.5730475617525e-05 0.00276402824728069 828058.917617799 76743.0547355431 5.78360883747326e-16 1.92786961249109e-16
4.94133333333332e-08 0.00033950323931842 0.00276049796401965 836071.82669971 -9716.37594781755 5.846661173073e-16 1.948887057691e-16
4.97766666666666e-08 0.000642907398473905 0.00272525010650405 835057.318776566 -97012.4518777901 5.91040089904376e-16 1.97013363301459e-16
5.01399999999999e-08 0.00094263125224439 0.00265832316153534 824928.037900417 -184202.600831321 5.97483550924785e-16 1.99161183641595e-16
5.05033333333332e-08 0.00123536711828084 0.00256010139779483 805695.044137017 -270335.129561036 6.03997257924495e-16 2.01332419308165e-16
5.08666666666665e-08 0.00151784743656212 0.00243131444626439 777468.765911791 -354459.499625056 6.10581976718274e-16 2.03527325572758e-16
5.12299999999999e-08 0.00178688082942317 0.00227303311096702 740458.87943408 -435636.702653325 6.17238481469729e-16 2.0574616048991e-16
5.15933333333332e-08 0.00203938772417346 0.0020866614146015 694973.104817294 -512949.623024359 6.23967554782319e-16 2.0798918492744e-16
5.19566666666665e-08 0.0022724351451829 0.00187392492474213 641414.920209468 -585513.27484229 6.30769987791373e-16 2.10256662597124e-16
5.23199999999999e-08 0.00248327028708093 0.00163685544732113 580280.207058803 -652484.800241308 6.37646580257098e-16 2.12548860085699e-16
5.26833333333332e-08 0.0026693524897688 0.00137777221466034 512152.851434516 -713073.117414994 6.44598140658607e-16 2.14866046886202e-16
5.30466666666665e-08 0.00282838324923341 0.00109925973492258 437699.33797599 -766548.109370006 6.51625486288975e-16 2.17208495429658e-16
5.34099999999999e-08 0.0029583339155742 0.000804142508068492 357662.384424181 -812249.248222248 6.58729443351325e-16 2.19576481117108e-16
5.37733333333332e-08 0.00305747075106819 0.000495456849802462 272853.67567153 -849593.554860633 6.65910847055964e-16 2.21970282351988e-16
5.41366666666665e-08 0.003124377046312 0.000176420099151341 184145.766726086 -878082.799957213 6.73170541718583e-16 2.24390180572861e-16
5.44999999999999e-08 0.00315797202126024 -0.000149602483151173 92463.2338025131 -897309.859548204 6.80509380859517e-16 2.26836460286506e-16
5.48633333333332e-08 0.00315752627005233 -0.00047913278977867 -1226.83818692036 -906964.146681185 6.87928227304096e-16 2.29309409101365e-16
5.52266666666665e-08 0.00312267354357037 -0.00080861655455408 -95924.9352714431 -906836.04984058 6.95427953284089e-16 2.31809317761363e-16
5.55899999999998e-08 0.00305341870135027 -0.0011344612704342 -190609.657486527 -896820.318936109 7.03009440540248e-16 2.34336480180083e-16
5.59533333333332e-08 0.00295014170439361 -0.00145307493777052 -284248.615477043 -876918.35046695 7.10673580425976e-16 2.36891193475325e-16
5.63166666666665e-08 0.0028135975621895 -0.00176090522946826 -375809.565699379 -847239.334947885 7.18421274012125e-16 2.39473758004042e-16
5.66799999999998e-08 0.00264491219041704 -0.00205447865061374 -464271.665428801 -808000.241684805 7.26253432192933e-16 2.42084477397644e-16
5.70433333333332e-08 0.00244557417990598 -0.0023304392655956 -548636.726177208 -759524.628390442 7.34170975793115e-16 2.44723658597705e-16
5.74066666666665e-08 0.00221742252201462 -0.00258558656580522 -627940.342820268 -702240.275806296 7.42174835676128e-16 2.47391611892043e-16
5.77699999999998e-08 0.00196263038015868 -0.00281691205571721 -701262.775750291 -636675.660308231 7.50265952853614e-16 2.50088650951205e-16
5.81333333333332e-08 0.00168368504130816 -0.00302163414451997 -767739.464726195 -563455.290282836 7.58445278596025e-16 2.52815092865342e-16
5.84966666666665e-08 0.00138336422437317 -0.00319723094443849 -826571.05578439 -483293.944729871 7.66713774544477e-16 2.55571258181492e-16
5.88599999999998e-08 0.0010647089640456 -0.00334147059536421 -877032.826589624 -396989.864933162 7.75072412823798e-16 2.58357470941266e-16
5.92233333333332e-08 0.000730993328380401 -0.00345243875822789 -918483.400913404 -305416.96201014 7.83522176156827e-16 2.61174058718942e-16
5.95866666666665e-08 0.000385691265733922 -0.00352856294651939 -950372.649485722 -209516.114563747 7.92064057979952e-16 2.64021352659984e-16
5.99499999999998e-08 3.24409111955447e-05 -0.00356863339622415 -972248.682215717 -110285.641389255 8.00699062559907e-16 2.66899687519969e-16
6.03133333333331e-08 -0.000324993286056183 -0.00357182020891677 -983763.845646957 -8771.04410812556 8.0942820511184e-16 2.69809401703947e-16
6.06766666666665e-08 -0.000682760225345024 -0.00353768654048945 -984679.649418829 93945.8764054553 8.18252511918679e-16 2.72750837306226e-16
6.10399999999998e-08 -0.00103696319415233 -0.00346619764862317 -974870.556350389 196758.417980593 8.27173020451785e-16 2.75724340150595e-16
6.14033333333331e-08 -0.00138370185243845 -0.00335772565521921 -954326.582438846 298546.770836578 8.36190779492931e-16 2.78730259830977e-16
6.17666666666665e-08 -0.00171911471421992 -0.00321304992515655 -923154.665453586 398190.082741279 8.45306849257606e-16 2.81768949752535e-16
6.21299999999998e-08 -0.0020394216686936 -0.00303335300945539 -881578.773780789 494578.667067407 8.54522301519664e-16 2.84840767173221e-16
6.24933333333331e-08 -0.00234096607777768 -0.00282021214871783 -829938.740598367 586626.22221348 8.63838219737331e-16 2.87946073245777e-16
6.28566666666665e-08 -0.00262025598650839 -0.00257558638107272 -768687.822194614 673281.929298468 8.73255699180591e-16 2.91085233060197e-16
6.32199999999998e-08 -0.00287400398734935 -0.00230179934725354 -698388.993140268 753542.294915174 8.82775847059952e-16 2.94258615686651e-16
6.35833333333331e-08 -0.00309916528914166 -0.00200151793335707 -619710.00493297 826462.607054489 8.92399782656621e-16 2.97466594218874e-16
6.39466666666665e-08 -0.00329297355609803 -0.00167772693874032 -533417.248503773 891167.875091971 9.02128637454101e-16 3.00709545818034e-16
6.43099999999998e-08 -0.00345297410181701 -0.00133370000189016 -440368.474455891 946863.128945403 9.11963555271217e-16 3.03987851757072e-16
6.46733333333331e-08 -0.00357705404760406 -0.000972967060433844 -341504.437946027 992842.958136651 9.21905692396593e-16 3.07301897465531e-16
6.50366666666664e-08 -0.00366346908322172 -0.000599278662253706 -237839.547571524 1028500.17847744 9.31956217724598e-16 3.10652072574866e-16
6.53999999999998e-08 -0.00371086650128556 -0.00021656748245378 -130451.609350034 1053333.52238512 9.42116312892775e-16 3.14038770964258e-16
6.57633333333331e-08 -0.00371830421356319 0.000171092564744919 -20470.7677365983 1066954.25834504 9.52387172420761e-16 3.1746239080692e-16
6.61266666666664e-08 -0.00368526549805727 0.000559529199642185 90932.2445117137 1069091.65568055 9.6277000385073e-16 3.2092333461691e-16
6.64899999999998e-08 -0.00361166926955892 0.000944516190471406 202558.427059675 1059597.22246575 9.73266027889361e-16 3.24422009296454e-16
6.68533333333331e-08 -0.00349787571290021 0.00132181883918314 313193.275207453 1038447.65700478 9.83876478551359e-16 3.27958826183786e-16
6.72166666666664e-08 -0.00334468716693714 0.00168724005540883 421619.851274524 1005746.4666762 9.94602603304536e-16 3.31534201101512e-16
6.75799999999998e-08 -0.00315334419784994 0.00203666652272307 526632.025010647 961724.221965804 1.00544566321647e-15 3.35148554405491e-16
6.79433333333331e-08 -0.00292551685212369 0.00236611445491069 627047.740530952 906737.42803931 1.01640693310279e-15 3.38802311034263e-16
6.83066666666664e-08 -0.00266329113201764 0.00267177443893845 721722.165429493 841266.011085599 1.02748770167702e-15 3.42495900559006e-16
6.86699999999998e-08 -0.00236915078888241 0.00295005486580122 809560.577436421 765909.431732392 1.03868927170212e-15 3.46229757234039e-16
6.90333333333331e-08 -0.0020459545817682 0.00319762346036872 889530.845268454 681381.452938071 1.05001296014365e-15 3.50004320047882e-16
6.93966666666664e-08 -0.00169690919981151 0.00341144643675424 960675.363183565 588503.604730781 1.06146009832458e-15 3.53820032774861e-16
6.97599999999997e-08 -0.00132553809632464 0.00358882482645086 1022122.30317487 488197.402834748 1.07303203208187e-15 3.5767734402729e-16
7.01233333333331e-08 -0.000935646529785667 0.00372742755236731 1073096.05469441 381475.392430587 1.08473012192462e-15 3.61576707308208e-16
7.04866666666664e-08 -0.000531283151496427 0.00382532085271754 1112926.72923644 269431.10188137 1.0965557431941e-15 3.65518581064699e-16
7.08499999999997e-08 -0.000116698521028241 0.00388099369419431 1141058.61596748 153228.004064494 1.10851028622538e-15 3.69503428741794e-16
7.12133333333331e-08 0.000303699031776985 0.00389337885365025 1157057.48478503 34087.5948328556 1.12059515651087e-15 3.73531718836955e-16
7.15766666666664e-08 0.000725389745989813 0.00386186939123461 1160616.64462246 -86723.2910522096 1.13281177486548e-15 3.77603924955159e-16
7.19399999999997e-08 0.00114379048877231 0.00378633028515523 1151561.67738301 -207905.796548764 1.14516157759373e-15 3.81720525864576e-16
7.23033333333331e-08 0.00155430402936786 0.00366710504847714 1129853.78145564 -328142.853242435 1.15764601665858e-15 3.8588200555286e-16
7.26666666666664e-08 0.00195236900396531 0.00350501720111694 1095591.67320401 -446113.341358337 1.17026655985215e-15 3.9008885328405e-16
7.30299999999997e-08 0.00233351003425725 0.00330136652489707 1049012.0099778 -560506.448311591 1.18302469096829e-15 3.94341563656097e-16
7.33933333333331e-08 0.00269338745498031 0.00305792008561251 990488.313916671 -670036.071425379 1.19592190997702e-15 3.98640636659007e-16
7.37566666666664e-08 0.00302784610405003 0.00277689806293707 920528.391935017 -773455.10828102 1.20895973320088e-15 4.02986577733628e-16
7.41199999999997e-08 0.00333296263316541 0.00246095448604556 839770.263620312 -869569.47768306 1.22213969349323e-15 4.07379897831077e-16
7.4483333333333e-08 0.0036050908069779 0.00211315302943302 748976.625171984 -957251.715447379 1.23546334041842e-15 4.11821113472807e-16
7.48466666666664e-08 0.00384090427504931 0.00173693807894926 649027.893774527 -1035453.99215712 1.24893224043401e-15 4.16310746811338e-16
7.52099999999997e-08 0.00403743632275154 0.00133610133192043 540913.892758431 -1103220.40466651 1.26254797707494e-15 4.20849325691648e-16
7.5573333333333e-08 0.00419211613481239 0.000914744246792648 425724.253378497 -1159698.39943427 1.27631215113968e-15 4.25437383713225e-16
7.59366666666664e-08 0.00430280113814713 0.000477236706420128 304637.623857081 -1204149.19368583 1.29022638087843e-15 4.3007546029281e-16
7.62999999999997e-08 0.00436780502863412 2.81723043679615e-05 178909.79033116 -1235957.06986835 1.30429230218343e-15 4.34764100727809e-16
7.6663333333333e-08 0.00438592112923619 -0.00042767929512165 49860.8273451539 -1254637.42978792 1.31851156878123e-15 4.39503856260409e-16
7.70266666666664e-08 0.0043564407739226 -0.000885422436035347 -81138.5926062252 -1259843.50710192 1.33288585242715e-15 4.44295284142385e-16
7.73899999999997e-08 0.00427916646274356 -0.00134008746899981 -212681.590401022 -1251371.6503609 1.34741684310185e-15 4.49138947700615e-16
7.7753333333333e-08 0.00415441958763776 -0.00178668412324285 -343340.02322698 -1229165.10342121 1.36210624920994e-15 4.54035416403313e-16
7.81166666666664e-08 0.00398304258555738 -0.00222025568522288 -471679.822239571 -1193316.22563312 1.37695579778093e-15 4.58985265926978e-16
7.84799999999997e-08 0.00376639543468477 -0.00263593340207084 -596276.562034695 -1144067.1105907 1.39196723467223e-15 4.63989078224077e-16
7.8843333333333e-08 0.00350634647026752 -0.00302899051919443 -715731.094726395 -1081808.57923926 1.40714232477441e-15 4.69047441591469e-16
7.92066666666663e-08 0.00320525755826982 -0.00339489535894386 -828685.07889274 -1007077.54059475 1.42248285221869e-15 4.74160950739565e-16
7.95699999999997e-08 0.00286596372696513 -0.00372936285122617 -933836.232948677 -920552.731052238 1.43799062058675e-15 4.7933020686225e-16
7.9933333333333e-08 0.00249174741810533 -0.00402840393741003 -1029953.14365083 -823048.861056476 1.4536674531227e-15 4.84555817707567e-16
8.02966666666663e-08 0.00208630757972088 -0.00428837228573904 -1115889.46344344 -715509.215584426 1.4695151929475e-15 4.89838397649168e-16
8.06599999999997e-08 0.00165372388126319 -0.00450600777965725 -1190597.33520467 -598996.772251967 1.48553570327564e-15 4.95178567758547e-16
8.1023333333333e-08 0.0011984163880364 -0.0046784762697599 -1253139.889615 -474683.917713718 1.50173086763417e-15 5.00576955878058e-16
8.13866666666663e-08 0.000725101085041695 -0.00480340511526395 -1302702.66879277 -343840.859185447 1.51810259008419e-15 5.06034196694729e-16
8.17499999999997e-08 0.000238741689859341 -0.00487891408162657 -1338603.83995143 -207822.843199893 1.53465279544466e-15 5.11550931814886e-16
8.2113333333333e-08 -0.000255501760556648 -0.00490364120684203 -1360303.07453942 -68056.3079324352 1.55138342951875e-15 5.17127809839584e-16
8.24766666666663e-08 -0.000752327023840148 -0.00487676329957394 -1367408.98151422 73975.8915635285 1.56829645932258e-15 5.22765486440862e-16
8.28399999999996e-08 -0.00124634590642909 -0.00479801078713142 -1359684.99795122 216750.034245489 1.58539387331649e-15 5.2846462443883e-16
8.3203333333333e-08 -0.00173214206809106 -0.00466767668982009 -1337053.65595037 358717.699022006 1.6026776816388e-15 5.34225893879601e-16
8.35666666666663e-08 -0.00220432976348038 -0.00448661955979716 -1299599.16162198 498322.376209882 1.62014991634219e-15 5.40049972114063e-16
8.39299999999996e-08 -0.00265761289054746 -0.00425626028659281 -1247568.23963417 634016.34826885 1.63781263163255e-15 5.45937543877516e-16
8.4293333333333e-08 -0.00308684370540567 -0.00397857273725886 -1181369.21520609 764277.658717291 1.65566790411054e-15 5.51889301370179e-16
8.46566666666663e-08 -0.00348708055991582 -0.00365606826597067 -1101569.32433986 887626.985196873 1.67371783301571e-15 5.57905944338569e-16
8.50199999999996e-08 -0.00385364402188449 -0.00329177419512234 -1008890.26229909 1002644.23169266 1.69196454047331e-15 5.6398818015777e-16
8.5383333333333e-08 -0.00418217074842679 -0.00288920643679014 -904201.99965772 1107984.65596018 1.7104101717438e-15 5.701367239146e-16
8.57466666666663e-08 -0.00446866450067663 -0.00245233648916103 -788514.91444909 1202394.35127276 1.72905689547505e-15 5.76352298491685e-16
8.61099999999996e-08 -0.00470954371252233 -0.00198555310640449 -662970.307832203 1284724.90666939 1.74790690395733e-15 5.82635634652443e-16
8.6473333333333e-08 -0.00490168505721036 -0.00149361900178922 -528829.389049612 1353947.07692274 1.76696241338102e-15 5.88987471127007e-16
8.68366666666663e-08 -0.00504246249322734 -0.000981623001916248 -387460.83307426 1409163.30240268 1.78622566409721e-15 5.95408554699071e-16
8.71999999999996e-08 -0.00512978131450163 -0.000454928124086488 -240327.031030171 1449618.92980668 1.80569892088107e-15 6.01899640293692e-16
8.75633333333329e-08 -0.00516210677925003 8.08839015870957e-05 -88969.1690322918 1474711.99726674 1.82538447319813e-15 6.08461491066045e-16
8.79266666666663e-08 -0.00513848694625765 0.000620071099267475 65008.7146579297 1484001.46150563 1.84528463547345e-15 6.15094878491149e-16
8.82899999999996e-08 -0.00505856940648214 0.00115679209886713 219956.53149223 1477213.76036602 1.8654017473637e-15 6.21800582454567e-16
8.86533333333329e-08 -0.00492261166102333 0.00168516873450475 374195.629703141 1454247.62102099 1.8857381740323e-15 6.28579391344099e-16
8.90166666666663e-08 -0.00473148496305201 0.00219934972654835 526036.783407303 1415177.04232182 1.90629630642741e-15 6.3543210214247e-16
8.93799999999996e-08 -0.00448667151055821 0.00269357476480241 673798.493102194 1360252.39886439 1.9270785615631e-15 6.42359520521034e-16
8.97433333333329e-08 -0.00419025494803471 0.0031622382985839 815825.401440826 1289899.63426098 1.94808738280348e-15 6.49362460934493e-16
9.01066666666663e-08 -0.00384490420770009 0.00359995233505833 950506.624774206 1204717.53158099 1.96932524014997e-15 6.56441746716656e-16
9.04699999999996e-08 -0.00345385079381106 0.00400160755040284 1076293.79969457 1105473.06975554 1.9907946305317e-15 6.63598210177235e-16
9.08333333333329e-08 -0.00302085968622556 0.00436243202917501 1191718.64473074 993094.895703231 2.0124980780991e-15 6.70832692699701e-16
9.11966666666663e-08 -0.00255019411086063 0.00467804696565943 1295409.84045394 868664.962801134 2.03443813452062e-15 6.78146044840206e-16
9.15599999999996e-08 -0.00204657449425173 0.00494451868682122 1386109.03653824 733408.406867313 2.05661737928274e-15 6.85539126427581e-16
9.19233333333329e-08 -0.00151513198628247 0.005158406389616 1462685.80175026 588681.750811334 2.07903841999328e-15 6.93012806664426e-16
9.22866666666662e-08 -0.000961356998558016 0.00531680502550701 1524151.34236089 435959.548323886 2.10170389268791e-15 7.00567964229303e-16
9.26499999999996e-08 -0.000391043265112957 0.00541738281176201 1569670.82599558 276819.595197235 2.12461646214012e-15 7.0820548738004e-16
9.30133333333329e-08 0.000189772013516854 0.00545841290200714 1598574.16136645 112926.853885682 2.1477788221745e-15 7.15926274058168e-16
9.33766666666662e-08 0.000774871333013813 0.00543879880709332 1610365.09953291 -53983.7474692171 2.17119369598345e-15 7.23731231994485e-16
9.37399999999996e-08 0.00135792270224596 0.00535809322100584 1604728.53917104 -222125.466295839 2.19486383644734e-15 7.31621278815782e-16
9.41033333333329e-08 0.00193254742588848 0.00521650997468133 1581535.93663079 -389678.659608719 2.21879202645818e-15 7.39597342152727e-16
9.44666666666662e-08 0.00249238913516925 0.00501492891249411 1540848.74113974 -554810.262900608 2.24298107924678e-15 7.47660359748928e-16
9.48299999999996e-08 0.00303118332777887 0.00475489356109223 1482919.79617328 -715693.627711619 2.26743383871354e-15 7.5581127957118e-16
9.51933333333329e-08 0.00354282666437884 0.00443860153742051 1408192.66954119 -870528.505518471 2.29215317976276e-15 7.6405105992092e-16
9.55566666666662e-08 0.00402144526359053 0.00406888772134467 1317298.89691292 -1017560.96167663 2.31714200864067e-15 7.72380669546891e-16
9.59199999999996e-08 0.00446146124000136 0.00364920029744711 1211053.14608486 -1155103.00155293 2.34240326327713e-15 7.80801087759043e-16
9.62833333333329e-08 0.00485765674064274 0.00318356984944504 1090446.33204049 -1281551.69174881 2.36793991363099e-15 7.89313304543665e-16
9.66466666666662e-08 0.0052052347545491 0.00267657176842079 956636.735522094 -1395407.56245208 2.39375496203934e-15 7.97918320679779e-16
9.70099999999995e-08 0.00549987599727858 0.00213328231179388 810939.200172866 -1495292.08245939 2.4198514435704e-15 8.06617147856801e-16
9.73733333333329e-08 0.00573779120745548 0.00155922872285677 654812.505074043 -1579964.00624891 2.44623242638047e-15 8.1541080879349e-16
9.77366666666662e-08 0.00591576823518514 0.000960333889914975 489845.030448605 -1648334.4025921 2.47290101207454e-15 8.24300337358178e-16
9.80999999999995e-08 0.00603121335220932 0.000342856088823409 317738.854194985 -1699480.18649055 2.499860336071e-15 8.33286778690334e-16
9.84633333333329e-08 0.00608218627044893 -0.000286675587760252 140292.435521858 -1732655.99059723 2.52711356797029e-15 8.4237118932343e-16
9.88266666666662e-08 0.0060674284185748 -0.000921529457484402 -40617.9409379663 -1747304.22859858 2.55466391192749e-15 8.51554637309165e-16
9.91899999999995e-08 0.00598638409483779 -0.0015548424278305 -223057.77175323 -1743063.22113605 2.5825146070291e-15 8.60838202343032e-16
9.95533333333329e-08 0.00583921418788983 -0.00217969338425303 -405054.789765042 -1719773.27455742 2.61066892767378e-15 8.70222975891259e-16
9.99166666666662e-08 0.00562680223498979 -0.00278917801094017 -584620.053853319 -1677480.62390956 2.63913018395739e-15 8.79710061319131e-16
1.0028e-07 0.00535075266801124 -0.00337648424412493 -759769.450399678 -1616439.17390302 2.66790172206213e-15 8.89300574020712e-16
1.00643333333333e-07 0.00501338118120599 -0.00393496754225815 -928545.376528214 -1537109.99486206 2.69698692464995e-15 8.98995641549983e-16
1.01006666666666e-07 0.00461769723984536 -0.0044582251504587 -1089038.37071733 -1440158.55468042 2.72638921126023e-15 9.0879640375341e-16
1.0137e-07 0.00416737883474885 -0.00494016853865302 -1239408.45439404 -1326449.69227793 2.75611203871185e-15 9.18704012903951e-16
1.01733333333333e-07 0.0036667396733893 -0.00537509320378003 -1377905.94869602 -1197040.3627349 2.78615890150959e-15 9.2871963383653e-16
1.02096666666666e-07 0.0031206890827981 -0.00575774504634815 -1502891.53373724 -1053170.20890309 2.81653333225497e-15 9.3884444408499e-16
1.0246e-07 0.00253468498194998 -0.00608338256036747 -1612855.32343519 -896250.038585279 2.84723890206159e-15 9.49079634020529e-16
1.02823333333333e-07 0.00191468036076178 -0.00634783411302645 -1706434.73721525 -727848.310070597 2.87827922097497e-15 9.59426406991656e-16
1.03186666666666e-07 0.00126706377839573 -0.00654754963612464 -1782430.9606405 -549675.751646393 2.90965793839701e-15 9.69885979465669e-16
1.03549999999999e-07 0.00059859446434801 -0.00667964610480391 -1839823.80013133 -363568.262420001 2.94137874351501e-15 9.8045958117167e-16
1.03913333333333e-07 -8.36673289959258e-05 -0.00674194624004336 -1877784.75232276 -171468.262126938 2.97344536573545e-15 9.9114845524515e-16
1.04276666666666e-07 -0.000772434014817556 -0.00673300993911325 -1895688.12611458 24595.3236608749 3.00586157512242e-15 1.00195385837414e-15
1.04639999999999e-07 -0.00146026764204348 -0.00665215801205701 -1893120.07493374 222528.239604331 3.03863118284087e-15 1.01287706094696e-15
1.05003333333333e-07 -0.00213965934390129 -0.00649948788154984 -1869885.41795726 420193.01974448 3.07175804160472e-15 1.02391934720157e-15
1.05366666666666e-07 -0.00280311042573174 -0.00627588098736093 -1826012.15182694 615431.818868582 3.10524604612978e-15 1.03508201537659e-15
1.05729999999999e-07 -0.00344321422591699 -0.00598300172426094 -1761753.57849151 806089.714954094 3.13909913359167e-15 1.04636637786389e-15
1.06093333333333e-07 -0.00405273786591336 -0.00562328783265229 -1677587.99998999 990038.23378528 3.17332128408872e-15 1.05777376136291e-15
1.06456666666666e-07 -0.00462470299694897 -0.00519993225350075 -1574215.95697874 1165198.84170149 3.20791652110989e-15 1.06930550703663e-15
1.06819999999999e-07 -0.00515246465215538 -0.00471685655232898 -1452555.01432959 1329566.15001404 3.24288891200785e-15 1.08096297066928e-15
1.07183333333333e-07 -0.00562978732384064 -0.00417867611008767 -1313732.12390437 1481230.57497609 3.27824256847711e-15 1.0927475228257e-15
1.07546666666666e-07 -0.0060509174062655 -0.00359065737063329 -1159073.62135283 1618400.20033316 3.31398164703749e-15 1.1046605490125e-15
1.07909999999999e-07 -0.00641065117453601 -0.0029586675242982 -990092.940194066 1739421.59541766 3.35011034952278e-15 1.11670344984093e-15
1.08273333333333e-07 -0.00670439750984826 -0.00228911709363692 -808476.152235546 1842799.35044391 3.38663292357476e-15 1.12887764119159e-15
1.08636666666666e-07 -0.00692823462998616 -0.00158889596989321 -616065.468269473 1927214.10204691 3.42355366314256e-15 1.14118455438085e-15
1.08999999999999e-07 -0.00707896014124785 -0.000865303526112751 -414840.856683528 1991538.836093 3.46087690898753e-15 1.15362563632918e-15
