0 -0.00139 0 0 400000 1.33808e-16 4.46026666666667e-17
1.55714285714286e-10 -0.00138721283424804 6.21609939863968e-05 17899.2295997677 399199.043949337 1.33540600693969e-16 4.45135335646563e-17
3.11428571428571e-10 -0.00138164408373729 0.000124072797112854 35762.61795891 397598.735674499 1.3327587857874e-16 4.44252928595801e-17
4.67142857142857e-10 -0.00137330489927881 0.000185611437796069 53554.395604948 395202.279616974 1.33015952900693e-16 4.43386509668976e-17
6.22857142857143e-10 -0.00136221197917321 0.000246653691669529 71238.9364579875 392014.474416712 1.32762904508083e-16 4.42543015026942e-17
7.78571428571429e-10 -0.00134838753577418 0.000307077328326768 88780.82916803 388041.703303372 1.32518759192707e-16 4.41729197309025e-17
9.34285714285714e-10 -0.00133185925101071 0.000366761356074328 106144.94802231 383291.921314605 1.32285471472326e-16 4.4095157157442e-17
1.09e-09 -0.00131266022095701 0.000425586264204327 123296.523280675 377774.63936697 1.32064908943668e-16 4.40216363145559e-17
1.24571428571429e-09 -0.00129082888956129 0.000483434262301526 140201.210798173 371500.905211365 1.31858837331291e-16 4.39529457770972e-17
1.40142857142857e-09 -0.001266408971666 0.000540189516105686 156825.160795422 364483.281311121 1.31668906351987e-16 4.38896354506625e-17
1.55714285714286e-09 -0.00123944936547363 0.000595738379456955 173135.085639083 356735.819687047 1.31496636507885e-16 4.38322121692951e-17
1.71285714285714e-09 -0.00121000405463343 0.00064996962185981 189098.326496683 348274.033779808 1.31343406913998e-16 4.37811356379994e-17
1.86857142857143e-09 -0.00117813200014511 0.000702774651209909 204682.918732338 339114.867385956 1.31210444257645e-16 4.37368147525483e-17
2.02428571428571e-09 -0.00114389702229589 0.000754047731237843 219857.655912428 329276.660729848 1.31098812978144e-16 4.3699604326048e-17
2.18e-09 -0.0011073676728674 0.000803686193234399 234592.152293048 318779.113739355 1.31009406745391e-16 4.36698022484636e-17
2.33571428571429e-09 -0.00106861709786827 0.000851590641633375 248856.903664126 307643.246598927 1.30942941305535e-16 4.36476471018451e-17
2.49142857142857e-09 -0.00102772289106729 0.000897665153040273 262623.346428357 295891.357658975 1.30899948751042e-16 4.36333162503474e-17
2.64714285714286e-09 -0.000984766938620377 0.00094181746830836 275863.914796669 283546.978785885 1.30880773260997e-16 4.36269244203323e-17
2.80285714285714e-09 -0.000939835255102605 0.000983959177277477 288552.095985692 270634.828242029 1.30885568345761e-16 4.36285227819204e-17
2.95857142857143e-09 -0.000893017811273421 0.00102400589580566 300662.483306686 257180.761190172 1.3091429561804e-16 4.36380985393468e-17
3.11428571428572e-09 -0.000844408353920104 0.00106187743473913 312170.827039651 243211.717921342 1.30966725100192e-16 4.36555750333974e-17
3.27e-09 -0.00079410421814012 0.00109749796048223 323054.082990721 228755.669909859 1.31042437065327e-16 4.3680812355109e-17
3.42571428571429e-09 -0.000742206132438286 0.00113079614684593 333290.458635634 213841.563803531 1.31140825397451e-16 4.37136084658169e-17
3.58142857142857e-09 -0.000688818017029003 0.00116170531787059 342859.456756866 198499.263461174 1.31261102443759e-16 4.37537008145863e-17
3.73714285714286e-09 -0.000634046775747447 0.00119016358133736 351741.916487057 182759.490153514 1.3140230532023e-16 4.38007684400768e-17
3.89285714285714e-09 -0.000578002081986385 0.00121611395270042 359920.051676542 166653.761047217 1.31563303620044e-16 4.38544345400148e-17
4.04857142857143e-09 -0.000520796159087256 0.00123950446919239 367377.486508165 150214.326095229 1.31742808463111e-16 4.39142694877035e-17
4.20428571428571e-09 -0.00046254355562526 0.00126028829387399 374099.288288047 133474.103459786 1.31939382814264e-16 4.39797942714213e-17
4.36e-09 -0.000403360916038422 0.00127842380941987 380071.997346672 116466.61359741 1.32151452987522e-16 4.4050484329174e-17
4.51571428571429e-09 -0.000343366747059918 0.00129387470145277 385283.65399039 99225.9121378811 1.32377321244311e-16 4.41257737481036e-17
4.67142857142857e-09 -0.000282681180421369 0.00130661003125903 389723.822449396 81786.521691579 1.32615179384794e-16 4.42050597949314e-17
4.82714285714286e-09 -0.000221425732302243 0.00131660429773999 393383.611774206 64183.362721748 1.32863123223512e-16 4.42877077411706e-17
4.98285714285714e-09 -0.000159723060007057 0.00132383748847512 396255.69363881 46451.6836201073 1.33119167833433e-16 4.43730559444777e-17
5.13857142857143e-09 -9.76967163576028e-05 0.00132829511979471 398334.317014841 28626.9901258191 1.3338126343639e-16 4.44604211454632e-17
5.29428571428571e-09 -3.54709022919978e-05 0.00132996826578182 399615.319687371 10744.9742291471 1.33647311812681e-16 4.45491039375603e-17
5.45e-09 2.68297818340502e-05 0.00132885357614544 400096.136589299 -7158.55729783262 1.33915183098478e-16 4.46383943661594e-17
5.60571428571428e-09 8.90805857457632e-05 0.0013249532829291 399775.804937607 -25047.754600358 1.34182732836557e-16 4.47275776121857e-17
5.76142857142857e-09 0.000151156859048012 0.00131827519604142 398654.96616123 -42886.7965263767 1.34447819143861e-16 4.48159397146202e-17
5.91714285714285e-09 0.000212934300824036 0.00130883268761766 396735.86461667 -60639.962354467 1.34708319858452e-16 4.49027732861507e-17
6.07285714285714e-09 0.000274289208534374 0.00129664466524344 394022.34309391 -78271.7033206579 1.34962149528591e-16 4.49873831761969e-17
6.22857142857142e-09 0.000335098725717603 0.00128173553409444 390519.835121657 -95746.7138009228 1.35207276107922e-16 4.5069092035974e-17
6.38428571428571e-09 0.00039524108799691 0.00126413514806766 386235.354087292 -113030.002006813 1.35441737223128e-16 4.51472457410428e-17
6.54e-09 0.000454595866899873 0.00124387875000232 381177.479193337 -130086.960052668 1.35663655883808e-16 4.52212186279362e-17
6.69571428571428e-09 0.000513044211003245 0.0012210069011099 375356.33827854 -146883.433254107 1.35871255508819e-16 4.52904185029398e-17
6.85142857142857e-09 0.000570469083919876 0.00119556539975479 368783.587537997 -163385.788519029 1.36062874148788e-16 4.53542913829294e-17
7.00714285714285e-09 0.000626755498651213 0.00116760518974812 361472.388182894 -179560.981694184 1.36236977790931e-16 4.54123259303104e-17
7.16285714285714e-09 0.000681790747836131 0.00113718225833835 353437.380086634 -195376.623732462 1.36392172639673e-16 4.54640575465575e-17
7.31857142857142e-09 0.000735464629435046 0.00110435752410296 344694.652470097 -210801.045548398 1.36527216274745e-16 4.55090720915816e-17
7.47428571428571e-09 0.000787669667397385 0.00106919671496569 335261.711684743 -225803.361432038 1.36641027597448e-16 4.55470091991494e-17
7.62999999999999e-09 0.000838301326870569 0.00103177023658359 325157.446158064 -240353.530894182 1.36732695485441e-16 4.55775651618138e-17
7.78571428571428e-09 0.000887258223519574 0.000992153031367467 314402.08857159 -254422.418819155 1.36801486086777e-16 4.56004953622592e-17
7.94142857142857e-09 0.000934442326537917 0.000950424428417881 303017.175347159 -267981.853804685 1.36846848694793e-16 4.56156162315977e-17
8.09714285714285e-09 0.00097975915494358 0.000906667984677378 291025.503522605 -281004.684572032 1.36868420156819e-16 4.56228067189396e-17
8.25285714285714e-09 0.00102311796676679 0.000860971317616884 278451.085103193 -293464.834333449 1.36866027781417e-16 4.56220092604723e-17
8.40857142857143e-09 0.00106443194075085 0.000813425929791341 265319.098980212 -305337.353008075 1.3683969072087e-16 4.56132302402901e-17
8.56428571428571e-09 0.00110361835020217 0.000764127025615899 251655.84051302 -316598.467181737 1.36789619817859e-16 4.55965399392863e-17
8.72e-09 0.00114059872864135 0.000713173320729534 237488.668875469 -327225.6277106 1.36716215917547e-16 4.55720719725158e-17
8.87571428571428e-09 0.00117529902692373 0.000660666844327828 222845.952272169 -337197.554873346 1.36620066658599e-16 4.5540022219533e-17
9.03142857142857e-09 0.00120764976151464 0.000606712734860711 207757.011134273 -346494.280981481 1.36501941768804e-16 4.5500647256268e-17
9.18714285714286e-09 0.00123758615362254 0.000551419029504275 192252.059408538 -355097.190362435 1.36362786902985e-16 4.54542623009949e-17
9.34285714285714e-09 0.00126504825891145 0.000494896447828191 176362.144057214 -362989.056635403 1.36203716072509e-16 4.54012386908363e-17
9.49857142857143e-09 0.00128998108753287 0.00043725817009194 160119.082889914 -370154.07720528 1.36026002727012e-16 4.5342000909004e-17
9.65428571428572e-09 0.00131233471423696 0.000378619610613779 143555.400851945 -376577.90490562 1.35831069559735e-16 4.52770231865783e-17
9.81e-09 0.0013320643783423 0.000319098186666249 126704.264896682 -382247.676727258 1.35620477118078e-16 4.52068257060261e-17
9.96571428571429e-09 0.00134913057336429 0.000258813083360986 109599.417572385 -387152.039575081 1.35395911310561e-16 4.51319704368537e-17
1.01214285714286e-08 0.00136349912612251 0.000197885014993634 92275.1094564529 -391281.173001342 1.35159169910195e-16 4.50530566367316e-17
1.02771428571429e-08 0.00137514126516878 0.000136435983326728 74766.0305724093 -394626.808870039 1.3491214816232e-16 4.49707160541067e-17
1.04328571428571e-08 0.00138403367839884 7.45890332945703e-05 57107.2409269381 -397182.247912941 1.34656823612123e-16 4.48856078707077e-17
1.05885714285714e-08 0.00139015855973221 1.24680066192689e-05 39334.1003060741 -398942.373144137 1.34395240273296e-16 4.47984134244321e-17
1.07442857142857e-08 0.001393503644767 -4.98027061687035e-05 21482.1974711164 -399903.660106245 1.34129492264584e-16 4.47098307548613e-17
1.09e-08 0.00139406223533795 -0.00011209841480888 3587.27889604351 -400064.183927742 1.33861707045207e-16 4.46205690150691e-17
1.10557142857143e-08 0.00139183321292883 -0.000174294378989348 -14314.8228108723 -399423.623177312 1.33594028383381e-16 4.45313427944603e-17
1.12114285714286e-08 0.0013868210409121 -0.000236266058125512 -32188.2606579268 -397983.260507479 1.33328599194268e-16 4.44428663980894e-17
1.13671428571429e-08 0.00137903575561151 -0.00029788936073894 -49997.2450496456 -395745.98008623 1.33067544384763e-16 4.43558481282543e-17
1.15228571428571e-08 0.00136849294620549 -0.000359040892936904 -67706.1154515169 -392716.261821792 1.32812953842441e-16 4.42709846141472e-17
1.16785714285714e-08 0.00135521372351149 -0.000419598205495104 -85279.4117962938 -388900.172392105 1.32566865704859e-16 4.4188955234953e-17
1.18342857142857e-08 0.00133922467771394 -0.000479440039048774 -102681.945488883 -384305.353096964 1.32331250043137e-16 4.41104166810456e-17
1.199e-08 0.00132055782512026 -0.000538446566901246 -119878.869867638 -378941.00455716 1.32107993090457e-16 4.40359976968191e-17
1.21457142857143e-08 0.0012992505440518 -0.00059649963496374 -136835.749980977 -372817.868291246 1.31898882141728e-16 4.39662940472427e-17
1.23014285714286e-08 0.00127534549999778 -0.000653482998345945 -153518.631539579 -365948.205206823 1.31705591245301e-16 4.39018637484336e-17
1.24571428571429e-08 0.00124889056018239 -0.000709282554123641 -169894.108906128 -358345.771049426 1.31529667801294e-16 4.38432226004312e-17
1.26128571428572e-08 0.00121993869771594 -0.000763786569817268 -185929.391986427 -350025.78885815 1.31372520173799e-16 4.3790840057933e-17
1.27685714285714e-08 0.00118854788552195 -0.000816885907123936 -201592.371887957 -341004.91848319 1.31235406416154e-16 4.37451354720514e-17
1.29242857142857e-08 0.00115478098025285 -0.000868474240454891 -216851.685214408 -331301.223226317 1.3111942419953e-16 4.37064747331768e-17
1.308e-08 0.00111870559642635 -0.00091844826984082 -231676.776867438 -320934.133671106 1.31025502025471e-16 4.36751673418237e-17
1.32357142857143e-08 0.00108039397103484 -0.000966707927778692 -246037.961229892 -309924.408775324 1.30954391792725e-16 4.36514639309084e-17
1.33914285714286e-08 0.00103992281889874 -0.00101315657960594 -259906.481607996 -298294.094303401 1.30906662777883e-16 4.36355542592945e-17
1.35471428571429e-08 0.000997373179053498 -0.00105770121700074 -273254.567813475 -286066.478682204 1.30882697078005e-16 4.36275656926684e-17
1.37028571428572e-08 0.000952830252477837 -0.00110025264422098 -286055.491770299 -273266.046368527 1.30882686551722e-16 4.36275621839072e-17
1.38585714285714e-08 0.000906383231488144 -0.00114072565670892 -298283.621034727 -259918.42882165 1.30906631283302e-16 4.36355437611006e-17
1.40142857142857e-08 0.000858125121140661 -0.00117903921170396 -309914.470121451 -246050.353179164 1.30954339581977e-16 4.36514465273257e-17
1.417e-08 0.000808152552999079 -0.00121511659052186 -320924.749533095 -231689.588738812 1.31025429516532e-16 4.36751431721773e-17
1.43257142857143e-08 0.000756565591640448 -0.00124888555217548 -331292.412394875 -216864.89135352 1.31119331972874e-16 4.37064439909581e-17
1.44814285714286e-08 0.000703467534286858 -0.00128027847802942 -340996.698601038 -201605.945850964 1.31235295210106e-16 4.37450984033688e-17
1.46371428571429e-08 0.000648964703964098 -0.00130923250719889 -350018.1763847 -185943.306592959 1.31372390878625e-16 4.37907969595418e-17
1.47928571428572e-08 0.00059316623660148 -0.00133568966242177 -358338.781227818 -169908.336293715 1.31529521452073e-16 4.38431738173577e-17
1.49485714285714e-08 0.000536183862499135 -0.00135959696615166 -365941.852033408 -153533.14321944 1.31705429013639e-16 4.39018096712131e-17
1.51042857142857e-08 0.000478131682600359 -0.0013809065466396 -372812.164487554 -136850.516895067 1.3189870532638e-16 4.39662351087932e-17
1.526e-08 0.000419125940017012 -0.00139957573379204 -378935.961544434 -119893.862446836 1.32107803106926e-16 4.40359343689754e-17
1.54157142857143e-08 0.000359284787265458 -0.00141556714461294 -384300.980973281 -102697.133712194 1.32331048412346e-16 4.4110349470782e-17
1.55714285714286e-08 0.000298728049679135 -0.00142884875805916 -388896.479912162 -85294.7652509707 1.32566654040974e-16 4.41888846803246e-17
1.57271428571429e-08 0.00023757698547149 -0.00143939397915907 -392713.256379376 -67721.6033939535 1.32812733839948e-16 4.42709112799827e-17
1.58828571428572e-08 0.000175954042929725 -0.00144718169226607 -395743.667699408 -50012.8364669388 1.33067317804903e-16 4.43557726016342e-17
1.60385714285714e-08 0.000113982615225562 -0.00145219630334031 -397981.645806551 -32203.9243299766 1.33328367850937e-16 4.44427892836457e-17
1.61942857142857e-08 5.17867933339705e-05 -0.00145442777117409 -399422.709395541 -14330.5273728964 1.3359379412861e-16 4.45312647095368e-17
1.635e-08 -1.05088824453742e-05 -0.00145387162749825 -400063.972894874 3571.56489070501 1.33861471754335e-16 4.46204905847785e-17
1.65057142857143e-08 -7.27796718663581e-05 -0.0014505289859294 -399904.152244851 21466.5054880326 1.34129257821244e-16 4.47097526070814e-17
1.66614285714286e-08 -0.000134900884515066 -0.00144440653974001 -398943.567468763 39318.4617667171 1.34395008554336e-16 4.47983361847788e-17
1.68171428571429e-08 -0.000196748129488633 -0.00143551654845588 -397184.142032083 57091.6871457646 1.34656596472581e-16 4.4885532157527e-17
1.69728571428571e-08 -0.000258197564474364 -0.00142387681330779 -394629.398990933 74750.5926941572 1.34911927420573e-16 4.49706424735245e-17
1.71285714285714e-08 -0.000319126143730354 -0.00140951064158648 -391284.453937554 92259.8183937772 1.35158957333402e-16 4.50529857778008e-17
1.72842857142857e-08 -0.000379411864471071 -0.00139244679997235 -387156.004756896 109584.303943958 1.35395708600517e-16 4.51319028668391e-17
1.744e-08 -0.000438934011164524 -0.00137271945693337 -382252.318214837 126689.358965885 1.35620285897589e-16 4.5206761965863e-17
1.75957142857143e-08 -0.000497573397251857 -0.00135036811430648 -376583.213404893 143540.732466267 1.35830891359626e-16 4.52769637865418e-17
1.77514285714286e-08 -0.000555212603805336 -0.00132543752819947 -370160.042086561 160104.681421184 1.36025838973872e-16 4.53419463246241e-17
1.79071428571429e-08 -0.00061173621464685 -0.00129797761937181 -362995.665954673 176348.038342792 1.36203568077273e-16 4.5401189359091e-17
1.80628571428571e-08 -0.000667031047456125 -0.00126804337327381 -355104.430885257 192238.277693567 1.36362655850436e-16 4.54542186168121e-17
1.82185714285714e-08 -0.000720986380405891 -0.00123569472994431 -346502.138209504 207743.581015123 1.3650182870809e-16 4.55006095693635e-17
1.83742857142857e-08 -0.000773494173870168 -0.00120099646398733 -337206.013073335 222832.900641178 1.36619972494834e-16 4.55399908316113e-17
1.853e-08 -0.00082444928676175 -0.00116401805486802 -327234.669945939 237476.021867094 1.36716141404564e-16 4.55720471348545e-17
1.86857142857143e-08 -0.00087374968706568 -0.00112483354778772 -316608.075346342 251643.623451506 1.36789565552174e-16 4.55965218507246e-17
1.88414285714286e-08 -0.00092129665614715 -0.0010835214054165 -305347.507862652 265307.336328882 1.36839657136911e-16 4.56132190456369e-17
1.89971428571428e-08 -0.000966994986424719 -0.00104016435078038 -293475.515544019 278439.800415464 1.36866015148041e-16 4.56220050493469e-17
1.91528571428571e-08 -0.00101075317201303 -0.000994849201617474 -281015.870750644 291014.719394825 1.36868428575163e-16 4.56228095250545e-17
1.93085714285714e-08 -0.00105248359195331 -0.000947666696535052 -267993.522552244 303006.913373358 1.36846878097465e-16 4.56156260324883e-17
1.94642857142857e-08 -0.00109210268566468 -0.000898711313315442 -254434.546770278 314392.369300243 1.36801536238392e-16 4.56005120794639e-17
1.962e-08 -0.00112953112026507 -0.000848081079734652 -240366.093763978 325148.289050945 1.36732765984507e-16 4.55775886615024e-17
1.97757142857143e-08 -0.00116469394942658 -0.000795877377272514 -225816.334064741 335253.135077951 1.36641117879581e-16 4.55470392931938e-17
1.99314285714286e-08 -0.00119752076344727 -0.000742204738107413 -210814.401967736 344686.673537347 1.36527325617187e-16 4.55091085390624e-17
2.00871428571428e-08 -0.00122794583023886 -0.000687170635802085 -195390.337193673 353430.014804861 1.36392300167078e-16 4.54641000556925e-17
2.02428571428571e-08 -0.001255908226948 -0.000630885270099615 -179575.024737569 361465.651300265 1.36237122482372e-16 4.54123741607906e-17
2.03985714285714e-08 -0.00128135196194759 -0.000573461346260562 -163400.133024937 368777.49254438 1.3606303484593e-16 4.53543449486432e-17
2.05542857142857e-08 -0.0013042260869539 -0.000515013849383054 -146898.050499241 375350.89737849 1.35871430925193e-16 4.52904769750642e-17
2.071e-08 -0.00132448479904486 -0.000455659814157767 -130101.820767599 381172.703281658 1.35663844615109e-16 4.52212815383696e-17
2.08657142857143e-08 -0.00134208753237539 -0.000395518090518814 -113045.076434593 386231.252727223 1.35441937758458e-16 4.51473125861526e-17
2.10214285714285e-08 -0.00135699903940607 -0.000334709105659809 -95761.971756667 390516.416525721 1.35207486841885e-16 4.50691622806282e-17
2.11771428571428e-08 -0.00136918946148245 -0.000273354622891645 -78287.114251986 394019.61410747 1.34962368774145e-16 4.49874562580483e-17
2.13328571428571e-08 -0.00137863438862372 -0.000211577497824845 -60655.4954026824 396733.83070422 1.34708545860417e-16 4.49028486201389e-17
2.14885714285714e-08 -0.00138531490840104 -0.000149501432364696 -42902.4205882568 398653.631395458 1.34448050092965e-16 4.48160166976551e-17
2.16442857142857e-08 -0.00138921764380755 -8.7250727011775e-05 -25063.4383904357 399775.171991233 1.34182966883927e-16 4.47276556279756e-17
2.18e-08 -0.00139033478004441 -2.49500319638599e-05 -7174.26941104148 400096.20672973 1.33915418370435e-16 4.46384727901449e-17
2.19557142857143e-08 -0.00138866408016905 3.72759024824019e-05 10729.2652545874 399616.092774158 1.33647546425743e-16 4.45491821419144e-17
2.21114285714285e-08 -0.00138420888957441 9.93024757302532e-05 28611.3157454042 398335.791499962 1.3338149551235e-16 4.44604985041168e-17
2.22671428571428e-08 -0.00137697812929015 0.000161005486381832 46436.0752200618 396257.866569772 1.33119395514396e-16 4.43731318381321e-17
2.24228571428571e-08 -0.00136698627811926 0.000222261380937825 64167.8515561779 393386.478799953 1.32863344686767e-16 4.42877815622555e-17
2.25785714285714e-08 -0.00135425334364587 0.000282947501199773 81771.1388198892 389727.377829024 1.32615392857404e-16 4.42051309524682e-17
2.27342857142857e-08 -0.00133880482217227 0.000342942329879638 99210.6883625819 385287.890604641 1.32377525017311e-16 4.4125841672437e-17
2.289e-08 -0.00132067164766532 0.000402125733924822 116451.579402439 380076.906712192 1.32151645429597e-16 4.40505484765324e-17
2.30457142857142e-08 -0.00129989012981462 0.000460379205071403 133459.288949466 374104.860574371 1.31939562384809e-16 4.39798541282696e-17
2.32014285714285e-08 -0.00127650188132632 0.000517586097143913 150199.76093399 367383.710557402 1.31742973724564e-16 4.39143245748548e-17
2.33571428571428e-08 -0.00125055373459829 0.000573631859626489 166639.474400194 359926.915025718 1.31563453249398e-16 4.3854484416466e-17
2.35128571428571e-08 -0.00122209764794334 0.000628404267037695 182745.510628148 351749.405393068 1.31402438119618e-16 4.38008127065395e-17
2.36685714285714e-08 -0.00119119060154842 0.000681793643649718 198485.619049928 342867.556224001 1.31261217350049e-16 4.3753739116683e-17
2.38242857142857e-08 -0.00115789448337809 0.000733693083101962 213828.28182784 333299.1524456 1.31140921490755e-16 4.37136404969183e-17
2.398e-08 -0.00112227596525061 0.000783998662469287 228742.776965419 323063.353735119 1.31042513576365e-16 4.36808378587884e-17
2.41357142857142e-08 -0.00108440636933503 0.000832609650356254 243199.239824859 312180.656154834 1.30966781416451e-16 4.36555938054838e-17
2.42914285714285e-08 -0.00104436152533629 0.00087942870860067 257168.722927663 300672.85111093 1.30914331288678e-16 4.36381104295593e-17
2.44471428571428e-08 -0.00100222161865465 0.000924362087182568 270623.253918791 288562.981718609 1.30885583085214e-16 4.36285276950714e-17
2.46028571428571e-08 -0.000958071029823186 0.000967319811948317 283535.891578229 275875.296660775 1.30880766951268e-16 4.36269223170892e-17
2.47585714285714e-08 -0.000911998165545055 0.00100821586477398 295880.779767817 262635.201632719 1.30899921442644e-16 4.3633307147548e-17
2.49142857142857e-08 -0.000864095281668796 0.00104696835580717 307633.19920533 248869.208470001 1.30942893217086e-16 4.36476310723621e-17
2.50699999999999e-08 -0.000814458298456123 0.00108349968744245 318769.616962122 234604.882061413 1.31009338261866e-16 4.3669779420622e-17
2.52257142857142e-08 -0.000763186608512137 0.00111773670970203 329267.733585231 219870.78515332 1.31098724647792e-16 4.36995748825972e-17
2.53814285714285e-08 -0.000710382877762559 0.0011496108667106 339106.527749583 204696.421155896 1.31210336787598e-16 4.37367789291993e-17
2.55371428571428e-08 -0.000656152839876493 0.00117905833397084 348266.298350883 189112.175065786 1.31343281164614e-16 4.37810937215379e-17
2.56928571428571e-08 -0.00060060508454637 0.00120602014616507 356728.703954918 173149.252623495 1.31496493485857e-16 4.38321644952855e-17
2.58485714285714e-08 -0.000543850840049021 0.00123044231522675 364476.799524258 156839.617827312 1.31668747202284e-16 4.38895824007614e-17
2.60042857142856e-08 -0.000486003750523274 0.00125227593844568 371495.070348835 140215.928928923 1.31858663327995e-16 4.39528877759984e-17
2.61599999999999e-08 -0.000427179648410051 0.0012714772963903 377769.463112444 123311.473038846 1.3206472147977e-16 4.40215738265901e-17
2.63157142857142e-08 -0.000367496322510632 0.00128800794045105 383287.414032964 106160.099472653 1.32285272048579e-16 4.40950906828598e-17
2.64714285714285e-08 -0.000307073282127525 0.00130183476982945 388037.874019952 88796.151971431 1.32518549405608e-16 4.41728498018695e-17
2.66271428571428e-08 -0.000246031517760216 0.0013129300978189 392011.330799233 71254.3999322162 1.32762686037093e-16 4.42542286790309e-17
2.67828571428571e-08 -0.000184493258834987 0.00132127170724416 395199.827960184 53569.9687860961 1.33015727494793e-16 4.43385758315975e-17
2.69385714285714e-08 -0.000122581728953923 0.00132684289494889 397596.980887571 35778.2696633934 1.33275648042428e-16 4.44252160141427e-17
2.70942857142856e-08 -6.04208991531822e-05 0.00132963250524183 399197.98954604 17914.9284867679 1.33540366872815e-16 4.45134556242717e-17
2.72499999999999e-08 1.86476033537621e-06 0.00132963495223487 399999.64809166 15.7146342206179 1.33807764765872e-16 4.46025882552906e-17
2.74057142857142e-08 6.41505293221604e-05 0.00132685023102818 400000.351291275 -17883.530685155 1.34075701054144e-16 4.46919003513812e-17
2.75614285714285e-08 0.00012631168739832 0.00132128391772001 399200.097736805 -35746.9661992569 1.34342030760027e-16 4.47806769200089e-17
2.77171428571428e-08 0.000188223763674662 0.00131294715824117 397600.489848065 -53538.8223411835 1.34604621767493e-16 4.48682072558311e-17
2.78728571428571e-08 0.000249762786020929 0.00130185664603653 395204.7306641 -71223.4728738612 1.34861371890856e-16 4.49537906302855e-17
2.80285714285713e-08 0.000310805529306371 0.00128803458863822 392017.617429445 -88765.50622767 1.35110225703925e-16 4.50367419013083e-17
2.81842857142856e-08 0.000371229762144529 0.00127150866319751 388045.531988174 -106129.796408221 1.35349190994821e-16 4.51163969982738e-17
2.83399999999999e-08 0.000430914491648158 0.00125231196106434 383296.428004955 -123281.5733323 1.35576354714737e-16 4.51921182382455e-17
2.84957142857142e-08 0.000489740205704187 0.00123048292152552 377779.815038717 -140186.492451139 1.35789898292939e-16 4.52632994309797e-17
2.86514285714285e-08 0.000547589112283596 0.0012060652548343 371506.739500794 -156810.703521604 1.35988112195435e-16 4.53293707318117e-17
2.88071428571428e-08 0.000604345375307014 0.00117910785468537 364489.762535708 -173120.918387582 1.36169409610732e-16 4.53898032035772e-17
2.89628571428571e-08 0.000659895346593735 0.00114966470031065 356742.934868853 -189084.477635864 1.36332339153135e-16 4.5444113051045e-17
2.91185714285713e-08 0.00071412779342972 0.00111779474839173 348281.768671462 -204669.415993023 1.36475596481894e-16 4.54918654939645e-17
2.92742857142856e-08 0.000766934121298879 0.00108356181500569 339123.206499188 -219844.526332369 1.36598034743165e-16 4.55326782477216e-17
2.94299999999999e-08 0.000818208591331663 0.00104703444784035 329285.5873665 -234579.422162787 1.36698673751211e-16 4.55662245837368e-17
2.95857142857142e-08 0.000867848532035528 0.00100828578893505 318788.610024819 -248844.59847435 1.36776707835326e-16 4.55922359451085e-17
2.97414285714285e-08 0.00091575454488332 0.000967393428221832 307653.293517933 -262611.490818855 1.36831512289674e-16 4.56105040965582e-17
2.98971428571428e-08 0.000961830703347906 0.000924439248160028 295901.935093673 -275852.532506998 1.36862648374406e-16 4.56208827914687e-17
3.00528571428571e-08 0.0010059847449845 0.000879509259775696 283558.065556123 -288541.209807636 1.36869866828008e-16 4.56232889426693e-17
3.02085714285713e-08 0.00104812825617608 0.000832693430433968 270646.402147769 -300652.115038621 1.36853109862782e-16 4.56177032875941e-17
3.03642857142856e-08 0.00108817684917194 0.000784085503689289 257192.799055939 -312160.997442894 1.36812511627467e-16 4.56041705424892e-17
3.05199999999999e-08 0.00112605033106486 0.00073378281157425 243224.195642631 -323044.811747959 1.36748397133305e-16 4.55827990444349e-17
3.06757142857142e-08 0.00116167286436865 0.000681886079702885 228768.562501405 -333281.764311513 1.36661279652143e-16 4.55537598840476e-17
3.08314285714285e-08 0.00119497311887433 0.000628499225578701 213854.845449337 -342851.356760814 1.36551856607415e-16 4.55172855358051e-17
3.09871428571428e-08 0.00122588441448107 0.000573729150511289 198512.907566203 -351734.427038427 1.3642100399088e-16 4.54736679969601e-17
3.1142857142857e-08 0.00125434485471574 0.0005176855255582 182773.469396944 -359913.187772132 1.36269769349826e-16 4.54232564499419e-17
3.12985714285713e-08 0.00128029745067381 0.000460480571920702 166668.047437149 -367371.261892188 1.36099363400874e-16 4.53664544669581e-17
3.14542857142856e-08 0.00130369023513338 0.000402228836233156 150228.891024738 -374093.715424614 1.35911150337531e-16 4.53037167791769e-17
3.16099999999999e-08 0.0013244763666138 0.000343046961195961 133488.9177642 -380067.087394828 1.35706636909061e-16 4.52355456363538e-17
3.17657142857142e-08 0.00134261422317064 0.00028305345201137 116481.647612712 -385279.416781776 1.35487460358136e-16 4.51624867860453e-17
3.19214285714285e-08 0.001358067485739 0.000222368439089838 99241.1357601081 -389720.266468556 1.35255375313798e-16 4.50851251045992e-17
3.20771428571428e-08 0.00137080521085849 0.000161113437502074 81801.9044370998 -393380.744141601 1.35012239744692e-16 4.50040799148972e-17
3.2232857142857e-08 0.0013808018926341 9.94111036584671e-05 64198.8737883048 -396253.520096559 1.34760000085002e-16 4.49200000283339e-17
3.23885714285713e-08 0.00138803751380893 3.73849897030967e-05 46467.2919484936 -398332.841915223 1.34500675652173e-16 4.48335585507242e-17
3.25442857142856e-08 0.0013924975858466 -2.4840703885858e-05 28642.6644620723 -399614.545984112 1.34236342481162e-16 4.47454474937205e-17
3.26999999999999e-08 0.00139417317794288 -8.71413769939298e-05 10760.6831871309 -400096.065831654 1.33969116704634e-16 4.46563722348781e-17
3.28557142857142e-08 0.00139306093490871 -0.000149392279368403 -7142.84517358044 -399776.437267261 1.33701137612157e-16 4.45670458707192e-17
3.30114285714285e-08 0.00138916308388855 -0.000211468760416988 -25032.07077164 -398656.300312012 1.33434550524007e-16 4.44781835080023e-17
3.31671428571427e-08 0.00138248742990081 -0.000273246518806935 -42871.1723983366 -396737.89791709 1.33171489616696e-16 4.43904965388988e-17
3.3322857142857e-08 0.00137304734020912 -0.000334601851364797 -60624.4292127046 -394025.071472507 1.3291406083772e-16 4.43046869459068e-17
3.34785714285713e-08 0.00136086171755587 -0.000395411900778442 -78256.2922685828 -390523.253115152 1.32664325046282e-16 4.42214416820941e-17
3.36342857142856e-08 0.00134595496231155 -0.000455554901605323 -95731.4556974735 -386239.45485153 1.32424281514982e-16 4.41414271716608e-17
3.37899999999999e-08 0.00132835692361568 -0.000514910424094397 -113014.927404665 -381182.254516987 1.32195851924538e-16 4.4065283974846e-17
3.39457142857142e-08 0.00130810283960719 -0.000573359615333468 -130072.099137057 -375361.778599542 1.31980864979672e-16 4.39936216598906e-17
3.41014285714285e-08 0.00128523326686394 -0.000630785437239089 -146868.815782383 -368789.681962705 1.31781041769322e-16 4.39270139231075e-17
3.42571428571427e-08 0.00125979399919257 -0.000687072900912461 -163371.443761072 -361479.124507893 1.3159798198838e-16 4.38659939961265e-17
3.4412857142857e-08 0.00123183597593151 -0.00074210929689207 -179546.938373796 -353444.744823173 1.31433151131245e-16 4.38110503770816e-17
3.45685714285713e-08 0.00120141517995049 -0.000795784420841998 -195362.90996985 -344702.6308711 1.31287868759741e-16 4.37626229199137e-17
3.47242857142856e-08 0.00116859252555103 -0.000847990794224002 -210787.688803864 -335270.287774338 1.31163297939295e-16 4.37210993130982e-17
3.48799999999999e-08 0.00113343373649223 -0.000898623879511473 -225790.388450997 -325166.602763575 1.31060435927954e-16 4.36868119759847e-17
3.50357142857142e-08 0.00109600921438617 -0.000947582289514349 -240340.967653601 -314411.80735792 1.30980106192791e-16 4.36600353975969e-17
3.51914285714284e-08 0.00105639389772641 -0.000994767990395824 -254410.290475544 -303027.436853507 1.30922951817592e-16 4.36409839391973e-17
3.53471428571427e-08 0.00101466711183188 -0.00104008649797433 -267970.184643719 -291036.287201431 1.3088943035462e-16 4.36298101182066e-17
3.5502857142857e-08 0.000970912410006696 -0.00108344706691775 -280993.497959925 -278462.369361365 1.30879810161653e-16 4.36266033872178e-17
3.56585714285713e-08 0.000925217406233771 -0.00112476287245092 -293454.152670161 -265330.861222244 1.30894168253638e-16 4.36313894178792e-17
3.58142857142856e-08 0.000877673599737502 -0.00116395118421279 -305327.197682464 -251668.057186314 1.30932389686136e-16 4.36441298953786e-17
3.59699999999999e-08 0.0008283761917666 -0.0012009335319148 -316588.858528727 -237501.315517479 1.30994168475523e-16 4.36647228251744e-17
3.61257142857141e-08 0.000777423894964057 -0.00123563586246905 -327216.584970462 -222859.003559383 1.31079010048554e-16 4.36930033495181e-17
3.62814285714284e-08 0.00072491873570592 -0.00126798868827146 -337189.096153175 -207770.440932923 1.31186235201694e-16 4.37287450672314e-17
3.64371428571427e-08 0.000670965849804686 -0.00129792722634308 -346486.423218933 -192265.840826929 1.31314985538517e-16 4.37716618461724e-17
3.6592857142857e-08 0.000615673271986389 -0.00132539152805087 -355089.949291817 -176376.249499568 1.31464230341644e-16 4.38214101138812e-17
3.67485714285713e-08 0.000559151719562929 -0.00135032659914825 -362982.446756164 -160133.484111633 1.31632774824199e-16 4.38775916080664e-17
3.69042857142856e-08 0.000501514370732823 -0.00137268250989506 -370148.111752976 -143570.069016166 1.31819269694743e-16 4.39397565649144e-17
3.70599999999999e-08 0.000442876637954294 -0.00139241449503633 -376572.595825413 -126719.170632017 1.32022221959089e-16 4.40074073196964e-17
3.72157142857141e-08 0.000383355936844508 -0.00140948304343984 -382243.034649999 -109614.531031736 1.32240006872547e-16 4.4080002290849e-17
3.73714285714284e-08 0.0003230714510677 -0.0014238539772128 -387148.073796019 -92290.4003767792 1.32470880946897e-16 4.41569603156324e-17
3.75271428571427e-08 0.000262143893682978 -0.0014354985201393 -391277.891461515 -74781.4683353226 1.32712995907977e-16 4.42376653026591e-17
3.7682857142857e-08 0.000200695265429692 -0.00144439335530156 -394624.21814037 -57122.7946200144 1.32964413492133e-16 4.43214711640442e-17
3.78385714285713e-08 0.000138848610434352 -0.00145052067176947 -397180.35318108 -39349.738784752 1.33223120963086e-16 4.44077069876954e-17
3.79942857142856e-08 7.67277698282888e-05 -0.00145386820026503 -398941.178204078 -21497.8894210604 1.33487047225e-16 4.44956824083334e-17
3.81499999999998e-08 1.44571337693905e-05 -0.00145442923773024 -399903.167350723 -3602.99289584817 1.33754079402741e-16 4.45846931342469e-17
3.83057142857141e-08 -4.78386076355174e-05 -0.00145220266074922 -400064.394343445 14299.1182267652 1.34022079756606e-16 4.46740265855353e-17
3.84614285714284e-08 -0.000110034714008913 -0.00144719292779772 -399424.536342908 32172.5969362213 1.34288902796111e-16 4.47629675987036e-17
3.86171428571427e-08 -0.000172006644481478 -0.00143941007031555 -397984.874594452 49981.6535552234 1.34552412455821e-16 4.48508041519403e-17
3.8772857142857e-08 -0.000233630307071503 -0.00142886967261969 -395748.29186255 67690.6274046325 1.34810499195732e-16 4.4936833065244e-17
3.89285714285713e-08 -0.000294782307165451 -0.00141559284069841 -392719.26665838 85264.0582100594 1.35061096889301e-16 4.50203656297669e-17
3.90842857142856e-08 -0.000355340194602107 -0.00139960615994886 -388903.864272105 102666.757107168 1.35302199363925e-16 4.51007331213084e-17
3.92399999999998e-08 -0.000415182708865578 -0.00138094164194274 -384309.724627793 119863.877103509 1.35531876461464e-16 4.51772921538212e-17
3.93957142857141e-08 -0.000474190021896148 -0.00135963666032663 -378946.046985308 136820.982855795 1.35748289490211e-16 4.52494298300705e-17
3.95514285714284e-08 -0.000532243978032803 -0.00133573387598535 -372823.571519804 153504.11962289 1.35949705944643e-16 4.53165686482143e-17
3.97071428571427e-08 -0.000589228330606962 -0.00130928115161827 -365954.557815703 169879.881256452 1.36134513375072e-16 4.53781711250239e-17
3.9862857142857e-08 -0.000645028974713658 -0.00128033145589949 -358352.760318227 185915.477093068 1.363012322962e-16 4.54337440987332e-17
4.00185714285713e-08 -0.000699534175694068 -0.00124894275741389 -350033.400791629 201578.797613961 1.36448528031211e-16 4.54828426770702e-17
4.01742857142855e-08 -0.0007526347928719 -0.0012151779085814 -341013.137839286 216838.478740767 1.36575221396595e-16 4.5525073798865e-17
4.03299999999998e-08 -0.000804224498095596 -0.00117910451980195 -331310.033546672 231663.964638664 1.36680298142162e-16 4.55600993807207e-17
4.04857142857141e-08 -0.00085419998864878 -0.00114079482407307 -320943.517314023 246025.568901065 1.36762917070673e-16 4.55876390235576e-17
4.06414285714284e-08 -0.000902461194102592 -0.00110032553235124 -309934.346951088 259894.533993394 1.36822416772086e-16 4.5607472257362e-17
4.07971428571427e-08 -0.000948911476695732 -0.00105777767994664 -298304.567111907 273243.088836883 1.36858320918512e-16 4.56194403061705e-17
4.0952857142857e-08 -0.000993457824840954 -0.00101323646425884 -286077.465152805 286044.504417107 1.36870342077476e-16 4.56234473591587e-17
4.11085714285713e-08 -0.00103601103937055 -0.000966791074178345 -273277.524502021 298273.147305901 1.36858384012979e-16 4.56194613376596e-17
4.12642857142855e-08 -0.0010764859121479 -0.000918534511495697 -259930.375634337 309904.530989483 1.36822542455915e-16 4.56075141519716e-17
4.14199999999998e-08 -0.00111480139668737 -0.000868563404675553 -246062.744748864 320915.364900006 1.36763104337694e-16 4.55877014458981e-17
4.15757142857141e-08 -0.00115088077044101 -0.000816977815368829 -231702.400252768 331283.60105236 1.36680545493201e-16 4.5560181831067e-17
4.17314285714284e-08 -0.00118465178842706 -0.000763881038050229 -216878.097158083 340988.478192843 1.3657552685147e-16 4.55251756171567e-17
4.18871428571427e-08 -0.00121604682789252 -0.000709379393182414 -201619.51950296 350010.563371289 1.36448889144587e-16 4.54829630481957e-17
4.2042857142857e-08 -0.00124500302372034 -0.000653582014320954 -185957.220912643 358331.790853414 1.36301646177166e-16 4.54338820590554e-17
4.21985714285712e-08 -0.0012714623943099 -0.000596600629586374 -169922.56341919 365935.498295467 1.36134976710283e-16 4.53783255700944e-17
4.23542857142855e-08 -0.00129537195767877 -0.00053854933794087 -153547.65466245 372806.460108739 1.35950215024845e-16 4.53167383416151e-17
4.25099999999998e-08 -0.00131668383755332 -0.000479544380717673 -136865.283598043 378930.917947136 1.35748840239938e-16 4.52496134133125e-17
4.26657142857141e-08 -0.00133535535923572 -0.000419703908860551 -119908.854841077 384296.60825675 1.35532464471658e-16 4.51774881572195e-17
4.28214285714284e-08 -0.00135134913505529 -0.000359147746339524 -102712.321777078 388892.786832283 1.35302819927243e-16 4.51009399757477e-17
4.29771428571427e-08 -0.00136463313923325 -0.000297997150216533 -85310.1185740665 392710.250331135 1.3506174503779e-16 4.50205816792635e-17
4.3132857142857e-08 -0.0013751807720108 -0.000236374567841494 -67737.0912319185 395741.354702086 1.34811169740608e-16 4.49370565802027e-17
4.32885714285712e-08 -0.00138297091291218 -0.000174403391664933 -50028.4278070791 397980.030491672 1.34553100029002e-16 4.48510333430006e-17
4.34442857142855e-08 -0.00138798796303619 -0.000112207712158165 -32219.5879523467 399421.794997594 1.34289601893195e-16 4.47632006310648e-17
4.35999999999998e-08 -0.00139022187629119 -4.9912069335754e-05 -14346.2319128135 400063.761244842 1.34022784780935e-16 4.4674261593645e-17
4.37557142857141e-08 -0.00138966817951132 1.23587966221785e-05 3555.8508798567 399904.643766539 1.33754784710207e-16 4.45849282367357e-17
4.39114285714284e-08 -0.00138632798141357 7.44801951484599e-05 21450.8134718332 398944.761177954 1.33487747169229e-16 4.44959157230763e-17
4.40671428571427e-08 -0.00138020797037761 0.000136327734968027 39302.8231667049 397186.035538504 1.33223809940638e-16 4.44079366468794e-17
4.42228571428569e-08 -0.00137132040105312 0.000197777573177787 57076.1332765178 394631.988503046 1.32965085987363e-16 4.43216953291211e-17
4.43785714285712e-08 -0.00135968306982117 0.000258706663228424 74735.15470059 391287.734270145 1.32713646537191e-16 4.42378821790638e-17
4.45342857142855e-08 -0.00134531927915892 0.000318993001311594 92244.5271887756 387159.969341461 1.3247150450145e-16 4.41571681671499e-17
4.46899999999998e-08 -0.00132825779097897 0.000378515870659148 109569.19014648 382256.95911273 1.3224059836054e-16 4.40801994535133e-17
4.48457142857141e-08 -0.0013085327690368 0.000437156083265193 126674.45283965 376588.521323225 1.32022776645335e-16 4.40075922151118e-17
4.50014285714284e-08 -0.00128618371052158 0.000494796218546982 143526.063859153 370166.00639681 1.31819783138674e-16 4.39399277128912e-17
4.51571428571427e-08 -0.00126125536696745 0.000551320858466727 160090.279705467 363002.274713962 1.31633242915412e-16 4.38777476384708e-17
4.53128571428569e-08 -0.00123379765464339 0.000606616818643541 176333.932356325 355111.670860273 1.31464649332811e-16 4.38215497776038e-17
4.54685714285712e-08 -0.00120386555460147 0.000660573374992721 192224.495682038 346509.994902992 1.31315352075384e-16 4.37717840251282e-17
4.56242857142855e-08 -0.00117151900258329 0.000713082485438566 207730.150575495 337214.470753129 1.31186546349931e-16 4.37288487833104e-17
4.57799999999998e-08 -0.00113682276900523 0.000764039006256758 222819.848666431 327243.711676464 1.31079263317248e-16 4.36930877724161e-17
4.59357142857141e-08 -0.00109984632926285 0.000813340902613123 237463.374492374 316617.683022528 1.30994361837119e-16 4.36647872790396e-17
4.60914285714284e-08 -0.001060663724614 0.000860889452877172 251631.406001791 305357.662246182 1.30932521592667e-16 4.36441738642223e-17
4.62471428571426e-08 -0.00101935341391937 0.000906589446301317 265295.573268273 293486.196301855 1.3089423764912e-16 4.36314125497065e-17
4.64028571428569e-08 -0.000975998116537218 0.00095034937366994 278428.515298196 281027.056495743 1.30879816490537e-16 4.36266054968457e-17
4.65585714285712e-08 -0.00093068464668697 0.000992081610536534 291003.934818107 268005.19088638 1.30889373566239e-16 4.36297911887464e-17
4.67142857142855e-08 -0.000883503739613254 0.00103170259268203 302996.650932119 254446.674328893 1.30922832366569e-16 4.36409441221898e-17
4.68699999999998e-08 -0.000834549869898562 0.00106913298344298 314382.649543894 240378.65626297 1.30979925035397e-16 4.36599750117991e-17
4.70257142857141e-08 -0.000783921062288272 0.00110429783257448 325139.131442231 225829.306349086 1.31060194514455e-16 4.36867315048182e-17
4.71814285714284e-08 -0.000731718695406867 0.00113712672632983 335244.557953977 210827.758061859 1.31162998202337e-16 4.37209994007791e-17
4.73371428571426e-08 -0.000678047298758379 0.0011675539284563 344678.694072861 195404.050353463 1.31287513098885e-16 4.3762504366295e-17
4.74928571428569e-08 -0.00062301434341754 0.00119551851182476 353422.648977864 179589.067503931 1.31432742393751e-16 4.38109141312504e-17
4.76485714285712e-08 -0.000566730026830766 0.0012209644804296 361458.913860017 163414.477278773 1.31597523446418e-16 4.38658411488059e-17
4.78042857142855e-08 -0.000509307052157876 0.00124384088151451 368771.396981863 146912.667517759 1.31780537093773e-16 4.39268456979243e-17
4.79599999999998e-08 -0.000450860402596398 0.00126410190759982 375345.4558994 130116.681281827 1.3198031821074e-16 4.39934394035801e-17
4.81157142857141e-08 -0.00039150711114035 0.00128170698820695 381167.926781958 113060.150687983 1.32195267439411e-16 4.40650891464704e-17
4.82714285714283e-08 -0.000331366026234529 0.00129662087109631 386227.15077133 95777.2295646828 1.32423663992786e-16 4.41412213309286e-17
4.84271428571426e-08 -0.000270557573793556 0.00130881369285605 390512.997327349 78302.5250625435 1.32663679430622e-16 4.42212264768739e-17
4.85828571428569e-08 -0.000209203516062216 0.00131826103870026 394016.884513189 60671.0283573267 1.32913392297104e-16 4.43044640990348e-17
4.87385714285712e-08 -0.000147426707799942 0.00132494399135691 396731.796179744 42918.044583953 1.33170803503161e-16 4.4390267834387e-17
4.88942857142855e-08 -8.53508502776533e-05 0.00132884916894757 398652.296014697 25079.122141849 1.33433852330269e-16 4.44779507767563e-17
4.90499999999998e-08 -2.3100243579557e-05 0.00132996875178319 399774.538428141 7189.98151318288 1.33700432927643e-16 4.45668109758809e-17
4.92057142857141e-08 3.92004622941162e-05 0.00132830049802216 400096.276252947 -10713.5562634761 1.3396841117073e-16 4.46561370569101e-17
4.93614285714283e-08 0.000101426517025041 0.00132384774815934 399616.865244472 -28595.6413208517 1.34235641746056e-16 4.4745213915352e-17
4.95171428571426e-08 0.000163453319775604 0.0013166194183371 398337.265370586 -46420.4667483809 1.34499985325636e-16 4.48333284418787e-17
4.96728571428569e-08 0.000225156668688388 0.00130662998249169 396260.038889442 -64152.3402916184 1.34759325693478e-16 4.49197752311595e-17
4.98285714285712e-08 0.00028641300958675 0.00129389944337082 393389.345218837 -81755.755822054 1.35011586687057e-16 4.50038622290191e-17
4.99842857142855e-08 0.000347099683378479 0.00127845329248035 389730.932607433 -99195.4644342341 1.35254748818139e-16 4.50849162727129e-17
5.01399999999998e-08 0.000407095171667155 0.0012603224590403 385292.126624523 -116436.545027822 1.35486865439895e-16 4.5162288479965e-17
5.0295714285714e-08 0.000466279340079384 0.00123954324805255 380081.815491381 -133444.474233264 1.35706078330887e-16 4.52353594436289e-17
5.04514285714283e-08 0.000524533678820684 0.00121615726760402 374110.432283578 -150185.195541044 1.35910632571148e-16 4.53035441903828e-17
5.06071428571426e-08 0.000581741539978324 0.00119021134555105 367389.93403989 -166625.187496103 1.36098890591289e-16 4.53662968637631e-17
5.07628571428569e-08 0.000637788371095955 0.00116175743575181 359933.777819647 -182731.530820867 1.3626934528214e-16 4.54231150940465e-17
5.09185714285712e-08 0.000692561944552316 0.00113085251403432 351756.893756448 -198471.974332486 1.36420632059988e-16 4.54735440199961e-17
5.10742857142855e-08 0.000745952582284717 0.00109755846410871 342875.655162207 -213814.999522284 1.36551539790829e-16 4.55171799302764e-17
5.12299999999998e-08 0.000797853375407306 0.00106194195365181 333307.845741398 -228729.883668107 1.36661020486154e-16 4.55536734953847e-17
5.1385714285714e-08 0.000848160398284369 0.00102407430081253 323072.623981139 -243186.761353202 1.3674819769268e-16 4.55827325642265e-17
5.15414285714283e-08 0.000896772916629995 0.000984031331405018 312190.484788427 -257156.684268429 1.36812373508838e-16 4.56041245029461e-17
5.16971428571426e-08 0.000943593589217418 0.000941893227075861 300683.218451338 -270611.679178073 1.36853034171865e-16 4.56176780572882e-17
5.18528571428569e-08 0.000988528662794124 0.000897744364749124 288573.86700637 -283524.803933172 1.36869854170749e-16 4.56232847235831e-17
5.20085714285712e-08 0.00103148815981244 0.000851673147670834 275886.678099298 -295870.201420214 1.36862698852135e-16 4.56208996173783e-17
5.21642857142855e-08 0.0010723860585997 0.00080377182839119 262647.056431923 -307623.151337159 1.36831625498288e-16 4.56105418327628e-17
5.23199999999997e-08 0.00111114046560716 0.000754136324038973 248881.512891953 -318760.119693135 1.36776882868528e-16 4.55922942895092e-17
5.2475714285714e-08 0.00114767377939287 0.00070286602425803 234617.611467861 -329258.805932666 1.36698909207763e-16 4.55663030692544e-17
5.26314285714283e-08 0.00118191284601001 0.000650063592190431 219883.914055026 -339098.187590082 1.36598328738109e-16 4.55327762460363e-17
5.27871428571426e-08 0.00121378910548964 0.000595834758904813 204709.923263676 -348258.562384701 1.36475946661638e-16 4.54919822205459e-17
5.29428571428569e-08 0.0012432387291245 0.000540288111681528 189126.023343154 -356721.587672476 1.36332742714297e-16 4.54442475714324e-17
5.30985714285712e-08 0.001270202747279 0.000483534876578543 173163.419340796 -364470.317175131 1.36169863322582e-16 4.53899544408608e-17
5.32542857142855e-08 0.0012946271674694 0.000425688695713486 156854.074617251 -371489.234913214 1.35988612425761e-16 4.53295374752537e-17
5.34099999999997e-08 0.00131646308247787 0.000366865399707784 140230.646843367 -377764.286275147 1.35790441037121e-16 4.5263480345707e-17
5.3565714285714e-08 0.00133566676828378 0.000307182775748578 123326.422606789 -383282.906160039 1.35576935627808e-16 4.51923118759361e-17
5.37214285714283e-08 0.00135219977161629 0.000246760331732816 106175.250759227 -388034.04413792 1.35349805426254e-16 4.51166018087513e-17
5.38771428571426e-08 0.00136602898695275 0.000185719056965824 88811.4746378495 -392008.186577012 1.35110868734856e-16 4.50369562449519e-17
5.40328571428569e-08 0.00137712672280893 0.000124181179893514 71269.8632965233 -395197.375693734 1.34862038373469e-16 4.49540127911563e-17
5.41885714285712e-08 0.0013854707571881 6.22699233533514e-05 53585.5418846038 -397595.225487285 1.34605306366227e-16 4.48684354554089e-17
5.43442857142854e-08 0.00139104438207822 1.0925783416047e-07 35793.921312683 -399196.934526914 1.34342727994291e-16 4.47809093314304e-17
5.44999999999997e-08 0.00139383643690783 -6.21763467611564e-05 17930.6273461313 -399999.295566255 1.34076405342195e-16 4.46921351140649e-17
5.4655714285714e-08 0.00139384133089391 -0.000124462170352925 31.4292684170105 -400000.701965484 1.33808470469496e-16 4.46028234898318e-17
5.48114285714283e-08 0.0013910590542368 -0.000186623492422953 -17867.8317429541 -399201.150908441 1.33541068342465e-16 4.45136894474885e-17
5.49671428571426e-08 0.00138549517813979 -0.000248535841753669 -35731.3143844583 -397602.243408268 1.33276339662454e-16 4.44254465541513e-17
5.51228571428569e-08 0.00137716084365345 -0.000310075245668055 -53523.2489948266 -395207.181101559 1.33016403728394e-16 4.43388012427981e-17
5.52785714285711e-08 0.00136607273936687 -0.000371118478271311 -71208.009179861 -392020.759837427 1.32763341470648e-16 4.42544471568827e-17
5.54342857142854e-08 0.0013522530679906 -0.000431543307197175 -88750.1831503748 -388049.360074352 1.3251917879201e-16 4.41730595973368e-17
5.55899999999997e-08 0.00133572950189815 -0.000491228738364799 -106114.644630409 -383300.934104008 1.32285870349243e-16 4.40952901164144e-17
5.5745714285714e-08 0.00131653512771512 -0.000550055258256108 -123266.623193742 -377784.990127676 1.3206528390497e-16 4.40217613016566e-17
5.59014285714283e-08 0.00129470838006687 -0.000607905073228487 -140171.773887845 -371512.573217113 1.31859185375206e-16 4.39530617917354e-17
5.60571428571426e-08 0.00127029296461739 -0.000664662345383606 -156796.246005879 -364496.243198011 1.31669224692232e-16 4.38897415640773e-17
5.62128571428569e-08 0.0012433377705535 -0.000720213424520085 -173106.750869014 -356750.049500325 1.3149692259597e-16 4.38323075319901e-17
5.63685714285711e-08 0.00121389677268966 -0.000774447075705537 -189070.628483351 -348289.503025836 1.31343658459631e-16 4.37812194865436e-17
5.65242857142854e-08 0.00118202892338932 -0.000827254702012295 -204655.912937972 -339131.545089268 1.31210659247064e-16 4.3736886415688e-17
5.66799999999997e-08 0.00114779803451927 -0.000878530561970829 -219831.396413164 -329294.513495177 1.31098989690241e-16 4.36996632300803e-17
5.6835714285714e-08 0.00111127264967341 -0.000928171981305424 -234566.691670649 -318798.105818499 1.31009543765487e-16 4.36698479218292e-17
5.69914285714283e-08 0.00107252590692173 -0.00097607955852813 -248832.29290069 -307663.339962334 1.30943037536711e-16 4.36476791789035e-17
5.71471428571426e-08 0.00103163539235936 -0.00102215736397933 -262599.634804233 -295912.512071894 1.30900003422913e-16 4.36333344743042e-17
5.73028571428568e-08 0.000988682984748926 -0.00106631313191632 -275841.14979178 -283569.151888927 1.30880785935884e-16 4.36269286452946e-17
5.74585714285711e-08 0.000943754691567346 -0.00110845844526535 -288530.323184458 -270657.975635992 1.30885538922195e-16 4.36285129740651e-17
5.76142857142854e-08 0.000896940476785295 -0.00114850891266709 -300641.74630675 -257204.836524943 1.30914224331573e-16 4.36380747771911e-17
5.77699999999997e-08 0.000848334080724239 -0.00118638433746105 -312151.167364577 -243236.672988708 1.30966612521512e-16 4.36555375071706e-17
5.7925714285714e-08 0.000798032832351744 -0.00122200887827057 -323035.540006848 -228781.454740039 1.31042284095687e-16 4.36807613652291e-17
5.80814285714283e-08 0.000746137454390909 -0.00125531120086687 -333273.06947325 -213868.126765236 1.31140633261458e-16 4.3713544420486e-17
5.82371428571426e-08 0.000692751861634183 -0.00128622462100799 -342843.256235858 -198526.551364992 1.31260872679568e-16 4.37536242265226e-17
5.83928571428568e-08 0.000637982952865407 -0.00131468723796665 -351726.937047188 -182787.448358416 1.3140203976723e-16 4.38006799224099e-17
5.85485714285711e-08 0.000581940396806747 -0.00134064205847969 -359906.323312496 -166682.333569969 1.31563004404132e-16 4.38543348013774e-17
5.87042857142854e-08 0.000524736412519127 -0.00136403711087077 -367365.036709481 -150243.455722494 1.31742477979675e-16 4.39141593265584e-17
5.88599999999997e-08 0.000466485544695892 -0.00138482554911796 -374088.141984079 -133503.731862685 1.31939023709007e-16 4.3979674569669e-17
5.9015714285714e-08 0.000407304434299639 -0.00140296574665777 -380062.176856669 -116496.681448323 1.32151068135279e-16 4.40503560450931e-17
5.91714285714283e-08 0.000347311585001511 -0.00141842137973775 -385275.178978806 -99256.3592292396 1.32376913726036e-16 4.41256379086788e-17
5.93271428571425e-08 0.000286627125890612 -0.00143116150015082 -389716.709886509 -81817.2870564279 1.32614752462896e-16 4.42049174876321e-17
5.94828571428568e-08 0.000225372570928707 -0.00144116059720566 -393377.875902141 -64214.3847558245 1.32862680315736e-16 4.42875601052453e-17
5.96385714285711e-08 0.000163670575631865 -0.00144839864880904 -396251.345943022 -46482.9002051967 1.33118712485499e-16 4.43729041618331e-17
5.97942857142854e-08 0.000101644691466263 -0.0014528611615579 -398331.366201112 -28658.3387541396 1.33380799293609e-16 4.44602664312032e-17
5.99499999999997e-08 3.94191184499524e-05 -0.00145453919976076 -399613.771664382 -10776.3921285148 1.33646842590773e-16 4.45489475302577e-17
6.0105714285714e-08 -2.28815435440345e-05 -0.00145342940333051 -400095.994456796 7127.13303830912 1.33914712553822e-16 4.46382375179407e-17
6.02614285714283e-08 -8.51325442852361e-05 -0.00144953399451256 -399777.068980194 25016.3869043058 1.34182264736123e-16 4.47274215787075e-17
6.04171428571425e-08 -0.000147209232984394 -0.00144286077343505 -398657.633847802 42855.5482041606 1.34447357235049e-16 4.48157857450164e-17
6.05728571428568e-08 -0.000208987307892961 -0.00143342310249 -396739.930605477 60608.8959774189 1.34707867839098e-16 4.49026226130328e-17
6.07285714285711e-08 -0.000270343065203697 -0.00142123987957651 -394027.799243256 78240.8810957844 1.34961711017359e-16 4.49872370057862e-17
6.08842857142854e-08 -0.000331153646753948 -0.00140633550025987 -390526.670506202 95716.1974463428 1.35206854615336e-16 4.50689515384452e-17
6.10399999999997e-08 -0.000391297286035623 -0.00138873980892205 -386243.55501993 112999.852628173 1.35441336123468e-16 4.5147112041156e-17
6.1195714285714e-08 -0.000450653552019242 -0.00136848803900167 -381187.029252601 130057.238020788 1.35663278388098e-16 4.52210927960325e-17
6.13514285714282e-08 -0.000509103590303845 -0.00134562074244286 -375367.218341487 146854.198084089 1.35870904639119e-16 4.52903015463732e-17
6.15071428571425e-08 -0.000566530361109868 -0.00132018370849448 -368795.775818495 163357.098751088 1.36062552714004e-16 4.53541842380015e-17
6.16628571428568e-08 -0.000622818873638442 -0.00129222787202215 -361485.860275251 179532.894776428 1.36236688364326e-16 4.54122294547754e-17
6.18185714285711e-08 -0.000677856416327838 -0.00126180921151681 -353452.109014465 195349.195905858 1.36391917538266e-16 4.54639725127552e-17
6.19742857142854e-08 -0.000731532782545977 -0.00122898863700392 -344710.608740343 210774.331734156 1.36526997540763e-16 4.55089991802544e-17
6.21299999999997e-08 -0.00078374049126711 -0.00119383186807783 -335278.863346724 225777.415121636 1.36640846981978e-16 4.55469489939927e-17
6.2285714285714e-08 -0.000834375002290757 -0.00115640930230554 -325175.758867464 240328.404042255 1.36732554434409e-16 4.5577518144803e-17
6.24414285714282e-08 -0.000883334925571979 -0.00111679587426325 -314421.525659219 254398.161739464 1.36801385729374e-16 4.56004619097914e-17
6.25971428571425e-08 -0.000930522224243793 -0.00107507090548817 -303037.697892385 267958.515069366 1.36846789834435e-16 4.56155966114783e-17
6.27528571428568e-08 -0.000975842410925236 -0.00103131794564579 -291047.070431287 280982.31091434 1.36868403264716e-16 4.56228010882386e-17
6.29085714285711e-08 -0.00101920473692196 -0.000985624605230926 -278473.653189964 293443.470554173 1.36866052992799e-16 4.56220176642665e-17
6.30642857142854e-08 -0.00106052237394052 -0.000938082380137274 -265342.623054959 305317.041885836 1.36839757833907e-16 4.56132526113024e-17
6.32199999999997e-08 -0.00109971258795249 -0.000888786468446962 -251680.273471368 316579.249387327 1.36789728295274e-16 4.55965760984245e-17
6.33757142857139e-08 -0.00113669690486027 -0.000837835579806842 -237513.961793103 327207.54172554 1.36716364890918e-16 4.55721216303061e-17
6.35314285714282e-08 -0.00117140126763285 -0.000785331737773272 -222872.054502801 337180.636912834 1.36620254935312e-16 4.55400849784373e-17
6.36871428571425e-08 -0.00120375618459686 -0.000731380075521152 -207783.870411054 346478.564921873 1.365021678416e-16 4.55007226138668e-17
6.38428571428568e-08 -0.00123369686858601 -0.000676088625326292 -192279.621948718 355082.707673415 1.36363048962027e-16 4.54543496540092e-17
6.39985714285711e-08 -0.00126116336667032 -0.00061956810224265 -176390.354669833 362975.836316965 1.36204012019871e-16 4.54013373399569e-17
6.41542857142854e-08 -0.00128610068020519 -0.000561931682407603 -160147.885086321 370142.145729658 1.36026330193471e-16 4.53421100644904e-17
6.43099999999997e-08 -0.00130845887496022 -0.000503294776419165 -143584.736958906 376567.286164282 1.35831425923742e-16 4.52771419745808e-17
6.44657142857139e-08 -0.00132819318110698 -0.000443774798238944 -126734.076171867 382238.391983069 1.35620859526743e-16 4.52069531755811e-17
6.46214285714282e-08 -0.00134526408286569 -0.000383490930083588 -109629.644321989 387144.107419719 1.35396316702492e-16 4.51321055674973e-17
6.47771428571425e-08 -0.00135963739763121 -0.000322563883775487 -92305.6911547325 391274.609318079 1.35159595040006e-16 4.50531983466686e-17
6.49328571428568e-08 -0.00137128434441997 -0.000261115659030616 -74796.9059828733 394621.626801928 1.34912589626613e-16 4.49708632088709e-17
6.50885714285711e-08 -0.00138018160150072 -0.000199269299167503 -57138.3482249694 397178.457836503 1.34657277876732e-16 4.48857592922441e-17
6.52442857142854e-08 -0.00138631135309371 -0.000137148644726509 -39365.3772027264 398939.982648586 1.34395703701584e-16 4.47985679005279e-17
6.53999999999996e-08 -0.00138966132504489 -7.48780854927475e-05 -21513.5813378404 399902.673978284 1.34129961146551e-16 4.47099870488504e-17
6.55557142857139e-08 -0.00139022480940349 -1.25823114192099e-05 -3618.70689009457 400064.604141984 1.33862177627195e-16 4.46207258757318e-17
6.57114285714282e-08 -0.001388000677854 4.96139370511665e-05 14283.4136205993 399425.448892325 1.33594496898122e-16 4.45314989660407e-17
6.58671428571425e-08 -0.00138299338397547 0.000111586118764529 32156.9331648843 397986.488067469 1.33329061891044e-16 4.44430206303479e-17
6.60228571428568e-08 -0.00137521295432372 0.000173210141236089 49966.0619836964 395750.603028363 1.3306799755943e-16 4.43559991864768e-17
6.61785714285711e-08 -0.00136467496835427 0.000234362609131683 67675.1392533243 392722.270889134 1.32813393867088e-16 4.42711312890292e-17
6.63342857142854e-08 -0.00135140052722619 0.000294921071353376 85248.7044922913 388907.555552158 1.32567289056844e-16 4.41890963522815e-17
6.64899999999996e-08 -0.00133541621154932 0.00035476426623433 102651.568567072 384314.095565763 1.32331653333295e-16 4.41105511110985e-17
6.66457142857139e-08 -0.00131675402815955 0.000413772364351969 119848.884154469 378951.088828871 1.32108373090229e-16 4.40361243634098e-17
6.68014285714282e-08 -0.00129545134602865 0.000471827208473227 136806.215519544 372829.274173221 1.31899235809006e-16 4.39664119363352e-17
6.69571428571425e-08 -0.00127155082143698 0.000528812550151433 153489.607469397 365960.909860039 1.31705915748783e-16 4.3901971916261e-17
6.71128571428568e-08 -0.00124510031255902 0.000584614282501046 169865.653344709 358359.74903421 1.31529960543151e-16 4.38433201810503e-17
6.72685714285711e-08 -0.00121615278363258 0.000639120668684158 185901.561912905 350041.012185124 1.31372778810472e-16 4.37909262701573e-17
6.74242857142853e-08 -0.00118476619890378 0.000692222565651237 201565.223028996 341021.356669313 1.31235628877113e-16 4.37452096257044e-17
6.75799999999996e-08 -0.00115100340655999 0.000743813642688089 216825.271932617 331318.843355928 1.31119608703853e-16 4.37065362346178e-17
6.77357142857139e-08 -0.00111493201288324 0.000793790594331431 231651.15205251 320952.900461832 1.31025647096099e-16 4.36752156986997e-17
6.78914285714282e-08 -0.00107662424687609 0.000842053347226733 246013.176192705 309944.284648728 1.30954496268288e-16 4.3651498756096e-17
6.80471428571425e-08 -0.00103615681563097 0.000888505260514112 259882.585977863 298315.039460231 1.30906725821996e-16 4.36355752739987e-17
6.82028571428568e-08 -0.000993610750732646 0.000933053319341036 273231.609438769 286088.451182084 1.30882718185965e-16 4.36275727286551e-17
6.83585714285711e-08 -0.000949071246001405 0.00097560832111435 286033.516622644 273289.00221394 1.30882665554548e-16 4.36275551848495e-17
6.85142857142853e-08 -0.000902627486901767 0.00101608505411866 298262.673116941 259942.322046039 1.30906568349089e-16 4.36355227830297e-17
6.86699999999996e-08 -0.000854372471958398 0.00105440246814344 309894.591379438 246075.135938972 1.30954235214548e-16 4.36514117381826e-17
6.88257142857139e-08 -0.000804402826536781 0.00109048383677718 320905.979771852 231715.211409285 1.31025284551405e-16 4.36750948504684e-17
6.89814285714282e-08 -0.000752818609361541 0.00112425691104355 331274.789198786 216891.302628075 1.31119147570576e-16 4.37063825235252e-17
6.91371428571425e-08 -0.000699723112159842 0.0011556540640721 340980.257258617 201633.092843926 1.31235072846878e-16 4.37450242822926e-17
6.92928571428568e-08 -0.00064522265283105 0.00118461242651361 350002.949817929 185971.134945458 1.31372132334607e-16 4.37907107782022e-17
6.9448571428571e-08 -0.000589426362556824 0.00121107401242903 358324.799926225 169936.790282532 1.31529228797052e-16 4.38430762656839e-17
6.96042857142853e-08 -0.000532445967277912 0.0012349858354 365929.143993011 153562.165868589 1.3170510459048e-16 4.39017015301601e-17
6.97599999999996e-08 -0.000474395563975235 0.00125630001462828 372800.75515481 136880.050089882 1.31898351732269e-16 4.39661172440896e-17
6.99157142857139e-08 -0.000415391392203213 0.00127497387081183 378925.873765276 119923.847050339 1.3210742317258e-16 4.40358077241932e-17
7.00714285714282e-08 -0.000355551601332835 0.00129097001160541 384292.23494738 102727.509683511 1.32330645179347e-16 4.41102150597823e-17
7.02271428571425e-08 -0.000294996013970522 0.00130425640649462 388889.093152473 85325.4717655575 1.32566230737425e-16 4.41887435791416e-17
7.03828571428568e-08 -0.00023384588602652 0.00131480645093351 392707.243677074 67752.5789653878 1.32812293854627e-16 4.42707646182091e-17
7.0538571428571e-08 -0.00017222366391327 0.00132259901961728 395739.041094269 50044.0190700423 1.33066864660135e-16 4.43556215533782e-17
7.06942857142853e-08 -0.000110252739359913 0.00132761850878331 397978.414562843 32235.2515250127 1.33327905174396e-16 4.44426350581319e-17
7.08499999999996e-08 -4.80572023339145e-05 0.00132985486745608 399420.879983474 14361.936430599 1.33593325624276e-16 4.45311085414254e-17
7.10057142857139e-08 1.42384074354617e-05 0.00132930361757304 400063.548977646 -3540.13686352295 1.33861001172844e-16 4.46203337242813e-17
7.11614285714282e-08 7.65093498342798e-05 0.00132596586295153 399905.134671309 -21435.1214225424 1.34128788929859e-16 4.4709596309953e-17
7.13171428571425e-08 0.000138630934142303 0.00131984828707845 398945.954271706 -39287.1845060616 1.34394545106792e-16 4.47981817022639e-17
7.14728571428567e-08 0.00020047876871246 0.00131096313972731 397187.9284322 -57060.5793192217 1.3465614217903e-16 4.48853807263433e-17
7.1628571428571e-08 0.000261929010051452 0.00129932821242946 394634.577406374 -74719.7165917317 1.34911485917886e-16 4.49704953059619e-17
7.17842857142853e-08 0.000322858610802742 0.00128496680284843 391291.013999112 -92229.2358414717 1.35158532156051e-16 4.50528440520169e-17
7.19399999999996e-08 0.000383145566135365 0.00126790766812897 387163.933328767 -109554.076179974 1.3539530315228e-16 4.51317677174268e-17
7.20957142857139e-08 0.000442669158045195 0.00124818496731403 382261.599420928 -126659.546517998 1.35619903424303e-16 4.52066344747677e-17
7.22514285714282e-08 0.000501310197079489 0.00122583819294497 376593.828660608 -143511.395030627 1.358305349232e-16 4.52768449744001e-17
7.24071428571425e-08 0.000558951261000669 0.00120091209198217 370171.970136017 -160075.877742784 1.36025511427778e-16 4.53418371425926e-17
7.25628571428567e-08 0.000615476929911449 0.00117345657620408 363008.882913261 -176319.826097834 1.36203272043696e-16 4.54010906812319e-17
7.2718571428571e-08 0.000670774017370498 0.00114352662226442 355118.910287471 -192210.71337397 1.36362393699289e-16 4.54541312330962e-17
7.28742857142853e-08 0.000724731797035856 0.00111118216160744 346517.851061931 -207716.719815409 1.36501602538036e-16 4.55005341793455e-17
7.30299999999996e-08 0.000777242224382264 0.00107648796046184 337222.927912715 -222806.796347948 1.3661978411649e-16 4.55399280388299e-17
7.31857142857139e-08 0.000828200153048458 0.00103951349015341 327252.752902163 -237450.726751328 1.36715992326001e-16 4.55719974420005e-17
7.33414285714282e-08 0.000877503545381201 0.00100033278799647 316627.290210279 -251619.188163893 1.3678945696685e-16 4.55964856556166e-17
7.34971428571424e-08 0.000925053676754476 0.000959024309042143 305367.816158647 -265283.809798401 1.3683958991411e-16 4.56131966380367e-17
7.36528571428567e-08 0.0009707553332547 0.000915670768980852 293496.87660694 -278417.229751407 1.36865989825919e-16 4.56219966086397e-17
7.3808571428571e-08 0.00101451700233612 0.000870358978513168 281038.241807311 -290993.149792467 1.36868445356438e-16 4.56228151188128e-17
7.39642857142853e-08 0.00105625105606465 0.000823179669520944 268016.858807074 -302986.388023458 1.36846936847793e-16 4.5615645615931e-17
7.41199999999996e-08 0.00109587392658316 0.000774227313386688 254458.801494983 -314372.929302559 1.36801636487444e-16 4.56005454958148e-17
7.42757142857139e-08 0.00113330627344692 0.000723599931825001 240391.218391138 -325129.973331936 1.36732906929735e-16 4.55776356432451e-17
7.44314285714282e-08 0.00116847314249417 0.00067139890060486 225842.278285051 -335235.980312833 1.36641298392641e-16 4.55470994642136e-17
7.45871428571424e-08 0.00120130411593352 0.000617728746555781 210841.113830745 -344670.714076651 1.36527544252971e-16 4.55091814176571e-17
7.47428571428567e-08 0.00123173345334793 0.000562696938264329 195417.76321181 -353415.282605655 1.36392555175287e-16 4.54641850584289e-17
7.4898571428571e-08 0.0012597002233326 0.000506413670880079 179603.109993247 -361452.175862158 1.36237411821525e-16 4.54124706071749e-17
7.50542857142853e-08 0.00128514842550342 0.000448991645461937 163428.821280516 -368765.300850457 1.36063356199707e-16 4.5354452066569e-17
7.52099999999996e-08 0.00130802710263164 0.000390545843306652 146927.284309641 -375340.013841278 1.3587178172098e-16 4.52905939069934e-17
7.53657142857139e-08 0.00132829044268005 0.000331193295711405 130131.541595329 -381163.149694244 1.35664222044593e-16 4.52214073481977e-17
7.55214285714281e-08 0.00134589787053662 0.000271052849631493 113075.224766959 -386223.048219617 1.35442338800108e-16 4.51474462667027e-17
7.56771428571424e-08 0.00136081412926165 0.00021024492970236 95792.4872249465 -390509.577526548 1.35207908285141e-16 4.50693027617138e-17
7.58328571428567e-08 0.00137300935068594 0.000148891297102492 78317.9357523066 -394014.154311074 1.34962807245123e-16 4.49876024150409e-17
7.5988571428571e-08 0.00138245911521851 8.71148057400444e-05 60686.5612183761 -396729.761043244 1.34708997848914e-16 4.49029992829712e-17
7.61442857142853e-08 0.00138914450074418 2.50391562513794e-05 42933.6685134411 -398650.96001895 1.34448511980565e-16 4.48161706601882e-17
7.62999999999996e-08 0.00139305212051296 -3.72113516958608e-05 25094.8058545737 -399773.904248331 1.34183434972964e-16 4.47278116576546e-17
7.64557142857138e-08 0.00139417414994562 -9.95120682991831e-05 7205.6936042326 -400096.345158951 1.33915888913599e-16 4.46386296378662e-17
7.66114285714281e-08 0.0013925083423015 -0.000161738243218777 -10697.8472558373 -399617.637098312 1.33648015656077e-16 4.45493385520256e-17
7.67671428571424e-08 0.00138805803317737 -0.000223765275376365 -28579.9668521856 -398338.738626709 1.33381959673406e-16 4.44606532244688e-17
7.69228571428567e-08 0.00138083213382829 -0.000285468962455168 -46404.8582050889 -396262.210597815 1.3311985089031e-16 4.43732836301033e-17
7.7078571428571e-08 0.00137084511332377 -0.0003467257496014 -64136.8289280934 -393392.211030853 1.32863787632002e-16 4.42879292106674e-17
7.72342857142853e-08 0.00135811696957507 -0.000407412976829291 -81740.3726980971 -389734.486784618 1.32615819825942e-16 4.42052732753139e-17
7.73899999999996e-08 0.00134267318929155 -0.000467409124634224 -99180.2403528609 -385296.362050028 1.32377932591032e-16 4.41259775303439e-17
7.75457142857138e-08 0.00132454469694638 -0.000526594057322197 -116421.510473583 -380086.723684232 1.32152030345649e-16 4.4050676781883e-17
7.77014285714281e-08 0.00130376779285364 -0.00058484926356835 -133429.659311201 -374116.003415657 1.31939921561727e-16 4.39799738539089e-17
7.78571428571424e-08 0.00128038408048094 -0.000642058093722868 -150170.629916412 -367396.156955618 1.31743304286939e-16 4.3914434762313e-17
7.80128571428567e-08 0.00125444038314307 -0.000698105993389092 -166610.900334964 -359940.64005832 1.31563752550896e-16 4.38545841836319e-17
7.8168571428571e-08 0.00122598865024342 -0.00075288073280611 -182717.550731692 -351764.381577185 1.31402703764166e-16 4.38009012547219e-17
7.83242857142853e-08 0.00119508585325104 -0.000806272631576525 -198458.329308868 -342883.753571471 1.31261447211015e-16 4.3753815737005e-17
7.84799999999995e-08 0.00116179387162151 -0.000858174778289394 -213801.716886883 -333316.538523014 1.31141113727976e-16 4.37137045759919e-17
7.86357142857138e-08 0.00112617936889014 -0.000908483244598588 -228716.990017941 -323081.893728766 1.31042666650876e-16 4.36808888836254e-17
7.87914285714281e-08 0.00108831365918557 -0.000957097293327881 -243174.282506389 -312200.312940415 1.30966894102807e-16 4.36556313676023e-17
7.89471428571424e-08 0.00104827256443106 -0.00100391958018608 -257144.645212488 -300693.585327892 1.30914402684761e-16 4.36381342282538e-17
7.91028571428567e-08 0.00100613626251939 -0.00104885634868828 -270600.104019891 -288584.751848959 1.30885612619461e-16 4.36285375398202e-17
7.9258571428571e-08 0.00096198912676549 -0.00109181761789289 -283513.715850733 -275898.059112221 1.30880754387239e-16 4.36269181290797e-17
7.94142857142853e-08 0.000915919556958113 -0.00113271736257865 -295859.622616182 -262658.910825951 1.30899866880922e-16 4.36332889603074e-17
7.95699999999995e-08 0.000868019802348981 -0.0011714736855006 -307613.102994429 -248893.816929966 1.30942797094468e-16 4.36475990314895e-17
7.97257142857138e-08 0.000818385776933791 -0.00120800898138038 -318750.621932409 -234630.340512373 1.31009201347866e-16 4.36697337826221e-17
7.98814285714281e-08 0.000767116867394983 -0.00124225009230226 -329249.877772165 -219897.042617525 1.31098548038482e-16 4.36995160128274e-17
8.00371428571424e-08 0.00071431573409082 -0.00127412845420378 -339089.846907468 -204723.425055658 1.31210121896833e-16 4.37367072989444e-17
8.01928571428567e-08 0.000660088105489307 -0.00130358023416783 -348250.825881273 -189139.871328764 1.31343029712713e-16 4.37810099042377e-17
8.0348571428571e-08 0.000604542566458549 -0.001330546458241 -356714.470839733 -173177.585790964 1.31496207485831e-16 4.38320691619436e-17
8.05042857142852e-08 0.00054779034083748 -0.00135497312952244 -364463.834263748 -156868.531165217 1.31668428943721e-16 4.38894763145737e-17
8.06599999999995e-08 0.000489945068722349 -0.00137681133628675 -371483.398904509 -140245.364541483 1.3185831535873e-16 4.39527717862433e-17
8.08157142857138e-08 0.000431122578914914 -0.00139601734992434 -377759.108855087 -123341.371984481 1.32064346585489e-16 4.40214488618296e-17
8.09714285714281e-08 0.00037144065698799 -0.00141255271250311 -383278.397695839 -106190.401882008 1.32284873230517e-16 4.40949577435055e-17
8.11271428571424e-08 0.000311018809432785 -0.00142638431377629 -388030.213657283 -88826.7971672618 1.32518129856523e-16 4.41727099521743e-17
8.12828571428567e-08 0.000249978024360276 -0.00143748445748207 -392005.041750055 -71285.3265508849 1.32762249115706e-16 4.42540830385686e-17
8.1438571428571e-08 0.000188440529235817 -0.00144583091680229 -395194.922817627 -53601.114900447 1.33015276698901e-16 4.43384255663003e-17
8.15942857142852e-08 0.000126529546132064 -0.0014514069788692 -397593.469473643 -35809.5729067546 1.33275186980901e-16 4.4425062326967e-17
8.17499999999995e-08 6.43690449903161e-05 -0.00145420147823117 -399195.878891962 -17946.3261778339 1.33539899236704e-16 4.4513299745568e-17
8.19057142857138e-08 2.08349538432663e-06 -0.00145420881921029 -399998.942423786 -47.143902564876 1.33807294298861e-16 4.46024314329538e-17
8.20614285714281e-08 -6.02023827163394e-05 -0.00145142898710703 -400001.052022626 17852.1327731891 1.34075231522582e-16 4.46917438408606e-17
8.22171428571424e-08 -0.000122363868684343 -0.00144586754822977 -399202.203464244 35715.6625145383 1.34341565922772e-16 4.47805219742574e-17
8.23728571428567e-08 -0.000184276490973924 -0.00143753563874879 -397603.996355105 53507.6755659014 1.34604165345824e-16 4.48680551152747e-17
8.25285714285709e-08 -0.000245816276361493 -0.00142644994239739 -395209.630929345 71192.5453760109 1.3486092753868e-16 4.49536425128933e-17
8.26842857142852e-08 -0.000306859998188395 -0.00141263265706447 -392023.901640653 88734.8599361678 1.35109796978525e-16 4.50365989928416e-17
8.28399999999995e-08 -0.000367285423108748 -0.00139611145034577 -388053.187561901 106099.492688898 1.35348781328381e-16 4.51162604427937e-17
8.29957142857138e-08 -0.000426971555848293 -0.0013769194041425 -383305.439611757 123251.672865025 1.35575967386861e-16 4.51919891289538e-17
8.31514285714281e-08 -0.000485798881484134 -0.00135509494841849 -377790.164633841 140157.055108313 1.35789536404402e-16 4.52631788014673e-17
8.33071428571424e-08 -0.00054364960476024 -0.0013306817842484 -371518.406360313 156781.788248271 1.35987778643353e-16 4.53292595477844e-17
8.34628571428567e-08 -0.000600407885959503 -0.00130372879631113 -364502.723298018 173092.5830834 1.36169107065373e-16 4.53897023551244e-17
8.36185714285709e-08 -0.000655960072860043 -0.0012742899550036 -356757.163581452 189056.779039166 1.36332070036542e-16 4.5444023345514e-17
8.37742857142852e-08 -0.000710194928311297 -0.001242424208371 -348297.236842915 204642.409567206 1.36475362948493e-16 4.54917876494977e-17
8.39299999999995e-08 -0.000763003852974189 -0.00120819536406974 -339139.883156183 219818.266154833 1.3659783866252e-16 4.55326128875067e-17
8.40857142857138e-08 -0.000814281102779373 -0.00117167196159972 -329303.439115862 234553.960816653 1.36698516693055e-16 4.55661722310184e-17
8.42414285714281e-08 -0.000863924000668118 -0.00113292713506143 -318807.601120382 248819.986943165 1.36776591056997e-16 4.55921970189989e-17
8.43971428571424e-08 -0.000911833142191833 -0.00109203846671298 -307673.385932114 262587.778384507 1.36831436726047e-16 4.56104789086823e-17
8.45528571428566e-08 -0.000957912594558554 -0.00104908783162018 -295923.088593621 275829.766651031 1.36862614630408e-16 4.56208715434695e-17
8.47085714285709e-08 -0.00100207008872782 -0.00100416123371066 -283580.237784279 288519.436116175 1.36869875173779e-16 4.56232917245931e-17
8.48642857142852e-08 -0.00104421720416929 -0.000957348633560506 -270669.548706681 300631.377111091 1.3685316023151e-16 4.56177200771701e-17
8.50199999999995e-08 -0.00108426954591513 -0.000908743768258057 -257216.873597167 312141.336804716 1.36812603615923e-16 4.56042012053076e-17
8.51757142857138e-08 -0.00112214691355169 -0.000858443963705705 -243249.149959552 323026.267767402 1.36748530005069e-16 4.55828433350229e-17
8.53314285714281e-08 -0.00115777346181199 -0.000806549939735456 -228794.34662574 333264.37412086 1.36661452343504e-16 4.55538174478347e-17
8.54871428571424e-08 -0.00119107785244753 -0.000753165608428543 -213881.407751209 342835.155182011 1.36552067735884e-16 4.55173559119614e-17
8.56428571428566e-08 -0.00122199339707535 -0.000698397866042892 -198540.194857522 351719.446513354 1.36421251866258e-16 4.54737506220858e-17
8.57985714285709e-08 -0.00125045819071411 -0.000642356378965116 -182801.427037908 359899.458297646 1.36270051987732e-16 4.54233506625773e-17
8.59542857142852e-08 -0.00127641523574207 -0.000585153364115622 -166696.619445654 367358.810960053 1.36099678538637e-16 4.53665595128791e-17
8.61099999999995e-08 -0.00129981255602856 -0.00052690336424656 -150258.020188475 374082.567966453 1.35911495452299e-16 4.53038318174331e-17
8.62657142857138e-08 -0.00132060330101045 -0.000467723018582546 -133518.545755219 380057.265732203 1.35707009238002e-16 4.52356697460005e-17
8.64214285714281e-08 -0.00133874583950525 -0.000407730829263429 -116511.715104218 385270.940581485 1.35487856920549e-16 4.51626189735165e-17
8.65771428571423e-08 -0.00135420384307301 -0.000347046924056778 -99271.5825452518 389713.15270326 1.35255792934984e-16 4.50852643116613e-17
8.67328571428566e-08 -0.00136694635876001 -0.000285792815815227 -81832.6695495394 393375.007055833 1.35012675081363e-16 4.5004225027121e-17
8.68885714285709e-08 -0.00137694787107865 -0.000224091159160336 -64229.8956242829 396249.171178203 1.34760449652048e-16 4.4920149884016e-17
8.70442857142852e-08 -0.0013841883530994 -0.000162065504880188 -46498.5083901922 398329.88987251 1.34501135850562e-16 4.48337119501874e-17
8.71999999999995e-08 -0.00138865330655257 -9.98400525325135e-05 -28674.0130019966 399612.996728183 1.34236809626753e-16 4.47456032089176e-17
8.73557142857138e-08 -0.00139033379085944 -3.75394017487206e-05 -10792.1010532742 400095.922464725 1.33969587057669e-16 4.46565290192231e-17
8.75114285714281e-08 -0.00138922644103482 2.47116972631769e-05 7111.42089204323 399777.700076406 1.33701607407201e-16 4.4567202469067e-17
8.76671428571423e-08 -0.00138533347442507 8.67885935171442e-05 25000.7029983799 398658.966768597 1.33435016000091e-16 4.44783386666969e-17
8.78228571428566e-08 -0.0013786626862681 0.000148566984849029 42839.9239438731 396741.962681827 1.33171947047428e-16 4.43906490158095e-17
8.79785714285709e-08 -0.00136922743408424 0.000209923166817987 60593.3626486343 394030.526406153 1.32914506561115e-16 4.43048355203718e-17
8.81342857142852e-08 -0.00135704661092931 0.000270734280411034 78225.469802287 390530.087294801 1.32664755494079e-16 4.42215851646929e-17
8.82899999999995e-08 -0.00134214460756334 0.000330878558054722 95700.9390475543 386247.654592487 1.32424693241208e-16 4.41415644137362e-17
8.84457142857138e-08 -0.00132455126361072 0.00039023556744132 112984.777677361 381191.803400172 1.32196241633099e-16 4.40654138776995e-17
8.8601428571428e-08 -0.00130430180780968 0.000448686452681286 130042.376703884 375372.657504367 1.31981229550735e-16 4.39937431835784e-17
8.87571428571423e-08 -0.0012814367874706 0.00050611417229912 146839.580159248 368801.869105357 1.31781378284296e-16 4.39271260947655e-17
8.89128571428566e-08 -0.00125600198728444 0.000562403733596063 163342.753489099 361492.595484958 1.31598287753276e-16 4.38660959177588e-17
8.90685714285709e-08 -0.00122804833764397 0.000617442422910341 179518.850902102 353459.4726605 1.31433423698248e-16 4.38111412327493e-17
8.92242857142852e-08 -0.00119763181266124 0.000671120031313886 195335.481540509 344718.586077813 1.31288105946802e-16 4.37627019822672e-17
8.93799999999995e-08 -0.00116481331808555 0.000723329075293609 210760.974339295 335287.438401889 1.31163497847599e-16 4.37211659491998e-17
8.95357142857138e-08 -0.00112965856934641 0.000773965011975322 225764.441443978 325184.914469716 1.31060596957127e-16 4.36868656523756e-17
8.9691428571428e-08 -0.00109223795996561 0.000822926448459359 240315.840060164 314431.243475471 1.30980227053704e-16 4.36600756845681e-17
8.98471428571423e-08 -0.00105262642060191 0.000870115344848719 254386.032610933 303047.958463778 1.30923031542688e-16 4.36410105142294e-17
9.00028571428566e-08 -0.00101090326901063 0.000915437210563183 267946.845081643 291057.853212154 1.30889468305655e-16 4.36298227685517e-17
9.01585714285709e-08 -0.000967152051218561 0.000958801293546323 280971.123435293 278484.936588972 1.30879806034809e-16 4.36266020116031e-17
9.03142857142852e-08 -0.000921460374232247 0.00100012076198652 293432.7879855 265354.384478341 1.30894122081952e-16 4.36313740273172e-17
9.04699999999995e-08 -0.000873919730614555 0.00103931287818814 305306.885618207 251692.489368165 1.30932301839238e-16 4.36441006130792e-17
9.06257142857137e-08 -0.000824625315280879 0.00107629916424464 316569.639757552 237526.607702324 1.30994039656676e-16 4.36646798855585e-17
9.0781428571428e-08 -0.000773675834881783 0.00111100555918201 327198.497975846 222885.105102402 1.31078841289023e-16 4.3692947096341e-17
9.09371428571423e-08 -0.000721173310153776 0.0011433625672577 337172.177152337 207797.299568644 1.31186027852492e-16 4.37286759508308e-17
9.10928571428566e-08 -0.000667222871633999 0.00117330539711821 346470.706090314 192293.402773884 1.3131474125959e-16 4.37715804198632e-17
9.12485714285709e-08 -0.000611932549147872 0.00120077409153665 355075.46550724 176404.459567988 1.31463951088577e-16 4.38213170295258e-17
9.14042857142852e-08 -0.00055541305549124 0.00122571364747054 362969.225317816 160162.285813954 1.31632462832569e-16 4.38774876108564e-17
9.15599999999995e-08 -0.000497777564740167 0.0012480741261993 370136.179135335 143599.404680144 1.31818927462214e-16 4.39396424874047e-17
9.17157142857137e-08 -0.000439141485632276 0.00126781075332111 376561.975922234 126748.981516208 1.32021852225421e-16 4.40072840751405e-17
9.1871428571428e-08 -0.000379622230473439 0.00128488400840869 382233.748726473 109644.757443121 1.32239612597662e-16 4.40798708658872e-17
9.20271428571423e-08 -0.000319338980032533 0.0012992597041446 387140.140446186 92320.9817902893 1.32470465287182e-16 4.41568217623941e-17
9.21828571428566e-08 -0.000258412444895043 0.00131090905477766 391271.326571037 74812.3435150376 1.32712562191018e-16 4.42375207303392e-17
9.23385714285709e-08 -0.00019696462375338 0.00131980873376316 394619.034854718 57153.9017417793 1.32963965190072e-16 4.43213217300239e-17
9.24942857142852e-08 -0.000135118559117902 0.00132594092047179 397176.561879214 39381.0155599733 1.33222661664829e-16 4.44075538882762e-17
9.26499999999994e-08 -7.2998090937809e-05 0.00132929333587341 398938.786477664 21529.2732214323 1.33486580607482e-16 4.44955268691606e-17
9.28057142857137e-08 -1.07276086252469e-05 0.00132985926712453 399902.179988931 3634.42087875855 1.33753609201492e-16 4.45845364004973e-17
9.2961428571428e-08 5.15681980208189e-05 0.00132763758101 400064.813323358 -14267.7089923989 1.34021609735847e-16 4.46738699119489e-17
9.31171428571423e-08 0.000113764588492228 0.00132263272621216 399426.360825564 -32141.26934394 1.34288436718616e-16 4.47628122395388e-17
9.32728571428566e-08 0.000175737021350787 0.00131485472440284 397988.100926526 -49950.4703350885 1.34551954052798e-16 4.48506513509327e-17
9.34285714285709e-08 0.000237361403608815 0.00130431915017607 395752.913583666 -67659.6509976162 1.3481005213695e-16 4.49366840456499e-17
9.35842857142852e-08 0.000298514339211717 0.00129104709986165 392725.27451405 -85233.3506430131 1.35060664753711e-16 4.50202215845702e-17
9.37399999999994e-08 0.000359073376125026 0.00127506514928211 388911.246232258 -102636.379868621 1.35301785611011e-16 4.51005952036704e-17
9.38957142857137e-08 0.000418917251531146 0.00125640530053749 384318.465910864 -119833.891020543 1.35531484403545e-16 4.51771614678485e-17
9.4051428571428e-08 0.000477926134644824 0.00123510491792466 378956.130087839 -136791.447972247 1.35747922265929e-16 4.52493074219762e-17
9.42071428571423e-08 0.000535981866661127 0.00121120665311949 372834.976251489 -153475.095079121 1.35949366493828e-16 4.53164554979428e-17
9.43628571428566e-08 0.000592968197355471 0.00118475835977144 365967.261339821 -169851.42517092 1.36134204415216e-16 4.53780681384054e-17
9.45185714285709e-08 0.000648771017861918 0.001155812997682 358366.737197365 -185887.646445958 1.36300956300697e-16 4.54336521002323e-17
9.46742857142851e-08 0.000703278589163646 0.00112442852675842 350048.623038624 -201551.648133085 1.36448287209557e-16 4.54827624031856e-17
9.48299999999994e-08 0.000756381765838054 0.00109066779095541 341029.57497326 -216812.064789979 1.365750176767e-16 4.55250058922334e-17
9.49857142857137e-08 0.000807974214608474 0.00105459839243701 331327.652654071 -231638.339108997 1.36680133154916e-16 4.55600443849721e-17
9.5141428571428e-08 0.000857952627264877 0.00101629255621069 320962.283114519 -246000.783104828 1.3676279213689e-16 4.55875973789632e-17
9.52971428571423e-08 0.000906216927527216 0.000975826985504693 309954.221868229 -259870.63756142 1.36822332891929e-16 4.56074442973098e-17
9.54528571428566e-08 0.000952670471437174 0.000933282708178282 298325.511348354 -273220.129619151 1.36858278763488e-16 4.56194262544961e-17
9.56085714285708e-08 0.000997220240877078 0.000888744914472318 286099.436770026 -286022.528386928 1.3687034198506e-16 4.56234473283534e-17
9.57642857142851e-08 0.00103977702982846 0.000842302786425179 273300.479504266 -298252.198467862 1.3685842598391e-16 4.56194753279702e-17
9.59199999999994e-08 0.00108025562299729 0.000794049319295529 259954.268056737 -309884.65129133 1.36822626154193e-16 4.56075420513978e-17
9.60757142857137e-08 0.00111857496644828 0.000744081135349525 246087.526749468 -320896.594148649 1.36763229093269e-16 4.55877430310897e-17
9.6231428571428e-08 0.00115465832990644 0.000692498290385348 231728.022208343 -331265.976834167 1.36680710307335e-16 4.55602367691116e-17
9.63871428571423e-08 0.00118843346040103 0.000639404073382458 216904.507763478 -340972.035798375 1.36575730404735e-16 4.55252434682449e-17
9.65428571428566e-08 0.00121983272694425 0.000584904799676765 201646.665873839 -349995.335724633 1.36449129807427e-16 4.54830432691423e-17
9.66985714285708e-08 0.00124879325595476 0.000529109598075848 185985.048691382 -358317.808446261 1.36301922022942e-16 4.54339740076474e-17
9.68542857142851e-08 0.00127525705715523 0.000472130192340505 169951.016883719 -365922.78912605 1.36135285530698e-16 4.53784285102328e-17
9.70099999999994e-08 0.0012991711396914 0.000414080677470206 153576.676837833 -372795.049625774 1.35950554347622e-16 4.53168514492073e-17
9.71657142857137e-08 0.00132048761824053 0.000355077291240384 136894.816370561 -378920.828998861 1.3574920734861e-16 4.52497357828699e-17
9.7321428571428e-08 0.00133916380889644 0.000295238181449063 119938.839074599 -384287.861045176 1.35532856427319e-16 4.51776188091064e-17
9.74771428571423e-08 0.00135516231463934 0.00023468316933888 102742.697431471 -388885.398872739 1.35303233592071e-16 4.51010778640238e-17
9.76328571428565e-08 0.00136845110021929 0.000173533509668202 85340.82482542 -392704.236417198 1.35062177100171e-16 4.50207257000571e-17
9.77885714285708e-08 0.00137900355630327 0.000111911647911802 67768.0665943378 -395736.726875959 1.34811616741644e-16 4.4937205580548e-17
9.79442857142851e-08 0.00138679855275739 4.99409750772489e-05 50059.6102558044 -397976.798020068 1.34553558390203e-16 4.48511861300678e-17
9.80999999999994e-08 0.00139182048095771 -1.22544193720325e-05 32250.9150479505 -399419.964353183 1.34290067945128e-16 4.47633559817093e-17
9.82557142857137e-08 0.0013940592850448 -7.45499959922728e-05 14377.6409262289 -400063.336093287 1.34023254792597e-16 4.46744182641991e-17
9.8411428571428e-08 0.00139351048205944 -0.000136821014735913 -3524.42284172802 -399905.62495916 1.33755254918896e-16 4.45850849729655e-17
9.85671428571423e-08 0.00139017517091933 -0.000198942784729845 -21419.4293401845 -398947.14675002 1.33488213810666e-16 4.44960712702219e-17
9.87228571428565e-08 0.00138406003021855 -0.000260790913955182 -39271.5457848116 -397189.82071317 1.332242692791e-16 4.44080897597001e-17
9.88785714285708e-08 0.00137517730485447 -0.00032224155832861 -57045.0252739005 -394637.165700915 1.32965534345593e-16 4.43218447818645e-17
9.90342857142851e-08 0.00136354478150866 -0.000383171669686559 -74704.2783676061 -391294.293124448 1.32714080325835e-16 4.42380267752783e-17
9.91899999999994e-08 0.00134918575303101 -0.000443459242175631 -92213.9443518893 -387167.896718811 1.32471920247789e-16 4.41573067492631e-17
9.93457142857137e-08 0.00133212897179837 -0.000502983556555913 -109538.962044462 -382266.239139426 1.32240992736297e-16 4.40803309120991e-17
9.9501428571428e-08 0.00131240859214108 -0.000561625421927994 -126644.640000953 -376599.135417033 1.32023146493316e-16 4.40077154977719e-17
9.96571428571422e-08 0.00129006410195265 -0.000619267414399644 -143496.725980712 -370177.933304174 1.31820125498039e-16 4.39400418326798e-17
9.98128571428565e-08 0.00126514024361963 -0.000675794112214257 -160061.475533159 -363015.49055256 1.31633555045388e-16 4.38778516817961e-17
9.99685714285708e-08 0.00123768692442986 -0.000731092326870237 -176305.71956734 -355126.14916684 1.31464928734625e-16 4.38216429115418e-17
1.00124285714285e-07 0.00120775911663863 -0.000785051329768533 -192196.930769387 -346525.70668631 1.31315596512271e-16 4.37718655040904e-17
1.00279999999999e-07 0.00117541674739277 -0.0008375630739345 -207703.288734887 -337231.384552079 1.31186753865038e-16 4.37289179550128e-17
1.00435714285714e-07 0.00114072457873313 -0.000888522410370085 -222793.74368575 -327261.793623021 1.31079432249303e-16 4.36931440831011e-17
1.00591428571428e-07 0.00110375207791571 -0.000937827298603148 -237438.078643975 -316636.896909581 1.30994490833727e-16 4.36648302779091e-17
1.00747142857142e-07 0.0010645732783111 -0.000985379011012296 -251606.969937832 -305377.969600033 1.3093260962114e-16 4.36442032070467e-17
1.00902857142857e-07 0.00102326663116081 -0.0010310823305181 -265272.045919286 -293507.556459259 1.30894284004741e-16 4.36314280015803e-17
1.01058571428571e-07 0.000979914848487261 -0.00107484574124481 -278405.943775114 -281049.426685332 1.30879820802204e-16 4.36266069340681e-17
1.01214285714285e-07 0.000934604737472041 -0.0011165816117709 -290982.364317924 -268028.526314308 1.30889335799435e-16 4.36297785998117e-17
1.01369999999999e-07 0.00088742702663409 -0.00115620637060128 -302976.124647392 -254470.928268529 1.30922752823638e-16 4.36409176078794e-17
1.01525714285714e-07 0.000838476184155788 -0.00119364067351011 -314363.208576253 -240403.780148464 1.30979804353124e-16 4.36599347843746e-17
1.01681428571428e-07 0.000787850228720805 -0.00122880956241885 -325120.814720076 -225855.249872619 1.31060033658967e-16 4.36866778863223e-17
1.01837142857142e-07 0.000735650533242456 -0.00126164261549157 -335227.402154534 -210854.469274375 1.31162798461372e-16 4.37209328204574e-17
1.01992857142857e-07 0.000681981621875582 -0.00129207408814699 -344662.733548732 -195431.475768694 1.31287276071479e-16 4.37624253571597e-17
1.02148571428571e-07 0.000626950960718413 -0.0013200430447047 -353407.915688245 -179617.152205496 1.31432469977439e-16 4.38108233258131e-17
1.02304285714285e-07 0.000570668742623512 -0.00134549348040225 -361445.437306701 -163443.165030143 1.31597217822042e-16 4.38657392740141e-17
1.02459999999999e-07 0.0005132476665487 -0.00136837443353848 -368759.204150169 -146941.900874864 1.31780200708026e-16 4.3926733569342e-17
1.02615714285714e-07 0.000454802711889771 -0.00138864008751874 -375334.571204133 -130146.401708082 1.31979953756575e-16 4.39933179188583e-17
1.02771428571428e-07 0.000395450908246886 -0.00140624986259758 -381158.372018524 -113090.298671498 1.32194877834484e-16 4.40649592781612e-17
1.02927142857142e-07 0.00033531110108566 -0.00142116849713527 -386218.945072093 -95807.7447374348 1.32423252356098e-16 4.41410841186994e-17
1.03082857142857e-07 0.000274503713762171 -0.00143336611820529 -390506.157123321 -78333.3463212516 1.32663249057552e-16 4.42210830191842e-17
1.03238571428571e-07 0.000213150506388425 -0.00144281830141166 -394011.423501127 -60702.0939858066 1.32912946633027e-16 4.43043155443424e-17
1.03394285714285e-07 0.000151374332021103 -0.00144950611979603 -396727.725294723 -42949.2923766971 1.33170346115862e-16 4.43901153719541e-17
1.03549999999999e-07 8.92988906618236e-05 -0.00145341618173691 -398649.623408219 -25110.4895285855 1.33433386881386e-16 4.44777956271286e-17
1.03705714285714e-07 2.70484815614711e-05 -0.00145454065776487 -399773.269451805 -7221.40568416639 1.3369996314335e-16 4.45666543811167e-17
1.03861428571428e-07 -3.52522456753913e-05 -0.00145287729624022 -400096.41344774 10682.1382316953 1.3396794081191e-16 4.46559802706368e-17
1.04017142857142e-07 -9.74785406876609e-05 -0.00144842942786165 -399618.408335676 28564.2923394303 1.3423517457819e-16 4.474505819273e-17
1.04172857142857e-07 -0.000159505802156587 -0.00144120595899689 -398340.21126833 46389.2495902098 1.3449952508866e-16 4.48331750295534e-17
1.04328571428571e-07 -0.00022120982730622 -0.00143122135384867 -396264.38169489 64121.3174656269 1.34758876071843e-16 4.49196253572811e-17
1.04484285714285e-07 -0.000282467060605825 -0.00141849560549176 -393395.076235998 81724.9894480425 1.35011151280232e-16 4.50037170934106e-17
1.04639999999999e-07 -0.000343154841176257 -0.00140305419583903 -389738.040360575 99165.0161184861 1.35254331111794e-16 4.50847770372648e-17
1.04795714285714e-07 -0.000403151648404894 -0.00138492804461669 -385300.596881152 116406.475739744 1.35486468778001e-16 4.51621562593337e-17
1.04951428571428e-07 -0.000462337345277309 -0.00136415344745101 -380091.631290738 133414.844183302 1.35705705888941e-16 4.52352352963135e-17
1.05107142857142e-07 -0.000520593418938446 -0.00134077200319022 -374121.573970603 150156.064060118 1.35910287330753e-16 4.53034291102509e-17
1.05262857142856e-07 -0.000577803218001587 -0.00131483053060746 -367402.379304579 166596.612916802 1.36098575316284e-16 4.53661917720946e-17
1.05418571428571e-07 -0.000633852186129941 -0.0012863809746513 -359947.501741725 182703.570360647 1.36269062496474e-16 4.54230208321581e-17
1.05574285714285e-07 -0.000688628091423119 -0.0012554803024317 -351771.868855269 198444.683979096 1.36420384027518e-16 4.54734613425062e-17
1.05729999999999e-07 -0.000742021251149182 -0.00122219038914961 -342891.851451781 213788.433921658 1.36551328497191e-16 4.55171094990637e-17
1.05885714285714e-07 -0.000793924751372264 -0.00118657789419871 -333325.230790435 228704.096014942 1.3666084762287e-16 4.55536158742899e-17
1.06041428571428e-07 -0.000844234661035979 -0.00114871412768728 -323091.162977988 243161.80328444 1.36748064643615e-16 4.55826882145383e-17
1.06197142857142e-07 -0.000892850240073944 -0.00110867490764753 -312210.140610783 257132.60575986 1.36812281339124e-16 4.56040937797081e-17
1.06352857142856e-07 -0.000939674141130691 -0.00106654040821835 -300703.951740578 270588.528444265 1.36852983619371e-16 4.56176612064569e-17
1.06508571428571e-07 -0.000984612604489053 -0.00102239499910539 -288595.63624636 283502.627330927 1.36869845640176e-16 4.56232818800587e-17
1.06664285714285e-07 -0.00102757564581369 -0.00097632707664 -275909.439699526 295849.04335574 1.36862732411774e-16 4.56209108039247e-17
1.06819999999999e-07 -0.00106847723633485 -0.000928428886775271 -262670.764814786 307603.054177156 1.36831700879477e-16 4.56105669598257e-17
1.06975714285714e-07 -0.00110723547511151 -0.000878796340373678 -248906.120584019 318741.123679958 1.36776999467797e-16 4.55923331559325e-17
1.07131428571428e-07 -0.001143772753029 -0.000827528821156095 -234643.06919493 329240.949103743 1.36699066091673e-16 4.5566355363891e-17
1.07287142857142e-07 -0.00117801590820278 -0.000774728986696822 -219910.170840797 339081.505701752 1.36598524650716e-16 4.55328415502387e-17
1.07442857142856e-07 -0.00120989637247702 -0.00072050256286307 -204736.92653182 348243.088840612 1.36476180034554e-16 4.54920600115181e-17
1.07598571428571e-07 -0.00123935030872483 -0.000664958132110527 -189153.719022594 356707.3534567 1.36333011679244e-16 4.54443372264148e-17
1.07754285714285e-07 -0.00126631873867506 -0.000608206916058922 -173191.751973977 364457.350790121 1.36170165726348e-16 4.53900552421159e-17
1.07909999999999e-07 -0.00129074766100986 -0.000550362552782954 -156882.987471188 371477.562322731 1.35988945847436e-16 4.53296486158119e-17
1.08065714285714e-07 -0.00131258815949634 -0.000491540869264529 -140260.082023247 377753.930852272 1.3579080280748e-16 4.52636009358268e-17
1.08221428571428e-07 -0.00133179650093596 -0.000431859649461957 -123356.321171898 383273.888640368 1.35577322850682e-16 4.51924409502273e-17
1.08377142857142e-07 -0.00134833422273549 -0.000371438398460518 -106205.552840974 388026.382578046 1.35350215001709e-16 4.51167383339029e-17
1.08532857142856e-07 -0.00136216820992406 -0.000310398103176659 -88842.1195596443 392001.896318366 1.35111297384015e-16 4.5037099128005e-17
1.08688571428571e-07 -0.00137327076146232 -0.000248860990094982 -71300.7896952774 395192.469331867 1.3486248266476e-16 4.49541608882533e-17
1.08844285714285e-07 -0.0013816196457107 -0.000186950280523147 -53616.6878336018 397591.712846649 1.34605762742853e-16 4.48685875809509e-17
1.08999999999999e-07 -0.0013871981449458 -0.000124789943854734 -35825.2244455841 399194.822641186 1.34343192802706e-16 4.47810642675687e-17
