0 -0.00139 0 0 400000 1.33808e-16 4.46026666666667e-17
3.63333333333333e-10 -0.00137482543090597 0.000143748923604966 41764.8690661246 395639.239279724 1.32365141600397e-16 4.4121713866799e-17
7.26666666666667e-10 -0.00134464172438006 0.000284346300832469 83074.4216309716 386965.25842432 1.31000934593846e-16 4.36669781979486e-17
1.09e-09 -0.00129977794022677 0.00042025935288254 123478.305009049 374072.620321295 1.29774706645633e-16 4.32582355485442e-17
1.45333333333333e-09 -0.00124072317901536 0.000550006369008296 162536.040031401 357101.8792452 1.28739784883479e-16 4.29132616278262e-17
1.81666666666667e-09 -0.00116812124995342 0.000672172859981002 199821.823106258 336238.048548732 1.27941176767108e-16 4.26470589223695e-17
2.18e-09 -0.00108276365214212 0.000785426978712739 234929.168287976 311708.58366533 1.27413612769827e-16 4.24712042566088e-17
2.54333333333333e-09 -0.000985580945730746 0.000888534039922569 267475.3387469 283780.902412376 1.27180035993448e-16 4.23933453311493e-17
2.90666666666667e-09 -0.000877632607041319 0.000980369980554225 297105.519328699 252759.469628411 1.27250604401347e-16 4.24168681337823e-17
3.27e-09 -0.000760095478261778 0.00105993361420117 323496.684714333 218982.477927362 1.27622249061269e-16 4.25407496870898e-17
3.63333333333333e-09 -0.000634250937628013 0.00112635754594247 346361.121010363 182818.160755877 1.28278807609378e-16 4.27596025364594e-17
3.99666666666667e-09 -0.000501470929964166 0.00117891762859707 365449.56237756 144660.777948449 1.29191727131346e-16 4.30639090437819e-17
4.36e-09 -0.000363203009874883 0.00121704085730524 380553.908502612 104926.317545415 1.30321305893071e-16 4.34404352976902e-17
4.72333333333333e-09 -0.000220954560647165 0.00124031161637127 391509.493287299 64047.9607321932 1.31618419919696e-16 4.38728066398986e-17
5.08666666666667e-09 -7.6276360905791e-05 0.001248476210265 398196.88002213 22471.3593405343 1.3302665933615e-16 4.43422197787166e-17
5.45e-09 6.92543218229569e-05 0.00124144562938555 400543.163473618 -19350.2226039832 1.34484781562428e-16 4.48282605208093e-17
5.81333333333333e-09 0.000214050926326982 0.00121929652043528 398522.764689979 -60960.8503218506 1.35929374677192e-16 4.5309791559064e-17
6.17666666666666e-09 0.000356534894242909 0.00118227035082493 392157.709860349 -101906.888835823 1.37297615123331e-16 4.5765871707777e-17
6.54e-09 0.000495152879344345 0.00113077077621965 381517.390187439 -141741.948454892 1.38529999826289e-16 4.61766666087631e-17
6.90333333333333e-09 0.000628393681969905 0.00106535923992457 366717.805391449 -180031.751270868 1.39572933908742e-16 4.6524311302914e-17
7.26666666666666e-09 0.000754804723973519 0.000986748852085003 347920.299092517 -216358.865613483 1.40381061465125e-16 4.67936871550417e-17
7.63e-09 0.000873007884588742 0.000895796615429695 325329.799858411 -250327.256849471 1.40919238033532e-16 4.69730793445106e-17
7.99333333333333e-09 0.000981714524566014 0.000793494082311215 299192.58709341 -281566.604913249 1.41164058984634e-16 4.70546863282114e-17
8.35666666666667e-09 0.00107973953479122 0.000680956544899581 269793.606124422 -309736.341499909 1.41104877359889e-16 4.70349591199631e-17
8.72e-09 0.00116601425622888 0.000559410876376547 237453.361755012 -334529.362907432 1.4074426689452e-16 4.69147556315068e-17
9.08333333333333e-09 0.00123959813033798 0.000430182155684651 202524.424153504 -355675.378051091 1.40097910088973e-16 4.6699303362991e-17
9.44666666666667e-09 0.00129968895294889 0.000294679221646704 165387.585167634 -372943.855150313 1.39193916196484e-16 4.63979720654947e-17
9.81e-09 0.00134563161981437 0.000154379313943294 126447.706969213 -386146.534963515 1.38071598786635e-16 4.60238662622116e-17
1.01733333333333e-08 0.00137692526849179 1.08119683908486e-05 86129.3082864904 -395139.483171868 1.36779766047125e-16 4.55932553490416e-17
1.05366666666667e-08 0.0013932287386963 -0.000134457657907633 44871.9363426674 -399824.659537105 1.35374598176419e-16 4.51248660588064e-17
1.09e-08 0.0013943642915967 -0.000279845849751622 3125.37495522976 -400150.986726574 1.33917204176821e-16 4.46390680589402e-17
1.12633333333333e-08 0.00138031954750679 -0.000423767599350654 -38655.2589630601 -396114.907153301 1.32470964299995e-16 4.41569880999982e-17
1.16266666666667e-08 0.00135124762084745 -0.000564653885923619 -80014.4770440544 -387760.421760453 1.31098773718685e-16 4.36995912395618e-17
1.199e-08 0.00130746545090827 -0.000700968781009232 -120501.385153681 -375178.610327377 1.29860307293912e-16 4.32867690979708e-17
1.23533333333333e-08 0.00124945034660657 -0.000831226193007301 -159674.598995515 -358506.638526793 1.28809424389515e-16 4.29364747965049e-17
1.27166666666667e-08 0.00117783478291239 -0.000954006068403408 -197107.056039034 -337926.262558094 1.27991826595433e-16 4.26639421984776e-17
1.308e-08 0.00109339950566852 -0.00106796987305289 -232390.671313394 -313661.847659113 1.27443070222427e-16 4.24810234074756e-17
1.34433333333333e-08 0.000997065019975999 -0.00117187518474861 -265140.786309697 -285977.922098328 1.27187020002363e-16 4.2395673334121e-17
1.38066666666667e-08 0.000889881554937858 -0.00126458923798591 -295000.362490295 -255176.293313662 1.27234811240719e-16 4.24116037469065e-17
1.417e-08 0.000773017614164604 -0.00134510127326084 -321643.873687855 -221592.757637426 1.27584365556004e-16 4.25281218520014e-17
1.45333333333333e-08 0.000647747236862588 -0.00141253355627106 -344780.854959677 -185593.439477682 1.28220481265982e-16 4.27401604219941e-17
1.48966666666667e-08 0.000515436108383693 -0.00146615094688901 -364159.06920797 -147570.799865901 1.2911549448992e-16 4.30384981633067e-17
1.526e-08 0.000377526671657733 -0.00150536891358735 -379567.257043926 -107939.357885332 1.30230482216338e-16 4.34101607387793e-17
1.56233333333333e-08 0.000235522401821284 -0.00152975990594431 -390837.439916832 -67131.171624667 1.31516955016348e-16 4.38389850054495e-17
1.59866666666667e-08 9.09714154793812e-05 -0.0015390580157564 -397846.751399732 -25591.127923185 1.32918965788586e-16 4.43063219295287e-17
1.635e-08 -5.45504067096823e-05 -0.00153316187594351 -400518.776667147 16227.9077418845 1.34375542829032e-16 4.47918476096774e-17
1.67133333333333e-08 -0.000199456600130544 -0.0015121357656429 -398824.385562005 57870.0283503214 1.35823341414559e-16 4.52744471381862e-17
1.70766666666667e-08 -0.000342167411692218 -0.0014762089094443 -392782.050169745 98881.2555924798 1.37199398586119e-16 4.57331328620396e-17
1.744e-08 -0.000481127022141162 -0.001425772978406 -382457.64343746 138814.48909624 1.38443871329495e-16 4.61479571098315e-17
1.78033333333333e-08 -0.000614820507449999 -0.0013613778200954 -367963.721033496 177234.38067136 1.39502639073524e-16 4.65008796911748e-17
1.81666666666667e-08 -0.0007417903543705 -0.00128372546420486 -349458.294276609 213722.080432694 1.40329657326403e-16 4.67765524421343e-17
1.853e-08 -0.000860652350099889 -0.00119366246909287 -327143.107512081 247879.803060512 1.40888960093338e-16 4.69629866977793e-17
1.88933333333333e-08 -0.000970110672832891 -0.00109217069268803 -301261.438714683 279335.16441699 1.41156223992914e-16 4.70520746643047e-17
1.92566666666667e-08 -0.0010689720186838 -0.00098035658837028 -272095.447296083 307745.241241514 1.41119826050684e-16 4.70399420168947e-17
1.962e-08 -0.00115615861096827 -0.000859439142524824 -239963.098030646 332800.309666393 1.40781349167868e-16 4.69271163892892e-17
1.99833333333334e-08 -0.00123071995001887 -0.00073073658527226 -205214.69463469 354227.221796049 1.40155513282944e-16 4.67185044276482e-17
2.03466666666667e-08 -0.00129184317543915 -0.000595652019253252 -168229.060789767 371792.383538553 1.39269535219848e-16 4.64231784066159e-17
2.071e-08 -0.00133886192782784 -0.000455658123141329 -129409.410244092 385304.301225476 1.38161945062154e-16 4.60539816873847e-17
2.10733333333334e-08 -0.0013712636133636 -0.0003122810966446 -89178.9510158503 394615.669257054 1.36880910527692e-16 4.56269701758972e-17
2.14366666666667e-08 -0.00138869499205254 -0.000167084022026406 -47976.2716209453 399624.976013378 1.35482142214424e-16 4.51607140714746e-17
2.18e-08 -0.00139096602871595 -2.16498235359822e-05 -6250.55962406553 400277.610524101 1.34026470815863e-16 4.46754902719543e-17
2.21633333333334e-08 -0.00137805196473514 0.000122435989476266 35543.2953600352 396566.457831875 1.32577201669899e-16 4.41924005566329e-17
2.25266666666667e-08 -0.00135009358796747 0.000263602607626006 76949.6608284479 388531.976558918 1.31197361688421e-16 4.37324538961404e-17
2.289e-08 -0.00130739569789097 0.000400311046304634 117517.128650912 376261.757831087 1.29946958395345e-16 4.33156527984484e-17
2.32533333333334e-08 -0.00125042378271036 0.00053107092353835 156803.436276925 359889.570368026 1.2888037027406e-16 4.29601234246865e-17
2.36166666666667e-08 -0.00117979894465032 0.000654456707986082 194380.288238637 339593.902149721 1.28043981914846e-16 4.26813273049487e-17
2.398e-08 -0.00109629112876008 0.000769123259942179 229838.02538598 315596.014558066 1.27474166806762e-16 4.24913889355873e-17
2.43433333333334e-08 -0.00100081072904807 0.000873820495917393 262790.090950501 288157.530207009 1.2719570549986e-16 4.23985684999532e-17
2.47066666666667e-08 -0.000894398663455825 0.000967407016926316 292877.244749285 257577.580758506 1.27220707929898e-16 4.24069026432995e-17
2.507e-08 -0.000778215025872855 0.00104886255190704 319771.479586155 224189.545818514 1.27548086772305e-16 4.25160289241016e-17
2.54333333333334e-08 -0.000653526438906932 0.00111729908061609 343179.597153916 188357.418465268 1.28163604728568e-16 4.27212015761892e-17
2.57966666666667e-08 -0.000521692245288826 0.00117197051473789 362846.404453504 150471.837032481 1.29040493688633e-16 4.3013497896211e-17
2.616e-08 -0.000384149688451334 0.00121228083166635 378557.495883006 110945.826408597 1.30140618842706e-16 4.33802062809019e-17
2.65233333333334e-08 -0.000242398243842515 0.00123779057228475 390141.590666476 70210.2952800093 1.31416137116677e-16 4.38053790388924e-17
2.68866666666667e-08 -9.7983271791599e-05 0.00124822163190592 397472.400140135 28709.3384068818 1.32811577807889e-16 4.42705259359629e-17
2.725e-08 4.7520829857564e-05 0.00124346029214218 400470.004538981 -13104.6048543204 1.34266254936971e-16 4.47554183123236e-17
2.76133333333334e-08 0.000192527789677198 0.00122355846065209 399101.724274221 -54775.6830002638 1.35716906405576e-16 4.52389688018587e-17
2.79766666666667e-08 0.000335456756030931 0.00118873310524819 393382.476202937 -95849.6020290727 1.37100445186323e-16 4.57001483954411e-17
2.834e-08 0.000474749531363103 0.00113936388853528 383374.611005976 -135878.578108925 1.38356702899119e-16 4.6118900966373e-17
2.87033333333334e-08 0.000608887559515494 0.00107598902886594 369187.23344695 -174426.219273417 1.39431046459146e-16 4.6477015486382e-17
2.90666666666667e-08 0.000736408480877451 0.000999299432736914 350975.012922816 -211072.282923924 1.40276754001741e-16 4.67589180005803e-17
2.943e-08 0.000855922074886751 0.000910131162594338 328936.497273302 -245417.257273147 1.40857046758157e-16 4.69523489193856e-17
2.97933333333334e-08 0.000966125416077657 0.000809456322163042 303311.948231851 -277086.716783383 1.41146688518452e-16 4.70488961728173e-17
3.01566666666667e-08 0.0010658170784464 0.000698372458667209 274380.7221158 -305735.404116971 1.41133083122861e-16 4.70443610409536e-17
3.052e-08 0.00115391023327948 0.000578090597478312 242458.22431124 -331050.994097881 1.40816822253109e-16 4.69389407510365e-17
3.08833333333334e-08 0.00122944449765361 0.000449922039635438 207892.47075447 -352757.498650115 1.40211659700912e-16 4.6737219900304e-17
3.12466666666667e-08 0.00129159640443598 0.000315264066170123 171060.29389643 -370618.275592608 1.39343913232684e-16 4.64479710775615e-17
3.161e-08 0.00133968837964212 0.000175584705085769 132363.234512335 -384438.608489049 1.38251320062627e-16 4.60837733542091e-17
3.19733333333334e-08 0.00137319612928095 3.24067270604994e-05 92223.1641435644 -394067.829427348 1.36981395708236e-16 4.56604652360788e-17
3.23366666666667e-08 0.00139175435515634 -0.000112708955649233 51077.6858955517 -399400.961586419 1.35589367599568e-16 4.51964558665226e-17
3.27e-08 0.00139516073731219 -0.000258180306120786 9375.36373169906 -400379.863683173 1.34135773307023e-16 4.47119244356743e-17
3.30633333333333e-08 0.00138337813970475 -0.000402421409976504 -32429.1677269023 -396993.863823079 1.32683827837734e-16 4.42279426125782e-17
3.34266666666667e-08 0.00135653501505609 -0.000543859764866531 -73880.1595834668 -389279.87584411 1.31296674493565e-16 4.37655581645215e-17
3.379e-08 0.00131492400447515 -0.000680953423735003 -114525.717195233 -377321.996885702 1.30034638847471e-16 4.33448796158237e-17
3.41533333333333e-08 0.00125899874711312 -0.000812207804975438 -153922.726684483 -361250.590570006 1.28952605259403e-16 4.29842017531342e-17
3.45166666666667e-08 0.00118936893463394 -0.000936191986212644 -191641.685722524 -341240.865790475 1.28097630023773e-16 4.26992100079242e-17
3.488e-08 0.00110679366441565 -0.00105155430407793 -227271.3859219 -317510.966601713 1.27506894949767e-16 4.25022983165891e-17
3.52433333333333e-08 0.00101217316394534 -0.00115703708991044 -260423.395789848 -290319.594034416 1.27206090370727e-16 4.24020301235755e-17
3.56066666666667e-08 0.000906538976627464 -0.00125149038073735 -290736.295370292 -259963.185762141 1.27208297903514e-16 4.24027659678381e-17
3.597e-08 0.000791042715998965 -0.00133388445605732 -317879.616408713 -226772.684366891 1.27513421545276e-16 4.25044738484254e-17
3.63333333333333e-08 0.000666943510951558 -0.00140332106375225 -341557.445084605 -191109.929435594 1.28108191848485e-16 4.27027306161617e-17
3.66966666666667e-08 0.000535594278832215 -0.00145904321274368 -361511.64803489 -153363.712820454 1.28966742992703e-16 4.29889143309011e-17
3.706e-08 0.000398426976071096 -0.00150044342563519 -377524.686498493 -113945.540068356 1.3005173765693e-16 4.33505792189766e-17
3.74233333333333e-08 0.000256936987133168 -0.00152707036137129 -389421.987902552 -73285.1442278058 1.31315990773233e-16 4.37719969244111e-17
3.77866666666666e-08 0.000112666821983615 -0.00153863373571334 -397073.849035468 -31825.8009414347 1.32704521546645e-16 4.42348405155483e-17
3.815e-08 -3.28107002043345e-05 -0.00153500748588979 -400396.850058577 9980.50410152824 1.34156944501523e-16 4.47189815005076e-17
3.85133333333333e-08 -0.000177909597769579 -0.0015162311449201 -399354.763941041 51678.002668855 1.35610095570751e-16 4.52033651902504e-17
3.88766666666666e-08 -0.000321048016779475 -0.00148250941062972 -393958.951403382 92812.11272583 1.37000779022427e-16 4.5666926340809e-17
3.924e-08 -0.000460665476246069 -0.00143420991405442 -384268.237064021 132934.394243953 1.38268515763609e-16 4.60895052545364e-17
3.96033333333333e-08 -0.000595239880336595 -0.00137185921156288 -370388.268139062 171607.438050095 1.39358173500818e-16 4.64527245002726e-17
3.99666666666666e-08 -0.000723304112112772 -0.00129613704439088 -352470.362686724 208409.634418346 1.40222364374879e-16 4.67407881249598e-17
4.033e-08 -0.000843462027895594 -0.00120786892816906 -330709.859952721 242939.769417851 1.40823505799959e-16 4.69411685999863e-17
4.06933333333333e-08 -0.000954403677886621 -0.00110801715323261 -305343.990800994 274821.398907679 1.41135454883456e-16 4.70451516278188e-17
4.10566666666666e-08 -0.00105491958711205 -0.000997670293826494 -276649.291446123 303706.952493888 1.41144645347876e-16 4.70482151159587e-17
4.142e-08 -0.00114391394100008 -0.000878031340575986 -244938.588682675 329281.522707821 1.40850677511356e-16 4.69502258371185e-17
4.17833333333333e-08 -0.00122041653184383 -0.000750404585600956 -210557.58947821 351266.298096412 1.40266335669333e-16 4.6755445223111e-17
4.21466666666666e-08 -0.00128359333591042 -0.000616181403251284 -173881.112109862 369421.602797263 1.39417032121445e-16 4.64723440404815e-17
4.25099999999999e-08 -0.00133275560588582 -0.000476825081480322 -135308.999932298 383549.509461365 1.38339702022233e-16 4.61132340074111e-17
4.28733333333333e-08 -0.00136736737953047 -0.000333854869223321 -95261.7623247228 393495.997037616 1.37081197117235e-16 4.56937323724118e-17
4.32366666666666e-08 -0.00138705132268694 -0.000188829413694733 -54175.9903389224 399152.629895197 1.35696248218861e-16 4.52320827396204e-17
4.35999999999999e-08 -0.0013915928429399 -4.33297681693295e-05 -12499.5970264919 400457.739978174 1.34245085031465e-16 4.47483616771549e-17
4.39633333333333e-08 -0.00138094242908152 0.000101057844505335 29313.0656652696 397397.099104583 1.32790816836441e-16 4.42636056121471e-17
4.43266666666666e-08 -0.00135521619087782 0.000242759324754647 70806.1601936712 390004.074080673 1.31396687948105e-16 4.37988959827015e-17
4.46899999999999e-08 -0.0013146945932514 0.000380229856955914 111527.332916757 378359.262939267 1.30123327297149e-16 4.33744424323831e-17
4.50533333333333e-08 -0.00125981939868039 0.00051197075086659 151032.645608292 362589.616267915 1.29026111753894e-16 4.30087039179646e-17
4.54166666666666e-08 -0.00119118885114729 0.000636545780198125 188891.415228707 342867.05320606 1.28152757857093e-16 4.27175859523642e-17
4.57799999999999e-08 -0.00110955115414184 0.000752596840213929 224690.909189305 319406.587199461 1.27541246681038e-16 4.25137488936794e-17
4.61433333333332e-08 -0.00101579631382003 0.000858858753653844 258040.844922413 292463.981944719 1.27218172085898e-16 4.24060573619661e-17
4.65066666666666e-08 -0.000910946436244388 0.000954173063572393 288577.644703609 262332.963078577 1.27197584183827e-16 4.23991947279422e-17
4.68699999999999e-08 -0.000796144584484053 0.00103750066272265 315968.399340372 229342.016009868 1.27480378317067e-16 4.24934594390225e-17
4.72333333333332e-08 -0.000672642317053455 0.00110793312180138 339914.497515405 193850.804803847 1.28054256120636e-16 4.2684752040212e-17
4.75966666666666e-08 -0.000541786043544287 0.00116470259305613 360154.881217894 156246.251159869 1.28894260362908e-16 4.29647534543026e-17
4.79599999999999e-08 -0.000405002346200349 0.00120719018128601 376468.891772306 116938.316229021 1.29963860304571e-16 4.33212867681902e-17
4.83233333333332e-08 -0.000263782427458021 0.00123493269097638 388678.675437601 76355.5312579056 1.31216540375022e-16 4.3738846791674e-17
4.86866666666666e-08 -0.000119665853003732 0.0012476276760109 396651.122351253 34940.3257830769 1.32597823076658e-16 4.41992743588859e-17
4.90499999999999e-08 2.57762324199641e-05 0.00124513673690935 400299.317679898 -6855.79569232301 1.34047638143459e-16 4.46825460478196e-17
4.94133333333332e-08 0.000170958233480091 0.00122748702964522 399583.489156313 -48577.1759563196 1.35502934922117e-16 4.5167644974039e-17
4.97766666666666e-08 0.000314297390257864 0.00119487096959391 394511.440672769 -89768.9726182856 1.36900424366496e-16 4.5633474788832e-17
5.01399999999999e-08 0.000454231033341897 0.00114764413383923 385138.467203761 -129982.116756018 1.38179331399501e-16 4.60597771331669e-17
5.05033333333332e-08 0.000589233619896676 0.00108632138470692 371566.751985629 -168778.20862103 1.39284037945558e-16 4.64280126485194e-17
5.08666666666665e-08 0.00071783336498074 0.00101157125678618 353944.252524948 -205734.29702956 1.40166501691523e-16 4.67221672305076e-17
5.12299999999999e-08 0.00083862828680159 0.000924208668631187 332463.087580321 -240447.490334839 1.40788345387097e-16 4.69294484623657e-17
5.15933333333332e-08 0.000950301490983512 0.000825186038599064 307357.442702539 -272539.348712265 1.41122525823696e-16 4.70408419412319e-17
5.19566666666665e-08 0.00105163552722075 0.000715582901678466 278901.017166702 -301660.009873206 1.41154509909939e-16 4.70515033033129e-17
5.23199999999999e-08 0.00114152566180117 0.000596594140505149 247404.040129602 -327492.003229313 1.40882906697712e-16 4.69609688992372e-17
5.26833333333332e-08 0.00121899192130473 0.00046951695886881 213209.888541914 -349753.710925704 1.40319527872769e-16 4.67731759575897e-17
5.30466666666665e-08 0.00128318977617746 0.000335736739724757 176691.343686406 -368202.438011154 1.39488874079218e-16 4.64962913597394e-17
5.34099999999999e-08 0.00133341934770971 0.000196711941884974 138246.527152996 -382637.058274633 1.38427069416991e-16 4.61423564723304e-17
5.37733333333332e-08 0.00136913303804516 5.39582000433704e-05 98294.5605562786 -392900.206903496 1.37180290449687e-16 4.57267634832289e-17
5.41366666666665e-08 0.00138994150003883 -9.0968198524815e-05 57270.9963128342 -398879.996059226 1.35802758043276e-16 4.52675860144254e-17
5.44999999999999e-08 0.00139561788188143 -0.000236487280454064 15623.0692915596 -400511.234667658 1.34354379368105e-16 4.47847931227017e-17
5.48633333333332e-08 0.00138610030021553 -0.000381012611003058 -26195.1788969571 -397776.139125671 1.32898142610597e-16 4.42993808701991e-17
5.52266666666665e-08 0.00136149251478184 -0.000522968589210438 -67727.8498174876 -390704.527176277 1.31497377695399e-16 4.38324592317998e-17
5.55899999999998e-08 0.00132206279724069 -0.000660807624941768 -108522.158370136 -379373.492838522 1.30213002145757e-16 4.34043340485858e-17
5.59533333333332e-08 0.00126824100650075 -0.000793027010565202 -148133.369009034 -363906.565936056 1.29100871856228e-16 4.30336239520759e-17
5.63166666666665e-08 0.00120061390243938 -0.000918185303322525 -186129.64420559 -344472.365387129 1.28209351989323e-16 4.27364506631077e-17
5.66799999999998e-08 0.00111991874910414 -0.00103491803979656 -222096.752298819 -321282.7609377 1.27577213634772e-16 4.25257378782574e-17
5.70433333333332e-08 0.00102703527713248 -0.00114195261115733 -255642.583408234 -294590.563378273 1.2723194770307e-16 4.24106492343568e-17
5.74066666666665e-08 0.000922976093014748 -0.00123812213701859 -286401.424177258 -264686.768425486 1.27188569379986e-16 4.23961897933288e-17
5.77699999999998e-08 0.000808875639757644 -0.00132237818665318 -314037.944744323 -231897.384315382 1.27448965134817e-16 4.24829883782724e-17
5.81333333333332e-08 0.000685977829297996 -0.00139380220888187 -338250.854476095 -196579.877693635 1.28001810680185e-16 4.26672702267285e-17
5.84966666666665e-08 0.000555622481496955 -0.0014516155460281 -358776.186608369 -159119.27654928 1.28823063451207e-16 4.29410211504022e-17
5.88599999999998e-08 0.000419230717555444 -0.00149518792276756 -375390.175985811 -119923.972677388 1.29877008186721e-16 4.32923360622403e-17
5.92233333333332e-08 0.000278289467090375 -0.00152404431732778 -387911.698527713 -79421.2694318181 1.31117810141563e-16 4.37059367138542e-17
5.95866666666665e-08 0.000134335257773985 -0.00153787014012897 -396204.245824926 -38052.7233060164 1.32491508382596e-16 4.41638361275319e-17
5.99499999999998e-08 -1.10625357399623e-05 -0.00153651466340862 -400177.413341139 3730.66987251638 1.33938362482556e-16 4.46461208275186e-17
6.03133333333331e-08 -0.000156318800984541 -0.00151999266444084 -399787.885994253 45473.3916544482 1.35395450556898e-16 4.51318168522994e-17
6.06766666666665e-08 -0.000299849968420119 -0.00148848426443592 -395039.910373151 86720.3669860188 1.36799405658266e-16 4.55998018860888e-17
6.10399999999998e-08 -0.000440091275353976 -0.00144233296487661 -385985.248441808 127021.925392588 1.38089171526187e-16 4.60297238420625e-17
6.14033333333331e-08 -0.000575513824829518 -0.00138204190269869 -372722.613235437 165938.703241993 1.3920865784787e-16 4.64028859492898e-17
6.17666666666665e-08 -0.000704641253510763 -0.00130826836514147 -355396.592700676 203046.433643719 1.40109179556115e-16 4.67030598520383e-17
6.21299999999998e-08 -0.000826065826850454 -0.0012218166240669 -334196.073411992 237940.571764881 1.40751574082315e-16 4.69171913607716e-17
6.24933333333331e-08 -0.000938463786073849 -0.00112362916786666 -309352.181348794 270240.705138262 1.41107904487831e-16 4.70359681626105e-17
6.28566666666665e-08 -0.0010406097796669 -0.00101477642654632 -281135.762182703 299594.700881676 1.41162674406696e-16 4.7054224802232e-17
6.32199999999998e-08 -0.00113139022203811 -0.000896445102002479 -249854.428544633 325682.544616071 1.40913501963285e-16 4.69711673210951e-17
6.35833333333331e-08 -0.00120981543371934 -0.000769925230715265 -215849.206462102 348219.829230863 1.40371223357128e-16 4.67904077857094e-17
6.39466666666665e-08 -0.00127503043075414 -0.000636596119897287 -179490.817526963 366960.855462326 1.3955942161007e-16 4.65198072033568e-17
6.43099999999998e-08 -0.0013263242456489 -0.000497911310421855 -141175.637325021 381701.310482841 1.38513400969999e-16 4.61711336566663e-17
6.46733333333331e-08 -0.00136313767827065 -0.000355382730463117 -101321.37418831 392280.495299278 1.37278651573029e-16 4.5759550524343e-17
6.50366666666664e-08 -0.00138506939219201 -0.000210564212603576 -60362.5153798884 398583.076677635 1.35908871134085e-16 4.53029570446951e-17
6.53999999999998e-08 -0.00139188029002149 -6.50345541038583e-05 -18745.590356352 400540.344494636 1.34463629700094e-16 4.48212099000315e-17
6.57633333333331e-08 -0.00138349612001976 7.96196949899843e-05 23075.6972524453 398130.960808741 1.33005779022764e-16 4.43352596742547e-17
6.61266666666664e-08 -0.00136000828558488 0.000221821528259278 64645.4158758139 391381.192484295 1.31598719214106e-16 4.38662397380355e-17
6.64899999999998e-08 -0.00132167284878137 0.000360020675281843 105510.37652344 380364.624832747 1.30303641554451e-16 4.3434547184817e-17
6.68533333333331e-08 -0.00126890773877673 0.0004927105025279 145225.073407253 365201.359392817 1.29176867359803e-16 4.30589557866011e-17
6.72166666666664e-08 -0.00120228819561875 0.000618444438530861 183356.540801782 346056.704595307 1.28267398637888e-16 4.27557995459627e-17
6.75799999999998e-08 -0.00112254049902494 0.000735851744267409 219489.073193976 323139.373586828 1.27614787051806e-16 4.25382623506019e-17
6.79433333333331e-08 -0.0010305340505524 0.000843652456819719 253228.757263885 296699.208859569 1.27247413867417e-16 4.24158046224722e-17
6.83066666666664e-08 -0.000927271895467397 0.000940671343405502 284207.766288991 267024.458492981 1.27181255687402e-16 4.23937518958006e-17
6.86699999999998e-08 -0.000813879787644406 0.00102585071365039 312088.370155022 234438.633701519 1.27419189648692e-16 4.24730632162307e-17
6.90333333333331e-08 -0.000691593916707883 0.00109826195042452 336566.617256484 199296.981947155 1.27950868299363e-16 4.26502894331211e-17
6.93966666666664e-08 -0.000561747431214391 0.00115711563353532 357375.648147226 161982.614066429 1.28753169596443e-16 4.29177231988145e-17
6.97599999999997e-08 -0.000425755904797944 0.00120177014590891 374288.604815909 122902.327633732 1.29791202454795e-16 4.32637341515982e-17
7.01233333333331e-08 -0.000285101903725261 0.00123173866843643 387121.103869771 82482.1720940957 1.3101982411699e-16 4.36732747056632e-17
7.04866666666664e-08 -0.000141318824103909 0.00124669448722818 395733.246664269 41162.8040139817 1.32385603355665e-16 4.41285344518883e-17
7.08499999999997e-08 4.02582505147663e-06 0.00124647455541634 400031.144464365 -605.316913333801 1.33829144131115e-16 4.46097147103716e-17
7.12133333333331e-08 0.00014934751064855 0.00123108127067592 399967.942010293 -42366.8387351018 1.35287668651155e-16 4.50958895503851e-17
7.15766666666664e-08 0.00029306194994142 0.00120068244908555 395544.328329 -83666.4814413741 1.36697747499194e-16 4.55659158330645e-17
7.19399999999997e-08 0.000433602382225575 0.00115560949561307 386808.529222445 -124054.000382963 1.37998058100633e-16 4.59993527002112e-17
7.23033333333331e-08 0.000569436649509226 0.00109635379117111 373855.781514636 -163089.094794394 1.39132051565343e-16 4.6377350521781e-17
7.26666666666664e-08 0.000699083899949278 0.00102356133563062 356827.294789134 -200346.207909613 1.40050411928525e-16 4.66834706428416e-17
7.30299999999997e-08 0.000821130731952704 0.000938025705193728 335908.711936035 -235419.166340061 1.40713200840663e-16 4.6904400280221e-17
7.33933333333331e-08 0.000934246602941918 0.000840679400903926 311328.085291413 -267925.608137069 1.41091594436651e-16 4.70305314788836e-17
7.37566666666664e-08 0.00103719833479929 0.000732583682611239 283353.390433147 -297511.151264276 1.41169136849818e-16 4.70563789499395e-17
7.41199999999997e-08 0.00112886355785391 0.000614916999221569 252289.604737486 -323853.25703579 1.40942455857101e-16 4.69808186190335e-17
7.4483333333333e-08 0.0012082429468455 0.000488962141362443 218475.382545641 -346664.746401265 1.4042140953282e-16 4.680713651094e-17
7.48466666666664e-08 0.00127447111547026 0.00035609225652556 182279.363187416 -365696.930743713 1.39628657533303e-16 4.65428858444343e-17
7.52099999999997e-08 0.00132682605073741 0.000217755879147683 144096.152111429 -380742.323058378 1.38598675656618e-16 4.61995585522061e-17
7.5573333333333e-08 0.00136473698428389 7.54611388304473e-05 104342.018935266 -391636.899955694 1.37376256533018e-16 4.5792085511006e-17
7.59366666666664e-08 0.001387790614835 -6.92406811404532e-05 63450.3593149847 -398261.889828167 1.3601456164918e-16 4.53381872163933e-17
7.62999999999997e-08 0.00139573561397433 -0.000214772055733315 21866.9701082329 -400545.067686775 1.345728094213e-16 4.48576031404333e-17
7.6663333333333e-08 0.00138848536610144 -0.000359546416193406 -19954.8106593175 -398461.54255071 1.33113699859853e-16 4.43712332866177e-17
7.70266666666664e-08 0.00136611891270669 -0.000501985446659734 -61559.0460406087 -392034.028806406 1.31700687824155e-16 4.39002292747184e-17
7.73899999999997e-08 0.0013288800906686 -0.000640536290809568 -102492.170747021 -381332.598577526 1.30395223449484e-16 4.34650744831615e-17
7.7753333333333e-08 0.00127717487396822 -0.000773688480945585 -142307.935872609 -366473.917805551 1.29254079757158e-16 4.30846932523859e-17
7.81166666666664e-08 0.00121156694780059 -0.000899990404966374 -180572.273855856 -347619.974369145 1.28326883666475e-16 4.2775627888825e-17
7.84799999999997e-08 0.00113277156333415 -0.00101806513169902 -216868.030641598 -324976.312108209 1.27653957781747e-16 4.25513192605823e-17
7.8843333333333e-08 0.00104164774011268 -0.00112662542206755 -250799.513453577 -298789.790005118 1.27264566812405e-16 4.24215222708017e-17
7.92066666666663e-08 0.000939188901108659 -0.0012244877624469 -281996.804598223 -269345.890952342 1.27175644887203e-16 4.23918816290677e-17
7.95699999999997e-08 0.000826512042523518 -0.00131058526721228 -310119.794271031 -236965.609445984 1.27391059110026e-16 4.24636863700086e-17
7.9933333333333e-08 0.000704845556404762 -0.00138397930982144 -334861.888400246 -202001.952135306 1.27901441384354e-16 4.26338137947846e-17
8.02966666666663e-08 0.000575515838836493 -0.0014438697556291 -355953.351105328 -164836.0893789 1.28684595820125e-16 4.28948652733749e-17
8.06599999999997e-08 0.000439932829699551 -0.00148960368487628 -373164.245331032 -125873.199762876 1.29706464005375e-16 4.32354880017917e-17
8.1023333333333e-08 0.00029957464164539 -0.00152068251075736 -386306.939598609 -85538.0528836975 1.30922606164198e-16 4.36408687213994e-17
8.13866666666663e-08 0.000155971445857099 -0.0015367674149645 -395238.153545756 -44270.3785517592 1.32280133787304e-16 4.40933779291012e-17
8.17499999999997e-08 1.06887902734269e-05 -0.00153768304145156 -399860.519955061 -2520.07290017013 1.3372000968748e-16 4.45733365624935e-17
8.2113333333333e-08 -0.000134689467861109 -0.0015234194081485 -400123.646241843 39257.7063387071 1.3517961545341e-16 4.50598718178032e-17
8.24766666666663e-08 -0.000278578429052371 -0.0014941320157849 -396024.663829161 80607.5019181595 1.36595474646461e-16 4.55318248821535e-17
8.28399999999996e-08 -0.000419409429975248 -0.00145014015263631 -387608.259420763 121078.522427301 1.37906013312024e-16 4.59686711040081e-17
8.3203333333333e-08 -0.000555647144887187 -0.00139192341367481 -374966.187831023 160229.556774767 1.39054237754187e-16 4.63514125847289e-17
8.35666666666663e-08 -0.000685806323598666 -0.00132011647207172 -358236.27168297 197633.784228707 1.39990213120648e-16 4.66634043735492e-17
8.39299999999996e-08 -0.000808467983524914 -0.00123550216005299 -337600.898879583 232883.427574486 1.40673235007317e-16 4.68910783357723e-17
8.4293333333333e-08 -0.000922294879294706 -0.00113900293453918 -313285.034228786 265594.198661841 1.410735996422e-16 4.70245332140666e-17
8.46566666666663e-08 -0.00102604608126808 -0.0010316708206107 -285553.766899201 295409.48787655 1.41173895665483e-16 4.70579652218278e-17
8.50199999999996e-08 -0.00111859050402943 -0.000914675942433655 -254709.420444063 322004.251863437 1.40969761327909e-16 4.69899204426364e-17
8.5383333333333e-08 -0.00119891923736959 -0.000789293766681108 -221088.256899534 345088.557117104 1.40470074177822e-16 4.6823358059274e-17
8.57466666666663e-08 -0.00126615654532593 -0.000656891197520672 -185056.810888999 364410.740808538 1.39696564987639e-16 4.65655216625462e-17
8.61099999999996e-08 -0.00131956941336975 -0.000518911674759495 -147007.893698604 379760.15438856 1.38682872709593e-16 4.6227624236531e-17
8.6473333333333e-08 -0.00135857553965876 -0.000376859437605226 -107356.310887181 390969.460057623 1.37473081559561e-16 4.58243605198537e-17
8.68366666666663e-08 -0.00138274968323452 -0.000232283125597887 -66534.3401167804 397916.455066069 1.36119803849363e-16 4.53732679497875e-17
8.71999999999996e-08 -0.00139182829995766 -8.675889549369e-05 -24987.0185040533 400525.403956506 1.34681891942785e-16 4.48939639809282e-17
8.75633333333329e-08 -0.00138571241564018 5.81267618411487e-05 16832.709130697 398767.864224327 1.33221878839508e-16 4.44072929465025e-17
8.79266666666663e-08 -0.00136446870505232 0.000200794317198036 58468.9282234649 392662.996395102 1.31803258692757e-16 4.39344195642524e-17
8.82899999999996e-08 -0.0013283287650408 0.000339688422898326 99467.7248023489 382277.355138414 1.30487725527583e-16 4.34959085091944e-17
8.86533333333329e-08 -0.00127768658968271 0.00047329486904098 139382.1340131 367724.163695379 1.29332490244474e-16 4.31108300814912e-17
8.90166666666663e-08 -0.00121309427500077 0.000600157091270212 177777.012886069 349162.079529995 1.28387792588477e-16 4.27959308628258e-17
8.93799999999996e-08 -0.00113525600006673 0.00071889205009706 214233.784222134 326793.46466105 1.27694716285205e-16 4.25649054284015e-17
8.97433333333329e-08 -0.00104502035011025 0.000828205308660086 248354.999880219 300862.179531264 1.27283402360717e-16 4.24278007869057e-17
9.01066666666663e-08 -0.000943371065326076 0.000926905144548922 279768.673717899 271650.924464685 1.27171738345809e-16 4.23905794486031e-17
9.04699999999996e-08 -0.000831416316235043 0.00101391554184496 308132.336947797 239478.157695526 1.27364580369551e-16 4.24548601231835e-17
9.08333333333329e-08 -0.000710376622517858 0.00108828792174125 333136.771698673 204694.62356776 1.27853541972274e-16 4.26178473240914e-17
9.11966666666663e-08 -0.000581571547029412 0.00114921148385547 354509.382078291 167679.528754728 1.28617358822273e-16 4.28724529407576e-17
9.15599999999996e-08 -0.000446405310054111 0.0011960220454961 372017.165987068 128836.408185227 1.29622813475127e-16 4.3207604491709e-17
9.19233333333329e-08 -0.000306351480634228 0.0012282092825169 385469.255284082 88588.7257453359 1.30826179959031e-16 4.36087266530105e-17
9.22866666666662e-08 -0.000162936911864909 0.00124542229282065 394718.996612804 47375.2577167213 1.32175125362902e-16 4.40583751209672e-17
9.26499999999996e-08 -1.77250952916663e-05 0.0012474734218593 399665.550201586 5645.30928069659 1.33610985729563e-16 4.45369952431875e-17
9.30133333333329e-08 0.000127700884120919 0.0012343403084255 400254.989208951 -36146.1837627408 1.35071317278252e-16 4.50237724260839e-17
9.33766666666662e-08 0.000271755606626022 0.00120616612843225 396480.887628724 -77543.6146603271 1.36492612006949e-16 4.54975373356497e-17
9.37399999999996e-08 0.000412868601784966 0.00116325803402314 388384.390345717 -118095.672685616 1.37813059576364e-16 4.59376865254546e-17
9.41033333333329e-08 0.000549501469581727 0.00110608380502989 376053.764578241 -157360.2632842 1.38975235364682e-16 4.6325078454894e-17
9.44666666666662e-08 0.000680164651908838 0.00103526674928249 359623.437597552 -194909.327745128 1.39928597792919e-16 4.66428659309731e-17
9.48299999999996e-08 0.000803433671583602 0.000951578907368527 339272.531214948 -230333.50985494 1.40631686315302e-16 4.68772287717674e-17
9.51933333333329e-08 0.000917964661858459 0.000855932635922458 315222.909013367 -263246.618658906 1.41053924486817e-16 4.7017974828939e-17
9.55566666666662e-08 0.00102250901712429 0.000749370661203189 287736.757612394 -293289.838676888 1.41176949694759e-16 4.70589832315864e-17
9.59199999999996e-08 0.00111592700508619 0.000633054711394796 257113.728335481 -320135.641674474 1.4099541172591e-16 4.69984705753034e-17
9.62833333333329e-08 0.00119720019201295 0.000508252851559946 223687.670440646 -343491.357343624 1.40517205440655e-16 4.68390684802183e-17
9.66466666666662e-08 0.00126544254560169 0.000376325659319101 187822.991528641 -363102.363965628 1.39763127435327e-16 4.65877091451088e-17
9.70099999999995e-08 0.00131991009441493 0.000238711391966912 149910.684807079 -378754.86427208 1.38765971624107e-16 4.62553238747024e-17
9.73733333333329e-08 0.00136000903858418 9.69103067324267e-05 110364.066520876 -390278.216241703 1.37569103072506e-16 4.58563676908352e-17
9.77366666666662e-08 0.0013853022233578 -4.75316948778977e-05 69614.2700191374 -397546.793422911 1.36224572104615e-16 4.54081907015384e-17
9.80999999999995e-08 0.00139551390491916 -0.00019303992034661 28105.5455817235 -400481.354501043 1.34790850699283e-16 4.49302835664278e-17
9.84633333333329e-08 0.00139053275651866 -0.000338028053288457 -13709.5827536773 -399049.907179397 1.33330289616506e-16 4.44434298721686e-17
9.88266666666662e-08 0.00137041308214701 -0.000480915447315842 -55375.2505641689 -393268.056956106 1.31906406840454e-16 4.39688022801514e-17
9.91899999999995e-08 0.00133537422451848 -0.000620144358090522 -96437.2228308214 -383198.836994531 1.30581125261379e-16 4.35270417537929e-17
9.95533333333329e-08 0.00128579817381814 -0.000754196925699413 -136447.845964241 -368952.020941903 1.29412079726158e-16 4.31373599087194e-17
9.99166666666662e-08 0.00122222540328239 -0.000881611722214314 -174970.928080042 -350682.9261878 1.28450110570523e-16 4.28167035235076e-17
1.0028e-07 0.00114534897701281 -0.00100099968403566 -211586.49431994 -328590.720609218 1.27737052636112e-16 4.25790175453705e-17
1.00643333333333e-07 0.00105600699425938 -0.0011110592553275 -245895.365376409 -302916.251261937 1.27303915925262e-16 4.2434638641754e-17
1.01006666666666e-07 0.000955173452544763 -0.00121059057745138 -277523.509306299 -273939.418689564 1.27169537014594e-16 4.23898456715314e-17
1.0137e-07 0.000843947629238936 -0.0012985085697074 -306126.119190349 -241976.1254753 1.27339759875731e-16 4.24465866252438e-17
1.01733333333333e-07 0.000723542097345286 -0.00137385475877749 -331391.372184359 -207374.832302992 1.27807181728244e-16 4.26023939094145e-17
1.02096666666666e-07 0.000595269506148776 -0.00143580772790734 -353043.828981219 -170512.759072982 1.2855147497736e-16 4.28504916591199e-17
1.0246e-07 0.000460528270842352 -0.00148369207191124 -370847.436623186 -131791.772487794 1.2954027123577e-16 4.31800904119233e-17
1.02823333333333e-07 0.000320787327141828 -0.00151698576037306 -384608.101928049 -91634.0049408049 1.30730568984516e-16 4.3576856328172e-17
1.03186666666666e-07 0.000177570117092962 -0.00153532582877062 -394175.807473942 -50477.2524703471 1.32070603655545e-16 4.40235345518482e-17
1.03549999999999e-07 3.24379806558772e-05 -0.00153851233547923 -399446.247074546 -8770.20195028892 1.33502098808365e-16 4.45006996027882e-17
1.03913333333333e-07 -0.000113026865869866 -0.00152651054151565 -400361.96291489 33032.4604502036 1.34962800499932e-16 4.49876001666441e-17
1.04276666666666e-07 -0.000257238579011991 -0.00149945128925912 -396912.971950803 74475.0062106327 1.36389184631174e-16 4.54630615437247e-17
1.04639999999999e-07 -0.000398624976835313 -0.00145762957602054 -389136.874743088 115105.632766748 1.37719219531015e-16 4.59064065103384e-17
1.05003333333333e-07 -0.000535644678714809 -0.00140150133801076 -377118.445539896 154481.389017733 1.38895063636571e-16 4.62983545455235e-17
1.05366666666666e-07 -0.000666803909315828 -0.00133167847976882 -360988.7080762 192173.004335613 1.39865580950746e-16 4.66218603169153e-17
1.05729999999999e-07 -0.000790672783586104 -0.00124892220323872 -340923.507165898 227769.568431482 1.40588564883124e-16 4.68628549610413e-17
1.06093333333333e-07 -0.000905900895222181 -0.00115413470922057 -317141.591658927 260883.011059126 1.41032573762065e-16 4.70108579206883e-17
1.06456666666666e-07 -0.00101123203866632 -0.00104834936166609 -289902.229662775 291152.332718734 1.41178298193887e-16 4.70594327312956e-17
1.06819999999999e-07 -0.00110551790413615 -0.000932719422046287 -259502.382027038 318247.540238001 1.41019400804368e-16 4.70064669347895e-17
1.07183333333333e-07 -0.00118773059638511 -0.000808505476608101 -226273.464905397 341873.244325282 1.4056279184327e-16 4.68542639477568e-17
1.07546666666666e-07 -0.00125697384071554 -0.00067706169358698 -190577.736689256 361771.879874645 1.39828328666171e-16 4.66094428887235e-17
1.07909999999999e-07 -0.00131249275407738 -0.000539821060197732 -152804.34870233 377726.513915363 1.38847952162778e-16 4.62826507209259e-17
1.08273333333333e-07 -0.0013536820747291 -0.00039827976034863 -113365.102711133 389563.210593858 1.37664297687381e-16 4.5888099229127e-17
1.08636666666666e-07 -0.00138009276074169 -0.000253980863391372 -72689.9615025539 397152.927405298 1.36328840900342e-16 4.54429469667805e-17
1.08999999999999e-07 -0.00139143688540977 -0.000108497501730533 -31222.361471778 400412.922002308 1.34899659155672e-16 4.49665530518907e-17
