0 -0.00139 0 0 400000 1.33808e-16 4.46026666666667e-17
2.27083333333333e-10 -0.00138703621697382 9.09815224846422e-05 26145.6287202368 400453.441080137 1.3380860817851e-16 4.48944105834865e-17
4.54166666666667e-10 -0.00137813183767332 0.000181872288954708 52265.1766166267 399199.715470559 1.33809216359778e-16 4.51858636826523e-17
6.8125e-10 -0.00136330543379804 0.000272284823552498 78247.2936080018 396244.160175396 1.33809824543802e-16 4.54757843365258e-17
9.08333333333333e-10 -0.00134260082325085 0.000361833687408704 103981.214988561 391599.367274755 1.33810432730585e-16 4.5762937444794e-17
1.13541666666667e-09 -0.00131608688345272 0.000450137121811928 129357.233630349 385285.130276447 1.33811040920124e-16 4.60460996998423e-17
1.3625e-09 -0.00128385725782579 0.000536818675696813 154267.16767932 377328.359767154 1.33811649112422e-16 4.63240648018767e-17
1.58958333333333e-09 -0.00124602995669534 0.000621508810512585 178604.821751153 367762.968722458 1.33812257307476e-16 4.65956486015652e-17
1.81666666666667e-09 -0.00120274685431179 0.000703846475630204 202266.439660656 356629.72796455 1.33812865505288e-16 4.68596941482721e-17
2.04375e-09 -0.00115417308413626 0.000783480647571884 225151.146754694 343976.092383674 1.33813473705857e-16 4.71150766223652e-17
2.27083333333333e-09 -0.00110049633496734 0.000860071826500962 247161.379962904 329855.998663996 1.33814081909184e-16 4.73607081305678e-17
2.49791666666667e-09 -0.00104192605090929 0.000933293483592236 268203.303732778 314329.635376095 1.33814690115269e-16 4.75955423439125e-17
2.725e-09 -0.000978692538591754 0.00100283345311228 288187.210075899 297463.186416066 1.33815298324111e-16 4.78185789585232e-17
2.95208333333333e-09 -0.000911045985446654 0.00106839526327494 307027.90101981 279328.548884843 1.3381590653571e-16 4.80288679602083e-17
3.17916666666667e-09 -0.00083925539322696 0.00112969940019817 324645.051835019 260003.02661035 1.33816514750067e-16 4.8225513674684e-17
3.40625e-09 -0.000763607431313535 0.00118648449957351 340963.553488583 239569.000618895 1.33817122967182e-16 4.84076785861605e-17
3.63333333333333e-09 -0.000684405214698089 0.00123850846096776 355913.832864261 218113.57796053 1.33817731187054e-16 4.85745869080096e-17
3.86041666666667e-09 -0.000601967011851484 0.00128554948000604 369432.149384016 195728.220385349 1.33818339409683e-16 4.87255278902924e-17
4.0875e-09 -0.000516624887985559 0.00132740699403569 381460.866766229 172508.354453628 1.3381894763507e-16 4.88598588500447e-17
4.31458333333333e-09 -0.000428723289492053 0.00136390253723899 391948.698761984 148552.964741869 1.33819555863215e-16 4.89770079114003e-17
4.54166666666667e-09 -0.000338617575593043 0.00139488050154913 400850.927821717 123964.171878843 1.33820164094117e-16 4.90764764438698e-17
4.76875e-09 -0.000246672503462357 0.00142020880012483 408129.595759895 98846.7972104607 1.33820772327777e-16 4.91578411883791e-17
4.99583333333333e-09 -0.000153260673275804 0.00143977943055503 413753.665604795 73307.9159492692 1.33821380564195e-16 4.92207560620022e-17
5.22291666666667e-09 -5.87609398189443e-05 0.00145350893539197 417699.153943265 47456.4007134842 1.3382198880337e-16 4.92649536336934e-17
5.45e-09 3.64432025763007e-05 0.00146133875804904 419949.233196132 21402.457401456 1.33822597045303e-16 4.92902462647267e-17
5.67708333333333e-09 0.000131965254881168 0.00146323549254559 420494.303388115 -4742.84461986263 1.33823205289994e-16 4.92965269089776e-17
5.90416666666667e-09 0.000227417361036269 0.00145919102603367 419332.033106149 -30868.0460096216 1.33823813537442e-16 4.92837695696362e-17
6.13125e-09 0.00032241196141042 0.0014492225734985 416467.369471355 -56861.7726124194 1.33824421787648e-16 4.92520294104012e-17
6.35833333333333e-09 0.000416563445003273 0.00143337260448425 411912.517082027 -82613.2102566503 1.33825030040611e-16 4.92014425206798e-17
6.58541666666667e-09 0.000509489793348242 0.00141170866215711 405686.886017242 -108012.577167742 1.33825638296333e-16 4.91322253357938e-17
6.8125e-09 0.000600814209107599 0.00138432307547645 397817.009122629 -132951.591982338 1.33826246554812e-16 4.90446737146606e-17
7.03958333333333e-09 0.000690166722416811 0.00135133256570053 388336.428930776 -157323.935368208 1.33826854816048e-16 4.89391616788802e-17
7.26666666666667e-09 0.000777185768130036 0.00131287774890403 377285.554698201 -181025.703281946 1.33827463080043e-16 4.88161398186024e-17
7.49375e-09 0.000861519727242697 0.00126912253662747 364711.490168218 -203955.849932127 1.33828071346795e-16 4.86761333719674e-17
7.72083333333333e-09 0.000942828425919767 0.00122025343721333 350667.832793829 -226016.618559486 1.33828679616305e-16 4.85197399863081e-17
7.94791666666667e-09 0.00102078458573906 0.00116647876080677 335214.445276445 -247113.95819762 1.33829287888573e-16 4.83476271706536e-17
8.175e-09 0.00109507521896683 0.00110802773140977 318417.200394249 -267157.924637449 1.33829896163599e-16 4.81605294503957e-17
8.40208333333333e-09 0.00116540296291715 0.00104514950977356 300347.700207917 -286063.063886021 1.33830504441382e-16 4.79592452362458e-17
8.62916666666667e-09 0.00123148734770646 0.000978112131294521 281082.970840622 -303748.776484867 1.33831112721923e-16 4.7744633420828e-17
8.85625e-09 0.00129306599199827 0.000907201363440912 260705.134133391 -320139.661134693 1.33831721005222e-16 4.75176097174175e-17
9.08333333333333e-09 0.0013498957216402 0.000832719487581097 239301.057575469 -335165.836161412 1.33832329291279e-16 4.72791427564314e-17
9.31041666666667e-09 0.0014017536064242 0.000754984010405948 216961.984001987 -348763.237452982 1.33832937580094e-16 4.70302499563096e-17
9.5375e-09 0.00144843791054969 0.000674326310438532 193783.142637442 -360873.891596805 1.33833545871667e-16 4.67719931863915e-17
9.76458333333333e-09 0.00148976895273735 0.000591090225400796 169863.343143099 -371446.163053172 1.33834154165998e-16 4.65054742402735e-17
9.99166666666667e-09 0.00152558987232644 0.000505630586459171 145304.554398819 -380434.97431091 1.33834762463086e-16 4.62318301389451e-17
1.021875e-08 0.00155576729808927 0.000418311705597494 120211.469814954 -387801.998086566 1.33835370762932e-16 4.59522282837274e-17
1.04458333333333e-08 0.00158019191691114 0.000329505822565505 94691.061027344 -393515.820747643 1.33835979065537e-16 4.56678614796745e-17
1.06729166666667e-08 0.00159877893991094 0.000239591518023528 68852.1218780276 -397552.076263058 1.33836587370899e-16 4.53799428506542e-17
1.09e-08 0.00161146846401495 0.000148952099648088 42804.8046256427 -399893.550109664 1.33837195679019e-16 4.50897006677854e-17
1.11270833333333e-08 0.00161822572744179 5.79739680785229e-05 16660.1503626826 -400530.25269172 1.33837803989897e-16 4.47983731132766e-17
1.13541666666667e-08 0.00161904125800899 -3.29550303293924e-05 -9470.3843585589 -399459.461960181 1.33838412303534e-16 4.45072030019903e-17
1.158125e-08 0.00161393091362839 -0.000123447256920508 -35475.4026733298 -396685.735049995 1.33839020619928e-16 4.42174324832331e-17
1.18083333333333e-08 0.00160293581481732 -0.000213116933279411 -61244.0422994628 -392220.888885622 1.3383962893908e-16 4.39302977453594e-17
1.20354166666667e-08 0.00158612216951267 -0.000301581785846658 -86666.4481555988 -386083.949837355 1.3384023726099e-16 4.36470237457629e-17
1.22625e-08 0.00156358099093432 -0.000388464675600959 -111634.240687766 -378301.072642885 1.33840845585658e-16 4.33688189887236e-17
1.24895833333333e-08 0.0015354277097001 -0.000473395205859745 -136040.977907775 -368905.428939644 1.33841453913084e-16 4.30968703733711e-17
1.27166666666667e-08 0.00150180168184548 -0.000556011301343845 -159782.609173701 -357937.065882966 1.33842062243268e-16 4.28323381337299e-17
1.294375e-08 0.00146286559484486 -0.000635960751774425 -182757.918777888 -345442.735452667 1.33842670576211e-16 4.25763508924176e-17
1.31708333333333e-08 0.00141880477416609 -0.000712902713421559 -204868.957451397 -331475.695175579 1.33843278911911e-16 4.23300008490823e-17
1.33979166666667e-08 0.00136982639331412 -0.000786509162202992 -226021.459945289 -316095.481113456 1.3384388725037e-16 4.20943391240933e-17
1.3625e-08 0.00131615859073094 -0.000856466292138187 -246125.24690849 -299367.654083902 1.33844495591586e-16 4.18703712773345e-17
1.38520833333333e-08 0.00125804949731607 -0.000922475853195679 -265094.609348939 -281363.520196068 1.33845103935561e-16 4.16590530212067e-17
1.40791666666667e-08 0.00119576617871306 -0.000984256422830095 -282848.674038929 -262159.826892395 1.33845712282294e-16 4.14612861461145e-17
1.430625e-08 0.00112959349687066 -0.00104154460578787 -299311.748306826 -241838.435792092 1.33846320631785e-16 4.12779146758082e-17
1.45333333333333e-08 0.00105983289573163 -0.00109409615706643 -314413.642745157 -220485.973730937 1.33846928984034e-16 4.11097212689742e-17
1.47604166666667e-08 0.000986801116225448 -0.00114168702323927 -328089.970459278 -198193.463484948 1.33847537339041e-16 4.09574238824124e-17
1.49875e-08 0.000910828846042881 -0.00118411429770724 -340282.421580749 -175055.935752105 1.33848145696806e-16 4.0821672710029e-17
1.52145833333333e-08 0.000832259309948052 -0.00122119708580333 -350939.011875063 -151172.024046174 1.3384875405733e-16 4.07030474106951e-17
1.54416666666667e-08 0.000751446806637504 -0.00125277727606263 -360014.304383752 -126643.544229572 1.33849362420612e-16 4.06020546367888e-17
1.566875e-08 0.000668755198383454 -0.00127872021436884 -367469.60315588 -101575.060477694 1.33849970786652e-16 4.05191258739605e-17
1.58958333333333e-08 0.000584556359899823 -0.00129891527810316 -373273.118242896 -76073.4395249605 1.3385057915545e-16 4.04546156013296e-17
1.61229166666667e-08 0.000499228593043481 -0.00131327634784737 -377400.10125333 -50247.3950928373 1.33851187527007e-16 4.040879977996e-17
1.635e-08 0.000413155014108823 -0.00132174217462963 -379832.950889322 -24207.024441915 1.33851795901321e-16 4.03818746760572e-17
1.65770833333333e-08 0.000326721920590652 -0.00132427664114711 -380561.288014928 1936.66097626289 1.33852404278394e-16 4.03739560239063e-17
1.68041666666667e-08 0.000240317144377918 -0.00132086891585117 -379581.999936043 28072.2087667764 1.33853012658226e-16 4.03850785321217e-17
1.703125e-08 0.000154328398398733 -0.00131153349923794 -376899.253703043 54088.2007208327 1.33853621040815e-16 4.04151957353136e-17
1.72583333333334e-08 6.91416237650328e-05 -0.00129631016214619 -372524.478379282 79873.7278016856 1.33854229426163e-16 4.04641801918064e-17
1.74854166666667e-08 -1.48606555368554e-05 -0.00127526377632527 -366476.316350894 105318.862962062 1.33854837814269e-16 4.05318240265663e-17
1.77125e-08 -9.73009633955797e-05 -0.00124848403799492 -358780.543885351 130315.129777424 1.33855446205134e-16 4.06178398170269e-17
1.79395833333334e-08 -0.000177808480811991 -0.00121608508557476 -349469.961277272 154755.964897221 1.33856054598756e-16 4.07218618180364e-17
1.81666666666667e-08 -0.0002560206267638 -0.0011782050132129 -338584.25304969 178537.172342633 1.33856662995138e-16 4.08434475207065e-17
1.839375e-08 -0.000331584603958173 -0.00113500528218682 -326169.818806598 201557.367714059 1.33857271394277e-16 4.09820795385196e-17
1.86208333333334e-08 -0.000404158902882425 -0.00108667003268553 -312279.575457747 223718.410414604 1.33857879796175e-16 4.11371678126542e-17
1.88479166666667e-08 -0.000473414757740713 -0.00103340529890633 -296972.731658685 244925.822046904 1.33858488200831e-16 4.13080521271284e-17
1.9075e-08 -0.000539037548069736 -0.000975438130811886 -280314.535427503 265089.189199569 1.33859096608246e-16 4.14940049230417e-17
1.93020833333334e-08 -0.000600728140057966 -0.000913015626291281 -262375.99601409 284122.548906052 1.33859705018419e-16 4.16942343999186e-17
1.95291666666667e-08 -0.000658204161849995 -0.000846403877850566 -243233.581207493 301944.755132619 1.33860313431351e-16 4.19078878909326e-17
1.975625e-08 -0.000711201207398933 -0.000775886838322778 -222968.891371653 318479.824732973 1.33860921847041e-16 4.21340554976254e-17
1.99833333333334e-08 -0.000759473963734438 -0.000701765110432658 -201668.311599044 333657.261394592 1.33861530265489e-16 4.2371773968626e-17
2.02104166666667e-08 -0.000802797256840349 -0.000624354665375906 -179422.643465015 347412.356195673 1.33862138686696e-16 4.26200308058348e-17
2.04375e-08 -0.000840967011682921 -0.000543985495875463 -156326.717952589 359686.463491279 1.33862747110661e-16 4.28777685805705e-17
2.06645833333334e-08 -0.000873801122296552 -0.000461000209456662 -132478.9911978 370427.250952446 1.33863355537385e-16 4.31438894412788e-17
2.08916666666667e-08 -0.00090114022821737 -0.000375752567937976 -107981.124778828 379588.922692192 1.33863963966868e-16 4.34172597935887e-17
2.111875e-08 -0.000922848393954229 -0.000288605979363397 -82937.5523381628 387132.414527107 1.33864572399108e-16 4.36967151327641e-17
2.13458333333334e-08 -0.000938813688600042 -0.00019993194880526 -57455.0343852306 393025.560541968 1.33865180834108e-16 4.3981065007951e-17
2.15729166666667e-08 -0.000948948663112051 -0.000110108494641681 -31642.203177371 397243.230247183 1.33865789271866e-16 4.42690980970588e-17
2.18e-08 -0.000953190723225904 -1.95185370600209e-05 -5609.09961931732 399767.435744208 1.33866397712382e-16 4.45595873706389e-17
2.20270833333334e-08 -0.000951502396413265 7.14517343438115e-05 20533.2958446108 400587.408441946 1.33867006155657e-16 4.48512953227504e-17
2.22541666666667e-08 -0.00094387149174445 0.00016241450691124 46673.5363457826 399699.644996943 1.33867614601691e-16 4.514297924651e-17
2.24812500000001e-08 -0.000930311151974068 0.000252981998193621 72700.1836970857 397107.922281392 1.33868223050483e-16 4.54333965318393e-17
2.27083333333334e-08 -0.000910859797627143 0.000342768109103559 98502.2834638983 392823.281314996 1.33868831502034e-16 4.57213099628227e-17
2.29354166666667e-08 -0.000885580963323595 0.00043139006989739 123969.837974937 386863.980229056 1.33869439956343e-16 4.60054929920936e-17
2.31625000000001e-08 -0.000854563027038348 0.000518470071971844 148994.275256479 379255.416463143 1.33870048413411e-16 4.62847349697636e-17
2.33895833333334e-08 -0.000817918833450775 0.000603636878518318 173468.911890837 370030.018525917 1.33870656873238e-16 4.65578463046034e-17
2.36166666666667e-08 -0.00077578521298869 0.000686527407168309 197289.407825851 359227.107781385 1.33871265335823e-16 4.68236635354712e-17
2.38437500000001e-08 -0.000728322398616774 0.00076678827788291 220354.21119646 346892.730849658 1.33871873801167e-16 4.70810542913704e-17
2.40708333333334e-08 -0.000675713342855253 0.000844077319487436 242564.991262005 333079.463336605 1.3387248226927e-16 4.73289221189888e-17
2.42979166666667e-08 -0.000618162937939994 0.000918065028428481 263827.057613556 317846.185728947 1.33873090740131e-16 4.75662111571399e-17
2.45250000000001e-08 -0.000555897142448086 0.000988435973534402 284049.763864071 301257.832410078 1.33873699213751e-16 4.77919106381774e-17
2.47520833333334e-08 -0.000489162018111787 0.00105489014079034 303146.894100374 283385.114866442 1.3387430769013e-16 4.80050591971919e-17
2.49791666666667e-08 -0.000418222680926546 0.00111714421239464 321037.030449364 264304.220264351 1.33874916169267e-16 4.82047489706198e-17
2.52062500000001e-08 -0.000343362171024254 0.00117493277464359 337643.900191432 244096.486682122 1.33875524651164e-16 4.83901294667891e-17
2.54333333333334e-08 -0.000264880246129171 0.00122800944949494 352896.700941191 222848.056381949 1.33876133135818e-16 4.85604111919011e-17
2.56604166666667e-08 -0.000183092103739806 0.0012761479449857 366730.402509164 200649.508599531 1.33876741623232e-16 4.87148690159896e-17
2.58875000000001e-08 -9.83270374838548e-05 0.00131914302002614 379086.024157458 177595.47341683 1.33877350113405e-16 4.88528452645067e-17
2.61145833333334e-08 -1.09270333740021e-05 0.00135681135945621 389910.886067333 153784.228363953 1.33877958606336e-16 4.89737525223535e-17
2.63416666666667e-08 7.87546880514183e-05 0.00138899235563388 399158.833946538 129317.279469811 1.33878567102026e-16 4.90770761384019e-17
2.65687500000001e-08 0.000170355177488155 0.00141554879322279 406790.435818765 104298.928547497 1.33879175600475e-16 4.91623764198281e-17
2.67958333333334e-08 0.000263503304107193 0.00143636743425953 412773.150156156 78835.8285590319 1.33879784101683e-16 4.92292905069021e-17
2.70229166666668e-08 0.000357821337681498 0.00145135950100589 417081.464637982 53036.5289549272 1.33880392605649e-16 4.92775339202397e-17
2.72500000000001e-08 0.00045292655885375 0.00146046105452714 419697.00494381 27011.0129267946 1.33881001112375e-16 4.93069017739183e-17
2.74770833333334e-08 0.000548432890680487 0.0014636332673821 420608.613117232 870.228545687558 1.33881609621859e-16 4.93172696492855e-17
2.77041666666668e-08 0.00064395254449734 0.00146086258926178 419812.395165949 -25274.3842150493 1.33882218134102e-16 4.93085941257311e-17
2.79312500000001e-08 0.00073909767308894 0.00145216080487016 417311.737695139 -51311.3685560983 1.33882826649104e-16 4.92809129661606e-17
2.81583333333334e-08 0.000833482024115937 0.00143756498379984 413117.293503067 -77129.7260023713 1.33883435166865e-16 4.92343449563765e-17
2.83854166666668e-08 0.00092672258675041 0.00141713732261568 407246.936200199 -102619.38960149 1.33884043687385e-16 4.91690893990513e-17
2.86125000000001e-08 0.00101844122449989 0.00139096487981922 399725.684045143 -127671.693153246 1.33884652210664e-16 4.90854252644472e-17
2.88395833333334e-08 0.00110826628725909 0.00135915920482323 390585.593321974 -152179.834469659 1.33885260736701e-16 4.89837100015026e-17
2.90666666666668e-08 0.0011958341957168 0.00132185586251766 379865.621713344 -176039.330690683 1.33885869265498e-16 4.88643780143509e-17
2.92937500000001e-08 0.0012807909913636 0.00127921385545331 367611.462251695 -199148.463714474 1.33886477797054e-16 4.87279388107658e-17
2.95208333333334e-08 0.00136279384549214 0.001231414946106 353875.348556324 -221408.71384327 1.33887086331368e-16 4.85749748304248e-17
2.97479166666668e-08 0.00144151252075697 0.00117866288211015 338715.832186453 -242725.179796152 1.33887694868442e-16 4.84061389622476e-17
2.99750000000001e-08 0.00151663077906288 0.00112118252776408 322197.533059359 -263006.983298076 1.33888303408274e-16 4.8222151761392e-17
3.02020833333334e-08 0.00158784772977961 0.00105921890550923 304390.863997408 -282167.656520308 1.33888911950866e-16 4.80237983777691e-17
3.04291666666668e-08 0.00165487911253503 0.000993036151468952 285371.730578181 -300125.510720487 1.33889520496216e-16 4.78119252091726e-17
3.06562500000001e-08 0.00171745850911783 0.000922916389499388 265221.207567126 -316803.984510688 1.33890129044326e-16 4.75874362932872e-17
3.08833333333334e-08 0.00177533847932307 0.000849158528551804 244025.193312035 -332131.9702687 1.33890737595195e-16 4.73512894539563e-17
3.11104166666668e-08 0.00182829161589785 0.000772076988473184 221874.043572593 -346044.117300885 1.33891346148823e-16 4.71044922181377e-17
3.13375000000001e-08 0.00187611151408955 0.000692000359676693 198862.186345927 -358481.110464116 1.33891954705209e-16 4.68480975209511e-17
3.15645833333335e-08 0.00191861365166294 0.000609270002395674 175087.719330087 -369389.923058895 1.33892563264355e-16 4.65831992171285e-17
3.17916666666668e-08 0.00195563617563414 0.00052423859149242 150651.991741448 -378724.042915404 1.3389317182626e-16 4.63109274179984e-17
3.20187500000001e-08 0.0019870405923671 0.000437268613025064 125659.172268699 -386443.670708579 1.33893780390924e-16 4.60324436738857e-17
3.22458333333335e-08 0.00201271235809023 0.000348730818981667 100215.805005218 -392515.889656613 1.33894388958348e-16 4.57489360224608e-17
3.24729166666668e-08 0.00203256136731533 0.00025900264676888 74430.3552528572 -396914.805879341 1.3389499752853e-16 4.54616139241496e-17
3.27000000000001e-08 0.00204652233707607 0.000168466610192929 48412.7471334043 -399621.658817999 1.33895606101472e-16 4.51717031061928e-17
3.29270833333335e-08 0.00205455508534771 7.75086687921387e-05 22273.8949788523 -400624.901245503 1.33896214677172e-16 4.4880440337335e-17
3.31541666666668e-08 0.00205664470246038 -1.34834175273817e-05 -3874.76950180097 -399920.248526012 1.33896823255632e-16 4.45890681554194e-17
3.33812500000001e-08 0.002052801614775 -0.000104121741538655 -29921.7722635245 -397510.696913639 1.33897431836851e-16 4.4298829570364e-17
3.36083333333335e-08 0.00204306154034957 -0.000194019902376282 -55756.072148861 -393406.510812163 1.3389804042083e-16 4.4010962765102e-17
3.38354166666668e-08 0.0020274853367846 -0.000282794652804633 -81267.5342682505 -387625.179049914 1.33898649007567e-16 4.37266958170752e-17
3.40625000000001e-08 0.00200615874189572 -0.0003700675330493 -106347.399518999 -380191.340356089 1.33899257597064e-16 4.34472414627848e-17
3.42895833333335e-08 0.00197919200831849 -0.000455466484226588 -130888.748241273 -371136.678356073 1.3389986618932e-16 4.31737919277176e-17
3.45166666666668e-08 0.00194671943360278 -0.00053862743449275 -154786.956034489 -360499.786533249 1.33900474784335e-16 4.29075138436897e-17
3.47437500000001e-08 0.00190889878779928 -0.000619195851150945 -177940.139790873 -348326.003732872 1.33901083382109e-16 4.2649543275275e-17
3.49708333333335e-08 0.00186591064097817 -0.000696828252099007 -200249.592044667 -334667.220909104 1.33901691982643e-16 4.24009808765217e-17
3.51979166666668e-08 0.00181795759354615 -0.000771193670174388 -221620.201785258 -319581.659938954 1.33902300585936e-16 4.21628871986052e-17
3.54250000000001e-08 0.00176526341264274 -0.000841975064153444 -241960.85994021 -303133.625445929 1.33902909191988e-16 4.19362781684229e-17
3.56520833333335e-08 0.00170807207829692 -0.00090887067038959 -261184.847799511 -285393.230691257 1.339035178008e-16 4.17221207574036e-17
3.58791666666668e-08 0.00164664674341017 -0.000971595289327914 -279210.206725073 -266436.098701145 1.33904126412371e-16 4.15213288590013e-17
3.61062500000002e-08 0.00158126861199913 -0.00102988150141142 -295960.087569303 -246343.039904042 1.33904735026701e-16 4.13347593924444e-17
3.63333333333335e-08 0.00151223574047955 -0.00108348080719508 -311363.078313039 -225199.7076521 1.33905343643791e-16 4.11632086493544e-17
3.65604166666668e-08 0.0014398617671017 -0.0011321646868069 -325353.50852601 -203096.233095244 1.3390595226364e-16 4.10074088988093e-17
3.67875000000002e-08 0.0013644745749531 -0.00117572557423911 -337871.72935177 -180126.840964342 1.33906560886248e-16 4.08680252653243e-17
3.70145833333335e-08 0.00128641489422828 -0.00121397774231559 -348864.367823397 -156389.447901331 1.33907169511616e-16 4.07456528930626e-17
3.72416666666668e-08 0.00120603484972381 -0.00124675809456239 -358284.554425662 -131985.245048576 1.33907778139743e-16 4.06408144083654e-17
3.74687500000002e-08 0.00112369645975053 -0.00127392686060516 -366092.122933444 -107018.266676845 1.3390838677063e-16 4.05539576914201e-17
3.76958333333335e-08 0.00103977009286206 -0.00129536819212847 -372253.781674322 -81594.9466908275 1.33908995404276e-16 4.04854539665688e-17
3.79229166666668e-08 0.000954632888978455 -0.00131099065685598 -376743.25548511 -55823.664902777 1.33909604040681e-16 4.04355962193978e-17
3.81500000000002e-08 0.0008686671516358 -0.00132072762844509 -379541.397757036 -29814.2850085282 1.33910212679846e-16 4.04045979473593e-17
3.83770833333335e-08 0.000782258718215525 -0.00132453757063346 -380636.272091761 -3677.6862354866 1.33910821321771e-16 4.03925922492523e-17
3.86041666666668e-08 0.000695795315101254 -0.00132240421442553 -380023.203220002 22474.7093408053 1.33911429966454e-16 4.03996312574463e-17
3.88312500000002e-08 0.000609664904775201 -0.00131433662756327 -377704.79696554 48531.4117964554 1.33912038613898e-16 4.04256859152688e-17
3.90583333333335e-08 0.000524254031900573 -0.00130036917598447 -373690.929169374 74381.3386504065 1.33912647264101e-16 4.04706461005089e-17
3.92854166666668e-08 0.000439946175440752 -0.00128056137743236 -367998.703621092 99914.2884208105 1.33913255917063e-16 4.053432109451e-17
3.95125000000002e-08 0.000357120113840365 -0.00125499764784021 -360652.379176656 125021.410427771 1.33913864572785e-16 4.06164403948557e-17
3.97395833333335e-08 0.000276148310237669 -0.00122378694157154 -351683.266373178 149595.668839628 1.33914473231266e-16 4.07166548681835e-17
3.99666666666668e-08 0.000197395324592334 -0.00118706228704923 -341129.593981277 173532.298984484 1.33915081892507e-16 4.08345382382151e-17
4.01937500000002e-08 0.000121216259497978 -0.00114498021975261 -329036.346063786 196729.253981646 1.33915690556508e-16 4.09695889026606e-17
4.04208333333335e-08 4.79552463052514e-05 -0.00109772011499932 -315455.070235306 219087.639788902 1.33916299223268e-16 4.11212320712521e-17
4.06479166666669e-08 -2.2056021990554e-05 -0.0010454834233559 -300443.657939883 240512.136810941 1.33916907892787e-16 4.12888222157941e-17
4.08750000000002e-08 -8.84997048427279e-05 -0.000988492811936129 -284066.09768338 260911.406271497 1.33917516565067e-16 4.14716458217874e-17
4.11020833333335e-08 -0.000151073169198554 -0.000926991215247436 -266392.20227241 280198.47961675 1.33918125240105e-16 4.16689244298963e-17
4.13291666666669e-08 -0.000209490279719958 -0.000861240799631321 -247497.311222523 298291.129289845 1.33918733917904e-16 4.1879817954296e-17
4.15562500000002e-08 -0.000263482618678785 -0.000791521845712046 -227461.969604181 315112.219295794 1.33919342598462e-16 4.21034282637543e-17
4.17833333333335e-08 -0.000312800630325844 -0.00071813155361745 -206371.584695542 330590.03406219 1.3391995128178e-16 4.23388030101815e-17
4.20104166666669e-08 -0.000357214684854848 -0.000641382776065004 -184316.061905659 344658.584193669 1.33920559967857e-16 4.25849396883298e-17
4.22375000000002e-08 -0.00039651605742511 -0.00056160268471373 -161389.42152009 357257.887816545 1.33921168656694e-16 4.28407899093348e-17
4.24645833333335e-08 -0.000430517818068934 -0.00047913137546715 -137689.397902691 368334.22631413 1.33921777348291e-16 4.31052638698835e-17
4.26916666666669e-08 -0.000459055628689562 -0.000394320418672703 -113317.022862144 377840.373362385 1.33922386042648e-16 4.33772349979545e-17
4.29187500000002e-08 -0.000481988443751568 -0.000307531360398013 -88376.1949592908 385735.796289387 1.33922994739764e-16 4.36555447553286e-17
4.31458333333335e-08 -0.000499199111676162 -0.000219134181172977 -62973.2365912972 391986.828900074 1.3392360343964e-16 4.3939007576396e-17
4.33729166666669e-08 -0.000510594874377155 -0.000129505718767994 -37216.4407407777 396566.815029369 1.33924212142276e-16 4.42264159222051e-17
4.36000000000002e-08 -0.000516107762807551 -3.90280617320271e-05 -11215.6093220836 399456.222211573 1.33924820847671e-16 4.45165454282096e-17
4.38270833333335e-08 -0.000515694886830046 5.1913079461169e-05 14918.4149072131 400642.724981304 1.33925429555826e-16 4.48081601237675e-17
4.40541666666669e-08 -0.000509338618175214 0.000142930016714784 41074.2208741642 400121.257450734 1.33926038266741e-16 4.51000177011413e-17
4.42812500000002e-08 -0.000497046665706927 0.000233634737048929 67140.3041432127 397894.034938832 1.33926646980416e-16 4.53908748115383e-17
4.45083333333335e-08 -0.00047885204267365 0.000323640556733118 93005.5422691257 393970.544560275 1.33927255696851e-16 4.56794923656125e-17
4.47354166666669e-08 -0.00045481292608475 0.000412563769759529 118559.668523624 388367.504813999 1.33927864416045e-16 4.59646408158325e-17
4.49625000000002e-08 -0.000425012408810794 0.000500025283629451 143693.741976164 381108.794343535 1.33928473137999e-16 4.62451053981953e-17
4.51895833333335e-08 -0.000389558145464202 0.000585652235479346 168300.611924848 372225.350172679 1.33929081862713e-16 4.65196913109411e-17
4.54166666666669e-08 -0.000348581893569381 0.000669079581656739 192275.374697553 361755.035850208 1.33929690590187e-16 4.67872288081899e-17
4.56437500000002e-08 -0.000302238951977928 0.000749951653969331 215515.820875821 349742.480065593 1.33930299320421e-16 4.70465781867863e-17
4.58708333333336e-08 -0.000250707498922499 0.000827923675972741 237922.87103495 336238.886423585 1.33930908053415e-16 4.72966346450919e-17
4.60979166666669e-08 -0.000194187832530838 0.000902663232832624 259400.998142609 321301.815188492 1.33931516789168e-16 4.75363329930116e-17
4.63250000000002e-08 -0.000132901517037282 0.000973851688494815 279858.634815208 304994.937928458 1.33932125527682e-16 4.77646521931733e-17
4.65520833333336e-08 -6.70904383310732e-05 0.00104118554412173 299208.563695772 287387.766105592 1.33932734268955e-16 4.7980619713902e-17
4.67791666666669e-08 2.9842271326282e-06 0.00110437773200359 317368.289289038 268555.354768881 1.33933343012988e-16 4.81833156754284e-17
4.70062500000002e-08 7.70431256638129e-05 0.00116315883942823 334260.389668523 248577.982612957 1.33933951759781e-16 4.83718767716576e-17
4.72333333333336e-08 0.000154789917164914 0.00121727825729151 349812.846556101 227540.809766538 1.33934560509335e-16 4.85454999507764e-17
4.74604166666669e-08 0.000235912538378067 0.00126650524855156 363959.35236685 205533.51476934 1.33935169261648e-16 4.87034458390079e-17
4.76875000000002e-08 0.000320084533167332 0.0013106299319715 376639.592910093 182649.912284939 1.33935778016721e-16 4.88450418929164e-17
4.79145833333336e-08 0.000406966444165073 0.00134946417695638 387799.504541346 158987.553179251 1.33936386774554e-16 4.89696852668237e-17
4.81416666666669e-08 0.000496207259850052 0.00138284240566935 397391.504668796 134647.308669421 1.33936995535147e-16 4.90768453831092e-17
4.83687500000002e-08 0.000587445910888478 0.00141062229900696 405374.694631523 109732.940315882 1.339376042985e-16 4.91660661944379e-17
4.85958333333336e-08 0.000680312809359188 0.00143268540342369 411715.034084438 84350.6576906686 1.33938213064613e-16 4.92369681282686e-17
4.88229166666669e-08 0.000774431424301305 0.00144893763601815 416385.48614641 58608.6656076373 1.33938821833486e-16 4.9289249705352e-17
4.90500000000002e-08 0.000869419886867839 0.0014593096857274 419366.132692652 32616.7028447351 1.3393943060512e-16 4.93226888253181e-17
4.92770833333336e-08 0.000964892618242448 0.00146375730891846 420644.259299741 6485.57432475443 1.33940039379513e-16 4.93371437138693e-17
4.95041666666669e-08 0.00106046197337951 0.00146226151811659 420214.409480998 -19673.3212511039 1.33940648156666e-16 4.93325535275415e-17
4.97312500000002e-08 0.00115573989356017 0.00145482866306502 418078.407980887 -45748.4663031409 1.3394125693658e-16 4.93089386134521e-17
4.99583333333336e-08 0.00125033956071941 0.00144149040377036 414245.353028974 -71628.6997820111 1.33941865719253e-16 4.92664004229261e-17
5.01854166666669e-08 0.00134387704649157 0.00142230357564789 408731.577586341 -97203.6910598101 1.33942474504687e-16 4.92051210793684e-17
5.04125000000003e-08 0.00143597294894436 0.00139734994734125 401560.579749519 -122364.410283149 1.33943083292881e-16 4.91253626022205e-17
5.06395833333336e-08 0.00152625401002363 0.00136673587224849 392762.922608488 -147003.593183043 1.33943692083834e-16 4.90274657903112e-17
5.08666666666669e-08 0.00161435470681365 0.00133059183523947 382376.103985532 -171016.198360068 1.33944300877548e-16 4.89118487693575e-17
5.10937500000003e-08 0.00169991880982895 0.00128907189649666 370444.396610117 -194299.85509529 1.33944909674023e-16 4.87790052098081e-17
5.13208333333336e-08 0.00178260090169453 0.00124235303484971 357018.659411012 -216755.299777886 1.33945518473257e-16 4.86295022226248e-17
5.15479166666669e-08 0.00186206784973999 0.00119063439340281 342156.120729997 -238286.799088857 1.33946127275252e-16 4.84639779419705e-17
5.17750000000003e-08 0.0019380002262295 0.00113413643067038 325920.134381219 -258802.558136718 1.33946736080007e-16 4.8283138805109e-17
5.20020833333336e-08 0.0020100936701729 0.00107309998083939 308379.909595995 -278215.111805157 1.33947344887522e-16 4.80877565411089e-17
5.22291666666669e-08 0.002078060184912 0.00100778522716409 289610.216004241 -296441.697644269 1.33947953697797e-16 4.78786648811902e-17
5.24562500000003e-08 0.00214162936595031 0.000938470592869349 269691.064910068 -313404.608715578 1.33948562510832e-16 4.76567560047346e-17
5.26833333333336e-08 0.00220054955379121 0.000865451554290265 248707.368220231 -329031.524886575 1.33949171326628e-16 4.74229767361104e-17
5.29104166666669e-08 0.00225458890686988 0.000789039381307541 226748.576479303 -343255.821162309 1.33949780145184e-16 4.71783245085232e-17
5.31375000000003e-08 0.0023035363900044 0.000709559810447794 203908.297554607 -356016.851739516 1.339503889665e-16 4.6923843112099e-17
5.33645833333336e-08 0.00234720267415188 0.000627351656305282 180283.897596374 -367260.208572188 1.33950997790577e-16 4.66606182443236e-17
5.35916666666669e-08 0.0023854209436335 0.00054276536720435 155976.085974197 -376937.953346214 1.33951606617414e-16 4.63897728818075e-17
5.38187500000003e-08 0.00241804760738668 0.000456161531259707 131088.485959159 -385008.821874018 1.33952215447011e-16 4.61124624931055e-17
5.40458333333336e-08 0.00244496291121191 0.000367909339203092 105727.192981799 -391438.400037736 1.33952824279368e-16 4.58298701129985e-17
5.42729166666669e-08 0.00246607144840363 0.000278385010529253 80000.3223490312 -396199.270530724 1.33953433114486e-16 4.55432012992353e-17
5.45000000000003e-08 0.00248130256658793 0.000187970189670543 54017.548348106 -399271.129771706 1.33954041952364e-16 4.52536789932351e-17
5.47270833333336e-08 0.00249061066903217 9.70503190372519e-05 27889.6367024062 -400640.874493006 1.33954650793003e-16 4.49625383066573e-17
5.4954166666667e-08 0.00249397540914147 6.01299585944535e-06 1727.9723722349 -400302.657633587 1.33955259636402e-16 4.46710212560659e-17
5.51812500000003e-08 0.00249140177731259 -8.47536801648392e-05 -24355.9152863999 -398257.9132985 1.33955868482561e-16 4.43803714681335e-17
5.54083333333336e-08 0.00248292007977428 -0.000174862761370949 -50250.8279807254 -394515.350678171 1.33956477331481e-16 4.40918288779565e-17
5.5635416666667e-08 0.0024685858095039 -0.000263930101725257 -75846.3725309475 -389090.916953332 1.33957086183161e-16 4.38066244430852e-17
5.58625000000003e-08 0.00244847940977006 -0.000351575994486673 -101033.431489875 -382007.729343584 1.33957695037601e-16 4.35259748958007e-17
5.60895833333336e-08 0.00242270593130899 -0.000437426790950488 -125704.628326116 -373295.976589132 1.33958303894802e-16 4.32510775560124e-17
5.6316666666667e-08 0.00239139458459538 -0.000521116493373599 -149754.785187705 -362992.790285554 1.33958912754764e-16 4.29831052268883e-17
5.65437500000003e-08 0.00235469818911616 -0.000602288315290231 -173081.371294633 -351142.086619977 1.33959521617486e-16 4.27232011949792e-17
5.67708333333336e-08 0.00231279252199442 -0.000680596202566233 -195584.940048718 -337794.379183211 1.33960130482968e-16 4.24724743561528e-17
5.6997916666667e-08 0.00226587556873995 -0.000755706308707381 -217169.552997304 -323006.563655714 1.33960739351211e-16 4.22319944881151e-17
5.72250000000003e-08 0.00221416667932005 -0.000827298418132117 -237743.188843348 -306841.67528517 1.33961348222214e-16 4.20027876896756e-17
5.74520833333336e-08 0.00215790563314787 -0.000895067311340942 -257218.135758184 -289368.620189439 1.33961957095978e-16 4.17858320061985e-17
5.7679166666667e-08 0.00209735161697405 -0.000958724066162356 -275511.365324404 -270661.881630246 1.33962565972503e-16 4.15820532598902e-17
5.79062500000003e-08 0.00203278212003845 -0.00101799728952775 -292544.886514652 -250801.202509674 1.33963174851788e-16 4.13923211026998e-17
5.81333333333336e-08 0.00196449175119172 -0.00107263427452373 -308246.078197163 -229871.245442911 1.33963783733833e-16 4.12174453086605e-17
5.8360416666667e-08 0.00189279098302916 -0.00112240207778896 -322547.998750474 -207961.231856269 1.33964392618639e-16 4.10581723214794e-17
5.85875000000003e-08 0.00181800482839021 -0.00116708851266212 -335389.671467282 -185164.561648952 1.33965001506206e-16 4.09151820720941e-17
5.88145833333336e-08 0.00174047145486568 -0.00120650305384664 -346716.344530626 -161578.415039902 1.33965610396533e-16 4.07890850797648e-17
5.9041666666667e-08 0.00166054074321879 -0.00124047764973526 -356479.724453995 -137303.33829699 1.33966219289621e-16 4.06804198490619e-17
5.92687500000003e-08 0.00157857279586533 -0.00126886743893095 -364638.181990045 -112442.815114569 1.33966828185469e-16 4.05896505738461e-17
5.94958333333337e-08 0.00149493640177129 -0.00129155136790904 -371156.929630014 -87102.825466572 1.33967437084078e-16 4.05171651580317e-17
5.9722916666667e-08 0.00141000746431202 -0.00130843270718722 -376008.16993699 -61391.3938157443 1.33968045985448e-16 4.0463273561572e-17
5.99500000000003e-08 0.0013241673987948 -0.00131943946380216 -379171.214080562 -35418.1286049906 1.33968654889578e-16 4.04282064787185e-17
6.01770833333336e-08 0.00123780150647639 -0.00132452468833414 -380632.570067372 -9293.75499398642 1.33969263796469e-16 4.04121143541919e-17
6.0404166666667e-08 0.00115129733200701 -0.00132366667517011 -380386.000291321 16870.357166993 1.33969872706121e-16 4.04150667414586e-17
6.06312500000003e-08 0.00106504301130306 -0.00131686905515115 -378432.548157928 42962.6681137574 1.33970481618533e-16 4.04370520058515e-17
6.08583333333336e-08 0.000979425616891818 -0.00130416078020871 -374780.53366921 68871.9436713968 1.33971090533707e-16 4.04779773738014e-17
6.1085416666667e-08 0.000894829507781851 -0.00128559600005478 -369445.517987763 94487.7294568786 1.3397169945164e-16 4.05376693279713e-17
6.13125000000003e-08 0.000811634690893995 -0.00126125383145103 -362450.237130967 119700.821759471 1.33972308372335e-16 4.06158743466099e-17
6.15395833333336e-08 0.000730215201038214 -0.00123123802104024 -353824.505077844 144403.733091577 1.3397291729579e-16 4.07122599839754e-17
6.17666666666669e-08 0.000650937506342754 -0.00119567650317673 -343605.086701499 168491.150425261 1.33973526222006e-16 4.08264162872226e-17
6.19937500000003e-08 0.000574158945933517 -0.0011547208546405 -331835.541068697 191860.384160944 1.33974135150983e-16 4.09578575437176e-17
6.22208333333336e-08 0.000500226206524097 -0.00110854564855906 -318566.035774481 214411.805914222 1.33974744082721e-16 4.11060243513309e-17
6.24479166666669e-08 0.000429473844411093 -0.00105734771029086 -303853.133103197 236049.273254432 1.33975353017219e-16 4.12702860028836e-17
6.26750000000002e-08 0.000362222859175774 -0.00100134527844217 -287759.548927428 256680.539584223 1.33975961954478e-16 4.14499431745859e-17
6.29020833333336e-08 0.000298779325172761 -0.000940777074593451 -270353.885372527 276217.647412687 1.33976570894498e-16 4.16442309070054e-17
6.31291666666669e-08 0.00023943308664008 -0.000875901285700857 -251710.33838633 294577.303345437 1.33977179837279e-16 4.18523218658598e-17
6.33562500000002e-08 0.000184456521993732 -0.000806994463510466 -231908.381460565 311681.233192929 1.3397778878282e-16 4.20733298687339e-17
6.35833333333336e-08 0.000134103382575016 -0.00073435034567676 -211032.426852202 327456.515683064 1.33978397731123e-16 4.23063136626877e-17
6.38104166666669e-08 8.86077108014765e-05 -0.000658278603610729 -189171.465748854 341835.893355352 1.33979006682186e-16 4.25502809366519e-17
6.40375000000002e-08 4.81828423338356e-05 -0.00057910352239525 -166418.688912174 354758.059311143 1.3397961563601e-16 4.28041925515068e-17
6.42645833333335e-08 1.30204965131606e-05 -0.000497162618395111 -142871.089416355 366167.918597384 1.33980224592596e-16 4.30669669698132e-17
6.44916666666669e-08 -1.67100410537964e-05 -0.000412805200454621 -118629.049175247 376016.823109481 1.33980833551942e-16 4.33374848663104e-17
6.47187500000002e-08 -4.08626402759535e-05 -0.000326390880816308 -93795.9110206669 384262.779011742 1.33981442514049e-16 4.36145938995284e-17
6.49458333333335e-08 -5.9314949648497e-05 -0.000238288042108563 -68477.538156106 390870.625791012 1.33982051478916e-16 4.38971136241728e-17
6.51729166666669e-08 -7.19689179560698e-05 -0.000148872266937392 -42781.8628638812 395812.186180058 1.33982660446545e-16 4.41838405233409e-17
6.54000000000002e-08 -7.87512123840235e-05 -5.8524736776901e-05 -16818.4263895649 399066.386311434 1.33983269416935e-16 4.44735531391171e-17
6.56270833333335e-08 -7.96135312548183e-05 3.23693930159469e-05 9302.08803482251 400619.345589466 1.33983878390086e-16 4.47650172796755e-17
6.58541666666668e-08 -7.45328100558704e-05 0.000123422635134966 35468.3270381274 400464.435897079 1.33984487365997e-16 4.50569912806923e-17
6.60812500000002e-08 -6.35113198800475e-05 0.000214246822207131 61568.7418163808 398602.309884936 1.3398509634467e-16 4.53482312986372e-17
6.63083333333335e-08 -4.65766578586648e-05 0.000304454761581631 87492.0636744145 395040.898222137 1.33985705326104e-16 4.56374966133801e-17
6.65354166666668e-08 -2.37816296272754e-05 0.000393661885971108 113127.778375506 389795.375820068 1.33986314310298e-16 4.59235549175053e-17
6.67625000000002e-08 4.79597567517343e-06 0.000481487892908211 138366.59727685 382888.097173246 1.33986923297254e-16 4.62051875697864e-17
6.69895833333335e-08 3.90537169151095e-05 0.000567558366028281 163100.923242349 374348.50109266 1.33987532286971e-16 4.64811947904246e-17
6.72166666666668e-08 7.88649375682591e-05 0.000651506371266399 187225.30934647 364212.985237618 1.33988141279449e-16 4.67504007759023e-17
6.74437500000001e-08 0.000124079305557921 0.000732974021163971 210636.908413651 352524.750980826 1.33988750274687e-16 4.7011658711647e-17
6.76708333333335e-08 0.000174523454026682 0.000811614000615902 233235.911476766 339333.619267927 1.33989359272687e-16 4.72638556611361e-17
6.78979166666668e-08 0.000230001720310357 0.000887091047553812 254925.973285432 324695.818256381 1.33989968273448e-16 4.75059173105976e-17
6.81250000000001e-08 0.000290296979964305 0.000959083382252786 275614.623050116 308673.74363886 1.33990577276971e-16 4.7736812549081e-17
6.83520833333335e-08 0.000355171572286994 0.00102728407916818 295213.658670918 291335.692672805 1.33991186283254e-16 4.79555578643712e-17
6.85791666666668e-08 0.000424368313395672 0.00109140237545395 313639.522770353 272755.573049884 1.33991795292298e-16 4.8161221536004e-17
6.88062500000001e-08 0.000497611592535691 0.00115116491058385 330813.65892696 253012.587846344 1.33992404304104e-16 4.83529276075095e-17
6.90333333333334e-08 0.000574608546950192 0.00120631689179071 346662.84659101 232190.897897238 1.33993013318671e-16 4.85298596209443e-17
6.92604166666668e-08 0.000655050310301952 0.00125662318035486 361119.513254433 210379.263033758 1.33993622335998e-16 4.86912640977952e-17
6.94875000000001e-08 0.000738613329325577 0.00130186929411057 374122.022544054 187670.663713003 1.33994231356087e-16 4.88364537514104e-17
6.97145833333334e-08 0.000824960743097349 0.00134186232189637 385614.937009869 164161.904653132 1.33994840378938e-16 4.89648104172639e-17
6.99416666666668e-08 0.000913743819043063 0.00137643174605028 395549.25448794 139953.202163554 1.33995449404549e-16 4.90757876885599e-17
7.01687500000001e-08 0.00100460343956228 0.0014054301694434 403882.61703017 115147.756929329 1.33996058432922e-16 4.91689132459383e-17
7.03958333333334e-08 0.0010971716329316 0.00142873394395177 410579.491510138 89851.3140709648 1.33996667464055e-16 4.92437908713509e-17
7.06229166666667e-08 0.00119107314196084 0.00144624369768711 415611.32113493 64171.712355078 1.33997276497951e-16 4.93001021375187e-17
7.08500000000001e-08 0.00128592702371482 0.00145788475873805 418956.647216925 38218.424477599 1.33997885534607e-16 4.93376077657692e-17
7.10770833333334e-08 0.00138134827348139 0.00146360747361516 420601.200686275 12102.0903793116 1.33998494574024e-16 4.93561486464606e-17
7.13041666666667e-08 0.00147694946606235 0.00146338741904165 420537.96295382 -14065.9544167929 1.33999103616203e-16 4.93556465176448e-17
7.15312500000001e-08 0.00157234240739074 0.00145722550618631 418767.195864829 -40174.1534356295 1.33999712661144e-16 4.93361042990713e-17
7.17583333333334e-08 0.00166713978943327 0.00144514797689406 415296.440615746 -66111.2048242234 1.34000321708845e-16 4.92976060801076e-17
7.19854166666667e-08 0.00176095684132302 0.00142720629192938 410140.485638391 -91766.5358425935 1.34000930759308e-16 4.92403167616278e-17
7.22125e-08 0.00185341296968348 0.00140347691170889 403321.303588421 -117030.774248513 1.34001539812532e-16 4.91644813533906e-17
7.24395833333334e-08 0.00194413338115104 0.00137406097045709 394867.957706506 -141796.214566579 1.34002148868517e-16 4.90704239299051e-17
7.26666666666667e-08 0.00203275068017879 0.00133908384517399 384816.477951291 -165957.277253819 1.34002757927264e-16 4.89585462492302e-17
7.289375e-08 0.00211890643531007 0.00129869462125171 373209.707432051 -189410.95880434 1.34003366988772e-16 4.88293260405964e-17
7.31208333333334e-08 0.00220225270724441 0.00125306545701764 360097.119795587 -212057.270874147 1.34003976053042e-16 4.86833149681479e-17
7.33479166666667e-08 0.00228245353218134 0.00120239084991272 345534.608345717 -233799.666554037 1.34004585120073e-16 4.85211362794846e-17
7.3575e-08 0.00235918635411837 0.00114688680743278 329584.247794237 -254545.451973296 1.34005194189865e-16 4.8343482149026e-17
7.38020833333333e-08 0.00243214339999677 0.00108678992636689 312314.029658919 -274206.181479402 1.34005803262419e-16 4.8151110727523e-17
7.40291666666667e-08 0.00250103299183263 0.0010223563842574 293797.572436423 -292698.034708999 1.34006412337734e-16 4.79448429102924e-17
7.425625e-08 0.00256558079023907 0.000953860847381075 274113.807785595 -309942.173942551 1.34007021415811e-16 4.77255588379515e-17
7.44833333333333e-08 0.00262553096403815 0.00088159529990604 253346.644058852 -325865.080219165 1.34007630496649e-16 4.74941941445685e-17
7.47104166666667e-08 0.0026806472809759 0.000805867799215746 231584.608615951 -340398.866778594 1.34008239580248e-16 4.72517359692231e-17
7.49375e-08 0.00273071411489038 0.000727001162705733 208920.470444898 -353481.568494088 1.34008848666609e-16 4.69992187479774e-17
7.51645833333333e-08 0.00277553736503866 0.000645331591651195 185450.84469871 -365057.406062108 1.34009457755732e-16 4.67377198041977e-17
7.53916666666666e-08 0.00281494528366316 0.00056120723801163 161275.780833833 -375077.023822511 1.34010066847616e-16 4.64683547560231e-17
7.561875e-08 0.00284878920826905 0.000474986720282155 136498.336105955 -383497.700195267 1.34010675942261e-16 4.61922727605593e-17
7.58458333333333e-08 0.00287694419549041 0.000387037594718325 111224.136241366 -390283.529836433 1.34011285039668e-16 4.59106516150716e-17
7.60729166666666e-08 0.0028993095538424 0.000297734788451544 85560.925156713 -395405.576736751 1.34011894139837e-16 4.56246927360598e-17
7.62999999999999e-08 0.0029158092730881 0.000207459001174674 59618.1056466685 -398841.997610025 1.34012503242767e-16 4.53356160376199e-17
7.65270833333333e-08 0.00292639234838876 0.000116595082211452 33506.2729975819 -400578.135045164 1.34013112348459e-16 4.50446547309247e-17
7.67541666666666e-08 0.00293103299785537 2.55303898883029e-05 7336.74351531198 -400606.580024608 1.34013721456912e-16 4.47530500669955e-17
7.69812499999999e-08 0.00292973077257351 -6.53468597973883e-05 -18778.9200228468 -398927.203542497 1.34014330568127e-16 4.44620460451743e-17
7.72083333333333e-08 0.00292251055863197 -0.000155649248172821 -44729.3839691193 -395547.157187637 1.34014939682104e-16 4.41728841098562e-17
7.74354166666666e-08 0.002909422471146 -0.000244991805493757 -70404.0184315617 -390480.842688651 1.34015548798842e-16 4.38867978580897e-17
7.76624999999999e-08 0.00289054164072648 -0.000332993652115991 -95693.3689023514 -383749.850550993 1.34016157918341e-16 4.36050077806067e-17
7.78895833333332e-08 0.00286596789330484 -0.000419279622237793 -120489.622877448 -375382.868047293 1.34016767040603e-16 4.33287160587022e-17
7.81166666666666e-08 0.00283582532467816 -0.000503481863291104 -144687.069478359 -365415.556953129 1.34017376165626e-16 4.30591014391453e-17
7.83437499999999e-08 0.00280026177158779 -0.000585241404163 -168182.550116578 -353890.401549315 1.34017985293411e-16 4.27973142089703e-17
7.85708333333332e-08 0.00275944818158572 -0.000664209685561845 -190875.89827942 -340856.527538557 1.34018594423957e-16 4.25444712915713e-17
7.87979166666666e-08 0.00271357788437473 -0.00074005004600385 -212670.366562365 -326369.492648307 1.34019203557265e-16 4.23016514850069e-17
7.90249999999999e-08 0.00266286576772809 -0.000812439157084957 -233473.03912738 -310491.049812379 1.34019812693335e-16 4.20698908628152e-17
7.92520833333332e-08 0.00260754736150155 -0.00088106840191912 -253195.227828797 -293288.883940772 1.34020421832166e-16 4.18501783569458e-17
7.94791666666665e-08 0.00254787783364212 -0.000945645190866325 -271752.850317953 -274836.323399749 1.34021030973759e-16 4.16434515416411e-17
7.97062499999999e-08 0.00248413090247341 -0.00100589420894099 -289066.788514634 -255212.027432064 1.34021640118114e-16 4.14505926362409e-17
7.99333333333332e-08 0.0024165976698941 -0.00106155858958263 -305063.22591701 -234499.650849753 1.34022249265231e-16 4.12724247439517e-17
8.01604166666665e-08 0.00234558538046336 -0.00111240100978458 -319673.962312004 -212787.487428865 1.34022858415109e-16 4.11097083426161e-17
8.03874999999999e-08 0.00227141611166312 -0.00115820470191172 -332836.704544354 -190168.093526243 1.3402346756775e-16 4.0963138042444e-17
8.06145833333332e-08 0.00219442540092022 -0.00119877437789345 -344495.332104667 -166737.893522846 1.34024076723152e-16 4.08333396245288e-17
8.08416666666665e-08 0.00211496081524151 -0.00123393706185156 -354600.136404146 -142596.768775549 1.34024685881316e-16 4.07208673727747e-17
8.10687499999998e-08 0.00203338046955919 -0.00126354282761298 -363108.032715806 -117847.631829678 1.34025295042241e-16 4.06262017106107e-17
8.12958333333332e-08 0.00195005150010274 -0.00128746543796292 -369982.743878547 -92595.9877073928 1.34025904205929e-16 4.05497471525678e-17
8.15229166666665e-08 0.00186534849930534 -0.00130560288291278 -375194.954980784 -66949.4841421178 1.34026513372378e-16 4.04918305794536e-17
8.17499999999998e-08 0.00177965191891668 -0.00131787781468771 -378722.438364103 -41017.4526763663 1.34027122541589e-16 4.04526998444777e-17
8.19770833333332e-08 0.00169334644812978 -0.00132423787757886 -380550.148413879 -14910.4425792542 1.34027731713562e-16 4.04325227162737e-17
8.22041666666665e-08 0.00160681937363589 -0.00132465593125373 -380670.285732642 11260.2504293753 1.34028340888297e-16 4.04313861633229e-17
8.24312499999998e-08 0.0015204589285985 -0.00131913016657219 -379082.330422449 37383.0586391511 1.34028950065794e-16 4.0449295982834e-17
8.26583333333331e-08 0.00143465263758506 -0.00130768411341383 -375793.044334265 63346.6179710429 1.34029559246053e-16 4.04861767756609e-17
8.28854166666665e-08 0.00134978566451192 -0.00129036654048288 -370816.442274603 89040.2427332893 1.34030168429073e-16 4.05418722673677e-17
8.31124999999998e-08 0.00126623917064555 -0.00126725124751728 -364173.732292036 114354.397487452 1.34030777614856e-16 4.06161459740742e-17
8.33395833333331e-08 0.00118438868965984 -0.00123843675078733 -355893.225298004 139181.164012976 1.340313868034e-16 4.07086822102438e-17
8.35666666666665e-08 0.00110460252667708 -0.00120404586322407 -346010.21440708 163414.701379527 1.34031995994707e-16 4.08190874341204e-17
8.37937499999998e-08 0.00102724018811758 -0.00116422517096697 -334566.824510932 186951.697165734 1.34032605188775e-16 4.09468919250785e-17
8.40208333333331e-08 0.000952650849051822 -0.00111914440856192 -321611.832727116 209691.807900724 1.34033214385605e-16 4.10915517857393e-17
8.42479166666664e-08 0.000881171864589168 -0.00106899573547269 -307200.460488045 231538.086850754 1.34033823585198e-16 4.12524512603173e-17
8.44749999999998e-08 0.000813127331649312 -0.00101399291698962 -291394.138156302 252397.39732718 1.34034432787552e-16 4.14289053593159e-17
8.47020833333331e-08 0.000748826707248109 -0.000954370413027108 -274260.243169682 272180.809753751 1.34035041992669e-16 4.16201627793855e-17
8.49291666666664e-08 0.000688563489188325 -0.000890382378693898 -255871.812832123 290803.980800395 1.34035651200547e-16 4.18254091058957e-17
8.51562499999998e-08 0.000632613964779965 -0.000822301580896461 -236307.232974826 308187.512967154 1.34036260411188e-16 4.20437702845712e-17
8.53833333333331e-08 0.000581236032924795 -0.000750418235593726 -215649.903814708 324257.293085238 1.3403686962459e-16 4.22743163473935e-17
8.56104166666664e-08 0.000534668104586938 -0.000675038770659672 -193987.88443458 338944.808292026 1.34037478840755e-16 4.2516065376883e-17
8.58374999999997e-08 0.000493128086337319 -0.000596484519627454 -171413.517400534 352187.43813291 1.34038088059681e-16 4.27679876918662e-17
8.60645833333331e-08 0.000456812451305542 -0.000515090351883475 -148023.035116771 363928.721544588 1.3403869728137e-16 4.30290102368813e-17
8.62916666666664e-08 0.000425895401500239 -0.000431203245150676 -123916.149595913 374118.597581547 1.34039306505821e-16 4.32980211565128e-17
8.65187499999997e-08 0.00040052812506939 -0.000345180806346454 -99195.6273935713 382713.618859349 1.34039915733034e-16 4.35738745351547e-17
8.67458333333331e-08 0.000380838151667421 -0.000257389747120651 -73966.8515191994 389677.136804698 1.34040524963009e-16 4.38553952819963e-17
8.69729166666664e-08 0.000366928808677647 -0.000168204320572362 -48337.372190788 394979.457922398 1.34041134195746e-16 4.41413841404067e-17
8.71999999999997e-08 0.000358878780608686 -7.8004725809769e-05 -22416.4483485138 398597.970412907 1.34041743431246e-16 4.44306228003638e-17
8.7427083333333e-08 0.000356741773543657 1.28245128456105e-05 3685.41811812178 400517.240600566 1.34042352669507e-16 4.47218790921316e-17
8.76541666666664e-08 0.000360546286073105 0.000103896185100807 29856.9534440711 400729.078761271 1.34042961910531e-16 4.50139122390474e-17
8.78812499999997e-08 0.000370295487688683 0.000194822045391244 55986.5863552283 399232.57406885 1.34043571154317e-16 4.5305478147024e-17
8.8108333333333e-08 0.000385967205156488 0.000285214468001521 81962.9237053752 396034.09851099 1.34044180400865e-16 4.55953347082191e-17
8.83354166666664e-08 0.000407514016928636 0.000374688099551233 107675.22535591 391147.279757911 1.34044789650176e-16 4.58822470962605e-17
8.85624999999997e-08 0.000434863455191078 0.00046286150180111 133013.876273898 384592.943099281 1.34045398902248e-16 4.61649930304542e-17
8.8789583333333e-08 0.000467918314686805 0.000549358777776014 157870.853835835 376399.022696784 1.34046008157083e-16 4.64423679865331e-17
8.90166666666663e-08 0.000506557066998372 0.000633811174272401 182140.188344955 366600.442530529 1.3404661741468e-16 4.67131903317318e-17
8.92437499999997e-08 0.000550634378524107 0.000715858653918514 205718.4147988 355238.967546695 1.34047226675039e-16 4.69763063622963e-17
8.9470833333333e-08 0.000599981729940297 0.000795151430085337 228505.013981118 342363.025640857 1.34047835938161e-16 4.72305952219525e-17
8.96979166666663e-08 0.000654408134508971 0.000871351458104673 250402.840997603 328027.501235752 1.34048445204045e-16 4.74749736803656e-17
8.99249999999996e-08 0.000713700952169548 0.000944133876436962 271318.539428548 312293.501333364 1.34049054472691e-16 4.77084007512183e-17
9.0152083333333e-08 0.000777626795944207 0.00101318839164478 291162.939332762 295228.095038537 1.340496637441e-16 4.79298821302197e-17
9.03791666666663e-08 0.000845932526793336 0.00107822060126747 309851.437405968 276904.027664424 1.34050273018271e-16 4.8138474434125e-17
9.06062499999996e-08 0.000918346332680287 0.00113895324895719 327304.357672942 257399.410638463 1.34050882295204e-16 4.8333289222693e-17
9.0833333333333e-08 0.00099457888724568 0.00119512740652516 343447.291175643 236797.388530726 1.34051491574899e-16 4.85134967864356e-17
9.10604166666663e-08 0.00107432458315207 0.00124650357785872 358211.413209118 215185.784624013 1.34052100857357e-16 4.86783296840096e-17
9.12874999999996e-08 0.0011572628348415 0.00129286272000277 371533.776752678 192656.72653658 1.34052710142578e-16 4.88270860141694e-17
9.15145833333329e-08 0.00124305944515239 0.00133400717705211 383357.580845312 169306.253493394 1.3405331943056e-16 4.89591324083326e-17
9.17416666666663e-08 0.00133136802997017 0.00136976152287322 393632.412761114 145233.906920087 1.34053928721305e-16 4.90739067309967e-17
9.19687499999996e-08 0.0014218314948384 0.00139997330906223 402314.462952199 120542.306104852 1.34054538014813e-16 4.91709204764966e-17
9.21958333333329e-08 0.00151408355723572 0.0014245137149503 409366.711842647 95336.7107372238 1.34055147311083e-16 4.9249760851881e-17
9.24229166666663e-08 0.00160775030802929 0.00144327809688475 414759.087677045 69724.5721885942 1.34055756610115e-16 4.93100925370292e-17
9.26499999999996e-08 0.00170245180544818 0.00145618643444387 418468.59475056 43815.0754473732 1.3405636591191e-16 4.93516591145019e-17
9.28770833333329e-08 0.00179780369478171 0.00146318367168274 420479.411473769 17718.673661499 1.34056975216467e-16 4.93742841630293e-17
9.31041666666662e-08 0.00189341884689782 0.00146423995195489 420782.957854022 -8453.38272743473 1.34057584523787e-16 4.93778720099733e-17
9.33312499999996e-08 0.00198890900859657 0.00145935074530803 419377.932105559 -34589.5202511224 1.34058193833869e-16 4.93624081395549e-17
9.35583333333329e-08 0.00208388645776303 0.0014485368679105 416270.316232128 -60578.3180607308 1.34058803146714e-16 4.93279592551038e-17
9.37854166666662e-08 0.00217796565626369 0.00143184439342497 411473.3505582 -86308.9829246105 1.34059412462321e-16 4.92746729950648e-17
9.40124999999996e-08 0.00227076489353978 0.00140934445670688 405007.477317187 -111671.821552572 1.34060021780691e-16 4.92027773039686e-17
9.42395833333329e-08 0.00236190791389084 0.00138113295066376 396900.253537032 -136558.708233154 1.34060631101824e-16 4.91125794610482e-17
9.44666666666662e-08 0.00245102552051103 0.00134733011756749 387186.233594397 -160863.545790286 1.34061240425719e-16 4.90044647706395e-17
9.46937499999995e-08 0.00253775714944007 0.00130808003656118 375906.821937999 -184482.717894214 1.34061849752376e-16 4.88788949199487e-17
9.49208333333329e-08 0.00262175240671869 0.00126355000954497 363110.096608803 -207315.530798402 1.34062459081796e-16 4.87364060111846e-17
9.51479166666662e-08 0.0027026725621955 0.0012139298480584 348850.604309309 -229264.642619209 1.34063068413979e-16 4.85776062764446e-17
9.53749999999995e-08 0.00278019199361666 0.00115943106419896 333189.127895414 -250236.478328223 1.34063677748924e-16 4.84031734850939e-17
9.56020833333329e-08 0.00285399957484208 0.00110028596902549 316192.427281951 -270141.628688028 1.34064287086632e-16 4.82138520546893e-17
9.58291666666662e-08 0.0029238000022696 0.00103674668228977 297932.954866315 -288895.231430651 1.34064896427103e-16 4.80104498777635e-17
9.60562499999995e-08 0.00298931505381235 0.000969084057717269 278488.546683237 -306417.333053596 1.34065505770336e-16 4.77938348779945e-17
9.62833333333328e-08 0.00305028477506176 0.000897586528418546 257942.090607233 -322633.229691011 1.34066115116332e-16 4.75649313104416e-17
9.65104166666662e-08 0.00310646858757922 0.000822558877352825 236381.173017104 -337473.785606737 1.3406672446509e-16 4.73247158216194e-17
9.67374999999995e-08 0.00315764631459129 0.000744320938085198 213897.705428692 -350875.727951362 1.34067333816611e-16 4.7074213286204e-17
9.69645833333328e-08 0.00320361911971539 0.000663206231375832 190587.532687497 -362781.916526604 1.34067943170895e-16 4.68144924381191e-17
9.71916666666662e-08 0.00324421035471382 0.000579560543413275 166550.024391381 -373141.587406879 1.34068552527942e-16 4.65466613146274e-17
9.74187499999995e-08 0.00327926631266157 0.000493740451752687 141887.651285092 -381910.569379357 1.34069161887751e-16 4.62718625328466e-17
9.76458333333328e-08 0.00330865688331662 0.000406111805242843 116705.548432395 -389051.472279664 1.34069771250323e-16 4.59912684188278e-17
9.78729166666661e-08 0.00333227610789851 0.000317048164421883 91111.0670279933 -394533.846420244 1.34070380615658e-16 4.57060760099594e-17
9.80999999999995e-08 0.00335004263090961 0.000226929209030375 65213.3167598586 -398334.31243155 1.34070989983755e-16 4.5417501952002e-17
9.83270833333328e-08 0.00336190004707234 0.000136139119430452 39122.7006728689 -400436.660962447 1.34071599354616e-16 4.51267773125081e-17
9.85541666666661e-08 0.00336781714190309 4.50649388310578e-05 12950.444516642 -400831.921814622 1.34072208728239e-16 4.48351423327364e-17
9.87812499999995e-08 0.00336778802489651 -4.59050766988034e-05 -13191.8774160275 -399518.402216165 1.34072818104624e-16 4.45438411404345e-17
9.90083333333328e-08 0.00336183215475212 -0.000136383113394826 -39192.8179387528 -396501.694071 1.34073427483773e-16 4.42541164460287e-17
9.92354166666661e-08 0.00334999425653502 -0.000225983453084086 -64941.5320814288 -391794.650153128 1.34074036865685e-16 4.39672042448322e-17
9.94624999999994e-08 0.00333234413112352 -0.000314324117545525 -90328.2496349592 -385417.329347023 1.34074646250359e-16 4.36843285478567e-17
9.96895833333328e-08 0.00330897635775546 -0.000401028496934138 -115244.743116324 -377396.911167488 1.34075255637796e-16 4.34066961636896e-17
9.99166666666661e-08 0.00328000989094084 -0.000485726955326686 -139584.789158989 -367767.579923248 1.34075865027996e-16 4.31354915536832e-17
1.00143749999999e-07 0.0032455875534586 -0.000568058406544227 -163244.621361682 -356570.379017942 1.34076474420959e-16 4.28718717823893e-17
1.00370833333333e-07 0.00320587542759862 -0.000647671853533476 -186123.372664954 -343853.036009539 1.34077083816685e-16 4.26169615847655e-17
1.00597916666666e-07 0.00316106214724356 -0.000724227884744302 -208123.505369602 -329669.759173796 1.34077693215173e-16 4.23718485711831e-17
1.00824999999999e-07 0.00311135809380801 -0.000797400121123969 -229151.226963678 -314081.006438932 1.34078302616425e-16 4.21375785906786e-17
1.01052083333333e-07 0.00305699449946235 -0.000866876607559244 -249116.889985309 -297153.227676417 1.34078912020439e-16 4.19151512722169e-17
1.01279166666666e-07 0.00299822246146395 -0.000932361142834274 -267935.374216623 -278958.581446409 1.34079521427217e-16 4.17055157629741e-17
1.01506249999999e-07 0.00293531187179718 -0.000993574542434215 -285526.449579356 -259574.627405258 1.34080130836757e-16 4.15095666818095e-17
1.01733333333333e-07 0.00286855026668505 -0.00105025582881088 -301815.118185005 -239083.995686258 1.3408074024906e-16 4.13281403051785e-17
1.01960416666666e-07 0.00279824160087659 -0.00110216334403586 -316731.934081237 -217574.034663005 1.34081349664127e-16 4.1162011001747e-17
1.02187499999999e-07 0.00272470495193513 -0.00114907578009741 -330213.299331354 -195136.438596879 1.34081959081956e-16 4.10118879309078e-17
1.02414583333333e-07 0.00264827316005071 -0.00119079312244854 -342201.735164483 -171866.856755935 1.34082568502548e-16 4.08784120192752e-17
1.02641666666666e-07 0.00256929140917507 -0.00122713750278337 -352646.127040448 -147864.485671464 1.34083177925903e-16 4.07621532280487e-17
1.02868749999999e-07 0.00248811575552762 -0.00125795395740603 -361501.942584469 -123231.646270421 1.34083787352022e-16 4.06636081228953e-17
1.03095833333333e-07 0.0024051116097453 -0.00128311108795856 -368731.42146249 -98073.3476863432 1.34084396780903e-16 4.05831977567132e-17
1.03322916666666e-07 0.00232065217914688 -0.00130250162169065 -374303.736387558 -72496.8396082384 1.34085006212547e-16 4.05212658743035e-17
1.03549999999999e-07 0.00223511687675217 -0.00131604286888236 -378195.124570727 -46611.1550757482 1.34085615646955e-16 4.04780774466049e-17
1.03777083333333e-07 0.00214888970383862 -0.00132367707546921 -380388.989055979 -20526.6456696589 1.34086225084125e-16 4.04538175407415e-17
1.04004166666666e-07 0.00206235761293044 -0.00132537166936595 -380875.969507017 5645.48892075439 1.34086834524059e-16 4.04485905307033e-17
1.04231249999999e-07 0.00197590885819882 -0.00132111939943846 -379653.982144021 31793.6749480785 1.34087443966755e-16 4.04624196520245e-17
1.04458333333333e-07 0.00188993134030566 -0.00131093836653077 -376728.22865998 57806.4402539058 1.34088053412215e-16 4.04952469023604e-17
1.04685416666666e-07 0.00180481095274686 -0.00129487194641451 -372111.174078442 83572.8894850506 1.34088662860438e-16 4.05469332883886e-17
1.04912499999999e-07 0.00172092993674481 -0.00127298860498868 -365822.493646933 108983.176852949 1.34089272311424e-16 4.06172594179822e-17
1.05139583333333e-07 0.00163866525170339 -0.00124538160651719 -357888.988992319 133928.974420812 1.34089881765173e-16 4.07059264351339e-17
1.05366666666666e-07 0.00155838696817247 -0.00121216861614741 -348344.473895381 158303.93392217 1.34090491221685e-16 4.08125572936456e-17
1.05593749999999e-07 0.0014804566901729 -0.00117349119840379 -337229.630171449 182004.140141991 1.34091100680961e-16 4.09366983641551e-17
1.05820833333333e-07 0.00140522601360792 -0.001129514213794 -324591.83427133 204928.55392755 1.34091710142999e-16 4.10778213676515e-17
1.06047916666666e-07 0.00133303502733307 -0.00108042511609953 -310484.955341623 226979.442940383 1.34092319607801e-16 4.12353256272377e-17
1.06274999999999e-07 0.00126421086327494 -0.00102643315334586 -294969.125605179 248062.798312966 1.34092929075366e-16 4.14085406285405e-17
1.06502083333333e-07 0.00119906630177976 -0.000967768475858361 -278110.484040464 268088.735433779 1.34093538545694e-16 4.15967288778576e-17
1.06729166666666e-07 0.00113789843813788 -0.000904681155205629 -259980.894452433 286971.877152127 1.34094148018786e-16 4.17990890458543e-17
1.06956249999999e-07 0.00108098741596887 -0.000837440118212421 -240657.639136663 304631.717768984 1.3409475749464e-16 4.20147593834136e-17
1.07183333333333e-07 0.00102859523286748 -0.000766332000586089 -220223.089442611 320992.966262056 1.34095366973258e-16 4.22428213950747e-17
1.07410416666666e-07 0.000980964623402216 -0.000691659925043283 -198764.354640264 335985.867281772 1.3409597645464e-16 4.24823037544045e-17
1.07637499999999e-07 0.000938318024228869 -0.000613742209145509 -176372.910587039 349546.498549655 1.34096585938784e-16 4.27321864446089e-17
1.07864583333333e-07 0.000900856625731215 -0.000532911008351861 -153144.209777835 361617.043391148 1.34097195425692e-16 4.29914051067346e-17
1.08091666666666e-07 0.000868759514232112 -0.000449510900073404 -129177.274440561 372146.037240938 1.34097804915363e-16 4.32588555769258e-17
1.08318749999999e-07 0.000842182908432319 -0.000363897414765245 -104574.274411732 381088.587069785 1.34098414407798e-16 4.35333985933921e-17
1.08545833333333e-07 0.000821259493332556 -0.000276435520318149 -79440.0915916071 388406.562797306 1.34099023902995e-16 4.38138646530243e-17
1.08772916666666e-07 0.000806097854478814 -0.000187498066210642 -53881.8728355901 394068.759874575 1.34099633400957e-16 4.40990589969535e-17
1.08999999999999e-07 0.000796782014943222 -9.74641940541599e-05 -28008.5731878951 398051.032343293 1.34100242901681e-16 4.43877667037998e-17
