0 -0.00139 0 0 400000 1.33808e-16 4.46026666666667e-17
3.60927152317881e-10 -0.001382512876527 0.000144745217100802 41595.8603680925 399922.81724987 1.33811881219887e-16 4.50677819803069e-17
7.21854304635762e-10 -0.00136001412231509 0.000288683993495038 82959.9714894924 395531.697855612 1.33815762552072e-16 4.55303131727795e-17
1.08278145695364e-09 -0.00132266812940069 0.000430263650152525 123646.135407338 386873.883642069 1.33819643996557e-16 4.59852848394012e-17
1.44370860927152e-09 -0.00127079945051475 0.000567956910748382 163215.454215184 374042.642285704 1.33823525553347e-16 4.64278029759178e-17
1.8046357615894e-09 -0.0012048893027932 0.000700278377001641 201241.064623705 357176.262575564 1.33827407222444e-16 4.68531077720786e-17
2.16556291390728e-09 -0.00112557038146033 0.000825800552755546 237312.74284795 336456.564006154 1.33831289003851e-16 4.72566249592001e-17
2.52649006622517e-09 -0.00103362003938043 0.000943169243936051 271041.330138887 312106.936765058 1.33835170897572e-16 4.76340151577926e-17
2.88741721854305e-09 -0.00092995190600211 0.00105111816825238 302062.931216184 284389.933244214 1.3383905290361e-16 4.79812206928844e-17
3.24834437086093e-09 -0.000815606036055769 0.00114848261702316 330042.840307517 253604.437042046 1.33842935021968e-16 4.82945093719782e-17
3.60927152317881e-09 -0.000691737694227088 0.00123421202173167 354679.152436654 220082.439981953 1.33846817252649e-16 4.857051475332e-17
3.97019867549669e-09 -0.000559604896745649 0.0013073812897242 375706.020996554 184185.461901859 1.33850699595658e-16 4.88062724700114e-17
4.33112582781457e-09 -0.000420554844240706 0.00136720078673857 392896.526458067 146300.651823918 1.33854582050996e-16 4.89992522180237e-17
4.69205298013245e-09 -0.000276009392179645 0.00141302485854302 406065.125258453 106836.612551523 1.33858464618667e-16 4.91473850629377e-17
5.05298013245033e-09 -0.000127449715590484 0.00144435879972096 415069.652441634 66218.9937253339 1.33862347298675e-16 4.92490857707176e-17
5.41390728476821e-09 2.35996665345459e-05 0.00146086419438494 419812.856434931 24885.9008689699 1.33866230091023e-16 4.93032699214948e-17
5.77483443708609e-09 0.000175587334845398 0.0014623625711629 420243.449393254 -16716.8300587066 1.33870112995714e-16 4.93093656216057e-17
6.13576158940397e-09 0.000326951703888332 0.00144883733298186 416356.661766747 -58140.4416356016 1.33873996012751e-16 4.92673196873907e-17
6.49668874172185e-09 0.000476137866505132 0.00142043394078284 408194.295095468 -98938.0956011218 1.33877879142137e-16 4.91775982338903e-17
6.85761589403973e-09 0.000621614366681473 0.00137745834913454 395844.272447094 -138669.692919128 1.33881762383876e-16 4.90411816619256e-17
7.21854304635761e-09 0.000761889719915026 0.00132037371057037 379439.691332509 -176906.621284892 1.33885645737972e-16 4.88595540974756e-17
7.5794701986755e-09 0.000895528502892167 0.00124979538414858 359157.389301003 -213236.378862993 1.33889529204426e-16 4.86346873971077e-17
7.94039735099338e-09 0.0010211668389028 0.0011664843020288 335216.037673778 -247267.024376689 1.33893412783243e-16 4.83690198918354e-17
8.30132450331126e-09 0.00113752711193591 0.00107133876557157 307873.783964864 -278631.405541003 1.33897296474426e-16 4.80654300985394e-17
8.66225165562914e-09 0.00124343175071383 0.00096538475941037 277425.468407383 -306991.12022134 1.33901180277977e-16 4.77272056823803e-17
9.02317880794702e-09 0.00133781593395103 0.000849764887934356 244199.444597948 -332040.167581218 1.33905064193901e-16 4.73580080048639e-17
9.3841059602649e-09 0.00141973907975569 0.00072572605348341 208554.038543188 -353508.249825511 1.339089482222e-16 4.69618326398491e-17
9.74503311258278e-09 0.00148839499520356 0.000594606009133248 170873.684293906 -371163.688913465 1.33912832362879e-16 4.65429662832928e-17
1.01059602649007e-08 0.00154312057656285 0.000457818931092075 131564.777842112 -384815.926768001 1.33916716615939e-16 4.61059405214377e-17
1.04668874172185e-08 0.00158340296627952 0.000316840166309781 91051.2939964482 -394317.581999707 1.33920600981384e-16 4.56554829560511e-17
1.08278145695364e-08 0.00160888508947651 0.000173190319802086 49770.2135095482 -399566.040946975 1.33924485459218e-16 4.51964662138464e-17
1.11887417218543e-08 0.00161936951019829 2.84188533192559e-05 8166.80977904658 -400504.565856381 1.33928370049443e-16 4.47338553900574e-17
1.15496688741722e-08 0.0016148205657552 -0.000115912627734937 -33310.1540398632 -397122.908235504 1.33932254752064e-16 4.42726544930408e-17
1.19105960264901e-08 0.00159536475609454 -0.000258247218860421 -74213.2657045618 -389457.420747667 1.33936139567083e-16 4.38178524675779e-17
1.22715231788079e-08 0.00156128938394805 -0.000397049510797132 -114101.290123012 -377590.666427092 1.33940024494503e-16 4.33743693791027e-17
1.26324503311258e-08 0.00151303946037368 -0.000530822152479875 -152543.929098994 -361650.529415302 1.33943909534328e-16 4.29470033393696e-17
1.29933774834437e-08 0.00145121290902108 -0.000658122003941794 -189126.463239665 -341808.836796743 1.33947794686561e-16 4.25403787460894e-17
1.33543046357616e-08 0.00137655412080289 -0.000777575704914564 -223454.225950158 -318279.506385636 1.33951679951206e-16 4.2158896394907e-17
1.37152317880795e-08 0.00128994592844922 -0.000887894491171193 -255156.861249758 -291316.240430011 1.33955565328265e-16 4.18066860019126e-17
1.40761589403973e-08 0.00119240008746951 -0.000987888098767001 -283892.319474678 -261209.790097611 1.33959450817741e-16 4.14875616488915e-17
1.44370860927152e-08 0.00108504636615955 -0.00107647760616848 -309350.547758544 -228284.820239005 1.33963336419639e-16 4.12049806320068e-17
1.47980132450331e-08 0.000969120362298734 -0.00115270707571232 -331256.835472848 -192896.408235894 1.33967222133961e-16 4.09620061579078e-17
1.5158940397351e-08 0.000845950177920787 -0.00121575386878445 -349374.778530393 -155426.214690656 1.33971107960711e-16 4.07612742897706e-17
1.55198675496689e-08 0.000716942095863298 -0.00126493752341163 -363508.830565009 -116278.367254081 1.33974993899891e-16 4.06049654999434e-17
1.58807947019868e-08 0.000583565412572892 -0.00129972709846226 -373506.413456217 -75875.1019838257 1.33978879951505e-16 4.04947811361892e-17
1.62417218543046e-08 0.000447336590748977 -0.0013197469051907 -379259.564420043 -34652.2092428563 1.33982766115557e-16 4.04319250555258e-17
1.66026490066225e-08 0.000309802902750498 -0.00132478056425278 -380706.101885533 6945.66674304064 1.33986652392049e-16 4.04170906239247e-17
1.69635761589404e-08 0.00017252574118818 -0.00131477334438127 -377830.297566842 48469.8239696375 1.33990538780985e-16 4.04504532222596e-17
1.73245033112583e-08 3.70637767198998e-05 -0.0012898327574446 -370663.047467011 89472.3426483328 1.33994425282368e-16 4.05316683395004e-17
1.76854304635762e-08 -9.50438552797702e-05 -0.00125022740341952 -359281.53995434 129510.916902562 1.33998311896201e-16 4.06598752738828e-17
1.8046357615894e-08 -0.000222294157810997 -0.00119638407768614 -343808.424477233 168153.6260472 1.34002198622488e-16 4.08337064022918e-17
1.84072847682119e-08 -0.000343236485998843 -0.00112888317179855 -324410.489870078 204983.593981812 1.34006085461231e-16 4.10513019180325e-17
1.87682119205298e-08 -0.000456488196594498 -0.00104845241729318 -301296.86649297 239603.486434024 1.34009972412435e-16 4.13103298781708e-17
1.91291390728477e-08 -0.000560749564401377 -0.000955959039971816 -274716.77158487 271639.797536928 1.34013859476102e-16 4.16080113443484e-17
1.94900662251656e-08 -0.000654817804702619 -0.00085240040924456 -244956.822137684 300746.87949547 1.34017746652236e-16 4.19411503460286e-17
1.98509933774834e-08 -0.000737600050405359 -0.000738893283353877 -212337.944264543 326610.671866713 1.34021633940839e-16 4.23061683431005e-17
2.02119205298013e-08 -0.000808125143888132 -0.000616661766449968 -177211.912389 348952.090217838 1.34025521341916e-16 4.26991428162262e-17
2.05728476821192e-08 -0.000865554116319447 -0.000487024107386266 -139957.555575919 367530.037598861 1.34029408855468e-16 4.31158495687809e-17
2.09337748344371e-08 -0.000909189241369991 -0.000351378482601836 -100976.671916417 382144.006334635 1.34033296481501e-16 4.35518082841843e-17
2.1294701986755e-08 -0.000938481565615589 -0.000211187916420154 -60689.6950296015 392636.242058987 1.34037184220016e-16 4.40023308472953e-17
2.16556291390728e-08 -0.000953036834356991 -6.79645014027974e-05 -19531.1594190294 398893.44663504 1.34041072071017e-16 4.44625719087106e-17
2.20165562913907e-08 -0.000952619748888754 7.67469110484544e-05 22054.9864071207 400848.001579138 1.34044960034508e-16 4.49275811465996e-17
2.23774834437086e-08 -0.000937156509246106 0.000221385373928312 63620.1684995712 398478.698777528 1.34048848110491e-16 4.53923566623796e-17
2.27384105960265e-08 -0.000906735614951806 0.000364390681968747 104716.02606427 391810.970599341 1.3405273629897e-16 4.58518989342907e-17
2.30993377483444e-08 -0.000861606915075005 0.00050422020146586 144899.247899426 380916.616909205 1.34056624599949e-16 4.63012647468934e-17
2.34602649006622e-08 -0.000802178917798374 0.000639365511050693 183736.354502945 365913.03190961 1.34060513013429e-16 4.67356205147539e-17
2.38211920529801e-08 -0.000729014388464644 0.000768368673895875 220808.374264493 346961.939138542 1.34064401539415e-16 4.71502944251037e-17
2.4182119205298e-08 -0.000642824283536518 0.000889837965820514 255715.363297434 324267.648253638 1.3406829017791e-16 4.75408268369787e-17
2.45430463576159e-08 -0.000544460085855711 0.00100246288961979 288080.720151052 298074.852392945 1.34072178928918e-16 4.79030183931369e-17
2.49039735099338e-08 -0.000434904623833754 0.0011050283136403 317555.248854685 268665.98985868 1.3407606779244e-16 4.82329753257091e-17
2.52649006622517e-08 -0.00031526147356337 0.00119642758206412 343820.926458772 236358.198570685 1.34079956768482e-16 4.85271514667935e-17
2.56258278145695e-08 -0.000186743058127926 0.00127567445545238 366594.334424096 201499.896129851 1.34083845857045e-16 4.87823865107332e-17
2.59867549668874e-08 -5.06575724430685e-05 0.00134191375271269 385629.716835396 164467.022371259 1.34087735058133e-16 4.89959401152369e-17
2.63476821192053e-08 9.16051253628058e-05 0.00139443057965899 400721.63243985 125658.98492853 1.3409162437175e-16 4.91655214733759e-17
2.67086092715232e-08 0.000238588503870621 0.00143265804457511 411707.17189135 85494.3515356656 1.34095513797898e-16 4.92893140373359e-17
2.70695364238411e-08 0.000388785067925693 0.00145618337751112 418467.716270773 44406.3355258315 1.34099403336582e-16 4.93659951270905e-17
2.74304635761589e-08 0.000540652618388933 0.00146475238725803 420930.217899942 2838.12321864587 1.34103292987803e-16 4.93947502123306e-17
2.77913907284768e-08 0.000692630886707528 0.00145827220787558 419067.98961944 -38761.9064055043 1.34107182751566e-16 4.93752817134385e-17
2.81523178807947e-08 0.000843158364880185 0.00143681230509723 412900.994002172 -79945.0181822633 1.34111072627874e-16 4.93078122264114e-17
2.85132450331126e-08 0.000990689149279157 0.00140060373170581 402495.629368476 -120266.96122217 1.34114962616729e-16 4.91930821367878e-17
2.88741721854305e-08 0.00113370961663653 0.00135003663986156 387964.014896482 -159292.76113807 1.34118852718136e-16 4.9032341648151e-17
2.92350993377483e-08 0.00127075475230744 0.00128565607716627 369462.782524655 -196601.412346319 1.34122742932097e-16 4.88273373110373e-17
2.95960264900662e-08 0.0014004239546685 0.00120815611176149 347191.388663923 -231790.419823423 1.34126633258616e-16 4.85802931974006e-17
2.99569536423841e-08 0.00152139614515557 0.00111837234978449 321389.963916902 -264480.1413222 1.34130523697696e-16 4.82938869235481e-17
3.0317880794702e-08 0.00163244402093006 0.00101727292584901 292336.723985763 -294317.883202567 1.3413441424934e-16 4.79712207800374e-17
3.06788079470199e-08 0.00173244729640656 0.000905948063691703 260344.969684356 -320981.70568844 1.34138304913552e-16 4.7615788279811e-17
3.10397350993378e-08 0.00182040479077736 0.000785598319551087 225759.70840334 -344183.896495333 1.34142195690334e-16 4.7231436485281e-17
3.14006622516556e-08 0.0018954452311133 0.000657521635058896 188953.933461323 -363674.075349339 1.34146086579691e-16 4.6822324520613e-17
3.17615894039735e-08 0.00195683665447159 0.000523099339268537 150324.601466469 -379241.895898623 1.34149977581624e-16 4.63928787166269e-17
3.21225165562914e-08 0.00200399430755039 0.000383781250785342 110288.351071675 -390719.315860474 1.34153868696139e-16 4.59477448720628e-17
3.24834437086093e-08 0.00203648695863369 0.000241070040674614 69277.0092972977 -397982.410903544 1.34157759923237e-16 4.54917381460833e-17
3.28443708609272e-08 0.00205404155369418 9.65050248021207e-05 27732.9338881906 -400952.712685865 1.34161651262922e-16 4.50297911224498e-17
3.32052980132451e-08 0.00205654616638108 -4.83544395787915e-05 -13895.7580580782 -399598.05660158 1.34165542715197e-16 4.4566900605546e-17
3.35662251655629e-08 0.00204405121002252 -0.00019194577390528 -55160.0237267199 -393932.930077624 1.34169434280066e-16 4.41080737221198e-17
3.39271523178808e-08 0.00201676889851812 -0.000332720033617748 -95614.7383467095 -384018.317648851 1.34173325957531e-16 4.3658273910119e-17
3.42880794701987e-08 0.0019750709618867 -0.000469158616891401 -134823.496828303 -369961.044468221 1.34177217747597e-16 4.32223673772321e-17
3.46490066225166e-08 0.00191948464106059 -0.000599789646546678 -172363.321481003 -351912.625319029 1.34181109650266e-16 4.28050706066945e-17
3.50099337748345e-08 0.00185068700508073 -0.000723203848418775 -207829.225027483 -330067.63153047 1.34185001665541e-16 4.24108994766407e-17
3.53708609271524e-08 0.00176949765194386 -0.000838069754893031 -240838.579688439 -304661.593398561 1.34188893793427e-16 4.20441205418964e-17
3.57317880794702e-08 0.00167686987179049 -0.00094314806958738 -271035.245203797 -275968.460725369 1.34192786033925e-16 4.17087050037893e-17
3.60927152317881e-08 0.00157388036771104 -0.00103730503820695 -298093.411254665 -244297.648856729 1.3419667838704e-16 4.14082858645831e-17
3.6453642384106e-08 0.00146171764500929 -0.00111952468131174 -321721.112829905 -209990.702070596 1.34200570852775e-16 4.11461187287962e-17
3.68145695364239e-08 0.0013416691941286 -0.00118891975701059 -341663.380607863 -173417.610296724 1.34204463431132e-16 4.09250466743459e-17
3.71754966887418e-08 0.00121510760546279 -0.00124474133529108 -357704.992359806 -134972.818888875 1.34208356122115e-16 4.07474695725651e-17
3.75364238410597e-08 0.00108347576579918 -0.00128638688066755 -369672.795684362 -95070.9744829359 1.34212248925728e-16 4.0615318188165e-17
3.78973509933775e-08 0.000948271296051803 -0.00131340675591737 -377437.577005406 -54142.4528223858 1.34216141841974e-16 4.0530033338663e-17
3.82582781456954e-08 0.000811030398131951 -0.00132550907670444 -380915.456659545 -12628.7167857851 1.34220034870855e-16 4.04925503382267e-17
3.86192052980133e-08 0.000673311285181254 -0.00132256286467575 -380068.79501079 29022.4453160587 1.34223928012376e-16 4.05032888938916e-17
3.89801324503312e-08 0.000536677373892046 -0.00130459946496968 -374906.599804093 70361.749812611 1.34227821266539e-16 4.05621485632974e-17
3.93410596026491e-08 0.000402680420211132 -0.00127181221279513 -365484.43034922 110943.264016204 1.34231714633347e-16 4.06685098231017e-17
3.9701986754967e-08 0.000272843780339132 -0.00122455435262755 -351903.799553963 150329.216558078 1.34235608112805e-16 4.08212407367086e-17
4.00629139072849e-08 0.000148645977591201 -0.00116333523241672 -334311.08024239 188094.719828126 1.34239501704915e-16 4.10187091495487e-17
4.04238410596027e-08 3.15047523909297e-05 -0.00108881481380906 -312895.927541232 223832.353575241 1.3424339540968e-16 4.12588002805235e-17
4.07847682119206e-08 -7.72382325372163e-05 -0.00100179655755365 -287889.234337998 257156.560221316 1.34247289227104e-16 4.15389395200097e-17
4.11456953642385e-08 -0.000176331866774135 -0.000903218760789368 -259560.641851619 287707.804471573 1.3425118315719e-16 4.18561201886565e-17
4.15066225165564e-08 -0.000264629090450883 -0.000794144439612481 -228215.632156006 315156.45234502 1.34255077199941e-16 4.22069359576861e-17
4.18675496688743e-08 -0.000341099270499329 -0.000675749866018287 -194192.234007145 339206.327774142 1.34258971355361e-16 4.25876175811179e-17
4.22284768211922e-08 -0.000404839321374608 -0.00054931188282914 -157857.377496505 359597.908399739 1.34262865623452e-16 4.2994073543813e-17
4.258940397351e-08 -0.000455083450254741 -0.000416194133406207 -119602.936842657 376111.126077717 1.34266760004219e-16 4.3421934186986e-17
4.29503311258279e-08 -0.000491211421556937 -0.00027783235465257 -79841.5039981492 388567.741877536 1.34270654497663e-16 4.38665988353057e-17
4.33112582781458e-08 -0.000512755251579115 -0.000135718891923713 -39001.9386536241 396833.269941103 1.3427454910379e-16 4.43232854173162e-17
4.36721854304637e-08 -0.00051940426100664 8.61339714073702e-06 2475.25736557857 400818.429436557 1.34278443822601e-16 4.4787082043998e-17
4.40331125827816e-08 -0.000511008430735818 0.00015360767625364 44142.6914193917 400480.108931169 1.342823386541e-16 4.52529999891538e-17
4.43940397350995e-08 -0.000487580024766053 0.000297699923251053 85550.9058411163 395821.832766656 1.3428623359829e-16 4.57160275001624e-17
4.47549668874173e-08 -0.000449293462604525 0.000439335800862268 126253.226140415 386893.724391732 1.34290128655175e-16 4.61711838586748e-17
4.51158940397352e-08 -0.000396483442509099 0.000576987423497842 165810.579324688 373791.967032886 1.34294023824758e-16 4.66135731081092e-17
4.54768211920531e-08 -0.000329641335763288 0.000709169839190638 203796.230363131 356657.767506533 1.34297919107042e-16 4.70384368683832e-17
4.5837748344371e-08 -0.000249409890827894 0.000834457048892323 239800.385699261 335675.834335431 1.3430181450203e-16 4.74412056681474e-17
4.61986754966889e-08 -0.000156576304446304 0.000951497390313083 273434.614150357 311072.386571762 1.34305710009726e-16 4.78175482407613e-17
4.65596026490068e-08 -5.20637343976212e-05 0.00105902812034197 304336.03750064 283112.714791936 1.34309605630133e-16 4.81634182522015e-17
4.69205298013246e-08 6.30786545962485e-05 0.00115588903872533 332171.245577973 252098.320559524 1.34313501363254e-16 4.84750979567762e-17
4.72814569536425e-08 0.000187687004478 0.0012410350060181 356639.89357447 218363.665200502 1.34317397209093e-16 4.87492383096486e-17
4.76423841059604e-08 0.000320495314977216 0.00131354722074579 377477.942797843 182272.562950179 1.34321293167652e-16 4.8982895103375e-17
4.80033112582783e-08 0.000460149096895422 0.00137264313409558 394460.509885437 144214.257368364 1.34325189238935e-16 4.91735607385407e-17
4.83642384105962e-08 0.000605219980308941 0.001417684895148 407404.293735404 104599.223336988 1.34329085422945e-16 4.93191912856605e-17
4.87251655629141e-08 0.000754221120139696 0.00144818623550876 416169.553963675 63854.7399157349 1.34332981719685e-16 4.94182285462927e-17
4.9086092715232e-08 0.000905623232938421 0.00146381771903163 420661.619532311 22420.2818043079 1.3433687812916e-16 4.94696168752515e-17
4.94470198675498e-08 0.00105787109191107 0.0014644102999566 420831.911262191 -19257.2208820065 1.34340774651371e-16 4.94728145823046e-17
4.98079470198677e-08 0.00120940030227119 0.00144995715103326 416678.467186205 -60728.2033948827 1.34344671286323e-16 4.94277997902118e-17
5.01688741721856e-08 0.00135865417597211 0.00142061374185931 408245.965061638 -101545.315694549 1.34348568034018e-16 4.93350706857532e-17
5.05298013245035e-08 0.0015041005237953 0.00137669616653868 395625.241784338 -141268.248041812 1.34352464894459e-16 4.91956401608764e-17
5.08907284768214e-08 0.00164424818365784 0.00131867773864798 378952.314874171 -179468.480786559 1.34356361867651e-16 4.90110249016073e-17
5.12516556291393e-08 0.00177766310684174 0.00124718389019092 358406.916572503 -215733.907114978 1.34360258953596e-16 4.87832290422599e-17
5.16125827814571e-08 0.00190298382861158 0.00116298542951627 334210.556350167 -249673.278886609 1.34364156152298e-16 4.85147225611079e-17
5.1973509933775e-08 0.00201893615632229 0.00106699023087807 306624.132711859 -280920.427599252 1.3436805346376e-16 4.82084146504122e-17
5.23344370860929e-08 0.00212434691655512 0.000960233445236868 275945.120045171 -309138.214944013 1.34371950887984e-16 4.78676223479117e-17
5.26953642384108e-08 0.00221815661296527 0.00084386633785427 242504.360847204 -334022.17032835 1.34375848424975e-16 4.74960347680119e-17
5.30562913907287e-08 0.0022994308582706 0.000719143873049263 206662.497919323 -355303.776120409 1.34379746074735e-16 4.70976733183775e-17
5.34172185430466e-08 0.00236737045702994 0.000587411180002084 168806.085005262 -372753.365166803 1.34383643837269e-16 4.66768483309549e-17
5.37781456953644e-08 0.00242132003040987 0.000450089045565603 129343.417817508 -386182.599317309 1.34387541712578e-16 4.62381125751365e-17
5.41390728476823e-08 0.00246077508986327 0.000308658590543892 88700.1304142218 -395446.502208743 1.34391439700667e-16 4.57862121544279e-17
5.45000000000002e-08 0.0024853874833714 0.000164645294710068 47314.6044214646 -400445.02436763 1.34395337801539e-16 4.53260353162151e-17
5.48609271523181e-08 0.00249496915545432 1.96025428653964e-05 5633.24061561741 -401124.123735508 1.34399236015196e-16 4.48625597267565e-17
5.5221854304636e-08 0.00248949418034202 -0.000124905130586922 -35894.3561329125 -397476.349947311 1.34403134341643e-16 4.44007987800948e-17
5.55827814569539e-08 0.00246909904632456 -0.000267318917822583 -76820.2266176028 -389540.926045902 1.34407032780882e-16 4.39457475200232e-17
5.59437086092717e-08 0.00243408118816333 -0.000406102552493177 -116702.889442407 -377403.326736778 1.34410931332916e-16 4.35023287584296e-17
5.63046357615896e-08 0.00238489578334361 -0.00053975888195665 -155112.10343255 -361194.357717703 1.3441482999775e-16 4.30753399712415e-17
5.66655629139075e-08 0.00232215084667671 -0.000666846018070948 -191633.508935778 -341088.746000033 1.34418728775386e-16 4.26694015448221e-17
5.70264900662254e-08 0.00224660067611646 -0.000785992892321353 -225873.097945224 -317303.256413668 1.34422627665827e-16 4.22889069311213e-17
5.73874172185433e-08 0.00215913772044199 -0.000895914047472419 -257461.464820096 -290094.354599037 1.34426526669078e-16 4.19379752493052e-17
5.77483443708612e-08 0.00206078295648363 -0.000995423506166077 -286057.791745657 -259755.441682088 1.3443042578514e-16 4.16204068452214e-17
5.8109271523179e-08 0.00195267487964889 -0.00108344756683979 -311353.525934001 -226613.690449247 1.34434325014017e-16 4.13396422881577e-17
5.84701986754969e-08 0.00183605722646673 -0.00115903638890518 -333075.708891045 -191026.517138715 1.34438224355713e-16 4.10987252472967e-17
5.88311258278148e-08 0.00171226556154934 -0.0012213742421838 -350989.921827134 -153377.726896066 1.34442123810231e-16 4.09002696484233e-17
5.91920529801327e-08 0.0015827128736238 -0.00126978831000149 -364902.815428266 -114073.374463356 1.34446023377574e-16 4.07464314652893e-17
5.95529801324506e-08 0.00144887433597953 -0.0013037559509413 -374664.196687461 -73537.3847439018 1.34449923057745e-16 4.06388854500522e-17
5.99139072847685e-08 0.00131227139569501 -0.0013229103408784 -380168.650272995 -32206.9804764027 1.34453822850748e-16 4.05788070539387e-17
6.02748344370863e-08 0.00117445536325265 -0.00132704443438997 -381356.676930456 9472.03366589566 1.34457722756586e-16 4.05668597333028e-17
6.06357615894042e-08 0.00103699067954472 -0.00131611320276005 -378215.336624803 51050.0796850961 1.34461622775262e-16 4.0603187778163e-17
6.09966887417221e-08 0.000901438040758556 -0.00129023412438833 -370778.389470582 92078.6557102195 1.34465522906779e-16 4.06874147407365e-17
6.135761589404e-08 0.000769337563167253 -0.00124968592226222 -359125.932915556 132115.173980994 1.34469423151141e-16 4.08186474810833e-17
6.17185430463579e-08 0.000642192169427169 -0.0011949055620604 -343383.539076856 170727.7351766 1.34473323508351e-16 4.0995485786384e-17
6.20794701986758e-08 0.000521451375599154 -0.00112648354321862 -323720.901520663 207499.78758724 1.34477223978412e-16 4.12160374602477e-17
6.24403973509937e-08 0.00040849565379324 -0.00104515753370335 -300350.006068309 242034.6208671 1.34481124561328e-16 4.14779387194436e-17
6.28013245033115e-08 0.000304621539132276 -0.000951804417106432 -273522.845346393 273959.645890178 1.34485025257101e-16 4.17783796781912e-17
6.31622516556294e-08 0.000211027641706013 -0.000847430837802141 -243528.701720661 302930.41453634 1.34488926065735e-16 4.21141346452586e-17
6.35231788079473e-08 0.000128801714429703 -0.000733162346111912 -210691.027909932 328634.336038966 1.34492826987234e-16 4.2481596907197e-17
6.38841059602652e-08 5.89089163357193e-05 -0.000610231260526306 -175363.958917 350794.049797496 1.344967280216e-16 4.28768176226362e-17
6.42450331125831e-08 2.18139793568221e-06 -0.000479963377876376 -137928.492891342 369170.418262654 1.34500629168837e-16 4.32955484082119e-17
6.4605960264901e-08 -4.06906789668117e-05 -0.000343763674777381 -98788.3821107831 383565.107599385 1.34504530428948e-16 4.37332871568593e-17
6.49668874172188e-08 -6.91665901028232e-05 -0.000203101154552982 -58365.7783973669 393822.728278147 1.34508431801936e-16 4.41853265943291e-17
6.53278145695367e-08 -8.28608858098746e-05 -5.94930030701951e-05 -17096.6799328709 399832.512491475 1.34512333287805e-16 4.46468050502301e-17
6.56887417218546e-08 -8.15475533382811e-05 8.55117756251956e-05 24573.7714169597 401529.510288239 1.34516234886557e-16 4.51127588959992e-17
6.60496688741725e-08 -6.51624594450981e-05 0.000230349067366783 66196.0915464056 398895.291509071 1.34520136598197e-16 4.55781760842025e-17
6.64105960264904e-08 -3.38040468778672e-05 0.000373456519400718 107321.302532076 391958.145936966 1.34524038422727e-16 4.60380502116768e-17
6.67715231788083e-08 1.22677228152723e-05 0.000513290393406843 147505.775735342 380792.779489494 1.34527940360151e-16 4.648743452335e-17
6.71324503311261e-08 7.26341687960274e-05 0.00064834221821507 186316.017342614 365519.509715222 1.34531842410472e-16 4.69214952742057e-17
6.7493377483444e-08 0.000146722402619273 0.00077715506257976 223333.344720548 346302.969257959 1.34535744573693e-16 4.73355638737616e-17
6.78543046357619e-08 0.000233811503471637 0.000898339252468012 258158.403139588 323350.33126021 1.34539646849817e-16 4.77251872505476e-17
6.82152317880798e-08 0.000333040290401688 0.00101058736330471 290415.474139688 296909.075834444 1.34543549238848e-16 4.80861758932564e-17
6.85761589403977e-08 0.000443416607749537 0.00111268832543324 319756.529058197 267264.321681774 1.34547451740789e-16 4.84146490502814e-17
6.89370860927156e-08 0.000563828023658456 0.00120354049061177 345864.983987477 234735.75162909 1.34551354355644e-16 4.87070765999976e-17
6.92980132450334e-08 0.00069305382630546 0.00128216351856786 368459.115649184 199674.165236859 1.34555257083415e-16 4.89603171400371e-17
6.96589403973513e-08 0.000829778188486024 0.00134770895535785 387295.101328654 162457.695653547 1.34559159924105e-16 4.91716518845838e-17
7.00198675496692e-08 0.000972604358581481 0.00139946938938553 402169.65006699 123487.731515426 1.34563062877719e-16 4.933881400392e-17
7.03807947019871e-08 0.00112006972486198 0.00143688608627338 412922.196716586 83184.5878733589 1.34566965944259e-16 4.94600130896074e-17
7.0741721854305e-08 0.00127066159065289 0.001459555020186 419436.63518032 41982.9728366527 1.34570869123729e-16 4.95339544812602e-17
7.11026490066229e-08 0.00142283349021979 0.00146723123649969 421642.5721248 327.298829019986 1.34574772416131e-16 4.95598532462833e-17
7.14635761589408e-08 0.00157502186938965 0.00145983149871023 419516.087630072 -41333.1109707648 1.3457867582147e-16 4.95374426616236e-17
7.18245033112586e-08 0.0017256629509861 0.00143743519097728 413079.994556461 -82548.8692988116 1.34582579339748e-16 4.94669771058835e-17
7.21854304635765e-08 0.00187320960315836 0.00140028346651917 402403.593816277 -122875.372307574 1.34586482970968e-16 4.93492293304368e-17
7.25463576158944e-08 0.00201614802864631 0.00134877665099365 387601.92817566 -161877.595609244 1.34590386715135e-16 4.91854821388223e-17
7.29072847682123e-08 0.00215301409495107 0.00128346992882343 368834.542621232 -199134.78712508 1.34594290572251e-16 4.89775145640053e-17
7.32682119205302e-08 0.00228240912924839 0.00120506735894832 346303.76464911 -234245.006116282 1.34598194542319e-16 4.87275826924536e-17
7.36291390728481e-08 0.00240301500765084 0.00111441428450701 320252.523012759 -266829.459429841 1.34602098625343e-16 4.84383953417218e-17
7.39900662251659e-08 0.00251360837603199 0.00101248821827829 290961.728445321 -296536.588178749 1.34606002821326e-16 4.81130848537595e-17
7.43509933774838e-08 0.00261307384898836 0.000900388302155558 258747.244597687 -323045.860766664 1.34609907130271e-16 4.77551733188509e-17
7.47119205298017e-08 0.0027004160445336 0.000779323454313117 223956.481854683 -346071.231333513 1.34613811552182e-16 4.73685345943948e-17
7.50728476821196e-08 0.00277477032467393 0.000650599331881859 186964.650760693 -365364.226306362 1.34617716087061e-16 4.69573525281026e-17
7.54337748344375e-08 0.00283541212596966 0.000515604249732601 148170.71545885 -380716.625750429 1.34621620734913e-16 4.65260758361474e-17
7.57947019867554e-08 0.00288176477939409 0.000375794207229769 107993.090785042 -391962.710585011 1.3462552549574e-16 4.60793701228936e-17
7.61556291390732e-08 0.00291340573509374 0.000232677184444828 66865.1294243999 -398981.051411229 1.34629430369545e-16 4.56220675596834e-17
7.65165562913911e-08 0.002930071124858 8.7796877203733e-05 25230.4478038661 -401695.819642383 1.34633335356333e-16 4.51591147654225e-17
7.6877483443709e-08 0.00293165861303493 -5.72839535991058e-05 -16461.8588646096 -400077.60678005 1.34637240456105e-16 4.46955194511221e-17
7.72384105960269e-08 0.00291822850509121 -0.000201000338821946 -57762.0607785224 -394143.742984229 1.34641145668866e-16 4.42362964039011e-17
7.75993377483448e-08 0.00289000310180783 -0.000341801982204746 -98224.6447246999 -383958.111486648 1.34645050994619e-16 4.37864133930961e-17
7.79602649006627e-08 0.00284736430602701 -0.000478169983711461 -137413.119915551 -369630.460834567 1.34648956433367e-16 4.33507375819839e-17
7.83211920529805e-08 0.00279084950771565 -0.000608633224687734 -174904.726640204 -351315.222369304 1.34652861985113e-16 4.29339830231815e-17
7.86821192052984e-08 0.00272114579168291 -0.000731784238078845 -210294.996935895 -329209.845680938 1.3465676764986e-16 4.25406598041201e-17
7.90430463576163e-08 0.00263908253038429 -0.000846294392502295 -243202.118079728 -303552.669980558 1.34660673427612e-16 4.2175025391203e-17
7.94039735099342e-08 0.00254562244166634 -0.000950928226365824 -273271.051826496 -274620.354337947 1.34664579318372e-16 4.18410386975574e-17
7.97649006622521e-08 0.00244185120786688 -0.00104455677738535 -300177.364951596 -242724.894491772 1.34668485322144e-16 4.15423173699276e-17
8.012582781457e-08 0.00232896576820704 -0.00112616976368929 -323630.729770952 -208210.258399723 1.3467239143893e-16 4.12820987555439e-17
8.04867549668879e-08 0.0022082614107258 -0.0011948864850796 -343378.056868563 -171448.676809625 1.34676297668733e-16 4.10632049701221e-17
8.08476821192057e-08 0.00208111780296039 -0.00124996532682128 -359206.226228577 -132836.628854835 1.34680204011558e-16 4.088801244392e-17
8.12086092715236e-08 0.00194898411202792 -0.00129081176340361 -370944.38729976 -92790.5659681548 1.34684110467408e-16 4.07584262744854e-17
8.15695364238415e-08 0.00181336337459019 -0.00131698477589349 -378465.803169296 -51742.4202324833 1.34688017036285e-16 4.06758596628885e-17
8.19304635761594e-08 0.00167579628527992 -0.0013282016136118 -381689.218939762 -10134.9456130055 1.34691923718193e-16 4.06412186554066e-17
8.22913907284773e-08 0.00153784457844456 -0.00132434084872086 -380579.739534957 31583.0576801576 1.34695830513135e-16 4.06548923554039e-17
8.26523178807952e-08 0.00140107418245559 -0.00130544369072417 -375149.207451561 72961.584187822 1.34699737421115e-16 4.07167487111483e-17
8.3013245033113e-08 0.00126703832828979 -0.00127171354664855 -365456.076367386 113554.277338603 1.34703644442135e-16 4.08261359251644e-17
8.33741721854309e-08 0.00113726079458754 -0.00122351383160226 -351604.781955006 152923.244365976 1.34707551576199e-16 4.09818894700801e-17
8.37350993377488e-08 0.00101321946992632 -0.00116136405327591 -333744.616673201 190643.780066278 1.34711458823311e-16 4.1182344635453e-17
8.40960264900667e-08 0.000896330409630829 -0.00108593421257212 -312068.120659401 226308.948440243 1.34715366183473e-16 4.14253544703916e-17
8.44569536423846e-08 0.000787932559112078 -0.000998037580715471 -286809.006066422 259533.972792153 1.34719273656689e-16 4.1708312928585e-17
8.48178807947025e-08 0.000689273308542733 -0.000898621930708236 -258239.637220029 289960.386925433 1.34723181242962e-16 4.20281829662259e-17
8.51788079470203e-08 0.000601495034713276 -0.000788759317672879 -226668.093765781 317259.902649174 1.34727088942296e-16 4.23815292898809e-17
8.55397350993382e-08 0.000525622775269483 -0.000669634518277882 -192434.848472705 341137.951868901 1.34730996754693e-16 4.27645554011946e-17
8.59006622516561e-08 0.000462553168320925 -0.000542532253911079 -155909.095518892 361336.865043932 1.34734904680157e-16 4.31731445389529e-17
8.6261589403974e-08 0.000413044776764658 -0.00040882333538787 -117484.768855395 377638.651715041 1.34738812718691e-16 4.360290407698e-17
8.66225165562919e-08 0.000377709901734872 -0.000269949878619004 -77576.2935890294 389867.353097607 1.34742720870298e-16 4.40492128990527e-17
8.69834437086098e-08 0.000357007973529237 -0.00012740975068843 -36614.1162058475 397890.941350616 1.34746629134983e-16 4.45072712398882e-17
8.73443708609276e-08 0.000351240591349122 1.72595859021984e-05 4959.93815601504 401622.745021162 1.34750537512747e-16 4.49721524546473e-17
8.77052980132455e-08 0.000360548265407288 0.000162497656568945 46697.4313083997 401022.385274579 1.34754446003594e-16 4.54388561585743e-17
8.80662251655634e-08 0.000384908896594954 0.000306737806690279 88148.1490874981 396096.212796998 1.34758354607529e-16 4.59023621636012e-17
8.84271523178813e-08 0.00042413801015819 0.000448424100802311 128864.957725481 386897.24064308 1.34762263324552e-16 4.63576846301284e-17
8.87880794701992e-08 0.000477890740913752 0.000586028106656331 168408.62713466 373524.573738676 1.34766172154669e-16 4.67999258498594e-17
8.91490066225171e-08 0.000545665548640678 0.000718065383087044 206352.569074865 356122.341177776 1.34770081097883e-16 4.7224329079525e-17
8.95099337748349e-08 0.000626809623620074 0.000843111493829681 242287.43909134 334878.142816581 1.34773990154196e-16 4.76263298555597e-17
8.98708609271528e-08 0.000720525924062891 0.000959817374532538 275825.552578507 310021.02690711 1.34777899323611e-16 4.80016052361559e-17
9.02317880794707e-08 0.000825881769560754 0.00106692388718353 306605.067328492 281819.020571859 1.34781808606134e-16 4.83461204394687e-17
9.05927152317886e-08 0.00094181889790801 0.00116327540492986 334293.887440862 250576.239745164 1.34785718001765e-16 4.86561723748122e-17
9.09536423841065e-08 0.00106716487685524 0.00124783228072441 358593.246474348 216629.6097439 1.34789627510509e-16 4.89284295971897e-17
9.13145695364244e-08 0.0012006457477358 0.00131968206526832 379240.931180121 180345.231831197 1.34793537132369e-16 4.91599682540689e-17
9.16754966887423e-08 0.00134089976461524 0.00137804935320651 396014.111032071 142114.434956506 1.34797446867349e-16 4.93483036365311e-17
9.20364238410601e-08 0.00148649208079228 0.00142230415132641 408731.743020778 102349.555252456 1.3480135671545e-16 4.94914169943272e-17
9.2397350993378e-08 0.00163593022425664 0.00145196867845001 417256.525758568 61479.4888068504 1.34805266676678e-16 4.95877773254513e-17
9.27582781456959e-08 0.00178768019519412 0.001466722523624 421496.381803847 19945.0656751123 1.34809176751035e-16 4.96363579050458e-17
9.31192052980138e-08 0.00194018301191434 0.0014664061069196 421405.452201348 -21805.7049718316 1.34813086938524e-16 4.96366473751879e-17
9.34801324503317e-08 0.00209187152673475 0.00145102240546142 416984.592496165 -63322.4672777726 1.34816997239149e-16 4.95886552757769e-17
9.38410596026496e-08 0.00224118733043702 0.00142073692601687 408281.364856672 -104157.376584761 1.34820907652912e-16 4.94929119566993e-17
9.42019867549674e-08 0.00238659756295141 0.00137587592439087 395389.526376728 -143869.930369112 1.34824818179818e-16 4.93504628720575e-17
9.45629139072853e-08 0.00252661144893106 0.00131692289078244 378448.019062232 -182031.720118196 1.3482872881987e-16 4.91628573178465e-17
9.49238410596032e-08 0.00265979637984022 0.00124451333896523 357639.472382536 -218231.052887617 1.3483263957307e-16 4.89321317344034e-17
9.52847682119211e-08 0.00278479336906719 0.00115942795545146 333188.234525468 -252077.392682651 1.34836550439422e-16 4.86607877535892e-17
9.5645695364239e-08 0.00290033171333088 0.00106258418249134 305357.953579031 -283205.573749923 1.34840461418929e-16 4.83517652273515e-17
9.60066225165569e-08 0.0030052427022065 0.000955026325656108 274448.734718322 -311279.740324297 1.34844372511595e-16 4.80084105284639e-17
9.63675496688747e-08 0.00309847222785951 0.000837914292670651 240793.904050625 -335996.97032532 1.34848283717422e-16 4.76344404652412e-17
9.67284768211926e-08 0.00317909215893556 0.000712511084929418 204756.41401541 -357090.543905586 1.34852195036415e-16 4.72339021993528e-17
9.70894039735105e-08 0.00324631035588181 0.000580169176587528 166724.929103528 -374332.821583167 1.34856106468576e-16 4.68111295989823e-17
9.74503311258284e-08 0.00329947921962558 0.000442315928122487 127109.634109383 -387537.700900647 1.34860018013908e-16 4.63706964980452e-17
9.78112582781463e-08 0.00333810268135414 0.000300438191681286 86337.8101240747 -396562.625098773 1.34863929672416e-16 4.59173673655622e-17
9.81721854304642e-08 0.00336184155795235 0.000156066274250365 44849.2259842046 -401310.122124385 1.34867841444102e-16 4.54560459172418e-17
9.8533112582782e-08 0.00337051721528222 1.07574316177895e-05 3091.39488306043 -401728.857357861 1.34871753328969e-16 4.49917222235324e-17
9.88940397350999e-08 0.0033641134997398 -0.000133920928836633 -38485.2526931817 -397814.188690347 1.34875665327021e-16 4.45294188846429e-17
9.92549668874178e-08 0.00334277691720393 -0.00027640815534163 -79432.227637515 -389608.217948774 1.34879577438261e-16 4.40741368531103e-17
9.96158940397357e-08 0.00330681505739576 -0.000415167186551732 -119307.820093241 -377199.338099405 1.34883489662692e-16 4.3630801488311e-17
9.99768211920536e-08 0.00325669328059455 -0.00054870113238366 -157681.864337875 -360721.281099564 1.34887402000318e-16 4.32042094248291e-17
1.00337748344371e-07 0.00319302970239958 -0.000675569422008359 -194140.379279288 -340351.676653878 1.34891314451142e-16 4.27989768278303e-17
1.00698675496689e-07 0.00311658853058802 -0.000794403344799114 -228290.034503851 -316310.137407431 1.34895227015166e-16 4.24194895936478e-17
1.01059602649007e-07 0.00302827182589567 -0.000903920816579243 -259762.393696627 -288855.891217017 1.34899139692395e-16 4.20698560328186e-17
1.01420529801325e-07 0.00292910977555086 -0.00100294021186468 -288217.889653758 -258284.986027851 1.34903052482832e-16 4.17538625460449e-17
1.01781456953643e-07 0.00282024958443703 -0.00109039311286711 -313349.488001139 -224927.09749417 1.3490696538648e-16 4.14749327712886e-17
1.02142384105961e-07 0.00270294310367411 -0.001165335837704 -334886.000090161 -189141.973768134 1.34910878403342e-16 4.12360906427753e-17
1.02503311258279e-07 0.00257853333003162 -0.00122695962342613 -352595.009324408 -151315.555796317 1.34914791533421e-16 4.10399277605004e-17
1.02864238410597e-07 0.00244843992177059 -0.00127459935398051 -366285.379340112 -111855.814964432 1.34918704776722e-16 4.08885754223454e-17
1.03225165562915e-07 0.00231414388712516 -0.00130774073891848 -375809.316972713 -71188.3529810917 1.34922618133246e-16 4.07836816206249e-17
1.03586092715232e-07 0.00217717161056415 -0.00132602586536831 -381063.967743591 -29751.8114574294 1.34926531602997e-16 4.07263932513462e-17
1.0394701986755e-07 0.00203907838912068 -0.00132925706333627 -381992.526643078 12006.859306458 1.34930445185979e-16 4.07173437282384e-17
1.04307947019868e-07 0.00190143165636806 -0.00131739904259301 -378584.852213774 53637.2212970941 1.34934358882195e-16 4.07566461353134e-17
1.04668874172186e-07 0.00176579407499436 -0.00129057927804453 -370877.577295759 94690.207524373 1.34938272691649e-16 4.08438919919836e-17
1.05029801324504e-07 0.00163370668035099 -0.00124908663938028 -358953.715224515 134722.966109775 1.34942186614342e-16 4.09781556442172e-17
1.05390728476822e-07 0.00150667225680586 -0.00119336827972936 -342941.765714885 173303.63747284 1.34946100650279e-16 4.11580042345283e-17
1.0575165562914e-07 0.00138613912622572 -0.00112402481683643 -323014.33006134 210016.013082857 1.34950014799463e-16 4.13815131434172e-17
1.06112582781458e-07 0.00127348552347196 -0.00104180385868784 -299386.250578079 244464.025518756 1.34953929061898e-16 4.16462867358533e-17
1.06473509933775e-07 0.00117000472746709 -0.000947591943379046 -272312.294334911 276276.02139844 1.34957843437586e-16 4.19494841891648e-17
1.06834437086093e-07 0.00107689110824374 -0.000842404980121093 -242084.406161069 305108.771079511 1.34961757926531e-16 4.22878501238769e-17
1.07195364238411e-07 0.000995227240511877 -0.000727377294454969 -209028.560536127 330651.171871488 1.34965672528736e-16 4.2657749707227e-17
1.07556291390729e-07 0.000925972222780199 -0.000603749395801882 -173501.246314799 352627.604804389 1.34969587244204e-16 4.30552078508271e-17
1.07917218543047e-07 0.000869951328067089 -0.000472854599262815 -135885.622193988 370800.908734477 1.34973502072939e-16 4.34759520797685e-17
1.08278145695365e-07 0.000827847097876655 -0.00033610464594382 -96587.3843832097 384974.939694657 1.34977417014943e-16 4.39154586108521e-17
1.08639072847683e-07 0.000800191975550148 -0.000194974476890403 -56030.3910451638 394996.687870025 1.34981332070221e-16 4.43690011429929e-17
1.09000000000001e-07 0.000787362558500728 -5.09863248488413e-05 -14652.0906982208 400757.929350138 1.34985247238776e-16 4.48317018335796e-17
