0 -0.00139 0 0 400000 1.33808e-16 4.46026666666667e-17
2.25206611570248e-10 -0.00138708500269265 9.02283944934668e-05 25929.2001059606 400456.674394712 1.33808588321301e-16 4.4891990641082e-17
4.50413223140496e-10 -0.00137832725007713 0.000180370676208731 51833.6537286193 399234.298947009 1.33809176645183e-16 4.5181038676571e-17
6.75619834710744e-10 -0.00136374455128952 0.000270048892359955 77604.7474600836 396337.991520902 1.33809764971645e-16 4.54685996612267e-17
9.00826446280992e-10 -0.00134337913862705 0.000358887034257593 103134.426573152 391779.888536332 1.33810353300688e-16 4.57534687128042e-17
1.12603305785124e-09 -0.00131729749058188 0.000446512613862207 128315.648080239 385579.094113847 1.3381094163231e-16 4.60344522306301e-17
1.35123966942149e-09 -0.0012855900532135 0.000532558225583667 153042.829552221 377761.600004595 1.33811529966513e-16 4.63103729002313e-17
1.57644628099174e-09 -0.00124837086102784 0.000616663086777289 177212.29181536 368360.1766412 1.33812118303296e-16 4.65800746297012e-17
1.80165289256198e-09 -0.00120577705895189 0.000698474550477761 200722.693670119 357414.235766228 1.3381270664266e-16 4.68424273971042e-17
2.02685950413223e-09 -0.00115796832740802 0.000777649584028078 223475.456809121 344969.665214076 1.33813294984604e-16 4.70963319885941e-17
2.25206611570248e-09 -0.00110512621289788 0.000853856207403685 245375.17915261 331078.636538902 1.33813883329128e-16 4.73407246073803e-17
2.47727272727273e-09 -0.0010474533669024 0.000926774885200974 266330.034868289 315799.386295065 1.33814471676232e-16 4.75745813342154e-17
2.70247933884298e-09 -0.000985172696288542 0.000996099866453547 286252.159398279 299195.971887012 1.33815060025917e-16 4.77969224207028e-17
2.92768595041322e-09 -0.000918526428784736 0.00106154046665838 305058.017878762 281338.003012187 1.33815648378183e-16 4.8006816397421e-17
3.15289256198347e-09 -0.000847775097442832 0.00112282228663631 322668.755407514 262300.349822869 1.33816236733028e-16 4.82033839796401e-17
3.37809917355372e-09 -0.000773196448344289 0.00117968836311602 339010.52769063 242162.829030475 1.33816825090454e-16 4.83858017542538e-17
3.60330578512397e-09 -0.000695084276130029 0.00123190024621715 354014.810682015 221009.869268333 1.33817413450461e-16 4.85533056324652e-17
3.82851239669422e-09 -0.000613747192236111 0.00127923899931427 367618.687917254 198930.157115933 1.33818001813048e-16 4.87051940537519e-17
4.05371900826446e-09 -0.000529507330999505 0.00132150611708933 379765.114337055 176016.265268725 1.33818590178215e-16 4.88408309276728e-17
4.27892561983471e-09 -0.000442698999058798 0.00135852435792282 390403.155493951 152364.26441241 1.33819178545963e-16 4.89596483011822e-17
4.50413223140496e-09 -0.000353667273712426 0.00139013848713328 399488.201139235 128073.320429007 1.33819766916291e-16 4.9061148740267e-17
4.72933884297521e-09 -0.000262766556111079 0.00141621592794842 406982.152294444 103245.278623485 1.338203552892e-16 4.91449074159179e-17
4.95454545454545e-09 -0.00017035908535032 0.00143664731747801 412853.581022947 77984.2367141702 1.33820943664689e-16 4.92105738856896e-17
5.1797520661157e-09 -7.68134196934052e-05 0.00145134696535714 417077.862231592 52396.1083772662 1.33821532042759e-16 4.92578735633767e-17
5.40495867768595e-09 1.74971087078231e-05 0.00146025321313621 419637.27694969 26588.1791754324 1.33822120423409e-16 4.92866088706434e-17
5.6301652892562e-09 0.000112195959114988 0.00146332869291057 420521.086652155 668.656732313408 1.3382270880664e-16 4.92966600657759e-17
5.85537190082644e-09 0.000206904960965194 0.00146056048410473 419725.578315068 -25253.7829609623 1.33823297192451e-16 4.92879857460823e-17
6.08057851239669e-09 0.000301245899473564 0.0014519601677536 417254.080014614 -51070.4512050649 1.33823885580843e-16 4.92606230218306e-17
6.30578512396694e-09 0.000394842101428146 0.0014375637780524 413116.947003865 -76673.1023070273 1.33824473971815e-16 4.92146873609962e-17
6.53099173553719e-09 0.000487320014528204 0.00141743165137827 407331.518325649 -101954.387439352 1.33825062365368e-16 4.9150372105466e-17
6.75619834710743e-09 0.000578310773643942 0.00139164817341591 399922.044143304 -126808.304740693 1.33825650761502e-16 4.90679476607278e-17
6.98140495867768e-09 0.00066745174743053 0.00136032142544708 390919.584093863 -151130.643770895 1.33826239160216e-16 4.89677603624412e-17
7.20661157024793e-09 0.000754388058811633 0.00132358273128682 380361.877089753 -174819.422456829 1.3382682756151e-16 4.8850231024639e-17
7.43181818181818e-09 0.000838774072957179 0.00128158610676517 368293.18311476 -197775.314696965 1.33827415965386e-16 4.87158531756469e-17
7.65702479338842e-09 0.000920274846516369 0.00123450761406266 354764.097677483 -219902.066831733 1.33828004371842e-16 4.85651909891163e-17
7.88223140495867e-09 0.000998567532029352 0.00118254462360587 339831.339700106 -241106.901233457 1.33828592780878e-16 4.8398876918842e-17
8.10743801652892e-09 0.00107334273162889 0.0011259149866178 323557.513731742 -261300.905323596 1.33829181192495e-16 4.82176090472832e-17
8.33264462809917e-09 0.00114430579435594 0.00106485612179175 306010.847483212 -280399.404386156 1.33829769606693e-16 4.80221481589005e-17
8.55785123966942e-09 0.00121117805164946 0.000999624019917907 287264.905783655 -298322.316614037 1.33830358023472e-16 4.78133145505821e-17
8.78305785123967e-09 0.00127369798582991 0.0009304921706357 267398.28215817 -314994.488899597 1.33830946442831e-16 4.75919845925286e-17
9.00826446280992e-09 0.00133162232667702 0.000857750415811483 246494.269319591 -330346.011961433 1.33831534864771e-16 4.73590870540165e-17
9.23347107438016e-09 0.00138472707150356 0.000781703734348911 224640.509955846 -344312.513485993 1.33832123289291e-16 4.71155992094447e-17
9.45867768595041e-09 0.00143280842444788 0.000702670963526754 201928.629277036 -356835.42805485 1.33832711716392e-16 4.68625427409893e-17
9.68388429752066e-09 0.00147568365104652 0.00062098346222512 178453.850862804 -367862.242725753 1.33833300146074e-16 4.66009794550456e-17
9.90909090909091e-09 0.00151319184450344 0.000536983721644709 154314.59742063 -377346.717237684 1.33833888578337e-16 4.63320068304173e-17
1.01342975206612e-08 0.00154519460044265 0.000451023929343906 129612.078128926 -385249.077916504 1.3383447701318e-16 4.60567534169164e-17
1.03595041322314e-08 0.00157157659731468 0.00036346449261427 104449.864295095 -391536.184468078 1.33835065450605e-16 4.57763741036681e-17
1.05847107438017e-08 0.00159224608002291 0.000274672527385504 78933.4551076866 -396181.668959404 1.3383565389061e-16 4.54920452769573e-17
1.08099173553719e-08 0.00160713524474165 0.000185020318995531 53169.8353033555 -399166.046404914 1.33836242333195e-16 4.52049598879211e-17
1.10351239669422e-08 0.00161620052331192 9.48837612793019e-05 27267.0266031983 -400476.796494141 1.33836830778362e-16 4.4916322450764e-17
1.12603305785124e-08 0.00161942276602223 4.64078052089668e-06 1333.63479921946 -400108.416117954 1.33837419226109e-16 4.46273439924709e-17
1.14855371900826e-08 0.00161680732200735 -8.53302491230207e-05 -24521.6056101105 -398062.442473007 1.33838007676437e-16 4.43392369751893e-17
1.17107438016529e-08 0.00160838401692772 -0.000174652092084562 -50190.2873259389 -394347.446647393 1.33838596129346e-16 4.4053210212573e-17
1.19359504132231e-08 0.00159420702802246 -0.000262950233079007 -75564.7847852178 -388978.997714265 1.33839184584836e-16 4.37704638014003e-17
1.21611570247934e-08 0.00157435465705956 -0.000349854447400412 -100538.705421189 -381979.597483861 1.33839773042907e-16 4.3492184089719e-17
1.23863636363636e-08 0.00154892900213468 -0.000435000353234383 -125007.335756091 -373378.586187351 1.33840361503558e-16 4.32195387026151e-17
1.26115702479339e-08 0.00151805552969422 -0.000518030939479338 -148868.080455661 -363212.019487856 1.3384094996679e-16 4.29536716464626e-17
1.28367768595041e-08 0.00148188254857683 -0.000598598062670219 -172020.892504524 -351522.517334182 1.33841538432604e-16 4.26956985121808e-17
1.30619834710744e-08 0.00144058058827783 -0.000676363906728179 -194368.692698772 -338359.08529086 1.33842126900998e-16 4.24467017976128e-17
1.32871900826446e-08 0.00139434168404345 -0.000751002399415548 -215817.776696806 -323776.909093535 1.33842715371973e-16 4.22077263686371e-17
1.35123966942149e-08 0.00134337857179146 -0.000822200579556949 -236278.207921704 -307837.12329096 1.33843303845529e-16 4.19797750780439e-17
1.37376033057851e-08 0.00128792379623379 -0.000889659909293776 -255664.194667671 -290606.554943536 1.33843892321666e-16 4.17638045605475e-17
1.39628099173554e-08 0.00122822873593995 -0.000953097525869739 -273894.449829337 -272157.443452932 1.33844480800383e-16 4.15607212215641e-17
1.41880165289256e-08 0.00116456254942888 -0.00101224742769865 -290892.531745565 -252567.137697368 1.33845069281682e-16 4.13713774365765e-17
1.44132231404959e-08 0.00109721104670759 -0.00106686158974118 -306587.164728565 -231917.77174235 1.33845657765562e-16 4.11965679770206e-17
1.46384297520661e-08 0.00102647549098775 -0.0011167110035137 -320912.537934291 -210295.920486434 1.33846246252022e-16 4.10370266776815e-17
1.48636363636364e-08 0.000952671335604243 -0.0011615866373682 -333808.581320935 -187792.236685775 1.33846834741064e-16 4.0893423359572e-17
1.50888429752066e-08 0.000876126901431182 -0.00120130031301672 -345221.217538335 -164501.070879264 1.33847423232687e-16 4.07663610211981e-17
1.53140495867769e-08 0.000797182000340544 -0.00123568549462484 -355102.588692082 -140520.075807774 1.3384801172689e-16 4.06563733099876e-17
1.55392561983471e-08 0.000716186510474856 -0.00126459798716506 -363411.257031422 -115949.796986066 1.33848600223675e-16 4.05639222844866e-17
1.57644628099174e-08 0.000633498909307319 -0.00128791654110191 -370112.378719385 -90893.2511439428 1.33849188723041e-16 4.04893964767065e-17
1.59896694214876e-08 0.000549484770639869 -0.00130554336087281 -375177.84995643 -65455.4943041463 1.33849777224987e-16 4.04331092627482e-17
1.62148760330579e-08 0.00046451523184085 -0.00131740451503233 -378586.424844817 -39743.1813079229 1.33850365729515e-16 4.03952975485354e-17
1.64400826446281e-08 0.000378965437748809 -0.00132345024633979 -380323.804499391 -13864.1186350617 1.33850954236624e-16 4.037612077617e-17
1.66652892561984e-08 0.000293212967766771 -0.00132365518048954 -380382.69703103 12073.187606666 1.33851542746314e-16 4.03756602550772e-17
1.68904958677686e-08 0.000207636252741872 -0.0013180184326084 -378762.848151113 37959.9866274809 1.33852131258585e-16 4.03939188207445e-17
1.71157024793389e-08 0.000122612988268079 -0.00130656361107319 -375471.042268587 63687.738929478 1.33852719773437e-16 4.04308208224893e-17
1.73409090909091e-08 3.8518551064748e-05 -0.00128933871863194 -370521.07407487 89148.5713965952 1.3385330829087e-16 4.04862124403057e-17
1.75661157024794e-08 -4.42755749290838e-05 -0.0012664159512429 -363933.690735629 114235.729592543 1.33853896810884e-16 4.05598623294652e-17
1.77913223140496e-08 -0.000125403356145495 -0.00123789139547437 -355736.504931669 138844.025370271 1.33854485333479e-16 4.06514625901684e-17
1.80165289256199e-08 -0.000204505744132758 -0.00120388462573358 -345963.879113418 162870.27791619 1.33855073858656e-16 4.07606300581846e-17
1.82417355371901e-08 -0.000281232181019656 -0.00116453820301306 -334656.781454178 186213.746379902 1.33855662386414e-16 4.08869079110695e-17
1.84669421487603e-08 -0.000355242069386733 -0.00112001707725561 -321862.614105992 208776.552275433 1.33856250916752e-16 4.10297675832263e-17
1.86921487603306e-08 -0.000426206200381383 -0.00107050789584333 -307635.014478092 230464.089882892 1.33856839449672e-16 4.11886109817838e-17
1.89173553719008e-08 -0.000493808134088733 -0.00101621822110969 -292033.630371029 251185.422929718 1.33857427985174e-16 4.13627729940007e-17
1.91425619834711e-08 -0.000557745526370435 -0.000957375660155012 -275123.869909188 270853.665888268 1.33858016523256e-16 4.15515242756846e-17
1.93677685950413e-08 -0.0006177313966079 -0.000894226910613634 -256976.62732007 289386.348290927 1.3385860506392e-16 4.17540743089362e-17
1.95929752066116e-08 -0.000673495331034272 -0.000827036726373253 -237667.985710013 306705.760535173 1.33859193607164e-16 4.19695747163977e-17
1.98181818181818e-08 -0.000724784616609476 -0.000756086807582711 -217278.89808245 322739.2797286 1.33859782152991e-16 4.21971228181121e-17
2.00433884297521e-08 -0.000771365300683878 -0.000681674619601906 -195894.847936059 337419.674207584 1.33860370701398e-16 4.24357654160803e-17
2.02685950413223e-08 -0.00081302317200722 -0.000604112145845467 -173605.490865767 350685.385452726 1.33860959252386e-16 4.26845027906482e-17
2.04938016528926e-08 -0.000849564658969282 -0.000523724579749047 -150504.278669243 362480.786218918 1.33861547805956e-16 4.29422928919709e-17
2.07190082644628e-08 -0.000880817641305719 -0.000440848961342332 -126688.067534859 372756.413797645 1.33862136362107e-16 4.3208055708977e-17
2.09442148760331e-08 -0.000906632171865331 -0.000355832764145176 -102256.711953856 381469.17743338 1.3386272492084e-16 4.34806777975197e-17
2.11694214876033e-08 -0.000926881105412134 -0.000269032438311536 -77312.6460593225 388582.539024288 1.33863313482153e-16 4.37590169487256e-17
2.13946280991736e-08 -0.000941460631825334 -0.000180811916129427 -51960.4541472977 394066.66634948 1.33863902046048e-16 4.40419069779709e-17
2.16198347107438e-08 -0.000950290711461183 -9.15410861428894e-05 -26306.4321807012 397898.558180231 1.33864490612524e-16 4.43281626144052e-17
2.18450413223141e-08 -0.000953315410850864 -1.59424229363287e-06 -458.142114586419 400062.140750475 1.33865079181582e-16 4.46165844705216e-17
2.20702479338843e-08 -0.000950503137326454 8.86514854152649e-05 25476.0390886653 400548.335181962 1.33865667753221e-16 4.49059640709384e-17
2.22954545454546e-08 -0.000941846771590765 0.000178817712153702 51387.3738633259 399355.095581239 1.33866256327441e-16 4.51950889193058e-17
2.25206611570248e-08 -0.00092736369767477 0.000268526384767125 77167.2199582485 396487.41764861 1.33866844904243e-16 4.54827475820954e-17
2.27458677685951e-08 -0.000907095730156565 0.000357401366895388 102707.485957155 391957.317762831 1.33867433483626e-16 4.57677347679549e-17
2.29710743801653e-08 -0.000881108938946566 0.000445070016061761 127901.084491359 385783.782629117 1.33868022065591e-16 4.60488563813318e-17
2.31962809917356e-08 -0.000849493372373147 0.000531164746119536 152642.381244659 377992.68970144 1.33868610650136e-16 4.63249345291776e-17
2.34214876033058e-08 -0.000812362679729327 0.000615324568505099 176827.637867787 368616.698712661 1.33869199237264e-16 4.65948124597389e-17
2.36466942148761e-08 -0.00076985363486267 0.00069719660583513 200355.446945303 357695.114767151 1.33869787826972e-16 4.68573594127288e-17
2.38719008264463e-08 -0.000722125562805478 0.000776437571501542 223127.157191158 345273.723569816 1.33870376419262e-16 4.71114753605403e-17
2.40971074380166e-08 -0.000669359671848891 0.000852715209060287 245047.28709011 331404.59948226 1.33870965014134e-16 4.73560956206241e-17
2.43223140495868e-08 -0.000611758293861008 0.000925709685378745 266023.925250597 316145.887210761 1.33871553611587e-16 4.75901953196899e-17
2.45475206611571e-08 -0.00054954403603383 0.000995114931700226 285969.115790405 299561.558041286 1.33872142211621e-16 4.7812793691014e-17
2.47727272727273e-08 -0.000482958847615241 0.00106063992700249 304799.227139194 281721.141643503 1.33872730814237e-16 4.80229581868325e-17
2.49979338842976e-08 -0.000412263005538705 0.00112200991826911 322435.302711485 262699.434568195 1.33873319419435e-16 4.82198083885798e-17
2.52231404958678e-08 -0.000337734023203401 0.001178967572557 338803.391979701 242576.186660183 1.33873908027214e-16 4.84025196985729e-17
2.5448347107438e-08 -0.000259665486979791 0.00123127405602938 353834.86055906 221435.7667015 1.33874496637574e-16 4.85703267976653e-17
2.56735537190083e-08 -0.000178365825318638 0.00127871003542961 367466.678004064 199366.808686612 1.33875085250516e-16 4.87225268543693e-17
2.58987603305785e-08 -9.41570156241251e-05 0.00132107659779656 379641.682109825 176461.840212728 1.3387567386604e-16 4.88584824719925e-17
2.61239669421488e-08 -7.37323431266591e-06 0.00135819608456491 390308.818609931 152816.89454322 1.33876262484145e-16 4.8977624361428e-17
2.6349173553719e-08 8.16405442827417e-05 0.00138991283655284 399423.355265745 128531.107970626 1.33876851104831e-16 4.90794537283936e-17
2.65743801652893e-08 0.000172529994288273 0.0014160938467129 406947.069449375 103706.304167378 1.33877439728099e-16 4.91635443651066e-17
2.67995867768595e-08 0.000264932923880918 0.00143662931790908 412848.408433683 78446.5672669518 1.33878028353949e-16 4.92295444376242e-17
2.70247933884298e-08 0.000358480793867323 0.00145143312338063 417102.621717168 52857.8054653744 1.3387861698238e-16 4.92771779613544e-17
2.725e-08 0.000452800262882823 0.00146044316796191 419691.864828753 27047.3069728218 1.33879205613393e-16 4.93062459585483e-17
2.74752066115703e-08 0.000547514752731997 0.00146362164854299 420605.274177134 1123.2901770805 1.33879794246988e-16 4.93166272929205e-17
2.77004132231405e-08 0.000642246027307609 0.00146095521267874 419839.012630732 -24805.5500950505 1.33880382883164e-16 4.93082791778958e-17
2.79256198347108e-08 0.000736615778467838 0.00145245501468071 417396.285636992 -50630.4983159813 1.33880971521922e-16 4.92812373563502e-17
2.8150826446281e-08 0.0008302472122225 0.0014381566689564 413287.327813335 -76243.2740843471 1.33881560163261e-16 4.9235615951091e-17
2.83760330578513e-08 0.000922766628577615 0.00141812010079086 407529.360065848 -101536.486129607 1.33882148807183e-16 4.91716069867017e-17
2.86012396694215e-08 0.00101380498841427 0.00139242929519609 400146.517415372 -126404.08259065 1.33882737453685e-16 4.90894795847548e-17
2.88264462809918e-08 0.00110299946083205 0.00136119194488054 391169.74783348 -150741.795680439 1.3388332610277e-16 4.89895788357651e-17
2.9051652892562e-08 0.00118999494446913 0.00132453899881457 380636.682512382 -174447.578872268 1.33883914754436e-16 4.88723243526134e-17
2.92768595041323e-08 0.00127444555642036 0.00128262411328397 368591.478112563 -197422.034774536 1.33884503408684e-16 4.87382085115018e-17
2.95020661157025e-08 0.00135601608251032 0.00123562300773293 355084.631649475 -219568.831899998 1.33885092065513e-16 4.85877943878172e-17
2.97272727272728e-08 0.00143438338284035 0.00118373272809681 340172.768795297 -240795.108581982 1.33885680724925e-16 4.8421713395555e-17
2.9952479338843e-08 0.00150923774671635 0.00112717082071306 323918.406483283 -261011.862343966 1.33886269386918e-16 4.82406626401989e-17
3.01776859504133e-08 0.00158028419127589 0.00106617442027355 306389.690809928 -280134.323089894 1.33886858051493e-16 4.80454019961554e-17
3.04028925619835e-08 0.00164724369836949 0.00100099925564204 287660.111333794 -298082.308550412 1.33887446718649e-16 4.78367509209957e-17
3.06280991735538e-08 0.00170985438450991 0.000931918577704806 267808.192968786 -314780.560494635 1.33888035388388e-16 4.76155850198598e-17
3.0853305785124e-08 0.00176787259898354 0.000859222013749516 246917.166763627 -330159.060297665 1.33888624060708e-16 4.73828323744282e-17
3.10785123966942e-08 0.00182107394551949 0.000783214353175392 225074.620947796 -344153.322540653 1.3388921273561e-16 4.71394696518517e-17
3.13037190082645e-08 0.00186925422323229 0.000704214269625696 202372.133706975 -356704.665412284 1.33889801413093e-16 4.6886518009953e-17
3.15289256198347e-08 0.00191223028289269 0.000622552984900167 178904.889227618 -367760.456777834 1.33890390093159e-16 4.6625038815867e-17
3.1754132231405e-08 0.00194984079493584 0.000538572880249145 154771.278620444 -377274.334883966 1.33890978775806e-16 4.63561291960724e-17
3.19793388429752e-08 0.00198194692598655 0.000452626060871791 130072.487396051 -385206.402773769 1.33891567461035e-16 4.60809174364694e-17
3.22045454545455e-08 0.00200843292106438 0.000365072879637013 104912.071222245 -391523.395596776 1.33892156148846e-16 4.5800558251791e-17
3.24297520661157e-08 0.00202920658902733 0.000276280426216749 79395.5217418048 -396198.820112336 1.33892744839239e-16 4.55162279441821e-17
3.2654958677686e-08 0.00204419968921814 0.000186620987966254 53629.8242711107 -399213.065801306 1.33893333532214e-16 4.52291194712438e-17
3.28801652892562e-08 0.00205336821769167 9.64704890045792e-05 27723.0092340913 -400553.487120054 1.33893922227771e-16 4.49404374442232e-17
3.31053719008264e-08 0.0020566925918228 6.20691403981977e-06 1783.69921223232 -400214.456551789 1.33894510925909e-16 4.4651393077319e-17
3.33305785123967e-08 0.00205417773252042 -8.37912764522712e-05 -24079.346490224 -398197.388232627 1.3389509962663e-16 4.43631991092797e-17
3.35557851239669e-08 0.0020458530437023 -0.000173146733051442 -49757.687856335 -394510.732053227 1.33895688329932e-16 4.40770647185874e-17
3.37809917355372e-08 0.00203177228911646 -0.000261484799564576 -75143.6588297914 -389169.938260583 1.33896277035817e-16 4.37941904535475e-17
3.40061983471074e-08 0.00201201336702508 -0.000348435083911993 -100130.81874515 -382197.392708276 1.33896865744283e-16 4.35157631985401e-17
3.42314049586777e-08 0.00198667798369518 -0.000433633011141877 -124614.398622178 -373622.323026524 1.33897454455331e-16 4.32429511975407e-17
3.44566115702479e-08 0.00195589122706464 -0.000516721352061215 -148491.740453033 -363480.676105334 1.33898043168961e-16 4.29768991557755e-17
3.46818181818182e-08 0.00191980104237074 -0.000597351721073831 -171662.727640409 -351814.96740432 1.33898631885174e-16 4.27187234400489e-17
3.49070247933884e-08 0.00187857761193926 -0.000675186036945176 -194030.204781818 -338674.102720868 1.33899220603968e-16 4.24695073978688e-17
3.51322314049587e-08 0.00183241264173431 -0.000749897940368959 -215500.385039904 -324113.173163857 1.33899809325344e-16 4.22302968149963e-17
3.53574380165289e-08 0.00178151855765977 -0.000821174162391793 -235983.243390673 -308193.224192424 1.33900398049302e-16 4.20020955304657e-17
3.55826446280991e-08 0.00172612761498173 -0.000888715837958051 -255392.894100751 -290980.999688077 1.33900986775842e-16 4.17858612274613e-17
3.58078512396694e-08 0.00166649092460573 -0.000952239759067207 -273647.950850917 -272548.662133087 1.33901575504964e-16 4.15825014176999e-17
3.60330578512396e-08 0.00160287740029085 -0.0010114795622891 -290671.867995863 -252973.490068316 1.33902164236669e-16 4.1392869636157e-17
3.62582644628099e-08 0.00153557263121476 -0.00106618684565779 -306393.261529281 -232337.554098889 1.33902752970955e-16 4.12177618620925e-17
3.64834710743801e-08 0.0014648776846163 -0.00111613221026068 -320746.208408406 -210727.372806076 1.33903341707823e-16 4.10579131813818e-17
3.67086776859504e-08 0.00139110784353585 -0.00116110622215544 -333670.52298292 -188233.550007991 1.33903930447274e-16 4.09139947041497e-17
3.69338842975206e-08 0.00131459128494543 -0.00120092029058111 -345112.009369077 -164950.39488996 1.33904519189306e-16 4.07866107506307e-17
3.71590909090909e-08 0.00123566770381084 -0.00123540745878097 -355022.688710787 -140975.526597183 1.33905107933921e-16 4.06762963170559e-17
3.73842975206611e-08 0.00115468688885465 -0.00126442310412079 -363361.000374685 -116409.46494754 1.33905696681118e-16 4.05835148321946e-17
3.76095041322314e-08 0.00107200725599131 -0.00128784554456674 -370091.976235471 -91355.2089805186 1.33906285430897e-16 4.05086562139559e-17
3.78347107438016e-08 0.000987994345583503 -0.00130557654897967 -375187.387320678 -65917.8051093227 1.33906874183258e-16 4.04520352342022e-17
3.80599173553718e-08 0.000903019289820118 -0.00131754174908564 -378625.86219987 -40203.9066867616 1.33907462938201e-16 4.04138901986303e-17
3.82851239669421e-08 0.000817457256641879 -0.00132369095139506 -380392.976621758 -14321.3268315665 1.33908051695726e-16 4.03943819472584e-17
3.85103305785123e-08 0.000731685876738893 -0.00132399834776215 -380481.314023291 11621.4136099714 1.33908640455834e-16 4.03935931797089e-17
3.87355371900826e-08 0.000646083660215364 -0.00131846262370134 -378890.496656873 37515.5410717355 1.33909229218523e-16 4.04115281081192e-17
3.89607438016528e-08 0.000561028409560122 -0.00130710696400614 -375627.187205065 63252.4853371283 1.33909817983795e-16 4.04481124391372e-17
3.91859504132231e-08 0.000476895635577108 -0.00128997895564642 -370705.060875888 88724.334757804 1.33910406751649e-16 4.05031936850764e-17
3.94111570247933e-08 0.000394056982917596 -0.00126715038835074 -364144.748095579 113824.288713124 1.33910995522086e-16 4.05765418029308e-17
3.96363636363636e-08 0.000312878671815665 -0.00123871695370943 -355973.748038967 138447.105413233 1.33911584295104e-16 4.06678501585682e-17
3.98615702479338e-08 0.000233719962560573 -0.00120479784405969 -346226.313359876 162489.543168165 1.33912173070705e-16 4.07767368120635e-17
4.0086776859504e-08 0.000156931649144357 -0.00116553525283387 -334943.306604765 185850.793272784 1.33912761848888e-16 4.09027461187818e-17
4.03119834710743e-08 8.28545884006621e-05 -0.00112109377846573 -322172.028911477 208432.902692496 1.33913350629653e-16 4.10453506395021e-17
4.05371900826445e-08 1.1818270802077e-05 -0.00107165973435328 -307966.021711256 230141.184777444 1.33913939413001e-16 4.12039533515719e-17
4.07623966942148e-08 -5.58605610914415e-05 -0.00101744036777131 -292384.84226531 250884.616283055 1.33914528198931e-16 4.13778901518238e-17
4.0987603305785e-08 -0.00011987924074021 -0.000958662991007949 -275493.81397697 270576.219032263 1.33915116987443e-16 4.15664326407617e-17
4.12128099173553e-08 -0.000179950446719746 -0.000895574028367999 -257363.752526224 289133.424619056 1.33915705778537e-16 4.17687911763433e-17
4.14380165289255e-08 -0.000235803407481606 -0.000828437983038412 -238070.668974795 306478.420624163 1.33916294572214e-16 4.19841181845563e-17
4.16632231404958e-08 -0.000287185036728479 -0.000757536328147322 -217695.451086507 322538.476891143 1.33916883368473e-16 4.2211511712909e-17
4.1888429752066e-08 -0.00033386099464279 -0.000683166326665921 -196323.524198996 337246.250494777 1.33917472167314e-16 4.24500192119364e-17
4.21136363636363e-08 -0.000375616670518908 -0.000605639785100829 -174044.493068614 350540.068122998 1.33918060968738e-16 4.26986415288689e-17
4.23388429752065e-08 -0.000412258082678608 -0.000525281746202241 -150951.766190104 362364.184688243 1.33918649772744e-16 4.29563370967175e-17
4.25640495867767e-08 -0.000443612691896208 -0.000442429126168858 -127142.164166162 372669.017083842 1.33919238579332e-16 4.32220263012153e-17
4.2789256198347e-08 -0.000469530124922445 -0.000357429302063335 -102715.51376884 381411.352105209 1.33919827388503e-16 4.34945960073027e-17
4.30144628099172e-08 -0.000489882805073072 -0.000270638655360778 -77774.2293947813 388554.527663948 1.33920416200257e-16 4.37729042261808e-17
4.32396694214875e-08 -0.000504566487237808 -0.000182421077736766 -52422.8836691103 394068.586534957 1.33921005014592e-16 4.40557849033644e-17
4.34648760330577e-08 -0.000513500695066015 -9.31464453597363e-05 -26767.7689983323 397930.401991763 1.3392159383151e-16 4.43420528076593e-17
4.3690082644628e-08 -0.000516629058495626 -3.18906808463225e-06 -916.45191053395 400123.774803208 1.33922182651011e-16 4.46305085005665e-17
4.39152892561982e-08 -0.000513919550209667 8.70738799499916e-05 25022.6779485611 400639.501184661 1.33922771473094e-16 4.49199433652763e-17
4.41404958677685e-08 -0.000505364620028527 0.000177263941741244 50940.8622727171 399475.411418716 1.33923360297759e-16 4.52091446741687e-17
4.43657024793387e-08 -0.000490981226674024 0.000267002964226953 76729.4301000405 396636.378983329 1.33923949125007e-16 4.54969006735712e-17
4.45909090909089e-08 -0.000470810766771642 0.000355914683823308 102280.253453612 392134.30014898 1.33924537954837e-16 4.57820056644558e-17
4.48161157024792e-08 -0.000444918901388171 0.000443626304047167 127486.200707468 385988.044130283 1.3392512678725e-16 4.60632650577721e-17
4.50413223140494e-08 -0.000413395280831602 0.000529770058608276 152241.585777026 378223.37400092 1.33925715622245e-16 4.63395003832195e-17
4.52665289256197e-08 -0.000376353168866701 0.00061398475341754 176442.611250553 368872.838703358 1.33926304459823e-16 4.66095542304589e-17
4.54917355371899e-08 -0.000333928967921418 0.000695917281045845 199987.803603669 357975.636606017 1.33926893299984e-16 4.68722951020445e-17
4.57169421487602e-08 -0.000286281647274449 0.000775224101283436 222778.438672065 345577.451179839 1.33927482142726e-16 4.71266221577281e-17
4.59421487603304e-08 -0.000233592076621025 0.000851572681591935 244718.955598457 331730.259483123 1.33928070988052e-16 4.73714698302438e-17
4.61673553719007e-08 -0.000176062267810785 0.000924642891409247 265717.357518097 316492.114257496 1.3392865983596e-16 4.76058122932184e-17
4.63925619834709e-08 -0.000113914527936587 0.000994128344461044 285685.597302789 299926.900548549 1.3392924868645e-16 4.78286677624744e-17
4.66177685950412e-08 -4.73905273248499e-05 0.0010597376834505 304539.946745975 282104.067871465 1.33929837539523e-16 4.80391026126899e-17
4.68429752066114e-08 2.3249713665191e-05 0.00112119580173952 322201.347640869 263098.339044534 1.33930426395179e-16 4.82362352921538e-17
4.70681818181816e-08 9.77289147854679e-05 0.00117824499689887 338595.743279571 242989.396911253 1.33931015253417e-16 4.84192400192019e-17
4.72933884297519e-08 0.000175753698415848 0.00123064605129027 353654.388983128 221861.550264457 1.33931604114238e-16 4.8587350244834e-17
4.75185950413221e-08 0.00025701581957975 0.00127817923514937 367314.140360454 199803.380373094 1.33932192977642e-16 4.87398618669933e-17
4.77438016528924e-08 0.000341193458301635 0.00132064522796358 379517.718087394 176907.36959364 1.33932781843628e-16 4.88761361830292e-17
4.79690082644626e-08 0.00042795256888801 0.00135786595428115 390213.948095645 153269.513623235 1.33933370712197e-16 4.89956025679641e-17
4.81942148760329e-08 0.000516948280474856 0.00138968533044665 399357.976164346 128988.91902023 1.33933959583348e-16 4.90977608673327e-17
4.84194214876031e-08 0.000607826342969436 0.0014159699191317 406911.456014494 104167.387679624 1.33934548457082e-16 4.91821834945598e-17
4.86446280991734e-08 0.000700224612324076 0.00143660948891598 412842.710117397 78908.9900055507 1.33935137333399e-16 4.92485172240821e-17
4.88698347107436e-08 0.000793774568914573 0.00145151747657205 417126.862542821 53319.6285703951 1.33935726212299e-16 4.92964846726937e-17
4.90950413223139e-08 0.00088810286265705 0.0014606313501151 419745.943289684 27506.5940899982 1.33936315093781e-16 4.93258854629025e-17
4.93202479338841e-08 0.000982832878384944 0.00146391287109516 420688.963661725 1578.11557665228 1.33936903977846e-16 4.93365970634193e-17
4.95454545454543e-08 0.00107758631492284 0.00146134825503145 419951.962372005 -24357.0934440095 1.33937492864494e-16 4.93285753032539e-17
4.97706611570246e-08 0.00117198477123641 0.00145294822931576 417538.022182777 -50190.2907496002 1.33938081753724e-16 4.93018545572607e-17
4.99958677685948e-08 0.00126565133300796 0.00143874798834173 413457.257010844 -75813.1613598874 1.33938670645537e-16 4.92565476023546e-17
5.02210743801651e-08 0.00135821215298543 0.00141880704604758 407726.769552333 -101118.271686341 1.33939259539933e-16 4.91928451449991e-17
5.04462809917353e-08 0.00144929801847857 0.00139320898649018 400370.57960443 -125999.519988138 1.33939848436911e-16 4.91110150219463e-17
5.06714876033056e-08 0.00153854589942997 0.00136206111349582 391419.523384491 -150352.581245911 1.33940437336473e-16 4.9011401077577e-17
5.08966942148758e-08 0.00162560047057012 0.00132549400085617 380911.124268521 -174075.34458794 1.33941026238617e-16 4.88944217225492e-17
5.11219008264461e-08 0.00171011560127417 0.00128366094495501 368889.435490898 -197068.341434683 1.33941615143344e-16 4.87605681797952e-17
5.13471074380163e-08 0.00179175580687352 0.00123673732212019 355404.855464719 -219235.162566476 1.33942204050654e-16 4.86104024252199e-17
5.15723140495865e-08 0.00187019765533695 0.00118491985339516 340513.916497021 -240482.862365641 1.33942792960547e-16 4.8444554831735e-17
5.17975206611568e-08 0.00194513112342311 0.00112842577981218 324279.047784601 -260722.348538035 1.33943381873022e-16 4.82637215265042e-17
5.2022727272727e-08 0.00201626089661802 0.00106749195162485 306768.313684086 -279868.75567992 1.3394397078808e-16 4.80686614724802e-17
5.22479338842973e-08 0.00208330760740688 0.00100237383531824 288055.128353501 -297841.801123797 1.33944559705722e-16 4.78601932864676e-17
5.24731404958675e-08 0.00214600900668807 0.000933344442559739 268217.947961715 -314566.121571095 1.33945148625946e-16 4.76391918070537e-17
5.26983471074378e-08 0.00220412106341745 0.000860693185581056 247339.941756182 -329971.589100208 1.33945737548753e-16 4.74065844267935e-17
5.2923553719008e-08 0.00225741898787201 0.000784724663790165 225508.643368039 -343993.605224795 1.33946326474142e-16 4.716334720403e-17
5.31487603305783e-08 0.00230569817424229 0.000705757386700517 202815.583816496 -356573.371769331 1.33946915402115e-16 4.69105007706482e-17
5.33739669421485e-08 0.00234877505860079 0.00062412243853175 179355.907751209 -367658.137426039 1.33947504332671e-16 4.66491060529214e-17
5.35991735537188e-08 0.00238648788864899 0.000540162090080789 155227.974541572 -377201.418959353 1.33948093265809e-16 4.63802598233914e-17
5.3824380165289e-08 0.00241869740201492 0.000454228363683295 130532.945885456 -385163.196130297 1.33948682201531e-16 4.61050901024304e-17
5.40495867768592e-08 0.00244528741025704 0.00036668155728215 105374.361666411 -391510.079523403 1.33949271139835e-16 4.58247514287668e-17
5.42747933884295e-08 0.00246616528612528 0.00027788873379115 79857.7058376507 -396215.450572357 1.33949860080723e-16 4.55404200188013e-17
5.44999999999997e-08 0.00248126235203588 0.000188222182087617 54089.9641529564 -399259.573197157 1.33950449024193e-16 4.52532888350127e-17
5.472520661157e-08 0.00249053416813071 9.80578560866183e-05 28179.1755988249 -400629.676584575 1.33951037970247e-16 4.49645625841262e-17
5.49504132231402e-08 0.00249396071871294 7.77379844140454e-06 2233.97940861301 -400320.008764718 1.33951626918883e-16 4.467545266602e-17
5.51756198347105e-08 0.0024915464962768 -8.2251444520804e-05 -23636.8404420477 -398331.860758918 1.33952215870102e-16 4.4387172094545e-17
5.54008264462807e-08 0.00248332048277876 -0.000171640409981817 -49324.8113487143 -394673.561197567 1.33952804823905e-16 4.41009304115559e-17
5.5626033057851e-08 0.00246933602822814 -0.000260018301279448 -74722.2268880658 -389360.441430349 1.3395339378029e-16 4.38179286154769e-17
5.58512396694212e-08 0.00244967062710579 -0.00034701455938266 -99722.5984173555 -382414.771275014 1.33953982739259e-16 4.35393541256672e-17
5.60764462809914e-08 0.00242442559354785 -0.000432264416605878 -124221.10156988 -373865.665673968 1.3395457170081e-16 4.32663758036982e-17
5.63016528925617e-08 0.00239372563665589 -0.000515410426047918 -148115.015774358 -363748.962649913 1.33955160664945e-16 4.30001390524204e-17
5.65268595041319e-08 0.00235771833771398 -0.000596103960342728 -171304.15495536 -352107.073072151 1.33955749631663e-16 4.27417610133653e-17
5.67520661157022e-08 0.00231657353150382 -0.000674006673437775 -193691.287608873 -338988.8028633 1.33956338600963e-16 4.24923258826238e-17
5.69772727272724e-08 0.00227048259431182 -0.000748791919270912 -215182.544491663 -324449.148391787 1.33956927572847e-16 4.22528803648374e-17
5.72024793388427e-08 0.00221965764161295 -0.000820146121397255 -235687.812214997 -308549.065907879 1.33957516547314e-16 4.20244292843661e-17
5.74276859504129e-08 0.00216433063879484 -0.00088777008782321 -255121.111092373 -291355.215989846 1.33958105524364e-16 4.18079313720341e-17
5.76528925619832e-08 0.00210475242865046 -0.000951380265534526 -273400.955656956 -272939.684071667 1.33958694503998e-16 4.16042952451203e-17
5.78780991735534e-08 0.00204119167971654 -0.00101070992945807 -290450.69633703 -253379.678223931 1.33959283486214e-16 4.14143755974492e-17
5.81033057851237e-08 0.00197393375986686 -0.00106551030087192 -306198.840856809 -232757.20545501 1.33959872471013e-16 4.12389696155572e-17
5.83285123966939e-08 0.00190327953988284 -0.00111555159057411 -320579.354014917 -211158.727889624 1.33960461458396e-16 4.1078813635963e-17
5.85537190082641e-08 0.0018295441320177 -0.00116062396243588 -333531.934583541 -188674.800266281 1.33961050448362e-16 4.09345800575578e-17
5.87789256198344e-08 0.00175305556884282 -0.00120053841329911 -345002.268167135 -165399.690273464 1.33961639440911e-16 4.08068745220614e-17
5.90041322314046e-08 0.00167415342791539 -0.00123512756552815 -354942.254960398 -141430.983316316 1.33962228436043e-16 4.06962333743694e-17
5.92293388429749e-08 0.0015931874080338 -0.00126424636889281 -363310.211450448 -116869.173370941 1.33962817433759e-16 4.06031214134395e-17
5.94545454545451e-08 0.00151051586304995 -0.00128777270883905 -370071.045217373 -91817.2416417274 1.33963406434057e-16 4.05279299431486e-17
5.96797520661154e-08 0.0014265042993859 -0.0013056079185967 -375196.402100137 -66380.2247882601 1.33963995436939e-16 4.04709751312952e-17
5.99049586776856e-08 0.00134152384355428 -0.00131767719297654 -378664.785110669 -40664.7745321482 1.33964584442405e-16 4.04324966836275e-17
6.01301652892559e-08 0.00125594968610787 -0.00132392990212136 -380461.644597425 -14778.7104902135 1.33965173450453e-16 4.041265683846e-17
6.03553719008261e-08 0.00117015950854243 -0.00132433980389499 -380579.439280262 11169.4318910808 1.33965762461085e-16 4.04115396860938e-17
6.05805785123964e-08 0.00108453189974853 -0.00131890515401843 -379017.667900573 37070.8564045452 1.339663514743e-16 4.04291508158966e-17
6.08057851239666e-08 0.000999444768651887 -0.00130764871349076 -375782.871353863 62816.9622465039 1.33966940490098e-16 4.04654172925228e-17
6.10309917355369e-08 0.000915273759697657 -0.00129061765326336 -370888.605295688 88299.799363739 1.33967529508479e-16 4.0520187961376e-17
6.12561983471071e-08 0.000832390677822462 -0.00126788335656654 -364355.383335689 113412.521073938 1.33968118529444e-16 4.05932340820329e-17
6.14814049586774e-08 0.000751161929517929 -0.00123954111971712 -356210.591057772 138049.832061863 1.33968707552992e-16 4.0684250286976e-17
6.17066115702476e-08 0.000671946986522225 -0.00120570975266079 -346488.371226795 162108.429872853 1.33969296579124e-16 4.07928558616151e-17
6.19318181818179e-08 0.000595096878581191 -0.0011665310809239 -335229.480662969 185487.438052504 1.33969885607839e-16 4.09185963402337e-17
6.21570247933881e-08 0.000520952721598806 -0.00112216935106219 -322481.119383924 208088.829116417 1.33970474639137e-16 4.10609454111687e-17
6.23822314049584e-08 0.000449844287348383 -0.0010728105420992 -308296.73273072 229817.835576512 1.33971063673019e-16 4.12193071232369e-17
6.26074380165286e-08 0.000382088620741637 -0.0010186615858408 -292735.787307329 250583.347300502 1.33971652709484e-16 4.13930183841596e-17
6.28326446280989e-08 0.000317988710453426 -0.00095994949933454 -275863.521672928 270298.293538383 1.33972241748532e-16 4.15813517405097e-17
6.30578512396691e-08 0.000257832218476246 -0.00089692043311099 -257750.672832194 288880.008014108 1.33972830790164e-16 4.17835184275271e-17
6.32830578512394e-08 0.000201890273931528 -0.000829838639197193 -238473.179670288 306250.575551601 1.33973419834379e-16 4.19986716760162e-17
6.35082644628097e-08 0.00015041633619537 -0.000758985363228875 -218111.864575864 322337.158781668 1.33974008881178e-16 4.22259102624619e-17
6.37334710743799e-08 0.000103645132105741 -0.000684657665306256 -196752.094586934 337072.303559898 1.3397459793056e-16 4.24642822874792e-17
6.39586776859502e-08 6.17916717076193e-05 -0.000607167174537144 -174483.423480225 350394.221814895 1.33975186982525e-16 4.27127891667549e-17
6.41838842975204e-08 2.50503466632169e-05 -0.000526838782488994 -151399.216304651 362247.050640789 1.33975776037074e-16 4.29703898177503e-17
6.44090909090907e-08 -6.40588489210904e-06 -0.00044400928102784 -127596.257933063 372581.086547599 1.33976365094207e-16 4.32360050246099e-17
6.46342975206609e-08 -3.24262236301159e-05 -0.000359025950255169 -103174.347273496 381352.993887164 1.33976954153922e-16 4.35085219629765e-17
6.48595041322312e-08 -5.28826614047223e-05 -0.000272245102463078 -78235.8788412669 388525.986580629 1.33977543216222e-16 4.37867988657413e-17
6.50847107438014e-08 -6.76705180699871e-05 -0.000184030588212498 -52885.4134462627 394069.982385408 1.33978132281105e-16 4.40696698101668e-17
6.53099173553717e-08 -7.67088804898069e-05 -9.47522707980799e-05 -27229.2397954113 397961.7290547 1.33978721348571e-16 4.43559496063117e-17
6.55351239669419e-08 -7.99409418982058e-05 -4.78447549595401e-06 -1374.92884843065 400184.901860456 1.33979310418621e-16 4.46444387662611e-17
6.57603305785122e-08 -7.73342401868953e-05 8.54955799037066e-05 24569.1172046609 400730.172070781 1.33979899491255e-16 4.49339285333283e-17
6.59855371900824e-08 -6.88807941205584e-05 0.000175709366698858 50494.1194532305 399595.246094517 1.33980488566472e-16 4.52232059501404e-17
6.62107438016527e-08 -5.45971369082822e-05 0.000265478632381143 76291.3783572404 396784.875128772 1.33981077644272e-16 4.55110589443595e-17
6.64359504132229e-08 -3.45242469899281e-05 0.000354426986590371 101852.72950767 392310.835268788 1.33981666724656e-16 4.57962814107157e-17
6.66611570247932e-08 -8.72737632719063e-06 0.000442181479268263 127070.997145213 386191.878163441 1.33982255807624e-16 4.60776782680419e-17
6.68863636363634e-08 2.27042230811549e-05 0.000528374164394467 151840.44353572 378453.652423115 1.33982844893176e-16 4.63540704701108e-17
6.71115702479337e-08 5.96576733135855e-05 0.000612643642748294 176057.212318184 369128.596109368 1.33983433981311e-16 4.66242999492595e-17
6.73367768595039e-08 0.000101996943701581 0.000694636577227517 199619.763966387 358255.800757014 1.33984023072029e-16 4.68872344720776e-17
6.75619834710742e-08 0.000149563421083279 0.000774009174370616 222429.301538312 345880.84749865 1.33984612165331e-16 4.7141772386797e-17
6.77871900826444e-08 0.000202176574744468 0.00085042862587055 244390.184928219 332055.615978598 1.33985201261217e-16 4.73868472424786e-17
6.80123966942147e-08 0.00025963471325935 0.000923574504035806 265410.331884402 316838.06685734 1.33985790359687e-16 4.76214322606279e-17
6.82376033057849e-08 0.000321715830058161 0.000993140105347616 285401.604111195 300291.998818257 1.3398637946074e-16 4.78445446404892e-17
6.84628099173552e-08 0.000388178534176693 0.00105883373647976 304280.176836278 282486.781095391 1.33986968564377e-16 4.8055249679968e-17
6.86880165289254e-08 0.000458763062285627 0.00112037993738861 321966.890293679 263497.062643583 1.33987557670597e-16 4.82526646949005e-17
6.89132231404957e-08 0.000533192367756729 0.00117752063634499 338387.581648681 243402.459170312 1.33988146779401e-16 4.84359627202377e-17
6.91384297520659e-08 0.00061117328219999 0.0012300162320646 353473.39597284 222287.219341333 1.33988735890789e-16 4.86043759776243e-17
6.93636363636362e-08 0.000692397744601859 0.0012776465983995 367161.074965146 200239.871559595 1.33989325004761e-16 4.87571990948317e-17
6.95888429752064e-08 0.000776544092911302 0.00132021200737785 379393.222208678 177352.852798343 1.33989914121316e-16 4.8893792063547e-17
6.98140495867767e-08 0.000863278412658533 0.00135753396672133 390118.543850457 153722.121044573 1.33990503240456e-16 4.90135829231137e-17
7.0039256198347e-08 0.000952255936952127 0.00138945596832836 399292.06369527 129446.752977724 1.33991092362178e-16 4.91160701589709e-17
7.02644628099172e-08 0.00104312249198477 0.00141584414458431 406875.311811488 104628.528570428 1.33991681486485e-16 4.92008248057343e-17
7.04896694214875e-08 0.00113551598198706 0.00143658782974671 412836.485857978 79371.5043529497 1.33992270613376e-16 4.92674922460989e-17
7.07148760330577e-08 0.00122906790740338 0.00145160002405101 417150.584455552 53781.5771305056 1.3399285974285e-16 4.9315793698019e-17
7.0940082644628e-08 0.00132340490992446 0.00146081775859072 419799.512043653 27966.0399826893 1.33993448874908e-16 4.93455273839307e-17
7.11652892561982e-08 0.00141815033789877 0.00146420235944154 420772.154782476 2033.13240658887 1.3399403800955e-16 4.9356569377111e-17
7.13904958677685e-08 0.00151292582555917 0.00146173960992157 420064.427182172 -23908.4135102477 1.33994627146775e-16 4.93488741216244e-17
7.16157024793387e-08 0.00160735287944355 0.00145343981030689 417679.289263489 -49749.828984192 1.33995216286585e-16 4.93224746236757e-17
7.1840909090909e-08 0.00170105446535783 0.00143933773475168 413626.734177774 -75382.7645857752 1.33995805428978e-16 4.92774823135643e-17
7.20661157024792e-08 0.0017936565892274 0.00141949248559295 407923.7463381 -100699.744533642 1.33996394573955e-16 4.92140865788191e-17
7.22913223140495e-08 0.00188478986520883 0.00139398724565045 400594.230236965 -125594.617327428 1.33996983721516e-16 4.91325539704678e-17
7.25165289256197e-08 0.00197409106448677 0.00136292892955984 391668.910248855 -149963.000830111 1.33997572871661e-16 4.90332270857687e-17
7.274173553719e-08 0.00206120463826227 0.00132644773560048 381185.201837695 -173702.719933653 1.3399816202439e-16 4.89165231320882e-17
7.29669421487602e-08 0.00214578420854664 0.00128469659989666 369187.054709033 -196714.234972837 1.33998751179703e-16 4.87829321779431e-17
7.31921487603305e-08 0.0022274940205101 0.0012378505552802 355724.768564498 -218901.059090983 1.339993403376e-16 4.86330150985397e-17
7.34173553719007e-08 0.00230601035029556 0.00118610599750223 340854.782230912 -240170.16280755 1.3399992949808e-16 4.84674012244228e-17
7.3642561983471e-08 0.00238102286239457 0.00112967986187044 324639.437048095 -260432.364091278 1.34000518661145e-16 4.82867857030925e-17
7.38677685950412e-08 0.00245223591089406 0.00106880871376344 307146.715507314 -279602.702303294 1.34001107826793e-16 4.80919265846479e-17
7.40929752066115e-08 0.00251936977913754 0.00100374775683553 288449.956236139 -297600.794442217 1.34001696995025e-16 4.78836416436789e-17
7.43181818181817e-08 0.0025821618526029 0.000934769763069617 268627.546524598 -314351.172197517 1.34002286165842e-16 4.76628049507275e-17
7.4543388429752e-08 0.00264036772007884 0.000862163929164247 247762.593681745 -329783.598397826 1.34002875339242e-16 4.74303432076946e-17
7.47685950413222e-08 0.00269376219852242 0.000786234664049384 225942.576600489 -343833.36152729 1.34003464515227e-16 4.71872318625554e-17
7.49938016528925e-08 0.00274214027730049 0.000707300312614366 203258.978991523 -356441.547075013 1.34004053693795e-16 4.69344910196731e-17
7.52190082644627e-08 0.00278531797785552 0.000625691820998974 179806.905824087 -367555.284579756 1.34004642874947e-16 4.66731811628582e-17
7.5444214876033e-08 0.00282313312519096 0.000541751349043595 155684.684581666 -377127.969333974 1.34005232058684e-16 4.64043987091032e-17
7.56694214876032e-08 0.00285544602794114 0.000455830835716011 130993.453004459 -385119.457817506 1.34005821245004e-16 4.61292714116364e-17
7.58946280991735e-08 0.00288214006417379 0.000368290523529556 105836.735047062 -391496.236041373 1.34006410433909e-16 4.58489536315676e-17
7.61198347107437e-08 0.00290312217046865 0.000279497448139337 80320.00682928 -396231.560095743 1.34006999625397e-16 4.55646214979501e-17
7.6345041322314e-08 0.00291832323222105 0.000189823899449264 54550.2543999065 -399305.568312629 1.3400758881947e-16 4.52774679765518e-17
7.65702479338843e-08 0.00292769837353365 9.96458606820849e-05 28635.5251676737 -400705.364572921 1.34008178016126e-16 4.49886978680118e-17
7.67954545454545e-08 0.00293122714548026 9.3414319570682e-06 2684.47488011753 -400425.072408335 1.34008767215367e-16 4.46995227563523e-17
7.70206611570248e-08 0.00292891361195219 -8.07107550150344e-05 -23194.087950213 -398465.859671309 1.34009356417192e-16 4.44111559290272e-17
7.7245867768595e-08 0.00292078633272643 -0.000170133124472865 -48891.6582620633 -394835.933669275 1.34009945621601e-16 4.41248072898062e-17
7.74710743801653e-08 0.00290689824382645 -0.000258550739724865 -74300.4893914585 -389550.506783581 1.34010534828594e-16 4.38416782858238e-17
7.76962809917355e-08 0.00288732643567671 -0.000345592875211423 -99314.0448398436 -382631.732717097 1.34011124038172e-16 4.35629568700631e-17
7.79214876033058e-08 0.00286217182998055 -0.000430894570917299 -123827.444970172 -374108.613637661 1.34011713250333e-16 4.3289812520397e-17
7.8146694214876e-08 0.00283155875667588 -0.000514098162616851 -147737.906757991 -364016.878606592 1.34012302465079e-16 4.30233913360701e-17
7.83719008264463e-08 0.00279563443274201 -0.000594854781535869 -170945.174753695 -352398.833801856 1.34012891682408e-16 4.27648112321826e-17
7.85971074380165e-08 0.00275456834504233 -0.000672825817142045 -193351.941448939 -339303.185163762 1.34013480902322e-16 4.25151572523242e-17
7.88223140495868e-08 0.00270855153979027 -0.000747684336930663 -214864.255284642 -324784.834206687 1.34014070124821e-16 4.22754770190129e-17
7.9047520661157e-08 0.0026577958216171 -0.000819116457252385 -235391.914589819 -308904.647852828 1.34014659349903e-16 4.20467763410148e-17
7.92727272727273e-08 0.00260253286559949 -0.000886822659435249 -254848.845799442 -291729.203252942 1.3401524857757e-16 4.18300149959622e-17
7.94979338842975e-08 0.00254301324596951 -0.000950519045682347 -273153.464365465 -273330.508663864 1.3401583780782e-16 4.16261027059556e-17
7.97231404958678e-08 0.00247950538557916 -0.00100993852947914 -290229.016847689 -253785.701553034 1.34016427040655e-16 4.14358953230222e-17
7.9948347107438e-08 0.00241229443052385 -0.00106483195551895 -306003.902750051 -233176.725195726 1.34017016276075e-16 4.12601912404267e-17
8.01735537190083e-08 0.00234168105464303 -0.00111496914445056 -320411.974752845 -211589.98512086 1.34017605514078e-16 4.1099728044882e-17
8.03987603305785e-08 0.00226798019891019 -0.00116013985806734 -333392.816081938 -189115.986845782 1.34018194754666e-16 4.09551794236977e-17
8.06239669421488e-08 0.00219151975099743 -0.00120015468089036 -344891.993851942 -165848.956418846 1.34018783997838e-16 4.08271523398343e-17
8.0849173553719e-08 0.00211263917055086 -0.00123484581444902 -354861.287320978 -141886.445360734 1.34019373243595e-16 4.07161844867111e-17
8.10743801652893e-08 0.0020316880659404 -0.00126406778092853 -363258.89009991 -117328.921660861 1.34019962491935e-16 4.06227420334377e-17
8.12995867768595e-08 0.00194902472845144 -0.00128769803323332 -370049.585468089 -92279.348543684 1.3402055174286e-16 4.05472176699273e-17
8.15247933884298e-08 0.00186501463006388 -0.00130563746890832 -375204.894060428 -66842.7527710459 1.3402114099637e-16 4.04899289600868e-17
8.175e-08 0.00178002889111709 -0.00131781084576282 -378703.193306442 -41125.7842905322 1.34021730252464e-16 4.04511170099922e-17
8.19752066115703e-08 0.00169444272428554 -0.00132416709745375 -380529.808120364 -15236.2690761353 1.34022319511142e-16 4.04309454566331e-17
8.22004132231405e-08 0.00160863386138895 -0.0013246795477049 -380677.072461937 10717.2429639356 1.34022908772404e-16 4.04294997814691e-17
8.24256198347108e-08 0.00152298096963327 -0.00131934602226325 -379144.361509659 36625.9331167707 1.34023498036251e-16 4.04467869516766e-17
8.2650826446281e-08 0.00143786206392275 -0.00130818885812281 -375938.094311438 62381.1701233264 1.34024087302682e-16 4.0482735390592e-17
8.28760330578513e-08 0.00135365292190005 -0.00129125480997656 -371071.706901431 87874.9656530298 1.34024676571698e-16 4.05371952774771e-17
8.31012396694216e-08 0.00127072550835984 -0.00126861485428849 -364565.59599564 113000.427084682 1.34025265843298e-16 4.06099391753506e-17
8.33264462809918e-08 0.00118944641564228 -0.00124036389180669 -356447.033502215 137652.205695211 1.34025855117482e-16 4.07006629842554e-17
8.35516528925621e-08 0.00111017532654536 -0.00120662034976435 -346750.052204791 161726.938377067 1.34026444394251e-16 4.08089872159655e-17
8.37768595041323e-08 0.00103326350620125 -0.0011675256854362 -335515.30309803 185123.681032182 1.34027033673605e-16 4.09344585847898e-17
8.40020661157026e-08 0.000959052329239921 -0.0011232437931314 -322789.884973418 207744.331825307 1.34027622955542e-16 4.10765519078039e-17
8.42272727272728e-08 0.000887871848415629 -0.00107396031710889 -308627.146969722 229494.042522038 1.34028212240065e-16 4.12346723065445e-17
8.44524793388431e-08 0.000820039410697998 -0.00101988187329559 -293086.464915854 250281.616186813 1.34028801527171e-16 4.14081577009354e-17
8.46776859504133e-08 0.000755858326630357 -0.000961235183070336 -276232.992403795 270019.889573337 1.34029390816863e-16 4.15962815849903e-17
8.49028925619836e-08 0.000695616598534783 -0.000898266122744938 -258137.387635168 288626.098604047 1.34029980109138e-16 4.17982560726556e-17
8.51280991735538e-08 0.000639585712896527 -0.000831238692727503 -238875.517186656 306022.22540617 1.34030569403999e-16 4.20132352010235e-17
8.53533057851241e-08 0.000588019501991452 -0.000760433910689747 -218528.137936227 322135.325449205 1.34031158701443e-16 4.22403184770669e-17
8.55785123966943e-08 0.000541153079529797 -0.000686148633378723 -197180.558483688 336897.833412117 1.34031748001473e-16 4.24785546530255e-17
8.58037190082646e-08 0.00049920185477928 -0.000608694312012649 -174922.281485113 350247.846497691 1.34032337304087e-16 4.27269457146155e-17
8.60289256198348e-08 0.000462360629301497 -0.000528395686478947 -151846.628400676 362129.38400606 1.34032926609285e-16 4.29844510653419e-17
8.62541322314051e-08 0.000430802780089242 -0.000445589423809257 -128050.348229198 372492.622078946 1.34033515917068e-16 4.32499918893683e-17
8.64793388429753e-08 0.000404679532530076 -0.000360622706639839 -103633.211869846 381294.102630265 1.34034105227436e-16 4.35224556746552e-17
8.67045454545456e-08 0.000384119326244917 -0.000273851777575509 -78697.5938116966 388496.915586962 1.34034694540388e-16 4.38007008773996e-17
8.69297520661158e-08 0.00036922727646098 -0.000185640445560169 -53348.0429050282 394070.853675862 1.34035283855925e-16 4.40835617082218e-17
8.71549586776861e-08 0.000360084733177863 -9.63585605163134e-05 -27690.8440139727 397992.539107412 1.34035873174046e-16 4.43698530200302e-17
8.73801652892563e-08 0.000356748939975567 -6.38046264897846e-06 -1833.57238841178 400245.521625027 1.34036462494752e-16 4.46583752770716e-17
8.76053719008266e-08 0.000359252793895446 8.39165870841656e-05 24115.3573764651 400820.347508812 1.34037051818043e-16 4.49479195843334e-17
8.78305785123968e-08 0.000367604707401305 0.000174153988755856 50047.1459018237 399714.599244206 1.34037641143918e-16 4.52372727562086e-17
8.80557851239671e-08 0.000381788572999883 0.00026395339087331 75853.0652021796 396932.905689103 1.34038230472378e-16 4.55252224031737e-17
8.82809917355373e-08 0.000401763830669491 0.000352938276747606 101424.914565051 392486.92269668 1.34038819803423e-16 4.58105620151509e-17
8.85061983471076e-08 0.000427465637814568 0.000440735543176988 126655.474221841 386395.284275058 1.34039409137052e-16 4.60920960202403e-17
8.87314049586778e-08 0.00045880514103398 0.000526977064824869 151438.954907762 378683.524488441 1.34039998473266e-16 4.63686447976134e-17
8.89566115702481e-08 0.000495669848564053 0.000611301237733296 175671.441425856 369383.970427065 1.34040587812065e-16 4.66390496235474e-17
8.91818181818183e-08 0.000537924101835166 0.00069335449550007 199251.328355294 358535.606694585 1.34041177153448e-16 4.69021775298631e-17
8.94070247933886e-08 0.000585409644165194 0.000772792791762303 222079.746077047 346183.911980962 1.34041766497416e-16 4.71569260543952e-17
8.96322314049589e-08 0.00063794628420577 0.000849283042770456 244060.975330652 332380.668405956 1.34042355843969e-16 4.74022278635767e-17
8.98574380165291e-08 0.000695332651360064 0.000922504524004186 265102.848563824 317183.74443248 1.34042945193107e-16 4.76370552277546e-17
9.00826446280994e-08 0.000757347040005135 0.000992150214974019 285117.136392092 300656.852259938 1.34043534544829e-16 4.78604243304725e-17
9.03078512396696e-08 0.000823748338979547 0.00105792808657007 304019.91754799 282869.280714623 1.34044123899136e-16 4.80713993936506e-17
9.05330578512399e-08 0.000894277042439436 0.0011195623255599 321731.930768638 263895.604757023 1.34044713256028e-16 4.8269096601367e-17
9.07582644628101e-08 0.000968656337845017 0.00117679449110118 338178.907146176 243815.372823925 1.34045302615505e-16 4.84526878057864e-17
9.09834710743804e-08 0.00104659326651612 0.00122938459841963 353291.881547518 222712.77331615 1.34045891977567e-16 4.86214039996981e-17
9.12086776859506e-08 0.00112777995189104 0.00127711212510838 367007.481797559 200676.281630175 1.34046481342213e-16 4.87745385411017e-17
9.14338842975209e-08 0.0012118948903391 0.00131977693582916 379268.194413274 177798.28921352 1.34047070709445e-16 4.89114501163191e-17
9.16590909090911e-08 0.00129860429911505 0.00135720012153759 390022.605774398 154174.71619911 1.34047660079261e-16 4.90315654292086e-17
9.18842975206614e-08 0.00138756351580376 0.00138922474971387 399225.617719399 129904.609242727 1.34048249451662e-16 4.91343816052036e-17
9.21095041322316e-08 0.00147841844338777 0.00141571652245245 406838.636662678 105089.726249671 1.34048838826647e-16 4.92194683000958e-17
9.23347107438019e-08 0.00157080703487905 0.00143656433965135 412829.735439926 79834.1097317635 1.34049428204218e-16 4.92864695047181e-17
9.25599173553721e-08 0.00166436081129018 0.00145168076493913 417173.787202944 54243.6505834768 1.34050017584374e-16 4.93351050379622e-17
9.27851239669424e-08 0.00175870640658056 0.00146100239238562 419852.570802387 28425.6441061792 1.34050606967114e-16 4.93651717218652e-17
9.30103305785126e-08 0.0018534671331001 0.00146449011245841 420854.847216465 2488.34014197177 1.3405119635244e-16 4.93765442338416e-17
9.32355371900829e-08 0.00194826456096666 0.00146212927610953 420176.406705014 -23459.5107966852 1.3405178574035e-16 4.9369175632482e-17
9.34607438016531e-08 0.00204272010475545 0.00145392975630388 417820.086491107 -49309.1134985696 1.34052375130845e-16 4.93430975547152e-17
9.36859504132234e-08 0.00213645661084741 0.00143992590673101 413795.758895926 -74952.0842147086 1.34052964523925e-16 4.92984200835039e-17
9.39111570247936e-08 0.00222909993878134 0.00142017641787281 408120.289976532 -100280.905096195 1.3405355391959e-16 4.92353312866285e-17
9.41363636363639e-08 0.00232028052997918 0.00139476407103038 400817.468839807 -125189.375003411 1.34054143317841e-16 4.91540964284899e-17
9.43615702479341e-08 0.00240963495726715 0.00136379539134061 391917.90792884 -149573.054796479 1.34054732718676e-16 4.9055056858237e-17
9.45867768595044e-08 0.00249680744869554 0.00132740020123726 381458.91469969 -173329.705239876 1.34055322122096e-16 4.89386285788766e-17
9.48119834710746e-08 0.00258145137926818 0.00128573107622805 369484.335226458 -196359.715685108 1.34055911528101e-16 4.88053005033654e-17
9.50371900826449e-08 0.00266323072432658 0.00123896270526934 356044.370390268 -218566.521734028 1.34056500936691e-16 4.86556324049954e-17
9.52623966942151e-08 0.002741821468495 0.00118729115841983 341195.36542274 -239857.010131521 1.34057090347866e-16 4.84902525706625e-17
9.54876033057854e-08 0.00281691296427862 0.00113093306484338 324999.57368625 -260141.909189878 1.34057679761626e-16 4.83098551668595e-17
9.57128099173556e-08 0.00288820923461823 0.00107012470460722 307524.895681279 -279336.163107785 1.34058269177971e-16 4.81151973294338e-17
9.59380165289259e-08 0.00295543021393984 0.00100512101808291 288844.594375065 -297359.288614408 1.34058858596902e-16 4.79070959893121e-17
9.61632231404962e-08 0.00301831292249537 0.000936194537103372 269036.988045024 -314135.712443148 1.34059448018417e-16 4.76864244474997e-17
9.63884297520664e-08 0.00307661256907027 0.000863634242356889 248185.121924706 -329595.088219989 1.34060037442517e-16 4.74541087137142e-17
9.66136363636367e-08 0.00313010357743438 0.000787744351808698 226376.420028919 -343672.591437703 1.34060626869203e-16 4.72111236240034e-17
9.68388429752069e-08 0.00317858053223187 0.000708843045229733 203702.318617795 -356309.191279036 1.34061216298473e-16 4.69584887536253e-17
9.70640495867772e-08 0.00322185904034388 0.000627261130180133 180257.882836532 -367451.898149041 1.34061805730329e-16 4.66972641423256e-17
9.72892561983474e-08 0.00325977650411211 0.000543340655040555 156141.408138105 -377053.985878617 1.3406239516477e-16 4.64285458499353e-17
9.75144628099177e-08 0.00329219280318079 0.000457433474906421 131454.008160063 -385075.187667453 1.34062984601796e-16 4.61534613609221e-17
9.77396694214879e-08 0.0033189908820979 0.000369899776357856 106299.190783312 -391481.864944716 1.34063574041407e-16 4.58731648571635e-17
9.79648760330582e-08 0.00334007724121139 0.000281106567290555 80782.4241503521 -396247.148439361 1.34064163483603e-16 4.55888323787603e-17
9.81900826446284e-08 0.00335538232880185 0.000191426138139322 55010.6944625417 -399351.050868445 1.34064752928385e-16 4.53016568931819e-17
9.84152892561987e-08 0.00336486083280696 0.000101234500946005 29092.0574104432 -400780.550770842 1.34065342375751e-16 4.50128432934152e-17
9.86404958677689e-08 0.00336849187091414 1.09098128164715e-05 3135.18511799938 -400529.647134734 1.34065931825703e-16 4.47236033460902e-17
9.88657024793392e-08 0.00336627907822392 -7.91692096232441e-05 -22751.0894998851 -398599.3845897 1.3406652127824e-16 4.44351506107634e-17
9.90909090909094e-08 0.00335825059211614 -0.00016862487812373 -48458.2290559318 -394997.849057647 1.34067110733363e-16 4.41486953516612e-17
9.93161157024797e-08 0.00334445893438173 -0.000257082116404129 -73878.4467719765 -389740.133880695 1.3406770019107e-16 4.38654394632179e-17
9.95413223140499e-08 0.00332498079111407 -0.000344170032799438 -98905.158415268 -382848.276567899 1.34068289651363e-16 4.35865714306851e-17
9.97665289256202e-08 0.00329991669128225 -0.000429523475369277 -123433.429194665 -374351.166425898 1.34068879114241e-16 4.33132613469403e-17
9.99917355371904e-08 0.00326939058533348 -0.000512784562947706 -147360.413742941 -364284.423460646 1.34069468579704e-16 4.30466560063917e-17
1.00216942148761e-07 0.0032335493255911 -0.000593604185714555 -170585.787340402 -352690.249057848 1.34070058047752e-16 4.27878740965471e-17
1.00442148760331e-07 0.00319256205062629 -0.000671643468996447 -193012.166571704 -339617.249068052 1.34070647518386e-16 4.25380015074099e-17
1.00667355371901e-07 0.00314661947618444 -0.000746575194159897 -214545.517652096 -325120.230038058 1.34071236991605e-16 4.22980867783691e-17
1.00892561983471e-07 0.00309593309563861 -0.000818085170638689 -235095.550710984 -309259.969442873 1.3407182646741e-16 4.20691367016753e-17
1.01117768595042e-07 0.00304073429332225 -0.000885873553342637 -254576.098379571 -292102.960881515 1.34072415945799e-16 4.18521121009353e-17
1.01342975206612e-07 0.00298127337445831 -0.0009496560999238 -272905.477095165 -273721.135304876 1.34073005426774e-16 4.1647923802329e-17
1.01568181818182e-07 0.0029178185157518 -0.00100916536262837 -290006.829607169 -254191.559444408 1.34073594910335e-16 4.14574288154386e-17
1.01793388429752e-07 0.00285065464104541 -0.00106415180973669 -305808.447248616 -233596.112705964 1.34074184396481e-16 4.12814267397066e-17
1.02018595041323e-07 0.00278008222675213 -0.00111438487188907 -320244.070621907 -212021.143883438 1.34074773885212e-16 4.11206564115892e-17
1.02243801652893e-07 0.0027064160420731 -0.00115965390891005 -333253.167437943 -189557.109131454 1.34075363376528e-16 4.09757928064647e-17
1.02469008264463e-07 0.00262998382928258 -0.00119976909307686 -344781.186343609 -166298.192714953 1.3407595287043e-16 4.08474442082879e-17
1.02694214876033e-07 0.00255112492961301 -0.00123456220512853 -354779.785673252 -142341.912125738 1.34076542366917e-16 4.07361496588586e-17
1.02919421487604e-07 0.00247018886050149 -0.00126388733967758 -363207.036164909 -117788.709221583 1.3407713186599e-16 4.06423766974005e-17
1.03144628099174e-07 0.00238753385016278 -0.00128762151706616 -370027.596791235 -92741.529102156 1.34077721367648e-16 4.05665193999292e-17
1.03369834710744e-07 0.00230352533563291 -0.001305665199101 -375212.862967767 -67305.3884873807 1.34078310871892e-16 4.05088967266313e-17
1.03595041322314e-07 0.00221853443058084 -0.00131794270650421 -378741.086516987 -41586.9354079385 1.34078900378721e-16 4.04697511841848e-17
1.03820247933885e-07 0.00213293636931208 -0.0013244025363292 -380597.466885085 -15694.0020540041 1.34079489888135e-16 4.04492478086317e-17
1.04045454545455e-07 0.00204710893348834 -0.00132501757801051 -380774.213228823 10264.847342972 1.34080079400135e-16 4.04474734730681e-17
1.04270661157025e-07 0.00196143086815967 -0.00131978522714106 -379270.577112055 36180.7716997992 1.3408066891472e-16 4.04644365230559e-17
1.04495867768595e-07 0.00187628029375018 -0.00130872739649959 -376092.855674693 61945.1094338738 1.34081258431891e-16 4.05000667412871e-17
1.04721074380166e-07 0.00179203312065591 -0.00129189042428125 -371254.365260688 87449.83406489 1.34081847951648e-16 4.0554215641649e-17
1.04946280991736e-07 0.00170906147310195 -0.00126934487991606 -364775.38561548 112588.007155665 1.34082437473989e-16 4.06266570914601e-17
1.05171487603306e-07 0.00162773212886751 -0.00124118526828857 -356683.074886754 137254.226692958 1.34083026998917e-16 4.07170882592683e-17
1.05396694214876e-07 0.00154840498142089 -0.00120752963359881 -347011.355784767 161345.069028268 1.3408361652643e-16 4.08251308842392e-17
1.05621900826447e-07 0.00147143153091263 -0.00116851906452468 -335800.773379429 184759.522525605 1.34084206056528e-16 4.09503328618131e-17
1.05847107438017e-07 0.00139715341035386 -0.00112431710276047 -323098.325130243 207399.411097964 1.34084795589212e-16 4.10921701389851e-17
1.06072314049587e-07 0.0013259009531595 -0.00107510905741065 -308957.263861654 229169.805856656 1.34085385124482e-16 4.12500489112606e-17
1.06297520661157e-07 0.00125799180806269 -0.00102110122811348 -293436.874509761 249979.423147447 1.34085974662337e-16 4.14233081120788e-17
1.06522727272728e-07 0.00119372960720801 -0.000962520040151109 -276602.225576367 269741.007304544 1.34086564202778e-16 4.16112221842657e-17
1.06747933884298e-07 0.0011334026930081 -0.000899611095172233 -258523.896332348 288371.696517549 1.34087153745804e-16 4.18130041218981e-17
1.06973140495868e-07 0.00107728290910232 -0.000832638141507147 -239277.680914041 305793.370277265 1.34087743291416e-16 4.20278087698265e-17
1.07198347107438e-07 0.00102562446048669 -0.000761881968392055 -218944.270553225 321932.976943494 1.34088332839614e-16 4.22547363670224e-17
1.07423553719009e-07 0.000978662847595027 -0.000687639228738713 -197608.915272958 336722.840061308 1.34088922390397e-16 4.24928363188953e-17
1.07648760330579e-07 0.000936613878800588 -0.000610221195385004 -175361.066467629 350100.942141352 1.34089511943766e-16 4.27411111827636e-17
1.07873966942149e-07 0.000899672765479178 -0.000529952456041012 -152294.001865761 362011.184714242 1.3409010149972e-16 4.2998520849769e-17
1.08099173553719e-07 0.0008680133034282 -0.000447169552402207 -128504.434447952 372403.623568583 1.34090691058261e-16 4.32639869057026e-17
1.0832438016529e-07 0.000841787144074303 -0.000362219569135481 -104092.106959619 381234.678186179 1.34091280619386e-16 4.35363971524578e-17
1.0854958677686e-07 0.000821123158525674 -0.00027545867865397 -79159.3737186516 388467.314496206 1.34091870183098e-16 4.38146102711539e-17
1.0877479338843e-07 0.000806126897135851 -0.000187250647782014 -53810.7714713035 394071.200181952 1.34092459749395e-16 4.40974606073791e-17
1.09e-07 0.000796880146845406 -9.79653125713844e-05 -28152.5810956362 398022.831888847 1.34093049318278e-16 4.4383763058489e-17
