0 -0.00139 0 0 400000 1.33808e-16 4.46026666666667e-17
5.14150943396226e-10 -0.00137480652346851 0.000206420051185065 59319.5395208737 398588.867284128 1.33823982789371e-16 4.5269446675141e-17
1.02830188679245e-09 -0.00132916744976004 0.000409861392074084 117783.078269957 388428.493423279 1.33839967483056e-16 4.59266823391141e-17
1.54245283018868e-09 -0.00125385522095397 0.00060585810614746 174107.232632332 369740.857378275 1.33855954081282e-16 4.65600630757664e-17
2.05660377358491e-09 -0.00115029370044567 0.000790107155224801 227055.425822284 342935.138976709 1.33871942584277e-16 4.71558002296281e-17
2.57075471698113e-09 -0.00102052699659125 0.000958562851071022 275465.036467654 308598.75967167 1.33887932992268e-16 4.77009297973946e-17
3.08490566037736e-09 -0.000867174668186939 0.00110752568939665 318272.927098765 267484.509808127 1.3390392530548e-16 4.81835970875961e-17
3.59905660377359e-09 -0.000693374293405866 0.00123372359566374 354538.791995537 220494.044488736 1.33919919524142e-16 4.8593317064659e-17
4.11320754716981e-09 -0.000502712661305122 0.00133438379843824 383465.811644938 168658.109874072 1.33935915648481e-16 4.89212046598757e-17
4.62735849056604e-09 -0.000299147094902136 0.00140729375154335 404418.160120069 113113.933562818 1.33951913678723e-16 4.9160169990353e-17
5.14150943396226e-09 -8.69186316124097e-05 0.00145084976646078 416934.980716871 55080.2749978397 1.33967913615095e-16 4.93050741966785e-17
5.65566037735849e-09 0.000129541034221876 0.00146409228602832 420740.522660752 -4169.31673410514 1.33983915457825e-16 4.93528424739574e-17
6.16981132075472e-09 0.000345706804833043 0.00144672702358051 415750.215923836 -63334.4509281186 1.33999919207139e-16 4.93025318100745e-17
6.68396226415094e-09 0.00055705949433294 0.00139913150184141 402072.550325896 -121116.435793576 1.34015924863266e-16 4.91553519389226e-17
7.19811320754717e-09 0.000759185026084709 0.0013223468463006 380006.717172574 -176246.78509571 1.34031932426431e-16 4.89146390430961e-17
7.7122641509434e-09 0.000947871334733136 0.00121805501145174 350036.064692332 -227515.065178154 1.34047941896863e-16 4.85857827776504e-17
8.22641509433962e-09 0.00111920084560904 0.00108854193804492 312817.510427283 -273795.471042411 1.34063953274789e-16 4.81761082112007e-17
8.74056603773585e-09 0.00126963650104681 0.00093664744837914 269167.142495467 -314071.547984694 1.34079966560435e-16 4.76947152703978e-17
9.25471698113208e-09 0.00139609944455834 0.000765702977859091 220042.325324495 -347458.515926338 1.3409598175403e-16 4.71522792069282e-17
9.7688679245283e-09 0.00149603665669255 0.000579458508166707 166520.702221338 -373222.706130435 1.341119988558e-16 4.65608164621692e-17
1.02830188679245e-08 0.00156747705676812 0.000382000304586409 109776.555304618 -390797.683322393 1.34128017865972e-16 4.59334210646741e-17
1.07971698113208e-08 0.00160907483766549 0.000177661262063895 51055.0413868419 -399796.698937047 1.34144038784775e-16 4.52839773430826e-17
1.1311320754717e-08 0.001620139080953 -2.90741729675231e-05 -8355.13092106277 -400021.201704905 1.34160061612436e-16 4.46268552576215e-17
1.18254716981132e-08 0.00160064900065724 -0.000233668418662101 -67149.9833278282 -391465.218299417 1.34176086349182e-16 4.3976595035633e-17
1.23396226415094e-08 0.00155125447936238 -0.000431630351891529 -124038.888520975 -374315.507397442 1.3419211299524e-16 4.33475880321453e-17
1.28537735849057e-08 0.00147326188311896 -0.000618613894466849 -177772.901180459 -348947.483267694 1.34208141550838e-16 4.2753760820183e-17
1.33679245283019e-08 0.00136860546477237 -0.00079051342735305 -227172.177443212 -315916.997860826 1.34224172016203e-16 4.22082694454577e-17
1.38820754716981e-08 0.00123980498169433 -0.000943553938145047 -271151.880849455 -275948.161291802 1.34240204391564e-16 4.17232105577961e-17
1.43962264150943e-08 0.00108991045657069 -0.00107437392242972 -308746.005951853 -229917.467584408 1.34256238677148e-16 4.13093557620154e-17
1.49103773584906e-08 0.000922435292220918 -0.00118009921847589 -339128.596408359 -178834.57367946 1.34272274873181e-16 4.09759150220429e-17
1.54245283018868e-08 0.000741279207199379 -0.00125840615349176 -361631.891508638 -123820.153211022 1.34288312979893e-16 4.07303343150486e-17
1.5938679245283e-08 0.000550642682538209 -0.00130757261410841 -375761.002449689 -66081.3108143375 1.3430435299751e-16 4.05781319811876e-17
1.64528301886792e-08 0.000354934796524621 -0.00132651591864747 -381204.795801203 -6885.09633368003 1.3432039492626e-16 4.0522777365706e-17
1.69669811320755e-08 0.00015867646976236 -0.00131481665829949 -377842.744815397 52469.2999299845 1.34336438766371e-16 4.05656144222688e-17
1.74811320754717e-08 -3.3598756247122e-05 -0.00127272798222471 -365747.597713817 110679.060771055 1.34352484518071e-16 4.07058319597827e-17
1.79952830188679e-08 -0.000217444229375705 -0.00120117012103271 -345183.803883524 166466.338639667 1.34368532181587e-16 4.09404811913584e-17
1.85094339622641e-08 -0.000388597801764006 -0.00110171026709245 -316601.732022395 218606.307522375 1.34384581757147e-16 4.12645402058447e-17
1.90235849056604e-08 -0.000543075406456759 -0.000976528251557608 -280627.806644553 265954.054336124 1.3440063324498e-16 4.16710239523686e-17
1.95377358490566e-08 -0.000677258541278746 -0.000828368769808223 -238050.778964499 307469.719427952 1.34416686645312e-16 4.21511373291304e-17
2.00518867924528e-08 -0.000787973738943871 -0.000660481202363246 -189804.433055075 342241.334134861 1.34432741958372e-16 4.26944680212711e-17
2.0566037735849e-08 -0.000872562278064217 -0.000476548350724064 -136947.106456432 369504.853842288 1.34448799184387e-16 4.32892148597355e-17
2.10801886792453e-08 -0.000928938603731367 -0.00028060565108499 -80638.4743815086 388660.946479038 1.34464858323586e-16 4.39224466928586e-17
2.15943396226415e-08 -0.000955636173986065 -7.69526380448224e-05 -22114.1067814326 399288.167552624 1.34480919376197e-16 4.45803860920481e-17
2.21084905660377e-08 -0.000951839724342576 0.00012994139922188 37341.6435190657 401152.232100883 1.34496982342447e-16 4.52487116671488e-17
2.26226415094339e-08 -0.000917403240539337 0.00033553549816749 96423.8267064368 394211.179574392 1.34513047222564e-16 4.59128723578493e-17
2.31367924528302e-08 -0.000852853243309065 0.000535316688999227 153835.537327734 378616.317790555 1.34529114016777e-16 4.65584068038215e-17
2.36509433962264e-08 -0.000759377311317173 0.000724899058237776 208316.38247792 354708.924736528 1.34545182725314e-16 4.71712607839884e-17
2.41650943396226e-08 -0.000638798092432528 0.000900120035177941 258670.151924327 323012.780111371 1.34561253348402e-16 4.77380957568582e-17
2.46792452830188e-08 -0.000493533372057209 0.00105713178742117 303791.082710666 284222.690044084 1.3457732588627e-16 4.82465817283691e-17
2.51933962264151e-08 -0.000326543073358907 0.00119248571875442 342688.14156194 239189.256393917 1.34593400339146e-16 4.8685668016892e-17
2.57075471698113e-08 -0.000141264351200124 0.00130320821381507 374506.791852417 188900.224501185 1.34609476707258e-16 4.9045825969435e-17
2.62216981132075e-08 5.84637969584683e-05 0.00138686596589446 398547.767049403 134458.818399994 1.34625554990834e-16 4.9319258298057e-17
2.67358490566037e-08 0.000268484749629908 0.00144161945268598 414282.438196845 77059.5386786034 1.34641635190103e-16 4.95000704375546e-17
2.725e-08 0.000484415461792406 0.00146626338476646 421364.437714843 17961.9539249446 1.34657717305293e-16 4.95844001585765e-17
2.77641509433962e-08 0.000701742646270658 0.00146025323740972 419637.283925241 -41536.9392008837 1.34673801336631e-16 4.95705025861661e-17
2.82783018867924e-08 0.000915921825407705 0.00142371728169773 409137.838467555 -100131.180737985 1.34689887284347e-16 4.94587887522546e-17
2.87924528301886e-08 0.00112247707917336 0.00135745384911725 390095.520218041 -156534.512333073 1.34705975148669e-16 4.92518168303342e-17
2.93066037735849e-08 0.00131709930030936 0.00126291388792503 362927.292460865 -209508.613111604 1.34722064929824e-16 4.8954236239075e-17
2.98207547169811e-08 0.00149574079962121 0.00114216919241903 328228.532839969 -257890.286679809 1.34738156628042e-16 4.85726858362016e-17
3.03349056603773e-08 0.00165470418438452 0.000997867000779789 286759.986006704 -300617.0023747 1.34754250243551e-16 4.81156484318158e-17
3.08490566037735e-08 0.00179072355829179 0.00083317195644056 239431.084887433 -336750.229932522 1.34770345776579e-16 4.75932648094112e-17
3.13632075471698e-08 0.00190103625967641 0.000651696705435568 187280.006238587 -365496.055113962 1.34786443227355e-16 4.70171113320161e-17
3.1877358490566e-08 0.00198344356222392 0.000457422651768694 131450.897883021 -386222.623446754 1.34802542596107e-16 4.63999460106967e-17
3.23915094339622e-08 0.00203635900446759 0.000254612609059082 73168.7771555295 -398474.028815512 1.34818643883064e-16 4.57554286054902e-17
3.29056603773585e-08 0.00205884328575622 4.77172648048906e-05 13712.651262178 -401980.341619012 1.34834747088454e-16 4.50978208994922e-17
3.34198113207547e-08 0.00205062496112286 -0.000158722490351528 -45612.5506471155 -396663.555915721 1.34850852212506e-16 4.44416737227529e-17
3.39339622641509e-08 0.00201210647910768 -0.000360175224965428 -103504.617739975 -382639.324530768 1.34866959255449e-16 4.38015075942703e-17
3.44481132075471e-08 0.0019443554282576 -0.000552218433375511 -158692.641507995 -360214.443536714 1.3488306821751e-16 4.31914939912616e-17
3.49622641509434e-08 0.00184908118268078 -0.000730635623207106 -209964.916089159 -329880.140817587 1.3489917909892e-16 4.26251442419684e-17
3.54764150943396e-08 0.00172859745754915 -0.000891508892426984 -256195.542409395 -292301.315533102 1.34915291899906e-16 4.21150128717421e-17
3.59905660377358e-08 0.00158577159478126 -0.00103130496333504 -296369.152024764 -248301.964195622 1.34931406620697e-16 4.16724219157214e-17
3.65047169811321e-08 0.00142396169050987 -0.00114695278425692 -329603.207748972 -198847.112804887 1.34947523261522e-16 4.13072122519676e-17
3.70188679245283e-08 0.00124694294294492 -0.0012359109945665 -355167.391276058 -145021.65121597 1.34963641822609e-16 4.10275274165475e-17
3.75330188679245e-08 0.00105882483602099 -0.00129622377096524 -372499.651890561 -88006.5339595351 1.34979762304188e-16 4.08396346497151e-17
3.80471698113207e-08 0.000863960975565866 -0.00132656382780153 -381218.563596247 -29052.8695954205 1.34995884706488e-16 4.07477871056887e-17
3.8561320754717e-08 0.000666853556221776 -0.00132626162603739 -381131.718983099 30545.5329102516 1.35012009029736e-16 4.07541302554379e-17
3.90754716981132e-08 0.000472054555441924 -0.00129532014807903 -372239.975113995 89480.5583579977 1.35028135274163e-16 4.08586545422165e-17
3.95896226415094e-08 0.000284065822975868 -0.00123441491244213 -354737.45773911 146458.496894523 1.35044263439996e-16 4.10591953345692e-17
4.01037735849057e-08 0.000107240258759834 -0.00114487922617135 -329007.323240178 200228.44281413 1.35060393527466e-16 4.13514801834785e-17
4.06179245283019e-08 -5.43137515012886e-05 -0.00102867499696629 -295613.370824954 249609.757187661 1.350765255368e-16 4.17292223519879e-17
4.11320754716981e-08 -0.000196822545021825 -0.000888349743970722 -255287.688590797 293517.99139945 1.35092659468228e-16 4.21842585698296e-17
4.16462264150943e-08 -0.000316930054163484 -0.000726980749198901 -208914.604155174 330988.702384196 1.35108795321979e-16 4.27067279945934e-17
4.21603773584906e-08 -0.000411771522274462 -0.000548107573949709 -157511.291698354 361198.636565279 1.35124933098282e-16 4.32852884561295e-17
4.26745283018868e-08 -0.00047903644397708 -0.000355654420095008 -102205.460697636 383483.817191033 1.35141072797365e-16 4.3907365242036e-17
4.3188679245283e-08 -0.000517019347073273 -0.00015384403921123 -44210.6157403261 397354.137680853 1.35157214419459e-16 4.45594269672379e-17
4.37028301886793e-08 -0.000524657299950432 5.28949217480824e-05 15200.5698238871 402504.140239141 1.35173357964792e-16 4.52272824755135e-17
4.42169811320755e-08 -0.000501553319613946 0.000260025105247287 74724.1821643914 398819.742690726 1.35189503433593e-16 4.58963922584521e-17
4.47311320754717e-08 -0.00044798516485745 0.000463000025753215 133053.684310977 386380.76540016 1.35205650826092e-16 4.65521875578875e-17
4.52452830188679e-08 -0.000364899319818305 0.000657363864545421 188908.594483081 365459.202308291 1.35221800142517e-16 4.71803901483883e-17
4.57594339622642e-08 -0.000253890298215456 0.000838849286269448 241062.595921483 336513.273530001 1.35237951383098e-16 4.77673257806212e-17
4.62735849056604e-08 -0.000117165720795102 0.00100347112991244 288370.461140569 300177.38955666 1.35254104548065e-16 4.8300224404713e-17
4.67877358490566e-08 4.2502069156706e-05 0.00114761391718151 329793.199469367 257248.246863141 1.35270259637645e-16 4.87675005820982e-17
4.73018867924528e-08 0.000221836791793244 0.00126811125672884 364420.875678156 208667.359661525 1.3528641665207e-16 4.91590079284186e-17
4.78160377358491e-08 0.000417130085396209 0.00136231540032588 391492.598541576 155500.410806961 1.35302575591568e-16 4.94662619993268e-17
4.83301886792453e-08 0.00062432285387458 0.00142815542304688 410413.240249739 98913.8747267521 1.35318736456368e-16 4.96826267230674e-17
4.88443396226415e-08 0.000839094322617034 0.00146418274904432 420766.519284733 40149.4251771341 1.353348992467e-16 4.9803460283271e-17
4.93584905660378e-08 0.00105695684882978 0.00146960302211257 422324.159158572 -19503.3106834194 1.35351063962793e-16 4.98262172449886e-17
4.9872641509434e-08 0.00127335440594729 0.00144429361984977 415050.921509621 -78735.0540500619 1.35367230604877e-16 4.97505046770724e-17
5.03867924528302e-08 0.00148376258080915 0.00138880642526983 399105.402588903 -136245.610955505 1.35383399173182e-16 4.95780910335286e-17
5.09009433962264e-08 0.00168378788883334 0.00130435579327048 374836.575148505 -190772.412764575 1.35399569667936e-16 4.93128675932679e-17
5.14150943396227e-08 0.00186926422712487 0.00119279197433102 342776.151131143 -241118.234188795 1.35415742089369e-16 4.89607632990027e-17
5.19292452830189e-08 0.00203634434802152 0.00105656057705998 303626.932302793 -286177.480309282 1.35431916437711e-16 4.85296148590348e-17
5.24433962264151e-08 0.0021815843446282 0.000898648957731111 258247.404055385 -324960.465434186 1.35448092713192e-16 4.80289949578842e-17
5.29575471698114e-08 0.00230201929303982 0.00072252071200614 207632.910099768 -356615.150627579 1.35464270916041e-16 4.7470002341566e-17
5.34716981132076e-08 0.00239522838984314 0.000532039705341245 152893.820859334 -380445.862465691 1.35480451046487e-16 4.68650183806244e-17
5.39858490566038e-08 0.00245938815387023 0.000331385308372304 95231.1744124308 -395928.58178185 1.3549663310476e-16 4.62274354504017e-17
5.45e-08 0.0024933125229965 0.000124960696824457 35910.3243666411 -402722.466401707 1.35512817091091e-16 4.5571363087268e-17
5.50141509433963e-08 0.00249647896429233 -8.27037720525178e-05 -23766.8271402386 -400677.354494615 1.35529003005708e-16 4.49113183680711e-17
5.55283018867925e-08 0.00246904002274111 -0.000287049986210896 -82490.4019921853 -389837.083362805 1.35545190848842e-16 4.42619073071333e-17
5.60424528301887e-08 0.00241182005329275 -0.000483592126599288 -138971.297124963 -370438.550321968 1.35561380620723e-16 4.36375042630994e-17
5.6556603773585e-08 0.00232629720621927 -0.000668015140037539 -191969.482966904 -342906.5357797 1.35577572321579e-16 4.30519363924567e-17
5.70707547169812e-08 0.00221457105943889 -0.000836269475493281 -240321.228082387 -307844.401640927 1.35593765951641e-16 4.25181800766097e-17
5.75849056603774e-08 0.00207931660657299 -0.000984660003842416 -282964.652305928 -266020.868719977 1.35609961511139e-16 4.20480759874004e-17
5.80990566037736e-08 0.00192372560907766 -0.00110992716862118 -318963.047273379 -218353.162929493 1.35626159000303e-16 4.16520690476378e-17
5.86132075471699e-08 0.00175143659827215 -0.00120931858557545 -347525.452195801 -165886.899756689 1.35642358419362e-16 4.13389789975026e-17
5.91273584905661e-08 0.00156645506237564 -0.00128064951825078 -368024.032908297 -109773.148176472 1.35658559768547e-16 4.11158066065661e-17
5.96415094339623e-08 0.00137306556928684 -0.00132235090085117 -380007.882340741 -51243.1771151783 1.35674763048087e-16 4.09875797893415e-17
6.01556603773585e-08 0.0011757377530611 -0.00133350385277568 -383212.939062033 8418.56149304884 1.35690968258213e-16 4.09572430069032e-17
6.06698113207548e-08 0.000979028226961902 -0.00131385992562491 -377567.80572215 67902.6202422408 1.35707175399154e-16 4.10255923873789e-17
6.1183962264151e-08 0.000787480575621508 -0.0012638466365535 -363195.339187974 125903.295802644 1.35723384471141e-16 4.11912579948749e-17
6.16981132075472e-08 0.000605525621265935 -0.00118455816475756 -340409.976965423 181147.289710097 1.35739595474403e-16 4.1450733641652e-17
6.22122641509434e-08 0.000437384153205056 -0.0010777314135426 -309710.858085247 232421.661279629 1.35755808409172e-16 4.17984535948347e-17
6.27264150943397e-08 0.000286974255980625 -0.00094570796166872 -271770.888948755 278600.458989154 1.35772023275676e-16 4.22269144995207e-17
6.32405660377359e-08 0.000157825270878275 -0.00079138273746429 -227421.993656335 318669.445613782 1.35788240074146e-16 4.27268398474515e-17
6.37547169811321e-08 5.30002801489067e-05 -0.000618140540735434 -177636.872121185 351748.374163964 1.35804458804813e-16 4.3287383386205e-17
6.42688679245283e-08 -2.49711835645333e-05 -0.000429781804375119 -123507.665963736 377110.325376184 1.35820679467906e-16 4.38963670086956e-17
6.47830188679245e-08 -7.41487243404932e-05 -0.000230439223931225 -66222.0001044974 394197.681945853 1.35836902063656e-16 4.45405479053866e-17
6.52971698113208e-08 -9.32237450942786e-05 -2.44870840364451e-05 -7036.92563252274 402634.388465386 1.35853126592292e-16 4.52059091186777e-17
6.5811320754717e-08 -8.15482467170534e-05 0.000183554728874499 52748.6643434276 402234.227517796 1.35869353054046e-16 4.58779671245542e-17
6.63254716981132e-08 -3.91491304421085e-05 0.000389119921261178 111822.540567618 393004.929789912 1.35885581449148e-16 4.65420896920719e-17
6.68396226415094e-08 3.32723122274991e-05 0.00058769601763409 168887.939636495 375148.027491384 1.35901811777827e-16 4.71838170448491e-17
6.73537735849057e-08 0.000134355712598658 0.000774923416340297 222692.029952246 349054.453789756 1.35918044040315e-16 4.77891792754259e-17
6.78679245283019e-08 0.00026211140651509 0.000946691101552457 272053.416759658 315295.98434768 1.35934278236842e-16 4.83450030447619e-17
6.83820754716981e-08 0.000413964032742881 0.00109922691017331 315888.082412952 274612.70832616 1.35950514367638e-16 4.88392008335052e-17
6.88962264150943e-08 0.000586808992671129 0.00122918037163758 353233.192294224 227896.803393687 1.35966752432933e-16 4.92610363938531e-17
6.94103773584905e-08 0.000777080533562972 0.00133369630138284 383268.243586438 176172.970441387 1.35982992432959e-16 4.96013605724707e-17
6.99245283018868e-08 0.000980829962306463 0.00141047753150228 405333.092366309 120575.957066528 1.35999234367945e-16 4.98528123245942e-17
7.0438679245283e-08 0.00119381227407119 0.00145783540033976 418942.46294829 62325.662839709 1.36015478238122e-16 5.00099805028896e-17
7.09528301886792e-08 0.00141157929536395 0.00147472689131605 423796.620578722 2700.37250996917 1.36031724043722e-16 5.00695228651071e-17
7.14669811320754e-08 0.00162957729775853 0.00146077760419393 419787.9727561 -56991.2955409213 1.36047971784973e-16 5.00302396832035e-17
7.19811320754716e-08 0.00184324694019921 0.00141629005287209 407003.453792597 -115439.11001329 1.36064221462108e-16 4.98931003327927e-17
7.24952830188679e-08 0.00204812334641019 0.00134223710582193 385722.639773029 -171359.986230146 1.36080473075357e-16 4.96612222736813e-17
7.30094339622641e-08 0.00223993412071572 0.00124024071138027 356411.634779411 -223526.153232799 1.36096726624949e-16 4.93398028771967e-17
7.35235849056603e-08 0.00241469315056666 0.00111253637312705 319712.86207536 -270792.110089845 1.36112982111117e-16 4.89360055910873e-17
7.40377358490565e-08 0.00256878813629471 0.000961924153419784 276430.983847156 -312119.779581049 1.36129239534091e-16 4.84588029352486e-17
7.45518867924528e-08 0.00269905992605847 0.000791707278957996 227515.258103522 -346601.306915018 1.36145498894101e-16 4.79187797693933e-17
7.5066037735849e-08 0.00280287191359345 0.000605619694515472 174038.719577787 -373479.002765492 1.36161760191378e-16 4.73279011462315e-17
7.55801886792452e-08 0.00287816797429304 0.000407744153727799 117174.641235683 -392161.992534001 1.36178023426154e-16 4.66992498415901e-17
7.60943396226414e-08 0.00292351766655121 0.000202422643724624 58170.7927374613 -402239.205993141 1.36194288598659e-16 4.60467393191041e-17
7.66084905660376e-08 0.00293814770467453 -5.8388911168108e-06 -1677.93937833677 -403488.421750225 1.36210555709124e-16 4.53848084270131e-17
7.71226415094339e-08 0.00292195901089373 -0.000212469435651154 -61057.9689944299 -395881.167534191 1.36226824757779e-16 4.47281045263258e-17
7.76367924528301e-08 0.00287552897046291 -0.000412933230537641 -118665.841558186 -379583.368250123 1.36243095744856e-16 4.40911620043506e-17
7.81509433962263e-08 0.00280009883858374 -0.000602829336897375 -173236.84627113 -354951.727069864 1.36259368670586e-16 4.34880832297081e-17
7.86650943396225e-08 0.00269754657380483 -0.000777988253508369 -223572.781257523 -322525.918485812 1.362756435352e-16 4.2932228952191e-17
7.91792452830187e-08 0.00257034569247028 -0.000934563465428221 -268568.262162339 -283016.764192304 1.36291920338928e-16 4.24359249443578e-17
7.9693396226415e-08 0.0024215110457013 -0.0010691159139374 -307234.996528251 -237290.650856757 1.36308199082002e-16 4.20101913260464e-17
8.02075471698112e-08 0.00225453270755463 -0.00117868953283443 -338723.490883771 -186350.531364568 1.36324479764653e-16 4.16645005158697e-17
8.07216981132074e-08 0.00207329942410398 -0.00126087619198782 -362341.713763521 -131313.926155645 1.36340762387112e-16 4.14065691260982e-17
8.12358490566036e-08 0.0018820133025024 -0.00131386862136412 -377570.304642399 -73388.407168397 1.3635704694961e-16 4.12421883729041e-17
8.17499999999999e-08 0.00168509761156712 -0.0013365001524111 -384073.994534209 -13845.1022216023 1.36373333452378e-16 4.11750967290731e-17
8.22641509433961e-08 0.0014870997168542 -0.0013282704028974 -381708.987119852 46009.1988197518 1.36389621895647e-16 4.12068976195046e-17
8.27783018867923e-08 0.00129259128022996 -0.00128935633974859 -370526.137907184 104860.72398827 1.36405912279649e-16 4.13370239714593e-17
8.32924528301885e-08 0.0011060679142445 -0.00122060847530675 -350769.86113891 161417.55583308 1.36422204604615e-16 4.15627504032654e-17
8.38066037735847e-08 0.000931850493840765 -0.00112353227873496 -322872.787933007 214437.99176535 1.36438498870776e-16 4.18792527896136e-17
8.4320754716981e-08 0.000773990291816405 -0.00100025520882695 -287446.2924039 262757.80556069 1.36454795078363e-16 4.22797139016226e-17
8.48349056603772e-08 0.00063618002078182 -0.000853480090142374 -245267.09322482 305315.811494291 1.36471093227608e-16 4.27554728083504e-17
8.53490566037734e-08 0.000521672734957805 -0.000686425854240083 -197260.224261053 341177.169770763 1.36487393318742e-16 4.3296214765587e-17
8.58632075471696e-08 0.000433210372864411 -0.000502756945240851 -144478.747638089 369553.921422603 1.36503695351996e-16 4.38901974286689e-17
8.63773584905658e-08 0.000372963510546215 -0.000306502937925225 -88080.654157084 389822.301603711 1.36519999327602e-16 4.45245084282465e-17
8.68915094339621e-08 0.000342483649093559 -0.000101970131592681 -29303.4577611729 401536.450865274 1.36536305245791e-16 4.51853486589216e-17
8.74056603773583e-08 0.000342669085247776 0.000106352940748711 30562.9585676644 404438.223020703 1.36552613106795e-16 4.58583350656003e-17
8.79198113207545e-08 0.000373745115853073 0.000313894014502547 90204.6496537093 398462.873850737 1.36568922910846e-16 4.65288162836871e-17
8.84339622641507e-08 0.000435259012377554 0.000516097445258987 148312.446513323 383740.505290172 1.36585234658173e-16 4.71821942063123e-17
8.8948113207547e-08 0.000526089877573049 0.000708524207711279 203610.693338816 360593.232890429 1.3660154834901e-16 4.78042444208601e-17
8.94622641509432e-08 0.000644473169692095 0.000886949346683755 254885.252288063 329528.138222915 1.36617863983588e-16 4.83814284810428e-17
8.99764150943394e-08 0.000788039357700173 0.00104745474090609 301010.161284182 291226.160416562 1.36634181562138e-16 4.89011911591389e-17
9.04905660377356e-08 0.000953865860680396 0.00118651514279948 340972.359522896 246527.170177762 1.36650501084892e-16 4.93522361518841e-17
9.10047169811318e-08 0.0011385411329373 0.00130107560489001 373893.937729541 196411.55346489 1.36666822552082e-16 4.97247741856702e-17
9.15188679245281e-08 0.00133823948957128 0.00138861859230408 399051.424474995 141978.708642081 1.36683145963939e-16 5.00107380718255e-17
9.20330188679243e-08 0.00154880503137302 0.00144721930698961 415891.684860473 84422.9287345316 1.36699471320695e-16 5.02039599875492e-17
9.25471698113205e-08 0.0017658428279608 0.0014755880078854 424044.082189522 25007.1978611463 1.36715798622582e-16 5.03003070866619e-17
9.30613207547167e-08 0.00198481535854468 0.00147309839655632 423328.635231831 -34964.5232325957 1.36732127869831e-16 5.02977724585354e-17
9.3575471698113e-08 0.00220114209405784 0.0014398014435662 413759.991548805 -94175.9143857101 1.36748459062674e-16 5.01965194333217e-17
9.40896226415092e-08 0.00241030003518965 0.001376424350363 395547.129167452 -151327.187933096 1.36764792201344e-16 4.99988782554179e-17
9.46037735849054e-08 0.00260792299961267 0.00128435466769202 369088.792641902 -205163.621169083 1.36781127286072e-16 4.97092951925095e-17
9.51179245283016e-08 0.00278989747888811 0.00116560991737132 334964.763173323 -254503.103029347 1.36797464317089e-16 4.93342351915877e-17
9.56320754716978e-08 0.0029524529605705 0.00102279338250772 293923.153913764 -298262.090220786 1.36813803294628e-16 4.88820402131171e-17
9.61462264150941e-08 0.00309224473227125 0.000859037034915324 246864.008849934 -335479.402869732 1.36830144218921e-16 4.83627463476562e-17
9.66603773584903e-08 0.00320642734922627 0.000677932850954098 194819.564832953 -365337.337113749 1.36846487090199e-16 4.77878637243303e-17
9.71745283018865e-08 0.00329271715163339 0.000483454022030363 138931.609607267 -387179.630893464 1.36862831908695e-16 4.7170124037759e-17
9.76886792452827e-08 0.0033494424581919 0.000279867787994136 80426.4324867043 -400525.888218201 1.3687917867464e-16 4.65232012313951e-17
9.82028301886789e-08 0.00337558033262169 7.16418057524657e-05 20587.917226462 -405082.144869144 1.36895527388267e-16 4.58614114651089e-17
9.87169811320752e-08 0.00337077911453276 -0.000136653892451428 -39270.6325156662 -400747.343161812 1.36911878049808e-16 4.51993989502978e-17
9.92311320754714e-08 0.0033353662183936 -0.000340447199591272 -97835.316845355 -387615.573158641 1.36928230659494e-16 4.45518145467944e-17
9.97452830188676e-08 0.00327034102765503 -0.000535264291903181 -153820.479819552 -365974.03063236 1.36944585217558e-16 4.39329941755448e-17
1.00259433962264e-07 0.00317735303822828 -0.000716827841559253 -205996.933112442 -336296.73609277 1.36960941724232e-16 4.33566441059183e-17
1.0077358490566e-07 0.00305866572931319 -0.000881150927933843 -253218.943573287 -299234.152239975 1.36977300179749e-16 4.2835540026445e-17
1.01287735849056e-07 0.00291710695291549 -0.00102462458558655 -294449.392148769 -255598.927253503 1.36993660584339e-16 4.23812465060596e-17
1.01801886792452e-07 0.00275600692940301 -0.00114409706651512 -328782.551710605 -206348.076392229 1.37010022938237e-16 4.20038630061379e-17
1.02316037735849e-07 0.00257912520862883 -0.00123694307587516 -355463.983528731 -152561.992596716 1.37026387241673e-16 4.17118020215566e-17
1.02830188679245e-07 0.00239056819851886 -0.00130112146023977 -373907.11531678 -95420.7464359405 1.3704275349488e-16 4.15116042244345e-17
1.03344339622641e-07 0.0021946990702572 -0.001335220080759 -383706.136564403 -36178.1952944199 1.37059121698091e-16 4.14077946725796e-17
1.03858490566037e-07 0.0019960420167528 -0.00133848688472123 -384644.927663581 23865.5301548702 1.37075491851538e-16 4.14027832437786e-17
1.04372641509434e-07 0.00179918296525279 -0.00131084649184735 -376701.826360962 83392.5584599335 1.37091863955453e-16 4.14968114866752e-17
1.0488679245283e-07 0.00160866892304987 -0.00125290192952091 -360050.126416072 141096.202710986 1.37108238010068e-16 4.16879470603992e-17
1.05400943396226e-07 0.00142890816549455 -0.00116592147709621 -335054.297011277 195709.643806047 1.37124614015616e-16 4.1972125890665e-17
1.05915094339622e-07 0.00126407345729762 -0.00105181090627898 -302262.00538805 246033.742030961 1.3714099197233e-16 4.23432411226963e-17
1.06429245283018e-07 0.00111801043178827 -0.000913071725166823 -262392.117313574 290963.366382498 1.37157371880442e-16 4.27932769240227e-17
1.06943396226415e-07 0.000994153139828404 -0.000752746340829818 -216318.938289645 329511.663526159 1.37173753740184e-16 4.33124842055062e-17
1.07457547169811e-07 0.000895448622948903 -0.00057435134256066 -165053.040963294 360831.733436692 1.37190137551789e-16 4.38895944084949e-17
1.07971698113207e-07 0.000824292167411674 -0.000381800368819499 -109719.099173012 384235.235629435 1.37206523315489e-16 4.45120666699846e-17
1.08485849056603e-07 0.000782474661651051 -0.000179318249712127 -51531.2148192218 399207.51720779 1.37222911031518e-16 4.51663629444618e-17
1.09e-07 0.000771143214047119 2.86516914551852e-05 8233.72116157469 405418.930249978 1.37239300700107e-16 4.58382450468014e-17
