0 -0.00139 0 0 400000 1.33808e-16 4.46026666666667e-17
3.48242811501597e-10 -0.00138302988078646 0.000139645630561316 40130.3771287828 399998.487560892 1.33811363710955e-16 4.50512683622224e-17
6.96485623003195e-10 -0.00136208467256968 0.000278591450644905 80059.6476545378 395980.912536408 1.33814727506258e-16 4.54976276131991e-17
1.04472843450479e-09 -0.00132730439036597 0.000415442399667364 119386.908898789 387987.511455154 1.3381809138591e-16 4.5937274087464e-17
1.39297124600639e-09 -0.00127896795953406 0.000548824414975791 157717.292420342 376098.439920931 1.33821455349913e-16 4.63658047386527e-17
1.74121405750799e-09 -0.00121749041879349 0.000677398228230381 194665.928722477 360432.968835894 1.3382481939827e-16 4.6778928015298e-17
2.08945686900958e-09 -0.00114341875656842 0.000799872812791313 229861.811668225 341148.287878356 1.33828183530982e-16 4.7172506951636e-17
2.43769968051118e-09 -0.00105742642242621 0.000915018347086787 262951.523801707 318437.928238713 1.33831547748053e-16 4.75426007074225e-17
2.78594249201278e-09 -0.000960306568684033 0.00102167856379536 293602.785169124 292529.820439964 1.33834912049483e-16 4.78855041396536e-17
3.13418530351438e-09 -0.000852964090007083 0.00111878236083897 321507.7900041 263684.006733558 1.33838276435276e-16 4.81977850088309e-17
3.48242811501597e-09 -0.0007364065408923 0.00120535455759152 346386.297771099 232190.031029872 1.33841640905432e-16 4.8476318446157e-17
3.83067092651757e-09 -0.000611734022199679 0.00128052568828718 367988.447526077 198364.032560861 1.33845005459955e-16 4.87183183355324e-17
4.17891373801917e-09 -0.000480128138246522 0.00134354073427649 386097.267330706 162545.572447626 1.33848370098846e-16 4.89213652951977e-17
4.52715654952077e-09 -0.000342840135314211 0.00139376670743018 400530.853517511 125094.225028089 1.33851734822108e-16 4.90834309779919e-17
4.87539936102237e-09 -0.000201178340638711 0.00143069900852295 411144.1979174 86385.9681626109 1.33855099629742e-16 4.92028984461584e-17
5.22364217252396e-09 -5.64950279822108e-05 0.00145396649672727 417830.644695043 46809.4087545358 1.33858464521751e-16 4.927857841603e-17
5.57188498402556e-09 8.98271583562519e-05 0.00146333521928587 420522.962155892 6761.88137804513 1.33861829498137e-16 4.93097212093921e-17
5.92012779552716e-09 0.000236389084796682 0.00145871076388303 419194.018754047 -33354.5408193301 1.33865194558902e-16 4.92960242914209e-17
6.26837060702876e-09 0.000381789175637685 0.00144013921006165 413857.056503785 -73137.0828904228 1.33868559704048e-16 4.92376353194043e-17
6.61661341853035e-09 0.000524637485087647 0.00140780667009855 404565.55903956 -112186.312009574 1.33871924933578e-16 4.9135150671523e-17
6.96485623003195e-09 0.000663569652882215 0.00136203742391252 391412.715639001 -150110.147939628 1.33875290247492e-16 4.89896094703493e-17
7.31309904153355e-09 0.000797260603368063 0.00130329066669554 374530.486580101 -186527.799778084 1.33878655645794e-16 4.88024831609572e-17
7.66134185303515e-09 0.000924437850505048 0.00123215590188687 354088.279206589 -221073.589454836 1.33882021128486e-16 4.85756607481682e-17
8.00958466453675e-09 0.00104389427519205 0.00114934702571158 330291.247984291 -253400.623590031 1.33885386695569e-16 4.83114298410465e-17
8.35782747603834e-09 0.00115450024661645 0.0010556951626429 303378.235606803 -283184.27684205 1.33888752347046e-16 4.80124536948549e-17
8.70607028753994e-09 0.00125521496591009 0.000952140323690628 273619.375813188 -310125.451767407 1.33892118082919e-16 4.76817444808738e-17
9.05431309904154e-09 0.00134509691819966 0.000839721971238241 241313.381977384 -333953.582457337 1.3389548390319e-16 4.73226330523657e-17
9.40255591054314e-09 0.00142331332808863 0.000719568585132433 206784.548684536 -354429.351787545 1.33898849807861e-16 4.69387355101519e-17
9.75079872204474e-09 0.00148914852361078 0.000592886334758304 170379.496391801 -371347.094992226 1.33902215796934e-16 4.65339169034108e-17
1.00990415335463e-08 0.00154201112465225 0.000460946970812454 132463.691851437 -384536.865422134 1.33905581870412e-16 4.61122524300753e-17
1.04472843450479e-08 0.00158143998363949 0.000325075058323341 93417.7792261729 -393866.14173762 1.33908948028296e-16 4.56779865263233e-17
1.07955271565495e-08 0.00160710881881623 0.000186634679085346 53633.7587284242 -399241.159387102 1.33912314270589e-16 4.52354902558573e-17
1.11437699680511e-08 0.00161882949355752 4.70157370033829e-05 13511.0511467452 -400607.852993236 1.33915680597292e-16 4.4789217426751e-17
1.14920127795527e-08 0.00161655390876209 -9.23799961649059e-05 -26547.5122304339 -397952.400175291 1.33919047008408e-16 4.43436598764253e-17
1.18402555910543e-08 0.00160037448928826 -0.000230152954572409 -66139.7340337044 -391301.36133766 1.3392241350394e-16 4.39033023736813e-17
1.21884984025559e-08 0.00157052325951403 -0.000364919830250944 -104868.088968324 -380721.41401086 1.33925780083888e-16 4.34725775905731e-17
1.25367412140575e-08 0.0015273695172679 -0.00049532746219976 -142343.715162583 -366318.684402134 1.33929146748255e-16 4.30558215962122e-17
1.28849840255591e-08 0.00147141612944902 -0.000620066423140896 -178190.318633806 -348237.682856907 1.33932513497044e-16 4.26572303193687e-17
1.32332268370607e-08 0.00140329448649522 -0.00073788416752017 -212047.951668208 -326659.85390934 1.33935880330256e-16 4.22808174170171e-17
1.35814696485623e-08 0.00132375816632307 -0.000847597608734298 -243576.627175791 -301801.755470099 1.33939247247894e-16 4.19303739718698e-17
1.39297124600639e-08 0.00123367537132309 -0.000948104999292028 -272459.732727315 -273912.885423335 1.33942614249959e-16 4.16094304235884e-17
1.42779552715655e-08 0.00113402021431334 -0.00103839699461269 -298407.209990755 -243273.177445438 1.33945981336455e-16 4.13212211159479e-17
1.46261980830671e-08 0.00102586294091319 -0.00111756678935901 -321158.467639184 -210190.191179716 1.33949348507381e-16 4.10686518159718e-17
1.49744408945687e-08 0.000910359186479877 -0.0011848192245101 -340484.998477237 -174996.024970555 1.33952715762743e-16 4.08542705312273e-17
1.53226837060703e-08 0.000788738375446197 -0.00123947877371226 -356192.674502292 -138043.982146822 1.3395608310254e-16 4.0680241918363e-17
1.56709265175719e-08 0.000662291379510558 -0.00128099632869459 -368123.696849422 -99705.0243195162 1.33959450526775e-16 4.05483255399228e-17
1.60191693290735e-08 0.000532357558575114 -0.00130895471559286 -376158.181033638 -60364.0472978986 1.33962818035451e-16 4.04598581878379e-17
1.63674121405751e-08 0.000400311314527938 -0.00132307288676443 -380215.361564148 -20416.0170101773 1.33966185628569e-16 4.04157404511751e-17
1.67156549520767e-08 0.000267548292859676 -0.00132320874597474 -380254.40382651 19737.9957786508 1.33969553306132e-16 4.04164276631091e-17
1.70638977635783e-08 0.000135471370644302 -0.00130936057855534 -376274.815071393 59694.842142138 1.33972921068141e-16 4.04619253181244e-17
1.74121405750799e-08 5.47657156200709e-06 -0.0012816670721397 -368316.45037347 99053.3426338415 1.339762889146e-16 4.05517890055688e-17
1.77603833865815e-08 -0.000121060950621695 -0.00124040592773305 -356459.113490476 137418.315256313 1.33979656845509e-16 4.06851288603419e-17
1.81086261980831e-08 -0.000242800719390335 -0.00118599107502625 -340821.756619705 174404.543315539 1.33983024860871e-16 4.0860618486143e-17
1.84568690095847e-08 -0.000358450394990765 -0.0011189685198772 -321561.287076514 209640.643321296 1.33986392960689e-16 4.10765082618018e-17
1.88051118210863e-08 -0.000466778750982481 -0.00104001086561786 -298870.992866125 242772.79409644 1.33989761144964e-16 4.1330642897202e-17
1.91533546325879e-08 -0.000566628037522815 -0.000949910563160576 -272978.602946767 273468.289650669 1.33993129413698e-16 4.16204830626409e-17
1.95015974440895e-08 -0.000656925607242806 -0.000849571957642206 -244144.001650307 301418.8801428 1.33996497766894e-16 4.19431308745625e-17
1.98498402555911e-08 -0.000736694686969243 -0.000740002211429005 -212656.62019937 326343.867382329 1.33999866204553e-16 4.22953589818812e-17
2.01980830670927e-08 -0.000805064187121244 -0.000622301194588957 -178832.531502528 347992.92378469 1.34003234726678e-16 4.26736429609518e-17
2.05463258785943e-08 -0.000861277450269015 -0.00049765044430726 -143011.277388932 366148.606470409 1.34006603333271e-16 4.30741966940189e-17
2.08945686900959e-08 -0.000904699850990947 -0.000367301304071232 -105552.460130861 380628.541258483 1.34009972024334e-16 4.34930103760122e-17
2.12428115015975e-08 -0.000934825170696212 -0.000232562361688964 -66832.1324700572 391287.254617959 1.34013340799869e-16 4.39258907681603e-17
2.15910543130991e-08 -0.000951280683377668 -9.47863122488595e-05 -27239.0223876223 398017.63517577 1.34016709659879e-16 4.43685032943227e-17
2.19392971246007e-08 -0.000953830901200824 4.46436220958998e-05 12829.3694826108 400752.010097692 1.34020078604365e-16 4.48164155574323e-17
2.22875399361023e-08 -0.000942379942288792 0.000184327579181093 52970.7606177111 399462.82552569 1.34023447633329e-16 4.52651418391708e-17
2.26357827476039e-08 -0.000916972496895675 0.000322863111302365 92782.1254804462 394162.924230025 1.34026816746774e-16 4.57101881361151e-17
2.29840255591055e-08 -0.00087779338223267 0.000458859265997886 131863.741955365 384905.417678314 1.34030185944701e-16 4.61470972801973e-17
2.3332268370607e-08 -0.000825165690381126 0.000590950551769626 169823.204719352 371783.153795834 1.34033555227113e-16 4.65714936904617e-17
2.36805111821086e-08 -0.000759547547852592 0.000717810648521797 206279.365250799 354927.785750732 1.34036924594013e-16 4.69791273067942e-17
2.40287539936102e-08 -0.00068152751929569 0.000838165725054618 240866.158917106 334508.451103695 1.34040294045401e-16 4.73659162644987e-17
2.43769968051118e-08 -0.000591818701463484 0.000950807229893292 273236.280712967 310730.07457392 1.34043663581281e-16 4.77279878812303e-17
2.47252396166134e-08 -0.000491251566706231 0.00105460402701661 303064.672740525 283831.311452496 1.34047033201654e-16 4.80617175447232e-17
2.5073482428115e-08 -0.000380765627810862 0.00114851375462365 330051.788411698 254082.152302717 1.34050402906522e-16 4.83637651108233e-17
2.54217252396166e-08 -0.000261400007844286 0.00123159329287493 353926.600593844 221781.212988112 1.34053772695888e-16 4.86311084463177e-17
2.57699680511182e-08 -0.000134283009653657 0.00130300823548737 374449.32348999 187252.737228947 1.34057142569753e-16 4.88610737797135e-17
2.61182108626198e-08 -6.20789722763885e-07 0.00136204127006164 391413.820918227 150843.34177489 1.3406051252812e-16 4.9051362555159e-17
2.64664536741214e-08 0.000138314749921231 0.00140809938297423 404649.676802818 112918.53686651 1.34063882570992e-16 4.92000745197998e-17
2.6814696485623e-08 0.000281198730202702 0.00144071981646636 414023.907080426 73859.0569151981 1.34067252698369e-16 4.93057268126744e-17
2.71629392971246e-08 0.000426666595712512 0.00145957471808803 419442.295824579 34057.0382374401 1.34070622910254e-16 4.93672688633927e-17
2.75111821086262e-08 0.000573327814114585 0.00146447443578319 420850.342164023 -6087.91778409145 1.3407399320665e-16 4.93840929509069e-17
2.78594249201278e-08 0.000719779836709401 0.00145536942549869 418233.808477937 -46172.7565888845 1.34077363587558e-16 4.93560403162539e-17
2.82076677316294e-08 0.000864622179994173 0.00143235075212951 411618.864354042 -85795.0170981105 1.3408073405298e-16 4.92834027677838e-17
2.8555910543131e-08 0.00100647048684117 0.00139564917873539 401071.824854092 -124556.872516948 1.34084104602919e-16 4.91669197626461e-17
2.89041533546326e-08 0.00114397042611666 0.00134563285313786 386698.485704438 -162069.124709123 1.34087475237377e-16 4.90077709937206e-17
2.92523961661342e-08 0.00127581129118164 0.00128280361508959 368643.062076386 -197955.112038196 1.34090845956356e-16 4.88075645563116e-17
2.96006389776358e-08 0.00140073916073509 0.00120779196105818 347086.741601235 -231854.491437953 1.34094216759857e-16 4.85683208133006e-17
2.99488817891374e-08 0.00151756948985144 0.00112135071714524 322245.866138365 -263426.856736015 1.34097587647884e-16 4.82924521206481e-17
3.0297124600639e-08 0.00162519900478149 0.0010243474836335 294369.760542435 -292355.156897889 1.34100958620438e-16 4.79827386167011e-17
3.06453674121406e-08 0.00172261678207316 0.000917755926989461 263738.230220467 -318348.879866613 1.34104329677521e-16 4.76423003182854e-17
3.09936102236422e-08 0.00180891440075518 0.000802646006722494 230658.7525955 -341146.970025748 1.34107700819136e-16 4.72745658036535e-17
3.13418530351438e-08 0.00188329506563044 0.000680173235198062 195463.390667404 -360520.449987137 1.34111072045284e-16 4.688323779663e-17
3.16900958466454e-08 0.00194508161005377 0.000551567078214312 158505.459652332 -376274.720372758 1.34114443355968e-16 4.64722559974193e-17
3.2038338658147e-08 0.00199372329781636 0.000418118612780968 120155.980162202 -388251.514492354 1.3411781475119e-16 4.60457575331919e-17
3.23865814696486e-08 0.00202880135581465 0.000281167566000199 80799.9535296276 -396330.48828282 1.34121186230951e-16 4.56080354254748e-17
3.27348242811502e-08 0.00205003318192278 0.000142088865166092 40832.4966702935 -400430.429536919 1.34124557795255e-16 4.51634954912899e-17
3.30830670926518e-08 0.00205727518578737 2.27883411009367e-06 654.87528599603 -400510.074270882 1.34127929444103e-16 4.47166121107234e-17
3.34313099041534e-08 0.00205052423398842 -0.000136858825625068 -39329.5247667978 -396568.522024553 1.34131301177497e-16 4.42718833049995e-17
3.3779552715655e-08 0.00202991768502149 -0.000273927128036664 -78719.2474961758 -388645.245914322 1.3413467299544e-16 4.38337855760659e-17
3.41277955271566e-08 0.00199573201371464 -0.000407549828841299 -117118.797519347 -376819.697327763 1.34138044897933e-16 4.34067289611053e-17
3.44760383386582e-08 0.00194838003885585 -0.000536385243755083 -154142.611062608 -361210.509218741 1.34141416884979e-16 4.29950127532375e-17
3.48242811501598e-08 0.00188840678183112 -0.000659139720131183 -189418.927345603 -341974.305992006 1.34144788956579e-16 4.26027823330047e-17
3.51725239616614e-08 0.00181648399781884 -0.000774580626688222 -222593.521477915 -319304.131916394 1.34148161112737e-16 4.22339875440859e-17
3.5520766773163e-08 0.00173340343441525 -0.000881548730898031 -253333.261385536 -293427.513836102 1.34151533353453e-16 4.18923430311947e-17
3.58690095846646e-08 0.00164006888534356 -0.000978969839746033 -281329.453050537 -264604.177621629 1.34154905678731e-16 4.15812909384281e-17
3.62172523961662e-08 0.00153748711899897 -0.00106586558697028 -306300.9404718 -233123.44127898 1.34158278088572e-16 4.13039663426363e-17
3.65654952076678e-08 0.00142675777288053 -0.00114136325845175 -327996.929216441 -199301.310882699 1.34161650582978e-16 4.10631657689431e-17
3.69137380191694e-08 0.00130906231534564 -0.00120470455708304 -346199.505205986 -163477.308482695 1.34165023161951e-16 4.08613191046003e-17
3.7261980830671e-08 0.00118565218549016 -0.0012552532190877 -360725.823440569 -126011.063826554 1.34168395825495e-16 4.07004651932536e-17
3.76102236421726e-08 0.00105783623021125 -0.00129250140529234 -371429.944677636 -87278.7041112075 1.3417176857361e-16 4.05822313547512e-17
3.79584664536742e-08 0.000926967564569679 -0.00131607480315086 -378204.301615743 -47669.0780064583 1.34175141406299e-16 4.05078170362163e-17
3.83067092651758e-08 0.000794429987361753 -0.0013257363882635 -380980.779853363 -7579.85185777439 1.34178514323564e-16 4.04779817586363e-17
3.86549520766774e-08 0.000661624088279873 -0.00132138880759043 -379731.402760025 32586.4827399919 1.34181887325407e-16 4.04930374800927e-17
3.9003194888179e-08 0.000529953186140895 -0.00130307536039753 -374468.613373596 72426.6499154361 1.3418526041183e-16 4.05528454524187e-17
3.93514376996806e-08 0.000400809239360939 -0.0012709795670503 -365245.150483318 111540.638469054 1.34188633582835e-16 4.06568176029557e-17
3.96996805111821e-08 0.000275558870137513 -0.00122542332994989 -352153.520132556 149535.718145282 1.34192006838425e-16 4.08039224276503e-17
4.00479233226837e-08 0.000155529642661754 -0.00116686370504041 -335325.067837334 186030.382903159 1.34195380178602e-16 4.09926953364357e-17
4.03961661341853e-08 4.19967331365549e-05 -0.00109588831626753 -314928.660825752 220658.18159257 1.34198753603367e-16 4.12212533471413e-17
4.07444089456869e-08 -6.3829874553981e-05 -0.00101320945899394 -291168.993519089 253071.397572518 1.34202127112723e-16 4.14873139805075e-17
4.10926517571885e-08 -0.000160817538952616 -0.000919656951541687 -264284.533258417 282944.540323549 1.34205500706672e-16 4.17882181667038e-17
4.14408945686901e-08 -0.000247922334908727 -0.000816169806601947 -234545.126893036 309977.61399316 1.34208874385216e-16 4.21209569334634e-17
4.17891373801917e-08 -0.000324199537014306 -0.000703786806103237 -202249.29225253 333899.130051749 1.34212248148357e-16 4.24822016079752e-17
4.21373801916933e-08 -0.000388813107318142 -0.000583636074140767 -167721.221688689 354468.833805048 1.34215621996098e-16 4.28683372293893e-17
4.24856230031949e-08 -0.000441044092034731 -0.000456923752631602 -131307.5277651 371480.117381159 1.3421899592844e-16 4.32754988365472e-17
4.28338658146965e-08 -0.000480297842915958 -0.000324921893371772 -93373.7637618537 384762.094957446 1.34222369945385e-16 4.36996102666746e-17
4.31821086261981e-08 -0.000506109990752112 -0.000188955688041777 -54300.7539245254 394181.319383162 1.34225744046937e-16 4.41364250755511e-17
4.35303514376997e-08 -0.000518151110995819 -5.03901643571014e-05 -14480.7702976712 399643.122953572 1.34229118233096e-16 4.4581569168366e-17
4.38785942492013e-08 -0.000516230034632346 8.93835180764026e-05 25686.4054756686 401092.568864525 1.34232492503865e-16 4.50305847132789e-17
4.42268370607029e-08 -0.000500295771020504 0.000228962034620028 65797.4958510477 398515.003784924 1.34235866859245e-16 4.54789748968182e-17
4.45750798722045e-08 -0.000470438023363659 0.000366943984949251 105449.776279868 391936.20598915 1.34239241299241e-16 4.59222490717849e-17
4.49233226837061e-08 -0.000426886291600127 0.00050194396343358 144245.118655975 381422.127552027 1.34242615823852e-16 4.63559678443772e-17
4.52715654952077e-08 -0.000370007571684691 0.000632606469279388 181793.988714475 367078.233184559 1.34245990433082e-16 4.67757876478528e-17
4.56198083067093e-08 -0.000300302674325695 0.000757619516771184 217719.357246943 349048.442338542 1.34249365126932e-16 4.71775043551856e-17
4.59680511182109e-08 -0.0002184012001037 0.000875727808954322 251660.485861523 327513.685191575 1.34252739905405e-16 4.75570954928149e-17
4.63162939297125e-08 -0.000125055221388798 0.000985745342481883 283276.549274986 302690.087000987 1.34256114768503e-16 4.79107606316165e-17
4.66645367412141e-08 -2.11317344589236e-05 0.00108656731705633 312250.057764137 274826.799046792 1.34259489716227e-16 4.82349595495177e-17
4.70127795527157e-08 9.23960424294739e-05 0.00117718122987542 338290.045409494 244203.497932569 1.34262864748581e-16 4.85264477825398e-17
4.73610223642173e-08 0.000214458437678262 0.00125667704367152 361134.992114762 211127.578343453 1.34266239865566e-16 4.87823092072629e-17
4.77092651757189e-08 0.000343900063639713 0.00132425632623199 380555.450057796 175931.067438811 1.34269615067184e-16 4.89999853275057e-17
4.80575079872205e-08 0.000479491414783629 0.00137924026961238 396356.348195554 138967.291852713 1.34272990353437e-16 4.91773009710916e-17
4.84057507987221e-08 0.000619941210313245 0.00142107650849969 408378.951677305 100607.330759961 1.34276365724328e-16 4.93124861386124e-17
4.87539936102237e-08 0.000763909357326307 0.00144934466923816 416502.456484523 61236.2906142168 1.34279741179858e-16 4.94041937847262e-17
4.91022364217253e-08 0.000910020404384239 0.00146376059377219 420645.203277855 21249.4389561165 1.34283116720031e-16 4.94515133533605e-17
4.94504792332269e-08 0.00105687735042524 0.00146417919606415 420765.498254331 -18951.763894859 1.34286492344847e-16 4.94539799308168e-17
4.97987220447285e-08 0.00120307567038607 0.00145059592227373 416862.032763416 -58963.6954247181 1.34289868054309e-16 4.94115789247702e-17
5.01469648562301e-08 0.00134721741671792 0.00142314680000328 408973.897458792 -98384.6233192177 1.34293243848419e-16 4.93247462220701e-17
5.04952076677317e-08 0.00148792525521645 0.00138210707607946 397180.190833645 -136818.738981765 1.34296619727179e-16 4.91943638236488e-17
5.08434504792333e-08 0.00162385629424172 0.00132788845651261 381599.226059638 -173880.131677187 1.34299995690592e-16 4.90217510002464e-17
5.11916932907349e-08 0.00175371556847493 0.00126103497631018 362387.344083016 -209196.663398701 1.34303371738659e-16 4.88086510576415e-17
5.15399361022365e-08 0.00187626904182358 0.0011822175405778 339737.344884686 -242413.705551181 1.34306747871383e-16 4.85572138441553e-17
5.18881789137381e-08 0.0019903559989116 0.00109222719168297 313876.552645185 -273197.69993023 1.34310124088766e-16 4.82699741759509e-17
5.22364217252397e-08 0.00209490070072574 0.000991967170048497 285064.534231442 -301239.508239723 1.34313500390809e-16 4.79498263966398e-17
5.25846645367413e-08 0.00218892318737525 0.000882443848256552 253590.4939035 -326257.516512726 1.34316876777516e-16 4.75999953265252e-17
5.29329073482429e-08 0.00227154911948126 0.000764756629458489 219770.370390719 -348000.463260634 1.34320253248887e-16 4.72240038930659e-17
5.32811501597445e-08 0.00234201855936264 0.000640086911486358 183943.665475925 -366249.962948459 1.34323629804926e-16 4.68256377674755e-17
5.36293929712461e-08 0.00239969360382662 0.000509686227445152 146470.035922388 -380822.699452424 1.34327006445634e-16 4.64089073624366e-17
5.39776357827477e-08 0.00244406479190096 0.000374863681835913 107725.682955428 -391572.267468856 1.34330383171014e-16 4.59780075724128e-17
5.43258785942493e-08 0.00247475622314186 0.000236972808335782 68099.5755438698 -398390.643377454 1.34333759981067e-16 4.55372756607201e-17
5.46741214057509e-08 0.00249152933509657 9.73979811709337e-05 27989.545396162 -401209.27078187 1.34337136875795e-16 4.50911477161293e-17
5.50223642172525e-08 0.00249428530196067 -4.24594834963336e-05 -12201.7071250437 -399999.74981892 1.34340513855202e-16 4.46441141161517e-17
5.53706070287541e-08 0.00248306603031227 -0.000181195396629357 -52070.6560707086 -394774.123305678 1.34343890919289e-16 4.42006744441371e-17
5.57188498402557e-08 0.00245805374189082 -0.000317416794575878 -91217.0013636505 -385584.756841382 1.34347268068057e-16 4.37652923128135e-17
5.60670926517572e-08 0.00241956914757393 -0.000449755924975288 -129247.68797 -372523.814057761 1.3435064530151e-16 4.33423505478459e-17
5.64153354632588e-08 0.00236806823085051 -0.000576883979890322 -165780.852429799 -355722.332276221 1.34354022619649e-16 4.29361071813893e-17
5.67635782747604e-08 0.00230413767305002 -0.000697524438273527 -200449.657120982 -335348.907842458 1.34357400022477e-16 4.25506526974887e-17
5.7111821086262e-08 0.0022284889662252 -0.000810465883797783 -232905.97375717 -311608.004328202 1.34360777509995e-16 4.21898689586235e-17
5.74600638977636e-08 0.00214195127276333 -0.000914574169344179 -262823.879132473 -284737.900576613 1.34364155082206e-16 4.18573902258223e-17
5.78083067092652e-08 0.0020454631033854 -0.00100880380599707 -289902.928010613 -255008.299184336 1.34367532739112e-16 4.1556566663767e-17
5.81565495207668e-08 0.00194006289705805 -0.00109220846217912 -313871.170292368 -222717.619422987 1.34370910480715e-16 4.12904306973648e-17
5.85047923322684e-08 0.00182687859737031 -0.00116395046749067 -334487.882161942 -188190.001771763 1.34374288307016e-16 4.10616665576451e-17
5.885303514377e-08 0.00170711633000515 -0.0012233092258081 -351545.983783882 -151772.054129014 1.34377666218019e-16 4.0872583322827e-17
5.92012779552716e-08 0.00158204829496375 -0.00126968845314465 -364874.119268507 -113829.372364978 1.34381044213726e-16 4.07250917253185e-17
5.95495207667732e-08 0.00145299999508705 -0.00130262216757472 -374338.378014149 -74742.8701443262 1.34384422294137e-16 4.06206849576027e-17
5.98977635782748e-08 0.00132133692908629 -0.0013217793710504 -379843.640134572 -34904.9548630547 1.34387800459257e-16 4.0560423669825e-17
6.02460063897764e-08 0.00118845088267348 -0.00132696737607096 -381334.532453826 5284.41190981926 1.34391178709086e-16 4.05449253098134e-17
6.0594249201278e-08 0.00105574595542157 -0.00131813374377107 -378795.985460364 45421.7299347074 1.34394557043626e-16 4.05743579126688e-17
6.09424920127796e-08 0.000924624463640663 -0.001295366813934 -372253.385618507 85104.0114335353 1.34397935462881e-16 4.06484384023903e-17
6.12907348242812e-08 0.000796472860804991 -0.00125889482157313 -361772.321497872 123932.827178197 1.34401313966852e-16 4.07664354227017e-17
6.16389776357828e-08 0.000672647816892869 -0.00120908360891608 -347457.926259478 161518.306911742 1.34404692555541e-16 4.09271766687696e-17
6.19872204472844e-08 0.000554462596409613 -0.00114643295572819 -329453.823089986 197483.053936141 1.3440807122895e-16 4.11290606463146e-17
6.2335463258786e-08 0.000443173871868278 -0.00107157156478513 -307940.684162156 231465.934561255 1.34411449987082e-16 4.13700727401631e-17
6.26837060702876e-08 0.000339969105134336 -0.000985250752807728 -283134.417580152 263125.704365071 1.34414828829938e-16 4.16478054310156e-17
6.30319488817892e-08 0.000245954623342283 -0.000888336910170647 -255284.000503781 292144.434852752 1.34418207757521e-16 4.19594824575562e-17
6.33801916932908e-08 0.00016214450912171 -0.000781802805060251 -224668.980198649 318230.706105166 1.34421586769833e-16 4.23019866814092e-17
6.37284345047924e-08 8.94504166975395e-05 -0.000666717819360451 -191596.668093863 341122.53335623 1.34424965866875e-16 4.26718913752665e-17
6.4076677316294e-08 2.86724161359871e-05 -0.000544237214273426 -156399.055011757 360589.998108976 1.34428345048651e-16 4.30654946201326e-17
6.44249201277956e-08 -1.95090423124274e-05 -0.000415590533426132 -119429.478534381 376437.557366026 1.34431724315162e-16 4.347885646641e-17
6.47731629392972e-08 -5.45399630651738e-05 -0.000282069259876028 -81059.0759607867 388506.007781273 1.3443510366641e-16 4.390783848579e-17
6.51214057507988e-08 -7.59983706019514e-05 -0.000145013850923374 -41673.0584627701 396674.085003654 1.34438483102398e-16 4.43481453169004e-17
6.54696485623004e-08 -8.35985494914052e-05 -5.80028088750529e-06 -1666.84384275295 400859.682146146 1.34441862623127e-16 4.47953677876331e-17
6.5817891373802e-08 -7.71939164463903e-05 0.000134173773052118 38557.9132818551 401020.675136766 1.344452422286e-16 4.52450271812349e-17
6.61661341853036e-08 -5.67784955374901e-05 0.000273502963262192 78597.3540126777 397155.346655034 1.34448621918819e-16 4.56926202017503e-17
6.65143769968052e-08 -2.24869817183295e-05 0.000410788381426566 118049.46993692 389302.404387432 1.34452001693785e-16 4.61336641873717e-17
6.68626198083068e-08 2.54066080105207e-05 0.000544651604019066 156518.13941636 377540.593408392 1.34455381553502e-16 4.65637421177527e-17
6.72108626198084e-08 8.64916822918893e-05 0.00067374853245723 193617.104873187 361987.906568409 1.34458761497971e-16 4.69785469633962e-17
6.755910543131e-08 0.00016022519440433 0.000796782888974002 228973.851138493 342800.400807057 1.34462141527194e-16 4.73739249318263e-17
6.79073482428116e-08 0.000245937091235332 0.000912519232697557 262233.345921564 320170.631265467 1.34465521641174e-16 4.77459171763139e-17
6.82555910543132e-08 0.000342837037560013 0.00101979536524327 293061.604841461 294325.718910514 1.34468901839912e-16 4.80907995483561e-17
6.86038338658148e-08 0.000450022348144215 0.00111753400124793 321149.045222904 265525.071062926 1.34472282123411e-16 4.84051199947357e-17
6.89520766773164e-08 0.000566487048062423 0.00120475358665343 346213.594978378 234057.777706979 1.34475662491672e-16 4.86857332236296e-17
6.9300319488818e-08 0.000691131970291452 0.00128057815610073 368003.525356557 200239.709715183 1.34479042944699e-16 4.89298322916421e-17
6.96485623003196e-08 0.000822775789224117 0.00134424613044004 386299.979108759 164410.348114891 1.34482423482492e-16 4.91349767945462e-17
6.99968051118212e-08 0.00096016687934771 0.00139511796600177 400919.168682535 126929.376224852 1.34485804105055e-16 4.92991173786078e-17
7.03450479233228e-08 0.00110199588004457 0.00143268257879936 411714.222363804 88173.068871376 1.34489184812389e-16 4.94206163263011e-17
7.06932907348244e-08 0.00124690884037937 0.00145656247913306 418576.659823088 48530.5149319994 1.34492565604497e-16 4.9498264009633e-17
7.10415335463259e-08 0.00139352081191154 0.00146651756500985 421437.4822418 8399.71112886425 1.3449594648138e-16 4.95312910457776e-17
7.13897763578275e-08 0.0015404297530694 0.00146244753625915 420267.866063805 -31816.4337123462 1.34499327443041e-16 4.95193760328691e-17
7.17380191693291e-08 0.00168623060549142 0.00144439290507167 415079.453396956 -71714.1438221413 1.34502708489482e-16 4.94626487881722e-17
7.20862619808307e-08 0.00182952940100958 0.00141253459278013 405924.236138764 -110892.830452675 1.34506089620704e-16 4.9361689056006e-17
7.24345047923323e-08 0.00196895725763873 0.00136719211689472 392894.034979442 -148959.11394654 1.34509470836711e-16 4.9217520698281e-17
7.27827476038339e-08 0.0021031841240468 0.00130882038656063 376119.578503067 -185530.773525744 1.34512852137504e-16 4.90316014258627e-17
7.31309904153355e-08 0.00223093213450237 0.00123800513857685 355769.191622832 -220240.585142417 1.34516233523085e-16 4.88058081737506e-17
7.34792332268371e-08 0.0023509884402035 0.00115545705976549 332047.106508956 -252740.008855664 1.34519614993456e-16 4.8542418266798e-17
7.38274760383387e-08 0.00246221738814576 0.00106200465467113 305191.412958404 -282702.688708828 1.3452299654862e-16 4.82440865649683e-17
7.41757188498403e-08 0.00256357192523482 0.000958585930168618 275471.668776066 -309827.729962983 1.34526378188579e-16 4.79138188174921e-17
7.45239616613419e-08 0.00265410411312468 0.000846238980437524 243186.194151082 -333842.720777052 1.34529759913335e-16 4.7554941493359e-17
7.48722044728435e-08 0.00273297464818825 0.000726091566804658 208659.077185416 -354506.467989853 1.3453314172289e-16 4.71710683909654e-17
7.52204472843451e-08 0.00279946129101298 0.000599349797049625 172236.920632472 -371611.419529138 1.34536523617245e-16 4.67660643620809e-17
7.55686900958467e-08 0.00285296612076034 0.000467286017812922 134285.362502666 -384985.749118302 1.34539905596404e-16 4.63440065142811e-17
7.59169329073483e-08 0.00289302154152461 0.000331226041649401 95185.4054640684 -394495.082341444 1.34543287660368e-16 4.59091432813175e-17
7.62651757188499e-08 0.00291929498035465 0.000192535836953256 55329.5918868538 -400043.84672774 1.3454666980914e-16 4.54658517723131e-17
7.66134185303515e-08 0.00293159222973672 5.26078143768308e-05 15118.062930986 -401576.232290614 1.34550052042721e-16 4.50185938279629e-17
7.69616613418531e-08 0.0029298594009453 -8.71531525798611e-05 -25045.4587582425 -399076.752867909 1.34553434361114e-16 4.45718712249112e-17
7.73099041533547e-08 0.00291418346861488 -0.000225343832459576 -64757.7224142176 -392570.402617122 1.34556816764321e-16 4.41301804780403e-17
7.76581469648563e-08 0.00288479140103004 -0.000360576724605539 -103619.997876898 -382122.406084266 1.34560199252344e-16 4.36979676944553e-17
7.80063897763579e-08 0.00284204788483017 -0.000491493990332131 -141242.079034463 -367837.564345562 1.34563581825185e-16 4.32795839324413e-17
7.83546325878595e-08 0.00278645166693811 -0.000616781086632957 -177246.201782254 -349859.203776673 1.34566964482846e-16 4.28792415136086e-17
7.87028753993611e-08 0.00271863055040579 -0.000735179965533756 -211270.837159784 -328367.737994087 1.34570347225329e-16 4.25009717268867e-17
7.90511182108627e-08 0.00263933509438572 -0.00084550170655519 -242974.32157887 -303578.857397332 1.34573730052637e-16 4.21485843490603e-17
7.93993610223643e-08 0.00254943108144948 -0.00094663845543892 -272038.287690584 -275741.364480041 1.34577112964772e-16 4.18256293883154e-17
7.97476038338659e-08 0.00244989082785171 -0.00103757454925243 -298170.86143948 -245134.67663487 1.34580495961735e-16 4.15353614349538e-17
8.00958466453675e-08 0.00234178342395737 -0.00111739671615403 -321109.593200164 -212066.021516266 1.34583879043529e-16 4.12807069772656e-17
8.04440894568691e-08 0.00222626400279344 -0.00118530324738709 -340624.093560373 -176867.353112474 1.34587262210156e-16 4.10642350107914e-17
8.07923322683707e-08 0.00210456214444635 -0.00124061204938935 -356518.347279377 -139892.019483011 1.34590645461618e-16 4.08881312361427e-17
8.11405750798723e-08 0.00197796953270583 -0.0012827674951442 -368632.682181042 -101511.215611957 1.34594028797917e-16 4.07541761045324e-17
8.14888178913739e-08 0.00184782698786591 -0.00131134600595515 -376845.373204833 -62110.256985697 1.34597412219056e-16 4.0663726931536e-17
8.18370607028755e-08 0.00171551100586076 -0.00132606030756949 -381073.865500629 -22084.7113046468 1.34600795725036e-16 4.06177042587697e-17
8.21853035143771e-08 0.00158241993887256 -0.00132676231788549 -381275.604277675 18163.5728362555 1.3460417931586e-16 4.06165826005211e-17
8.25335463258787e-08 0.00144995995615197 -0.00131344463721583 -377448.463065981 58230.5004280343 1.3460756299153e-16 4.06603856683488e-17
8.28817891373803e-08 0.00131953092600153 -0.0012862406261096 -369630.76608026 97713.7871837652 1.34610946752047e-16 4.074868612171e-17
8.32300319488819e-08 0.00119251236066795 -0.00124542306991616 -357900.904451692 136216.998596397 1.34614330597414e-16 4.08806098472321e-17
8.35782747603835e-08 0.00107024956526054 -0.00119140144346331 -342376.550170437 173353.530364931 1.34617714527634e-16 4.10548447237775e-17
8.39265175718851e-08 0.000954040129768801 -0.0011247178032781 -323213.47562098 208750.490223229 1.34621098542708e-16 4.12696537854116e-17
8.42747603833867e-08 0.000845120899810199 -0.0010460413485585 -300603.99055251 242052.442194668 1.34624482642638e-16 4.15228926502251e-17
8.46230031948883e-08 0.000744655556936656 -0.000956161705471581 -274775.012167864 272924.975676148 1.34627866827427e-16 4.1812031040129e-17
8.49712460063899e-08 0.00065372293321097 -0.000855981002173158 -245985.787698523 301058.063512759 1.34631251097076e-16 4.21341781756616e-17
8.53194888178915e-08 0.000573306177395603 -0.000746504814086834 -214525.292322718 326169.175342091 1.34634635451588e-16 4.24861117909361e-17
8.56677316293931e-08 0.000504282881548728 -0.000628832070325349 -180709.328543933 348006.114943482 1.34638019890965e-16 4.28643104775044e-17
8.60159744408947e-08 0.000447416267182513 -0.000504144022569631 -144877.356145115 366349.553097728 1.34641404415209e-16 4.32649890324808e-17
8.63642172523963e-08 0.000403347519502915 -0.000373692387136664 -107389.084539704 381015.230519229 1.34644789024322e-16 4.36841364561e-17
8.67124600638979e-08 0.000372589346725457 -0.000238786779271355 -68620.8617269937 391855.808734427 1.34648173718306e-16 4.41175562172717e-17
8.70607028753995e-08 0.000355520829163478 -0.000100781565806837 -28961.8961023044 398762.350314523 1.34651558497164e-16 4.45609083829167e-17
8.7408945686901e-08 0.000352383609837301 3.89377318195625e-05 11189.6509484579 401665.413591366 1.34654943360898e-16 4.50097531881418e-17
8.77571884984026e-08 0.000363279464885032 0.000178968347689577 51430.6624419897 400535.750855676 1.34658328309509e-16 4.54595956098394e-17
8.81054313099042e-08 0.00038816927820309 0.000317904355014008 91357.1130461754 395384.603017621 1.34661713342999e-16 4.59059304962067e-17
8.84536741214058e-08 0.000426873430646535 0.000454350781831643 130568.12555016 386263.58776117 1.34665098461372e-16 4.6344287799092e-17
8.88019169329074e-08 0.000479073599916977 0.000586937617073532 168669.995828389 373264.182304992 1.34668483664629e-16 4.67702774550267e-17
8.9150159744409e-08 0.000544315953102243 0.000714333566366267 205280.14588641 356516.805952904 1.34671868952772e-16 4.71796334643213e-17
8.94984025559106e-08 0.000622015699848988 0.00083525941945705 240030.965297277 336189.511635217 1.34675254325803e-16 4.75682567256425e-17
8.98466453674122e-08 0.000711462960487651 0.000948500895039267 272573.502456998 312486.299568343 1.34678639783725e-16 4.79322561959721e-17
9.01948881789138e-08 0.000811829890225586 0.00105292083400091 302580.968594331 285645.069954384 1.34682025326539e-16 4.82679879626522e-17
9.05431309904154e-08 0.000922178987911606 0.00114747061865695 329752.019349306 255935.23526693 1.34685410954248e-16 4.85720918351736e-17
9.0891373801917e-08 0.00104147250598003 0.00123120070329488 353813.780967187 223655.016087665 1.34688796666854e-16 4.8841525089256e-17
9.12396166134186e-08 0.00116858286712414 0.00130327015028252 374524.590717923 189128.44763615 1.34692182464358e-16 4.90735930243514e-17
9.15878594249202e-08 0.00130230398313897 0.00136295507596868 391676.424019555 152702.127040573 1.34695568346764e-16 4.92659760276887e-17
9.19361022364218e-08 0.00144136336231252 0.00140965592155087 405096.98388894 114741.734000976 1.34698954314073e-16 4.94167528730419e-17
9.22843450479234e-08 0.00158443488382471 0.00144290347587974 414651.431732844 75628.3597725163 1.34702340366287e-16 4.95244200202048e-17
9.2632587859425e-08 0.00173015211091337 0.00146236358969875 420243.742092909 35754.6813216578 1.34705726503409e-16 4.95879067213003e-17
9.29808306709266e-08 0.00187712200915389 0.00146784053395439 421817.667733181 -4478.98093636092 1.3470911272544e-16 4.96065857821502e-17
9.33290734824282e-08 0.00202393893212863 0.00145927896842494 419357.305370758 -44668.6822406262 1.34712499032383e-16 4.95802798705487e-17
9.36773162939298e-08 0.00216919873407386 0.00143676450086731 412887.256359489 -84410.9090775654 1.3471588542424e-16 4.95092633079926e-17
9.40255591054314e-08 0.00231151286781368 0.00140052283103297 402472.380703281 -123306.630545853 1.34719271901013e-16 4.93942593267664e-17
9.4373801916933e-08 0.00244952232643472 0.00135091748811142 388217.146858566 -160965.304816606 1.34722658462704e-16 4.92364328198057e-17
9.47220447284346e-08 0.00258191128872034 0.0012884461842827 370264.583843908 -197008.800462115 1.34726045109315e-16 4.90373786560206e-17
9.50702875399362e-08 0.00270742033133427 0.00121373582095503 348794.846167789 -231075.193280053 1.34729431840849e-16 4.87991056782847e-17
9.54185303514378e-08 0.00282485907508987 0.00112753619779244 324023.405973284 -262822.400489214 1.34732818657307e-16 4.85240165446418e-17
9.57667731629394e-08 0.00293311813831984 0.00103071248766213 296198.89054148 -291931.615804643 1.34736205558692e-16 4.82148836150285e-17
9.6115015974441e-08 0.00303118027731476 0.000924236553023815 265600.586856646 -318110.510898373 1.34739592545005e-16 4.78748211255113e-17
9.64632587859426e-08 0.00311813060195809 0.000809177190917092 232535.638279451 -341096.171096588 1.3474297961625e-16 4.75072539293246e-17
9.68115015974442e-08 0.00319316576396728 0.000686689404462153 197335.961466446 -360657.735831618 1.34746366772427e-16 4.71158831184676e-17
9.71597444089458e-08 0.00325560202546365 0.000558002808565678 160354.914483546 -376598.717330672 1.3474975401354e-16 4.67046488709478e-17
9.75079872204474e-08 0.00330488212683285 0.000424409286219159 121963.749560027 -388758.974253183 1.34753141339589e-16 4.62776908966238e-17
9.7856230031949e-08 0.00334058088489121 0.000287250019304022 82547.8860927125 -397016.320452398 1.34756528750579e-16 4.58393068787174e-17
9.82044728434506e-08 0.00336240946511947 0.000147902024101107 42503.0413155793 -401287.752699789 1.34759916246509e-16 4.53939093281994e-17
9.85527156549522e-08 0.00337021828503645 7.76432667818277e-06 2231.25748005215 -401530.285036133 1.34763303827384e-16 4.49459812842022e-17
9.89009584664538e-08 0.00336399851952812 -0.000131756083051741 -37863.1345687253 -397741.381362354 1.34766691493204e-16 4.45000313052037e-17
9.92492012779554e-08 0.00334388219298301 -0.000269258377582864 -77377.5748947623 -389958.981916761 1.34770079243972e-16 4.40605482028642e-17
9.9597444089457e-08 0.00331014085727361 -0.000403361956551503 -115915.316295615 -378261.123362648 1.3477346707969e-16 4.36319559729898e-17
9.99456869009586e-08 0.00326318286882151 -0.000532720308739248 -153089.407867157 -362765.156290479 1.34776855000361e-16 4.32185693761295e-17
1.0029392971246e-07 0.00320354929205008 -0.000656034532162074 -188526.580311505 -343626.567980971 1.34780243005985e-16 4.28245506138016e-17
1.00642172523962e-07 0.00313190847032021 -0.000772066376492506 -221870.993976377 -321037.422238887 1.34783631096566e-16 4.24538675353562e-17
1.00990415335463e-07 0.00304904931882469 -0.00087965067685442 -252787.811991418 -295224.43195229 1.34787019272106e-16 4.21102537951231e-17
1.01338658146965e-07 0.00295587340674982 -0.000977707054137497 -280966.562622103 -266446.683719937 1.34790407532606e-16 4.1797171359924e-17
1.01686900958467e-07 0.00285338590817041 -0.00106525076433949 -306124.257077257 -234993.037383271 1.3479379587807e-16 4.15177757434404e-17
1.02035143769968e-07 0.00274268551250471 -0.0011414025879855 -328008.231460668 -201179.226564065 1.34797184308498e-16 4.12748843165586e-17
1.0238338658147e-07 0.00262495339580408 -0.00120539766030846 -346398.684326117 -165344.689311374 1.34800572823893e-16 4.10709480119387e-17
1.02731629392971e-07 0.00250144136358433 -0.00125659315350752 -361110.884350666 -127849.160671968 1.34803961424258e-16 4.09080267069864e-17
1.03079872204473e-07 0.00237345928422614 -0.00129447473392429 -371997.025952439 -89069.0613895131 1.34807350109594e-16 4.07877685324776e-17
1.03428115015975e-07 0.00224236193909792 -0.00131866172927478 -378947.71421333 -49393.7189855576 1.34810738879903e-16 4.07113933146796e-17
1.03776357827476e-07 0.00210953542141385 -0.00132891095402474 -381893.064188409 -9221.45915920594 1.34814127735188e-16 4.06796803173191e-17
1.04124600638978e-07 0.00197638322037376 -0.00132511915446727 -380803.403555087 31044.393254674 1.34817516675451e-16 4.06929604065753e-17
1.04472843450479e-07 0.0018443121302951 -0.00130732404891898 -375689.571537364 70999.5636198152 1.34820905700693e-16 4.07511127178752e-17
1.04821086261981e-07 0.00171471812620745 -0.0012757039525557 -366602.81109376 110242.886470646 1.34824294810918e-16 4.08535658580699e-17
1.05169329073483e-07 0.00158897234772063 -0.00123057599061908 -353634.25544121 148380.333369486 1.34827684006127e-16 4.09993036310358e-17
1.05517571884984e-07 0.00146840733189383 -0.00117239291789823 -336914.014060124 185028.969207604 1.34831073286322e-16 4.11868752293276e-17
1.05865814696486e-07 0.00135430363333659 -0.00110173857638468 -316609.867347279 219820.79722629 1.34834462651505e-16 4.14144097896681e-17
1.06214057507987e-07 0.00124787696588813 -0.00101932203667241 -292925.583012652 252406.454150422 1.34837852101679e-16 4.16796351662467e-17
1.06562300319489e-07 0.00115026599498829 -0.00092597048189151 -266098.871114417 282458.718330884 1.34841241636846e-16 4.19799007334422e-17
1.06910543130991e-07 0.00106252090332318 -0.00082262090559051 -236398.998254893 309675.795668729 1.34844631257008e-16 4.23122039891283e-17
1.07258785942492e-07 0.000985592844568132 -0.000710310706892666 -204124.084882834 333784.350324193 1.34848020962166e-16 4.26732206915551e-17
1.07607028753994e-07 0.000920324391136776 -0.000590167277324889 -169598.112829715 354542.249775253 1.34851410752323e-16 4.30593382273146e-17
1.07955271565495e-07 0.000867441071867515 -0.00046339668384434 -133167.673117673 371740.996657646 1.34854800627482e-16 4.34666918754499e-17
1.08303514376997e-07 0.000827544084638049 -0.00033127156166465 -95198.4866852389 385207.822962347 1.34858190587644e-16 4.38912036036832e-17
1.08651757188499e-07 0.000801104257104172 -0.000195118338420294 -56071.7329577297 394807.42555589 1.34861580632811e-16 4.43286230073032e-17
1.09e-07 0.000788457316229492 -5.63039179242639e-05 -16180.223119381 400443.32558958 1.34864970762987e-16 4.47745699797323e-17
