0 -0.00139 0 0 400000 1.33808e-16 4.46026666666667e-17
8.58267716535433e-10 -0.0013476628675534 0.000345423943236503 99265.4983594748 392766.311808453 1.33932102673093e-16 4.57509107080715e-17
1.71653543307087e-09 -0.00122089499653668 0.000674132904048161 193727.562872049 361269.513009994 1.34056320160442e-16 4.68456315312125e-17
2.5748031496063e-09 -0.00101638709546746 0.000965811046935772 277547.971912082 307432.332264249 1.34180652568266e-16 4.78217291082229e-17
3.43307086614173e-09 -0.000745637122961841 0.00120241068624189 345540.308770193 234558.971884032 1.34305100002885e-16 4.86213714706218e-17
4.29133858267717e-09 -0.00042424464553472 0.00136926897151092 393490.866821977 147132.325353169 1.34429662570717e-16 4.91975730158818e-17
5.1496062992126e-09 -7.09512359257415e-05 0.00145601656567974 418419.779062314 50538.2137604075 1.34554340378278e-16 4.95171062758233e-17
6.00787401574803e-09 0.000293514060027303 0.00145722200561291 418766.189894715 -49266.3957936951 1.34679133532182e-16 4.95625667055133e-17
6.86614173228347e-09 0.000647713066780773 0.00137273170610113 394485.963084162 -146120.751511455 1.34804042139143e-16 4.93334621920781e-17
7.7244094488189e-09 0.000970821799497457 0.00120768432781674 347055.810718877 -234040.603391762 1.34929066305973e-16 4.88462590953803e-17
8.58267716535433e-09 0.00124391707761431 0.000972198320627533 279383.501609967 -307587.941169501 1.35054206139583e-16 4.8133381011813e-17
9.44094488188976e-09 0.00145114693906809 0.000680751636570843 195629.607577509 -362207.339706976 1.35179461746982e-16 4.72412211265548e-17
1.02992125984252e-08 0.00158071246536461 0.000351291635314282 100951.714354994 -394508.108962675 1.35304833235279e-16 4.62272899946273e-17
1.11574803149606e-08 0.00162560020757338 4.12990284910848e-06 1186.82237441865 -402474.77341172 1.35430320711682e-16 4.5156674097917e-17
1.20157480314961e-08 0.00158401974943175 -0.000339309961907895 -97508.5054948277 -385592.815846876 1.35555924283498e-16 4.40980232525617e-17
1.28740157480315e-08 0.0014595191117905 -0.000657814394575421 -189038.064627898 -344881.841494827 1.35681644058134e-16 4.3119314240067e-17
1.37322834645669e-08 0.00126077057321956 -0.000931690164578393 -267742.553214307 -282834.028651285 1.35807480143094e-16 4.2283652084323e-17
1.45905511811024e-08 0.00100103982912442 -0.00114398199404256 -328749.482994438 -203261.579369107 1.35933432645985e-16 4.16453683136182e-17
1.54488188976378e-08 0.000697370980024941 -0.00128152221299653 -368274.821773831 -111062.507133813 1.3605950167451e-16 4.12466574455106e-17
1.63070866141732e-08 0.000369537419497683 -0.00133574747099917 -383857.69425473 -11919.1504342856 1.36185687336474e-16 4.11149599160883e-17
1.71653543307087e-08 3.88231961486511e-05 -0.00130323185129735 -374513.584625484 88052.030844887 1.36311989739782e-16 4.12612537689634e-17
1.80236220472441e-08 -0.000273290046709184 -0.00118590320113713 -340796.504040758 182677.793444818 1.36438408992436e-16 4.16793614464216e-17
1.88818897637795e-08 -0.00054644954919519 -0.000990929025050905 -284766.19943858 266109.304671365 1.36564945202542e-16 4.23463154329741e-17
1.9740157480315e-08 -0.000762689422740956 -0.000730278682404589 -209862.340956947 333183.654086113 1.36691598478302e-16 4.32237611495366e-17
2.05984251968504e-08 -0.000907542393670645 -0.000419988627491222 -120693.371810314 379743.33854125 1.3681836892802e-16 4.42603114180738e-17
2.14566929133858e-08 -0.000970936508246412 -7.91757946601536e-05 -22752.9818613832 402893.950955806 1.36945256660101e-16 4.53947079702914e-17
2.23149606299213e-08 -0.000947821221624083 0.000271140173271506 77918.3520774135 401184.101347239 1.3707226178305e-16 4.65595954989144e-17
2.31732283464567e-08 -0.000838483954424882 0.000609333293487645 175105.907478041 374696.386628017 1.3719938440547e-16 4.76856757408084e-17
2.40314960629921e-08 -0.000648537280692011 0.000914506257262583 262804.363037088 325043.708770883 1.37326624636067e-16 4.87059853961279e-17
2.48897637795276e-08 -0.000388577233759707 0.0011677816777723 335588.868371417 255271.081157656 1.37453982583647e-16 4.95600338028026e-17
2.5748031496063e-08 -7.35335280759683e-05 0.00135346978639773 388950.608352225 169668.899906103 1.37581458357117e-16 5.01975447025718e-17
2.66062992125984e-08 0.000278248459118046 0.00146004034875707 419576.105484618 73509.1302348867 1.37709052065483e-16 5.05815706487182e-17
2.74645669291339e-08 0.00064613749954213 0.00148083859585728 425552.959156259 -27279.3708757446 1.37836763817854e-16 5.06907871358499e-17
2.83228346456693e-08 0.0010084885402175 0.00141450071914246 406489.247676082 -126476.400648808 1.3796459372344e-16 5.05208240122333e-17
2.91811023622047e-08 0.00134397851830257 0.00126504299139187 363539.139209862 -217954.287563653 1.38092541891549e-16 5.00845510587989e-17
3.00393700787402e-08 0.00163292352633376 0.00104161870760221 299333.043163984 -296056.409019873 1.38220608431593e-16 4.94112991305048e-17
3.08976377952756e-08 0.00185849596527287 0.000757957649354186 217816.527405586 -355946.968201909 1.38348793453085e-16 4.85450639759521e-17
3.1755905511811e-08 0.00200776642403112 0.000431522396445583 124007.865045757 -393910.40207381 1.38477097065638e-16 4.75418027223828e-17
3.26141732283465e-08 0.00207250577903465 8.24333282433153e-05 23689.1089043594 -407581.883099398 1.38605519378967e-16 4.6465989150012e-17
3.34724409448819e-08 0.00204969775602172 -0.000267771509596352 -76950.2892518132 -396094.615639162 1.3873406050289e-16 4.53866398089462e-17
3.43307086614173e-08 0.00194173003146958 -0.000597465237800981 -171695.349277424 -360134.753331479 1.38862720547324e-16 4.43730559077653e-17
3.51889763779528e-08 0.00175625177422945 -0.000886267691708454 -254689.363085368 -301900.46041169 1.3899149962229e-16 4.34905436827861e-17
3.60472440944882e-08 0.00150570611670296 -0.00111630521062045 -320795.92403254 -224967.556573785 1.39120397837909e-16 4.27963775290574e-17
3.69055118110236e-08 0.00120656612841255 -0.00127331679626302 -365916.806942357 -134069.956439702 1.39249415304404e-16 4.23362554261895e-17
3.77637795275591e-08 0.000878321202318957 -0.00134753818421032 -387246.026319821 -34808.3844029052 1.39378552132102e-16 4.21414660198837e-17
3.86220472440945e-08 0.00054227622162023 -0.00133430902442146 -383444.323614981 66694.7123537902 1.39507808431429e-16 4.22269429726204e-17
3.94803149606299e-08 0.000220237494748751 -0.0012343654165353 -354723.233954236 164172.790597628 1.39637184312917e-16 4.25903275635599e-17
4.03385826771654e-08 -6.68334923100685e-05 -0.00105379944246498 -302833.456902557 251602.086216599 1.39766679887196e-16 4.32120983622973e-17
4.11968503937008e-08 -0.000300115394736378 -0.000803687887394616 -230958.160920182 323573.853783757 1.39896295265002e-16 4.40567609553e-17
4.20551181102362e-08 -0.00046409135536482 -0.000499412772533482 -143517.722854205 375628.968245233 1.40026030557171e-16 4.50750252307506e-17
4.29133858267717e-08 -0.000547510350192823 -0.000159715376968474 -45897.8794055167 404534.189617125 1.40155885874642e-16 4.62068366709229e-17
4.37716535433071e-08 -0.000544085974431523 0.00019445807633558 55881.9914931602 408482.975195968 1.40285861328458e-16 4.73850752359624e-17
4.46299212598426e-08 -0.000452889270639609 0.00054124797513489 155540.028535415 387208.367739299 1.40415957029764e-16 4.85396940214434e-17
4.5488188976378e-08 -0.00027841105564514 0.000859230476388112 246919.598697064 342000.906537193 1.40546173089806e-16 4.96020425018067e-17
4.63464566929134e-08 -3.02895913112628e-05 0.00112874100073292 324369.633751217 275630.367356204 1.40676509619936e-16 5.05091075360606e-17
4.72047244094489e-08 0.000277279891984488 0.00133309030298944 383094.096039042 192176.075458358 1.40806966731607e-16 5.12074101441017e-17
4.80629921259843e-08 0.000626417646909491 0.00145959791735937 419448.962667675 96776.1866208273 1.40937544536376e-16 5.16563170785117e-17
4.89212598425197e-08 0.000996660215878038 0.00150037898497014 431168.338464515 -4688.65493592492 1.41068243145903e-16 5.18305621347392e-17
4.97795275590552e-08 0.00136622182066181 0.00145283564279612 417505.667862239 -105957.805804494 1.4119906267195e-16 5.17218207577592e-17
5.06377952755906e-08 0.00171333858271329 0.0013198223534878 379281.246219924 -200776.915953405 1.41330003226385e-16 5.13392398249779e-17
5.1496062992126e-08 0.00201761263462384 0.00110947466403247 318833.009693797 -283284.190005015 1.41461064921177e-16 5.07088889204847e-17
5.23543307086615e-08 0.00226127311312918 0.000834711657369219 239873.553288944 -348372.762518335 1.415922478684e-16 4.98721659910074e-17
5.32125984251969e-08 0.00243027608049891 0.000512442522611723 147262.120601788 -392006.785646002 1.41723552180232e-16 4.88832548795344e-17
5.40708661417323e-08 0.00251517529647032 0.000162525970690553 46705.5680211172 -411471.665435684 1.41854977968954e-16 4.78057908767987e-17
5.49291338582678e-08 0.00251170985169137 -0.000193453468947892 -55593.2945022686 -405542.931787441 1.41986525346949e-16 4.67089394864199e-17
5.57874015748032e-08 0.00242107210972456 -0.000533516866666642 -153318.317070422 -374563.237738437 1.42118194426709e-16 4.5663130028023e-17
5.66456692913386e-08 0.00224983911431508 -0.00083664790005545 -240429.977066037 -320422.647767063 1.42249985320825e-16 4.47357072426706e-17
5.75039370078741e-08 0.00200957138671844 -0.00108409166820045 -311538.623243591 -246443.342996526 1.42381898141995e-16 4.39867693724166e-17
5.83622047244095e-08 0.001716103582802 -0.00126051504694088 -362237.930445176 -157175.775231926 1.4251393300302e-16 4.34654499179225e-17
5.92204724409449e-08 0.00138857053236283 -0.00135495679592544 -389377.934670288 -58118.7770036021 1.42646090016806e-16 4.3206873115405e-17
6.00787401574804e-08 0.00104822856560498 -0.00136150854635003 -391260.730532469 44619.1573228489 1.42778369296363e-16 4.32299717795303e-17
6.09370078740158e-08 0.00071714472977398 -0.00127968436403422 -367746.673691672 144696.555232169 1.42910770954807e-16 4.35363030754909e-17
6.17952755905512e-08 0.000416834724939704 -0.00111445577628504 -320264.446627506 235930.386474691 1.43043295105356e-16 4.41099362789242e-17
6.26535433070867e-08 0.000166933629696119 -0.000875949789864743 -251724.277171104 312678.060546424 1.43175941861335e-16 4.49184204471358e-17
6.35118110236221e-08 -1.60184597118106e-05 -0.000578828238049965 -166339.57963715 370186.401158294 1.43308711336173e-16 4.59147732393837e-17
6.43700787401575e-08 -0.000119600774157033 -0.000241386492177514 -69367.9488999428 404886.01521655 1.43441603643404e-16 4.70403690056011e-17
6.5228346456693e-08 -0.00013628276313014 0.000115573060282168 33212.571538459 414612.826188935 1.43574618896668e-16 4.82285486132573e-17
6.60866141732284e-08 -6.38936898545119e-05 0.000470023407883688 135072.014368871 398743.023039309 1.43707757209707e-16 4.94087287447914e-17
6.69448818897638e-08 9.42383499321277e-05 0.000800072123968993 229919.088309779 358233.010465324 1.43841018696372e-16 5.05107573461702e-17
6.78031496062993e-08 0.000329486876870702 0.00108531352123658 311889.750757847 295561.805308265 1.43974403470617e-16 5.14692464709896e-17
6.86614173228347e-08 0.000628454879308172 0.0013080902393795 375909.75395202 214579.346358727 1.44107911646503e-16 5.2227614911902e-17
6.95196850393701e-08 0.000973797770973702 0.00145458626901421 418008.75048689 120269.998579608 1.44241543338195e-16 5.27415906864942e-17
7.03779527559056e-08 0.00134529090389396 0.00151568375310219 435566.514866732 18445.7787680265 1.44375298659965e-16 5.29819565717623e-17
7.1236220472441e-08 0.00172107593545488 0.00148753043307443 427476.012173595 -84611.8166268528 1.44509177726189e-16 5.29363684284734e-17
7.20944881889764e-08 0.00207900924207909 0.00137178242768568 394213.166143368 -182539.309123202 1.44643180651351e-16 5.26101331617263e-17
7.29527559055119e-08 0.00239802919874551 0.00117550705072087 337808.931603189 -269284.157358695 1.44777307550039e-16 5.20258973100095e-17
7.38110236220473e-08 0.00265945790150819 0.000910751354810468 261725.305633863 -339478.836933795 1.44911558536947e-16 5.12222644870038e-17
7.46692913385827e-08 0.0028481568807289 0.000593802737922409 170642.845874558 -388772.961135413 1.45045933726878e-16 5.02514260690246e-17
7.55275590551182e-08 0.00295346529553265 0.000244186991023191 70172.736521109 -414102.892647414 1.45180433234738e-16 4.91759505389473e-17
7.63858267716536e-08 0.00296986246733834 -0.000116534577538278 -33488.8855910254 -413882.137767301 1.4531505717554e-16 4.80649289915829e-17
7.72440944881891e-08 0.00289731358076298 -0.000466094839750403 -133943.050146137 -388100.691495681 1.45449805664404e-16 4.6989714250305e-17
7.81023622047245e-08 0.00274127690902209 -0.000782895365768048 -224982.952594805 -338327.113920903 1.45584678816556e-16 4.60195163621182e-17
7.89606299212599e-08 0.00251237180445829 -0.00104734091599706 -300977.451084028 -267613.11967707 1.4571967674733e-16 4.52171263512223e-17
7.98188976377954e-08 0.00222572764455721 -0.00124305145498993 -357219.366468648 -180306.482638536 1.45854799572165e-16 4.46350324416852e-17
8.06771653543308e-08 0.00190005364600481 -0.00135787672242163 -390217.042567967 -81783.7256393767 1.45990047406607e-16 4.43121689662077e-17
8.15354330708662e-08 0.00155648673486587 -0.00138465052071827 -397911.108028486 21880.9704748429 1.4612542036631e-16 4.42714993268469e-17
8.23937007874017e-08 0.00121728842065681 -0.00132163789532449 -379802.983837539 124290.249991957 1.46260918567034e-16 4.45185830505667e-17
8.32519685039371e-08 0.000904471012924544 -0.00117264730657809 -336987.118486084 219118.370530752 1.46396542124646e-16 4.50412163456831e-17
8.41102362204725e-08 0.000638437956926244 -0.00094680055575901 -272084.870938136 300501.933790791 1.46532291155121e-16 4.58101693508328e-17
8.4968503937008e-08 0.000436722271470729 -0.000657974357563519 -189084.033664045 363402.42439443 1.46668165774541e-16 4.67809755601372e-17
8.58267716535434e-08 0.000312901091097082 -0.000323947742530814 -93093.8191587118 403918.141105535 1.46804166099095e-16 4.78966638868661e-17
8.66850393700788e-08 0.000275753511098091 3.46923281046049e-05 9969.63674922819 419526.209391386 1.46940292245081e-16 4.90912655112053e-17
8.75433070866143e-08 0.000328713970195092 0.000395819771909304 113747.896428271 409239.664457172 1.47076544328901e-16 5.02938796534066e-17
8.84015748031497e-08 0.000469655202214602 0.000737134421469504 211832.494932161 373669.825063474 1.47212922467069e-16 5.14330476958467e-17
8.92598425196851e-08 0.000691014466115552 0.00103753907460117 298160.666984214 314990.018430668 1.47349426776205e-16 5.24411658027202e-17
9.01181102362206e-08 0.000980255576252912 0.00127844352595225 367390.090388741 236802.805238018 1.47486057373035e-16 5.32586635589064e-17
9.0976377952756e-08 0.00132063850953132 0.00144491497820451 415229.483094452 143918.81534384 1.47622814374396e-16 5.38376903476238e-17
9.18346456692914e-08 0.00169224934469191 0.00152660364378473 438704.596090858 42060.7710919635 1.47759697897231e-16 5.41450813485543e-17
9.26929133858269e-08 0.00207322716770372 0.00151838616589381 436343.115208967 -62489.0921127842 1.47896708058594e-16 5.4164419316188e-17
9.35511811023623e-08 0.00244111235439697 0.00142068686146822 408266.977659521 -163276.485765406 1.48033844975643e-16 5.38970639707697e-17
9.44094488188977e-08 0.00277423307554146 0.00123945664872189 356186.316378491 -254073.512318506 1.48171108765647e-16 5.33620844737135e-17
9.52677165354332e-08 0.0030530444321053 0.000985810643964025 283295.315154698 -329263.496435076 1.48308499545985e-16 5.25950981428466e-17
9.61259842519686e-08 0.0032613374747023 0.000675346493164539 194076.315559289 -384188.424476496 1.48446017434141e-16 5.16460861140768e-17
9.6984251968504e-08 0.00338724332036221 0.000327185241300629 94024.188738228 -415437.500503216 1.4858366254771e-16 5.05763199031271e-17
9.78425196850395e-08 0.00342397016492445 -3.72062833266091e-05 -10692.0794833003 -421058.943702239 1.48721435004396e-16 4.94545878538401e-17
9.87007874015749e-08 0.00337022742761294 -0.000395339044879387 -113609.748482438 -400681.876065775 1.4885933492201e-16 4.8352953871925e-17
9.95590551181103e-08 0.00323031054406688 -0.00072508972966335 -208371.176288405 -355540.689614834 1.48997362418473e-16 4.73423099430912e-17
1.00417322834646e-07 0.00301384085723609 -0.00100606737363074 -289116.551362759 -288400.298077892 1.49135517611817e-16 4.64879969118767e-17
1.01275590551181e-07 0.00273517635084197 -0.00122087426796899 -350846.242760956 -203386.797625904 1.4927380062018e-16 4.58457640357802e-17
1.02133858267717e-07 0.00241252931274005 -0.0013561831740981 -389730.362586387 -105733.907187862 1.49412211561811e-16 4.54583171575238e-17
1.02992125984252e-07 0.00206684514829673 -0.00140356415161006 -403346.37397638 -1460.76974082012 1.49550750555069e-16 4.53526692176036e-17
1.03850393700788e-07 0.0017205113649262 -0.00136000970435534 -390830.003883438 102999.0506152 1.4968941771842e-16 4.55384574761705e-17
1.04708661417323e-07 0.00139597630105905 -0.0012281255336599 -352930.06039039 201194.508591394 1.49828213170443e-16 4.60073322634212e-17
1.05566929133858e-07 0.00111436282042548 -0.00101597480879153 -291963.680254536 287055.4644768 1.49967137029824e-16 4.67334559993163e-17
1.06425196850394e-07 0.000894162582309821 -0.00073658525165235 -211674.678380497 355267.915550141 1.50106189415359e-16 4.76750826913917e-17
1.07283464566929e-07 0.0007500916014345 -0.000407149165157034 -117003.657613524 401602.877214693 1.50245370445957e-16 4.8777121363823e-17
1.08141732283465e-07 0.000692177924897178 -4.79655257807897e-05 -13783.9947517604 423178.5599703 1.50384680240632e-16 4.99745260160654e-17
1.09e-07 0.000725137984051903 0.000318810764222623 91617.5905364379 418639.589014476 1.50524118918513e-16 5.11963035190459e-17
