0 -0.00139 0 0 400000 1.33808e-16 4.46026666666667e-17
3.03621169916435e-10 -0.0013847016580471 0.000121713385064219 34977.1347990956 400222.450070287 1.33809943650729e-16 4.49933329213428e-17
6.07242339832869e-10 -0.00136878057096483 0.00024303100862728 69840.5384472011 397392.210511322 1.3381188732962e-16 4.5382731007252e-17
9.10863509749303e-10 -0.00134231170542213 0.000363027515958882 104324.289023554 391530.824716086 1.33813831036674e-16 4.57678957176968e-17
1.21448467966574e-09 -0.00130545048225199 0.000480787615722072 138165.356554449 382682.956428198 1.33815774771892e-16 4.61458940931171e-17
1.51810584958217e-09 -0.00125843159214625 0.000595413061494854 171105.609313713 370916.049404652 1.33817718535273e-16 4.65138477926784e-17
1.82172701949861e-09 -0.00120156720670325 0.000706029503383014 202893.782790912 356319.813319281 1.33819662326818e-16 4.68689550495798e-17
2.12534818941504e-09 -0.00113524459846461 0.000811793157461708 233287.396308469 339005.539825711 1.33821606146528e-16 4.72085120426128e-17
2.42896935933148e-09 -0.00105992318808587 0.00091189724217203 262054.602667947 319105.253994068 1.33823549994402e-16 4.752993352095e-17
2.73259052924791e-09 -0.000976131041155274 0.00100557813257567 288975.956716383 296770.707591451 1.33825493870442e-16 4.78307725248394e-17
3.03621169916434e-09 -0.000884460841373269 0.00109212118552204 313846.089341758 272172.221882627 1.33827437774647e-16 4.81087390517692e-17
3.33983286908078e-09 -0.000785565370799593 0.00117086619129166 336475.274127856 245497.388775308 1.33829381707018e-16 4.83617175257145e-17
3.64345403899721e-09 -0.000680152531635254 0.00124121241012814 356690.874717321 216949.640214928 1.33831325667556e-16 4.85877829362001e-17
3.94707520891365e-09 -0.000568979947504024 0.00130262315523647 374338.66184142 186746.696738977 1.33833269656261e-16 4.87852155240602e-17
4.25069637883008e-09 -0.000452849185406037 0.00135462988728447 389283.989969001 155118.90702274 1.33835213673134e-16 4.89525139018589e-17
4.55431754874652e-09 -0.000332599642409997 0.0013968357891694 401412.824597732 122307.491079995 1.33837157718173e-16 4.90884065088723e-17
4.85793871866295e-09 -0.000209102143708317 0.00142891879377581 410632.612349803 88562.7005172129 1.33839101791382e-16 4.91918613132357e-17
5.16155988857939e-09 -8.32523008617976e-05 0.00145063404162235 416872.987233169 54141.9098727269 1.33841045892758e-16 4.92620936872274e-17
5.46518105849582e-09 4.40363191097175e-05 0.00146181574964385 420086.307678949 19307.6535981438 1.33842990022304e-16 4.92985723955933e-17
5.76880222841225e-09 0.000171839161690753 0.00146237847684577 420248.0202563 -15674.3763458714 1.33844934180019e-16 4.93010236512108e-17
6.07242339832869e-09 0.000299227736741589 0.00145231777716871 417356.847288001 -50537.3570066955 1.33846878365903e-16 4.92694332071272e-17
6.37604456824512e-09 0.000425276700490764 0.00143171023457421 411434.796933181 -85015.3696128403 1.33848822579958e-16 4.9204046468989e-17
6.67966573816156e-09 0.000549070913631296 0.00140071288007544 402526.995657696 -118845.427879902 1.33850766822184e-16 4.9105366626975e-17
6.98328690807799e-09 0.000669712421684718 0.00135956199515031 390701.34436742 -151769.483978382 1.3385271109258e-16 4.8974150821453e-17
7.28690807799443e-09 0.000786327304389148 0.00130857131065504 376048.000824734 -183536.396862557 1.33854655391148e-16 4.8811404371579e-17
7.59052924791086e-09 0.00089807234186584 0.00124812961496735 358678.692293557 -213903.847946441 1.33856599717888e-16 4.86183731108305e-17
7.8941504178273e-09 0.00100414144671546 0.00117869778959439 338725.863653259 -242640.189514285 1.33858544072799e-16 4.83965338879094e-17
8.19777158774373e-09 0.00110377181297991 0.00110080529484815 316341.66747681 -269526.211765888 1.33860488455884e-16 4.81475833054394e-17
8.50139275766016e-09 0.00119624973506452 0.00101504613238569 291696.803774068 -294356.815017443 1.33862432867141e-16 4.78734247823305e-17
8.8050139275766e-09 0.00128091605223197 0.000922074315402459 264979.218247845 -316942.574301829 1.33864377306572e-16 4.75761540384664e-17
9.10863509749303e-09 0.00135717117713472 0.000822598881022536 236392.668989772 -337111.184432831 1.33866321774177e-16 4.72580431124077e-17
9.41225626740947e-09 0.00142447967002488 0.000717378482922106 206155.172546538 -354708.774509327 1.33868266269956e-16 4.69215230339944e-17
9.7158774373259e-09 0.00148237432374518 0.00060721560542483 174497.341207401 -369601.081831195 1.3387021079391e-16 4.65691652839933e-17
1.00194986072423e-08 0.00153045972833562 0.000492950443195538 141660.624193691 -381674.476270871 1.33872155346039e-16 4.62036621821887e-17
1.03231197771588e-08 0.00156841528805947 0.000375454493209981 107895.466164241 -390836.827284994 1.33874099926343e-16 4.58278063534898e-17
1.06267409470752e-08 0.00159599766782808 0.000255623907873666 73459.3970815234 -397018.206950749 1.33876044534823e-16 4.54444694286648e-17
1.09303621169916e-08 0.00161304265035645 0.00013437265998532 38615.0680070215 -400171.423662124 1.3387798917148e-16 4.50565801421502e-17
1.12339832869081e-08 0.0016194663898753 1.26255716764572e-05 3628.24780701056 -400272.382412864 1.33879933836313e-16 4.46671019939844e-17
1.15376044568245e-08 0.0016152660528284 -0.000108688739503259 -31234.2039517138 -397320.268915553 1.33881878529323e-16 4.42790106462435e-17
1.18412256267409e-08 0.00160051984065935 -0.00022864494355236 -65706.3724547874 -391337.556149908 1.33883823250511e-16 4.38952712263845e-17
1.21448467966574e-08 0.00157538639450493 -0.000346328056010814 -99525.3159166316 -382369.833287763 1.33885767999877e-16 4.35188157106113e-17
1.24484679665738e-08 0.00154010358632694 -0.000460840417145011 -132433.071209447 -370485.458297047 1.33887712777421e-16 4.31525205597742e-17
1.27520891364902e-08 0.00149498670569412 -0.000571308539089692 -164178.621546605 -355775.036871952 1.33889657583144e-16 4.27991847783889e-17
1.30557103064067e-08 0.00144042605603574 -0.0006768897687184 -194519.811211399 -338350.731661241 1.33891602417046e-16 4.2461508564134e-17
1.33593314763231e-08 0.00137688397869293 -0.000776778715418796 -223225.192725815 -318345.407061075 1.33893547279127e-16 4.21420727106878e-17
1.36629526462395e-08 0.00130489132745834 -0.000870213394741653 -250075.79236908 -295911.616093085 1.33895492169389e-16 4.18433189210195e-17
1.3966573816156e-08 0.00122504342048672 -0.000956481041058771 -274866.780578327 -271220.437092955 1.33897437087831e-16 4.15675311813082e-17
1.42701949860724e-08 0.00113799550044553 -0.00103492354488905 -297409.034489041 -244460.169080497 1.33899382034454e-16 4.13168183375754e-17
1.45738161559889e-08 0.00104445773752613 -0.00110494247341408 -317530.580695453 -215834.895760227 1.33901327009258e-16 4.10930980079444e-17
1.48774373259053e-08 0.000945189813423366 -0.00116600363588339 -335077.907224506 -185562.9291036 1.33903272012243e-16 4.08980819532563e-17
1.51810584958217e-08 0.000840995127588281 -0.00121764115907996 -349917.13471444 -153875.144382727 1.33905217043411e-16 4.07332630176477e-17
1.54846796657382e-08 0.000732714669939999 -0.00125946104175362 -361935.037862785 -121013.219353513 1.3390716210276e-16 4.05999037387249e-17
1.57883008356546e-08 0.000621220606767962 -0.00129114416090311 -371039.909350527 -87227.7910174422 1.33909107190293e-16 4.04990267142331e-17
1.6091922005571e-08 0.000507409628743752 -0.00131244870696864 -377162.259650571 -52776.5440200982 1.33911052306009e-16 4.04314067987261e-17
1.63955431754875e-08 0.000392196111777043 -0.00132321202935213 -380255.347380363 -17922.245266147 1.33912997449909e-16 4.03975651897804e-17
1.66991643454039e-08 0.000276505142878478 -0.00132335187818013 -380295.536150939 17069.2602590384 1.33914942621993e-16 4.03977654488905e-17
1.70027855153203e-08 0.000161265464222671 -0.00131286703282881 -377282.475188027 51931.0771748228 1.33916887822261e-16 4.04320114874237e-17
1.73064066852368e-08 4.74023892292499e-05 -0.00129183731240837 -371239.102344976 86397.2954320142 1.33918833050714e-16 4.05000475330233e-17
1.76100278551532e-08 -6.41692553059482e-05 -0.00126042296811777 -362211.469481935 120205.018553459 1.33920778307352e-16 4.06013600767475e-17
1.79136490250696e-08 -0.000172552107195328 -0.00121886346209565 -350268.391540653 153096.368918036 1.33922723592176e-16 4.07351817861195e-17
1.82172701949861e-08 -0.000276873113733963 -0.00116747564207297 -335500.921988996 184820.454792423 1.33924668905186e-16 4.09004973542702e-17
1.85208913649025e-08 -0.000376290191252855 -0.00110665132574124 -318021.658633735 215135.284106587 1.33926614246383e-16 4.10960512405891e-17
1.8824512534819e-08 -0.000469998648552669 -0.00103685431325318 -297963.885094029 243809.610374894 1.33928559615767e-16 4.13203572438671e-17
1.91281337047354e-08 -0.000557237325219843 -0.000958616850634535 -275480.554481643 270624.696682131 1.33930505013338e-16 4.15717098349392e-17
1.94317548746518e-08 -0.000637294398000986 -0.000872535571074438 -250743.12303757 295375.984278463 1.33932450439096e-16 4.18481971624145e-17
1.97353760445683e-08 -0.000709512810942703 -0.000779266945044473 -223940.242619321 317874.653054743 1.33934395893043e-16 4.21477156323138e-17
2.00389972144847e-08 -0.000773295287873046 -0.000679522273943538 -195276.322009866 337949.061994107 1.33936341375178e-16 4.24679859504347e-17
2.03426183844011e-08 -0.000828108888985897 -0.000574062265447801 -164969.968019933 355446.058611076 1.33938286885502e-16 4.28065705050999e-17
2.06462395543176e-08 -0.00087348907676636 -0.000463691231936156 -133252.31827241 370232.147388547 1.33940232424016e-16 4.31608919577225e-17
2.0949860724234e-08 -0.000909043260237258 -0.000349250956237168 -100365.278383928 382194.508298366 1.33942177990719e-16 4.35282528994068e-17
2.12534818941504e-08 -0.000934453790485466 -0.000231614271481648 -66559.6769881437 391241.857634575 1.33944123585613e-16 4.39058564236686e-17
2.15571030640669e-08 -0.000949480384611781 -0.000111678404026321 -32093.3526720624 397305.144591048 1.33946069208697e-16 4.42908274583705e-17
2.18607242339833e-08 -0.000953961959607393 9.64186977805481e-06 2770.81258371375 400338.078267977 1.33948014859972e-16 4.46802346941743e-17
2.21643454038997e-08 -0.000947817862160535 0.00013142120078013 37766.8984616627 400317.481085048 1.33949960539439e-16 4.50711129422595e-17
2.24679665738162e-08 -0.000931048485004213 0.000252730724966442 72627.9745679599 397243.465903106 1.33951906247097e-16 4.54604857507816e-17
2.27715877437326e-08 -0.000903735265094958 0.000372645148311729 107088.13642683 391139.435500773 1.33953851982948e-16 4.58453881075661e-17
2.30752089136491e-08 -0.000866040063627509 0.000490249804501853 140884.533679218 382051.904407443 1.33955797746991e-16 4.62228890558762e-17
2.33788300835655e-08 -0.00081820393260543 0.000604647631696221 173759.375015608 370050.144449036 1.33957743539228e-16 4.65901140507499e-17
2.36824512534819e-08 -0.000760545277366719 0.000714966015113342 205461.894550029 355225.656707557 1.33959689359657e-16 4.69442668853816e-17
2.39860724233984e-08 -0.000693457429070996 0.000820363443245829 235750.264636219 337691.473919573 1.33961635208281e-16 4.72826510202972e-17
2.42896935933148e-08 -0.00061740564565553 0.000920035926931919 264393.440535152 317581.298632094 1.33963581085099e-16 4.76026901526269e-17
2.45933147632312e-08 -0.000532923564127022 0.00101322313231868 291172.922862785 295048.483687187 1.33965526990111e-16 4.79019478685724e-17
2.48969359331477e-08 -0.00044060913124129 0.00109921418093362 315884.424373761 270264.862809383 1.33967472923319e-16 4.81781462291567e-17
2.52005571030641e-08 -0.000341120043602008 0.00117735307261994 338339.428366315 243419.44021339 1.33969418884722e-16 4.84291831474773e-17
2.55041782729805e-08 -0.000235168731951987 0.00124704368996649 358366.626820098 214716.949225074 1.33971364874321e-16 4.86531484249023e-17
2.5807799442897e-08 -0.000123516927907671 0.00130775434605525 375813.227295776 184376.290907903 1.33973310892116e-16 4.88483383238716e-17
2.61114206128134e-08 -6.96985457296462e-06 0.00135902184083162 390546.118626166 152628.864602498 1.33975256938109e-16 4.90132685661303e-17
2.64150417827299e-08 0.000113629914662 0.00140045499515075 402452.886505535 119716.803111504 1.33977203012298e-16 4.91466856572269e-17
2.67186629526463e-08 0.000237408882300037 0.00143173763553617 411442.671228516 85891.1259895032 1.33979149114684e-16 4.92475764508736e-17
2.70222841225627e-08 0.000363469288882511 0.00145263100687673 417446.861033942 51409.8250225707 1.33981095245269e-16 4.93151758801922e-17
2.73259052924792e-08 0.00049089596028935 0.00146297559465063 420419.615762747 16535.8964994507 1.33983041404052e-16 4.93489727968492e-17
2.76295264623956e-08 0.000618763287968432 0.00146269234276901 420338.216833286 -18464.664717569 1.33984987591034e-16 4.93487138735136e-17
2.7933147632312e-08 0.000746142288854644 0.00145178325774136 417203.240862109 -53324.8940224393 1.33986933806215e-16 4.93144055398447e-17
2.82367688022285e-08 0.000872107691130294 0.00143033139454539 411038.555603363 -87778.8933212394 1.33988880049595e-16 4.9246313937213e-17
2.85403899721449e-08 0.000995744991780692 0.00139850022430034 401891.138235203 -121563.85918276 1.33990826321176e-16 4.91449628924733e-17
2.88440111420613e-08 0.00111615743211305 0.00135653238855784 389830.717376664 -154422.087413964 1.33992772620957e-16 4.90111299262137e-17
2.91476323119778e-08 0.00123247283803182 0.0013047478497029 374949.241562954 -186102.938770101 1.33994718948938e-16 4.88458403259008e-17
2.94512534818942e-08 0.00134385027289434 0.00124354145156434 357360.178230846 -216364.750805481 1.33996665305121e-16 4.86503593290999e-17
2.97548746518107e-08 0.00144948645219953 0.00117337990883221 337197.648558704 -244976.681281502 1.33998611689506e-16 4.84261824763639e-17
3.00584958217271e-08 0.00154862187117821 0.00109479824823747 314615.404757757 -271720.469070364 1.34000558102093e-16 4.81750242073497e-17
3.03621169916435e-08 0.00164054659854265 0.0010083957286306 289785.657613047 -296392.099121992 1.34002504542882e-16 4.78988047871177e-17
3.06657381615599e-08 0.00172460569219891 0.000914831271071136 262897.763214787 -318803.35879327 1.34004451011873e-16 4.75996356623115e-17
3.09693593314764e-08 0.00180020419560806 0.000814818433778271 234156.778895052 -338783.273667117 1.34006397509069e-16 4.72798033588886e-17
3.12729805013928e-08 0.00186681167668051 0.00070911997026405 203781.899382469 -356179.411907967 1.34008344034467e-16 4.69417520442033e-17
3.15766016713092e-08 0.00192396627457664 0.000598542012151203 172004.785101397 -370859.047202784 1.3401029058807e-16 4.65880648864274e-17
3.18802228412257e-08 0.00197127822353933 0.00048392792104054 139067.795364909 -382710.171415249 1.34012237169878e-16 4.62214443534749e-17
3.21838440111421e-08 0.0020084328268732 0.000366151856317972 105222.139936504 -391642.34922693 1.3401418377989e-16 4.58446916016819e-17
3.24874651810585e-08 0.00203519285837824 0.000246112107958517 70725.9630583169 -397587.408244369 1.34016130418107e-16 4.54606851114448e-17
3.2791086350975e-08 0.00205140037291286 0.000124724245177887 35842.3745588921 -400499.959305932 1.34018077084531e-16 4.50723587327583e-17
3.30947075208914e-08 0.0020569779122677 2.91413318753809e-06 837.443057468518 -400357.743017315 1.3402002377916e-16 4.46826793081062e-17
3.33983286908078e-08 0.00205192909714356 -0.000118389128684049 -34021.833428958 -397161.799869993 1.34021970501996e-16 4.42946240433768e-17
3.37019498607243e-08 0.00203633860070931 -0.000238260293640621 -68469.5639969514 -390936.462642487 1.34023917253039e-16 4.39111577994042e-17
3.40055710306407e-08 0.00201037150393255 -0.000355785024784927 -102242.992952961 -381729.171139822 1.34025864032289e-16 4.35352104773422e-17
3.43091922005571e-08 0.00197427203759118 -0.000470066869372605 -135084.504025252 -369610.110681682 1.34027810839747e-16 4.31696546703647e-17
3.46128133704736e-08 0.00192836172055235 -0.000580234096755917 -166743.585403982 -354671.67709414 1.34029757675413e-16 4.28172837521596e-17
3.491643454039e-08 0.00187303690851031 -0.000685446347859014 -196978.740620539 -337027.772283204 1.34031704539288e-16 4.24807905693498e-17
3.52200557103064e-08 0.00180876577187149 -0.00078490104546318 -225559.330690142 -316812.93576075 1.34033651431371e-16 4.21627469003749e-17
3.55236768802229e-08 0.00173608472582987 -0.000877839516404218 -252267.333465773 -294181.318744726 1.34035598351664e-16 4.18655838375224e-17
3.58272980501393e-08 0.00165559433985414 -0.000963552778980789 -276899.006782797 -269305.508656398 1.34037545300167e-16 4.15915732417563e-17
3.61309192200557e-08 0.0015679547577794 -0.00104138695142546 -299266.442707259 -242375.212978599 1.3403949227688e-16 4.13428104118123e-17
3.64345403899722e-08 0.00147388066342972 -0.0011107482401799 -319199.001031251 -213595.812511808 1.34041439281804e-16 4.11211980997688e-17
3.67381615598886e-08 0.00137413583016447 -0.00117110746992012 -336544.611079641 -183186.795061183 1.34043386314938e-16 4.09284319950341e-17
3.7041782729805e-08 0.00126952729591568 -0.00122200412077244 -351170.931896736 -151380.081499861 1.34045333376284e-16 4.07659877874916e-17
3.73454038997215e-08 0.00116089920814094 -0.00126304984191906 -362966.361961507 -118418.256974902 1.34047280465842e-16 4.0635109908502e-17
3.76490250696379e-08 0.00104912638563457 -0.00129393141478592 -371840.890727611 -84552.7207459477 1.34049227583612e-16 4.05368020356641e-17
3.79526462395543e-08 0.000935107646300189 -0.00131441314320292 -377726.785490802 -50041.768767527 1.34051174729595e-16 4.04718194337857e-17
3.82562674094708e-08 0.000819758951773552 -0.00132433865229741 -380579.108342267 -15148.6236390959 1.34053121903791e-16 4.04406631905086e-17
3.85598885793872e-08 0.000704006421182531 -0.00132363208239138 -380376.059262371 19860.5730513987 1.34055069106201e-16 4.04435763905852e-17
3.88635097493036e-08 0.000588779267329604 -0.00131229866878699 -377119.142735356 54718.7906776026 1.34057016336824e-16 4.04805422580136e-17
3.91671309192201e-08 0.000475002709175059 -0.00129042470300942 -370833.156611566 89160.1463353833 1.34058963595661e-16 4.05512842802304e-17
3.94707520891365e-08 0.000363590914680488 -0.0012581768757935 -361566.003299596 122921.93287873 1.34060910882714e-16 4.06552683134452e-17
3.97743732590529e-08 0.000255440027841412 -0.00121580100681677 -349388.324725905 155746.622761972 1.34062858197981e-16 4.07917066530833e-17
4.00779944289694e-08 0.000151421333096493 -0.00116362017085873 -334392.963843692 187383.832403687 1.34064805541464e-16 4.09595640383215e-17
4.03816155988858e-08 5.23746092537442e-05 -0.00110203223467054 -316694.256795852 217592.232088547 1.34066752913163e-16 4.11575655449426e-17
4.06852367688022e-08 -4.08982763706808e-05 -0.00103150682333389 -296427.161128582 246141.386838563 1.34068700313078e-16 4.13842063063348e-17
4.09888579387187e-08 -0.000127639484736972 -0.000952581739240001 -273746.226702797 272813.514211505 1.3407064774121e-16 4.16377629885159e-17
4.12924791086351e-08 -0.000207140986129525 -0.000865858860994979 -248824.417150453 297405.14561769 1.34072595197559e-16 4.19163069316805e-17
4.15961002785515e-08 -0.000278749961368438 -0.000771999553524991 -221851.790862922 319728.678482079 1.34074542682125e-16 4.22177188580596e-17
4.1899721448468e-08 -0.00034187378198143 -0.000671719624383647 -193034.051570157 339613.807410981 1.3407649019491e-16 4.25397050339283e-17
4.22033426183844e-08 -0.0003959845313439 -0.000565783864725677 -162590.979564178 356908.823445421 1.34078437735913e-16 4.28798147625106e-17
4.25069637883008e-08 -0.000440623032295486 -0.000455000216579567 -130754.755530991 371481.771489204 1.34080385305134e-16 4.32354590743706e-17
4.28105849582173e-08 -0.0004754023505054 -0.000340213610902815 -97768.1897743316 383221.457081346 1.34082332902575e-16 4.36039304727481e-17
4.31142061281337e-08 -0.000500010746857035 -0.000222299523415201 -63882.8703364526 392038.294831566 1.34084280528236e-16 4.39824235832469e-17
4.34178272980501e-08 -0.000514214056324589 -0.000102157297358814 -29357.2441399545 397864.992045075 1.34086228182116e-16 4.43680565503822e-17
4.37214484679666e-08 -0.000517857475188532 1.92967158879693e-05 5545.35421422403 400657.062319966 1.34088175864217e-16 4.47578930177972e-17
4.4025069637883e-08 -0.000510866742949374 0.000141136146025292 40558.7109580991 400393.165197263 1.34090123574539e-16 4.51489645245032e-17
4.43286908077994e-08 -0.00049324870991593 0.000262431669567112 75415.7636578548 397075.269270434 1.34092071313082e-16 4.55382931463216e-17
4.46323119777159e-08 -0.000465091286129909 0.000382258098204285 109850.638217668 390728.637507701 1.34094019079847e-16 4.59229142098348e-17
4.49359331476323e-08 -0.000426562772007432 0.000499701435729319 143600.67684901 381401.634896515 1.34095966874834e-16 4.62998989055956e-17
4.52395543175487e-08 -0.000377910575794055 0.000613865849695751 176408.441536984 369165.359874824 1.34097914698043e-16 4.66663766281127e-17
4.55431754874652e-08 -0.00031945932760701 0.000723880504634611 208023.677721913 354113.102357817 1.34099862549475e-16 4.70195568722095e-17
4.58467966573816e-08 -0.000251608404441032 0.0008289062047057 238205.22321765 336359.63249155 1.3410181042913e-16 4.73567505187358e-17
4.6150417827298e-08 -0.000174828885007257 0.000928141795114159 266722.847805555 316040.325556003 1.3410375833701e-16 4.7675390347267e-17
4.64540389972144e-08 -8.96599576238413e-05 0.00102083027346208 293359.00947165 293310.129690002 1.34105706273113e-16 4.79730506193195e-17
4.67576601671309e-08 3.29519145083206e-06 0.00110626456441668 317910.513890065 268342.384309402 1.34107654237441e-16 4.8247465582697e-17
4.70612813370473e-08 0.000103373977888185 0.00118379291364399 340190.064493674 241327.498228846 1.34109602229993e-16 4.84965467558118e-17
4.73649025069637e-08 0.000209859472284335 0.00125282385986022 360027.691307194 212471.497567712 1.34111550250771e-16 4.87183988601265e-17
4.76685236768802e-08 0.000321985867744732 0.00131283074707063 377272.047642573 181994.454514171 1.34113498299775e-16 4.89113342791714e-17
4.79721448467966e-08 0.000438944320360606 0.00136335574257197 391791.564764225 150128.808930226 1.34115446377005e-16 4.90738859338325e-17
4.8275766016713e-08 0.000559889118034443 0.00140401333006422 403475.455714855 117117.595598129 1.34117394482461e-16 4.92048184756781e-17
4.85793871866295e-08 0.000683944130606604 0.00143449325122022 412234.560643018 83212.5906284447 1.34119342616144e-16 4.93031377129249e-17
4.88830083565459e-08 0.000810209492088864 0.00145456287326853 418002.027182382 48672.3911668745 1.34121290778055e-16 4.93680981971201e-17
4.91866295264623e-08 0.000937768464039588 0.00146406896452235 420733.82069073 13760.4430458686 1.34123238968194e-16 4.93992089126467e-17
4.94902506963788e-08 0.00106569442773282 0.00146293886430323 420409.060454378 -21256.9685756476 1.3412518718656e-16 4.93962370256268e-17
4.97938718662952e-08 0.00119305795179046 0.00145118103832711 417030.179291108 -56112.7502585985 1.34127135433156e-16 4.93592096636007e-17
5.00974930362116e-08 0.00131893388137032 0.0014288850153076 410622.905331671 -90541.0375246596 1.3412908370798e-16 4.92884137123784e-17
5.04011142061281e-08 0.00144240839483766 0.00139622070525122 401236.066116256 -124279.222752792 1.34131032011034e-16 4.9184393631585e-17
5.07047353760445e-08 0.00156258597409509 0.00135343710463506 388941.2164976 -157069.958263514 1.34132980342318e-16 4.90479473055318e-17
5.10083565459609e-08 0.00167859623540329 0.00130086039833456 373832.09318635 -188663.119312038 1.34134928701831e-16 4.88801199610337e-17
5.13119777158774e-08 0.0017896005685888 0.00123889147276993 356023.900096612 -218817.712016993 1.34136877089576e-16 4.86821961985359e-17
5.16155988857938e-08 0.00189479853399531 0.00116800285923125 335652.429940268 -247303.711671213 1.34138825505551e-16 4.84556901973044e-17
5.19192200557102e-08 0.00199343396838243 0.00108873513068874 312873.028767698 -273903.817411901 1.34140773949758e-16 4.82023341693652e-17
5.22228412256267e-08 0.00208480075319505 0.00100169277956359 287859.411350612 -298415.109865202 1.34142722422197e-16 4.79240651502327e-17
5.25264623955431e-08 0.00216824820120084 0.00090753960789398 260802.336440464 -320650.599120147 1.34144670922869e-16 4.76230102271583e-17
5.28300835654595e-08 0.00224318602040398 0.000806993665050921 231908.152004888 -340440.651223186 1.34146619451772e-16 4.73014703175467e-17
5.3133704735376e-08 0.00230908881736674 0.000700821771609604 201397.221536453 -357634.282311003 1.34148568008909e-16 4.6961902621249e-17
5.34373259052924e-08 0.00236550010558316 0.0005898336711396 169502.243435346 -372100.310508695 1.3415051659428e-16 4.66069018805597e-17
5.37409470752088e-08 0.00241203578832382 0.000474875854515568 136466.476283303 -383728.356805172 1.34152465207884e-16 4.62391805908378e-17
5.40445682451253e-08 0.00244838708937889 0.000356825103848776 102541.883544154 -392429.687269412 1.34154413849723e-16 4.58615483126807e-17
5.43481894150417e-08 0.00247432290933695 0.000236581805278964 67987.2118410776 -398137.890181286 1.34156362519797e-16 4.54768902434348e-17
5.46518105849581e-08 0.00248969158941903 0.000115063081629811 33066.0174675263 -400809.38290974 1.34158311218105e-16 4.50881452114763e-17
5.49554317548746e-08 0.00249442206940554 -6.80420269399229e-06 -1955.34381615138 -400423.744669679 1.34160259944649e-16 4.46982832611038e-17
5.5259052924791e-08 0.00248852443081519 -0.000128090511214841 -36809.7483681251 -396983.872616901 1.3416220869943e-16 4.43102829990063e-17
5.55626740947074e-08 0.00247208982118406 -0.000247870725373961 -71231.3421369416 -390515.960087939 1.34164157482446e-16 4.39271088750937e-17
5.58662952646239e-08 0.0024452897600132 -0.000365231200928243 -104957.568479116 -381069.297148189 1.34166106293699e-16 4.35516885709787e-17
5.61699164345403e-08 0.00240837483166988 -0.000479276736929098 -137731.17085516 -368715.894967071 1.3416805513319e-16 4.3186890668581e-17
5.64735376044567e-08 0.00236167277520337 -0.000589137404126232 -169302.155128133 -353549.93688275 1.34170004000918e-16 4.28355027691906e-17
5.67771587743732e-08 0.00230558598563642 -0.000693975180710732 -199429.696496724 -335687.060340905 1.34171952896884e-16 4.25002102298919e-17
5.70807799442896e-08 0.00224058844578288 -0.000792990344780597 -227883.976516945 -315263.475182085 1.34173901821089e-16 4.2183575679548e-17
5.7384401114206e-08 0.00216722211198567 -0.000885427574766726 -254447.936199555 -292434.925000565 1.34175850773532e-16 4.18880194705949e-17
5.76880222841225e-08 0.00208609278133488 -0.000970581711284194 -278918.931810272 -267375.499494617 1.34177799754215e-16 4.16158012157658e-17
5.79916434540389e-08 0.00199786547188143 -0.00104780313645543 -301110.280741759 -240276.306864858 1.34179748763137e-16 4.13690025505879e-17
5.82952646239553e-08 0.00190325935107638 -0.00111650272966904 -320852.685664665 -211344.016384889 1.34181697800299e-16 4.11495112531483e-17
5.85988857938718e-08 0.00180304225111278 -0.00117615636196812 -337995.526093266 -180799.282258891 1.34183646865702e-16 4.09590068422768e-17
5.89025069637882e-08 0.00169802481299821 -0.00122630889478049 -352408.007512371 -148875.060786458 1.34185595959346e-16 4.0798947764014e-17
5.92061281337046e-08 0.00158905430401862 -0.00126657765248336 -363980.15929849 -115814.833668935 1.34187545081231e-16 4.06705602641259e-17
5.95097493036211e-08 0.00147700815574605 -0.00129665534230788 -372623.673821418 -81870.7510076094 1.34189494231358e-16 4.05748290315611e-17
5.98133704735375e-08 0.00136278727187489 -0.00131631239930397 -378272.580323717 -47301.708156865 1.34191443409726e-16 4.05124896842458e-17
6.01169916434539e-08 0.00124730915692777 -0.00132539873847106 -380883.74843567 -12371.3711001121 1.34193392616338e-16 4.04840231545558e-17
6.04206128133704e-08 0.00113150091823928 -0.00132384490068152 -380437.217482711 22653.8345908159 1.34195341851192e-16 4.048965201732e-17
6.07242339832868e-08 0.00101629219459295 -0.00131166258364774 -376936.349070982 57506.7558741408 1.34197291114289e-16 4.05293387883889e-17
6.10278551532032e-08 0.000902608065447043 -0.00128894455387386 -370407.801784652 91921.5499348313 1.3419924040563e-16 4.06027862067768e-17
6.13314763231197e-08 0.000791361994833999 -0.00125586394025478 -360901.328185378 125635.711917078 1.34201189725216e-16 4.07094394982529e-17
6.16350974930361e-08 0.00068344886375404 -0.00121267291470164 -348489.395659745 158392.077225899 1.34203139073046e-16 4.08484906031454e-17
6.19387186629526e-08 0.000579738144209788 -0.00115970076984826 -333266.634004105 189940.783124967 1.34205088449121e-16 4.10188843361385e-17
6.2242339832869e-08 0.000481067266948842 -0.00109735140849226 -315349.113957844 220041.174668006 1.34207037853441e-16 4.12193264311078e-17
6.25459610027854e-08 0.00038823523350462 -0.0010261002639114 -294873.462185612 248463.640425474 1.34208987286007e-16 4.14482934096581e-17
6.28495821727019e-08 0.000301996521263103 -0.000946490674537342 -271995.819456606 274991.364003525 1.3421093674682e-16 4.17040441981191e-17
6.31532033426183e-08 0.000223055328048769 -0.000859129740630933 -246890.649965123 299421.977994343 1.34212886235879e-16 4.19846334044151e-17
6.34568245125348e-08 0.000152060200133995 -0.000764683694554734 -219749.410872103 321569.107740938 1.34214835753185e-16 4.22879261535637e-17
6.37604456824512e-08 8.95990846523078e-05 -0.000663872819948932 -190779.092213712 341263.79313976 1.34216785298738e-16 4.26116143686683e-17
6.40640668523676e-08 3.61948441592769e-05 -0.000557465958558045 -160200.638311916 358355.777634571 1.34218734872539e-16 4.2953234373243e-17
6.43676880222841e-08 -7.69873243958714e-06 -0.000446274646601557 -128247.262725998 372714.654567879 1.34220684474589e-16 4.33101856806261e-17
6.46713091922005e-08 -4.17003921601452e-05 -0.0003311469254079 -95162.6695961747 384230.862144062 1.34222634104887e-16 4.36797508271851e-17
6.4974930362117e-08 -6.5504326994069e-05 -0.000212960873516397 -61199.1949446324 392816.519412933 1.34224583763434e-16 4.40591160980487e-17
6.52785515320334e-08 -7.88825075496123e-05 -9.26179095769494e-05 -26615.8821100426 398406.096894978 1.3422653345023e-16 4.44453929872951e-17
6.55821727019498e-08 -8.16864234705512e-05 2.89640828737814e-05 8323.49400580599 400956.916730683 1.34228483165277e-16 4.48356402289197e-17
6.58857938718663e-08 -7.38482173496714e-05 0.000150857756321568 43352.4388099512 400449.478536601 1.34230432908574e-16 4.52268862305481e-17
6.61894150417827e-08 -5.53812034790993e-05 0.000272133372471654 78203.7706637718 396887.608480168 1.34232382680121e-16 4.56161517387886e-17
6.64930362116992e-08 -2.63797674718012e-05 0.000391865893783927 112611.658798387 390298.430433638 1.3423433247992e-16 4.60004725633479e-17
6.67966573816156e-08 1.2981352489085e-05 0.00050914203925589 146313.650955838 380732.159424575 1.3423628230797e-16 4.63769221865816e-17
6.7100278551532e-08 6.24483972997809e-05 0.000623067250634983 179052.675290093 368261.718955802 1.34238232164272e-16 4.67426340860254e-17
6.74038997214485e-08 0.000121690521335999 0.000732772515924256 210579.001258013 352982.185111125 1.34240182048826e-16 4.70948235996365e-17
6.77075208913649e-08 0.000190302314857789 0.00083742099813309 240652.144543017 335010.061684398 1.34242131961634e-16 4.74308091669622e-17
6.80111420612813e-08 0.000267806895188 0.000936214418709412 269042.701480847 314482.391858451 1.34244081902694e-16 4.77480327842104e-17
6.83147632311978e-08 0.000353659543094669 0.0010283991469603 295534.098994342 291555.713207143 1.34246031872008e-16 4.80440795171888e-17
6.86183844011142e-08 0.00044725185664876 0.00111327194900968 319924.246688386 266404.863988998 1.34247981869576e-16 4.83166959232652e-17
6.89220055710307e-08 0.000547916390881243 0.00119018535243815 342027.078502285 239221.649835259 1.34249931895398e-16 4.85638072418187e-17
6.92256267409471e-08 0.000654931747857614 0.00125855258568048 361673.972159021 210213.381000139 1.34251881949475e-16 4.87835332220461e-17
6.95292479108635e-08 0.000767528078351893 0.00131785205449958 378715.035582784 179601.291328526 1.34253832031807e-16 4.89742024673741e-17
6.983286908078e-08 0.000884892953162083 0.00136763132138584 393020.250470714 147618.850998725 1.34255782142395e-16 4.9134365187047e-17
7.01364902506964e-08 0.00100617755928906 0.00140751055752192 404480.464294204 114509.985908235 1.34257732281239e-16 4.92628042576028e-17
7.04401114206129e-08 0.00113050317372232 0.00143718544097539 413008.223161086 80527.2172828323 1.34259682448339e-16 4.93585445098412e-17
7.07437325905293e-08 0.00125696786545779 0.00145642947900541 418538.439183748 45929.7356979148 1.34261632643696e-16 4.94208601704236e-17
7.10473537604457e-08 0.0013846533746316 0.00146509573676154 421028.887260433 10981.4242015384 1.3426358286731e-16 4.94492804013155e-17
7.13509749303622e-08 0.0015126321163016 0.00146311795918072 420460.52747806 -24051.154382978 1.34265533119182e-16 4.94435928947928e-17
7.16545961002786e-08 0.00163997425545746 0.00145051107751608 416837.650674924 -58900.7906235712 1.34267483399312e-16 4.94038454965634e-17
7.19582172701951e-08 0.00176575479929555 0.0014273710966253 410187.84605041 -93301.666607414 1.34269433707701e-16 4.93303458445931e-17
7.22618384401115e-08 0.00188906065266273 0.00139387436386921 400561.791066227 -126991.383484627 1.34271384044349e-16 4.92236590263653e-17
7.25654596100279e-08 0.00200899758285314 0.00135027622518811 388032.865239098 -159712.962962497 1.34273334409255e-16 4.90846032724112e-17
7.28690807799444e-08 0.00212469704063285 0.00129690907859776 372696.590768146 -191216.807483454 1.34275284802422e-16 4.89142437189326e-17
7.31727019498608e-08 0.00223532278546277 0.00123417983994318 354669.904261082 -221262.60413496 1.34277235223848e-16 4.87138842870634e-17
7.34763231197773e-08 0.00234007726438343 0.00116256684023167 334090.265111654 -249621.157768444 1.34279185673535e-16 4.84850577406835e-17
7.37799442896937e-08 0.00243820769590299 0.00108261617820252 311114.607326811 -276076.139344163 1.34281136151483e-16 4.82295139985933e-17
7.40835654596101e-08 0.00252901181247945 0.000994937555946086 285918.142796272 -300425.73616528 1.34283086657693e-16 4.79492067901712e-17
7.43871866295266e-08 0.00261184321779145 0.000900199629328544 258693.02513037 -322484.191412575 1.34285037192164e-16 4.7646278756275e-17
7.4690807799443e-08 0.00268611631792949 0.000799124908680023 229646.884255733 -342083.221235431 1.34286987754897e-16 4.73230451090067e-17
7.49944289693595e-08 0.00275131078888874 0.000692484248634374 199001.242944277 -359073.298588436 1.34288938345893e-16 4.6981975974955e-17
7.52980501392759e-08 0.00280697554628112 0.00058109096914342 166989.827351713 -373324.794019249 1.34290888965152e-16 4.66256775565738e-17
7.56016713091923e-08 0.00285273218698027 0.000465794652502217 133856.784450386 -384728.964704298 1.34292839612674e-16 4.62568722553695e-17
7.59052924791088e-08 0.00288827787644088 0.000347474663693771 99854.8199516007 -393198.78418624 1.3429479028846e-16 4.58783779084937e-17
7.62089136490252e-08 0.00291338765966118 0.000227033443472699 65243.2709192795 -398669.606482083 1.3429674099251e-16 4.54930862971007e-17
7.65125348189417e-08 0.00292791617815344 0.00010538962534149 30286.1277751045 -401099.659494072 1.34298691724825e-16 4.5103941090386e-17
7.68161559888581e-08 0.00293179877981778 -1.65289710829932e-05 -4749.97921843366 -400470.363957387 1.34300642485405e-16 4.471391539353e-17
7.71197771587745e-08 0.00292505201324479 -0.00013779241687153 -39597.8136395253 -396786.475489363 1.3430259327425e-16 4.43259890707937e-17
7.7423398328691e-08 0.00290777350266785 -0.000257475766775861 -73991.5712414719 -390076.048654167 1.34304544091362e-16 4.39431260167307e-17
7.77270194986074e-08 0.00288014120451005 -0.000374666114311801 -107668.907392748 -380390.223314475 1.34306494936739e-16 4.3568251548879e-17
7.80306406685238e-08 0.0028424120511872 -0.000488469555119017 -140372.938158261 -367802.834897157 1.34308445810383e-16 4.3204230094371e-17
7.83342618384403e-08 0.00279491999250265 -0.000598018005483191 -171854.199758192 -352409.851543126 1.34310396712294e-16 4.28538433406611e-17
7.86378830083567e-08 0.00273807344956441 -0.000702475824010247 -201872.551458069 -334328.642431959 1.34312347642473e-16 4.25197690170326e-17
7.89415041782732e-08 0.00267235220063606 -0.000801046185943046 -230199.007374976 -313697.082859713 1.3431429860092e-16 4.22045604687373e-17
7.92451253481896e-08 0.00259830372266673 -0.000892977161496915 -256617.483226777 -290672.502893564 1.34316249587635e-16 4.19106271795775e-17
7.9548746518106e-08 0.00251653901639682 -0.000977567451847285 -280926.444699819 -265430.487620136 1.34318200602618e-16 4.16402163915066e-17
7.98523676880225e-08 0.00242772794687626 -0.00105417173901328 -302940.44486077 -238163.538136462 1.34320151645871e-16 4.13953959614628e-17
8.01559888579389e-08 0.00233259413492823 -0.00112220560882548 -322491.538884404 -209079.603494838 1.34322102717393e-16 4.11780385862107e-17
8.04596100278554e-08 0.00223190943851727 -0.00118115000942179 -339430.565304721 -178400.494797281 1.34324053817185e-16 4.09898075155372e-17
8.07632311977718e-08 0.00212648806610905 -0.00123055521125754 -353628.284014738 -146360.193534351 1.34326004945248e-16 4.08321438627956e-17
8.10668523676882e-08 0.00201718036691686 -0.00127004423841768 -364976.3623328 -113203.06706995 1.34327956101581e-16 4.07062556096081e-17
8.13704735376047e-08 0.00190486634539489 -0.00129931574505103 -373388.201611999 -79182.0048821062 1.34329907286186e-16 4.06131083886203e-17
8.16740947075211e-08 0.00179044894944251 -0.00131814631497873 -378799.598085421 -44556.4897744221 1.34331858499062e-16 4.0553418114636e-17
8.19777158774376e-08 0.00167484718351033 -0.00132639216692807 -381169.23290425 -9590.61876903848 1.3433380974021e-16 4.05276455203656e-17
8.2281337047354e-08 0.00155898909913534 -0.00132399025237668 -380478.987628468 25448.9112239786 1.3433576100963e-16 4.05359926384942e-17
8.25849582172704e-08 0.00144380471636795 -0.00131095873762424 -376734.082761252 60294.8375970597 1.34337712307323e-16 4.05784012569313e-17
8.28885793871869e-08 0.00133021893008154 -0.00128739686640601 -369963.038267795 94681.37057988 1.3433966363329e-16 4.06545533590519e-17
8.31922005571033e-08 0.00121914445527159 -0.00125348420408692 -360217.45637715 128346.220569593 1.3434161498753e-16 4.07638735456005e-17
8.34958217270198e-08 0.00111147486515439 -0.00120947926919237 -347571.628321178 161032.598792943 1.34343566370044e-16 4.09055334198147e-17
8.37994428969362e-08 0.00100807777516867 -0.0011557175627046 -332121.968007648 192491.176039849 1.34345517780833e-16 4.1078457902347e-17
8.41030640668526e-08 0.000909788224871176 -0.00109260901014771 -313986.276944636 222481.984527613 1.34347469219896e-16 4.12813334278481e-17
8.44066852367691e-08 0.000817402308208505 -0.00102063483596304 -293302.846020564 250776.2483885 1.34349420687235e-16 4.15126179607184e-17
8.47103064066855e-08 0.000731671100753988 -0.000940343894007487 -270229.400988664 277158.12881761 1.34351372182849e-16 4.17705527536589e-17
8.5013927576602e-08 0.000653294930233744 -0.000852348482155979 -244941.899696935 301426.370568717 1.3435332370674e-16 4.20531757593594e-17
8.53175487465184e-08 0.00058291803404844 -0.00075731967292463 -217633.190235533 323395.837238016 1.34355275258907e-16 4.23583365930493e-17
8.56211699164348e-08 0.000521123644546056 -0.000655982195723256 -188511.540234569 342898.923623796 1.34357226839351e-16 4.2683712931808e-17
8.59247910863513e-08 0.000468429539538884 -0.000549108909766294 -157799.0485282 359786.83438751 1.34359178448072e-16 4.30268282255689e-17
8.62284122562677e-08 0.000425284092009889 -0.000437514909794023 -125729.951298335 373930.719261316 1.34361130085071e-16 4.33850705847464e-17
8.65320334261841e-08 0.000392062849146499 -0.000322051309557315 -92548.8356162976 385222.656141238 1.34363081750348e-16 4.37557127004373e-17
8.68356545961006e-08 0.000369065666802872 -0.000203598750477657 -58508.7740072887 393576.474565206 1.34365033443904e-16 4.41359326452707e-17
8.7139275766017e-08 0.000356514421255557 -8.30606849911006e-05 -23869.3942651099 398928.413292584 1.34366985165738e-16 4.45228353962607e-17
8.74428969359335e-08 0.000354551315714463 3.8643514195908e-05 11105.1007613325 401237.606967116 1.34368936915852e-16 4.49134749155068e-17
8.77465181058499e-08 0.000363237794514842 0.000160585566382242 46147.948306402 400486.39814878 1.34370888694246e-16 4.53048766203306e-17
8.80501392757663e-08 0.000382554073281064 0.000281835363195059 80991.8603810453 396680.472332009 1.3437284050092e-16 4.56940600714623e-17
8.83537604456828e-08 0.000412399288654793 0.000401468062955902 115371.062501724 389848.814917865 1.34374792335875e-16 4.60780617062274e-17
8.86573816155992e-08 0.000452592266454484 0.000518571144977937 149023.320904636 380043.49046578 1.3437674419911e-16 4.64539574433374e-17
8.89610027855157e-08 0.000502872902416031 0.000632251369987155 181691.942782509 367339.24590603 1.34378696090627e-16 4.68188849868626e-17
8.92646239554321e-08 0.000562904144991869 0.00074164159357564 213127.734286779 351832.940736916 1.34380648010426e-16 4.71700656592624e-17
8.95682451253485e-08 0.000632274565093452 0.000845907380715224 243090.901359906 333642.808550268 1.34382599958507e-16 4.75048255969329e-17
8.9871866295265e-08 0.000710501493184947 0.0009442533708765 271352.87889842 312907.555515581 1.34384551934871e-16 4.78206161465935e-17
9.01754874651814e-08 0.000797034699808193 0.00103592934519971 297698.07429373 289785.302696683 1.34386503939517e-16 4.81150333069304e-17
9.04791086350979e-08 0.000891260591473651 0.00112023594943589 321925.512050614 264452.380266169 1.34388455972448e-16 4.83858360671882e-17
9.07827298050143e-08 0.000992506889920674 0.00119653002900163 343850.366937655 237101.98281256 1.34390408033662e-16 4.863096350282e-17
9.10863509749307e-08 0.00110004775906311 0.00126422953544867 363305.373973906 207942.695994815 1.3439236012316e-16 4.88485504977784e-17
9.13899721448472e-08 0.00121310934052096 0.00132281796691824 380142.104495348 177196.905780244 1.34394312240943e-16 4.90369419735071e-17
9.16935933147636e-08 0.00133087565552188 0.00137184830870368 394232.098566011 145099.102397665 1.34396264387011e-16 4.91947055160805e-17
9.19972144846801e-08 0.00145249482816101 0.0014109464438576 405467.845094221 111894.091940843 1.34398216561365e-16 4.93206423051522e-17
9.23008356545965e-08 0.00157708558255604 0.00143981400782153 413763.602175951 77835.1292618547 1.34400168764004e-16 4.94137962613314e-17
9.26044568245129e-08 0.00170374396434448 0.00145823066529628 419056.051405781 43181.9863945866 1.3440212099493e-16 4.94734613421855e-17
9.29080779944294e-08 0.00183155023525818 0.00146605579197792 421304.781162326 8198.97124049383 1.34404073254143e-16 4.9499186931195e-17
9.32116991643458e-08 0.0019595758881893 0.00146322954832325 420492.595179392 -26847.0883716282 1.34406025541643e-16 4.94907812785279e-17
9.35153203342623e-08 0.00208689072924229 0.00144977333714584 416625.644046706 -61688.8798758052 1.3440797785743e-16 4.94483129673602e-17
9.38189415041787e-08 0.00221256997275425 0.0014257896415435 409733.37863464 -96060.644885862 1.34409930201506e-16 4.93721103945305e-17
9.41225626740951e-08 0.00233570129516706 0.00139146124438417 399868.325795584 -129700.206287453 1.34411882573869e-16 4.9262759269461e-17
9.44261838440116e-08 0.00245539179394696 0.00134704983529492 387105.688050255 -162350.968043346 1.34413834974522e-16 4.9121098150393e-17
9.4729805013928e-08 0.0025707747984714 0.00129289401577018 371542.770309753 -193763.872458073 1.34415787403464e-16 4.89482120519551e-17
9.50334261838444e-08 0.00268101648093084 0.0012294067176065 353298.23800355 -223699.29997231 1.34417739860695e-16 4.87454241727965e-17
9.53370473537609e-08 0.0027853222168182 0.00115707205434631 332511.212269579 -251928.896995495 1.34419692346216e-16 4.85142858063527e-17
9.56406685236773e-08 0.00288294264648757 0.00107644162973799 309340.209105501 -278237.317833856 1.34421644860028e-16 4.82565645116751e-17
9.59442896935938e-08 0.00297317939154353 0.000988130331361455 283961.930570487 -302423.86742608 1.34423597402131e-16 4.79742306345249e-17
9.62479108635102e-08 0.00305539038245422 0.000892811641496124 256569.917255486 -324304.032355227 1.34425549972525e-16 4.76694422815184e-17
9.65515320334266e-08 0.00312899475674639 0.000791212500990343 227373.072298229 -343710.888457484 1.3442750257121e-16 4.73445288619102e-17
9.68551532033431e-08 0.00319347729041512 0.000684107765301718 196594.068199165 -360496.374289464 1.34429455198188e-16 4.70019733225287e-17
9.71587743732595e-08 0.00324839232874097 0.000572314294988888 164467.648588639 -374532.420738743 1.34431407853458e-16 4.66443932113483e-17
9.7462395543176e-08 0.00329336718652506 0.000456684725724173 131238.837897035 -385711.92815944 1.34433360537021e-16 4.62745207141175e-17
9.77660167130924e-08 0.00332810499179908 0.000338100965341627 97161.0725822706 -393949.583577574 1.34435313248877e-16 4.58951818162998e-17
9.80696378830088e-08 0.00335238695131186 0.000217467467517729 62494.268167566 -399182.511730612 1.34437265989027e-16 4.55092747492562e-17
9.83732590529253e-08 0.00336607402050405 9.57043333864252e-05 27502.8368321885 -401370.754973038 1.34439218757471e-16 4.51197478850606e-17
9.86768802228417e-08 0.00336910796522472 -2.62597062966153e-05 -7546.32932472308 -400497.578384967 1.3444117155421e-16 4.47295772485464e-17
9.89805013927582e-08 0.00336151180708259 -0.000147494374913784 -42385.8939651203 -396569.597754073 1.34443124379244e-16 4.43417438181075e-17
9.92841225626746e-08 0.00334338964902639 -0.000267074945639005 -76750.115610932 -389616.729452067 1.34445077232573e-16 4.39592107883852e-17
9.9587743732591e-08 0.00331492588247536 -0.000384089294863034 -110376.874607717 -379691.962585478 1.34447030114197e-16 4.35849009682733e-17
9.98913649025075e-08 0.00327638378203889 -0.00049764485959005 -143009.67249226 -366870.955156064 1.34448983024118e-16 4.32216744866357e-17
1.00194986072424e-07 0.00322810349853492 -0.000606875445736661 -174399.588513562 -351251.457308606 1.34450935962336e-16 4.28723069757933e-17
1.0049860724234e-07 0.0031704994656068 -0.000710947835400934 -204307.178383244 -332952.566062719 1.3445288892885e-16 4.25394683991913e-17
1.00802228412257e-07 0.00310405723971102 -0.000809068142701667 -232504.300771843 -312113.817210808 1.34454841923662e-16 4.22257026847474e-17
1.01105849582173e-07 0.00302932979757055 -0.000900487869705132 -258775.85761836 -288894.121306302 1.34456794946772e-16 4.19334083192408e-17
1.0140947075209e-07 0.00294693331932718 -0.000984509616243447 -282921.434977625 -263470.551855686 1.3445874799818e-16 4.16648200517694e-17
1.01713091922006e-07 0.00285754248954922 -0.00106049240006797 -304756.831888479 -236036.994955221 1.34460701077886e-16 4.14219918458509e-17
1.02016713091923e-07 0.00276188535192919 -0.00112785654675262 -324115.465599734 -206802.670670227 1.34462654185892e-16 4.12067812102165e-17
1.02320334261839e-07 0.00266073775691084 -0.00118608811204329 -340849.642433772 -175990.537433252 1.34464607322197e-16 4.10208350278341e-17
1.02623955431755e-07 0.00255491744459001 -0.00123474280291501 -354831.684592329 -143835.59162985 1.34466560486802e-16 4.0865576991273e-17
1.02927576601672e-07 0.00244527780801703 -0.00127344936742191 -365954.904307675 -110583.075340357 1.34468513679707e-16 4.07421967402688e-17
1.03231197771588e-07 0.00233270138446609 -0.00130191242747616 -374134.417906667 -76486.6059067588 1.34470466900913e-16 4.06516407843663e-17
1.03534818941505e-07 0.00221809312431299 -0.00131991473294082 -379307.79357607 -41806.2415902271 1.3447242015042e-16 4.05946052799043e-17
1.03838440111421e-07 0.00210237348885973 -0.0013273188198352 -381435.527885918 -6806.49807258597 1.34474373428228e-16 4.05715307164628e-17
1.04142061281338e-07 0.00198647142974958 -0.00132406805999608 -380501.347433765 28245.6690698994 1.34476326734338e-16 4.0582598553328e-17
1.04445682451254e-07 0.00187131730352052 -0.00131018709417975 -376512.333306494 63082.9005322362 1.34478280068751e-16 4.06277298316608e-17
1.04749303621171e-07 0.00175783577534003 -0.00128578164529244 -369498.867407787 97439.472555357 1.34480233431466e-16 4.07065857729804e-17
1.05052924791087e-07 0.00164693876604815 -0.00125103771316466 -359514.401058069 131053.323755211 1.34482186822485e-16 4.08185703594302e-17
1.05356545961003e-07 0.00153951849630539 -0.00120622015700253 -346635.047629342 163668.054046491 1.34484140241807e-16 4.09628348761701e-17
1.0566016713092e-07 0.00143644068090289 -0.00115167067631935 -330959.002319538 195034.880413828 1.34486093689433e-16 4.113828438128e-17
1.05963788300836e-07 0.00133853792514719 -0.00108780520573925 -312605.793489555 224914.534612186 1.34488047165364e-16 4.13435860538504e-17
1.06267409470753e-07 0.00124660337369162 -0.00101511074353553 -291715.37127095 253079.08832095 1.34490000669599e-16 4.15771793566144e-17
1.06571030640669e-07 0.00116138466026135 -0.000934141638085724 -268447.04039357 279313.691829279 1.34491954202139e-16 4.18372879356312e-17
1.06874651810586e-07 0.00108357820442505 -0.000845515360560575 -242978.245370708 303418.2129897 1.34493907762985e-16 4.21219331662815e-17
1.07178272980502e-07 0.00101382389891924 -0.000749907796083322 -215503.217305638 325208.763937363 1.34495861352137e-16 4.24289492422764e-17
1.07481894150418e-07 0.000952700228053694 -0.000648048089268852 -186231.492638985 344519.10392832 1.34497814969596e-16 4.27559996926122e-17
1.07785515320335e-07 0.000900719854438155 -0.00054071308345193 -155386.315133329 361201.907594878 1.34499768615361e-16 4.3100595200507e-17
1.08089136490251e-07 0.000858325707699559 -0.000428721396013338 -123202.933282179 375129.888942489 1.34501722289434e-16 4.34601125884261e-17
1.08392757660168e-07 0.00082588760503021 -0.000312927174989031 -89926.8061283203 386196.772512793 1.34503675991814e-16 4.38318148244031e-17
1.08696378830084e-07 0.000803699429351375 -0.000194213584579102 -55811.7311752911 394318.104303077 1.34505629722502e-16 4.42128718970754e-17
1.09000000000001e-07 0.00079197688662391 -7.34860692418515e-05 -21117.9086702076 399431.896254545 1.34507583481499e-16 4.4600382400221e-17
