0 -0.00139 0 0 400000 1.33808e-16 4.46026666666667e-17
6.77018633540373e-10 -0.00136365627833683 0.000272124639499308 78201.2610437267 396320.663800866 1.33856049903049e-16 4.5490679495828e-17
1.35403726708075e-09 -0.00128461116430253 0.00053660801919613 154206.630698799 377496.372886258 1.33904117017593e-16 4.63542124092429e-17
2.03105590062112e-09 -0.00115534875346353 0.000783341342422827 225111.114222741 344240.989132866 1.33952201349795e-16 4.71608727809248e-17
2.70807453416149e-09 -0.000980272862510772 0.00100289043123638 288203.584047637 297820.050344511 1.34000302905824e-16 4.78804297331286e-17
3.38509316770186e-09 -0.000765539444577432 0.0011868564533435 341070.442941581 240002.610947232 1.34048421691849e-16 4.84859700497104e-17
4.06211180124224e-09 -0.000518821994403041 0.00132819721709531 381687.955499839 172993.825778708 1.34096557714043e-16 4.89549277338078e-17
4.73913043478261e-09 -0.000249018883342317 0.0014214967435634 408499.71586822 99350.846085717 1.34144710978578e-16 4.92699478246005e-17
5.41614906832298e-09 3.40862136871235e-05 0.0014631727966688 420476.286288906 21885.2354135774 1.34192881491631e-16 4.94195514068559e-17
6.09316770186335e-09 0.00032019784084224 0.00145161441929647 417154.721259739 -56444.370696926 1.34241069259381e-16 4.93985763316539e-17
6.77018633540373e-09 0.000598901973226692 0.00138724419499098 398656.459861512 -132645.263166112 1.34289274288008e-16 4.92083767277651e-17
7.4472049689441e-09 0.000860063900202209 0.00127250282921527 365682.894828777 -203805.000277257 1.34337496583695e-16 4.88567735938358e-17
8.12422360248447e-09 0.00109421557846611 0.00111175661150614 319488.779676278 -267202.722474062 1.34385736152628e-16 4.83577582701195e-17
8.80124223602484e-09 0.00129291765014277 0.000911131266825898 261834.482071348 -320413.18656838 1.34433993000992e-16 4.77309600317477e-17
9.47826086956522e-09 0.00144908228389805 0.000678278518376443 194918.900300623 -361399.541544381 1.34482267134979e-16 4.70008980626118e-17
1.01552795031056e-08 0.00155724448910166 0.000422084257540079 121295.599204361 -388591.296910408 1.34530558560779e-16 4.61960463151213e-17
1.0832298136646e-08 0.00161377151751311 0.000152329451022253 43775.3640609565 -400944.499079664 1.34578867284587e-16 4.53477469210515e-17
1.15093167701863e-08 0.00161700232895705 -0.000120683274803347 -34681.1089722448 -397981.810033087 1.34627193312599e-16 4.44890136184198e-17
1.21863354037267e-08 0.0015673117668747 -0.000386523116218375 -111076.289035946 -379810.949637025 1.34675536651013e-16 4.36532708767274e-17
1.28633540372671e-08 0.00146709696459819 -0.000635029613157793 -182490.334724635 -347120.789174166 1.34723897306029e-16 4.28730768762736e-17
1.35403726708075e-08 0.00132068647391483 -0.000856700982974271 -246192.690706931 -301155.237350769 1.34772275283851e-16 4.2178879131441e-17
1.42173913043478e-08 0.00113417556048936 -0.00104305742486713 -299746.491591913 -243665.908655899 1.34820670590684e-16 4.15978503179837e-17
1.48944099378882e-08 0.000915193933152189 -0.00118696550394253 -341101.781134173 -176845.375041268 1.34869083232734e-16 4.11528488167446e-17
1.55714285714286e-08 0.000672614758046777 -0.00128291120606522 -368673.980812692 -103243.544457675 1.34917513216212e-16 4.08615437366885e-17
1.62484472049689e-08 0.000416216055338297 -0.0013272112115352 -381404.604171057 -25670.355427537 1.34965960547328e-16 4.07357379095327e-17
1.69254658385093e-08 0.000156307399650457 -0.00131815429257275 -378801.890630167 52911.4991526779 1.35014425232298e-16 4.07809147956458e-17
1.76024844720497e-08 -9.66638242103401e-05 -0.00125606740670406 -360959.798939599 129499.723467446 1.35062907277336e-16 4.0996026694403e-17
1.82795031055901e-08 -0.000332511572375224 -0.00114330393360796 -328554.626765517 201167.124018016 1.35111406688663e-16 4.13735324380341e-17
1.89565217391304e-08 -0.000541700450024102 -0.000984154477012235 -282819.377568277 265173.486243689 1.35159923472497e-16 4.18996832180276e-17
1.96335403726708e-08 -0.000715710297278973 -0.00078468361221221 -225496.846254885 319070.346646341 1.35208457635062e-16 4.25550457113811e-17
2.03105590062112e-08 -0.000847362112990559 -0.000552498790655137 -158773.208607137 360794.654471213 1.35257009182583e-16 4.33152426027523e-17
2.09875776397516e-08 -0.000931092848837207 -0.000296460207575417 -85194.6450874089 388747.740098381 1.35305578121287e-16 4.41518822846077e-17
2.16645962732919e-08 -0.000963168555383393 -2.63426976555059e-05 -7570.17879654164 401856.567454856 1.35354164457404e-16 4.50336422787675e-17
2.23416149068323e-08 -0.00094182771358401 0.000247537439313055 71135.5647376617 399614.923612131 1.35402768197166e-16 4.59274650362568e-17
2.30186335403727e-08 -0.000867349249948974 0.000514716436127935 147915.581842194 382102.964504834 1.35451389346806e-16 4.67998204635305e-17
2.36956521739131e-08 -0.000742042609491871 0.000764982831817639 219835.374830483 349984.362164668 1.35500027912561e-16 4.76179869571303e-17
2.43726708074534e-08 -0.000570160237861978 0.000988767747718385 284145.106790816 304481.154452319 1.3554868390067e-16 4.83513020043454e-17
2.50496894409938e-08 -0.000357735788973841 0.00117751074991452 338384.740555969 247327.250306306 1.35597357317372e-16 4.89723345528168e-17
2.57267080745342e-08 -0.000112354213707257 0.00132398730948667 380478.141921479 180702.359453929 1.35646048168911e-16 4.94579343241561e-17
2.64037267080745e-08 0.000157137509681736 0.0014225853343706 408812.54742232 107148.86415547 1.35694756461532e-16 4.97901179326346e-17
2.70807453416149e-08 0.000440967971546346 0.00146952018814543 422300.354916886 29474.8032491603 1.35743482201483e-16 4.99567578913875e-17
2.77577639751553e-08 0.000728814370807972 0.00146297995772773 420420.869593096 -49353.3294431409 1.35792225395013e-16 4.99520481082136e-17
2.84347826086957e-08 0.00101019675751674 0.00140319539422575 403240.403078172 -126323.879764489 1.35840986048373e-16 4.97767280040481e-17
2.9111801242236e-08 0.00127487842137718 0.00129243182749215 371409.949899782 -198495.094055536 1.35889764167819e-16 4.94380566039555e-17
2.97888198757764e-08 0.00151325712936836 0.00113490333537562 326140.522050489 -263107.550264489 1.35938559759606e-16 4.89495375010797e-17
3.04658385093168e-08 0.00171673225977001 0.000936612419464613 269157.076132883 -317689.662336057 1.35987372829993e-16 4.83304051135968e-17
3.11428571428572e-08 0.00187803379556159 0.000705121286719815 202632.78588709 -360152.224015857 1.36036203385241e-16 4.76048917795788e-17
3.18198757763975e-08 0.00199150059250873 0.000449263451955125 129106.164544273 -388868.375571914 1.36085051431613e-16 4.68013036159828e-17
3.24968944099379e-08 0.00205329727098594 0.000178806659622136 51384.1976646992 -402735.932638102 1.36133916975375e-16 4.59509403852181e-17
3.31739130434783e-08 0.00206156142199152 -9.59200125898711e-05 -27564.8172016307 -401219.68924123 1.36182800022793e-16 4.50869005859213e-17
3.38509316770186e-08 0.00201647547756799 -0.000364420632586163 -104724.63306162 -384372.071415949 1.36231700580138e-16 4.42428173849868e-17
3.4527950310559e-08 0.0019202604724334 -0.000616433409602479 -177146.288807562 -352831.344466324 1.36280618653681e-16 4.34515736668303e-17
3.52049689440994e-08 0.0017770919072165 -0.000842322886905097 -242060.814791226 -307797.434335326 1.36329554249698e-16 4.27440452911007e-17
3.58819875776397e-08 0.00159294090030595 -0.00103344834239682 -296985.101193624 -250986.278942779 1.36378507374464e-16 4.21479205897784e-17
3.65590062111801e-08 0.00137534667122963 -0.001182494311811 -339816.881451079 -184564.446062369 1.36427478034259e-16 4.16866412386525e-17
3.72360248447205e-08 0.00113312902450571 -0.00128375059144763 -368915.197468145 -111066.508957101 1.36476466235363e-16 4.13785050165529e-17
3.79130434782609e-08 0.000876051798628384 -0.00133333100329217 -383163.266795656 -33298.3307207353 1.3652547198406e-16 4.12359647944039e-17
3.85900621118012e-08 0.000614450122428635 -0.0013293225414427 -382011.343279832 45770.0521622742 1.36574495286635e-16 4.12651506104127e-17
3.92670807453416e-08 0.000358835708591081 -0.00127185917593871 -365497.926286442 123117.857784126 1.36623536149376e-16 4.14656331730808e-17
3.9944099378882e-08 0.000119495258417872 -0.00116311746691774 -334248.50032804 195788.966422297 1.36672594578574e-16 4.18304379152001e-17
4.06211180124223e-08 -9.39026794467626e-05 -0.00100723412867763 -289451.845205185 261004.898708537 1.3672167058052e-16 4.2346309151572e-17
4.12981366459627e-08 -0.000272677371152559 -0.000810148665611034 -232814.813830324 316271.046528254 1.36770764161509e-16 4.2994214336419e-17
4.19751552795031e-08 -0.000409467947230269 -0.000579377066142409 -166497.297986375 359472.095090649 1.36819875327838e-16 4.37500692385326e-17
4.26521739130434e-08 -0.000498515138354303 -0.000323725177255525 -93029.8599184747 388952.986166596 1.36869004085806e-16 4.45856564039377e-17
4.33291925465838e-08 -0.000535881913975678 -5.29526901262686e-05 -15217.1708932754 403582.323663978 1.36918150441714e-16 4.54697018803308e-17
4.40062111801242e-08 -0.000519604571213242 0.000222599441531208 63969.0586908946 402795.792488417 1.36967314401866e-16 4.63690691177313e-17
4.46832298136646e-08 -0.000449768475898437 0.000492403926947666 141503.570206065 386617.924470921 1.37016495972568e-16 4.72500244677004e-17
4.53602484472049e-08 -0.000328505534675802 0.000746149325288708 214423.134457294 355661.371917937 1.37065695160128e-16 4.8079525951331e-17
4.60372670807453e-08 -0.000159913466715709 0.000974134128960122 279939.80056557 311103.708485109 1.37114911970855e-16 4.88264860597916e-17
4.67142857142857e-08 5.01000682985396e-05 0.00116763768217985 335547.487932899 254642.635776752 1.37164146411064e-16 4.94629603257985e-17
4.7391304347826e-08 0.000294042556867975 0.0013192537535105 379117.845965776 188431.299517135 1.37213398487068e-16 4.99652162234385e-17
4.80683229813664e-08 0.000563122357162269 0.00142317400297983 408981.714858474 114996.179774516 1.37262668205186e-16 5.03146415102104e-17
4.87453416149068e-08 0.000847584167279522 0.00147541049440239 423993.06961584 37140.6864569216 1.37311955571735e-16 5.04984572455081e-17
4.94223602484471e-08 0.00113708143566743 0.00147394872874668 423572.997703803 -42161.8613700425 1.37361260593039e-16 5.0510208170742e-17
5.00993788819875e-08 0.00142107149692562 0.00141882532616871 407732.02276471 -119881.78682527 1.3741058327542e-16 5.03500116336483e-17
5.07763975155279e-08 0.00168921834276691 0.00131212736144686 377069.913639272 -193048.800692378 1.37459923625205e-16 5.00245554587554e-17
5.14534161490683e-08 0.00193178764076604 0.00115791335014748 332752.97792771 -258865.519123747 1.37509281648723e-16 4.95468447554537e-17
5.21304347826086e-08 0.00214001890422917 0.00096205887661996 276469.699650933 -314814.415194679 1.37558657352304e-16 4.89357072483425e-17
5.2807453416149e-08 0.00230646058417855 0.000732032735469442 210366.408364667 -358754.1152763 1.37608050742282e-16 4.82150759449656e-17
5.34844720496894e-08 0.0024252552661165 0.000476612115378154 136965.43069333 -389001.356871628 1.37657461824991e-16 4.74130764708482e-17
5.41614906832297e-08 0.00249236405616671 0.000205547686427577 59068.8454850407 -404395.471123441 1.37706890606769e-16 4.65609538753117e-17
5.48385093167701e-08 0.00250572156088899 -7.08086298202285e-05 -20348.4849990382 -404342.919821193 1.37756337093957e-16 4.5691879857923e-17
5.55155279503105e-08 0.00246531551403971 -0.000341898997733434 -98252.5243635971 -388840.17797824 1.37805801292895e-16 4.48396859492946e-17
5.61925465838508e-08 0.00237318798070289 -0.000597363014724351 -171665.973130101 -358474.079866539 1.37855283209929e-16 4.40375710255935e-17
5.68695652173912e-08 0.0022333580646903 -0.000827433658814136 -237782.053357409 -314399.607214046 1.37904782851404e-16 4.3316832534164e-17
5.75465838509316e-08 0.0020516690444872 -0.0010233107046173 -294071.818295677 -258295.960210116 1.37954300223671e-16 4.27056699193479e-17
5.8223602484472e-08 0.00183556575169568 -0.00117749733123918 -338380.88439162 -192302.582091546 1.38003835333079e-16 4.22281059961369e-17
5.89006211180123e-08 0.00159381067348436 -0.00128408704692354 -369011.885671572 -118937.574665381 1.38053388185983e-16 4.19030675288327e-17
5.95776397515527e-08 0.00133614960498114 -0.00133898994910061 -384789.494759476 -41001.6158499394 1.38102958788739e-16 4.17436602033483e-17
6.02546583850931e-08 0.00107293960914916 -0.00134008965258098 -385105.519795274 38528.9545940096 1.38152547147704e-16 4.1756665766504e-17
6.09316770186334e-08 0.000814753486508006 -0.00128732486474575 -369942.346938116 116615.799767182 1.38202153269238e-16 4.1942280626488e-17
6.16086956521738e-08 0.000571975859721732 -0.0011826924637071 -339873.824946463 190274.659996192 1.38251777159704e-16 4.22941059891983e-17
6.22857142857142e-08 0.000354406303886575 -0.00103017193370349 -296043.549954513 256689.402454446 1.38301418825467e-16 4.2799389997463e-17
6.29627329192545e-08 0.000170884689658295 -0.000835574016925877 -240121.372100677 313319.687413741 1.38351078272895e-16 4.34395127111276e-17
6.36397515527949e-08 2.89530630269065e-05 -0.000606319337728571 -174239.778113485 357998.134851618 1.38400755508355e-16 4.41906954836344e-17
6.43167701863353e-08 -6.54330054086967e-05 -0.000351155433034981 -100912.573503883 389013.274862504 1.38450450538221e-16 4.50249077097898e-17
6.49937888198757e-08 -0.000108132554438694 -7.98229793035925e-05 -22938.965223045 405175.107198214 1.38500163368866e-16 4.5910936368075e-17
6.5670807453416e-08 -9.69781107066385e-05 0.000197316048487168 56703.2953879241 405860.758641297 1.38549894006667e-16 4.68155775479945e-17
6.63478260869564e-08 -3.18592159967425e-05 0.000469674091215605 134971.63020668 391038.486488177 1.38599642458001e-16 4.7704904477225e-17
6.70248447204968e-08 8.52726152715839e-05 0.000726842481436211 208874.869740003 361269.103198996 1.3864940872925e-16 4.85455636239309e-17
6.77018633540371e-08 0.000250477725914331 0.000958989228530354 275587.565816932 317684.759689734 1.38699192826797e-16 4.93060493595016e-17
6.83788819875775e-08 0.000457978140359175 0.00115723491119598 332558.012923268 261945.889858867 1.38748994757027e-16 4.99579084684453e-17
6.90559006211179e-08 0.000700377685874523 0.00131399230636963 377605.848367587 196177.953699918 1.38798814526328e-16 5.04768284553067e-17
6.97329192546582e-08 0.000968944024875004 0.001423256764178 409005.498188327 122890.388845189 1.38848652141089e-16 5.08435680221617e-17
7.04099378881986e-08 0.00125394184386601 0.00148083621588492 425552.275216575 44880.8610750911 1.38898507607704e-16 5.10446941060829e-17
7.1086956521739e-08 0.00154500448601354 0.00148451200447666 426608.597436178 -34871.5328306155 1.38948380932566e-16 5.1073097244667e-17
7.17639751552794e-08 0.00183152984081921 0.00143412436767844 412128.553490564 -113320.033077503 1.38998272122073e-16 5.09282654978131e-17
7.24409937888197e-08 0.00210308537242073 0.00133157928005821 382659.868918318 -187466.611034954 1.39048181182623e-16 5.06163063725596e-17
7.31180124223601e-08 0.00234980681343094 0.00118077636460791 339323.18989145 -254476.543061749 1.39098108120618e-16 5.01497158229557e-17
7.37950310559005e-08 0.00256277528772924 0.000987460600068426 283769.467911568 -311786.785396003 1.39148052942462e-16 4.95469030610134e-17
7.44720496894408e-08 0.00273435844440339 0.000759003463048914 218117.065974585 -357204.00682315 1.39198015654561e-16 4.88314892485143e-17
7.51490683229812e-08 0.00285850255502954 0.000504121842347462 144870.982149187 -388988.529533669 1.39247996263323e-16 4.80314067860591e-17
7.58260869565216e-08 0.00293096439552333 0.000232545443625834 66827.2706763082 -405920.965695211 1.39297994775158e-16 4.71778335446073e-17
7.65031055900619e-08 0.00294947403065603 -4.53546253568824e-05 -13033.6925888076 -407348.997319589 1.3934801119648e-16 4.63040027039996e-17
7.71801242236023e-08 0.00291382225639667 -0.000318961910888565 -91661.0260000588 -393212.50482679 1.39398045533703e-16 4.54439336306497e-17
7.78571428571427e-08 0.00282586933187111 -0.000577820186123461 -166049.892778969 -364046.076373839 1.39448097793245e-16 4.46311322600011e-17
7.85341614906831e-08 0.00268947463909096 -0.00081203304681873 -233356.334021219 -320958.793963426 1.39498167981527e-16 4.38973106319497e-17
7.92111801242234e-08 0.00251034992987012 -0.00101264225906797 -291005.995601825 -265592.060577058 1.39548256104969e-16 4.32711745133657e-17
7.98881987577638e-08 0.00229584174007624 -0.00117197039453974 -336792.592275184 -200057.071916125 1.39598362169997e-16 4.27773254577358e-17
8.05652173913042e-08 0.00205465125991931 -0.00128391464814254 -368962.342924902 -126854.314699706 1.39648486183037e-16 4.24353192958376e-17
8.12422360248445e-08 0.00179650234178888 -0.00134418059369056 -386281.145619576 -48778.1610966204 1.39698628150518e-16 4.22589170890839e-17
8.19192546583849e-08 0.00153177031267118 -0.00135044692411981 -388081.919495054 31189.8005461305 1.39748788078871e-16 4.22555572359741e-17
8.25962732919253e-08 0.00127108576039371 -0.00130245485671629 -374290.297398812 109994.62681998 1.3979896597453e-16 4.24260689819816e-17
8.32732919254656e-08 0.00102492842428482 -0.00120201876014693 -345427.679811208 184624.72409491 1.39849161843931e-16 4.27646383662955e-17
8.3950310559006e-08 0.000803226704371256 -0.00105295756901001 -302591.52524235 252226.938743723 1.39899375693512e-16 4.32590279970349e-17
8.46273291925464e-08 0.00061497809410633 -0.00086094957821996 -247413.62206577 310215.63450953 1.39949607529713e-16 4.38910423481231e-17
8.53043478260868e-08 0.000467905047603799 -0.000633316138169854 -181997.928358677 356371.586954739 1.39999857358978e-16 4.46372208865079e-17
8.59813664596271e-08 0.000368159443577727 -0.000378742490334095 -108840.347604918 388926.91253116 1.40050125187752e-16 4.54697326265573e-17
8.66583850931675e-08 0.000320086955995783 -0.000106946387824446 -30733.4992058465 406632.782081016 1.40100411022481e-16 4.63574380023489e-17
8.73354037267079e-08 0.000326060356435187 0.000171692855607957 49339.882803133 408807.325231049 1.40150714869615e-16 4.72670775430486e-17
8.80124223602482e-08 0.00038638814244399 0.000446530728051687 128320.853608348 395361.888130104 1.40201036735608e-16 4.81645419768382e-17
8.86894409937886e-08 0.000499302010251465 0.000707064157263032 203191.114331011 366804.633453319 1.40251376626913e-16 4.90161752611712e-17
8.9366459627329e-08 0.000661023678744533 0.000943332889662119 271088.357494316 324221.336998741 1.40301734549986e-16 4.97900607616286e-17
9.00434782608693e-08 0.000865908539751932 0.0011463002716949 329415.693287619 269234.106481064 1.40352110511287e-16 5.04572414277148e-17
9.07204968944097e-08 0.0011066606731967 0.00130819887631171 375940.973267958 203939.591992477 1.40402504517277e-16 5.09928273183456e-17
9.13975155279501e-08 0.00137461103682928 0.00142282775538651 408882.212665359 130829.041797757 1.4045291657442e-16 5.13769481175004e-17
9.20745341614905e-08 0.0016600482233834 0.00148578994256629 426975.842277837 52693.2516739071 1.40503346689181e-16 5.1595514188353e-17
9.27515527950308e-08 0.00195258916556615 0.00149466111002985 429525.175862098 -27483.9656772899 1.40553794868029e-16 5.16407570169892e-17
9.34285714285712e-08 0.00224157563834449 0.0014490829100253 416427.233966735 -106639.724661916 1.40604261117434e-16 5.15115283160298e-17
9.41055900621116e-08 0.00251648141719182 0.00135077740757527 388176.891501331 -181749.073061298 1.4065474544387e-16 5.12133462727908e-17
9.47826086956519e-08 0.00276731453836484 0.00120348202460277 345848.182437861 -249940.59075535 1.40705247853811e-16 5.07581870842407e-17
9.54596273291923e-08 0.00298499928886337 0.00101280745282682 291053.467820004 -308606.163305077 1.40755768353735e-16 5.01640296530832e-17
9.61366459627327e-08 0.00316172332275993 0.00078602393706366 225882.019364473 -355500.733796989 1.40806306950122e-16 4.94541707539674e-17
9.6813664596273e-08 0.0032912366278959 0.000531784069511847 152820.358036329 -388828.217785214 1.40856863649454e-16 4.86563367554949e-17
9.74906832298134e-08 0.0033690909020105 0.000259792664466683 74657.3849710362 -407310.293516396 1.40907438458215e-16 4.78016257667553e-17
9.81677018633538e-08 0.00339281017025994 -1.95636912180005e-05 -5622.07570300408 -410235.432789876 1.40958031382892e-16 4.69233205688251e-17
9.88447204968942e-08 0.00336198610010536 -0.000295613271278364 -84951.2585033235 -397486.29187845 1.41008642429975e-16 4.60556176435073e-17
9.95217391304345e-08 0.00327829434456047 -0.000557806880601414 -160298.610086019 -369544.408135681 1.41059271605955e-16 4.52323208337858e-17
1.00198757763975e-07 0.00314543126102634 -0.00079612098982901 -228783.639227079 -327472.014700631 1.41109918917325e-16 4.44855495393003e-17
1.00875776397515e-07 0.00296897339520105 -0.00100144092837897 -287787.036132151 -272871.659974136 1.41160584370582e-16 4.38445108126298e-17
1.01552795031056e-07 0.00275616507159791 -0.00116590948671806 -335050.851300909 -207825.166878934 1.41211267972224e-16 4.33343822981687e-17
1.02229813664596e-07 0.00251564218120647 -0.00128322759520637 -368764.902494257 -134814.256904345 1.41261969728752e-16 4.29753487368381e-17
1.02906832298136e-07 0.00225710269767187 -0.00134889557323821 -387636.103212172 -56625.8653679997 1.41312689646669e-16 4.27818289073386e-17
1.03583850931677e-07 0.00199093649267378 -0.00136038570912549 -390938.057484311 23754.2396316031 1.41363427732481e-16 4.27619226111719e-17
1.04260869565217e-07 0.00172782858088976 -0.00131723955175138 -378539.018859751 103255.473881308 1.41414183992694e-16 4.2917098911266e-17
1.04937888198757e-07 0.00147835094525994 -0.0012210861694568 -350907.137517104 178839.735432055 1.4146495843382e-16 4.32421376231993e-17
1.05614906832298e-07 0.00125255853504989 -0.00107558065016778 -309092.786864551 247617.503828272 1.41515751062371e-16 4.37253263853926e-17
1.06291925465838e-07 0.00105960487534912 -0.000886265164138995 -254688.63673027 306958.303541128 1.41566561884861e-16 4.43489058696532e-17
1.06968944099379e-07 0.000907391982808452 -0.000660357870446562 -189768.990798066 354591.308716632 1.41617390907807e-16 4.508974620921e-17
1.07645962732919e-07 0.000802267976822538 -0.000406477707386063 -116810.698811542 388692.241542854 1.41668238137729e-16 4.59202288803618e-17
1.08322981366459e-07 0.000748783957689853 -0.000134315559723886 -38598.6589363169 407953.238890855 1.41719103581149e-16 4.6809300414137e-17
1.09e-07 0.000749519462802624 0.000145735651520504 41880.4844313314 411633.011484689 1.4176998724459e-16 4.77236577365957e-17
