0 -0.00139 0 0 400000 1.33808e-16 4.46026666666667e-17
3.63333333333333e-10 -0.00138241271545299 0.000145712697560684 41873.8880841315 399907.863093168 1.33811985758684e-16 4.50709170209581e-17
7.26666666666667e-10 -0.00135961299924106 0.000290597645951925 83509.9034456849 395444.084787283 1.33815971635796e-16 4.5536514975287e-17
1.09e-09 -0.00132177020067151 0.000433070994152149 124452.890140603 386657.331492747 1.3381995763134e-16 4.59943852374411e-17
1.45333333333333e-09 -0.0012692181192632 0.000571575206763044 164255.254623176 373643.52816277 1.33823943745319e-16 4.64395368409912e-17
1.81666666666667e-09 -0.00120245136066515 0.000704596091168281 202481.858890916 356544.81108293 1.33827929977737e-16 4.68671177071188e-17
2.18e-09 -0.00112211993459616 0.000830679351391563 238714.77761561 335547.975465139 1.33831916328598e-16 4.72724676897985e-17
2.54333333333333e-09 -0.00102902215380659 0.000948446487679548 272557.867253409 310882.434801311 1.33835902797904e-16 4.76511695244218e-17
2.90666666666667e-09 -0.000924095911637417 0.0010566098679821 303641.097180601 282817.714269784 1.3383988938566e-16 4.79990971228486e-17
3.27e-09 -0.000808408433479047 0.00115398680654961 331624.595501695 251660.505581752 1.33843876091869e-16 4.8312460686864e-17
3.63333333333333e-09 -0.000683144614117364 0.00123951249571618 356202.365294117 217751.315449989 1.33847862916535e-16 4.85878481467844e-17
3.99666666666667e-09 -0.000549594068416821 0.00131225164946918 377105.630655182 181460.74430541 1.3385184985966e-16 4.88222624721123e-17
4.36e-09 -0.00040913703685921 0.00137140873148401 394105.775962636 143185.435930137 1.33855836921249e-16 4.90131544462502e-17
4.72333333333333e-09 -0.000263229299979311 0.00141633665577302 407016.846205823 103343.742274337 1.33859824101305e-16 4.91584505468606e-17
5.08666666666667e-09 -0.000113386266577557 0.00144654386479107 415697.581041776 62371.1508389144 1.33863811399831e-16 4.92565756269468e-17
5.45e-09 3.88335903733033e-05 0.00146169970757439 420052.960326859 20715.5246031135 1.33867798816831e-16 4.93064701485618e-17
5.81333333333333e-09 0.000191845769074657 0.0014616380590705 420035.244214292 -21167.79347329 1.33871786352309e-16 4.93076017805886e-17
6.17666666666666e-09 0.00034405705929173 0.00144635914104182 415644.496432596 -62820.9578615112 1.33875774006269e-16 4.92599712336439e-17
6.54e-09 0.000493882958455212 0.00141602952458407 406928.585009313 -103788.625380296 1.33879761778712e-16 4.91641122681479e-17
6.90333333333333e-09 0.000639764993091504 0.00137098031417796 393982.660416585 -143622.932906471 1.33883749669644e-16 4.90210858752999e-17
7.26666666666666e-09 0.000780187756227601 0.00131170353307137 376948.116827744 -181888.393464283 1.33887737679068e-16 4.88324686943965e-17
7.63e-09 0.000913695474515817 0.00123884674945212 356011.047824737 -218166.657168942 1.33891725806987e-16 4.86003357929399e-17
7.99333333333333e-09 0.00103890792395894 0.00115320600210377 331400.213422933 -252061.084975551 1.33895714053404e-16 4.83272379976094e-17
8.35666666666667e-09 0.00115453552023193 0.00105571710282789 303384.540622535 -283201.085229391 1.33899702418324e-16 4.8016174023743e-17
8.72e-09 0.00125939341861397 0.000947445410663055 272270.184795709 -311246.165605041 1.33903690901749e-16 4.76705577078451e-17
9.08333333333333e-09 0.00135241446936655 0.000829574189639625 238397.184020197 -335889.656131607 1.33907679503684e-16 4.72941807011759e-17
9.44666666666667e-09 0.00143266088690022 0.000703391677296572 202135.742920824 -356862.062595635 1.33911668224132e-16 4.68911710321063e-17
9.81e-09 0.00149933450512908 0.000570277005284187 163882.18663153 -373934.013652604 1.33915657063095e-16 4.64659479900978e-17
1.01733333333333e-08 0.0015517855068634 0.000431685125929025 124054.629097839 -386918.769418248 1.33919646020579e-16 4.60231738243867e-17
1.05366666666667e-08 0.00158951953176856 0.000289130909508564 83088.4030637246 -395674.264103716 1.33923635096586e-16 4.55677027852913e-17
1.09e-08 0.00161220308514083 0.000144172586053394 41431.3016934259 -400104.660351424 1.3392762429112e-16 4.51045280651228e-17
1.12633333333333e-08 0.00161966718832276 -1.60528733469224e-06 -461.316160644223 -400161.398265706 1.33931613604184e-16 4.46387272186595e-17
1.16266666666667e-08 0.00161190923080096 -0.000146609147468106 -42131.5035406074 -395843.727655621 1.33935603035783e-16 4.41754066597807e-17
1.199e-08 0.00158909300368653 -0.000289253845024574 -83123.7314059022 -387198.717656323 1.33939592585918e-16 4.3719645840976e-17
1.23533333333333e-08 0.00155154691415797 -0.000427979973038722 -122989.868373067 -374320.743608258 1.33943582254595e-16 4.32764417259264e-17
1.27166666666667e-08 0.00149976040033175 -0.000561270914503007 -161294.079735152 -357350.456787909 1.33947572041816e-16 4.28506541621719e-17
1.308e-08 0.001434378585698 -0.000687669422711848 -197617.59220416 -336473.248237237 1.33951561947585e-16 4.24469527510573e-17
1.34433333333333e-08 0.00135619523150507 -0.000805793553085156 -231563.272286208 -311917.223469586 1.33955551971906e-16 4.20697657957959e-17
1.38066666666667e-08 0.00126614406408381 -0.000914351772291406 -262759.968234837 -283950.710177283 1.33959542114782e-16 4.17232318857967e-17
1.417e-08 0.00116528857186988 -0.00101215707947873 -290866.568110874 -252879.326171815 1.33963532376216e-16 4.14111546465904e-17
1.45333333333333e-08 0.00105481038361362 -0.0010981399852168 -315575.729579281 -219042.639595674 1.33967522756213e-16 4.11369611501088e-17
1.48966666666667e-08 0.000935996354780132 -0.00117136020623475 -336617.240660526 -182810.457903036 1.33971513254775e-16 4.09036644400662e-17
1.526e-08 0.000810224503267774 -0.0012310169480747 -353760.974687066 -144578.786165663 1.33975503871906e-16 4.07138305822247e-17
1.56233333333333e-08 0.000678948948156222 -0.00127645766321276 -366819.407150452 -104765.498876462 1.3397949460761e-16 4.05695505998709e-17
1.59866666666667e-08 0.000543684016098177 -0.00130718518886198 -375649.66691283 -63805.7725563497 1.3398348546189e-16 4.04724176014406e-17
1.635e-08 0.000405987689072865 -0.00132286318638129 -380155.099345948 -22147.329086311 1.3398747643475e-16 4.04235093504763e-17
1.67133333333333e-08 0.000267444574424502 -0.00132331982277846 -380286.324295525 19754.4582429263 1.33991467526193e-16 4.04233764686196e-17
1.70766666666667e-08 0.000129648583336531 -0.0013085496540101 -376041.777290741 61441.5424688885 1.33995458736222e-16 4.04720364007642e-17
1.744e-08 -5.81449291480826e-06 -0.00127871368943771 -367467.728067159 102458.210070807 1.33999450064843e-16 4.05689732085133e-17
1.78033333333333e-08 -0.000137384318460914 -0.00123413763668124 -354657.776185104 142356.062723558 1.34003441512056e-16 4.07131431943708e-17
1.81666666666667e-08 -0.000263543070587645 -0.00117530834600251 -337751.829241641 180698.919232726 1.34007433077868e-16 4.09029862953588e-17
1.853e-08 -0.00038283203325155 -0.00110286849303378 -316934.574830573 217067.584062352 1.3401142476228e-16 4.11364431216825e-17
1.88933333333333e-08 -0.000493867544957791 -0.00101760955792538 -292433.462939383 251064.430323695 1.34015416565296e-16 4.14109774543493e-17
1.92566666666667e-08 -0.000595356126644518 -0.00092046317761111 -264516.2208242 282317.747120025 1.34019408486921e-16 4.17236039559698e-17
1.962e-08 -0.000686108624177133 -0.000812490965676749 -233487.927515357 310485.803716956 1.34023400527156e-16 4.20709207919709e-17
1.99833333333334e-08 -0.000765053210822858 -0.00069487291107136 -199687.679920818 335260.586101946 1.34027392686007e-16 4.24491468057653e-17
2.03466666666667e-08 -0.000831247107533705 -0.000568894482440072 -163484.886960209 356371.165076617 1.34031384963476e-16 4.28541628416278e-17
2.071e-08 -0.000883886892878114 -0.000435932579010292 -125275.232229515 373586.65905225 1.34035377359568e-16 4.32815567636753e-17
2.10733333333334e-08 -0.000922317289875178 -0.000297440481576578 -85476.3493211756 386718.759148274 1.34039369874284e-16 4.37266716789308e-17
2.14366666666667e-08 -0.000946038333631891 -0.000154931968064506 -44523.2570667737 395623.788977343 1.3404336250763e-16 4.41846568374109e-17
2.18e-08 -0.000954710841381473 -9.96476729124012e-06 -2863.60459536519 400204.276586403 1.34047355259609e-16 4.46505206528948e-17
2.21633333333334e-08 -0.000948160125075975 0.000135876468219742 39047.2218190247 400410.021355385 1.34051348130223e-16 4.51191852648377e-17
2.25266666666667e-08 -0.000926377905896316 0.000280997484249437 80751.0766347807 396238.644175608 1.34055341119477e-16 4.55855420450213e-17
2.289e-08 -0.000889522409697638 0.000423811852370828 121792.063231234 387735.614878193 1.34059334227375e-16 4.60445074421953e-17
2.32533333333334e-08 -0.00083791664229256 0.000562758312405665 161721.517661668 374993.756597119 1.34063327453919e-16 4.64910785542456e-17
2.36166666666667e-08 -0.000772044863372182 0.000696317840266951 200102.913489604 358152.232469492 1.34067320799113e-16 4.6920387820389e-17
2.398e-08 -0.000692547297557058 0.000823030254599887 236516.634088235 337395.02573465 1.34071314262961e-16 4.73277562354935e-17
2.43433333333334e-08 -0.000600213140342511 0.000941510180670171 270564.560230135 312948.929832016 1.34075307845466e-16 4.77087445047615e-17
2.47066666666667e-08 -0.000495971935343932 0.00105046219696948 301874.422811999 285081.07045463 1.34079301546632e-16 4.8059201579513e-17
2.507e-08 -0.000380883417054307 0.001148694998937 330103.873125108 254095.986632382 1.34083295366462e-16 4.83753100434144e-17
2.54333333333334e-08 -0.000256125930103433 0.00123513442493543 354944.226168519 220332.302740354 1.3408728930496e-16 4.86536278529165e-17
2.57966666666667e-08 -0.00012298355157273 0.0013088352020528 376123.836074792 184159.027800399 1.3409128336213e-16 4.88911259755012e-17
2.616e-08 1.71679428990014e-05 0.00136899128329126 393411.066738477 145971.52251953 1.34095277537974e-16 4.90852215141698e-17
2.65233333333334e-08 0.000162876115840105 0.00141494466309915 406616.825161567 106187.178141991 1.34099271832497e-16 4.92338059559338e-17
2.68866666666667e-08 0.000312627743154994 0.00144619257483283 415596.629809368 65240.8543436088 1.34103266245701e-16 4.93352682353615e-17
2.725e-08 0.000464865354300719 0.0014623929914205 420252.191352492 23580.1260324142 1.34107260777592e-16 4.9388512360905e-17
2.76133333333334e-08 0.000618004256640114 0.00146336836904639 420532.48850044 -18339.6089899782 1.34111255428171e-16 4.93929694111624e-17
2.79766666666667e-08 0.00077044985788222 0.00144910759287859 416434.327151155 -60060.1080292171 1.34115250197442e-16 4.93486037697676e-17
2.834e-08 0.000920615097256619 0.00141976610351723 408002.376728799 -101125.292746243 1.3411924508541e-16 4.92559135305806e-17
2.87033333333334e-08 0.001066937794874 0.00137566420272653 395328.683296982 -141086.234894259 1.34123240092077e-16 4.91159250685759e-17
2.90666666666667e-08 0.00120789772961405 0.00131728355691787 378551.664754361 -179506.064041785 1.34127235217448e-16 4.89301818356035e-17
2.943e-08 0.00134203325884363 0.00124526193655278 357854.599081347 -215964.743630146 1.34131230461525e-16 4.87007275033312e-17
2.97933333333334e-08 0.00146795729827141 0.0011603862489203 333463.622148768 -250063.663151463 1.34135225824312e-16 4.84300836374774e-17
3.01566666666667e-08 0.00158437248723413 0.00106358394040098 305645.256961099 -281429.996241755 1.34139221305812e-16 4.81212221472251e-17
3.052e-08 0.00169008537360946 0.000955912862156306 274703.501329696 -309720.777041207 1.3414321690603e-16 4.77775328108372e-17
3.08833333333334e-08 0.00178401946326208 0.000838549709982062 240976.505799341 -334626.650252034 1.34147212624969e-16 4.74027862323229e-17
3.12466666666667e-08 0.00186522699133798 0.000712777164654562 204832.878131568 -355875.253890061 1.34151208462632e-16 4.70010926339632e-17
3.161e-08 0.00193289928668953 0.000579969873307771 166667.654731623 -373234.197740158 1.34155204419023e-16 4.65768569350351e-17
3.19733333333334e-08 0.00198637561608969 0.000441579425053118 126897.983047968 -386513.604944201 1.34159200494145e-16 4.61347306076886e-17
3.23366666666667e-08 0.00202515041150878 0.000299118485052841 85958.5621341016 -395568.188924913 1.34163196688002e-16 4.56795608361707e-17
3.27e-08 0.0020488788013997 0.000154144260462065 44296.8912075186 -400298.842927646 1.34167193000598e-16 4.52163375350905e-17
3.30633333333333e-08 0.0020573803854756 8.24147896368881e-06 2368.37814102964 -400653.724789372 1.34171189431935e-16 4.47501388058361e-17
3.34266666666667e-08 0.00205064121166318 -0.000136994934046276 -39368.6386456318 -396628.825061596 1.34175185982017e-16 4.42860754273479e-17
3.379e-08 0.00202881393356705 -0.000279977290265557 -80457.9004777251 -388268.012261352 1.34179182650849e-16 4.38292349880227e-17
3.41533333333333e-08 0.00199221614666965 -0.000419142494697381 -120450.216131319 -375662.554740065 1.34183179438433e-16 4.33846262694694e-17
3.45166666666667e-08 0.00194132692140076 -0.000552969133533411 -158908.372428656 -358950.124381495 1.34187176344773e-16 4.29571244900966e-17
3.488e-08 0.00187678157092201 -0.000679994106901706 -195411.914040042 -338313.293004528 1.34191173369873e-16 4.25514180071351e-17
3.52433333333333e-08 0.00179936471077064 -0.000798828624643422 -229561.740237419 -313977.537892512 1.34195170513735e-16 4.21719570597711e-17
3.56066666666667e-08 0.00171000168618097 -0.000908173390239629 -260984.468344243 -286208.778237324 1.34199167776365e-16 4.18229051137711e-17
3.597e-08 0.00160974846074838 -0.00100683280687931 -289336.516175182 -255310.469414875 1.34203165157764e-16 4.15080933395574e-17
3.63333333333333e-08 0.0014997800769232 -0.00109372805034421 -314307.858829635 -221620.286843181 1.34207162657937e-16 4.12309787214561e-17
3.66966666666667e-08 0.00138137781443759 -0.00116790886576912 -335625.418761561 -185506.435661588 1.34211160276888e-16 4.09946062561586e-17
3.706e-08 0.00125591518700589 -0.0012285639592821 -353056.052055801 -147363.626561193 1.34215158014619e-16 4.08015756537493e-17
3.74233333333333e-08 0.00112484293034245 -0.00127502987088533 -366409.098254062 -107608.761747221 1.34219155871134e-16 4.06540129054463e-17
3.77866666666666e-08 0.000989673145572319 -0.0013067982315368 -375538.465843884 -66676.3781841394 1.34223153846437e-16 4.05535470290091e-17
3.815e-08 0.000851962771347756 -0.00132352132505292 -380344.230599031 -25013.8979289808 1.34227151940531e-16 4.05012922461775e-17
3.85133333333333e-08 0.000713296565327066 -0.00132501589398135 -380773.729284392 16923.2625313236 1.3423115015342e-16 4.0497835787133e-17
3.88766666666666e-08 0.000575269781041126 -0.00131126514778734 -376822.136754433 58676.6704799544 1.34235148485108e-16 4.05432314554662e-17
3.924e-08 0.000439470729508355 -0.00128241895134769 -368532.520121236 99789.8882903942 1.34239146935597e-16 4.06369990241672e-17
3.96033333333333e-08 0.000307463416224407 -0.00123879219163736 -355995.369384439 139813.463085959 1.34243145504892e-16 4.07781294694146e-17
3.99666666666666e-08 0.000180770443334569 -0.00118086134040976 -339347.609638501 178309.840192996 1.34247144192996e-16 4.09650959851229e-17
4.033e-08 6.08563639036047e-05 -0.00110925925039227 -318771.10564005 214858.146673498 1.34251142999912e-16 4.11958706580137e-17
4.06933333333333e-08 -5.08883297388077e-05 -0.00102476824183057 -294490.675067728 249058.792641549 1.34255141925644e-16 4.14679466210929e-17
4.10566666666666e-08 -0.000153162408524982 -0.000928311554906338 -266771.632178214 280537.840058362 1.34259140970196e-16 4.17783654435235e-17
4.142e-08 -0.000244768133836248 -0.000820943261418431 -235916.888696271 308951.09124102 1.34263140133571e-16 4.21237494576345e-17
4.17833333333333e-08 -0.000324624353795004 -0.000703836745963548 -202263.643617625 333987.852382582 1.34267139415773e-16 4.25003386698253e-17
4.21466666666666e-08 -0.000391778325464561 -0.000578271882493087 -166179.698098247 355374.330932557 1.34271138816804e-16 4.29040318520072e-17
4.25099999999999e-08 -0.0004454161336832 -0.000445621046388387 -128059.435703122 372876.62968801 1.3427513833667e-16 4.33304313645096e-17
4.28733333333333e-08 -0.000484871592596066 -0.000307334114930369 -88319.5119469279 386303.304853058 1.34279137975372e-16 4.37748912205745e-17
4.32366666666666e-08 -0.000509633532531688 -0.000164922620102588 -47394.3002382579 395507.460090087 1.34283137732915e-16 4.4232567867115e-17
4.35999999999999e-08 -0.00051935139251783 -1.99432269379696e-05 -5731.14400335097 400388.353657551 1.34287137609303e-16 4.46984731267009e-17
4.39633333333333e-08 -0.000513839057251107 0.000126019282002458 36214.533114493 400892.501051247 1.34291137604538e-16 4.51675287220947e-17
4.43266666666666e-08 -0.000493076896523909 0.000271369330026403 77984.2055306053 397014.261080462 1.34295137718625e-16 4.56346217873448e-17
4.46899999999999e-08 -0.000457211984761024 0.000414517988219155 119121.258051787 388795.898956853 1.34299137951566e-16 4.60946607586382e-17
4.50533333333333e-08 -0.000406556498211965 0.000553900345199736 159175.977474414 376327.125690878 1.34303138303366e-16 4.65426310339467e-17
4.54166666666666e-08 -0.000341584307266155 0.000687992614842738 197710.46888097 359744.118815347 1.34307138774028e-16 4.69736497930113e-17
4.57799999999999e-08 -0.00026292580108882 0.000815328794943023 234303.442889701 339228.035125763 1.34311139363555e-16 4.73830193783671e-17
4.61433333333332e-08 -0.000171361001100171 0.000934516694703862 268554.821521199 315003.031680502 1.34315140071951e-16 4.77662786538261e-17
4.65066666666666e-08 -6.78110385278059e-05 0.00104425315582341 300090.112326964 287333.816679884 1.3431914089922e-16 4.81192517789271e-17
4.68699999999999e-08 4.66719108521481e-05 0.00114333830076453 328564.502956761 256522.756983024 1.34323141845365e-16 4.84380938660914e-17
4.72333333333332e-08 0.000170916124801474 0.00123068865242243 353666.631396247 222906.573868781 1.34327142910389e-16 4.87193330212854e-17
4.75966666666666e-08 0.000303643139883799 0.00130534898173747 375121.990650443 186852.66314926 1.34331144094296e-16 4.89599083085116e-17
4.79599999999999e-08 0.000443481723962661 0.00136650275370178 392695.930643488 148755.079851792 1.3433514539709e-16 4.91572032229921e-17
4.83233333333332e-08 0.000588982863226418 0.00141348105752634 406196.224507119 109030.231353336 1.34339146818775e-16 4.93090743069956e-17
4.86866666666666e-08 0.000738635599937766 0.00144576992330225 415475.171191236 68112.3260396465 1.34343148359352e-16 4.94138745953472e-17
4.90499999999999e-08 0.000890883547800969 0.00146301594512556 420431.211397854 26448.6272354332 1.34347150018828e-16 4.94704716341696e-17
4.94133333333332e-08 0.00104414190442731 0.00146503014916515 421010.039159225 -15505.4357180613 1.34351151797204e-16 4.94782598757193e-17
4.97766666666666e-08 0.00119681477493978 0.00145179006433765 417205.196893777 -57291.2457984901 1.34355153694484e-16 4.94371673136582e-17
5.01399999999999e-08 0.00134731261735137 0.0014234399728999 409058.147419625 -98452.011632255 1.34359155710672e-16 4.93476562860511e-17
5.05033333333332e-08 0.0014940696190143 0.00138028933816566 396657.822122867 -138537.761016031 1.34363157845771e-16 4.92107184371418e-17
5.08666666666665e-08 0.0016355608141856 0.00132280942647991 380139.650204372 -177110.260042122 1.34367160099786e-16 4.90278638928075e-17
5.12299999999999e-08 0.00177031875557869 0.00125162816032437 359684.079601525 -213747.804051449 1.34371162472719e-16 4.88011047678496e-17
5.15933333333332e-08 0.00189694955764065 0.00116752325876561 335514.605738537 -248049.82803752 1.34375164964573e-16 4.85329331852463e-17
5.19566666666665e-08 0.00201414813615776 0.00107141374018078 307895.32963966 -279641.286096848 1.34379167575354e-16 4.82262940474865e-17
5.23199999999999e-08 0.00212071247757173 0.000964349880101264 277128.072085061 -308176.752044497 1.34383170305063e-16 4.78845528574841e-17
5.26833333333332e-08 0.00221555678199129 0.000847501733905261 243549.07534312 -333344.196360119 1.34387173153705e-16 4.75114589406943e-17
5.30466666666665e-08 0.00229772333619126 0.000722146349782294 207525.328522275 -354868.398166741 1.34391176121283e-16 4.71111044703366e-17
5.34099999999999e-08 0.00236639298677027 0.000589653811713535 169450.55670108 -372513.954933037 1.343951792078e-16 4.66878797435216e-17
5.37733333333332e-08 0.00242089409893714 0.00045147226500603 129740.917671767 -386087.856986204 1.34399182413261e-16 4.62464251970724e-17
5.41366666666665e-08 0.00246070990294679 0.000309112088045644 88830.453330156 -395441.598678947 1.34403185737669e-16 4.57915806874897e-17
5.44999999999999e-08 0.00248548414782949 0.00016412938327167 47166.3454282918 -400472.803118334 1.34407189181026e-16 4.53283325894312e-17
5.48633333333332e-08 0.00249502500055861 1.81089678231753e-05 5204.02754626755 -401126.342681156 1.34411192743338e-16 4.48617592909385e-17
5.52266666666665e-08 0.00248930714798069 -0.000127352950218088 -36597.7932869941 -397394.943051776 1.34415196424607e-16 4.439697568119e-17
5.55899999999998e-08 0.00246847207847689 -0.000270666220620896 -77782.1509049624 -389319.264163998 1.34419200224836e-16 4.39390772375878e-17
5.59533333333332e-08 0.00243282654022264 -0.000410264134094145 -117898.815433273 -376987.457146607 1.3442320414403e-16 4.34930843233855e-17
5.63166666666665e-08 0.00238283919284515 -0.000544620549645608 -156509.215229378 -360534.202100294 1.34427208182192e-16 4.30638873047797e-17
5.66799999999998e-08 0.00231913548902781 -0.000672266578972594 -193191.231525151 -340139.237209202 1.34431212339326e-16 4.26561930874488e-17
5.70433333333332e-08 0.00224249084196123 -0.000791806645483997 -227543.813355457 -316025.395251159 1.34435216615434e-16 4.22744736570224e-17
5.74066666666665e-08 0.00215382215328079 -0.000901933742384133 -259191.36231876 -288456.168956083 1.34439221010521e-16 4.19229171860779e-17
5.77699999999998e-08 0.00205417779405528 -0.00100144372299906 -287787.839230377 -257732.831813112 1.3444322552459e-16 4.16053822422185e-17
5.81333333333332e-08 0.00194472614830472 -0.00108924846710028 -313020.547767799 -224191.145787486 1.34447230157645e-16 4.13253555979054e-17
5.84966666666665e-08 0.0018267428442424 -0.00116438777926327 -334613.553737107 -188197.691924878 1.34451234909688e-16 4.10859141033582e-17
5.88599999999998e-08 0.00170159681278527 -0.0012260398891549 -352330.702571563 -150145.863944379 1.34455239780724e-16 4.08896910394335e-17
5.92233333333332e-08 0.00157073532570101 -0.00127353043892303 -365978.202064297 -110451.568606629 1.34459244770757e-16 4.0738847318434e-17
5.95866666666665e-08 0.00143566817691844 -0.00130633985939675 -375406.742088751 -69548.6798503047 1.34463249879789e-16 4.06350478478121e-17
5.99499999999998e-08 0.0012979511798998 -0.00132410905441561 -380513.128121134 -27884.2963832579 1.34467255107825e-16 4.05794433153055e-17
6.03133333333331e-08 0.00115916916145482 -0.00132664333109852 -381241.410693421 14086.1454353258 1.34471260454867e-16 4.05726575947836e-17
6.06766666666665e-08 0.00102091863788685 -0.00131391453303625 -377583.498415164 55903.8500019774 1.3447526592092e-16 4.06147809106452e-17
6.10399999999998e-08 0.000884790362839098 -0.00128606135303468 -369579.247847453 97111.6777458791 1.34479271505986e-16 4.07053688356644e-17
6.14033333333331e-08 0.000752351937617596 -0.0012433878219361 -357316.029231023 137259.142451707 1.3448327721007e-16 4.08434471334114e-17
6.17666666666665e-08 0.000625130674089808 -0.00118635998998384 -340927.772800211 175907.335999038 1.34487283033175e-16 4.10275223924875e-17
6.21299999999998e-08 0.000504596897502727 -0.00111560083695464 -320593.506092679 212633.726680819 1.34491288975305e-16 4.12555983364974e-17
6.24933333333331e-08 0.000392147871760602 -0.00103188346664663 -296535.398229325 247036.778643757 1.34495295036462e-16 4.15251976316315e-17
6.28566666666665e-08 0.000289092522903482 -0.000936122660067146 -269016.332528922 278740.341947394 1.34499301216651e-16 4.18333889536311e-17
6.32199999999998e-08 0.000196637127807357 -0.000829364879608848 -238337.03397871 307397.765244598 1.34503307515875e-16 4.21768190184064e-17
6.35833333333331e-08 0.000115872124580159 -0.000712776833438742 -204832.782949101 332695.686117003 1.34507313934138e-16 4.25517492263081e-17
6.39466666666665e-08 4.77601888706521e-05 -0.000587632725066902 -168869.751064605 354357.457621327 1.34511320471442e-16 4.29540965196098e-17
6.43099999999998e-08 -6.87429352699845e-06 -0.000455300327438693 -130840.999274592 372146.173578073 1.34515327127793e-16 4.33794780066865e-17
6.46733333333331e-08 -4.73542426500533e-05 -0.000317226033748197 -91162.1818614185 385867.259519415 1.34519333903193e-16 4.38232588651882e-17
6.50366666666664e-08 -7.31572903213276e-05 -0.000174919048361186 -50267.003339285 395370.600960091 1.34523340797645e-16 4.42806030006466e-17
6.53999999999998e-08 -8.39214950737488e-05 -2.99348906408503e-05 -8602.47789993515 400552.185712153 1.34527347811154e-16 4.47465259068152e-17
6.57633333333331e-08 -7.94493035217437e-05 0.00011614160801434 33375.9567787708 401355.242275954 1.34531354943723e-16 4.52159491499622e-17
6.61266666666664e-08 -5.97097148231665e-05 0.000261713628065847 75209.4179517694 397770.861847962 1.34535362195355e-16 4.56837558815593e-17
6.64899999999998e-08 -2.48386245173129e-05 0.000405189817294752 116440.594033777 389838.09713051 1.34539369566054e-16 4.61448467725574e-17
6.68533333333331e-08 2.48626560737805e-05 0.000545001687013461 156618.743800006 377643.536847767 1.34543377055824e-16 4.65941957578072e-17
6.72166666666664e-08 8.89306887496266e-05 0.000679620758858984 195304.623910773 361320.360603613 1.34547384664667e-16 4.70269049812435e-17
6.75799999999998e-08 0.000166744969741863 0.000807575274718252 232075.290892069 341046.884397868 1.34551392392588e-16 4.743825834117e-17
6.79433333333331e-08 0.000257534708155478 0.000927466287106006 266528.725074957 317044.612685631 1.34555400239591e-16 4.7823773050266e-17
6.83066666666664e-08 0.000360387247492404 0.00103798295408306 298288.225941387 289575.818259177 1.34559408205677e-16 4.81792486466229e-17
6.86699999999998e-08 0.000474258038245441 0.00113791687149314 327006.530821413 258940.676394204 1.34563416290852e-16 4.85008129199634e-17
6.90333333333331e-08 0.000597982052592051 0.00122617528581521 352369.611909564 225473.984575573 1.34567424495119e-16 4.87849642509059e-17
6.93966666666664e-08 0.000730286516449835 0.00130179304316015 374100.110083318 189541.503648942 1.34571432818481e-16 4.90286099003293e-17
6.97599999999997e-08 0.000869804819750906 0.00136394314375261 391960.367975683 151535.960384149 1.34575441260941e-16 4.92290998301547e-17
7.01233333333331e-08 0.00101509145290842 0.00141194578647874 405755.029133607 111872.755138729 1.34579449822504e-16 4.9384255685694e-17
7.04866666666664e-08 0.00116463780622604 0.00144527580458378 415333.174836328 70985.4215349705 1.34583458503173e-16 4.94923946225994e-17
7.08499999999997e-08 0.00131688865956292 0.00146356841118726 420589.975201046 29320.8877762067 1.34587467302951e-16 4.95523477177923e-17
7.12133333333331e-08 0.00147025918201613 0.00146662319175796 421467.836512244 -12665.4086021005 1.34591476221843e-16 4.95634727629501e-17
7.15766666666664e-08 0.00162315225580149 0.0014544062998523 417957.032217509 -54514.4991471631 1.3459548525985e-16 4.95256613005301e-17
7.19399999999997e-08 0.00177397593496477 0.00142705083205987 410095.810676728 -95768.9016502245 1.34599494416978e-16 4.94393398252452e-17
7.23033333333331e-08 0.00192116084807504 0.00138485537800311 397969.978471228 -135977.621209942 1.34603503693229e-16 4.93054651376828e-17
7.26666666666664e-08 0.00206317735465922 0.00132828076118794 381711.963812386 -174701.080527623 1.34607513088607e-16 4.91255139006864e-17
7.30299999999997e-08 0.0021985522678228 0.00125794500627915 361499.37027271 -211515.925536117 1.34611522603116e-16 4.8901466512493e-17
7.33933333333331e-08 0.00232588496023872 0.00117461658776381 337553.036634315 -246019.653825388 1.34615532236759e-16 4.86357854727501e-17
7.37566666666664e-08 0.00244386267742153 0.00107920603375464 310134.624049089 -277835.015263322 1.3461954198954e-16 4.83313884777434e-17
7.41199999999997e-08 0.00255127489086455 0.000972755976668299 279543.756872764 -306614.136699124 1.34623551861462e-16 4.79916165387899e-17
7.4483333333333e-08 0.00264702653410847 0.000856429759494799 246114.748414905 -332042.325651428 1.34627561852529e-16 4.7620197472168e-17
7.48466666666664e-08 0.00273014997701663 0.000731498722166863 210212.947385343 -353841.511391136 1.34631571962744e-16 4.72212051595594e-17
7.52099999999997e-08 0.0027998156073213 0.000599328306970571 172230.744965009 -371773.285791615 1.34635582192111e-16 4.67990150242268e-17
7.5573333333333e-08 0.00285534090372622 0.000461363134852484 132583.286140258 -385641.51069296 1.34639592540633e-16 4.63582562095323e-17
7.59366666666664e-08 0.00289619790133693 0.000319111215732749 91703.9321739225 -395294.463264743 1.34643603008315e-16 4.59037609824655e-17
7.62999999999997e-08 0.00292201896776183 0.000174127465405201 50039.5238082408 -400626.495901233 1.34647613595158e-16 4.54405119151972e-17
7.6663333333333e-08 0.0029326008266918 2.79967091907783e-05 8045.49697455407 -401579.192489348 1.34651624301168e-16 4.4973587421987e-17
7.70266666666664e-08 0.00292790678492195 -0.000117683641873504 -33819.0956014104 -398142.008394468 1.34655635126348e-16 4.45081062467631e-17
7.73899999999997e-08 0.00290806713841725 -0.000261321052942517 -75096.6024795831 -390352.387152719 1.346596460707e-16 4.40491715081844e-17
7.7753333333333e-08 0.002873377752929 -0.000401345274485172 -115335.776416383 -378295.352578534 1.34663657134229e-16 4.36018149138495e-17
7.81166666666664e-08 0.00282429683462399 -0.000536225508309384 -154096.707415992 -362102.580730818 1.34667668316939e-16 4.31709417534863e-17
7.84799999999997e-08 0.00276143992597481 -0.000664487142830257 -190955.631993777 -341950.961867185 1.34671679618832e-16 4.27612772724586e-17
7.8843333333333e-08 0.00268557318156171 -0.000784727874625172 -225509.566075174 -318060.668091267 1.34675691039912e-16 4.23773150118551e-17
7.92066666666663e-08 0.00259760499724101 -0.000895633040022934 -257380.710879723 -290692.747802144 1.34679702580183e-16 4.20232676799449e-17
7.95699999999997e-08 0.00249857608413806 -0.00099598998910447 -286220.583620086 -260146.273228388 1.34683714239649e-16 4.17030210921299e-17
7.9933333333333e-08 0.00238964809592569 -0.00108470134495559 -311713.827852657 -226755.072215499 1.34687726018312e-16 4.1420091682995e-17
8.02966666666663e-08 0.00227209093366745 -0.00116079700319365 -333581.661816966 -190884.079981225 1.34691737916177e-16 4.11775880550253e-17
8.06599999999997e-08 0.00214726886696484 -0.00122344474055646 -351584.927057198 -152925.350708669 1.34695749933247e-16 4.09781769844432e-17
8.1023333333333e-08 0.00201662562309169 -0.0012719593165432 -365526.703987598 -113293.772566814 1.34699762069525e-16 4.08240542559107e-17
8.13866666666663e-08 0.00188166860708486 -0.00130580996856675 -375254.46579654 -72422.5329913963 1.34703774325016e-16 4.07169206450633e-17
8.17499999999997e-08 0.00174395242526523 -0.00132462621863577 -380661.747129898 -30758.3837904977 1.34707786699722e-16 4.06579633115775e-17
8.2113333333333e-08 0.00160506189228297 -0.00132820192803987 -381689.309297886 11243.2421710306 1.34711799193647e-16 4.06478428063381e-17
8.24766666666663e-08 0.00146659470743203 -0.00131649755566155 -378325.78925283 53123.2093302162 1.34715811806795e-16 4.06866858349031e-17
8.28399999999996e-08 0.00133014398959993 -0.00128964059517456 -370607.825228149 94423.6984090014 1.34719824539169e-16 4.07740838565457e-17
8.3203333333333e-08 0.0011972808617699 -0.00124792418629521 -358619.657649562 134693.211157288 1.34723837390773e-16 4.090909753436e-17
8.35666666666663e-08 0.00106953727545623 -0.00119180391521387 -342492.209665609 173491.506145647 1.3472785036161e-16 4.10902669879588e-17
8.39299999999996e-08 0.000948389262836763 -0.00112189283912893 -322401.657333319 210394.411649456 1.34731863451684e-16 4.13156277368567e-17
8.4293333333333e-08 0.000835240799676371 -0.00103895478922073 -298567.505074039 244998.463008223 1.34735876660999e-16 4.15827321604207e-17
8.46566666666663e-08 0.000731408455463864 -0.00094389602522334 -271250.187423084 276925.313761053 1.34739889989557e-16 4.18886762399601e-17
8.50199999999996e-08 0.000638106998584583 -0.000837755332774283 -240748.22327591 305825.872330702 1.34743903437363e-16 4.22301312907792e-17
8.5383333333333e-08 0.000556436113915697 -0.000721692671747988 -207394.953726168 331384.11902743 1.3474791700442e-16 4.26033803374575e-17
8.57466666666663e-08 0.000487368378075412 -0.000596976499621834 -171554.899143986 353320.561637134 1.34751930690732e-16 4.30043587348557e-17
8.61099999999996e-08 0.000431738623813392 -0.000464969908411559 -133619.77530617 371395.291807876 1.34755944496302e-16 4.34286985909198e-17
8.6473333333333e-08 0.000390234809848068 -0.000327115726686457 -94004.2121183265 385410.608811686 1.34759958421133e-16 4.38717765057836e-17
8.68366666666663e-08 0.000363390496002972 -0.000184920749492629 -53141.2217213484 395213.181986853 1.34763972465229e-16 4.43287641054023e-17
8.71999999999996e-08 0.00035157900594871 -3.99392685507822e-05 -11477.4655157355 400695.728207995 1.34767986628595e-16 4.47946808173875e-17
8.75633333333329e-08 0.000355009341411375 0.000106243917250672 30531.6281631639 401798.18603205 1.34772000911232e-16 4.52644483121822e-17
8.79266666666663e-08 0.000373723892563738 0.000252030825359941 72426.8423517332 398508.373669922 1.34776015313146e-16 4.57329460144987e-17
8.82899999999996e-08 0.000407597969681704 0.000395827757699619 113750.19132841 390862.123575745 1.34780029834339e-16 4.61950670782189e-17
8.86533333333329e-08 0.000456341161239906 0.000536062722487276 154049.927173702 378942.892166941 1.34784044474814e-16 4.66457742128764e-17
8.90166666666663e-08 0.000519500503654531 0.000671202619288832 192885.47828971 362880.848925871 1.34788059234577e-16 4.70801547514414e-17
8.93799999999996e-08 0.000596465428076781 0.000799769999437322 229832.265891153 342851.45482519 1.34792074113629e-16 4.74934743574066e-17
8.97433333333329e-08 0.000686474430213356 0.00092035921858599 264486.345812233 319073.545601845 1.34796089111975e-16 4.78812287840285e-17
9.01066666666663e-08 0.000788623390313231 0.00103165180480415 296468.824881719 291806.940817913 1.34800104229618e-16 4.82391931198537e-17
9.04699999999996e-08 0.00090187545241887 0.00113243087419444 325430.003581429 261349.604831008 1.34804119466561e-16 4.85634679821224e-17
9.08333333333329e-08 0.00102507235493204 0.00122159443641712 351053.19969404 228034.390696139 1.34808134822809e-16 4.88505221529914e-17
9.11966666666663e-08 0.001156947088676 0.00129816744463769 373058.2111321 192225.402581006 1.34812150298365e-16 4.90972311923852e-17
9.15599999999996e-08 0.00129613774412036 0.00136131245813499 391204.380083202 154314.016448107 1.34816165893231e-16 4.93009116052582e-17
9.19233333333329e-08 0.00144120239643156 0.00141033880096916 405293.224963433 114714.602493846 1.34820181607413e-16 4.94593501896299e-17
9.22866666666662e-08 0.00159063486566198 0.00144471011654568 415170.611394742 73859.9960964429 1.34824197440913e-16 4.957082824443e-17
9.26499999999996e-08 0.00174288117981963 0.00146405023544421 420728.438460251 32196.766775017 1.34828213393735e-16 4.96341403723691e-17
9.30133333333329e-08 0.00189635656087106 0.00146814729231744 421905.82178961 -9819.66312823585 1.34832229465882e-16 4.96486076721295e-17
9.33766666666662e-08 0.00204946274800885 0.0014569560468033 418689.760526411 -51729.9966865565 1.34836245657359e-16 4.96140851754961e-17
9.37399999999996e-08 0.00220060546882225 0.00143059838302612 411115.280871298 -93076.0831305184 1.34840261968168e-16 4.95309634479582e-17
9.41033333333329e-08 0.00234821186738741 0.00138936198217206 399265.054616059 -133405.926209753 1.34844278398313e-16 4.94001643351098e-17
9.44666666666662e-08 0.00249074769875855 0.00133369718259557 383268.496823142 -172278.62542466 1.34848294947798e-16 4.92231309011751e-17
9.48299999999996e-08 0.00262673410188979 0.00126421206172704 363300.352498935 -209269.196110457 1.34852311616626e-16 4.90018116694733e-17
9.51933333333329e-08 0.00275476376761987 0.00118166579349149 339578.787695576 -243973.215678685 1.348563284048e-16 4.87386393369309e-17
9.55566666666662e-08 0.00287351632495959 0.00108696035380131 312363.005893901 -276011.245220062 1.34860345312325e-16 4.84365041951627e-17
9.59199999999996e-08 0.00298177277746189 0.000981130664746181 281950.415710211 -305032.978126768 1.34864362339204e-16 4.8098722548514e-17
9.62833333333329e-08 0.00307842883183342 0.000865333285173785 248673.380875063 -330721.070374898 1.3486837948544e-16 4.77290004741576e-17
9.66466666666662e-08 0.00316250697305146 0.000740833771248339 212895.587999657 -352794.610586462 1.34872396751037e-16 4.73313933202672e-17
9.70099999999995e-08 0.00323316715394841 0.000608992845116883 175008.071824633 -371012.191926846 1.34876414135999e-16 4.69102613848921e-17
9.73733333333329e-08 0.00328971598236829 0.000471251522846752 135424.941391558 -385174.552245094 1.34880431640328e-16 4.64702222599196e-17
9.77366666666662e-08 0.00333161430542018 0.000329115364178968 94578.8538480585 -395126.753583202 1.3488444926403e-16 4.60161003609849e-17
9.80999999999995e-08 0.0033584831078727 0.000184138016247067 52916.2853577154 -400759.877215171 1.34888467007106e-16 4.5552874194964e-17
9.84633333333329e-08 0.0033701076601607 3.7904231134122e-05 10892.6508052892 -402012.215671914 1.34892484869561e-16 4.50856219414331e-17
9.88266666666662e-08 0.00336643987060743 -0.00010798745710215 -31032.6743577184 -398869.948706305 1.34896502851398e-16 4.46194659429278e-17
9.91899999999995e-08 0.00334759881609557 -0.00025194220657824 -72401.3757108078 -391367.295793673 1.34900520952621e-16 4.41595167107809e-17
9.95533333333329e-08 0.00331386944533169 -0.000392386301891475 -112761.210012649 -379586.143485072 1.34904539173233e-16 4.37108170586299e-17
9.99166666666662e-08 0.00326569946882528 -0.000527784357998122 -151670.949130323 -363655.151671387 1.34908557513238e-16 4.32782869743101e-17
1.0028e-07 0.00320369446952614 -0.000656656105589957 -188705.20370254 -343748.348512755 1.34912575972639e-16 4.2866669832794e-17
1.00643333333333e-07 0.00312861128751572 -0.000777592574465591 -223459.073802841 -320083.229377799 1.34916594551441e-16 4.2480480538196e-17
1.01006666666666e-07 0.00304134975101731 -0.000889271497968289 -255552.575758363 -292918.380559597 1.34920613249646e-16 4.21239561617923e-17
1.0137e-07 0.00294294284406922 -0.000990471770071757 -284634.796725273 -262550.653730905 1.34924632067258e-16 4.18010096157346e-17
1.01733333333333e-07 0.00283454541829772 -0.00108008679704646 -310387.731596528 -229311.922013023 1.3492865100428e-16 4.1515186868971e-17
1.02096666666666e-07 0.00271742157214514 -0.00115713659771837 -332529.760288957 -193565.453107309 1.34932670060717e-16 4.12696281731768e-17
1.0246e-07 0.00259293083547883 -0.00122077852000751 -350818.727386591 -155701.939125466 1.34936689236571e-16 4.10670337226782e-17
1.02823333333333e-07 0.00246251331057003 -0.00127031645655633 -365054.59046297 -116135.226508785 1.34940708531847e-16 4.09096341238931e-17
1.03186666666666e-07 0.00232767393184485 -0.00130520845866124 -375081.608119164 -75297.7927062946 1.34944727946547e-16 4.07991659972482e-17
1.03549999999999e-07 0.00218996601644733 -0.00132507266522764 -380790.043805044 -33636.0190515211 1.34948747480676e-16 4.07368529784364e-17
1.03913333333333e-07 0.00205097428541256 -0.00132969148188479 -382117.366783896 8394.68849312181 1.34952767134236e-16 4.07233923268604e-17
1.04276666666666e-07 0.00191229754104012 -0.00131901396452458 -379048.937096966 50334.8773906827 1.34956786907232e-16 4.07589472878214e-17
1.04639999999999e-07 0.00177553118982172 -0.00129315638115445 -371618.167024812 91726.0709675286 1.34960806799667e-16 4.08431452921177e-17
1.05003333333333e-07 0.0016422498019714 -0.00125240094586876 -359906.157264904 132115.78033267 1.34964826811544e-16 4.09750820129063e-17
1.05366666666666e-07 0.00151398989821149 -0.00119719273872373 -344040.811787007 171062.450989874 1.34968846942868e-16 4.11533312356563e-17
1.05729999999999e-07 0.00139223315198963 -0.00112813484513302 -324195.441026928 208140.290066161 1.34972867193641e-16 4.13759604334694e-17
1.06093333333333e-07 0.00127839019076592 -0.00104598176786518 -300586.868672771 242943.921383743 1.34976887563867e-16 4.16405518776753e-17
1.06456666666666e-07 0.00117378517346608 -0.000951631183609113 -273473.062724833 275092.817482836 1.34980908053551e-16 4.19442290530931e-17
1.06819999999999e-07 0.0010796413127171 -0.000846114134172574 -243150.316711342 304235.460139543 1.34984928662694e-16 4.22836880893554e-17
1.07183333333333e-07 0.000997067500158734 -0.00073058375949306 -209950.011860537 330053.183889574 1.34988949391301e-16 4.26552338648474e-17
1.07546666666666e-07 0.000927046181070616 -0.000606302695584245 -174234.995611338 352263.660532462 1.34992970239376e-16 4.30548203887284e-17
1.07909999999999e-07 0.00087042261090191 -0.000474629275139056 -136395.616039901 370623.986514341 1.34996991206921e-16 4.34780950197181e-17
1.08273333333333e-07 0.000827895611188161 -0.000337002681603512 -96845.4555419971 384933.339427417 1.35001012293941e-16 4.39204460383833e-17
1.08636666666666e-07 0.000800009925952571 -0.000194927218980161 -56016.8103999788 395035.1745735 1.35005033500439e-16 4.43770530529796e-17
1.08999999999999e-07 0.000787150262196165 -4.99558692913041e-05 -14355.965642448 400818.937565939 1.35009054826418e-16 4.48429396879157e-17
