0 -0.00139 0 0 400000 1.33808e-16 4.46026666666667e-17
4.93212669683258e-10 -0.00137601880368479 0.000197984127689064 56895.2832805365 398816.901958227 1.33821534023465e-16 4.52415983465884e-17
9.86425339366516e-10 -0.00133401748562536 0.000393396076122061 113051.391814438 389581.578807296 1.33835069412416e-16 4.58722881904642e-17
1.47963800904977e-09 -0.00126464206552192 0.000582290222224123 167334.460250058 372479.679135694 1.33848606166991e-16 4.64820928437588e-17
1.97285067873303e-09 -0.00116909131085842 0.000760852139141523 218648.325481146 347855.696294395 1.33862144287329e-16 4.70587893571081e-17
2.46606334841629e-09 -0.00104909258957795 0.000925475622684812 265956.66196322 316206.029108893 1.33875683773566e-16 4.75908220098533e-17
2.95927601809955e-09 -0.000906867047888465 0.0010728355215317 308303.911143983 278168.974922435 1.33889224625841e-16 4.80675356871431e-17
3.45248868778281e-09 -0.000745084815181373 0.00119995490032588 344834.582321319 234511.856701227 1.33902766844291e-16 4.84793910973679e-17
3.94570135746606e-09 -0.000566811139468605 0.00130426517907836 374810.535080596 186115.543815958 1.33916310429055e-16 4.88181574828569e-17
4.43891402714932e-09 -0.000375444539947586 0.00138365803394922 397625.894175553 133956.678761807 1.33929855380269e-16 4.90770789307432e-17
4.93212669683258e-09 -0.000174648224587314 0.00143652801070279 412819.295482724 79087.9684276749 1.33943401698073e-16 4.92510109235202e-17
5.42533936651584e-09 3.17238432663784e-05 0.00146180498953447 420083.21551455 22616.9376382713 1.33956949382603e-16 4.93365243693319e-17
5.91855203619909e-09 0.000239704737092361 0.00145897584478077 419270.195834226 -34316.42622051 1.33970498433998e-16 4.93319750083482e-17
6.41176470588235e-09 0.000445294647968818 0.00142809486111364 410395.836388188 -90562.6862502117 1.33984048852396e-16 4.92375367904178e-17
6.90497737556561e-09 0.000644541637322488 0.00136978269478153 393638.496994912 -144986.162195767 1.33997600637934e-16 4.90551985464693e-17
7.39819004524887e-09 0.000833621431323834 0.00128521389971431 369335.71268485 -196487.861196417 1.34011153790751e-16 4.87887240171615e-17
7.89140271493213e-09 0.00100891464578414 0.00117609326918587 337977.394934163 -244027.670132381 1.34024708310984e-16 4.84435760421073e-17
8.38461538461538e-09 0.00116707988212605 0.00104462146956736 300195.955734932 -286645.361429705 1.34038264198772e-16 4.80268064366723e-17
8.87782805429864e-09 0.00130512121820471 0.00089345065894465 256753.553586234 -323479.988096792 1.34051821454252e-16 4.75469137762729e-17
9.3710407239819e-09 0.00142044873077559 0.000725630985648791 208526.718618885 -353787.276244655 1.34065380077562e-16 4.70136719562671e-17
9.86425339366516e-09 0.0015109308269584 0.000544549045973014 156488.667007885 -376954.663734211 1.34078940068841e-16 4.6437932985863e-17
1.03574660633484e-08 0.00157493732729953 0.000353859542802513 101689.661511094 -392513.68108311 1.34092501428226e-16 4.58314079950318e-17
1.08506787330317e-08 0.00161137242965353 0.000157411524282036 45235.8144573736 -400149.42439369 1.34106064155856e-16 4.52064308736947e-17
1.13438914027149e-08 0.00161969688732268 -4.08293087856517e-05 -11733.2390056867 -399706.928750413 1.34119628251868e-16 4.457570931355e-17
1.18371040723982e-08 0.00159993895259013 -0.000236860658594899 -68067.3467417339 -391194.313095298 1.34133193716401e-16 4.39520682777321e-17
1.23303167420814e-08 0.00155269386356344 -0.000426724432962149 -122629.060114544 -374782.632760627 1.34146760549592e-16 4.33481910768801e-17
1.28235294117647e-08 0.0014791118835332 -0.00060658666359265 -174316.600336269 -350802.442304133 1.3416032875158e-16 4.27763632790437e-17
1.3316742081448e-08 0.00138087513317697 -0.000772814926351365 -222086.106959253 -319737.137711029 1.34173898322503e-16 4.22482246241673e-17
1.38099547511312e-08 0.00126016368223503 -0.00092205170017225 -264972.719242373 -282213.21205878 1.34187469262499e-16 4.17745339528009e-17
1.43031674208145e-08 0.00111961158418292 -0.00105128218308113 -302110.064641742 -238987.62107114 1.34201041571705e-16 4.13649518964366e-17
1.47963800904977e-08 0.000962253740545032 -0.00115789519556873 -332747.760792816 -190932.513359083 1.34214615250261e-16 4.102784571874e-17
1.5289592760181e-08 0.000791464666732707 -0.00123973594097841 -356266.577418798 -139017.633378914 1.34228190298305e-16 4.07701202501636e-17
1.57828054298643e-08 0.000610890394906199 -0.00129514955685591 -372190.951810571 -84290.7521566681 1.34241766715973e-16 4.0597078332002e-17
1.62760180995475e-08 0.000424374888048107 -0.00132301457703093 -380198.604923883 -27856.520683148 1.34255344503406e-16 4.05123135904974e-17
1.67692307692308e-08 0.000235882450392924 -0.00132276562781387 -380127.063652406 29145.8272300048 1.3426892366074e-16 4.05176377091467e-17
1.7262443438914e-08 4.94177003407426e-05 -0.00129440489898575 -371976.957279977 85565.4725703614 1.34282504188115e-16 4.06130436710617e-17
1.77556561085973e-08 -0.000131055278645445 -0.00123850215684969 -355912.021231239 140263.244970039 1.34296086085668e-16 4.07967057171468e-17
1.82488687782805e-08 -0.000301692976899933 -0.00115618329792437 -332255.80771274 192134.623709248 1.34309669353537e-16 4.10650160246435e-17
1.87420814479638e-08 -0.000458850071107131 -0.00104910767322414 -301485.169324354 240132.041464737 1.34323253991861e-16 4.14126573692077e-17
1.92352941176471e-08 -0.000599153043306279 -0.000919434639814943 -264220.646881173 283286.040420519 1.34336840000779e-16 4.18327103071033e-17
1.97285067873303e-08 -0.000719568319578786 -0.000769780013882936 -221213.95520326 320724.85348362 1.34350427380428e-16 4.23167927169894e-17
2.02217194570136e-08 -0.000817463552146475 -0.000603163303508346 -173332.819242091 351692.015101571 1.34364016130946e-16 4.28552288872199e-17
2.07149321266968e-08 -0.000890660806904526 -0.000422946785583824 -121543.466434725 375561.645920777 1.34377606252473e-16 4.34372447377661e-17
2.12081447963801e-08 -0.00093748058171715 -0.000232767656090202 -66891.1285282294 391851.102454099 1.34391197745146e-16 4.40511852378731e-17
2.17013574660633e-08 -0.000956775765822329 -3.64646229154794e-05 -10478.9463413575 400230.736095253 1.34404790609103e-16 4.46847496320306e-17
2.21945701357466e-08 -0.000947954853690996 0.000161999577254054 46554.2967852047 400530.564154055 1.34418384844484e-16 4.53252397268474e-17
2.26877828054299e-08 -0.00091099394356914 0.000358618173999301 103057.163406974 392743.717912891 1.34431980451425e-16 4.59598162272385e-17
2.31809954751131e-08 -0.00084643727732094 0.000549421255345003 157888.808199288 377026.597763028 1.34445577430067e-16 4.65757579473166e-17
2.36742081447964e-08 -0.000755386309517411 0.000730555923926541 209942.012671608 353695.731956352 1.34459175780547e-16 4.71607186628125e-17
2.41674208144796e-08 -0.000639477525308137 0.000898364098721138 258165.543280702 323221.402061679 1.34472775503003e-16 4.77029764189431e-17
2.46606334841629e-08 -0.00050084945379768 0.00104945639129043 301585.381464581 286218.163501343 1.34486376597575e-16 4.81916702594426e-17
2.51538461538462e-08 -0.000342099541835863 0.00118078056457839 339324.396849366 243432.452244995 1.344999790644e-16 4.86170195959349e-17
2.56470588235294e-08 -0.0001662317579163 0.00128968319153622 370620.066270358 195727.52758723 1.34513582903616e-16 4.89705217868308e-17
2.61402714932127e-08 2.34040168758078e-05 0.00137396326800158 394839.880663422 144066.054745322 1.34527188115363e-16 4.92451239344387e-17
2.66334841628959e-08 0.000223179587999613 0.00143191669657744 411494.128528586 89490.6786959564 1.34540794699779e-16 4.94353654291058e-17
2.71266968325792e-08 0.000429261672558256 0.00146237074246082 420245.797603262 33102.9812621656 1.34554402657002e-16 4.95374883594756e-17
2.76199095022624e-08 0.000637689272516444 0.00146470776454703 420917.394539744 -23958.7538566334 1.34568011987171e-16 4.95495135564383e-17
2.81131221719457e-08 0.000844453634290669 0.00143887774159701 413494.544586883 -80542.519308146 1.34581622690425e-16 4.94712807319818e-17
2.8606334841629e-08 0.00104557918059041 0.00138539933943394 398126.298273538 -135505.841709337 1.34595234766901e-16 4.93044518989158e-17
2.90995475113122e-08 0.00123720378059602 0.00130534949646654 375122.138569656 -187738.849124439 1.34608848216739e-16 4.90524779987236e-17
2.95927601809955e-08 0.00141565673775325 0.00120034173664856 344945.748617421 -236186.682647694 1.34622463040076e-16 4.87205294076088e-17
3.00859728506787e-08 0.0015775329203819 0.00107249364659823 308205.665535039 -279870.799535227 1.34636079237053e-16 4.83153917201769e-17
3.0579185520362e-08 0.00171976153801395 0.00092438417242057 265643.008678507 -317908.737664381 1.34649696807806e-16 4.78453289113731e-17
3.10723981900452e-08 0.00183966817432796 0.000759001597382004 218116.529832377 -349531.942121209 1.34663315752475e-16 4.73199166361426e-17
3.15656108597285e-08 0.00193502882355555 0.000579683249826643 166585.286895656 -374101.293802146 1.34676936071199e-16 4.67498490294773e-17
3.20588235294118e-08 0.00200411483855925 0.000390048157796002 112089.290641054 -391120.026275828 1.34690557764115e-16 4.61467229048799e-17
3.2552036199095e-08 0.0020457278821638 0.000193924009342463 55728.5150846277 -400243.76985036 1.34704180831363e-16 4.55228037059914e-17
3.30452488687783e-08 0.00205922417506563 -4.73010736814767e-06 -1359.30491903249 -401287.519766655 1.34717805273082e-16 4.48907779349767e-17
3.35384615384615e-08 0.00204452754967585 -0.000201903624714759 -58021.6407123018 -394229.387519822 1.34731431089409e-16 4.42634970547671e-17
3.40316742081448e-08 0.00200213104521038 -0.000393615463711923 -113114.437873833 -379211.059244939 1.34745058280484e-16 4.36537180349096e-17
3.45248868778281e-08 0.0019330870106664 -0.000575994414894778 -165525.215510776 -356534.951580161 1.34758686846446e-16 4.30738457790598e-17
3.50180995475113e-08 0.00183898591434625 -0.000745357309050326 -214195.530412609 -326658.122097054 1.34772316787432e-16 4.25356826346899e-17
3.55113122171946e-08 0.00172192428662473 -0.000898283399306426 -258142.352451648 -290183.056918994 1.34785948103583e-16 4.20501900431234e-17
3.60045248868778e-08 0.00158446244209841 -0.00103168345242329 -296477.919551464 -247845.521210383 1.34799580795036e-16 4.16272671434001e-17
3.64977375565611e-08 0.00142957283367457 -0.00114286215380181 -328427.671198359 -200499.717538735 1.3481321486193e-16 4.12755508016676e-17
3.69909502262443e-08 0.00126058008038484 -0.00122957256557814 -353345.898224792 -149101.051490402 1.34826850304405e-16 4.1002241105663e-17
3.74841628959276e-08 0.00108109387892054 -0.0012900615374949 -370728.79266549 -94686.852260441 1.34840487122598e-16 4.08129558501173e-17
3.79773755656109e-08 0.000894936152686732 -0.00132310515279152 -380224.633947611 -38355.4372611948 1.34854125316649e-16 4.07116169539445e-17
3.84705882352941e-08 0.00070606390865283 -0.00132803349245648 -381640.905467015 18756.0567323089 1.34867764886697e-16 4.07003711056713e-17
3.89638009049774e-08 0.000518489359085291 -0.00130474421677392 -374948.197557427 75494.6284358436 1.34881405832879e-16 4.07795462427294e-17
3.94570135746606e-08 0.00033619892062733 -0.00125370468882536 -360280.81772737 130714.689529592 1.34895048155336e-16 4.09476447469068e-17
3.99502262443439e-08 0.000163072726019334 -0.00117594259591677 -337934.095511989 183301.194812671 1.34908691854206e-16 4.12013734970465e-17
4.04434389140271e-08 2.80627356858955e-06 -0.00107302525712393 -308358.436021277 232192.158026335 1.34922336929628e-16 4.15357101759482e-17
4.09366515837104e-08 -0.000141164203520273 -0.000947028033594823 -272150.241915394 276400.098689812 1.34935983381741e-16 4.19440044963958e-17
4.14298642533937e-08 -0.000265731140786995 -0.000800492478304917 -230039.886776301 315031.986829727 1.34949631210684e-16 4.24181123060809e-17
4.19230769230769e-08 -0.000368178417343977 -0.000636375069185876 -182876.982395602 347307.282767834 1.34963280416595e-16 4.29485598671657e-17
4.24162895927602e-08 -0.000446236233799732 -0.000457987559754739 -131613.237158743 372573.707551896 1.34976930999613e-16 4.35247349967263e-17
4.29095022624434e-08 -0.00049812698449653 -0.000268930150717528 -77283.2513714497 390320.425396044 1.34990582959878e-16 4.41351012116668e-17
4.34027149321267e-08 -0.000522601196994 -7.30188310870247e-05 -20983.637062232 400188.371716284 1.35004236297529e-16 4.47674305568409e-17
4.389592760181e-08 -0.000518962812179055 0.000125791644792055 36149.1163372889 401977.517950319 1.35017891012703e-16 4.54090504174728e-17
4.43891402714932e-08 -0.00048708329352174 0.00032348758965841 92961.5836692642 395650.92617606 1.35031547105541e-16 4.60470993341486e-17
4.48823529411765e-08 -0.000427404279484334 0.000516077413658487 148306.689973149 381335.511342256 1.35045204576182e-16 4.66687866563879e-17
4.53755656108597e-08 -0.000340928724375698 0.000699672216699958 201066.870548249 359319.495389656 1.35058863424764e-16 4.72616507927813e-17
4.5868778280543e-08 -0.000229200705355426 0.000870564315632042 250176.637541371 330046.604330177 1.35072523651426e-16 4.78138108434867e-17
4.63619909502262e-08 -9.42743021404947e-05 0.00102530212058202 294644.097380697 294107.125116325 1.35086185256308e-16 4.83142065339623e-17
4.68552036199095e-08 6.13278233699357e-05 0.00116075984832778 333570.98451347 252226.00254569 1.35099848239548e-16 4.87528216044976e-17
4.73484162895928e-08 0.000234665312314176 0.00127420066467378 366170.806816992 205248.216225147 1.35113512601286e-16 4.91208861436426e-17
4.7841628959276e-08 0.000422439432515433 0.00136333198032416 391784.736136919 154121.732559156 1.3512717834166e-16 4.94110537783042e-17
4.83348416289593e-08 0.000621059643665048 0.00142635178303855 409894.922895676 99878.3757165305 1.3514084546081e-16 4.96175501405055e-17
4.88280542986425e-08 0.00082671606082238 0.00146198506972106 420134.965689419 43613.0035805481 1.35154513958875e-16 4.97362896103726e-17
4.93212669683258e-08 0.00103545635378973 0.00146950964188021 422297.324205515 -13538.5910514548 1.35168183835994e-16 4.97649579751057e-17
4.9814479638009e-08 0.00124326553021293 0.00144877074257697 416337.525485501 -70422.6079732372 1.35181855092306e-16 4.97030593316158e-17
5.03076923076923e-08 0.00144614699187919 0.00140018423821519 402375.078285612 -125890.53295728 1.35195527727951e-16 4.95519262822537e-17
5.08009049773756e-08 0.0016402032278157 0.0013247282797786 380691.076741828 -178822.326768735 1.35209201743066e-16 4.9314693214078e-17
5.12941176470588e-08 0.00182171451495989 0.00122392361071134 351722.541387369 -228149.041609418 1.35222877137793e-16 4.89962331974276e-17
5.17873303167421e-08 0.00198721403723566 0.00109980291788019 316053.61144822 -272874.408308494 1.35236553912269e-16 4.86030597741449e-17
5.22805429864253e-08 0.00213355790602118 0.000954869843316408 274403.765926381 -312094.958311034 1.35250232066634e-16 4.8143195614801e-17
5.27737556561086e-08 0.00225798866778203 0.000792048483246275 227613.310987178 -345018.274054053 1.35263911601027e-16 4.762601069339e-17
5.32669683257919e-08 0.00235819101599475 0.000614624393064159 176626.426384204 -370978.999066445 1.35277592515588e-16 4.7062033243664e-17
5.37601809954751e-08 0.0024323385817514 0.000426178288499607 122472.112967967 -389452.284323166 1.35291274810455e-16 4.64627373111532e-17
5.42533936651584e-08 0.00247913085744376 0.000230513780813737 66243.4257359385 -400064.399113367 1.35304958485769e-16 4.58403111878291e-17
5.47466063348416e-08 0.00249781950704312 3.15806044480496e-05 9075.41153533397 -402600.291903173 1.35318643541667e-16 4.52074114027824e-17
5.52398190045249e-08 0.00248822353070079 -0.000166605113296805 -47877.8032746874 -397007.948231701 1.3533232997829e-16 4.45769072343818e-17
5.57330316742081e-08 0.0024507329763718 -0.000360041931097063 -103466.312687501 -383399.457331323 1.35346017795777e-16 4.39616209012517e-17
5.62262443438914e-08 0.00238630112236868 -0.00054482388411256 -156567.648055448 -362048.765605065 1.35359706994267e-16 4.33740686771722e-17
5.67194570135747e-08 0.00229642528751621 -0.000717219354976217 -206109.443478936 -333386.161984124 1.353733975739e-16 4.28262081568809e-17
5.72126696832579e-08 0.00218311665520235 -0.000873746432668858 -251091.091908773 -297989.606176292 1.35387089534814e-16 4.23291967760941e-17
5.77058823529412e-08 0.00204885971946873 -0.00101124323743073 -290603.954623612 -256573.074569262 1.3540078287715e-16 4.18931664623603e-17
5.81990950226244e-08 0.00189656217087643 -0.00112693179134319 -323849.71590758 -209972.158783914 1.35414477601046e-16 4.15270189681686e-17
5.86923076923077e-08 0.00172949623298578 -0.00121847414438358 -350156.512160356 -159127.20736533 1.35428173706643e-16 4.12382460206181e-17
5.91855203619909e-08 0.00155123263300303 -0.00128401962198781 -368992.509568731 -105064.350732598 1.35441871194078e-16 4.10327779213283e-17
5.96787330316742e-08 0.0013655685389822 -0.00132224223929761 -379976.655949293 -48874.7922797405 1.35455570063492e-16 4.09148636562255e-17
6.01719457013575e-08 0.00117645091791981 -0.00133236752570729 -382886.389397624 8307.21643486332 1.35469270315025e-16 4.08869849389652e-17
6.06651583710407e-08 0.000987896861679149 -0.00131418821705458 -377662.147799506 65327.2718628417 1.35482971948815e-16 4.09498059268753e-17
6.1158371040724e-08 0.00080391248905627 -0.0012680684975072 -364408.587834397 121034.123818547 1.35496674965002e-16 4.11021596282554e-17
6.16515837104072e-08 0.000628412061209827 -0.00119493670434647 -343392.488527547 174302.919516783 1.35510379363726e-16 4.13410712791676e-17
6.21447963800905e-08 0.000465138943534174 -0.00109626664177407 -315037.381343492 224057.916992676 1.35524085145126e-16 4.16618182214746e-17
6.26380090497737e-08 0.000317590009940356 -0.000974047879866702 -279915.014908961 269294.209266623 1.35537792309342e-16 4.20580250768691e-17
6.3131221719457e-08 0.000188945016168443 -0.000830745637230766 -238733.826372916 309098.020544039 1.35551500856513e-16 4.25217922988952e-17
6.36244343891403e-08 8.20023685840294e-05 -0.000669251056274668 -192324.65186475 342665.164525938 1.35565210786778e-16 4.30438555108661e-17
6.41176470588235e-08 -8.77414069035731e-07 -0.000492822874070678 -141623.964277659 369317.291971963 1.35578922100277e-16 4.36137724157537e-17
6.46108597285068e-08 -5.78194036773924e-05 -0.000305021665602475 -87654.9765565497 388515.599254847 1.3559263479715e-16 4.42201335071269e-17
6.510407239819e-08 -8.74721665141137e-05 -0.000109637986276535 -31506.9917994015 399871.720874659 1.35606348877537e-16 4.48507923292878e-17
6.55972850678733e-08 -8.90351014770621e-05 8.93841361167773e-05 25686.5830837562 403155.585729071 1.35620064341576e-16 4.54931106396314e-17
6.60904977375566e-08 -6.22746597851535e-05 0.000288026815765788 82771.1163852589 398300.07821536 1.35633781189408e-16 4.61342135249093e-17
6.65837104072398e-08 -7.52911753538596e-06 0.000482279422424668 138594.06145082 385402.409734208 1.35647499421172e-16 4.67612493216084e-17
6.70769230769231e-08 7.42981963921401e-05 0.000668219556694633 192028.22678515 364722.172572779 1.35661219037008e-16 4.73616490931416e-17
6.75701357466063e-08 0.00018175708151751 0.00084209225209583 241994.536585186 336676.115124399 1.35674940037055e-16 4.79233804249676e-17
6.80633484162896e-08 0.000312879690105943 0.00100038580466267 287483.822114767 301829.743602267 1.35688662421453e-16 4.84351904129455e-17
6.85565610859728e-08 0.000465220205749596 0.00113990269872423 327577.203855548 260885.919488266 1.35702386190342e-16 4.8886832937906e-17
6.90497737556561e-08 0.000635904176131166 0.00125782419638484 361464.652776718 214670.682631034 1.35716111343861e-16 4.92692756361827e-17
6.95429864253394e-08 0.000821686504915764 0.00135176728600508 388461.355788116 164116.585944793 1.35729837882151e-16 4.95748823853249e-17
7.00361990950226e-08 0.00101901693278949 0.00141983283912361 408021.554737029 110243.877929975 1.3574356580535e-16 4.97975676181377e-17
7.05294117647059e-08 0.00122411168633938 0.00146064400264541 419749.579284673 54139.9127230576 1.35757295113599e-16 4.99329193466098e-17
7.10226244343891e-08 0.00143302984880747 0.00147337405017372 423407.850625672 -3062.7967924952 1.35771025807037e-16 4.99782884087222e-17
7.15158371040724e-08 0.00164175291127133 0.00145776312910426 418921.694149978 -60209.4398438415 1.35784757885804e-16 4.99328421328362e-17
7.20090497737556e-08 0.00184626589843506 0.00141412356423797 406380.86355771 -116146.221126826 1.35798491350039e-16 4.97975813325906e-17
7.25022624434389e-08 0.00204263843126144 0.00134333360967779 386037.745323285 -169743.656013904 1.35812226199884e-16 4.95753202854794e-17
7.29954751131222e-08 0.00222710408978586 0.00124681977399302 358302.279425736 -219919.377280286 1.35825962435476e-16 4.92706300956087e-17
7.34886877828054e-08 0.00239613647360684 0.0011265280743532 323733.698564276 -265659.992831638 1.35839700056957e-16 4.88897465804432e-17
7.39819004524887e-08 0.00254652042405997 0.000984884798892741 283029.252323201 -306041.553030492 1.35853439064466e-16 4.84404445377274e-17
7.44751131221719e-08 0.00267541696961293 0.000824747568455128 237010.143640824 -340248.214246135 1.35867179458143e-16 4.79318809277387e-17
7.49683257918552e-08 0.00278042068260184 0.000649347684800246 186604.961243625 -367588.721629283 1.35880921238128e-16 4.73744101338832e-17
7.54615384615385e-08 0.00285960828851206 0.000462224928384423 132830.942291796 -387510.378104595 1.3589466440456e-16 4.67793750287017e-17
7.59547511312217e-08 0.00291157754550019 0.000267156121382958 76773.443324126 -399610.21729371 1.3590840895758e-16 4.61588780612194e-17
7.6447963800905e-08 0.00293547560819899 6.8078897637308e-05 19564.0338026718 -403643.1545056 1.35922154897327e-16 4.55255369853645e-17
7.69411764705882e-08 0.00293101630207949 -0.000130987781873292 -37642.3455908262 -399526.950921004 1.35935902223941e-16 4.48922301597455e-17
7.74343891402715e-08 0.00289848595848239 -0.000326024763573016 -93690.6988275771 -387343.89042263 1.35949650937562e-16 4.42718365601274e-17
7.79276018099547e-08 0.00283873769135542 -0.000513093847905056 -147449.293874234 -367339.134884275 1.35963401038331e-16 4.36769757532167e-17
7.8420814479638e-08 0.0027531742300831 -0.000688417309674221 -197832.514688515 -339915.790790439 1.35977152526387e-16 4.31197530816754e-17
7.89140271493213e-08 0.00264371965385923 -0.000848454186438229 -243822.784439435 -305626.786459477 1.35990905401869e-16 4.26115152056004e-17
7.94072398190045e-08 0.00251278059716456 -0.000989971794360441 -284491.117229038 -265163.723547209 1.36004659664919e-16 4.21626209371244e-17
7.99004524886878e-08 0.00236319770854839 -0.00111011102713877 -319015.883238384 -219342.927613664 1.36018415315676e-16 4.17822319965285e-17
8.0393665158371e-08 0.00219818834177672 -0.00120644411899942 -346699.408249589 -169088.97910914 1.3603217235428e-16 4.14781279165048e-17
8.08868778280543e-08 0.00202128163552718 -0.00127702370476134 -366982.072181385 -115416.057034463 1.36045930780871e-16 4.12565488340863e-17
8.13800904977376e-08 0.00183624729160239 -0.00132042218557153 -379453.621736705 -59407.4717259079 1.36059690595589e-16 4.11220693470841e-17
8.18733031674208e-08 0.00164701948899267 -0.0013357606045398 -383861.468479073 -2193.79981476019 1.36073451798574e-16 4.10775059850039e-17
8.23665158371041e-08 0.00145761746947085 -0.0013227264482158 -380115.804495639 55069.9373247561 1.36087214389966e-16 4.11238601659927e-17
8.28597285067873e-08 0.00127206439775877 -0.00128158001337989 -368291.432040641 111227.59096898 1.36100978369906e-16 4.12602977950941e-17
8.33529411764706e-08 0.00109430613430305 -0.00121314920944845 -348626.269887297 165145.22755204 1.36114743738533e-16 4.14841659194211e-17
8.38461538461538e-08 0.000928131560627531 -0.00111881290026647 -321516.566209542 215734.025004553 1.36128510495988e-16 4.17910461077154e-17
8.43393665158371e-08 0.000777096066048576 -0.00100047312045978 -287508.914313163 261972.260602138 1.3614227864241e-16 4.21748434802687e-17
8.48325791855204e-08 0.00064444974087399 -0.000860516726176017 -247289.232095997 302925.946297831 1.3615604817794e-16 4.26279095952882e-17
8.53257918552036e-08 0.000533071726338402 -0.000701767253418948 -201668.927435341 337767.694774977 1.36169819102718e-16 4.31411967140503e-17
8.58190045248869e-08 0.00044541204736982 -0.000527427954967583 -151568.528539231 365793.435136831 1.36183591416884e-16 4.37044403333965e-17
8.63122171945701e-08 0.00038344210333768 -0.00034101716507359 -97999.109508712 386436.640526457 1.36197365120578e-16 4.43063663030976e-17
8.68054298642534e-08 0.000348614817246782 -0.000146297296148454 -42041.8859062033 399279.780170514 1.36211140213941e-16 4.49349183488689e-17
8.72986425339366e-08 0.000341835248938609 5.28010996465404e-05 15173.607889577 404062.764350357 1.36224916697113e-16 4.55775014094115e-17
8.77918552036199e-08 0.000363442266674675 0.000252258671210352 72492.3190864332 400688.211493237 1.36238694570233e-16 4.62212358761041e-17
8.82850678733032e-08 0.000413201648268018 0.000448048410166072 128756.994398197 389223.430720514 1.36252473833442e-16 4.68532176033503e-17
8.87782805429864e-08 0.000490310752204002 0.00063621695531168 182831.544744776 369899.079493878 1.36266254486881e-16 4.74607784405611e-17
8.92714932126697e-08 0.000593414665607935 0.000812964418338771 233623.985004612 343104.523126226 1.3628003653069e-16 4.80317420256879e-17
8.97647058823529e-08 0.000720633504190261 0.000974721118990291 280108.485623505 309379.98951581 1.36293819965008e-16 4.85546696753618e-17
9.02579185520362e-08 0.000869600314109109 0.00111821968006408 321346.090768624 269405.677176103 1.36307604789977e-16 4.90190914061228e-17
9.07511312217195e-08 0.00103750881158196 0.00124056102619729 356503.684594038 223988.03616265 1.36321391005736e-16 4.94157174209251e-17
9.12443438914027e-08 0.00122116999737712 0.00133927295330243 384870.822512462 174043.498599512 1.36335178612426e-16 4.97366257890375e-17
9.1737556561086e-08 0.00141707650403495 0.00141236008538961 405874.087434754 120579.987028335 1.36348967610187e-16 4.99754225276847e-17
9.22307692307692e-08 0.00162147337742972 0.00145834420927878 419088.680875248 64676.5737019372 1.36362757999159e-16 5.01273708505994e-17
9.27239819004525e-08 0.00183043386424304 0.00147629417187404 424247.014619741 7461.70131434205 1.36376549779484e-16 5.01894869708478e-17
9.32171945701357e-08 0.0020399386757061 0.00146584473532158 421244.129187894 -49909.5952548522 1.36390342951301e-16 5.0160600520298e-17
9.3710407239819e-08 0.00224595712762808 0.00142720400825187 410139.829371245 -106279.006389984 1.3640413751475e-16 5.00413783622923e-17
9.42036199095023e-08 0.0024445285186844 0.00136114930191693 391157.493399134 -160508.333658267 1.36417933469973e-16 4.98343113130534e-17
9.46968325791855e-08 0.00263184210396264 0.00126901149371924 364679.579439848 -211502.472043799 1.36431730817108e-16 4.95436640361767e-17
9.51900452488688e-08 0.00280431404896014 0.00115264821267293 331239.919827436 -258231.524445031 1.36445529556298e-16 4.91753891181219e-17
9.5683257918552e-08 0.0029586598100288 0.00101440638705442 291512.958269508 -299751.601856881 1.36459329687683e-16 4.87370070559047e-17
9.61764705882353e-08 0.00309196047944577 0.000857074909331534 246300.147028157 -335223.889149576 1.36473131211402e-16 4.82374545765958e-17
9.66696832579185e-08 0.00320172175499553 0.000683828373068063 196513.778428133 -363931.591331539 1.36486934127596e-16 4.7686904347858e-17
9.71628959276018e-08 0.00328592434272434 0.000498163016854001 143158.576874952 -385294.417937737 1.36500738436406e-16 4.70965597166757e-17
9.76561085972851e-08 0.00334306477437203 0.000303826167765897 87311.4228137967 -398880.312855579 1.36514544137973e-16 4.64784286179799e-17
9.81493212669683e-08 0.0033721858144111 0.000104740608236764 30099.6178136336 -404414.192485485 1.36528351232436e-16 4.58450812158458e-17
9.86425339366516e-08 0.00337289584172492 -9.50746071452033e-05 -27321.8705431143 -401783.51551099 1.36542159719937e-16 4.52093961688427e-17
9.91357466063348e-08 0.00334537681349718 -0.000291585286559938 -83793.7246430105 -391040.571505163 1.36555969600615e-16 4.45843006412857e-17
9.96289592760181e-08 0.00329038064936973 -0.000480823549685164 -138175.68300351 -372401.441835369 1.36569780874612e-16 4.39825093089262e-17
1.00122171945701e-07 0.00320921410770434 -0.00065896794581577 -189369.564053454 -346241.653509957 1.36583593542068e-16 4.34162676284506e-17
1.00615384615385e-07 0.00310371245813522 -0.000822420623655309 -236341.442643884 -313088.613381957 1.36597407603124e-16 4.28971045546001e-17
1.01108597285068e-07 0.00297620248083266 -0.000967879994425533 -278142.531460347 -273610.975138237 1.3661122305792e-16 4.24355996985027e-17
1.01601809954751e-07 0.00282945553844514 -0.00109240742077245 -313928.345610717 -228605.153444952 1.36625039906596e-16 4.20411696297422e-17
1.02095022624434e-07 0.00266663166719477 -0.00119348658441839 -342975.763282641 -178979.2572406 1.36638858149294e-16 4.17218776386545e-17
1.02588235294118e-07 0.00249121581501991 -0.00126907433318966 -364697.637803984 -125734.766302797 1.36652677786155e-16 4.14842708021119e-17
1.03081447963801e-07 0.00230694751332311 -0.00131764197995953 -378654.665842011 -69946.3208108795 1.36666498817318e-16 4.13332476451903e-17
1.03574660633484e-07 0.00211774540158819 -0.00133820621871841 -384564.271845743 -12740.0317622695 1.36680321242924e-16 4.12719590737135e-17
1.04067873303167e-07 0.00192762812819353 -0.00133034903252874 -382306.329053726 44729.2499943236 1.36694145063115e-16 4.13017445812033e-17
1.04561085972851e-07 0.00174063322406714 -0.00129422619031273 -371925.601241012 101301.247276153 1.36707970278031e-16 4.14221050217721e-17
1.05054298642534e-07 0.00156073558691837 -0.00123056415977165 -353630.855575654 155833.681993437 1.36721796887812e-16 4.1630712502365e-17
1.05547511312217e-07 0.00139176722180871 -0.00114064549759603 -327790.664160295 207225.339538462 1.36735624892599e-16 4.19234571983697e-17
1.060407239819e-07 0.00123733985862489 -0.0010262830107757 -294925.978691525 254438.306430804 1.36749454292534e-16 4.22945301511149e-17
1.06533936651584e-07 0.00110077200909629 -0.000889783209559157 -255699.627828951 296518.932157586 1.36763285087756e-16 4.27365403792073e-17
1.07027149321267e-07 0.000985021936521941 -0.000733899788866319 -210902.94901141 332617.091860915 1.36777117278407e-16 4.32406639426924e-17
1.0752036199095e-07 0.000892627892143705 -0.000561778076357592 -161439.824334593 362003.36078776 1.36790950864627e-16 4.37968219536621e-17
1.08013574660633e-07 0.000825656825525292 -0.000376891567840602 -108308.442543503 384083.753539767 1.36804785846558e-16 4.43938839421975e-17
1.08506787330317e-07 0.00078566260532848 -0.000182971830565038 -52581.1551353526 398411.730292127 1.36818622224339e-16 4.50198924742504e-17
1.09e-07 0.000773654594967885 1.60668110122979e-05 4617.16691448742 404697.227300452 1.36832459998112e-16 4.56623044885786e-17
