0 -0.00139 0 0 400000 1.33808e-16 4.46026666666667e-17
2.54672897196262e-10 -0.00138627229665674 0.000102055544045667 29328.0029899501 400392.480931698 1.33808962101615e-16 4.4930014152545e-17
5.09345794392523e-10 -0.00137507188819185 0.000203937727110313 58606.1867229721 398637.508531 1.33809924210131e-16 4.5256806122796e-17
7.64018691588785e-10 -0.00135643147489224 0.000305100115310708 87677.5208808113 394744.479975897 1.33810886325547e-16 4.5581291584684e-17
1.01869158878505e-09 -0.00133042366083619 0.000405000131376275 116386.083431376 388734.259714716 1.33811848447864e-16 4.59017319036034e-17
1.27336448598131e-09 -0.00129716056477646 0.000503101964723639 144577.896905455 380639.067644438 1.33812810577081e-16 4.62164101281208e-17
1.52803738317757e-09 -0.00125679321908842 0.000598879445259756 172101.754250003 370502.306384673 1.33813772713199e-16 4.65236401987901e-17
1.78271028037383e-09 -0.00120951076000553 0.000691818865500055 198810.029828564 358378.328573207 1.33814734856218e-16 4.68217759913476e-17
2.03738317757009e-09 -0.00115553941348348 0.000781421735865148 224559.471219026 344332.145430818 1.33815697006137e-16 4.71092201457852e-17
2.29205607476636e-09 -0.00109514128213099 0.000867207458377924 249211.96756184 328439.078157972 1.33816659162957e-16 4.73844326339452e-17
2.54672897196262e-09 -0.00102861293971177 0.000948715904420398 272635.290337623 310784.354032721 1.33817621326678e-16 4.7645939019684e-17
2.80140186915888e-09 -0.000956283840754643 0.00102550988272414 294703.802600852 291462.649375657 1.33818583497299e-16 4.78923383673011e-17
3.05607476635514e-09 -0.000878514553800248 0.00109717748435673 315299.132865543 270577.581832807 1.33819545674822e-16 4.81223107558134e-17
3.3107476635514e-09 -0.00079569482775889 0.00116333429212634 334310.810028368 248241.154699175 1.33820507859246e-16 4.83346243587716e-17
3.56542056074766e-09 -0.000708241501749172 0.00122362544255352 351636.855923576 224573.156262906 1.3382147005057e-16 4.85281420516419e-17
3.82009345794393e-09 -0.000616596269626613 0.00127772752935007 367184.332331342 199700.517391268 1.33822432248796e-16 4.87018275113147e-17
4.07476635514019e-09 -0.000521223311190891 0.0013253503381948 380869.839505388 173756.630803687 1.33823394453923e-16 4.8854750775019e-17
4.32943925233645e-09 -0.000422606802775479 0.00136623840350062 392619.963545743 146880.635682543 1.33824356665951e-16 4.89860932288276e-17
4.58411214953271e-09 -0.00032124832057046 0.00140017237882224 402371.670216847 119216.671458379 1.3382531888488e-16 4.90951519989913e-17
4.83878504672897e-09 -0.000217664150604718 0.00142697021355306 410072.643098417 90913.1047715406 1.3382628111071e-16 4.91813437225462e-17
5.09345794392523e-09 -0.000112382519814409 0.00144648812959885 415681.564255043 62121.7337561496 1.33827243343442e-16 4.92442076769672e-17
5.3481308411215e-09 -5.940763047974e-06 0.00145862139278854 419168.335918773 32996.9739139712 1.33828205583075e-16 4.92834082520766e-17
5.60280373831776e-09 0.000101117558798337 0.00146330487488311 420514.241995285 3695.02994451005 1.3382916782961e-16 4.92987367509453e-17
5.85747663551402e-09 0.00020824557405826 0.00146051340316703 419712.048527003 -25626.942026976 1.33830130083045e-16 4.92901125101236e-17
6.11214953271028e-09 0.000314896033351131 0.00145026189574566 416766.042573901 -54811.6773303267 1.33831092343383e-16 4.92575833331884e-17
6.36682242990654e-09 0.000420524244684363 0.00143260528182127 411692.009303009 -83702.6462195435 1.33832054610622e-16 4.92013252352754e-17
6.62149532710281e-09 0.00052459099486073 0.00140763820737403 404517.147409065 -112144.893406226 1.33833016884763e-16 4.91216414999635e-17
6.87616822429907e-09 0.000626565441521765 0.00137549452782466 395279.923319504 -139985.869154622 1.33833979165805e-16 4.90189610535629e-17
7.13084112149533e-09 0.000725927960315918 0.00133634659039848 384029.864965283 -167076.247480743 1.33834941453749e-16 4.88938361655225e-17
7.38551401869159e-09 0.000822172931920735 0.00129040431003819 370827.296223219 -193270.727067161 1.33835903748595e-16 4.87469394872846e-17
7.64018691588785e-09 0.000914811453970753 0.00123791404382017 355743.013453668 -218428.810597734 1.33836866050342e-16 4.85790604454647e-17
7.89485981308411e-09 0.00100337396334551 0.0011791572699098 338857.905868016 -242415.558332244 1.33837828358991e-16 4.83911010086961e-17
8.14953271028037e-09 0.00108741275475264 0.00111444907813956 320262.521761664 -265102.311879073 1.33838790674543e-16 4.8184070850838e-17
8.40420560747664e-09 0.00116650438209732 0.00104413648030432 300056.582938584 -286367.384283812 1.33839752996996e-16 4.79590819364858e-17
8.6588785046729e-09 0.00124025192975762 0.000968596549234946 278348.449931406 -306096.712732377 1.33840715326351e-16 4.77173425578189e-17
8.91355140186916e-09 0.0013082871415832 0.000888234396629804 255254.540884899 -324184.470367652 1.33841677662609e-16 4.74601508547634e-17
9.16822429906542e-09 0.00137027239619781 0.000803481000488806 230898.707219269 -340533.633937979 1.33842640005768e-16 4.71888878532223e-17
9.42289719626168e-09 0.00142590251800991 0.000714790893801075 205411.569421514 -355056.504232655 1.33843602355829e-16 4.6905010058706e-17
9.67757009345794e-09 0.00147490641421743 0.00062263972688174 178929.81652695 -367675.176512807 1.33844564712793e-16 4.66100416450843e-17
9.9322429906542e-09 0.00151704852902535 0.00052752171643105 151595.473047799 -378321.958414186 1.33845527076659e-16 4.63055662803514e-17
1.01869158878505e-08 0.00155213010727525 0.000429946994996651 123555.137280336 -386939.733080137 1.33846489447428e-16 4.59932186332431e-17
1.04415887850467e-08 0.00157999026070831 0.000330438875054157 94959.1950756492 -393482.265576734 1.33847451825098e-16 4.56746756062563e-17
1.0696261682243e-08 0.00160050683114139 0.000229531042379153 65961.0132906633 -397914.450946242 1.33848414209671e-16 4.53516473420902e-17
1.09509345794392e-08 0.00161359704592532 0.000127764693763156 36716.1172451264 -400212.502568098 1.33849376601147e-16 4.50258680517436e-17
1.12056074766355e-08 0.00161921796216835 2.56856344246197e-05 7381.35659604072 -400364.079816719 1.33850338999525e-16 4.46990867134585e-17
1.14602803738318e-08 0.00161736669734077 -7.61586493176088e-05 -21885.9358968085 -398368.354331037 1.33851301404805e-16 4.43730576923951e-17
1.1714953271028e-08 0.00160808044502236 -0.000177221926408206 -50928.7882024204 -394236.014539877 1.33852263816988e-16 4.4049531331347e-17
1.19696261682243e-08 0.00159143627570657 -0.000276962150707896 -79591.4309214739 -387989.208418478 1.33853226236074e-16 4.3730244562963e-17
1.22242990654206e-08 0.00156755072372838 -0.0003748443682217 -107720.132745093 -379661.424782722 1.33854188662063e-16 4.34169115938246e-17
1.24789719626168e-08 0.00153657916252965 -0.000470343586310188 -135164.024988554 -369297.313757308 1.33855151094954e-16 4.31112147103456e-17
1.27336448598131e-08 0.00149871497161123 -0.000562947589494801 -161775.910777575 -356952.447380307 1.33856113534748e-16 4.28147952558055e-17
1.29883177570093e-08 0.00145418849963824 -0.000652159686754617 -187413.054547097 -342693.021627665 1.33857075981445e-16 4.25292448269117e-17
1.32429906542056e-08 0.00140326582925825 -0.0007375013755793 -211937.947618048 -326595.501455375 1.33858038435045e-16 4.22560967371085e-17
1.34976635514019e-08 0.00134624735025586 -0.000818514908489297 -235219.045745824 -308746.210762672 1.33859000895547e-16 4.19968177924193e-17
1.37523364485981e-08 0.00128346614869484 -0.00089476574825737 -257131.474684556 -289240.869475067 1.33859963362953e-16 4.17528004239351e-17
1.40070093457944e-08 0.0012152862206862 -0.000965844898662393 -277557.699982701 -268184.080229606 1.33860925837262e-16 4.15253552191468e-17
1.42616822429906e-08 0.00114210052036128 -0.00103137109827379 -296388.157417362 -245688.767415122 1.33861888318473e-16 4.13157038921826e-17
1.45163551401869e-08 0.0010643288525179 -0.00109099286549955 -313521.840685766 -221875.571575756 1.33862850806588e-16 4.11249727306561e-17
1.47710280373832e-08 0.000982415621241276 -0.00114439038392839 -328866.843201614 -196872.202425481 1.33863813301607e-16 4.09541865542754e-17
1.50257009345794e-08 0.000896827446573393 -0.00119127721785311 -342340.851090084 -170812.753943363 1.33864775803528e-16 4.08042632176208e-17
1.52803738317757e-08 0.000808050662012783 -0.00123140184877292 -353871.584737051 -143836.98522267 1.33865738312353e-16 4.06760086865763e-17
1.55350467289719e-08 0.00071658870626562 -0.00126454902463262 -363397.186523924 -116089.570930695 1.33866700828081e-16 4.05701127148275e-17
1.57897196261682e-08 0.000622959423236413 -0.00129054091456081 -370866.552668181 -87719.3253990996 1.33867663350712e-16 4.04871451436187e-17
1.60443925233645e-08 0.000527692284738821 -0.00130923806291243 -376239.607389387 -58878.4045061308 1.33868625880247e-16 4.04275528446191e-17
1.62990654205607e-08 0.000431325550821674 -0.00132054013749731 -379487.517929844 -29721.4896311201 1.33869588416685e-16 4.03916573222987e-17
1.6553738317757e-08 0.000334403382940001 -0.00132438646798021 -380592.849276199 -404.958057921474 1.33870550960027e-16 4.03796529886799e-17
1.68084112149533e-08 0.000237472925453886 -0.00132075637156324 -379549.657751756 28913.9557233792 1.33871513510273e-16 4.03916061197203e-17
1.70630841121495e-08 0.000141081371107939 -0.00130966926420227 -376363.522977078 58078.0033182913 1.33872476067422e-16 4.04274544989308e-17
1.73177570093458e-08 4.57730262302226e-05 -0.00129118455675946 -371051.518027024 86930.7658103696 1.33873438631475e-16 4.04870077501448e-17
1.7572429906542e-08 -4.79136086089325e-05 -0.0012654013366472 -363642.117943826 115317.492700908 1.33874401202431e-16 4.0569948357658e-17
1.78271028037383e-08 -0.000139448726820579 -0.00123245783666947 -354175.047096465 143085.931906299 1.33875363780291e-16 4.06758333682735e-17
1.80817757009346e-08 -0.000228314057412407 -0.0011925306939078 -342701.066204547 170087.146361397 1.33876326365055e-16 4.0804096766127e-17
1.83364485981308e-08 -0.000314005644754626 -0.00114583400262537 -329281.700168546 196176.312849043 1.33877288956723e-16 4.09540525075618e-17
1.85911214953271e-08 -0.000396036551587073 -0.00109261816626718 -313988.90816572 221213.498771207 1.33878251555295e-16 4.11248981997786e-17
1.88457943925234e-08 -0.00047393947076977 -0.00103316855471225 -296904.697780693 245064.412695446 1.33879214160771e-16 4.13157194035372e-17
1.91004672897196e-08 -0.000547269231768465 -0.000967803973977868 -278120.685239867 267601.12465106 1.33880176773151e-16 4.15254945368357e-17
1.93551401869159e-08 -0.000615605188431159 -0.000896874956582348 -257737.604107899 288702.752311479 1.33881139392435e-16 4.17531003532726e-17
1.96098130841121e-08 -0.000678553475248243 -0.000820761881734196 -235864.765080927 308256.109382403 1.33882102018624e-16 4.19973179657121e-17
1.98644859813084e-08 -0.000735749119994108 -0.000739872935428798 -212619.46977353 326156.312717854 1.33883064651716e-16 4.22568393829506e-17
2.01191588785047e-08 -0.000786858001418309 -0.000654641921392139 -188126.381643158 342307.344907668 1.33884027291713e-16 4.25302745243285e-17
2.03738317757009e-08 -0.000831578641485338 -0.000565525934611265 -162516.857425715 356622.569318732 1.33884989938613e-16 4.28161586746695e-17
2.06285046728972e-08 -0.000869643822549351 -0.000473002909928222 -135928.242667762 369025.194827255 1.33885952592419e-16 4.31129603395655e-17
2.08831775700935e-08 -0.000900822020789087 -0.000377569058844399 -108503.135133414 379448.687749196 1.33886915253128e-16 4.34190894588817e-17
2.11378504672897e-08 -0.000924918648213599 -0.000279736208281852 -80388.6200363236 387837.128759116 1.33887877920742e-16 4.3732905934429e-17
2.1392523364486e-08 -0.000941777096576073 -0.000180029055574152 -51735.4811982972 394145.512882776 1.33888840595261e-16 4.40527284260717e-17
2.16471962616823e-08 -0.000951279577595429 -7.89823544086565e-05 -22697.3923652187 398339.990954097 1.33889803276684e-16 4.43768433690941e-17
2.19018691588785e-08 -0.000953347754977798 2.28619531874264e-05 6569.90698258309 400398.051241038 1.33890765965011e-16 4.47035141644642e-17
2.21565420560748e-08 -0.000947943164846622 0.000124957643435322 35909.4469051907 400308.640265835 1.33891728660244e-16 4.50309904927053e-17
2.2411214953271e-08 -0.000935067422324928 0.000226757140378474 65163.8688833655 398072.222171162 1.3389269136238e-16 4.53575177014222e-17
2.26658878504673e-08 -0.000914762213160272 0.00032771445272958 94176.2697889514 393700.776313362 1.33893654071422e-16 4.5681346216134e-17
2.29205607476636e-08 -0.000887109070435718 0.000427288102239515 122791.043418896 387217.733095224 1.33894616787368e-16 4.60007409239391e-17
2.31752336448598e-08 -0.000852228937562907 0.00052494402788212 150854.715079409 378657.848382012 1.3389557951022e-16 4.63139904796853e-17
2.34299065420561e-08 -0.000810281519899507 0.000620158450278464 178216.764744019 368067.017173856 1.33896542239976e-16 4.66194164847309e-17
2.36845794392524e-08 -0.000761464428467049 0.000712420680997277 204730.434370532 355502.027533417 1.33897504976637e-16 4.69153824890666e-17
2.39392523364486e-08 -0.00070601212036023 0.000801235861663847 230253.51504684 341030.256088184 1.33898467720203e-16 4.72003027685165e-17
2.41939252336449e-08 -0.000644194641529199 0.000886127618185979 254649.109743676 324729.306740105 1.33899430470674e-16 4.74726508299397e-17
2.44485981308411e-08 -0.000576316178676357 0.000966640615860806 277786.367583197 306686.594519897 1.3390039322805e-16 4.77309675988143e-17
2.47032710280374e-08 -0.000502713428033009 0.00104234300165773 299541.185685044 286998.876817575 1.33901355992331e-16 4.7973869245289e-17
2.49579439252337e-08 -0.000423753789763436 0.00111282872057779 319796.874825375 265771.734503019 1.33902318763517e-16 4.82000546067253e-17
2.52126168224299e-08 -0.000339833397679222 0.00117771969366509 338444.785338433 243119.005719167 1.33903281541609e-16 4.84083121669168e-17
2.54672897196262e-08 -0.000251374994830045 0.00123666784598769 355384.889903411 219162.175384264 1.33904244326606e-16 4.85975265545516e-17
2.57219626168225e-08 -0.000158825666363831 0.00128935697371021 370526.320090608 194029.723677195 1.33905207118508e-16 4.87666845260597e-17
2.59766355140187e-08 -6.26544418147798e-05 0.00133550444024302 383787.853788838 167856.436999914 1.33906169917316e-16 4.89148804007533e-17
2.6231308411215e-08 3.66502203218383e-05 0.00137486269236982 395098.350899484 140782.685112278 1.33907132723029e-16 4.90413209191061e-17
2.64859813084112e-08 0.000138583052237789 0.00140722058822069 404397.134960036 112953.668316037 1.33908095535647e-16 4.91453294981101e-17
2.67406542056075e-08 0.000242624686633466 0.00143240452996686 411634.318649928 84518.6387254 1.33909058355171e-16 4.92263498608828e-17
2.69953271028038e-08 0.000348244442179813 0.00145027939516072 416771.071432473 55630.0998006243 1.33910021181601e-16 4.92839490210532e-17
2.725e-08 0.000454903169681642 0.00146074926172455 419779.827897 26442.9884376552 1.33910984014936e-16 4.93178196059154e-17
2.75046728971963e-08 0.000562056143677731 0.00146375792269795 420644.435683365 -2886.15599952827 1.33911946855177e-16 4.93277815058855e-17
2.77593457943926e-08 0.000669155983969279 0.0014592891879819 419360.242195015 -32200.0312471716 1.33912909702323e-16 4.93137828414102e-17
2.80140186915888e-08 0.000775655591407677 0.00144736697145939 415934.119635102 -61341.4158077439 1.33913872556375e-16 4.92759002421363e-17
2.82686915887851e-08 0.000881011082195958 0.00142805516302383 410384.428230918 -90154.0121888082 1.33914835417333e-16 4.92143384368381e-17
2.85233644859813e-08 0.000984684704966147 0.00140145728620016 402740.917843459 -118483.285192151 1.33915798285197e-16 4.91294291562989e-17
2.87780373831776e-08 0.00108614772498699 0.00136771594319333 393044.568489361 -146177.290757076 1.33916761159967e-16 4.90216293550245e-17
2.90327102803739e-08 0.00118488326003278 0.00132701205033907 381347.370630143 -173087.490912391 1.33917724041643e-16 4.88915187613209e-17
2.92873831775701e-08 0.00128038905270296 0.00127956386805604 367712.046406682 -199069.550466092 1.33918686930225e-16 4.87397967688738e-17
2.95420560747664e-08 0.00137218016432328 0.00122562583050058 352211.713313649 -223984.111159682 1.33919649825713e-16 4.85672786864937e-17
2.97967289719627e-08 0.00145979157597931 0.00116548718119965 334929.492117315 -247697.539134846 1.33920612728107e-16 4.83748913661385e-17
3.00514018691589e-08 0.00154278068273143 0.00109947042197815 315958.061119226 -270082.641703389 1.33921575637407e-16 4.81636682326559e-17
3.03060747663552e-08 0.00162072966763309 0.00102792958349838 295399.159156004 -291019.349575867 1.33922538553614e-16 4.79347437419001e-17
3.05607476635514e-08 0.00169324774281877 0.000951248326685935 273363.040000515 -310395.360889644 1.33923501476726e-16 4.76893472969412e-17
3.08154205607477e-08 0.00175997324564078 0.000869837885223722 249967.881090299 -328106.74358192 1.33924464406745e-16 4.74287966549927e-17
3.1070093457944e-08 0.00182057557861157 0.000784134860148128 225339.149754155 -344058.492876678 1.33925427343671e-16 4.71544908604156e-17
3.13247663551402e-08 0.00187475698274577 0.000694598878374645 199608.930335739 -358165.040895223 1.33926390287502e-16 4.68679027416979e-17
3.15794392523365e-08 0.00192225413478967 0.000601710127710213 172915.215822786 -370350.715656726 1.33927353238241e-16 4.65705710126482e-17
3.18341121495328e-08 0.00196283955977024 0.000505966781572062 145401.167780956 -380550.147006623 1.33928316195885e-16 4.62640920201647e-17
3.2088785046729e-08 0.00199632285128656 0.000407882327224459 117214.348561347 -388708.617295337 1.33929279160437e-16 4.5950111182837e-17
3.23434579439253e-08 0.00202255169299704 0.000307982811862341 88505.9298994099 -394782.354926111 1.33930242131895e-16 4.56303141662965e-17
3.25981308411215e-08 0.00204141267582278 0.000206804021311548 59429.8821497124 -398738.769197122 1.33931205110259e-16 4.53064178426438e-17
3.28528037383178e-08 0.00205283190648232 0.000104888606476861 30142.1485048239 -400556.625177924 1.3393216809553e-16 4.49801610824379e-17
3.31074766355141e-08 0.00205677540409266 2.78317294941921e-06 799.808627208007 -400226.157681847 1.33933131087708e-16 4.46532954286352e-17
3.33621495327103e-08 0.00205324928270784 -9.89646506172157e-05 -28439.7638202025 -397749.123722646 1.33934094086793e-16 4.43275757024932e-17
3.36168224299066e-08 0.00204229971881447 -0.000199809149639088 -57419.7452263087 -393138.793173613 1.33935057092785e-16 4.40047505918248e-17
3.38714953271029e-08 0.00202401270395722 -0.000299209450489069 -85984.7031400667 -386419.877678808 1.33936020105683e-16 4.36865532720806e-17
3.41261682242991e-08 0.00199851358381917 -0.000396632421441183 -113981.429923424 -377628.398197232 1.33936983125489e-16 4.33746921105635e-17
3.43808411214954e-08 0.00196596638622783 -0.000491555532113006 -141259.764477722 -366811.491889937 1.33937946152201e-16 4.30708415036309e-17
3.46355140186916e-08 0.00192657294168937 -0.000583469656069558 -167673.397636251 -354027.159385343 1.33938909185821e-16 4.2776632896031e-17
3.48901869158879e-08 0.00188057180116649 -0.000671881801556864 -193080.656903218 -339343.953777874 1.33939872226348e-16 4.24936460305404e-17
3.51448598130842e-08 0.00182823695690286 -0.000756317755718706 -217345.266330116 -322840.613027496 1.33940835273782e-16 4.22234004748355e-17
3.53995327102804e-08 0.00176987637315338 -0.000836324628114023 -240337.077453836 -304605.637731337 1.33941798328123e-16 4.19673474710456e-17
3.56542056074767e-08 0.00170583033469916 -0.000911473279892381 -261932.767375985 -284736.81653157 1.33942761389371e-16 4.17268621517032e-17
3.5908878504673e-08 0.00163646962200355 -0.000981360625598114 -282016.500239142 -263340.701704594 1.33943724457526e-16 4.15032361638422e-17
3.61635514018692e-08 0.0015621935227951 -0.00104561179525677 -300480.548552026 -240532.037743778 1.33944687532589e-16 4.1297670740809e-17
3.64182242990655e-08 0.00148342769074109 -0.00110388214514678 -317225.871030881 -216433.146000141 1.3394565061456e-16 4.11112702589449e-17
3.66728971962617e-08 0.0014006218626952 -0.00115585910647075 -332162.643857606 -191173.26868108 1.33946613703438e-16 4.09450363137043e-17
3.6927570093458e-08 0.00131424744676161 -0.00120126386201005 -345210.742504932 -164887.875725221 1.33947576799223e-16 4.07998623469826e-17
3.71822429906543e-08 0.0012247949941106 -0.00123985284176895 -356300.171544102 -137717.938270622 1.33948539901916e-16 4.06765288544741e-17
3.74369158878505e-08 0.00113277156810464 -0.0012714190295854 -365371.440129449 -109809.172612754 1.33949503011516e-16 4.05756991987686e-17
3.76915887850468e-08 0.00103869802484443 -0.001295793073699 -372375.881145617 -81311.2587069907 1.33950466128024e-16 4.0497916050647e-17
3.79462616822431e-08 0.00094310621971975 -0.00131284419531868 -377275.912305319 -52377.0374068852 1.3395142925144e-16 4.04435984776675e-17
3.82009345794393e-08 0.000846536154946963 -0.00132248089031541 -380045.237796846 -23161.6907435975 1.33952392381764e-16 4.04130396956611e-17
3.84556074766356e-08 0.000749533083391547 -0.00132465142027507 -380668.989399388 6178.09035717572 1.33953355518995e-16 4.04064054952022e-17
3.87102803738318e-08 0.00065264458420863 -0.00131934409027636 -379143.806308882 35484.946457013 1.33954318663134e-16 4.04237333514964e-17
3.89649532710281e-08 0.000556417625985787 -0.00130658731190226 -375477.853245808 64601.6935780934 1.33955281814181e-16 4.04649322224675e-17
3.92196261682244e-08 0.000461395633139472 -0.00128644945114562 -369690.77674737 93372.1662415137 1.33956244972136e-16 4.05297830361277e-17
3.94742990654206e-08 0.000368115571299147 -0.00125903846202311 -361813.599878049 121642.055049057 1.33957208136999e-16 4.06179398646262e-17
3.97289719626169e-08 0.000277105067311412 -0.00122450130786094 -351888.555922778 149259.73431611 1.3395817130877e-16 4.07289317786805e-17
3.99836448598132e-08 0.000188879579310909 -0.00118302317335483 -339968.861954282 176077.075316737 1.33959134487449e-16 4.08621653724516e-17
4.02383177570094e-08 0.000103939632036319 -0.00113482647162863 -326118.433488592 201950.24077909 1.33960097673037e-16 4.10169279453254e-17
4.04929906542057e-08 2.27681322199819e-05 -0.00108016965161575 -310411.541758713 226740.456369815 1.33961060865532e-16 4.11923913235399e-17
4.07476635514019e-08 -5.41722215497147e-05 -0.00101934581215828 -292932.415444218 250314.755029548 1.33962024064936e-16 4.13876163011653e-17
4.10023364485982e-08 -0.000126441420600617 -0.000952681130255771 -273774.78899243 272546.690167139 1.33962987271248e-16 4.16015576766244e-17
4.12570093457945e-08 -0.000193624506272291 -0.000880533111891925 -253041.399953349 293317.01388726 1.33963950484468e-16 4.1833069857743e-17
4.15116822429907e-08 -0.000255333795675754 -0.000803288674819666 -230843.438023927 312514.316613551 1.33964913704597e-16 4.20809130052736e-17
4.1766355140187e-08 -0.000311210961178913 -0.000721362073585994 -207299.948756334 330035.624676493 1.33965876931634e-16 4.23437596819458e-17
4.20210280373833e-08 -0.000360928952463575 -0.000635192677924401 -182537.19512803 345786.952660597 1.3396684016558e-16 4.26202019713857e-17
4.22757009345795e-08 -0.00040419375084419 -0.000545242616429128 -156687.98039748 359683.807548169 1.33967803406434e-16 4.29087590287259e-17
4.25303738317758e-08 -0.000440745946438066 -0.000451994298148151 -129890.935877012 371651.641955367 1.33968766654197e-16 4.32078850224131e-17
4.2785046728972e-08 -0.000470362129726789 -0.000355947825386648 -102289.777442512 381626.254029315 1.33969729908868e-16 4.35159774246205e-17
4.30397196261683e-08 -0.000492856090044085 -0.0002576183115963 -74032.5347673545 389554.131861097 1.33970693170449e-16 4.38313856058037e-17
4.32943925233646e-08 -0.000508079814560775 -0.000157533118734892 -45270.7574142729 395392.740567016 1.33971656438938e-16 4.41524196873051e-17
4.35490654205608e-08 -0.00051592428240746 -5.62290289127448e-05 -16158.7020430465 399110.75049797 1.33972619714335e-16 4.44773596045304e-17
4.38037383177571e-08 -0.000516320049674291 4.57506345049818e-05 13147.4949068306 400688.205352569 1.33973582996642e-16 4.48044643320883e-17
4.40584112149534e-08 -0.000509237622148755 0.000147858920899855 42490.6546213826 400116.629291887 1.33974546285857e-16 4.51319812214172e-17
4.43130841121496e-08 -0.000494687613790802 0.000249548185876962 71713.3989140385 397399.07248093 1.33975509581981e-16 4.54581554008179e-17
4.45677570093459e-08 -0.000472720690093836 0.00035027302848373 100658.994302876 392550.094812117 1.33976472885015e-16 4.57812391874782e-17
4.48224299065422e-08 -0.000443427296633794 0.000449493216417383 129172.192636123 385595.687897626 1.33977436194957e-16 4.60995014610069e-17
4.50771028037384e-08 -0.000406937174260656 0.000546676583531956 157100.063757306 376573.13574855 1.33978399511809e-16 4.6411236948206e-17
4.53317757009347e-08 -0.000363418663531089 0.000641301884104248 184292.81574408 365530.814887647 1.33979362835569e-16 4.671477536928e-17
4.55864485981309e-08 -0.000313077802111287 0.00073286158854989 210604.59832141 352527.934967334 1.33980326166239e-16 4.70084903964289e-17
4.58411214953272e-08 -0.000256157219989496 0.000820864605594629 235894.285139971 337634.221283648 1.33981289503818e-16 4.72908083767734e-17
4.60957943925235e-08 -0.000192934838422166 0.000904838916300274 260026.230723957 320929.540888559 1.33982252848306e-16 4.7560216772828e-17
4.63504672897197e-08 -0.000123722379590372 0.000984334105817382 282870.998028329 302503.474305537 1.33983216199704e-16 4.78152722752491e-17
4.6605140186916e-08 -4.88636949584106e-05 0.00105892377928522 304306.052703117 282454.835145026 1.33984179558011e-16 4.80546085443451e-17
4.68598130841123e-08 3.12670787010733e-05 0.00112820784892077 324216.420340941 260891.14019594 1.33985142923227e-16 4.82769435388241e-17
4.71144859813085e-08 0.000116267525726738 0.00119181468002936 342495.303182418 237928.032834928 1.33986106295353e-16 4.84810863924704e-17
4.73691588785048e-08 0.00020570910967295 0.001249403084426 359044.652971541 213688.662845535 1.33987069674388e-16 4.86659438018641e-17
4.7623831775701e-08 0.000299139471525302 0.00130066415057487 373775.69688827 188303.025973226 1.33988033060333e-16 4.88305258908799e-17
4.78785046728973e-08 0.000396084855702053 0.00134532290063017 386609.413737233 161907.266758189 1.33988996453188e-16 4.89739515205087e-17
4.81331775700936e-08 0.000496052650830843 0.00138313976548946 397476.957838194 134642.948384832 1.33989959852952e-16 4.90954530155186e-17
4.83878504672898e-08 0.000598534031674352 0.00141391186994733 406320.028344424 106656.293463802 1.33990923259626e-16 4.91943802826014e-17
4.86425233644861e-08 0.000703006688036005 0.0014374741210549 413091.182007803 78097.3998183015 1.3399188667321e-16 4.92702042979118e-17
4.88971962616824e-08 0.000808937626010166 0.00145370009384669 417754.087712752 49119.435480544 1.33992850093704e-16 4.93225199452903e-17
4.91518691588786e-08 0.000915786026553203 0.00146250270968276 420283.721413438 19877.8172157532 1.33993813521107e-16 4.93510481899433e-17
4.94065420560749e-08 0.00102300614604422 0.00146383470356662 420666.500428276 -9470.6230205405 1.33994776955421e-16 4.93556375759159e-17
4.96612149532711e-08 0.00113005024327896 0.00145768887793079 418900.356371046 -38768.4792213795 1.33995740396644e-16 4.93362650393229e-17
4.99158878504674e-08 0.0012363715171985 0.00144409814152741 414994.746327014 -67858.6155521467 1.33996703844778e-16 4.92930360329697e-17
5.01705607476637e-08 0.00134142703959668 0.00142313533321389 408970.602213671 -96585.0091313517 1.33997667299821e-16 4.9226183961691e-17
5.04252336448599e-08 0.00144468066707691 0.00139491283157693 400860.218597253 -124793.586848274 1.33998630761775e-16 4.91360689314301e-17
5.06799065420562e-08 0.00154560591664052 0.00135958195248732 390707.079566276 -152333.051729248 1.33999594230639e-16 4.90231758187633e-17
5.09345794392525e-08 0.00164368878948321 0.00131733213781501 378565.625590197 -179055.69442041 1.34000557706413e-16 4.88881116712187e-17
5.11892523364487e-08 0.00173843052785438 0.00126838993965425 364500.961613185 -204818.185434496 1.34001521189097e-16 4.87316024523272e-17
5.1443925233645e-08 0.00182935029019272 0.00121301780550527 348588.507948201 -229482.343912447 1.34002484678692e-16 4.85544891488584e-17
5.16985981308412e-08 0.00191598773018966 0.00115151267092661 330913.595843348 -252915.878776492 1.34003448175197e-16 4.83577232611162e-17
5.19532710280375e-08 0.00199790546594753 0.00108420436720494 311571.00988923 -274993.098299419 1.34004411678612e-16 4.81423617004756e-17
5.22079439252338e-08 0.00207469142598862 0.00101145385258115 290664.479721185 -295595.584284129 1.34005375188938e-16 4.79095611215238e-17
5.246261682243e-08 0.00214596105953179 0.000933651276518192 268306.123742218 -314612.827237335 1.34006338706175e-16 4.76605717191998e-17
5.27172897196263e-08 0.00221135939918091 0.00085121388739149 244615.847849811 -331942.819130447 1.34007302230322e-16 4.73967305241979e-17
5.29719626168226e-08 0.00227056296496134 0.000764583794822599 219720.702391146 -347492.600568144 1.3400826576138e-16 4.71194542325894e-17
5.32266355140188e-08 0.00232328149949105 0.000674225598656594 193754.200795336 -361178.759429632 1.34009229299348e-16 4.68302316081178e-17
5.34813084112151e-08 0.00236925952497895 0.000580623897298874 166855.603536815 -372927.878307837 1.34010192844227e-16 4.65306154979135e-17
5.37359813084113e-08 0.00240827771369819 0.000484280688774262 139169.171270021 -382676.928346379 1.34011156396017e-16 4.62222145044471e-17
5.39906542056076e-08 0.00244015406458297 0.000385712678446732 110843.391140862 -390373.607361655 1.34012119954717e-16 4.59066843583871e-17
5.42453271028039e-08 0.00246474487963667 0.000285448507838812 82030.1804243714 -395976.620436141 1.34013083520329e-16 4.55857190386283e-17
5.45000000000001e-08 0.00248194553491325 0.000184025919412979 52884.0717595616 -399455.901477581 1.34014047092851e-16 4.52610416871173e-17
5.47546728971964e-08 0.00249169104193524 8.1988872520944e-05 23561.3843512598 -400792.774555341 1.34015010672285e-16 4.4934395367201e-17
5.50093457943927e-08 0.00249395639653577 -2.01153740112749e-05 -5780.61441603443 -399980.05414817 1.34015974258629e-16 4.46075337150613e-17
5.52640186915889e-08 0.00248875671325215 -0.000121739197015532 -34984.5524557488 -397022.083765275 1.34016937851884e-16 4.42822115343782e-17
5.55186915887852e-08 0.00247614714454864 -0.00022233754608889 -63893.7970244443 -391934.712733133 1.34017901452051e-16 4.39601753846631e-17
5.57733644859814e-08 0.00245622258530007 -0.000321370866923305 -92353.2948076979 -384745.211272088 1.34018865059129e-16 4.36431542137406e-17
5.60280373831777e-08 0.00242911716411987 -0.000418307995178654 -120210.403540937 -375492.124317764 1.34019828673118e-16 4.33328500846221e-17
5.6282710280374e-08 0.002395003524259 -0.000512629005377941 -147315.710704867 -364225.064870884 1.34020792294018e-16 4.30309290465063e-17
5.65373831775702e-08 0.00235409189793122 -0.00060382799954467 -173523.834904425 -351004.447983382 1.3402175592183e-16 4.27390121988689e-17
5.67920560747665e-08 0.00230662897902789 -0.00069141582062544 -198694.205633041 -335901.166807128 1.34022719556552e-16 4.2458666996572e-17
5.70467289719628e-08 0.00225289660026694 -0.000774922676144093 -222691.817239878 -318996.212442327 1.34023683198187e-16 4.21913988426261e-17
5.7301401869159e-08 0.00219321022186954 -0.00085390065801515 -245387.953056057 -300380.239624068 1.34024646846733e-16 4.19386430137004e-17
5.75560747663553e-08 0.00212791723986896 -0.00092792614500105 -266660.875795889 -280153.080576042 1.3402561050219e-16 4.17017569616886e-17
5.78107476635515e-08 0.00205739512312341 -0.000996602074927096 -286396.480529988 -258423.209638434 1.34026574164559e-16 4.14820130326232e-17
5.80654205607478e-08 0.00198204938902366 -0.00105956007446639 -304488.906727857 -235307.161541034 1.34027537833839e-16 4.1280591641993e-17
5.83200934579441e-08 0.00190231142875124 -0.00111646243507092 -320841.106087044 -210928.906441266 1.34028501510031e-16 4.10985749430692e-17
5.85747663551403e-08 0.00181863619375007 -0.00116700392445006 -335365.363103053 -185419.185078724 1.34029465193135e-16 4.09369410222039e-17
5.88294392523366e-08 0.00173149975581903 -0.00121091342387954 -347983.765587671 -158914.807611751 1.34030428883151e-16 4.07965586522373e-17
5.90841121495329e-08 0.00164139675391049 -0.0012479553825583 -358628.622611784 -131557.919896405 1.34031392580078e-16 4.06781826321563e-17
5.93387850467291e-08 0.00154883774132787 -0.00127793108121152 -367242.827630712 -103495.241142794 1.34032356283917e-16 4.0582449738005e-17
5.95934579439254e-08 0.00145434644754956 -0.00130067969816135 -373780.164844096 -74877.2770373237 1.34033319994669e-16 4.0509875306768e-17
5.98481308411216e-08 0.00135845696936435 -0.00131607917214612 -378205.55714681 -45857.5125509978 1.34034283712332e-16 4.04608504715523e-17
6.01028037383179e-08 0.00126171090638292 -0.001324046857259 -380495.254340614 -16591.588762895 1.34035247436907e-16 4.04356400629016e-17
6.03574766355142e-08 0.00116465445628832 -0.00132453996649192 -380636.960596681 12763.5318862742 1.34036211168394e-16 4.04343811875047e-17
6.06121495327104e-08 0.00106783548540439 -0.00131755580150437 -378629.900484928 42050.4074335627 1.34037174906794e-16 4.04570824919239e-17
6.08668224299067e-08 0.0009718005902937 -0.00130313176738308 -374484.823215564 71111.9608110776 1.34038138652105e-16 4.05036241152993e-17
6.1121495327103e-08 0.000877092166144515 -0.0012813451723121 -368223.945069674 99792.322312258 1.34039102404329e-16 4.0573758331286e-17
6.13761682242992e-08 0.000784245497670371 -0.00125231281322598 -359880.830327154 127937.66558866 1.34040066163465e-16 4.06671108757869e-17
6.16308411214955e-08 0.000693785888124917 -0.00121619034966686 -349500.211330189 155397.032693434 1.34041029929513e-16 4.07831829533652e-17
6.18855140186917e-08 0.00060622584183051 -0.00117317146920235 -337137.748646898 182023.143746403 1.34041993702474e-16 4.09213539115792e-17
6.2140186915888e-08 0.000522062315332114 -0.0011234868488786 -322859.732621061 207673.186878082 1.34042957482347e-16 4.10808845689023e-17
6.23948598130843e-08 0.000441774051920073 -0.00106740291827748 -306742.727908198 232209.584215735 1.34043921269132e-16 4.12609211783823e-17
6.26495327102805e-08 0.000365819013818351 -0.00100522043081049 -288873.162904085 255500.729803025 1.3404488506283e-16 4.14605000057875e-17
6.29042056074768e-08 0.000294631925811048 -0.000937272850910799 -269346.866267359 277421.695495311 1.34045848863441e-16 4.16785524976883e-17
6.31588785046731e-08 0.000228621943482481 -0.000863924565772045 -248268.553021638 297854.901044382 1.34046812670964e-16 4.19139110117613e-17
6.34135514018693e-08 0.000168170458577808 -0.000785568931223993 -225751.26299302 316690.744778453 1.34047776485399e-16 4.21653150785857e-17
6.36682242990656e-08 0.000113629053255883 -0.000702626162224351 -201915.754594497 333828.191494562 1.34048740306748e-16 4.24314181613509e-17
6.39228971962618e-08 6.5317614207502e-05 -0.000615541079279834 -176889.857208325 349175.314409976 1.34049704135009e-16 4.27107948772254e-17
6.41775700934581e-08 2.35226167548967e-05 -0.000524780722882208 -150807.785639461 362649.788265588 1.34050667970183e-16 4.30019486416574e-17
6.44322429906544e-08 -1.15044118632852e-05 -0.000430831848753044 -123809.420316656 374179.330936246 1.3405163181227e-16 4.33033196946125e-17
6.46869158878506e-08 -3.9548241778246e-05 -0.000334198317330286 -96039.5571015038 383702.091179132 1.3405259566127e-16 4.36132934657035e-17
6.49415887850469e-08 -6.04310951104742e-05 -0.000235398391497039 -67647.1307287855 391166.980440161 1.34053559517183e-16 4.39302092333478e-17
6.51962616822432e-08 -7.40135997282922e-05 -0.000134961957045218 -38784.4160429001 396533.946938383 1.34054523380009e-16 4.42523690315138e-17
6.54509345794394e-08 -8.01955370287103e-05 -3.34276807812153e-05 -9606.21131430046 399774.190557985 1.34055487249747e-16 4.45780467562871e-17
6.57056074766357e-08 -7.89163797284758e-05 6.86598784847209e-05 19730.9919840165 400870.317394884 1.34056451126399e-16 4.49054974234162e-17
6.59602803738319e-08 -7.01556167794369e-05 0.000170753190570862 49069.8484872598 399816.433128617 1.34057415009964e-16 4.52329665271867e-17
6.62149532710282e-08 -5.39328636640486e-05 0.000272304690513918 78253.002835358 396618.174718288 1.34058378900443e-16 4.55586994504303e-17
6.64696261682245e-08 -3.03077574779263e-05 0.000372769715366557 107123.933629134 391292.680252131 1.34059342797834e-16 4.58809508751986e-17
6.67242990654207e-08 6.20362639384593e-07 0.00047160942545139 135527.792919685 383868.497111955 1.34060306702139e-16 4.61979941436294e-17
6.6978971962617e-08 3.87129880129937e-05 0.000568293694403502 163312.236728439 374385.428944579 1.34061270613357e-16 4.65081305187989e-17
6.72336448598133e-08 8.37931830260853e-05 0.000662303952500928 190328.242143427 362894.322260575 1.34062234531489e-16 4.68096982958902e-17
6.74883177570095e-08 0.000135646533816873 0.00075313596803288 216430.906609281 349456.793804416 1.34063198456534e-16 4.71010817148091e-17
6.77429906542058e-08 0.000194022297992343 0.000840302551787751 241480.225123939 334144.900157845 1.34064162388492e-16 4.7380719626446e-17
6.7997663551402e-08 0.000258634749193888 0.000923336170155155 265341.841173489 317040.751348083 1.34065126327364e-16 4.76471138660999e-17
6.82523364485983e-08 0.000329164709304803 0.00100179145282629 287887.767377428 298236.070532834 1.3406609027315e-16 4.78988372891532e-17
6.85070093457946e-08 0.000405261260083189 0.00107524758164214 308997.071979022 277831.702123285 1.34067054225849e-16 4.81345414258971e-17
6.87616822429908e-08 0.000486543625041417 0.00114331054777633 328556.527498607 255937.070982848 1.34068018185462e-16 4.83529637144485e-17
6.90163551401871e-08 0.000572603211480146 0.00120561526514561 346461.218070601 232669.595601817 1.34068982151989e-16 4.85529342729622e-17
6.92710280373834e-08 0.00066300580172583 0.00126182752871189 362615.102206539 208154.058394975 1.34069946125429e-16 4.87333821748141e-17
6.95257009345796e-08 0.000757293881820366 0.00131164580717163 376931.527965513 182521.936499177 1.34070910105784e-16 4.88933411930953e-17
6.97803738317759e-08 0.000854989095174221 0.00135480286041647 389333.697768613 155910.696659803 1.34071874093052e-16 4.90319549836025e-17
7.00350467289721e-08 0.000955594808024058 0.00139106717308884 399755.080364033 128463.05798763 1.34072838087234e-16 4.91484816785239e-17
7.02897196261684e-08 0.00105859877293615 0.00142024419654251 408139.767732945 100326.226539991 1.3407380208833e-16 4.92422978661776e-17
7.05443925233647e-08 0.00116347587607094 0.00144217739254565 414442.775021518 71651.1058312519 1.3407476609634e-16 4.93129019354534e-17
7.07990654205609e-08 0.00126969095347461 0.00145674907312708 418630.281890029 42591.4875067727 1.34075730111265e-16 4.93599167670167e-17
7.10537383177572e-08 0.00137670166129357 0.00146388103206002 420679.813984197 13303.2265209233 1.34076694133103e-16 4.93830917568342e-17
7.13084112149535e-08 0.00148396138451785 0.00146353496459475 420580.363555011 -16056.5947571215 1.34077658161856e-16 4.9382304161166e-17
7.15630841121497e-08 0.00159092216865337 0.00145571267318768 418332.44857969 -45330.5090266725 1.34078622197523e-16 4.93575597558035e-17
7.1817757009346e-08 0.00169703765859924 0.00144045605812173 413948.110066238 -74361.508609391 1.34079586240104e-16 4.93089928060132e-17
7.20724299065422e-08 0.00180176602896809 0.00141784689306688 407450.847555618 -102993.887544083 1.34080550289599e-16 4.92368653473433e-17
7.23271028037385e-08 0.00190457289013282 0.00138800638678307 398875.493167016 -131074.076705934 1.34081514346009e-16 4.91415657811441e-17
7.25817757009348e-08 0.00200493415441338 0.00135109453331465 388268.024861307 -158451.467471068 1.34082478409334e-16 4.90236067923314e-17
7.2836448598131e-08 0.00210233884703089 0.00130730925416007 375685.31992382 -184979.219508737 1.34083442479572e-16 4.88836226005547e-17
7.30911214953273e-08 0.0021962918467525 0.00125688533701611 361194.849988141 -210515.048368515 1.34084406556726e-16 4.87223655595097e-17
7.33457943925236e-08 0.00228631654152733 0.00120009317678718 344874.319236236 -234921.988638239 1.34085370640794e-16 4.85407021226281e-17
7.36004672897198e-08 0.00237195738486968 0.00113723732561069 326811.247714955 -258069.128579413 1.34086334731776e-16 4.8339608196779e-17
7.38551401869161e-08 0.00245278233927808 0.00106865485967382 307102.502003358 -279832.312299738 1.34087298829674e-16 4.81201639088967e-17
7.41098130841123e-08 0.00252838519358422 0.000994713571579873 285853.775747687 -300094.805696522 1.34088262934486e-16 4.78835478135991e-17
7.43644859813086e-08 0.00259838774180215 0.000915809997957911 263179.022849725 -318747.922599012 1.34089227046213e-16 4.76310305728605e-17
7.46191588785049e-08 0.00266244181179075 0.000832367292893114 239199.846348203 -335691.607751106 1.34090191164854e-16 4.73639681416314e-17
7.48738317757011e-08 0.00272023113284785 0.000744832958582485 214044.846270631 -350834.973507402 1.34091155290411e-16 4.70837944959519e-17
7.51285046728974e-08 0.00277147303221834 0.000653676445386119 187848.929952943 -364096.787363727 1.34092119422882e-16 4.6792013942556e-17
7.53831775700937e-08 0.00281591995141586 0.000559386634144978 160752.588525723 -375405.907706997 1.34093083562269e-16 4.64901930512104e-17
7.56378504672899e-08 0.00285336077422441 0.000462469214267596 132901.143447245 -384701.665446942 1.3409404770857e-16 4.61799522530558e-17
7.58925233644862e-08 0.00288362195925571 0.000363443971647282 104443.967124227 -391934.189482465 1.34095011861787e-16 4.58629571500088e-17
7.61471962616824e-08 0.00290656847098673 0.000262842000955097 75533.6818002373 -397064.674256653 1.34095976021918e-16 4.55409095818333e-17
7.64018691588787e-08 0.00292210450428241 0.00016120285725959 46325.3410082473 -400065.587964995 1.34096940188965e-16 4.5215538498791e-17
7.6656542056075e-08 0.00293017399851614 5.90716622497969e-05 16975.5979773929 -400920.820299717 1.34097904362927e-16 4.48885906888224e-17
7.69112149532712e-08 0.00293076093852915 -4.30038194184063e-05 -12358.134546007 -399625.768937363 1.34098868543805e-16 4.45618214089906e-17
7.71658878504675e-08 0.00292388944081307 -0.000144476117972147 -41518.5285570322 -396187.364305333 1.34099832731597e-16 4.42369849714359e-17
7.74205607476638e-08 0.00290962362445194 -0.000244800994810901 -70349.1846023004 -390624.032494098 1.34100796926306e-16 4.39158253343298e-17
7.767523364486e-08 0.00288806726751416 -0.000343440361486903 -98695.470615984 -382965.596513566 1.34101761127929e-16 4.36000667482944e-17
7.79299065420563e-08 0.00285936325073605 -0.000439865165720896 -126405.351282677 -373253.116422753 1.34102725336468e-16 4.32914045084533e-17
7.81845794392525e-08 0.00282369279147886 -0.000533558228974194 -153330.203478857 -361538.669189768 1.34103689551923e-16 4.2991495861716e-17
7.84392523364488e-08 0.00278127447206656 -0.000624017020357744 -179325.613419319 -347885.069462374 1.34104653774293e-16 4.27019511180632e-17
7.86939252336451e-08 0.00273236306771431 -0.0007107563520002 -204252.15123306 -332365.532746314 1.34105618003579e-16 4.24243250135101e-17
7.89485981308413e-08 0.00267724818033221 -0.000793310981418173 -227976.118814097 -315063.282797488 1.3410658223978e-16 4.21601083710702e-17
7.92032710280376e-08 0.00261625268553071 -0.000871238106930496 -250370.266936035 -296071.105333291 1.34107546482897e-16 4.19107201044509e-17
7.94579439252339e-08 0.00254973100115533 -0.000944119742731889 -271314.477783995 -275490.850456334 1.3410851073293e-16 4.16774996073666e-17
7.97126168224301e-08 0.00247806718663608 -0.00101156496088673 -290696.409242984 -253432.886458876 1.34109474989879e-16 4.14616995692942e-17
7.99672897196264e-08 0.00240167288334426 -0.00107321198821734 -308412.097486875 -230015.507937069 1.34110439253743e-16 4.12644792562041e-17
8.02219626168226e-08 0.00232098510700206 -0.00112873014683932 -324366.51463577 -205364.301389198 1.34111403524524e-16 4.10868982923094e-17
8.04766355140189e-08 0.00223646390398413 -0.00117782162793501 -338474.07849052 -179611.471700135 1.34112367802221e-16 4.09299109761852e-17
8.07313084112152e-08 0.00214858988408025 -0.00122022308925042 -350659.111610133 -152895.133124072 1.34113332086833e-16 4.07943611617503e-17
8.09859813084114e-08 0.00205786164295095 -0.00125570706774644 -360856.247269524 -125358.568567968 1.34114296378362e-16 4.06809777315672e-17
8.12406542056077e-08 0.00196479308809956 -0.00128408319982641 -369010.780119909 -97149.4611482639 1.34115260676806e-16 4.05903706867451e-17
8.1495327102804e-08 0.00186991068270197 -0.00130519924259405 -375078.959670726 -68419.1021420878 1.34116224982167e-16 4.05230278744208e-17
8.17500000000002e-08 0.00177375062207577 -0.00131894189066311 -379028.225018611 -39321.5795808565 1.34117189294445e-16 4.0479312370374e-17
8.20046728971965e-08 0.00167685595793196 -0.00132523738413616 -380837.379564083 -10012.9518380065 1.34118153613638e-16 4.04594605308201e-17
8.22593457943928e-08 0.00157977368583264 -0.00132405190449047 -380496.704778422 19349.5893568924 1.34119117939748e-16 4.04635807238333e-17
8.2514018691589e-08 0.00148305181147543 -0.00131539175624598 -378008.012410135 48608.5619886418 1.34120082272774e-16 4.049165274721e-17
8.27686915887853e-08 0.00138723641153913 -0.00129930333343953 -373384.634850558 77607.0383898787 1.34121046612717e-16 4.05435279358985e-17
8.30233644859815e-08 0.00129286870485433 -0.00127587287108366 -366651.353709836 106189.48690742 1.34122010959576e-16 4.06189299584247e-17
8.32780373831778e-08 0.00120048214960753 -0.00124522598294141 -357844.266985902 134202.606087294 1.34122975313351e-16 4.07174562980462e-17
8.35327102803741e-08 0.00111059958214762 -0.00120752698809469 -347010.595538439 161496.14690435 1.34123939674043e-16 4.08385804106971e-17
8.37873831775703e-08 0.00102373041274089 -0.00116297802991653 -334208.429905344 187923.718626438 1.34124904041652e-16 4.09816545481528e-17
8.40420560747666e-08 0.000940367893314985 -0.00111181799217112 -319506.418819185 213343.57399089 1.34125868416177e-16 4.11459132312793e-17
8.42967289719629e-08 0.000860986471846572 -0.00105432121805343 -302983.401093843 237619.369481943 1.3412683279762e-16 4.13304773547428e-17
8.45514018691591e-08 0.000786039247582727 -0.000990796039037328 -284727.982855245 260620.896631284 1.34127797185978e-16 4.15343589011683e-17
8.48060747663554e-08 0.000715955540745372 -0.000921583121421169 -264838.062383295 282224.780419261 1.34128761581254e-16 4.17564662394694e-17
8.50607476635516e-08 0.00065113858975417 -0.000847053639437634 -243420.305113054 302315.141030738 1.34129725983447e-16 4.1995609978935e-17
8.53154205607479e-08 0.000591963388319475 -0.000767607284724911 -220589.571610592 320784.215416083 1.34130690392556e-16 4.22505093476796e-17
8.55700934579442e-08 0.000538774674006799 -0.000683670122833953 -196468.301591156 337532.935323328 1.34131654808583e-16 4.25197990612518e-17
8.58247663551404e-08 0.000491885079062011 -0.000595692308267127 -171185.857283079 352471.458700997 1.34132619231526e-16 4.28020366445642e-17
8.60794392523367e-08 0.000451573453416209 -0.000504145670302307 -144877.829658919 365519.651621144 1.34133583661387e-16 4.30957101678789e-17
8.6334112149533e-08 0.000418083368865901 -0.000409521182549661 -117685.311254526 376607.518137513 1.34134548098164e-16 4.33992463553594e-17
8.65887850467292e-08 0.000391621812452409 -0.000312326329811985 -89754.1394759231 385675.575772952 1.34135512541859e-16 4.37110190227036e-17
8.68434579439255e-08 0.000372358076049772 -0.000213082386370399 -61234.1144522278 392675.174621822 1.34136476992471e-16 4.40293577986052e-17
8.70981308411217e-08 0.000360422848118104 -0.000112321620292337 -32278.1956293882 397568.758355507 1.34137441450001e-16 4.43525570832688e-17
8.7352803738318e-08 0.000355907512495141 -1.05844387556514e-05 -3041.68141354278 400330.065730768 1.34138405914447e-16 4.46788851959339e-17
8.76074766355143e-08 0.000358863657988283 9.15835103008719e-05 26318.6237362291 400944.271519715 1.34139370385811e-16 4.50065936623453e-17
8.78621495327105e-08 0.000369302801398916 0.000193634264655977 55645.2502986616 399408.066105134 1.34140334864093e-16 4.53339265923612e-17
8.81168224299068e-08 0.000387196325466047 0.000295020486717753 84780.9082540685 395729.673313804 1.34141299349292e-16 4.56591300974023e-17
8.83714953271031e-08 0.000412475632063635 0.000395198399106415 113569.330691432 389928.806391724 1.34142263841408e-16 4.59804616972327e-17
8.86261682242993e-08 0.000445032509831509 0.000493630701163364 141856.111934224 382036.562356941 1.34143228340442e-16 4.62961996656219e-17
8.88808411214956e-08 0.000484719714269655 0.000589789450744073 169489.535689732 372095.25529613 1.34144192846394e-16 4.66046522647622e-17
8.91355140186918e-08 0.000531351757186152 0.000683158895838389 196321.388780151 360158.189498619 1.34145157359263e-16 4.69041668189122e-17
8.93901869158881e-08 0.000584705901266125 0.000773238240830854 222207.756090971 346289.373644169 1.3414612187905e-16 4.71931385786017e-17
8.96448598130844e-08 0.000644523354428962 0.000859544332564062 247009.792472941 330563.177577015 1.34147086405755e-16 4.74700193278532e-17
8.98995327102806e-08 0.000710510657569422 0.000941614251798119 270594.467457422 313063.933506606 1.34148050939377e-16 4.77333256882543e-17
9.01542056074769e-08 0.000782341258241047 0.00101900779616655 292835.278790752 293885.483773558 1.34149015479918e-16 4.7981647075342e-17
9.04088785046732e-08 0.000859657261842956 0.00109130984131082 313612.930960455 273130.677605935 1.34149980027376e-16 4.82136532646217e-17
9.06635514018694e-08 0.00094207135091901 0.00115813256752899 332815.975073827 250910.819564581 1.34150944581752e-16 4.84281015266406e-17
9.09182242990657e-08 0.00102916886227664 0.00121911753999512 350341.406656735 227345.072635351 1.34151909143046e-16 4.86238432928425e-17
9.11728971962619e-08 0.00112051001078606 0.00127393763139143 366095.218166093 202559.819169362 1.34152873711259e-16 4.87998303164503e-17
9.14275700934582e-08 0.00121563224793393 0.00132229877664024 379992.90325236 176687.983098473 1.34153838286389e-16 4.89551202953291e-17
9.16822429906545e-08 0.0013140527424825 0.00136394155032319 391959.910067166 149868.317060933 1.34154802868438e-16 4.90888819266682e-17
9.19369158878507e-08 0.00141527096993049 0.00139864255832623 401932.041184436 122244.658260371 1.34155767457405e-16 4.92003993663688e-17
9.2191588785047e-08 0.00151877139688817 0.00142621563624512 409855.797989704 93965.1570489931 1.3415673205329e-16 4.92890760692138e-17
9.24462616822433e-08 0.00162402624597009 0.0014465128481224 415688.667690131 65181.4823722074 1.34157696656093e-16 4.93544379892211e-17
9.27009345794395e-08 0.00173049832637678 0.00145942528015809 419399.351405468 36048.0083360039 1.34158661265815e-16 4.93961361230102e-17
9.29556074766358e-08 0.00183764391498443 0.00146488362513535 420967.932116201 6720.98625970195 1.34159625882455e-16 4.94139483825354e-17
9.3210280373832e-08 0.00194491567249056 0.0014628585544254 420385.981567688 -22642.2933454447 1.34160590506014e-16 4.94077807871386e-17
9.34649532710283e-08 0.00205176557897559 0.00145336087557474 417656.605556473 -51884.344377232 1.34161555136491e-16 4.9377667968522e-17
9.37196261682246e-08 0.00215764787313581 0.00143644147462806 412794.427355449 -80848.3297985692 1.34162519773886e-16 4.9323772985927e-17
9.39742990654208e-08 0.00226202197942368 0.00141219104349462 405825.50936633 -109378.902818418 1.34163484418201e-16 4.92463864525077e-17
9.42289719626171e-08 0.00236435540739586 0.00138073959381876 396787.213419182 -137323.040086013 1.34164449069434e-16 4.91459249775774e-17
9.44836448598134e-08 0.00246412660771867 0.00134225575996036 385728.000467861 -164530.86242957 1.34165413727585e-16 4.90229289330787e-17
9.47383177570096e-08 0.00256082776951267 0.00129694589482205 372707.170755212 -190856.438737461 1.34166378392656e-16 4.8878059556253e-17
9.49929906542059e-08 0.00265396754403281 0.00124505296337119 357794.545841201 -216158.568670215 1.34167343064645e-16 4.87120954040416e-17
9.52476635514021e-08 0.00274307368007545 0.00118685523978948 341070.094198978 -240301.540005218 1.34168307743553e-16 4.85259281782324e-17
9.55023364485984e-08 0.00282769555697693 0.00112266481523671 322623.502386511 -263155.856551997 1.3416927242938e-16 4.83205579437378e-17
9.57570093457947e-08 0.00290740660161765 0.00105282592423047 302553.694093397 -284598.932733796 1.34170237122126e-16 4.8097087765646e-17
9.60116822429909e-08 0.00298180657646725 0.000977713098616884 280968.299641989 -304515.751109906 1.34171201821791e-16 4.78567177938048e-17
9.62663551401872e-08 0.00305052372639866 0.00089772915903218 257983.07878776 -322799.479311931 1.34172166528375e-16 4.76007388266609e-17
9.65210280373835e-08 0.00311321677275557 0.000813303054626277 233721.299914305 -339352.04308485 1.34173131241878e-16 4.73305253888703e-17
9.67757009345797e-08 0.00316957674397735 0.000724887562633848 208313.078952281 -354084.652359114 1.341740959623e-16 4.70475283598039e-17
9.7030373831776e-08 0.00321932863296201 0.000632956860129848 181894.681567627 -366918.277531924 1.34175060689641e-16 4.67532671924805e-17
9.72850467289722e-08 0.00326223287227679 0.000538003980992193 154607.792361418 -377784.073402851 1.34176025423902e-16 4.64493217646587e-17
9.75397196261685e-08 0.00329808661930296 0.000440538171710048 126598.755000689 -386623.748489704 1.34176990165082e-16 4.61373239057883e-17
9.77943925233648e-08 0.00332672484442085 0.000341082160218789 98017.7873554722 -393389.877743465 1.34177954913181e-16 4.58189486452655e-17
9.8049065420561e-08 0.00334802121639727 0.000240169352409281 69018.175851396 -398046.156984681 1.341789196682e-16 4.54959052289269e-17
9.83037383177573e-08 0.00336188878022514 0.000138340971347151 39755.4533586759 -400567.597696254 1.34179884430138e-16 4.51699279519642e-17
9.85584112149536e-08 0.00336828042377851 3.61431545450676e-05 10386.5650266842 -400940.661127461 1.34180849198996e-16 4.48427668574228e-17
9.88130841121498e-08 0.00336718913077844 -6.5875975143822e-05 -18930.9734620529 -399163.330989508 1.34181813974773e-16 4.45161783501735e-17
9.90677570093461e-08 0.00335864801871153 -0.000167169249301604 -48039.9207038796 -395245.124352291 1.3418277875747e-16 4.41919157766945e-17
9.93224299065423e-08 0.00334273016149616 -0.000267193388623391 -76784.1529210328 -389207.040683471 1.34183743547086e-16 4.38717200211906e-17
9.95771028037386e-08 0.00331954819784606 -0.000365411916757389 -105009.501320463 -381081.449302757 1.34184708343622e-16 4.35573101684834e-17
9.98317757009349e-08 0.0032892537274301 -0.000461298037679045 -132564.578973341 -370911.915854554 1.34185673147078e-16 4.3250374283754e-17
1.00086448598131e-07 0.00325203649806539 -0.000554337461166586 -159301.592780301 -358752.96872926 1.34186637957454e-16 4.29525603585891e-17
1.00341121495327e-07 0.00320812338830172 -0.000644031161223481 -185077.136167451 -344669.806685534 1.3418760277475e-16 4.2665467471892e-17
1.00595794392524e-07 0.00315777719085241 -0.000729898052652869 -209752.958261466 -328737.94924125 1.34188567598965e-16 4.23906372130675e-17
1.0085046728972e-07 0.00310129520339537 -0.00081147757142791 -233196.705418235 -311042.831707812 1.341895324301e-16 4.21295454134832e-17
1.01105140186916e-07 0.00303900763430075 -0.000888332145017845 -255282.631127752 -291679.347039424 1.34190497268156e-16 4.18835942305567e-17
1.01359813084112e-07 0.00297127583183477 -0.0009600495394197 -275892.270487548 -270751.336954152 1.34191462113131e-16 4.16541046269272e-17
1.01614485981309e-07 0.00289849034633576 -0.00102624507030672 -294915.075626946 -248371.035055742 1.34192426965027e-16 4.14423092850514e-17
1.01869158878505e-07 0.00282106883575463 -0.00108656366643336 -312249.008673838 -224658.464942592 1.34193391823842e-16 4.12493459952284e-17
1.02123831775701e-07 0.00273945382579186 -0.00114068177422889 -327801.089083378 -199740.796531716 1.34194356689578e-16 4.10762515525203e-17
1.02378504672897e-07 0.00265411033664337 -0.0011883090933635 -341487.892392742 -173751.664049686 1.34195321562234e-16 4.09239561953041e-17
1.02633177570094e-07 0.00256552338908283 -0.00122919013397716 -353235.99772657 -146830.449348158 1.34196286441811e-16 4.07932786152872e-17
1.0288785046729e-07 0.00247419540325547 -0.00126310558721791 -362982.381652613 -119121.534387555 1.34197251328307e-16 4.06849215657547e-17
1.03142523364486e-07 0.00238064350413382 -0.00128987350173761 -370674.756274783 -90773.526897936 1.34198216221725e-16 4.05994680916068e-17
1.03397196261683e-07 0.00228539674808657 -0.00130935025983371 -376271.849749892 -61938.4633698943 1.34199181122062e-16 4.05373784014096e-17
1.03651869158879e-07 0.00218899328543491 -0.00132143134800012 -379743.627723149 -32770.9936500151 1.3420014602932e-16 4.04989873982418e-17
1.03906542056075e-07 0.00209197747421436 -0.0013260519177532 -381071.454494352 -3427.55151406087 1.34201110943499e-16 4.04845028825846e-17
1.04161214953271e-07 0.0019948969606214 -0.00132318713372307 -380248.19304994 25934.4843336743 1.34202075864598e-16 4.04940044368971e-17
1.04415887850468e-07 0.00189829974180362 -0.00131285230714211 -377278.243423966 55157.6343350385 1.34203040792618e-16 4.05274429978664e-17
1.04670560747664e-07 0.00180273122674651 -0.00129510281401297 -372177.519181799 84085.1626996657 1.34204005727558e-16 4.05846411186296e-17
1.0492523364486e-07 0.00170873131102045 -0.00127003379839352 -364973.362152236 112561.918043571 1.3420497066942e-16 4.06652939195677e-17
1.05179906542056e-07 0.00161683148107722 -0.0012377796623885 -355704.395864914 140435.165536003 1.34205935618202e-16 4.07689707225762e-17
1.05434579439253e-07 0.00152755196362705 -0.00119851334558185 -344420.31847864 167555.40609138 1.34206900573905e-16 4.08951173600524e-17
1.05689252336449e-07 0.00144139893538551 -0.00115244539777281 -331181.63631082 193777.178212574 1.34207865536528e-16 4.10430591462196e-17
1.05943925233645e-07 0.0013588618081557 -0.00109982284998748 -316059.339396736 218959.838184834 1.34208830506073e-16 4.12120044948578e-17
1.06198598130841e-07 0.0012804106038077 -0.00104092788981982 -299134.520818363 242968.314435724 1.34209795482539e-16 4.14010491640409e-17
1.06453271028038e-07 0.00120649343323454 -0.000976076348205071 -280497.941843985 265673.832014955 1.34210760465925e-16 4.16091811051202e-17
1.06707943925234e-07 0.00113753409280709 -0.000905616005740455 -260249.545210575 286954.603308262 1.34211725456233e-16 4.18352858899497e-17
1.0696261682243e-07 0.00107392979121959 -0.000829924727635567 -238497.919158981 306696.481280505 1.34212690453462e-16 4.2078152687252e-17
1.07217289719626e-07 0.00101604901891868 -0.000749408437294277 -215359.715096178 324793.571744145 1.34213655457612e-16 4.23364807560717e-17
1.07471962616823e-07 0.000964229571543924 -0.000664498939395394 -190959.022007527 341148.801368967 1.34214620468684e-16 4.2608886421496e-17
1.07726635514019e-07 0.00091877673798203 -0.000575651604146658 -165426.700974012 355674.438386298 1.34215585486676e-16 4.28939104952313e-17
1.07981308411215e-07 0.000879961662754068 -0.000483342925131292 -138899.68336339 368292.56319462 1.34216550511591e-16 4.31900261012395e-17
1.08235981308412e-07 0.000848019891520063 -0.00038806796384439 -111520.236459073 378935.486342213 1.34217515543426e-16 4.34956468644657e-17
1.08490654205608e-07 0.00082315010750331 -0.000290337694624258 -83435.2004652016 387546.111644628 1.34218480582183e-16 4.38091354187403e-17
1.08745327102804e-07 0.000805513065612796 -0.000190676264218114 -54795.2009799586 394078.242489075 1.34219445627861e-16 4.41288121882265e-17
1.09e-07 0.000795230729981856 -8.96181806795288e-05 -25753.8411607213 398496.829682483 1.34220410680461e-16 4.44529643953175e-17
