0 -0.00139 0 0 400000 1.33808e-16 4.46026666666667e-17
6.98717948717949e-10 -0.0013619405157285 0.000280890153700754 80720.232738135 395952.315959989 1.33862512691638e-16 4.5520921972398e-17
1.3974358974359e-09 -0.00127776429583482 0.000553289697659746 159000.493888039 375778.199931363 1.33917047536084e-16 4.64119773525423e-17
2.09615384615385e-09 -0.00114030744067387 0.000806101965258757 231651.901603058 340292.670446101 1.33971604542342e-16 4.7240274651589e-17
2.79487179487179e-09 -0.000954577007083949 0.00102902345390645 295713.507924593 290934.620210112 1.34026183719416e-16 4.79727973288365e-17
3.49358974358974e-09 -0.00072754798291914 0.00121296374785307 348572.973241096 229708.472075207 1.34080785076317e-16 4.85804160590593e-17
4.19230769230769e-09 -0.000467880036929545 0.00135041620982785 388073.093038297 159102.780615956 1.34135408622058e-16 4.90390765767917e-17
4.89102564102564e-09 -0.000185565546483585 0.00143576432542298 412599.832989244 81989.0848171156 1.34190054365656e-16 4.93307813262708e-17
5.58974358974359e-09 0.000108476791053679 0.00146551119848677 421148.279722978 1505.1229756438 1.34244722316132e-16 4.94443248564752e-17
6.28846153846154e-09 0.000402846235603965 0.00143842282031132 413363.812513954 -79072.840573875 1.34299412482511e-16 4.93757529129093e-17
6.98717948717949e-09 0.000686124092941983 0.00135557924307071 389556.809144069 -156463.381960624 1.3435412487382e-16 4.91285264177692e-17
7.68589743589744e-09 0.000947338723023263 0.00122033153609371 350690.276299654 -227513.548593562 1.34408859499091e-16 4.87133835406225e-17
8.38461538461539e-09 0.0011764125314189 0.00103816623959846 298340.897241058 -289327.312409677 1.3446361636736e-16 4.8147905353956e-17
9.08333333333333e-09 0.00136457273322816 0.000816482798292865 234635.072239297 -339383.612312238 1.34518395487666e-16 4.74558026414049e-17
9.78205128205128e-09 0.0015047091467713 0.000564293003285545 162162.546310672 -375639.17440062 1.34573196869051e-16 4.66659527894118e-17
1.04807692307692e-08 0.00159166442472374 0.00029185465055974 83871.1325708743 -396611.916548177 1.34628020520561e-16 4.58112258824408e-17
1.11794871794872e-08 0.00162244487584463 1.02543081926651e-05 2946.81081901609 -401441.532864782 1.34682866451248e-16 4.49271477222553e-17
1.18782051282051e-08 0.00159634325951199 -0.000269043836946798 -77315.9217187899 -389924.781524915 1.34737734670165e-16 4.4050454152276e-17
1.25769230769231e-08 0.00151496851659974 -0.000534664694011095 -153648.171603117 -362524.028617574 1.34792625186369e-16 4.32175955166337e-17
1.3275641025641e-08 0.00138218118811536 -0.000775785544298053 -222939.782208718 -320348.689209517 1.34847538008921e-16 4.24632521381583e-17
1.3974358974359e-08 0.00120393711328719 -0.000982577010802495 -282366.056446447 -265110.310403152 1.34902473146886e-16 4.18189212755466e-17
1.46730769230769e-08 0.000988045735076927 -0.00114660375405863 -329502.905910451 -199053.114878126 1.34957430609333e-16 4.13116331336056e-17
1.53717948717949e-08 0.000743852821197285 -0.0012611685599441 -362425.732406273 -124862.823493453 1.35012410405334e-16 4.09628482682932e-17
1.60705128205128e-08 0.000481860490808001 -0.0013215857837879 -379788.008391423 -45557.4612373671 1.35067412543965e-16 4.07875813624184e-17
1.67692307692308e-08 0.000213299995469473 -0.00132537298631899 -380876.347963702 35635.4139713094 1.35122437034305e-16 4.07937871474079e-17
1.74679487179487e-08 -5.03253667503181e-05 -0.00127235292401599 -365639.816129096 115410.065405711 1.35177483885438e-16 4.09820335854292e-17
1.81666666666667e-08 -0.000297708601758088 -0.00116466170396646 -334692.272287768 190517.168791727 1.35232553106451e-16 4.13454757379601e-17
1.88653846153846e-08 -0.000518199565949843 -0.00100666273300406 -289287.641543543 257896.160919566 1.35287644706433e-16 4.18701315071729e-17
1.95641025641026e-08 -0.000702238950261096 -0.000804769927180956 -231269.109888078 314799.954921517 1.35342758694481e-16 4.25354481435016e-17
2.02628205128205e-08 -0.000841748017364449 -0.000567187344329648 -162994.30164145 358906.94020103 1.35397895079691e-16 4.33151365670603e-17
2.09615384615385e-08 -0.000930458202351323 -0.000303575808970044 -87239.4764675007 388415.700753706 1.35453053871165e-16 4.41782396347914e-17
2.16602564102564e-08 -0.000964167129780671 -2.46600762815119e-05 -7086.63892471103 402118.587542421 1.35508235078009e-16 4.50903909442332e-17
2.23589743589744e-08 -0.000940910591137392 0.000258207491144677 74201.8490336005 399451.140167279 1.35563438709332e-16 4.60152129877347e-17
2.30576923076923e-08 -0.000861043444927669 0.000533508982589293 153316.051399838 380515.335364846 1.35618664774247e-16 4.69157977752247e-17
2.37564102564103e-08 -0.000727226107818705 0.000790029928052661 227033.232821829 346075.704927097 1.3567391328187e-16 4.77562096620752e-17
2.44551282051282e-08 -0.00054431714859276 0.00101731612035034 292349.136917131 297528.470108893 1.35729184241321e-16 4.85029491898244e-17
2.51538461538462e-08 -0.000319176320768202 0.00120609966186081 346600.420584728 236844.938530789 1.35784477661725e-16 4.91263183103752e-17
2.58525641025641e-08 -6.03860188037426e-05 0.00134867687306412 387573.254697476 166491.458226101 1.3583979355221e-16 4.96016313561165e-17
2.65512820512821e-08 0.000222097531830001 0.0014392226533379 413593.662892141 89329.1791019826 1.35895131921905e-16 4.99102223776578e-17
2.725e-08 0.000517349174308735 0.00147402846613749 423595.912073207 8497.69572926174 1.35950492779948e-16 5.00402077435402e-17
2.7948717948718e-08 0.000813919343476983 0.00145165422579912 417166.160571927 -72712.6965508976 1.36005876135475e-16 4.99869728463092e-17
2.86474358974359e-08 0.00110030012555332 0.00137298786552998 394559.576375488 -150994.934580431 1.36061281997631e-16 4.97533629821813e-17
2.93461538461539e-08 0.00136539388342559 0.00124121012321803 356690.21752121 -223159.857618975 1.36116710375561e-16 4.93495705106935e-17
3.00448717948718e-08 0.00159896536425254 0.00106166594060905 305094.075698401 -286266.130840109 1.36172161278415e-16 4.87927227662259e-17
3.07435897435898e-08 0.0017920588710011 0.000841647675048634 241866.777166613 -337740.129147623 1.36227634715346e-16 4.81061873817079e-17
3.14423076923077e-08 0.0019373634948018 0.000590098916450186 169578.46776333 -375480.895075776 1.36283130695513e-16 4.73186231997105e-17
3.21410256410257e-08 0.00202951151327006 0.000317250939001162 91169.3389574902 -397945.89039584 1.36338649228075e-16 4.64628153182938e-17
3.28397435897436e-08 0.00206529777564124 3.42065653953164e-05 9830.04168534765 -404214.041470045 1.36394190322199e-16 4.55743416255525e-17
3.35384615384615e-08 0.00204381110835607 -0.000247511631040196 -71128.1481380968 -394023.501662616 1.36449753987052e-16 4.46901250585122e-17
3.42371794871795e-08 0.00196647235397416 -0.000516430401770133 -148408.129208916 -367782.582694647 1.36505340231807e-16 4.38469304978369e-17
3.49358974358974e-08 0.00183697745637411 -0.000761593080392902 -218861.251956028 -326553.39887003 1.3656094906564e-16 4.30798674884024e-17
3.56346153846154e-08 0.00166114787145506 -0.000973005992542418 -279615.604672629 -272008.879157124 1.36616580497731e-16 4.24209597634073e-17
3.63333333333333e-08 0.00144669435756263 -0.00114204583025314 -328193.081890155 -206364.886946104 1.36672234537262e-16 4.18978398539575e-17
3.70320512820513e-08 0.00120290372985229 -0.00126181138498568 -362610.462936276 -132290.201725568 1.36727911193421e-16 4.1532621995759e-17
3.77307692307692e-08 0.000940261303919307 -0.00132740529270367 -381460.377849425 -52798.0195938199 1.367836104754e-16 4.13409993051937e-17
3.84294871794872e-08 0.000670024378190285 -0.0013361342887559 -383968.85521548 28876.616365481 1.36839332392392e-16 4.13316020825747e-17
3.91282051282051e-08 0.000403764104709349 -0.00128761978425536 -370027.098828281 109408.47002802 1.36895076953597e-16 4.15056434811977e-17
3.98269230769231e-08 0.000152894392355798 -0.00118381422439244 -340196.188626373 185517.492701984 1.36950844168215e-16 4.1856867088762e-17
4.0525641025641e-08 -7.17929778014887e-05 -0.00102892252421688 -295684.503461727 254102.418401145 1.37006634045454e-16 4.23717986785508e-17
4.1224358974359e-08 -0.000260568090496762 -0.000829231742768261 -238298.774051771 312367.132650054 1.37062446594523e-16 4.30302920016476e-17
4.19230769230769e-08 -0.000405159569470401 -0.000592855894626477 -170370.74872125 357934.665633484 1.37118281824634e-16 4.38063465128037e-17
4.26217948717949e-08 -0.000499092014237038 -0.000329406256706261 -94662.4484924261 388944.162396696 1.37174139745006e-16 4.46691638393459e-17
4.33205128205128e-08 -0.000537950434550134 -4.96005664656101e-05 -14253.8612204714 404126.874158209 1.37230020364859e-16 4.55844000664373e-17
4.40192307692307e-08 -0.000519560884050584 0.000235172998268395 67582.3588112438 402858.06753469 1.37285923693418e-16 4.65155629201238e-17
4.47179487179487e-08 -0.000444079902908383 0.000513319319719049 147514.088375079 385182.727936941 1.3734184973991e-16 4.74254970080778e-17
4.54166666666666e-08 -0.000313989089931453 0.000773508456371845 222285.40872874 351813.999740794 1.37397798513569e-16 4.82778966687875e-17
4.61153846153846e-08 -0.000133994986634029 0.00100513715198955 288849.230823446 304104.415676269 1.37453770023629e-16 4.9038784831045e-17
4.68141025641025e-08 8.91616880870884e-05 0.0011987609385977 344491.470014571 243991.076033296 1.37509764279331e-16 4.96778976447528e-17
4.75128205128205e-08 0.000346979720767355 0.0013464792245014 386941.709941913 173916.999623227 1.37565781289918e-16 5.01699184569649e-17
4.82115384615384e-08 0.000629542891900068 0.00144225766587865 414465.843406212 96731.8397212571 1.37621821064636e-16 5.04955108194203e-17
4.89102564102564e-08 0.00092592322965654 0.00148217466818265 425936.910204873 15575.9998543372 1.37677883612738e-16 5.06421083776371e-17
4.96089743589743e-08 0.00122462563014546 0.00146458194798232 420881.238262095 -66247.1380354098 1.37733968943477e-16 5.06044293752735e-17
5.03076923076923e-08 0.00151405575427848 0.0013901725815864 399497.998962883 -145405.674494314 1.37790077066112e-16 5.03846947091393e-17
5.10064102564102e-08 0.00178299215603961 0.00126195373163937 362651.369514397 -218674.869451796 1.37846207989904e-16 4.99925405343e-17
5.17051282051282e-08 0.00202104341689658 0.00108512512363611 311835.610383195 -283068.510285764 1.37902361724121e-16 4.94446288542198e-17
5.24038461538461e-08 0.00221907166389043 0.000866868182984069 249114.468990268 -335960.619466353 1.37958538278031e-16 4.87639718315645e-17
5.31025641025641e-08 0.00236956521036488 0.000616054383503016 177037.366958364 -375192.541422464 1.38014737660908e-16 4.79789972201331e-17
5.3801282051282e-08 0.00246694512321539 0.000342884651765525 98535.7746727351 -399161.041677223 1.38070959882029e-16 4.71223928721272e-17
5.44999999999999e-08 0.00250779320514321 5.84744841812475e-05 16803.9851527909 -406883.822781381 1.38127204950676e-16 4.62297772873357e-17
5.51987179487179e-08 0.00249099207561531 -0.000225598349518234 -64830.8637327723 -398039.779792322 1.38183472876132e-16 4.53382502741812e-17
5.58974358974358e-08 0.00241777161014305 -0.000497765112246252 -143044.229853093 -372982.345666703 1.38239763667687e-16 4.44848826968805e-17
5.65961538461538e-08 0.00229165980862971 -0.000746937229210697 -214649.556733477 -332725.372152403 1.38296077334633e-16 4.37052067875948e-17
5.72948717948717e-08 0.00211834005478908 -0.000962958054861248 -276728.099156767 -278902.110006252 1.38352413886265e-16 4.30317685044243e-17
5.79935897435897e-08 0.00190542054157113 -0.00113701687147992 -326747.895160553 -213698.948097872 1.38408773331884e-16 4.24928009143245e-17
5.86923076923076e-08 0.00166212521683417 -0.00126200824436197 -362667.034996428 -139766.599555076 1.38465155680794e-16 4.21110726753644e-17
5.93910256410256e-08 0.0013989188033191 -0.00133282207697812 -383017.01513829 -60112.342646809 1.38521560942301e-16 4.1902958583965e-17
6.00897435897435e-08 0.00112708113684505 -0.00134655252573138 -386962.77473278 22022.3029062416 1.38577989125717e-16 4.18777701284521e-17
6.07884615384615e-08 0.000858248136808609 -0.00130261723347694 -374336.960087904 103293.488594471 1.38634440240357e-16 4.20373734171655e-17
6.14871794871794e-08 0.000603938088973088 -0.00120278198968715 -345647.011337455 180391.170632757 1.3869091429554e-16 4.23761101574264e-17
6.21858974358974e-08 0.000375082526268608 -0.00105108977456695 -302054.771638974 250173.922129917 1.38747411300588e-16 4.28810250265736e-17
6.28846153846153e-08 0.000181580813911413 -0.000853697037875195 -245329.438135293 309796.933277965 1.38803931264827e-16 4.35323903001085e-17
6.35833333333333e-08 3.18965875790715e-05 -0.000618623842145799 -177775.759874327 356827.984105132 1.38860474197589e-16 4.43045064927575e-17
6.42820512820512e-08 -6.72875036730239e-05 -0.000355428010488008 -102140.396700446 389346.662023252 1.38917040108205e-16 4.51667465192607e-17
6.49807692307692e-08 -0.000111342665788794 -7.48165181086144e-05 -21500.2436889197 406022.776818888 1.38973629006016e-16 4.6084800951378e-17
6.56794871794871e-08 -9.78832976560052e-05 0.000211790072230676 60862.7383226093 406170.771257432 1.39030240900361e-16 4.70220737409095e-17
6.6378205128205e-08 -2.68650540627755e-05 0.000492722411944723 141595.094179929 389777.901724426 1.39086875800586e-16 4.79411716303643e-17
6.7076923076923e-08 9.94123969481831e-05 0.000756537488811618 217408.411677742 357505.03061459 1.3914353371604e-16 4.88054266344947e-17
6.77756410256409e-08 0.00027639807334846 0.00099248472490266 285213.265497855 310659.987069246 1.39200214656077e-16 4.95803896045037e-17
6.84743589743589e-08 0.000497474098716651 0.00119094406518685 342245.11202482 251144.569773504 1.39256918630052e-16 5.02352340391689e-17
6.91730769230768e-08 0.000754224369112956 0.00134381820467958 386177.004819615 181377.33936332 1.39313645647327e-16 5.07440129375177e-17
6.98717948717948e-08 0.00103677656026524 0.00144486296241514 415214.535163495 104195.334810744 1.39370395717266e-16 5.10867174491851e-17
7.05705128205127e-08 0.00133420357694826 0.00148994232293687 428169.124083961 22738.7077306002 1.39427168849236e-16 5.12500941293643e-17
7.12692307692307e-08 0.00163496812006237 0.00147719772836553 424506.672316259 -59677.0341733889 1.3948396505261e-16 5.12281874183113e-17
7.19679487179486e-08 0.00192739228435588 0.00140712469193839 404369.576962279 -139695.976792485 1.39540784336764e-16 5.10225851417687e-17
7.26666666666666e-08 0.0022001330730359 0.00128255357534176 368571.207415862 -214058.449650507 1.39597626711077e-16 5.06423569138507e-17
7.33653846153845e-08 0.00244264446678514 0.00110853527371626 318563.054325276 -279733.812041331 1.39654492184932e-16 5.01036878260736e-17
7.40641025641025e-08 0.00264560722439267 0.000892136425062464 256375.878315511 -334043.966105076 1.39711380767716e-16 4.94292222163755e-17
7.47628205128204e-08 0.00280130889865776 0.000642152447184529 184537.244567568 -374772.563120289 1.39768292468821e-16 4.86471441246985e-17
7.54615384615383e-08 0.00290395857154342 0.000368750055080305 105968.791985471 -400255.449874208 1.39825227297641e-16 4.77900317757131e-17
7.61602564102563e-08 0.00294992346475681 8.30537882646291e-05 23867.4123324621 -409448.664143808 1.39882185263576e-16 4.68935326469737e-17
7.68589743589742e-08 0.00293787775826414 -0.000203306636440022 -58424.8283338883 -401971.201111771 1.39939166376026e-16 4.59949130062003e-17
7.75576923076922e-08 0.00286885752056851 -0.000478669728931705 -137556.733174886 -378120.798842611 1.39996170644399e-16 4.5131540935411e-17
7.82564102564101e-08 0.00274621947561259 -0.000731817116175634 -210304.445211635 -338862.089005753 1.40053198078105e-16 4.43393645922952e-17
7.89551282051281e-08 0.00257550524640639 -0.000952430580008833 -273702.787628271 -285787.584166062 1.40110248686558e-16 4.36514476782722e-17
7.9653846153846e-08 0.00236421656551914 -0.00113151262271153 -325166.122941841 -221053.079359245 1.40167322479174e-16 4.30966217781747e-17
8.0352564102564e-08 0.00212151057059603 -0.00126175341838485 -362593.804903064 -147290.088264927 1.40224419465377e-16 4.26983105012533e-17
8.10512820512819e-08 0.00185782756122878 -0.00133782918459619 -384455.922436927 -67498.87059957 1.40281539654591e-16 4.2473573379077e-17
8.17499999999999e-08 0.00158446634898635 -0.00135661979551697 -389855.835772561 15073.6007988878 1.40338683056245e-16 4.24324085459939e-17
8.24487179487178e-08 0.00131312447278096 -0.00131733674164337 -378566.948605945 97065.7696387189 1.40395849679773e-16 4.25773427050024e-17
8.31474358974358e-08 0.00105542198958979 -0.00122155618862681 -351042.208313621 175138.345840608 1.40453039534612e-16 4.29033251940348e-17
8.38461538461537e-08 0.000822428227034606 -0.00107315575035861 -308395.936247382 246110.304046031 1.40510252630201e-16 4.33979305902846e-17
8.45448717948717e-08 0.000624210771580467 -0.000878157512037325 -252358.716809674 307088.492210089 1.40567488975986e-16 4.40418617270897e-17
8.52435897435896e-08 0.000469425068422934 -0.000644483657859089 -185207.171461527 355585.569493549 1.40624748581415e-16 4.48097327605615e-17
8.59423076923075e-08 0.00036496136272742 -0.000381634619648796 -109671.467344488 389621.465801226 1.40682031455941e-16 4.5671100510111e-17
8.66410256410255e-08 0.000315663383510309 -0.000100302822041647 -28824.3180931116 407804.22442559 1.40739337609019e-16 4.65917021733893e-17
8.73397435897434e-08 0.000324130255651896 0.000188062272091516 54044.0103452754 409386.927176422 1.40796667050109e-16 4.75348490947263e-17
8.80384615384614e-08 0.000390609740810996 0.000471720122648115 135559.604299918 394298.374054361 1.40854019788675e-16 4.84629198905719e-17
8.87371794871793e-08 0.000512987192019089 0.000739117116502016 212402.267857144 363146.257401805 1.40911395834185e-16 4.93388921661806e-17
8.94358974358973e-08 0.000686870710663819 0.000979357153536561 281440.756557983 317192.690089141 1.40968795196109e-16 5.01278504614957e-17
9.01346153846152e-08 0.000905769077018116 0.00118264564731256 339860.371180948 258303.073093302 1.41026217883925e-16 5.07984090068899e-17
9.08333333333332e-08 0.00116135524596204 0.00134068884805628 385277.71236801 188870.373954254 1.41083663907109e-16 5.1323991313748e-17
9.15320512820511e-08 0.00144380471205286 0.0014470322077569 415837.917601596 111717.889805863 1.41141133275147e-16 5.16839144315851e-17
9.22307692307691e-08 0.00174219499476822 0.00149732398299964 430290.413529 29984.4461221668 1.41198625997523e-16 5.18642336369652e-17
9.2929487179487e-08 0.00204495000009809 0.00148949331017465 428040.089960869 -53003.300785186 1.4125614208373e-16 5.18583130577004e-17
9.3628205128205e-08 0.0023403111805128 0.00142383546635876 409171.801542508 -133866.262397955 1.41313681543262e-16 5.16670988828205e-17
9.43269230769229e-08 0.00261681631664921 0.00130300080598279 374447.188451325 -209310.506897962 1.41371244385616e-16 5.12990839112299e-17
9.50256410256409e-08 0.00286376642587671 0.00113188778468437 325273.934345562 -276261.436060152 1.41428830620296e-16 5.07699647573412e-17
9.57243589743588e-08 0.00307166177850418 0.000917444387872374 263648.702304636 -331989.084517227 1.41486440256807e-16 5.01020055487674e-17
9.64230769230767e-08 0.00323258925272233 0.000668386013416529 192076.06194475 -374219.435093024 1.4154407330466e-16 4.9323133909612e-17
9.71217948717947e-08 0.00334054523383948 0.000394841263473842 113466.699570331 -401227.211309189 1.41601729773369e-16 4.84658059357985e-17
9.78205128205126e-08 0.0033916808818485 0.000107940040951807 31019.0482386074 -411906.360649973 1.4165940967245e-16 4.75656862913761e-17
9.85192307692306e-08 0.00338445974748499 -0.000180639298452263 -51910.8484957943 -405815.349154231 1.41717113011427e-16 4.66601971025151e-17
9.92179487179485e-08 0.00331972128239099 -0.000459145313465772 -131945.944260707 -383195.412518635 1.41774839799823e-16 4.57869946908047e-17
9.99166666666665e-08 0.0032006476187493 -0.000716232013976168 -205825.708380835 -344961.009463136 1.41832590047169e-16 4.49824361501378e-17
1.00615384615384e-07 0.00303263493194775 -0.000941421080614894 -270538.955284202 -292662.854840005 1.41890363762998e-16 4.4280098210277e-17
1.01314102564102e-07 0.00282307458613269 -0.00112552893709951 -323446.57354194 -228425.02678543 1.41948160956847e-16 4.37094087262407e-17
1.0201282051282e-07 0.00258105293863186 -0.00126104126892986 -362389.152411712 -154858.698630244 1.42005981638257e-16 4.32944465705934e-17
1.02711538461538e-07 0.00231698199537482 -0.0013424197151587 -385775.116757253 -74955.9992576817 1.42063825816772e-16 4.30529588703362e-17
1.03410256410256e-07 0.0020421759304222 -0.0013663282159381 -392645.773211052 8031.68372972771 1.42121693501942e-16 4.29956356988287e-17
1.04108974358974e-07 0.00176839069344962 -0.00133176976539992 -382714.609253334 90726.0083667333 1.42179584703319e-16 4.31256718648589e-17
1.04807692307692e-07 0.00150734543923969 -0.00124012796432794 -356379.234326119 169759.206545113 1.4223749943046e-16 4.34386337612608e-17
1.0550641025641e-07 0.00127024526113066 -0.00109511164174052 -314705.465573956 241911.237511575 1.42295437692924e-16 4.39226368195148e-17
1.06205128205128e-07 0.00106732466518463 -0.000902604761227471 -259384.194984812 304240.981043819 1.42353399500277e-16 4.45588264698817e-17
1.06903846153846e-07 0.00090743038509085 -0.000670427685974395 -192662.783415313 354206.12516345 1.42411384862086e-16 4.5322143143759e-17
1.07602564102564e-07 0.000797660543263341 -0.000408019488710919 -117253.765062651 389766.86147663 1.42469393787924e-16 4.61823402796826e-17
1.08301282051282e-07 0.000743074875857194 -0.000126054212126788 -36224.5710874459 409469.158666666 1.42527426287365e-16 4.71052139784493e-17
1.09e-07 0.000746487851396961 0.000163993319650299 47127.2444237191 412504.21460453 1.42585482369991e-16 4.80539943168178e-17
