0 -0.00139 0 0 400000 1.33808e-16 4.46026666666667e-17
5.86021505376344e-10 -0.00137026200690163 0.000235395501805456 67646.3003095842 397695.969253152 1.33834973931046e-16 4.53659593230009e-17
1.17204301075269e-09 -0.00131099551942015 0.000466102786522609 133945.333833527 384032.518375856 1.33861953286122e-16 4.61142308645071e-17
1.75806451612903e-09 -0.00121355059525576 0.000685531470522704 197003.20257171 359397.617435182 1.33888938066318e-16 4.68263630662489e-17
2.34408602150538e-09 -0.00108036801268946 0.000887411983343867 255018.201550917 324492.680091626 1.33915928272724e-16 4.74822657170019e-17
2.93010752688172e-09 -0.000914909776617928 0.00106597470311426 306332.297500239 280312.592913185 1.33942923906433e-16 4.80634506408037e-17
3.51612903225806e-09 -0.000721560442430679 0.00121611484850944 349478.514339679 228117.358526625 1.33969924968535e-16 4.8553560076742e-17
4.10215053763441e-09 -0.000505502070240111 0.00133353841475045 383222.87123876 169396.16084539 1.33996931460122e-16 4.89388343162669e-17
4.68817204301075e-09 -0.000272566375707987 0.00141488498161983 406599.674318659 105824.877216114 1.34023943382285e-16 4.92085052291977e-17
5.2741935483871e-09 -2.90682957379168e-05 0.00145782388121346 418939.152662956 39218.2497003121 1.34050960736117e-16 4.93551044236662e-17
5.86021505376344e-09 0.000218374281021506 0.00146112097333623 419886.64776025 -28521.9195031437 1.34077983522711e-16 4.93746772211955e-17
6.44623655913979e-09 0.000463029472803631 0.00142467411539872 409412.806593059 -95461.0696565052 1.34105011743157e-16 4.9266896316436e-17
7.03225806451613e-09 0.000698243657208542 0.00134951630743141 387814.485429858 -159687.129647287 1.34132045398549e-16 4.90350718550497e-17
7.61827956989247e-09 0.000917631527109709 0.00123778641588904 355706.336638304 -219365.134915259 1.34159084489981e-16 4.86860576210684e-17
8.20430107526882e-09 0.00111525852118094 0.0010926683059098 314003.316942847 -272789.653051571 1.34186129018544e-16 4.82300559923054e-17
8.79032258064516e-09 0.00128581041694586 0.000918300114175644 263894.61489876 -318433.520254059 1.34213178985333e-16 4.76803272143087e-17
9.37634408602151e-09 0.00142474523986688 0.00071965624771007 206809.740538277 -354991.495890634 1.3424023439144e-16 4.70528112773089e-17
9.96236559139785e-09 0.00152842314610394 0.000502405473468809 144377.744157311 -381417.587291101 1.34267295237961e-16 4.63656731785036e-17
1.05483870967742e-08 0.00159421056481398 0.000272749147148046 78380.7276504723 -396954.977427226 1.34294361525987e-16 4.56387845424503e-17
1.11344086021505e-08 0.00162055562031215 3.72441977109033e-05 10702.9750518491 -401157.699201869 1.34321433256615e-16 4.48931563926831e-17
1.17204301075269e-08 0.00160703267411853 -0.000197384079533031 -56722.8456704214 -393903.435628445 1.34348510430938e-16 4.41503392658569e-17
1.23064516129032e-08 0.00155435470847488 -0.000424434076357102 -121970.873575155 -375397.078518698 1.3437559305005e-16 4.34318077957381e-17
1.28924731182796e-08 0.00146435319116792 -0.000637419287117521 -183177.062385452 -346164.942177526 1.34402681115048e-16 4.27583473413765e-17
1.34784946236559e-08 0.00133992599021939 -0.000830253619003133 -238592.433642261 -307039.795493677 1.34429774627025e-16 4.21494601789413e-17
1.40645161290323e-08 0.001184954819674 -0.00099742530299248 -286633.054009545 -259137.138092128 1.34456873587077e-16 4.16228082214499e-17
1.46505376344086e-08 0.00100419456826473 -0.00113415443599672 -325925.308625004 -203823.396385882 1.344839779963e-16 4.11937081907255e-17
1.5236559139785e-08 0.000803137666286176 -0.00123652965119221 -355345.176457042 -142676.946283949 1.34511087855789e-16 4.08746936709828e-17
1.58225806451613e-08 0.000587857359597976 -0.00130162000878 -374050.384682645 -77443.07437899 1.34538203166641e-16 4.0675156566079e-17
1.64086021505376e-08 0.000364834362910629 -0.00132755890637535 -381504.522263768 -9984.16279031133 1.34565323929951e-16 4.06010782170612e-17
1.6994623655914e-08 0.000140771840125112 -0.00131359760676014 -377492.422375541 57773.4804821808 1.34592450146816e-16 4.06548578778365e-17
1.75806451612903e-08 -7.75960061059999e-05 -0.00126012684803339 -362126.372579055 123894.627740898 1.34619581818333e-16 4.0835243467606e-17
1.81666666666667e-08 -0.000283696269833066 -0.00116866591251495 -335842.973519931 186490.403597968 1.34646718945598e-16 4.11373665984696e-17
1.8752688172043e-08 -0.000471305108997462 -0.00104181946007163 -299390.7339938 243772.244186419 1.34673861529708e-16 4.15528808987158e-17
1.93387096774194e-08 -0.000634725580444924 -0.000883203352306404 -253808.754824582 294103.002132982 1.34701009571761e-16 4.20701997017898e-17
1.99247311827957e-08 -0.000768950461459146 -0.000697341579978231 -200397.108592812 336043.737062899 1.34728163072855e-16 4.26748263320693e-17
2.05107526881721e-08 -0.000869805404302529 -0.000489537231791576 -140679.759555745 368394.854342933 1.34755322034086e-16 4.33497675724757e-17
2.10967741935484e-08 -0.000934068331042131 -0.000265721184713735 -76361.081337142 390230.415924985 1.34782486456553e-16 4.4076018521221e-17
2.16827956989247e-08 -0.000959561653738737 -3.22828330337787e-05 -9277.2130371972 400924.641934093 1.34809656341354e-16 4.48331050036114e-17
2.22688172043011e-08 -0.000945214680549841 0.00020411231274708 58656.3579128371 400169.844494484 1.34836831689588e-16 4.55996680581628e-17
2.28548387096774e-08 -0.000891094419313849 0.000436712950109725 125499.489776241 387985.279846506 1.34864012502353e-16 4.63540738114493e-17
2.34408602150538e-08 -0.000798403892451516 0.000658874797366525 189342.795708594 364716.664094882 1.34891198780748e-16 4.70750313275973e-17
2.40268817204301e-08 -0.000669448004781289 0.00086425038856286 248362.185678957 331026.364542038 1.34918390525872e-16 4.77422007870681e-17
2.46129032258065e-08 -0.000507567932604376 0.00104697042891889 300870.983118591 287874.544885772 1.34945587738824e-16 4.83367746220356e-17
2.51989247311828e-08 -0.00031704590170278 0.00120181152925657 345368.127258437 236491.800991429 1.34972790420703e-16 4.88420150045842e-17
2.57849462365592e-08 -0.000102983068018309 0.00132434552585709 380581.083617403 178344.067102099 1.3499999857261e-16 4.924373232726e-17
2.63709677419355e-08 0.000128846016434912 0.00141106611718559 405502.235971797 115090.793278231 1.35027212195645e-16 4.95306909977912e-17
2.69569892473118e-08 0.000372158200401107 0.00145948919593492 419417.719070954 48537.5872458817 1.35054431290907e-16 4.96949309430895e-17
2.75430107526882e-08 0.000620341089917757 0.00146822400542412 421927.867061554 -19415.3278202364 1.35081655859497e-16 4.97319956228134e-17
2.81290322580645e-08 0.000866641844717102 0.00143701308212227 412958.69188861 -86827.3682760356 1.35108885902516e-16 4.96410600211911e-17
2.87150537634409e-08 0.00110436002400646 0.00136673983718618 392764.062024338 -151773.008669278 1.35136121421063e-16 4.94249549413005e-17
2.93010752688172e-08 0.00132703897439761 0.00125940355396142 361918.51742622 -212396.78145388 1.35163362416242e-16 4.90900868870612e-17
2.98870967741936e-08 0.00152865029328716 0.00111806250901382 321300.924059896 -266966.286776116 1.35190608889151e-16 4.86462558002677e-17
3.04731182795699e-08 0.00170376609766884 0.000946746834853482 272069.433002914 -313921.697871784 1.35217860840894e-16 4.81063758379026e-17
3.10591397849462e-08 0.00184771417559905 0.000750343607074059 215628.457596686 -351920.347400929 1.35245118272572e-16 4.74861071453655e-17
3.16451612903226e-08 0.0019567115854514 0.000534457432452881 153588.610237236 -379875.120260039 1.35272381185287e-16 4.68034091249809e-17
3.22311827956989e-08 0.00202797288277645 0.000305250514955866 87720.7416708635 -396985.555054236 1.3529964958014e-16 4.60780279435046e-17
3.28172043010753e-08 0.00205978987849861 6.92667635410287e-05 19905.3943343482 -402760.7644458 1.35326923458235e-16 4.53309329031691e-17
3.34032258064516e-08 0.00205158064467922 -0.000166755037631087 -47920.8874732502 -397033.518084978 1.35354202820673e-16 4.45837177643061e-17
3.3989247311828e-08 0.00200390636196372 -0.000396073662563656 -113820.857735171 -379965.084110617 1.35381487668559e-16 4.38579841118672e-17
3.45752688172043e-08 0.00191845552105104 -0.000612137985228623 -175911.900023909 -352040.689079783 1.35408778002994e-16 4.31747243744646e-17
3.51612903225807e-08 0.00179799592285691 -0.000808774130470483 -232419.809608957 -314055.724112981 1.35436073825081e-16 4.25537221180142e-17
3.5747311827957e-08 0.00164629584186297 -0.000980361887537347 -281729.489934056 -267093.089373037 1.35463375135926e-16 4.20129867462173e-17
3.63333333333333e-08 0.00146801659817624 -0.00112199534537262 -322431.114855198 -212492.322180673 1.3549068193663e-16 4.15682387608315e-17
3.69193548387097e-08 0.00126857960089698 -0.00122962315844366 -353360.437245922 -151811.388874602 1.35517994228299e-16 4.12324602938495e-17
3.7505376344086e-08 0.00105401165515703 -0.00130016443275132 -373632.091502002 -86782.2302384379 1.35545312012036e-16 4.10155237623703e-17
3.80913978494624e-08 0.000830772946784347 -0.00133159691719216 -382664.937353571 -19261.3289459007 1.35572635288945e-16 4.0923909268198e-17
3.86774193548387e-08 0.000605572614197165 -0.00132301497579048 -380198.719516593 48823.2900884405 1.35599964060132e-16 4.0960518831621e-17
3.92634408602151e-08 0.000385177172650905 -0.00127465567892594 -366301.565605969 115527.113398921 1.35627298326701e-16 4.11245927846833e-17
3.98494623655914e-08 0.000176217261170139 -0.00118789226193058 -341368.106313255 178944.674673481 1.35654638089757e-16 4.14117307324552e-17
4.04354838709678e-08 -1.50017684947895e-05 -0.00106519513132839 -306108.269654612 237263.986364398 1.35681983350405e-16 4.18140165046395e-17
4.10215053763441e-08 -0.000182680010172554 -0.000910061525928124 -261527.067471369 288818.312312215 1.3570933410975e-16 4.2320243549566e-17
4.16075268817204e-08 -0.000321688761311034 -0.000726915835479781 -208895.949708066 332133.802123111 1.35736690368899e-16 4.29162343530884e-17
4.21935483870968e-08 -0.000427717143490875 -0.000520983418084271 -149716.542948933 365971.625938755 1.35764052128958e-16 4.35852447780768e-17
4.27795698924731e-08 -0.000497395393802107 -0.000298141515043101 -85677.8073781043 389363.405043192 1.35791419391032e-16 4.43084417928733e-17
4.33655913978495e-08 -0.000528391300955419 -6.47515166995315e-05 -18607.8345191899 401638.924992848 1.35818792156228e-16 4.50654409586308e-17
4.39516129032258e-08 -0.000519477026328287 0.000172522633670721 49578.3385747748 402445.338177833 1.35846170425653e-16 4.58348883358854e-17
4.45376344086022e-08 -0.000470564395454078 0.000406904713974761 116933.408955583 391757.305641355 1.35873554200413e-16 4.65950701989316e-17
4.51236559139785e-08 -0.000382707645621679 0.000631699742576472 181533.419984938 369877.786665535 1.35900943481615e-16 4.73245331489837e-17
4.57096774193549e-08 -0.00025807354456488 0.000840485216101433 241532.71790704 337429.451690958 1.35928338270367e-16 4.80026969165977e-17
4.62956989247312e-08 -9.98797271477009e-05 0.0010272946031969 295216.682992122 295336.961947889 1.35955738567776e-16 4.8610442349076e-17
4.68817204301075e-08 8.76969951231044e-05 0.00118678785175725 341050.728701206 244800.620090182 1.35983144374949e-16 4.91306577838207e-17
4.74677419354839e-08 0.000299639738940825 0.00131440403699123 377724.168611865 187262.142684979 1.36010555692996e-16 4.95487281937999e-17
4.80537634408602e-08 0.000530234672047532 0.00140649178681953 404187.697149752 124363.530577131 1.36037972523023e-16 4.98529531226921e-17
4.86397849462366e-08 0.000773234071056378 0.00146041375493521 419683.412320434 57900.2104814074 1.36065394866139e-16 5.00348814583608e-17
4.92258064516129e-08 0.00102203466101307 0.00147462215235835 423766.521435229 -10230.2149837962 1.36092822723454e-16 5.00895534661683e-17
4.98118279569893e-08 0.00126986614605078 0.00144870317433962 416318.108201651 -78082.1459073526 1.36120256096075e-16 5.00156431505454e-17
5.03978494623656e-08 0.00150998454839198 0.00138338904744087 397548.594728524 -143717.545485158 1.36147694985111e-16 4.98154968586566e-17
5.0983870967742e-08 0.00173586483453279 0.00128053734619404 367991.797693189 -205261.295575411 1.36175139391673e-16 4.94950670027018e-17
5.15698924731183e-08 0.00194138732669452 0.00114307816351255 328489.746546658 -260954.766307789 1.36202589316869e-16 4.90637427727825e-17
5.21559139784946e-08 0.00212101257402556 0.000974930637305086 280168.695520186 -309206.069336999 1.36230044761809e-16 4.85340826547834e-17
5.2741935483871e-08 0.00226993968657726 0.000780891211289244 224407.012805385 -348635.558744876 1.36257505727603e-16 4.7921456373323e-17
5.33279569892473e-08 0.0023842436064076 0.000566496815805822 162795.862420917 -378115.279042716 1.36284972215362e-16 4.72436064683554e-17
5.39139784946237e-08 0.00246098739085222 0.000337866871408064 97093.8003174699 -396801.232346354 1.36312444226195e-16 4.65201420114716e-17
5.45e-08 0.00249830629591328 0.000101528623646783 29176.5803193007 -404157.541667869 1.36339921761213e-16 4.57719789086848e-17
5.50860215053764e-08 0.0024954612525135 -0.000135769205528147 -39016.3974226709 -399971.818544574 1.36367404821527e-16 4.50207427649814e-17
5.56720430107527e-08 0.00245286020207656 -0.000367249129627204 -105537.466606847 -384361.294307757 1.36394893408249e-16 4.42881513584389e-17
5.62580645161291e-08 0.0023720466755862 -0.000586298469802155 -168486.322190066 -357769.53801316 1.36422387522489e-16 4.35953943575289e-17
5.68440860215054e-08 0.00225565593574078 -0.000786658258730115 -226064.306254465 -320953.852882475 1.36449887165358e-16 4.29625279975113e-17
5.74301075268817e-08 0.00210733992834496 -0.000962602079806128 -276625.801554235 -274963.709363188 1.3647739233797e-16 4.24079020081258e-17
5.80161290322581e-08 0.00193166318019792 -0.00110909973163132 -318725.26426277 -221110.828997388 1.36504903041434e-16 4.19476351671054e-17
5.86021505376344e-08 0.00173397261099137 -0.00122196104017473 -351158.551698185 -160931.771882534 1.36532419276865e-16 4.15951544684857e-17
5.91881720430108e-08 0.00152024497239261 -0.00129795570706666 -372997.363481204 -96144.0947903632 1.36559941045373e-16 4.13608110807334e-17
5.97741935483871e-08 0.00129691626724539 -0.00133490576610859 -383615.811035366 -28597.3308590322 1.36587468348073e-16 4.12515840791058e-17
6.03602150537635e-08 0.00107069801737846 -0.00133174800175682 -382708.354970963 39779.8100691771 1.36615001186075e-16 4.12708804318622e-17
6.09462365591398e-08 0.000848385625119775 -0.00128856454074882 -370298.596291 107034.513165282 1.36642539560495e-16 4.1418436972456e-17
6.15322580645162e-08 0.000636664300487935 -0.00120658073671674 -346738.668486349 171245.629889558 1.36670083472444e-16 4.16903271780795e-17
6.21182795698925e-08 0.00044191809666159 -0.00108813040163102 -312699.245993044 230578.556032482 1.36697632923037e-16 4.20790725820257e-17
6.27043010752688e-08 0.000270047508663701 -0.000936589370564252 -269150.45250234 283337.648919335 1.36725187913386e-16 4.25738556587593e-17
6.32903225806452e-08 0.00012630084671275 -0.000756279290925046 -217334.212588804 328014.686148097 1.36752748444607e-16 4.31608281216955e-17
6.38763440860215e-08 1.51242033100626e-05 -0.000552344378137779 -158728.834626154 363331.98099051 1.36780314517813e-16 4.38235058472997e-17
6.44623655913979e-08 -5.99656969711711e-05 -0.000330604652425525 -95006.8350082822 388278.921923585 1.36807886134119e-16 4.45432391631407e-17
6.50483870967742e-08 -9.64821287408429e-05 -9.73898438048151e-05 -27987.2069372369 402140.891330433 1.36835463294639e-16 4.52997450827249e-17
6.56344086021506e-08 -9.30395985373527e-05 0.000140641294604373 40416.504044325 404519.735864616 1.36863046000488e-16 4.60716862979263e-17
6.62204301075269e-08 -4.93936386086247e-05 0.000376691107130397 108250.835557394 395345.20210648 1.36890634252782e-16 4.68372804012825e-17
6.68064516129033e-08 3.35519811795927e-05 0.000604017161654259 173578.194978319 374877.009070535 1.36918228052635e-16 4.75749219436831e-17
6.73924731182796e-08 0.000153770835845723 0.000816124837459401 234532.20397778 343697.496486332 1.36945827401163e-16 4.82637995628758e-17
6.79784946236559e-08 0.000308171498113948 0.00100695287384067 289371.020172342 302695.056936911 1.36973432299481e-16 4.88844905554289e-17
6.85645161290323e-08 0.000492685621329459 0.00117104657843417 336527.112513552 253038.823211404 1.37001042748707e-16 4.94195159055035e-17
6.91505376344086e-08 0.000702383942770019 0.00130371374562557 374652.068021277 196145.332090911 1.37028658749956e-16 4.98538399098011e-17
6.9736559139785e-08 0.000931616899691928 0.00140115882823272 402655.149096221 133638.115100238 1.37056280304344e-16 5.01753001173035e-17
7.03225806451613e-08 0.00117417584679665 0.00146059152588963 419734.498884436 67301.3689685436 1.37083907412988e-16 5.037495528989e-17
7.09086021505377e-08 0.00142347027458182 0.00148030668349606 425400.101930657 -970.972131382936 1.37111540077005e-16 5.04473414289297e-17
7.1494623655914e-08 0.00167271597009941 0.00145973321191099 419487.842662403 -69229.3088957007 1.37139178297512e-16 5.03906285367515e-17
7.20806451612904e-08 0.00191512874809053 0.00139945062739238 402164.258377629 -135524.049977687 1.37166822075626e-16 5.02066736156248e-17
7.26666666666667e-08 0.00214411822028574 0.00130117273087401 373921.849110308 -197961.296043613 1.37194471412465e-16 4.99009683696344e-17
7.3252688172043e-08 0.00235347606845684 0.00116769888662253 335565.076434284 -254756.944355484 1.37222126309147e-16 4.94824830820089e-17
7.38387096774194e-08 0.00253755344267696 0.00100283428533438 288187.449234022 -304287.668232777 1.3724978676679e-16 4.89634111061887e-17
7.44247311827957e-08 0.00269142241576891 0.000811281462874028 233140.349124136 -345137.31469391 1.37277452786511e-16 4.83588212484705e-17
7.50107526881721e-08 0.00281101687928806 0.000598506167305564 171994.484262282 -376137.394150822 1.3730512436943e-16 4.76862279523239e-17
7.55967741935484e-08 0.0028932488526474 0.000370581400153567 106495.071025836 -396400.504505609 1.37332801516664e-16 4.69650915442069e-17
7.61827956989248e-08 0.00293609687842982 0.00013401408198387 38512.0223881186 -405345.733572388 1.37360484229334e-16 4.62162628007538e-17
7.67688172043011e-08 0.00293866397353553 -0.000104440710427433 -30013.4352947804 -402715.312669618 1.37388172508558e-16 4.54613876903589e-17
7.73548387096775e-08 0.00290120347484737 -0.000337972632094502 -97124.1930781677 -388582.043965244 1.37415866355455e-16 4.47222892828679e-17
7.79408602150538e-08 0.0028251120347564 -0.000559910575174659 -160903.155006249 -363347.287580209 1.37443565771145e-16 4.40203444766252e-17
7.85268817204301e-08 0.00271288996000341 -0.000763913236554358 -219528.002081919 -327729.564044244 1.37471270756747e-16 4.3375873343701e-17
7.91129032258065e-08 0.00256807002006801 -0.000944150303902002 -271323.260237676 -282744.095752463 1.37498981313383e-16 4.2807558537304e-17
7.96989247311828e-08 0.0023951167521335 -0.00109546908328122 -314808.184604778 -229673.869935837 1.37526697442171e-16 4.23319113502573e-17
8.02849462365592e-08 0.00219929913273744 -0.00121354180619411 -348739.091573158 -170033.047937515 1.37554419144233e-16 4.19627996843092e-17
8.08709677419355e-08 0.00198654024749345 -0.00129498940479876 -372144.928441093 -105523.764356945 1.37582146420689e-16 4.17110514248258e-17
8.14569892473119e-08 0.00176324824797875 -0.00133747821531237 -384355.063357673 -37987.5486315957 1.3760987927266e-16 4.15841445644063e-17
8.20430107526882e-08 0.00153613342021908 -0.00133978684212241 -385018.500259809 30647.2445326078 1.37637617701267e-16 4.15859929435254e-17
8.26290322580646e-08 0.00131201658685175 -0.00130184126683867 -374113.968264185 98420.4951973345 1.37665361707632e-16 4.17168337470862e-17
8.32150537634409e-08 0.00109763431362461 -0.00122471719311932 -351950.595506836 163396.296575333 1.37693111292876e-16 4.19732199906605e-17
8.38010752688172e-08 0.000899446483262854 -0.00111060955370971 -319159.146290869 223718.253096418 1.37720866458121e-16 4.23481182321331e-17
8.43870967741936e-08 0.00072345173323784 -0.000962770044028135 -276674.069928592 277662.518600727 1.3774862720449e-16 4.28311087390794e-17
8.49731182795699e-08 0.000575016030469228 -0.000785414460029361 -225706.872149774 323687.059332668 1.37776393533103e-16 4.34086824153163e-17
8.55591397849463e-08 0.000458719281836079 -0.000583602480881604 -167711.567894626 360475.733931194 1.37804165445085e-16 4.40646260252912e-17
8.61451612903226e-08 0.000378224365220601 -0.000363093324552634 -104343.200633426 386975.930365416 1.37831942941556e-16 4.47804847313224e-17
8.6731182795699e-08 0.000336172326316583 -0.000130181394205653 -37410.6115860869 402428.683537178 1.37859726023642e-16 4.55360887482881e-17
8.73172043010753e-08 0.000334106739843459 0.000108483394365573 31175.1933132586 406390.411822276 1.37887514692464e-16 4.63101290863931e-17
8.79032258064517e-08 0.000372429401418771 0.00034608547555095 99455.6048537127 398745.650027881 1.37915308949146e-16 4.7080765947571e-17
8.8489247311828e-08 0.000450388621913895 0.000575838266191985 165480.342597058 379710.413278088 1.37943108794813e-16 4.78262524051231e-17
8.90752688172043e-08 0.00056610046518447 0.000791178009192961 227363.160288586 349826.09386463 1.37970914230586e-16 4.85255555561867e-17
8.96612903225807e-08 0.000716602329209733 0.000985951291772858 283335.733530756 309944.063476672 1.37998725257592e-16 4.91589574052208e-17
9.0247311827957e-08 0.000897937346764793 0.00115459088120646 331798.190219238 261201.418730449 1.38026541876953e-16 4.97086183120556e-17
9.08333333333334e-08 0.00110526720117868 0.00129227485350074 371364.839820438 204988.560971813 1.38054364089795e-16 5.01590869038227e-17
9.14193548387097e-08 0.00133301014065836 0.00139506446662791 400903.794409524 142909.534692475 1.38082191897242e-16 5.04977418759431e-17
9.20053763440861e-08 0.00157500025429295 0.00146001683611803 419569.348588122 76736.2559144551 1.38110025300419e-16 5.07151530497964e-17
9.25913978494624e-08 0.00182466346478642 0.00148526918971408 426826.191993287 8357.93663889205 1.38137864300452e-16 5.08053513583372e-17
9.31774193548388e-08 0.00207520521459161 0.00147009228890055 422464.761199892 -60272.8510723848 1.38165708898466e-16 5.07660000300416e-17
9.37634408602151e-08 0.00231980448712222 0.00141491148528454 406607.290755032 -127195.931545347 1.38193559095586e-16 5.05984620619745e-17
9.43494623655914e-08 0.00255180862270002 0.00132129480391083 379704.388645092 -190499.510327688 1.38221414892939e-16 5.03077620339649e-17
9.49354838709678e-08 0.0027649233650816 0.00119190838724382 342522.232101289 -248374.788420265 1.38249276291651e-16 4.99024433333009e-17
9.55215053763441e-08 0.00295339270951334 0.00103044056585803 296120.747569845 -299167.64574364 1.38277143292847e-16 4.93943248468511e-17
9.61075268817205e-08 0.00311216341346003 0.000841496718214825 241823.396255613 -341425.917071832 1.38305015897655e-16 4.87981640497325e-17
9.66935483870968e-08 0.00323702946818205 0.000630467916657017 181179.426533757 -373940.909255976 1.38332894107201e-16 4.81312360945361e-17
9.72795698924732e-08 0.00332475240074735 0.000403377106071725 115919.669857967 -395781.972768684 1.38360777922613e-16 4.74128409062338e-17
9.78655913978495e-08 0.00337315396556283 0.000166707204134866 47907.1414202228 -406323.13874305 1.38388667345017e-16 4.6663752346602e-17
9.84516129032258e-08 0.00338117857242564 -7.27839707124461e-05 -20916.1445430135 -405261.059106075 1.38416562375541e-16 4.59056251694293e-17
9.90376344086022e-08 0.00334892366194469 -0.000308256660193695 -88584.6265028706 -392623.735653213 1.38444463015313e-16 4.51603766965129e-17
9.96236559139785e-08 0.00327763715430684 -0.000532984506286418 -153165.331096275 -368769.786892781 1.3847236926546e-16 4.44495608698759e-17
1.00209677419355e-07 0.00316968203763489 -0.000740546691663502 -212813.089091821 -334378.271697862 1.38500281127112e-16 4.37937525569374e-17
1.00795698924731e-07 0.00302846910075397 -0.000925011391944764 -265823.254604909 -290429.358522766 1.38528198601395e-16 4.32119596961173e-17
1.01381720430108e-07 0.00285835972524115 -0.0010811052982649 -310680.421298581 -238176.390467357 1.3855612168944e-16 4.272108007872e-17
1.01967741935484e-07 0.0026645415071827 -0.00120436436546829 -346101.743337313 -179110.142334236 1.38584050392374e-16 4.23354182914181e-17
1.0255376344086e-07 0.00245288025565569 -0.00129126147649894 -371073.622679649 -114916.288995448 1.38611984711327e-16 4.20662766284825e-17
1.03139784946237e-07 0.0022297525903898 -0.0013393073720048 -384880.713516579 -47427.2984883421 1.38639924647428e-16 4.19216316729572e-17
1.03725806451613e-07 0.0020018639160389 -0.00134712195703824 -387126.413888558 21429.8772554026 1.38667870201807e-16 4.19059058014689e-17
1.04311827956989e-07 0.0017760569691244 -0.00131447394224026 -377744.25748966 89688.8208398873 1.38695821375593e-16 4.20198401580162e-17
1.04897849462366e-07 0.00155911640401988 -0.00124228768091313 -356999.878457314 155399.806107506 1.38723778169916e-16 4.22604727452539e-17
1.05483870967742e-07 0.00135757499857825 -0.00113261700010512 -325483.491133881 216685.48940002 1.38751740585906e-16 4.26212222801653e-17
1.06069892473118e-07 0.00117752701486456 -0.000988586766504713 -284093.097685134 271794.544635765 1.38779708624695e-16 4.30920754403106e-17
1.06655913978495e-07 0.00102445404720758 -0.000814303849645758 -234008.90133369 319151.709869228 1.38807682287412e-16 4.36598721733325e-17
1.07241935483871e-07 0.00090306833419337 -0.000614740019331138 -176659.654245908 357402.815186035 1.38835661575189e-16 4.43086809404515e-17
1.07827956989247e-07 0.000817178013421617 -0.000395590116304492 -113681.899619106 385453.504841443 1.38863646489156e-16 4.50202531943658e-17
1.08413978494624e-07 0.000769578172018541 -0.000163109542114575 -46873.2706641109 402500.54639608 1.38891637030445e-16 4.57745441267296e-17
1.09e-07 0.000761970809899184 7.60642943863405e-05 21858.8208416467 408054.831109564 1.38919633200187e-16 4.6550284824994e-17
