0 -0.00139 0 0 400000 1.33808e-16 4.46026666666667e-17
1.73566878980892e-10 -0.00138826855143913 6.95133240204003e-05 19976.2491472233 400499.997043974 1.33808207566587e-16 4.48254843510201e-17
3.47133757961783e-10 -0.00138306772336212 0.000139026961347629 39952.5883303547 400002.988253782 1.33808415133496e-16 4.50483030394409e-17
5.20700636942675e-10 -0.00137440181580252 0.000208367864400992 59879.2883552439 398510.209342758 1.33808622700725e-16 4.52705682182617e-17
6.94267515923567e-10 -0.00136228375478596 0.000277363415337558 79706.7435227495 396025.374901049 1.33808830268276e-16 4.54917267508664e-17
8.67834394904458e-10 -0.00134673506016538 0.000345841855768504 99385.5951175948 392554.66915233 1.33809037836148e-16 4.5711228254674e-17
1.04140127388535e-09 -0.00132778579206274 0.000413632714336599 118866.854282572 388106.730562592 1.33809245404341e-16 4.59285264712673e-17
1.21496815286624e-09 -0.00130547447605039 0.000480567231090412 138102.023972209 382692.630339302 1.33809452972856e-16 4.6143080626258e-17
1.38853503184713e-09 -0.00127984800725845 0.000546478777598786 157043.21968231 376325.844874446 1.33809660541691e-16 4.63543567755013e-17
1.56210191082803e-09 -0.00125096153364676 0.00061120327175975 175643.288654814 369022.222200063 1.33809868110848e-16 4.65618291343096e-17
1.73566878980892e-09 -0.00121887831873211 0.000674579586271231 193855.927261228 360799.942539739 1.33810075680326e-16 4.67649813863562e-17
1.90923566878981e-09 -0.00118366958411225 0.0007364499497467 211635.796272419 351679.473054289 1.33810283250125e-16 4.696330796901e-17
2.0828025477707e-09 -0.00114541433217884 0.000796660339477208 228938.633727798 341683.516894243 1.33810490820245e-16 4.71563153319026e-17
2.25636942675159e-09 -0.00110419914946055 0.00085506086486206 245721.365122921 330836.956685973 1.33810698390687e-16 4.73435231655929e-17
2.42993630573248e-09 -0.0010601179910859 0.00091150614055358 261942.210641208 319166.792592142 1.3381090596145e-16 4.75244655972731e-17
2.60350318471338e-09 -0.00101327194690227 0.000965855648387068 277560.789162817 306702.075100641 1.33811113532533e-16 4.7698692350536e-17
2.77707006369427e-09 -0.000963768989833435 0.00101797408719492 292538.218791766 293473.832709341 1.33811321103938e-16 4.78657698663202e-17
2.95063694267516e-09 -0.000911723707101873 0.00106773170963406 306837.213651027 279514.994686662 1.33811528675665e-16 4.80252823822396e-17
3.12420382165605e-09 -0.00085725701498504 0.00111500464518824 320422.176704638 264860.309100235 1.33811736247712e-16 4.81768329676119e-17
3.29777070063694e-09 -0.000800495857815592 0.0011596752085409 333259.288375745 249546.256317712 1.33811943820081e-16 4.83200445116087e-17
3.47133757961783e-09 -0.00074157289197489 0.00120163219255124 345316.590739973 233610.958195045 1.3381215139277e-16 4.8454560662068e-17
3.64490445859872e-09 -0.000680626155666404 0.00124077114510373 356564.067084514 217094.083178294 1.33812358965781e-16 4.85800467126308e-17
3.81847133757962e-09 -0.000617798725291079 0.00127699462914221 366973.716634878 200036.747555202 1.33812566539114e-16 4.86961904359945e-17
3.99203821656051e-09 -0.000553238359280055 0.00131021246524104 376519.624263278 182481.41310235 1.33812774112767e-16 4.88027028612073e-17
4.1656050955414e-09 -0.000487097130271365 0.00134034195610935 385178.025005095 164471.781382693 1.33812981686741e-16 4.88993189930706e-17
4.33917197452229e-09 -0.000419531046546259 0.00136730809246973 392927.363222827 146052.684956596 1.33813189261037e-16 4.89857984718557e-17
4.51273885350318e-09 -0.000350699663667532 0.00139104373979852 399748.346270213 127269.975777193 1.33813396835654e-16 4.90619261716951e-17
4.68630573248408e-09 -0.000280765687286635 0.00141148980546303 405623.992522936 108170.411047895 1.33813604410592e-16 4.91275127361565e-17
4.85987261146497e-09 -0.000209894568108315 0.00142859538583947 410539.673656343 88801.5368261856 1.33813811985852e-16 4.91823950496678e-17
5.03343949044586e-09 -0.000138254090021098 0.00144231789304531 414483.151064903 69211.5696634551 1.33814019561432e-16 4.92264366436184e-17
5.20700636942675e-09 -6.60139524188733e-05 0.00145262316097066 417444.606332751 49449.2765755285 1.33814227137334e-16 4.92595280361256e-17
5.38057324840764e-09 6.65465224661644e-06 0.00145948553034459 419416.665679439 29563.8536426723 1.33814434713557e-16 4.92815870046217e-17
5.55414012738854e-09 7.95794646307773e-05 0.00146288791262454 420394.418320049 9604.80354130223 1.33814642290101e-16 4.9292558790581e-17
5.72770700636943e-09 0.000152587587317748 0.00146282183254998 420375.428693933 -10378.1876877426 1.33814849866966e-16 4.92924162358785e-17
5.90127388535032e-09 0.000225505915231068 0.00145928744925399 419359.74253164 -30335.3743275829 1.33815057444153e-16 4.92811598504403e-17
6.07484076433121e-09 0.000298161566561957 0.00145229355588054 417349.886744912 -50217.074822433 1.3381526502166e-16 4.9258817811017e-17
6.2484076433121e-09 0.000370382313142469 0.00144185755770814 414350.863140019 -69973.7954552022 1.33815472599489e-16 4.9225445891083e-17
6.421974522293e-09 0.000441997009192121 0.00142800542883438 410370.135970066 -89556.3535576815 1.33815680177639e-16 4.91811273220366e-17
6.59554140127389e-09 0.000512836017370699 0.00141077164752913 405417.613357259 -108915.999946595 1.3381588775611e-16 4.91259725860458e-17
6.76910828025478e-09 0.000582731631076591 0.00139019911041736 399505.622631358 -128004.540280718 1.33816095334903e-16 4.90601191410557e-17
6.94267515923567e-09 0.000651518491939399 0.00136633902570508 392648.879645704 -146774.455036965 1.33816302914017e-16 4.89837310786415e-17
7.11624203821656e-09 0.000719034001467481 0.00133925078571426 384864.452147206 -165179.017806753 1.33816510493451e-16 4.88969987155599e-17
7.28980891719746e-09 0.000785118725825693 0.00130900181904396 376171.717291443 -183172.411618184 1.33816718073207e-16 4.88001381200136e-17
7.46337579617835e-09 0.000849616792735631 0.00127566742272566 366592.313408656 -200709.842994432 1.33816925653285e-16 4.86933905738104e-17
7.63694267515924e-09 0.000912376279510342 0.00123933057479072 356150.086140685 -217747.653464427 1.33817133233683e-16 4.85770219717538e-17
7.81050955414013e-09 0.000973249591257496 0.00120008172771628 344871.029082928 -234243.428248217 1.33817340814403e-16 4.84513221597616e-17
7.98407643312102e-09 0.00103209382830951 0.00115801858326401 332783.219079087 -250156.101846449 1.33817548395444e-16 4.83166042133591e-17
8.15764331210192e-09 0.00108877114196594 0.00111324584927215 319916.746329757 -265446.060271107 1.33817755976806e-16 4.81732036583429e-17
8.33121019108281e-09 0.00114314907766251 0.00106587497900608 306303.639488858 -280075.239663006 1.33817963558489e-16 4.80214776355568e-17
8.5047770700637e-09 0.00119510090471245 0.00101602389371654 291977.785934348 -294007.22105055 1.33818171140494e-16 4.78618040118565e-17
8.67834394904459e-09 0.00124450593179939 0.000963816689095835 276974.847411697 -307207.321013835 1.33818378722819e-16 4.76945804394784e-17
8.85191082802548e-09 0.0012912498074362 0.000909383326363054 261332.171260113 -319642.678028405 1.33818586305466e-16 4.75202233661531e-17
9.02547770700638e-09 0.00133522480464196 0.000852859308747018 245088.69744251 -331282.334273711 1.33818793888434e-16 4.7339166998427e-17
9.19904458598727e-09 0.00137633008912824 0.000794385344172487 228284.861610635 -342097.312702599 1.33819001471723e-16 4.71518622207741e-17
9.37261146496816e-09 0.00141447197032719 0.000734106994989228 210962.494446683 -352060.689179981 1.33819209055334e-16 4.69587754731882e-17
9.54617834394905e-09 0.00144956413463627 0.000672174315615922 193164.717531956 -361147.659511073 1.33819416639266e-16 4.67603875900482e-17
9.71974522292994e-09 0.00148152786029921 0.000608741479000919 174935.836001783 -369335.601192365 1.33819624223519e-16 4.65571926031501e-17
9.89331210191084e-09 0.00151029221338805 0.000543966392829747 156321.228253944 -376604.129731562 1.33819831808093e-16 4.63496965118812e-17
1.00668789808917e-08 0.00153579422439844 0.000478010306434734 137367.232985124 -382935.149396296 1.33820039392988e-16 4.61384160236021e-17
1.02404458598726e-08 0.00155797904501858 0.000411037409385323 118121.033836631 -388312.898265279 1.33820246978205e-16 4.59238772673692e-17
1.04140127388535e-08 0.00157680008468143 0.000343214422758324 98630.5419365158 -392723.987469706 1.33820454563742e-16 4.57066144842009e-17
1.05875796178344e-08 0.00159221912656023 0.000274710184105585 78944.2766305098 -396157.434527249 1.33820662149601e-16 4.54871686971484e-17
1.07611464968153e-08 0.00160420642271867 0.000205695227152255 59111.2446986745 -398604.690685621 1.33820869735781e-16 4.52660863644805e-17
1.09347133757962e-08 0.00161274076817858 0.000136341357271939 39180.8183584422 -400059.662207648 1.33821077322283e-16 4.50439180193365e-17
1.11082802547771e-08 0.00161780955372099 6.68212237955502e-05 19202.612357748 -400518.725544846 1.33821284909105e-16 4.48212168992323e-17
1.1281847133758e-08 0.00161940879728884 -2.69210978145887e-06 -773.639535786144 -399980.736361719 1.33821492496249e-16 4.45985375688327e-17
1.14554140127389e-08 0.00161754315391328 -7.20255966235454e-05 -20698.2083421459 -398447.032388315 1.33821700083714e-16 4.43764345394176e-17
1.16289808917198e-08 0.00161222590413881 -0.000141006637338723 -40521.4936644928 -395921.430093912 1.33821907671501e-16 4.41554608884786e-17
1.18025477707006e-08 0.00160347892097593 -0.000209463509649007 -60194.1471648281 -392410.215190117 1.33822115259608e-16 4.39361668828834e-17
1.19761146496815e-08 0.00159133261546371 -0.000277225795878028 -79667.1954123717 -387922.126987006 1.33822322848037e-16 4.3719098609034e-17
1.21496815286624e-08 0.00157582586097756 -0.000344124807191635 -98892.1617988348 -382468.33664124 1.33822530436787e-16 4.35047966134306e-17
1.23232484076433e-08 0.00155700589647083 -0.000409994003535354 -117821.187217089 -376062.419350299 1.33822738025858e-16 4.32937945570238e-17
1.24968152866242e-08 0.00153492820889078 -0.000474669408223327 -136407.149202812 -368720.320562038 1.3382294561525e-16 4.30866178867058e-17
1.26703821656051e-08 0.00150965639506196 -0.00053799001614662 -154603.779242517 -360460.316283682 1.33823153204963e-16 4.28837825272476e-17
1.2843949044586e-08 0.00148126200338048 -0.000599798194584713 -172365.77795593 -351302.967589052 1.33823360794998e-16 4.26857935969388e-17
1.30175159235669e-08 0.0014498243557134 -0.000659940075622363 -189648.927865984 -341271.069437266 1.33823568385354e-16 4.2493144150127e-17
1.31910828025478e-08 0.00141543034994652 -0.000718265939194955 -206410.203475695 -330389.593930313 1.33823775976031e-16 4.23063139497874e-17
1.33646496815287e-08 0.00137817424367209 -0.000774630585808767 -222607.87837788 -318685.628150756 1.3382398356703e-16 4.21257682731776e-17
1.35382165605096e-08 0.0013381574195549 -0.000828893698008274 -238201.629131088 -306188.306734287 1.33824191158349e-16 4.1951956753552e-17
1.37117834394905e-08 0.00129548813296083 -0.000880920189690653 -253152.635643136 -292928.739344997 1.3382439874999e-16 4.17853122608186e-17
1.38853503184714e-08 0.00125028124247602 -0.000930580542397864 -267423.677812362 -278939.933233884 1.33824606341952e-16 4.16262498239243e-17
1.40589171974522e-08 0.00120265792398762 -0.000977751127749135 -280979.228185998 -264256.711073382 1.33824813934235e-16 4.14751655976524e-17
1.42324840764331e-08 0.00115274536903769 -0.00102231451521116 -293785.540404996 -248915.624272443 1.3382502152684e-16 4.13324358764039e-17
1.4406050955414e-08 0.00110067646820132 -0.00106415976443982 -305810.733215139 -232954.861987958 1.33825229119765e-16 4.11984161574175e-17
1.45796178343949e-08 0.00104658948027696 -0.00110318270146563 -317024.86983527 -216414.156059022 1.33825436713012e-16 4.10734402557609e-17
1.47531847133758e-08 0.000990627688112681 -0.00113928617803545 -327400.032485064 -199334.682100691 1.3382564430658e-16 4.09578194732967e-17
1.49267515923567e-08 0.000932939041924868 -0.00117238031346458 -336910.391886814 -181758.957003446 1.3382585190047e-16 4.08518418236907e-17
1.51003184713376e-08 0.000873675790997521 -0.00120238271839751 -345532.271568185 -163730.73309351 1.3382605949468e-16 4.07557713153938e-17
1.52738853503185e-08 0.00081299410467879 -0.0012292186999199 -353244.206805871 -145294.889217521 1.33826267089212e-16 4.06698472943807e-17
1.54474522292994e-08 0.00075105368361832 -0.00125282144751144 -360026.998063404 -126497.319022648 1.33826474684065e-16 4.05942838482827e-17
1.56210191082803e-08 0.000688017362213155 -0.00127313219937643 -365863.758790072 -107384.816710304 1.33826682279239e-16 4.0529269273398e-17
1.57945859872612e-08 0.000624050703251863 -0.00129010038873815 -370739.957461962 -88004.9605478304 1.33826889874735e-16 4.04749656059058e-17
1.59681528662421e-08 0.000559321585765956 -0.00130368376973271 -374643.453760448 -68405.9944281395 1.33827097470552e-16 4.04315082184523e-17
1.61417197452229e-08 0.000493999787114614 -0.00131384852258901 -377564.52879806 -48636.7077721708 1.33827305066689e-16 4.03990054831123e-17
1.63152866242038e-08 0.00042825656034305 -0.00132056933783283 -379495.90931647 -28746.3140731159 1.33827512663149e-16 4.03775385015647e-17
1.64888535031847e-08 0.000362264207866644 -0.00132382947930555 -380432.785796369 -8784.32838476935 1.33827720259929e-16 4.03671609031563e-17
1.66624203821656e-08 0.000296195652542112 -0.00132362082584051 -380372.824434114 11199.5559410161 1.33827927857031e-16 4.03678987113535e-17
1.68359872611465e-08 0.000230224007193477 -0.00131994389149316 -379316.172955339 31155.5909609215 1.33828135454453e-16 4.03797502789171e-17
1.70095541401274e-08 0.000164522143664474 -0.00131280782427477 -377265.460251054 51034.0979828453 1.33828343052197e-16 4.04026862919597e-17
1.71831210191083e-08 9.92622624701783e-05 -0.00130223038339269 -374225.7898371 70785.5912363843 1.33828550650263e-16 4.04366498428774e-17
1.73566878980892e-08 3.46154641191857e-05 -0.0012882378950538 -370204.72715327 90360.901063245 1.33828758248649e-16 4.04815565719727e-17
1.75302547770701e-08 -2.92486768265172e-05 -0.00127086518694116 -365212.280733671 109711.296320916 1.33828965847357e-16 4.05372948774181e-17
1.7703821656051e-08 -9.2162533893638e-05 -0.00125015550152703 -359260.877295217 128788.605694886 1.33829173446386e-16 4.06037261930355e-17
1.78773885350319e-08 -0.000153960845990738 -0.00122616038843779 -352365.330806236 147545.337617408 1.33829381045736e-16 4.0680685333202e-17
1.80509554140128e-08 -0.000214481128813643 -0.001198939576139 -344542.805612204 165934.798494292 1.33829588645408e-16 4.07679809040227e-17
1.82245222929936e-08 -0.000273564079338944 -0.00116856082325964 -335812.773710378 183911.208945393 1.338297962454e-16 4.08653957797469e-17
1.83980891719745e-08 -0.000331053972398629 -0.00113509974992593 -326196.966279683 201429.817769431 1.33830003845714e-16 4.09726876432421e-17
1.85716560509554e-08 -0.000386799048348595 -0.00109863964952439 -315719.319586509 218447.013349444 1.33830211446349e-16 4.10895895891805e-17
1.87452229299363e-08 -0.000440651890865969 -0.00105927128136274 -304405.915401062 234920.432221512 1.33830419047306e-16 4.12158107884364e-17
1.89187898089172e-08 -0.000492469793934729 -0.00101709264474482 -292284.916072607 250809.0645365 1.33830626648583e-16 4.13510372120408e-17
1.90923566878981e-08 -0.000542115117106029 -0.000972208735021807 -279386.494425196 266073.35615227 1.33830834250182e-16 4.14949324128901e-17
1.9265923566879e-08 -0.000589455628148832 -0.000924731282227194 -265742.758648406 280675.3071022 1.33831041852102e-16 4.16471383632652e-17
1.94394904458599e-08 -0.000634364832237822 -0.000874778472945858 -251387.672370057 294578.566194889 1.33831249454343e-16 4.18072763460734e-17
1.96130573248408e-08 -0.000676722286859108 -0.000822474656109836 -236356.970109861 307748.521509541 1.33831457056906e-16 4.1974947897597e-17
1.97866242038217e-08 -0.000716413901649761 -0.000767950033453025 -220688.068324484 320152.386561732 1.3383166465979e-16 4.21497357993997e-17
1.99601910828026e-08 -0.000753332222424733 -0.000711340335395422 -204419.972265433 331759.281925069 1.33831872262995e-16 4.23312051169238e-17
2.01337579617835e-08 -0.000787376698684091 -0.000652786483163721 -187593.178881666 342540.312105532 1.33832079866521e-16 4.25189042821905e-17
2.03073248407644e-08 -0.000818453933934596 -0.000592434237989369 -170249.576008592 352468.637477125 1.33832287470368e-16 4.27123662179097e-17
2.04808917197452e-08 -0.000846477918202447 -0.000530433838257351 -152432.338094451 361519.541099751 1.33832495074537e-16 4.29111095002005e-17
2.06544585987261e-08 -0.000871370242158349 -0.000466939625508959 -134185.818723626 369670.490252964 1.33832702679027e-16 4.31146395570281e-17
2.0828025477707e-08 -0.000893060292321841 -0.000402109660229576 -115555.440204441 376901.19253241 1.33832910283838e-16 4.33224498993731e-17
2.10015923566879e-08 -0.000911485426858886 -0.000336105328377898 -96587.5804963057 383193.646369308 1.33833117888971e-16 4.35340233820694e-17
2.11751592356688e-08 -0.000926591131535091 -0.000269090939636105 -77329.4577576771 388532.185847177 1.33833325494424e-16 4.37488334911715e-17
2.13487261146497e-08 -0.000938331155436281 -0.000201233318381074 -57829.0128022525 392903.519704265 1.33833533100199e-16 4.39663456546461e-17
2.15222929936306e-08 -0.00094666762611853 -0.000132701388394871 -38134.7897559962 396296.76442455 1.33833740706295e-16 4.41860185731259e-17
2.16958598726115e-08 -0.000951571143900968 -6.36657523483273e-05 -18295.8152120934 398703.471334945 1.33833948312713e-16 4.44073055674126e-17
2.18694267515924e-08 -0.000953020855066597 5.70173289546752e-06 1638.52381533843 400117.647641229 1.33834155919451e-16 4.4629655939374e-17
2.20429936305733e-08 -0.000951004503788863 7.52283841005203e-05 21618.602834961 400535.771350342 1.33834363526511e-16 4.48525163428488e-17
2.22165605095542e-08 -0.000945518462654665 0.00014474112153513 41594.6834132939 399956.800041874 1.33834571133892e-16 4.50753321611446e-17
2.23901273885351e-08 -0.000936567741707812 0.000214066899836787 61517.0369936324 398382.173466903 1.33834778741595e-16 4.52975488877019e-17
2.25636942675159e-08 -0.000924165975990359 0.000283033138792175 81336.0686905696 395815.809967721 1.33834986349618e-16 4.55186135064851e-17
2.27372611464968e-08 -0.000908335391612813 0.000351468152959907 101002.440751948 392264.096727322 1.33835193957963e-16 4.57379758686658e-17
2.29108280254777e-08 -0.000889106750437644 0.000419201579066459 120467.195380894 387735.873872941 1.33835401566629e-16 4.59550900621703e-17
2.30843949044586e-08 -0.000866519273513761 0.000486064800111371 139681.876612179 382242.412473195 1.33835609175617e-16 4.61694157706824e-17
2.32579617834395e-08 -0.000840620543452538 0.000551891365125914 158598.650939508 375797.386483593 1.33835816784925e-16 4.63804196187179e-17
2.34315286624204e-08 -0.000811466385988371 0.000616517403540277 177170.426393441 368416.838710242 1.33836024394555e-16 4.65875764994228e-17
2.36050955414013e-08 -0.000779120731018583 0.000679782033127743 195350.969773515 360119.140876475 1.33836232004506e-16 4.67903708817899e-17
2.37786624203822e-08 -0.00074365545346857 0.000741527760510298 213095.021742724 350924.947891798 1.33836439614778e-16 4.69882980940386e-17
2.39522292993631e-08 -0.000705150194378317 0.00080160087322864 230358.409497834 340857.146436996 1.33836647225372e-16 4.71808655799645e-17
2.4125796178344e-08 -0.000663692162655622 0.000859851822400561 247098.156735055 329940.797993368 1.33836854836287e-16 4.73675941251293e-17
2.42993630573249e-08 -0.000619375917989541 0.000916135595015095 263272.590637304 318203.076457927 1.33837062447523e-16 4.75480190498406e-17
2.44729299363058e-08 -0.000572303135464414 0.000970312074935619 278841.445616737 305673.200499833 1.3383727005908e-16 4.77216913659504e-17
2.46464968152867e-08 -0.00052258235246044 0.00102224639171321 293765.963554269 292382.360826467 1.33837477670959e-16 4.7888178894592e-17
2.48200636942675e-08 -0.000470328698470818 0.00107180925634189 308008.990286556 278363.642540187 1.33837685283158e-16 4.80470673420748e-17
2.49936305732484e-08 -0.000415663608508036 0.00111887728311997 321535.06810023 263651.942779041 1.33837892895679e-16 4.81979613312561e-17
2.51671974522293e-08 -0.00035871452081273 0.00116333329681609 334310.524003122 248283.883846477 1.33838100508522e-16 4.83404853858247e-17
2.53407643312102e-08 -0.000299614559617608 0.00120506662437545 346303.553552733 232297.722046269 1.33838308121685e-16 4.84742848650438e-17
2.55143312101911e-08 -0.00023850220375614 0.00124397337043987 357484.300033259 215733.252449621 1.3383851573517e-16 4.85990268466276e-17
2.5687898089172e-08 -0.000175520941940983 0.00127995667599593 367824.928784049 198631.709831509 1.33838723348976e-16 4.87144009555534e-17
2.58614649681529e-08 -0.000110818915570238 0.00131292695950707 377299.696494481 181035.666022862 1.33838930963104e-16 4.88201201367456e-17
2.60350318471338e-08 -4.4548549950749e-05 0.00134280213992965 385885.015292708 162988.923934111 1.33839138577552e-16 4.89159213697079e-17
2.62085987261147e-08 2.31338251435598e-05 0.00136950784105741 393559.511468764 144536.40851392 1.33839346192322e-16 4.9001566323325e-17
2.63821656050956e-08 9.20683646337254e-05 0.00139297757668595 400304.078685799 125724.054914539 1.33839553807413e-16 4.90768419492035e-17
2.65557324840765e-08 0.000162092106049413 0.00141315291613595 406101.925546996 106598.694142182 1.33839761422825e-16 4.91415610120745e-17
2.67292993630574e-08 0.000233039375203644 0.0014299836297233 410938.617399738 87207.9364770773 1.33839969038559e-16 4.91955625559383e-17
2.69028662420382e-08 0.000304742198618714 0.00144342781381378 414802.112272946 67600.0529534205 1.33840176654614e-16 4.92387123047895e-17
2.70764331210191e-08 0.000377030721676613 0.00145345199515103 417682.790858122 47823.8551942486 1.3384038427099e-16 4.92709029969253e-17
2.725e-08 0.000449733631453015 0.00146003121419815 419573.480459453 27928.5739003911 1.33840591887687e-16 4.92920546520057e-17
2.74235668789809e-08 0.00052267858318223 0.00146314908728516 420469.472853334 7963.73629597565 1.33840799504706e-16 4.93021147701986e-17
2.75971337579618e-08 0.000595692629291496 0.00146279784740797 420368.536012863 -12020.9571644218 1.33841007122046e-16 4.9301058462916e-17
2.77707006369427e-08 0.000668602649936558 0.00145897836357683 419270.919668086 -31975.7565200577 1.33841214739707e-16 4.92888885148146e-17
2.79442675159236e-08 0.000741235783966772 0.00145170013866645 417179.354688159 -51850.9861517351 1.33841422357689e-16 4.92656353769059e-17
2.81178343949045e-08 0.000813419859246878 0.0014409812857728 414099.046286952 -71597.1684446422 1.33841629975993e-16 4.92313570907947e-17
2.82914012738854e-08 0.000884983821264203 0.00142684848313566 410037.661068986 -91165.14695847 1.33841837594618e-16 4.91861391442326e-17
2.84649681528663e-08 0.000955758158954314 0.00140933690773888 405005.307947968 -110506.208798186 1.33842045213564e-16 4.91300942583465e-17
2.86385350318472e-08 0.00102557532668506 0.00138849014775384 399014.512985387 -129572.205880837 1.33842252832832e-16 4.90633621070729e-17
2.88121019108281e-08 0.00109427016134851 0.00136436009404378 392080.188211817 -148315.674796486 1.3384246045242e-16 4.8986108969494e-17
2.8985668789809e-08 0.00116168029352247 0.00133700681099939 384219.59450853 -166689.954964917 1.3384266807233e-16 4.88985273159432e-17
2.91592356687898e-08 0.00122764655167803 0.00130649838702678 375452.298641811 -184649.304793945 1.33842875692561e-16 4.88008353289091e-17
2.93328025477707e-08 0.00129201335842687 0.00127291076506035 365800.124556922 -202149.015550178 1.33843083313114e-16 4.86932763599307e-17
2.95063694267516e-08 0.00135462911782189 0.00123632755352221 355287.099052963 -219145.522658748 1.33843290933988e-16 4.85761183238358e-17
2.96799363057325e-08 0.00141534659274712 0.00119683981819886 343939.391973852 -235596.514154945 1.33843498555183e-16 4.84496530318307e-17
2.98535031847134e-08 0.00147402327145715 0.0011545458555531 331785.251064303 -251461.036017762 1.33843706176699e-16 4.83141954651007e-17
3.00270700636943e-08 0.00153052172235395 0.00110955094803556 318854.931652977 -266699.594123129 1.33843913798537e-16 4.81700829907307e-17
3.02006369426752e-08 0.00158470993611755 0.00106196710200483 305180.621337823 -281274.252563038 1.33844121420695e-16 4.80176745218961e-17
3.03742038216561e-08 0.00163646165433908 0.00101191276890877 290796.359861109 -295148.728085782 1.33844329043175e-16 4.78573496244164e-17
3.0547770700637e-08 0.00168565668383796 0.000959512550420817 275737.954373592 -308288.480422211 1.33844536665977e-16 4.76895075718941e-17
3.07213375796179e-08 0.00173218119588076 0.00090489688826552 260042.890298759 -320660.798273145 1.33844744289099e-16 4.75145663517912e-17
3.08949044585988e-08 0.00177592800955684 0.000848201739505341 243750.238019034 -332234.880743865 1.33844951912543e-16 4.73329616249187e-17
3.10684713375797e-08 0.00181679685860531 0.000789568238097007 226900.555616231 -342981.914022963 1.33845159536308e-16 4.71451456409275e-17
3.12420382165605e-08 0.00185469464102905 0.000729142343559985 209535.787908372 -352875.143114662 1.33845367160395e-16 4.69515861125019e-17
3.14156050955414e-08 0.00188953565087432 0.000667074477631618 191699.162034206 -361889.938446009 1.33845574784802e-16 4.67527650510569e-17
3.15891719745223e-08 0.00192124179159906 0.00060351914981344 173435.079845347 -370003.857183144 1.33845782409531e-16 4.65491775668393e-17
3.17627388535032e-08 0.00194974277049853 0.000538634572740806 154789.007373906 -377196.699103985 1.33845990034582e-16 4.63413306364179e-17
3.19363057324841e-08 0.00197497627370439 0.000472582268333335 135807.361650784 -383450.556888221 1.33846197659953e-16 4.61297418406317e-17
3.2109872611465e-08 0.00199688812132153 0.00040552666570659 116537.395156361 -388749.860699432 1.33846405285646e-16 4.59149380761389e-17
3.22834394904459e-08 0.00201543240231626 0.000337634691845949 97027.0781912433 -393081.416948331 1.3384661291166e-16 4.56974542437712e-17
3.24570063694268e-08 0.00203057158882035 0.000269075356061634 77324.9794598738 -396434.441140628 1.33846820537995e-16 4.54778319169623e-17
3.26305732484077e-08 0.00204227662956598 0.000200019329259352 57480.145164295 -398800.584727723 1.33847028164652e-16 4.52566179935626e-17
3.28041401273886e-08 0.00205052702221926 0.000130638519073891 37541.9769090377 -400173.955893397 1.3384723579163e-16 4.5034363334397e-17
3.29777070063695e-08 0.00205531086443205 6.11056419233522e-05 17560.10872108 -400551.134224728 1.33847443418929e-16 4.48116213919555e-17
3.31512738853504e-08 0.00205662488348506 -8.40620695068112e-06 -2415.71650897674 -399931.179230707 1.33847651046549e-16 4.45889468326303e-17
3.33248407643312e-08 0.00205447444444828 -7.77239843866766e-05 -22335.7708569294 -398315.632687338 1.33847858674491e-16 4.43668941559283e-17
3.34984076433121e-08 0.00204887353683854 -0.000146675130077708 -42150.4651579285 -395708.514803374 1.33848066302754e-16 4.41460163140969e-17
3.3671974522293e-08 0.00203984473980728 -0.000215087996144655 -61810.4724541972 -392116.314216226 1.33848273931338e-16 4.39268633356001e-17
3.38455414012739e-08 0.00202741916594521 -0.000282792274438669 -81266.8507902012 -387547.971842938 1.33848481560244e-16 4.37099809558699e-17
3.40191082802548e-08 0.00201163638384366 -0.00034961942050916 -100471.165049583 -382014.858626418 1.3384868918947e-16 4.34959092587439e-17
3.41926751592357e-08 0.00199254431960543 -0.000415403073181895 -119375.607530557 -375530.74723232 1.33848896819018e-16 4.32851813319688e-17
3.43662420382166e-08 0.00197019913755025 -0.000479979468702672 -137933.1169596 -368111.777767022 1.33849104448888e-16 4.30783219401184e-17
3.45398089171975e-08 0.00194466510041183 -0.000543187848415617 -156097.495647166 -359776.417602025 1.33849312079078e-16 4.28758462182298e-17
3.47133757961784e-08 0.00191601440937439 -0.000604870858961197 -173823.524493776 -350545.415404801 1.3384951970959e-16 4.26782583894082e-17
3.48869426751593e-08 0.00188432702434699 -0.000664874943997699 -191067.075560166 -340441.749490482 1.33849727340423e-16 4.24860505095949e-17
3.50605095541402e-08 0.00184969046492296 -0.000723050726470991 -207785.221921288 -329490.570622988 1.33849934971578e-16 4.22997012426223e-17
3.52340764331211e-08 0.00181219959251992 -0.000779253380480947 -223936.344530654 -317719.139407954 1.33850142603054e-16 4.21196746686047e-17
3.5407643312102e-08 0.00177195637424262 -0.000833342991818775 -239480.235829016 -305156.758433312 1.33850350234851e-16 4.19464191286328e-17
3.55812101910828e-08 0.00172906962905659 -0.000885184906277719 -254378.199839441 -291834.699326452 1.33850557866969e-16 4.17803661086466e-17
3.57547770700637e-08 0.00168365475690428 -0.000934650064870021 -268593.148499596 -277786.124909526 1.33850765499408e-16 4.16219291652666e-17
3.59283439490446e-08 0.00163583345143804 -0.000981615325115645 -282089.693991442 -263046.006646689 1.33850973132169e-16 4.14715028962558e-17
3.61019108280255e-08 0.00158573339708514 -0.00102596376760291 -294834.236838463 -247651.037588765 1.33851180765251e-16 4.1329461958177e-17
3.62754777070064e-08 0.0015334879511988 -0.00106758498705785 -306795.049551134 -231639.541032058 1.33851388398655e-16 4.11961601336901e-17
3.64490445859873e-08 0.00147923581208652 -0.00110637536719774 -317942.355612379 -215051.375118672 1.33851596032379e-16 4.10719294508114e-17
3.66226114649682e-08 0.00142312067374214 -0.00114223833868443 -328248.403606395 -197927.833615845 1.33851803666425e-16 4.09570793563281e-17
3.67961783439491e-08 0.00136529086814104 -0.00117508461953545 -337687.536306296 -180311.54312126 1.33852011300793e-16 4.08518959454248e-17
3.696974522293e-08 0.00130589899598899 -0.00120483243739429 -346236.254548571 -162246.356950256 1.33852218935481e-16 4.07566412494408e-17
3.71433121019109e-08 0.00124510154684384 -0.00123140773310647 -353873.275735356 -143777.245969073 1.33852426570491e-16 4.06715525835307e-17
3.73168789808918e-08 0.00118305850955566 -0.00125474434509474 -360579.586818867 -124950.18664589 1.33852634205822e-16 4.05968419558525e-17
3.74904458598727e-08 0.00111993297399517 -0.00127478417407421 -366338.491636081 -105812.046598344 1.33852841841475e-16 4.05326955397548e-17
3.76640127388535e-08 0.00105589072506181 -0.00129147732769748 -371135.652475829 -86410.4679224349 1.33853049477448e-16 4.04792732102756e-17
3.78375796178344e-08 0.000991099829982226 -0.00130478224476959 -374959.125774814 -66793.7485932624 1.33853257113743e-16 4.04367081461081e-17
3.80111464968153e-08 0.000925730219926395 -0.00131466579872355 -377799.391853677 -47010.7222328327 1.3385346475036e-16 4.04051064980235e-17
3.81847133757962e-08 0.000859953266983084 -0.00132110338009878 -379649.378619085 -27110.6365442336 1.33853672387297e-16 4.03845471245772e-17
3.83582802547771e-08 0.000793941357547563 -0.00132407895781729 -380504.479172821 -7143.03071480822 1.33853880024556e-16 4.03750813957556e-17
3.8531847133758e-08 0.000727867463183658 -0.00132358511910471 -380362.563284031 12842.3879064841 1.33854087662136e-16 4.03767330650529e-17
3.87054140127389e-08 0.000661904710028424 -0.00131962308795706 -379223.982696065 32795.8675505197 1.33854295300038e-16 4.03894982102963e-17
3.88789808917198e-08 0.000596225947811346 -0.00131220272210708 -377091.570254687 52667.7358802336 1.3385450293826e-16 4.04133452433668e-17
3.90525477707007e-08 0.000531003319560972 -0.00130134248849773 -373970.63285981 72408.5236452963 1.33854710576804e-16 4.04482149887926e-17
3.92261146496816e-08 0.000466407833070138 -0.00128706941732377 -369868.938258307 91969.087831416 1.3385491821567e-16 4.04940208310175e-17
3.93996815286625e-08 0.000402608935186594 -0.00126941903475596 -364796.69571075 111300.733997698 1.33855125854856e-16 4.055064892998e-17
3.95732484076434e-08 0.000339774089988797 -0.00124843527451516 -358766.530580208 130355.337497514 1.33855333494364e-16 4.0617958504465e-17
3.97468152866243e-08 0.000278068361896968 -0.00122417036851651 -351793.452906342 149085.463281107 1.33855541134193e-16 4.06957821825234e-17
3.99203821656051e-08 0.000217654004757216 -0.00119668471685595 -343894.820043035 167444.4839817 1.33855748774344e-16 4.0783926418088e-17
4.0093949044586e-08 0.000158690057921691 -0.0011660467374625 -335090.293452544 185386.695991136 1.33855956414815e-16 4.0882171972747e-17
4.02675159235669e-08 0.000101331950330289 -0.00113233269579079 -325401.789763723 202867.433236086 1.33856164055609e-16 4.09902744614775e-17
4.04410828025478e-08 4.57311135795148e-05 -0.00109562651497762 -314853.426216156 219843.178371591 1.33856371696723e-16 4.110796496098e-17
4.06146496815287e-08 -7.96539505824099e-06 -0.00105601956693511 -303471.460625989 236271.67111513 1.33856579338159e-16 4.12349506790993e-17
4.07882165605096e-08 -5.96152587265484e-05 -0.0010136104449006 -291284.226022911 252112.013451509 1.33856786979915e-16 4.13709156836657e-17
4.09617834394905e-08 -0.000109081255276536 -0.000968504718009304 -278322.060120981 267324.771446688 1.33856994621994e-16 4.15155216889422e-17
4.11353503184714e-08 -0.00015623159887625 -0.00092081466850084 -264617.229798884 281872.073417068 1.33857202264393e-16 4.16684088977203e-17
4.13089171974523e-08 -0.000200940268087341 -0.00087065901221363 -250203.850777594 295717.704209859 1.33857409907114e-16 4.18291968969673e-17
4.14824840764332e-08 -0.000243087319592362 -0.000818162603063103 -235117.802695391 308827.195359818 1.33857617550156e-16 4.19974856047967e-17
4.16560509554141e-08 -0.000282559186791636 -0.000763456122239252 -219396.639791653 321167.910897916 1.3385782519352e-16 4.21728562664031e-17
4.1829617834395e-08 -0.000319248962526362 -0.000706675752897275 -203079.497421741 332709.128598306 1.33858032837204e-16 4.23548724964841e-17
4.20031847133758e-08 -0.00035305666522411 -0.000647962841151088 -186206.994635706 343422.116461345 1.3385824048121e-16 4.25430813655522e-17
4.21767515923567e-08 -0.000383889487804144 -0.00058746354421362 -168821.133063326 353280.204242248 1.33858448125538e-16 4.27370145274344e-17
4.23503184713376e-08 -0.000411662028722913 -0.000525328466559799 -150965.192357188 362258.849847315 1.33858655770186e-16 4.29361893851512e-17
4.25238853503185e-08 -0.000436296504584522 -0.000461712285017928 -132683.622454094 370335.700432428 1.33858863415156e-16 4.3140110292274e-17
4.26974522292994e-08 -0.000457722943786874 -0.000396773363722752 -114021.932922981 377490.648051716 1.33859071060447e-16 4.33482697867693e-17
4.28710191082803e-08 -0.000475879360721405 -0.000330673359888729 -95026.5796748275 383705.879717847 1.3385927870606e-16 4.35601498542592e-17
4.30445859872612e-08 -0.000490711910092704 -0.000263576821384885 -75744.8493165483 388965.921749312 1.33859486351994e-16 4.37752232175522e-17
4.32181528662421e-08 -0.000502175020973852 -0.000195650777113031 -56224.7414367747 393257.678294302 1.33859693998249e-16 4.39929546492353e-17
4.3391719745223e-08 -0.000510231510263704 -0.000127064321209058 -36514.8491165526 396570.463935268 1.33859901644825e-16 4.42128023040595e-17
4.35652866242039e-08 -0.000514852675263659 -5.79881921023823e-05 -16664.2379624125 398896.030292973 1.33860109291723e-16 4.44342190678015e-17
4.37388535031848e-08 -0.000516018365143418 1.1405652518575e-05 3277.67603705506 400228.586563824 1.33860316938942e-16 4.46566539192446e-17
4.39124203821657e-08 -0.000513717031117791 8.09444637767918e-05 23261.2495270553 400564.813939324 1.33860524586483e-16 4.48795533018872e-17
4.40859872611466e-08 -0.000507945755209606 0.000150455131647301 43236.7353686427 399903.873871759 1.33860732234344e-16 4.51023625019654e-17
4.42595541401274e-08 -0.000498710257527092 0.000219764615897557 63154.4064793254 398247.410165518 1.33860939882527e-16 4.53245270293579e-17
4.44331210191083e-08 -0.000486024882037579 0.000288700376854724 82964.6796239338 395599.544888841 1.33861147531031e-16 4.55454939979371e-17
4.46066878980892e-08 -0.000469912560872904 0.00035709080492754 102618.238847585 391966.868116155 1.33861355179857e-16 4.57647135019288e-17
4.47802547770701e-08 -0.000450404757255339 0.000424765647813489 122066.158243472 387358.421526535 1.33861562829004e-16 4.59816399848548e-17
4.4953821656051e-08 -0.000427541387186097 0.000491556434327804 141260.023749852 381785.675899091 1.33861770478472e-16 4.61957335976507e-17
4.51273885350319e-08 -0.000401370720091326 0.000557296893799186 160152.053673034 375262.502561321 1.33861978128262e-16 4.64064615425773e-17
4.53009554140128e-08 -0.000371949258672894 0.000621823369988225 178695.217636339 367805.138861474 1.33862185778372e-16 4.66132993995811e-17
4.54745222929937e-08 -0.000339341598263036 0.00068497522849806 196843.353658901 359432.147750878 1.33862393428805e-16 4.68157324318007e-17
4.56480891719746e-08 -0.000303620266032942 0.000746595256663097 214551.283072871 350164.371576838 1.33862601079558e-16 4.70132568669706e-17
4.58216560509555e-08 -0.000264865540455549 0.000806530054920263 231774.922992929 340024.88020113 1.33862808730633e-16 4.72053811515307e-17
4.59952229299364e-08 -0.000223165251471917 0.000864630418688512 248471.396058125 329038.913573213 1.33863016382029e-16 4.73916271743217e-17
4.61687898089173e-08 -0.00017861456185864 0.000920751709805915 264599.137172851 317233.818901146 1.33863224033746e-16 4.75715314568175e-17
4.63423566878981e-08 -0.00013131573034052 0.000974754216599655 280117.996981221 304638.982576574 1.33863431685785e-16 4.77446463069335e-17
4.6515923566879e-08 -8.13778570381908e-05 0.00102650350169256 294989.341817258 291285.757023256 1.33863639338145e-16 4.79105409335386e-17
4.66894904458599e-08 -2.89166118843404e-05 0.00107587073668031 309176.149882075 277207.382651242 1.33863846990826e-16 4.80688025188937e-17
4.68630573248408e-08 2.59460533154065e-05 0.00112273302284617 322643.103408609 262438.905110951 1.33864054643829e-16 4.82190372463511e-17
4.70366242038217e-08 8.30822084601761e-05 0.0011669736971148 335356.67658448 247017.088053157 1.33864262297153e-16 4.83608712807522e-17
4.72101910828026e-08 0.0001423582636144 0.00120848262248355 347285.219014076 230980.321612042 1.33864469950798e-16 4.84939516990856e-17
4.73837579617835e-08 0.000203635301558481 0.00124715646220812 358399.034512108 214368.526839123 1.33864677604764e-16 4.86179473690878e-17
4.75573248407644e-08 0.000266769423601743 0.00128289893706005 368670.455032454 197223.056325973 1.33864885259052e-16 4.87325497735993e-17
4.77308917197453e-08 0.000331612107796807 0.00131562106501566 378073.909548263 179586.591263089 1.33865092913661e-16 4.88374737786233e-17
4.79044585987262e-08 0.000398010578663689 0.00134524138277957 386585.987711844 161503.035191191 1.33865300568592e-16 4.89324583431762e-17
4.80780254777071e-08 0.000465808187503225 0.0013716861485915 394185.498135831 143017.40470943 1.33865508223844e-16 4.90172671691612e-17
4.8251592356688e-08 0.000534844802353099 0.00139488952581125 400853.521150565 124175.717412574 1.33865715879417e-16 4.90916892896485e-17
4.84251592356689e-08 0.000604957206615727 0.00141479374682501 406573.45590632 105024.877336133 1.33865923535311e-16 4.91555395940965e-17
4.85987261146497e-08 0.000675979505365661 0.00143134925686485 411331.061703131 85612.5581946027 1.33866131191527e-16 4.92086592892067e-17
4.87722929936306e-08 0.000747743538325066 0.00144451483738323 415114.493445308 65987.0847034818 1.33866338848064e-16 4.92509162942655e-17
4.89458598726115e-08 0.000820079298479217 0.00145425770867562 417914.331132382 46197.3122805026 1.33866546504923e-16 4.92822055699877e-17
4.91194267515924e-08 0.000892815355289912 0.00146055361149548 419723.603313055 26292.5054255405 1.33866754162102e-16 4.93024493800435e-17
4.92929936305733e-08 0.000965779281453275 0.00146338686745852 420537.804443747 6322.21508196593 1.33866961819603e-16 4.93115974846185e-17
4.94665605095542e-08 0.00103879808213957 0.00146275041808584 420354.906108538 -13663.8447152679 1.33867169477426e-16 4.93096272655228e-17
4.96401273885351e-08 0.00111169862564646 0.00145864584238868 419175.362072549 -33615.9205977292 1.33867377135569e-16 4.92965437825401e-17
4.9813694267516e-08 0.00118430807439372 0.00145108335295098 417002.107156174 -53484.3437197194 1.33867584794034e-16 4.92723797608742e-17
4.99872611464969e-08 0.00125645431518637 0.00144008177051946 413840.549932968 -73219.6534042668 1.33867792452821e-16 4.92371955097261e-17
5.01608280254778e-08 0.00132796638767518 0.00142566847716453 409698.559269342 -92772.7202710938 1.33868000111928e-16 4.91910787722021e-17
5.03343949044587e-08 0.00139867490994803 0.00140787934812845 404586.444739581 -112094.868540044 1.33868207771357e-16 4.91341445069286e-17
5.05079617834396e-08 0.00146841250019241 0.0013867586625305 398516.93096491 -131137.997205504 1.33868415431108e-16 4.90665346019153e-17
5.06815286624204e-08 0.0015370141933797 0.00136235899315127 391505.125940506 -149854.699780165 1.33868623091179e-16 4.89884175213803e-17
5.08550955414013e-08 0.00160431785193352 0.00133474107557064 383568.483429263 -168198.382310037 1.33868830751572e-16 4.8899987886416e-17
5.10286624203822e-08 0.0016701645693603 0.00130397365698492 374726.759515947 -186123.379366915 1.33869038412286e-16 4.8801465990538e-17
5.12022292993631e-08 0.00173439906583673 0.00127013332507967 365001.963429865 -203585.067729549 1.33869246073322e-16 4.8693097251326e-17
5.1375796178344e-08 0.00179687007476981 0.00123330431738404 354418.302758467 -220539.977470525 1.33869453734679e-16 4.85751515995184e-17
5.15493630573249e-08 0.00185743071936678 0.00119357831158136 343002.123188268 -236945.900172284 1.33869661396357e-16 4.84479228070837e-17
5.17229299363058e-08 0.00191593887827775 0.00115105419729776 330781.842923078 -252761.994002922 1.33869869058357e-16 4.83117277559399e-17
5.18964968152867e-08 0.00197225753940055 0.001105837829937 317787.881942794 -267948.885390145 1.33870076720678e-16 4.81669056491427e-17
5.20700636942676e-08 0.00202625514096732 0.00105804176717433 304052.586278856 -282468.767040309 1.3387028438332e-16 4.80138171665068e-17
5.22436305732485e-08 0.00207780589906335 0.00100778498876525 289610.147494862 -296285.492058495 1.33870492046284e-16 4.78528435667606e-17
5.24171974522294e-08 0.00212679012076315 0.000955192600366651 274496.517572782 -309364.663935337 1.33870699709568e-16 4.7684385738471e-17
5.25907643312103e-08 0.00217309450210399 0.000900395522107676 258749.319416642 -321673.722176561 1.33870907373175e-16 4.75088632021e-17
5.27643312101912e-08 0.00221661241015524 0.000843530162685541 242407.75319648 -333182.023362075 1.33871115037102e-16 4.73267130656769e-17
5.2937898089172e-08 0.00225724414848117 0.00078473807979755 225512.498765688 -343860.917432819 1.33871322701351e-16 4.7138388936687e-17
5.31114649681529e-08 0.00229489720533654 0.000724165627754656 208105.614394687 -353683.819015434 1.33871530365921e-16 4.69443597928841e-17
5.32850318471338e-08 0.00232948648397683 0.000661963593153766 190230.432072994 -362626.273607221 1.33871738030813e-16 4.67451088148395e-17
5.34585987261147e-08 0.00236093451451 0.000598286819515716 171931.449640335 -370666.018456589 1.33871945696026e-16 4.65411321831314e-17
5.36321656050956e-08 0.00238917164676218 0.000533293821823354 153254.220015314 -377783.037987448 1.3387215336156e-16 4.63329378431707e-17
5.38057324840765e-08 0.00241413622367728 0.000467146391919264 134245.237797389 -383959.613629556 1.33872361027415e-16 4.61210442407379e-17
5.39792993630574e-08 0.00243577473481869 0.000400009195745446 114951.823524457 -389180.367930771 1.33872568693592e-16 4.59059790313775e-17
5.41528662420383e-08 0.00245404194959106 0.000332049363427583 95422.0058741492 -393432.302841369 1.33872776360091e-16 4.56882777668642e-17
5.43264331210192e-08 0.00246890102985034 0.000263436073224319 75704.4021021172 -396704.832075142 1.3387298402691e-16 4.546848256201e-17
5.45000000000001e-08 0.00248032362162185 0.000194340130377263 55848.0970149081 -398989.807466673 1.33873191694051e-16 4.52471407451312e-17
5.4673566878981e-08 0.0024882899256979 0.000124933541910119 35902.5207787385 -400281.539259196 1.33873399361513e-16 4.50248034955345e-17
5.48471337579619e-08 0.00249278874693927 5.53890884354418e-05 15917.3258683365 -400576.810272505 1.33873607029297e-16 4.48020244714148e-17
5.50207006369427e-08 0.0024938175221578 -1.41201059650533e-05 -4057.73653782278 -399874.883915646 1.33873814697402e-16 4.45793584315794e-17
5.51942675159236e-08 0.00249138232651049 -8.34210047158727e-05 -23972.9404081856 -398177.506024426 1.33874022365828e-16 4.43573598544311e-17
5.53678343949045e-08 0.0024854978583894 -0.00015234108950596 -43778.7086463796 -395488.900519164 1.33874230034575e-16 4.41365815576456e-17
5.55414012738854e-08 0.00247618740284472 -0.000220708789757405 -63425.7365089049 -391815.758893477 1.33874437703644e-16 4.39175733219828e-17
5.57149681528663e-08 0.00246348277363215 -0.000288353909735531 -82865.1143450197 -387167.223560263 1.33874645373034e-16 4.3700880522655e-17
5.58885350318472e-08 0.00244742423402877 -0.000355108052237091 -102048.44935327 -381554.865096325 1.33874853042746e-16 4.34870427716601e-17
5.60621019108281e-08 0.00242806039661452 -0.000420805037801862 -120927.986051562 -374992.653442282 1.33875060712779e-16 4.32765925744607e-17
5.6235668789809e-08 0.00240544810226875 -0.000485281318404012 -139456.725160871 -367496.923129443 1.33875268383133e-16 4.30700540043506e-17
5.64092356687899e-08 0.00237965227868299 -0.000548376384593417 -157588.540606644 -359086.332620205 1.33875476053809e-16 4.28679413978118e-17
5.65828025477708e-08 0.00235074577874213 -0.000609933165073349 -175278.294346619 -349781.817863184 1.33875683724806e-16 4.26707580741075e-17
5.67563694267517e-08 0.0023188091991764 -0.000669798417719834 -192481.948739218 -339606.54017869 1.33875891396124e-16 4.24789950822999e-17
5.69299363057326e-08 0.00228393067993543 -0.000727823111069259 -209156.676172755 -328585.828604267 1.33876099067764e-16 4.22931299788109e-17
5.71035031847135e-08 0.00224620568478396 -0.000783862795324517 -225260.965682579 -316747.116843819 1.33876306739725e-16 4.21136256385703e-17
5.72770700636943e-08 0.00220573676366516 -0.000837777961956121 -240754.726290703 -304119.874977276 1.33876514412007e-16 4.19409291027101e-17
5.74506369426752e-08 0.00216263329742333 -0.000889434391003044 -255599.386810668 -290735.536100785 1.33876722084611e-16 4.17754704656734e-17
5.76242038216561e-08 0.00211701122552124 -0.000938703485208717 -269757.991869199 -276627.41808005 1.33876929757536e-16 4.1617661804509e-17
5.7797770700637e-08 0.00206899275743001 -0.000985462590160356 -283195.293905582 -261830.640611591 1.33877137430782e-16 4.14678961530175e-17
5.79713375796179e-08 0.00201870606841005 -0.00102959529963464 -295877.840919756 -246382.037798392 1.3387734510435e-16 4.13265465233006e-17
5.81449044585988e-08 0.00196628498044007 -0.00107099174538958 -307774.05975066 -230320.066457565 1.33877552778239e-16 4.11939649771532e-17
5.83184713375797e-08 0.00191186862908885 -0.00110954887068117 -318854.334677515 -213684.710388274 1.33877760452449e-16 4.10704817496056e-17
5.84920382165606e-08 0.00185560111715864 -0.00114517068682389 -329091.081148375 -196517.380838236 1.33877968126981e-16 4.09564044268018e-17
5.86656050955415e-08 0.00179763115596267 -0.00117776851215631 -338458.814452382 -178860.813416573 1.33878175801834e-16 4.08520171802576e-17
5.88391719745224e-08 0.00173811169512964 -0.00120726119281697 -346934.213164777 -160758.961709633 1.33878383477008e-16 4.07575800594067e-17
5.90127388535033e-08 0.00167719954185669 -0.00123357530478083 -354496.177206715 -142256.887864604 1.33878591152504e-16 4.0673328344195e-17
5.91863057324842e-08 0.00161505497055884 -0.00125664533665333 -361125.880375337 -123400.650413306 1.33878798828321e-16 4.05994719593351e-17
5.9359872611465e-08 0.00155184132388644 -0.00127641385276706 -366806.817213329 -104237.189615403 1.3387900650446e-16 4.05361949516797e-17
5.95334394904459e-08 0.00148772460610394 -0.00129283163617484 -371524.84410128 -84814.2106064597 1.33879214180919e-16 4.04836550320144e-17
5.97070063694268e-08 0.00142287306984218 -0.00130585781118337 -375268.214470525 -65180.0646417356 1.33879421857701e-16 4.04419831824108e-17
5.98805732484077e-08 0.00135745679725299 -0.00131545994512225 -378027.608048823 -45383.6287313347 1.33879629534803e-16 4.04112833301179e-17
6.00541401273886e-08 0.00129164727660871 -0.00132161412909512 -379796.154066041 -25474.1839663584 1.33879837212227e-16 4.03916320888032e-17
6.02277070063695e-08 0.0012256169754006 -0.00132430503751175 -380569.448362068 -5501.29283894687 1.33880044889972e-16 4.03830785677881e-17
6.04012738853504e-08 0.001159538910999 -0.00132352596625292 -380345.564354376 14485.3241383909 1.33880252568039e-16 4.0385644249752e-17
6.05748407643313e-08 0.00109358621994387 -0.00131927884937306 -379125.05783789 34435.9122070139 1.33880460246427e-16 4.03993229372112e-17
6.07484076433121e-08 0.00102793172693808 -0.00131157425429893 -376910.965605238 54300.8062218304 1.33880667925136e-16 4.04240807679031e-17
6.0921974522293e-08 0.000962747514616268 -0.00130043135553638 -373708.797890778 74030.5542880861 1.33880875604166e-16 4.04598562990414e-17
6.10955414012739e-08 0.000898204495160371 -0.00128587788695059 -369526.524657223 93576.0408674776 1.33881083283518e-16 4.05065606602283e-17
6.12691082802548e-08 0.000834471984828192 -0.00126795007273849 -364374.555758987 112888.609047129 1.33881290963192e-16 4.05640777746474e-17
6.14426751592357e-08 0.00077171728245424 -0.00124669253726517 -358265.715031613 131920.181667052 1.33881498643186e-16 4.0632264647983e-17
6.16162420382166e-08 0.000710105252972089 -0.00122215819398883 -351215.208371799 150623.381004556 1.33881706323502e-16 4.07109517243497e-17
6.17898089171975e-08 0.000649797916995057 -0.00119440811375055 -343240.585887443 168951.646717661 1.3388191400414e-16 4.07999433083444e-17
6.19633757961783e-08 0.000590954047476917 -0.00116351137275687 -334361.698211955 186859.351753897 1.33882121685099e-16 4.08990180521708e-17
6.21369426751592e-08 0.000533728774456717 -0.00112954488063356 -324600.647091549 204301.915935954 1.33882329366379e-16 4.10079295066241e-17
6.23105095541401e-08 0.000478273198871686 -0.00109259318897853 -313981.73036854 221235.916941407 1.3388253704798e-16 4.11264067345639e-17
6.2484076433121e-08 0.000424734016399602 -0.00105274828089052 -302531.381497572 237619.198400244 1.33882744729903e-16 4.12541549853487e-17
6.26576433121019e-08 0.000373253152267055 -0.00101010934199743 -290278.103745356 253410.974841096 1.33882952412147e-16 4.13908564285525e-17
6.28312101910828e-08 0.000323967407932727 -0.000964782513554253 -277252.399237706 268571.933224904 1.33883160094713e-16 4.15361709451377e-17
6.30047770700637e-08 0.000277008120525257 -0.000916880628225352 -263486.69303049 283064.330813265 1.338833677776e-16 4.16897369741146e-17
6.31783439490445e-08 0.000232500835883511 -0.000866522929208594 -249015.25239352 296852.089127818 1.33883575460808e-16 4.185117241258e-17
6.33519108280254e-08 0.000190564996013209 -0.000813834773400697 -233874.101508298 309900.88376675 1.33883783144338e-16 4.2020075566894e-17
6.35254777070063e-08 0.000151313641737982 -0.000758947319342634 -218100.931791959 322178.229854847 1.33883990828189e-16 4.2196026152628e-17
6.36990445859872e-08 0.000114853131285094 -0.000701997200721906 -201735.008070663 333653.562914337 1.33884198512361e-16 4.23785863407937e-17
6.38726114649681e-08 8.12828755064286e-05 -0.000643126186244462 -184817.070835982 344298.314955227 1.33884406196855e-16 4.25673018477498e-17
6.4046178343949e-08 5.0695090393887e-05 -0.000582480826722951 -167389.234827606 354085.985595675 1.3388461388167e-16 4.27617030660722e-17
6.42197452229299e-08 2.31745675053218e-05 -0.000520212090259823 -149494.884194838 362992.208035372 1.33884821566806e-16 4.29613062335734e-17
6.43933121019107e-08 -1.20153712745913e-06 -0.000456474986433455 -131178.56449785 370994.80971767 1.33885029252264e-16 4.31656146375606e-17
6.45668789808916e-08 -2.23638950831025e-05 -0.000391428180422813 -112485.871817547 378073.867529447 1.33885236938043e-16 4.33741198513342e-17
6.47404458598725e-08 -4.02511781493254e-05 -0.000325233598031255 -93463.3392500914 384211.757401281 1.33885444624144e-16 4.35863029998498e-17
6.49140127388534e-08 -5.48102110060392e-05 -0.000258056022592711 -74158.3210686427 389393.19818445 1.33885652310565e-16 4.38016360513924e-17
6.50875796178343e-08 -6.59961036128614e-05 -0.000190062684763677 -54618.8748406723 393605.289695519 1.33885859997309e-16 4.40195831320462e-17
6.52611464968152e-08 -7.3772362971417e-05 -0.000121422846222214 -34893.6417943135 396837.544833808 1.33886067684373e-16 4.423960185969e-17
6.5434713375796e-08 -7.81109839841766e-05 -5.23073783102555e-05 -15031.7257315598 399081.915691761 1.33886275371759e-16 4.44611446941957e-17
6.56082802547769e-08 -7.89925191836133e-05 1.71116633318358e-05 4917.42921025984 400332.81359322 1.33886483059467e-16 4.46836603004694e-17
6.57818471337578e-08 -7.6406127158064e-05 8.66614670795704e-05 24904.1616444259 400587.123009708 1.33886690747495e-16 4.49065949209416e-17
6.59554140127387e-08 -7.03495995537074e-05 0.000156168895521246 44878.7165617856 399844.209320069 1.33886898435845e-16 4.51293937540901e-17
6.61289808917196e-08 -6.08293665854091e-05 0.000225460916466545 64791.3691909661 398105.920394131 1.33887106124517e-16 4.53515023355644e-17
6.63025477707005e-08 -4.78604810426813e-05 0.000294365033693857 84592.5487835044 395376.581996458 1.3388731381351e-16 4.55723679184719e-17
6.64761146496814e-08 -3.14665808305385e-05 0.000362709716364029 104232.962015745 391662.987021599 1.33887521502824e-16 4.57914408493916e-17
6.66496815286622e-08 -1.16798301384679e-05 0.000430324826031551 123663.715700302 386974.378587645 1.3388772919246e-16 4.60081759366887e-17
6.68232484076431e-08 1.14591606160641e-05 0.000497042040190168 142836.438501618 381322.427030157 1.33887936882416e-16 4.62220338077242e-17
6.6996815286624e-08 3.79014358703105e-05 0.000562695271298546 161703.4013526 374721.200853733 1.33888144572695e-16 4.64324822515807e-17
6.71703821656049e-08 6.75898167735423e-05 0.000627121080242843 180217.636272585 367187.131713515 1.33888352263295e-16 4.66389975439617e-17
6.73439490445858e-08 0.000100459043515629 0.000690159083206927 198333.05329083 358738.973513807 1.33888559954216e-16 4.68410657509668e-17
6.75175159235667e-08 0.000136435937772618 0.000751652350937336 216004.555184468 349397.755725606 1.33888767645458e-16 4.70381840084963e-17
6.76910828025476e-08 0.000175439584864949 0.000811447799409061 233188.149745283 339186.73103926 1.33888975337022e-16 4.72298617741003e-17
6.78646496815284e-08 0.000217381535174879 0.000869396570919598 249841.059295835 328131.317482551 1.33889183028907e-16 4.74156220481571e-17
6.80382165605093e-08 0.000262166024321718 0.000925354404662564 265921.827182296 316259.035148281 1.33889390721114e-16 4.75950025613386e-17
6.82117834394902e-08 0.000309690211546822 0.000979181995858355 281390.420978882 303599.437688877 1.33889598413641e-16 4.7767556925409e-17
6.83853503184711e-08 0.000359844435714916 0.00103074534254779 296208.33214697 290184.038748534 1.33889806106491e-16 4.79328557444904e-17
6.8558917197452e-08 0.000412512488294499 0.00107991607918545 310338.671900801 276046.233516032 1.33890013799661e-16 4.8090487684029e-17
6.87324840764329e-08 0.000467571902637785 0.00112657179620219 323746.263041101 261221.215593501 1.33890221493153e-16 4.82400604948014e-17
6.89060509554138e-08 0.000524894258840077 0.00117059634474132 336397.727528018 245745.889388088 1.33890429186967e-16 4.83812019894114e-17
6.90796178343946e-08 0.000584345503419683 0.00121188012580981 348261.569575359 229658.77824459 1.33890636881102e-16 4.85135609688455e-17
6.92531847133755e-08 0.000645786283022573 0.00125032036312471 359308.254059264 212999.928547767 1.33890844575558e-16 4.86368080967828e-17
6.94267515923564e-08 0.000709072291321088 0.00128582135897544 369510.280046118 195810.810033033 1.33891052270335e-16 4.87506367194794e-17
6.96003184713373e-08 0.000774054628243135 0.00131829473246511 378842.249256654 178134.2125537 1.33891259965434e-16 4.88547636291893e-17
6.97738853503182e-08 0.000840580170637635 0.00134765963953763 387280.929295802 160014.139561759 1.33891467660855e-16 4.89489297692193e-17
6.99474522292991e-08 0.000908491953453485 0.00137384297424302 394805.311490882 141495.69856735 1.33891675356596e-16 4.90329008788631e-17
7.012101910828e-08 0.000977629560483171 0.0013967795507396 401396.663194128 122624.988849623 1.33891883052659e-16 4.91064680766098e-17
7.02945859872608e-08 0.0010478295236983 0.00141641226558028 407038.574419357 103448.986698503 1.33892090749044e-16 4.91694483801734e-17
7.04681528662417e-08 0.00111892573018295 0.00143269223987857 411716.99869666 84015.4284730486 1.3389229844575e-16 4.92216851620501e-17
7.06417197452226e-08 0.00119074983565191 0.00144557894100072 415420.28804341 64372.6917675053 1.33892506142777e-16 4.92630485394683e-17
7.08152866242035e-08 0.00126313168352425 0.00145504028348073 418139.221964514 44569.6749808862 1.33892713840125e-16 4.92934356977608e-17
7.09888535031844e-08 0.00133589972850914 0.00146105270890711 419867.030409716 24655.6755898675 1.33892921537795e-16 4.93127711463537e-17
7.11624203821653e-08 0.00140888146364938 0.00146360124458255 420599.410630783 4680.26742803242 1.33893129235787e-16 4.93210069067359e-17
7.13359872611462e-08 0.00148190384975952 0.00146267954081027 420334.537896607 -15306.8227230395 1.338933369341e-16 4.9318122631939e-17
7.1509554140127e-08 0.00155479374618967 0.00145828988671435 419073.07003953 -35255.8389236238 1.33893544632734e-16 4.9304125657232e-17
7.16831210191079e-08 0.00162737834184246 0.00145044320455451 416818.145821579 -55117.1199384801 1.33893752331689e-16 4.92790509819042e-17
7.18566878980888e-08 0.00169948558537032 0.0014391590225496 413575.377124651 -74841.2228639152 1.33893960030966e-16 4.924296118218e-17
7.20302547770697e-08 0.00177094461348213 0.0014244654262772 409352.834984097 -94379.0462115218 1.33894167730564e-16 4.91959462554841e-17
7.22038216560506e-08 0.00184158617629296 0.00140639898877056 404161.029500454 -113681.952142187 1.33894375430484e-16 4.91381233964444e-17
7.23773885350315e-08 0.00191124305865797 0.00138500467948661 398012.883679322 -132701.887546078 1.33894583130725e-16 4.90696367051886e-17
7.25509554140123e-08 0.00197975049644183 0.00136033575237177 390923.701264507 -151391.50366719 1.33894790831288e-16 4.89906568286626e-17
7.27245222929932e-08 0.00204694658668709 0.00133245361330416 382911.128644492 -169704.273974655 1.33894998532171e-16 4.89013805358623e-17
7.28980891719741e-08 0.0021126726906606 0.00130142766724212 373995.110927059 -187594.609987382 1.33895206233377e-16 4.88020302280362e-17
7.3071656050955e-08 0.00217677382877459 0.00126733514545955 364197.842291394 -205017.974763691 1.33895413934903e-16 4.86928533850783e-17
7.32452229299359e-08 0.00223909906639929 0.0012302609132981 353543.710741281 -221930.993773417 1.33895621636751e-16 4.85741219494895e-17
7.34187898089168e-08 0.00229950188960652 0.00119029725891484 342059.237396873 -238291.562876472 1.33895829338921e-16 4.84461316494403e-17
7.35923566878977e-08 0.00235784056990906 0.00114754366355113 329773.010476197 -254058.953139055 1.33896037041411e-16 4.83092012626203e-17
7.37659235668785e-08 0.00241397851708757 0.00110210655389467 316715.614130701 -269193.912226586 1.33896244744224e-16 4.81636718227079e-17
7.39394904458594e-08 0.00246778461922695 0.00105409903715115 302919.552312014 -283658.76212094 1.33896452447357e-16 4.80099057704328e-17
7.41130573248403e-08 0.0025191335691154 0.00100364061948501 288419.167859419 -297417.492918719 1.33896660150812e-16 4.78482860513484e-17
7.42866242038212e-08 0.0025679061761938 0.000950856908530031 273250.557009474 -310435.85247706 1.33896867854588e-16 4.76792151625564e-17
7.44601910828021e-08 0.00261398966327868 0.000895879300710629 257451.479540579 -322681.431683806 1.33897075558686e-16 4.75031141507592e-17
7.4633757961783e-08 0.00265727794732028 0.000838844654151866 241061.264776179 -334123.745139752 1.33897283263105e-16 4.73204215641326e-17
7.48073248407639e-08 0.00269767190349648 0.000779894947992649 224120.713680586 -344734.307052123 1.33897490967846e-16 4.71315923606295e-17
7.49808917197447e-08 0.00273507961198542 0.000719176928950106 206671.997291139 -354486.702150338 1.33897698672908e-16 4.69370967754303e-17
7.51544585987256e-08 0.00276941658680227 0.00065684174601498 188758.551739544 -363356.65144751 1.33897906378291e-16 4.67374191503607e-17
7.53280254777065e-08 0.00280060598613058 0.000593044574187427 170424.970123717 -371322.072683983 1.33898114083996e-16 4.65330567281914e-17
7.55015923566874e-08 0.00282857880362444 0.000527944228189853 151716.891499304 -378363.13530241 1.33898321790022e-16 4.63245184148188e-17
7.56751592356683e-08 0.00285327404020539 0.000461702767118416 132680.887267212 -384462.309817524 1.33898529496369e-16 4.61123235124106e-17
7.58487261146492e-08 0.00287463885592617 0.000394485091017362 113364.345239989 -389604.411457683 1.33898737203038e-16 4.58970004266687e-17
7.60222929936301e-08 0.00289262870152337 0.000326458530380458 93815.3516756379 -393776.637969539 1.33898944910028e-16 4.56790853514272e-17
7.61958598726109e-08 0.00290720742933141 0.000257792429601424 74082.5715725346 -396968.601491716 1.3389915261734e-16 4.54591209338615e-17
7.63694267515918e-08 0.00291834738328172 0.000188657725410304 54215.127523447 -399172.354418141 1.33899360324973e-16 4.52376549236291e-17
7.65429936305727e-08 0.00292602946776302 0.000119226521345216 34262.4774302239 -400382.409186623 1.33899568032928e-16 4.50152388093078e-17
7.67165605095536e-08 0.00293024319517128 4.96716593187913e-05 14274.2913835771 -400595.751943429 1.33899775741203e-16 4.47924264455223e-17
7.68901273885345e-08 0.0029309867120309 -1.98337106541734e-05 -5699.67198555191 -399811.850049807 1.33899983449801e-16 4.456977267418e-17
7.70636942675154e-08 0.00292826680362218 -8.91165614967091e-05 -25609.6893752286 -398032.653411786 1.33900191158719e-16 4.43478319432464e-17
7.72372611464963e-08 0.00292209887710333 -0.000158004419804299 -45406.1965940055 -395262.589629907 1.33900398867959e-16 4.41271569264989e-17
7.74108280254771e-08 0.00291250692316916 -0.000226325795201855 -65039.9119465042 -391508.552980968 1.33900606577521e-16 4.39082971476955e-17
7.7584394904458e-08 0.00289952345634185 -0.000293910607254196 -84461.9589159397 -386779.887259195 1.33900814287404e-16 4.36917976125826e-17
7.77579617834389e-08 0.00288318943404227 -0.000360590608867278 -103623.987838183 -381088.362519548 1.33901021997608e-16 4.34781974521484e-17
7.79315286624198e-08 0.00286355415464352 -0.000426199805126155 -122478.296264461 -374448.145781043 1.33901229708134e-16 4.32680285804983e-17
7.81050955414007e-08 0.00284067513476016 -0.000490574866526996 -140977.947713061 -366875.765763016 1.33901437418981e-16 4.30618143706945e-17
7.82786624203816e-08 0.00281461796607885 -0.000553555535574458 -159076.888514419 -358390.071742104 1.33901645130149e-16 4.2860068351855e-17
7.84522292993625e-08 0.00278545615208654 -0.000614985025732213 -176730.062458714 -349012.186632356 1.33901852841639e-16 4.26632929307567e-17
7.86257961783433e-08 0.00275327092510281 -0.000674710411733476 -193893.522960548 -338765.454405272 1.3390206055345e-16 4.24719781411247e-17
7.87993630573242e-08 0.00271815104407168 -0.000732583010279868 -210524.542461509 -327675.381980638 1.33902268265583e-16 4.22866004237202e-17
7.89729299363051e-08 0.00268019257361634 -0.000788458750180892 -226581.718798246 -315769.575732833 1.33902475978037e-16 4.21076214402661e-17
7.9146496815286e-08 0.00263949864490673 -0.000842198531012583 -242025.078271259 -303077.672770629 1.33902683690813e-16 4.19354869241609e-17
7.93200636942669e-08 0.0025961791989352 -0.00089366856940246 -256816.175157829 -289631.267161581 1.3390289140391e-16 4.17706255708433e-17
7.94936305732478e-08 0.00255035071283947 -0.000942740732078718 -270918.187421354 -275463.831284628 1.33903099117328e-16 4.16134479705696e-17
7.96671974522286e-08 0.00250213590995396 -0.000989292854854554 -284296.008378805 -260610.632506696 1.33903306831068e-16 4.146434558626e-17
7.98407643312095e-08 0.00245166345431142 -0.00103320904675351 -296916.334098136 -245108.645390732 1.33903514545129e-16 4.13236897789593e-17
8.00143312101904e-08 0.00239906763035526 -0.00107437997851874 -308747.746308032 -228996.459653684 1.33903722259511e-16 4.11918308833383e-17
8.01878980891713e-08 0.00234448800865991 -0.00111270315478791 -319760.79061363 -212314.184103578 1.33903929974215e-16 4.1069097335536e-17
8.03614649681522e-08 0.00228806909849135 -0.00114808316925627 -329928.04982346 -195103.346794812 1.33904137689241e-16 4.09557948555154e-17
8.05350318471331e-08 0.00222995998807266 -0.00118043194219248 -339224.212205093 -177406.791650209 1.33904345404587e-16 4.08522056859675e-17
8.0708598726114e-08 0.00217031397345024 -0.00120966893971609 -347626.134499543 -159268.571807191 1.33904553120256e-16 4.07585878896589e-17
8.08821656050948e-08 0.00210928817688435 -0.00123572137429061 -355112.899537562 -140733.83995356 1.33904760836245e-16 4.06751747069715e-17
8.10557324840757e-08 0.00204704315571412 -0.00125852438593318 -361665.868314385 -121848.735925879 1.33904968552556e-16 4.06021739752344e-17
8.12292993630566e-08 0.00198374250267072 -0.00127802120368953 -367268.726393286 -102660.271850273 1.33905176269189e-16 4.05397676112934e-17
8.14028662420375e-08 0.00191955243863347 -0.00129416328697245 -371907.524522407 -83216.2151115633 1.33905383986142e-16 4.04881111586063e-17
8.15764331210184e-08 0.00185464139884287 -0.00130691044641165 -375570.713363757 -63564.9694420841 1.33905591703418e-16 4.04473333999911e-17
8.17499999999993e-08 0.00178917961360053 -0.00131623094391428 -378249.1722479 -43755.4544261821 1.33905799421014e-16 4.04175360369925e-17
8.19235668789802e-08 0.00172333868449987 -0.00132210157168703 -379936.23188275 -23836.9837203679 1.33906007138932e-16 4.03987934366635e-17
8.2097133757961e-08 0.00165729115724232 -0.00132450771002286 -380627.690959934 -3859.14229227362 1.33906214857172e-16 4.03911524463934e-17
8.22707006369419e-08 0.00159121009210279 -0.00132344336370868 -380321.826617369 16128.3370159831 1.33906422575733e-16 4.03946322772428e-17
8.24442675159228e-08 0.00152526863311329 -0.0013189111769632 -379019.398731994 36075.697292745 1.33906630294615e-16 4.04092244560774e-17
8.26178343949037e-08 0.00145963957703756 -0.00131092242686781 -376723.648031973 55933.2814218719 1.33906838013819e-16 4.04348928466177e-17
8.27914012738846e-08 0.00139449494320941 -0.00129949699530663 -373440.288033052 75651.6556995576 1.33907045733344e-16 4.04715737393541e-17
8.29649681528655e-08 0.00133000554530576 -0.00128466331948586 -369177.490819127 95181.7328951739 1.3390725345319e-16 4.0519176010103e-17
8.31385350318464e-08 0.00126634056612039 -0.00126645832115524 -363945.866702427 114474.894449794 1.33907461173358e-16 4.05775813468096e-17
8.33121019108272e-08 0.00120366713639699 -0.00124492731470804 -357758.437813922 133483.111508189 1.33907668893848e-16 4.06466445440322e-17
8.34856687898081e-08 0.00114214991876985 -0.00122012389438813 -350630.605689703 152159.064483006 1.33907876614659e-16 4.07261938643755e-17
8.3659235668789e-08 0.00108195069784816 -0.00119210980088507 -342580.112934005 170456.260853469 1.33908084335791e-16 4.08160314659742e-17
8.38328025477699e-08 0.00102322797746415 -0.00116095476764913 -333626.999054304 188329.150905363 1.33908292057244e-16 4.09159338949599e-17
8.40063694267508e-08 0.000966136586087801 -0.00112673634730887 -323793.550578428 205733.24112417 1.3390849977902e-16 4.102565264169e-17
8.41799363057317e-08 0.000910827291390432 -0.00108953971862336 -313104.245577844 222625.204959072 1.33908707501116e-16 4.11449147593487e-17
8.43535031847126e-08 0.00085744642491667 -0.00104945747444956 -301585.692735218 238962.990682077 1.33908915223534e-16 4.12734235433851e-17
8.45270700636934e-08 0.000806135517799123 -0.00100658939125273 -289266.565107937 254705.926073765 1.33909122946273e-16 4.14108592700942e-17
8.47006369426743e-08 0.000757030948422681 -0.00096104218073346 -276177.528752448 269814.819675045 1.33909330669334e-16 4.15568799925024e-17
8.48742038216552e-08 0.000710263602915534 -0.000912929224189867 -262351.166387122 284252.058352842 1.33909538392716e-16 4.17111223915781e-17
8.50477707006361e-08 0.000665958549312125 -0.000862370290275916 -247821.896283643 297981.700936864 1.3390974611642e-16 4.18732026806464e-17
8.5221337579617e-08 0.000624234726199181 -0.000809491236858661 -232625.886588834 310969.567694299 1.33909953840445e-16 4.20427175607584e-17
8.53949044585979e-08 0.000585204646619942 -0.000754423697716491 -216800.965290211 323183.325419742 1.33910161564791e-16 4.22192452246344e-17
8.55684713375788e-08 0.000548974117973716 -0.000697304754858308 -200386.52604938 334592.56792848 1.33910369289459e-16 4.24023464066851e-17
8.57420382165596e-08 0.000515641978608048 -0.00063827659727935 -183423.430137685 345168.891752778 1.33910577014448e-16 4.25915654764942e-17
8.59156050955405e-08 0.000485299851759288 -0.000577486167003128 -165953.904718237 354885.966852708 1.33910784739759e-16 4.27864315730415e-17
8.60891719745214e-08 0.000458031917454104 -0.000515084793290604 -148021.437727527 363719.602165484 1.33910992465391e-16 4.29864597768433e-17
8.62627388535023e-08 0.000433914702939799 -0.000451227815927197 -129670.669618298 371647.805830117 1.33911200191345e-16 4.31911523170912e-17
8.64363057324832e-08 0.000413016892165179 -0.000386074198525379 -110947.282233175 378650.839937464 1.3391140791762e-16 4.33999998107852e-17
8.66098726114641e-08 0.000395399154786262 -0.000319786132805508 -91897.8850856719 384711.26966936 1.33911615644216e-16 4.36124825307768e-17
8.67834394904449e-08 0.000381113995122548 -0.00025252863483998 -72569.8993316897 389814.006704503 1.33911823371134e-16 4.38280716995635e-17
8.69570063694258e-08 0.00037020562143988 -0.000184469134265798 -53011.4397203145 393946.346783021 1.33912031098373e-16 4.40462308056165e-17
8.71305732484067e-08 0.000362709835885338 -0.000115777057488168 -33271.1948178059 397098.001336211 1.33912238825934e-16 4.42664169389629e-17
8.73041401273876e-08 0.000358653945348193 -4.66234059126837e-05 -13398.3058029355 399261.123102684 1.33912446553816e-16 4.44880821426988e-17
8.74777070063685e-08 0.000358056693468867 2.28196697439501e-05 6557.75586459864 400430.325667156 1.3391265428202e-16 4.47106747770675e-17
8.76512738853494e-08 0.00036092821396517 9.23792980049583e-05 26547.3115981489 400602.696873223 1.33912862010545e-16 4.49336408927087e-17
8.78248407643303e-08 0.000367270005392051 0.000161882316979461 46520.5993539092 399777.806076723 1.33913069739391e-16 4.51564256096594e-17
8.79984076433111e-08 0.00037707492739773 0.000231155705432064 66427.8975086552 397957.705221629 1.33913277468559e-16 4.53784744986729e-17
8.8171974522292e-08 0.000390327218485555 0.000300027013502966 86219.6486370538 395146.923735766 1.33913485198048e-16 4.55992349614184e-17
8.83455414012729e-08 0.000407002535237406 0.000368324792006348 105846.582880409 391352.457259067 1.33913692927859e-16 4.58181576061248e-17
8.85191082802538e-08 0.000427068012901039 0.000435879019238347 125259.840599728 386583.750232412 1.33913900657991e-16 4.60346976152444e-17
8.86926751592347e-08 0.000450482347190569 0.000502521524232105 144411.094007775 380852.672390378 1.33914108388445e-16 4.6248316101731e-17
8.88662420382156e-08 0.000477195897096502 0.000568086405406244 163252.66747732 374173.489216418 1.3391431611922e-16 4.64584814505571e-17
8.90398089171965e-08 0.000507150808449396 0.000632410443564566 181737.656226082 366562.826434005 1.33914523850316e-16 4.66646706421304e-17
8.92133757961773e-08 0.000540281157929606 0.000695333508218852 199820.043082909 358039.628622132 1.33914731581734e-16 4.68663705543145e-17
8.93869426751582e-08 0.000576513117164617 0.000756698956223243 217454.81304452 348625.112058171 1.33914939313473e-16 4.70630792398129e-17
8.95605095541391e-08 0.00061576513650552 0.000816354021727835 234598.065337619 338342.711905487 1.33915147045534e-16 4.72543071757361e-17
8.973407643312e-08 0.000657948148025152 0.000874150196480715 251207.122707414 327218.023877263 1.33915354777916e-16 4.74395784822416e-17
8.99076433121009e-08 0.000702965787232582 0.000929943599531698 267240.637660473 315278.740521754 1.3391556251062e-16 4.76184321072127e-17
9.00812101910818e-08 0.000750714632952049 0.000983595335417419 282658.695397428 302554.582287568 1.33915770243645e-16 4.77904229740266e-17
9.02547770700627e-08 0.000801084464769209 0.00103497183993607 297422.913179286 289077.223540577 1.33915977976992e-16 4.7955123089555e-17
9.04283439490435e-08 0.000853958537403844 0.00108394521265103 311496.535879974 274880.213716624 1.3391618571066e-16 4.81121226096388e-17
9.06019108280244e-08 0.00090921387132602 0.00113039353529555 324844.527487242 259998.893806296 1.33916393444649e-16 4.8261030859384e-17
9.07754777070053e-08 0.000966721558892276 0.00117420117528598 337433.658324141 244470.308379668 1.3391660117896e-16 4.84014773057396e-17
9.09490445859862e-08 0.00102634708523975 0.00121525907358774 349232.587773934 228333.113370008 1.33916808913592e-16 4.85331124799352e-17
9.11226114649671e-08 0.00108795066313945 0.00125346501621763 360211.942302502 211627.479846002 1.33917016648546e-16 4.8655608847483e-17
9.1296178343948e-08 0.0011513875809751 0.00128872388870636 370344.388584001 194394.994012055 1.33917224383821e-16 4.87686616235776e-17
9.14697452229289e-08 0.00121650856298126 0.00132094791288798 379604.701547733 176678.553685577 1.33917432119417e-16 4.88719895318641e-17
9.16433121019097e-08 0.00128316014084417 0.0013500568654266 387969.827176821 158522.261508988 1.33917639855335e-16 4.89653355046848e-17
9.18168789808906e-08 0.00135118503573989 0.00137597827753643 395418.939902346 139971.315162245 1.33917847591575e-16 4.90484673230627e-17
9.19904458598715e-08 0.00142042254985918 0.00139864761539795 401933.494450066 121071.894849226 1.33918055328136e-16 4.91211781948265e-17
9.21640127388524e-08 0.00149070896644401 0.00141800844082095 407497.27201064 101871.048338019 1.33918263065018e-16 4.91832872694394e-17
9.23375796178333e-08 0.00156187795734022 0.00143401255175458 412096.420618412 82416.5738413344 1.33918470802222e-16 4.92346400882497e-17
9.25111464968142e-08 0.00163376099705158 0.00144662010229451 415719.489638215 62756.9010285624 1.33918678539747e-16 4.92751089690416e-17
9.26847133757951e-08 0.00170618778226454 0.00145579970188844 418357.458274362 42940.9704657005 1.33918886277594e-16 4.93045933239292e-17
9.28582802547759e-08 0.00177898665579939 0.00146152849349298 420003.758030811 23018.1117832654 1.33919094015762e-16 4.93230199098029e-17
9.30318471337568e-08 0.00185198503393235 0.00146379221048727 420654.289066609 3037.92087547654 1.33919301754251e-16 4.93303430107026e-17
9.32054140127377e-08 0.00192500983602488 0.00146258521220168 420307.430405873 -16949.8635635882 1.33919509493062e-16 4.93265445516666e-17
9.33789808917186e-08 0.00199788791539072 0.00145791049797309 418964.043976891 -36895.4838595141 1.33919717232195e-16 4.931163414377e-17
9.35525477706995e-08 0.00207044649032793 0.00144977969969165 416627.472470279 -56749.2872245131 1.33919924971649e-16 4.92856490602415e-17
9.37261146496804e-08 0.00214251357424305 0.00143821305285767 413303.531021505 -76461.8493634734 1.33920132711424e-16 4.92486541437185e-17
9.38996815286612e-08 0.00221391840379663 0.00142323934622061 409000.492738491 -95984.0975113895 1.33920340451521e-16 4.92007416448696e-17
9.40732484076421e-08 0.00228449186400414 0.00140489585012544 403729.068110303 -115267.432595882 1.33920548191939e-16 4.91420309927883e-17
9.4246815286623e-08 0.0023540669092342 0.00138322822374477 397502.378348177 -134263.850220695 1.33920755932679e-16 4.90726684977274e-17
9.44203821656039e-08 0.00242247897905597 0.00135829040142771 390335.922725245 -152926.060168987 1.3392096367374e-16 4.8992826986915e-17
9.45939490445848e-08 0.00248956640790052 0.00133014445844823 382247.53999625 -171207.60412893 1.33921171415123e-16 4.8902705374359e-17
9.47675159235657e-08 0.00255517082751634 0.00129886045648726 373257.363993285 -189062.971348542 1.33921379156827e-16 4.880252816571e-17
9.49410828025466e-08 0.00261913756121715 0.00126451626923318 363387.773508084 -206447.711931833 1.33921586898852e-16 4.86925448994149e-17
9.51146496815274e-08 0.00268131600894047 0.00122719738853477 352663.33658563 -223318.547494232 1.33921794641199e-16 4.85730295255539e-17
9.52882165605083e-08 0.00274156002215844 0.00118699671158919 341110.749367727 -239633.478901819 1.33922002383867e-16 4.84442797239056e-17
9.54617834394892e-08 0.00279972826770757 0.00114401430969468 328758.769638794 -255351.890826145 1.33922210126857e-16 4.83066161629381e-17
9.56353503184701e-08 0.00285568457963166 0.00109835717914375 315638.145239289 -270434.652854372 1.33922417870169e-16 4.81603817015711e-17
9.5808917197451e-08 0.00290929829816192 0.00105013897487675 301781.537524967 -284844.216903001 1.33922625613801e-16 4.80059405356955e-17
9.59824840764319e-08 0.00296044459499061 0.000999479727559072 287223.440062504 -298544.710692705 1.33922833357756e-16 4.78436772915755e-17
9.61560509554128e-08 0.0030090047840282 0.000946505544786066 272000.092763883 -311502.027051542 1.33923041102031e-16 4.76739960683896e-17
9.63296178343936e-08 0.00305486661687062 0.00089134829715962 256149.391673289 -323683.908824243 1.33923248846628e-16 4.74973194322944e-17
9.65031847133745e-08 0.00309792456224093 0.000834145290017751 239710.794631073 -335060.029176194 1.33923456591547e-16 4.73140873645152e-17
9.66767515923554e-08 0.00313808006870977 0.000775038921634462 222725.223049636 -345602.067092188 1.33923664336787e-16 4.71247561660811e-17
9.68503184713363e-08 0.00317524181004057 0.000714176328740672 205234.960045732 -355283.777882001 1.33923872082348e-16 4.69297973219328e-17
9.70238853503172e-08 0.00320932591254868 0.000651709020248667 187283.545182784 -364081.058517259 1.33924079828231e-16 4.67296963272286e-17
9.71974522292981e-08 0.00324025616390851 0.000587792500091856 168915.666085228 -371972.00763695 1.33924287574436e-16 4.6524951478773e-17
9.7371019108279e-08 0.00326796420288863 0.000522585880118717 150177.047194705 -378936.98007218 1.33924495320962e-16 4.6316072634573e-17
9.75445859872598e-08 0.00329238968954276 0.000456251484004585 131114.335945022 -384958.635754445 1.33924703067809e-16 4.6103579944614e-17
9.77181528662407e-08 0.00331348045543271 0.000388954443167283 111774.986639236 -390021.982885644 1.33924910814978e-16 4.58880025560112e-17
9.78917197452216e-08 0.00333119263350938 0.000320862285692532 92207.1423179317 -394114.415262369 1.33925118562468e-16 4.56698772957625e-17
9.80652866242025e-08 0.00334549076732843 0.000252144519292435 72459.5149127719 -397225.743661537 1.3392532631028e-16 4.54497473343806e-17
9.82388535031834e-08 0.0033563478993288 0.000182972209335239 52581.263983664 -399348.221209234 1.33925534058413e-16 4.52281608337315e-17
9.84124203821643e-08 0.00336374563795407 0.000113517552996792 32621.8743414076 -400476.562669596 1.33925741806868e-16 4.50056695824454e-17
9.85859872611452e-08 0.00336767420344977 4.39534505938248e-05 12631.0328604736 -400607.95760571 1.33925949555644e-16 4.47828276222974e-17
9.8759554140126e-08 0.00336813245222249 -2.55469248338356e-05 -7341.49521142598 -399742.077379761 1.33926157304741e-16 4.45601898689762e-17
9.89331210191069e-08 0.00336512787970009 -9.4810558620639e-05 -27245.9901390625 -397881.075974981 1.3392636505416e-16 4.43383107306761e-17
9.91066878980878e-08 0.00335867660168592 -0.000163665025179092 -47032.9014723079 -395029.584637357 1.33926572803901e-16 4.41177427279497e-17
9.92802547770687e-08 0.0033488033142534 -0.000231938917237753 -66652.9713975236 -391194.700350418 1.33926780553963e-16 4.38990351182575e-17
9.94538216560496e-08 0.00333554123228077 -0.000299462272544886 -86057.3573606509 -386385.968171784 1.33926988304346e-16 4.36827325286392e-17
9.96273885350305e-08 0.00331893200677901 -0.000366066996975543 -105197.75365674 -380615.357475445 1.33927196055051e-16 4.34693735999085e-17
9.98009554140114e-08 0.00329902562121864 -0.000431587282988769 -124026.511683236 -373897.232158893 1.33927403806077e-16 4.32594896457498e-17
9.99745222929922e-08 0.00327588026711356 -0.000495860022393228 -142496.758557652 -366248.314889271 1.33927611557425e-16 4.30536033300515e-17
1.00148089171973e-07 0.00324956219917147 -0.000558725212393692 -160562.513804347 -357687.645477539 1.33927819309094e-16 4.28522273657704e-17
1.00321656050954e-07 0.00322014557037161 -0.000620026353907567 -178178.803819928 -348236.53348426 1.33928027061085e-16 4.26558632385669e-17
1.00495222929935e-07 0.00318771224738018 -0.000679610841159881 -195301.773832302 -337918.505174992 1.33928234813397e-16 4.24649999583863e-17
1.00668789808916e-07 0.00315235160676298 -0.000737330341586855 -211888.797074696 -326759.244957318 1.33928442566031e-16 4.2280112842096e-17
1.00842356687897e-07 0.00311416031250263 -0.000793041165102305 -227898.58090283 -314786.5314453 1.33928650318986e-16 4.21016623302081e-17
1.01015923566878e-07 0.00307324207537402 -0.00084660462180762 -243291.269591086 -302030.168310506 1.33928858072263e-16 4.19300928406338e-17
1.01189490445858e-07 0.00302970739477714 -0.000897887367254789 -258028.543551767 -288521.910091736 1.33929065825861e-16 4.17658316623223e-17
1.01363057324839e-07 0.00298367328366985 -0.000946761734402981 -272073.714730442 -274295.383148147 1.3392927357978e-16 4.16092878915391e-17
1.0153662420382e-07 0.00293526297728534 -0.000993106051442276 -285391.81793988 -259386.001952523 1.33929481334021e-16 4.14608514134321e-17
1.01710191082801e-07 0.00288460562635935 -0.00103680494469332 -297949.697905232 -243830.88093309 1.33929689088584e-16 4.13208919314192e-17
1.01883757961782e-07 0.00283183597563092 -0.00107774962582887 -309716.091803721 -227668.742083308 1.33929896843468e-16 4.11897580468165e-17
1.02057324840763e-07 0.0027770940284168 -0.00111583816270215 -320661.707093397 -210939.818569641 1.33930104598673e-16 4.10677763909949e-17
1.02230891719744e-07 0.00272052469809468 -0.00115097573310785 -330759.294437175 -193685.754577265 1.339303123542e-16 4.09552508122291e-17
1.02404458598725e-07 0.00266227744736274 -0.00118307486084397 -339983.715540633 -175949.50164301 1.33930520110048e-16 4.0852461619261e-17
1.02578025477706e-07 0.00260250591617351 -0.00121205563348686 -348312.005734662 -157775.211733627 1.33930727866218e-16 4.07596648834607e-17
1.02751592356686e-07 0.00254136753926833 -0.00123784590133732 -355723.431147193 -139208.127335525 1.33930935622709e-16 4.06770918013245e-17
1.02925159235667e-07 0.00247902315426439 -0.00126038145704235 -362199.540321641 -120294.4688296 1.33931143379522e-16 4.06049481188942e-17
1.03098726114648e-07 0.00241563660127011 -0.00127960619544563 -367724.210153591 -101081.319431507 1.33931351136656e-16 4.05434136195328e-17
1.03272292993629e-07 0.00235137431502539 -0.00129547225326841 -372283.686031326 -81616.5079838162 1.33931558894112e-16 4.04926416763307e-17
1.0344585987261e-07 0.0022864049105822 -0.0013079401282734 -375866.61608029 -61948.4898918142 1.33931766651889e-16 4.04527588702571e-17
1.03619426751591e-07 0.00222089876355685 -0.00131697877761473 -378464.07942622 -42126.2264993589 1.33931974409988e-16 4.04238646750074e-17
1.03792993630572e-07 0.00215502758599885 -0.00132256569512926 -380069.608406571 -22199.0632050571 1.33932182168408e-16 4.04060312093305e-17
1.03966560509553e-07 0.00208896399893213 -0.00132468696737675 -380679.204674943 -2216.60662218806 1.3393238992715e-16 4.03993030574545e-17
1.04140127388533e-07 0.00202288110263291 -0.00132333730828933 -380291.349158405 17771.398911833 1.33932597686213e-16 4.04036971580553e-17
1.04313694267514e-07 0.00195695204571373 -0.001318520072344 -378907.00584292 37715.1951690328 1.33932805445598e-16 4.04192027620467e-17
1.04487261146495e-07 0.00189134959408658 -0.00131024724622539 -376529.619377432 57565.1338992294 1.33933013205304e-16 4.04457814592966e-17
1.04660828025476e-07 0.00182624570087799 -0.00129853941899934 -373165.106502585 77271.8004247939 1.33933220965331e-16 4.04833672742022e-17
1.04834394904457e-07 0.00176181107836687 -0.00128342573087178 -368821.841325379 96786.1366541464 1.3393342872568e-16 4.05318668298879e-17
1.05007961783438e-07 0.00169821477301059 -0.0012649438006601 -363510.634476435 116059.563207756 1.33933636486351e-16 4.0591159580615e-17
1.05181528662419e-07 0.00163562374461738 -0.00124313963215789 -357244.706201728 135044.10035262 1.33933844247343e-16 4.06610981118275e-17
1.053550955414e-07 0.00157420245071252 -0.00121806749962578 -350039.653455773 153692.48744417 1.33934052008656e-16 4.07415085070845e-17
1.05528662420381e-07 0.00151411243713316 -0.00118978981269368 -341913.411078168 171958.300578259 1.33934259770291e-16 4.0832190780968e-17
1.05702229299361e-07 0.00145551193587078 -0.00115837696101052 -332886.207150137 189796.068160344 1.33934467532247e-16 4.0932919376887e-17
1.05875796178342e-07 0.00139855547116263 -0.00112390713902828 -322980.512642195 207161.384104166 1.33934675294525e-16 4.10434437285396e-17
1.06049363057323e-07 0.00134339347481261 -0.00108646615135641 -312220.98547828 224011.018378121 1.33934883057125e-16 4.11634888836351e-17
1.06222929936304e-07 0.00129017191169929 -0.00104614719917119 -300634.409155581 240303.024624128 1.33935090820046e-16 4.12927561883244e-17
1.06396496815285e-07 0.00123903191640328 -0.00100305064821177 -288249.626072861 255996.844581079 1.33935298583288e-16 4.14309240306329e-17
1.06570063694266e-07 0.00119010944185875 -0.000957283778940239 -275097.465733239 271053.409052915 1.33935506346852e-16 4.15776486410478e-17
1.06743630573247e-07 0.00114353492090344 -0.000908960519487891 -261210.668000149 285435.235169977 1.33935714110737e-16 4.17325649482654e-17
1.06917197452228e-07 0.00109943294157004 -0.000858201162052234 -246623.801597529 299106.519701494 1.33935921874944e-16 4.18952874879678e-17
1.07090764331209e-07 0.00105792193692706 -0.000805132063450884 -231373.178057098 312033.228186912 1.33936129639472e-16 4.20654113623687e-17
1.07264331210189e-07 0.00101911389024152 -0.000749885330577677 -215496.761326955 324183.179664187 1.33936337404322e-16 4.22425132481376e-17
1.0743789808917e-07 0.000983114056197235 -0.000692598491544038 -199034.073266505 335526.126784088 1.33936545169493e-16 4.2426152450194e-17
1.07611464968151e-07 0.000950020698862903 -0.000633414153324228 -182026.095262958 346033.831111088 1.33936752934986e-16 4.26158719987499e-17
1.07785031847132e-07 0.000919924847062259 -0.000572479646756721 -164515.166214328 355680.133423366 1.339369607008e-16 4.28111997868662e-17
1.07958598726113e-07 0.000892910067755282 -0.000509946659785418 -146544.877132882 364441.01883692 1.33937168466936e-16 4.30116497456956e-17
1.08132165605094e-07 0.00086905225799466 -0.000445970859853696 -128159.962631399 372294.676591649 1.33937376233393e-16 4.32167230544826e-17
1.08305732484075e-07 0.000848419455975433 -0.000380711506391291 -109406.18956238 379221.554350576 1.33937584000172e-16 4.34259093823104e-17
1.08479299363056e-07 0.000831071671648229 -0.000314331054358664 -90330.2430874299 385204.406877022 1.33937791767272e-16 4.36386881585038e-17
1.08652866242037e-07 0.000817060737317781 -0.000246994749835798 -70979.6104604056 390228.338968551 1.33937999534694e-16 4.38545298685241e-17
1.08826433121017e-07 0.000806430178598686 -0.000178870218662128 -51402.4628136662 394280.842540798 1.33938207302437e-16 4.40728973721314e-17
1.08999999999998e-07 0.000799215106049679 -0.000110127049151662 -31647.5352416821 397351.827768841 1.33938415070502e-16 4.42932472405323e-17
