0 -0.00139 0 0 400000 1.33808e-16 4.46026666666667e-17
1.61004431314623e-10 -0.00138851011913008 6.44762665693455e-05 18528.7350766601 400497.214911023 1.33808153688491e-16 4.48093256447583e-17
3.22008862629247e-10 -0.0013840351778287 0.000128963572922845 37060.6426886851 400136.604193094 1.33808307377157e-16 4.5016019998793e-17
4.8301329394387e-10 -0.00137657786044859 0.000193323793516192 55556.0292906212 398918.939256583 1.33808461066e-16 4.52223071192766e-17
6.44017725258493e-10 -0.00136614723930593 0.000257419074852205 73975.2795159995 396846.827239774 1.33808614755019e-16 4.54277452684626e-17
8.05022156573117e-10 -0.00135275875525564 0.000321112130749958 92278.9410296992 393924.705426726 1.33808768444213e-16 4.5631894526513e-17
9.6602658788774e-10 -0.00133643418462582 0.000384266536399122 110427.80903121 390158.831745144 1.33808922133584e-16 4.58343177337655e-17
1.12703101920236e-09 -0.00131720159258231 0.000446747020569665 128383.010227798 385557.271364587 1.33809075823131e-16 4.60345814270906e-17
1.28803545051699e-09 -0.00129509527302296 0.000508419755351031 146106.086097708 380129.879423726 1.33809229512854e-16 4.62322567683317e-17
1.44903988183161e-09 -0.00127015567513059 0.0005691526428002 163559.075265063 373888.279923648 1.33809383202754e-16 4.64269204628402e-17
1.61004431314623e-09 -0.00124242931674183 0.000628815597884656 180704.59481002 366845.840832395 1.33809536892829e-16 4.66181556661379e-17
1.77104874446086e-09 -0.00121196868471733 0.00068728082711422 197505.920340022 359017.645454074 1.3380969058308e-16 4.68055528767649e-17
1.93205317577548e-09 -0.0011788321225269 0.000744423102264936 213927.064650642 350420.460123845 1.33809844273508e-16 4.69887108134003e-17
2.0930576070901e-09 -0.00114308370529009 0.000800120028608726 229932.854807527 341072.698297988 1.33809997964111e-16 4.71672372743776e-17
2.25406203840473e-09 -0.00110479310254014 0.000854252307074272 245489.007484348 330994.381115949 1.33810151654891e-16 4.73407499777524e-17
2.41506646971935e-09 -0.00106403542900494 0.000906703989777609 260562.202395376 320207.094518845 1.33810305345847e-16 4.75088773801256e-17
2.57607090103397e-09 -0.00102089108372484 0.000957362728375085 275120.153665412 308733.943016264 1.33810459036978e-16 4.76712594724646e-17
2.7370753323486e-09 -0.000975445577851762 0.00100612001470674 289131.678984183 296599.500200384 1.33810612728286e-16 4.78275485512217e-17
2.89807976366322e-09 -0.000927789351498428 0.00105287141321469 302566.766397089 283829.756113405 1.3381076641977e-16 4.79774099630952e-17
3.05908419497784e-09 -0.000878017580030089 0.00109751678463857 315396.638589246 270452.061581026 1.3381092011143e-16 4.81205228218392e-17
3.22008862629247e-09 -0.000826229970213532 0.0011399605005091 327593.814525113 256495.06963118 1.33811073803266e-16 4.82565806955868e-17
3.38109305760709e-09 -0.000772530546660045 0.00118011164798015 339132.168311695 241988.674123524 1.33811227495278e-16 4.83852922632138e-17
3.54209748892172e-09 -0.000717027429019738 0.00121788422456063 349986.985159221 226963.945721111 1.33811381187467e-16 4.85063819383377e-17
3.70310192023634e-09 -0.000659832600404428 0.0012531973223291 360135.014319446 211453.06534139 1.33811534879831e-16 4.86195904596151e-17
3.86410635155096e-09 -0.000601061667535095 0.00128597530123656 369554.518888177 195489.255229073 1.33811688572372e-16 4.8724675446073e-17
4.02511078286558e-09 -0.000540833613127651 0.00131614795112612 378225.322365348 179106.707798505 1.33811842265088e-16 4.88214119162846e-17
4.18611521418021e-09 -0.000479270541047368 0.00134365064212257 386128.851872912 162340.512397934 1.33811995957981e-16 4.89095927702778e-17
4.34711964549483e-09 -0.000416497414777814 0.00136842446306969 393248.177937987 145226.580152562 1.3381214965105e-16 4.89890292331437e-17
4.50812407680945e-09 -0.000352641789764462 0.00139041634771881 399568.050756023 127801.567047334 1.33812303344294e-16 4.90595512593949e-17
4.66912850812408e-09 -0.000287833540206271 0.00140957918839825 405074.932856332 110102.795414232 1.33812457037715e-16 4.91210078972084e-17
4.8301329394387e-09 -0.000222204580880396 0.00142587193692019 409757.028099999 92168.1739922176 1.33812610731312e-16 4.91732676117711e-17
4.99113737075332e-09 -0.000155888584595869 0.0014392596925089 413604.306948063 74036.116731063 1.33812764425085e-16 4.92162185670373e-17
5.15214180206795e-09 -8.90206958814143e-05 0.00144971377656183 416608.527945838 55745.4605129738 1.33812918119034e-16 4.92497688652929e-17
5.31314623338257e-09 -2.1737241520664e-05 0.0014572117940835 418763.255377363 37335.3819682384 1.3381307181316e-16 4.92738467440144e-17
5.47415066469719e-09 4.58245614452431e-05 0.00146173768166068 420063.873052147 18845.3135630733 1.33813225507461e-16 4.92884007296005e-17
5.63515509601182e-09 0.000113526899622235 0.00146328174187583 420507.594194687 314.859139397926 1.33813379201938e-16 4.92933997476464e-17
5.79615952732644e-09 0.000181231658445553 0.00146184066408538 420093.467415569 -18216.2909125583 1.33813532896592e-16 4.92888331895259e-17
5.95716395864106e-09 0.000248800718007406 0.00145741753151814 418822.37875135 -36708.4446671239 1.33813686591422e-16 4.92747109351373e-17
6.11816838995569e-09 0.000316096248896419 0.00145002181467856 416697.049768862 -55121.9936794397 1.33813840286427e-16 4.92510633317651e-17
6.27917282127031e-09 0.000382981007415198 0.00143966935106926 413722.031737984 -73417.4978230023 1.33813993981609e-16 4.92179411291027e-17
6.44017725258493e-09 0.000449318629543693 0.00142638231127584 409903.695885356 -91555.7697667834 1.33814147676967e-16 4.91754153705747e-17
6.60118168389955e-09 0.00051497392301871 0.00141018915148694 405250.219749918 -109497.958910983 1.33814301372501e-16 4.91235772411918e-17
6.76218611521418e-09 0.000579813156903979 0.00139112455255102 399771.56966948 -127205.634601632 1.33814455068211e-16 4.90625378722648e-17
6.9231905465288e-09 0.000643704348030519 0.00136922934570049 393479.479435846 -144640.868445808 1.33814608764097e-16 4.89924281033951e-17
7.08419497784342e-09 0.000706517543693795 0.00134455042510222 386387.425164194 -161766.315551151 1.3381476246016e-16 4.89133982022507e-17
7.24519940915805e-09 0.000768125100002134 0.00131714064742171 378510.596430538 -178545.294515669 1.33814916156398e-16 4.88256175427307e-17
7.40620384047267e-09 0.000828401955280207 0.0012870587186161 369865.863739096 -194941.865996504 1.33815069852812e-16 4.87292742422042e-17
7.56720827178729e-09 0.000887225897941974 0.00125436906819836 360471.742389227 -210920.909689372 1.33815223549403e-16 4.86245747586024e-17
7.72821270310192e-09 0.00094447782825931 0.00121914171124212 350348.352819345 -226448.199553785 1.33815377246169e-16 4.85117434482274e-17
7.88921713441654e-09 0.00100004201346564 0.00118145209842255 339517.377512724 -241490.477122937 1.33815530943112e-16 4.83910220852226e-17
8.05022156573116e-09 0.00105380633564818 0.00114138095441456 328002.014557518 -256015.522741221 1.33815684640231e-16 4.82626693437363e-17
8.21122599704579e-09 0.00110566253189772 0.00109901410499443 315826.927960434 -269992.224576802 1.33815838337526e-16 4.81269602438861e-17
8.37223042836041e-09 0.00115550642620177 0.00105444229321513 303018.19482051 -283390.645261408 1.33815992034997e-16 4.79841855627108e-17
8.53323485967503e-09 0.00120323815258411 0.00100776098504917 289603.249476107 -296182.086014618 1.33816145732644e-16 4.78346512113729e-17
8.69423929098966e-09 0.00124876236901296 0.000959070164915153 275610.824744779 -308339.148115286 1.33816299430467e-16 4.76786775799432e-17
8.85524372230428e-09 0.00129198846161958 0.000908474121525984 261070.890381848 -319835.791588433 1.33816453128466e-16 4.75165988511733e-17
9.0162481536189e-09 0.0013328307387898 0.000856081224517538 246014.588889513 -330647.390981907 1.33816606826642e-16 4.73487622847246e-17
9.17725258493353e-09 0.00137120861471277 0.000802003692336057 230474.168813972 -340750.788113332 1.33816760524993e-16 4.71755274733861e-17
9.33825701624815e-09 0.00140704678199382 0.000746357351881538 214482.915673431 -350124.341674372 1.33816914223521e-16 4.69972655728761e-17
9.49926144756277e-09 0.00144027537296164 0.000689261390421877 198075.08066494 -358747.973586053 1.33817067922224e-16 4.6814358506876e-17
9.66026587887739e-09 0.00147083010932427 0.000630838100309149 181285.807302759 -366603.212005848 1.33817221621104e-16 4.66271981489987e-17
9.82127031019202e-09 0.00149865243985342 0.000571212617044807 164151.056145377 -373673.230894419 1.3381737532016e-16 4.6436185483445e-17
9.98227474150664e-09 0.00152368966580202 0.000510512651254827 146707.527772417 -379942.886057244 1.33817529019392e-16 4.62417297461449e-17
1.01432791728213e-08 0.00154589505378659 0.000448868215148885 128992.58417641 -385398.747583939 1.338176827188e-16 4.6044247548223e-17
1.03042836041359e-08 0.00156522793589242 0.000386411344049445 111044.168737777 -390029.128615791 1.33817836418384e-16 4.58441619836667e-17
1.04652880354505e-08 0.00158165379678726 0.00032327581358722 92900.7249544621 -393824.11037987 1.33817990118144e-16 4.56419017231069e-17
1.06262924667651e-08 0.00159514434765684 0.000259596853168739 74601.1141002548 -396775.563436107 1.3381814381808e-16 4.54379000956541e-17
1.07872968980798e-08 0.00160567758680395 0.000195510856329733 56184.5319881918 -398877.165091813 1.33818297518193e-16 4.52325941607539e-17
1.09483013293944e-08 0.00161323784678109 0.000131155088594746 37690.4250173087 -400124.41294635 1.33818451218481e-16 4.50264237720535e-17
1.1109305760709e-08 0.00161781582795591 6.66673934686859e-05 19158.4056825653 -400514.634536913 1.33818604918946e-16 4.48198306352797e-17
1.12703101920236e-08 0.00161940861843743 2.18589719007047e-06 628.167728912675 -400046.993064792 1.33818758619587e-16 4.46132573621514e-17
1.14313146233382e-08 0.0016180197003203 -6.21512871216613e-05 -17860.5988687658 -398722.489189811 1.33818912320403e-16 4.44071465223485e-17
1.15923190546529e-08 0.00161365894223386 -0.000126206355291072 -36268.2929177368 -396543.958889118 1.33819066021396e-16 4.42019396955707e-17
1.17533234859675e-08 0.00160634257821181 -0.00018984210725026 -54555.4868294332 -393516.067384901 1.33819219722565e-16 4.39980765257157e-17
1.19143279172821e-08 0.00159609317292773 -0.000252922240908796 -72683.0110697248 -389645.299154028 1.3381937342391e-16 4.3795993779202e-17
1.20753323485967e-08 0.00158293957337105 -0.000315311644100607 -90612.0380565573 -384939.944041014 1.33819527125432e-16 4.35961244094545e-17
1.22363367799114e-08 0.00156691684706676 -0.000376876683982504 -108304.16532526 -379410.079504044 1.33819680827129e-16 4.33988966295561e-17
1.2397341211226e-08 0.00154806620697129 -0.000437485493264465 -125721.49778339 -373067.549032082 1.33819834529002e-16 4.32047329950508e-17
1.25583456425406e-08 0.00152643492320542 -0.000497008252658605 -142826.728878922 -365925.936779293 1.33819988231052e-16 4.30140494988647e-17
1.27193500738552e-08 0.0015020762218132 -0.000555317468941854 -159583.220507947 -358000.538471091 1.33820141933277e-16 4.28272546802818e-17
1.28803545051699e-08 0.00147504917076373 -0.000612288248036736 -175955.081490696 -349308.328644146 1.33820295635679e-16 4.2644748749884e-17
1.30413589364845e-08 0.00144541855344003 -0.000667798562525355 -191907.244447828 -339867.924290489 1.33820449338257e-16 4.24669227323293e-17
1.32023633677991e-08 0.0014132547298858 -0.000721729513023574 -207405.540912299 -329699.544983607 1.3382060304101e-16 4.22941576288041e-17
1.33633677991137e-08 0.00137863348610748 -0.00077396558285555 -222416.774515932 -318824.969571912 1.3382075674394e-16 4.21268236009445e-17
1.35243722304283e-08 0.00134163587175416 -0.000824394885483128 -236908.792093938 -307267.489532345 1.33820910447046e-16 4.19652791779733e-17
1.3685376661743e-08 0.00130234802652313 -0.000872909404160115 -250850.552555065 -295051.859084025 1.33821064150329e-16 4.18098704887522e-17
1.38463810930576e-08 0.00126086099566283 -0.000919405223298111 -264212.193369885 -282204.242168788 1.33821217853787e-16 4.16609305203925e-17
1.40073855243722e-08 0.00121727053496838 -0.000963782751048319 -276965.094534787 -268752.156412176 1.33821371557421e-16 4.15187784050145e-17
1.41683899556868e-08 0.00117167690568733 -0.00100594693262258 -289081.939874669 -254724.4141849 1.33821525261232e-16 4.13837187361814e-17
1.43293943870015e-08 0.00112418465977499 -0.00104580745389673 -300536.775553032 -240151.060891022 1.33821678965218e-16 4.12560409164727e-17
1.44903988183161e-08 0.00107490241595916 -0.00108327893486008 -311305.065664144 -225063.310615026 1.33821832669381e-16 4.11360185375947e-17
1.46514032496307e-08 0.00102394262709403 -0.00111828111249684 -321363.744788192 -209493.479265613 1.3382198637372e-16 4.1023908794355e-17
1.48124076809453e-08 0.000971421339301436 -0.00115073901270751 -330691.267396861 -193474.915359419 1.33822140078234e-16 4.09199519337582e-17
1.497341211226e-08 0.000917457943415482 -0.00118058311090223 -339267.654003509 -177041.928592914 1.33822293782925e-16 4.08243707404e-17
1.51344165435746e-08 0.000862174919262738 -0.00120774948092198 -347074.53395908 -160229.716355456 1.33822447487792e-16 4.07373700592644e-17
1.52954209748892e-08 0.00080569757332589 -0.00123217993196854 -354095.184802102 -143074.288340917 1.33822601192836e-16 4.06591363569452e-17
1.54564254062038e-08 0.000748153770352639 -0.00125382213325019 -360314.568078463 -125612.389419336 1.33822754898055e-16 4.05898373222314e-17
1.56174298375185e-08 0.000689673659484739 -0.00127262972607589 -365719.361554249 -107881.420933817 1.3382290860345e-16 4.05296215069125e-17
1.57784342688331e-08 0.000630389395493776 -0.00128856242315791 -370297.987752648 -89919.3605912305 1.33823062309022e-16 4.04786180075734e-17
1.59394387001477e-08 0.00057043485572076 -0.00130158609491026 -374040.638753777 -71764.6811183072 1.33823216014769e-16 4.04369361890593e-17
1.61004431314623e-08 0.000509945353325814 -0.00131167284255806 -376939.297204328 -53456.2678573551 1.33823369720693e-16 4.04046654502046e-17
1.6261447562777e-08 0.000449057347462152 -0.00131880105790108 -378987.753492007 -35033.3354781003 1.33823523426793e-16 4.0381875032326e-17
1.64224519940916e-08 0.000387908150995119 -0.00132295546960363 -380181.619047997 -16535.3439840443 1.33823677133069e-16 4.03686138708917e-17
1.65834564254062e-08 0.000326635636392324 -0.00132412717591158 -380518.335748931 1998.08580675609 1.33823830839521e-16 4.03649104906824e-17
1.67444608567208e-08 0.000265377940414831 -0.00132231366372634 -379997.181398242 20527.257125455 1.33823984546149e-16 4.03707729446715e-17
1.69054652880355e-08 0.000204273168241905 -0.00131751881399493 -378619.271275143 39012.4822789599 1.33824138252953e-16 4.03861887967523e-17
1.70664697193501e-08 0.000143459097663083 -0.0013097528934048 -376387.555747907 57414.1676571319 1.33824291959933e-16 4.04111251483514e-17
1.72274741506647e-08 8.30728839711272e-05 -0.0012990325324008 -373306.813956574 75692.8985385674 1.3382444566709e-16 4.04455287088714e-17
1.73884785819793e-08 2.32507661879792e-05 -0.00128538068957173 -369383.643578588 93809.5235133143 1.33824599374422e-16 4.04893259098104e-17
1.7549483013294e-08 -3.58722247470671e-05 -0.0012688266024825 -364626.446699293 111725.238341697 1.33824753081931e-16 4.05424230623153e-17
1.77104874446086e-08 -9.41625552019262e-05 -0.00124940572505729 -359045.411817552 129401.669069633 1.33824906789615e-16 4.06047065578315e-17
1.78714918759232e-08 -0.000151488474869528 -0.00122715965164783 -352652.492025017 146800.954222416 1.33825060497476e-16 4.06760431114184e-17
1.80324963072378e-08 -0.000207720298966245 -0.00120213602794931 -345461.379405784 163885.825900905 1.33825214205513e-16 4.07562800472102e-17
1.81935007385525e-08 -0.000262730686006485 -0.00117438844895492 -337487.475711272 180619.689606439 1.33825367913726e-16 4.08452456254108e-17
1.83545051698671e-08 -0.000316394910558496 -0.00114397634416737 -328747.859373124 196966.702623468 1.33825521622115e-16 4.09427494101218e-17
1.85155096011817e-08 -0.000368591130397139 -0.00111096485031329 -319261.24892478 212891.850792041 1.3382567533068e-16 4.10485826772162e-17
1.86765140324963e-08 -0.000419200647481425 -0.0010754246718333 -309047.962910077 228361.023505689 1.33825829039422e-16 4.11625188613846e-17
1.8837518463811e-08 -0.000468108162197812 -0.00103743192944628 -298129.87636473 243341.086774069 1.33825982748339e-16 4.12843140413954e-17
1.89985228951256e-08 -0.000515202020324687 -0.000997067997112368 -286530.373963907 257799.954193881 1.33826136457433e-16 4.14137074625307e-17
1.91595273264402e-08 -0.00056037445218906 -0.000954419327743898 -274274.299936256 271706.65567603 1.33826290166702e-16 4.15504220950782e-17
1.93205317577548e-08 -0.000603521803503207 -0.000909577268037418 -261387.904851647 285031.403781837 1.33826443876148e-16 4.16941652276836e-17
1.94815361890694e-08 -0.000644544757386813 -0.000862637862823549 -247898.789396608 297745.657526191 1.3382659758577e-16 4.18446290942915e-17
1.96425406203841e-08 -0.00068334854709907 -0.000813701649353652 -233835.845257878 309822.18351101 1.33826751295568e-16 4.20014915333338e-17
1.98035450516987e-08 -0.000719843159025061 -0.00076287344196393 -219229.193240693 321235.114258027 1.33826905005542e-16 4.21644166777514e-17
1.99645494830133e-08 -0.000753943525481641 -0.000710262107578187 -204110.118754353 331960.003615992 1.33827058715692e-16 4.23330556743739e-17
2.01255539143279e-08 -0.000785569706929828 -0.000655980332530073 -188511.004803243 341973.879123585 1.33827212426018e-16 4.25070474311135e-17
2.02865583456426e-08 -0.000814647063203423 -0.000600144381204262 -172465.262626833 351255.291215884 1.33827366136521e-16 4.2686019390376e-17
2.04475627769572e-08 -0.000841106413387078 -0.000542873847013515 -156007.260137221 359784.359169005 1.33827519847199e-16 4.28695883270297e-17
2.06085672082718e-08 -0.000864884184001365 -0.000484291396244998 -139172.248307498 367542.813684476 1.33827673558054e-16 4.30573611692239e-17
2.07695716395864e-08 -0.000885922545177426 -0.000424522505324513 -121996.285668588 374514.036022153 1.33827827269085e-16 4.32489358402997e-17
2.09305760709011e-08 -0.000904169534529525 -0.000363695192061377 -104516.161076301 380683.09359784 1.33827980980292e-16 4.3443902119989e-17
2.10915805022157e-08 -0.000919579168460166 -0.000301939741449605 -86769.3149140065 386036.771969367 1.33828134691674e-16 4.3641842523057e-17
2.12525849335303e-08 -0.000932111540659344 -0.000239388426612682 -68793.7588997079 390563.603142613 1.33828288403234e-16 4.38423331935068e-17
2.14135893648449e-08 -0.000941732907586961 -0.000176175225489632 -50627.9946692852 394253.890136838 1.33828442114969e-16 4.40449448124306e-17
2.15745937961596e-08 -0.000948415760755269 -0.000112435533869225 -32310.9313102844 397099.727756707 1.3382859582688e-16 4.42492435175628e-17
2.17355982274742e-08 -0.000952138885656536 -4.83058753869472e-05 -13881.8020228925 399095.019526501 1.33828749538967e-16 4.44547918325658e-17
2.18966026587888e-08 -0.000952887407209669 1.60763908940967e-05 4619.91991340225 400235.49075025 1.33828903251231e-16 4.4661149604058e-17
2.20576070901034e-08 -0.000950652821628459 8.05733646920171e-05 23154.6056874716 400518.697669806 1.3382905696367e-16 4.48678749443759e-17
2.22186115214181e-08 -0.000945433014643171 0.000145046899874553 41682.5558374403 399944.032701233 1.33829210676286e-16 4.50745251780534e-17
2.23796159527327e-08 -0.00093723226603642 0.000209358900354409 60164.0852830027 398512.725738297 1.33829364389078e-16 4.52806577899883e-17
2.25406203840473e-08 -0.000926061240483619 0.000273371615877741 78559.6083270328 396227.841520256 1.33829518102046e-16 4.54858313732672e-17
2.27016248153619e-08 -0.000911936964717596 0.000336947937072239 96829.7234444233 393094.27306959 1.3382967181519e-16 4.56896065746176e-17
2.28626292466766e-08 -0.000894882791066267 0.00039995168912284 114935.297676542 389118.731213717 1.3382982552851e-16 4.58915470354619e-17
2.30236336779912e-08 -0.000874928347441468 0.00046224792344605 132837.550450543 384309.730213129 1.33829979242006e-16 4.60912203265593e-17
2.31846381093058e-08 -0.000852109473886026 0.000523703206738128 150498.136643997 378677.569526746 1.33830132955679e-16 4.62881988742312e-17
2.33456425406204e-08 -0.000826468145814981 0.00058418590677802 167879.228716922 372234.31175351 1.33830286669527e-16 4.64820608761885e-17
2.35066469719351e-08 -0.000798052384115349 0.000643566474372873 184943.597735301 364993.756797494 1.33830440383552e-16 4.66723912049977e-17
2.36676514032497e-08 -0.000766916152296961 0.000701717720842236 201654.693112537 356971.412311836 1.33830594097752e-16 4.6858782297251e-17
2.38286558345643e-08 -0.00073311924091467 0.000758515090446581 217976.720898035 348184.460484801 1.33830747812129e-16 4.70408350265368e-17
2.39896602658789e-08 -0.000696727139509453 0.000813836927176634 233874.720445248 338651.721239125 1.33830901526682e-16 4.72181595583389e-17
2.41506646971936e-08 -0.000657810896342697 0.000867564735332079 249314.63929494 328393.611923438 1.33831055241411e-16 4.73903761850352e-17
2.43116691285082e-08 -0.00061644696622408 0.00091958343333147 264263.406113299 317432.103582112 1.33831208956316e-16 4.75571161392061e-17
2.44726735598228e-08 -0.000572717046758977 0.000969781600209736 278689.001528645 305790.673897201 1.33831362671398e-16 4.77180223835113e-17
2.46336779911374e-08 -0.000526707903366116 0.00101805171427528 292560.526715027 293494.25690324 1.33831516386655e-16 4.7872750375442e-17
2.47946824224521e-08 -0.000478511183440275 0.00106429038341547 305848.269575798 280569.189582637 1.33831670102089e-16 4.80209688053127e-17
2.49556868537667e-08 -0.000428223220058039 0.00110839856655727 318523.768385399 267043.155456013 1.33831823817698e-16 4.81623603059088e-17
2.51166912850813e-08 -0.000375944825647063 0.00115028178580859 330559.872753054 252945.12528833 1.33831977533484e-16 4.8296622132273e-17
2.52776957163959e-08 -0.000321781076060754 0.001189850328826 341930.801777773 238305.295037797 1.33832131249446e-16 4.84234668101719e-17
2.54387001477106e-08 -0.000265841085520875 0.0012270194409753 352612.199270111 223155.021180458 1.33832284965584e-16 4.85426227518558e-17
2.55997045790252e-08 -0.000208237772910082 0.00126170950687347 362581.185922398 207526.753548992 1.33832438681898e-16 4.86538348377913e-17
2.57607090103398e-08 -0.00014908761991499 0.00129384622092294 371816.40831569 191453.965829569 1.33832592398388e-16 4.87568649631214e-17
2.59217134416544e-08 -8.8510421537775e-05 0.00132336074647308 380298.084658465 174971.083865634 1.33832746115054e-16 4.8851492547683e-17
2.60827178729691e-08 -2.66290295106954e-05 0.00135018986326786 388008.047159111 158113.411922179 1.33832899831897e-16 4.89375150084877e-17
2.62437223042837e-08 3.64309108369078e-05 0.001374276102864 394929.780941416 140917.057068439 1.33833053548915e-16 4.90147481936558e-17
2.64047267355983e-08 0.00010054122969552 0.00139556787172937 401048.459419728 123418.851840969 1.3383320726611e-16 4.90830267768728e-17
2.65657311669129e-08 0.000165571507299863 0.00141401956175802 406350.976057998 105656.275352753 1.3383336098348e-16 4.91422046115242e-17
2.67267355982276e-08 0.000231389353272812 0.00142959164796525 410825.972444682 87667.3730173208 1.33833514701027e-16 4.91921550437489e-17
2.68877400295422e-08 0.000297860690190482 0.00144225077315321 414463.862623354 69490.6750598092 1.3383366841875e-16 4.92327711837422e-17
2.70487444608568e-08 0.000364850040761142 0.00145196981936589 417256.853626932 51165.1139895118 1.33833822136649e-16 4.92639661347258e-17
2.72097488921714e-08 0.000432220818002826 0.00145872796598025 419198.962171511 32729.9412106799 1.33833975854725e-16 4.92856731790953e-17
2.73707533234861e-08 0.000499835617798139 0.00146251073430926 420286.027474045 14224.6429501864 1.33834129572976e-16 4.92978459213459e-17
2.75317577548007e-08 0.000567556513199613 0.00146331001862103 420515.720166438 -4311.14431787436 1.33834283291403e-16 4.93004583874703e-17
2.76927621861153e-08 0.000635245349855253 0.00146112410350787 419887.547286913 -22837.7187694983 1.33834437010007e-16 4.92935050806162e-17
2.78537666174299e-08 0.000702764041921506 0.0014559576675678 418402.853338 -41315.3982681539 1.33834590728787e-16 4.92770009928831e-17
2.80147710487446e-08 0.000769974867829824 0.00144782177339082 416064.817408844 -59704.6053600937 1.33834744447742e-16 4.92509815732344e-17
2.81757754800592e-08 0.000836740765273326 0.00143673384387119 412878.446368005 -77965.9520455416 1.33834898166874e-16 4.92155026515923e-17
2.83367799113738e-08 0.000902925624781727 0.00142271762489657 408850.564141328 -96060.324144187 1.33835051886182e-16 4.91706403192793e-17
2.84977843426884e-08 0.000968394581255712 0.0014058031344939 403989.797097836 -113948.965074279 1.33835205605666e-16 4.91164907660611e-17
2.86587887740031e-08 0.00103301430283633 0.00138602659854088 398306.555574947 -131593.558865876 1.33835359325327e-16 4.905317007414e-17
2.88197932053177e-08 0.00109665327649066 0.00136343037318071 391813.011582591 -148956.312230445 1.33835513045163e-16 4.89808139695413e-17
2.89807976366323e-08 0.00115918208970207 0.00133806285410646 384523.072733955 -166000.035511016 1.33835666765176e-16 4.8899577531424e-17
2.91418020679469e-08 0.00122047370766167 0.00130997837290902 376452.352458718 -182688.222339513 1.33835820485364e-16 4.88096348599378e-17
2.93028064992616e-08 0.00128040374536727 0.00127923708071095 367618.136562553 -198985.127830643 1.33835974205729e-16 4.87111787033399e-17
2.94638109305762e-08 0.00133885073404708 0.00124590481933526 358039.346204522 -214855.845144839 1.3383612792627e-16 4.86044200451678e-17
2.96248153618908e-08 0.00139569638133732 0.00121005298028511 347736.497371661 -230266.380256289 1.33836281646987e-16 4.84895876523546e-17
2.97858197932054e-08 0.00145082582465666 0.00117175835183654 336731.656937554 -245183.724765891 1.3383643536788e-16 4.83669275852517e-17
2.99468242245201e-08 0.00150412787723466 0.00113110295457158 325048.395399006 -259575.926603166 1.33836589088949e-16 4.82367026706122e-17
3.01078286558347e-08 0.00155549526626726 0.00108817386570411 312711.736392047 -273412.158465713 1.33836742810195e-16 4.80991919386604e-17
3.02688330871493e-08 0.00160482486268921 0.0010430630325747 299748.103095395 -286662.783849584 1.33836896531616e-16 4.79546900254544e-17
3.04298375184639e-08 0.00165201790207128 0.000995867075713936 286185.261636172 -299299.420529168 1.33837050253214e-16 4.78035065418222e-17
3.05908419497785e-08 0.00169698019616908 0.000946687081895923 272052.261619093 -311295.001350603 1.33837203974987e-16 4.7645965410223e-17
3.07518463810932e-08 0.00173962233467038 0.000895628387625366 257379.373906498 -322623.832208502 1.33837357696937e-16 4.74824041709524e-17
3.09128508124078e-08 0.00177985987670884 0.000842800353521848 242198.025782501 -333261.647081808 1.33837511419063e-16 4.73131732591797e-17
3.10738552437224e-08 0.00181761353173381 0.000788316130084596 226540.733640118 -343185.660010893 1.33837665141365e-16 4.71386352543648e-17
3.1234859675037e-08 0.00185280932934893 0.000732292415339433 210441.033335557 -352374.613904573 1.33837818863843e-16 4.69591641036614e-17
3.13958641063517e-08 0.00188537877775562 0.000674849204886979 193933.408358828 -360808.826072485 1.33837972586498e-16 4.67751443209724e-17
3.15568685376663e-08 0.00191525901046218 0.000616109534887496 177053.215974545 -368470.230385303 1.33838126309328e-16 4.65869701633695e-17
3.17178729689809e-08 0.00194239292094412 0.000556199218532841 159836.611491089 -375342.415972494 1.33838280032335e-16 4.63950447866448e-17
3.18788774002955e-08 0.00196672928496743 0.000495246576569994 142320.47082036 -381410.6623747 1.33838433755517e-16 4.61997793818e-17
3.20398818316101e-08 0.00198822287031264 0.000433382162453334 124542.311493973 -386661.971075476 1.33838587478876e-16 4.60015922943241e-17
3.22008862629248e-08 0.00200683453366476 0.000370738482714354 106540.212305083 -391085.093344826 1.33838741202411e-16 4.58009081281469e-17
3.23618906942394e-08 0.00202253130446136 0.000307449713147763 88352.7317479396 -394670.55433489 1.33838894926122e-16 4.55981568361847e-17
3.2522895125554e-08 0.00203528645551947 0.000243651411421851 70018.8254298858 -397410.673376188 1.33839048650009e-16 4.53937727994299e-17
3.26838995568686e-08 0.00204507956028971 0.000179480226728696 51577.7626326768 -399299.580430924 1.33839202374072e-16 4.51881938965536e-17
3.28449039881832e-08 0.00205189653661523 0.000115073607096094 33069.0422018467 -400333.228668107 1.33839356098312e-16 4.4981860566016e-17
3.30059084194979e-08 0.00205572967690159 5.05695049881268e-05 14532.3079442742 -400509.403133566 1.33839509822727e-16 4.47752148626931e-17
3.31669128508125e-08 0.00205657766463297 -1.38939181750611e-05 -3992.73628484085 -399827.725496264 1.33839663547319e-16 4.45686995110395e-17
3.33279172821271e-08 0.00205444557719933 -7.81785879453867e-05 -22466.4116237173 -398289.654860748 1.33839817272087e-16 4.43627569568167e-17
3.34889217134417e-08 0.00204934487502851 -0.000142146812589008 -40849.1491922949 -395898.484643995 1.33839970997031e-16 4.41578284194167e-17
3.36499261447564e-08 0.00204129337704636 -0.000205661578009104 -59101.574845065 -392659.335523337 1.33840124722151e-16 4.39543529468112e-17
3.3810930576071e-08 0.00203031522251765 -0.00026858684121756 -77184.5935068949 -388579.144470554 1.33840278447447e-16 4.37527664751514e-17
3.39719350073856e-08 0.00201644081934933 -0.000330787821726972 -95059.4729112078 -383666.649895641 1.33840432172919e-16 4.35535008950311e-17
3.41329394387002e-08 0.00199970677896692 -0.000392131290238821 -112687.926561157 -377932.372932039 1.33840585898568e-16 4.33569831264146e-17
3.42939438700148e-08 0.00198015583790353 -0.000452485854009497 -130032.195736102 -371388.594903434 1.33840739624392e-16 4.31636342042093e-17
3.44549483013295e-08 0.00195783676626931 -0.000511722238282912 -147055.13036773 -364049.331020368 1.33840893350393e-16 4.29738683764438e-17
3.46159527326441e-08 0.00193280426329757 -0.000569713563186922 -163720.268612595 -355930.300363001 1.33841047076569e-16 4.27880922169803e-17
3.47769571639587e-08 0.00190511884019108 -0.000626335615500452 -179991.914950644 -347048.892214322 1.33841200802922e-16 4.26067037546645e-17
3.49379615952733e-08 0.00187484669051962 -0.000681467114709228 -195835.216642436 -337424.128815904 1.33841354529451e-16 4.24300916207762e-17
3.50989660265879e-08 0.0018420595484463 -0.000734989972780237 -211216.238381292 -327076.624625973 1.33841508256157e-16 4.22586342166085e-17
3.52599704579026e-08 0.00180683453508623 -0.000786789547098498 -226102.034980488 -316028.542167069 1.33841661983038e-16 4.20926989029569e-17
3.54209748892172e-08 0.00176925399332681 -0.00083675488602438 -240460.721939781 -304303.544557839 1.33841815710095e-16 4.19326412132552e-17
3.55819793205318e-08 0.00172940531146317 -0.000884778966545478 -254261.543740135 -291926.744830654 1.33841969437329e-16 4.17788040920446e-17
3.57429837518464e-08 0.00168738073602676 -0.000930758923514031 -267474.939720348 -278924.652143592 1.33842123164738e-16 4.16315171604045e-17
3.59039881831611e-08 0.00164327717420772 -0.00097459626997886 -280072.607394499 -265325.115001985 1.33842276892324e-16 4.14910960099212e-17
3.60649926144757e-08 0.00159719598629449 -0.00101619710813988 -292027.563074563 -251157.261611163 1.33842430620086e-16 4.13578415267053e-17
3.62259970457903e-08 0.00154924276857493 -0.00105547233047334 -303314.199668369 -236451.437488124 1.33842584348024e-16 4.1232039246906e-17
3.63870014771049e-08 0.00149952712716423 -0.00109233781059699 -313908.341529085 -221239.140465773 1.33842738076138e-16 4.11139587451025e-17
3.65480059084195e-08 0.00144816244324378 -0.00112671458346634 -323787.296238747 -205552.953228946 1.33842891804429e-16 4.10038530568834e-17
3.67090103397342e-08 0.00139526563021403 -0.00115852901451603 -332929.90321492 -189426.47352669 1.33843045532895e-16 4.09019581368499e-17
3.68700147710488e-08 0.00134095688328136 -0.00118771295738407 -341316.579036367 -172894.242210316 1.33843199261538e-16 4.08084923532044e-17
3.70310192023634e-08 0.00128535942201539 -0.00121420389988098 -348929.359390646 -155991.669251319 1.33843352990356e-16 4.07236560200068e-17
3.7192023633678e-08 0.00122859922642801 -0.00123794509789134 -355751.937553779 -138754.957897652 1.33843506719351e-16 4.06476309681007e-17
3.73530280649926e-08 0.00117080476713964 -0.00125888569692074 -361769.699319576 -121221.027130786 1.33843660448522e-16 4.05805801556279e-17
3.75140324963073e-08 0.00111210673021044 -0.00127698084102797 -366969.754303782 -103427.432589651 1.33843814177869e-16 4.05226473189663e-17
3.76750369276219e-08 0.001052637737226 -0.00129219176890896 -371340.96355601 -85412.2861308333 1.33843967907392e-16 4.04739566648389e-17
3.78360413589365e-08 0.000992532061236928 -0.00130448589692669 -374873.963420293 -67214.1741973056 1.33844121637092e-16 4.0434612604252e-17
3.79970457902511e-08 0.000931925339160975 -0.00131383688890928 -377561.18559317 -48872.0751705557 1.33844275366967e-16 4.04046995288348e-17
3.81580502215658e-08 0.000870954281263396 -0.00132022471256669 -379396.873336304 -30425.2758831207 1.33844429097019e-16 4.03842816300576e-17
3.83190546528804e-08 0.000809756378338087 -0.00132363568240511 -380377.093808944 -11913.2874703545 1.33844582827246e-16 4.03734027617165e-17
3.8480059084195e-08 0.000748469607216519 -0.00132406248904731 -380499.74649377 6624.23925833533 1.3384473655765e-16 4.03720863459802e-17
3.86410635155096e-08 0.000687232135235303 -0.00132150421489585 -379764.567698099 25147.5987475168 1.3384489028823e-16 4.03803353231978e-17
3.88020679468242e-08 0.000626182024295373 -0.00131596633610586 -378173.131120797 43617.1157411199 1.33845044018986e-16 4.03981321455778e-17
3.89630723781389e-08 0.000565456935146659 -0.00130746071086294 -375728.844483668 61993.2302630228 1.33845197749919e-16 4.04254388147503e-17
3.91240768094535e-08 0.000505193832531649 -0.00129600555399141 -372436.942234551 80236.5823508168 1.33845351481027e-16 4.04621969631323e-17
3.92850812407681e-08 0.0004455286918194 -0.00128162539794717 -368304.474337729 98308.0963612579 1.33845505212311e-16 4.05083279789219e-17
3.94460856720827e-08 0.00038659620775834 -0.00126435104027885 -363340.291175673 116169.064666832 1.33845658943772e-16 4.05637331744545e-17
3.96070901033973e-08 0.000328529505971721 -0.00124421947766958 -357555.02459444 133781.230564159 1.33845812675409e-16 4.06282939975586e-17
3.9768094534712e-08 0.000271459857813638 -0.00122127382670081 -350961.065133332 151106.870216663 1.33845966407222e-16 4.07018722854605e-17
3.99290989660266e-08 0.000215516399196396 -0.00119556323150777 -343572.535487579 168108.873455977 1.33846120139211e-16 4.07843105606934e-17
4.00901033973412e-08 0.000160825853991461 -0.00116714275852442 -335405.260260879 184750.823269033 1.33846273871376e-16 4.08754323683763e-17
4.02511078286558e-08 0.000107512262596453 -0.00113607327854325 -326476.73207258 200997.073800564 1.33846427603717e-16 4.09750426541418e-17
4.04121122599705e-08 5.56967162495659e-05 -0.00110242133634261 -316806.074092096 216812.826703953 1.33846581336235e-16 4.1082928181902e-17
4.05731166912851e-08 5.49709766050009e-06 -0.00106625900816077 -306413.999080805 232164.20567689 1.33846735068928e-16 4.11988579905591e-17
4.07341211225997e-08 -4.2972171486547e-05 -0.00102766374732188 -295322.765029138 247018.329022181 1.33846888801798e-16 4.13225838886811e-17
4.08951255539143e-08 -8.9600375616999e-05 -0.000986718218344709 -283556.127483898 261343.380078295 1.33847042534844e-16 4.14538409860841e-17
4.10561299852289e-08 -0.000134280742412171 -0.000943510119889146 -271139.288667892 275108.67536879 1.33847196268066e-16 4.15923482611825e-17
4.12171344165436e-08 -0.000176910671509742 -0.000898131996920001 -258098.843500877 288284.730324638 1.33847350001464e-16 4.17378091628908e-17
4.13781388478582e-08 -0.000217391954268558 -0.000850681042490193 -244462.722637412 300843.322438692 1.33847503735038e-16 4.18899122457904e-17
4.15391432791728e-08 -0.000255630984127055 -0.000801258889567987 -230260.132643638 312757.551717001 1.33847657468788e-16 4.20483318371978e-17
4.17001477104874e-08 -0.000291538957104706 -0.000749971393354111 -215521.493441102 324001.898297505 1.33847811202715e-16 4.22127287347077e-17
4.1861152141802e-08 -0.000325032062017038 -0.000696928404555029 -200278.373151632 334552.277112688 1.33847964936818e-16 4.23827509327164e-17
4.20221565731167e-08 -0.000356031659996786 -0.000642243534097947 -184563.420482793 344386.089479099 1.33848118671096e-16 4.25580343763686e-17
4.21831610044313e-08 -0.000384464452936643 -0.000586033909791539 -168410.294798757 353482.271503244 1.33848272405551e-16 4.27382037413144e-17
4.23441654357459e-08 -0.00041026264049282 -0.000528419925453565 -151853.594026372 361821.339200163 1.33848426140182e-16 4.2922873237604e-17
4.25051698670605e-08 -0.000433364065313107 -0.000469524983042728 -134928.78055083 369385.430228043 1.33848579874989e-16 4.3111647436001e-17
4.26661742983752e-08 -0.000453712346178356 -0.000409475228347097 -117672.105259665 376158.342149486 1.33848733609973e-16 4.33041221149421e-17
4.28271787296898e-08 -0.000471256998772206 -0.000348399280795196 -100120.529897775 382125.567137453 1.33848887345132e-16 4.34998851263306e-17
4.29881831610044e-08 -0.000485953543820349 -0.000286427957968503 -82311.6478997612 387274.323051571 1.33849041080468e-16 4.36985172783083e-17
4.3149187592319e-08 -0.000497763602367702 -0.000223693995405389 -64283.6038691582 391593.580818212 1.3384919481598e-16 4.38995932331161e-17
4.33101920236336e-08 -0.000506654977989396 -0.000160331762296663 -46075.0118770262 395074.088055709 1.33849348551667e-16 4.4102682418119e-17
4.34711964549483e-08 -0.000512601725759479 -9.64769736816716e-05 -27724.8727548918 397708.388894094 1.33849502287531e-16 4.43073499480449e-17
4.36322008862629e-08 -0.000515584207829598 -3.22663997613804e-05 -9272.49055919219 399490.839946908 1.33849656023571e-16 4.45131575564618e-17
4.37932053175775e-08 -0.000515589135498584 3.21624270489206e-05 9242.61161385533 400417.622400865 1.33849809759788e-16 4.47196645344981e-17
4.39542097488921e-08 -0.000512609597682845 9.66715066998426e-05 27780.7762826417 400486.750197469 1.3384996349618e-16 4.49264286747957e-17
4.41152141802067e-08 -0.000506645075726537 0.000161122667090086 46302.2965224925 399698.07428906 1.33850117232749e-16 4.5133007218673e-17
4.42762186115214e-08 -0.000497701444519801 0.000225377860017487 64767.5010139934 398053.282960161 1.33850270969493e-16 4.53389578044711e-17
4.4437223042836e-08 -0.000485790959922642 0.000289299456865019 83136.8390151501 395555.898213446 1.33850424706414e-16 4.55438394150496e-17
4.45982274741506e-08 -0.000470932232521379 0.000352750543388429 101370.965075381 392211.268228047 1.33850578443511e-16 4.57472133224042e-17
4.47592319054652e-08 -0.000453150187773849 0.000415595212974091 119430.823309893 388026.555906372 1.33850732180784e-16 4.59486440273822e-17
4.49202363367799e-08 -0.000432476012628735 0.000477698857738943 137277.731053928 383010.723533936 1.33850885918233e-16 4.61477001924831e-17
4.50812407680945e-08 -0.000408947088733313 0.000538928456849013 154873.461717713 377174.513585078 1.33851039655859e-16 4.63439555657466e-17
4.52422451994091e-08 -0.000382606912372693 0.000599152861438964 172180.326664626 370530.425715664 1.3385119339366e-16 4.65369898937484e-17
4.54032496307237e-08 -0.000353505001311993 0.000658243075522389 189161.255937219 363092.689992047 1.33851347131638e-16 4.67263898217499e-17
4.55642540620383e-08 -0.000321696788740991 0.000716072532291173 205779.877658182 354877.236413627 1.33851500869792e-16 4.69117497790711e-17
4.5725258493353e-08 -0.000287243504548383 0.000772517365212105 222000.595936178 345901.660794289 1.33851654608122e-16 4.70926728477929e-17
4.58862629246676e-08 -0.00025021204417994 0.000827456673340077 237788.667109675 336185.187075778 1.33851808346628e-16 4.72687716129268e-17
4.60472673559822e-08 -0.000210674825361445 0.000880772780279581 253110.274165481 325748.62615375 1.3385196208531e-16 4.74396689922312e-17
4.62082717872968e-08 -0.000168709632993268 0.000932351486239831 267932.599172568 314614.331304668 1.33852115824168e-16 4.76049990438963e-17
4.63692762186114e-08 -0.000124399452548803 0.000982082312643625 282223.89357604 302806.150309019 1.33852269563203e-16 4.77644077503694e-17
4.65302806499261e-08 -7.78322923335927e-05 0.00102985873876601 295953.546200688 290349.374373392 1.33852423302413e-16 4.79175537766395e-17
4.66912850812407e-08 -2.9100994985822e-05 0.00107557842989587 309092.148818457 277270.683960821 1.338525770418e-16 4.80641092013583e-17
4.68522895125553e-08 2.16969613780681e-05 0.00111914345653178 321611.559139403 263598.091645412 1.33852730781363e-16 4.82037602192314e-17
4.70132939438699e-08 7.44596719467441e-05 0.00116046050414249 333484.961091194 249360.882113649 1.33852884521102e-16 4.83362078131749e-17
4.71742983751846e-08 0.000129081023479132 0.00119944107304297 344686.922258062 234589.549440898 1.33853038261017e-16 4.84611683947979e-17
4.73353028064992e-08 0.000185450921583869 0.00123600166795759 355193.448356149 219315.731777434 1.33853192001108e-16 4.85783744118394e-17
4.74963072378138e-08 0.000243455526526252 0.00127006397686469 364982.034628592 203572.143583908 1.33853345741376e-16 4.86875749212572e-17
4.76573116691284e-08 0.00030297749705762 0.00130155503873927 374031.714050231 187392.505561372 1.3385349948182e-16 4.87885361267426e-17
4.7818316100443e-08 0.000363896241744918 0.00133040739983452 382323.102238707 170811.472425964 1.33853653222439e-16 4.88810418795095e-17
4.79793205317577e-08 0.000426088177262131 0.00135655925816759 389838.438975746 153864.558682936 1.33853806963235e-16 4.89648941412839e-17
4.81403249630723e-08 0.000489426993090354 0.00137995459589983 396561.626249678 136588.062559009 1.33853960704207e-16 4.90399134085038e-17
4.83013293943869e-08 0.000553783922059552 0.00140054329932827 402478.262737728 119018.988255995 1.33854114445355e-16 4.91059390968193e-17
4.84623338257015e-08 0.000619028016152538 0.00141828126623103 407575.674654195 101194.96669219 1.3385426818668e-16 4.91628298850706e-17
4.86233382570161e-08 0.000685026426980429 0.00143313050033692 411842.942898447 83154.1749013131 1.3385442192818e-16 4.92104640180063e-17
4.87843426883308e-08 0.000751644690328833 0.00144505919271674 415270.926444595 64935.254261632 1.33854575669857e-16 4.92487395670938e-17
4.89453471196454e-08 0.000818747014165312 0.00145404178992204 417852.281922712 46577.2277304063 1.3385472941171e-16 4.92775746488627e-17
4.910635155096e-08 0.00088619656949122 0.00146005904872526 419581.479349684 28119.4162609353 1.33854883153738e-16 4.92969076003147e-17
4.92673559822746e-08 0.000953855783414966 0.0014630980773441 420454.813975975 9601.35458123069 1.33855036895943e-16 4.93066971110226e-17
4.94283604135893e-08 0.00102158663381895 0.00146315236306177 420470.41422293 -8937.2934852926 1.33855190638325e-16 4.93069223116367e-17
4.95893648449039e-08 0.00108925094498906 0.00146022178618388 419628.245693617 -27456.8199757321 1.33855344380882e-16 4.92975828186083e-17
4.97503692762185e-08 0.00115671068357344 0.00145431262030213 417930.111248608 -45917.5578382532 1.33855498123615e-16 4.92786987350346e-17
4.99113737075331e-08 0.00122382825423673 0.00144543751886423 415379.647146528 -64279.9658951148 1.33855651866525e-16 4.92503106076236e-17
5.00723781388477e-08 0.00129046679437646 0.00143361548807877 411982.315257647 -82504.7135361819 1.33855805609611e-16 4.92124793398699e-17
5.02333825701624e-08 0.00135649046727026 0.00141887184621297 407745.391367169 -100552.764961519 1.33855959352873e-16 4.91652860616291e-17
5.0394387001477e-08 0.00142176475302616 0.00140123816937073 402677.949593289 -118385.462792629 1.33856113096311e-16 4.91088319553685e-17
5.05553914327916e-08 0.00148615673671263 0.00138075222386678 396790.842953371 -135964.610873239 1.33856266839925e-16 4.90432380394671e-17
5.07163958641062e-08 0.00154953539305137 0.00135745788534203 390096.680119873 -153252.556082294 1.33856420583715e-16 4.89686449090284e-17
5.08774002954208e-08 0.00161177186706286 0.00133140504479315 382609.798415806 -170212.268983913 1.33856574327682e-16 4.88852124347625e-17
5.10384047267355e-08 0.00167273975006374 0.00130264950171786 374346.233107561 -186807.423141565 1.33856728071824e-16 4.87931194205795e-17
5.11994091580501e-08 0.00173231535042475 0.00127125284460451 365323.683060866 -203002.472926575 1.33856881816143e-16 4.86925632206318e-17
5.13604135893647e-08 0.00179037795850932 0.0012372823190222 355561.472833438 -218762.729654316 1.33857035560638e-16 4.85837593166208e-17
5.15214180206793e-08 0.00184681010522535 0.00120081068359372 345080.511285519 -234054.435884982 1.33857189305309e-16 4.84669408562775e-17
5.1682422451994e-08 0.00190149781363627 0.00116191605416002 333903.246796937 -248844.837729822 1.33857343050156e-16 4.83423581540025e-17
5.18434268833086e-08 0.00195433084309264 0.00112068173646973 322053.61918662 -263102.255007941 1.3385749679518e-16 4.82102781547369e-17
5.20044313146232e-08 0.00200520292536117 0.00107719604775229 309557.008437532 -276796.149103409 1.33857650540379e-16 4.80709838622106e-17
5.21654357459378e-08 0.00205401199224557 0.00103155212755676 296440.18033686 -289897.188377318 1.33857804285755e-16 4.79247737327946e-17
5.23264401772524e-08 0.00210066039421149 0.000983847738261455 282731.229147884 -302377.310994696 1.33857958031307e-16 4.7771961036254e-17
5.24874446085671e-08 0.00214505510954745 0.000934185055681712 268459.51743631 -314209.785031687 1.33858111777035e-16 4.76128731847714e-17
5.26484490398817e-08 0.00218710794361363 0.000882670450224248 253655.613179952 -325369.265734267 1.33858265522939e-16 4.74478510316782e-17
5.28094534711963e-08 0.00222673571775173 0.000829414259056878 238351.224296472 -335831.849805836 1.33858419269019e-16 4.72772481413949e-17
5.29704579025109e-08 0.00226386044745139 0.000774530549781543 222579.130729401 -345575.126607416 1.33858573015276e-16 4.71014300321452e-17
5.31314623338255e-08 0.00229840950939135 0.000718136876116838 206373.114237905 -354578.226160774 1.33858726761708e-16 4.69207733930649e-17
5.32924667651402e-08 0.00233031579699773 0.000660354026113347 189767.88604068 -362821.863851656 1.33858880508317e-16 4.67356652773832e-17
5.34534711964548e-08 0.00235951786418613 0.000601305763441051 172799.012468956 -370288.381737381 1.33859034255102e-16 4.65465022734044e-17
5.36144756277694e-08 0.00238596005697966 0.00054111856230296 155502.83878784 -376961.786370302 1.33859188002063e-16 4.63536896550645e-17
5.3775480059084e-08 0.00240959263272099 0.000479921336542739 137916.411349177 -382827.783056129 1.338593417492e-16 4.61576405138842e-17
5.39364844903987e-08 0.00243037186662309 0.000417845163526551 120077.39824266 -387873.806473725 1.33859495496513e-16 4.59587748741755e-17
5.40974889217133e-08 0.00244826014543037 0.000355023003390527 102024.008615145 -392089.047590783 1.33859649244003e-16 4.57575187933988e-17
5.42584933530279e-08 0.00246322604798961 0.000291589414255206 83794.9108309861 -395464.476817741 1.33859802991668e-16 4.55543034495955e-17
5.44194977843425e-08 0.00247524441255815 0.000227680264016916 65429.1496486735 -397992.863350326 1.3385995673951e-16 4.53495642178525e-17
5.45805022156571e-08 0.00248429639070505 0.000163432439333422 46966.0625911773 -399668.790659292 1.33860110487528e-16 4.5143739737776e-17
5.47415066469718e-08 0.00249036948768986 9.89835524271404e-05 28445.1956891245 -400488.668094186 1.33860264235722e-16 4.49372709739715e-17
5.49025110782864e-08 0.00249345758923238 3.4471646333935e-05 9906.2187772746 -400450.73857626 1.33860417984092e-16 4.47306002715432e-17
5.5063515509601e-08 0.00249356097461622 -2.99651007711842e-05 -8611.15947427784 -399555.082364063 1.33860571732639e-16 4.4524170408635e-17
5.52245199409156e-08 0.00249068631609786 -9.41886715381601e-05 -27067.2766121797 -397803.616883646 1.33860725481361e-16 4.43184236480435e-17
5.53855243722302e-08 0.00248484666462273 -0.000158061505061852 -45422.6013530011 -395200.092623721 1.3386087923026e-16 4.4113800789933e-17
5.55465288035449e-08 0.00247606142187858 -0.00022144679152468 -63637.8182555615 -391750.085104579 1.33861032979334e-16 4.39107402276831e-17
5.57075332348595e-08 0.00246435629874627 -0.000284208765230845 -81673.9119310401 -387460.982937958 1.33861186728585e-16 4.37096770088894e-17
5.58685376661741e-08 0.00244976326023677 -0.000346212995404485 -99492.2506104983 -382341.972003431 1.33861340478013e-16 4.35110419035301e-17
5.60295420974887e-08 0.00243232045703237 -0.000407326674128887 -117054.668890823 -376404.0157752 1.33861494227616e-16 4.33152604812933e-17
5.61905465288034e-08 0.00241207214377872 -0.000467418900810029 -134323.549481853 -369659.831841435 1.33861647977395e-16 4.31227522000428e-17
5.6351550960118e-08 0.00238906858430263 -0.000526360962555139 -151261.903779596 -362123.864666444 1.33861801727351e-16 4.29339295073719e-17
5.65125553914326e-08 0.00236336594395876 -0.000584026609865744 -167833.45109295 -353812.254654008 1.33861955477483e-16 4.27491969571737e-17
5.66735598227472e-08 0.00233502616933558 -0.000640292327054669 -184002.696354237 -344742.803578145 1.3386210922779e-16 4.25689503431162e-17
5.68345642540618e-08 0.00230411685557847 -0.0006950375968078 -199735.006147098 -334934.936455339 1.33862262978274e-16 4.23935758508806e-17
5.69955686853765e-08 0.0022707111016139 -0.000748145158323914 -214996.682888899 -324409.659939899 1.33862416728935e-16 4.22234492309784e-17
5.71565731166911e-08 0.00223488735358494 -0.000799501258479679 -229755.037008754 -313189.517331556 1.33862570479771e-16 4.20589349939181e-17
5.73175775480057e-08 0.00219672923683334 -0.000848995895481831 -243978.456966577 -301298.540291656 1.33862724230784e-16 4.19003856294459e-17
5.74785819793203e-08 0.00215632537678813 -0.000896523054484649 -257636.476963166 -288762.197371384 1.33862877981972e-16 4.17481408515334e-17
5.76395864106349e-08 0.00211376920914422 -0.000941980934668039 -270699.842196305 -275607.33946224 1.33863031733337e-16 4.16025268707287e-17
5.78005908419496e-08 0.00206915877973776 -0.000985272167289849 -283140.571523101 -261862.142285614 1.33863185484878e-16 4.1463855695429e-17
5.79615952732642e-08 0.00202259653454671 -0.00102630402424535 -294932.017394337 -247556.046044647 1.33863339236595e-16 4.13324244635732e-17
5.81225997045788e-08 0.00197418910026657 -0.00106498861668716 -306048.92293247 -232719.692367614 1.33863492988488e-16 4.12085148061838e-17
5.82836041358934e-08 0.00192404705593109 -0.00110124308328018 -316467.476031 -217384.858677907 1.33863646740558e-16 4.10923922441229e-17
5.84446085672081e-08 0.00187228469606726 -0.0011349897676883 -326165.360359355 -201584.390131175 1.33863800492803e-16 4.0984305619354e-17
5.86056129985227e-08 0.00181901978589174 -0.0011661563849127 -335121.803164019 -185352.12926541 1.33863954245225e-16 4.08844865619274e-17
5.87666174298373e-08 0.00176437330907321 -0.00119467617612547 -343317.619763521 -168722.843514657 1.33864107997823e-16 4.07931489938312e-17
5.89276218611519e-08 0.00170846920860072 -0.00122048805166685 -350735.254641987 -151732.150741595 1.33864261750597e-16 4.07104886707711e-17
5.90886262924665e-08 0.00165143412131324 -0.0012435367218999 -357358.819053214 -134416.442948511 1.33864415503547e-16 4.06366827628597e-17
5.92496307237812e-08 0.00159339710665893 -0.00126377281564215 -363174.125054739 -116812.80833004 1.33864569256674e-16 4.05718894751141e-17
5.94106351550958e-08 0.00153448937026507 -0.00128115298592067 -368168.715898977 -98958.9518346528 1.33864723009976e-16 4.05162477085745e-17
5.95716395864104e-08 0.00147484398291081 -0.001295640002824 -372331.89271636 -80893.1144050134 1.33864876763455e-16 4.0469876762769e-17
5.9732644017725e-08 0.00141459559550456 -0.001307202833252 -375654.737433281 -62653.9910702053 1.33865030517109e-16 4.04328760801638e-17
5.98936484490397e-08 0.00135388015067667 -0.00131581670739286 -378130.131875793 -44280.6480652507 1.3386518427094e-16 4.04053250331438e-17
6.00546528803543e-08 0.00129283459160494 -0.00132146317178479 -379752.773018102 -25812.439155449 1.33865338024948e-16 4.0387282753982e-17
6.02156573116689e-08 0.00123159656869675 -0.00132413012884881 -380519.18434322 -7288.92134475638 1.33865491779131e-16 4.03787880081605e-17
6.03766617429835e-08 0.00117030414475608 -0.00132381186280785 -380427.723291414 11250.2298512474 1.3386564553349e-16 4.03798591113153e-17
6.05376661742982e-08 0.00110909549926682 -0.00132050905193669 -379478.584780515 29765.3053863305 1.33865799288026e-16 4.03904938899827e-17
6.06986706056128e-08 0.00104810863242586 -0.00131422876711654 -377673.800790526 48216.6477364972 1.33865953042738e-16 4.0410669686231e-17
6.08596750369274e-08 0.000987481069559835 -0.00130498445669716 -375017.236013425 66564.7358426178 1.33866106797626e-16 4.04403434061682e-17
6.10206794682421e-08 0.00092734956655867 -0.00129279591769914 -371514.579577465 84770.269760861 1.3386626055269e-16 4.04794516122215e-17
6.11816838995567e-08 0.000867849816956846 -0.00127768925341789 -367173.332863709 102794.254839616 1.3386641430793e-16 4.05279106589911e-17
6.13426883308713e-08 0.000809116161289789 -0.00125969681752008 -362002.79344087 120598.085242607 1.33866568063346e-16 4.05856168723875e-17
6.15036927621859e-08 0.000751281299347917 -0.00123885714475245 -356014.035152882 138143.626639291 1.33866721818939e-16 4.06524467716683e-17
6.16646971935006e-08 0.000694476005944683 -0.00121521486841116 -349219.884401833 155393.297885442 1.33866875574708e-16 4.07282573338992e-17
6.18257016248152e-08 0.000638828850807392 -0.00118882062474859 -341634.892677064 172310.151518949 1.33867029330653e-16 4.08128863002732e-17
6.19867060561298e-08 0.000584465923190793 -0.00115973094452231 -333275.305389269 188857.952898423 1.33867183086774e-16 4.09061525236306e-17
6.21477104874444e-08 0.000531510561803277 -0.00112800813191836 -324159.027076336 205001.257815102 1.33867336843071e-16 4.10078563564378e-17
6.23087149187591e-08 0.000480083090624172 -0.00109372013110843 -314305.583055468 220705.488411815 1.33867490599544e-16 4.11177800783909e-17
6.24697193500737e-08 0.000430300561177995 -0.00105694038072641 -303736.077603704 235937.007246392 1.33867644356194e-16 4.12356883627315e-17
6.26307237813883e-08 0.000382276501817685 -0.00101774765657632 -292473.14875641 250663.18934088 1.33867798113019e-16 4.13613287802733e-17
6.2791728212703e-08 0.000336120674553844 -0.000976225902908236 -280540.919820562 264852.492062243 1.33867951870021e-16 4.14944323400613e-17
6.29527326440176e-08 0.000291938839950841 -0.000932464052623819 -267964.947706663 278474.522684862 1.33868105627199e-16 4.16347140655053e-17
6.31137370753322e-08 0.00024983253059335 -0.00088655583679634 -254772.16818996 291500.103490126 1.33868259384553e-16 4.17818736047543e-17
6.32747415066468e-08 0.000209898833608559 -0.000838599583913324 -240990.83821821 303901.334263667 1.33868413142084e-16 4.19355958740027e-17
6.34357459379615e-08 0.000172230182709861 -0.000788698009271731 -226650.475389543 315651.652056374 1.3386856689979e-16 4.20955517323531e-17
6.35967503692761e-08 0.000136914160207474 -0.000736957994976772 -211781.794730082 326725.888081192 1.33868720657673e-16 4.22613986867874e-17
6.37577548005907e-08 0.00010403330941007 -0.000683490361015582 -196416.642906701 337100.321623817 1.33868874415732e-16 4.24327816257389e-17
6.39187592319054e-08 7.36649578192297e-05 -0.000628409627896063 -180587.930015856 346752.730851825 1.33869028173967e-16 4.26093335796921e-17
6.407976366322e-08 4.58810514954664e-05 -0.000571833771359302 -164329.55909456 355662.440413402 1.33869181932378e-16 4.27906765071822e-17
6.42407680945346e-08 2.07480009505694e-05 -0.00051388396969093 -147676.353504509 363810.365723712 1.33869335690965e-16 4.29764221045108e-17
6.44017725258492e-08 -1.67346110361229e-06 -0.000454684344172657 -130663.982344869 371179.05384405 1.33869489449729e-16 4.31661726374427e-17
6.45627769571639e-08 -2.13284098452556e-05 -0.00039436169322989 -113328.884053496 377752.720866214 1.33869643208668e-16 4.33595217931036e-17
6.47237813884785e-08 -3.81678459928595e-05 -0.000333045220844875 -95708.1883602157 383517.28572202 1.33869796967784e-16 4.35560555502527e-17
6.48847858197931e-08 -5.21488007637433e-05 -0.000270866259817045 -77839.6367593327 388460.400345532 1.33869950727076e-16 4.37553530660676e-17
6.50457902511078e-08 -6.32344279159225e-05 -0.000207957990463341 -59761.501671714 392571.476123411 1.33870104486544e-16 4.39569875775406e-17
6.52067946824224e-08 -7.13940826762001e-05 -0.000144455155361007 -41512.5044695807 395841.706576711 1.33870258246188e-16 4.41605273155573e-17
6.5367799113737e-08 -7.66033873854045e-05 -8.04937707438377e-05 -23131.7325395984 398264.086225545 1.33870412006009e-16 4.43655364296981e-17
6.55288035450516e-08 -7.8844283720152e-05 -1.62108351700623e-05 -4658.5555619044 399833.425596209 1.33870565766005e-16 4.45715759217829e-17
6.56898079763663e-08 -7.81050713792647e-05 4.82559639141622e-05 13867.4588156057 400546.362338612 1.33870719526178e-16 4.47782045861593e-17
6.58508124076809e-08 -7.43804331519648e-05 0.000112768545087118 32406.6297271165 400401.368430194 1.33870873286527e-16 4.49849799547195e-17
6.60118168389955e-08 -6.76714463141386e-05 0.000177188728708092 50919.2480813298 399398.753450907 1.33871027047052e-16 4.5191459244623e-17
6.61728212703101e-08 -5.79855803282414e-05 0.000241378532884653 69365.6616144553 397540.663922228 1.33871180807754e-16 4.53972003066934e-17
6.63338257016248e-08 -4.53366808517575e-05 0.000305200469016712 87706.3598215795 394831.078711626 1.33871334568631e-16 4.56017625724608e-17
6.64948301329394e-08 -2.97449400884491e-05 0.000368517836284341 105902.058584499 391275.800512309 1.33871488329685e-16 4.58047079978177e-17
6.6655834564254e-08 -1.12368535458859e-05 0.000431195014448569 123913.78431475 386882.443416509 1.33871642090914e-16 4.60056020012704e-17
6.68168389955687e-08 1.0154836708142e-05 0.000493097754338027 141702.957431613 381660.416608912 1.3387179585232e-16 4.62040143947742e-17
6.69778434268833e-08 3.43912121688008e-05 0.00055409346539922 159231.474996287 375620.90421515 1.33871949613902e-16 4.63995203051594e-17
6.71388478581979e-08 6.14272612468004e-05 0.000614051499694545 176461.792325231 368776.841348524 1.33872103375661e-16 4.65917010841747e-17
6.72998522895125e-08 9.12119756718733e-05 0.000672843431739719 193357.003407876 361142.886406254 1.33872257137595e-16 4.67801452051984e-17
6.74608567208272e-08 0.000123688459740672 0.000730343333581268 209880.919956459 352735.389674581 1.33872410899706e-16 4.69644491446964e-17
6.76218611521418e-08 0.000158794052175105 0.000786428044524849 225998.148918639 343572.358309987 1.33872564661992e-16 4.71442182465396e-17
6.77828655834564e-08 0.000196460460330109 0.000840977434936689 241674.1682869 333673.417771502 1.33872718424455e-16 4.73190675673296e-17
6.79438700147711e-08 0.000236613906463425 0.000893874663553079 256875.401042344 323059.769786732 1.33872872187094e-16 4.74886227009209e-17
6.81048744460857e-08 0.000279175285754081 0.000945006427746804 271569.287074483 311754.14694162 1.3387302594991e-16 4.76525205803751e-17
6.82658788774003e-08 0.000324060335731145 0.000994263206214434 285724.352923012 299780.763991207 1.33873179712901e-16 4.78104102556272e-17
6.84268833087149e-08 0.000371179816749857 0.00104153949356467 299310.279192153 287165.265995667 1.33873333476069e-16 4.79619536452015e-17
6.85878877400296e-08 0.000420439703128594 0.00108673402630526 312297.965493177 273934.673392719 1.33873487239412e-16 4.81068262603634e-17
6.87488921713442e-08 0.000471741384537279 0.00112974999974445 324659.592776018 260117.324124045 1.33873641002932e-16 4.82447179001586e-17
6.89098966026588e-08 0.000524981877205889 0.00117049527534233 336368.682916445 245742.812939673 1.33873794766629e-16 4.83753333158498e-17
6.90709010339735e-08 0.0005800540445007 0.00120888257806804 347400.155431176 230841.928010335 1.33873948530501e-16 4.84983928433282e-17
6.92319054652881e-08 0.000636846826395805 0.00124482968333995 357730.381199438 215446.584983558 1.33874102294549e-16 4.86136330021443e-17
6.93929098966027e-08 0.000695245477348428 0.00127825959314855 367337.23307592 199589.758624731 1.33874256058774e-16 4.87208070598765e-17
6.95539143279173e-08 0.000755131812068522 0.00130910070098472 376200.133286689 183305.412189572 1.33874409823175e-16 4.8819685560627e-17
6.9714918759232e-08 0.000816384458656268 0.00133728694522007 384300.097506566 166628.424679258 1.33874563587752e-16 4.89100568165137e-17
6.98759231905466e-08 0.000878879118565254 0.00136275795061094 391619.77552353 149594.516134035 1.33874717352505e-16 4.89917273611059e-17
7.00369276218612e-08 0.000942488832834565 0.0013854591576228 398143.488403069 132240.171125322 1.33874871117434e-16 4.90645223638311e-17
7.01979320531759e-08 0.00100708425401951 0.00140534193929813 403857.262072845 114602.560610171 1.33875024882539e-16 4.91282860044667e-17
7.03589364844905e-08 0.00107253392323857 0.00142236370541751 408748.857255759 96719.4623154679 1.33875178647821e-16 4.91828818069136e-17
7.05199409158051e-08 0.00113870455174317 0.0014364879937306 412807.795687283 78629.1798223993 1.33875332413279e-16 4.92281929315366e-17
7.06809453471197e-08 0.00120546130640713 0.00144768454806176 416025.382560903 60370.4605245 1.33875486178913e-16 4.92641224254467e-17
7.08419497784344e-08 0.00127266809852441 0.001455929383123 418394.725153596 41982.4126350008 1.33875639944723e-16 4.9290593430187e-17
7.1002954209749e-08 0.00134018787529645 0.00146120483589531 419910.747591438 23504.4214212413 1.33875793710709e-16 4.93075493463793e-17
7.11639586410636e-08 0.00140788291338489 0.00146349960346833 420570.201723716 4976.06484556432 1.33875947476872e-16 4.93149539549778e-17
7.13249630723782e-08 0.00147561511390084 0.00146280876725745 420371.674082247 -13562.9712066212 1.3387610124321e-16 4.93127914948699e-17
7.14859675036929e-08 0.00154324629819888 0.00145913380354621 419315.588910989 -32072.9779300346 1.33876255009725e-16 4.93010666966585e-17
7.16469719350075e-08 0.0016106385038422 0.00145248258033156 417404.207259458 -50514.3086519079 1.33876408776416e-16 4.92798047725532e-17
7.18079763663221e-08 0.00167765428010505 0.00144286934047875 414641.622141886 -68847.4637513851 1.33876562543283e-16 4.92490513623912e-17
7.19689807976368e-08 0.00174415698237941 0.00143031467122175 411033.749772477 -87033.1752640488 1.33876716310327e-16 4.92088724359052e-17
7.21299852289514e-08 0.00181001106485546 0.00141484546007465 406588.316895541 -105032.490990357 1.33876870077546e-16 4.91593541514453e-17
7.2290989660266e-08 0.00187508237084878 0.00139649483724849 401314.844237631 -122806.857927841 1.33877023844942e-16 4.91006026714597e-17
7.24519940915806e-08 0.00193923842015257 0.00137530210469667 395224.626117123 -140318.204848352 1.33877177612514e-16 4.90327439351279e-17
7.26129985228953e-08 0.00200234869279933 0.00135131265194103 388330.706254918 -157529.023843495 1.33877331380262e-16 4.89559233886338e-17
7.27740029542099e-08 0.0020642849086242 0.00132457785885892 380647.849838055 -174402.450663578 1.33877485148186e-16 4.88703056736562e-17
7.29350073855245e-08 0.00212492130203123 0.00129515498563932 372192.511896089 -190902.343677993 1.33877638916286e-16 4.87760742747448e-17
7.30960118168392e-08 0.00218413489137395 0.00126310705014381 362982.802057948 -206993.361287915 1.33877792684563e-16 4.86734311263352e-17
7.32570162481538e-08 0.00224180574237332 0.001228502692935 353038.44576476 -222641.037625499 1.33877946453016e-16 4.85625961802462e-17
7.34180206794684e-08 0.00229781722500883 0.00119141603026157 342380.74202172 -237811.856377424 1.33878100221645e-16 4.84438069345851e-17
7.3579025110783e-08 0.00235205626333247 0.00115192649531473 331032.517779491 -252473.322574679 1.3387825399045e-16 4.83173179250697e-17
7.37400295420977e-08 0.00240441357767053 0.00111011866809607 319018.079042842 -266594.032194802 1.33878407759431e-16 4.81834001798574e-17
7.39010339734123e-08 0.0024547839186944 0.00106608209426135 306363.15881123 -280143.739427505 1.33878561528588e-16 4.80423406390472e-17
7.40620384047269e-08 0.00250306629285905 0.00101991109332807 293094.861962854 -293093.421459591 1.33878715297922e-16 4.78944415401011e-17
7.42230428360416e-08 0.00254916417872628 0.000971704556657626 279241.6072002 -305415.340640406 1.33878869067432e-16 4.77400197704976e-17
7.43840472673562e-08 0.00259298573370943 0.000921565735644916 264833.066181446 -317083.103894672 1.33879022837118e-16 4.75794061890065e-17
7.45450516986708e-08 0.00263444399079661 0.000869602020568807 249900.099968076 -328071.719255434 1.3387917660698e-16 4.74129449170373e-17
7.47060561299854e-08 0.00267345704483123 0.000815924710577336 234474.692924849 -338357.649396034 1.33879330377018e-16 4.72409926015801e-17
7.48670605613001e-08 0.0027099482279507 0.000760648775300196 218589.884213675 -347918.862046453 1.33879484147233e-16 4.70639176513162e-17
7.50280649926147e-08 0.00274384627380753 0.00070389260859915 202279.697028141 -356734.877186014 1.33879637917623e-16 4.68820994475362e-17
7.51890694239293e-08 0.00277508547022116 0.00064577777498378 185579.065720259 -364786.810911387 1.3387979168819e-16 4.66959275315547e-17
7.53500738552439e-08 0.0028036057999334 0.000586428749235726 168523.760975514 -372057.415885903 1.33879945458933e-16 4.6505800770362e-17
7.55110782865586e-08 0.00282935306916616 0.000525972649799112 151150.313196486 -378531.11828355 1.33880099229852e-16 4.63121265023004e-17
7.56720827178732e-08 0.00285227902370589 0.00046453896650819 133495.934259134 -384194.051148521 1.33880253000948e-16 4.61153196645947e-17
7.58330871491878e-08 0.00287234145226623 0.000402259283235395 115598.437809354 -389034.084098839 1.33880406772219e-16 4.59158019046059e-17
7.59940915805025e-08 0.00288950427690747 0.000339266996053839 97496.1582705005 -393040.849310451 1.33880560543667e-16 4.57140006767105e-17
7.61550960118171e-08 0.00290373763031896 0.000275697027517944 79227.8687353675 -396205.763726122 1.33880714315291e-16 4.55103483267421e-17
7.63161004431317e-08 0.00291501791979914 0.000211685537674156 60832.6979184865 -398522.047441554 1.33880868087091e-16 4.53052811659534e-17
7.64771048744463e-08 0.00292332787779603 0.000147369632420748 42350.0463466207 -399984.738229351 1.33881021859067e-16 4.50992385364848e-17
7.6638109305761e-08 0.00292865659889984 8.28870698413689e-05 23819.5019669696 -400590.702169711 1.3388117563122e-16 4.48926618703395e-17
7.67991137370756e-08 0.00293099956320865 1.8375965141326e-05 5280.75535383871 -400338.64036507 1.33881329403548e-16 4.46859937438816e-17
7.69601181683902e-08 0.00293035864601688 -4.60255051813766e-05 -13226.4853046034 -399229.091724325 1.33881483176053e-16 4.44796769298811e-17
7.71211225997049e-08 0.00292674211380593 -0.00011017939929663 -31662.579257394 -397264.43181064 1.33881636948734e-16 4.42741534491385e-17
7.72821270310195e-08 0.0029201646065455 -0.000173948305500513 -49988.0380974982 -394448.86775533 1.33881790721591e-16 4.40698636237179e-17
7.74431314623341e-08 0.0029106471063435 -0.000237195636538444 -68163.610342322 -390788.429248689 1.33881944494624e-16 4.38672451338177e-17
7.76041358936487e-08 0.00289821689251167 -0.000299785922162783 -86150.3655068532 -386290.95562707 1.33882098267834e-16 4.36667320802996e-17
7.77651403249634e-08 0.00288290748314316 -0.000361585099298242 -103909.777489353 -380966.079083854 1.3388225204122e-16 4.34687540548819e-17
7.7926144756278e-08 0.00286475856332716 -0.000422460799193605 -121403.807090994 -374825.204040287 1.33882405814781e-16 4.32737352199912e-17
7.80871491875926e-08 0.00284381590015438 -0.000482282630944701 -138594.983492694 -367881.482720342 1.3388255958852e-16 4.30820934002406e-17
7.82481536189073e-08 0.00282013124469532 -0.000540922460781341 -155446.484514623 -360149.786981931 1.33882713362434e-16 4.28942391874835e-17
7.84091580502219e-08 0.00279376222116136 -0.000598254686520016 -171922.215486494 -351646.676464803 1.33882867136524e-16 4.27105750613566e-17
7.85701624815365e-08 0.00276477220348601 -0.000654156506594492 -187986.886559672 -342390.363123331 1.33883020910791e-16 4.25314945271988e-17
7.87311669128511e-08 0.00273323017959071 -0.000708508183088071 -203606.088295535 -332400.672220168 1.33883174685233e-16 4.23573812731904e-17
7.88921713441658e-08 0.00269921060362576 -0.000761193298204103 -218746.365368159 -321698.999864301 1.33883328459852e-16 4.21886083485189e-17
7.90531757754804e-08 0.00266279323650309 -0.000812099003625423 -233375.288223481 -310308.267184463 1.33883482234648e-16 4.20255373643319e-17
7.9214180206795e-08 0.00262406297506214 -0.000861116262228595 -247461.52254143 -298252.871236047 1.33883636009619e-16 4.18685177191876e-17
7.93751846381097e-08 0.00258310967023497 -0.000908140081635221 -260974.896352257 -285558.632746664 1.33883789784766e-16 4.17178858506635e-17
7.95361890694243e-08 0.00254002793459996 -0.000953069739100069 -273886.464663302 -272252.740812287 1.3388394356009e-16 4.15739645147244e-17
7.96971935007389e-08 0.00249491693973627 -0.000995808997254321 -286168.571457767 -258363.694662404 1.3388409733559e-16 4.14370620943949e-17
7.98581979320535e-08 0.00244788020381319 -0.00103626631024182 -297794.908932699 -243921.242618939 1.33884251111266e-16 4.13074719392164e-17
8.00192023633682e-08 0.00239902536986923 -0.00107435501980679 -308740.573849296 -228956.318379659 1.33884404887118e-16 4.11854717369038e-17
8.01802067946828e-08 0.00234846397525587 -0.00110999354091304 -318982.120874841 -213500.974762553 1.33884558663147e-16 4.10713229185471e-17
8.03412112259974e-08 0.00229631121273986 -0.00114310553649695 -328497.612802 -197588.315053083 1.33884712439351e-16 4.09652700986328e-17
8.0502215657312e-08 0.00224268568377567 -0.00117362008098017 -337266.667537922 -181252.422101366 1.33884866215732e-16 4.08675405510844e-17
8.06632200886267e-08 0.00218770914447656 -0.00120147181219143 -345270.501762486 -164528.285321129 1.33885019992289e-16 4.07783437224434e-17
8.08242245199413e-08 0.00213150624482842 -0.00122660107137243 -352491.971162184 -147451.725746821 1.33885173769022e-16 4.06978707832348e-17
8.09852289512559e-08 0.00207420426170491 -0.00124895403096757 -358915.607153455 -130059.319309383 1.33885327545931e-16 4.0626294218478e-17
8.11462333825706e-08 0.00201593282625574 -0.00126848280992411 -364527.650016812 -112388.318495015 1.33885481323017e-16 4.05637674582181e-17
8.13072378138852e-08 0.00195682364625201 -0.00128514557625551 -369316.078370784 -94476.5725547374 1.33885635100278e-16 4.0510424548873e-17
8.14682422451998e-08 0.00189701022398331 -0.00129890663664845 -373270.63492254 -76362.4464356497 1.33885788877716e-16 4.04663798660958e-17
8.16292466765144e-08 0.00183662757031085 -0.00130973651292143 -376382.84844004 -58084.7386075255 1.3388594265533e-16 4.04317278697714e-17
8.17902511078291e-08 0.00177581191548897 -0.00131761200517135 -378646.051898636 -39682.5979607485 1.33886096433121e-16 4.04065429016691e-17
8.19512555391437e-08 0.00171470041737457 -0.00132251624147262 -380055.39676326 -21195.439953587 1.33886250211087e-16 4.03908790261875e-17
8.21122599704583e-08 0.00165343086764936 -0.00132443871402244 -380607.863375598 -2662.86218841017 1.3388640398923e-16 4.03847699145297e-17
8.2273264401773e-08 0.00159214139668411 -0.0013233753016548 -380302.267424006 15875.4404023283 1.33886557767548e-16 4.03882287725601e-17
8.24342688330876e-08 0.00153097017767724 -0.0013193282786749 -379139.262482287 34379.7605786744 1.33886711546043e-16 4.04012483124953e-17
8.25952732644022e-08 0.00147005513070123 -0.00131230630999517 -377121.338611909 52810.4638422177 1.33886865324715e-16 4.04238007684896e-17
8.27562776957168e-08 0.00140953362729094 -0.00130232443258321 -374252.817030636 71128.0733294266 1.33887019103562e-16 4.04558379560843e-17
8.29172821270315e-08 0.00134954219620644 -0.00128940402326128 -370539.840859001 89293.3543674431 1.33887172882585e-16 4.049729137539e-17
8.30782865583461e-08 0.00129021623100074 -0.00127357275292658 -365990.361964418 107267.398511224 1.33887326661785e-16 4.05480723577838e-17
8.32392909896607e-08 0.00123168970001854 -0.00125486452729001 -360614.123931135 125011.706882033 1.33887480441161e-16 4.06080722558055e-17
8.34002954209754e-08 0.00117409485944749 -0.00123331941426063 -354422.641192463 142488.272628772 1.33887634220713e-16 4.06771626758476e-17
8.356129985229e-08 0.00111756197003622 -0.00120898355813109 -347429.174370014 159659.662335538 1.33887788000441e-16 4.07551957531385e-17
8.37223042836046e-08 0.00106221901808619 -0.001181909080748 -339648.701872733 176489.096201024 1.33887941780346e-16 4.0842004468433e-17
8.38833087149192e-08 0.00100819144131487 -0.00115215396987889 -331097.887816565 192940.526818038 1.33888095560426e-16 4.09374030057289e-17
8.40443131462339e-08 0.000955601860177343 -0.00111978195501469 -321795.046333469 208978.716384389 1.33888249340683e-16 4.10411871502454e-17
8.42053175775485e-08 0.000904569815221966 -0.00108486237087394 -311760.102346209 224569.312179777 1.33888403121116e-16 4.11531347258103e-17
8.43663220088631e-08 0.000855211511042597 -0.001047470008901 -301014.548892953 239678.920146995 1.33888556901726e-16 4.12730060707195e-17
8.45273264401777e-08 0.000807639567375787 -0.00100768495707622 -289581.401093062 254275.176419865 1.33888710682511e-16 4.14005445510486e-17
8.46883308714924e-08 0.000761962777876117 -0.000965592428381386 -277485.146852682 268326.81664468 1.33888864463473e-16 4.15354771103189e-17
8.4849335302807e-08 0.000718285877086362 -0.00092128257828759 -264751.694415707 281803.742946675 1.3388901824461e-16 4.16775148543387e-17
8.50103397341216e-08 0.000676709316101601 -0.000874850311656658 -251408.316872467 294677.088398097 1.33889172025924e-16 4.18263536699689e-17
8.51713441654363e-08 0.000637329047407806 -0.000826395079469557 -237483.593744969 306919.278849774 1.33889325807414e-16 4.19816748764859e-17
8.53323485967509e-08 0.000600236319355766 -0.000776020665817256 -223007.349773838 318504.091993745 1.33889479589081e-16 4.21431459081488e-17
8.54933530280655e-08 0.000565517480710583 -0.000723834965610225 -208010.59103803 329406.713530459 1.33889633370923e-16 4.23104210265064e-17
8.56543574593801e-08 0.00053325379569537 -0.000669949753482716 -192525.438544183 339603.790320203 1.33889787152942e-16 4.24831420609207e-17
8.58153618906948e-08 0.000503521269925344 -0.000614480444386773 -176585.059427804 349073.480404942 1.33889940935137e-16 4.26609391757194e-17
8.59763663220094e-08 0.000476390487605143 -0.000557545846388774 -160223.595913683 357795.499793404 1.33890094717508e-16 4.28434316623345e-17
8.6137370753324e-08 0.000451926460338094 -0.000499267906197954 -143476.092187676 365751.165909208 1.33890248500055e-16 4.30302287547311e-17
8.62983751846387e-08 0.000430188487871274 -0.000439771447971981 -126378.419336489 372923.437608966 1.33890402282779e-16 4.32209304663782e-17
8.64593796159533e-08 0.00041123003107466 -0.000379183905959007 -108967.198516235 379296.951684641 1.33890556065679e-16 4.34151284469712e-17
8.66203840472679e-08 0.000395098597426444 -0.000317635051548859 -91279.7225143328 384858.055771969 1.33890709848754e-16 4.36124068570683e-17
8.67813884785825e-08 0.000381835639249794 -0.00025525671531798 -73353.8758727363 389594.837594463 1.33890863632007e-16 4.38123432587706e-17
8.69423929098972e-08 0.000371476464919063 -0.000192182504663481 -55228.053743601 393497.150480343 1.33891017415435e-16 4.40145095205346e-17
8.71033973412118e-08 0.000364050163225636 -0.000128547517631083 -36941.0796511747 396556.635097751 1.33891171199039e-16 4.42184727341827e-17
8.72644017725264e-08 0.000359579541065434 -6.44880535499162e-05 -18532.1223360644 398766.737361673 1.3389132498282e-16 4.44237961421446e-17
8.74254062038411e-08 0.000358081074581555 -1.41321093947191e-07 -40.6118599875444 400122.722474225 1.33891478766777e-16 4.46300400729454e-17
8.75864106351557e-08 0.000359564873866723 6.43548556046537e-05 18493.8448492971 400621.685068213 1.3389163255091e-16 4.48367628829361e-17
8.77474150664703e-08 0.000364034661301154 0.000128862332160733 37031.5488319858 400262.555432245 1.33891786335219e-16 4.50435219022488e-17
8.79084194977849e-08 0.000371487763572261 0.000193242939827665 55532.7941274464 399046.101804052 1.33891940119704e-16 4.52498743829519e-17
8.80694239290996e-08 0.000381915117393301 0.00025735878144138 73957.952820528 396974.928727102 1.33892093904366e-16 4.54553784473727e-17
8.82304283604142e-08 0.000395301288908738 0.000321072526783031 92267.5599208019 394053.471474025 1.33892247689204e-16 4.56595940345581e-17
8.83914327917288e-08 0.000411624506744765 0.000384247706727654 110422.397892931 390287.986548788 1.33892401474218e-16 4.5862083842844e-17
8.85524372230435e-08 0.000430856708634213 0.000446749005548788 128383.58065711 385686.538287956 1.33892555259408e-16 4.60624142665165e-17
8.87134416543581e-08 0.000452963601516002 0.000508442550752959 146112.63687966 380258.981589733 1.33892709044774e-16 4.62601563245575e-17
8.88744460856727e-08 0.000477904734980409 0.000569196199823235 163571.592375366 374016.940807784 1.33892862830317e-16 4.64548865794858e-17
8.90354505169873e-08 0.000505633587902875 0.000628879823257666 180723.051445074 366973.784855017 1.33893016616035e-16 4.66461880443254e-17
8.9196454948302e-08 0.000536097668080779 0.000687365583296364 197530.276974311 359144.59857067 1.3389317040193e-16 4.68336510757583e-17
8.93574593796166e-08 0.000569238624659815 0.000744528207740213 213957.269121375 350546.150412016 1.33893324188002e-16 4.70168742515499e-17
8.95184638109312e-08 0.000604992373109142 0.000800245258274714 229968.842426357 341196.856539876 1.33893477974249e-16 4.71954652303651e-17
8.96794682422458e-08 0.000643289232477672 0.000854397392724226 245530.701175911 331116.741374886 1.33893631760672e-16 4.73690415921363e-17
8.98404726735605e-08 0.000684054074637495 0.000906868620674885 260609.512862365 320327.39470896 1.33893785547272e-16 4.75372316571813e-17
9.00014771048751e-08 0.000727206485194804 0.000957546551918658 275172.97957983 308851.925463855 1.33893939334048e-16 4.76996752823175e-17
9.01624815361897e-08 0.000772660935723674 0.0010063226371864 289189.907204362 296714.912195834 1.33894093121e-16 4.78560246322668e-17
9.03234859675044e-08 0.000820326966953795 0.00105309240065426 302630.272210018 283942.350452466 1.33894246908129e-16 4.80059449246994e-17
9.0484490398819e-08 0.000870109382519809 0.00109775566372543 315465.285977678 270561.597094313 1.33894400695433e-16 4.81491151473194e-17
9.06454948301336e-08 0.000921908452857267 0.00114021675960791 327667.45645889 256601.311700741 1.33894554482914e-16 4.82852287454588e-17
9.08064992614482e-08 0.000975620128808491 0.00118038473822868 339210.647062658 242091.395185375 1.33894708270571e-16 4.84139942787036e-17
9.09675036927629e-08 0.00103113626448083 0.00121817356104533 350070.132639036 227062.925752664 1.33894862058404e-16 4.85351360451482e-17
9.11285081240775e-08 0.00108834484887998 0.0012535022853379 360222.652439624 211548.09233273 1.33895015846413e-16 4.86483946719411e-17
9.12895125553921e-08 0.00114713024582226 0.00128629523758616 369646.459941507 195580.12563707 1.33895169634599e-16 4.87535276708539e-17
9.14505169867068e-08 0.00120737344161191 0.00131648217556104 378321.369427939 179193.226982794 1.3389532342296e-16 4.88503099576879e-17
9.16115214180214e-08 0.00126895229995308 0.00134399843878285 386228.799225975 162422.495037827 1.33895477211498e-16 4.89385343344018e-17
9.1772525849336e-08 0.00133174182355029 0.00136878508702416 393351.811508451 145303.850643995 1.33895631000212e-16 4.90180119329309e-17
9.19335302806506e-08 0.00139561442183729 0.00139078902656063 399675.148575053 127873.95987901 1.33895784789102e-16 4.9088572619745e-17
9.20945347119653e-08 0.00146044018426067 0.00140996312389928 405185.265534754 110170.155522136 1.33895938578169e-16 4.91500653602791e-17
9.22555391432799e-08 0.00152608715853303 0.00142626630674072 409870.359319621 92230.3570917652 1.33896092367412e-16 4.92023585424572e-17
9.24165435745945e-08 0.00159242163325965 0.00143966365195898 413720.393967836 74092.9896261531 1.3389624615683e-16 4.92453402586142e-17
9.25775480059092e-08 0.0016593084243333 0.00145012646041046 416727.122121781 55796.9013812961 1.33896399946425e-16 4.92789185452144e-17
9.27385524372238e-08 0.00172661116448382 0.0014576323184119 418884.102695124 37381.2806222174 1.33896553736197e-16 4.93030215798513e-17
9.28995568685384e-08 0.00179419259536221 0.00146216514575549 420186.714671071 18885.5716858932 1.33896707526144e-16 4.93175978351069e-17
9.3060561299853e-08 0.00186191486153372 0.00146371523015836 420632.167002223 349.390495601081 1.33896861316268e-16 4.93226161889421e-17
9.32215657311677e-08 0.00192963980575009 0.00146227924807268 420219.504590826 -18187.5602923497 1.33897015106568e-16 4.931806599138e-17
9.33825701624823e-08 0.00199722926486867 0.00145786027181166 418949.610336598 -36685.5763277583 1.33897168897044e-16 4.93039570873412e-17
9.35435745937969e-08 0.00206454536578447 0.0014504677629763 416825.203247752 -55105.036609399 1.33897322687696e-16 4.92803197955799e-17
9.37045790251115e-08 0.00213145082074127 0.00144011755219687 413850.832619246 -73406.4883494588 1.33897476478525e-16 4.92472048437678e-17
9.38655834564262e-08 0.00219780922138942 0.00142683180523256 410032.868290735 -91550.7314777761 1.33897630269529e-16 4.92046832598636e-17
9.40265878877408e-08 0.00226348533096023 0.00141063897550177 405379.487005072 -109498.90260488 1.3389778406071e-16 4.91528462200012e-17
9.41875923190554e-08 0.00232834537393142 0.00139157374314492 399900.654896593 -127212.558263985 1.33897937852067e-16 4.90918048532226e-17
9.43485967503701e-08 0.00239225732256297 0.00136967694075005 393608.10614667 -144653.757253656 1.338980916436e-16 4.90216900034729e-17
9.45096011816847e-08 0.0024550911796897 0.00134499546590041 386515.317852262 -161785.141904752 1.3389824543531e-16 4.89426519493679e-17
9.46706056129993e-08 0.00251671925716499 0.00131758218073137 378637.481161272 -178570.0180976 1.33898399227195e-16 4.88548600823341e-17
9.48316100443139e-08 0.002577016449359 0.00128749579871168 369991.468736552 -194972.433858008 1.33898553019257e-16 4.87585025438108e-17
9.49926144756286e-08 0.00263586050112577 0.00125480075889157 360595.798618215 -210957.25636375 1.33898706811495e-16 4.86537858222906e-17
9.51536189069432e-08 0.00269313226966517 0.00121956708788719 350470.594561676 -226490.247196605 1.3389886060391e-16 4.85409343110623e-17
9.53146233382578e-08 0.00274871597971876 0.00118187024989672 339637.542936362 -241538.135678757 1.338990143965e-16 4.84201898276024e-17
9.54756277695725e-08 0.00280249947155307 0.00114179098506964 328119.846277398 -256068.690136465 1.33899168189267e-16 4.82918110956461e-17
9.56366322008871e-08 0.00285437444119895 0.00109941513657521 315942.173589765 -270050.786938375 1.3389932198221e-16 4.81560731910448e-17
9.57976366322017e-08 0.00290423667243266 0.00105483346674054 303130.607511366 -283454.477160593 1.33899475775329e-16 4.80132669525996e-17
9.59586410635163e-08 0.00295198626000154 0.00100814146265216 289712.588448159 -296251.050735713 1.33899629568624e-16 4.78636983591306e-17
9.6119645494831e-08 0.00299752782361636 0.000959439131637335 275716.85580103 -308413.097948427 1.33899783362095e-16 4.77076878741172e-17
9.62806499261456e-08 0.00304077071225179 0.00090883078706323 261173.386410268 -319914.56814596 1.33899937155743e-16 4.75455697593131e-17
9.64416543574602e-08 0.00308162919831757 0.000856424824912759 246113.330349497 -330730.825537602 1.33900090949567e-16 4.73776913588061e-17
9.66026587887749e-08 0.00312002266128428 0.000802333491615555 230568.944206585 -340838.701963804 1.33900244743567e-16 4.72044123550552e-17
9.67636632200895e-08 0.00315587576037061 0.000746672643631425 214573.521994429 -350216.546521811 1.33900398537743e-16 4.70261039985003e-17
9.69246676514041e-08 0.00318911859592201 0.000689561499301177 198161.323839594 -358844.271941532 1.33900552332096e-16 4.68431483123926e-17
9.70856720827187e-08 0.00321968685913524 0.000631122383496348 181367.502601552 -366703.397612318 1.33900706126625e-16 4.66559372745506e-17
9.72466765140334e-08 0.00324752196980796 0.000571480465614753 164228.02857969 -373777.089168479 1.33900859921329e-16 4.64648719777924e-17
9.7407680945348e-08 0.00327257120181844 0.000510763491483028 146779.612469349 -380050.19454875 1.33901013716211e-16 4.62703617708451e-17
9.75686853766626e-08 0.00329478779606647 0.000449101509740408 129059.62673193 -385509.276452461 1.33901167511268e-16 4.60728233815681e-17
9.77296898079772e-08 0.00331413106063372 0.000386626593289796 111106.025547456 -390142.6411229 1.33901321306501e-16 4.58726800243716e-17
9.78906942392919e-08 0.00333056645794874 0.000323472556412723 92957.2635210697 -393940.363396202 1.33901475101911e-16 4.56703604937393e-17
9.80516986706065e-08 0.00334406567877022 0.000259774668154137 74652.2133175708 -396894.307962112 1.33901628897497e-16 4.54662982457988e-17
9.82127031019211e-08 0.00335460670282976 0.000195669362590884 56230.082400416 -398998.146791087 1.33901782693259e-16 4.5260930469906e-17
9.83737075332358e-08 0.00336217384600432 0.000131293946604486 37730.3290535177 -400247.372690387 1.33901936489198e-16 4.50546971522319e-17
9.85347119645504e-08 0.00336675779391737 6.67863057841123e-05 19192.5778657138 -400639.308960131 1.33902090285312e-16 4.48480401333586e-17
9.8695716395865e-08 0.0033683556218967 2.28460908968217e-06 656.534858931125 -400173.115128631 1.33902244081603e-16 4.46414021619013e-17
9.88567208271796e-08 0.00336697080124608 -6.20729870923251e-05 -17838.0975581702 -398849.788754698 1.3390239787807e-16 4.44352259461846e-17
9.90177252584943e-08 0.0033626131918174 -0.000126148634866467 -36251.7056289099 -396672.163293078 1.33902551674713e-16 4.42299532060049e-17
9.91787296898089e-08 0.00335529902089913 -0.000189805090085518 -54544.849097515 -393644.90202757 1.33902705471532e-16 4.40260237265074e-17
9.93397341211235e-08 0.00334505084846636 -0.000252906006314813 -72678.345686522 -389774.488084816 1.33902859268528e-16 4.38238744162074e-17
9.95007385524382e-08 0.00333189751886676 -0.000315316226874121 -90613.3550217109 -385069.210550165 1.339030130657e-16 4.36239383711711e-17
9.96617429837528e-08 0.00331587409904599 -0.000376902074331509 -108311.461824813 -379539.146715318 1.33903166863048e-16 4.34266439473613e-17
9.98227474150674e-08 0.00329702180344483 -0.000437531636829135 -125734.758195797 -373196.1404958 1.33903320660572e-16 4.32324138431353e-17
9.9983751846382e-08 0.0032753879057289 -0.000497075050627676 -142845.9248085 -366053.777064464 1.33903474458272e-16 4.30416641938594e-17
1.00144756277697e-07 0.00325102563753997 -0.000555404778264217 -159608.310845676 -358127.353755361 1.33903628256149e-16 4.28548036805797e-17
1.00305760709011e-07 0.00322399407448578 -0.000612395881727789 -175986.012502259 -349433.847300297 1.33903782054202e-16 4.26722326546587e-17
1.00466765140326e-07 0.00319435800961254 -0.000667926290067456 -191943.949888689 -339991.877468247 1.33903935852431e-16 4.24943422802514e-17
1.00627769571641e-07 0.003162187814631 -0.000721877060859734 -207447.942169579 -329821.667185491 1.33904089650836e-16 4.23215136964597e-17
1.00788774002955e-07 0.00312755928919354 -0.00077413263497532 -222464.780776776 -318944.999221909 1.33904243449417e-16 4.21541172009575e-17
1.0094977843427e-07 0.00309055349854479 -0.000824581084099413 -236962.300540011 -307385.169536187 1.33904397248175e-16 4.19925114568368e-17
1.01110782865584e-07 0.00305125659989387 -0.00087311435047547 -250909.448582768 -295166.937379863 1.33904551047109e-16 4.18370427243726e-17
1.01271787296899e-07 0.00300975965787974 -0.000919628478358882 -264276.350835812 -282316.472267091 1.33904704846219e-16 4.16880441193531e-17
1.01432791728214e-07 0.00296615844952528 -0.00096402383668479 -277034.376025894 -268861.297923692 1.33904858645505e-16 4.15458348995623e-17
1.01593796159528e-07 0.00292055325909753 -0.00100620533247313 -289156.197002591 -254830.233335556 1.33905012444968e-16 4.14107197809456e-17
1.01754800590843e-07 0.00287304866331372 -0.00104608261451376 -300615.849271902 -240253.331022653 1.33905166244606e-16 4.12829882849208e-17
1.01915805022158e-07 0.00282375330735297 -0.00108357026689545 -311388.786611243 -225161.812670861 1.33905320044421e-16 4.11629141182339e-17
1.02076809453472e-07 0.00277277967215354 -0.00111858799196409 -321451.933646693 -209588.002259482 1.33905473844412e-16 4.10507545866877e-17
1.02237813884787e-07 0.00272024383349394 -0.0011510607823184 -330783.7352799 -193565.256827676 1.3390562764458e-16 4.09467500439988e-17
1.02398818316101e-07 0.002666265213374 -0.00118091908147452 -339364.202858749 -177127.895028104 1.33905781444923e-16 4.08511233769641e-17
1.02559822747416e-07 0.00261096632422835 -0.00120809893285554 -347174.956992912 -160311.123620799 1.33905935245443e-16 4.07640795280386e-17
1.02720827178731e-07 0.00255447250652023 -0.00123254211678667 -354199.266922564 -143150.96206472 1.33906089046139e-16 4.06858050563484e-17
1.02881831610045e-07 0.00249691166027758 -0.00125419627520273 -360422.086355937 -125684.165368494 1.33906242847011e-16 4.06164677380774e-17
1.0304283604136e-07 0.00243841397114653 -0.00127301502380074 -365830.085698949 -107948.145365596 1.33906396648059e-16 4.0556216207086e-17
1.03203840472675e-07 0.00237911163154898 -0.00128895805139749 -370411.680607864 -89980.8905825808 1.33906550449284e-16 4.05051796365299e-17
1.03364844903989e-07 0.00231913855754157 -0.00130199120627909 -374157.056803841 -71820.884872002 1.33906704250685e-16 4.04634674621609e-17
1.03525849335304e-07 0.00225863010198243 -0.00131208656935772 -377058.191096186 -53507.0249843017 1.33906858052262e-16 4.0431169147904e-17
1.03686853766618e-07 0.00219772276462015 -0.00131922251397876 -379108.86856931 -35078.5372552144 1.33907011854015e-16 4.04083539942115e-17
1.03847858197933e-07 0.00213655389972581 -0.00132338375225013 -380304.695896537 -16574.8935871377 1.33907165655944e-16 4.03950709896045e-17
1.04008862629248e-07 0.00207526142189452 -0.00132456136779484 -380643.110752282 1964.27309557392 1.3390731945805e-16 4.03913487057216e-17
1.04169867060562e-07 0.00201398351064629 -0.0013227528348562 -380123.387302391 20499.2537363055 1.33907473260332e-16 4.03971952360974e-17
1.04330871491877e-07 0.00195285831445925 -0.00131796202371513 -378746.63776092 38990.3481990429 1.3390762706279e-16 4.04125981788039e-17
1.04491875923192e-07 0.00189202365486896 -0.00131019919240772 -376515.810009981 57397.9503022248 1.33907780865424e-16 4.04375246629901e-17
1.04652880354506e-07 0.00183161673126766 -0.0012994809647608 -373435.68128777 75682.6326514508 1.33907934668235e-16 4.04719214192654e-17
1.04813884785821e-07 0.00177177382703576 -0.00128583029479262 -369512.847958279 93805.2310893415 1.33908088471222e-16 4.05157148937737e-17
1.04974889217136e-07 0.00171263001763504 -0.00126927641755484 -364755.711384614 111726.928581668 1.33908242274384e-16 4.05688114057154e-17
1.0513589364845e-07 0.00165431888128867 -0.00124985478652105 -359174.459936151 129409.338360072 1.33908396077724e-16 4.06310973479798e-17
1.05296898079765e-07 0.00159697221286795 -0.00122760699765603 -352781.047168089 146814.586143296 1.33908549881239e-16 4.07024394304573e-17
1.05457902511079e-07 0.00154071974159837 -0.00120258070032822 -345589.166220113 163905.391260806 1.33908703684931e-16 4.07826849655118e-17
1.05618906942394e-07 0.0014856888531899 -0.00117482949525637 -337614.220489014 180645.146505054 1.33908857488798e-16 4.08716621949999e-17
1.05779911373709e-07 0.00143200431698639 -0.00114441281970878 -328873.29063806 196997.99654134 1.33909011292842e-16 4.09691806581393e-17
1.05940915805023e-07 0.00137978801871879 -0.00111139582020115 -319385.0980138 212928.91470732 1.33909165097062e-16 4.10750315994349e-17
1.06101920236338e-07 0.00132915869943441 -0.00107584921296558 -309169.964548629 228403.778037672 1.33909318901459e-16 4.11889884157927e-17
1.06262924667653e-07 0.00128023170116148 -0.00103784913248968 -298249.769235017 243389.440353215 1.33909472706032e-16 4.13108071418606e-17
1.06423929098967e-07 0.00123311871985389 -0.000997476968450026 -286647.901264611 257853.803257927 1.3390962651078e-16 4.14402269725589e-17
1.06584933530282e-07 0.00118792756614503 -0.00095481919138943 -274389.209932585 271765.8848918 1.33909780315705e-16 4.15769708216802e-17
1.06745937961596e-07 0.00114476193442346 -0.000909967167511234 -261499.951414533 285095.886292256 1.33909934120807e-16 4.17207459153626e-17
1.06906942392911e-07 0.00110372118072486 -0.000863016962987369 -248007.732529898 297815.255221995 1.33910087926084e-16 4.18712444191647e-17
1.07067946824226e-07 0.00106490010991608 -0.000814069138199313 -233941.451612388 309896.747326542 1.33910241731538e-16 4.20281440974001e-17
1.0722895125554e-07 0.00102838877262704 -0.000763228532352656 -219331.23661403 321314.484490516 1.33910395537168e-16 4.21911090033185e-17
1.07389955686855e-07 0.000994272272365643 -0.000710604038926594 -204208.380575424 332044.010267603 1.33910549342974e-16 4.2359790198655e-17
1.0755096011817e-07 0.000962630583228593 -0.000656308372439292 -188605.274600423 342062.342265527 1.33910703148956e-16 4.25338265010077e-17
1.07711964549484e-07 0.00093353837859877 -0.000600457827028702 -172555.338478784 351348.021373793 1.33910856955115e-16 4.27128452574409e-17
1.07872968980799e-07 0.000907064871196016 -0.000543172027365893 -156092.949105398 359881.157728762 1.3391101076145e-16 4.28964631426587e-17
1.08033973412113e-07 0.000883273664823944 -0.000484573672434424 -139253.366849413 367643.473317614 1.33911164567961e-16 4.30842869800381e-17
1.08194977843428e-07 0.000862222618130328 -0.000424788272724539 -122072.660030955 374618.341129922 1.33911318374648e-16 4.32759145837642e-17
1.08355982274743e-07 0.000843963720672911 -0.000363943881405091 -104587.627667206 380790.820772991 1.33911472181512e-16 4.34709356202627e-17
1.08516986706057e-07 0.000828542981556087 -0.00030217082004898 -86835.7206533189 386147.690474656 1.33911625988551e-16 4.36689324870855e-17
1.08677991137372e-07 0.000816000330877012 -0.000239601399499588 -68854.9615469751 390677.475405015 1.33911779795767e-16 4.38694812073659e-17
1.08838995568687e-07 0.000806369534192241 -0.000176369636476055 -50683.8631284101 394370.472256394 1.33911933603159e-16 4.40721523379292e-17
1.09000000000001e-07 0.000799678120188117 -0.000112610966524416 -32361.3459103338 397218.770028925 1.33912087410728e-16 4.42765118891117e-17
