0 -0.00139 0 0 400000 1.33808e-16 4.46026666666667e-17
4.65811965811966e-10 -0.00137752911810156 0.000186948330419708 53723.8936383696 399093.441047733 1.33818767939089e-16 4.52053132096932e-17
9.31623931623932e-10 -0.00134006126767042 0.000371799414000015 106845.09526082 391003.429449929 1.33829536742546e-16 4.58012396230703e-17
1.3974358974359e-09 -0.00127810114983322 0.000551225902795166 158407.415064884 375875.002659373 1.33840306410441e-16 4.63797837530637e-17
1.86324786324786e-09 -0.0011925943485058 0.000721997820365649 207482.645185312 353979.895917597 1.33851076942842e-16 4.69305954631937e-17
2.32905982905983e-09 -0.00108491034598914 0.000881040706725655 253187.268979286 325711.661396542 1.3386184833982e-16 4.74438229539049e-17
2.79487179487179e-09 -0.000956817907351777 0.00102549096877951 294698.367244743 291578.594335864 1.33872620601443e-16 4.79102901275046e-17
3.26068376068376e-09 -0.000810453276048736 0.00115274743975678 331268.435007468 252194.593324041 1.33883393727781e-16 4.8321661805217e-17
3.72649572649573e-09 -0.000648281752654528 0.00126051821931097 362238.842098535 208268.119065452 1.33894167718904e-16 4.86705938215947e-17
4.19230769230769e-09 -0.000473053347732969 0.00134686195081663 387051.695133039 160589.450214649 1.33904942574881e-16 4.89508652934904e-17
4.65811965811966e-09 -0.000287753306582788 0.00141022279245821 405259.887255149 110016.465526437 1.33915718295781e-16 4.91574906814133e-17
5.12393162393162e-09 -9.55483959645703e-05 0.00144945845215135 416535.154616206 57459.2081140199 1.33926494881673e-16 4.92868096246316e-17
5.58974358974359e-09 0.000100270080732916 0.00146386078113244 420673.994415352 3863.50954910895 1.33937272332628e-16 4.93365529312702e-17
6.05555555555555e-09 0.000296345514465754 0.00145316855495011 417601.337810787 -49806.0315176628 1.33948050648715e-16 4.93058835337204e-17
6.52136752136752e-09 0.000489316401714886 0.00141757221118333 407371.911411801 -102583.409895891 1.33958829830002e-16 4.91954116701834e-17
6.98717948717948e-09 0.000675876848612317 0.00135771045796505 390169.262660218 -153518.601104773 1.33969609876561e-16 4.90071840170234e-17
7.45299145299145e-09 0.000852836078992499 0.00127465881370306 366302.466456124 -201694.662377519 1.33980390788459e-16 4.87446469654497e-17
7.91880341880342e-09 0.00101717587518906 0.00116991028362642 336200.572119979 -246244.239592689 1.33991172565766e-16 4.84125847014413e-17
8.38461538461538e-09 0.00116610491752004 0.00104534852033406 300404.890460223 -286365.182972497 1.34001955208553e-16 4.80170332014094e-17
8.85042735042735e-09 0.00129710904414316 0.000903213950831849 259559.259599926 -321334.990405788 1.34012738716888e-16 4.75651716896748e-17
9.31623931623931e-09 0.00140799652631413 0.000746063479181387 214398.464607991 -350523.818332702 1.3402352309084e-16 4.70651935096356e-17
9.78205128205128e-09 0.0014969375437277 0.000576724489566502 165735.019224582 -373405.825889955 1.3403430833048e-16 4.65261587311937e-17
1.02478632478632e-08 0.00156249714894942 0.000398243977230019 114444.547468242 -389568.647996933 1.34045094435877e-16 4.59578311459283e-17
1.07136752136752e-08 0.0016036611270808 0.000213833722494287 61450.0281323114 -398720.826723996 1.340558814071e-16 4.53705025827275e-17
1.11794871794872e-08 0.001619854284633 2.68124943739974e-05 7705.18566651066 -400697.06702012 1.34066669244219e-16 4.47748077050452e-17
1.16452991452991e-08 0.00161095083781561 -0.000159453676165943 -45822.6736732764 -395461.222026105 1.34077457947304e-16 4.41815326225284e-17
1.21111111111111e-08 0.00157727671262485 -0.000341612078426278 -98170.0715152304 -383106.954057711 1.34088247516423e-16 4.36014207613651e-17
1.25769230769231e-08 0.00151960371468213 -0.000516383669297642 -148394.699560328 -363856.059174958 1.34099037951647e-16 4.30449794873181e-17
1.3042735042735e-08 0.00143913567310884 -0.000680622099468172 -195592.382117883 -338054.485306515 1.34109829253044e-16 4.25222909621455e-17
1.3508547008547e-08 0.00133748680719293 -0.000831370355981362 -238913.353644626 -306166.115414796 1.34120621420685e-16 4.20428306381883e-17
1.3974358974359e-08 0.00121665270460639 -0.000965914001429662 -277577.558248942 -268764.427420661 1.34131414454639e-16 4.16152966586984e-17
1.44401709401709e-08 0.001078974432951 -0.00108183005124543 -310888.695702278 -226522.180832342 1.34142208354975e-16 4.12474532354475e-17
1.49059829059829e-08 0.000927096430045856 -0.00117703060898488 -338246.761039502 -180199.315553059 1.34153003121764e-16 4.09459908238234e-17
1.53717948717949e-08 0.000763918930400409 -0.00124980047378206 -359158.851924002 -130629.280536125 1.34163798755074e-16 4.0716405613504e-17
1.58376068376068e-08 0.000592545783721809 -0.00129882804258346 -373248.049114054 -78704.0382353481 1.34174595254975e-16 4.05629005053371e-17
1.63034188034188e-08 0.000416228604314102 -0.00132322895040797 -380260.210034137 -25358.0146529899 1.34185392621537e-16 4.04883093584916e-17
1.67692307692308e-08 0.000238308256343239 -0.00132256202254262 -380068.553004505 28448.7162123807 1.34196190854829e-16 4.04940458732407e-17
1.72350427350427e-08 6.21547279750181e-05 -0.0012968372509294 -372675.949439033 81747.7109123761 1.34206989954921e-16 4.05800780314288e-17
1.77008547008547e-08 -0.000108893523523378 -0.00124651565053415 -358214.882569498 133579.587126033 1.34217789921882e-16 4.07449285567225e-17
1.81666666666667e-08 -0.00027158966401845 -0.00117250099763072 -336945.073251934 183011.292542812 1.34228590755783e-16 4.09857013884531e-17
1.86324786324786e-08 -0.000422836930422133 -0.00107612359805368 -309248.81540146 229152.901211554 1.34239392456692e-16 4.12981336946275e-17
1.90982905982906e-08 -0.000559744382130071 -0.000959116376938625 -275624.104830395 271173.634995891 1.3425019502468e-16 4.16766724899644e-17
1.95641025641026e-08 -0.000679678952286268 -0.000823583719700631 -236675.684988225 308316.821699837 1.34260998459815e-16 4.21145744818629e-17
2.00299145299145e-08 -0.000780312861693722 -0.000671963624507507 -193104.170606109 339913.520543273 1.34271802762167e-16 4.26040273490173e-17
2.04957264957265e-08 -0.000859665541584295 -0.000506983846937943 -145693.444857821 365394.569632085 1.34282607931807e-16 4.31362902714744e-17
2.09615384615385e-08 -0.000916139310228899 -0.000331612825705184 -95296.5567400775 384300.838450965 1.34293413968803e-16 4.37018511842448e-17
2.14273504273504e-08 -0.000948548160734619 -0.000149006272327147 -42820.3723883572 396291.500697661 1.34304220873226e-16 4.42905979253636e-17
2.18931623931624e-08 -0.000956139141317247 3.75496142595826e-05 10790.7435071214 401150.178395012 1.34315028645145e-16 4.48920001989816e-17
2.23589743589743e-08 -0.000938605942625864 0.000224697286318822 64571.9225409572 398788.846520531 1.34325837284629e-16 4.54952990791563e-17
2.28247863247863e-08 -0.000896094446932368 0.000409068274905449 117555.157847694 389249.42769338 1.34336646791748e-16 4.6089700644023e-17
2.32905982905983e-08 -0.000829200138659496 0.000587343818880229 168786.727240805 372703.048030164 1.34347457166572e-16 4.66645702554105e-17
2.37564102564102e-08 -0.000738957422202554 0.000756314604088582 217344.360636863 349446.967375823 1.34358268409171e-16 4.7209623987065e-17
2.42222222222222e-08 -0.000626821038666369 0.000912938537371879 262353.842743733 319899.23897647 1.34369080519614e-16 4.77151137556923e-17
2.46880341880342e-08 -0.000494639915367894 0.00105439551536503 303004.752131626 284591.194533745 1.3437989349797e-16 4.81720028220924e-17
2.51538461538461e-08 -0.000344623918186177 0.00117813820204224 338565.053326333 244157.889729476 1.3439070734431e-16 4.85721285027276e-17
2.56196581196581e-08 -0.000179304104622531 0.00128193790073312 368394.279185928 199326.68203023 1.34401522058704e-16 4.89083491620104e-17
2.60854700854701e-08 -1.48719246403328e-06 0.00136392469455385 391955.066174969 150904.146212725 1.3441233764122e-16 4.91746728383016e-17
2.6551282051282e-08 0.000185794936884399 0.00142262113229588 408822.834777795 99761.5629872828 1.34423154091928e-16 4.93663651869717e-17
2.7017094017094e-08 0.00037933979189611 0.00145696885293364 418693.440661893 46819.2417986032 1.34433971410899e-16 4.94800347959736e-17
2.7482905982906e-08 0.000575831899651014 0.00146634766896322 421388.658713299 -6970.04011203226 1.34444789598202e-16 4.9513694336493e-17
2.79487179487179e-08 0.000771902472769462 0.00145058676448138 416859.401061593 -60638.1843696967 1.34455608653906e-16 4.94667964460729e-17
2.84145299145299e-08 0.000964190040755635 0.00140996780581455 405186.610990566 -113219.195273972 1.34466428578082e-16 4.93402436963128e-17
2.88803418803419e-08 0.00114940095450959 0.00134521990806002 386579.816458286 -163766.5671592 1.34477249370799e-16 4.91363724636538e-17
2.93461538461538e-08 0.00132436867496237 0.0012575065474838 361373.369074235 -211370.322344592 1.34488071032126e-16 4.88589109914659e-17
2.98119658119658e-08 0.00148611077858594 0.00114840465469566 330020.436043297 -255173.392975923 1.34498893562134e-16 4.85129123962182e-17
3.02777777777778e-08 0.00163188265353882 0.00101987626428064 293084.853036669 -294387.051845413 1.34509716960893e-16 4.81046638215584e-17
3.07435897435897e-08 0.00175922691969156 0.000874233230574756 251230.984460159 -328305.114370362 1.34520541228471e-16 4.7641573373544e-17
3.12094017094017e-08 0.0018660176826659 0.000714095644117617 205211.7734674 -356316.656007038 1.34531366364939e-16 4.71320368703234e-17
3.16752136752137e-08 0.00195049882493373 0.00054234469674865 155855.196663402 -377917.016076816 1.34542192370366e-16 4.65852868030501e-17
3.21410256410256e-08 0.00201131564428625 0.000362070843293918 104049.367175448 -392716.889806483 1.34553019244823e-16 4.60112262251919e-17
3.26068376068376e-08 0.00204753926967099 0.000176518192516389 50726.5541163027 -400449.34477939 1.34563846988378e-16 4.54202505588922e-17
3.30726495726496e-08 0.00205868341435014 -1.09738720522381e-05 -3153.59400970267 -400974.635340036 1.34574675601102e-16 4.48230605247632e-17
3.35384615384615e-08 0.00204471316422112 -0.000197030790839668 -56621.3200555988 -394282.728119684 1.34585505083065e-16 4.42304695615217e-17
3.40042735042735e-08 0.00200604564247671 -0.000378303564927512 -108714.212314993 -380493.493041715 1.34596335434336e-16 4.3653209201325e-17
3.44700854700855e-08 0.00194354253798944 -0.000551529037548857 -158494.527793993 -359854.556181381 1.34607166654985e-16 4.31017359037401e-17
3.49358974358975e-08 0.00185849463125039 -0.000713588635331005 -205066.072855555 -332736.852939164 1.34617998745082e-16 4.2586042825306e-17
3.54017094017094e-08 0.00175259859574155 -0.000861564511861864 -247590.337361906 -299627.96138265 1.34628831704697e-16 4.21154799130887e-17
3.58675213675214e-08 0.00162792649167926 -0.000992792082829736 -285301.591852769 -261123.335573538 1.34639665533899e-16 4.16985855610799e-17
3.63333333333334e-08 0.00148688850063188 -0.00110490800685412 -317520.675938359 -217915.596504675 1.34650500232758e-16 4.13429328604226e-17
3.67991452991453e-08 0.00133218957121749 -0.00119589274802327 -343667.229621467 -170782.073246238 1.34661335801344e-16 4.10549932120155e-17
3.72649572649573e-08 0.0011667807557378 -0.00126410695361019 -363270.147269086 -120570.818410526 1.34672172239727e-16 4.08400197577605e-17
3.77307692307693e-08 0.000993806113225597 -0.00130832099169907 -375976.065927344 -68185.3495239657 1.34683009547977e-16 4.07019527301918e-17
3.81965811965812e-08 0.000816546134254938 -0.00132773711651843 -381555.735038712 -14568.3908477845 1.34693847726163e-16 4.06433484258827e-17
3.86623931623932e-08 0.000638358705545443 -0.00132200386192968 -379908.152741313 39315.0917979462 1.34704686774356e-16 4.06653330829511e-17
3.91282051282052e-08 0.000462618676755616 -0.00129122240337555 -371062.394120824 92495.2579033282 1.34715526692624e-16 4.07675824948316e-17
3.95940170940171e-08 0.000292657117104996 -0.00123594477313331 -355177.098322525 144014.84827246 1.34726367481039e-16 4.09483277293181e-17
4.00598290598291e-08 0.000131701355135061 -0.00115716396034295 -332537.623567166 192946.415974369 1.3473720913967e-16 4.12043868520337e-17
4.05256410256411e-08 -1.71831190893392e-05 -0.00105629607335089 -303550.92109102 238409.022078903 1.34748051668586e-16 4.15312220854165e-17
4.0991452991453e-08 -0.000151147843472107 -0.000935154884796365 -268738.220092204 279584.095624022 1.34758895067858e-16 4.19230213764447e-17
4.1457264957265e-08 -0.00026761267146904 -0.000795919216998138 -228725.655172979 315730.172279976 1.34769739337556e-16 4.23728029069031e-17
4.1923076923077e-08 -0.000364312234311099 -0.000641093754105314 -184233.004811826 346196.246335583 1.34780584477749e-16 4.28725406669278e-17
4.2388888888889e-08 -0.000439336741195603 -0.000473463985836081 -136060.743412634 370433.495569619 1.34791430488506e-16 4.3413308833289e-17
4.28547008547009e-08 -0.000491166382618289 -0.000296046093311994 -85075.6398489436 388005.167837927 1.348022773699e-16 4.39854423552242e-17
4.33205128205129e-08 -0.000518698717098806 -0.000112032678598808 -32195.1616018794 398594.451277571 1.34813125121998e-16 4.45787108586972e-17
4.37863247863249e-08 -0.000521268547796068 7.52646855525568e-05 21629.0348904052 402010.186308475 1.3482397374487e-16 4.51825027400081e-17
4.42521367521368e-08 -0.000498659930646593 0.000262475051959025 75428.2305838963 398190.316447586 1.34834823238588e-16 4.57860161360268e-17
4.47179487179488e-08 -0.000451110097256786 0.000446228768737135 128234.078668654 387203.015642013 1.3484567360322e-16 4.63784533342813e-17
4.51837606837608e-08 -0.000379305221291073 0.000623218130590504 179096.034108353 369245.471643486 1.34856524838837e-16 4.69492151239432e-17
4.56495726495727e-08 -0.000284368103902932 0.000790256919974233 227098.464160477 344640.347134315 1.34867376945508e-16 4.74880915895349e-17
4.61153846153847e-08 -0.000167837999213086 0.000944337766351251 271377.13187516 313829.982115495 1.34878229923304e-16 4.79854459129306e-17
4.65811965811967e-08 -3.16429423300227e-05 0.00108268629094224 311134.755831818 277368.441728272 1.34889083772294e-16 4.84323878747934e-17
4.70470085470086e-08 0.000121934922614293 0.00120281106214661 345655.36597596 235911.552469399 1.34899938492549e-16 4.88209339317255e-17
4.75128205128206e-08 0.00029030039090632 0.00130254846213844 374317.197065324 190205.105979202 1.34910794084137e-16 4.91441509867888e-17
4.79786324786326e-08 0.000470591883841412 0.00138010165666411 396603.887535675 141071.442578247 1.3492165054713e-16 4.93962812643244e-17
4.84444444444445e-08 0.000659732933592164 0.00143407296614153 412113.782079152 89394.6559087191 1.34932507881597e-16 4.95728460399028e-17
4.89102564102565e-08 0.000854487540051131 0.00146348905487581 420567.17034354 36104.6848751044 1.34943366087607e-16 4.96707263566465e-17
4.93760683760685e-08 0.00105151840357748 0.00146781848442813 421811.331295722 -17839.420872133 1.34954225165232e-16 4.96882192732456e-17
4.98418803418805e-08 0.00124744698573302 0.00144698131457762 415823.292278417 -71466.7607675882 1.34965085114541e-16 4.96250686292796e-17
5.03076923076924e-08 0.00143891431710664 0.00140135057842762 402710.25291583 -123812.057854938 1.34975945935604e-16 4.94824697720481e-17
5.07735042735044e-08 0.00162264145779221 0.00133174560445339 382707.666050799 -173933.033492978 1.34986807628491e-16 4.92630481577407e-17
5.12393162393164e-08 0.00179548852224932 0.00123941730503494 356175.010067018 -220927.369504105 1.34997670193271e-16 4.89708122100111e-17
5.17051282051283e-08 0.00195451120602869 0.00112602569562518 323589.328506039 -263948.95242629 1.35008533630016e-16 4.86110812824e-17
5.21709401709403e-08 0.00209701379672355 0.000993610048567918 285536.653081822 -302223.107426676 1.35019397938794e-16 4.81903900192292e-17
5.26367521367523e-08 0.00222059771470771 0.000844552218182969 242701.46430218 -335060.547596786 1.35030263119677e-16 4.77163708345044e-17
5.31025641025642e-08 0.00232320470960499 0.00068153379669107 195854.379240422 -361869.787449458 1.35041129172733e-16 4.71976166223612e-17
5.35683760683762e-08 0.00240315393455711 0.000507487871644201 145838.287925685 -382167.797060688 1.35051996098033e-16 4.66435261685745e-17
5.40341880341882e-08 0.00245917223049009 0.000325546252757775 93553.1877618986 -395588.70494865 1.35062863895648e-16 4.60641350442195e-17
5.45000000000001e-08 0.00249041707474001 0.000138983117658053 39939.9888398417 -401890.392888038 1.35073732565646e-16 4.54699350241053e-17
5.49658119658121e-08 0.00249649178039144 -4.88439094087621e-05 -14036.4184481741 -400958.863788835 1.35084602108098e-16 4.48716852793898e-17
5.54316239316241e-08 0.00247745267213002 -0.000234554185573189 -67404.5287801084 -392810.30384224 1.35095472523074e-16 4.42802187421072e-17
5.58974358974361e-08 0.00243380810880506 -0.000414804896507624 -119203.707733681 -377590.801631598 1.35106343810644e-16 4.37062471265123e-17
5.6363247863248e-08 0.00236650936964085 -0.000586351227590724 -168501.483351523 -355573.729076046 1.35117215970878e-16 4.3160168116601e-17
5.682905982906e-08 0.0022769335674849 -0.000746104775981333 -214410.332191312 -327154.831160214 1.35128089003847e-16 4.2651878190461e-17
5.7294871794872e-08 0.00216685889600171 -0.000891189152087623 -256103.657684107 -292845.112647208 1.35138962909619e-16 4.21905944509235e-17
5.77606837606839e-08 0.00203843265572834 -0.00101899176942148 -292830.673137707 -253261.649631818 1.35149837688266e-16 4.17846886701546e-17
5.82264957264959e-08 0.00189413263391912 -0.00112721089035398 -323929.921414292 -209116.491152466 1.35160713339858e-16 4.14415365362356e-17
5.86923076923079e-08 0.00173672253277936 -0.00121389708060317 -348841.18782896 -161203.850471144 1.35171589864463e-16 4.1167384816403e-17
5.91581196581198e-08 0.00156920224786857 -0.00127748832585585 -367115.59171701 -110385.816431348 1.35182467262154e-16 4.09672388293454e-17
5.96239316239318e-08 0.0013947538912107 -0.00131683817794212 -378423.674883212 -57576.8419599171 1.35193345532998e-16 4.08447722536017e-17
6.00897435897438e-08 0.00121668453031315 -0.00133123642339318 -382561.341186278 -3727.28880987365 1.35204224677068e-16 4.08022608972348e-17
6.05555555555557e-08 0.00103836667348513 -0.00132042190176383 -379453.540178047 50193.6753493381 1.35215104694432e-16 4.08405416227986e-17
6.10213675213677e-08 0.000863177572493812 -0.00128458724236934 -369155.628313551 103215.519706765 1.35225985585161e-16 4.09589971689387e-17
6.14871794871797e-08 0.000694438434969399 -0.00122437543353039 -351852.383044792 154383.819020544 1.35236867349325e-16 4.11555671439036e-17
6.19529914529916e-08 0.000535354640682769 -0.00114086828542136 -327854.687355393 202777.43384271 1.35247749986994e-16 4.14267849951939e-17
6.24188034188036e-08 0.00038895803783789 -0.00103556699353121 -297593.944224986 247525.093003994 1.35258633498239e-16 4.17678402920081e-17
6.28846153846156e-08 0.000258052358169098 -0.000910365151946003 -261614.321376519 287821.07983847 1.35269517883128e-16 4.21726652014803e-17
6.33504273504275e-08 0.000145162733580507 -0.00076751470158733 -220562.965721013 322939.739735933 1.35280403141733e-16 4.26340436041447e-17
6.38162393162395e-08 5.24902233190869e-05 -0.000609585425745516 -175178.363469353 352248.547802415 1.35291289274124e-16 4.31437408864491e-17
6.42820512820515e-08 -1.81278294399407e-05 -0.000439418721439369 -126277.055271462 375219.501305283 1.35302176280371e-16 4.36926520758099e-17
6.47478632478635e-08 -6.52508975759596e-05 -0.000260076478223513 -74738.9453682375 391438.631713033 1.35313064160543e-16 4.42709656533616e-17
6.52136752136754e-08 -8.78612302741981e-05 -7.47859841933432e-05 -21491.4690675431 400613.464969328 1.35323952914711e-16 4.48683400971546e-17
6.56794871794874e-08 -8.53822057073413e-05 0.000113118149481098 32507.0965739474 402578.295557298 1.35334842542946e-16 4.54740899791792e-17
6.61452991452994e-08 -5.76887452024627e-05 0.000300254000417208 86284.8785367304 397297.179249435 1.35345733045317e-16 4.60773782673759e-17
6.66111111111113e-08 -5.10960080891115e-06 0.000483253203265226 138873.899725854 384864.590492732 1.35356624421894e-16 4.66674113718412e-17
6.70769230769233e-08 7.15785255596813e-05 0.000658821578823342 189327.502138723 365503.732409159 1.35367516672748e-16 4.72336334247643e-17
6.75427350427353e-08 0.000171164926213976 0.000823798432725137 236737.387703972 339562.529641762 1.35378409797949e-16 4.77659162971409e-17
6.80085470085472e-08 0.0002920266446723 0.000975213456261067 280249.970038529 307507.375986115 1.35389303797568e-16 4.82547419317655e-17
6.84743589743592e-08 0.000432157654556749 0.00111034020496978 319081.742748281 269914.74916481 1.35400198671673e-16 4.86913737100295e-17
6.89401709401712e-08 0.000589204935799739 0.0012267451921504 352533.387575637 227460.843501464 1.35411094420336e-16 4.9068013767172e-17
6.94059829059831e-08 0.000760510799370265 0.0013223317132977 380002.368356853 180909.406939186 1.35421991043626e-16 4.93779434232999e-17
6.98717948717951e-08 0.000943160699208414 0.00139537761223057 400993.783985859 131098.001183799 1.35432888541615e-16 4.96156442011699e-17
7.03376068376071e-08 0.00113403567122996 0.0014445663086657 415129.284899709 78922.932152272 1.35443786914371e-16 4.97768972509454e-17
7.0803418803419e-08 0.00132986845591008 0.00146901052822269 422153.892440224 25323.1218601491 1.35454686161966e-16 4.98588593906254e-17
7.1269230769231e-08 0.00152730229457788 0.00146826830715281 421940.59818012 -28736.7880431872 1.35465586284469e-16 4.98601143915968e-17
7.1735042735043e-08 0.00172295134134747 0.00144235098309806 414492.660251053 -82283.7970295126 1.35476487281951e-16 4.97806985842231e-17
7.2200854700855e-08 0.00191346160344637 0.00139172302740978 399943.555156514 -134354.058293839 1.35487389154482e-16 4.96221003205259e-17
7.26666666666669e-08 0.00209557131310375 0.00131729372139004 378554.585748735 -184010.228002183 1.35498291902132e-16 4.93872333015329e-17
7.31324786324789e-08 0.0022661696443047 0.00122040082562229 350710.188236045 -230358.338898575 1.35509195524972e-16 4.90803842472813e-17
7.35982905982909e-08 0.00242235271742041 0.0011027865356885 316911.022506299 -272563.894520989 1.35520100023071e-16 4.87071358493173e-17
7.40641025641028e-08 0.00256147588345567 0.000966566156432262 277764.96995739 -309866.894279907 1.35531005396501e-16 4.82742663905051e-17
7.45299145299148e-08 0.00268120134653822 0.000814190058022954 233976.200699099 -341595.518873661 1.3554191164533e-16 4.77896278370389e-17
7.49957264957268e-08 0.0027795402671068 0.000648399598043866 186332.506753416 -367178.229605906 1.35552818769631e-16 4.7262004595182e-17
7.54615384615387e-08 0.00285488858752955 0.000472177802488796 135691.129106938 -386154.063699325 1.35563726769472e-16 4.67009554734523e-17
7.59273504273507e-08 0.0029060559348146 0.000288695692951259 82963.3335967669 -398180.940152924 1.35574635644924e-16 4.61166416934676e-17
7.63931623931627e-08 0.00293228707963048 0.000101255225726725 29098.013151864 -403041.826484059 1.35585545396057e-16 4.55196440440045e-17
7.68589743589746e-08 0.00293327556479243 -8.67701303910781e-05 -24935.3885410592 -400648.655186798 1.35596456022942e-16 4.4920772468489e-17
7.73247863247866e-08 0.00290916925728383 -0.000271996108254671 -78164.3246404939 -391043.919232697 1.3560736752565e-16 4.43308715125919e-17
7.77905982905986e-08 0.00286056772323203 -0.000451088555743189 -129630.650008084 -374399.917709871 1.35618279904249e-16 4.37606251333929e-17
7.82564102564105e-08 0.00278851147243092 -0.000620823451999867 -178407.868251977 -351015.664989671 1.35629193158811e-16 4.32203643833486e-17
7.87222222222225e-08 0.00269446326534767 -0.000778144946207769 -223617.810501152 -321311.518866044 1.35640107289406e-16 4.27198814308404e-17
7.91880341880345e-08 0.00258028181843659 -0.000920220374090997 -264446.445659798 -285821.624173934 1.35651022296104e-16 4.22682532652974e-17
7.96538461538465e-08 0.00244818838043408 -0.00104449126164339 -300158.537499409 -245184.307720489 1.35661938178976e-16 4.18736782608484e-17
8.01196581196584e-08 0.0023007267806639 -0.00114871939773408 -330110.88467946 -200130.597248603 1.35672854938091e-16 4.15433285412646e-17
8.05854700854704e-08 0.00214071766792905 -0.00123102714592208 -353763.905272575 -151471.070932164 1.35683772573521e-16 4.12832208047809e-17
8.10512820512824e-08 0.00197120776318915 -0.00128993126943525 -370691.3571486 -100081.273968142 1.35694691085335e-16 4.10981079353334e-17
8.15170940170943e-08 0.0017954150390365 -0.00132436965996896 -380588.019108383 -46885.9646407732 1.35705610473604e-16 4.09913933527969e-17
8.19829059829063e-08 0.00161667081237182 -0.00133372048863669 -383275.194348985 7157.52667716874 1.35716530738399e-16 4.09650696456788e-17
8.24487179487183e-08 0.00143835979231985 -0.0013178134337616 -378703.937027294 61076.5261318653 1.35727451879789e-16 4.10196825927839e-17
8.29145299145302e-08 0.00126385916231283 -0.00127693278278137 -366955.943663575 113900.522549968 1.35738373897845e-16 4.11543212234703e-17
8.33803418803422e-08 0.00109647779274074 -0.00121181235178204 -348242.093152909 164678.636078763 1.35749296792637e-16 4.13666340974954e-17
8.38461538461542e-08 0.000939396678305046 -0.0011236223134486 -322898.661474472 212496.734879674 1.35760220564236e-16 4.16528715135308e-17
8.43119658119661e-08 0.000795611672256793 -0.00101394816986972 -291381.279044348 256493.89175932 1.35771145212713e-16 4.20079528887071e-17
8.47777777777781e-08 0.000667879548443846 -0.000884762248039674 -254256.739293764 295877.884478246 1.35782070738137e-16 4.24255580984272e-17
8.52435897435901e-08 0.000558668362276701 -0.000738388230516615 -212192.805739637 329939.460666721 1.35792997140578e-16 4.28982411343253e-17
8.5709401709402e-08 0.00047011300442299 -0.000577459359099392 -165946.200851796 358065.110490772 1.35803924420108e-16 4.34175640364047e-17
8.6175213675214e-08 0.000403976747647396 -0.00040487106331729 -116348.99276222 379748.117050321 1.35814852576797e-16 4.39742486903051e-17
8.6641025641026e-08 0.000361619479405811 -0.000223728865936415 -64293.624716607 394597.685472384 1.35825781610715e-16 4.45583437588983e-17
8.7106837606838e-08 0.000343973192519704 -3.72925027650902e-05 -10716.8566178813 402345.986228345 1.35836711521932e-16 4.51594037447837e-17
8.75726495726499e-08 0.000351525175662619 0.000151082737744422 43417.0923856474 402852.985733469 1.3584764231052e-16 4.57666769616681e-17
8.80384615384619e-08 0.00038430920683541 0.000338006399478283 97133.896910936 396108.977103928 1.35858573976548e-16 4.63692990320041e-17
8.85042735042739e-08 0.00044190490898341 0.000520113881481973 149466.661648407 382234.765334997 1.35869506520086e-16 4.69564884285162e-17
8.89700854700858e-08 0.000523445280009136 0.000694127000306336 199473.325342128 361479.503379071 1.35880439941206e-16 4.75177405401836e-17
8.94358974358978e-08 0.000627632262302173 0.000856913001765418 246253.619172884 334216.217883897 1.35891374239978e-16 4.80430167695163e-17
8.99017094017098e-08 0.000752760072191841 0.00100554095981466 288965.274270305 300935.104938887 1.35902309416471e-16 4.85229252571205e-17
9.03675213675217e-08 0.000896745870033057 0.00113733454720255 326839.186570835 262234.716321994 1.35913245470758e-16 4.89488899799751e-17
9.08333333333337e-08 0.00105716721947631 0.00124992022777279 359193.265981867 218811.194718711 1.35924182402907e-16 4.93133051788442e-17
9.12991452991457e-08 0.00123130566222823 0.00134127000262436 385444.720471976 171445.751514482 1.3593512021299e-16 4.96096723340729e-17
9.17649572649576e-08 0.00141619562448094 0.0014097379402939 405120.553857267 120990.612409708 1.35946058901077e-16 4.98327172229035e-17
9.22307692307696e-08 0.00160867777515948 0.00145408983294571 417866.088188262 68353.683702663 1.35956998467239e-16 4.99784849497709e-17
9.26965811965816e-08 0.00180545587593656 0.00147352544422876 423451.357182229 14482.215132911 1.35967938911545e-16 5.00444112373351e-17
9.31623931623935e-08 0.00200315610003773 0.00146769294776117 421775.255453117 -39654.2467388618 1.35978880234067e-16 5.00293686931617e-17
9.36282051282055e-08 0.00219838775234157 0.00143669529573377 412867.368675949 -93081.3078452923 1.35989822434875e-16 4.99336872172744e-17
9.40940170940175e-08 0.00238780429797139 0.00138108840235473 396887.451557948 -144837.264578935 1.3600076551404e-16 4.97591481811855e-17
9.45598290598295e-08 0.00256816360093506 0.00130187117417493 374122.5628237 -193990.414747996 1.36011709471631e-16 4.95089524810699e-17
9.50256410256414e-08 0.0027363862884992 0.00120046756608611 344981.908594375 -239655.829918888 1.3602265430772e-16 4.91876630380065e-17
9.54914529914534e-08 0.00288961119063313 0.00107870098533027 309989.486792328 -281011.287212893 1.36033600022377e-16 4.88011227781848e-17
9.59572649572654e-08 0.0030252468564195 0.000938761503614338 269774.664789709 -317312.073729175 1.36044546615673e-16 4.83563495674061e-17
9.64230769230773e-08 0.00314101821986039 0.000783166466910141 225060.859730377 -347904.397035259 1.36055494087678e-16 4.7861409989126e-17
9.68888888888893e-08 0.00323500757474029 0.000614715211403293 176652.525118443 -372237.160234367 1.36066442438462e-16 4.73252742362413e-17
9.73547008547013e-08 0.00330568912057262 0.000436438700196646 125420.677769054 -389871.889536069 1.36077391668096e-16 4.67576547269422e-17
9.78205128205132e-08 0.00335195645731288 0.000251544986861745 72287.2255081709 -400490.635493158 1.36088341776651e-16 4.61688313481169e-17
9.82863247863252e-08 0.00337314253338826 6.33614871181201e-05 18208.3776146094 -403901.705525832 1.36099292764198e-16 4.55694664707205e-17
9.87521367521372e-08 0.00336903168738869 -0.000124724902549736 -35842.5634697813 -400043.124377979 1.36110244630806e-16 4.49704130658715e-17
9.92179487179491e-08 0.00333986356604309 -0.000309328761690959 -88892.7194752937 -388983.760037598 1.36121197376546e-16 4.43825193748862e-17
9.96837606837611e-08 0.00328632884730833 -0.000487127081012561 -139987.147410916 -370922.094668237 1.3613215100149e-16 4.38164336487666e-17
1.00149572649573e-07 0.00320955684489411 -0.000654919079041489 -188206.029255101 -346182.662484714 1.36143105505707e-16 4.32824124716884e-17
1.00615384615385e-07 0.00311109521668129 -0.000809683823580053 -232681.230803532 -315210.218501384 1.36154060889268e-16 4.27901361188094e-17
1.01081196581197e-07 0.00299288214163287 -0.000948634620635942 -272611.931576511 -278561.742928911 1.36165017152244e-16 4.23485342723821e-17
1.01547008547009e-07 0.00285721146538769 -0.00106926919160775 -307279.044384899 -236896.424960627 1.36175974294705e-16 4.19656252339804e-17
1.02012820512821e-07 0.00270669144132532 -0.00116941473523659 -336058.16491619 -190963.806070538 1.36186932316722e-16 4.16483715279818e-17
1.02478632478633e-07 0.00254419780921759 -0.00124726706283213 -358430.818139956 -141590.296086893 1.36197891218365e-16 4.14025544966491e-17
1.02944444444445e-07 0.00237282205556106 -0.00130142310189287 -373993.798969167 -89664.3046111727 1.36208850999706e-16 4.12326701455297e-17
1.03410256410257e-07 0.00219581578647847 -0.00133090618254781 -382466.438899575 -36120.2552945503 1.36219811660814e-16 4.11418481155818e-17
1.03876068376069e-07 0.00201653221412276 -0.00133518365110318 -383695.667666661 18078.229386928 1.36230773201761e-16 4.11317952423251e-17
1.04341880341881e-07 0.00183836580955246 -0.0013141764930481 -377658.778637152 71955.6702637087 1.36241735622616e-16 4.12027647198821e-17
1.04807692307693e-07 0.0016646912081338 -0.00126826079167059 -364463.847975837 124542.288407699 1.36252698923451e-16 4.13535514269879e-17
1.05273504273505e-07 0.00149880246706601 -0.00119826099537486 -344347.799854645 174891.46087654 1.36263663104337e-16 4.15815135011997e-17
1.05739316239317e-07 0.00134385376837679 -0.00110543511422537 -317672.152339809 222096.761068879 1.36274628165343e-16 4.18826197750905e-17
1.06205128205129e-07 0.00120280263480496 -0.000991452111520846 -284916.520341749 265308.276943793 1.36285594106541e-16 4.22515222226895e-17
1.06670940170941e-07 0.00107835668084337 -0.000858361896706307 -246669.992389605 303747.913330805 1.36296560928001e-16 4.26816521141945e-17
1.07136752136753e-07 0.000972924857666667 -0.000708558459134029 -203620.536271291 336723.402818943 1.36307528629793e-16 4.31653381501487e-17
1.07602564102565e-07 0.000888574069858942 -0.000544736805687278 -156542.624071294 363640.77293577 1.3631849721199e-16 4.36939444505189e-17
1.08068376068377e-07 0.00082699194523878 -0.000369844476859598 -106283.299203237 384015.045092694 1.3632946667466e-16 4.42580259165712e-17
1.08534188034189e-07 0.00078945642839038 -0.000187028513528326 -53746.9360950168 397478.972581691 1.36340437017876e-16 4.48474981705417e-17
1.09e-07 0.000776812745742041 4.21171384903815e-07 121.033264299935 403789.660188706 1.36351408241706e-16 4.54518190154879e-17
