0 -0.00139 0 0 400000 1.33808e-16 4.46026666666667e-17
5.64766839378238e-10 -0.00137166781365322 0.000226823345068634 65182.8943206324 397977.799767349 1.33831268414081e-16 4.53372555316314e-17
1.12953367875648e-09 -0.00131661516847819 0.000449517256090014 129179.100987819 385403.132871786 1.33854540864309e-16 4.60586133835179e-17
1.69430051813471e-09 -0.00122599589077349 0.000662176436267278 190291.597426898 362607.577783162 1.33877817351386e-16 4.67478172895036e-17
2.25906735751295e-09 -0.00110190703251777 0.000859160628663172 246899.526350138 330193.770519692 1.33901097876012e-16 4.73867936104923e-17
2.82383419689119e-09 -0.000947333433047742 0.00103524420982435 297501.184918193 289019.473173671 1.33924382438887e-16 4.79587973589233e-17
3.38860103626943e-09 -0.000766068732030045 0.00118575481562397 340753.862057766 240174.875176029 1.33947671040711e-16 4.84488564114223e-17
3.95336787564767e-09 -0.000562614923930899 0.00130669732184847 375509.467128834 184953.727967716 1.33970963682185e-16 4.88441687921928e-17
4.51813471502591e-09 -0.000342063113507353 0.0013948598897254 400845.00454108 124819.077353181 1.33994260364009e-16 4.91344424853058e-17
5.08290155440414e-09 -0.000109958630747953 0.00144789926155505 416087.085411365 61364.5011826551 1.34017561086886e-16 4.93121687560222e-17
5.64766839378238e-09 0.000127845921062821 0.00146440304128971 420829.825317657 -3728.12065942038 1.34040865851514e-16 4.93728217226802e-17
6.21243523316062e-09 0.000365345789916941 0.0014439273047404 414945.652455171 -68733.18486073 1.34064174658597e-16 4.93149788748423e-17
6.77720207253886e-09 0.000596543260685102 0.00138700853792206 398588.738393887 -131927.110317572 1.34087487508834e-16 4.91403593285287e-17
7.3419689119171e-09 0.000815606681753243 0.00129514958254713 372190.959193532 -191634.038088887 1.34110804402927e-16 4.88537787899564e-17
7.90673575129534e-09 0.00101702511618055 0.00117077995680441 336450.492668665 -246270.273956111 1.34134125341578e-16 4.84630224074434e-17
8.47150259067357e-09 0.0011957545161477 0.00101719159904658 292313.352862446 -294386.295005912 1.34157450325488e-16 4.79786388684809e-17
9.03626943005181e-09 0.00134735154350691 0.000838451733836342 240948.350105092 -334705.206036744 1.34180779355359e-16 4.74136611876915e-17
9.60103626943005e-09 0.00146809148612841 0.000639295166681679 183716.139433945 -366156.62552744 1.34204112431893e-16 4.6783261576079e-17
1.01658031088083e-08 0.0015550671408111 0.00042499885962495 122133.177010241 -387905.101911196 1.34227449555791e-16 4.61043495310458e-17
1.07305699481865e-08 0.00160626603764164 0.00020124211015702 57831.5393208616 -399372.305767622 1.34250790727756e-16 4.53951237937057e-17
1.12953367875648e-08 0.00162062395449257 -2.60439617780977e-05 -7484.33018549596 -400252.408442056 1.34274135948489e-16 4.46745900450414e-17
1.1860103626943e-08 0.00159805329864558 -0.000250833629791003 -72082.8007266195 -390520.238156438 1.34297485218694e-16 4.39620571229291e-17
1.24248704663212e-08 0.0015394455986605 -0.000467166312752217 -134250.962505967 -370431.996105056 1.34320838539072e-16 4.32766251137743e-17
1.29896373056995e-08 0.001446648035929 -0.000669304626924968 -192340.046620684 -340518.512257852 1.34344195910327e-16 4.26366788902573e-17
1.35544041450777e-08 0.00132241463366008 -0.00085188654758378 -244809.152195157 -301571.218395068 1.3436755733316e-16 4.20594005246426e-17
1.4119170984456e-08 0.00117033339309284 -0.00101006764463327 -290266.121050717 -254621.209025609 1.34390922808275e-16 4.15603135089621e-17
1.46839378238342e-08 0.000994731304699201 -0.00113964961922285 -327504.475652071 -200911.944175915 1.34414292336374e-16 4.1152870872287e-17
1.52487046632124e-08 0.000800559749103137 -0.00123719173091843 -355535.440262618 -141866.316713811 1.34437665918161e-16 4.08480981234986e-17
1.58134715025907e-08 0.000593263322833247 -0.00130010215804634 -373614.19543618 -79048.9564177471 1.34461043554338e-16 4.06543004962024e-17
1.63782383419689e-08 0.000378635564030991 -0.00132670686536986 -381259.668724546 -14124.7694476388 1.3448442524561e-16 4.05768422691454e-17
1.69430051813471e-08 0.000162665401178987 -0.00131629414921648 -378267.335742195 51185.1881374116 1.34507810992678e-16 4.06180040258101e-17
1.75077720207254e-08 -4.86216054503346e-05 -0.00126913367475249 -364714.690964086 115149.333292715 1.34531200796248e-16 4.07769216513724e-17
1.80725388601036e-08 -0.000249323021151859 -0.00118646949621951 -340959.241930448 176071.465931365 1.34554594657022e-16 4.10496086986548e-17
1.86373056994819e-08 -0.000433816057264208 -0.0010704872406841 -307629.078744004 232335.748675639 1.34577992575704e-16 4.14290615445199e-17
1.92020725388601e-08 -0.000596906704167948 -0.000924256320919591 -265606.267615216 282449.563646978 1.34601394552999e-16 4.19054445629114e-17
1.97668393782383e-08 -0.000733967521362188 -0.000751648705275599 -216003.507519891 325083.109607097 1.34624800589609e-16 4.24663504186846e-17
2.03316062176166e-08 -0.000841060429240041 -0.00055723639423168 -160134.667733708 359104.688993011 1.3464821068624e-16 4.30971285937373e-17
2.08963730569948e-08 -0.000915041244219337 -0.000346170318282169 -99479.9863598632 383610.748486171 1.34671624843595e-16 4.37812734466284e-17
2.1461139896373e-08 -0.000953643182382499 -0.000124043864871465 -35646.8516615558 397949.875699979 1.3469504306238e-16 4.45008615268658e-17
2.20259067357513e-08 -0.000955537113934158 0.000103255349794253 29672.7947100956 401740.114681165 1.34718465343297e-16 4.52370265573132e-17
2.25906735751295e-08 -0.00092036696683694 0.000329701535926387 94747.3037536633 394879.13995712 1.34741891687053e-16 4.59704594974069e-17
2.31554404145078e-08 -0.000848759336611 0.000549290475983038 157851.225747942 377547.018132363 1.34765322094352e-16 4.66819204326906e-17
2.3720207253886e-08 -0.000742307043025672 0.000756198726233973 217311.06047568 350201.482526472 1.34788756565898e-16 4.735274872031e-17
2.42849740932642e-08 -0.000603527065147406 0.000944938052843721 271549.637976721 313565.844844625 1.34812195102397e-16 4.79653578639979e-17
2.48497409326425e-08 -0.000435793965623797 0.00111050100687645 319127.952866935 268609.86311755 1.34835637704553e-16 4.85037019946192e-17
2.54145077720207e-08 -0.000243250565162757 0.00124849377686145 358783.342572179 216524.071962885 1.34859084373072e-16 4.89537015829323e-17
2.5979274611399e-08 -3.06982316672409e-05 0.0013552527942152 389462.996572687 158688.254649932 1.3488253510866e-16 4.93036170900032e-17
2.65440414507772e-08 0.000196530310600112 0.00142794199698676 410351.907372748 96634.8918937952 1.34905989912022e-16 4.95443606391516e-17
2.71088082901554e-08 0.000432712282474345 0.00146462816968834 420894.521130214 32008.5556384096 1.34929448783863e-16 4.96697374349035e-17
2.76735751295337e-08 0.000671886517901309 0.0014643323578224 420809.512800977 -33477.6762281537 1.34952911724888e-16 4.96766105157023e-17
2.82383419689119e-08 0.000908011478928534 0.00142705598973372 410097.292852692 -98087.6291081221 1.34976378735805e-16 4.95649844587712e-17
2.88031088082901e-08 0.00113512542911271 0.00135378100879535 389040.04525145 -160108.061199008 1.34999849817319e-16 4.93380058036903e-17
2.93678756476684e-08 0.00134750451882714 0.00124644400791558 358194.294418691 -217894.092935122 1.35023324970136e-16 4.90018801690101e-17
2.99326424870466e-08 0.00153981459058043 0.00110788504766267 318376.196944601 -269912.831730187 1.35046804194962e-16 4.8565708245051e-17
3.04974093264249e-08 0.00170725267824043 0.000941772510669204 270639.946776432 -314784.035027058 1.35070287492504e-16 4.80412449973563e-17
3.10621761658031e-08 0.00184567444661808 0.000752505980594613 216249.865259241 -351316.732987175 1.35093774863467e-16 4.74425884520398e-17
3.16269430051813e-08 0.00195170418999686 0.000545099716933602 156646.91494757 -378540.839092719 1.3511726630856e-16 4.67858063024619e-17
3.21917098445596e-08 0.00202282447004487 0.000325049811892293 93410.5240847481 -395732.909658045 1.35140761828487e-16 4.60885102267233e-17
3.27564766839378e-08 0.00205744301288837 9.81885487484243e-05 28216.7331348906 -402435.368239203 1.35164261423956e-16 4.53693891935949e-17
3.33212435233161e-08 0.0020549350876708 -0.000129470178933524 -37206.2275536215 -398468.684085558 1.35187765095675e-16 4.46477141238504e-17
3.38860103626943e-08 0.00201566023870512 -0.000351890290176457 -101123.75157014 -383936.180507803 1.3521127284435e-16 4.39428270356084e-17
3.44507772020725e-08 0.00194095292312894 -0.00056317355540279 -161840.84726767 -359221.344393274 1.35234784670688e-16 4.32736282159632e-17
3.50155440414508e-08 0.00183308729777238 -0.000757716007969064 -217747.086207348 -324977.70690422 1.35258300575396e-16 4.26580750158627e-17
3.5580310880829e-08 0.00169521708440745 -0.000930356580646357 -267359.317262631 -282111.562376957 1.35281820559183e-16 4.21127055593711e-17
3.61450777202073e-08 0.00153129210348852 -0.00107651402470069 -309361.013459665 -231757.982376477 1.35305344622755e-16 4.16522000001674e-17
3.67098445595855e-08 0.00134595368538936 -0.00119230847922287 -342637.207714494 -175250.75971484 1.35328872766821e-16 4.12889909647851e-17
3.72746113989638e-08 0.00114441172857379 -0.00127466446471541 -366304.090404226 -114087.078294727 1.35352404992087e-16 4.10329335199616e-17
3.7839378238342e-08 0.000932306661237231 -0.00132139256690829 -379732.483086295 -49887.8446188317 1.35375941299263e-16 4.089104342502e-17
3.84041450777202e-08 0.000715559963795355 -0.00133124764131506 -382564.564913606 15645.2680038653 1.35399481689055e-16 4.08673106211885e-17
3.89689119170985e-08 0.000500217213532217 -0.00130396199120178 -374723.407085404 80774.9241809494 1.35423026162173e-16 4.09625929161174e-17
3.95336787564767e-08 0.000292287811677128 -0.00124025263493578 -356415.061286757 143774.184539659 1.35446574719325e-16 4.11745926963867e-17
4.0098445595855e-08 9.75856418644983e-05 -0.00114180246553102 -328123.145451477 202972.296175705 1.35470127361218e-16 4.14979172998584e-17
4.06632124352332e-08 -7.84251150271624e-05 -0.00101121579740342 -290596.069101953 256799.001298182 1.35493684088562e-16 4.19242214616545e-17
4.12279792746114e-08 -0.000230774920645951 -0.000851949474541372 -244827.235700739 303826.188999389 1.35517244902065e-16 4.24424280711346e-17
4.17927461139897e-08 -0.000355120728961947 -0.000668221362473431 -192028.745717134 342805.785319775 1.35540809802436e-16 4.30390214002355e-17
4.23575129533679e-08 -0.000447861247907291 -0.000464898646384407 -133599.296527041 372702.876325742 1.35564378790384e-16 4.36984050409871e-17
4.29222797927462e-08 -0.000506232553898065 -0.00024736889357807 -71087.129252203 392723.185137075 1.35587951866618e-16 4.44033150729576e-17
4.34870466321244e-08 -0.000528381520674721 -2.13972959895384e-05 -6149.0041195331 402334.173389603 1.35611529031846e-16 4.51352775153465e-17
4.40518134715026e-08 -0.000513415111695996 0.000207026124530319 59493.7086074037 401279.20653596 1.35635110286779e-16 4.58750979423714e-17
4.46165803108809e-08 -0.000461424224944641 0.000431845298649549 124100.658405412 389584.406197807 1.35658695632126e-16 4.66033702857013e-17
4.51813471502591e-08 -0.000373481453501716 0.000647098670737157 185958.655432573 367558.006615452 1.35682285068596e-16 4.73009913367089e-17
4.57461139896374e-08 -0.000251612816741722 0.000847077281928405 243427.099325426 335782.230957945 1.35705878596899e-16 4.79496673078444e-17
4.63108808290156e-08 -9.87442071620441e-05 0.00102647618317651 294981.49121465 295097.901590339 1.35729476217745e-16 4.8532399020619e-17
4.68756476683939e-08 8.13760316125762e-05 0.00118053516251768 339253.874934683 246582.191086275 1.35753077931843e-16 4.90339328520526e-17
4.74404145077721e-08 0.000284276346998233 0.00130516505340636 375069.134622922 191520.102713108 1.35776683739904e-16 4.94411654771032e-17
4.80051813471503e-08 0.000504880412237779 0.00139705627263829 401476.185583117 131370.435477828 1.35800293642637e-16 4.97434916675878e-17
4.85699481865286e-08 0.000737641616914279 0.00145376670696843 417773.230522208 67727.1351911509 1.35823907640753e-16 4.99330859160608e-17
4.91347150259068e-08 0.000976690050050787 0.00147378661458624 423526.41047891 2277.05550020094 1.35847525734963e-16 5.00051104061012e-17
4.96994818652851e-08 0.00121598808080455 0.00145657881664232 418581.354781356 -63244.7517949043 1.35871147925977e-16 4.99578438020409e-17
5.02642487046633e-08 0.00144949041312868 0.00140259310888834 403067.322562639 -127101.032121704 1.35894774214505e-16 4.97927274296235e-17
5.08290155440415e-08 0.00167130437143472 0.0013132545068438 377393.824739653 -187598.389899458 1.35918404601258e-16 4.95143276088165e-17
5.13937823834198e-08 0.00187584616742882 0.00119092563162205 342239.814716882 -243132.195401199 1.35942039086948e-16 4.91302151229524e-17
5.1958549222798e-08 0.00205798900411338 0.00103884422924487 298535.733127371 -292229.145837937 1.35965677672285e-16 4.86507650056205e-17
5.25233160621763e-08 0.00221319908865953 0.000861037475765961 247438.881443063 -333586.351779373 1.3598932035798e-16 4.80888819400044e-17
5.30880829015545e-08 0.00233765594576252 0.000662215336319014 190302.77624961 -366105.911958022 1.36012967144744e-16 4.74596585386154e-17
5.36528497409328e-08 0.00242835383872823 0.000447645801970841 128641.295692518 -388924.058946298 1.3603661803329e-16 4.67799755522653e-17
5.4217616580311e-08 0.00248318160590165 0.000223015309247608 64088.5678243188 -401434.101986632 1.36060273024328e-16 4.60680545983956e-17
5.47823834196892e-08 0.00250097879188314 -5.72195935281841e-06 -1644.3363521017 -403302.557584834 1.36083932118569e-16 4.53429752596396e-17
5.53471502590675e-08 0.00248156658113924 -0.000232501900094767 -66814.7574432324 -394478.038993138 1.36107595316727e-16 4.46241693502453e-17
5.59119170984457e-08 0.00242575270945287 -0.000451311254603298 -129694.647636985 -375192.667628147 1.36131262619512e-16 4.39309057555866e-17
5.6476683937824e-08 0.0023353102184754 -0.000656347056218545 -188616.391272274 -345955.967703752 1.36154934027637e-16 4.32817795022656e-17
5.70414507772022e-08 0.00221293061215231 -0.000842170528263144 -242017.03103848 -307541.404654867 1.36178609541814e-16 4.26942186065048e-17
5.76062176165804e-08 0.0020621526526083 -0.00100385135275045 -288479.726900054 -260965.923000714 1.36202289162754e-16 4.21840217794978e-17
5.81709844559587e-08 0.00188726867919574 -0.00113709848267465 -326771.348010521 -207463.024973216 1.36225972891171e-16 4.17649392525077e-17
5.87357512953369e-08 0.00169321093069578 -0.00123837402714799 -355875.200220587 -148450.102592312 1.36249660727777e-16 4.14483078433325e-17
5.93005181347152e-08 0.0014854208812943 -0.00130498718686049 -375018.020588521 -85490.888359605 1.36273352673284e-16 4.12427499495188e-17
5.98652849740934e-08 0.00126970505185574 -0.00133516574576557 -383690.522156928 -20254.0193184415 1.36297048728405e-16 4.11539444604038e-17
6.04300518134716e-08 0.00105208111721674 -0.00132810321954423 -381660.943146077 45531.1875474504 1.36320748893853e-16 4.11844756745769e-17
6.09948186528499e-08 0.000838618388178791 -0.00128398040651497 -368981.240102527 110120.576474685 1.36344453170341e-16 4.13337642421439e-17
6.15595854922281e-08 0.000635276896737595 -0.00120396076514146 -345985.759519844 171801.395472913 1.36368161558583e-16 4.15980819770416e-17
6.21243523316063e-08 0.000447749350854808 -0.00109015973615999 -313282.421847817 228937.71424867 1.3639187405929e-16 4.19706501612124e-17
6.26891191709846e-08 0.000281310149733587 -0.000945588818210736 -271736.650341488 280013.81313139 1.36415590673178e-16 4.24418187486514e-17
6.32538860103628e-08 0.000140675464081987 -0.00077407587539066 -222448.469607362 323674.392221196 1.36439311400958e-16 4.29993217318842e-17
6.3818652849741e-08 2.98780931620082e-05 -0.00058016378559739 -166723.379878776 358760.534088174 1.36463036243345e-16 4.36286019132135e-17
6.43834196891193e-08 -4.78395807306505e-05 -0.000368990113178668 -106037.778189919 384340.465759558 1.36486765201053e-16 4.43131964816813e-17
6.49481865284975e-08 -9.01116989763825e-05 -0.000146150992995204 -41999.8423371245 399734.30345913 1.36510498274795e-16 4.50351731829778e-17
6.55129533678758e-08 -9.55118078369739e-05 8.24471678184579e-05 23693.0860239269 404532.122964835 1.36534235465285e-16 4.57756055263192e-17
6.6077720207254e-08 -6.35908428745012e-05 0.000310744240479313 89299.489793607 398604.875303379 1.36557976773238e-16 4.65150744352711e-17
6.66424870466322e-08 5.11079486631294e-06 0.000532687028163577 153079.843929873 382107.857118404 1.36581722199367e-16 4.72341830461696e-17
6.72072538860105e-08 0.000109077395598258 0.000742389763685123 213342.738139957 355476.642406276 1.36605471744387e-16 4.79140710068816e-17
6.77720207253887e-08 0.000245857959648157 0.000934290195728759 268489.731842034 319415.582179136 1.36629225409012e-16 4.85369146395307e-17
6.83367875647669e-08 0.000412131021842525 0.00110329712435076 317057.751877577 274879.175689818 1.36652983193958e-16 4.90863997032555e-17
6.89015544041452e-08 0.00060379256694978 0.00124492547245805 357757.908401105 223046.805911663 1.36676745099938e-16 4.95481542172572e-17
6.94663212435234e-08 0.000816064709165107 0.00135541530977393 389509.699148593 165291.507994104 1.36700511127667e-16 4.99101298611954e-17
7.00310880829016e-08 0.00104362225767565 0.00143183167066549 411469.694381247 103143.597742541 1.36724281277862e-16 5.01629218314343e-17
7.05958549222799e-08 0.00128073381560701 0.00147214251589836 423053.940985116 38250.1235975115 1.36748055551235e-16 5.03000186616898e-17
7.11606217616581e-08 0.00152141367372762 0.0014752727674235 423953.490607305 -27668.7835075605 1.36771833948504e-16 5.03179753720998e-17
7.17253886010363e-08 0.00175958047342316 0.00144113297934938 414142.638917896 -92865.505593741 1.36795616470382e-16 5.02165053424879e-17
7.22901554404146e-08 0.00198921843327225 0.00137062188050831 393879.656274735 -155611.269793642 1.36819403117586e-16 4.9998488459763e-17
7.28549222797928e-08 0.00220453686485313 0.00126560271667007 363699.989115531 -214241.988879708 1.36843193890832e-16 4.96698953089081e-17
7.3419689119171e-08 0.00240012374802919 0.00112885401512874 324402.111031796 -267202.394647432 1.36866988790834e-16 4.92396294030231e-17
7.39844559585493e-08 0.00257108929273679 0.000963996072669947 277026.397398982 -313087.293690146 1.36890787818309e-16 4.87192916213665e-17
7.45492227979275e-08 0.00271319567909331 0.000775395111830179 222827.582477756 -350678.851196911 1.36914590973972e-16 4.81228730876726e-17
7.51139896373057e-08 0.00282296953345553 0.000568047642807286 163241.528154819 -378978.913529466 1.3693839825854e-16 4.74663846194584e-17
7.5678756476684e-08 0.00289779415520599 0.000347448093655422 99847.1844412384 -397235.511706119 1.36962209672729e-16 4.67674325622192e-17
7.62435233160622e-08 0.0029359790454233 0.000119443215559255 34324.7494862558 -404962.84206098 1.36986025217256e-16 4.60447522456899e-17
7.68082901554404e-08 0.00293680488999265 -0.000109922878759536 -31588.8621933268 -401954.193173254 1.37009844892835e-16 4.53177114249148e-17
7.73730569948187e-08 0.00290054280020187 -0.000334568936424959 -96146.0630049148 -388287.475094127 1.37033668700186e-16 4.46057968668484e-17
7.79378238341969e-08 0.00282844729620605 -0.000548537798327899 -157634.926548061 -364323.202984276 1.37057496640023e-16 4.3928097692379e-17
7.85025906735752e-08 0.00272272321484498 -0.000746154370751546 -214424.584386846 -330694.987315661 1.37081328713064e-16 4.33027991720517e-17
7.90673575129534e-08 0.00258646741470729 -0.000922176145622925 -265008.481498933 -288292.781483726 1.37105164920025e-16 4.27467003989744e-17
7.96321243523316e-08 0.00242358681972123 -0.00107193227715392 -308044.343140502 -238239.329752106 1.37129005261625e-16 4.22747686316296e-17
8.01968911917099e-08 0.00223869497018706 -0.00119144752536246 -342389.792861845 -181860.438817389 1.37152849738579e-16 4.1899742129255e-17
8.07616580310881e-08 0.00203698982040334 -0.00127754777756902 -367132.676531342 -120649.860152224 1.37176698351606e-16 4.16317920187599e-17
8.13264248704663e-08 0.0018241160197487 -0.00132794434684087 -381615.287428273 -56229.7133131897 1.37200551101423e-16 4.14782521687907e-17
8.18911917098446e-08 0.00160601532605271 -0.00134129480858578 -385451.849034341 9692.50121044204 1.37224407988747e-16 4.144342424495e-17
8.24559585492228e-08 0.00138876911538697 -0.00131723875818363 -378538.790809842 75369.1604229864 1.37248269014296e-16 4.15284631280416e-17
8.3020725388601e-08 0.00117843716265343 -0.00125640753721608 -361057.543249002 139058.848920666 1.37272134178787e-16 4.17313457473406e-17
8.35854922279793e-08 0.00098089696694797 -0.00116040766589436 -333469.776807835 199072.532436207 1.3729600348294e-16 4.20469241697214e-17
8.41502590673575e-08 0.000801687881974906 -0.00103177841640236 -296505.20963049 253818.35054183 1.37319876927471e-16 4.24670615516374e-17
8.47150259067357e-08 0.000645864185123624 -0.000873924647583971 -251142.306055071 301843.840622451 1.373437545131e-16 4.29808473636485e-17
8.5279792746114e-08 0.000517860982533535 -0.000691026677527098 -198582.376432007 341874.473133072 1.37367636240544e-16 4.35748861947133e-17
8.58445595854922e-08 0.000421376507811516 -0.00048792957972945 -140217.763836397 372847.475763824 1.37391522110521e-16 4.42336524915553e-17
8.64093264248704e-08 0.00035927393801652 -0.000270014834515379 -77594.960156739 393940.048870349 1.37415412123751e-16 4.49399018388626e-17
8.69740932642487e-08 0.000333505333580494 -4.30577357201139e-05 -12373.628632805 404591.22308327 1.37439306280952e-16 4.56751278853092e-17
8.75388601036269e-08 0.000345059722685488 0.000186925669062845 53717.3813773451 404516.778454012 1.37463204582843e-16 4.6420052808226e-17
8.81036269430051e-08 0.00039393671079319 0.000413838048209447 118925.861683818 393716.828362217 1.37487107030143e-16 4.71551383183966e-17
8.86683937823834e-08 0.000479146319480189 0.000631662438646343 181522.699844405 372475.865830122 1.3751101362357e-16 4.78611036595884e-17
8.92331606217616e-08 0.000598735063401907 0.000834621795553938 239847.729433789 341355.269708454 1.37534924363845e-16 4.85194368696213e-17
8.97979274611398e-08 0.00074983757852315 0.00101733220847255 292353.760208307 301178.468119391 1.37558839251686e-16 4.91128857460581e-17
9.03626943005181e-08 0.000928752437159344 0.00117494572029015 337647.620420104 253009.151264338 1.37582758287813e-16 4.96259154953687e-17
9.09274611398963e-08 0.00113104014383863 0.0013032789605581 374527.122552827 198123.110063718 1.37606681472945e-16 5.00451209255274e-17
9.14922279792745e-08 0.00135164071753745 0.00139892418004751 402012.971649909 137974.446202806 1.37630608807802e-16 5.0359582245145e-17
9.20569948186528e-08 0.00158500774607243 0.0014593397394865 419374.769330135 74157.0485253502 1.37654540293104e-16 5.05611550255787e-17
9.2621761658031e-08 0.00182525536114322 0.00148291764966588 426150.422987207 8362.35638161215 1.37678475929571e-16 5.06446866264465e-17
9.31865284974093e-08 0.00206631423932212 0.00146902636815172 422158.444407393 -57665.4708365863 1.37702415717923e-16 5.06081533334131e-17
9.37512953367875e-08 0.00230209249429404 0.00141802771358656 407502.810482194 -122175.789773865 1.3772635965888e-16 5.04527145583768e-17
9.43160621761657e-08 0.00252663719524482 0.00133126744461829 382570.25584732 -183457.889127381 1.37750307753162e-16 5.0182682650589e-17
9.4880829015544e-08 0.00273429222895416 0.00121103974868183 348020.067919055 -239886.354942531 1.3777426000149e-16 4.98054091045062e-17
9.54455958549222e-08 0.00291984831935087 0.00106052657766454 304766.653605307 -289964.182175444 1.37798216404585e-16 4.93310901669966e-17
9.60103626943004e-08 0.00307868122550159 0.000883713434566314 253955.338669524 -332362.489057003 1.37822176963167e-16 4.87724969841132e-17
9.65751295336787e-08 0.00320687445175503 0.000685283839930423 196932.04023733 -365955.780669263 1.37846141677956e-16 4.81446374293251e-17
9.71398963730569e-08 0.0033013232137774 0.000470495272498781 135207.615496392 -389851.825972002 1.37870110549674e-16 4.74643585677532e-17
9.77046632124351e-08 0.00335981690063779 0.000245039870229119 70417.8309364635 -403415.35517564 1.37894083579042e-16 4.67499002865097e-17
9.82694300518134e-08 0.00338109784278606 1.48935824501045e-05 4280.01275885914 -406284.94806855 1.37918060766782e-16 4.60204119178637e-17
9.88341968911916e-08 0.00336489482361967 -0.000213842229218838 -61452.4727348596 -398382.664334945 1.37942042113613e-16 4.52954446652289e-17
9.93989637305698e-08 0.00331193044172144 -0.000435102542646913 -125036.702229263 -379916.159262893 1.37966027620259e-16 4.45944332857618e-17
9.99637305699481e-08 0.00322390212402775 -0.000643019491511564 -184786.409655595 -351373.227442396 1.37990017287439e-16 4.39361807705468e-17
1.00528497409326e-07 0.00310343728877965 -0.000832077982058601 -239116.706239559 -313508.917810288 1.38014011115877e-16 4.33383596862505e-17
1.01093264248705e-07 0.00295402384259751 -0.000997261983326342 -286586.12035492 -267325.560389376 1.38038009106294e-16 4.28170434027271e-17
1.01658031088083e-07 0.0027799178502242 -0.00113418761042826 -325934.842059337 -214046.233069955 1.38062011259412e-16 4.23862796409475e-17
1.02222797927461e-07 0.00258603082105245 -0.00123921946998881 -356118.157625745 -155082.370806408 1.38086017575952e-16 4.20577176556852e-17
1.02787564766839e-07 0.00237779959742314 -0.00130956718000742 -376334.186740624 -91996.3750333776 1.38110028056638e-16 4.18402989472634e-17
1.03352331606217e-07 0.00216104229150181 -0.00134335950155196 -386045.185947605 -26460.21382062 1.3813404270219e-16 4.1740019713957e-17
1.03917098445596e-07 0.00194180408805066 -0.0013396941128457 -384991.852373796 39788.8902396103 1.38158061513333e-16 4.17597713559083e-17
1.04481865284974e-07 0.00172619699977515 -0.00129866170179609 -373200.247270902 104994.510011713 1.38182084490788e-16 4.18992632730273e-17
1.05046632124352e-07 0.00152023782297609 -0.00122134373371329 -350981.154517894 167427.580979395 1.38206111635278e-16 4.21550300181153e-17
1.0561139896373e-07 0.00132968858969296 -0.0011097839488394 -318921.889781864 225432.250984287 1.38230142947527e-16 4.25205226301812e-17
1.06176165803109e-07 0.00115990374707636 -0.000966934340855875 -277870.776202191 277469.796740835 1.38254178428256e-16 4.29862817409133e-17
1.06740932642487e-07 0.00101568811709371 -0.000796577044286136 -228914.696942828 322159.44237504 1.38278218078188e-16 4.35401878786856e-17
1.07305699481865e-07 0.00090116940454157 -0.000603224197718109 -173350.318590928 358314.997173333 1.38302261898048e-16 4.41677823468482e-17
1.07870466321243e-07 0.000819688636253328 -0.000391998434086159 -112649.747296337 384976.340390921 1.38326309888559e-16 4.48526501806672e-17
1.08435233160622e-07 0.000773711439543886 -0.000168497163372454 -48421.5272908066 401434.917427075 1.38350362050443e-16 4.55768550398369e-17
1.09e-07 0.000764762515898932 6.1355756629965e-05 17631.9849227308 407252.570314493 1.38374418384425e-16 4.63214145146866e-17
