0 -0.00139 0 0 400000 1.33808e-16 4.46026666666667e-17
6.60606060606061e-10 -0.00136491806761318 0.000265496520861765 76296.5190227287 396588.937319604 1.33851557228974e-16 4.54679427944409e-17
1.32121212121212e-09 -0.00128964808246559 0.000523955512715059 150570.642557468 378755.185747668 1.33895128601355e-16 4.63106725787292e-17
1.98181818181818e-09 -0.00116643042354258 0.000765976073835118 220120.805721385 347142.569607457 1.33938714121735e-16 4.71007317715756e-17
2.64242424242424e-09 -0.000999249769068845 0.000982752017916417 282416.348757447 302896.177644329 1.33982313794708e-16 4.7809901831114e-17
3.3030303030303e-09 -0.000793690763845689 0.00116639229581085 335189.597575297 247620.885722324 1.34025927624869e-16 4.84128966809861e-17
3.96363636363636e-09 -0.000556735458452213 0.00131020824321312 376518.410966651 183323.146329397 1.34069555616816e-16 4.88882831668242e-17
4.62424242424242e-09 -0.000296509867334948 0.00140895719803139 404896.189648313 112338.156227396 1.34113197775147e-16 4.92192617037541e-17
5.28484848484848e-09 -2.19888454395829e-05 0.00145903361436076 419286.79724898 37245.045978438 1.34156854104462e-16 4.93942786820115e-17
5.94545454545454e-09 0.000257329998267636 0.0014586007063328 419162.391190914 -39226.8284891535 1.34200524609361e-16 4.94074483064933e-17
6.60606060606061e-09 0.000531771502616696 0.00140765781542648 404522.782232986 -114297.087546072 1.34244209294449e-16 4.92587684685691e-17
7.26666666666667e-09 0.00079183472465843 0.00130804103062103 375895.61268582 -185235.417167476 1.3428790816433e-16 4.89541227332987e-17
7.92727272727273e-09 0.00102853848903131 0.00116335701716592 334317.340590083 -249460.870474694 1.34331621223609e-16 4.8505068300343e-17
8.58787878787879e-09 0.00123374814867482 0.000978852438534562 281295.715117794 -304635.769926103 1.34375348476895e-16 4.79284175796717e-17
9.24848484848485e-09 0.00140047166844441 0.00076122369899511 218755.101733224 -348750.793739709 1.34419089928795e-16 4.72456285306582e-17
9.90909090909091e-09 0.00152311425486681 0.000518373905951464 148966.639743292 -380198.149597636 1.3446284558392e-16 4.64820258722043e-17
1.0569696969697e-08 0.00159768225920484 0.000259125872750565 74465.7670670134 -397830.170871881 1.34506615446883e-16 4.56658814289363e-17
1.1230303030303e-08 0.00162192892261888 -7.09841593677198e-06 -2039.89274433133 -401001.199841612 1.34550399522296e-16 4.4827387010071e-17
1.18909090909091e-08 0.00159543664465533 -0.000270620231113378 -77768.9347644122 -389591.229431607 1.34594197814775e-16 4.39975571363454e-17
1.25515151515152e-08 0.00151963276283533 -0.000521855973906633 -149967.291891643 -364010.437839224 1.34638010328936e-16 4.32071014935256e-17
1.32121212121212e-08 0.00139773824794409 -0.000751665704959097 -216008.392769126 -325184.444948249 1.34681837069397e-16 4.2485308104828e-17
1.38727272727273e-08 0.00123465115888543 -0.000951685653731336 -273488.715964668 -274520.820406368 1.34725678040777e-16 4.18589778381089e-17
1.45333333333333e-08 0.00103676907397129 -0.00111463261112903 -320315.264178692 -213858.055180581 1.34769533247697e-16 4.13514490101304e-17
1.51939393939394e-08 0.000811756935949174 -0.00123456912737492 -354781.774939631 -145398.846497376 1.34813402694779e-16 4.09817475864996e-17
1.58545454545455e-08 0.000568268735139057 -0.00130711985872909 -375630.892799669 -71630.117104091 1.34857286386648e-16 4.0763893920238e-17
1.65151515151515e-08 0.000315633136419568 -0.00132963117995163 -382100.037639335 4767.32703218042 1.34901184327929e-16 4.07063912896061e-17
1.71757575757576e-08 6.35144702329369e-05 -0.00130126823992927 -373949.295829488 81016.21874035 1.34945096523249e-16 4.08119148930537e-17
1.78363636363636e-08 -0.000178438592649689 -0.00122304591081743 -351470.314177631 154343.79101524 1.34989022977236e-16 4.10772126757886e-17
1.84969696969697e-08 -0.000400943910992124 -0.00109779248379606 -315475.86707008 222082.607526237 1.3503296369452e-16 4.14932216630972e-17
1.91575757575758e-08 -0.000595423528387917 -0.000930047409770882 -267270.469915384 281767.595616205 1.35076918679732e-16 4.2045395640041e-17
1.98181818181818e-08 -0.000754315831179945 -0.000725896782166551 -208603.101348902 331225.752044421 1.35120887937506e-16 4.27142323303942e-17
2.04787878787879e-08 -0.000871350849398372 -0.000492752524108581 -141603.747601357 368655.257029885 1.35164871472476e-16 4.34759809692384e-17
2.11393939393939e-08 -0.000941778677691187 -0.00023908329136337 -68706.0712822654 392691.116248492 1.35208869289277e-16 4.4303504597581e-17
2.18e-08 -0.000962542694714061 2.58931391820482e-05 7440.98785079739 402454.939400491 1.35252881392548e-16 4.5167265772711e-17
2.24606060606061e-08 -0.000932391264095968 0.000292544822004786 84069.4691766238 397587.040046745 1.35296907786927e-16 4.60363998899411e-17
2.31212121212121e-08 -0.000851923835105136 0.000551175765043222 158393.006831087 378259.683693215 1.35340948477054e-16 4.68798371138559e-17
2.37818181818182e-08 -0.000723569745307271 0.000792378494473527 227708.147287843 345170.996248265 1.35385003467572e-16 4.76674321368817e-17
2.44424242424242e-08 -0.000551500474185071 0.0010073762422744 289492.684809048 299519.748086254 1.35429072763124e-16 4.83710606851188e-17
2.51030303030303e-08 -0.000341478516924053 0.00118834230988357 341497.43792218 242961.924461202 1.35473156368355e-16 4.89656428872426e-17
2.57636363636364e-08 -0.00010064835334645 0.00132868498717791 381828.127428514 177550.655632198 1.35517254287911e-16 4.94300562688833e-17
2.64242424242424e-08 0.000162722905592195 0.00142328765478359 409014.375312854 105661.685681444 1.35561366526441e-16 4.97479051364689e-17
2.70848484848485e-08 0.000439545778939216 0.00146869532407086 422063.311292538 29907.0855850903 1.35605493088594e-16 4.99081183259839e-17
2.77454545454545e-08 0.000720238679084859 0.00146324081409078 420495.83265627 -46959.6555378242 1.35649633979021e-16 4.9905353524346e-17
2.84060606060606e-08 0.000995076177334413 0.00140710595754881 404364.193205434 -122143.712531016 1.35693789202374e-16 4.97401933978273e-17
2.90666666666667e-08 0.00125454261321006 0.00130231558902116 374250.275630104 -192910.541949986 1.35737958763307e-16 4.94191263278951e-17
2.97272727272727e-08 0.00148967819055006 0.00115266451220078 331244.603870877 -256685.340719821 1.35782142666477e-16 4.89543123850551e-17
3.03878787878788e-08 0.00169240497250866 0.000963580080177411 276906.852408271 -311146.728280746 1.35826340916539e-16 4.83631429811002e-17
3.10484848484848e-08 0.00185582091443012 0.000741925364982866 213209.28251385 -354311.243683203 1.35870553518153e-16 4.76676101456022e-17
3.17090909090909e-08 0.00197445123199136 0.000495750054663576 142465.156806526 -384605.58199312 1.35914780475979e-16 4.68935083004904e-17
3.2369696969697e-08 0.00204444794999508 0.000233998119299094 67244.730373253 -400923.939217711 1.35959021794678e-16 4.60694975050415e-17
3.3030303030303e-08 0.00206373035858418 -3.38171376223203e-05 -9718.13067651799 -402668.375622482 1.36003277478914e-16 4.52260621905076e-17
3.36909090909091e-08 0.00203206125013233 -0.000297958836612202 -85625.3105380967 -389770.724151547 1.3604754753335e-16 4.43944032150766e-17
3.43515151515152e-08 0.00195105614367576 -0.000548820521990394 -157716.173681635 -362695.241279831 1.36091831962654e-16 4.36053035068853e-17
3.50121212121212e-08 0.00182412513968907 -0.00077727553390201 -223367.964920088 -322421.897648323 1.36136130771492e-16 4.28880085363284e-17
3.56727272727273e-08 0.00165634949772551 -0.000975009046457491 -280191.228189799 -270410.90981619 1.36180443964534e-16 4.22691623330431e-17
3.63333333333333e-08 0.001454297403863 -0.00113482069211463 -326116.772612591 -208549.796807838 1.36224771546451e-16 4.17718377563383e-17
3.69939393939394e-08 0.00122578560765279 -0.00125088675810252 -359471.020656198 -139084.881019114 1.36269113521915e-16 4.14146963129745e-17
3.76545454545455e-08 0.000979595578840679 -0.00131897240723528 -379036.99465605 -64539.7193363174 1.36313469895599e-16 4.12113081167882e-17
3.83151515151515e-08 0.000725154490785341 -0.00133658618967916 -384098.719317939 12376.573600725 1.36357840672178e-16 4.11696567711849e-17
3.89757575757576e-08 0.000472192619888469 -0.00130307120826015 -374467.42016162 88867.7795358612 1.36402225856331e-16 4.1291847239028e-17
3.96363636363637e-08 0.0002303896117244 -0.00121962960160292 -350488.559312722 162152.230143275 1.36446625452733e-16 4.15740273888681e-17
4.02969696969697e-08 9.02247345139245e-06 -0.00108927943314255 -313029.446570788 229563.964487482 1.36491039466067e-16 4.20065261397936e-17
4.09575757575758e-08 -0.000183371906512118 -0.000916745531751099 -263447.86995784 288649.71174031 1.36535467901012e-16 4.25742032517275e-17
4.16181818181818e-08 -0.000339307434676662 -0.000708288232009582 -203542.88030475 337258.17111457 1.36579910762252e-16 4.32569981100991e-17
4.22787878787879e-08 -0.000452621378387199 -0.000471476221658985 -135489.513752605 373618.339933011 1.36624368054471e-16 4.40306576134728e-17
4.2939393939394e-08 -0.00051869889746905 -0.000214911738268657 -61759.8207080067 396404.03795029 1.36668839782354e-16 4.48676167533433e-17
4.36e-08 -0.000534641361136376 5.20819073874115e-05 14966.9314868072 404782.277079882 1.3671332595059e-16 4.57379999142289e-17
4.42606060606061e-08 -0.000499372311224765 0.000319799130562669 91901.620289521 398443.712361063 1.36757826563867e-16 4.66107065219306e-17
4.49212121212122e-08 -0.000413677198248507 0.000578504882812254 166246.65608785 377614.061027002 1.36802341626875e-16 4.74545415887753e-17
4.55818181818182e-08 -0.000280175423813904 0.000818788648247274 235297.711148233 343046.068250536 1.36846871144307e-16 4.82393500592126e-17
4.62424242424243e-08 -0.000103225684059087 0.00103190675341552 296542.090216849 295992.305409012 1.36891415120856e-16 4.89371137075967e-17
4.69030303030303e-08 0.000111231965441171 0.00121010053923915 347750.164528691 238159.78380972 1.36935973561217e-16 4.95229706883436e-17
4.75636363636364e-08 0.000355891600692517 0.00134687881715028 387056.542061136 171648.028400122 1.36980546470086e-16 4.99761206383718e-17
4.82242424242425e-08 0.000622346658781984 0.00143725432657719 413028.019019846 98872.8579831274 1.37025133852162e-16 5.02805823814714e-17
4.88848484848485e-08 0.000901395277193671 0.00147792558029234 424715.837273296 22478.6389564963 1.37069735712144e-16 5.04257766335368e-17
4.95454545454546e-08 0.00118337465258792 0.00146739746725527 421690.342347792 -54757.8003566591 1.37114352054733e-16 5.04069124623172e-17
5.02060606060607e-08 0.00145851226982643 0.00140603620745619 404056.775963106 -130028.103429744 1.37158982884632e-16 5.02251633847167e-17
5.08666666666667e-08 0.00171728123461007 0.00129605663906287 372451.622702356 -200594.498521869 1.37203628206545e-16 4.98876266297282e-17
5.15272727272728e-08 0.00195074678972708 0.00114144227818948 328019.637351761 -263889.378075092 1.37248288025178e-16 4.94070669779564e-17
5.21878787878789e-08 0.00215089141131326 0.000947801036408835 272372.382016185 -317608.722586508 1.37292962345238e-16 4.88014544228144e-17
5.28484848484849e-08 0.00231090665635141 0.000722161821811763 207529.774765062 -359795.969685767 1.37337651171433e-16 4.80933123989579e-17
5.3509090909091e-08 0.00242544113785565 0.000472719400827779 135846.769820567 -388913.275495889 1.37382354508474e-16 4.73089002175039e-17
5.4169696969697e-08 0.00249079559611206 0.000208536781865363 59927.8306656737 -403897.5728316 1.37427072361073e-16 4.6477259384167e-17
5.48303030303031e-08 0.00250505795521638 -6.07840704840411e-05 -17467.697787193 -404199.382795285 1.37471804733943e-16 4.56291584358552e-17
5.54909090909092e-08 0.00246817343421816 -0.000325451226795365 -93525.8798705369 -389802.962823492 1.37516551631798e-16 4.47959746327897e-17
5.61515151515152e-08 0.00238194714225787 -0.000575838805371096 -165480.497542551 -361227.052459118 1.37561313059356e-16 4.40085531518543e-17
5.68121212121213e-08 0.00224997904140398 -0.000802837062234363 -230713.656781997 -319506.183429913 1.37606089021334e-16 4.3296085258221e-17
5.74727272727274e-08 0.0020775336202443 -0.00099818382593963 -286851.032988247 -266153.227363653 1.37650879522452e-16 4.26850462556431e-17
5.81333333333334e-08 0.00187134899622799 -0.00115476521883033 -331848.290136904 -203104.536964573 1.37695684567431e-16 4.21982318552569e-17
5.87939393939395e-08 0.00163939236890279 -0.00126687471932664 -364065.528274268 -132649.669888195 1.37740504160992e-16 4.18539280363871e-17
5.94545454545455e-08 0.00139057069933888 -0.00133042113116146 -382327.048250669 -57348.2458331888 1.37785338307861e-16 4.16652446299265e-17
6.01151515151516e-08 0.00113440712206964 -0.00134307788036996 -385964.255637108 20063.0439145412 1.37830187012762e-16 4.16396369110632e-17
6.07757575757577e-08 0.000880694845395805 -0.00130436819193743 -374840.138190029 96769.8961732184 1.37875050280423e-16 4.17786326592302e-17
6.14363636363637e-08 0.000639141118331299 -0.00121568302791697 -349354.420781161 169982.7101351 1.37919928115573e-16 4.20777746772007e-17
6.20969696969698e-08 0.000419014207770086 -0.00108023111288146 -310429.204064094 237038.036580258 1.37964820522942e-16 4.252678092953e-17
6.27575757575759e-08 0.000228806224192756 -0.000902922841934968 -259475.602776792 295495.472648713 1.38009727507261e-16 4.31099165477239e-17
6.34181818181819e-08 7.59240620829618e-05 -0.000690192271390044 -198342.590676993 343226.477205398 1.38054649073264e-16 4.38065642433123e-17
6.4078787878788e-08 -3.35802971579875e-05 -0.000449763645146382 -129249.906538359 378491.874487817 1.38099585225685e-16 4.45919724507212e-17
6.4739393939394e-08 -9.52302997378353e-05 -0.000190370928808247 -54707.4558417861 400005.224016603 1.38144535969261e-16 4.54381540521472e-17
6.54000000000001e-08 -0.000106288116669361 7.85594648417434e-05 22575.8653418826 406979.747792835 1.3818950130873e-16 4.63149030520488e-17
6.60606060606062e-08 -6.58547669087261e-05 0.000347251233576759 99790.6121792452 399157.102979892 1.38234481248831e-16 4.71908922691503e-17
6.67212121212122e-08 2.50965949601224e-05 0.000605933578089776 174128.921227211 376816.947883597 1.38279475794305e-16 4.80348121557325e-17
6.73818181818183e-08 0.000163755458672172 0.000845196509648073 242886.616242642 340766.947136248 1.38324484949894e-16 4.88165093454811e-17
6.80424242424244e-08 0.000345575563221495 0.00105633315258419 303561.576659762 292313.573184999 1.38369508720343e-16 4.95080835275886e-17
6.87030303030304e-08 0.000564439653726004 0.00123165658989442 353944.790445205 233214.759625224 1.38414547110398e-16 5.00849027467903e-17
6.93636363636365e-08 0.000812881419495369 0.00136477972188843 392200.777904397 165616.122202718 1.38459600124804e-16 5.05265001824208e-17
7.00242424242425e-08 0.00108235656130156 0.00145084794908532 416934.458452321 91973.0614118843 1.38504667768312e-16 5.08173197574864e-17
7.06848484848486e-08 0.00136355314670003 0.00148671620274426 427242.02439977 14961.5747708422 1.38549750045671e-16 5.09472834152973e-17
7.13454545454547e-08 0.00164672998038112 0.00147106386741142 422743.966584942 -62618.9816654474 1.38594846961632e-16 5.09121593772772e-17
7.20060606060607e-08 0.00192207069413112 0.00140444339626654 403599.045109097 -137947.64918264 1.3863995852095e-16 5.07137179259798e-17
7.26666666666668e-08 0.00218004068536071 0.00128926082988744 370498.690956415 -208284.440885735 1.38685084728379e-16 5.03596689794175e-17
7.33272727272729e-08 0.00241173392539433 0.00112968890473779 324642.035723584 -271070.005021056 1.38730225588675e-16 4.98633836559e-17
7.39878787878789e-08 0.00260919702287573 0.00093151588921686 267692.471189153 -324018.752033847 1.38775381106596e-16 4.92434098842718e-17
7.4648484848485e-08 0.00276571875064546 0.000701935623335563 201717.312395356 -365202.056761805 1.38820551286902e-16 4.85227996070504e-17
7.53090909090911e-08 0.00287607449650494 0.000449286377935379 129112.752850903 -393118.50697285 1.38865736134353e-16 4.77282719809073e-17
7.59696969696971e-08 0.00293671673401002 0.000182748012968843 52516.8360119602 -406748.639519411 1.38910935653713e-16 4.68892429506618e-17
7.66303030303032e-08 0.00294590456947624 -8.79915661466625e-05 -25286.3961401736 -405592.168643752 1.38956149849746e-16 4.60367564420215e-17
7.72909090909092e-08 0.00290376763455879 -0.000353088535072004 -101468.094743339 -389686.346977341 1.39001378727216e-16 4.52023560072872e-17
7.79515151515153e-08 0.00281230197969581 -0.000602901061271902 -173257.457916389 -359604.785427504 1.39046622290891e-16 4.44169379362241e-17
7.86121212121214e-08 0.00267529809566587 -0.000828339985716484 -238042.507195077 -316436.768519906 1.39091880545541e-16 4.3709627531617e-17
7.92727272727274e-08 0.00249820365864914 -0.00102119952100335 -293465.121227712 -261747.811041561 1.39137153495934e-16 4.31067194202083e-17
7.99333333333335e-08 0.00228792596874227 -0.00117445593388713 -337506.869055474 -197522.884213595 1.39182441146844e-16 4.26307204544e-17
8.05939393939396e-08 0.00205258124648131 -0.00128252334051334 -368562.518743955 -126094.37029289 1.39227743503043e-16 4.22995300420067e-17
8.12545454545456e-08 0.00180119988671171 -0.00134145729867915 -385498.544292193 -50057.360506524 1.39273060569306e-16 4.21257877552146e-17
8.19151515151517e-08 0.00154339837366825 -0.00134909877673048 -387694.498399661 27824.627680302 1.3931839235041e-16 4.21164119966483e-17
8.25757575757577e-08 0.00128902977693722 -0.00130515324444242 -375065.741046092 104720.088571462 1.39363738851133e-16 4.22723465605532e-17
8.32363636363638e-08 0.0010478255307292 -0.00121120198875174 -348066.691326924 177832.471187848 1.39409100076255e-16 4.25885243726623e-17
8.38969696969699e-08 0.000829041519989819 -0.00107064522084824 -307674.477970176 244501.884546576 1.39454476030556e-16 4.30540497978326e-17
8.45575757575759e-08 0.000641121344490533 -0.000888579021333838 -255353.576703529 302301.866453371 1.3949986671882e-16 4.36525929569777e-17
8.5218181818182e-08 0.000491389011559728 -0.000671610576738851 -193002.714226531 349127.695299681 1.3954527214583e-16 4.43629817831746e-17
8.58787878787881e-08 0.000385782241947944 -0.000427618406107359 -122885.96381655 383273.030743552 1.39590692316372e-16 4.51599703515936e-17
8.65393939393941e-08 0.000328636100094315 -0.000165466278922635 -47550.5330784126 403492.092518742 1.39636127235234e-16 4.60151556008983e-17
8.72000000000002e-08 0.000322524833215595 0.000105318787560283 30265.7709127864 409045.11160265 1.39681576907205e-16 4.6898009158593e-17
8.78606060606062e-08 0.000368167689490437 0.000374892753916444 107734.03748504 399725.395522746 1.39727041337074e-16 4.77769867863413e-17
8.85212121212123e-08 0.000464402160946105 0.000633452424786368 182037.093446022 375867.017627216 1.39772520529635e-16 4.86206751265304e-17
8.91818181818184e-08 0.000608225645938061 0.000871591946057908 250471.950730715 338332.844415202 1.3981801448968e-16 4.93989340618414e-17
8.98424242424244e-08 0.00079490403842225 0.00108064496886746 310548.135080614 288483.329917036 1.39863523222005e-16 5.0083993145574e-17
9.05030303030305e-08 0.00101814331700567 0.00125300003329645 360078.31878768 228127.205642201 1.39909046731407e-16 5.06514622171641e-17
9.11636363636366e-08 0.00127031791455843 0.00138237769443768 397257.959230189 159455.853329698 1.39954585022683e-16 5.10812194249505e-17
9.18242424242426e-08 0.00154274758237964 0.00146405930098189 420731.043650576 84963.7416753146 1.40000138100634e-16 5.13581443242777e-17
9.24848484848487e-08 0.0018260126967604 0.00149505909130901 429639.544917248 7357.81575373209 1.40045705970061e-16 5.14726693422108e-17
9.31454545454548e-08 0.00211029655460189 0.00147423333056729 423654.784569219 -70540.8694837853 1.40091288635766e-16 5.14211294963919e-17
9.38060606060608e-08 0.00238574221959582 0.00140232249963043 402989.556781277 -145899.697149793 1.40136886102555e-16 5.1205897585334e-17
9.44666666666669e-08 0.00264281094731856 0.00128192498003257 368390.566126066 -215977.490098134 1.40182498375233e-16 5.08352998644273e-17
9.51272727272729e-08 0.00287262915596224 0.00111740316955981 321111.447734438 -278224.220927296 1.40228125458608e-16 5.032331520274e-17
9.5787878787879e-08 0.00306731132172142 0.000914725420575411 262867.344645329 -330373.803380952 1.40273767357489e-16 4.96890685901881e-17
9.64484848484851e-08 0.0032202470492326 0.000681249528003079 195772.688108311 -370526.588627698 1.40319424076686e-16 4.89561373464285e-17
9.71090909090911e-08 0.00332634186638939 0.000425455621243478 122264.43794505 -397218.563177959 1.40365095621013e-16 4.8151695199717e-17
9.77696969696972e-08 0.00338220297223144 0.000156638156727603 45013.5695400515 -409474.727803225 1.40410781995283e-16 4.73055253078456e-17
9.84303030303033e-08 0.00338626316548693 -0.000115431801774116 -33171.9776639639 -406844.711247184 1.40456483204311e-16 4.64489380691653e-17
9.90909090909093e-08 0.00333883842715124 -0.000380861743877926 -109449.363752459 -389419.317901343 1.40502199252914e-16 4.56136330455557e-17
9.97515151515154e-08 0.00324211704162258 -0.000629997404927742 -181044.214189028 -357827.40151367 1.40547930145911e-16 4.48305463642867e-17
1.00412121212121e-07 0.00310008062976435 -0.000853773911550965 -245351.529550452 -313213.172226576 1.40593675888123e-16 4.41287255072003e-17
1.01072727272728e-07 0.00291835994334324 -0.00104404560857818 -300030.468862363 -257194.755798864 1.40639436484369e-16 4.35342724133285e-17
1.01733333333334e-07 0.0027040306435583 -0.00119388256656069 -343089.557839926 -191805.505878713 1.40685211939475e-16 4.30693933502045e-17
1.0239393939394e-07 0.00246535647049392 -0.00129782297685153 -372959.220407422 -119420.197851124 1.40731002258264e-16 4.2751590139065e-17
1.03054545454546e-07 0.00221148912581356 -0.00135207224181816 -388548.991840439 -42668.7832416062 1.40776807445563e-16 4.25930221901723e-17
1.03715151515152e-07 0.00195213576812066 -0.00135464150315114 -389287.328054901 35659.1631236269 1.408226275062e-16 4.26000626027026e-17
1.04375757575758e-07 0.00169720620168654 -0.0013054205511529 -375142.557764649 112715.831534508 1.40868462445005e-16 4.27730645342206e-17
1.05036363636364e-07 0.00145645258159964 -0.00120618244242243 -346624.209479113 185698.716392089 1.40914312266808e-16 4.31063464037709e-17
1.0569696969697e-07 0.00123911473468712 -0.00106051963584324 -304764.658713625 251952.541382398 1.40960176976442e-16 4.3588396537718e-17
1.06357575757576e-07 0.00105358399560146 -0.000873713946992217 -251081.756403969 309065.8638927 1.41006056578742e-16 4.42022898878387e-17
1.07018181818182e-07 0.000907097788366459 -0.00065254502846469 -187523.791331961 354958.844014303 1.41051951078542e-16 4.49263017369685e-17
1.07678787878788e-07 0.000805476069618915 -0.000405044320586009 -116398.782215037 387958.983626292 1.41097860480682e-16 4.57346961393414e-17
1.08339393939394e-07 0.00075290923113093 -0.000140203402153009 -40290.6655977905 406862.077473866 1.41143784789998e-16 4.65986604814736e-17
1.09e-07 0.000751805191046078 0.0001323526680522 38034.5769615995 410976.155011235 1.41189724011332e-16 4.74873522266173e-17
