0 -0.00139 0 0 400000 1.33808e-16 4.46026666666667e-17
2.69135802469136e-10 -0.00138583688090699 0.000107862476942305 30996.7584402058 400350.479177956 1.33809199985303e-16 4.49487011828816e-17
5.38271604938272e-10 -0.00137332777664084 0.000215496672387208 61927.9149525502 398302.54795694 1.33810399981341e-16 4.52940041974444e-17
8.07407407407407e-10 -0.00135251530519936 0.000322257770998928 92608.1670503077 393868.453596802 1.33811599988113e-16 4.56365094640933e-17
1.07654320987654e-09 -0.00132349182864682 0.000427506182208591 122853.713703445 387074.738456633 1.3381280000562e-16 4.59741674788092e-17
1.34567901234568e-09 -0.0012863989002377 0.000530611371910384 152483.356464454 377962.081113078 1.33814000033862e-16 4.63049577581036e-17
1.61481481481481e-09 -0.00124142641684166 0.000630955639936648 181319.585012525 366585.052790201 1.33815200072839e-16 4.66269009435593e-17
1.88395061728395e-09 -0.00118881148174474 0.000727937820681424 209189.640612659 353011.790559308 1.33816400122551e-16 4.69380706601085e-17
2.15308641975309e-09 -0.00112883698463688 0.000820976884702083 235926.55111856 337323.589265774 1.33817600182998e-16 4.72366050570053e-17
2.42222222222222e-09 -0.00106182990729032 0.000909515419721772 261370.131318586 319614.414626828 1.3381880025418e-16 4.75207179623499e-17
2.69135802469136e-09 -0.000988159365076595 0.000993022970177629 285367.942631579 299990.340416524 1.33820000336098e-16 4.77887095843365e-17
2.96049382716049e-09 -0.000908234396052711 0.00107099921530701 307776.206402887 278568.913108905 1.33821200428751e-16 4.80389766951135e-17
3.22962962962963e-09 -0.000822501510859356 0.00114297696673106 328460.6653288 255478.447785013 1.3382240053214e-16 4.82700222362397e-17
3.49876543209877e-09 -0.000731442018106977 0.00120852496757606 347297.387848327 230857.259521195 1.33823600646264e-16 4.84804642881889e-17
3.7679012345679e-09 -0.0006355691412708 0.00126725047636202 364173.510682869 204852.834862711 1.33824800771124e-16 4.86690443501626e-17
4.03703703703704e-09 -0.000535424944364978 0.00131880162017679 378987.915074839 177620.948345638 1.3382600090672e-16 4.88346348806013e-17
4.30617283950617e-09 -0.000431577084811765 0.0013628695030366 391651.832673426 149324.729359299 1.33827201053052e-16 4.89762460532146e-17
4.57530864197531e-09 -0.000324615412957059 0.00139919005679981 402089.377437163 120133.684939003 1.3382840121012e-16 4.90930316880494e-17
4.84444444444444e-09 -0.000215148438602485 0.00142754562354333 410238.0003661 90222.6843429413 1.33829601377924e-16 4.9184294322057e-17
5.11358024691358e-09 -0.000103799685721094 0.00144776625991953 416048.864338708 59770.9114960723 1.33830801556465e-16 4.92494893887744e-17
5.38271604938272e-09 8.79604280621666e-06 0.00145973075567711 419487.136807221 28960.7915764018 1.33832001745741e-16 4.92882284820721e-17
5.65185185185185e-09 0.000121996468057209 0.00146336736024153 420532.198597209 -2023.10182599319 1.33833201945754e-16 4.93002816844094e-17
5.92098765432099e-09 0.000235155682756182 0.00145865421299975 419177.767559762 -32995.1524303887 1.33834402156504e-16 4.92855789456377e-17
6.19012345679012e-09 0.00034762802073295 0.00144561947470872 415431.936334744 -63769.8132432651 1.3383560237799e-16 4.92442105040866e-17
6.45925925925926e-09 0.000458771924972031 0.00142434115923783 409317.12399812 -94162.718131021 1.33836802610213e-16 4.91764263473993e-17
6.7283950617284e-09 0.000567953791079371 0.00139494666665058 400869.94188226 -123991.786328353 1.33838002853172e-16 4.90826347163393e-17
6.99753086419753e-09 0.000674551763141009 0.00135761202042001 390140.974372284 -153078.313265368 1.33839203106869e-16 4.89633996605235e-17
7.26666666666667e-09 0.000777959459233082 0.00131256081334493 377194.475990896 -181248.041178389 1.33840403371302e-16 4.88194376607166e-17
7.5358024691358e-09 0.000877589604263815 0.00126006286847913 362107.986585663 -208332.203090487 1.33841603646473e-16 4.86516133379122e-17
7.80493827160494e-09 0.000972877548383093 0.00120043262309314 344971.866923323 -234168.533907225 1.33842803932381e-16 4.84609342748999e-17
8.07407407407407e-09 0.00106328464988055 0.0011340272453473 325888.757472578 -258602.242570068 1.33844004229026e-16 4.82485449813329e-17
8.34320987654321e-09 0.00114830150230475 0.00106124449495646 304972.963616987 -281486.939443153 1.33845204536408e-16 4.80157200384413e-17
8.61234567901234e-09 0.00122745098646913 0.000982520340660281 282349.770980372 -302685.513377239 1.33846404854528e-16 4.77638564644545e-17
8.88148148148148e-09 0.00130029112905911 0.000898326348770177 258154.694965846 -322070.953196087 1.33847605183386e-16 4.7494465346461e-17
9.15061728395061e-09 0.00136641775071353 0.000809166858435492 232532.669003709 -339527.108683422 1.33848805522981e-16 4.7209162788831e-17
9.41975308641975e-09 0.00142546688771425 0.000715575960549409 205637.176370728 -354949.386511037 1.33850005873314e-16 4.69096602324224e-17
9.68888888888888e-09 0.00147711697277418 0.00061811429839153 177629.330781342 -368245.376938282 1.33851206234384e-16 4.65977542025606e-17
9.95802469135802e-09 0.00152109076185696 0.00051736570917221 148676.911258349 -379335.407527923 1.33852406606193e-16 4.62753155472025e-17
1.02271604938272e-08 0.00155715699548277 0.000413933726597002 118953.357064519 -388153.020560499 1.3385360698874e-16 4.5944278229754e-17
1.04962962962963e-08 0.00158513178456546 0.000308437965402352 88636.7287159479 -394645.371286429 1.33854807382025e-16 4.56066277436769e-17
1.07654320987654e-08 0.00160487971247624 0.00020151040952095 57908.6413011719 -398773.544629307 1.33856007786048e-16 4.52643892182849e-17
1.10345679012346e-08 0.00161631464672915 9.37916261127025e-05 26953.176496073 -400512.788442355 1.33857208200809e-16 4.49196152869853e-17
1.13037037037037e-08 0.00161940025542311 -1.40730718584517e-05 -4044.22020775039 -399852.661919902 1.33858408626309e-16 4.45743737906398e-17
1.15728395061728e-08 0.00161415022534406 -0.000121437491513126 -34897.8504548003 -396797.098274026 1.33859609062547e-16 4.42307353897112e-17
1.1841975308642e-08 0.00160062818041777 -0.000227658431251046 -65422.8755022886 -391364.381300113 1.33860809509525e-16 4.38907611594073e-17
1.21111111111111e-08 0.00157894730099934 -0.00033209953406013 -95436.4235569426 -383587.035970948 1.3386200996724e-16 4.35564902421378e-17
1.23802469135802e-08 0.00154926964627735 -0.000434135099855582 -124758.685338147 -373511.633714003 1.33863210435695e-16 4.32299276312544e-17
1.26493827160494e-08 0.00151180518384943 -0.000533153834009732 -153213.991304028 -361198.513537691 1.33864410914888e-16 4.2913032159262e-17
1.29185185185185e-08 0.00146681053228013 -0.000628562509615421 -180631.8640869 -346721.420676519 1.33865611404821e-16 4.26077047624619e-17
1.31876543209876e-08 0.00141458742417167 -0.000719789521542319 -206848.039832913 -330167.06491919 1.33866811905492e-16 4.23157770923339e-17
1.34567901234568e-08 0.00135548089895245 -0.000806288310993623 -231705.452327033 -311634.6012649 1.33868012416903e-16 4.20390005418864e-17
1.37259259259259e-08 0.00128987723620752 -0.000887540640046207 -255055.1740073 -291235.036018412 1.33869212939053e-16 4.17790357527203e-17
1.3995061728395e-08 0.00121820164192966 -0.000963059696555796 -276757.308230605 -269090.561881204 1.33870413471943e-16 4.15374426656708e-17
1.42641975308642e-08 0.00114091570155002 -0.00103239301082485 -296681.827444143 -245333.826021362 1.33871614015572e-16 4.13156711746367e-17
1.45333333333333e-08 0.00105851461500466 -0.00109512516655833 -314709.352240778 -220107.13550648 1.3387281456994e-16 4.11150524395939e-17
1.48024691358024e-08 0.000971524230398955 -0.00115088028986474 -330731.866630626 -193561.604859061 1.33874015135048e-16 4.09367909108402e-17
1.50716049382716e-08 0.00088049789403905 -0.00119932430138945 -344653.365243247 -165856.250840737 1.33875215710896e-16 4.07819571122597e-17
1.53407407407407e-08 0.000786013135699194 -0.00124016691808606 -356390.428582593 -137157.039887771 1.33876416297484e-16 4.06514812268464e-17
1.56098765432099e-08 0.000688668208981555 -0.0012731633926314 -365872.722887844 -107635.893904035 1.33877616894812e-16 4.05461475229226e-17
1.5879012345679e-08 0.000589078507493054 -0.00129811598006143 -373043.421604882 -77469.6603671708 1.3387881750288e-16 4.04665896544511e-17
1.61481481481481e-08 0.000487872878308083 -0.0013148751228392 -377859.545942776 -46839.0529174849 1.33880018121688e-16 4.04132868636034e-17
1.64172839506173e-08 0.000385689854801402 -0.00132334034725291 -380292.222474341 -15927.5687760181 1.33881218751236e-16 4.03865611083415e-17
1.66864197530864e-08 0.000283173831418807 -0.00132346086577141 -380326.856236808 15079.6105229023 1.33882419391525e-16 4.03865751322304e-17
1.69555555555555e-08 0.000180971203301158 -0.00131523588174579 -377963.21829483 45996.7284993017 1.33883620042554e-16 4.04133314880518e-17
1.72246913580247e-08 7.97264938881404e-05 -0.00129871459462918 -373215.447240501 76638.5665494974 1.33884820704324e-16 4.04666725210781e-17
1.74938271604938e-08 -1.99215062996512e-05 -0.00127399590568061 -366111.964620616 106821.553555691 1.33886021376834e-16 4.0546281312115e-17
1.77629629629629e-08 -0.000117343566568491 -0.00124122782591352 -356695.304797078 136364.865635756 1.33887222060085e-16 4.0651683574671e-17
1.80320987654321e-08 -0.000211923785722665 -0.00120060658983293 -345021.860258934 165091.509444761 1.33888422754077e-16 4.07822504948983e-17
1.83012345679012e-08 -0.000303063281915189 -0.00115237548026814 -331161.543911088 192829.382538265 1.33889623458809e-16 4.09372024972986e-17
1.85703703703703e-08 -0.000390183780572271 -0.00109682337133861 -315197.370362081 219412.304444764 1.33890824174283e-16 4.11156139136437e-17
1.88395061728395e-08 -0.000472731078896142 -0.00103428299827906 -297224.95871865 244681.012270095 1.33892024900498e-16 4.13164185271473e-17
1.91086419753086e-08 -0.000550178366190044 -0.000965128964486737 -277351.959864998 268484.114869032 1.33893225637454e-16 4.15384159586835e-17
1.93777777777777e-08 -0.000622029380112744 -0.000889775497727599 -255697.411657149 290678.999867467 1.33894426385152e-16 4.1780278856799e-17
1.96469135802469e-08 -0.000687821379952658 -0.000808673968941434 -232391.025894649 311132.688100965 1.33895627143591e-16 4.20405608484543e-17
1.9916049382716e-08 -0.000747127919107707 -0.000722310188507984 -207572.411340576 329722.630350494 1.33896827912771e-16 4.23177052028687e-17
2.01851851851852e-08 -0.000799561400159782 -0.000631201496169634 -181390.237444037 346337.441601712 1.33898028692693e-16 4.26100541565717e-17
2.04543209876543e-08 -0.000844775397234958 -0.000535893662042426 -154001.34377455 360877.568428479 1.33899229483357e-16 4.29158588438035e-17
2.07234567901234e-08 -0.000882466731734637 -0.000436957617279124 -125569.800503039 373255.885501845 1.33900430284762e-16 4.32332897727782e-17
2.09925925925926e-08 -0.000912377289000133 -0.000334986033968657 -96265.92555744 383398.217650314 1.33901631096909e-16 4.3560447785054e-17
2.12617283950617e-08 -0.000934295565025153 -0.000230589774759716 -66265.2643405505 391243.784343177 1.33902831919799e-16 4.38953754323596e-17
2.15308641975308e-08 -0.000948057933947724 -0.000124394233476854 -35747.5381220761 396745.563933407 1.3390403275343e-16 4.42360687027235e-17
2.18e-08 -0.000953549628725808 -1.70355886507062e-05 -4895.5674045486 399870.575477309 1.33905233597804e-16 4.45804890256623e-17
2.20691358024691e-08 -0.000950705429119016 9.08430075941576e-05 26105.8232872224 400600.076441853 1.3390643445292e-16 4.49265754845079e-17
2.23382716049382e-08 -0.00093951005285225 0.000198595282462769 57070.9126321624 398929.675114525 1.33907635318778e-16 4.52722571627163e-17
2.26074074074074e-08 -0.000919998247615252 0.000305575714143032 87814.1951213622 394869.357041514 1.33908836195379e-16 4.56154655501928e-17
2.28765432098765e-08 -0.000892254583344222 0.000411143398994655 118151.492383577 388443.425335059 1.33910037082722e-16 4.59541469353124e-17
2.31456790123456e-08 -0.000856412946027224 0.000514665891106191 147901.056570072 379690.35520682 1.33911237980808e-16 4.62862747083966e-17
2.34148148148148e-08 -0.000812655736063221 0.000615522991218012 176884.659188599 368662.563597947 1.33912438889636e-16 4.66098615029378e-17
2.36839506172839e-08 -0.000761212775974535 0.000713110462312103 204928.658863408 355426.095285181 1.33913639809208e-16 4.69229711018355e-17
2.3953086419753e-08 -0.000702359934013818 0.000806843649608754 231865.041624384 340060.227342731 1.33914840739522e-16 4.72237300373138e-17
2.42222222222222e-08 -0.000636417471908639 0.000896160983282656 257532.42749291 322656.994328754 1.3391604168058e-16 4.75103388150242e-17
2.44913580246913e-08 -0.000563748126639551 0.000980527342913342 281777.037333928 303320.637040255 1.33917242632381e-16 4.77810826950917e-17
2.47604938271604e-08 -0.000484754937740893 0.00105943726351303 304453.614181617 282166.978138106 1.33918443594924e-16 4.80343419655093e-17
2.50296296296296e-08 -0.000399878833138234 0.00113241796392383 325426.29351885 259322.728382028 1.33919644568212e-16 4.82686016463347e-17
2.52987654320987e-08 -0.000309595987983035 0.00119903217944027 344569.417296283 234924.7276311 1.33920845552242e-16 4.84824605665458e-17
2.55679012345679e-08 -0.000214414972305124 0.00125888078168573 361768.28681398 209119.125156241 1.33922046547016e-16 4.86746397591726e-17
2.5837037037037e-08 -0.000114873704568929 0.00131160517004575 376919.849954674 182060.504174666 1.33923247552534e-16 4.8843990124406e-17
2.61061728395061e-08 -1.15362293823e-05 0.00135688942032968 389933.318651 153910.955850554 1.33924448568796e-16 4.89894993147696e-17
2.63753086419753e-08 9.50106613396027e-05 0.00139446217778627 400730.71288697 124839.108308946 1.33925649595801e-16 4.91102978010986e-17
2.66444444444444e-08 0.000204160943514855 0.00142409828313024 409247.32797404 95019.1164794232 1.3392685063355e-16 4.92056640829792e-17
2.69135802469135e-08 0.000315292991282539 0.00144562012183635 415432.122301723 64629.6188208564 1.33928051682043e-16 4.92750290124269e-17
2.71827160493827e-08 0.000427773300889887 0.00145889868861512 419248.023239115 33852.6671769656 1.33929252741281e-16 4.93179792048918e-17
2.74518518518518e-08 0.00054096028577063 0.00146385436069053 420672.149354005 2872.6361734493 1.33930453811262e-16 4.93342595171508e-17
2.77209876543209e-08 0.000654208120079688 0.00146045737524474 419695.947617563 -28124.8813099274 1.33931654891988e-16 4.93237745772302e-17
2.79901234567901e-08 0.000766870607658861 0.00144872800816673 416325.244771863 -58954.1859754234 1.33932855983458e-16 4.92865893571889e-17
2.82592592592592e-08 0.000878305053255577 0.00142873645303144 410580.21255177 -89430.5845908853 1.33934057085673e-16 4.92229287853182e-17
2.85283950617283e-08 0.000987876112803123 0.00140060240103172 402495.246968735 -119371.496456141 1.33935258198632e-16 4.91331764000767e-17
2.87975308641975e-08 0.00109495959969592 0.00136449432437695 392118.762378946 -148597.547223567 1.33936459322336e-16 4.90178720538122e-17
2.90666666666666e-08 0.00119894622425693 0.00132062846744867 379512.901568742 -176933.643519871 1.33937660456785e-16 4.88777086800208e-17
2.93358024691357e-08 0.00129924524399419 0.0012692675517544 364753.16359337 -204210.021931096 1.33938861601978e-16 4.87135281435012e-17
2.96049382716049e-08 0.00139528800277783 0.00121071920243541 347927.951597873 -230263.266066364 1.33940062757917e-16 4.85263161982563e-17
2.9874074074074e-08 0.00148653133773412 0.0011453341057524 329138.04332832 -254937.285607075 1.339412639246e-16 4.83171965833398e-17
3.01432098765431e-08 0.00157246083344533 0.00107350390858484 308495.987504718 -278084.251475934 1.33942465102029e-16 4.80874242920123e-17
3.04123456790123e-08 0.00165259390395896 0.000995658872525244 286125.429671161 -299565.481523037 1.33943666290203e-16 4.78383780545209e-17
3.06814814814814e-08 0.00172648268414099 0.000912265296619989 262160.371561261 -319252.271422595 1.33944867489122e-16 4.75715520795299e-17
3.09506172839506e-08 0.00179371671305012 0.000823822724194531 236744.368415248 -337026.665802104 1.33946068698787e-16 4.72885471036714e-17
3.12197530864197e-08 0.00185392539325547 0.000730860950494255 210029.669056899 -352782.164983742 1.33947269919198e-16 4.69910608028297e-17
3.14888888888888e-08 0.00190678021136264 0.000633936849065833 182176.303881373 -366424.36310349 1.33948471150354e-16 4.66808776225978e-17
3.1758024691358e-08 0.00195199670644316 0.000533631035889927 153351.126217178 -377871.513784531 1.33949672392255e-16 4.63598580888241e-17
3.20271604938271e-08 0.00198933617457281 0.000430544391248227 123726.812804839 -387055.019975432 1.33950873644903e-16 4.60299276622834e-17
3.22962962962962e-08 0.00201860709926473 0.000325294460160319 93480.8293798035 -393919.845017953 1.33952074908296e-16 4.56930652042365e-17
3.25654320987654e-08 0.00203966629922556 0.000218511752953491 62794.367556275 -398424.842481112 1.33953276182436e-16 4.53512911219761e-17
3.28345679012345e-08 0.00205241978655621 0.000110835968127081 31851.259380583 -400543.002784861 1.33954477467321e-16 4.50066552653735e-17
3.31037037037036e-08 0.00205682333025309 2.91216013867121e-06 836.876056591031 -400261.615135122 1.33955678762953e-16 4.46612246469327e-17
3.33728395061728e-08 0.00205288272163173 -0.000104613124930386 -30062.9825595114 -397582.343799333 1.33956880069331e-16 4.43170710589168e-17
3.36419753086419e-08 0.00204065374007967 -0.000211095722680013 -60663.2010423141 -392521.218264771 1.33958081386456e-16 4.39762586617294e-17
3.3911111111111e-08 0.00202024181934137 -0.000315897709462958 -90780.4573899707 -385108.537337852 1.33959282714327e-16 4.36408316179058e-17
3.41802469135802e-08 0.00199180141633153 -0.000418391224103864 -120234.321282891 -375388.68775815 1.33960484052944e-16 4.33128018457964e-17
3.44493827160493e-08 0.00195553508625546 -0.000517962229370419 -148848.335028809 -363419.878413023 1.33961685402309e-16 4.29941369663083e-17
3.47185185185184e-08 0.00191169226957478 -0.00061401419066189 -176451.070718369 -349273.791744346 1.3396288676242e-16 4.26867485149163e-17
3.49876543209876e-08 0.00186056779808271 -0.000705971649876067 -202877.15725782 -333035.154434961 1.33964088133278e-16 4.23924804895631e-17
3.52567901234567e-08 0.00180250012903629 -0.000793283673043413 -227968.27112582 -314801.229946052 1.33965289514883e-16 4.21130983030606e-17
3.55259259259258e-08 0.00173786931792211 -0.000875427151073253 -251574.084918611 -294681.235944834 1.33966490907235e-16 4.18502782061791e-17
3.5795061728395e-08 0.00166709474199781 -0.000951909933836633 -273553.168000667 -272795.690111959 1.33967692310334e-16 4.16055972447919e-17
3.60641975308641e-08 0.00159063258824499 -0.00102227377880874 -293773.833864767 -249275.68824712 1.33968893724181e-16 4.13805238112455e-17
3.63333333333333e-08 0.00150897312078045 -0.00108609709660455 -312114.929124683 -224262.118996969 1.33970095148774e-16 4.11764088465652e-17
3.66024691358024e-08 0.00142263774409429 -0.00114299747695795 -328466.559413253 -197904.819909163 1.33971296584116e-16 4.09944777462079e-17
3.68716049382715e-08 0.00133217587970642 -0.00119263398000979 -342730.747836604 -170361.679867928 1.33972498030205e-16 4.08358230178582e-17
3.71407407407407e-08 0.00123816167495113 -0.00123470917917618 -354822.022039234 -141797.693287769 1.33973699487041e-16 4.07013977352616e-17
3.74098765432098e-08 0.0011411905636052 -0.00126897094335638 -364667.926362355 -112383.971731013 1.33974900954626e-16 4.05920098273173e-17
3.76790123456789e-08 0.00104187569896276 -0.0012952139478011 -372209.456026591 -82296.7188699981 1.33976102432958e-16 4.05083172366521e-17
3.79481481481481e-08 0.000940844280724394 -0.00131328090458765 -377401.410737234 -51716.1749343592 1.33977303922038e-16 4.04508239766853e-17
3.82172839506172e-08 0.000838733797704427 -0.00132306350532766 -380212.665592966 -20825.5369667201 1.33978505421866e-16 4.04198771108167e-17
3.84864197530863e-08 0.000736188208864715 -0.00132450307045757 -380626.357674359 10190.1386448982 1.33979706932442e-16 4.04156646718398e-17
3.87555555555555e-08 0.000633854085553004 -0.00131759090121911 -378639.987193576 41145.0447834269 1.33980908453767e-16 4.04382145340557e-17
3.90246913580246e-08 0.00053237673805656 -0.00130236833221888 -374265.432598545 71853.736726472 1.3398210998584e-16 4.0487394244851e-17
3.92938271604937e-08 0.000432396349675867 -0.00127892648424918 -367528.879540363 102132.243108966 1.33983311528661e-16 4.05629118167589e-17
3.95629629629629e-08 0.000334544141478437 -0.00124740571884831 -358470.664128679 131799.168069192 1.33984513082231e-16 4.0664317475266e-17
3.9832098765432e-08 0.0002394385907091 -0.0012079947978653 -347145.031413328 160676.777975377 1.33985714646549e-16 4.07910063519034e-17
4.01012345679011e-08 0.000147681725511983 -0.00116092975306129 -333619.810538346 188592.066222383 1.33986916221616e-16 4.09422221064958e-17
4.03703703703703e-08 5.98555181623462e-05 -0.00110649247251691 -317976.008513679 215377.789719318 1.33988117807432e-16 4.11170614568775e-17
4.06395061728394e-08 -2.34816015834379e-05 -0.00104500901231172 -300307.325037517 240873.470858446 1.33989319403997e-16 4.13144795889473e-17
4.09086419753086e-08 -0.000101798092130943 -0.000976847643587468 -280719.591275112 264926.358962511 1.33990521011311e-16 4.15332964146585e-17
4.11777777777777e-08 -0.000174592484639481 -0.000902416646692666 -259330.135955576 287392.345450285 1.33991722629374e-16 4.17722036404625e-17
4.14469135802468e-08 -0.000241396387482992 -0.000822161865620792 -236267.082583576 308136.827237358 1.33992924258186e-16 4.20297726038666e-17
4.1716049382716e-08 -0.000301777292579335 -0.000736564037390937 -211668.581975563 327035.513199276 1.33994125897747e-16 4.23044628311669e-17
4.19851851851851e-08 -0.000355341166774101 -0.000646135912367961 -185681.984717675 343975.168865157 1.33995327548058e-16 4.25946312650941e-17
4.22543209876542e-08 -0.000401734812752594 -0.000551419182771814 -158462.958502391 358854.294879936 1.33996529209118e-16 4.28985421070987e-17
4.25234567901234e-08 -0.000440647985334209 -0.000452981237774965 -130174.555631301 371583.735170128 1.33997730880928e-16 4.32143772153166e-17
4.27925925925925e-08 -0.000471815250468754 -0.000351411764625891 -100986.236269927 382087.211169092 1.33998932563488e-16 4.35402469959287e-17
4.30617283950616e-08 -0.000495017575795565 -0.000247319216159187 -71072.8533056762 390301.778900696 1.34000134256797e-16 4.38742017226718e-17
4.33308641975308e-08 -0.000510083643234316 -0.000141327165853487 -40613.6048900732 396178.206182417 1.34001335960856e-16 4.42142432166911e-17
4.35999999999999e-08 -0.000516890875741588 -3.40705722722643e-05 -9790.96094008486 399681.267687404 1.34002537675665e-16 4.45583368167658e-17
4.3869135802469e-08 -0.000515366172079571 7.38080247343887e-05 21210.4299706038 400789.956097132 1.34003739401224e-16 4.49044235682003e-17
4.41382716049382e-08 -0.000505486345192429 0.000181662353279857 52204.8467819541 399497.60807891 1.34004941137534e-16 4.52504325573612e-17
4.44074074074073e-08 -0.000487278261561476 0.000288846281083361 83006.6085528691 395811.944332792 1.34006142884593e-16 4.5594293317968e-17
4.46765432098764e-08 -0.000460818680701624 0.000394717686310605 113431.186836097 389755.023467193 1.34007344642403e-16 4.59339482348148e-17
4.49456790123456e-08 -0.000426233795757981 0.000498642304423325 143296.311158744 381363.109978783 1.34008546410964e-16 4.62673648706153e-17
4.52148148148147e-08 -0.000383698477952099 0.000599997527991883 172423.060985639 370686.457126769 1.34009748190275e-16 4.65925481421221e-17
4.54839506172838e-08 -0.000333435229401582 0.000698176136706625 200636.937623704 357789.006001577 1.34010949980336e-16 4.69075522725748e-17
4.5753086419753e-08 -0.00027571285058389 0.000792589935241683 227768.909645623 342748.002589993 1.34012151781149e-16 4.72104924488713e-17
4.60222222222221e-08 -0.00021084483042471 0.000882673277176735 253656.425569634 325653.535130102 1.34013353592712e-16 4.74995561136223e-17
4.62913580246913e-08 -0.000139187468653058 0.000967886453864652 278144.387728437 306607.994526929 1.34014555415026e-16 4.77730138244391e-17
4.65604938271604e-08 -6.11377416692659e-05 0.00104771892794184 301086.081492603 285725.461060629 1.34015757248091e-16 4.80292296153938e-17
4.68296296296295e-08 2.28690752912856e-05 0.00112169239210866 322344.054281327 263131.021060652 1.34016959091907e-16 4.82666707985753e-17
4.70987654320987e-08 0.000112362015455798 0.00118936363485375 341790.939094106 238960.017638926 1.34018160946474e-16 4.84839171470168e-17
4.73679012345678e-08 0.000206837241655317 0.00125032719595279 359310.21762924 213357.239970168 1.34019362811793e-16 4.86796694039755e-17
4.76370370370369e-08 0.000305761064410702 0.00130421779583109 374796.91841694 186476.055975605 1.34020564687863e-16 4.88527570675822e-17
4.79061728395061e-08 0.000408573138884358 0.00135071252423436 388158.245784101 158477.493605515 1.34021766574685e-16 4.90021454042182e-17
4.81753086419752e-08 0.000514689821547078 0.00138953277509349 399314.135882123 129529.276223974 1.34022968472258e-16 4.91269416485956e-17
4.84444444444443e-08 0.000623507666452363 0.00142044591598993 408197.736446084 99804.8178741722 1.34024170380583e-16 4.92264003533925e-17
4.87135802469135e-08 0.000734407040174031 0.00144326668221762 414755.807410453 69482.1844431304 1.3402537229966e-16 4.92999278563848e-17
4.89827160493826e-08 0.000846755833751875 0.00145785828708777 418949.039980633 38743.0269489115 1.34026574229488e-16 4.93470858383068e-17
4.92518518518517e-08 0.000959913249408767 0.00146413324182204 420752.292248106 7771.49334055005 1.34027776170069e-16 4.93675939501175e-17
4.95209876543209e-08 0.00107323363935446 0.00146205388012007 420154.739936932 -23246.8746703308 1.34028978121402e-16 4.93613314939239e-17
4.979012345679e-08 0.00118607037367911 0.00145163258425579 417159.941377729 -54126.2531375031 1.34030180083486e-16 4.93283381474848e-17
5.00592592592591e-08 0.00129777971416511 0.00143293171134566 411785.816319148 -84681.6491088672 1.34031382056324e-16 4.92688137279439e-17
5.03283950617283e-08 0.00140772467080999 0.00140606322022761 404064.538702981 -114730.008886837 1.34032584039913e-16 4.91831169962017e-17
5.05975308641974e-08 0.00151527881795679 0.00137118800118351 394042.34404452 -144091.314680981 1.34033786034255e-16 4.90717635090774e-17
5.08666666666665e-08 0.00161983004716982 0.00132851491251779 381779.252571328 -172589.663083012 1.3403498803935e-16 4.89354225321219e-17
5.11358024691357e-08 0.00172078423437258 0.00127829952976148 367348.709778282 -200054.318903042 1.34036190055197e-16 4.87749130315666e-17
5.14049382716048e-08 0.0018175687992781 0.00122084261499207 350837.146551529 -226320.73805358 1.34037392081797e-16 4.85911987694128e-17
5.1674074074074e-08 0.00190963613578689 0.0011564883154369 332343.461495814 -251231.553353125 1.34038594119149e-16 4.83853825310358e-17
5.19432098765431e-08 0.0019964668928006 0.00108562210214931 311978.428565758 -274637.51734327 1.34039796167255e-16 4.81586995198789e-17
5.22123456790122e-08 0.00207757308579544 0.00100866846110422 289864.033549179 -296398.396470736 1.34040998226114e-16 4.79125099588003e-17
5.24814814814814e-08 0.00215250102051292 0.000926088350543042 266132.74337679 -316383.811277032 1.34042200295726e-16 4.76482909423887e-17
5.27506172839505e-08 0.00222083401125133 0.000838376439798336 240926.7126351 -334474.017561874 1.34043402376091e-16 4.73676275890534e-17
5.30197530864196e-08 0.00228219487747106 0.000746058146137927 214396.932035547 -350560.623840051 1.34044604467209e-16 4.70722035458875e-17
5.32888888888888e-08 0.00233624820375545 0.000649686487378204 186702.323940696 -364547.240793034 1.34045806569081e-16 4.67637909031818e-17
5.35580246913579e-08 0.00238270234958596 0.000549838769120345 158008.79036553 -376350.058824001 1.34047008681707e-16 4.64442395790048e-17
5.3827160493827e-08 0.0024213111968893 0.000447113126454005 128488.219156632 -385898.35025562 1.34048210805086e-16 4.61154662374378e-17
5.40962962962962e-08 0.00245187562488507 0.000342124940845099 98317.4543026461 -393134.893161367 1.34049412939218e-16 4.57794428068502e-17
5.43654320987653e-08 0.00247424470339591 0.000235503153672188 67677.2365443468 -398016.314290583 1.34050615084105e-16 4.54381846669955e-17
5.46345679012344e-08 0.00248831659746879 0.000127886498495385 36751.1206306303 -400513.349032165 1.34051817239745e-16 4.50937385756938e-17
5.49037037037036e-08 0.00249403917788545 1.99196746286951e-05 5724.37570670162 -400611.016858768 1.3405301940614e-16 4.47481704074268e-17
5.51728395061727e-08 0.00249141033390202 -8.77505150614157e-05 -25217.1245781535 -398308.711199691 1.34054221583288e-16 4.44035527773e-17
5.54419753086418e-08 0.00248047798634144 -0.000194479038993936 -55888.0155941796 -393620.203203301 1.34055423771191e-16 4.40619526245116e-17
5.5711111111111e-08 0.00246133980095772 -0.000299626501134494 -86104.5522152966 -386573.559365661 1.34056625969848e-16 4.3725418829714e-17
5.59802469135801e-08 0.00243414260378639 -0.000402562971529764 -115685.709611082 -377210.973518077 1.3405782817926e-16 4.33959699404499e-17
5.62493827160492e-08 0.00239908150198113 -0.000502671760166889 -144454.267751893 -365588.514179317 1.34059030399426e-16 4.30755820781964e-17
5.65185185185184e-08 0.00235639871540072 -0.000599353111549026 -172237.87312995 -351775.788785298 1.34060232630346e-16 4.27661770994677e-17
5.67876543209875e-08 0.00230638212594344 -0.000692027797852902 -198870.07133563 -335855.52680704 1.34061434872021e-16 4.24696110819006e-17
5.70567901234567e-08 0.00224936355331707 -0.000780140589141644 -224191.304302775 -317923.084253598 1.34062637124451e-16 4.21876632043049e-17
5.73259259259258e-08 0.00218571676757153 -0.000863163579842473 -248049.866248405 -298085.872527693 1.34063839387636e-16 4.19220250872981e-17
5.75950617283949e-08 0.00211585525029821 -0.000940599351559782 -270302.812579651 -276462.715054962 1.34065041661576e-16 4.16742906583871e-17
5.78641975308641e-08 0.00204022971790604 -0.00101198395327438 -290816.816322411 -253183.135540485 1.34066243946271e-16 4.14459466022178e-17
5.81333333333332e-08 0.0019593254218096 -0.00107688968107357 -309468.966940585 -228386.582115869 1.34067446241721e-16 4.1238363453208e-17
5.84024691358023e-08 0.00187365924170126 -0.00113492764075745 -326147.506759819 -202221.592024294 1.34068648547926e-16 4.10527873839321e-17
5.86716049382715e-08 0.00178377658931921 -0.00118575007796752 -340752.500583442 -174844.901847173 1.34069850864886e-16 4.08903327384564e-17
5.89407407407406e-08 0.00169024814125834 -0.00122905246187622 -353196.434488474 -146420.508602381 1.34071053192603e-16 4.07519753553647e-17
5.92098765432097e-08 0.00159366642039562 -0.0012645753099522 -363404.740213813 -117118.687338378 1.34072255531074e-16 4.06385467204806e-17
5.94790123456789e-08 0.00149464224640857 -0.00129210574286731 -371316.241998446 -87114.9711092073 1.34073457880301e-16 4.05507289843231e-17
5.9748148148148e-08 0.00139380107664971 -0.00131147876022769 -376883.52319206 -56589.0994407943 1.34074660240284e-16 4.04890508741545e-17
6.00172839506171e-08 0.00129177925929717 -0.00132257822948394 -380073.210441079 -25723.9415877713 1.34075862611023e-16 4.04538845251161e-17
6.02864197530863e-08 0.00118922022122717 -0.00132533758209336 -380866.173746857 5295.59896886329 1.34077064992518e-16 4.0445443249446e-17
6.05555555555554e-08 0.0010867706134454 -0.00131974021276115 -379257.641196803 36283.6922204963 1.34078267384769e-16 4.04637802571511e-17
6.08246913580246e-08 0.000985076437168964 -0.0013058195793661 -375257.227680323 67054.6948901881 1.34079469787775e-16 4.05087883358044e-17
6.10938271604937e-08 0.00088477917376631 -0.00128365900296949 -368888.877416784 97424.2625832503 1.34080672201539e-16 4.05802004913974e-17
6.13629629629629e-08 0.000786511941740012 -0.0012533911691026 -360190.720639037 127210.454166448 1.34081874626058e-16 4.06775915464136e-17
6.1632098765432e-08 0.000690895703775316 -0.00121519733331785 -349214.845290302 156234.821759661 1.34083077061334e-16 4.08003806855609e-17
6.19012345679011e-08 0.000598535546577628 -0.00116930623576032 -336026.985101371 184323.479809964 1.34084279507366e-16 4.09478349339183e-17
6.21703703703703e-08 0.000510017055786304 -0.0011159927312595 -320706.125916054 211308.146843357 1.34085481964155e-16 4.11190735466704e-17
6.24395061728394e-08 0.0004259028076827 -0.00105557614314578 -303344.032622534 237027.15365298 1.34086684431701e-16 4.13130732841372e-17
6.27086419753086e-08 0.000346728998710947 -0.000988418350650855 -284044.699523998 261326.411883674 1.34087886910003e-16 4.15286745405087e-17
6.29777777777777e-08 0.000273002233004504 -0.00091492162134787 -262923.727440552 284060.337209965 1.34089089399062e-16 4.17645882895737e-17
6.32469135802468e-08 0.00020519648716513 -0.000835526201614278 -240107.631273418 305092.721576491 1.34090291898879e-16 4.20194038058401e-17
6.3516049382716e-08 0.00014375027047923 -0.000750707679550316 -215733.082179035 324297.549275009 1.34091494409452e-16 4.22915971147996e-17
6.37851851851851e-08 8.90639975858435e-05 -0.000660974136149228 -189946.088892436 341559.751968558 1.34092696930783e-16 4.25795401217176e-17
6.40543209876543e-08 4.14975893379651e-05 -0.000566863101784083 -162901.123103873 356775.898139024 1.3409389946287e-16 4.28815103642665e-17
6.43234567901234e-08 1.36831623195276e-06 -0.000468938336242473 -134760.194127889 369854.812827194 1.34095102005716e-16 4.31957013305831e-17
6.45925925925926e-08 -3.10511026732458e-05 -0.000367786451597625 -105691.878407817 380718.123951951 1.34096304559318e-16 4.352023328094e-17
6.48617283950617e-08 -5.55341339558046e-05 -0.000264013398146182 -75870.3096693434 389300.731935074 1.34097507123678e-16 4.38531645082065e-17
6.51308641975308e-08 -7.19017873571399e-05 -0.000158240834463421 -45474.1357725623 395551.199817521 1.34098709698796e-16 4.41925029696442e-17
6.54e-08 -8.00236884993195e-05 -5.11024033210701e-05 -14685.4485114823 399432.061529405 1.34099912284672e-16 4.45362182203553e-17
6.56691358024691e-08 -7.98188603647919e-05 5.6760064222917e-05 16311.3072279012 400920.046466123 1.34101114881305e-16 4.48822535768977e-17
6.59382716049383e-08 -7.12562088541551e-05 0.00016470039382281 47330.4384161617 400006.219024531 1.34102317488697e-16 4.52285384381981e-17
6.62074074074074e-08 -5.4354709510445e-05 0.000272071938897645 78186.1163162396 396696.032262453 1.34103520106846e-16 4.55730006899524e-17
6.64765432098765e-08 -2.91832942886448e-05 0.000378231454547462 108693.489742188 391009.2953593 1.34104722735754e-16 4.59135791182032e-17
6.67456790123457e-08 4.13956095392747e-06 0.00048254295112545 138669.792471577 382980.055071964 1.3410592537542e-16 4.62482357577263e-17
6.70148148148148e-08 4.5446545777775e-05 0.000584381504379911 167935.438177238 372656.391895392 1.34107128025844e-16 4.65749681012496e-17
6.7283950617284e-08 9.45225170451927e-05 0.000683136999339909 196315.096318738 360100.132148231 1.34108330687027e-16 4.68918210963603e-17
6.75530864197531e-08 0.000151105787368597 0.000778217785515188 223638.742547968 345386.477707629 1.34109533358968e-16 4.71968988582274e-17
6.78222222222223e-08 0.000214889692406964 0.000869054221512074 249742.67733588 328603.555610627 1.34110736041667e-16 4.74883760279691e-17
6.80913580246914e-08 0.000285524427623532 0.00095510208782931 274470.506717707 309851.89021968 1.34111938735126e-16 4.77645087086155e-17
6.83604938271605e-08 0.00036261914350356 0.00103584584738735 297674.079280882 289243.801113738 1.34113141439343e-16 4.80236449131491e-17
6.86296296296297e-08 0.00044574428668246 0.0011108017342566 319214.373782002 266902.73031135 1.34114344154319e-16 4.8264234462025e-17
6.88987654320988e-08 0.000534434172961302 0.00117952065207916 338962.332074835 242962.502855597 1.34115546880055e-16 4.8484838270874e-17
6.9167901234568e-08 0.000628189776797382 0.00124159086481858 356799.632359021 217566.525189955 1.34116749616549e-16 4.8684136972741e-17
6.94370370370371e-08 0.000726481720560566 0.00129664046371602 372619.39811655 190866.92612687 1.34117952363802e-16 4.88609388231991e-17
6.97061728395062e-08 0.000828753445649187 0.00134433959567183 386326.838488354 163023.645554826 1.34119155121815e-16 4.90141868409759e-17
6.99753086419754e-08 0.000934424546469669 0.00138440243970069 397839.816254055 134203.476342775 1.34120357890587e-16 4.9142965141306e-17
7.02444444444445e-08 0.00104289424730815 0.00141658891961748 407089.340011561 104579.065181272 1.34121560670119e-16 4.9246504424062e-17
7.05135802469137e-08 0.00115354500126626 0.00144070614269125 414019.977607305 74327.8783456824 1.3412276346041e-16 4.93241865837767e-17
7.07827160493828e-08 0.00126574618970157 0.00145660955564614 418590.188339634 43631.1385770482 1.34123966261461e-16 4.93755484139329e-17
7.1051851851852e-08 0.00137885790001121 0.0014642038110813 420772.571944481 12672.7394492608 1.34125169073272e-16 4.94002843833196e-17
7.13209876543211e-08 0.0014922347591274 0.00146344333911692 420554.032870942 -18361.8562738584 1.34126371895843e-16 4.93982484678138e-17
7.15901234567902e-08 0.00160522979975966 0.00145433262083876 417935.858861867 -49286.7276920133 1.34127574729173e-16 4.93694550266068e-17
7.18592592592594e-08 0.00171719833622236 0.00143692616190074 412933.713367936 -79916.6095764237 1.34128777573264e-16 4.9314078717616e-17
7.21283950617285e-08 0.00182750182662825 0.00141132816644075 405577.541839897 -110068.002259793 1.34129980428115e-16 4.9232453452581e-17
7.23975308641977e-08 0.00193551169831045 0.00137769191326071 395911.392459581 -139560.270959104 1.34131183293726e-16 4.91250703980946e-17
7.26666666666668e-08 0.00204061311355509 0.00133621883800525 383993.15238288 -168216.72794535 1.34132386170097e-16 4.89925750345364e-17
7.29358024691359e-08 0.00214220865308463 0.00128715732683492 369894.201074061 -195865.691076983 1.34133589057229e-16 4.88357632905195e-17
7.32049382716051e-08 0.00223972189522391 0.00123080122881818 353698.982807454 -222341.512355453 1.34134791955121e-16 4.86555767759988e-17
7.34740740740742e-08 0.00233260086930617 0.00116748809595159 335504.500896861 -247485.570340676 1.34135994863775e-16 4.84530971425921e-17
7.37432098765434e-08 0.00242032136262923 0.00109759716134938 315419.736681929 -271147.220480796 1.34137197783188e-16 4.82295396048907e-17
7.40123456790125e-08 0.00250239006114922 0.00102154706771242 293564.996751557 -293184.697662623 1.34138400713363e-16 4.79862456615654e-17
7.42814814814817e-08 0.00257834750509525 0.000939793359682434 270071.192314336 -313465.965575336 1.34139603654299e-16 4.77246750598659e-17
7.45506172839508e-08 0.00264777084179683 0.000852825755102214 245079.055032542 -331869.507798631 1.34140806605995e-16 4.74463970516479e-17
7.48197530864199e-08 0.00271027635923063 0.000761165211527185 218738.294016894 -348285.055875538 1.34142009568453e-16 4.7153080993302e-17
7.50888888888891e-08 0.00276552178510678 0.000665360805560279 191206.699031809 -362614.250007628 1.34143212541672e-16 4.68464863458946e-17
7.53580246913582e-08 0.00281320833771917 0.000565986443703755 162649.19528318 -374771.228413927 1.34144415525652e-16 4.65284521354217e-17
7.56271604938274e-08 0.00285308251627136 0.000463637424431014 133236.855450802 -384683.141822154 1.34145618520394e-16 4.62008859363113e-17
7.58962962962965e-08 0.00288493761995038 0.000358926872072961 103145.874883767 -392290.590009444 1.34146821525897e-16 4.58657524441696e-17
7.61654320987656e-08 0.00290861498664541 0.000252482063881594 72556.5160978875 -397547.977776595 1.34148024542162e-16 4.55250617062227e-17
7.64345679012348e-08 0.00292400494388811 0.000144940672273635 41652.0288981496 -400423.788222594 1.34149227569188e-16 4.5180857079963e-17
7.67037037037039e-08 0.00293104746631497 3.69469447653447e-05 10617.5525953069 -400900.771681519 1.34150430606976e-16 4.48352029921316e-17
7.69728395061731e-08 0.00292973253571049 -7.08521555168325e-05 -20360.9931069718 -398976.049189204 1.34151633655527e-16 4.44901725713707e-17
7.72419753086422e-08 0.00292010020147149 -0.000177810825628793 -51098.0219100418 -394661.129859052 1.34152836714839e-16 4.41478352286347e-17
7.75111111111114e-08 0.00290224034112768 -0.000283288291685562 -81409.3927308278 -387981.842062118 1.34154039784913e-16 4.38102442597605e-17
7.77802469135805e-08 0.00287629212235047 -0.000386652647644683 -111113.512864339 -378978.178822999 1.3415524286575e-16 4.34794245444705e-17
7.80493827160496e-08 0.00284244316967033 -0.000487284640998609 -140032.425889269 -367704.058356938 1.34156445957348e-16 4.31573604155001e-17
7.83185185185188e-08 0.00280092844089211 -0.000584581382696361 -167992.877799135 -354227.001181981 1.34157649059709e-16 4.28459837705242e-17
7.85876543209879e-08 0.00275202881993684 -0.000677959959068419 -194827.354971796 -338627.725739761 1.34158852172833e-16 4.25471624981055e-17
7.88567901234571e-08 0.00269606943453744 -0.000766860924115728 -220375.087758858 -320999.664946761 1.34160055296719e-16 4.22626892870032e-17
7.91259259259262e-08 0.00263341770886428 -0.000850751651240165 -244483.01368235 -301448.406571562 1.34161258431368e-16 4.19942708858886e-17
7.93950617283953e-08 0.00256448116274442 -0.00092912952433575 -267006.694468027 -280091.060789983 1.34162461576779e-16 4.17435178778117e-17
7.96641975308645e-08 0.00248970497065674 -0.00100152494912199 -287811.181421126 -257055.558706306 1.34163664732954e-16 4.15119350306848e-17
7.99333333333336e-08 0.00240956929512434 -0.00106750416667752 -306771.823959833 -232479.886042369 1.34164867899891e-16 4.13009122815956e-17
8.02024691358028e-08 0.00232458641047718 -0.001126671852317 -323775.016462209 -206511.256584758 1.34166071077592e-16 4.11117164089659e-17
8.04716049382719e-08 0.00223529763421414 -0.00117867348424002 -338718.878951816 -179305.230341252 1.34167274266055e-16 4.0945483442453e-17
8.07407407407411e-08 0.00214227008434622 -0.00122319746775985 -351513.867543616 -151024.781688968 1.34168477465282e-16 4.0803211856071e-17
8.10098765432102e-08 0.00204609328214543 -0.00125997700238422 -362083.310992466 -121839.323096279 1.34169680675272e-16 4.06857565853174e-17
8.12790123456793e-08 0.00194737562065013 -0.00128879168056025 -370363.870129193 -91923.6902667774 1.34170883896026e-16 4.05938239041546e-17
8.15481481481485e-08 0.00184674072008221 -0.00130946880850373 -376305.917431186 -61457.09478473 1.34172087127543e-16 4.05279671925449e-17
8.18172839506176e-08 0.00174482369200874 -0.00132188444119721 -379873.834452859 -30622.0505361991 1.34173290369824e-16 4.04885836199022e-17
8.20864197530868e-08 0.0016422673346281 -0.00132596412535401 -381046.225333407 396.71966281542 1.34174493622868e-16 4.04759117643383e-17
8.23555555555559e-08 0.00153971828197317 -0.00132168334589454 -379816.045102037 31413.3906812401 1.34175696886676e-16 4.04900301819743e-17
8.2624691358025e-08 0.00143782313010028 -0.00130906767325762 -376190.642011245 62242.1483014232 1.34176900161248e-16 4.05308569348961e-17
8.28938271604942e-08 0.00133722456347117 -0.00128819261066154 -370191.713643774 92698.3023922085 1.34178103446585e-16 4.0598150080591e-17
8.31629629629633e-08 0.00123855750473367 -0.00125918314222718 -361855.177055431 122599.393357807 1.34179306742685e-16 4.06915091199422e-17
8.34320987654325e-08 0.00114244531096745 -0.00122221298466768 -351230.953730939 151766.285233911 1.3418051004955e-16 4.08103773951141e-17
8.37012345679016e-08 0.0010494960391824 -0.00117750354702501 -338382.670640345 180024.238882419 1.34181713367178e-16 4.09540454229725e-17
8.39703703703708e-08 0.000960298803443203 -0.00112532260468263 -323387.279186148 207203.958855335 1.34182916695572e-16 4.11216551440789e-17
8.42395061728399e-08 0.000875420245444274 -0.00106598269559562 -306334.594323204 233142.607656042 1.34184120034729e-16 4.13122050618098e-17
8.4508641975309e-08 0.000795401139680359 -0.000999839248343523 -287326.756611741 257684.781321461 1.34185323384652e-16 4.15245562408252e-17
8.47777777777782e-08 0.000720753153551549 -0.000927288453217879 -266477.620425508 280683.440480238 1.34186526745339e-16 4.17574391289548e-17
8.50469135802473e-08 0.000651955781813652 -0.000848764889096148 -243912.071979525 302000.791308788 1.3418773011679e-16 4.20094611616438e-17
8.53160493827165e-08 0.000589453473740538 -0.000764738920316608 -219765.281262334 321509.111107138 1.34188933499007e-16 4.22791151034065e-17
8.55851851851856e-08 0.000533652970210712 -0.000675713879146989 -194181.892353696 339091.513548213 1.34190136891989e-16 4.25647880763243e-17
8.58543209876547e-08 0.000484920866672951 -0.00058222305072413 -167315.156977795 354642.649015603 1.34191340295735e-16 4.28647712215047e-17
8.61234567901239e-08 0.000443581416592765 -0.000484826478525474 -139326.016482156 368069.335833634 1.34192543710247e-16 4.31772699356288e-17
8.6392592592593e-08 0.000409914588540915 -0.000384107609508531 -110382.137741463 379291.118607578 1.34193747135524e-16 4.35004146212657e-17
8.66617283950622e-08 0.000384154388565819 -0.000280669799015117 -80656.9087615723 388240.750328447 1.34194950571567e-16 4.38322718865583e-17
8.69308641975313e-08 0.000366487457902537 -0.000175132696377479 -50328.4000004776 394864.595353503 1.34196154018375e-16 4.41708561271863e-17
8.72000000000004e-08 0.000357051954421596 -6.81285328783062e-05 -19578.2976284146 399122.950847612 1.34197357475948e-16 4.45141414212276e-17
8.74691358024696e-08 0.000355936724521225 3.97016656982295e-05 11409.184882525 400990.284759012 1.34198560944288e-16 4.48600736656593e-17
8.77382716049387e-08 0.000363180770426582 0.000147711919235274 42448.4103190405 400455.388903116 1.34199764423393e-16 4.5206582881795e-17
8.80074074074079e-08 0.000378773016089941 0.000255255163166786 73353.4298264665 397521.446236457 1.34200967913263e-16 4.55515956159394e-17
8.8276543209877e-08 0.000402652373096921 0.000361687124892356 103939.096885544 392206.011917027 1.342021714139e-16 4.58930473609717e-17
8.85456790123462e-08 0.000434708106186643 0.000466370183500629 134022.176492534 384540.908263667 1.34203374925303e-16 4.62288949244437e-17
8.88148148148153e-08 0.000474780496198712 0.000568677189678424 163422.442897783 374572.034243037 1.34204578447472e-16 4.65571286690961e-17
8.90839506172844e-08 0.000522661796478136 0.000667995222920936 191963.759326305 362359.090624712 1.34205781980407e-16 4.68757845524634e-17
8.93530864197536e-08 0.000578097477011178 0.00076372926353381 219475.133211863 347975.222450184 1.34206985524108e-16 4.71829558934371e-17
8.96222222222227e-08 0.000640787748841366 0.000855305757428178 245791.740622641 331506.580956939 1.34208189078576e-16 4.74768047952948e-17
8.98913580246919e-08 0.000710389359635727 0.000942176052351748 270755.913741117 313051.807581283 1.3420939264381e-16 4.77555731567594e-17
9.0160493827161e-08 0.000786517649646815 0.0010238196849691 294218.085482032 292721.443130468 1.34210596219811e-16 4.80175932051187e-17
9.04296296296301e-08 0.00086874885575603 0.00109974749909764 316037.685589067 270637.265662957 1.34211799806579e-16 4.82612974883015e-17
9.06987654320993e-08 0.000956622649797436 0.00116950457641708 336083.982841464 246931.561042817 1.34213003404113e-16 4.8485228266042e-17
9.09679012345684e-08 0.00104964489595761 0.00123267296209339 354236.868324649 221746.330537584 1.34214207012415e-16 4.86880462438703e-17
9.12370370370376e-08 0.00114729061073448 0.00128887416898693 370387.575071899 195232.440206151 1.34215410631483e-16 4.88685385975961e-17
9.15061728395067e-08 0.00124900710772455 0.00133777144544048 384439.329765289 167548.717171983 1.34216614261319e-16 4.90256262402091e-17
9.17753086419759e-08 0.0013542173084003 0.00137907179305926 396307.932591095 138860.998195235 1.34217817901921e-16 4.91583702876529e-17
9.2044444444445e-08 0.00146232319904524 0.00141252772239265 405922.26177523 109341.136243124 1.34219021553291e-16 4.92659776847321e-17
9.23135802469141e-08 0.00157270941313806 0.00143793873599729 413224.699775474 79165.9710096183 1.34220225215429e-16 4.93478059574393e-17
9.25827160493833e-08 0.00168474691772577 0.00145515252999452 418171.478576566 48516.2695515105 1.34221428888333e-16 4.94033670632256e-17
9.28518518518524e-08 0.00179779678170241 0.00146406590692118 420732.942018855 17575.6433870273 1.34222632572006e-16 4.94323303161402e-17
9.31209876543216e-08 0.00191121400341924 0.00146462539440277 420893.723588208 -13470.5514558031 1.34223836266446e-16 4.94345243693062e-17
9.33901234567907e-08 0.00202435137469648 0.00145682756593966 418652.838601315 -44436.3248516064 1.34225039971654e-16 4.94099382428483e-17
9.36592592592598e-08 0.0021365633580884 0.00144071906188229 414023.690233374 -75136.1667987911 1.3422624368763e-16 4.93587213911054e-17
9.3928395061729e-08 0.00224720995417415 0.00141639631046667 407033.989351255 -105386.158774327 1.34227447414373e-16 4.92811828087171e-17
9.41975308641981e-08 0.00235566053570608 0.00138400495057902 397725.588631658 -135005.07556426 1.34228651151885e-16 4.91777891809304e-17
9.44666666666673e-08 0.00246129762564563 0.00134373895970475 386154.231957243 -163815.470969049 1.34229854900165e-16 4.90491620891995e-17
9.47358024691364e-08 0.00256352059645299 0.00129583949228351 372389.220591291 -191644.74087935 1.34231058659213e-16 4.88960742888109e-17
9.50049382716056e-08 0.00266174926846811 0.00124059343542692 356512.99813004 -218326.157353397 1.34232262429029e-16 4.87194450808251e-17
9.52740740740747e-08 0.00275542738582506 0.00117833169064871 338620.656718408 -243699.86750077 1.34233466209614e-16 4.85203348060528e-17
9.55432098765438e-08 0.00284402594907521 0.00110942719189874 318819.367486576 -267613.851188153 1.34234670000968e-16 4.82999384940429e-17
9.5812345679013e-08 0.00292704638455282 0.00103429267177199 297227.738618873 -289924.831829295 1.3423587380309e-16 4.80595787051228e-17
9.60814814814821e-08 0.00300402353149478 0.000953378189272496 273975.104899987 -310499.134802406 1.34237077615981e-16 4.7800697608365e-17
9.63506172839513e-08 0.00307452842901746 0.000867168433940582 249200.75299407 -329213.488351942 1.3423828143964e-16 4.75248483429326e-17
9.66197530864204e-08 0.00313817088625284 0.000776179822492013 223053.087097341 -345955.762176205 1.34239485274069e-16 4.72336857145497e-17
9.68888888888895e-08 0.00319460182024487 0.000680957405360424 195688.739962061 -360625.639275519 1.34240689119266e-16 4.69289562828258e-17
9.71580246913587e-08 0.00324351534759799 0.000582071601673655 167271.634617039 -373135.217035446 1.34241892975233e-16 4.66124878988141e-17
9.74271604938278e-08 0.00328465061734518 0.000480114782222492 137972.002405275 -383409.533943488 1.34243096841969e-16 4.62861787554768e-17
9.7696296296297e-08 0.00331779337405279 0.000375697720891158 107965.36322106 -391387.018783129 1.34244300719474e-16 4.59519860166484e-17
9.79654320987661e-08 0.00334277724179553 0.000269445935807085 77431.4740553835 -397019.85961353 1.34245504607749e-16 4.56119140926165e-17
9.82345679012353e-08 0.00335948472130714 0.000161995942128365 46553.2521484041 -400274.290323654 1.34246708506793e-16 4.52680026325538e-17
9.85037037037044e-08 0.00336784789433043 5.39914389168429e-05 15515.6791999107 -401130.793043419 1.34247912416607e-16 4.49223143057341e-17
9.87728395061735e-08 0.00336784883094447 -5.39205470601234e-05 -15495.3067977508 -399584.215198511 1.3424911633719e-16 4.45769224447306e-17
9.90419753086427e-08 0.00335951969742605 -0.000161093537497969 -46293.9254656063 -395643.800506859 1.34250320268544e-16 4.42338986246227e-17
9.93111111111118e-08 0.00334294256399662 -0.00026688547547218 -76695.6670097197 -389333.13373029 1.34251524210667e-16 4.38953002526192e-17
9.9580246913581e-08 0.00331824891360362 -0.000370662571902656 -106518.397591014 -380689.99951159 1.3425272816356e-16 4.35631582424484e-17
9.98493827160501e-08 0.00328561885467652 -0.000471803102521612 -135583.450471145 -369766.156141869 1.34253932127223e-16 4.32394648473541e-17
1.00118518518519e-07 0.00324528004257097 -0.000569701132597749 -163716.696397485 -356627.025612785 1.34255136101656e-16 4.29261617245892e-17
1.00387654320988e-07 0.00319750631615991 -0.000663770147102034 -190749.586814578 -341351.301809701 1.3425634008686e-16 4.26251283029129e-17
1.00656790123458e-07 0.00314261605773694 -0.000753446564566692 -216520.163652173 -324030.479192291 1.34257544082834e-16 4.23381705227805e-17
1.00925925925927e-07 0.00308097028605506 -0.000838193113585612 -240874.029640117 -304768.304785433 1.34258748089578e-16 4.20670100166857e-17
1.01195061728396e-07 0.0030129704939224 -0.000917502051727033 -263665.27333679 -283680.156762725 1.34259952107093e-16 4.1813273794477e-17
1.01464197530865e-07 0.00293905624330734 -0.000990898207573308 -284757.34332906 -260892.353344735 1.34261156135379e-16 4.15784844954451e-17
1.01733333333334e-07 0.00285970253235792 -0.00105794182766193 -304023.866366127 -236541.396151596 1.34262360174436e-16 4.13640512655853e-17
1.02002469135803e-07 0.00277541695010719 -0.00111823121127071 -321349.404525517 -210773.152542285 1.34263564224263e-16 4.11712613146917e-17
1.02271604938272e-07 0.00268673663590813 -0.00117140511726071 -336630.146874645 -183741.98183846 1.34264768284861e-16 4.10012722038701e-17
1.02540740740742e-07 0.00259422506181177 -0.00121714492855608 -349774.531483777 -155609.810666959 1.3426597235623e-16 4.08551049096784e-17
1.02809876543211e-07 0.002498468657163 -0.00125517656129168 -360703.794063409 -126545.162959932 1.34267176438371e-16 4.07336377064539e-17
1.0307901234568e-07 0.00240007329563396 -0.00128527210718887 -369352.439938659 -96722.150423257 1.34268380531282e-16 4.06376009034848e-17
1.03348148148149e-07 0.00229966066573928 -0.00130725119931803 -375668.636532465 -66319.4295207846 1.34269584634965e-16 4.05675724685605e-17
1.03617283950618e-07 0.00219786454657544 -0.00132098209306326 -379614.524005612 -35519.1312225736 1.3427078874942e-16 4.0523974564128e-17
1.03886419753087e-07 0.00209532701109485 -0.00132638245581103 -381166.442191873 -4505.76992854255 1.34271992874646e-16 4.05070710168144e-17
1.04155555555556e-07 0.00199269457965919 -0.00132341986062907 -380315.072467996 26534.8618962578 1.34273197010643e-16 4.05169657354813e-17
1.04424691358026e-07 0.00189061434691488 -0.00131211198097569 -377065.493707864 57416.8067528726 1.34274401157413e-16 4.05536020872991e-17
1.04693827160495e-07 0.00178973010519353 -0.00129252648526996 -371437.151984849 87955.0561383102 1.34275605314954e-16 4.06167632355856e-17
1.04962962962964e-07 0.00169067848766108 -0.0012647806319521 -363463.744203096 117966.658900145 1.34276809483267e-16 4.0706073437395e-17
1.05232098765433e-07 0.00159408515432155 -0.00122904056745699 -353193.016354104 147271.81727589 1.34278013662352e-16 4.08210002930915e-17
1.05501234567902e-07 0.00150056104372451 -0.00118552033130395 -340686.477606454 175694.964050895 1.34279217852209e-16 4.09608579344393e-17
1.05770370370371e-07 0.00141069871283198 -0.00113448057426054 -326019.031940733 203065.814381577 1.34280422052838e-16 4.1124811132119e-17
1.0603950617284e-07 0.00132506878697287 -0.00107622699725686 -309278.529535742 229220.385982518 1.3428162626424e-16 4.13118802980701e-17
1.0630864197531e-07 0.00124421654115327 -0.0010111085204001 -290565.240592796 254001.98156541 1.34282830486414e-16 4.15209473527013e-17
1.06577777777779e-07 0.00116865863320449 -0.000939515193055897 -269991.254749639 277262.127643946 1.34284034719361e-16 4.17507624218252e-17
1.06846913580248e-07 0.0010988800083412 -0.000861875857514507 -247679.809681288 298861.464080083 1.3428523896308e-16 4.19999513232071e-17
1.07116049382717e-07 0.00103533099367542 -0.000778655580235969 -223764.552909375 318670.579042149 1.34286443217571e-16 4.22670237978823e-17
1.07385185185186e-07 0.000978424600093984 -0.000690352866061115 -198388.74124174 336570.784372263 1.34287647482836e-16 4.25503824369391e-17
1.07654320987655e-07 0.000928534047665471 -0.000597496672075514 -171704.382637699 352454.826717465 1.34288851758873e-16 4.28483322502924e-17
1.07923456790124e-07 0.000885990529403135 -0.000500643239013857 -143871.325639364 366227.530163759 1.34290056045684e-16 4.3159090820132e-17
1.08192592592593e-07 0.000851081226782914 -0.000400372759185528 -115056.301823577 377806.366522561 1.34291260343267e-16 4.34807989782217e-17
1.08461728395063e-07 0.000824047588907322 -0.000297285900881648 -85431.9270105056 387121.949852453 1.34292464651624e-16 4.38115319430895e-17
1.08730864197532e-07 0.000805083885626751 -0.000192000210083815 -55175.6672120564 394118.452252989 1.34293668970754e-16 4.41493108503921e-17
1.09000000000001e-07 0.00079433604328857 -8.51464110300623e-05 -24468.7755145933 398753.938438907 1.34294873300657e-16 4.4492114607381e-17
