0 -0.00139 0 0 400000 1.33808e-16 4.46026666666667e-17
1.82885906040268e-10 -0.0013880776327383 7.32504807791923e-05 21050.2069181673 400498.692899641 1.33808255865058e-16 4.48374757956282e-17
3.65771812080537e-10 -0.00138230308263478 0.000146490999889593 42097.551122164 399890.372643266 1.33808511730604e-16 4.50722530035809e-17
5.48657718120805e-10 -0.00137268219345413 0.000219519113985134 63083.8558699598 398176.71857079 1.33808767596638e-16 4.53063495810667e-17
7.31543624161074e-10 -0.00135923144059647 0.000292132966440014 83951.113027058 395362.465266581 1.3380902346316e-16 4.55391186987138e-17
9.14429530201342e-10 -0.00134197788557809 0.000364131845299526 104641.643406475 391455.389478475 1.3380927933017e-16 4.57699171951346e-17
1.09731543624161e-09 -0.00132095910125129 0.000435316738067991 125098.256199785 386466.288627957 1.33809535197669e-16 4.5998107354688e-17
1.28020134228188e-09 -0.00129622306796961 0.000505490881800285 145264.407058546 380408.950970882 1.33809791065655e-16 4.62230586701925e-17
1.46308724832215e-09 -0.0012678280409858 0.000574460306976459 165084.354389158 373300.117491214 1.33810046934129e-16 4.64441495857184e-17
1.64597315436242e-09 -0.00123584238944863 0.000642034373656123 184503.313429124 365159.435633084 1.33810302803092e-16 4.66607692146409e-17
1.82885906040268e-09 -0.00120034440744381 0.00070802629843059 203467.607678852 356009.404999047 1.33810558672542e-16 4.6872319028205e-17
2.01174496644295e-09 -0.00116142209760105 0.000772253670716238 221924.817270398 345875.315164613 1.3381081454248e-16 4.70782145099366e-17
2.19463087248322e-09 -0.00111917292786548 0.00083453895696197 239823.923863052 334785.175780926 1.33811070412907e-16 4.72778867713246e-17
2.37751677852349e-09 -0.0010737035621056 0.000894709991377085 257115.451665257 322769.639158782 1.33811326283822e-16 4.74707841243092e-17
2.56040268456376e-09 -0.00102512956530237 0.000952600451823119 273751.604193053 309861.915547941 1.33811582155224e-16 4.76563736062301e-17
2.74328859060403e-09 -0.000973575084134308 0.00100805031955422 289686.39638702 296097.681345923 1.33811838027115e-16 4.78341424530178e-17
2.92617449664429e-09 -0.000919172503841317 0.00106090632153524 304875.781722545 281514.980489961 1.33812093899494e-16 4.80035995165587e-17
3.10906040268456e-09 -0.000862062082315826 0.00111102235411497 319277.773962036 266154.119304683 1.3381234977236e-16 4.81642766223128e-17
3.29194630872483e-09 -0.000802391562432466 0.00115825988688331 332852.563212563 250057.555096151 1.33812605645715e-16 4.83157298634339e-17
3.4748322147651e-09 -0.000740315763687868 0.00120248834559614 345562.625968098 233269.778800186 1.33812861519558e-16 4.84575408278143e-17
3.65771812080537e-09 -0.000675996154279266 0.00124358547310934 357372.828832199 215837.192009326 1.33813117393889e-16 4.85893177546612e-17
3.84060402684564e-09 -0.000609600404804677 0.00128143766732432 368250.525634407 197807.978718336 1.33813373268708e-16 4.871069661741e-17
4.0234899328859e-09 -0.000541301924818247 0.00131594029521085 378165.647671916 179231.972142746 1.33813629144015e-16 4.88213421299786e-17
4.20637583892617e-09 -0.000471279383521722 0.00134699798203918 387090.786827068 160160.516978546 1.3381388501981e-16 4.89209486735831e-17
4.38926174496644e-09 -0.000399716215916873 0.00137452487502202 395001.271330911 140646.327483747 1.33814140896093e-16 4.90092411415516e-17
4.57214765100671e-09 -0.000326800115783879 0.00139844488063736 401875.233963384 120743.341774086 1.33814396772864e-16 4.90859756998025e-17
4.75503355704698e-09 -0.000252722516887105 0.00141869187497649 407693.672501613 100506.572735597 1.33814652650124e-16 4.91509404608826e-17
4.93791946308725e-09 -0.000177678063842232 0.00143520988653528 412440.502249221 79991.9559661351 1.33814908527871e-16 4.9203956069704e-17
5.12080536912752e-09 -0.000101864074107309 0.00144795325094386 416102.60050142 59256.1951661579 1.33815164406107e-16 4.924487619936e-17
5.30369127516779e-09 -2.54799925847944e-05 0.00145688673720663 418669.842822992 38356.6054061044 1.3381542028483e-16 4.92735879556483e-17
5.48657718120806e-09 5.12731596578817e-05 0.00146198564510378 420135.131038851 17350.9547035943 1.33815676164042e-16 4.92900121891844e-17
5.66946308724832e-09 0.000128193341025472 0.001463235873485 420494.412859799 -3702.69565166091 1.33815932043741e-16 4.92941037142424e-17
5.85234899328859e-09 0.000205078047853955 0.00146063395926652 419746.693089229 -24746.1515838816 1.33816187923929e-16 4.92858514337166e-17
6.03523489932886e-09 0.000281724874147841 0.00145418708702367 417894.036379767 -45721.2470845827 1.33816443804605e-16 4.92652783698602e-17
6.21812080536913e-09 0.000357932071048581 0.00144391306915242 414941.561532225 -66570.0049886623 1.33816699685769e-16 4.92324416007148e-17
6.4010067114094e-09 0.000433499104487663 0.00142984029665453 410897.427352603 -87234.797228817 1.3381695556742e-16 4.91874321024066e-17
6.58389261744967e-09 0.000508227209482975 0.00141200766068253 405772.810106222 -107658.504125326 1.3381721144956e-16 4.91303744977446e-17
6.76677852348994e-09 0.000581919939546323 0.00139046444506113 399581.872631282 -127784.672270909 1.33817467332188e-16 4.90614267118167e-17
6.94966442953021e-09 0.000654383709683461 0.00136527019008211 392341.725197217 -147557.670574251 1.33817723215304e-16 4.89807795355339e-17
7.13255033557047e-09 0.000725428331485745 0.00133649452794923 384072.378215998 -166922.84403087 1.33817979098909e-16 4.88886560983301e-17
7.31543624161074e-09 0.000794867538834333 0.0013042169903279 374796.68693711 -185826.66479628 1.33818234983001e-16 4.87853112514737e-17
7.49832214765101e-09 0.00086251950276383 0.00126852678853138 364540.288279022 -204216.880143886 1.33818490867581e-16 4.86710308636971e-17
7.68120805369128e-09 0.000928207334062233 0.00122952256695124 353331.529971769 -222042.656898606 1.3381874675265e-16 4.85461310310885e-17
7.86409395973155e-09 0.000991759572217909 0.00118731213041347 341201.392206469 -239254.72194701 1.33819002638206e-16 4.84109572034323e-17
8.04697986577182e-09 0.0010530106593621 0.00114201214621381 328183.402008328 -255805.498435578 1.33819258524251e-16 4.82658832294111e-17
8.22986577181209e-09 0.00111180139789688 0.00109374782165579 314313.540569814 -271649.237280599 1.33819514410783e-16 4.81113103233083e-17
8.41275167785236e-09 0.00116797939054368 0.00104265255798291 299630.143800112 -286742.143626208 1.33819770297804e-16 4.79476659560685e-17
8.59563758389262e-09 0.0012213994615959 0.000988867581661343 284173.796365742 -301042.497900998 1.33820026185313e-16 4.77754026737799e-17
8.77852348993289e-09 0.00127192405821129 0.000932541554032264 267987.219515214 -314510.771138597 1.3382028207331e-16 4.75949968468443e-17
8.96140939597316e-09 0.00131942363063482 0.000873830160412869 251115.152997758 -327109.734243433 1.33820537961795e-16 4.7406947353292e-17
9.14429530201343e-09 0.00136377699030103 0.000812895679781655 233604.231402517 -338804.560899663 1.33820793850768e-16 4.72117741998817e-17
9.3271812080537e-09 0.00140487164482595 0.000749906536237424 215502.855260002 -349562.923838802 1.33821049740229e-16 4.70100170847956e-17
9.51006711409397e-09 0.00144260410896271 0.000685036833471779 196861.057262074 -359355.084199934 1.33821305630178e-16 4.68022339059031e-17
9.69295302013424e-09 0.00147688019066116 0.000618465873541823 177730.363970233 -368153.973735524 1.33821561520616e-16 4.6588999218716e-17
9.87583892617451e-09 0.00150761525144079 0.000550377661273196 158163.65339446 -375935.269635554 1.33821817411541e-16 4.63709026482975e-17
1.00587248322148e-08 0.00153473444035731 0.0004809603956633 138215.008836256 -382677.461763182 1.33822073302955e-16 4.6148547259515e-17
1.0241610738255e-08 0.00155817290091598 0.00041040594969048 117939.569399872 -388361.912116037 1.33822329194856e-16 4.59225478901403e-17
1.04244966442953e-08 0.00157787595035982 0.00033890933996701 97393.3775849233 -392972.906348806 1.33822585087246e-16 4.56935294514056e-17
1.06073825503356e-08 0.00159379923083702 0.000266668187701777 76633.2243816429 -396497.697214657 1.33822840980124e-16 4.54621252007128e-17
1.07902684563758e-08 0.00160590883202968 0.000193882172462606 55716.4922969483 -398926.539805425 1.3382309687349e-16 4.5228974991269e-17
1.09731543624161e-08 0.00161418138490493 0.000120752480248045 34700.9967452022 -400252.718493141 1.33823352767344e-16 4.4994723503488e-17
1.11560402684564e-08 0.00161860412632909 4.74812473942036e-05 13644.8262420768 -400472.565498395 1.33823608661686e-16 4.47600184630452e-17
1.13389261744967e-08 0.00161917493436633 -2.57289981463044e-05 -7393.81815676374 -399585.471034227 1.33823864556516e-16 4.45255088505119e-17
1.15218120805369e-08 0.00161590233416422 -9.86758966089328e-05 -28356.783728357 -397593.884997462 1.33824120451834e-16 4.42918431075177e-17
1.17046979865772e-08 0.00160880547440974 -0.000171157815757963 -49186.1268218479 -394503.310202812 1.3382437634764e-16 4.40596673443986e-17
1.18875838926175e-08 0.0015979140744209 -0.000242974408217374 -69824.2730203058 -390322.28717843 1.33824632243935e-16 4.38296235542865e-17
1.20704697986577e-08 0.00158326834202003 -0.000313927165251311 -90214.1762822525 -385062.370564922 1.33824888140717e-16 4.36023478385745e-17
1.2253355704698e-08 0.00156491886241576 -0.000383819965463441 -110299.476623017 -378738.097183041 1.33825144037988e-16 4.3378468648665e-17
1.24362416107383e-08 0.00154292645840083 -0.000452459616898537 -130024.655900067 -371366.945858301 1.33825399935747e-16 4.31586050488593e-17
1.26191275167785e-08 0.00151736202225199 -0.000519656391047866 -149335.191271713 -362969.289113562 1.33825655833994e-16 4.29433650051908e-17
1.28020134228188e-08 0.00148830631979658 -0.000585224547282307 -168177.705905007 -353568.336863077 1.33825911732729e-16 4.27333437049314e-17
1.29848993288591e-08 0.00145584976718747 -0.000648982846263628 -186500.116516248 -343190.072263627 1.33826167631952e-16 4.25291219114167e-17
1.31677852348993e-08 0.00142009218100313 -0.000710755050914768 -204251.777336299 -331863.179900055 1.33826423531663e-16 4.23312643587363e-17
1.33506711409396e-08 0.00138114250236364 -0.000770370413564372 -221383.620102745 -319618.966503664 1.33826679431862e-16 4.21403181907284e-17
1.35335570469799e-08 0.00133911849582512 -0.00082766414791906 -237848.289691962 -306491.27442262 1.33826935332549e-16 4.19568114485913e-17
1.37164429530202e-08 0.00129414642388481 -0.000882477884558806 -253600.275016164 -292516.388083522 1.33827191233725e-16 4.17812516112948e-17
1.38993288590604e-08 0.00124636069799651 -0.000934660108696382 -268596.03482363 -277732.933702669 1.33827447135389e-16 4.16141241928228e-17
1.40822147651007e-08 0.00119590350706086 -0.000984066578990815 -282794.118054362 -262181.772524217 1.3382770303754e-16 4.14558914001286e-17
1.4265100671141e-08 0.00114292442441734 -0.00103056072625719 -296155.2784185 -245905.887880322 1.3382795894018e-16 4.13069908555082e-17
1.44479865771812e-08 0.00108757999442437 -0.00107401403097071 -308642.582880774 -228950.266385422 1.33828214843308e-16 4.11678343869268e-17
1.46308724832215e-08 0.00103003329976997 -0.00111430637852145 -320221.513751117 -211361.773593045 1.33828470746924e-16 4.10388068896406e-17
1.48137583892618e-08 0.000970453510709184 -0.00115132639123789 -330860.064099249 -193189.024458821 1.33828726651028e-16 4.09202652622601e-17
1.4996644295302e-08 0.000909015417474004 -0.00118497173626142 -340528.826229472 -174482.248967749 1.33828982555621e-16 4.08125374201974e-17
1.51795302013423e-08 0.00084589894714829 -0.00121514940842073 -349201.072971127 -155293.153297114 1.33829238460701e-16 4.07159213892236e-17
1.53624161073826e-08 0.000781288666343072 -0.00124177598732416 -356852.831559986 -135674.776898822 1.33829494366269e-16 4.06306844816416e-17
1.55453020134228e-08 0.000715373271046817 -0.00126477786795944 -363462.949906365 -115681.345896166 1.33829750272326e-16 4.05570625573528e-17
1.57281879194631e-08 0.000648345065060773 -0.00128409146416319 -369013.155066768 -95368.1232002441 1.33830006178871e-16 4.04952593718591e-17
1.59110738255034e-08 0.000580399428460985 -0.00129966338439785 -373488.103757425 -74791.2557603298 1.33830262085904e-16 4.04454460130034e-17
1.60939597315436e-08 0.000511734277556209 -0.00131145057935014 -376875.424770081 -54007.6193703766 1.33830517993425e-16 4.04077604280053e-17
1.62768456375839e-08 0.000442549517834423 -0.00131942046094289 -379165.753172791 -33074.661460643 1.33830773901434e-16 4.03823070420992e-17
1.64597315436242e-08 0.000373046491410017 -0.00132355099243137 -380352.756201162 -12050.2423089623 1.33831029809931e-16 4.03691564698299e-17
1.66426174496644e-08 0.000303427420498978 -0.00132383074933492 -380433.150768458 9007.52488943906 1.33831285718916e-16 4.03683453198033e-17
1.68255033557047e-08 0.000233894848460326 -0.0013202589510355 -379406.712546169 30040.4346515131 1.3383154162839e-16 4.03798760934318e-17
1.7008389261745e-08 0.000164651079948813 -0.00131284546295566 -377276.2765899 50990.3500913613 1.33831797538351e-16 4.04037171779553e-17
1.71912751677853e-08 9.58976217263654e-05 -0.00130161076930998 -374047.729508868 71799.3636159027 1.33832053448801e-16 4.04398029337568e-17
1.73741610738255e-08 2.78346256778956e-05 -0.00128658591650508 -369729.993200606 92409.9569870636 1.33832309359739e-16 4.04880338757308e-17
1.75570469798658e-08 -3.93396644289424e-05 -0.00126781242734478 -364335.000195829 112765.16030806 1.33832565271165e-16 4.05482769482047e-17
1.77399328859061e-08 -0.000105429460910847 -0.00124534218627732 -357877.660681606 132808.70949432 1.33832821183079e-16 4.06203658926526e-17
1.79228187919463e-08 -0.000170241973348174 -0.00121923729600186 -350375.821293945 152485.201793778 1.33833077095481e-16 4.07041017071854e-17
1.81057046979866e-08 -0.000233587941480566 -0.00118956990583062 -341850.215793701 171740.248926662 1.33833333008372e-16 4.07992531965469e-17
1.82885906040269e-08 -0.000295282158345928 -0.00115642201228088 -332324.407762125 190520.627421491 1.3383358892175e-16 4.09055576110972e-17
1.84714765100671e-08 -0.000355143982216717 -0.0011198852324481 -321824.725474413 208774.425731714 1.33833844835617e-16 4.10227213730156e-17
1.86543624161074e-08 -0.000412997835918499 -0.00108006055078639 -310380.189131284 226451.18772636 1.33834100749972e-16 4.11504208877173e-17
1.88372483221477e-08 -0.00046867369215058 -0.00103705803999641 -298022.430649692 243502.052158058 1.33834356664814e-16 4.12883034382403e-17
1.90201342281879e-08 -0.00052200754346721 -0.000990996556791903 -284785.606234364 259879.887722926 1.33834612580145e-16 4.14359881601312e-17
1.92030201342282e-08 -0.000572841855620278 -0.000942003413385898 -270706.30197182 275539.423338997 1.33834868495965e-16 4.15930670941345e-17
1.93859060402685e-08 -0.00062102600301037 -0.000890214025604533 -255823.432707805 290437.373283077 1.33835124412272e-16 4.17591063137768e-17
1.95687919463087e-08 -0.000666416685042537 -0.000835771538601086 -240178.134487623 304532.55684013 1.33835380329067e-16 4.19336471247291e-17
1.9751677852349e-08 -0.000708878322235891 -0.000778826431204748 -223813.650856675 317786.012134465 1.33835636246351e-16 4.21162073326312e-17
1.99345637583893e-08 -0.000748283430992113 -0.000719536099997708 -206775.213335465 330161.103828062 1.33835892164123e-16 4.23062825758749e-17
2.01174496644296e-08 -0.000784512975986927 -0.000658064424270156 -189109.916399434 341623.62438836 1.33836148082383e-16 4.25033477196629e-17
2.03003355704698e-08 -0.00081745669921047 -0.000594581313055674 -170866.587309184 352141.888645549 1.33836404001131e-16 4.27068583074879e-17
2.04832214765101e-08 -0.000847013424747007 -0.000529262235499014 -152095.651150877 361686.821378025 1.33836659920367e-16 4.29162520660225e-17
2.06661073825504e-08 -0.000873091338451509 -0.000462287735854337 -132848.991459851 370232.037683867 1.33836915840091e-16 4.31309504592587e-17
2.08489932885906e-08 -0.000895608241749992 -0.000393842934454473 -113179.806812679 377753.915916197 1.33837171760303e-16 4.33503602876019e-17
2.10318791946309e-08 -0.000914491778862053 -0.000324117016030541 -93142.4637840727 384231.662980785 1.33837427681004e-16 4.35738753274997e-17
2.12147651006712e-08 -0.000929679636817471 -0.000253302706796225 -72792.3466750412 389647.371815412 1.33837683602193e-16 4.38008780070731e-17
2.13976510067114e-08 -0.000941119717713973 -0.000181595741742094 -52185.7044276905 393986.070892094 1.3383793952387e-16 4.40307411131182e-17
2.15805369127517e-08 -0.000948770282739961 -0.000109194323612362 -31379.4951497776 397235.765605318 1.33838195446035e-16 4.42628295247614e-17
2.1763422818792e-08 -0.000952600067564077 -3.62985750595372e-05 -10431.2286787741 399387.471431879 1.33838451368688e-16 4.44965019689751e-17
2.19463087248322e-08 -0.000952588368772575 3.68900145087771e-05 10601.1923794024 400435.238770647 1.33838707291829e-16 4.47311127931016e-17
2.21291946308725e-08 -0.000948725101115554 0.00011016914586197 31659.6326976051 400376.169393583 1.33838963215459e-16 4.49660137494863e-17
2.23120805369128e-08 -0.000941010825403736 0.000183336269117994 52685.8849182439 399210.424462519 1.33839219139576e-16 4.52005557872871e-17
2.24949664429531e-08 -0.000929456746978642 0.000256189143608826 73621.8305434761 396941.224089532 1.33839475064182e-16 4.54340908465074e-17
2.26778523489933e-08 -0.000914084684760335 0.000328526396892301 94409.6005800866 393574.838442094 1.33839730989276e-16 4.56659736492937e-17
2.28607382550336e-08 -0.000894927010958224 0.000400148081365157 114991.735495023 389120.570417595 1.33839986914858e-16 4.58955634835458e-17
2.30436241610739e-08 -0.000872026561611514 0.000470856226938767 135311.344039452 383590.729935087 1.33840242840928e-16 4.6122225973912e-17
2.32265100671141e-08 -0.000845436518206538 0.000540455388249883 155312.260502325 377000.599915303 1.33840498767487e-16 4.63453348352701e-17
2.34093959731544e-08 -0.000815220260698114 0.000608753184893878 174939.199958801 369368.394042977 1.33840754694533e-16 4.65642736038517e-17
2.35922818791947e-08 -0.000781451192341154 0.000675560833187181 194137.91108439 360715.20642818 1.33841010622068e-16 4.6778437341221e-17
2.37751677852349e-08 -0.000744212536816635 0.000740693667989079 212855.326112418 351064.953305814 1.33841266550091e-16 4.69872343064011e-17
2.39580536912752e-08 -0.000703597108212658 0.000803971653140491 231039.707520332 340444.306934391 1.33841522478602e-16 4.7190087591524e-17
2.41409395973155e-08 -0.000659707054496318 0.0008652198791088 248640.791039361 328882.621876787 1.33841778407601e-16 4.73864367164832e-17
2.43238255033557e-08 -0.000612653575185423 0.000924269046463179 265609.924592246 316411.853866725 1.33842034337088e-16 4.75757391781827e-17
2.4506711409396e-08 -0.000562556614000366 0.000980955933844015 281900.202774999 303066.471485246 1.33842290267064e-16 4.77574719500977e-17
2.46895973154363e-08 -0.000509544527345672 0.00103512384913291 297466.596510954 288883.360891261 1.33842546197528e-16 4.7931132928004e-17
2.48724832214765e-08 -0.000453753729537485 0.00108662306257609 312266.077518728 273901.723869536 1.33842802128479e-16 4.80962423178786e-17
2.50553691275168e-08 -0.000395328315757608 0.00113531122066415 326257.737250047 258162.969477877 1.33843058059919e-16 4.8252343962136e-17
2.52382550335571e-08 -0.000334419663776218 0.00118105373962383 339402.899968665 241710.59959301 1.33843313991848e-16 4.83990066005331e-17
2.54211409395974e-08 -0.000271186015544097 0.00122372417743445 351665.229657805 224590.088671507 1.33843569924264e-16 4.8535825062259e-17
2.56040268456376e-08 -0.000205792039810861 0.00126320458334046 363010.830460616 206848.758058096 1.33843825857168e-16 4.86624213859123e-17
2.57869127516779e-08 -0.000138408376978106 0.00129938582389401 373408.340375998 188535.645188764 1.33844081790561e-16 4.8778445864273e-17
2.59697986577182e-08 -6.92111674455144e-05 0.00133216788462637 382829.017950801 169701.368050184 1.33844337724442e-16 4.88835780109774e-17
2.61526845637584e-08 1.61843524643652e-06 0.00136146014651424 391246.821728767 150397.985270101 1.33844593658811e-16 4.89775274464272e-17
2.63355704697987e-08 7.38947651314488e-05 0.00138718163647675 398638.482236585 130678.85222539 1.33844849593668e-16 4.90600347004822e-17
2.6518456375839e-08 0.00014742815700609 0.00140926125121061 404983.566308079 110598.473565508 1.33845105529014e-16 4.91308719297171e-17
2.67013422818792e-08 0.000222025470673702 0.00142763795374491 410264.533568711 90212.352558974 1.33845361464847e-16 4.91898435472626e-17
2.68842281879195e-08 0.000297490624794504 0.00144226094217184 414466.78492426 69576.8376792907 1.33845617401169e-16 4.92367867634851e-17
2.70671140939598e-08 0.000373625138866292 0.00145308979008732 417578.702919629 48748.9668543478 1.33845873337979e-16 4.92715720360154e-17
2.725e-08 0.000450228681837675 0.0014600945583529 419591.683856216 27786.3098098193 1.33846129275277e-16 4.92941034278783e-17
2.74328859060403e-08 0.000527099625837435 0.00146325587787026 420500.16157905 6746.80894232051 1.33846385213063e-16 4.93043188727351e-17
2.76157718120806e-08 0.000604035603489478 0.00146256500313925 420301.622867936 -14311.3808378329 1.33846641151337e-16 4.93021903465052e-17
2.77986577181208e-08 0.000680834067272895 0.00145802383645152 418996.614390043 -35330.0528515785 1.338468970901e-16 4.92877239448919e-17
2.79815436241611e-08 0.000757292849381033 0.00144964492265273 416588.741194703 -56251.1095394605 1.33847153029351e-16 4.92609598665987e-17
2.81644295302014e-08 0.000833210720532069 0.00143745141448776 413084.656754564 -77016.7230486741 1.3384740896909e-16 4.92219723022812e-17
2.83473154362417e-08 0.000908387946186481 0.0014214770086247 408494.04458062 -97569.4950749226 1.33847664909317e-16 4.91708692295426e-17
2.85302013422819e-08 0.000982626838633981 0.00140176585253436 402829.591461895 -117852.615517269 1.33847920850032e-16 4.91077921145385e-17
2.87130872483222e-08 0.00105573230342388 0.00137837242248268 396106.952403758 -137810.019507444 1.33848176791236e-16 4.90329155210154e-17
2.88959731543625e-08 0.0011275123786285 0.00135136137297314 388344.707361754 -157386.542379564 1.33848432732928e-16 4.89464466278643e-17
2.90788590604027e-08 0.00119777876544905 0.00132080735805538 379564.309890529 -176528.072151904 1.33848688675107e-16 4.88486246565218e-17
2.9261744966443e-08 0.00126634734869724 0.00128679482499382 369790.027849771 -195181.699099249 1.33848944617775e-16 4.8739720209802e-17
2.94446308724833e-08 0.00133303870571412 0.00124941778086655 359048.876331052 -213295.862002387 1.33849200560932e-16 4.8620034523986e-17
2.96275167785235e-08 0.00139767860231924 0.00120877953273967 347370.542990942 -230820.490670492 1.33849456504576e-16 4.84898986362364e-17
2.98104026845638e-08 0.00146009847441936 0.00116499240213502 334787.305996781 -247707.144342436 1.33849712448709e-16 4.83496724696377e-17
2.99932885906041e-08 0.00152013589394543 0.00111817741458069 321333.944811881 -263909.145584488 1.3384996839333e-16 4.81997438383923e-17
3.01761744966443e-08 0.00157763501783001 0.00106846396510229 307047.644066763 -279381.709314259 1.33850224338439e-16 4.804052737592e-17
3.03590604026846e-08 0.00163244701878393 0.00101598946057952 291967.890782107 -294082.066594282 1.33850480284036e-16 4.78724633888263e-17
3.05419463087249e-08 0.0016844304966816 0.000960898939956551 276136.365227499 -307969.582853009 1.33850736230121e-16 4.76960166399039e-17
3.07248322147651e-08 0.00173345186941771 0.000903344673356026 259596.825717629 -321005.870206466 1.33850992176695e-16 4.75116750635337e-17
3.09077181208054e-08 0.00177938574215501 0.000843485741204657 242394.987664373 -333154.893570071 1.33851248123757e-16 4.73199484170351e-17
3.10906040268457e-08 0.00182211525394244 0.000781487594533716 224578.397219045 -344383.07026731 1.33851504071307e-16 4.71213668716928e-17
3.12734899328859e-08 0.00186153240074551 0.000717521597669788 206196.299854095 -354659.362859929 1.33851760019345e-16 4.69164795473547e-17
3.14563758389262e-08 0.00189753833399594 0.000651764554579764 187299.504247464 -363955.364943035 1.33852015967871e-16 4.67058529946525e-17
3.16392617449665e-08 0.00193004363383541 0.000584398220179282 167940.241845853 -372245.379667952 1.33852271916886e-16 4.64900696290378e-17
3.18221476510068e-08 0.00195896855629803 0.000515608797955374 148172.022495055 -379506.490775771 1.33852527866389e-16 4.62697261209645e-17
3.2005033557047e-08 0.00198424325374819 0.00044558642529191 128049.486536416 -385718.625945234 1.3385278381638e-16 4.60454317466653e-17
3.21879194630873e-08 0.00200580796796453 0.000374524647920406 107628.253778203 -390864.612279852 1.33853039766859e-16 4.58178067040825e-17
3.23708053691276e-08 0.00202361319533628 0.00030261988494887 86964.7697593705 -394930.223780844 1.33853295717826e-16 4.55874803986056e-17
3.25536912751678e-08 0.00203761982371518 0.000230070885947343 66116.1497306284 -397904.220674695 1.33853551669282e-16 4.5355089703357e-17
3.27365771812081e-08 0.00204779924054477 0.00015707818159081 45140.0207840716 -399778.380486583 1.33853807621226e-16 4.51212771988315e-17
3.29194630872484e-08 0.00205413341196809 8.38435293779258e-05 24094.3625677348 -400547.520773792 1.33854063573658e-16 4.48866893967579e-17
3.31023489932886e-08 0.00205661493269502 1.05693559576333e-05 3037.347025347 -400209.513456241 1.33854319526578e-16 4.465197495309e-17
3.32852348993289e-08 0.00205524704649149 -6.25418023948712e-05 -17972.8223957428 -398765.290704515 1.33854575479986e-16 4.4417782875068e-17
3.34681208053692e-08 0.00205004363723367 -0.000135287859606258 -38878.0716240252 -396218.842369102 1.33854831433883e-16 4.41847607273054e-17
3.36510067114094e-08 0.00204102919055202 -0.000207467738389853 -59620.6164859902 -392577.204957916 1.33855087388268e-16 4.39535528418595e-17
3.38338926174497e-08 0.00202823872617105 -0.000278881926043115 -80143.1224272895 -387850.442192579 1.33855343343141e-16 4.37247985372344e-17
3.401677852349e-08 0.00201171770113177 -0.000349333025921528 -100388.862991416 -382051.617197168 1.33855599298502e-16 4.34991303512378e-17
3.41996644295302e-08 0.00199152188416429 -0.000418626303064562 -120301.876617848 -375196.756396297 1.33855855254352e-16 4.32771722925772e-17
3.43825503355705e-08 0.00196771720155771 -0.000486570222465557 -139827.121326256 -367304.805222302 1.3385611121069e-16 4.30595381160279e-17
3.45654362416108e-08 0.0019403795549534 -0.000552976978497659 -158910.626859193 -358397.575753943 1.33856367167515e-16 4.28468296259406e-17
3.47483221476511e-08 0.00190959461156507 -0.000617663014032445 -177499.64386275 -348499.686431345 1.3385662312483e-16 4.26396350127776e-17
3.49312080536913e-08 0.00187545756740564 -0.000680449527816295 -195542.789692802 -337638.49401378 1.33856879082632e-16 4.24385272272761e-17
3.51140939597316e-08 0.00183807288417508 -0.000741162968702076 -212990.190443824 -325844.017968373 1.33857135040922e-16 4.22440623967319e-17
3.52969798657719e-08 0.00179755400053666 -0.000799635515370008 -229793.618807694 -313148.857498693 1.33857390999701e-16 4.20567782877821e-17
3.54798657718121e-08 0.00175402301857951 -0.00085570554021169 -245906.627381413 -299588.101442571 1.33857646958968e-16 4.18771928199351e-17
3.56627516778524e-08 0.00170761036633404 -0.000909218056095032 -261284.677055266 -285199.231288167 1.33857902918723e-16 4.17058026339569e-17
3.58456375838927e-08 0.00165845443727312 -0.000960025144775186 -275885.260126534 -270022.017576361 1.33858158878967e-16 4.15430817190714e-17
3.60285234899329e-08 0.00160670120779541 -0.00100798636576724 -289668.017798448 -254098.409975797 1.33858414839699e-16 4.13894801027683e-17
3.62114093959732e-08 0.00155250383374799 -0.00105296914455053 -302594.851739603 -237472.421334411 1.33858670800918e-16 4.12454226068418e-17
3.63942953020135e-08 0.00149602222710364 -0.00109484913903141 -314630.029395456 -220190.006027933 1.33858926762627e-16 4.11113076730966e-17
3.65771812080537e-08 0.00143742261396283 -0.00113351058325162 -325740.282760805 -202298.932941594 1.33859182724823e-16 4.09875062619695e-17
3.6760067114094e-08 0.0013768770751019 -0.00116884660739205 -335894.900340226 -183848.653436128 1.33859438687507e-16 4.08743608271087e-17
3.69429530201343e-08 0.00131456307033769 -0.00120075953318745 -345065.812042257 -164890.164663014 1.3385969465068e-16 4.07721843687475e-17
3.71258389261745e-08 0.00125066294802301 -0.00122916114393538 -353227.666772679 -145475.868606742 1.33859950614341e-16 4.06812595684872e-17
3.73087248322148e-08 0.00118536344102885 -0.00125397292835312 -360357.902512381 -125659.427243741 1.3386020657849e-16 4.06018380078821e-17
3.74916107382551e-08 0.00111885515060646 -0.00127512629760829 -366436.808686119 -105495.614218288 1.33860462543128e-16 4.05341394729866e-17
3.76744966442954e-08 0.00105133201955583 -0.00129256277492355 -371447.580649739 -85040.1634453942 1.33860718508254e-16 4.04783513467862e-17
3.78573825503356e-08 0.000982990796156898 -0.00130623415723079 -375376.366145254 -64349.6150591222 1.33860974473868e-16 4.04346280911922e-17
3.80402684563759e-08 0.000914030490345089 -0.0013161026484284 -378212.303595359 -43481.1591321518 1.3386123043997e-16 4.04030908200326e-17
3.82231543624162e-08 0.000844651823634434 -0.00132214096387288 -379947.552131495 -22492.4775985575 1.3386148640656e-16 4.03838269642191e-17
3.84060402684564e-08 0.000775056674308658 -0.00132433240581605 -380577.313272475 -1441.58481673668 1.33861742373639e-16 4.0376890030016e-17
3.85889261744967e-08 0.000705447519413809 -0.00132267090957935 -380099.844193718 19613.3327868174 1.33861998341206e-16 4.03822994510791e-17
3.8771812080537e-08 0.000636026875094781 -0.00131716106033745 -378516.462550399 40614.0775496598 1.33862254309261e-16 4.04000405346749e-17
3.89546979865772e-08 0.000566996736822708 -0.00130781808046465 -375831.54284117 61502.6014369018 1.33862510277804e-16 4.04300645022271e-17
3.91375838926175e-08 0.000498558021060467 -0.00129466778747927 -372052.504322483 82221.1664914425 1.33862766246836e-16 4.047228862408e-17
3.93204697986578e-08 0.000430910009909604 -0.00127774652270185 -367189.790506919 102712.504427423 1.33863022216356e-16 4.0526596448106e-17
3.9503355704698e-08 0.000364249800273705 -0.00125710105082464 -361256.840302149 122919.974925771 1.33863278186364e-16 4.05928381215254e-17
3.96862416107383e-08 0.000298771759060817 -0.00123278843066966 -354270.050870309 142787.722194295 1.3386353415686e-16 4.06708308050488e-17
3.98691275167786e-08 0.000234666985930765 -0.00120487585749266 -346248.732310429 162260.829359569 1.33863790127844e-16 4.07603591781986e-17
4.00520134228189e-08 0.00017212278507242 -0.00117344047726881 -337215.054289147 181285.470263861 1.33864046099317e-16 4.08611760344122e-17
4.02348993288591e-08 0.000111322147470972 -0.00113856917347329 -327193.984767233 199809.058247514 1.33864302071278e-16 4.09730029642816e-17
4.04177852348994e-08 5.24432450963051e-05 -0.00110035832694621 -316213.22099125 217780.391505527 1.33864558043727e-16 4.10955311250427e-17
4.06006711409397e-08 -4.34106158941646e-06 -0.00105891354950545 -304303.112941105 235149.794616555 1.33864814016665e-16 4.12284220941864e-17
4.07835570469799e-08 -5.88637014436102e-05 -0.00101434939204386 -291496.579445057 251869.255853111 1.33865069990091e-16 4.13713088048315e-17
4.09664429530202e-08 -0.000110963854453858 -0.000966789027917337 -277829.017194038 267892.559893439 1.33865325964005e-16 4.15237965602766e-17
4.11493288590605e-08 -0.000160487396270689 -0.000916363912499186 -263338.202906767 283175.415568211 1.33865581938407e-16 4.16854641249232e-17
4.13322147651007e-08 -0.000207287324233794 -0.000863213419841523 -248064.188916075 297675.578288941 1.33865837913297e-16 4.1855864888559e-17
4.1515100671141e-08 -0.000251224163714081 -0.000807484457448075 -232049.19246502 311352.966819696 1.33866093888676e-16 4.20345281007788e-17
4.16979865771813e-08 -0.000292166353648342 -0.000749331060223099 -215337.479018794 324169.774069336 1.33866349864543e-16 4.22209601721355e-17
4.18808724832215e-08 -0.000329990610200865 -0.000688913964718769 -197975.239914937 336090.571598023 1.33866605840898e-16 4.24146460384213e-17
4.20637583892618e-08 -0.000364582267546735 -0.00062640016485779 -180010.464690031 347082.407549124 1.33866861817742e-16 4.26150505843103e-17
4.22466442953021e-08 -0.000395835594834842 -0.000561962450359238 -161492.808435772 357114.897735809 1.33867117795074e-16 4.28216201224267e-17
4.24295302013423e-08 -0.000423654088454426 -0.000495778929143421 -142473.454551045 366160.309630545 1.33867373772894e-16 4.30337839237507e-17
4.26124161073826e-08 -0.000447950738797264 -0.000428032535035844 -123004.973269359 374193.63902534 1.33867629751202e-16 4.32509557951318e-17
4.27953020134229e-08 -0.000468648270778095 -0.000358910522131007 -103141.176352679 381192.679150805 1.33867885729999e-16 4.34725356995496e-17
4.29781879194632e-08 -0.000485679357448418 -0.000288603947213627 -82936.9683532837 387138.08206298 1.33868141709283e-16 4.36979114146431e-17
4.31610738255034e-08 -0.000498986806113156 -0.000217307141667895 -62448.1948547716 392013.412128231 1.33868397689056e-16 4.39264602249248e-17
4.33439597315437e-08 -0.000508523716435696 -0.000145217174334449 -41731.4881116805 395805.191458363 1.33868653669318e-16 4.41575506430019e-17
4.3526845637584e-08 -0.000514253610094236 -7.25333067997401e-05 -20844.1105143869 398502.937170344 1.33868909650067e-16 4.43905441550466e-17
4.37097315436242e-08 -0.000516150531630997 5.43557376581573e-07 156.203688046848 400099.190367645 1.33869165631305e-16 4.46247969856925e-17
4.38926174496645e-08 -0.000514199120215495 7.3811427973891e-05 21211.4079695862 400589.536763061 1.33869421613031e-16 4.48596618774766e-17
4.40755033557048e-08 -0.000508394652123458 0.000147067786427502 42263.3039724036 399972.618886 1.33869677595245e-16 4.50944898799101e-17
4.4258389261745e-08 -0.000498743053813905 0.000220110145607032 63253.7023720408 398250.139840488 1.33869933577948e-16 4.53286321432325e-17
4.44412751677853e-08 -0.000485260885568203 0.000292736609508955 84124.5837179086 395426.858603472 1.33870189561139e-16 4.55614417118901e-17
4.46241610738256e-08 -0.000467975295736255 0.000364746431316285 104818.258804547 391510.576876413 1.33870445544818e-16 4.57922753127826e-17
4.48070469798658e-08 -0.000446923945716233 0.000435940568282876 125277.528130364 386512.117526493 1.33870701528985e-16 4.60204951333341e-17
4.49899328859061e-08 -0.000422154905875171 0.000506122231908576 145445.840003094 380445.294677002 1.33870957513641e-16 4.62454705844749e-17
4.51728187919464e-08 -0.000393726522698032 0.000575097431884491 165267.446854956 373326.87552958 1.33871213498785e-16 4.6466580043659e-17
4.53557046979866e-08 -0.000361707257532427 0.00064267551230484 184687.559335432 365176.534023809 1.33871469484417e-16 4.6683212573102e-17
4.55385906040269e-08 -0.000326175497374632 0.000708669678663241 203652.497755753 356016.796462228 1.33871725470538e-16 4.68947696084877e-17
4.57214765100672e-08 -0.000287219338219874 0.000772897514176752 222109.840466458 345872.979251072 1.33871981457146e-16 4.71006666134768e-17
4.59043624161075e-08 -0.000244936341575661 0.000835181484010483 240008.568757909 334773.118928783 1.33872237444243e-16 4.73003346954443e-17
4.60872483221477e-08 -0.00019943326481113 0.000895349426009017 257299.207883232 322747.894675708 1.33872493431829e-16 4.74932221779795e-17
4.6270134228188e-08 -0.000150825766087696 0.000953235026578219 273933.963813874 309830.543519149 1.33872749419902e-16 4.76787961258013e-17
4.64530201342283e-08 -9.92380846865556e-05 0.001008678280402 289866.855349768 296056.768468136 1.33873005408464e-16 4.78565438178749e-17
4.66359060402685e-08 -4.4802697616602e-05 0.00106152593272329 305053.841218926 281464.639831822 1.33873261397514e-16 4.80259741646566e-17
4.68187919463088e-08 1.23400465481309e-05 0.00111163190296678 319452.941815145 266094.489994279 1.33873517387053e-16 4.81866190655509e-17
4.70016778523491e-08 7.20423155894306e-05 0.0011588576885323 333024.355237315 249988.801936498 1.33873773377079e-16 4.8338034702826e-17
4.71845637583893e-08 0.000134149202252067 0.00120307274764282 345730.567309576 233192.091813745 1.33874029367594e-16 4.84798027684114e-17
4.73674496644296e-08 0.000198499152407769 0.00124415486018877 357536.455278211 215750.785912817 1.33874285358597e-16 4.8611531620188e-17
4.75503355704699e-08 0.000264924411592561 0.0012819904655712 368409.384898632 197713.092329284 1.33874541350089e-16 4.87328573645727e-17
4.77332214765101e-08 0.000333251488683243 0.00131647497660987 378319.300644087 179128.867719419 1.33874797342069e-16 4.88434448624049e-17
4.79161073825504e-08 0.000403301635431379 0.00134751306864872 387238.808786736 160049.47949509 1.33875053334537e-16 4.89429886553569e-17
4.80989932885907e-08 0.000474891340529378 0.00137501894305936 395143.253121436 140527.663842538 1.33875309327493e-16 4.90312138103038e-17
4.82818791946309e-08 0.000547832836843025 0.00139891656441431 402010.783122912 120617.379957466 1.33875565320938e-16 4.91078766793218e-17
4.84647651006712e-08 0.000621934620408472 0.00141913987067431 407822.414347909 100373.66089934 1.33875821314871e-16 4.91727655732123e-17
4.86476510067115e-08 0.000697001979759143 0.00143563295580873 412562.080915354 79852.461477155 1.33876077309292e-16 4.92257013466908e-17
4.88305369127518e-08 0.00077283753411948 0.00144835022434418 416216.679919451 59110.5035871076 1.33876333304201e-16 4.92665378936223e-17
4.9013422818792e-08 0.000849241778977917 0.00145725651741417 418776.107652932 38205.119429682 1.33876589299599e-16 4.9295162550935e-17
4.91963087248323e-08 0.000926013637531093 0.00146232720996119 420233.287540325 17194.0930394972 1.33876845295485e-16 4.93114964100947e-17
4.93791946308726e-08 0.00100295101647507 0.00146354827882274 420584.189704016 -3864.49943405639 1.3387710129186e-16 4.93154945352794e-17
4.95620805369128e-08 0.00107985136460731 0.00146091634151275 419827.842109003 -24912.4502539165 1.33877357288722e-16 4.93071460876509e-17
4.97449664429531e-08 0.00115651223269541 0.00145443866559142 417966.333255512 -45891.5809864747 1.33877613286073e-16 4.92864743553789e-17
4.99278523489934e-08 0.00123273183306498 0.00144413314859731 415004.806412043 -66743.9033120115 1.33877869283912e-16 4.9253536689336e-17
5.01107382550336e-08 0.0013083095973601 0.00143002826859728 410951.445404741 -87411.7793099466 1.3387812528224e-16 4.92084243446398e-17
5.02936241610739e-08 0.00138304673093442 0.00141216300549069 405817.452002365 -107838.080775861 1.33878381281056e-16 4.91512622284796e-17
5.04765100671142e-08 0.00145674676234071 0.00139058673328555 399617.014959365 -127966.34712992 1.3387863728036e-16 4.90822085549269e-17
5.06593959731544e-08 0.00152921608639986 0.00136535908364418 392367.27080259 -147740.941480227 1.33878893280152e-16 4.90014544076802e-17
5.08422818791947e-08 0.00160026449934835 0.00133654978107553 384088.256470025 -167107.204409724 1.33879149280433e-16 4.89092232119561e-17
5.1025167785235e-08 0.00166970572458492 0.00130423845022969 374802.853932441 -186011.605061561 1.33879405281202e-16 4.88057701169833e-17
5.12080536912752e-08 0.00173735792756317 0.00126851439582711 364536.726951008 -204401.889105312 1.33879661282459e-16 4.86913812908082e-17
5.13909395973155e-08 0.00180304421840695 0.00122947635583088 353318.250145684 -222227.223175038 1.33879917284205e-16 4.85663731293594e-17
5.15738255033558e-08 0.00186659314085918 0.00118723222854419 341178.430570398 -239438.335379955 1.33880173286439e-16 4.84310913819599e-17
5.17567114093961e-08 0.00192783914621262 0.00114189877438722 328150.822011814 -255987.651499312 1.33880429289161e-16 4.82859101957001e-17
5.19395973154363e-08 0.0019866230509125 0.0010936012931779 314271.432248527 -271829.426485024 1.33880685292372e-16 4.81312310813164e-17
5.21224832214766e-08 0.00204279247656625 0.00104247327780826 299578.623527033 -286919.870908545 1.3388094129607e-16 4.79674818034322e-17
5.23053691275169e-08 0.00209620227114387 0.000988656045273844 284113.00652955 -301217.272002492 1.33881197300257e-16 4.7795115198228e-17
5.24882550335571e-08 0.00214671491020496 0.000932298346075838 267917.328126756 -314682.10896241 1.33881453304933e-16 4.76146079218097e-17
5.26711409395974e-08 0.00219420087704304 0.000873555953075589 251036.353225704 -327277.162189984 1.33881709310097e-16 4.74264591327343e-17
5.28540268456377e-08 0.00223853902069653 0.000812591230937928 233516.741039474 -338967.616175719 1.33881965315749e-16 4.72311891123337e-17
5.30369127516779e-08 0.00227961689083682 0.000749572687353325 215406.91612056 -349721.155736695 1.33882221321889e-16 4.70293378266513e-17
5.32197986577182e-08 0.00231733104860759 0.000684674507279321 196756.934514455 -359508.055343386 1.33882477328518e-16 4.68214634339651e-17
5.34026845637585e-08 0.0023515873525562 0.0006180760714886 177618.34540339 -368301.261288617 1.33882733335635e-16 4.6608140742023e-17
5.35855704697987e-08 0.00238230121886682 0.000549961460754441 158044.048622641 -376076.466471514 1.3388298934324e-16 4.63899596192548e-17
5.3768456375839e-08 0.00240939785517584 0.000480518947044015 138088.148443247 -382812.177589743 1.33883245351334e-16 4.61675233643523e-17
5.39513422818793e-08 0.00243281246732336 0.000409940473125862 117805.804025276 -388489.774554278 1.33883501359915e-16 4.5941447038723e-17
5.41342281879195e-08 0.00245249043846906 0.000338421122029968 97253.0769549945 -393093.561962471 1.33883757368986e-16 4.5712355766428e-17
5.43171140939598e-08 0.00246838748007743 0.000266158577826856 76486.7762873705 -396610.812487122 1.33884013378544e-16 4.54808830063031e-17
5.45000000000001e-08 0.00248046975435494 0.000193352579216147 55564.3015222006 -399031.802061607 1.33884269388591e-16 4.52476688010372e-17
5.46828859060404e-08 0.00248871396780067 0.000120204367434901 34543.4839479007 -400349.836763796 1.33884525399126e-16 4.50133580080504e-17
5.48657718120806e-08 0.00249310743561172 4.69161300117491e-05 13482.4267914904 -400561.271324427 1.3388478141015e-16 4.47785985170595e-17
5.50486577181209e-08 0.00249364811676536 -2.63095580956561e-05 -7560.6553833903 -399665.519208775 1.33885037421661e-16 4.45440394592588e-17
5.52315436241612e-08 0.00249034461968092 -9.92702944351575e-05 -28527.597586514 -397665.054243719 1.33885293433662e-16 4.43103294130658e-17
5.54144295302014e-08 0.00248321617844566 -0.00017176440851885 -49360.4451743817 -394565.403785698 1.3388554944615e-16 4.40781146113922e-17
5.55973154362417e-08 0.0024722925996703 -0.000243591519259691 -70001.6140424272 -390375.133448432 1.33885805459127e-16 4.38480371553932e-17
5.5780201342282e-08 0.00245761418012107 -0.000314553088845161 -90394.0497933251 -385105.8234326 1.33886061472592e-16 4.36207332396352e-17
5.59630872483222e-08 0.00243923159535583 -0.000384452971516993 -110481.385441444 -378772.036522874 1.33886317486545e-16 4.3396831393586e-17
5.61459731543625e-08 0.00241720575967214 -0.000453097955740113 -130208.097217532 -371391.277840782 1.33886573500987e-16 4.31769507442887e-17
5.63288590604028e-08 0.00239160765775423 -0.000520298298262145 -149519.658042977 -362983.946464596 1.33886829515917e-16 4.29616993050211e-17
5.6511744966443e-08 0.00236251814848419 -0.000585868248587305 -168362.688249417 -353573.279049983 1.33887085531335e-16 4.2751672294672e-17
5.66946308724833e-08 0.00233002774145968 -0.00064962656241495 -186685.10312709 -343185.28560723 1.33887341547242e-16 4.25474504924783e-17
5.68775167785236e-08 0.00229423634683569 -0.000711397002623586 -204436.256894089 -331848.677612544 1.33887597563637e-16 4.23495986326721e-17
5.70604026845638e-08 0.00225525299918194 -0.000771008826415544 -221567.082688566 -319594.788652123 1.33887853580521e-16 4.21586638434742e-17
5.72432885906041e-08 0.00221319555611895 -0.000828297257275775 -238030.228196924 -306457.487818331 1.33888109597892e-16 4.19751741347496e-17
5.74261744966444e-08 0.00216819037256598 -0.000883103940440219 -253780.186543104 -292473.086097346 1.33888365615752e-16 4.17996369385041e-17
5.76090604026847e-08 0.00212037195150087 -0.000935277380614746 -268773.422077176 -277680.236007007 1.33888621634101e-16 4.16325377062583e-17
5.77919463087249e-08 0.00206988257219744 -0.000984673360734739 -282968.490715509 -262119.824762279 1.33888877652937e-16 4.1474338567174e-17
5.79748322147652e-08 0.00201687189696768 -0.00103115534060781 -296326.154499911 -245834.861263603 1.33889133672262e-16 4.13254770506438e-17
5.81577181208055e-08 0.00196149655749584 -0.00107459483433772 -308809.49005905 -228870.357220509 1.33889389692076e-16 4.11863648768735e-17
5.83406040268457e-08 0.00190391972190782 -0.00111487176548619 -320383.990672361 -211273.202739053 1.33889645712377e-16 4.10573868188019e-17
5.8523489932886e-08 0.00184431064377236 -0.00115187479899096 -331017.661654308 -193092.03671697 1.33889901733167e-16 4.09388996385025e-17
5.87063758389263e-08 0.00178284419428069 -0.0011855016489225 -340681.108795342 -174377.112404752 1.33890157754446e-16 4.0831231101008e-17
5.88892617449665e-08 0.00171970037889766 -0.00121565936122868 -349347.619615076 -155180.158504265 1.33890413776213e-16 4.0734679068283e-17
5.90721476510068e-08 0.00165506383982041 -0.00124226457068587 -356993.237203079 -135554.236188818 1.33890669798468e-16 4.06495106758501e-17
5.92550335570471e-08 0.00158912334561969 -0.00126524373134615 -363596.826443168 -115553.592439887 1.33890925821211e-16 4.05759615943447e-17
5.94379194630873e-08 0.00152207126947457 -0.00128453331984362 -369140.13243814 -95233.5101058799 1.33891181844443e-16 4.05142353780407e-17
5.96208053691276e-08 0.00145410305744268 -0.0013000800109977 -373607.830973427 -74650.155097395 1.33891437868163e-16 4.04645029021466e-17
5.98036912751679e-08 0.00138541668823577 -0.0013118408252282 -376987.57088018 -53860.4211413136 1.33891693892371e-16 4.04269018904291e-17
5.99865771812081e-08 0.00131621212599367 -0.00131978324737444 -379270.008180676 -32921.7725228549 1.33891949917068e-16 4.04015365344693e-17
6.01694630872484e-08 0.00124669076756941 -0.00132388531658997 -380448.831921641 -11892.0852502545 1.33892205942253e-16 4.03884772056034e-17
6.03523489932887e-08 0.00117705488585306 -0.0013241356870645 -380520.781624071 9170.51291889872 1.33892461967926e-16 4.0387760260346e-17
6.0535234899329e-08 0.00110750707067311 -0.00132053365940491 -379485.656301306 30207.8031474892 1.33892717994088e-16 4.03993879398323e-17
6.07181208053692e-08 0.00103824966882071 -0.00131308918258882 -377346.315020412 51161.6364407589 1.33892974020738e-16 4.04233283635585e-17
6.09010067114095e-08 0.000969484224744617 -0.00130182282648497 -374108.6690053 71974.0943754482 1.33893230047877e-16 4.04595156174372e-17
6.10838926174498e-08 0.000901410923462857 -0.00128676572501657 -369781.665303399 92587.6491919235 1.33893486075504e-16 4.05078499359248e-17
6.126677852349e-08 0.000834228037230876 -0.00126795949012449 -364377.262061006 112945.322806781 1.33893742103619e-16 4.0568197977718e-17
6.14496644295303e-08 0.000768131377495691 -0.00124545609676815 -357910.395475653 132990.844306399 1.33893998132222e-16 4.06403931942569e-17
6.16325503355706e-08 0.000703313753650895 -0.00121931773928182 -350398.938516799 152668.80548611 1.33894254161314e-16 4.07242362900167e-17
6.18154362416108e-08 0.000639964440088575 -0.00118961665948347 -341863.651528953 171924.814005069 1.33894510190894e-16 4.0819495773316e-17
6.19983221476511e-08 0.000578268653021259 -0.00115643494701111 -332328.124853736 190705.64373347 1.33894766220963e-16 4.09259085961186e-17
6.21812080536914e-08 0.000518407038520056 -0.00111986431243843 -321818.713629474 208959.381876537 1.3389502225152e-16 4.10431808810623e-17
6.23640939597316e-08 0.000460555173184076 -0.00108000583379704 -310364.464948514 226635.572468632 1.33895278282565e-16 4.11709887337025e-17
6.25469798657719e-08 0.000404883078821388 -0.00103696967720554 -297997.037573608 243685.355840817 1.33895534314099e-16 4.13089791377289e-17
6.27298657718122e-08 0.000351554752482981 -0.00099087479237798 -284750.614435251 260061.603676381 1.33895790346121e-16 4.14567709306777e-17
6.29127516778524e-08 0.000300727713148798 -0.000941848583852908 -270661.808151823 275719.049281018 1.33896046378631e-16 4.16139558574455e-17
6.30956375838927e-08 0.000252552566318865 -0.000890026558852046 -255769.559833687 290614.412707552 1.3389630241163e-16 4.17800996986912e-17
6.3278523489933e-08 0.000207172587713076 -0.000835551952741672 -240115.031450922 304706.520389368 1.33896558445117e-16 4.1954743471007e-17
6.34614093959733e-08 0.000164723327230342 -0.000778575333132043 -223741.492062208 317956.418951832 1.33896814479093e-16 4.21374046955426e-17
6.36442953020135e-08 0.000125332234261843 -0.000719254183709074 -206694.198219302 330327.482887133 1.33897070513556e-16 4.23275787315748e-17
6.38271812080538e-08 8.91183053940921e-05 -0.000657752468948575 -189020.268877689 341785.515794893 1.33897326548509e-16 4.25247401713374e-17
6.40100671140941e-08 5.6191755475637e-05 -0.000594240180916181 -170768.555159137 352298.844908699 1.33897582583949e-16 4.27283442922553e-17
6.41929530201343e-08 2.66537129566365e-05 -0.000528892869405616 -151989.505326141 361838.408647267 1.33897838619878e-16 4.29378285625693e-17
6.43758389261746e-08 5.95940343473546e-07 -0.000461891156714005 -132735.025341477 370377.836948229 1.33898094656295e-16 4.31526141961908e-17
6.45587248322149e-08 -2.18994194588614e-05 -0.000393420238395416 -113058.335398267 377893.524162468 1.33898350693201e-16 4.33721077524861e-17
6.47416107382551e-08 -4.07600702154345e-05 -0.000323669371372549 -93013.822817129 384364.694307512 1.33898606730595e-16 4.35957027765722e-17
6.49244966442954e-08 -5.59237622133913e-05 -0.000252831350821472 -72656.8917169969 389773.458499599 1.33898862768477e-16 4.38227814755868e-17
6.51073825503357e-08 -6.73384643448784e-05 -0.000181101977275305 -52043.8098751337 394104.864405654 1.33899118806848e-16 4.40527164263017e-17
6.52902684563759e-08 -7.49625079451568e-05 -0.00010867951541982 -31231.5531996241 397346.937578472 1.33899374845707e-16 4.42848723093578e-17
6.54731543624162e-08 -7.87647019882734e-05 -3.57641460768629e-05 -10277.6482442338 399490.714560841 1.33899630885055e-16 4.45186076653296e-17
6.56560402684565e-08 -7.87244193218235e-05 3.74425871096356e-05 10759.9867990655 400530.267667077 1.33899886924891e-16 4.47532766677643e-17
6.58389261744967e-08 -7.48316537023898e-05 0.000110738334755668 31823.2021903975 400462.721373468 1.33900142965215e-16 4.4988230908296e-17
6.6021812080537e-08 -6.70870474739497e-05 0.000183920501047358 52853.7773726071 399288.260272299 1.33900399006028e-16 4.52228211888987e-17
6.62046979865773e-08 -5.55018898126907e-05 0.00025678680373339 73793.5818979377 397010.12856746 1.33900655047328e-16 4.54563993163261e-17
6.63875838926176e-08 -4.00980855430286e-05 0.000329135833251788 94584.7361059451 393634.621113012 1.33900911089118e-16 4.5688319893778e-17
6.65704697986578e-08 -2.09080946109673e-05 0.000400767609445578 115169.77110852 389171.06601947 1.33901167131396e-16 4.59179421048393e-17
6.67533557046981e-08 2.0251576179541e-06 0.0004714841343285 135491.787639804 383631.798875857 1.33901423174162e-16 4.61446314847628e-17
6.69362416107384e-08 2.8648398988238e-05 0.000541089939372885 155494.613331921 377032.128658773 1.33901679217416e-16 4.63677616741985e-17
6.71191275167786e-08 5.88981577836818e-05 0.000609392625806922 175122.957981797 369390.29542269 1.33901935261159e-16 4.65867161505221e-17
6.73020134228189e-08 9.27009381494081e-05 0.000676203396427878 194322.566379902 360727.419888406 1.3390219130539e-16 4.68008899319769e-17
6.74848993288592e-08 0.000129973423221842 0.000741337577461278 213040.368278451 351067.445068982 1.3390244735011e-16 4.70096912499203e-17
6.76677852348994e-08 0.00017062270540522 0.00080461512902355 231224.625084574 340437.070094501 1.33902703395318e-16 4.72125431845491e-17
6.78506711409397e-08 0.000214546543158178 0.00086586114277716 248825.072872934 328865.676418553 1.33902959441014e-16 4.74088852595866e-17
6.803355704698e-08 0.000261633643580688 0.000924906325402646 265793.061322513 316385.246610388 1.33903215487199e-16 4.759817499152e-17
6.82164429530202e-08 0.000311763970020292 0.000981587466551164 282081.68819352 303030.275957205 1.33903471533872e-16 4.77798893891074e-17
6.83993288590605e-08 0.000364809073847441 0.00103574788998405 297645.928972696 288837.677120895 1.33903727581034e-16 4.79535263990095e-17
6.85822147651008e-08 0.000420632449482915 0.00108723788665237 312442.761328665 273846.678112764 1.33903983628684e-16 4.81186062935502e-17
6.8765100671141e-08 0.000479089911696052 0.00113591512851939 326431.284033319 258098.713868222 1.33904239676822e-16 4.82746729967683e-17
6.89479865771813e-08 0.00054002999413094 0.00118164506198204 339572.8300205 241637.311721142 1.33904495725449e-16 4.84212953450983e-17
6.91308724832216e-08 0.000603294367959041 0.0012243012798039 351831.073269486 224507.971094412 1.33904751774564e-16 4.85580682791917e-17
6.93137583892619e-08 0.000668718279501106 0.0012637658705316 363172.129217815 206758.037739239 1.33905007824168e-16 4.86846139635873e-17
6.94966442953021e-08 0.000736131005608786 0.00129992974442881 373564.648425894 188436.572870788 1.3390526387426e-16 4.88005828311342e-17
6.96795302013424e-08 0.000805356325547253 0.00133269293502683 382979.903234484 169594.217561881 1.3390551992484e-16 4.89056545492799e-17
6.98624161073827e-08 0.000876213008074542 0.00136196487545825 391391.867175512 150283.052769569 1.33905775975909e-16 4.89995389055546e-17
7.00453020134229e-08 0.000948515312371308 0.00138766464880971 398777.286916702 130556.455381469 1.33906032027466e-16 4.9081976609801e-17
7.02281879194632e-08 0.00102207350143642 0.00140972121180195 405115.746541148 110468.950679752 1.33906288079511e-16 4.91527400109352e-17
7.04110738255035e-08 0.00109669436652933 0.00142807359117855 410389.723984144 90076.0616306002 1.33906544132045e-16 4.92116337262542e-17
7.05939597315437e-08 0.00117218176120964 0.00144267105226067 414584.639471251 69434.1554156707 1.33906800185067e-16 4.92584951815532e-17
7.0776845637584e-08 0.00124833714349775 0.00145347323920179 417688.895823706 48600.2876297931 1.33907056238578e-16 4.92931950605575e-17
7.09597315436243e-08 0.00132496012465805 0.0014604502865546 419693.91051975 27632.0445755284 1.33907312292577e-16 4.93156376624279e-17
7.11426174496645e-08 0.00140184902308771 0.00146358290184183 420594.13942323 6587.3840905049 1.33907568347065e-16 4.93257611663501e-17
7.13255033557048e-08 0.00147880142178014 0.00146286241890252 420387.092113886 -14475.5246525054 1.3390782440204e-16 4.9323537802478e-17
7.15083892617451e-08 0.0015556147278223 0.00145829082186633 419073.338776915 -35498.4619299653 1.33908080457505e-16 4.93089739287567e-17
7.16912751677854e-08 0.0016320867323792 0.00144988073968953 416656.508632768 -56423.3183919843 1.33908336513457e-16 4.92821100134136e-17
7.18741610738256e-08 0.0017080161696179 0.00143765541126777 413143.279911495 -77192.2556819552 1.33908592569898e-16 4.92430205231659e-17
7.20570469798659e-08 0.00178320327302601 0.00142164862122194 408543.361399341 -97747.8663074468 1.33908848626828e-16 4.91918137174529e-17
7.22399328859062e-08 0.00185745032758704 0.00140190460653454 402869.465608568 -118033.332320455 1.33909104684246e-16 4.91286313492612e-17
7.24228187919464e-08 0.00193056221628622 0.00137847793429469 396137.273644675 -137992.582368405 1.33909360742152e-16 4.90536482733713e-17
7.26057046979867e-08 0.00200234695943629 0.00135143335088951 388365.39186808 -157570.44668179 1.33909616800547e-16 4.8967071963106e-17
7.2788590604027e-08 0.00207261624533249 0.00132084560305877 379575.300470062 -176712.80957006 1.3390987285943e-16 4.88691419369182e-17
7.29714765100672e-08 0.00214118595076986 0.00128679923130728 369791.294105079 -195366.759004223 1.33910128918802e-16 4.87601290964016e-17
7.31543624161075e-08 0.00220787664998424 0.0012493883362461 359040.414743544 -213480.732872713 1.33910384978662e-16 4.86403349775542e-17
7.33372483221478e-08 0.00227251411060999 0.0012087163185083 347352.376930646 -231004.661506234 1.3391064103901e-16 4.85100909173646e-17
7.3520134228188e-08 0.00233492977528375 0.00116489559295808 334759.485657796 -247890.106077644 1.33910897099847e-16 4.83697571380238e-17
7.37030201342283e-08 0.00239496122756279 0.00111804727798331 321296.547073691 -264090.392494301 1.33911153161172e-16 4.82197217512937e-17
7.38859060402686e-08 0.00245245264087032 0.00106830086073006 307000.772281784 -279560.740412782 1.33911409222985e-16 4.80603996857852e-17
7.40687919463088e-08 0.00250725520922657 0.00101579383920459 291911.674490063 -294258.387019365 1.33911665285287e-16 4.78922315401097e-17
7.42516778523491e-08 0.00255922755857521 0.000960671342231827 276070.959797411 -308142.705234101 1.33911921348078e-16 4.77156823650736e-17
7.44345637583894e-08 0.00260823613756798 0.000903085728320924 259522.411918411 -321175.316011764 1.33912177411357e-16 4.75312403782838e-17
7.46174496644297e-08 0.00265415558672752 0.000843196164546556 242311.77116522 -333320.194429245 1.33912433475124e-16 4.73394156147143e-17
7.48003355704699e-08 0.00269686908496771 0.0007811681866099 224486.608020994 -344543.769266135 1.3391268953938e-16 4.7140738516966e-17
7.49832214765102e-08 0.00273626867251389 0.000717173241295346 206096.191654323 -354815.015803263 1.33912945604124e-16 4.69357584691147e-17
7.51661073825505e-08 0.00277225554933019 0.000651388212587567 187191.353738096 -364105.541582635 1.33913201669356e-16 4.6725042278201e-17
7.53489932885907e-08 0.00280474034822913 0.000583994932758781 167824.347949202 -372389.664891746 1.33913457735077e-16 4.6509172607558e-17
7.5531879194631e-08 0.00283364338190848 0.000515179679777574 148048.70553742 -379644.485755295 1.33913713801287e-16 4.62887463663081e-17
7.57147651006713e-08 0.00285889486323253 0.000445132662428456 127919.087362706 -385849.949238059 1.33913969867984e-16 4.60643730594805e-17
7.58976510067115e-08 0.00288043509814885 0.000374047494565316 107491.132809856 -390988.900883957 1.33914225935171e-16 4.58366731033086e-17
7.60805369127518e-08 0.00289821465070721 0.000302120659951958 86821.3059981515 -395047.134138026 1.33914482002845e-16 4.56062761103651e-17
7.62634228187921e-08 0.00291219447972455 0.000229550969168927 65966.7397110704 -398013.429620225 1.33914738071008e-16 4.53738191492743e-17
7.64463087248323e-08 0.00292234604671808 0.000156539010087769 44985.0774774524 -399879.586142506 1.3391499413966e-16 4.51399449838118e-17
7.66291946308726e-08 0.00292865139480828 8.32865934316551e-05 23934.3142406189 -400640.443383382 1.339152502088e-16 4.4905300296259e-17
7.68120805369129e-08 0.00293110319837345 9.99619495487687e-06 2872.63605584778 -400293.896157319 1.33915506278428e-16 4.46705338999228e-17
7.69949664429531e-08 0.00292970478331867 -6.31296042169301e-05 -18141.7407407089 -398840.900239481 1.33915762348545e-16 4.44362949457622e-17
7.71778523489934e-08 0.00292447011790305 -0.000135888677538884 -39050.7304471123 -396285.469729723 1.3391601841915e-16 4.42032311280778e-17
7.73607382550337e-08 0.00291542377415045 -0.00020807991174352 -59796.5385499466 -392634.665963092 1.33916274490244e-16 4.39719868942236e-17
7.7543624161074e-08 0.00290260085995054 -0.000279503762737736 -80321.8214740644 -387898.577997483 1.33916530561826e-16 4.37432016632918e-17
7.77265100671142e-08 0.00288604692203745 -0.000349962807163448 -100569.845086203 -382090.294732355 1.33916786633896e-16 4.35175080586909e-17
7.79093959731545e-08 0.00286581782011451 -0.000419262288097414 -120484.641514351 -375225.868735569 1.33917042706455e-16 4.32955301595057e-17
7.80922818791948e-08 0.00284197957247272 -0.000487210653381819 -140011.163849399 -367324.271878312 1.33917298779503e-16 4.30778817754709e-17
7.8275167785235e-08 0.00281460817352966 -0.00055362008509764 -159095.438301466 -358407.34290072 1.33917554853038e-16 4.28651647503259e-17
7.84580536912753e-08 0.00278378938379316 -0.000618307018717248 -177684.71339031 -348499.727053123 1.33917810927063e-16 4.26579672982434e-17
7.86409395973156e-08 0.00274961849283028 -0.000681092650501246 -195727.605757461 -337628.807979724 1.33918067001575e-16 4.24568623779256e-17
7.88238255033558e-08 0.00271220005589656 -0.000741803431737032 -213174.242197012 -325824.632032992 1.33918323076577e-16 4.22624061088674e-17
7.90067114093961e-08 0.00267164760495373 -0.000800271548452947 -229976.397512492 -313119.82522794 1.33918579152066e-16 4.20751362341594e-17
7.91895973154364e-08 0.00262808333487426 -0.000856335385281991 -246087.627818751 -299549.503065832 1.33918835228044e-16 4.18955706340838e-17
7.93724832214766e-08 0.00258163776570045 -0.000909839972192944 -261463.3989204 -285151.173476552 1.33919091304511e-16 4.17242058946085e-17
7.95553691275169e-08 0.00253244938189121 -0.000960637412854023 -276061.209411942 -269964.633147904 1.33919347381466e-16 4.15615159347391e-17
7.97382550335572e-08 0.00248066424955389 -0.00100858729344503 -289840.708159324 -254031.857528387 1.33919603458909e-16 4.14079506965211e-17
7.99211409395974e-08 0.00242643561271896 -0.00105355707078793 -302763.805838172 -237396.884807461 1.33919859536841e-16 4.1263934901314e-17
8.01040268456377e-08 0.00236992346977359 -0.00109542243872307 -314794.780220394 -220105.694194004 1.33920115615261e-16 4.11298668757761e-17
8.0286912751678e-08 0.00231129413122466 -0.00113406767171816 -325900.374918121 -202206.078829376 1.3392037169417e-16 4.10061174508029e-17
8.04697986577183e-08 0.00225071976001375 -0.00116938594476034 -336049.891312031 -183747.513686376 1.33920627773567e-16 4.08930289364655e-17
8.06526845637585e-08 0.00218837789565459 -0.00120127962864704 -345215.273409953 -164781.018819212 1.33920883853452e-16 4.07909141757808e-17
8.08355704697988e-08 0.00212445096350826 -0.00122966055985935 -353371.185401168 -145359.018342467 1.33921139933826e-16 4.07000556799288e-17
8.10184563758391e-08 0.00205912577055251 -0.00125445028427184 -360495.081692038 -125535.195528849 1.33921396014689e-16 4.06207048473089e-17
8.12013422818793e-08 0.00199259298903901 -0.00127558027402537 -366567.269229365 -105364.34442624 1.3392165209604e-16 4.0553081268593e-17
8.13842281879196e-08 0.0019250466294656 -0.00129299211696308 -371570.96193918 -84902.2184041779 1.33921908177879e-16 4.04973721196966e-17
8.15671140939599e-08 0.00185668350432034 -0.0013066376781061 -375492.327130501 -64205.3760484027 1.33922164260207e-16 4.04537316443458e-17
8.17500000000001e-08 0.00178770268407955 -0.00131647923272254 -378320.523735752 -43331.024829414 1.33922420343023e-16 4.04222807276716e-17
8.19328859060404e-08 0.00171830494696364 -0.0013224895706219 -380047.732282148 -22336.8629771599 1.33922676426328e-16 4.04031065620085e-17
8.21157718120807e-08 0.00164869222397138 -0.00132465207138643 -380669.176511182 -1280.91999891858 1.33922932510121e-16 4.03962624058231e-17
8.22986577181209e-08 0.00157906704072686 -0.00132296075033176 -380183.13658643 19778.6037188028 1.33923188594403e-16 4.04017674364379e-17
8.24815436241612e-08 0.00150963195768169 -0.00131742027506929 -378590.953853166 40783.4977810019 1.33923444679173e-16 4.0419606696959e-17
8.26644295302015e-08 0.00144058901021999 -0.00130804595262488 -375897.027136599 61675.7026828853 1.33923700764432e-16 4.04497311375527e-17
8.28473154362417e-08 0.00137213915021347 -0.00129486368714912 -372108.800588962 82397.4702918059 1.33923956850179e-16 4.04920577509589e-17
8.3030201342282e-08 0.00130448169057053 -0.00127790990833619 -367236.743119021 102891.523468846 1.33924212936414e-16 4.05464698018656e-17
8.32130872483223e-08 0.00123781375431449 -0.00125723147074898 -361294.319460843 123101.214388836 1.33924469023138e-16 4.06128171495113e-17
8.33959731543626e-08 0.00117232972971373 -0.00123288552432882 -354297.952961789 142970.681121197 1.33924725110351e-16 4.06909166626243e-17
8.35788590604028e-08 0.00110822073297003 -0.00120493935644754 -346266.980192558 162445.002038796 1.33924981198051e-16 4.078055272555e-17
8.37617449664431e-08 0.00104567407995005 -0.00117347020593855 -337223.597504737 181470.347628016 1.33925237286241e-16 4.08814778341708e-17
8.39446308724834e-08 0.00098487276842036 -0.00113856504962079 -327192.799683563 199994.129280417 1.33925493374919e-16 4.0993413279968e-17
8.41275167785236e-08 0.000925994972217031 -0.00110032036190558 -316202.310865441 217965.144654708 1.33925749464085e-16 4.11160499203381e-17
8.43104026845639e-08 0.000869213548748067 -0.00105884184815092 -304282.507911169 235333.719207224 1.3392600555374e-16 4.12490490330318e-17
8.44932885906042e-08 0.000814695561189971 -0.00101424415250001 -291466.336446642 252051.843499715 1.33926261643883e-16 4.13920432523566e-17
8.46761744966444e-08 0.000762601816699175 -0.000966650541011675 -277789.219803104 268073.305904888 1.33926517734515e-16 4.15446375845537e-17
8.48590604026847e-08 0.000713086421914782 -0.00091619256095846 -263288.961108629 283353.820342897 1.33926773825635e-16 4.1706410499543e-17
8.5041946308725e-08 0.000666296356981289 -0.000863009677233989 -248005.63880144 297851.148695688 1.33927029917243e-16 4.18769150960192e-17
8.52248322147652e-08 0.000622371069268771 -0.000807248886874688 -231981.495853873 311525.217560835 1.3392728600934e-16 4.20556803366789e-17
8.54077181208055e-08 0.000581442087913539 -0.000749064312761225 -215260.823013159 324338.229022124 1.33927542101926e-16 4.22422123501633e-17
8.55906040268458e-08 0.000543632660244777 -0.000688616777622717 -197889.836381762 336254.765130706 1.33927798195e-16 4.24359957961192e-17
8.5773489932886e-08 0.00050905741110213 -0.000626073359521137 -179916.549675613 347241.885808005 1.33928054288563e-16 4.26364952896047e-17
8.59563758389263e-08 0.000477822025985985 -0.000561606930044589 -161390.641513352 357269.219899762 1.33928310382614e-16 4.2843156880903e-17
8.61392617449666e-08 0.000450022958916265 -0.000495395676485862 -142363.318103369 366309.049129511 1.33928566477153e-16 4.30554095866531e-17
8.63221476510069e-08 0.000425747165807306 -0.000427622609327006 -122887.17170819 374336.38471943 1.33928822572181e-16 4.32726669680663e-17
8.65050335570471e-08 0.000405071864095845 -0.000358475056391234 -103016.035277419 381329.036466756 1.33929078667698e-16 4.34943287518658e-17
8.66879194630874e-08 0.000388064319286554 -0.000288144145060346 -82804.8336510258 387267.674084824 1.33929334763702e-16 4.37197824894695e-17
8.68708053691277e-08 0.000374781659005208 -0.000216824273988848 -62309.4317442781 392135.880639157 1.33929590860196e-16 4.39484052498288e-17
8.70536912751679e-08 0.000365270715073496 -0.000144712575774972 -41586.480133922 395920.197930896 1.33929846957178e-16 4.41795653412459e-17
8.72365771812082e-08 0.000359567894042046 -7.20083720738055e-05 -20693.2584724354 398610.163702105 1.33930103054648e-16 4.44126240574094e-17
8.74194630872485e-08 0.000357699076539591 1.08737734136162e-06 312.482836840147 400198.340560096 1.33930359152607e-16 4.46469374428216e-17
8.76023489932887e-08 0.000359679545716524 7.43726300466531e-05 21372.6822660673 400680.336540822 1.33930615251054e-16 4.48818580727396e-17
8.7785234899329e-08 0.000365513944980695 0.000147644819428818 42429.1276495611 400054.817254459 1.3393087134999e-16 4.51167368427077e-17
8.79681208053693e-08 0.000375196265142319 0.000220701414596419 63423.6170871188 398323.509579618 1.33931127449414e-16 4.53509247627376e-17
8.81510067114095e-08 0.000388709861003599 0.000293340480193345 84298.1198192833 395491.19689593 1.33931383549327e-16 4.5583774751174e-17
8.83338926174498e-08 0.000406027497347245 0.000365361234567284 104994.936629864 391565.705868194 1.33931639649729e-16 4.58146434232902e-17
8.85167785234901e-08 0.00042711142419685 0.000436564604750318 125456.85933235 386557.88481858 1.33931895750618e-16 4.6042892869668e-17
8.86996644295303e-08 0.000451913481141129 0.000506753776717619 145627.328899373 380481.573746661 1.33932151851997e-16 4.62678924194461e-17
8.88825503355706e-08 0.000480375230433739 0.000575734739403278 165450.591798146 373353.56608013 1.33932407953863e-16 4.6489020383565e-17
8.90654362416109e-08 0.000512428118500817 0.000643316820969539 184871.854099736 365193.562261898 1.33932664056219e-16 4.67056657731876e-17
8.92483221476512e-08 0.000547993665409879 0.000709313215847138 203837.432936198 356024.115301858 1.33932920159062e-16 4.6917229988548e-17
8.94312080536914e-08 0.000586983681776416 0.000773541501089925 222294.904886933 345870.568443796 1.33933176262394e-16 4.71231284735574e-17
8.96140939597317e-08 0.000629300512508701 0.000835824140616525 240193.250884096 334760.98511973 1.33933432366215e-16 4.73227923315967e-17
8.9796979865772e-08 0.000674837306717116 0.000895988975945213 257482.997236534 322726.071385262 1.33933688470524e-16 4.7515669898027e-17
8.99798657718122e-08 0.000723478313042001 0.00095386970206558 274116.352382424 309799.091050351 1.33933944575322e-16 4.7701228265073e-17
9.01627516778525e-08 0.000775099199583761 0.00100930632713157 290047.338992623 296015.773740046 1.33934200680608e-16 4.78789547548632e-17
9.03456375838928e-08 0.000829567397550956 0.00106214561470526 305231.921059566 281414.216139325 1.33934456786383e-16 4.80483583365559e-17
9.0528523489933e-08 0.000886742467676553 0.00111224150732892 319628.125620423 266034.776694973 1.33934712892646e-16 4.82089709836336e-17
9.07114093959733e-08 0.000946476488389575 0.00115945553025456 333196.158778045 249919.964065549 1.33934968999398e-16 4.83603489676137e-17
9.08942953020136e-08 0.00100861446466925 0.00120365717421493 345898.515699001 233114.319627763 1.33935225106638e-16 4.85020740846004e-17
9.10771812080538e-08 0.00107299475645155 0.00124472425617798 357700.08428465 215664.294364019 1.33935481214367e-16 4.86337548112857e-17
9.12600671140941e-08 0.00113944952540414 0.00128254325708752 368568.242228679 197618.120471395 1.33935737322584e-16 4.8755027387206e-17
9.14429530201344e-08 0.00120780519883458 0.00131700963565659 378472.947192811 179025.678046948 1.3393599343129e-16 4.88655568202613e-17
9.16258389261746e-08 0.00127788294944987 0.00134802811734596 387386.819851434 159938.357217821 1.33936249540484e-16 4.89650378127181e-17
9.18087248322149e-08 0.00134949918964097 0.00137551295772918 395285.219575575 140408.916097225 1.33936505650167e-16 4.90531956051363e-17
9.19916107382552e-08 0.00142246607892627 0.00139938817951597 402146.312547021 120491.334958923 1.33936761760338e-16 4.9129786735887e-17
9.21744966442955e-08 0.00149659204315129 0.00141958778257889 407951.132114295 100240.667033267 1.33937017870998e-16 4.91945997141617e-17
9.23573825503357e-08 0.00157168230400965 0.00143605592640256 412683.631223637 79712.8863372035 1.33937273982146e-16 4.92474556046131e-17
9.2540268456376e-08 0.00164753941742155 0.00144874708445125 416330.726780067 58964.7329588604 1.33937530093783e-16 4.92882085220099e-17
9.27231543624163e-08 0.00172396381928172 0.00145762617002794 418882.335815874 38053.5562243395 1.33937786205908e-16 4.93167460345402e-17
9.29060402684565e-08 0.00180075437706836 0.00146266863327698 420331.403366563 17037.1561802279 1.33938042318522e-16 4.93329894746467e-17
9.30889261744968e-08 0.00187770894578841 0.0014638605290622 420673.921977182 -4026.3761700263 1.33938298431624e-16 4.9336894156535e-17
9.32718120805371e-08 0.00195462492672239 0.00146119855553272 419908.942785099 -25078.8194342736 1.33938554545215e-16 4.93284494997541e-17
9.34546979865773e-08 0.00203129982742445 0.00145469006326989 418038.578148574 -46061.982760535 1.33938810659294e-16 4.93076790585068e-17
9.36375838926176e-08 0.00210753182142977 0.0014443530349899 415067.99581385 -66917.8666817654 1.33939066773862e-16 4.9274640456609e-17
9.38204697986579e-08 0.00218312030612217 0.00143021603585828 411005.404636878 -87588.8234319179 1.33939322888919e-16 4.92294252282771e-17
9.40033557046981e-08 0.00225786645721999 0.00141231813455338 405862.031899097 -108017.716290182 1.33939579004463e-16 4.9172158565184e-17
9.41862416107384e-08 0.00233157377834751 0.00139070879529712 399652.09227999 -128148.077512951 1.33939835120497e-16 4.91029989704824e-17
9.43691275167787e-08 0.00240404864417287 0.00136544774115126 392392.748572141 -147924.264416977 1.33940091237019e-16 4.90221378207513e-17
9.45520134228189e-08 0.0024751008356113 0.00133660478895714 384104.064247364 -167291.613182283 1.33940347354029e-16 4.89297988370773e-17
9.47348993288592e-08 0.00254454406561409 0.00130425965637496 374808.948005017 -186196.589949706 1.33940603471528e-16 4.88262374667306e-17
9.49177852348995e-08 0.00261219649409009 0.0012685017415559 364533.090455733 -204586.938795412 1.33940859589516e-16 4.87117401771469e-17
9.51006711409398e-08 0.00267788123053646 0.00122942987605614 353304.893115594 -222411.826173368 1.33941115707992e-16 4.85866236641648e-17
9.528355704698e-08 0.00274142682298924 0.00118715205167563 341155.389906975 -239621.981426511 1.33941371826956e-16 4.84512339767081e-17
9.54664429530203e-08 0.00280266773194221 0.00114178512197659 328118.161383037 -256169.832978218 1.33941627946409e-16 4.83059455603315e-17
9.56493288590606e-08 0.00286144478792413 0.00109345447930674 314229.241912936 -272009.63982763 1.33941884066351e-16 4.81511602222741e-17
9.58322147651008e-08 0.00291760563146955 0.00104229370821996 299527.020084303 -287097.617985345 1.33942140186781e-16 4.79873060208803e-17
9.60151006711411e-08 0.00297100513426689 0.00098844421625228 284052.132598243 -301392.061500007 1.33942396307699e-16 4.78148360824586e-17
9.61979865771814e-08 0.00302150580031989 0.000932054843073786 267847.351950165 -314853.457741239 1.33942652429107e-16 4.76342273488478e-17
9.63808724832216e-08 0.00306897814601329 0.000873281449096649 250957.468206861 -327444.596620258 1.33942908551002e-16 4.74459792591527e-17
9.65637583892619e-08 0.00311330105803247 0.00081228648467645 233429.165206614 -339130.673446273 1.33943164673386e-16 4.72506123692927e-17
9.67466442953022e-08 0.00315436212814733 0.00074923854109747 215310.891524519 -349879.38513434 1.33943420796259e-16 4.70486669131791e-17
9.69295302013424e-08 0.00319205796393532 0.000684311884583065 196652.726559665 -359661.019498747 1.3394367691962e-16 4.68407013094981e-17
9.71124161073827e-08 0.00322629447458449 0.0006176859746191 177506.242114323 -368448.537385082 1.3394393304347e-16 4.66272906182262e-17
9.7295302013423e-08 0.00325698713098665 0.000549544967921834 157924.359847728 -376217.647413968 1.33944189167809e-16 4.64090249511449e-17
9.74781879194632e-08 0.00328406119940157 0.000480077209421288 137961.204998467 -382946.873129844 1.33944445292635e-16 4.61865078407481e-17
9.76610738255035e-08 0.00330745194804644 0.00040947471166705 117671.956779795 -388617.612369169 1.33944701417951e-16 4.59603545720495e-17
9.78439597315438e-08 0.0033271048260393 0.00033793262409546 97112.695861368 -393214.188683949 1.33944957543755e-16 4.57311904819031e-17
9.80268456375841e-08 0.00334297561420202 0.000265648693625144 76340.2493589992 -396723.894678416 1.33945213670047e-16 4.54996492305349e-17
9.82097315436243e-08 0.00335503054730572 0.000192822718071849 55412.0337608604 -399137.027139064 1.33945469796828e-16 4.52663710500655e-17
9.83926174496646e-08 0.00336324640742085 0.000119655993893372 34385.8962243145 -400446.913860929 1.33945725924098e-16 4.50320009748645e-17
9.85755033557049e-08 0.00336761058811371 4.6350759791057e-05 13319.9546820338 -400649.932095942 1.33945982051856e-16 4.47971870586265e-17
9.87583892617451e-08 0.00336812112931199 -2.68903622942165e-05 -7727.56280063246 -399745.518572338 1.33946238180103e-16 4.45625785830986e-17
9.89412751677854e-08 0.00336478672274293 -9.9864927246419e-05 -28698.4789730142 -397736.171057432 1.33946494308838e-16 4.43288242634108e-17
9.91241610738257e-08 0.00335762668792889 -0.000172371226351064 -49534.8282063268 -394627.441459403 1.33946750438061e-16 4.40965704549678e-17
9.93070469798659e-08 0.00334667091880675 -0.000244208844837491 -70179.0167162431 -390427.920487149 1.33947006567774e-16 4.38664593668607e-17
9.94899328859062e-08 0.00333195980111859 -0.000315179215845633 -90573.9817579586 -385149.2139106 1.33947262697975e-16 4.36391272867358e-17
9.96728187919465e-08 0.00331354410080189 -0.000385086169286052 -110663.349353721 -378805.910487083 1.33947518828664e-16 4.34152028220277e-17
9.98557046979867e-08 0.00329148482368774 -0.000453736474076138 -130391.590116846 -371415.54164239 1.33947774959842e-16 4.31953051624177e-17
1.00038590604027e-07 0.00326585304689484 -0.000520940372253656 -149704.172741505 -362998.53301796 1.33948031091508e-16 4.29800423683198e-17
1.00221476510067e-07 0.0032367297223852 -0.000586512103491304 -168547.714734025 -353578.148018112 1.33948287223663e-16 4.27700096901269e-17
1.00404362416108e-07 0.00320420545322455 -0.000650270418562455 -186870.129969048 -343180.423513325 1.33948543356307e-16 4.25657879228607e-17
1.00587248322148e-07 0.00316838024316576 -0.000712039080338784 -204620.772662705 -331834.097877305 1.33948799489439e-16 4.23679418007754e-17
1.00770134228188e-07 0.00312936322024749 -0.00077164735093497 -221750.577364823 -319570.531556703 1.3394905562306e-16 4.21770184363505e-17
1.00953020134228e-07 0.003087272335172 -0.000828930463653931 -238212.194583223 -306423.620393048 1.33949311757169e-16 4.19935458079903e-17
1.01135906040269e-07 0.00304223403529567 -0.000883730078428058 -253960.12166521 -292429.701936451 1.33949567891767e-16 4.18180313006073e-17
1.01318791946309e-07 0.00299438291513346 -0.000935894719497542 -268950.828574488 -277627.455010039 1.33949824026853e-16 4.16509603031264e-17
1.01501677852349e-07 0.00294386134434318 -0.000985280194115977 -283142.878215823 -262057.792802697 1.33950080162428e-16 4.1492794866784e-17
1.01684563758389e-07 0.00289081907421794 -0.00103174999112586 -296497.040974864 -245763.749785631 1.33950336298491e-16 4.13439724279333e-17
1.0186744966443e-07 0.00283541282377425 -0.00107517565830228 -308976.403156506 -228790.362765296 1.33950592435043e-16 4.12049045988839e-17
1.0205033557047e-07 0.00277780584657998 -0.00111543715742164 -320546.469022054 -211184.546401464 1.33950848572084e-16 4.10759760301193e-17
1.0223322147651e-07 0.00271816747951942 -0.00115242319607414 -331175.256143128 -192994.963534507 1.33951104709613e-16 4.09575433470376e-17
1.02416107382551e-07 0.00265667267474264 -0.00118603153530254 -340833.383808752 -174271.890680296 1.33951360847631e-16 4.08499341641534e-17
1.02598993288591e-07 0.00259350151609281 -0.00121616927221705 -349494.15424121 -155067.079064504 1.33951616986137e-16 4.07534461794866e-17
1.02781879194631e-07 0.00252883872134823 -0.00124275309680503 -357133.626396212 -135433.611580421 1.33951873125131e-16 4.06683463516418e-17
1.02964765100671e-07 0.00246287313165472 -0.00126570952222554 -363730.682143328 -115425.756065637 1.33952129264615e-16 4.05948701618521e-17
1.03147651006712e-07 0.00239579718955975 -0.00128497508795234 -369267.084643771 -95098.8153031626 1.33952385404587e-16 4.05332209630278e-17
1.03330536912752e-07 0.00232780640709091 -0.00130049653520347 -373727.528764141 -74508.9741615761 1.33952641545047e-16 4.04835694176097e-17
1.03513422818792e-07 0.00225909882534912 -0.00131223095417283 -377099.683386771 -53713.1442967198 1.33952897685996e-16 4.04460530257806e-17
1.03696308724832e-07 0.00218987446711013 -0.00132014590265638 -379374.225499709 -32768.8068441927 1.33953153827434e-16 4.04207757453392e-17
1.03879194630873e-07 0.00212033478394759 -0.00132421949574527 -380544.865972092 -11733.8535374516 1.3395340996936e-16 4.04078077042872e-17
1.04062080536913e-07 0.00205068209940557 -0.00132444046633785 -380608.36694365 9333.57330932021 1.33953666111775e-16 4.04071850069253e-17
1.04244966442953e-07 0.00198111904975999 -0.00132080819630314 -379564.550780263 30375.2415112772 1.33953922254678e-16 4.04189096339922e-17
1.04427852348993e-07 0.00191184802391439 -0.00131333271820977 -377416.300570793 51332.9899716928 1.3395417839807e-16 4.04429494371253e-17
1.04610738255034e-07 0.00184307060397855 -0.00130203468761534 -374169.55216381 72148.8894445535 1.3395443454195e-16 4.04792382276555e-17
1.04793624161074e-07 0.00177498700807598 -0.00128694532599288 -369833.277766194 92765.4026566039 1.33954690686319e-16 4.05276759594949e-17
1.04976510067114e-07 0.00170779553692058 -0.00126810633445209 -364419.461148954 113125.543346249 1.33954946831177e-16 4.05881290056074e-17
1.05159395973155e-07 0.00164169202569213 -0.00124556977849373 -357943.064528756 133173.033779716 1.33955202976523e-16 4.06604305273024e-17
1.05342281879195e-07 0.00157686930272565 -0.00121939794411571 -350421.987216702 152852.460309078 1.33955459122358e-16 4.07443809353283e-17
1.05525167785235e-07 0.00151351665651101 -0.0011896631656685 -341877.016148644 172109.426542173 1.33955715268681e-16 4.08397484414923e-17
1.05708053691275e-07 0.00145181931247586 -0.00115644762593575 -332331.768433743 190890.703701017 1.33955971415493e-16 4.09462696992825e-17
1.05890939597316e-07 0.00139195792099828 -0.0011198431289925 -321812.626080075 209144.377753127 1.33956227562794e-16 4.1063650531721e-17
1.06073825503356e-07 0.00133410805806433 -0.00107995084646886 -310348.663077676 226819.992909039 1.33956483710583e-16 4.11915667444361e-17
1.06256711409396e-07 0.00127843973995065 -0.00103688103792053 -297971.565040584 243868.691089398 1.3395673985886e-16 4.13296650217076e-17
1.06439597315436e-07 0.00122511695327373 -0.000990752746078826 -284715.541629947 260243.346976087 1.33956996007626e-16 4.14775639030072e-17
1.06622483221477e-07 0.00117429720170474 -0.000941693467822753 -270617.23200029 275898.698274123 1.33957252156881e-16 4.16348548373359e-17
1.06805369127517e-07 0.00112613107060303 -0.000889838801782353 -255715.603530256 290791.470824223 1.33957508306625e-16 4.18011033124435e-17
1.06988255033557e-07 0.0010807618107715 -0.000835332073547469 -240051.844117737 304880.498220235 1.33957764456857e-16 4.197585005581e-17
1.07171140939597e-07 0.00103832494248466 -0.000778323939517762 -223669.248337085 318126.835600779 1.33958020607577e-16 4.21586123040683e-17
1.07354026845638e-07 0.000998947880883751 -0.000718971970488976 -206613.097773067 330493.867300551 1.33958276758786e-16 4.23488851373605e-17
1.07536912751678e-07 0.000962749583774463 -0.000657440216126386 -188930.535862315 341947.408063732 1.33958532910484e-16 4.25461428749393e-17
1.07719798657718e-07 0.00092984022280082 -0.000593898751529252 -170670.437588216 352455.79753972 1.3395878906267e-16 4.27498405281564e-17
1.07902684563759e-07 0.000900320878904175 -0.000528523207139572 -151883.274389398 361989.987799978 1.33959045215345e-16 4.29594153068237e-17
1.08085570469799e-07 0.000874283262909129 -0.000461494283294469 -132620.974655219 370523.623634084 1.33959301368509e-16 4.31742881747808e-17
1.08268456375839e-07 0.000851809462008765 -0.000392997250764012 -112936.780193848 378033.115403015 1.33959557522161e-16 4.3393865450372e-17
1.08451342281879e-07 0.000832971712849963 -0.000323221438655006 -92885.099069661 384497.704248296 1.33959813676301e-16 4.36175404474077e-17
1.0863422818792e-07 0.00081783220184608 -0.000252359711096191 -72521.3552167254 389899.519476726 1.33960069830931e-16 4.38446951520736e-17
1.0881711409396e-07 0.000806442893268985 -0.000180607934151333 -51901.835244039 394223.627962086 1.33960325986048e-16 4.40747019311549e-17
1.09e-07 0.000798845385595681 -0.000108164434433682 -31083.532855969 397458.075427228 1.33960582141655e-16 4.43069252668523e-17
