0 -0.00139 0 0 400000 1.33808e-16 4.46026666666667e-17
1.81969949916528e-10 -0.00138809684028408 7.28831379524069e-05 20944.6425255315 400498.948208468 1.33808250777593e-16 4.48362969864525e-17
3.63939899833055e-10 -0.00138238001107145 0.000145757416985523 41886.7392372721 399901.950954608 1.33808501555656e-16 4.50698989188736e-17
5.45909849749583e-10 -0.00137285519002184 0.000218423420071181 62768.983075101 398210.63984426 1.33808752334187e-16 4.5302833452005e-17
7.2787979966611e-10 -0.00135953847519485 0.000290682299745671 83534.2306563162 395429.641024337 1.33809003113186e-16 4.55344633990338e-17
9.09849749582638e-10 -0.00134245634101781 0.000362336322247463 104125.658646099 391566.562529181 1.33809253892655e-16 4.57641551418948e-17
1.09181969949917e-09 -0.00132164556585919 0.000433189408608359 124486.919252477 386631.973467118 1.33809504672593e-16 4.59912803651422e-17
1.27378964941569e-09 -0.00129715313140558 0.000503047671217394 144562.294420276 380639.37510413 1.33809755452999e-16 4.62152177753153e-17
1.45575959933222e-09 -0.00126903609411763 0.000571719944389194 164296.84830211 373605.163923759 1.33810006233874e-16 4.64353548010921e-17
1.63772954924875e-09 -0.00123736142911655 0.0006390183074849 183636.577589198 365548.586764319 1.33810257015218e-16 4.66510892695773e-17
1.81969949916528e-09 -0.00120220584692845 0.000704758599154165 202528.55929059 356491.688156167 1.33810507797031e-16 4.68618310541399e-17
2.0016694490818e-09 -0.00116365558358778 0.000768760921290985 220921.095556454 346459.250003118 1.33810758579313e-16 4.7067003689289e-17
2.18363939899833e-09 -0.00112180616467434 0.000830850131324317 238763.855149077 335478.723773058 1.33811009362063e-16 4.726604594817e-17
2.36560934891486e-09 -0.0010767621439294 0.000890856321496314 256008.01117447 323580.155383292 1.33811260145282e-16 4.74584133783636e-17
2.54757929883139e-09 -0.00102863681716626 0.000948615283816641 272606.37469766 310796.102986166 1.33811510928971e-16 4.76435797917856e-17
2.72954924874791e-09 -0.000977551912257933 0.00100396895942051 288513.52387604 297161.547879924 1.33811761713128e-16 4.78210387046096e-17
2.91151919866444e-09 -0.000923637256050357 0.00105676587110079 303685.928257387 282713.798788572 1.33812012497753e-16 4.79903047232732e-17
3.09348914858097e-09 -0.000867030419112534 0.00110686153783048 318082.067902426 267492.389772671 1.33812263282848e-16 4.81509148727734e-17
3.27545909849749e-09 -0.000807876339295659 0.00115411887014129 331662.547005926 251538.972050417 1.33812514068412e-16 4.8302429863618e-17
3.45742904841402e-09 -0.000746326925131329 0.0011984085452763 344390.201705433 234897.200025014 1.33812764854444e-16 4.84444352939647e-17
3.63939899833055e-09 -0.000682540640154074 0.00123960936109008 356230.201782588 217612.611830209 1.33813015640945e-16 4.85765427836588e-17
3.82136894824708e-09 -0.000616682069285665 0.00127760856772776 367150.14597873 199732.504720875 1.33813266427915e-16 4.86983910370653e-17
4.00333889816361e-09 -0.000548921468467709 0.00131230217617551 377120.150663949 181305.805649597 1.33813517215354e-16 4.88096468317882e-17
4.18530884808013e-09 -0.000479434298774941 0.00134359524283793 386112.931616931 162382.937383431 1.33813768003262e-16 4.89100059305705e-17
4.36727879799666e-09 -0.000408400746284033 0.00137140212936356 394103.878691792 143015.680527194 1.33814018791639e-16 4.89991939138788e-17
4.54924874791319e-09 -0.000336005229011768 0.00139564673700764 401071.123167579 123257.031830824 1.33814269580484e-16 4.90769669308953e-17
4.73121869782972e-09 -0.000262435892271788 0.00141626271489047 406995.597596111 103161.05916856 1.33814520369798e-16 4.91431123668611e-17
4.91318864774624e-09 -0.000187884093830824 0.00143319364158176 411861.087984388 82782.7535867739 1.33814771159581e-16 4.9197449424945e-17
5.09515859766277e-09 -0.000112543880273241 0.00144639317951367 415654.278168745 62177.8788252944 1.33815021949833e-16 4.92398296210447e-17
5.2771285475793e-09 -3.66114560067801e-05 0.00145582520180033 418364.786259323 41402.8187240273 1.33815272740554e-16 4.9270137190167e-17
5.45909849749583e-09 3.97153536374703e-05 0.00146146389111632 419985.193055105 20514.4229324047 1.33815523531744e-16 4.92882894032744e-17
5.64106844741235e-09 0.000116237643741692 0.00146329381036393 420511.062351743 -430.148656114608 1.33815774323402e-16 4.92942367937309e-17
5.82303839732888e-09 0.000192755974093199 0.0014613099449354 419940.953086601 -21373.5823188061 1.3381602511553e-16 4.92879632927276e-17
6.00500834724541e-09 0.000269070914942131 0.00145551771645466 418276.423287753 -42258.5673396781 1.33816275908126e-16 4.9269486273316e-17
6.18697829716193e-09 0.000344983592731535 0.00144593296796081 415522.02581612 -63027.952837536 1.33816526701191e-16 4.92388565029306e-17
6.36894824707846e-09 0.000420296234306465 0.00143258192057389 411685.295912381 -83624.90415696 1.33816777494725e-16 4.91961580045286e-17
6.55091819699499e-09 0.000494812708112915 0.00141550110176143 406776.730582716 -103993.058394237 1.33817028288728e-16 4.91415078267269e-17
6.73288814691152e-09 0.000568339060905583 0.00139473724540202 400809.759879788 -124076.67863266 1.33817279083199e-16 4.9075055723566e-17
6.91485809682804e-09 0.000640684048495817 0.00137034716391934 393800.710157522 -143820.806465127 1.3381752987814e-16 4.89969837447764e-17
7.09682804674457e-09 0.000711659659087336 0.00134239759283655 385768.759400224 -163171.412386676 1.33817780673549e-16 4.89075057376685e-17
7.2787979966611e-09 0.000781081627767646 0.00131096500817615 376735.884748266 -182075.543645399 1.33818031469427e-16 4.88068667620088e-17
7.46076794657763e-09 0.000848769940747247 0.00127613541720529 366726.802363921 -200481.469147155 1.33818282265774e-16 4.86953424194841e-17
7.64273789649416e-09 0.000914549327966786 0.00123800412309867 355768.899801869 -218338.82101754 1.3381853306259e-16 4.85732380995875e-17
7.82470784641068e-09 0.000978249742724136 0.00119667546416337 343892.161069452 -235598.732433737 1.33818783859875e-16 4.84408881439902e-17
8.00667779632721e-09 0.00103970682700891 0.00115226252833888 331129.08458171 -252213.971349067 1.33819034657629e-16 4.82986549316854e-17
8.18864774624374e-09 0.00109876236127099 0.00110488684375368 317514.594235707 -268139.069744304 1.33819285455851e-16 4.81469278874081e-17
8.37061769616027e-09 0.00115526469739232 0.00105467804618503 303085.94384748 -283330.448052055 1.33819536254543e-16 4.79861224160429e-17
8.5525876460768e-09 0.00120906917367709 0.00100177352433198 287882.615213088 -297746.534413706 1.33819787053703e-16 4.78166787659371e-17
8.73455759599333e-09 0.00126003851072463 0.00094631804387223 271946.210072717 -311347.878442602 1.33820037853332e-16 4.76390608242282e-17
8.91652754590985e-09 0.00130804318710183 0.000888463351331441 255320.336273449 -324097.259182126 1.3382028865343e-16 4.74537548474832e-17
9.09849749582638e-09 0.00135296179378689 0.000828367758849156 238050.488442207 -335959.786963248 1.33820539453997e-16 4.72612681311219e-17
9.28046744574291e-09 0.00139468136641453 0.000766195710977388 220183.923495391 -346902.998882813 1.33820790255033e-16 4.70621276212668e-17
9.46243739565944e-09 0.0014330976944134 0.000702117334697362 201769.531325861 -356896.947641272 1.33821041056537e-16 4.68568784728166e-17
9.64440734557597e-09 0.00146811560618974 0.000636307973885716 182857.70102111 -365914.283496752 1.33821291858511e-16 4.66460825576896e-17
9.8263772954925e-09 0.00149964922957682 0.000568947709504044 163500.182978724 -373930.329111185 1.33821542660953e-16 4.64303169273191e-17
1.0008347245409e-08 0.00152762222683749 0.000500220866824731 143749.94729641 -380923.147083669 1.33821793463864e-16 4.62101722336079e-17
1.01903171953256e-08 0.00155196800357655 0.000430315511041516 123661.038824115 -386873.59998625 1.33822044267244e-16 4.59862511126629e-17
1.03722871452421e-08 0.00157262989099138 0.000359422932644991 103288.429274866 -391765.40273782 1.33822295071093e-16 4.5759166535732e-17
1.05542570951586e-08 0.00158956130096204 0.000287737123971266 82687.866799013 -395585.167172805 1.33822545875411e-16 4.55295401318572e-17
1.07362270450751e-08 0.00160272585355621 0.000215454248356188 61915.7234335081 -398322.438682658 1.33822796680198e-16 4.52980004868318e-17
1.09181969949917e-08 0.00161209747660034 0.00014277210334772 41028.8408436658 -399969.724829884 1.33823047485453e-16 4.50651814231185e-17
1.11001669449082e-08 0.00161766047704408 6.98895794453832e-05 20084.3747795159 -400522.515856282 1.33823298291178e-16 4.4831720265434e-17
1.12821368948247e-08 0.00161940958392308 -2.99388415212958e-06 -860.36132761103 -399979.297029258 1.33823549097371e-16 4.45982560967466e-17
1.14641068447412e-08 0.00161734996280211 -7.56788453018461e-05 -21748.053200278 -398341.552792417 1.33823799904033e-16 4.43654280094592e-17
1.16460767946578e-08 0.00161149720165935 -0.000147966404680482 -42521.5425527443 -395613.762709063 1.33824050711164e-16 4.41338733565633e-17
1.18280467445743e-08 0.00160187726825003 -0.000219658750064031 -63123.9835021981 -391803.389209683 1.33824301518764e-16 4.39042260075496e-17
1.20100166944908e-08 0.00158852643906634 -0.000290559697633572 -83498.9981254051 -386920.857176939 1.33824552326833e-16 4.36771146138474e-17
1.21919866444074e-08 0.00157149120008781 -0.000360475228826045 -103590.830735099 -380979.525424005 1.33824803135371e-16 4.34531608885401e-17
1.23739565943239e-08 0.00155082811959369 -0.000429214021260893 -123344.50045394 -373995.650144296 1.33825053944377e-16 4.32329779050641e-17
1.25559265442404e-08 0.0015266036933854 -0.000496587972289744 -142705.951668533 -365988.340432581 1.33825304753853e-16 4.30171684195457e-17
1.27378964941569e-08 0.00149889416284247 -0.000562412713736405 -161622.201951776 -356979.505999182 1.33825555563797e-16 4.28063232213688e-17
1.29198664440735e-08 0.00146778530630984 -0.000626508116418625 -180041.487048772 -346993.797220328 1.33825806374211e-16 4.2601019516485e-17
1.310183639399e-08 0.00143337220438732 -0.000688698783070995 -197913.402529537 -336058.537688691 1.33826057185093e-16 4.24018193478915e-17
1.32838063439065e-08 0.00139575897976341 -0.000748814528320096 -215189.041720876 -324203.649448667 1.33826307996444e-16 4.2209268057599e-17
1.34657762938231e-08 0.00135505851230542 -0.000806690844398454 -231821.129539974 -311461.571120975 1.33826558808264e-16 4.20238927942975e-17
1.36477462437396e-08 0.0013113921301854 -0.000862169351322867 -247764.151863475 -297867.169140618 1.33826809620553e-16 4.18462010708052e-17
1.38297161936561e-08 0.00126488927788719 -0.000915098230305179 -262974.480078014 -283457.642351071 1.3382706043331e-16 4.16766793752468e-17
1.40116861435726e-08 0.00121568716200284 -0.000965332639209467 -277410.490471375 -268272.420215767 1.33827311246537e-16 4.15157918397628e-17
1.41936560934892e-08 0.00116393037578782 -0.00101273510891872 -291032.678137554 -252353.054925413 1.33827562060232e-16 4.13639789703916e-17
1.43756260434057e-08 0.00110977050350225 -0.00105717591952637 -303803.765084028 -235743.107696357 1.33827812874397e-16 4.12216564416019e-17
1.45575959933222e-08 0.00105336570562078 -0.00109853345532312 -315688.802245372 -218488.029571134 1.3382806368903e-16 4.10892139587726e-17
1.47395659432388e-08 0.000994880286046253 -0.00113669453760774 -326655.26512408 -200635.037047381 1.33828314504132e-16 4.09670141917338e-17
1.49215358931553e-08 0.000934484242511378 -0.00117155473441102 -336673.142796842 -182232.982875427 1.33828565319703e-16 4.08553917822877e-17
1.51035058430718e-08 0.000872352801398597 -0.00120301864628519 -345715.020042713 -163332.222378113 1.33828816135743e-16 4.07546524284248e-17
1.52854757929883e-08 0.00080866593825118 -0.00123100016737697 -353756.152368416 -143984.47565865 1.33829066952252e-16 4.06650720477413e-17
1.54674457429049e-08 0.000743607885287558 -0.00125542272106942 -360774.533725473 -124242.686073553 1.3382931776923e-16 4.05868960223484e-17
1.56494156928214e-08 0.000677366627266543 -0.00127621946954813 -366750.956733831 -104160.87535795 1.33829568586676e-16 4.05203385273388e-17
1.58313856427379e-08 0.000610133387082959 -0.00129333349671791 -371669.065247178 -83793.9957996698 1.33829819404592e-16 4.04655819446478e-17
1.60133555926545e-08 0.000542102102501303 -0.00130671796396951 -375515.399116096 -63197.7798666575 1.33830070222976e-16 4.04227763639149e-17
1.6195325542571e-08 0.000473468895459318 -0.00131633623837012 -378279.431026535 -42428.5876991709 1.3383032104183e-16 4.03920391717101e-17
1.63772954924875e-08 0.000404431535393686 -0.00132216199292675 -379953.595312788 -21543.252884102 1.33830571861152e-16 4.03734547302496e-17
1.6559265442404e-08 0.000335188898056416 -0.00132417927864802 -380533.308666122 -598.926933444563 1.33830822680943e-16 4.03670741464814e-17
1.67412353923206e-08 0.00026594042130284 -0.00132238256820726 -380016.982682351 20347.0771075164 1.33831073501203e-16 4.03729151321711e-17
1.69232053422371e-08 0.000196885559340422 -0.00131677677108724 -378406.028214035 41237.4414943354 1.33831324321932e-16 4.03909619553721e-17
1.71051752921536e-08 0.000128223236931801 -0.00130737722016514 -375704.851515352 62015.0006306892 1.3383157514313e-16 4.04211654834129e-17
1.72871452420702e-08 6.01513050456136e-05 -0.00129420962977431 -371920.842190195 82622.8974996074 1.33831825964797e-16 4.04634433172835e-17
1.74691151919867e-08 -7.13400055531471e-06 -0.00127731002535764 -367064.352976444 103004.739250582 1.33832076786933e-16 4.05176800170549e-17
1.76510851419032e-08 -7.3438596306855e-05 -0.00125672464490491 -361148.671421735 123104.751516798 1.33832327609537e-16 4.05837274177125e-17
1.78330550918197e-08 -0.000138571081948076 -0.00123250981244385 -354189.983528196 142867.931040203 1.33832578432611e-16 4.06614050345418e-17
1.80150250417363e-08 -0.000202343264284007 -0.00120473178393091 -346207.32946564 162240.196186757 1.33832829256153e-16 4.07505005569562e-17
1.81969949916528e-08 -0.000264570672173391 -0.00117346656596357 -337222.551474382 181168.534939984 1.33833080080164e-16 4.08507704294145e-17
1.83789649415693e-08 -0.000325073061332184 -0.00113879970781014 -327260.234100215 199601.149967847 1.33833330904645e-16 4.09619405178414e-17
1.85609348914859e-08 -0.000383674907571397 -0.00110082606732601 -316347.636925097 217487.600365956 1.33833581729594e-16 4.10837068597252e-17
1.87429048414024e-08 -0.000440205887119548 -0.0010596495513971 -304514.619977596 234778.939689257 1.33833832555012e-16 4.12157364958405e-17
1.89248747913189e-08 -0.000494501342715315 -0.00101538283162047 -291793.562027199 251427.849894445 1.33834083380899e-16 4.13576683813217e-17
1.91068447412354e-08 -0.000546402734194922 -0.000968147036000223 -278219.27198605 267388.770826602 1.33834334207255e-16 4.15091143735925e-17
1.9288814691152e-08 -0.000595758072341221 -0.000918071417502278 -263828.893660555 282618.024895679 1.3383458503408e-16 4.16696602944489e-17
1.94707846410685e-08 -0.000642422334807231 -0.000865293000374933 -248661.804113485 297073.936601675 1.33834835861373e-16 4.18388670633897e-17
1.9652754590985e-08 -0.000686257862975941 -0.000809956205203034 -232759.505914678 310716.946581414 1.33835086689136e-16 4.20162718990927e-17
1.98347245409016e-08 -0.000727134738670364 -0.000752212453721717 -216165.5135752 323509.719864816 1.33835337517368e-16 4.220138958575e-17
2.00166944908181e-08 -0.000764931139682937 -0.000692219754471093 -198925.234475711 335417.248044441 1.33835588346068e-16 4.23937138007955e-17
2.01986644407346e-08 -0.00079953367315136 -0.000630142270425676 -181085.844614854 346406.945078681 1.33835839175237e-16 4.25927185003938e-17
2.03806343906511e-08 -0.000830837685868547 -0.00056614986978169 -162696.159517677 356448.736466449 1.33836090004876e-16 4.27978593588968e-17
2.05626043405677e-08 -0.000858747550677508 -0.000500417661131464 -143806.500657329 365515.141549321 1.33836340834983e-16 4.30085752583314e-17
2.07445742904842e-08 -0.000883176928167406 -0.00043312551429686 -124468.557755547 373581.348715908 1.33836591665559e-16 4.32242898238402e-17
2.09265442404007e-08 -0.00090404900295463 -0.000364457568132934 -104735.24733874 380625.283302637 1.33836842496604e-16 4.34444130008763e-17
2.11085141903173e-08 -0.000921296693902251 -0.000294601726648664 -84660.5679367131 386627.668005149 1.33837093328118e-16 4.36683426698331e-17
2.12904841402338e-08 -0.000934862837702583 -0.000223749144823567 -64299.4523202771 391572.07563495 1.33837344160101e-16 4.38954662936945e-17
2.14724540901503e-08 -0.000944700345320397 -0.00015209370552724 -43707.6171820655 395444.974076966 1.33837594992553e-16 4.41251625941929e-17
2.16544240400668e-08 -0.000950772330868674 -7.98314889731666e-05 -22941.4106719131 398235.763324947 1.33837845825474e-16 4.43568032518924e-17
2.18363939899834e-08 -0.000953052212564162 -7.16023615861723e-06 -2057.65820399412 399936.804493362 1.33838096658864e-16 4.45897546255412e-17
2.20183639398999e-08 -0.000951523785486426 6.57211922411192e-05 18886.4930423393 400543.440726384 1.33838347492722e-16 4.48233794859916e-17
2.22003338898164e-08 -0.000946181265941248 0.000138613360043456 39833.7305025039 400054.009946731 1.3383859832705e-16 4.50570387599399e-17
2.23823038397329e-08 -0.000937029307306914 0.000211316801305097 60726.7330594931 398469.849409459 1.33838849161847e-16 4.52900932787176e-17
2.25642737896495e-08 -0.000924082987319974 0.000283632566151083 81508.3279003826 395795.292048234 1.33839099997112e-16 4.55219055273452e-17
2.2746243739566e-08 -0.00090736776683522 0.000355362765192664 102121.6469673 392037.654624065 1.33839350832846e-16 4.57518413890655e-17
2.29282136894825e-08 -0.000886919420172679 0.000426311111044215 122510.282574742 387207.217708915 1.3383960166905e-16 4.597927188058e-17
2.31101836393991e-08 -0.000862783937242152 0.000496283455457365 142618.441767391 381317.19755894 1.33839852505722e-16 4.62035748732416e-17
2.32921535893156e-08 -0.000835017397713115 0.000565088320602475 162391.098996046 374383.709954318 1.33840103342863e-16 4.6424136795493e-17
2.34741235392321e-08 -0.000803685817574212 0.00063253742304364 181774.146693864 366425.726104607 1.33840354180473e-16 4.66403543118921e-17
2.36560934891486e-08 -0.000768864968502214 0.000698446188973361 200714.543340868 357465.020740259 1.33840605018552e-16 4.68516359741304e-17
2.38380634390652e-08 -0.000730640170534651 0.000762634259296959 219160.458611549 347526.112532348 1.338408558571e-16 4.70574038395246e-17
2.40200333889817e-08 -0.000689106058613421 0.000824925983184573 237061.415208356 336636.197003518 1.33841106696117e-16 4.72570950525557e-17
2.42020033388982e-08 -0.000644366323638173 0.000885150898740131 254368.426992964 324825.072113727 1.33841357535603e-16 4.74501633851239e-17
2.43839732888148e-08 -0.000596533428738 0.000943144199471958 271034.133037302 312125.056724405 1.33841608375558e-16 4.76360807313073e-17
2.45659432387313e-08 -0.000545728301537816 0.000998747185288499 287012.927227532 298570.902164138 1.33841859215982e-16 4.78143385525324e-17
2.47479131886478e-08 -0.000492080003261466 0.00105180769678502 302261.083066296 284199.697137848 1.33842110056875e-16 4.79844492692027e-17
2.49298831385643e-08 -0.000435725375577004 0.00110218053163283 316736.87333172 269050.76623968 1.33842360898236e-16 4.81459475949763e-17
2.51118530884809e-08 -0.000376808666150503 0.00114972784193158 330400.684265715 253165.562347294 1.33842611740067e-16 4.82983918100412e-17
2.52938230383974e-08 -0.000315481133932991 0.00119431951143729 343215.123979103 236587.553192008 1.33842862582366e-16 4.84413649699051e-17
2.54757929883139e-08 -0.000251900635260613 0.00123583351163368 355145.124776902 219362.102415176 1.33843113425135e-16 4.85744760463906e-17
2.56577629382305e-08 -0.000186231191900572 0.0012741562356726 366158.039123755 201536.345436281 1.33843364268372e-16 4.86973609977134e-17
2.5839732888147e-08 -0.000118642542224869 0.0013091828092695 376223.728986893 183159.060472401 1.33843615112079e-16 4.88096837647161e-17
2.60217028380635e-08 -4.93096767399733e-05 0.00134081737770326 385314.64831212 164280.535062003 1.33843865956254e-16 4.89111371905303e-17
2.620367278798e-08 2.15876407565862e-05 0.001368973368135 393405.918407133 144952.428458297 1.33844116800898e-16 4.90014438611512e-17
2.63856427378966e-08 9.38653650824135e-05 0.00139357372652784 400475.396025872 125227.630268703 1.33844367646011e-16 4.9080356864623e-17
2.65676126878131e-08 0.000167335673293161 0.00141455112851947 406503.733967576 105160.115727247 1.33844618491594e-16 4.9147660466759e-17
2.67495826377296e-08 0.000241807478644056 0.00143184816367022 411474.43402471 84804.797995916 1.33844869337645e-16 4.92031707015465e-17
2.69315525876462e-08 0.00031708695348362 0.0014454174925826 415373.892134852 64217.3778991522 1.33845120184165e-16 4.924673587462e-17
2.71135225375627e-08 0.000392978059648731 0.00145522197646209 418191.435612979 43454.1915026529 1.33845371031154e-16 4.92782369784264e-17
2.72954924874792e-08 0.000469283084909634 0.00146123477876478 419919.352362239 22572.0559535865 1.33845621878612e-16 4.92975880179445e-17
2.74774624373957e-08 0.000545803183996963 0.00146343943865359 420552.911983281 1628.11400406027 1.33845872726539e-16 4.93047362460679e-17
2.76594323873123e-08 0.000622338922730274 0.00146182991606192 420090.378724335 -19320.3223567049 1.33846123574935e-16 4.92996623080071e-17
2.78414023372288e-08 0.000698690823759136 0.00145641060824151 418533.016236617 -40215.9287336005 1.338463744238e-16 4.92823802943157e-17
2.80233722871453e-08 0.000774659912423367 0.0014471963377491 415885.084122015 -61001.5251910986 1.33846625273134e-16 4.92529377023944e-17
2.82053422370619e-08 0.000850048261238697 0.00143421231190466 412153.826282491 -81620.2327237061 1.33846876122936e-16 4.92114153065794e-17
2.83873121869784e-08 0.000924659531517918 0.00141749405383219 407349.451103062 -102015.628903231 1.33847126973208e-16 4.91579269371693e-17
2.85692821368949e-08 0.000998299510645361 0.00139708730527166 401485.103522586 -122131.902276936 1.33847377823949e-16 4.90926191689955e-17
2.87512520868114e-08 0.00107077664353449 0.001373047901428 394576.829068745 -141914.005094078 1.33847628675159e-16 4.90156709203887e-17
2.8933222036728e-08 0.00114190255681431 0.00134544161819957 386643.529955643 -161307.803942899 1.33847879526837e-16 4.89272929636378e-17
2.91151919866445e-08 0.00121149257431006 0.00131434399220416 377706.913364134 -180260.227885846 1.33848130378985e-16 4.88277273482806e-17
2.9297161936561e-08 0.00127936622240783 0.00127984011409478 367791.432046393 -198719.413687671 1.33848381231601e-16 4.87172467388058e-17
2.94791318864776e-08 0.00134534772391978 0.00124202439573106 356924.21741725 -216634.847738968 1.33848632084687e-16 4.85961536685763e-17
2.96611018363941e-08 0.00140926647909899 0.00120100031184306 345135.005315369 -233957.504286799 1.33848882938241e-16 4.84647797120171e-17
2.98430717863106e-08 0.00147095753248718 0.00115688011689452 332456.054637403 -250639.979594123 1.33849133792265e-16 4.83234845773318e-17
3.00250417362271e-08 0.00153026202431809 0.00110978453792024 318922.059067766 -266636.62166091 1.33849384646757e-16 4.81726551222308e-17
3.02070116861437e-08 0.0015870276252411 0.00105984244417815 304570.052145565 -281903.655151949 1.33849635501719e-16 4.80127042953641e-17
3.03889816360602e-08 0.00164110895317546 0.00100719049451987 289439.305928447 -296399.301189492 1.33849886357149e-16 4.78440700063558e-17
3.05709515859767e-08 0.00169236797115451 0.000951972763444802 273571.223530658 -310083.891682899 1.33850137213048e-16 4.7667213927532e-17
3.07529215358933e-08 0.00174067436507097 0.000894340346860993 257009.225829371 -322919.977882438 1.33850388069417e-16 4.74826202306203e-17
3.09348914858098e-08 0.0017859059002898 0.000834450948631432 239798.63264928 -334872.432860164 1.33850638926254e-16 4.72907942618792e-17
3.11168614357263e-08 0.00182794875615256 0.000772468449037262 221986.538750599 -345908.547637432 1.3385088978356e-16 4.70922611592818e-17
3.12988313856428e-08 0.00186669783745802 0.00070856245633871 203621.684959802 -355998.120695988 1.33851140641336e-16 4.6887564415537e-17
3.14808013355594e-08 0.00190205706206644 0.000642907842660822 184754.324795738 -365113.54062768 1.3385139149958e-16 4.66772643908823e-17
3.16627712854759e-08 0.00193393962384074 0.00057568426547402 165436.086956083 -373229.861696612 1.33851642358293e-16 4.64619367797159e-17
3.18447412353924e-08 0.00196226823020462 0.000507075675978896 145719.834040426 -380324.872106949 1.33851893217475e-16 4.62421710352652e-17
3.20267111853089e-08 0.00198697531366792 0.000437269815740491 125659.517896583 -386379.154789556 1.33852144077126e-16 4.60185687566009e-17
3.22086811352255e-08 0.00200800321673993 0.000366457702949485 105310.03198595 -391376.140541113 1.33852394937246e-16 4.57917420424135e-17
3.2390651085142e-08 0.002025304349725 0.000294833109716096 84727.061171912 -395302.15337028 1.33852645797835e-16 4.55623118160528e-17
3.25726210350585e-08 0.00203884132096825 0.000222592031827031 63966.9293423303 -398146.447926806 1.33852896658894e-16 4.53309061264177e-17
3.27545909849751e-08 0.00204858703919516 0.000149932152416454 43086.4452830885 -399901.238911148 1.33853147520421e-16 4.50981584293435e-17
3.29365609348916e-08 0.0020545247876648 7.7052301018619e-05 22142.7472244472 -400561.722384112 1.33853398382417e-16 4.48647058541896e-17
3.31185308848081e-08 0.0020566482699338 4.15190948240675e-06 1193.14648560005 -400126.088918178 1.33853649244882e-16 4.46311874603727e-17
3.33005008347246e-08 0.00205496162710573 -6.85695337633506e-05 -19705.0293547119 -398595.528554507 1.33853900107816e-16 4.4398242488614e-17
3.34824707846412e-08 0.00204947942651873 -0.000140913029600398 -40494.5933323725 -395974.227552063 1.33854150971219e-16 4.41665086116881e-17
3.36644407345577e-08 0.0020402266219021 -0.00021268061277363 -61118.6555875715 -392269.35693771 1.33854401835091e-16 4.39366201894584e-17
3.38464106844742e-08 0.00202723848511108 -0.000283675893615564 -81520.7790417651 -387491.05288862 1.33854652699432e-16 4.37092065329755e-17
3.40283806343908e-08 0.00201056050962635 -0.000353704595460307 -101645.133835914 -381652.389000645 1.33854903564242e-16 4.34848901823875e-17
3.42103505843073e-08 0.0019902482860824 -0.000422575086276393 -121436.650107384 -374769.340518537 1.33855154429521e-16 4.32642852033761e-17
3.43923205342238e-08 0.00196636735016524 -0.000490098903063704 -140841.168687432 -366860.740625866 1.33855405295269e-16 4.30479955067788e-17
3.45742904841403e-08 0.00193899300329572 -0.000556091267579465 -159805.589306914 -357948.228914257 1.33855656161485e-16 4.28366131959968e-17
3.47562604340569e-08 0.00190821010658903 -0.000620371591982037 -178278.015904631 -348056.192172909 1.33855907028171e-16 4.26307169467099e-17
3.49382303839734e-08 0.0018741128486541 -0.000682763973008824 -196207.898640691 -337211.697660448 1.33856157895326e-16 4.24308704233326e-17
3.51202003338899e-08 0.00183680448786841 -0.000743097673335973 -213546.172226275 -325444.419041661 1.3385640876295e-16 4.22376207365456e-17
3.53021702838065e-08 0.00179639706983331 -0.000801207588802627 -230245.390191241 -312786.555191791 1.33856659631043e-16 4.20514969461219e-17
3.5484140233723e-08 0.00175301112078289 -0.000856934700221175 -246259.854722175 -299272.742090565 1.33856910499605e-16 4.18730086131462e-17
3.56661101836395e-08 0.0017067753177856 -0.000910126508537094 -261545.741715556 -284939.95804703 1.33857161368636e-16 4.1702644405589e-17
3.5848080133556e-08 0.00165782613664071 -0.000960637452147576 -276061.220703846 -269827.422514542 1.33857412238136e-16 4.15408707610502e-17
3.60300500834726e-08 0.00160630747843339 -0.00100832930523693 -289766.569326307 -253976.488772781 1.33857663108105e-16 4.13881306103336e-17
3.62120200333891e-08 0.00155237027577004 -0.00105307155603869 -302624.282031302 -237430.530770448 1.33857913978542e-16 4.12448421653438e-17
3.63939899833056e-08 0.00149617207977155 -0.00109474176398929 -314599.172712599 -220234.824438287 1.33858164849449e-16 4.11113977746225e-17
3.65759599332222e-08 0.00143787662895447 -0.00113322589479599 -325658.470998828 -202436.423797206 1.33858415720825e-16 4.09881628496575e-17
3.67579298831387e-08 0.00137765340117991 -0.00116841863250197 -335771.911932558 -184084.032200495 1.3385866659267e-16 4.08754748649007e-17
3.69398998330552e-08 0.00131567714989609 -0.00120022366769481 -344911.818793608 -165227.869062497 1.33858917464984e-16 4.07736424342334e-17
3.71218697829717e-08 0.00125212742594374 -0.00122855396106946 -353053.178839916 -145919.532438392 1.33859168337767e-16 4.06829444664046e-17
3.73038397328883e-08 0.00118718808623261 -0.00125333198162445 -360173.711758705 -126211.857831141 1.33859419211019e-16 4.06036294017555e-17
3.74858096828048e-08 0.00112104679063389 -0.00127448991883968 -366253.930640608 -106158.77361195 1.3385967008474e-16 4.05359145323166e-17
3.76677796327213e-08 0.00105389448846491 -0.00129196986825477 -371277.1953099 -85815.1534498806 1.33859920958929e-16 4.04799854071409e-17
3.78497495826379e-08 0.00098592489597157 -0.00130572398994045 -375229.757864867 -65236.6661544194 1.33860171833588e-16 4.04359953244976e-17
3.80317195325544e-08 0.000917333966238144 -0.00131571463942904 -378100.800303696 -44479.6233419085 1.33860422708716e-16 4.0404064912319e-17
3.82136894824709e-08 0.000848319352975173 -0.00132191447074584 -379882.464132904 -23600.8253426754 1.33860673584313e-16 4.03842817980464e-17
3.83956594323874e-08 0.000779079869652605 -0.00132430651125934 -380569.871877264 -2657.40577053429 1.33860924460379e-16 4.03767003687803e-17
3.8577629382304e-08 0.000709814945458332 -0.00132288420814539 -380161.140432358 18293.3248200176 1.33861175336914e-16 4.03813416223903e-17
3.87595993322205e-08 0.000640724079570814 -0.00131765144633822 -378657.386223202 39194.0357610863 1.33861426213918e-16 4.03981931099932e-17
3.8941569282137e-08 0.000572006295239167 -0.00130862253791896 -376062.722154806 59987.5331539998 1.33861677091391e-16 4.04272089699561e-17
3.91235392320536e-08 0.000503859595164574 -0.00129582218297086 -372384.246363011 80616.9163779574 1.33861927969333e-16 4.04683100533325e-17
3.93055091819701e-08 0.000436480419673373 -0.00127928540200804 -367632.022796355 101025.733796431 1.33862178847744e-16 4.05213841403867e-17
3.94874791318866e-08 0.00037006310916449 -0.00125905744016286 -361819.053682099 121158.137235231 1.33862429726624e-16 4.05862862476167e-17
3.96694490818031e-08 0.000304799372302217 -0.00123519364339384 -354961.243951741 140959.034809521 1.33862680605973e-16 4.06628390244331e-17
3.98514190317197e-08 0.000240877761409621 -0.00120775930705297 -347077.357723353 160374.24168156 1.33862931485791e-16 4.07508332384097e-17
4.00333889816362e-08 0.00017848315649814 -0.00117682949722666 -338188.966959804 179350.628336642 1.33863182366078e-16 4.08500283477795e-17
4.02153589315527e-08 0.00011779625934533 -0.00114248884533924 -328320.392443356 197836.265971467 1.33863433246834e-16 4.09601531596063e-17
4.03973288814693e-08 5.89930990051988e-05 -0.00110483131658091 -317498.637228135 215780.568597094 1.33863684128059e-16 4.10809065718345e-17
4.05792988313858e-08 2.24455010430906e-06 -0.00106395995279396 -305753.312752568 233134.431467619 1.33863935009753e-16 4.12119583971847e-17
4.07612687813023e-08 -5.22841347581814e-05 -0.00101998659052059 -293116.557813957 249850.365455746 1.33864185891916e-16 4.13529502666412e-17
4.09432387312188e-08 -0.000104433777226935 -0.000973031554983932 -279622.950626914 265882.627007563 1.33864436774548e-16 4.15034966100589e-17
4.11252086811354e-08 -0.000154051708785818 -0.000923223330839697 -265309.41420627 281187.343320866 1.33864687657649e-16 4.16631857112071e-17
4.13071786310519e-08 -0.000200992188540231 -0.000870698210599213 -250215.115333383 295722.632404504 1.3386493854122e-16 4.18315808343624e-17
4.14891485809684e-08 -0.000245116802043111 -0.000815599921686045 -234381.357382287 309448.717690186 1.33865189425259e-16 4.20082214193688e-17
4.16711185308849e-08 -0.000286294840073207 -0.000758079233146602 -217851.467298963 322328.03688311 1.33865440309767e-16 4.2192624341894e-17
4.18530884808015e-08 -0.000324403656329074 -0.000698293543090952 -200670.677042985 334325.344753541 1.33865691194744e-16 4.23842852354341e-17
4.2035058430718e-08 -0.000359329003059938 -0.000636406447992742 -182885.99981597 345407.809588047 1.33865942080191e-16 4.25826798714489e-17
4.22170283806345e-08 -0.000390965343714956 -0.000572587295026794 -164546.101415508 355545.103036437 1.33866192966106e-16 4.27872655938514e-17
4.23989983305511e-08 -0.000419216141755268 -0.000507010718669328 -145701.167066602 364709.483108537 1.3386644385249e-16 4.29974828039261e-17
4.25809682804676e-08 -0.000443994124838494 -0.00043985616282888 -126402.764095019 372875.870093662 1.33866694739344e-16 4.32127564916123e-17
4.27629382303841e-08 -0.000465221523652674 -0.000371307389815543 -106703.70081833 380021.915195039 1.33866945626666e-16 4.34324978089637e-17
4.29449081803006e-08 -0.000482830284746081 -0.000301551977492181 -86657.8820407695 386128.061691328 1.33867196514457e-16 4.36561056814765e-17
4.31268781302172e-08 -0.000496762256770421 -0.000230780805983631 -66320.1615473464 391177.598457893 1.33867447402718e-16 4.38829684528787e-17
4.33088480801337e-08 -0.000506969349627761 -0.00015918753534846 -45746.192000831 395156.705701315 1.33867698291447e-16 4.41124655588785e-17
4.34908180300502e-08 -0.00051341366608561 -8.69680756425841e-05 -24992.2726523758 398054.492782008 1.33867949180646e-16 4.43439692252928e-17
4.36727879799668e-08 -0.000516067605499956 -1.43200508248943e-05 -4115.19528249012 399863.028021418 1.33868200070313e-16 4.45768461859078e-17
4.38547579298833e-08 -0.000514913939362368 5.8557742028142e-05 16827.9112060549 400577.360412214 1.3386845096045e-16 4.48104594153716e-17
4.40367278797998e-08 -0.00050994585846439 0.000131465876719067 37779.737118132 400195.533172058 1.33868701851056e-16 4.50441698723771e-17
4.42186978297163e-08 -0.000501166991550085 0.000204204843648597 58682.9487911847 398718.589103845 1.3386895274213e-16 4.52773382483643e-17
4.44006677796329e-08 -0.000488591395405674 0.000276575595764032 79480.3454860339 396150.567747732 1.33869203633674e-16 4.55093267169576e-17
4.45826377295494e-08 -0.000472243516413293 0.000348380093242946 100115.015914238 392498.494332725 1.33869454525687e-16 4.57395006793499e-17
4.47646076794659e-08 -0.000452158123674055 0.000419421845421664 120530.49397368 387772.36055806 1.33869705418168e-16 4.59672305008587e-17
4.49465776293825e-08 -0.000428380213883349 0.000489506448485548 140670.913266211 381985.097256934 1.33869956311119e-16 4.61918932339002e-17
4.5128547579299e-08 -0.000400964888218633 0.000558442117449724 160481.159974522 375152.539017388 1.33870207204539e-16 4.64128743226689e-17
4.53105175292155e-08 -0.000369977201576567 0.000626040210974504 179907.023679903 367293.380857136 1.33870458098428e-16 4.6629569284856e-17
4.5492487479132e-08 -0.000335491984571977 0.000692115747579349 198895.345708173 358429.127070882 1.33870708992786e-16 4.68413853658052e-17
4.56744574290486e-08 -0.000297593638785698 0.000756487911842769 217394.164597839 348584.032390088 1.33870959887613e-16 4.70477431605799e-17
4.58564273789651e-08 -0.000256375905821541 0.000818980549202945 235352.858292412 337785.035616195 1.33871210782909e-16 4.72480781995022e-17
4.60383973288816e-08 -0.000211941610804297 0.000879422648005052 252722.282667768 326061.685908882 1.33871461678674e-16 4.74418424928254e-17
4.62203672787982e-08 -0.000164402381020638 0.000937648807476165 269454.906015481 313446.061931078 1.33871712574908e-16 4.76285060303126e-17
4.64023372287147e-08 -0.000113878340472787 0.000993499690347129 285504.939114105 299972.684071941 1.33871963471611e-16 4.78075582316187e-17
4.65843071786312e-08 -6.04977811807682e-05 0.00104682245888278 300828.460532463 285678.419988021 1.33872214368783e-16 4.79785093435051e-17
4.67662771285477e-08 -4.39681213263904e-06 0.00109747119312731 315383.536822057 270602.38372105 1.33872465266425e-16 4.81408917800654e-17
4.69482470784643e-08 5.42810131566914e-05 0.00114530729022026 329130.337269682 254785.828668418 1.33872716164535e-16 4.82942614022935e-17
4.71302170283808e-08 0.000115385089458937 0.00119019984369034 342031.24289621 238272.034699208 1.33872967063114e-16 4.84381987334928e-17
4.73121869782973e-08 0.000178758171943321 0.0012320260016892 354050.949403283 221106.189724674 1.33873217962163e-16 4.85723101072004e-17
4.74941569282139e-08 0.000244236806457196 0.00127067130318471 365156.563786179 203335.266047225 1.3387346886168e-16 4.86962287444851e-17
4.76761268781304e-08 0.000311651776798975 0.00130602999119388 375317.69434847 185007.891826286 1.33873719761667e-16 4.88096157576706e-17
4.78580968280469e-08 0.000380828567759479 0.00133800530219808 384506.533872133 166174.218012739 1.33873970662122e-16 4.89121610777376e-17
4.80400667779634e-08 0.000451587842664634 0.00136650973094864 392697.935715517 146885.781116067 1.33874221563047e-16 4.90035843028674e-17
4.822203672788e-08 0.000523745934112764 0.00139146526993813 399869.482630912 127195.362179728 1.33874472464441e-16 4.90836354658033e-17
4.84040066777965e-08 0.000597115346563639 0.00141280362288197 406001.548113385 107156.842350659 1.33874723366303e-16 4.91520957179307e-17
4.8585976627713e-08 0.000671505269403981 0.0014304663916261 411077.350112999 86825.0554381272 1.33874974268635e-16 4.9208777928205e-17
4.87679465776296e-08 0.000746722099085467 0.00144440523596932 415082.996963419 66255.6378653866 1.33875225171436e-16 4.92535271952854e-17
4.89499165275461e-08 0.000822569968906448 0.00145458200596271 418007.525401194 45504.8764247464 1.33875476074706e-16 4.92862212714755e-17
4.91318864774626e-08 0.000898851284987658 0.00146096884632424 419842.93057169 24629.5542526449 1.33875726978445e-16 4.93067708973097e-17
4.93138564273791e-08 0.000975367266975283 0.00146354827268266 420584.187939525 3686.79544621515 1.33875977882653e-16 4.93151200458686e-17
4.94958263772957e-08 0.00105191849199176 0.00146231321944206 420229.267043538 -17266.0912534625 1.3387622878733e-16 4.93112460761568e-17
4.96777963272122e-08 0.00112830544034582 0.00145726705913599 418779.137058655 -38171.7692836697 1.33876479692476e-16 4.92951597951207e-17
4.98597662771287e-08 0.0012043290415085 0.00144842359321822 416237.764149391 -58973.0311587855 1.33876730598091e-16 4.92669054281389e-17
5.00417362270453e-08 0.00127979121886107 0.0014358070143152 412612.10062223 -79612.9550161011 1.33876981504176e-16 4.92265604980635e-17
5.02237061769618e-08 0.00135449543172412 0.00141945184004349 407912.065906556 -100035.060380334 1.33877232410729e-16 4.9174235613145e-17
5.04056761268783e-08 0.00142824721318474 0.00139940281857331 402150.519416146 -120183.462720599 1.33877483317751e-16 4.91100741644201e-17
5.05876460767948e-08 0.00150085470224988 0.00137571480619632 395343.225365493 -140003.02637689 1.33877734225243e-16 4.90342519333898e-17
5.07696160267114e-08 0.00157212916886971 0.00134845261723296 387508.809637208 -159439.515437603 1.33877985133203e-16 4.89469766110624e-17
5.09515859766279e-08 0.00164188553039434 0.0013176908466897 378668.708818528 -178439.742155223 1.33878236041633e-16 4.88484872296768e-17
5.11335559265444e-08 0.00170994285805053 0.00128351366615163 368847.111546362 -196951.71249403 1.33878486950532e-16 4.87390535086602e-17
5.13155258764609e-08 0.00177612487205248 0.00124601459346885 358070.892321378 -214924.768411547 1.33878737859899e-16 4.86189751166114e-17
5.14974958263775e-08 0.00184026042399178 0.0012052962368667 346369.537972228 -232309.726484372 1.33878988769736e-16 4.84885808513277e-17
5.1679465776294e-08 0.00190218396518655 0.00116147001418029 333775.066971121 -249059.012499043 1.33879239680042e-16 4.834822774012e-17
5.18614357262105e-08 0.00196173599970798 0.00111465584798128 320321.941821525 -265126.791639623 1.33879490590817e-16 4.81983000628769e-17
5.20434056761271e-08 0.00201876352084476 0.00106498183743139 306046.974757725 -280469.09391576 1.33879741502061e-16 4.80392083005522e-17
5.22253756260436e-08 0.00207312042981078 0.00101258390776035 290989.227014284 -295043.934487964 1.33879992413774e-16 4.7871388011952e-17
5.24073455759601e-08 0.00212466793555046 0.000957605438327649 275189.901941031 -308811.428560843 1.33880243325957e-16 4.7695298641896e-17
5.25893155258766e-08 0.00217327493454757 0.000900196870285573 258692.232256047 -321733.900529882 1.33880494238608e-16 4.75114222640123e-17
5.27712854757932e-08 0.00221881836959817 0.000840515294917371 241541.361745178 -333775.987083081 1.33880745151728e-16 4.73202622616093e-17
5.29532554257097e-08 0.00226118356656581 0.000778724023776815 223784.221731774 -344904.733975303 1.33880996065318e-16 4.71223419502296e-17
5.31352253756262e-08 0.00230026454819762 0.000714992141805507 205469.402654691 -355089.686210511 1.33881246979376e-16 4.69182031456603e-17
5.33171953255428e-08 0.00233596432414224 0.000649494044650735 186647.021105957 -364302.971385092 1.33881497893904e-16 4.67084046813134e-17
5.34991652754593e-08 0.00236819515637614 0.000582408961449981 167368.582691946 -372519.375964194 1.338817488089e-16 4.64935208790371e-17
5.36811352253758e-08 0.00239687879931186 0.000513920464387913 147686.841093325 -379716.414282349 1.33881999724366e-16 4.627413997754e-17
5.38631051752923e-08 0.0024219467139311 0.000444215966367916 127655.653709436 -385874.39007952 1.33882250640301e-16 4.60508625227297e-17
5.40450751252089e-08 0.00244334025535666 0.000373486208172749 107329.834282144 -390976.450404207 1.33882501556705e-16 4.58242997243704e-17
5.42270450751254e-08 0.00246101083334983 0.000301924736517645 86765.0029024104 -395008.63173606 1.33882752473578e-16 4.55950717835564e-17
5.44090150250419e-08 0.00247492004529408 0.000229727374424145 66017.4338100622 -397959.898201796 1.3388300339092e-16 4.53638061955781e-17
5.45909849749585e-08 0.0024850397813011 0.000157091685363935 45143.9014032222 -399822.171779814 1.33883254308731e-16 4.51311360328239e-17
5.4772954924875e-08 0.00249135230115132 8.42164326390156e-05 24201.5248787934 -400590.354410851 1.33883505227012e-16 4.4897698212419e-17
5.49549248747915e-08 0.00249385028285867 1.13010354775922e-05 3247.61192912831 -400262.341954146 1.33883756145761e-16 4.4664131753338e-17
5.5136894824708e-08 0.00249253684272625 -6.14549766659711e-05 -17660.4980774035 -398839.029950925 1.33884007064979e-16 4.44310760277647e-17
5.53188647746246e-08 0.00248742552683825 -0.000133852510113841 -38465.591002821 -396324.311179395 1.33884257984667e-16 4.41991690114802e-17
5.55008347245411e-08 0.00247854027401127 -0.000205693451775949 -59110.7345035435 -392725.065007953 1.33884508904823e-16 4.39690455380703e-17
5.56828046744576e-08 0.00246591535030625 -0.000276781211278901 -79539.4338235777 -388051.138575695 1.33884759825449e-16 4.37413355617276e-17
5.58647746243742e-08 0.00244959525528035 -0.000346921258929076 -99695.7863905591 -382315.31985174 1.33885010746544e-16 4.35166624334023e-17
5.60467445742907e-08 0.00242963460023517 -0.000415921658037759 -119524.634791599 -375533.302647057 1.33885261668108e-16 4.32956411950198e-17
5.62287145242072e-08 0.00240609795879439 -0.000483593590151649 -138971.717710326 -367723.643674522 1.33885512590141e-16 4.30788768964317e-17
5.64106844741237e-08 0.00237905969021975 -0.000549751871751433 -157983.818412079 -358907.711774711 1.33885763512643e-16 4.28669629397074e-17
5.65926544240403e-08 0.00234860373594873 -0.000614215461004515 -176508.910370937 -349109.629446331 1.33886014435614e-16 4.26604794552952e-17
5.67746243739568e-08 0.0023148233899107 -0.000676807953185149 -194496.299640065 -338356.206841301 1.33886265359055e-16 4.24599917144983e-17
5.69565943238733e-08 0.00227782104325002 -0.000737358063406285 -211896.763575789 -326676.868405058 1.33886516282964e-16 4.22660485826089e-17
5.71385642737899e-08 0.00223770790415449 -0.000795700095342119 -228662.685535778 -314103.572362849 1.33886767207342e-16 4.20791810169332e-17
5.73205342237064e-08 0.00219460369355589 -0.000851674394658679 -244748.185182734 -300670.723272297 1.3388701813219e-16 4.1899900613819e-17
5.75025041736229e-08 0.00214863631753531 -0.00090512778591165 -260109.244037004 -286415.077881534 1.33887269057507e-16 4.17286982086603e-17
5.76844741235394e-08 0.00209994151732943 -0.000955913991715822 -274703.825934549 -271375.644550495 1.33887519983292e-16 4.156604253271e-17
5.7866444073456e-08 0.00204866249789577 -0.00100389403303913 -288491.992060616 -255593.576510604 1.33887770909547e-16 4.14123789303785e-17
5.80484140233725e-08 0.00199494953605302 -0.00104893660952582 -301436.010244337 -239112.059254911 1.33888021836271e-16 4.12681281405259e-17
5.8230383973289e-08 0.00193895956926891 -0.00109091845880801 -313500.458215149 -221976.19236684 1.33888272763464e-16 4.11336851450837e-17
5.84123539232056e-08 0.00188085576622068 -0.00112972469382238 -324652.320538482 -204232.86611089 1.33888523691127e-16 4.10094180881578e-17
5.85943238731221e-08 0.00182080708030339 -0.00116524911720877 -334861.078965424 -185930.633123001 1.33888774619258e-16 4.08956672685688e-17
5.87762938230386e-08 0.00175898778730777 -0.00119739451193053 -344098.795949137 -167119.575551668 1.33889025547858e-16 4.07927442085893e-17
5.89582637729551e-08 0.00169557700853274 -0.00122607290732107 -352340.191099454 -147851.168013378 1.33889276476928e-16 4.0700930801423e-17
5.91402337228717e-08 0.0016307582206375 -0.00125120581982877 -359562.710366434 -128178.136737364 1.33889527406466e-16 4.06204785397628e-17
5.93222036727882e-08 0.00156471875357452 -0.00127272446780118 -365746.58776355 -108154.315285116 1.33889778336474e-16 4.0551607827536e-17
5.95041736227047e-08 0.00149764927797717 -0.00129056995972091 -370874.899461587 -87834.4972394606 1.33890029266951e-16 4.04945073767207e-17
5.96861435726212e-08 0.00142974328340481 -0.00130469345537797 -374933.61010521 -67274.2862663129 1.33890280197897e-16 4.04493336908858e-17
5.98681135225378e-08 0.00136119654887309 -0.00131505629953748 -377911.611225449 -46529.9439593942 1.33890531129312e-16 4.04162106368661e-17
6.00500834724543e-08 0.0012922066071182 -0.00132163012773694 -379800.751642974 -25658.2358842765 1.33890782061196e-16 4.03952291057452e-17
6.02320534223708e-08 0.00122297220406118 -0.00132439694392345 -380595.859778934 -4716.27624304363 1.3389103299355e-16 4.03864467640749e-17
6.04140233722873e-08 0.00115369275495138 -0.00132334916971845 -380294.75781231 16238.6284153642 1.33891283926372e-16 4.03898878960115e-17
6.05959933222039e-08 0.00108456779867736 -0.00131848966517509 -378898.267645019 37149.1360114467 1.33891534859664e-16 4.04055433368008e-17
6.07779632721204e-08 0.00101579645173839 -0.00130983172097132 -376410.208658419 57958.0258489611 1.33891785793424e-16 4.04333704977942e-17
6.09599332220369e-08 0.00094757686337077 -0.00129739902206008 -372837.387267366 78608.3551968726 1.33892036727654e-16 4.04732934829287e-17
6.11419031719534e-08 0.000880105673320081 -0.001281225582876 -368189.578300356 99043.6151109592 1.33892287662353e-16 4.05252032963498e-17
6.13238731218699e-08 0.000813577473742973 -0.0012613556542758 -362479.49825673 119207.885068672 1.33892538597521e-16 4.05889581406122e-17
6.15058430717865e-08 0.000748184276711134 -0.00123784360246708 -355722.770514067 139045.985994094 1.33892789533158e-16 4.06643838046405e-17
6.1687813021703e-08 0.000684114988774531 -0.00121075376025666 -347937.88258099 158503.631254255 1.33893040469264e-16 4.07512741403883e-17
6.18697829716195e-08 0.000621554894021781 -0.00118016025102551 -339146.135512329 177527.575213597 1.3389329140584e-16 4.08493916268937e-17
6.2051752921536e-08 0.000560685147052246 -0.001146146785912 -329371.585625052 196065.758940079 1.33893542342884e-16 4.09584680201849e-17
6.22337228714525e-08 0.000501682277247342 -0.00110880643475821 -318640.978674448 214067.452664199 1.33893793280398e-16 4.107820508726e-17
6.24156928213691e-08 0.000444717705697599 -0.00106824137144622 -306983.676670655 231483.394601086 1.3389404421838e-16 4.12082754221312e-17
6.25976627712856e-08 0.00038995727610742 -0.00102456259432114 -294431.577535813 248265.925755787 1.33894295156832e-16 4.13483233417014e-17
6.27796327212021e-08 0.000337560800961218 -0.000977889622465935 -281019.027821641 264369.120342843 1.33894546095753e-16 4.14979658590212e-17
6.29616026711186e-08 0.000287681624192846 -0.000928350168658984 -266782.728726311 279748.911463269 1.33894797035143e-16 4.16567937312636e-17
6.31435726210352e-08 0.000240466201555097 -0.000876079789909477 -251761.635667756 294363.211695002 1.33895047975003e-16 4.18243725795483e-17
6.33255425709517e-08 0.000196053699837597 -0.000821221516526732 -235996.851688233 308172.028266849 1.33895298915331e-16 4.20002440775521e-17
6.35075125208682e-08 0.000154575616029857 -0.000763925460738502 -219531.514981806 321137.572500716 1.33895549856128e-16 4.21839272056524e-17
6.36894824707847e-08 0.000116155417471646 -0.000704348405929216 -202410.680852527 333224.363222662 1.33895800797395e-16 4.23749195671721e-17
6.38714524207012e-08 8.09082039754612e-05 -0.00064265337762215 -184681.19842632 344399.323859763 1.33896051739131e-16 4.25726987631245e-17
6.40534223706178e-08 4.89403928456978e-05 -0.000579009197379476 -166391.582453915 354631.872957078 1.33896302681336e-16 4.27767238216958e-17
6.42353923205343e-08 2.03494276565083e-05 -0.000513590020840891 -147591.880555651 363894.007867023 1.3389655362401e-16 4.2986436678554e-17
6.44173622704508e-08 -4.77648841469838e-06 -0.000446574861164933 -128333.536271396 372160.381382103 1.33896804567153e-16 4.32012637039341e-17
6.45993322203673e-08 -2.63586339683473e-05 -0.000378147099177038 -108669.248290347 379408.371101315 1.33897055510765e-16 4.34206172723189e-17
6.47813021702839e-08 -4.43279848178031e-05 -0.000308493981564761 -88652.8262459152 385618.141340367 1.33897306454847e-16 4.36438973704228e-17
6.49632721202004e-08 -5.86254028889154e-05 -0.00023780610849332 -68339.0434702852 390772.697416295 1.33897557399397e-16 4.38704932390764e-17
6.51452420701169e-08 -6.92017980670382e-05 -0.000166276912043542 -47783.487111592 394857.932157928 1.33897808344417e-16 4.409978504452e-17
6.53272120200334e-08 -7.60182625485874e-05 -9.41021268994322e-05 -27042.4060238437 397862.66451488 1.33898059289906e-16 4.43311455745321e-17
6.55091819699499e-08 -7.90461773294372e-05 -2.14792547337921e-05 -6172.55684583544 399778.670159446 1.33898310235864e-16 4.45639419547523e-17
6.56911519198665e-08 -7.82672905387039e-05 5.13929762424472e-05 14768.9513097542 400600.703997604 1.33898561182291e-16 4.47975373805016e-17
6.5873121869783e-08 -7.36737674035066e-05 0.000124315155088265 35724.8131320852 400326.514527542 1.33898812129187e-16 4.50312928593606e-17
6.60550918196995e-08 -6.52682117079269e-05 0.000197087733809867 56637.6839250572 398956.850006378 1.33899063076553e-16 4.52645689597379e-17
6.6237061769616e-08 -5.30636586873918e-05 0.000269511573414056 77450.3365282795 396495.456408199 1.33899314024387e-16 4.54967275606437e-17
6.64190317195325e-08 -3.7083539377871e-05 0.00034138848884342 98105.8179167037 392949.067178989 1.33899564972691e-16 4.57271335978801e-17
6.66010016694491e-08 -1.73616165173918e-05 0.000412521791302133 118547.605050391 388327.384816452 1.33899815921464e-16 4.59551568018698e-17
6.67829716193656e-08 6.05810782477835e-06 0.000482716826488318 138719.759547934 382643.054325139 1.33900066870706e-16 4.61801734223677e-17
6.69649415692821e-08 3.31215126385674e-05 0.000551781507260133 158567.080760287 375911.628619496 1.33900317820417e-16 4.64015679353366e-17
6.71469115191986e-08 6.37645060537613e-05 0.000619526839277925 178035.256826096 368151.525969484 1.33900568770597e-16 4.66187347273145e-17
6.73288814691152e-08 9.79132007057293e-05 0.000685767438184069 197071.013295202 359383.979605215 1.33900819721246e-16 4.68310797526658e-17
6.75108514190317e-08 0.000135484115906384 0.000750322036905232 215622.258913589 349632.979618482 1.33901070672365e-16 4.70380221591808e-17
6.76928213689482e-08 0.000176384406067194 0.00081301398168882 233638.228170841 338925.207320169 1.33901321623953e-16 4.72389958775746e-17
6.78747913188647e-08 0.000220512114749231 0.000873671715516233 251069.620220036 327289.962233137 1.3390157257601e-16 4.74334511705367e-17
6.80567612687812e-08 0.000267756453645098 0.000932129247570041 267868.733789918 314759.081920361 1.33901823528536e-16 4.7620856137092e-17
6.82387312186978e-08 0.000317998105729379 0.0009882266074704 283989.59772015 301366.854867693 1.33902074481531e-16 4.78006981681551e-17
6.84207011686143e-08 0.000371109551748072 0.00104181028303767 299388.096762457 287149.926659629 1.33902325434995e-16 4.79724853492976e-17
6.86026711185308e-08 0.00042695541915366 0.00109273364038329 314022.09230338 272147.199704809 1.33902576388929e-16 4.81357478068871e-17
6.87846410684473e-08 0.000485392852530984 0.00114085732517935 327851.537678288 256399.726785636 1.33902827343331e-16 4.82900389939151e-17
6.89666110183638e-08 0.000546271904500336 0.00118604964400866 340838.587761092 239950.598723308 1.33903078298203e-16 4.84349369119957e-17
6.91485809682804e-08 0.000609435946028093 0.00122818692475193 352947.702529752 222844.826465628 1.33903329253544e-16 4.85700452661898e-17
6.93305509181969e-08 0.000674722095022161 0.00126715385502563 364145.744324179 205129.217920279 1.33903580209354e-16 4.86949945494955e-17
6.95125208681134e-08 0.000741961662039408 0.0013028437977445 374402.068530354 186852.249870553 1.33903831165633e-16 4.88094430540369e-17
6.96944908180299e-08 0.000810980611885477 0.00133515908294507 383688.607442531 168063.935324054 1.33904082122382e-16 4.89130778061831e-17
6.98764607679465e-08 0.000881600039843855 0.00136401127507171 391979.947073996 148815.686657346 1.33904333079599e-16 4.90056154230396e-17
7.0058430717863e-08 0.00095363666123105 0.00138932141499353 399253.396706201 129160.174931032 1.33904584037286e-16 4.90868028879673e-17
7.02404006677795e-08 0.00102690331293826 0.0014110202360901 405489.050985932 109151.185760252 1.33904834995442e-16 4.91564182430078e-17
7.0422370617696e-08 0.00110120946558707 0.00142904835381432 410669.844400568 88843.4721349714 1.33905085954067e-16 4.92142711963183e-17
7.06043405676125e-08 0.00117636174489785 0.00144335642821391 414781.597982362 68292.6045928341 1.33905336913161e-16 4.92602036429558e-17
7.07863105175291e-08 0.00125216446084389 0.00145390529896667 417813.058113907 47554.8191545434 1.33905587872725e-16 4.92940900975837e-17
7.09682804674456e-08 0.00132842014314363 0.00146066609255984 419755.927328599 26686.8634379012 1.33905838832757e-16 4.93158380379179e-17
7.11502504173621e-08 0.00140493008162538 0.00146362030132034 420604.887021783 5745.84137159733 1.33906089793259e-16 4.93253881579706e-17
7.13322203672786e-08 0.00148149486998596 0.00146275983407951 420357.612010436 -15210.9430663195 1.3390634075423e-16 4.9322714530401e-17
7.15141903171952e-08 0.00155791495145532 0.0014580870383337 419014.776901516 -36126.1426576886 1.3390659171567e-16 4.93078246775265e-17
7.16961602671117e-08 0.00163399116487388 0.00144961469383996 416580.054251535 -56942.5238721017 1.33906842677579e-16 4.92807595508005e-17
7.18781302170282e-08 0.00170952528968836 0.00143736597766436 413060.104522393 -77603.1234839595 1.33907093639958e-16 4.92415934188136e-17
7.20601001669447e-08 0.00178432058837471 0.00142137440077847 408464.557860923 -98051.4044501445 1.33907344602805e-16 4.91904336641229e-17
7.22420701168612e-08 0.00185818234480374 0.00140168371637747 402805.987752001 -118231.410621758 1.33907595566122e-16 4.91274204894673e-17
7.24240400667778e-08 0.00193091839707642 0.00137834780017082 396099.876617306 -138087.919866556 1.33907846529908e-16 4.905272653417e-17
7.26060100166943e-08 0.00200233966337055 0.00135143050297277 388364.57345384 -157566.595183069 1.33908097494163e-16 4.89665564017803e-17
7.27879799666108e-08 0.00207226065935998 0.00132100547599637 379621.243628133 -176614.133392888 1.33908348458887e-16 4.88691461002452e-17
7.29699499165273e-08 0.00214050000579041 0.00128715596932866 369893.810963479 -195178.411004217 1.33908599424081e-16 4.87607623961437e-17
7.31519198664438e-08 0.00220688092482276 0.00124997460413875 359208.892278687 -213208.626847548 1.33908850389743e-16 4.864170208475e-17
7.33338898163604e-08 0.00227123172378603 0.00120956311924187 347595.724557453 -230655.441093122 1.33909101355875e-16 4.85122911779237e-17
7.35158597662769e-08 0.00233338626501558 0.00116603209271296 335086.084947635 -247471.110269769 1.33909352322476e-16 4.83728840120481e-17
7.36978297161934e-08 0.00239318442049143 0.00111950063931159 321714.203809344 -263609.61791564 1.33909603289546e-16 4.82238622784588e-17
7.38797996661099e-08 0.00245047251003219 0.00107009608454594 307516.671049774 -279026.800503302 1.33909854257086e-16 4.80656339790142e-17
7.40617696160265e-08 0.00250510372184567 0.00101795361626799 292532.336001061 -293680.468294602 1.33910105225094e-16 4.78986323096672e-17
7.4243739565943e-08 0.00255693851428522 0.000963215914753056 276802.201115153 -307530.520794577 1.33910356193572e-16 4.77233144750919e-17
7.44257095158595e-08 0.00260584499771245 0.00090603276227596 260369.309766569 -320539.056488463 1.33910607162519e-16 4.754016043761e-17
7.4607679465776e-08 0.00265169929542126 0.000846560633252236 243278.628470059 -332670.476561509 1.33910858131935e-16 4.73496716038384e-17
7.47896494156925e-08 0.00269438588263555 0.000784962266065807 225576.92383546 -343891.582317747 1.3391110910182e-16 4.71523694526546e-17
7.49716193656091e-08 0.00273379790265293 0.000721406217754816 207312.634596455 -354171.666031139 1.33911360072174e-16 4.69487941082316e-17
7.51535893155256e-08 0.00276983745926924 0.00065606640277416 188535.739063391 -363482.594980473 1.33911611042998e-16 4.67395028620488e-17
7.53355592654421e-08 0.00280241588468357 0.000589121617096839 169297.618362888 -371798.888438033 1.33911862014291e-16 4.6525068647922e-17
7.55175292153586e-08 0.0028314539821508 0.000520755048956373 149650.915838438 -379097.787401362 1.33912112986053e-16 4.63060784742267e-17
7.56994991652752e-08 0.00285688224271745 0.000451153777569092 129649.392996748 -385359.316877282 1.33912363958284e-16 4.60831318176037e-17
7.58814691151917e-08 0.00287864103544769 0.000380508261208 109347.78239402 -390566.340547723 1.33912614930984e-16 4.5856838982543e-17
7.60634390651082e-08 0.0028966807706191 0.000309011816029052 88801.6378647163 -394704.607667748 1.33912865904154e-16 4.56278194313348e-17
7.62454090150247e-08 0.00291096203544135 0.000236860087075996 68067.1825026597 -397762.79206744 1.33913116877793e-16 4.53967000889572e-17
7.64273789649412e-08 0.00292145570192643 0.000164250512911334 47201.154810452 -399732.523150892 1.339133678519e-16 4.51641136275399e-17
7.66093489148578e-08 0.00292814300661528 9.13817853384044e-05 26260.6534382147 -400608.408807479 1.33913618826478e-16 4.49306967350976e-17
7.67913188647743e-08 0.00293101560194246 1.84533056930204e-05 5302.98093651059 -400388.050172672 1.33913869801524e-16 4.46970883732707e-17
7.69732888146908e-08 0.00293007557909833 -5.43353608075126e-05 -15614.5130489887 -399072.048198023 1.3391412077704e-16 4.44639280288416e-17
7.71552587646073e-08 0.00292533546232613 -0.000126785031164851 -36434.5887120033 -396664.002012288 1.33914371753024e-16 4.42318539638101e-17
7.73372287145238e-08 0.00291681817466952 -0.000198697449655163 -57100.2727198675 -393170.499078194 1.33914622729478e-16 4.40015014688177e-17
7.75191986644404e-08 0.00290455697526413 -0.000269875830348261 -77555.0141188538 -388601.097171742 1.33914873706401e-16 4.37735011246991e-17
7.77011686143569e-08 0.0028885953683449 -0.000340125395605719 -97742.8390839677 -382968.298233362 1.33915124683793e-16 4.35484770769189e-17
7.78831385642734e-08 0.00286898698421791 -0.000409253909084405 -117608.504089746 -376287.514162445 1.33915375661655e-16 4.33270453276149e-17
7.80651085141899e-08 0.00284579543252255 -0.000477072201786882 -137097.647082914 -368577.024648855 1.33915626639986e-16 4.31098120499227e-17
7.82470784641065e-08 0.00281909412818539 -0.000543394689719132 -156156.936243213 -359857.927156784 1.33915877618786e-16 4.28973719291925e-17
7.8429048414023e-08 0.00278896609054205 -0.000608039881739074 -174734.215925328 -350154.079197806 1.33916128598055e-16 4.26903065356402e-17
7.86110183639395e-08 0.00275550371617668 -0.000670830876206116 -192778.649382537 -339492.033051091 1.33916379577793e-16 4.24891827328828e-17
7.8792988313856e-08 0.00271880852610062 -0.000731595845072703 -210240.857881529 -327900.963109385 1.33916630558e-16 4.22945511267159e-17
7.89749582637725e-08 0.002678990887962 -0.000790168504093102 -227073.055827687 -315412.586049573 1.33916881538677e-16 4.21069445583765e-17
7.91569282136891e-08 0.00263616971404649 -0.000846388567862735 -243229.18153109 -302061.074046243 1.33917132519823e-16 4.1926876646415e-17
7.93388981636056e-08 0.00259047213589536 -0.000900102188442802 -258665.023255361 -287882.961265746 1.33917383501438e-16 4.17548403811666e-17
7.95208681135221e-08 0.00254203315643147 -0.000951162376369914 -273338.34020445 -272917.043896591 1.33917634483523e-16 4.15913067756678e-17
7.97028380634386e-08 0.00249099528054487 -0.000999429402898615 -287208.978116255 -257204.273989745 1.33917885466076e-16 4.14367235767104e-17
7.98848080133552e-08 0.00243750812514893 -0.00104477118237605 -300238.97914676 -240787.647399317 1.33918136449099e-16 4.12915140395605e-17
8.00667779632717e-08 0.00238172800977406 -0.00108706363370237 -312392.685743981 -223712.086130259 1.33918387432591e-16 4.11560757696944e-17
8.02487479131882e-08 0.00232381752881922 -0.00112619101988778 -323636.838227467 -206024.31541503 1.33918638416552e-16 4.10307796347222e-17
8.04307178631047e-08 0.00226394510663183 -0.00116204626477689 -333940.665806326 -187772.735855585 1.33918889400982e-16 4.09159687494763e-17
8.06126878130212e-08 0.00220228453663339 -0.00119453124607375 -343275.970786685 -169007.290980548 1.33919140385882e-16 4.08119575370419e-17
8.07946577629378e-08 0.00213901450575206 -0.00122355706386561 -351617.205738157 -149779.33058 1.33919391371251e-16 4.07190308682993e-17
8.09766277128543e-08 0.00207431810546351 -0.00124904428391052 -358941.543408126 -130141.470191841 1.33919642357089e-16 4.06374432823334e-17
8.11585976627708e-08 0.00200838233077797 -0.00127092315502314 -365228.939192528 -110147.44712423 1.33919893343396e-16 4.05674182898425e-17
8.13405676126873e-08 0.00194139756854459 -0.00128913379996358 -370462.185992163 -89851.9734080798 1.33920144330172e-16 4.05091477614542e-17
8.15225375626038e-08 0.00187355707647317 -0.00130362637930712 -374626.961304413 -69310.586082007 1.33920395317418e-16 4.04627914026209e-17
8.17045075125204e-08 0.00180505645429893 -0.00131436122784623 -377711.866421479 -48579.4952193933 1.33920646305133e-16 4.04284763165338e-17
8.18864774624369e-08 0.00173609310853753 -0.00132130896315148 -379708.457627878 -27715.4301134439 1.33920897293317e-16 4.04062966562497e-17
8.20684474123534e-08 0.00166686571229485 -0.00132445056599447 -380611.269311789 -6775.48404113484 1.3392114828197e-16 4.03963133669841e-17
8.22504173622699e-08 0.00159757366160981 -0.00132377743241235 -380417.828927011 14183.0419691538 1.33921399271093e-16 4.03985540192755e-17
8.24323873121865e-08 0.00152841652981792 -0.00131929139727168 -379128.663764562 35102.7959387983 1.33921650260685e-16 4.04130127334775e-17
8.2614357262103e-08 0.00145959352142863 -0.00131100472926691 -376747.299515384 55926.5318798087 1.33921901250745e-16 4.04396501957856e-17
8.27963272120195e-08 0.00139130292701094 -0.00129894009736714 -373280.250628058 76597.2664459598 1.33922152241276e-16 4.04783937657553e-17
8.2978297161936e-08 0.00132374158057895 -0.00128313050880307 -368737.002487914 97058.4348655098 1.33922403232275e-16 4.05291376750165e-17
8.31602671118525e-08 0.00125710432096217 -0.00126361921876357 -363129.985466277 117254.0457288 1.33922654223744e-16 4.05917433166419e-17
8.33422370617691e-08 0.00119158345863458 -0.00124045961204904 -356474.540910851 137128.834207167 1.33922905215682e-16 4.06660396243773e-17
8.35242070116856e-08 0.0011273682494614 -0.00121371505700542 -348788.879170289 156628.413283885 1.33923156208089e-16 4.07518235406947e-17
8.37061769616021e-08 0.00106464437680366 -0.00118345873213836 -340094.0297678 175699.422583301 1.33923407200965e-16 4.08488605723909e-17
8.38881469115186e-08 0.00100359344339783 -0.00114977342588202 -330413.783860129 194289.674390897 1.33923658194311e-16 4.09568854322072e-17
8.40701168614351e-08 0.000944392474400875 -0.00111275131007045 -319774.629139341 212348.296464684 1.33923909188125e-16 4.10756027647187e-17
8.42520868113517e-08 0.000887213432960751 -0.00107249368773124 -308205.677355552 229825.871247146 1.33924160182409e-16 4.12046879545038e-17
8.44340567612682e-08 0.000832222749637956 -0.00102911071589168 -295738.584658909 246674.571096765 1.33924411177163e-16 4.13437880143843e-17
8.46160267111847e-08 0.000779580866965821 -0.000982721104155806 -282407.464978793 262848.289169063 1.33924662172385e-16 4.14925225513048e-17
8.47979966611012e-08 0.000729441800395938 -0.000933451789877215 -268248.796677258 278302.765589019 1.33924913168077e-16 4.16504848072097e-17
8.49799666110178e-08 0.000681952716830153 -0.000881437590816355 -253301.322732147 292995.708569569 1.33925164164238e-16 4.18172427720673e-17
8.51619365609343e-08 0.00063725353189251 -0.000826820836232866 -237605.944722999 306886.91014476 1.33925415160868e-16 4.1992340365998e-17
8.53439065108508e-08 0.000595476527043222 -0.000769750977422342 -221205.610909854 319938.356200838 1.33925666157967e-16 4.21752986872703e-17
8.55258764607673e-08 0.000556745987582447 -0.000710384178763256 -204145.198711196 332114.330504171 1.33925917155536e-16 4.23656173227497e-17
8.57078464106838e-08 0.000521177862534508 -0.000648882890393092 -186471.391902632 343381.512441322 1.33926168153574e-16 4.25627757172156e-17
8.58898163606004e-08 0.000488879447343294 -0.000585415403682987 -168232.552872333 353709.068203816 1.33926419152081e-16 4.27662345977985e-17
8.60717863105169e-08 0.000459949090247187 -0.000520155390727289 -149478.59028278 363068.735168034 1.33926670151057e-16 4.29754374496392e-17
8.62537562604334e-08 0.000434475923137039 -0.000453281429108163 -130260.822500974 371434.899239361 1.33926921150503e-16 4.31898120387334e-17
8.64357262103499e-08 0.000412539617633747 -0.000384976513235664 -110631.837170784 378784.664948885 1.33927172150418e-16 4.34087719777935e-17
8.66176961602665e-08 0.000394210167052952 -0.000315427553600468 -90645.3473117303 385097.91811085 1.33927423150802e-16 4.36317183308432e-17
8.6799666110183e-08 0.000379547694853551 -0.000244824865309484 -70356.0443379503 390357.380869371 1.33927674151655e-16 4.3858041252154e-17
8.69816360600995e-08 0.000368602290094254 -0.000173361647303953 -49819.448399568 394548.658983768 1.33927925152978e-16 4.40871216550384e-17
8.7163606010016e-08 0.000361413870348484 -0.000101233453685089 -29091.7564559814 397660.28122312 1.33928176154769e-16 4.43183329059346e-17
8.73455759599325e-08 0.000358012072452817 -2.86376585939493e-05 -8229.68849681157 399683.730762202 1.3392842715703e-16 4.4551042539145e-17
8.75275459098491e-08 0.00035841617138796 4.42270838901496e-05 12709.6676686835 400613.468492904 1.33928678159761e-16 4.47846139875378e-17
8.77095158597656e-08 0.000362635027514311 0.000117161383354711 33669.0126290064 400446.948187299 1.3392892916296e-16 4.50184083244753e-17
8.78914858096821e-08 0.000370667062306531 0.000189965658675101 54590.9921671497 399184.623470875 1.33929180166629e-16 4.52517860122015e-17
8.80734557595986e-08 0.00038250026265359 0.000262440684158478 75418.3542075899 396829.946586814 1.33929431170767e-16 4.54841086519065e-17
8.82554257095151e-08 0.000398112213712567 0.000334388134716133 96094.1054840711 393389.358954703 1.33929682175374e-16 4.57147407306758e-17
8.84373956594317e-08 0.00041747016022636 0.000405611128572375 116561.667499461 388872.273549476 1.33929933180451e-16 4.59430513605476e-17
8.86193656093482e-08 0.000440531096137566 0.000475914766024882 136765.031350903 383291.049148816 1.33930184185997e-16 4.61684160049157e-17
8.88013355592647e-08 0.000467241882253353 0.000545106662782208 156648.91099659 376660.956519451 1.33930435192012e-16 4.63902181875565e-17
8.89833055091812e-08 0.000497539391639398 0.000612997476418982 176158.89454475 369000.136634865 1.33930686198496e-16 4.66078511796023e-17
8.91652754590978e-08 0.000531350682345087 0.000679401424508171 195241.593150842 360329.551038752 1.33930937205449e-16 4.68207196598438e-17
8.93472454090143e-08 0.000568593196987348 0.000744136793012542 213844.787115514 350672.924490018 1.33931188212872e-16 4.70282413438201e-17
8.95292153589308e-08 0.00060917498864705 0.000807026433544126 231917.568783523 340056.680046269 1.33931439220764e-16 4.72298485772369e-17
8.97111853088473e-08 0.000652994972459833 0.000867898248130916 249410.481852569 328509.866763407 1.33931690229126e-16 4.74249898893526e-17
8.98931552587638e-08 0.000699943202212966 0.00092658566016426 266275.656710842 316064.080209178 1.33931941237956e-16 4.76131315020824e-17
9.00751252086804e-08 0.000749901171191385 0.000982928070238179 282466.941432909 302753.376008156 1.33932192247256e-16 4.77937587906899e-17
9.02570951585969e-08 0.000802742136449699 0.0010367712956332 297940.028075485 288614.17665474 1.33932443257025e-16 4.79663776920687e-17
9.04390651085134e-08 0.000858331465622854 0.00108796799224208 312652.573927466 273685.17184915 1.33932694267263e-16 4.81305160567617e-17
9.06210350584299e-08 0.000916527005326477 0.00113637805778272 326564.317382425 258007.212629129 1.33932945277971e-16 4.8285724941016e-17
9.08030050083465e-08 0.000977179470138812 0.001181869015195 339637.188116482 241623.199587063 1.33933196289148e-16 4.84315798353401e-17
9.0984974958263e-08 0.00104013285109987 0.00122431637517219 351835.411270039 224577.965478367 1.33933447300794e-16 4.85676818261998e-17
9.11669449081795e-08 0.00110522484261 0.00126360397683504 363125.605348278 206918.152542388 1.33933698312909e-16 4.86936586876733e-17
9.1348914858096e-08 0.00117228728655966 0.001299624305616 373476.873572514 188692.084871512 1.33933949325494e-16 4.88091659000806e-17
9.15308848080125e-08 0.00124114663247523 0.00133227878748398 382860.888432412 169949.636177718 1.33934200338548e-16 4.89138875927963e-17
9.17128547579291e-08 0.00131162441242154 0.00136147805870421 391251.96920768 150742.093318422 1.33934451352071e-16 4.90075374086688e-17
9.18948247078456e-08 0.00138353772936175 0.00138714221039505 398627.15224709 131122.01595507 1.33934702366063e-16 4.90898592876777e-17
9.20767946577621e-08 0.00145669975763811 0.00140920100721257 404966.253812504 111143.09272849 1.33934953380525e-16 4.9160628167687e-17
9.22587646076786e-08 0.00153092025420421 0.00142759407956433 410251.925315911 90859.9943445815 1.33935204395456e-16 4.92196506003747e-17
9.24407345575951e-08 0.00160600607920967 0.00144227108882633 414469.700798316 70328.2239723551 1.33935455410856e-16 4.92667652806539e-17
9.26227045075117e-08 0.00168176172451275 0.00145319186511102 417608.036520546 49603.9653636978 1.33935706426726e-16 4.93018434881371e-17
9.28046744574282e-08 0.00175798984867471 0.00146032651720934 419658.3425576 28743.9291104698 1.33935957443065e-16 4.93247894394338e-17
9.29866444073447e-08 0.00183449181697187 0.00146365551440576 420615.0063101 7805.19745964149 1.33936208459873e-16 4.93355405503194e-17
9.31686143572612e-08 0.00191106824494771 0.00146316973994257 420475.407868467 -13154.9318888752 1.3393645947715e-16 4.93340676070553e-17
9.33505843071778e-08 0.00198751954401757 0.00145887051598692 419239.927187776 -34079.1025742655 1.33936710494897e-16 4.93203748463941e-17
9.35325542570943e-08 0.002063646467633 0.00145076960003226 416911.943053633 -54910.0565276654 1.33936961513113e-16 4.92944999440476e-17
9.37145242070108e-08 0.00213925065651112 0.00143888915274404 413497.823841893 -75590.790656338 1.33937212531798e-16 4.92565139116522e-17
9.38964941569273e-08 0.00221413518143704 0.00142326167733756 409006.910097497 -96064.7128304124 1.33937463550952e-16 4.92065209025112e-17
9.40784641068438e-08 0.00228810508215405 0.00140392993065379 403451.488980061 -116275.796745334 1.33937714570576e-16 4.91446579266456e-17
9.42604340567604e-08 0.00236096790086675 0.00138094680617645 396846.760646162 -136168.73523625 1.33937965590669e-16 4.90710944759348e-17
9.44424040066769e-08 0.00243253420889739 0.00135437518931047 389210.796660272 -155689.091624791 1.33938216611231e-16 4.89860320603702e-17
9.46243739565934e-08 0.00250261812505416 0.00132428778531774 380564.490548144 -174783.448684085 1.33938467632263e-16 4.88897036566931e-17
9.48063439065099e-08 0.00257103782429285 0.00129076692038096 370931.500627951 -193399.554814381 1.33938718653764e-16 4.87823730709232e-17
9.49883138564265e-08 0.00263761603528009 0.0012539043163399 360338.185275581 -211486.467029247 1.33938969675734e-16 4.86643342165241e-17
9.5170283806343e-08 0.00270218052549642 0.00121380083971655 348813.530801242 -228994.690361092 1.33939220698173e-16 4.85359103101787e-17
9.53522537562595e-08 0.00276456457255189 0.00117056622571572 336389.072134711 -245876.313304501 1.33939471721082e-16 4.83974529873773e-17
9.5534223706176e-08 0.00282460742042426 0.00112431877795643 323098.806536254 -262085.138926764 1.3393972274446e-16 4.82493413402368e-17
9.57161936560925e-08 0.00288215471937139 0.0010751850447557 308979.100569339 -277576.811286795 1.33939973768307e-16 4.80919808801841e-17
9.58981636060091e-08 0.00293705894831396 0.00102329947285049 294068.590589691 -292308.936816509 1.33940224792623e-16 4.79258024283432e-17
9.60801335559256e-08 0.00298917981853271 0.000968804039505316 278408.077022974 -306241.200332476 1.33940475817409e-16 4.77512609366606e-17
9.62621035058421e-08 0.00303838465757537 0.000911847864012293 262040.412720405 -319335.475360401 1.33940726842664e-16 4.75688342429957e-17
9.64440734557586e-08 0.00308454877232278 0.000852586799646606 245010.385697799 -331555.928470502 1.33940977868389e-16 4.73790217635838e-17
9.66260434056751e-08 0.00312755579022064 0.000791183007193993 227364.596578898 -342869.117338281 1.33941228894582e-16 4.71823431264465e-17
9.68080133555917e-08 0.00316729797774302 0.00072780451121723 209151.331078366 -353244.082262332 1.33941479921245e-16 4.69793367494929e-17
9.69899833055082e-08 0.00320367653521621 0.000662624740275842 190420.427873363 -362652.430888737 1.33941730948378e-16 4.67705583671991e-17
9.71719532554247e-08 0.00323660186719604 0.000595822052357167 171223.142225276 -371068.415910193 1.33941981975979e-16 4.65565795098997e-17
9.73539232053412e-08 0.0032659938276588 0.000527579246817389 151612.005724768 -378469.005527252 1.3394223300405e-16 4.63379859398516e-17
9.75358931552578e-08 0.00329178193933467 0.000458083064168071 131640.682543959 -384833.946478817 1.3394248403259e-16 4.61153760483502e-17
9.77178631051743e-08 0.00331390558658353 0.000387523675076953 111363.822589076 -390145.81946943 1.339427350616e-16 4.58893592182831e-17
9.78998330550908e-08 0.00333231418128521 0.000316094159981349 90836.9119554201 -394390.086841647 1.33942986091078e-16 4.56605541566036e-17
9.80818030050073e-08 0.00334696730129022 0.000243989980738115 70116.1210938557 -397555.132363034 1.33943237121026e-16 4.5429587201286e-17
9.82637729549238e-08 0.00335783480105209 0.000171408445755996 49258.1511043151 -399632.2930189 1.33943488151444e-16 4.5197090607395e-17
9.84457429048404e-08 0.00336489689413839 9.85481700739593e-05 28320.0785769161 -400615.882723745 1.3394373918233e-16 4.49637008169617e-17
9.86277128547569e-08 0.00336814420739477 2.56085318630019e-05 7359.19940527985 -400503.20788653 1.33943990213686e-16 4.47300567173972e-17
9.88096828046734e-08 0.00336757780661361 -4.72108731613465e-05 -13567.1280005574 -399294.574787158 1.33944241245511e-16 4.44967978932122e-17
9.89916527545899e-08 0.00336320919363704 -0.000119710777922832 -34401.6396725984 -396993.288743958 1.33944492277806e-16 4.4264562875826e-17
9.91736227045064e-08 0.0033550602749022 -0.000191692789270006 -55087.322785197 -393605.645074447 1.3394474331057e-16 4.40339873962531e-17
9.9355592654423e-08 0.00334316330151478 -0.000262959930871313 -75567.5716684233 -389140.91187408 1.33944994343803e-16 4.38057026454502e-17
9.95375626043395e-08 0.00332756078101473 -0.000333317182234143 -95786.3427075586 -383611.304660106 1.33945245377505e-16 4.3580333547084e-17
9.9719532554256e-08 0.00330830536107555 -0.00040257201237282 -115688.307704842 -377031.952949891 1.33945496411677e-16 4.33584970474448e-17
9.99015025041725e-08 0.0032854596854554 -0.00047053490666518 -135219.005283801 -369420.858865162 1.33945747446318e-16 4.31408004271881e-17
1.00083472454089e-07 0.00325909622259411 -0.000537019885455991 -154324.989921844 -360798.84787542 1.33945998481428e-16 4.29278396395209e-17
1.00265442404006e-07 0.0032292970673251 -0.00060184501298808 -172953.978203306 -351189.511815309 1.33946249517008e-16 4.27201976793836e-17
1.00447412353922e-07 0.00319615371624473 -0.000664832895268464 -191054.991892706 -340619.144331854 1.33946500553057e-16 4.25184429880873e-17
1.00629382303839e-07 0.00315976681735381 -0.000725811165507108 -208578.497436713 -329116.668938185 1.33946751589575e-16 4.23231278977741e-17
1.00811352253755e-07 0.00312024589465618 -0.000784612955799867 -225476.541513072 -316713.559870639 1.33947002626563e-16 4.21347871199558e-17
1.00993322203672e-07 0.00307770904846812 -0.000841077353764886 -241702.882255548 -303443.755965766 1.3394725366402e-16 4.1953936282269e-17
1.01175292153588e-07 0.00303228263225839 -0.000895049842882839 -257213.115795806 -289343.567792919 1.33947504701946e-16 4.17810705174481e-17
1.01357262103505e-07 0.00298410090690345 -0.000946382725336019 -271964.797775924 -274451.578296538 1.33947755740341e-16 4.16166631083803e-17
1.01539232053421e-07 0.00293330567330364 -0.000994935526189168 -285917.559499035 -258808.537219999 1.33948006779206e-16 4.14611641929481e-17
1.01721202003338e-07 0.00288004588436592 -0.00104057537780599 -299033.21840023 -242457.249599919 1.3394825781854e-16 4.13149995322052e-17
1.01903171953254e-07 0.00282447723741457 -0.00108317738344933 -311275.882535428 -225442.458636048 1.33948508858344e-16 4.11785693452561e-17
1.02085141903171e-07 0.00276676174814554 -0.00112262495907015 -322612.048802259 -207810.723257243 1.33948759898616e-16 4.10522472140277e-17
1.02267111853087e-07 0.00270706730728993 -0.00115881015234972 -333010.694624187 -189610.290718563 1.33949010939358e-16 4.093637906093e-17
1.02449081803004e-07 0.00264556722119995 -0.00119163393812219 -342443.362846952 -170890.964578095 1.3394926198057e-16 4.08312822022045e-17
1.0263105175292e-07 0.00258243973761445 -0.00122100648936897 -350884.239615025 -151703.968414788 1.3394951302225e-16 4.07372444795496e-17
1.02813021702837e-07 0.00251786755790162 -0.00124684742304329 -358310.225014939 -132101.805660212 1.339497640644e-16 4.06545234724002e-17
1.02994991652753e-07 0.00245203733711374 -0.00126908602005224 -364700.996292186 -112138.115927796 1.3395001510702e-16 4.05833457930179e-17
1.0317696160267e-07 0.00238513917322181 -0.00128766141879431 -370039.063468656 -91867.5282326911 1.33950266150109e-16 4.05239064663183e-17
1.03358931552586e-07 0.00231736608692793 -0.0013025227817227 -374309.817208438 -71345.5115039121 1.33950517193666e-16 4.04763683961366e-17
1.03540901502503e-07 0.00224891349347873 -0.00131362943447858 -377501.568800954 -50628.2227978083 1.33950768237694e-16 4.04408619193881e-17
1.03722871452419e-07 0.00217997866792532 -0.00132095097721357 -379605.582152024 -29772.3536282272 1.3395101928219e-16 4.0417484449347e-17
1.03904841402336e-07 0.0021107602052929 -0.00132446736779668 -380616.097695295 -8834.97483387277 1.33951270327156e-16 4.04063002090178e-17
1.04086811352253e-07 0.00204145747713737 -0.00132416897667801 -380530.348158586 12126.6195926321 1.33951521372592e-16 4.04073400553302e-17
1.04268781302169e-07 0.00197227008597598 -0.00132005661325903 -379348.566141987 33055.069286624 1.33951772418496e-16 4.04206013946382e-17
1.04450751252086e-07 0.0019033973190849 -0.00131214152369723 -377073.983486973 53893.1044751954 1.3395202346487e-16 4.04460481897547e-17
1.04632721202002e-07 0.00183503760315846 -0.00130044536015101 -373712.822438229 74583.7026933835 1.33952274511713e-16 4.04836110585033e-17
1.04814691151919e-07 0.00176738796132228 -0.00128500012154904 -369274.278622361 95070.2448239065 1.33952525559026e-16 4.05331874635169e-17
1.04996661101835e-07 0.00170064347398624 -0.00126584806604609 -363770.495890059 115296.670033449 1.33952776606808e-16 4.05946419927646e-17
1.05178631051752e-07 0.00163499674501248 -0.00124304159540472 -357216.533090537 135207.62918152 1.33953027655059e-16 4.06678067300382e-17
1.05360601001668e-07 0.0015706373746595 -0.00121664311161934 -349630.322869155 154748.636282083 1.3395327870378e-16 4.07524817143869e-17
1.05542570951585e-07 0.00150775144074436 -0.00118672484617477 -341032.622600959 173866.217603491 1.3395352975297e-16 4.08484354872408e-17
1.05724540901501e-07 0.00144652098944302 -0.00115336866240662 -331446.957594383 192508.057998709 1.33953780802629e-16 4.09554057257272e-17
1.05906510851418e-07 0.00138712353712202 -0.00111666583150413 -320899.556720539 210623.144065402 1.33954031852758e-16 4.10730999604474e-17
1.06088480801334e-07 0.00132973158456491 -0.00107671678276847 -309419.280644202 228161.903744128 1.33954282903355e-16 4.12011963757485e-17
1.06270450751251e-07 0.00127451214492266 -0.00103363082880987 -297037.542852895 245076.341972624 1.33954533954423e-16 4.13393446903025e-17
1.06452420701167e-07 0.00122162628667981 -0.000987525866435409 -283788.223700133 261320.172024966 1.33954785005959e-16 4.14871671155808e-17
1.06634390651084e-07 0.00117122869288708 -0.000938528054046056 -269707.577698061 276848.942176197 1.33955036057965e-16 4.16442593896032e-17
1.06816360601e-07 0.00112346723786662 -0.000886771466425632 -254834.134313131 291620.157345798 1.3395528711044e-16 4.18101918831325e-17
1.06998330550917e-07 0.00107848258254816 -0.000832397727866308 -239208.592536302 305593.395387115 1.33955538163385e-16 4.19845107752869e-17
1.07180300500833e-07 0.0010364077895436 -0.000775555624634555 -222873.709516229 318730.417704529 1.33955789216799e-16 4.2166739295354e-17
1.0736227045075e-07 0.000997367959013256 -0.000716400697837971 -205874.183560205 330995.273895641 1.33956040270682e-16 4.23563790274088e-17
1.07544240400666e-07 0.000961479886320294 -0.00065509481780703 -188256.531822986 342354.400132121 1.33956291325035e-16 4.25529112741641e-17
1.07726210350583e-07 0.000928851742410253 -0.000591805741156429 -170068.963018204 352776.711009999 1.33956542379857e-16 4.2755798476324e-17
1.07908180300499e-07 0.000899582777790245 -0.000526706651738066 -151361.245500668 362233.684618029 1.33956793435148e-16 4.29644856835533e-17
1.08090150250416e-07 0.000873763050917969 -0.000459975686741778 -132184.571080534 370699.440591343 1.33957044490909e-16 4.31784020730409e-17
1.08272120200333e-07 0.000851473181743824 -0.000391795449240624 -112591.414942005 378150.810936783 1.33957295547139e-16 4.33969625114996e-17
1.08454090150249e-07 0.000832784131080588 -0.000322352508514578 -92635.3920498722 384567.403436082 1.33957546603838e-16 4.36195691563286e-17
1.08636060100166e-07 0.000817757006404462 -0.000251836889519945 -72371.1104368385 389931.657453399 1.33957797661007e-16 4.38456130915579e-17
1.08818030050082e-07 0.000806442894618933 -0.000180441552901537 -51854.0217730789 394228.891994455 1.33958048718645e-16 4.40744759940973e-17
1.08999999999999e-07 0.000798882722239152 -0.000108361866970494 -31140.2696269503 397447.345885764 1.33958299776752e-16 4.43055318257305e-17
