0 -0.00139 0 0 400000 1.33808e-16 4.46026666666667e-17
2.17564870259481e-10 -0.00138727947056294 8.71619745756453e-05 25047.9939612159 400468.638605502 1.33808512442471e-16 4.48821393121537e-17
4.35129740518962e-10 -0.00137910619020665 0.000174255548936418 50076.3315507466 399370.304081241 1.33809024886899e-16 4.51613927766448e-17
6.52694610778443e-10 -0.00136549509295839 0.000260939938465987 74987.0804873019 396709.288062725 1.33809537333285e-16 4.54393350499153e-17
8.70259481037924e-10 -0.00134648239028071 0.000346875958326275 99682.7682225921 392495.996744852 1.33810049781628e-16 4.57148792480701e-17
1.08782435129741e-09 -0.00132212542946257 0.000431727350643995 124066.763338839 386746.910187357 1.33810562231929e-16 4.598694786638e-17
1.30538922155689e-09 -0.0012925024693086 0.000515162100249456 148043.653656525 379484.517853967 1.33811074684188e-16 4.62544769954353e-17
1.52295409181637e-09 -0.00125771237400376 0.000596853733819333 171519.619572881 370737.230637389 1.33811587138404e-16 4.65164204841188e-17
1.74051896207585e-09 -0.00121787422635102 0.000676482597339966 194402.801170291 360539.269714283 1.33812099594578e-16 4.6771754033109e-17
1.95808383233533e-09 -0.00117312686189515 0.000753737106892579 216603.657658129 348930.532665029 1.3381261205271e-16 4.70194792028966e-17
2.17564870259481e-09 -0.00112362832575502 0.000828314967866187 238035.317741577 335956.437382034 1.33813124512799e-16 4.72586273206301e-17
2.39321357285429e-09 -0.00106955525428973 0.00089992435782746 258613.919546423 321667.744377295 1.33813636974846e-16 4.74882632705044e-17
2.61077844311377e-09 -0.00101110218401749 0.000968285068419022 278258.938769752 306120.358184376 1.33814149438851e-16 4.77074891528589e-17
2.82834331337325e-09 -0.000948480790491197 0.00103312960181792 296893.503772452 289375.108631842 1.33814661904813e-16 4.79154477976697e-17
3.04590818363273e-09 -0.000881919060108599 0.00109420421746388 314444.696380597 271497.512843894 1.33815174372733e-16 4.81113261186856e-17
3.26347305389222e-09 -0.000811660398097322 0.00115126992496131 330843.837218643 252557.5188994 1.33815686842611e-16 4.8294358295083e-17
3.4810379241517e-09 -0.000737962676164909 0.00120410341927001 346026.754457923 232629.232152266 1.33816199314446e-16 4.84638287681909e-17
3.69860279441118e-09 -0.000661097223539985 0.00125249795452485 359934.034928802 211790.625283967 1.33816711788239e-16 4.86190750415592e-17
3.91616766467066e-09 -0.000581347765352283 0.00129626415306523 372511.256613853 190123.233222672 1.3381722426399e-16 4.87594902734123e-17
4.13373253493014e-09 -0.000499009312505267 0.00133523074650835 383709.201612282 167711.834122667 1.33817736741699e-16 4.88845256513443e-17
4.35129740518962e-09 -0.000414387007384937 0.00136924524596644 393484.048742214 144644.117652286 1.33818249221365e-16 4.89936925399632e-17
4.5688622754491e-09 -0.000327794929921236 0.00139817453878507 401797.545027161 121010.341888251 1.33818761702989e-16 4.90865643930793e-17
4.78642714570858e-09 -0.000239554868673585 0.00142190540946743 408617.155395561 96902.980158897 1.33819274186571e-16 4.91627784229544e-17
5.00399201596807e-09 -0.000149995061748999 0.00144034498274596 413916.190007577 72416.3592180905 1.33819786672111e-16 4.92220370200813e-17
5.22155688622755e-09 -5.9448912479258e-05 0.00145342108706728 417673.908710846 47646.2901655883 1.33820299159608e-16 4.92641089179343e-17
5.43912175648703e-09 3.17463151175928e-05 0.00146108253706801 419875.602216376 22689.6935579572 1.33820811649063e-16 4.9288830098135e-17
5.65668662674651e-09 0.000123250815987026 0.0014632993339357 420512.64967687 -2355.77982308025 1.33821324140476e-16 4.92961044324888e-17
5.87425149700599e-09 0.000214723573635555 0.00146006278287073 419582.552442093 -27392.1310610113 1.33821836633846e-16 4.92859040593798e-17
6.09181636726547e-09 0.000305823694473522 0.00145138552718917 417088.943859111 -52321.3965585595 1.33822349129175e-16 4.92582694930499e-17
6.30938123752495e-09 0.00039621174168208 0.00143730149893287 413041.575078962 -77046.0313549763 1.33822861626461e-16 4.92133094653342e-17
6.52694610778444e-09 0.000485551063385132 0.00141786578617964 407456.27692521 -101469.290806734 1.33823374125705e-16 4.91512005004691e-17
6.74451097804392e-09 0.000573509109929283 0.00139315441757258 400354.897973476 -125495.609138155 1.33823886626907e-16 4.90721862246386e-17
6.9620758483034e-09 0.000659758735117425 0.00136326406491114 391765.219084173 -149030.973380743 1.33824399130067e-16 4.89765764129568e-17
7.17964071856288e-09 0.000743979476304361 0.00132831166496743 381720.844722734 -171983.291238052 1.33824911635184e-16 4.88647457776164e-17
7.39720558882236e-09 0.000825858808345564 0.00128843396200726 370261.071492532 -194262.751436632 1.3382542414226e-16 4.87371325019426e-17
7.61477045908184e-09 0.000905093366492455 0.00124378697280557 357430.73439479 -215782.175153066 1.33825936651293e-16 4.85942365260891e-17
7.83233532934132e-09 0.000981390133449067 0.00119454537624936 343280.031416967 -236457.357141937 1.33826449162284e-16 4.84366175910814e-17
8.0499001996008e-09 0.00105446758594519 0.00114090182991617 327864.3271359 -256207.395229948 1.33826961675233e-16 4.8264893048861e-17
8.26746506986029e-09 0.00112405679633943 0.00108306621630196 311243.93610409 -274955.006886841 1.3382747419014e-16 4.80797354468978e-17
8.48502994011977e-09 0.00118990248494171 0.00102126482164759 293483.886866634 -292626.831634416 1.33827986707004e-16 4.78818698968223e-17
8.70259481037925e-09 0.00125176401893726 0.000955739450576653 274653.66753209 -309153.718110276 1.33828499225827e-16 4.76720712373701e-17
8.92015968063873e-09 0.00130941635400344 0.000886746480008815 254826.953892764 -324470.994663025 1.33829011746607e-16 4.74511610027426e-17
9.13772455089821e-09 0.0013626509149346 0.000814555856050289 234081.321158156 -338518.722420047 1.33829524269346e-16 4.72200042082427e-17
9.35528942115769e-09 0.0014112764118292 0.000739450037786228 212497.940429468 -351241.929837587 1.33830036794042e-16 4.69795059657628e-17
9.57285429141717e-09 0.00145511958864501 0.000661722892107645 190161.261102751 -362590.827815293 1.33830549320696e-16 4.67306079423684e-17
9.79041916167666e-09 0.00149402590119351 0.00058167854389704 167158.680443353 -372521.004533447 1.33831061849308e-16 4.6474284675833e-17
1.00079840319361e-08 0.00152786012192003 0.000499630186071627 143580.20162453 -380993.599250431 1.33831574379878e-16 4.62115397615406e-17
1.02255489021956e-08 0.00155650686910307 0.000415898854140121 119518.081568212 -387975.454380302 1.33832086912406e-16 4.59434019256752e-17
1.04431137724551e-08 0.00157987105840187 0.000330812170067943 95066.4699658362 -393439.245255338 1.33832599446892e-16 4.5670921000063e-17
1.06606786427146e-08 0.00159787827498499 0.000244703060365782 70321.0408916757 -397363.587065731 1.33833111983336e-16 4.53951638144146e-17
1.08782435129741e-08 0.00161047506478353 0.000157908453417361 45378.6184500711 -399733.118557891 1.33833624521737e-16 4.51172100220431e-17
1.10958083832335e-08 0.00161762914372916 7.07679611434824e-05 20336.7979213359 -400538.562163792 1.33834137062097e-16 4.48381478753872e-17
1.1313373253493e-08 0.0016193295241578 -1.63774498392505e-05 -4706.43611128424 -399776.760325966 1.33834649604415e-16 4.45590699678734e-17
1.15309381237525e-08 0.00161558655788407 -0.000103186792365511 -29653.0931593964 -397450.687875942 1.33835162148691e-16 4.42810689587742e-17
1.1748502994012e-08 0.00160643189577769 -0.000189320392953829 -54405.5602518159 -393569.440417594 1.33835674694924e-16 4.40052332977935e-17
1.19660678642715e-08 0.00159191836399965 -0.000274441220904015 -78866.983881217 -388148.198760767 1.33836187243116e-16 4.37326429661072e-17
1.2183632734531e-08 0.0015721197573821 -0.000358216207058847 -102941.648980572 -381208.169544236 1.33836699793266e-16 4.34643652505225e-17
1.24011976047904e-08 0.00154713055076012 -0.000440317547069863 -126535.35344649 -372776.502280274 1.33837212345373e-16 4.32014505672938e-17
1.26187624750499e-08 0.00151706552938455 -0.000520423984067701 -149555.77674398 -362886.1831453 1.33837724899439e-16 4.29449283519332e-17
1.28363273453094e-08 0.00148205933986182 -0.000598222065718028 -171912.841150321 -351575.905932114 1.33838237455463e-16 4.26958030311008e-17
1.30538922155689e-08 0.00144226596337739 -0.000673407370744261 -193519.064224522 -338889.920668582 1.33838750013445e-16 4.24550500923353e-17
1.32714570858284e-08 0.00139785811326389 -0.000745685700117777 -214289.901123168 -324877.860495 1.33839262573384e-16 4.22236122670041e-17
1.34890219560878e-08 0.0013490265592708 -0.000814774228254521 -234144.075423184 -309594.547477484 1.33839775135282e-16 4.20023958414087e-17
1.37065868263473e-08 0.00129597938117942 -0.000880402609713396 -253003.897157025 -293099.778117097 1.33840287699138e-16 4.17922671104805e-17
1.39241516966068e-08 0.0012389411546834 -0.000942314037065906 -270795.566815795 -275458.089393938 1.33840800264952e-16 4.15940489879434e-17
1.41417165668663e-08 0.0011781520727201 -0.0010002662457976 -287449.46413074 -256738.506261534 1.33841312832724e-16 4.14085177862076e-17
1.43592814371258e-08 0.00111386700569056 -0.00105403246230907 -302900.420503094 -237014.271579484 1.33841825402454e-16 4.1236400178595e-17
1.45768463073852e-08 0.00104635450424517 -0.00110340229130686 -317087.974016235 -216362.559541031 1.33842337974143e-16 4.10783703557839e-17
1.47944111776447e-08 0.000975895748536715 -0.00114818253911194 -329956.606032252 -194864.173716802 1.33842850547789e-16 4.09350473875994e-17
1.50119760479042e-08 0.000902783448051988 -0.00118819796966385 -341455.958447103 -172603.230896183 1.33843363123393e-16 4.08069928004736e-17
1.52295409181637e-08 0.000827320696326656 -0.00122329199026225 -351541.030754188 -149666.831963338 1.33843875700956e-16 4.06947083800556e-17
1.54471057884232e-08 0.000749819785024468 -0.0012533272643624 -360172.356145182 -126144.721095654 1.33844388280477e-16 4.05986342075693e-17
1.56646706586826e-08 0.000670600982021015 -0.00127818624902637 -367316.155958995 -102128.934618063 1.33844900861955e-16 4.0519146937605e-17
1.58822355289421e-08 0.000589991278273075 -0.00129777165492695 -372944.47187444 -77713.4408871875 1.33845413445392e-16 4.04565583240828e-17
1.60998003992016e-08 0.00050832310837675 -0.00131200682710383 -377035.275329264 -52993.7726143512 1.33845926030787e-16 4.04111140001576e-17
1.63173652694611e-08 0.000425933049820545 -0.00132083604498202 -379572.553737331 -28066.6530661007 1.3384643861814e-16 4.03829925168397e-17
1.65349301397206e-08 0.000343160506022958 -0.00132422474047826 -380546.373166495 -3029.6176048268 1.33846951207452e-16 4.03723046440954e-17
1.675249500998e-08 0.000260346378307581 -0.00132215963334162 -379952.917231845 22019.3679496701 1.33847463798721e-16 4.03790929371605e-17
1.69700598802395e-08 0.000177831732012054 -0.00131464878319854 -377794.502052021 46982.2906443887 1.33847976391949e-16 4.04033315697682e-17
1.7187624750499e-08 9.59564619501574e-05 -0.00130172155809817 -374079.567210012 71761.4739032251 1.33848488987135e-16 4.04449264349418e-17
1.74051896207585e-08 1.50579624488894e-05 -0.00128342851968094 -368822.642753701 96259.9597223438 1.33849001584279e-16 4.05037155129606e-17
1.7622754491018e-08 -6.45301928354918e-05 -0.00125984122541925 -362044.29236519 120381.88805534 1.33849514183381e-16 4.05794695050602e-17
1.78403193612774e-08 -0.000142479556156752 -0.0012310519487038 -353771.032921181 144032.871903705 1.33850026784441e-16 4.06718927303873e-17
1.80578842315369e-08 -0.000218468090866016 -0.00119717331787051 -344035.230759083 167120.366644906 1.3385053938746e-16 4.07806242827024e-17
1.82754491017964e-08 -0.000292181431518333 -0.00115833787558018 -332874.975054628 189554.03215293 1.33851051992437e-16 4.09052394423031e-17
1.84930139720559e-08 -0.000363314113967758 -0.00111469756027457 -320333.928806396 211246.086294338 1.33851564599372e-16 4.10452513376467e-17
1.87105788423154e-08 -0.000431570770637663 -0.00106642311173776 -306461.158010205 232111.648416624 1.33852077208265e-16 4.12001128501692e-17
1.89281437125748e-08 -0.00049666728628922 -0.00101370340308822 -291310.939691728 252069.071484815 1.33852589819117e-16 4.13692187548496e-17
1.91457085828343e-08 -0.000558331909765552 -0.000956744701815425 -274942.549548369 271040.261566671 1.33853102431926e-16 4.15519080881448e-17
1.93632734530938e-08 -0.000616306317361303 -0.000895769862751858 -257420.030031273 288950.983416337 1.33853615046694e-16 4.17474667340294e-17
1.95808383233533e-08 -0.000670346623656621 -0.000831017456138208 -238811.939774836 305731.150960691 1.33854127663421e-16 4.19551302180242e-17
1.97984031936128e-08 -0.000720224335860113 -0.000762740834193115 -219191.085354097 321315.101551692 1.33854640282105e-16 4.21740866982799e-17
2.00159680638722e-08 -0.000765727247926354 -0.000691207139839639 -198634.236419539 335641.852911574 1.33855152902748e-16 4.24034801420138e-17
2.02335329341317e-08 -0.000806660270949175 -0.000616696261466961 -177221.825323873 348655.341765411 1.33855665525349e-16 4.26424136748716e-17
2.04510978043912e-08 -0.000842846196581261 -0.000539499737816934 -155037.632416051 360304.643227264 1.33856178149908e-16 4.28899530901088e-17
2.06686626746507e-08 -0.000874126390492675 -0.000459919617280353 -132168.458233872 370544.170081407 1.33856690776426e-16 4.31451305038621e-17
2.08862275449102e-08 -0.00090036141315463 -0.000378267276066142 -108703.783877766 379333.851178785 1.33857203404902e-16 4.34069481422076e-17
2.11037924151696e-08 -0.0009214315655192 -0.00029486219986765 -84735.4208946459 386639.288250608 1.33857716035336e-16 4.36743822451895e-17
2.13213572854291e-08 -0.000937237357459503 -0.000210030733793072 -60357.1520417183 392431.890525393 1.33858228667729e-16 4.3946387072543e-17
2.15389221556886e-08 -0.000947699897137154 -0.000124104805451213 -35664.3643358723 396688.98662263 1.3385874130208e-16 4.42218989954387e-17
2.17564870259481e-08 -0.000952761199773115 -3.74206261888681e-05 -10753.6758244299 399393.913285179 1.33859253938389e-16 4.44998406582367e-17
2.19740518962076e-08 -0.000952384414613484 4.96826244383935e-05 14277.4424623689 400536.080603097 1.33859766576656e-16 4.47791251939692e-17
2.2191616766467e-08 -0.00094655396920181 0.000136864125814638 39331.0478979218 400111.0134736 1.33860279216882e-16 4.50586604770545e-17
2.24091816367265e-08 -0.000935275630393113 0.000223782749838273 64309.109492565 398120.36913484 1.33860791859067e-16 4.5337353396604e-17
2.2626746506986e-08 -0.000918576481870551 0.00031009839570499 89113.8914740885 394571.930704805 1.33861304503209e-16 4.56141141336001e-17
2.28443113772455e-08 -0.000896504818252375 0.000395473320676152 113648.335714575 389479.576750522 1.3386181714931e-16 4.58878604252114e-17
2.3061876247505e-08 -0.00086912995620322 0.000479573461625489 137816.441507179 382863.227006549 1.3386232979737e-16 4.61575217995559e-17
2.32794411177644e-08 -0.000836541963288491 0.00056206974219307 161523.641206816 374748.764455063 1.33862842447387e-16 4.64220437643459e-17
2.34970059880239e-08 -0.000798851305632487 0.00064263936043178 184677.17026494 365167.934072332 1.33863355099363e-16 4.66803919330221e-17
2.37145708582834e-08 -0.000756188415758623 0.000720967051907856 207186.430210469 354158.218637684 1.33863867753298e-16 4.69315560722329e-17
2.39321357285429e-08 -0.000708703182302407 0.000796746323313079 228963.343156562 341762.692090819 1.33864380409191e-16 4.71745540548214e-17
2.41497005988024e-08 -0.000656564363593569 0.00086968065176154 249922.696446073 328029.851011175 1.33864893067042e-16 4.74084357028521e-17
2.43672654690618e-08 -0.000599958927401605 0.0009394846450782 269982.476087103 313013.424878657 1.33865405726852e-16 4.76322865056393e-17
2.45848303393213e-08 -0.000539091319427939 0.00100588515853904 289064.187673906 296772.165858064 1.3386591838862e-16 4.78452311982293e-17
2.48023952095808e-08 -0.000474182663406712 0.00106862236369301 307093.163537417 279369.618929698 1.33866431052347e-16 4.80464371863336e-17
2.50199600798403e-08 -0.000405469895943825 0.00112745076508344 323998.854923476 260873.873265503 1.33866943718032e-16 4.82351178043108e-17
2.52375249500998e-08 -0.000333204839479233 0.00118214016089041 339715.108055473 241357.295823501 1.33867456385676e-16 4.84105353934491e-17
2.54550898203592e-08 -0.000257653216999617 0.00123247654373508 354180.423001139 220896.248202866 1.33867969055278e-16 4.8572004188504e-17
2.56726546906187e-08 -0.000179093612356497 0.00127826293812099 367338.194330524 199570.78786747 1.33868481726838e-16 4.87188930011943e-17
2.58902195608782e-08 -9.78163802576981e-05 0.00131932017123523 379136.932623416 177464.354906911 1.33868994400357e-16 4.88506276901586e-17
2.61077844311377e-08 -1.41225101970248e-05 0.00135548757409339 389530.465959422 154663.445560633 1.33869507075835e-16 4.89666934077031e-17
2.63253493013972e-08 7.16775512327636e-05 0.00138662361028434 398478.12060222 131257.273782525 1.33870019753271e-16 4.9066636614552e-17
2.65429141716566e-08 0.000159265115035711 0.0014126064298545 405944.88017091 107337.422170217 1.33870532432665e-16 4.91500668547141e-17
2.67604790419161e-08 0.000248314496764376 0.00143333434616398 411901.522675583 82997.4836248855 1.33871045114018e-16 4.92166582835205e-17
2.69780439121756e-08 0.00033849429084848 0.00144872623384853 416324.734880804 58332.6951436664 1.33871557797329e-16 4.9266150942854e-17
2.71956087824351e-08 0.000429468667314338 0.00145872184632965 419197.20354945 33439.5651775651 1.33872070482599e-16 4.92983517785785e-17
2.74131736526946e-08 0.000520898685821281 0.00146328205163042 420507.68320978 8415.49601292989 1.33872583169828e-16 4.93131353961872e-17
2.7630738522954e-08 0.000612443621873509 0.00146238898557379 420251.040180497 -16641.5973459635 1.33873095859015e-16 4.9310444551711e-17
2.78483033932135e-08 0.000703762300018142 0.00145604612176375 418428.272681432 -41633.6703019728 1.3387360855016e-16 4.92902903759666e-17
2.8065868263473e-08 0.000794514428812903 0.00144427825807511 415046.506951083 -66462.9322986913 1.33874121243265e-16 4.92527523312641e-17
2.82834331337325e-08 0.000884361932339887 0.00142713141970456 410118.969386101 -91032.2294614926 1.33874633938327e-16 4.91979779007437e-17
2.8500998003992e-08 0.000972970273055398 0.00140467267916191 403664.934811649 -115245.424748793 1.33875146635349e-16 4.9126182011556e-17
2.87185628742514e-08 0.00106000976079971 0.00137698989390564 395709.651084948 -139007.774126051 1.33875659334328e-16 4.90376461941407e-17
2.89361277445109e-08 0.0011451568428447 0.00134419136264893 386284.240326938 -162226.297290567 1.33876172035267e-16 4.89327174808945e-17
2.91536926147704e-08 0.00122809536993161 0.00130640540168089 375425.577168441 -184810.141496482 1.33876684738164e-16 4.88118070485342e-17
2.93712574850299e-08 0.00130851783334483 0.00126377984286014 363176.144487119 -206670.937056341 1.33877197443019e-16 4.86753886094675e-17
2.95888223552894e-08 0.00138612656818139 0.00121648145524514 349583.867199647 -227723.143128184 1.33877710149834e-16 4.85239965584654e-17
2.98063872255488e-08 0.00146063491810754 0.00116469529262364 334701.924759343 -247884.382435086 1.33878222858606e-16 4.83582238818853e-17
3.00239520958083e-08 0.0015317683570449 0.00110862396949428 318588.543092861 -267075.763607424 1.33878735569338e-16 4.81787198376267e-17
3.02415169660678e-08 0.00159926556339701 0.00104848686833294 301306.766789976 -285222.189886526 1.33879248282028e-16 4.79861874148953e-17
3.04590818363273e-08 0.00166287944261275 0.000984519281245418 282924.212437775 -302252.652981744 1.33879760996676e-16 4.77813805837149e-17
3.06766467065867e-08 0.00172237809408538 0.00091697148936473 263512.804064361 -318100.510931076 1.33880273713284e-16 4.75651013449482e-17
3.08942115768462e-08 0.00177754571860353 0.000846107783595141 243148.491727156 -332703.748878053 1.3388078643185e-16 4.73381965923688e-17
3.11117764471057e-08 0.00182818346280333 0.000772205430534197 221910.954346865 -346005.221744428 1.33881299152374e-16 4.71015547990618e-17
3.13293413173652e-08 0.00187411019731713 0.000695553587618855 199883.287949826 -357952.877849071 1.33881811874857e-16 4.68561025411183e-17
3.15469061876247e-08 0.0019151632255738 0.000616452171740358 177151.680538515 -368499.962598009 1.33882324599299e-16 4.66028008722246e-17
3.17644710578841e-08 0.00195119892047691 0.000535210685754628 153805.074862381 -377605.20144851 1.338828373257e-16 4.63426415633321e-17
3.19820359281436e-08 0.00198209328646927 0.0004521470074797 129934.820408461 -385232.961431239 1.33883350054059e-16 4.6076643222121e-17
3.21996007984031e-08 0.00200774244478438 0.000367586145918539 105634.315973457 -391353.390598381 1.33883862784377e-16 4.58058473074404e-17
3.24171656686626e-08 0.00202806303998556 0.000281858969573824 80998.6442158042 -395942.534852009 1.33884375516654e-16 4.55313140543204e-17
3.26347305389221e-08 0.00204299256620194 0.000195300911830513 56124.1996176336 -398982.431695479 1.33884888250889e-16 4.52541183254995e-17
3.28522954091815e-08 0.00205248961178443 0.000108250658471749 31108.3113123463 -400461.180540929 1.33885400987083e-16 4.49753454057014e-17
3.3069860279441e-08 0.00205653402142394 2.10488224635996e-05 6048.86225358932 -400372.989297684 1.33885913725236e-16 4.46960867551144e-17
3.32874251497005e-08 0.00205512697509739 -6.59633888060527e-05 -18956.0937842387 -398718.197059195 1.33886426465348e-16 4.44174357386925e-17
3.350499001996e-08 0.00204829098353212 -0.000152445508619599 -43808.7158753417 -395503.272799634 1.33886939207418e-16 4.41404833479854e-17
3.37225548902195e-08 0.0020360698002062 -0.000238059143128752 -68411.758780501 -390740.79008517 1.33887451951447e-16 4.38663139322406e-17
3.39401197604789e-08 0.00201852825022868 -0.000322469295447857 -92668.9534556782 -384449.37789877 1.33887964697435e-16 4.35960009554785e-17
3.41576846307384e-08 0.00199575197676894 -0.000405345676460445 -116485.383742364 -376653.647770861 1.33888477445381e-16 4.3330602796144e-17
3.43752495009979e-08 0.00196784710602706 -0.000486363997209974 -139767.857765722 -367384.097500882 1.33888990195287e-16 4.30711586057693e-17
3.45928143712574e-08 0.00193493983205592 -0.000565207237817781 -162425.272587286 -356676.991846364 1.33889502947151e-16 4.28186842428536e-17
3.48103792415169e-08 0.00189717592305901 -0.000641566887963034 -184368.970685348 -344574.220646295 1.33890015700974e-16 4.25741682978691e-17
3.50279441117763e-08 0.00185472015109568 -0.00071514415407078 -205513.086868146 -331123.134933828 1.33890528456755e-16 4.23385682249474e-17
3.52455089820358e-08 0.00180775564742489 -0.000785651128484404 -225774.884262414 -316376.361679505 1.33891041214496e-16 4.21128065953832e-17
3.54630738522953e-08 0.00175648318600964 -0.000852811916047559 -245075.078062549 -300391.597889817 1.33891553974195e-16 4.18977674876155e-17
3.56806387225548e-08 0.00170112039798537 -0.000916363713687245 -263338.145773593 -283231.384866665 1.33892066735853e-16 4.16942930278116e-17
3.58982035928143e-08 0.00164190092016569 -0.000976057838773628 -280492.622734026 -264962.863510941 1.3389257949947e-16 4.15031800945904e-17
3.61157684630737e-08 0.00157907348091705 -0.00103166070223255 -296471.381761986 -245657.511627627 1.33893092265046e-16 4.13251772007812e-17
3.63333333333332e-08 0.00151290092697881 -0.00108295472260291 -311211.895830631 -225390.864260215 1.3389360503258e-16 4.1160981564418e-17
3.65508982035927e-08 0.00144365919503655 -0.00112973917746207 -324656.482744781 -204242.218148686 1.33894117802074e-16 4.10112363804317e-17
3.67684630738522e-08 0.00137163623207238 -0.00117183098888765 -336752.530861377 -182294.321467388 1.33894630573526e-16 4.0876528303717e-17
3.69860279441117e-08 0.00129713086871657 -0.00120906543988186 -347452.704970474 -159633.05005678 1.33895143346937e-16 4.07573851534215e-17
3.72035928143711e-08 0.00122045165000884 -0.00124129681895509 -356715.131531122 -136347.071415842 1.33895656122307e-16 4.06542738474426e-17
3.74211576846306e-08 0.00114191562814407 -0.00126839899034615 -364503.562537236 -112527.497769842 1.33896168899636e-16 4.05675985752133e-17
3.76387225548901e-08 0.00106184712192614 -0.00129026588764773 -370787.517372209 -88267.5295709357 1.33896681678923e-16 4.04976992159294e-17
3.78562874251496e-08 0.000980576447783882 -0.00130681192890534 -375542.402097118 -63662.0908264691 1.3389719446017e-16 4.04448500084057e-17
3.80738522954091e-08 0.000898438627314393 -0.00131797235156517 -378749.605705677 -38807.4576818781 1.33897707243375e-16 4.04092584777697e-17
3.82914171656685e-08 0.000815772076410706 -0.00132370346595998 -380396.572969225 -13800.8817114459 1.3389822002854e-16 4.03910646231911e-17
3.8508982035928e-08 0.000732917281103121 -0.00132398282634085 -380476.853586628 11259.7906090861 1.33898732815663e-16 4.03903403698277e-17
3.87265469061875e-08 0.000650215465295329 -0.00131880931878523 -378990.127446675 36276.5007591232 1.33899245604745e-16 4.0407089287133e-17
3.8944111776447e-08 0.000568007255608241 -0.00130820316563707 -375942.205904049 61151.3618609851 1.33899758395786e-16 4.04412465746281e-17
3.91616766467065e-08 0.000486631348555811 -0.00129220584646125 -371345.009063772 85787.0416975267 1.33900271188786e-16 4.0492679315195e-17
3.93792415169659e-08 0.000406423185267986 -0.00127087993582137 -365216.519162921 110087.143560916 1.33900783983745e-16 4.05611869949025e-17
3.95968063872254e-08 0.000327713638946434 -0.00124430885851525 -357580.710231938 133956.583442355 1.33901296780663e-16 4.06465022873282e-17
3.98143712574849e-08 0.000250827720188886 -0.00121259656322558 -348467.454310658 157301.96208685 1.3390180957954e-16 4.07482920993134e-17
4.00319361277444e-08 0.000176083305248047 -0.00117586711586247 -337912.404585946 180031.930457196 1.33902322380376e-16 4.08661588740557e-17
4.02495009980039e-08 0.000103789892201285 -0.00113426421418857 -325956.855908094 202057.547177174 1.33902835183171e-16 4.09996421464445e-17
4.04670658682633e-08 3.42473898981401e-05 -0.00108795062562589 -312647.583231701 223292.626555273 1.33903347987925e-16 4.11482203445526e-17
4.06846307385228e-08 -3.22550555755508e-05 -0.00103710755044363 -298036.658613078 243654.075827163 1.33903860794637e-16 4.13113128302376e-17
4.09021956087823e-08 -9.54401923249066e-05 -0.000981933912818544 -282181.247480188 263062.220297284 1.33904373603309e-16 4.14882821708673e-17
4.11197604790418e-08 -0.00015504374753735 -0.000922645582541653 -265143.384972182 281441.115107275 1.3390488641394e-16 4.16784366332835e-17
4.13373253493013e-08 -0.000210815461592863 -0.000859474530416156 -246989.733223622 298718.842411293 1.3390539922653e-16 4.18810328902444e-17
4.15548902195607e-08 -0.000262520067346624 -0.000792667920651313 -227791.320543023 314827.792795355 1.33905912041079e-16 4.20952789287578e-17
4.17724550898202e-08 -0.000309938210752043 -0.00072248714380325 -207623.2635062 329704.929839494 1.33906424857586e-16 4.23203371489256e-17
4.19900199600797e-08 -0.00035286730922169 -0.00064920679404649 -186564.473051767 343292.036787479 1.33906937676053e-16 4.25553276411752e-17
4.22075848303392e-08 -0.000391122344367256 -0.000573113594777739 -164697.345728727 355535.944358832 1.33907450496479e-16 4.27993316290539e-17
4.24251497005987e-08 -0.000424536586016406 -0.000494505276755724 -142107.441304201 366388.738811695 1.33907963318864e-16 4.30513950641186e-17
4.26427145708581e-08 -0.000452962244673301 -0.000413689413166537 -118883.147992723 375807.949442331 1.33908476143208e-16 4.33105323588518e-17
4.28602794411176e-08 -0.000476271049869531 -0.00033098221617257 -95115.3366169486 383756.714787541 1.33908988969511e-16 4.35757302430003e-17
4.30778443113771e-08 -0.000494354752142163 -0.000246707299653806 -70897.0050529708 390203.926879579 1.33909501797773e-16 4.3845951728247e-17
4.32954091816366e-08 -0.000507125546674469 -0.000161194412982543 -46322.9143514227 395124.352989035 1.33910014627994e-16 4.41201401657035e-17
4.35129740518961e-08 -0.000514516416941364 -7.47781507860106e-05 -21489.2179581516 398498.734379244 1.33910527460174e-16 4.43972233803461e-17
4.37305389221555e-08 -0.000516481397014633 1.22033562547163e-05 3506.9145147623 400313.861685711 1.33911040294314e-16 4.46761178662205e-17
4.3948103792415e-08 -0.000512995751501272 9.94097644468662e-05 28567.677495534 400562.626625521 1.33911553130412e-16 4.49557330259976e-17
4.41656686626745e-08 -0.00050405607241054 0.00018649984879236 53595.0121490705 399244.049834314 1.3391206596847e-16 4.52349754382935e-17
4.4383233532934e-08 -0.000489680292570411 0.000273132838147708 78490.9900658117 396363.284721808 1.33912578808486e-16 4.5512753136056e-17
4.46007984031935e-08 -0.000469907615540567 0.000358969748613138 103158.196441702 391931.597330688 1.33913091650462e-16 4.57879798792766e-17
4.48183632734529e-08 -0.000444798362295897 0.000443674709933599 127500.11124996 385966.322277595 1.33913604494397e-16 4.60595794053102e-17
4.50359281437124e-08 -0.000414433735280057 0.000526916279721597 151421.486913178 378490.794948493 1.33914117340291e-16 4.63264896401702e-17
4.52534930139719e-08 -0.000378915500752011 0.00060836874035945 174828.720997951 369534.260213666 1.33914630188144e-16 4.65876668543225e-17
4.54710578842314e-08 -0.000338365590668178 0.000687713373506327 197630.222473724 359131.758019407 1.33915143037956e-16 4.68420897467158e-17
4.56886227544909e-08 -0.000292925625657644 0.000764639707223001 219736.770102719 347323.986304003 1.33915655889728e-16 4.7088763441068e-17
4.59061876247503e-08 -0.000242756360956667 0.000838846730834419 241061.861558574 334157.141774293 1.33916168743459e-16 4.7326723378772e-17
4.61237524950098e-08 -0.000188037057470166 0.000910044072776369 261522.051907622 319682.739165754 1.33916681599148e-16 4.75550390931874e-17
4.63413173652693e-08 -0.000128964780420841 0.000977953136817379 281037.280128327 303957.409693226 1.33917194456797e-16 4.777281785055e-17
4.65588822355288e-08 -6.57536283299383e-05 0.0010423081922098 299531.182391223 287042.679480841 1.33917707316405e-16 4.79792081432522e-17
4.67764471057882e-08 1.36610465372666e-06 0.0011028574135043 316931.390873477 269004.72883804 1.33918220177973e-16 4.81734030218241e-17
4.69940119760477e-08 7.21488297990511e-05 0.00115936386595899 333169.816938807 249914.133323527 1.33918733041499e-16 4.83546432525788e-17
4.72115768463072e-08 0.000146334624686827 0.00121160643268708 348182.917574658 229845.587610279 1.33919245906985e-16 4.85222202885642e-17
4.74291417165667e-08 0.000223650250193204 0.00125938067991522 361911.944044034 208877.613231995 1.3391975877443e-16 4.8675479042197e-17
4.76467065868262e-08 0.000303810219583352 0.00130249965696652 374303.171778983 187092.251354505 1.33920271643834e-16 4.88138204487283e-17
4.78642714570856e-08 0.000386517915532297 0.00134079462783785 385308.11061613 164574.741774186 1.33920784515198e-16 4.89367038105095e-17
4.80818363273451e-08 0.000471466750702403 0.00137411573150862 394883.694551555 141413.189399389 1.3392129738852e-16 4.90436489128863e-17
4.82994011976046e-08 0.00055834136733647 0.00140233256839702 402992.450272457 117698.219519829 1.33921810263802e-16 4.91342379034388e-17
4.85169660678641e-08 0.000646818871172781 0.00142533471066878 409602.643806084 93522.6232127729 1.33922323141043e-16 4.92081169272148e-17
4.87345309381236e-08 0.000736570094854095 0.00144303213440132 414688.404712028 68980.9942734675 1.33922836020244e-16 4.92649975115569e-17
4.8952095808383e-08 0.000827260885887175 0.00145535557191208 418229.827331856 44169.3590904102 1.33923348901403e-16 4.93046576951029e-17
4.91696606786425e-08 0.000918553414113329 0.00146225678287211 420213.048699812 19184.8009136765 1.33923861784522e-16 4.93269428965429e-17
4.9387225548902e-08 0.00101010749357412 0.00146370874314364 420630.30280965 -5874.92001352962 1.33924374669601e-16 4.93317665197297e-17
4.96047904191615e-08 0.00110158191360001 0.00145970575060268 419479.951025161 -30911.7489737521 1.33924887556638e-16 4.93191102927773e-17
4.9822355289421e-08 0.00119263577391367 0.00145026344753202 416766.488515328 -55827.7204478548 1.33925400445635e-16 4.92890243398166e-17
5.00399201596804e-08 0.0012829298185238 0.00143541875949679 412500.526688822 -80525.341440039 1.33925913336591e-16 4.92416269851285e-17
5.02574850299399e-08 0.00137212776319028 0.00141522975094149 406698.751696482 -104907.972955411 1.33926426229507e-16 4.91771042904191e-17
5.04750499001994e-08 0.0014598976112663 0.0013897753980731 399383.859164065 -128880.208137428 1.33926939124381e-16 4.90957093270459e-17
5.06926147704589e-08 0.00154591295276883 0.00135915527991866 390584.465410561 -152348.245585609 1.33927452021215e-16 4.89977611860432e-17
5.09101796407184e-08 0.00162985424159425 0.0013234891887659 380334.995499354 -175220.256392764 1.33927964920009e-16 4.88836437298178e-17
5.11277445109778e-08 0.00171141004588149 0.00128291666151083 368675.548560204 -197406.743465541 1.33928477820762e-16 4.87538040903992e-17
5.13453093812373e-08 0.00179027826663016 0.00123759643374581 355651.740908919 -218820.891722312 1.33928990723474e-16 4.86087509201196e-17
5.15628742514968e-08 0.00186616731980513 0.00118770581872382 341314.527578495 -239378.907798065 1.33929503628145e-16 4.8449052401567e-17
5.17804391217563e-08 0.00193879727730223 0.0011334400136288 325720.002959953 -259000.347927073 1.33930016534776e-16 4.82753340245975e-17
5.19980039920158e-08 0.00200790096231027 0.00107501133586601 308929.181332868 -277608.43272032 1.33930529443366e-16 4.80882761391045e-17
5.22155688622752e-08 0.00207322499478335 0.00101264839236067 291007.758144254 -295130.347605965 1.33931042353916e-16 4.78886112931191e-17
5.24331337325347e-08 0.00213453078293243 0.000946595185114887 272025.85296982 -311497.527757202 1.33931555266425e-16 4.76771213666571e-17
5.26506986027942e-08 0.00219159545685644 0.000877110156522482 252057.735163276 -326645.926392583 1.33932068180893e-16 4.7454634512525e-17
5.28682634730537e-08 0.00224421274065952 0.00080446517817707 231181.533267123 -340516.265398927 1.33932581097321e-16 4.72220219160576e-17
5.30858283433132e-08 0.00229219375964164 0.000728944487129768 209478.92932189 -353054.267296071 1.33933094015708e-16 4.69801943864613e-17
5.33033932135726e-08 0.002335367779404 0.000650843573758636 187034.839269894 -364210.867635783 1.33933606936055e-16 4.67300987931038e-17
5.35209580838321e-08 0.00237358287397701 0.000570468025601243 163937.08070399 -373942.407003643 1.33934119858361e-16 4.64727143606902e-17
5.37385229540916e-08 0.00240670652035605 0.000488132331674129 140276.029261321 -382210.801872571 1.33934632782626e-16 4.62090488378253e-17
5.39560878243511e-08 0.00243462611711866 0.000404158651957506 116144.265006513 -388983.693639365 1.33935145708851e-16 4.59401345539497e-17
5.41736526946106e-08 0.00245724942509348 0.000318875556859917 91636.2101879034 -394234.575261032 1.33935658637036e-16 4.56670243800804e-17
5.439121756487e-08 0.00247450492835632 0.000232616741595011 66847.7597842026 -397942.894995301 1.33936171567179e-16 4.53907876091602e-17
5.46087824351295e-08 0.00248634211414065 0.000145719720500793 41875.9062871639 -400094.136839327 1.33936684499283e-16 4.51125057721336e-17
5.4826347305389e-08 0.00249273167056685 5.85245064102241e-05 16818.3601884119 -400679.877351726 1.33937197433345e-16 4.48332684061227e-17
5.50439121756485e-08 0.00249366560141629 -2.8627719759475e-05 -8226.83234460714 -399697.818635543 1.33937710369368e-16 4.45541687912586e-17
5.5261477045908e-08 0.00248915725750078 -0.000115395943993144 -33161.673107584 -397151.797352983 1.33938223307349e-16 4.42762996728514e-17
5.54790419161674e-08 0.00247924128450434 -0.000201440653516034 -57888.5953120994 -393051.76973655 1.3393873624729e-16 4.40007489856367e-17
5.56966067864269e-08 0.00246397348750112 -0.000286425165263131 -82310.8453517741 -387413.772655151 1.33939249189191e-16 4.37285955968279e-17
5.59141716566864e-08 0.00244343061267913 -0.000370016943281311 -106332.861388016 -380259.860887417 1.33939762133051e-16 4.34609050846331e-17
5.61317365269459e-08 0.00241771004712374 -0.000451888899909485 -129860.647274001 -371618.020847579 1.33940275078871e-16 4.31987255687537e-17
5.63493013972054e-08 0.00238692943783512 -0.00053172067564536 -152802.14035376 -361522.061101406 1.3394078802665e-16 4.29430836091788e-17
5.65668662674648e-08 0.00235122623147025 -0.00060919989269078 -175067.571697208 -350011.4801005 1.33941300976389e-16 4.26949801893247e-17
5.67844311377243e-08 0.00231075713661 -0.000684023377270629 -196569.817361534 -337131.311652391 1.33941813928087e-16 4.24553867992364e-17
5.70019960079838e-08 0.00226569751065505 -0.000755898345942414 -217224.739304485 -322931.94873102 1.33942326881745e-16 4.22252416341772e-17
5.72195608782433e-08 0.00221624067374939 -0.000824543551254529 -236951.51461557 -307468.946316904 1.33942839837363e-16 4.20054459234808e-17
5.74371257485028e-08 0.00216259715241568 -0.000889690382270264 -255672.95177689 -290802.80403839 1.3394335279494e-16 4.1796860404033e-17
5.76546906187622e-08 0.00210499385586157 -0.000951083915651195 -273315.792716073 -272998.729464387 1.33943865754476e-16 4.16003019521793e-17
5.78722554890217e-08 0.00204367318817996 -0.00100848391318702 -289810.999469374 -254126.382974718 1.33944378715972e-16 4.14165403872409e-17
5.80898203592812e-08 0.00197889209991659 -0.00106166576186848 -305094.024333195 -234259.605206305 1.33944891679428e-16 4.12462954591446e-17
5.83073852295407e-08 0.0019109210827159 -0.0011104213528247 -319105.062446921 -213476.128141579 1.33945404644843e-16 4.10902340319562e-17
5.85249500998002e-08 0.0018400431109787 -0.00115455989568571 -331789.285818662 -191857.270969522 1.33945917612218e-16 4.09489674743374e-17
5.87425149700596e-08 0.00176655253467261 -0.00119390866518325 -343097.057878144 -169487.621909338 1.33946430581552e-16 4.08230492671376e-17
5.89600798403191e-08 0.00169075392762739 -0.00122831367706838 -352984.12771714 -146454.707241674 1.33946943552846e-16 4.07129728374842e-17
5.91776447105786e-08 0.00161296089582134 -0.00125764029070078 -361411.803257346 -122848.64884237 1.339474565261e-16 4.06191696278452e-17
5.93952095808381e-08 0.00153349485032171 -0.00128177373595171 -368347.102668033 -98761.8115587229 1.33947969501314e-16 4.05420074076208e-17
5.96127744510976e-08 0.00145268374968028 -0.00130061956235857 -373762.883440912 -74288.4418079817 1.33948482478486e-16 4.04817888338737e-17
5.9830339321357e-08 0.00137086081670472 -0.00131410400877324 -377637.948617092 -49524.2988121599 1.33948995457619e-16 4.04387502668267e-17
6.00479041916165e-08 0.00128836323462686 -0.00132217429205774 -379957.129750374 -24566.2799120522 1.33949508438711e-16 4.04130608447673e-17
6.0265469061876e-08 0.00120553082776941 -0.00132479881369695 -380711.346282181 487.958573468801 1.33950021421763e-16 4.04048218219773e-17
6.04830339321355e-08 0.00112270473187337 -0.00132196728351991 -379897.641095708 25540.3834593756 1.33950534406775e-16 4.04140661722804e-17
6.0700598802395e-08 0.00104022605928909 -0.00131369076004517 -377519.192110074 50492.9682824892 1.33951047393746e-16 4.044075845976e-17
6.09181636726544e-08 0.000958434564253638 -0.00130000160729194 -373585.299869033 75248.0768646474 1.33951560382677e-16 4.04847949771527e-17
6.11357285429139e-08 0.000877667313477264 -0.00128095336822589 -368111.3511727 99708.8453502093 1.33952073373568e-16 4.05460041513795e-17
6.13532934131734e-08 0.000798257367240609 -0.00125662055533425 -361118.758894511 123779.561223035 1.33952586366418e-16 4.06241472146262e-17
6.15708582834329e-08 0.000720532476163493 -0.00122709835914951 -352634.878218824 147366.037819893 1.33953099361228e-16 4.07189191383506e-17
6.17884231536924e-08 0.000644813798744626 -0.0011925022758619 -342692.899626797 170375.982874856 1.33953612357998e-16 4.08299498265607e-17
6.20059880239518e-08 0.000571414644690424 -0.00115296765547728 -331331.719049212 192719.35965261 1.33954125356727e-16 4.09568055636976e-17
6.22235528942113e-08 0.000500639248950196 -0.00110864917228836 -318595.785694202 214308.739257582 1.33954638357416e-16 4.10989907114579e-17
6.24411177644708e-08 0.000432781581254843 -0.0010597202197307 -304534.928145257 235059.64274032 1.33955151360065e-16 4.12559496479167e-17
6.26586826347303e-08 0.000368124195817288 -0.00100637223199123 -289204.159409843 254890.871662473 1.33955664364674e-16 4.14270689413652e-17
6.28762475049897e-08 0.000306937125695772 -0.000948813935023315 -272663.461681399 273724.82582688 1.33956177371242e-16 4.16116797503586e-17
6.30938123752492e-08 0.000249476826146347 -0.000887270529898852 -254977.551656811 291487.806929478 1.3395669037977e-16 4.18090604405822e-17
6.33113772455087e-08 0.000195985171099291 -0.000821982811692488 -236215.627327581 308110.306944841 1.33957203390258e-16 4.20184394082986e-17
6.35289421157682e-08 0.000146688506686265 -0.000753206227345477 -216451.097235369 323527.280116874 1.33957716402706e-16 4.22389980993294e-17
6.37465069860277e-08 0.000101796765521853 -0.000681209876195312 -195761.293251249 337678.397490344 1.33958229417113e-16 4.24698742117574e-17
6.39640718562871e-08 6.15026452053952e-05 -0.000606275457081727 -174227.168002453 350508.282987227 1.3395874243348e-16 4.27101650698208e-17
6.41816367265466e-08 2.59808542577637e-05 -0.000528696166148669 -151932.978130467 361966.730104091 1.33959255451807e-16 4.29589311557957e-17
6.43992015968061e-08 -4.61257155611804e-06 -0.000448775549654811 -128965.954619803 372008.898382507 1.33959768472094e-16 4.32151997860509e-17
6.46167664670656e-08 -3.01408798436222e-05 -0.000366826316281192 -105415.961487336 380595.488883673 1.33960281494341e-16 4.34779689168888e-17
6.48343313373251e-08 -5.04871367500936e-05 -0.000283169113583113 -81375.144167679 387692.897980554 1.33960794518547e-16 4.37462110652833e-17
6.50518962075845e-08 -6.55546845795446e-05 -0.000198131273373716 -56937.5689703522 393273.348865693 1.33961307544713e-16 4.40188773291724e-17
6.5269461077844e-08 -7.52675200794703e-05 -0.000112045530948241 -32198.85501948 397315.000260032 1.3396182057284e-16 4.4294901491576e-17
6.54870259481035e-08 -7.95705919093064e-05 -2.52487231603686e-05 -7255.80011614457 399802.031897308 1.33962333602925e-16 4.45732041924801e-17
6.5704590818363e-08 -7.8430016128273e-05 6.19195295552126e-05 17793.9980126796 400724.706449423 1.33962846634971e-16 4.48526971521638e-17
6.59221556886225e-08 -7.18332088591161e-05 0.000149118152057012 42852.5235966295 400079.407650419 1.33963359668977e-16 4.51322874294438e-17
6.61397205588819e-08 -5.97889356083393e-05 0.000236005949068076 67821.7263416601 397868.654469778 1.33963872704942e-16 4.54108816981745e-17
6.63572854291414e-08 -4.23272770496222e-05 0.000322242940222499 92603.9050863001 394101.091279502 1.33964385742868e-16 4.56873905252715e-17
6.65748502994009e-08 -1.94995114039931e-05 0.000407491690363262 117102.090093271 388791.454053358 1.33964898782753e-16 4.59607326335176e-17
6.67924151696604e-08 8.62208612333585e-06 0.000491418629886129 141220.422480609 381960.512730443 1.33965411824598e-16 4.62298391324731e-17
6.70099800399199e-08 4.19445260650114e-05 0.000573695359963244 164864.529307624 373634.989968523 1.33965924868403e-16 4.64936577009338e-17
6.72275449101793e-08 8.03544684665263e-05 0.000653999937539231 187941.892848025 363847.456604937 1.33966437914168e-16 4.67511567045733e-17
6.74451097804388e-08 0.00012371866629106 0.000732018135071705 210362.212605264 352636.20423404 1.33966950961893e-16 4.70013292326546e-17
6.76626746506983e-08 0.0001718844867195 0.000807444670086939 232037.758653586 340045.095399677 1.33967464011577e-16 4.7243197038019e-17
6.78802395209578e-08 0.000224680508306173 0.000879984399739481 252883.714922144 326123.391988777 1.33967977063222e-16 4.74758143649325e-17
6.80978043912173e-08 0.000281917191653992 0.000949353475701458 272818.511078956 310925.562497455 1.33968490116826e-16 4.76982716498132e-17
6.83153692614767e-08 0.000343387620985041 0.00101528045486251 291764.14171602 294511.068923688 1.33969003172391e-16 4.79096990803584e-17
6.85329341317362e-08 0.000408868313705222 0.00107750736149419 309646.471586629 276944.134120326 1.33969516229915e-16 4.81092699991437e-17
6.87504990019957e-08 0.00047812009479551 0.00113579069672247 326395.52570048 258293.4905187 1.339700292894e-16 4.82962041383773e-17
6.89680638722552e-08 0.000550889032608702 0.00118990239135841 341945.763141417 238632.111205947 1.33970542350844e-16 4.84697706731502e-17
6.91856287425147e-08 0.000626907432410252 0.00123963069835828 356236.333536343 218036.924408246 1.33971055414248e-16 4.86292910812353e-17
6.94031936127741e-08 0.000705894883775846 0.00128478102142095 369211.315171703 196588.512497085 1.33971568479612e-16 4.87741417982454e-17
6.96207584830336e-08 0.000787559357747599 0.00132517667648018 380819.933825758 174370.796696245 1.33972081546937e-16 4.89037566577586e-17
6.98383233532931e-08 0.000871598349456063 0.00136065958311182 391016.761460316 151470.708723142 1.33972594616221e-16 4.90176291068638e-17
7.00558882235526e-08 0.000957700061737293 0.00139109088315029 399761.893994391 127977.850649295 1.33973107687465e-16 4.91153141884551e-17
7.02734530938121e-08 0.00104554462511382 0.00141635148409368 407021.107464108 103984.144310789 1.33973620760669e-16 4.91964302825195e-17
7.04910179640715e-08 0.00113480534936609 0.00143634252517065 412765.991957745 79583.4716405068 1.33974133835833e-16 4.92606605996013e-17
7.0708582834331e-08 0.00122515000179715 0.00145098576424543 416974.06280175 54871.3073294116 1.33974646912958e-16 4.93077544206006e-17
7.09261477045905e-08 0.00131624210718928 0.00146022388404652 419628.848562596 29944.3452541977 1.33975159992042e-16 4.93375280780526e-17
7.114371257485e-08 0.00140774226436578 0.00146402071652072 420719.955520058 4900.12013302214 1.33975673073086e-16 4.93498656750477e-17
7.13612774451095e-08 0.00149930947420675 0.00146236138443419 420243.108359524 -20163.3741102991 1.33976186156091e-16 4.93447195389778e-17
7.15788423153689e-08 0.00159060247392238 0.00145525235966621 418200.166924047 -45148.0677803575 1.33976699241055e-16 4.93221104083327e-17
7.17964071856284e-08 0.00168128107236315 0.00144272143796722 414599.118960494 -69956.1991421657 1.33977212327979e-16 4.92821273518153e-17
7.20139720558879e-08 0.00177100748114181 0.00142481763027958 409454.048888069 -94490.6969496338 1.33977725416864e-16 4.92249274200892e-17
7.22315369261474e-08 0.00185944763635891 0.00140161097104605 402785.082711345 -118655.560273725 1.33978238507708e-16 4.91507350315228e-17
7.24491017964069e-08 0.00194627250575997 0.00137319224425558 394618.309293247 -142356.234144067 1.33978751600513e-16 4.90598410943302e-17
7.26666666666663e-08 0.00203115937620953 0.00133967262829816 384985.678295942 -165499.979534182 1.33979264695278e-16 4.89526018685445e-17
7.28842315369258e-08 0.00211379311644435 0.00130118326101809 373924.8751889 -187996.236242596 1.33979777792003e-16 4.88294375722739e-17
7.31017964071853e-08 0.00219386741016473 0.00125787472666705 361479.173813096 -209756.977249925 1.33980290890687e-16 4.86908307376944e-17
7.33193612774448e-08 0.00227108595463879 0.0012099164667644 347697.267078186 -230697.05316534 1.33980803991332e-16 4.85373243232107e-17
7.35369261477043e-08 0.00234516362012979 0.00115749611716941 332633.076455009 -250734.525414606 1.33981317093938e-16 4.83695195891702e-17
7.37544910179637e-08 0.00241582756560954 0.00110081877395927 316345.541008767 -269790.986865951 1.33981830198503e-16 4.81880737454427e-17
7.39720558882232e-08 0.00248281830639222 0.00104010619098497 298898.386798298 -287791.868639134 1.33982343305028e-16 4.79936973800683e-17
7.41896207584827e-08 0.00254589072951081 0.000975595912244678 280359.87754366 -304666.731897178 1.33982856413514e-16 4.77871516790348e-17
7.44071856287422e-08 0.00260481505286302 0.000907540342469372 260802.547537563 -320349.543478962 1.33983369523959e-16 4.7569245448062e-17
7.46247504990017e-08 0.00265937772437341 0.000836205759556951 240302.917845656 -334778.934294105 1.33983882636365e-16 4.7340831948046e-17
7.48423153692611e-08 0.00270938225765334 0.000761871272718975 218941.196906075 -347898.439469014 1.33984395750731e-16 4.71028055565444e-17
7.50598802395206e-08 0.00275465000088846 0.000684827730416356 196800.966699704 -359656.719304368 1.33984908867057e-16 4.68560982683653e-17
7.52774451097801e-08 0.00279502083594516 0.000605376582356933 173968.85571905 -370007.760179399 1.33985421985344e-16 4.66016760489524e-17
7.54950099800396e-08 0.0028303538049601 0.000523828700007566 150534.200015327 -378911.054616766 1.3398593510559e-16 4.63405350548343e-17
7.57125748502991e-08 0.00286052766196077 0.000440503160235775 126588.693649962 -386331.7598034 1.33986448227797e-16 4.60736977359251e-17
7.59301397205585e-08 0.0028854413473585 0.0003557259968402 102226.029918217 -392240.833946946 1.33986961351964e-16 4.58022088349293e-17
7.6147704590818e-08 0.00290501438345688 0.00026982892485485 77541.5347487335 -396615.149934192 1.33987474478091e-16 4.55271312995018e-17
7.63652694610775e-08 0.00291918718942776 0.000183148042618629 52631.7937134221 -399437.585846654 1.33987987606178e-16 4.52495421231598e-17
7.6582834331337e-08 0.00292792131452213 9.6022516688688e-05 27594.2741071292 -400697.091979074 1.33988500736225e-16 4.49705281312191e-17
7.68003992015965e-08 0.00293119958860297 8.79325474325567e-06 2526.94357580577 -400388.734098479 1.33989013868233e-16 4.46911817282437e-17
7.70179640718559e-08 0.00292902618941074 -7.81984283333443e-05 -22472.1132145796 -398513.712774483 1.33989527002201e-16 4.4412596623649e-17
7.72355289421154e-08 0.00292142662629807 -0.000164612145964113 -47305.0783684749 -395079.358705061 1.33990040138129e-16 4.41358635521824e-17
7.74530938123749e-08 0.00290844764049689 -0.000250109771765566 -71874.7835088112 -390099.104056027 1.33990553276018e-16 4.3862066006027e-17
7.76706586826344e-08 0.00289015702230798 -0.000334356762595208 -96085.0899850611 -383592.429926254 1.33991066415866e-16 4.35922759952288e-17
7.78882235528939e-08 0.00286664334592789 -0.000417023467583362 -119841.265053581 -375584.790144099 1.33991579557675e-16 4.33275498530344e-17
7.81057884231533e-08 0.00283801562295053 -0.000497786418027263 -143050.352558283 -366107.511693139 1.33992092701445e-16 4.3068924102555e-17
7.83233532934128e-08 0.00280440287589889 -0.000576329593100158 -165621.5366612 -355197.672156716 1.33992605847174e-16 4.28174114009279e-17
7.85409181636723e-08 0.00276595363345533 -0.000652345656422807 -187466.497199681 -342897.954660781 1.33993118994864e-16 4.25739965768468e-17
7.87584830339318e-08 0.00272283534936518 -0.000725537158658733 -208499.755279748 -329256.480882501 1.33993632144514e-16 4.23396327769653e-17
7.89760479041913e-08 0.00267523374728715 -0.00079561770142753 -228639.007753293 -314326.622777991 1.33994145296125e-16 4.21152377362538e-17
7.91936127744507e-08 0.00262335209415375 -0.00086231305798184 -247805.449270329 -298166.793765748 1.33994658449695e-16 4.19016901869014e-17
7.94111776447102e-08 0.00256741040488468 -0.000925362246262808 -265924.080646109 -280840.220182792 1.33995171605226e-16 4.16998264198175e-17
7.96287425149697e-08 0.00250764458156474 -0.000984518550135118 -282924.00233645 -262414.693907688 1.33995684762718e-16 4.15104370121862e-17
7.98463073852292e-08 0.00244430549045439 -0.00103955048480546 -298738.691872887 -242962.30711833 1.33996197922169e-16 4.13342637338792e-17
8.00638722554886e-08 0.00237765798044405 -0.00109024270264667 -313306.264172038 -222559.170222271 1.33996711083581e-16 4.11719966448328e-17
8.02814371257481e-08 0.00230797984679278 -0.00113639683588305 -326569.713700555 -201285.11406324 1.33997224246954e-16 4.10242713947476e-17
8.04990019960076e-08 0.00223556074420572 -0.0011778322728391 -338477.137548033 -179223.377568993 1.33997737412286e-16 4.08916667356765e-17
8.07165668662671e-08 0.00216070105350307 -0.00121438686471433 -348981.93853497 -156460.282062647 1.33998250579579e-16 4.07747022572359e-17
8.09341317365266e-08 0.0020837107063151 -0.00124591756011823 -358043.007560941 -133084.893511799 1.33998763748833e-16 4.06738363533014e-17
8.1151696606786e-08 0.00200490797240172 -0.00127230096488227 -365624.884479439 -109188.67403698 1.33999276920047e-16 4.05894644281468e-17
8.13692614770455e-08 0.00192461821434154 -0.0012934338249582 -371697.89686979 -84865.124042967 1.33999790093221e-16 4.05219173490442e-17
8.1586826347305e-08 0.00184317261446299 -0.001309233430513 -376238.276163086 -60209.4163732316 1.34000303268355e-16 4.04714601513826e-17
8.18043912175645e-08 0.00176090687899884 -0.00131963793963866 -379228.250667655 -35318.0239189823 1.3400081644545e-16 4.0438291001372e-17
8.2021956087824e-08 0.00167815992453428 -0.0013246066204103 -380656.115129986 -10288.3421398864 1.34001329624506e-16 4.04225404203925e-17
8.22395209580834e-08 0.00159527255188842 -0.00132412001034478 -380516.276558843 14781.6920265233 1.34001842805522e-16 4.04242707740251e-17
8.24570858283429e-08 0.00151258611261799 -0.00131817999263581 -378809.276133164 39793.9833756214 1.34002355988498e-16 4.04434760277638e-17
8.26746506986024e-08 0.00143044117336097 -0.00130680978886686 -375541.787107942 64650.6622672025 1.34002869173435e-16 4.04800817703666e-17
8.28922155688619e-08 0.00134917618324638 -0.00129005386822997 -370726.588726185 89254.4675758595 1.34003382360332e-16 4.05339455047544e-17
8.31097804391214e-08 0.0012691261495845 -0.00126797777360557 -364382.516238941 113509.127261796 1.34003895549189e-16 4.06048572053214e-17
8.33273453093808e-08 0.00119062132701937 -0.00124066786518329 -356534.387228866 137319.735072946 1.34004408740007e-16 4.06925401394757e-17
8.35449101796403e-08 0.00111398592527277 -0.00120823098262678 -347212.904525522 160593.121904407 1.34004921932786e-16 4.07966519501993e-17
8.37624750498998e-08 0.00103953684053608 -0.00117079402710401 -336454.536092199 183238.220362087 1.34005435127524e-16 4.09167859953894e-17
8.39800399201593e-08 0.000967582415474192 -0.00112850346481832 -324301.372354164 205166.421104061 1.34005948324224e-16 4.10524729387441e-17
8.41976047904188e-08 0.00089842123269326 -0.00108152475398244 -310800.961526486 226291.919565296 1.34006461522884e-16 4.12031825859666e-17
8.44151696606782e-08 0.000832340946393593 -0.00103004169747735 -296006.123585713 246532.05170901 1.34006974723504e-16 4.13683259591049e-17
8.46327345309377e-08 0.000769617156779288 -0.000974255723728711 -279974.743613203 265807.617490901 1.34007487926085e-16 4.1547257600912e-17
8.48502994011972e-08 0.000710512331629096 -0.000914385098614387 -262769.545318661 284043.190770507 1.34008001130626e-16 4.17392781002088e-17
8.50678642714567e-08 0.000655274779248417 -0.000850664071486454 -244457.845629965 301167.414457029 1.34008514337128e-16 4.19436368283715e-17
8.52854291417162e-08 0.000604137676821304 -0.000783341958648984 -225111.291309471 317113.279734677 1.34009027545591e-16 4.21595348762354e-17
8.55029940119756e-08 0.000557318157964615 -0.000712682167877544 -204805.578627299 331818.388274934 1.34009540756013e-16 4.23861281799243e-17
8.57205588822351e-08 0.000515016463054797 -0.000638961167797121 -183620.157188428 345225.196409653 1.34010053968397e-16 4.26225308233765e-17
8.59381237524946e-08 0.000477415155652188 -0.000562467406150927 -161637.919072405 357281.24030952 1.34010567182741e-16 4.28678185046436e-17
8.61556886227541e-08 0.000444678408089115 -0.000483500181192533 -138944.874501975 367939.341286708 1.34011080399045e-16 4.31210321524018e-17
8.63732534930136e-08 0.000416951359017429 -0.000402368470617251 -115629.815309631 377157.790418345 1.3401159361731e-16 4.33811816785242e-17
8.6590818363273e-08 0.000394359545429584 -0.0003193897226148 -91783.9675188511 384900.511768286 1.34012106837536e-16 4.36472498520318e-17
8.68083832335325e-08 0.000377008411375956 -0.000234888613773559 -67500.634399378 391137.203568474 1.34012620059722e-16 4.39181962792648e-17
8.7025948103792e-08 0.000364982895301015 -0.000149195778696416 -42874.8313931723 395843.45680736 1.34013133283869e-16 4.41929614747016e-17
8.72435129740515e-08 0.000358347097613341 -6.26465162989203e-05 -18002.9143394951 399000.850761285 1.34013646509976e-16 4.44704710064972e-17
8.7461077844311e-08 0.000357144029790545 2.44205221482678e-05 7017.79754620702 400597.025094948 1.34014159738044e-16 4.47496397005201e-17
8.76786427145704e-08 0.000361395446001115 0.000111664658099218 32089.4024644084 400625.728248724 1.34014672968073e-16 4.50293758864375e-17
8.78962075848299e-08 0.000371101757902347 0.000198744518750059 57113.7991046293 399086.841923441 1.34015186200062e-16 4.53085856692368e-17
8.81137724550894e-08 0.000386242032948061 0.000285319372777936 81993.0705006828 395986.381566695 1.34015699434012e-16 4.5586177209467e-17
8.83313373253489e-08 0.000406774076213035 0.000371050463575038 106629.867166075 391336.472858717 1.34016212669922e-16 4.5861064995454e-17
8.85489021956084e-08 0.000432634595414324 0.000455602334760963 130927.788010405 385155.304289714 1.34016725907793e-16 4.61321740907725e-17
8.87664670658678e-08 0.000463739448484068 0.000538644142786831 154791.757546286 377467.056014141 1.34017239147625e-16 4.63984443403545e-17
8.89840319361273e-08 0.000499983972725378 0.000619850951495082 178128.397910813 368301.805260195 1.34017752389417e-16 4.66588345187767e-17
8.92015968063868e-08 0.000541243394263704 0.00069890500356947 200846.394245905 357695.408664575 1.3401826563317e-16 4.69123264044948e-17
8.94191616766463e-08 0.00058737331619183 0.000775496963900161 222856.852007803 345689.36199281 1.34018778878884e-16 4.7157928764083e-17
8.96367265469058e-08 0.000638210283498793 0.000849327129998719 244073.644807595 332330.637793966 1.34019292126558e-16 4.73946812308873e-17
8.98542914171652e-08 0.000693572422572503 0.000920106604726693 264413.751421698 317671.501624893 1.34019805376193e-16 4.76216580629173e-17
9.00718562874247e-08 0.000753260152774101 0.000987558426748936 283797.580653559 301769.307563001 1.34020318627789e-16 4.78379717652706e-17
9.02894211576842e-08 0.000817056967300012 0.00105141865428819 302149.282775417 284686.273807622 1.34020831881345e-16 4.80427765629162e-17
9.05069860279437e-08 0.000884730280276591 0.00111143739794021 319397.046331426 266489.239247928 1.34021345136862e-16 4.82352717102471e-17
9.07245508982032e-08 0.000956032336773032 0.00116737979850795 335473.379140759 247249.401949829 1.3402185839434e-16 4.84147046244523e-17
9.09421157684626e-08 0.00103070118217205 0.0012190269460285 350315.372401087 227042.040585059 1.34022371653779e-16 4.85803738304466e-17
9.11596806387221e-08 0.00110846168710555 0.00126617673639651 363864.94685899 205946.219892391 1.34022884915178e-16 4.87316317058349e-17
9.13772455089816e-08 0.00118902662394507 0.00130864466223207 376069.080083982 184044.481323394 1.34023398178538e-16 4.8867887015169e-17
9.15948103792411e-08 0.00127209779063506 0.00134626453489819 386880.01395681 161422.520083148 1.34023911443858e-16 4.89886072235805e-17
9.18123752495006e-08 0.00135736717747179 0.00137888913484244 396255.441560066 138168.849829554 1.3402442471114e-16 4.90933205807357e-17
9.202994011976e-08 0.00144451817226253 0.00140639078771796 404158.672739756 114374.456343161 1.34024937980382e-16 4.91816179669574e-17
9.22475049900195e-08 0.00153322679914972 0.00142866186402904 410558.777689942 90132.4415226308 1.34025451251585e-16 4.92531544942896e-17
9.2465069860279e-08 0.00162316298625272 0.00144561520034606 415430.707998528 65537.6590987718 1.34025964524748e-16 4.93076508562384e-17
9.26826347305385e-08 0.00171399185716726 0.00145718444044143 418755.394680483 40686.3434925276 1.34026477799873e-16 4.93448944209081e-17
9.2900199600798e-08 0.00180537504126927 0.00146332429501118 420519.822814822 15675.7332691064 1.34026991076958e-16 4.93647400632532e-17
9.31177644710574e-08 0.00189697199769603 0.00146401071896586 420717.082493202 -9396.30933839633 1.34027504356004e-16 4.93671107331889e-17
9.33353293413169e-08 0.00198844134782422 0.0014592410055966 419346.3958807 -34431.6813471487 1.34028017637011e-16 4.93519977573374e-17
9.35528942115764e-08 0.00207944221103111 0.00144903379724755 416413.120282796 -59332.4228862153 1.34028530919979e-16 4.93194608732262e-17
9.37704590818359e-08 0.0021696355385122 0.00143342901245271 411928.727206457 -84001.1004996799 1.34029044204907e-16 4.92696279958058e-17
9.39880239520954e-08 0.00225868543993639 0.00141248768982186 405910.757497175 -108341.188391449 1.34029557491796e-16 4.92026947171972e-17
9.42055888223548e-08 0.00234626049774752 0.0013862917492861 398382.752727403 -132257.446119969 1.34030070780646e-16 4.91189235416278e-17
9.44231536926143e-08 0.00243203506396968 0.00135494367163698 389374.163104765 -155656.29126499 1.34030584071457e-16 4.90186428585459e-17
9.46407185628738e-08 0.00251569053444184 0.0013185660976128 378920.232260294 -178446.16560815 1.34031097364229e-16 4.89022456579334e-17
9.48582834331333e-08 0.00259691659549607 0.00127730134810041 367061.859367418 -200537.89339456 1.34031610658961e-16 4.87701879928401e-17
9.50758483033928e-08 0.00267541243820098 0.00123131086732969 353845.439131107 -221845.03027353 1.34032123955655e-16 4.86229871951562e-17
9.52934131736522e-08 0.00275088793541914 0.00118077459123906 339322.680273207 -242284.201553036 1.34032637254309e-16 4.84612198516028e-17
9.55109780439117e-08 0.00282306477707273 0.00112589024348324 323550.403224115 -261775.428444365 1.34033150554924e-16 4.82855195478592e-17
9.57285429141712e-08 0.00289167755917514 0.00106687256183762 306590.31781231 -280242.441020332 1.340336638575e-16 4.80965743896526e-17
9.59461077844307e-08 0.00295647482236701 0.00100395245802587 288508.781821544 -297612.976662463 1.34034177162037e-16 4.78951243105105e-17
9.61636726546901e-08 0.00301722003589308 0.000937376114258127 269376.541360344 -313819.062829307 1.34034690468535e-16 4.76819581767071e-17
9.63812375249496e-08 0.00307369252316925 0.00086740402001451 249268.454059652 -328797.28303939 1.34035203776994e-16 4.74579107007324e-17
9.65988023952091e-08 0.00312568832531819 0.00079430995284273 228263.196181625 -342489.025027988 1.34035717087413e-16 4.72238591753604e-17
9.68163672654686e-08 0.00317302099929431 0.000718379907157549 206442.954785572 -354840.710106659 1.34036230399794e-16 4.69807200410937e-17
9.70339321357281e-08 0.00321552234747494 0.000639910975233346 183893.106155482 -365804.002828004 1.34036743714135e-16 4.67294453004162e-17
9.72514970059875e-08 0.00325304307586255 0.000559210184768105 160701.881747362 -375336.000135197 1.34037257030438e-16 4.64710187928835e-17
9.7469061876247e-08 0.00328545337832248 0.00047659329756712 136960.022963417 -383399.399256094 1.34037770348701e-16 4.62064523456245e-17
9.76866267465065e-08 0.00331264344456969 0.000392383574046828 112760.426103879 -389962.643684889 1.34038283668925e-16 4.59367818143175e-17
9.7904191616766e-08 0.00333452388991664 0.000306910508392957 88197.7788856618 -395000.046680038 1.34038796991111e-16 4.56630630301313e-17
9.81217564870255e-08 0.00335102610510049 0.000220508539322024 63368.1899500918 -398491.891795124 1.34039310315257e-16 4.53863676684891e-17
9.83393213572849e-08 0.00336210252482041 0.000133515741490685 38368.812809346 -400424.510049219 1.34039823641364e-16 4.51077790558208e-17
9.85568862275444e-08 0.00336772681393402 4.6272502673181e-05 13297.4657030316 -400790.333434707 1.34040336969432e-16 4.482838793071e-17
9.87744510978039e-08 0.00336789397058398 -4.08798081171507e-05 -11747.7511476684 -399587.924553082 1.34040850299461e-16 4.45492881760232e-17
9.89920159680634e-08 0.0033626203458511 -0.000127600176350903 -36668.8393906646 -396821.982262704 1.34041363631451e-16 4.42715725387183e-17
9.92095808383229e-08 0.00335194357985646 -0.000213549276323683 -61368.2859964976 -392503.323316296 1.34041876965402e-16 4.39963283540825e-17
9.94271457085823e-08 0.00333592245456252 -0.000298390798894167 -85749.4448143434 -386648.840059951 1.34042390301315e-16 4.37246332911284e-17
9.96447105788418e-08 0.0033146366638487 -0.000381792767423864 -109716.914737507 -379281.434359075 1.34042903639188e-16 4.34575511357962e-17
9.98622754491013e-08 0.0032881865017608 -0.000463428836769457 -133176.912998689 -370429.928009711 1.34043416979022e-16 4.31961276284632e-17
1.00079840319361e-07 0.00325669247015389 -0.000542979570244892 -156037.642134348 -360128.949985702 1.34043930320817e-16 4.29413863720462e-17
1.0029740518962e-07 0.0032202948072634 -0.000620133689556572 -178209.649182269 -348418.800962792 1.34044443664573e-16 4.26943248267093e-17
1.0051497005988e-07 0.00317915293904896 -0.000694589292820732 -199606.175706812 -335345.295649669 1.3404495701029e-16 4.24559104068487e-17
1.00732534930139e-07 0.00313344485545734 -0.000766055035896954 -220143.497282214 -320959.583542811 1.34045470357969e-16 4.2227076695628e-17
1.00950099800399e-07 0.00308336641404483 -0.000834251272415297 -239741.251105546 -305317.948806403 1.34045983707608e-16 4.20087197918751e-17
1.01167664670658e-07 0.00302913057368373 -0.000898911148036125 -258322.750457398 -288481.590060293 1.34046497059208e-16 4.18016948036358e-17
1.01385229540918e-07 0.00297096656135087 -0.000959781644660785 -275815.284779776 -270516.380937556 1.3404701041277e-16 4.16068125021056e-17
1.01602794411177e-07 0.00290911897525831 -0.00101662457050709 -292150.404197022 -251492.612348515 1.34047523768292e-16 4.14248361490312e-17
1.01820359281437e-07 0.00284384682783519 -0.00106921749217539 -307264.187366391 -231484.717459614 1.34048037125776e-16 4.12564785099985e-17
1.02037924151696e-07 0.00277542253230524 -0.00111735460505798 -321097.49161017 -210570.980463199 1.34048550485221e-16 4.11023990652924e-17
1.02255489021956e-07 0.00270413083682508 -0.00116084753868579 -333596.18435054 -188833.230277695 1.34049063846627e-16 4.09632014292441e-17
1.02473053892215e-07 0.00263026771035363 -0.00119952609386094 -344711.354941529 -166356.520376617 1.34049577209994e-16 4.08394309881632e-17
1.02690618762475e-07 0.00255413918461198 -0.00123323890869063 -354399.506069137 -143228.795999144 1.34050090575322e-16 4.0731572766099e-17
1.02908183632734e-07 0.00247606015666465 -0.0012618540509159 -362622.723970608 -119540.550044378 1.34050603942611e-16 4.0640049526782e-17
1.03125748502994e-07 0.00239635315680755 -0.00128525953421743 -369348.826806739 -95384.4689956559 1.34051117311861e-16 4.05652201191741e-17
1.03343313373253e-07 0.00231534708658349 -0.00130336375647771 -374551.490606587 -70855.0702603508 1.34051630683073e-16 4.05073780731004e-17
1.03560878243512e-07 0.00223337593186316 -0.00131609585828455 -378210.352291674 -46048.332344139 1.34052144056245e-16 4.04667504504614e-17
1.03778443113772e-07 0.00215077745602685 -0.00132340600027279 -380311.089376493 -21061.3193067979 1.34052657431379e-16 4.04434969565189e-17
1.03996007984031e-07 0.00206789187836052 -0.0013252655582187 -380845.476033361 4008.199031046 1.34053170808474e-16 4.04377093147353e-17
1.04213572854291e-07 0.00198506054283704 -0.00132166723512338 -379811.415302168 29062.1296441584 1.3405368418753e-16 4.0449410907614e-17
1.0443113772455e-07 0.00190262458249176 -0.00131262508984638 -377212.947318882 54002.4401250522 1.34054197568547e-16 4.04785566849454e-17
1.0464870259481e-07 0.00182092358461821 -0.00129817448217698 -373060.233530543 78731.5422706202 1.34054710951526e-16 4.05250333398207e-17
1.04866267465069e-07 0.0017402942620071 -0.0012783719345579 -367369.516958388 103152.673932127 1.34055224336465e-16 4.05886597517245e-17
1.05083832335329e-07 0.00166106913542762 -0.00125329491100217 -360163.058664538 127170.27763443 1.34055737723366e-16 4.06691876949734e-17
1.05301397205588e-07 0.00158357523250657 -0.00122304151406783 -351469.050670718 150690.374482935 1.34056251112228e-16 4.07663028097305e-17
1.05518962075848e-07 0.00150813280809633 -0.00118773010107583 -341321.505669682 173620.931895231 1.34056764503052e-16 4.08796258317965e-17
1.05736526946107e-07 0.00143505409113881 -0.00114749882107267 -329760.123960775 195872.223718488 1.34057277895836e-16 4.10087140763668e-17
1.05954091816367e-07 0.00136464206292885 -0.00110250507434906 -316830.138130229 217357.181323519 1.34057791290582e-16 4.11530631699498e-17
1.06171656686626e-07 0.00129718927155762 -0.00105292489662927 -302582.136083836 237991.734301681 1.34058304687289e-16 4.13121090236708e-17
1.06389221556886e-07 0.00123297668717507 -0.00099895227034038 -287071.863124362 257695.139431478 1.34058818085957e-16 4.14852300402403e-17
1.06606786427145e-07 0.00117227260255079 -0.000940798365656166 -270360.003848077 276390.296627628 1.34059331486587e-16 4.16717495459536e-17
1.06824351297405e-07 0.00111533158323547 -0.000878690714284863 -252511.944713717 294004.050636288 1.34059844889177e-16 4.18709384382047e-17
1.07041916167664e-07 0.00106239347143078 -0.000812872319233558 -233597.518212844 310467.47729587 1.34060358293729e-16 4.20820180381577e-17
1.07259481037924e-07 0.00101368244746595 -0.000743600704032236 -213690.729642554 325716.153243326 1.34060871700243e-16 4.23041631374133e-17
1.07477045908183e-07 0.000969406152553175 -0.000671146905137534 -192869.467549568 339690.408010487 1.34061385108717e-16 4.25365052267496e-17
1.07694610778443e-07 0.000929754876254936 -0.000595794411458543 -171215.198978634 352335.557523993 1.34061898519153e-16 4.27781358943065e-17
1.07912175648702e-07 0.000894900811842614 -0.000517838055153948 -148812.650717624 363602.118095083 1.3406241193155e-16 4.30281103799147e-17
1.08129740518962e-07 0.000864997382460401 -0.000437582858040456 -125749.477786516 373446.000061861 1.34062925345908e-16 4.32854512716647e-17
1.08347305389221e-07 0.000840178640731381 -0.000355342838126189 -102115.920467377 381828.68032627 1.34063438762228e-16 4.35491523302512e-17
1.0856487025948e-07 0.00082055874415532 -0.000271439780938743 -78004.4512172766 388717.353110574 1.34063952180509e-16 4.38181824261297e-17
1.0878243512974e-07 0.000806231508351153 -0.000186201980455384 -53509.4128456806 394085.058343391 1.34064465600752e-16 4.40914895740793e-17
1.08999999999999e-07 0.000797270039892542 -9.99629545618351e-05 -28726.6493720509 397910.787172815 1.34064979022955e-16 4.43680050493872e-17
