0 -0.00139 0 0 400000 1.33808e-16 4.46026666666667e-17
5.45e-10 -0.00137292860976922 0.000218853569511539 62892.5963897024 398226.509369648 1.33828177903337e-16 4.53106870125884e-17
1.09e-09 -0.00132165644438261 0.000434056426490548 124736.07674097 386624.641012164 1.33848358841862e-16 4.60070100270003e-17
1.635e-09 -0.0012371747322599 0.000640296879748962 184004.004675437 365479.247164918 1.33868542816032e-16 4.66746149268114e-17
2.18e-09 -0.00112129445258777 0.00083248362854578 239233.278068166 335310.754263327 1.33888729826303e-16 4.72971871480796e-17
2.725e-09 -0.00097660176420411 0.00100587144751561 289060.247496623 296862.354407717 1.33908919873132e-16 4.78595210907962e-17
3.27e-09 -0.000806394296576146 0.0011561783494663 332254.385659735 251081.69711365 1.33929112956975e-16 4.83478955553549e-17
3.815e-09 -0.000614599872313507 0.00127969133322107 367748.67644747 199097.532360523 1.33949309078291e-16 4.87504126009372e-17
4.36e-09 -0.000405679664477357 0.00137335810496287 394665.973174372 142191.880621599 1.33969508237535e-16 4.90572914573879e-17
4.905e-09 -0.000184518176392975 0.00143486250731601 412340.674857416 81768.4160379335 1.33989710435164e-16 4.92611102301647e-17
5.45e-09 4.36972427511566e-05 0.00146268179214694 420335.184869872 19317.8424603785 1.34009915671636e-16 4.93569894253009e-17
5.995e-09 0.000273604374572881 0.00145612432087778 418450.744991699 -43618.8835837625 1.34030123947407e-16 4.93427127562898e-17
6.54e-09 0.000499798443135634 0.00141534675893589 406732.376629275 -105488.575677134 1.34050335262935e-16 4.92187822419793e-17
7.085e-09 0.000716965496797905 0.00134135033690106 385467.806370241 -164764.147848189 1.34070549618678e-16 4.89884062257916e-17
7.63e-09 0.000920013568609792 0.00123595626747547 355180.401485567 -219982.306521573 1.34090767015091e-16 4.86574206018621e-17
8.175e-09 0.00110419837792318 0.00110176092184254 316616.288827475 -269779.673760946 1.34110987452633e-16 4.82341451821634e-17
8.72e-09 0.0012652404701164 0.000942071868604376 270725.974150054 -312926.450057483 1.34131210931762e-16 4.77291787396765e-17
9.265e-09 0.00139943090217202 0.000760826350958779 218640.914654936 -348356.785506398 1.34151437452934e-16 4.7155137776657e-17
9.81e-09 0.00150372286409666 0.000562494211433109 161645.622185483 -375195.109324823 1.34171667016607e-16 4.6526345456652e-17
1.0355e-08 0.00157580697287784 0.000351967657624056 101145.984881967 -392777.767298494 1.3419189962324e-16 4.58584783698371e-17
1.09e-08 0.00161416837828969 0.000134440587512424 38634.5885410271 -400669.432445727 1.34212135273289e-16 4.51681798430544e-17
1.1445e-08 0.00161812426845749 -8.47195490024318e-05 -24346.1069134932 -398673.883102222 1.34232373967212e-16 4.4472649332914e-17
1.199e-08 0.00158784084660649 -0.000300104191052303 -86241.8273772568 -386838.881579502 1.34252615705468e-16 4.37892180320147e-17
1.2535e-08 0.00152432935692618 -0.000506397142278161 -145524.841807617 -365455.032105786 1.34272860488514e-16 4.31349211601219e-17
1.308e-08 0.00142942125447883 -0.00069850578685735 -200731.67016074 -335048.645329305 1.34293108316809e-16 4.25260774955305e-17
1.3625e-08 0.00130572312881445 -0.000871686807367808 -250499.211305399 -296368.784584452 1.34313359190809e-16 4.19778865247403e-17
1.417e-08 0.00115655249071835 -0.00102166330098305 -293598.399049692 -250368.812739856 1.34333613110974e-16 4.15040531553213e-17
1.4715e-08 0.000985856003976524 -0.00114473040231146 -328964.555288191 -198182.894219393 1.34353870077762e-16 4.11164492580872e-17
1.526e-08 0.000798112177533749 -0.00123784680441095 -355723.690666128 -141098.03136038 1.34374130091631e-16 4.08248203971559e-17
1.5805e-08 0.000598220917235341 -0.00129870991714658 -373214.103058516 -80522.3245715286 1.34394393153039e-16 4.06365449925085e-17
1.635e-08 0.000391382661005825 -0.00132581280554417 -381002.740112914 -17950.2390524091 1.34414659262445e-16 4.05564518667292e-17
1.6895e-08 0.000182970078805288 -0.00131848150017753 -378895.921245566 45074.2651688691 1.34434928420307e-16 4.05867006876e-17
1.744e-08 -2.16044973483869e-05 -0.00127689175582788 -366944.153626825 106995.830261554 1.34455200627083e-16 4.0726728266653e-17
1.7985e-08 -0.000217022642146354 -0.00120206484172513 -345440.922410378 166286.084643111 1.34475475883234e-16 4.09732620489205e-17
1.853e-08 -0.000398191108257783 -0.00109584246411272 -314915.484156655 221481.366791335 1.34495754189216e-16 4.13204004710691e-17
1.9075e-08 -0.000560367560019807 -0.000960841436900524 -276119.840404523 271218.857706039 1.34516035545489e-16 4.17597582147589e-17
1.962e-08 -0.000699277665645658 -0.000800389216074179 -230010.212004194 314270.230042594 1.34536319952511e-16 4.22806727801824e-17
2.0165e-08 -0.00081122065685051 -0.000618441885973957 -177723.470592038 349571.983093248 1.34556607410743e-16 4.28704672908326e-17
2.071e-08 -0.00089316074898034 -0.000419486618877486 -120549.10811291 376251.714459459 1.34576897920641e-16 4.35147630520161e-17
2.1255e-08 -0.000942802163295534 -0.000208431012819123 -59897.4355025944 393649.679427019 1.34597191482667e-16 4.41978341567446e-17
2.18e-08 -0.000958645897415149 9.51796321836074e-06 2735.20518984653 401335.105256227 1.34617488097277e-16 4.49029953937627e-17
2.2345e-08 -0.000940026840098834 0.000228982430706651 65803.3571346758 399116.856966343 1.34637787764933e-16 4.56130138892675e-17
2.289e-08 -0.00088713031142805 0.000444546300294494 127750.582745158 387048.190536295 1.34658090486093e-16 4.63105343266947e-17
2.3435e-08 -0.000800987617085035 0.000650888933522683 187047.874439204 365425.4753247 1.34678396261216e-16 4.69785072523189e-17
2.398e-08 -0.000683450723291829 0.000842916468945211 242231.394214519 334780.916332328 1.34698705090762e-16 4.76006098966755e-17
2.4525e-08 -0.000537146674283599 0.00101588757121591 291938.610534881 295869.455016833 1.34719016975191e-16 4.81616491249345e-17
2.507e-08 -0.000365412874232189 0.00116553049885195 334941.940438943 249650.171068064 1.34739331914961e-16 4.86479365688414e-17
2.5615e-08 -0.000172214827964256 0.00128814860017086 370179.066219136 197262.643315377 1.34759649910532e-16 4.90476266778981e-17
2.616e-08 3.7951632030152e-05 0.00138071163205255 396779.177963876 139998.852414437 1.34779970962364e-16 4.93510093412039e-17
2.6705e-08 0.000260171221624035 0.00144093064567379 414084.493692193 79271.3180761641 1.34800295070917e-16 4.95507498513028e-17
2.725e-08 0.000489230449698746 0.001467314588586 421666.525259923 16578.25663506 1.34820622236651e-16 4.96420702798818e-17
2.7795e-08 0.000719746240686312 0.00145920722346373 419336.687809443 -46533.381590507 1.34840952460024e-16 4.96228677802086e-17
2.834e-08 0.000946298761752735 0.00141680344941925 407150.990074049 -108506.083238114 1.34861285741499e-16 4.94937668871519e-17
2.8885e-08 0.00116356517711966 0.00134114461998001 385408.688891301 -167810.209275581 1.34881622081533e-16 4.92581045141083e-17
2.943e-08 0.00136645102864729 0.00123409297012037 354644.940223637 -222981.750226956 1.34901961480588e-16 4.8921848006983e-17
2.9975e-08 0.00155021599988801 0.00109828578033839 315617.627153803 -272658.467359901 1.34922303939123e-16 4.84934482675575e-17
3.052e-08 0.00171059095894676 0.000937070405946647 269288.689060334 -315613.527638019 1.349426494576e-16 4.79836315613486e-17
3.1065e-08 0.00184388339025359 0.000754421772156256 216800.411936282 -350785.801960595 1.34962998036477e-16 4.74051351388565e-17
3.161e-08 0.00194706861147715 0.000554844368513376 159447.264241085 -377306.078436331 1.34983349676215e-16 4.6772393186536e-17
3.2155e-08 0.00201786452223497 0.00034326115910439 98643.9726982637 -394518.543140893 1.35003704377276e-16 4.61011808506593e-17
3.27e-08 0.00205478803734743 0.000124892148224526 35890.6253531033 -401996.997507721 1.35024062140118e-16 4.54082251131434e-17
3.3245e-08 0.00205719180912473 -9.48744030832166e-05 -27264.3373107611 -399555.411320036 1.35044422965204e-16 4.47107921178281e-17
3.379e-08 0.00202528032942671 -0.000310614932387059 -89262.3301453807 -387252.550007318 1.35064786852993e-16 4.40262611283231e-17
3.4335e-08 0.00196010501099988 -0.000517004422452457 -148573.087227071 -365390.56115461 1.35085153803946e-16 4.33716956300086e-17
3.488e-08 0.00186353836632084 -0.000708947835895569 -203732.432620808 -334507.554200511 1.35105523818524e-16 4.27634221608308e-17
3.5425e-08 0.00173822791806025 -0.000881705893773469 -253378.425745041 -295364.355551141 1.35125896897188e-16 4.22166272663881e-17
3.597e-08 0.00158753097559451 -0.00103101209308242 -296284.98903563 -248925.76511375 1.35146273040398e-16 4.17449825290594e-17
3.6515e-08 0.00141543188438321 -0.0011531780738895 -331392.187609546 -196336.776006 1.35166652248616e-16 4.13603069295672e-17
3.706e-08 0.00122644378783638 -0.00124518473391595 -357832.413131674 -138894.343573739 1.35187034522303e-16 4.10722748794073e-17
3.7605e-08 0.00102549732382963 -0.00130475683974761 -374951.825058644 -78015.3997799537 1.35207419861919e-16 4.08881771366858e-17
3.815e-08 0.000817819000838537 -0.00133041929080785 -382326.519382819 -15201.9017954386 1.35227808267927e-16 4.08127405138442e-17
3.8695e-08 0.000608802253780401 -0.00132153364475493 -379773.025043588 47996.2230646378 1.35248199740786e-16 4.08480108356761e-17
3.924e-08 0.000403874360765495 -0.00127831399989906 -367352.868104437 110019.321866829 1.3526859428096e-16 4.099330204571e-17
3.9785e-08 0.000208362504589863 -0.00120182183956058 -345371.09016094 169336.506363648 1.35288991888908e-16 4.1245212726948e-17
4.033e-08 2.73622844032763e-05 -0.00109393996244444 -314368.756635504 224483.439183739 1.35309392565092e-16 4.15977096393739e-17
4.0875e-08 -0.000134388076986441 -0.000957326139275538 -275109.638947854 274098.483250211 1.35329796309975e-16 4.20422762226305e-17
4.142e-08 -0.000272624724789949 -0.000795347636385815 -228561.398364944 316956.322024117 1.35350203124017e-16 4.25681224086376e-17
4.1965e-08 -0.000383663474250379 -0.000611998219313182 -175871.735080159 351998.220455092 1.3537061300768e-16 4.31624505752596e-17
4.251e-08 -0.000464490822414244 -0.000411799682103324 -118340.090398053 378358.179302661 1.35391025961426e-16 4.38107710858102e-17
4.3055e-08 -0.000512838421366477 -0.000199690330214008 -57385.599737334 395384.336729649 1.35411441985717e-16 4.44972596344346e-17
4.36e-08 -0.000527239172464701 1.90968327320481e-05 5487.91320159416 402655.088267896 1.35431861081015e-16 4.52051475844781e-17
4.4145e-08 -0.000507063554419257 0.000239163209580048 68729.0376161341 399989.526525864 1.35452283247781e-16 4.59171356713719e-17
4.469e-08 -0.000452535285679596 0.000455077820494856 130777.056797236 387451.942134853 1.35472708486477e-16 4.66158208634861e-17
4.5235e-08 -0.00036472593147546 0.000661511333045344 190100.464750433 365350.273958505 1.35493136797566e-16 4.72841258481326e-17
4.578e-08 -0.000245528585442305 0.00085336760382225 245234.767698914 334228.545903802 1.3551356818151e-16 4.79057205435248e-17
4.6325e-08 -9.76112722129232e-05 0.0010259094848075 294818.63743129 294853.476086251 1.35534002638772e-16 4.84654252327077e-17
4.687e-08 7.56487820650544e-05 0.00117487578876881 337627.523992357 248195.587954449 1.35554440169812e-16 4.89495853674681e-17
4.74150000000001e-08 0.000270248391979709 0.00129658652567871 372603.897783528 195405.288718781 1.35574880775094e-16 4.93464087879162e-17
4.79600000000001e-08 0.000481657116113922 0.00138803381119056 398883.37419996 137784.504704461 1.3559532445508e-16 4.96462570296057e-17
4.85050000000001e-08 0.000704928987671812 0.00144695620142218 415816.075436797 76754.5729915504 1.35615771210233e-16 4.98418835219148e-17
4.90500000000001e-08 0.000934824516953705 0.00147189461699409 422982.701545126 13821.1812035348 1.35636221041015e-16 4.99286127910341e-17
4.95950000000001e-08 0.00116593995624024 0.00146222847336419 420204.913312945 -49462.7797240422 1.35656673947888e-16 4.9904456236011e-17
5.01400000000001e-08 0.00139284063795937 0.00141819112279599 407549.769869137 -111535.53332629 1.35677129931317e-16 4.9770161610993e-17
5.06850000000001e-08 0.00161019509600303 0.00134086422374495 385328.110597421 -170864.960447694 1.35697588991762e-16 4.95291949824891e-17
5.12300000000001e-08 0.0018129066602372 0.00123215117345525 354086.920383236 -225986.415945002 1.35718051129688e-16 4.91876555967827e-17
5.17750000000001e-08 0.00199623927611243 0.00109473025629307 314595.865711962 -275538.885840129 1.35738516345557e-16 4.87541257484512e-17
5.23200000000001e-08 0.00215593444331562 0.000931988661050342 267828.3330267 -318298.592325772 1.35758984639832e-16 4.82394593454137e-17
5.28650000000001e-08 0.00228831638611642 0.000747938992774441 214937.436486287 -353209.216878344 1.35779456012976e-16 4.76565143794384e-17
5.34100000000001e-08 0.00239038285806535 0.000547120336953631 157227.586488182 -379407.995072159 1.35799930465452e-16 4.70198358962183e-17
5.39550000000001e-08 0.00245987933785003 0.000334486315440885 96122.3199688008 -396247.038461673 1.35820407997724e-16 4.63452972817734e-17
5.45000000000001e-08 0.0024953547826796 0.000115282894905625 33129.1858575498 -403309.356596183 1.35840888610254e-16 4.56497087118537e-17
5.50450000000001e-08 0.00249619756044652 -0.000105081038077262 -30197.4481419445 -400419.182951228 1.35861372303507e-16 4.49504024227542e-17
5.55900000000001e-08 0.00246265067088904 -0.00032116714222113 -92294.7498385795 -387646.349078993 1.35881859077945e-16 4.42648050354483e-17
5.61350000000001e-08 0.00239580587698535 -0.000527641833730776 -151629.991510842 -365304.598129725 1.35902348934032e-16 4.36100074860037e-17
5.66800000000001e-08 0.00229757688824252 -0.000719407933310509 -206738.381696179 -333943.878454291 1.35922841872231e-16 4.30023431759102e-17
5.72250000000001e-08 0.00217065225455742 -0.000891730498582521 -256259.226024557 -294336.806573937 1.35943337893007e-16 4.24569847546778e-17
5.77700000000001e-08 0.00201842913016327 -0.00104035373553452 -298969.524406327 -247459.632730047 1.35963836996822e-16 4.19875694887939e-17
5.83150000000001e-08 0.00184492953947007 -0.00116160610231523 -333814.175020231 -194468.177951503 1.35984339184141e-16 4.16058624671213e-17
5.88600000000001e-08 0.00165470120870085 -0.00125249100967142 -359932.039165769 -136669.335749223 1.36004844455427e-16 4.13214659604179e-17
5.94050000000001e-08 0.00145270540844761 -0.00131076087740031 -376677.22308456 -75488.8411003409 1.36025352811144e-16 4.11415821148399e-17
5.99500000000001e-08 0.0012441945732053 -0.00133497271662265 -383635.050802251 -12436.1016123745 1.36045864251757e-16 4.10708348441067e-17
6.04950000000001e-08 0.00103458271665913 -0.00132452386334374 -380632.332987444 50933.0416182118 1.36066378777729e-16 4.11111553248777e-17
6.10400000000001e-08 0.000829311839753739 -0.00127966697842307 -367741.677537267 113054.7047136 1.36086896389524e-16 4.12617339308492e-17
6.15850000000001e-08 0.000633717627949906 -0.00120150394063922 -345279.734609379 172395.555990433 1.36107417087607e-16 4.15190398018181e-17
6.21300000000001e-08 0.000452897752113707 -0.00109195878039215 -313799.418500115 227490.662722125 1.36127940872442e-16 4.18769075749253e-17
6.26750000000001e-08 0.000291586023724114 -0.00095373031887854 -274076.297424464 276979.65552838 1.36148467744493e-16 4.23266891476831e-17
6.32200000000001e-08 0.000154035511091559 -0.000790225678538185 -227089.486216766 319640.317612538 1.36168997704224e-16 4.28574667371001e-17
6.37650000000001e-08 4.39135025920558e-05 -0.000605476302836529 -173997.512687675 354418.769487088 1.361895307521e-16 4.34563219858906e-17
6.43100000000001e-08 -3.57890890251613e-05 -0.000404038555358837 -116109.752492394 380455.503725239 1.36210066888585e-16 4.41086544827366e-17
6.48550000000001e-08 -8.28316432096637e-05 -0.000190881349081051 -54854.1368224905 397106.626584454 1.36230606114145e-16 4.4798541843053e-17
6.54000000000001e-08 -9.57792423137929e-05 2.87364228576881e-05 8258.07067486357 403959.781544032 1.36251148429243e-16 4.55091324698196e-17
6.59450000000001e-08 -7.40382061252968e-05 0.000249395631443115 71669.558895999 400844.360968663 1.36271693834345e-16 4.6223061306178e-17
6.64900000000001e-08 -1.78708702572198e-05 0.000465650630163621 133815.396325748 387835.753017957 1.36292242329915e-16 4.69228783226013e-17
6.70350000000001e-08 7.16107594533565e-05 0.000672163647946039 193161.651932168 365253.518092281 1.36312793916418e-16 4.75914791656177e-17
6.75800000000001e-08 0.000192472323107683 0.000863836539973482 248243.256788027 333653.538906529 1.36333348594319e-16 4.82125273401308e-17
6.8125e-08 0.000342004722468542 0.00103593664441711 297700.171891384 293814.337019174 1.36353906364084e-16 4.87708575047314e-17
6.867e-08 0.000516790864155975 0.00118421363808878 340310.969319475 246717.892643064 1.36374467226176e-16 4.92528499239503e-17
6.9215e-08 0.000712789885990652 0.00130500450569812 375022.997554023 193525.44027247 1.36395031181062e-16 4.96467668317463e-17
6.976e-08 0.000925436790433781 0.00139532403031625 400978.385992952 135548.83672731 1.36415598229206e-16 4.99430423991474e-17
7.0305e-08 0.00114975502851769 0.00145293856959069 417535.246239067 74218.2075766397 1.36436168371074e-16 5.01345191427544e-17
7.085e-08 0.0013804792576774 0.00147642129442237 424283.546201756 11046.6698581721 1.36456741607131e-16 5.02166249315574e-17
7.1395e-08 0.00161218524538711 0.00146518752404234 421055.264442301 -52406.998713242 1.36477317937843e-16 5.01874862146556e-17
7.194e-08 0.00183942371369352 0.00141950928243512 407928.573296225 -114576.823044319 1.36497897363675e-16 5.00479746658601e-17
7.2485e-08 0.00205685482199598 0.00134050871373494 385225.946636278 -173928.277376892 1.36518479885093e-16 4.98016860839898e-17
7.303e-08 0.00225937996917458 0.00123013051592095 353506.238062039 -228996.161654583 1.36539065502562e-16 4.94548520594043e-17
7.3575e-08 0.00244226766182601 0.00109109406998332 313550.924117052 -278420.772649341 1.36559654216548e-16 4.90161865767037e-17
7.412e-08 0.00260127034132417 0.000926826442943906 266344.851169089 -320981.476898766 1.36580246027516e-16 4.84966713296083e-17
7.4665e-08 0.00273272928508885 0.000741377915319952 213051.960287988 -355626.856493367 1.36600840935934e-16 4.79092850371626e-17
7.521e-08 0.00283366499133644 0.000539322115158835 154986.5884684 -381500.68320924 1.36621438942266e-16 4.7268683433237e-17
7.5755e-08 0.00290185081446079 0.000325643220990636 93581.0538092548 -397963.079324837 1.36642040046979e-16 4.65908378196687e-17
7.63e-08 0.00293586803122534 0.000105613015550675 30350.3240790316 -404606.34215519 1.36662644250538e-16 4.589264109721e-17
7.6845e-08 0.00293514097595646 -0.000115339176977324 -33145.3598026544 -401265.040956136 1.3668325155341e-16 4.51914909924307e-17
7.739e-08 0.00289995137461369 -0.000331760461358052 -95338.9832335053 -388020.136148401 1.36703861956062e-16 4.45048607629781e-17
7.7935e-08 0.00283143152084746 -0.00053830894357993 -154695.430360593 -365197.01830117 1.36724475458958e-16 4.38498679741785e-17
7.848e-08 0.00273153645927459 -0.000729885583896019 -209749.375077998 -333357.514357841 1.36745092062566e-16 4.32428519891523e-17
7.9025e-08 0.00260299585932217 -0.000901760076127958 -259141.455334009 -293286.057480446 1.36765711767352e-16 4.26989706011729e-17
7.957e-08 0.0024492467643239 -0.00104968764567082 -301651.837718602 -245970.360958941 1.36786334573783e-16 4.223182576614e-17
8.0115e-08 0.00227434887272442 -0.00117001388229308 -336230.34357467 -192577.07232077 1.36806960482324e-16 4.18531276763548e-17
8.066e-08 0.0020828844395985 -0.00125976501868989 -362022.392612388 -134423.007734914 1.36827589493444e-16 4.15724054719246e-17
8.1205e-08 0.00187984526657216 -0.00131672142455246 -378390.123116934 -72942.675971884 1.36848221607607e-16 4.13967717363665e-17
8.17499999999999e-08 0.00167050956725844 -0.00133947249981759 -384928.166783645 -9652.89286048318 1.36868856825282e-16 4.13307465966785e-17
8.22949999999999e-08 0.00146031174560917 -0.00132745160955006 -381473.688058312 53884.6408917245 1.36889495146935e-16 4.13761457780027e-17
8.28399999999999e-08 0.00125470829994766 -0.00128095019527349 -368110.439352 116101.875252397 1.36910136573032e-16 4.15320353852765e-17
8.33849999999999e-08 0.00105904316154821 -0.00120111071135389 -345166.731148727 175463.108914406 1.36930781104042e-16 4.17947545378849e-17
8.39299999999999e-08 0.000878415791080615 -0.0010898985575787 -313207.366187837 230502.894809991 1.3695142874043e-16 4.2158005308905e-17
8.44749999999999e-08 0.000717555288674808 -0.000950053697467344 -273019.735875077 279862.217473136 1.36972079482665e-16 4.26130077593906e-17
8.50199999999999e-08 0.000580703625436228 -0.000785023153303378 -225594.421180677 322322.049143742 1.36992733331213e-16 4.31487162512922e-17
8.55649999999999e-08 0.000471510879595051 -0.000598876041013845 -172100.775961804 356833.456064715 1.37013390286541e-16 4.37520917096888e-17
8.61099999999999e-08 0.000392945064635563 -0.000396203239183377 -113858.094550927 382543.511438641 1.37034050349116e-16 4.44084231233996e-17
8.66549999999999e-08 0.000347218777015361 -0.000182004166030249 -52303.074521164 398816.374889272 1.37054713519408e-16 4.51016903568418e-17
8.71999999999999e-08 0.000335734476316724 3.84365432844938e-05 11045.6229194819 405249.017465983 1.37075379797881e-16 4.58149593252612e-17
8.77449999999999e-08 0.000359049751102345 0.000259679416966992 74624.8407027114 401681.203297349 1.37096049185005e-16 4.65307997853974e-17
8.82899999999999e-08 0.000416863430709967 0.000476264367834223 136865.497454979 388199.480685727 1.37116721681247e-16 4.72317154340369e-17
8.88349999999999e-08 0.00050802288887836 0.000682845443529024 196231.311064607 365135.083242693 1.37137397287074e-16 4.79005757016024e-17
8.93799999999999e-08 0.00063055236214103 0.000874322780191127 251256.718597793 333055.791948638 1.37158076002954e-16 4.85210385844959e-17
8.99249999999999e-08 0.000781701587259267 0.00104596850258645 300583.056590461 292751.958070047 1.37178757829356e-16 4.90779540794733e-17
9.04699999999999e-08 0.000958013560393664 0.00119354346260663 342992.108535515 245217.031006326 1.37199442766746e-16 4.9557738260492e-17
9.10149999999999e-08 0.00115540974861438 0.0013134019336894 377436.191227518 191623.070806537 1.37220130815593e-16 4.99487087615121e-17
9.15599999999999e-08 0.00136929065338077 0.00140258167552134 403064.03692221 133291.848945354 1.37240821976365e-16 5.0241373379829e-17
9.21049999999999e-08 0.00159464924642319 0.00145887714405237 419241.831914511 71662.2499188258 1.3726151624953e-16 5.04286646702449e-17
9.26499999999999e-08 0.00182619448039955 0.00148089403748547 425568.891580633 8254.77762235538 1.37282213635557e-16 5.05061147322374e-17
9.31949999999999e-08 0.00205848182763615 0.00146808382925556 421887.584222156 -55365.9579526423 1.37302914134913e-16 5.04719658674374e-17
9.37399999999999e-08 0.00228604762635294 0.00142075743272347 408287.257929488 -117629.848190127 1.37323617748066e-16 5.03272143667744e-17
9.42849999999999e-08 0.00250354391932141 0.00134007765720546 385102.072648798 -177000.034832614 1.37344324475486e-16 5.00755863365777e-17
9.48299999999999e-08 0.00270587045725129 0.00122803063833106 352902.790039583 -232010.844184146 1.3736503431764e-16 4.97234461500146e-17
9.53749999999998e-08 0.00288830060867576 0.00108737694465649 312482.722837852 -281303.970205722 1.37385747274997e-16 4.9279639773123e-17
9.59199999999998e-08 0.00304659806800026 0.000921583564151062 264838.189611892 -323662.013251828 1.37406463348026e-16 4.87552768223077e-17
9.64649999999998e-08 0.00317712148001099 0.000734738446233161 211143.95645488 -358038.546324336 1.37427182537195e-16 4.81634567228413e-17
9.70099999999998e-08 0.00327691439692399 0.000531449705809157 152724.270951949 -383583.966295281 1.37447904842974e-16 4.75189457182861e-17
9.75549999999998e-08 0.00334377834565556 0.000316731974621939 91020.2026317003 -399666.49146407 1.3746863026583e-16 4.68378126947552e-17
9.80999999999998e-08 0.00337632719949497 9.58827027905336e-05 27554.0953744462 -405887.786505591 1.37489358806233e-16 4.61370328015663e-17
9.86449999999998e-08 0.00337402150949068 -0.000125648538129958 -36107.991353309 -402092.828382035 1.37510090464652e-16 4.54340686459669e-17
9.91899999999998e-08 0.00333718194524736 -0.000342394526059523 -98394.9258016079 -388373.768864401 1.37530825241555e-16 4.47464393945466e-17
9.97349999999998e-08 0.00326698151027628 -0.000549005315141363 -157769.278234991 -365067.69743477 1.37551563137412e-16 4.40912884139651e-17
1.0028e-07 0.00316541672082931 -0.000740380288443829 -212765.269307312 -332748.358862737 1.37572304152693e-16 4.34849601212748e-17
1.00825e-07 0.00303525845634983 -0.000911794077162727 -262024.95583465 -292212.028954388 1.37593048287865e-16 4.29425964884281e-17
1.0137e-07 0.00287998369147892 -0.00105901323775319 -304331.760647165 -244457.896177365 1.37613795543399e-16 4.24777631620767e-17
1.01915e-07 0.00270368979157462 -0.00117840080604425 -338640.518613671 -190663.432511215 1.37634545919764e-16 4.21021144303664e-17
1.0246e-07 0.00251099348428232 -0.0012670061461483 -364103.29678802 -132155.360609316 1.37655299417429e-16 4.1825105311092e-17
1.03005e-07 0.00230691699820273 -0.00132263787450939 -380090.350808132 -70376.9331317249 1.37676056036864e-16 4.16537578738767e-17
1.0355e-07 0.00209676417679045 -0.00134391805680064 -386205.699618435 -6852.33123047898 1.37696815778538e-16 4.15924875716341e-17
1.04095e-07 0.00188598962344734 -0.00133031633729087 -382296.933326694 56850.9396112647 1.37717578642922e-16 4.16429938764256e-17
1.0464e-07 0.00168006410622202 -0.00128216315535907 -368459.011272802 119160.728628079 1.37738344630484e-16 4.1804217928462e-17
1.05185e-07 0.00148433954332482 -0.00120064171983151 -345031.955670342 178539.039283445 1.37759113741694e-16 4.20723682535367e-17
1.0573e-07 0.00130391690151208 -0.00108775893601715 -312592.496822913 233519.991701067 1.37779885977023e-16 4.24410139244345e-17
1.06275e-07 0.00114352026800613 -0.00094629599978734 -271939.875198961 282746.010988982 1.37800661336941e-16 4.29012428772618e-17
1.0682e-07 0.00100738020474717 -0.000779739874964729 -224076.149886731 325001.348072596 1.37821439821917e-16 4.3441881485302e-17
1.07365e-07 0.000899129265155094 -0.000592197342263309 -170181.498584408 359242.105351281 1.37842221432421e-16 4.40497699805918e-17
1.0791e-07 0.000821712253846037 -0.000388293738404339 -111585.117960917 384622.02562858 1.37863006168924e-16 4.47100869342985e-17
1.08455e-07 0.000777313446284482 -0.000173058882193578 -49732.4418959492 400513.407215653 1.37883794031896e-16 4.54067147951974e-17
1.09e-07 0.000767302567119283 4.81969990573296e-05 13850.5139106162 406522.628296332 1.37904585021806e-16 4.61226374710481e-17
