0 -0.00139 0 0 400000 1.33808e-16 4.46026666666667e-17
3.64548494983278e-10 -0.00138236187951778 0.000146201304017422 42014.3003641122 399900.238312202 1.33812039347965e-16 4.50725005745817e-17
7.29096989966555e-10 -0.00135940941404952 0.000291563964341307 83787.5972140934 395399.548093381 1.33816078817564e-16 4.55396471731899e-17
1.09364548494983e-09 -0.00132131449811947 0.000434488231133835 124860.165716124 386547.327180453 1.33820118408801e-16 4.59989802241122e-17
1.45819397993311e-09 -0.00126841567498159 0.000573401141048464 164779.978749465 373440.863747783 1.33824158121679e-16 4.64454593236022e-17
1.82274247491639e-09 -0.00120121441594937 0.000706773828590219 203107.68172317 356224.267087222 1.33828197956203e-16 4.6874185375069e-17
2.18729096989967e-09 -0.00112036960658088 0.000833138352697832 239421.428080677 335086.883086815 1.33832237912376e-16 4.7280454508177e-17
2.55183946488294e-09 -0.00102669030034475 0.000951103853355614 273321.522273054 310261.211830396 1.33836277990202e-16 4.76598098510933e-17
2.91638795986622e-09 -0.000921126819461269 0.00105937186041042 304434.819098931 282020.35022004 1.33840318189684e-16 4.80080905860603e-17
3.2809364548495e-09 -0.000804760300804699 0.00115675058609375 332418.830988773 250674.987751133 1.33844358510825e-16 4.83214777483539e-17
3.64548494983278e-09 -0.000678790801867835 0.00124216804392836 356965.498023798 216569.988488297 1.33848398953631e-16 4.85965362645076e-17
4.01003344481605e-09 -0.000544524097640035 0.00131468384960967 377804.579190113 180080.59684525 1.33852439518103e-16 4.8830252767057e-17
4.37458193979933e-09 -0.000403357313660453 0.00137349957395293 394706.627535703 141608.308912897 1.33856480204247e-16 4.90200687695237e-17
4.73913043478261e-09 -0.000256763553320486 0.00141796753392775 407485.516475971 101576.454761854 1.33860521012065e-16 4.91639088364064e-17
5.10367892976589e-09 -0.000106275688562617 0.00144759792498702 416000.489432177 60425.5403277129 1.33864561941561e-16 4.92602034380155e-17
5.46822742474916e-09 4.6530507665256e-05 0.00146206421614878 420157.710232018 18608.4001346505 1.3386860299274e-16 4.93079062384737e-17
5.83277591973244e-09 0.000200053701591483 0.00146120674840531 419911.297195083 -23414.7858037729 1.33872644165604e-16 4.93065056264579e-17
6.19732441471572e-09 0.000352684620622839 0.00144503449680474 415263.829507454 -65181.5560714034 1.33876685460157e-16 4.92560303616134e-17
6.56187290969899e-09 0.000502823763244544 0.00141372497675814 406266.320296883 -106232.257195746 1.33880726876403e-16 4.91570492743248e-17
6.92642140468227e-09 0.000648899001922268 0.00136762229554712 393017.656688796 -146115.102245884 1.33884768414346e-16 4.90106650219665e-17
7.29096989966555e-09 0.000789382885281958 0.0013072333704196 375663.512989288 -184391.143010978 1.33888810073989e-16 4.88185019701688e-17
7.65551839464883e-09 0.000922809449146902 0.00123322235483834 354394.748939733 -220639.101037614 1.33892851855336e-16 4.85826883322892e-17
8.0200668896321e-09 0.00104779035141082 0.00114640333416806 329445.310654799 -254460.004355922 1.3389689375839e-16 4.83058327634714e-17
8.38461538461538e-09 0.00116303015316138 0.00104773137113307 301089.6573292 -285481.578861154 1.33900935783156e-16 4.79909956667107e-17
8.74916387959866e-09 0.00126734057785878 0.000938291999541315 269639.742018132 -313362.346015931 1.33904977929636e-16 4.76416555265423e-17
9.11371237458194e-09 0.00135965359161552 0.000819289281850065 235441.579704683 -337795.381768854 1.33909020197835e-16 4.72616706407055e-17
9.47826086956521e-09 0.00143903316059263 0.000692032561957266 198871.440410367 -358511.695312177 1.33913062587757e-16 4.68552366707881e-17
9.84280936454849e-09 0.00150468555608168 0.000557922058965601 160331.709232575 -375283.190483644 1.33917105099404e-16 4.64268404788841e-17
1.02073578595318e-08 0.00155596809382085 0.000418433460425779 120246.458859413 -387925.17720954 1.33921147732781e-16 4.5981210758182e-17
1.0571906354515e-08 0.00159239621132108 0.000275101684581209 79056.7832780126 -396298.405336821 1.33925190487891e-16 4.55232660007024e-17
1.09364548494983e-08 0.00161364880526611 0.000129503990286474 37215.9440219397 -400310.598457498 1.33929233364738e-16 4.505806037472e-17
1.13010033444816e-08 0.00161957177019537 -1.67573795436993e-05 -4815.61763211449 -399917.470830405 1.33933276363326e-16 4.45907281074321e-17
1.16655518394649e-08 0.00161017969947229 -0.000162072829959155 -46575.3476313331 -395123.216193477 1.33937319483657e-16 4.4126426984898e-17
1.20301003344482e-08 0.00158565572976345 -0.000304843127439555 -87603.6695175753 -385980.463071255 1.33941362725737e-16 4.36702815910117e-17
1.23946488294314e-08 0.001546349530684 -0.000443496999864868 -127449.042182858 -372589.697053378 1.33945406089568e-16 4.32273269101558e-17
1.27591973244147e-08 0.00149277346167786 -0.000576508429299 -165672.929347637 -355098.156385875 1.33949449575155e-16 4.28024529142059e-17
1.3123745819398e-08 0.00142559693837098 -0.000702413447269197 -201854.626069839 -333698.213013487 1.339534931825e-16 4.24003507437374e-17
1.34882943143813e-08 0.00134563907034256 -0.000819826247693223 -235595.88916431 -308625.256874234 1.33957536911608e-16 4.20254610757613e-17
1.38528428093645e-08 0.00125385965128381 -0.000927454440110058 -266525.320568756 -280155.10671475 1.33961580762483e-16 4.16819252462722e-17
1.42173913043478e-08 0.00115134860064854 -0.00102411327532552 -294302.455409521 -248600.975906236 1.33965624735127e-16 4.13735396655891e-17
1.45819397993311e-08 0.00103931397294419 -0.00110873868688782 -318621.509768923 -214310.02663902 1.33969668829544e-16 4.11037140282514e-17
1.49464882943144e-08 0.000919068666578586 -0.00118039900483519 -339214.746899486 -177659.550404616 1.33973713045739e-16 4.08754337774858e-17
1.53110367892977e-08 0.000792015978493225 -0.00123830521276507 -355855.424828207 -139052.816788041 1.33977757383715e-16 4.06912272374539e-17
1.56755852842809e-08 0.000659634163520419 -0.0012818196353015 -368360.292899689 -98914.6362446942 1.33981801843475e-16 4.05531377751316e-17
1.60401337792642e-08 0.000523460168359508 -0.00131046296030713 -376591.609769953 -57686.6856850763 1.33985846425024e-16 4.04627012983331e-17
1.64046822742475e-08 0.000385072719155835 -0.00132391951851004 -380458.660628385 -15822.6483024321 1.33989891128364e-16 4.04209293376745e-17
1.67692307692308e-08 0.000246074948785199 -0.00132204076239027 -379918.756935614 26216.7788758072 1.339939359535e-16 4.04282978988301e-17
1.7133779264214e-08 0.000108076755017676 -0.00130484690598635 -374977.707659571 67968.95477457 1.33997980900436e-16 4.04847422079359e-17
1.74983277591973e-08 -2.73229162978524e-05 -0.00127252670752045 -365689.756807833 108974.385604712 1.34002025969174e-16 4.05896574081461e-17
1.78628762541806e-08 -0.000158553668056136 -0.00122543539717839 -352156.987927635 148781.781713829 1.34006071159719e-16 4.07419051998544e-17
1.82274247491639e-08 -0.000284090935067275 -0.00116409077279345 -334528.202111024 186953.024302343 1.34010116472074e-16 4.09398263516852e-17
1.85919732441472e-08 -0.000402472763365968 -0.00108916750634628 -312997.281836903 223067.987343131 1.34014161906242e-16 4.11812589447448e-17
1.89565217391304e-08 -0.000512315900985834 -0.00100148972388409 -287801.058640515 256729.161634855 1.34018207462229e-16 4.14635621495288e-17
1.93210702341137e-08 -0.000612331023098161 -0.000902021940465654 -259216.708061833 287566.030095028 1.34022253140037e-16 4.17836452739841e-17
1.9685618729097e-08 -0.000701336923935471 -0.000791858449844131 -227558.700527371 315239.146134986 1.34026298939669e-16 4.21380017632092e-17
2.00501672240803e-08 -0.000778273519285845 -0.000672211285608183 -193175.341707778 339443.870225076 1.3403034486113e-16 4.25227477767739e-17
2.04147157190636e-08 -0.000842213516428968 -0.000544396886226825 -156444.940412403 359913.723518623 1.34034390904424e-16 4.29336649192494e-17
2.07792642140468e-08 -0.000892372623045457 -0.000409821610710912 -117771.646182176 376423.321616348 1.34038437069553e-16 4.33662466538223e-17
2.11438127090301e-08 -0.000928118182705813 -0.000269966264257632 -77581.0023783772 388790.856172321 1.34042483356522e-16 4.38157478883202e-17
2.15083612040134e-08 -0.000948976141857568 -0.000126369804144398 -36315.2636972656 396880.097017625 1.34046529765334e-16 4.42772371880445e-17
2.18729096989967e-08 -0.000954636271588286 1.93875948349641e-05 5571.470365523 400601.892753808 1.34050576295993e-16 4.4745651040887e-17
2.223745819398e-08 -0.000944955586646041 0.000165701929045141 47618.252549825 399915.153286891 1.34054622948503e-16 4.52158495776e-17
2.26020066889632e-08 -0.00091995992403659 0.000310963017445674 89362.3603763227 394827.303473495 1.34058669722867e-16 4.56826731340586e-17
2.29665551839465e-08 -0.000879843663769244 0.000453572221541528 130344.388381054 385394.202870763 1.34062716619089e-16 4.61409990330707e-17
2.33311036789298e-08 -0.000824967594768723 0.000591960038840866 170113.303999313 371719.532457146 1.34066763637172e-16 4.65857979608525e-17
2.36956521739131e-08 -0.000755854949382884 0.000724603376199178 208231.411457549 353953.655057179 1.34070810777121e-16 4.70121893177331e-17
2.40602006688963e-08 -0.000673185650071666 0.000850042312945974 244279.169042575 332291.961995505 1.34074858038939e-16 4.74154949339171e-17
2.44247491638796e-08 -0.000577788831538941 0.000966896169299476 277859.806729335 306972.72415982 1.34078905422629e-16 4.7791290559113e-17
2.47892976588629e-08 -0.000470633720549696 0.00107387870321455 308603.693343959 278274.471107017 1.34082952928196e-16 4.81354545593127e-17
2.51538461538462e-08 -0.000352818973751269 0.00116981226839544 336172.405193683 246512.927041396 1.34087000555642e-16 4.84442132847272e-17
2.55183946488295e-08 -0.000225560590790085 0.00125364077763225 360262.45137912 212037.537371331 1.34091048304973e-16 4.87141826095023e-17
2.58829431438127e-08 -9.01785356978508e-05 0.0013244413287629 380608.614781285 175227.624057532 1.3409509617619e-16 4.89424051859512e-17
2.6247491638796e-08 5.19177862592491e-05 0.00138143436527601 396986.871944018 136488.212052315 1.34099144169298e-16 4.91263830031899e-17
2.66120401337793e-08 0.000199245036474707 0.00142399225969232 409216.859705676 96245.5727502773 1.34103192284301e-16 4.92641048917252e-17
2.69765886287626e-08 0.000350262265003562 0.00145164622521688 417163.861420989 54942.5334864329 1.34107240521203e-16 4.93540686711526e-17
2.73411371237459e-08 0.000503387867071915 0.00146409147954813 420740.290900159 13033.6046940129 1.34111288880006e-16 4.93952976970661e-17
2.77056856187291e-08 0.000657016987505821 0.0014611906039636 419906.657719207 -29020.021657648 1.34115337360715e-16 4.93873516249126e-17
2.80702341137124e-08 0.000809539181556272 0.00144297506066067 414672.00326268 -70755.5473065278 1.34119385963333e-16 4.93303312721588e-17
2.84347826086957e-08 0.0009593561377696 0.00140964485159866 405093.802684091 -111713.660771508 1.34123434687864e-16 4.92248775250842e-17
2.8799331103679e-08 0.00110489926786393 0.00136156632254069 391277.333846948 -151443.592207098 1.34127483534312e-16 4.90721643020535e-17
2.91638795986623e-08 0.00124464697003006 0.00129926813640612 373374.520175157 -189508.074409177 1.34131532502681e-16 4.88738856505266e-17
2.95284280936455e-08 0.00137714137566329 0.00122343546019197 351582.260131454 -225488.155372763 1.34135581592973e-16 4.86322371196301e-17
2.98929765886288e-08 0.0015010043952119 0.00113490242938264 326140.261692611 -258987.80943486 1.34139630805193e-16 4.83498916131113e-17
3.02575250836121e-08 0.00161495288653567 0.00103464297272598 297328.405638209 -289638.296250422 1.34143680139344e-16 4.80299699882511e-17
3.06220735785954e-08 0.00171781277881929 0.000923760098299849 265463.666655988 -317102.219623059 1.3414772959543e-16 4.76760067241354e-17
3.09866220735786e-08 0.00180853199657482 0.00080347375873059 230896.626133831 -341077.241513768 1.34151779173455e-16 4.72919110369613e-17
3.13511705685619e-08 0.00188619204146756 0.000675107429064437 194007.615003057 -361299.410344433 1.34155828873422e-16 4.68819238701682e-17
3.17157190635452e-08 0.0019500181044663 0.000540073544964484 155202.529070088 -377546.066956297 1.34159878695336e-16 4.64505712325961e-17
3.20802675585285e-08 0.0019993875969889 0.000399857961452364 114908.362879166 -389638.296230443 1.34163928639199e-16 4.60026143980775e-17
3.24448160535117e-08 0.00203383700710975 0.000256003603197604 73568.5112477344 -397442.897376393 1.34167978705015e-16 4.55429975144247e-17
3.2809364548495e-08 0.00205306700532586 0.000110093486259838 31637.8901743716 -400873.851191162 1.34172028892788e-16 4.50767931983005e-17
3.31739130434783e-08 0.00205694574363945 -3.62667018883273e-05 -10422.0691914644 -399893.268126374 1.34176079202522e-16 4.46091467146432e-17
3.35384615384616e-08 0.00204551031159614 -0.000181466272363234 -52148.4984300562 -394511.806714256 1.34180129634221e-16 4.41452193549129e-17
3.39030100334448e-08 0.00201896633319947 -0.000323907260444999 -93082.1857021961 -384788.557731763 1.34184180187888e-16 4.36901316372592e-17
3.42675585284281e-08 0.00197768570908164 -0.000462022011655934 -132772.62951246 -370830.395361532 1.34188230863526e-16 4.32489069536917e-17
3.46321070234114e-08 0.0019222025287223 -0.000594290434802529 -170782.99676682 -352790.802474114 1.3419228166114e-16 4.2826416284432e-17
3.49966555183947e-08 0.00185320719764643 -0.000719256732100249 -206694.930557997 -330868.182943502 1.34196332580732e-16 4.24273245879021e-17
3.53612040133779e-08 0.0017715388441782 -0.000835545422249377 -240113.154764071 -305303.679553562 1.34200383622308e-16 4.20560394563801e-17
3.57257525083612e-08 0.00167817608926303 -0.000941876480105738 -270669.824780356 -276378.521494553 1.3420443478587e-16 4.17166626024392e-17
3.60903010033445e-08 0.00157422628088728 -0.00103707942630673 -298028.576496828 -244410.930626527 1.34208486071422e-16 4.141294471015e-17
3.64548494983278e-08 0.00146091331152511 -0.00112010621176392 -321888.228952794 -209752.620543067 1.34212537478968e-16 4.1148244148013e-17
3.6819397993311e-08 0.00133956415263961 -0.0011900427551912 -341986.099910441 -172784.926951128 1.34216589008511e-16 4.09254899981024e-17
3.71839464882943e-08 0.00121159425438815 -0.00124611900665702 -358100.89784752 -133914.61194125 1.34220640660056e-16 4.07471498084201e-17
3.75484949832776e-08 0.00107849197117483 -0.00128771742636598 -370055.158529877 -93569.3883125967 1.34224692433605e-16 4.06152024234878e-17
3.79130434782609e-08 0.000941802184418515 -0.00131437978531293 -377717.199335475 -52193.2131994419 1.34228744329162e-16 4.05311161923307e-17
3.82775919732441e-08 0.00080310930274454 -0.00132581221291719 -381002.56980795 -10241.4027860818 1.34232796346732e-16 4.04958327938389e-17
3.86421404682274e-08 0.000664019826665323 -0.00132188843603469 -379874.982461099 31824.3781323743 1.34236848486318e-16 4.05097568576764e-17
3.90066889632107e-08 0.000526144669613448 -0.00130265117364809 -374346.713575088 73541.1966069216 1.34240900747923e-16 4.05727514951364e-17
3.9371237458194e-08 0.000391081429877939 -0.00126831167183063 -364478.469557642 114449.946100669 1.34244953131551e-16 4.0684139789303e-17
3.97357859531772e-08 0.000260396808540644 -0.00121924738404546 -350378.720324819 154100.399098372 1.34249005637206e-16 4.08427122283002e-17
4.01003344481605e-08 0.000135609366908744 -0.0011559978222531 -332202.507021508 192056.162153952 1.34253058264892e-16 4.10467400000028e-17
4.04648829431438e-08 1.81728132090942e-05 -0.00107925862443068 -310149.737186926 227899.478842489 1.34257111014612e-16 4.12939940020783e-17
4.08294314381271e-08 -9.05399975087724e-05 -0.000989873903736663 -284462.986111482 261235.827755333 1.34261163886369e-16 4.15817693583227e-17
4.11939799331103e-08 -0.000189252174157491 -0.000888826963467004 -255424.828566334 291698.264930955 1.34265216880169e-16 4.19069151716559e-17
4.15585284280936e-08 -0.000276796844762716 -0.000777229479936228 -223354.730255977 318951.462925144 1.34269269996013e-16 4.22658691864967e-17
4.19230769230769e-08 -0.00035213000127042 -0.000656309272280118 -188605.533190339 342695.4020612 1.34273323233906e-16 4.26546969792077e-17
4.22876254180602e-08 -0.000414341992616359 -0.000527396793731603 -151559.573642851 362668.673227236 1.34277376593852e-16 4.30691352454506e-17
4.26521739130435e-08 -0.000462667539535075 -0.000391910492995625 -112624.475405523 378651.355861412 1.34281430075854e-16 4.35046387081963e-17
4.30167224080267e-08 -0.000496494160850374 -0.000251341206787873 -72228.6646267242 390467.439439904 1.34285483679916e-16 4.39564301302744e-17
4.338127090301e-08 -0.000515368918467631 -0.000107235755269248 -30816.6555827555 397986.761805254 1.34289537406042e-16 4.44195528811626e-17
4.37458193979933e-08 -0.000519003406788248 3.8820079114737e-05 11155.8407433274 401126.442989136 1.34293591254235e-16 4.48889254795936e-17
4.41103678929766e-08 -0.000507276931584604 0.000185219002089338 53226.9314505925 399851.798735034 1.34297645224499e-16 4.53593975117947e-17
4.44749163879598e-08 -0.000480237843297284 0.000330349895270366 94933.624692487 394176.723651804 1.34301699316837e-16 4.58258063100168e-17
4.48394648829431e-08 -0.00043810301002598 0.000472615546501143 135816.924896113 384163.539765513 1.34305753531254e-16 4.62830337676262e-17
4.52040133779264e-08 -0.000381255435957831 0.000610450227684517 175426.88415571 369922.312120156 1.34309807867753e-16 4.67260626655098e-17
4.55685618729097e-08 -0.000310240051386671 0.00074233692666026 213327.554208131 351609.638943066 1.34313862326337e-16 4.71500318899025e-17
4.59331103678929e-08 -0.000225757720599239 0.000866824043479631 249101.784490565 329426.929673478 1.34317916907011e-16 4.75502899339297e-17
4.62976588628762e-08 -0.000128657533518218 0.000982541367317481 282355.813472929 303618.189789231 1.34321971609777e-16 4.79224460940246e-17
4.66622073578595e-08 -1.99274658813723e-05 0.0010882151581734 312723.602730854 274467.336794879 1.34326026434641e-16 4.8262418797731e-17
4.70267558528428e-08 9.93164893070936e-05 0.00118268216735992 339870.866054776 242295.076894775 1.34330081381604e-16 4.85664805309562e-17
4.7391304347826e-08 0.000227842599489954 0.00126490244244957 363498.749245372 207455.376710319 1.34334136450672e-16 4.88312988701427e-17
4.77558528428093e-08 0.000364316944360654 0.00133397077572493 383347.120088453 170331.568858127 1.34338191641847e-16 4.90539731676821e-17
4.81204013377926e-08 0.000507318092657234 0.00138912667010004 399197.432291215 131332.134236423 1.34342246955134e-16 4.92320664867133e-17
4.84849498327759e-08 0.000655352742461398 0.0014297627127929 410875.131849238 90886.2074261302 1.34346302390536e-16 4.93636324337189e-17
4.88494983277591e-08 0.000806872152909326 0.00145543126454841 418251.579348224 49438.8546616152 1.34350357948057e-16 4.94472365934711e-17
4.92140468227424e-08 0.000960289186506122 0.00146584939074576 421245.467030884 7446.17633047667 1.343544136277e-16 4.94819723302722e-17
4.95785953177257e-08 0.00111399577451062 0.00146090198007009 419823.715018828 -34629.7121056516 1.34358469429469e-16 4.94674707814261e-17
4.9943143812709e-08 0.0012663806131957 0.00144064301637287 414001.836810823 -76325.7655376729 1.34362525353367e-16 4.94039049327877e-17
5.03076923076922e-08 0.00141584689624271 0.00140529498966822 403843.770019087 -117183.105019559 1.343665813994e-16 4.92919877313594e-17
5.06722408026755e-08 0.00156082988812499 0.00135524645269148 389461.174190294 -156752.067883462 1.34370637567569e-16 4.91329642555276e-17
5.10367892976588e-08 0.00169981414507966 0.00129104774985412 371012.203422745 -194597.156581211 1.34374693857879e-16 4.89285980289257e-17
5.14013377926421e-08 0.00183135019413919 0.00121340496554324 348699.767271321 -230301.831786867 1.34378750270334e-16 4.86811516283648e-17
5.17658862876253e-08 0.0019540704866528 0.0011231721583112 322769.29906365 -263473.097007256 1.34382806804937e-16 4.83933617990714e-17
5.21304347826086e-08 0.00206670445070635 0.00102134196636721 293506.056172463 -293745.824240309 1.34386863461692e-16 4.80684093509243e-17
5.24949832775919e-08 0.00216809247676076 0.000909034687708622 261231.981940707 -320786.77306928 1.34390920240602e-16 4.77098841668274e-17
5.28595317725752e-08 0.00225719868256422 0.000787485955020103 226302.163780918 -344298.258953246 1.34394977141671e-16 4.73217457081568e-17
5.32240802675584e-08 0.00233312231682276 0.00065803314093658 189100.926415507 -364021.430333572 1.34399034164903e-16 4.69082794517849e-17
5.35886287625417e-08 0.00239510767608998 0.000522100643242774 150037.603241105 -379739.118479816 1.34403091310302e-16 4.64740497379745e-17
5.3953177257525e-08 0.00244255242569551 0.000381184211912743 109542.032343644 -391278.228699489 1.34407148577871e-16 4.60238495479436e-17
5.43177257525083e-08 0.00247501423309161 0.000236834490442462 68059.8267225121 -398511.646582446 1.34411205967614e-16 4.55626477637118e-17
5.46822742474915e-08 0.00249221564056671 9.06399525803702e-05 26047.4707684329 -401359.638286983 1.34415263479535e-16 4.50955344905601e-17
5.50468227424748e-08 0.00249404712364862 -5.5790577780037e-05 -16032.7030466055 -399790.729442177 1.34419321113636e-16 4.46276650437737e-17
5.54113712374581e-08 0.00248056830148458 -0.000200845631188524 -57717.6019891641 -393822.052978383 1.34423378869923e-16 4.41642032160605e-17
5.57759197324414e-08 0.00245200728582237 -0.000342928826874062 -98548.4694040933 -383519.162042015 1.34427436748398e-16 4.37102644499642e-17
5.61404682274246e-08 0.00240875817570091 -0.000480476441462998 -138075.933488942 -368995.310037379 1.34431494749066e-16 4.32708595406646e-17
5.65050167224079e-08 0.0023513767253655 -0.000611974618829691 -175864.952939543 -350410.205702696 1.3443555287193e-16 4.2850839488732e-17
5.68695652173912e-08 0.00228057423302769 -0.000735976031673397 -211499.605036551 -327968.256904978 1.34439611116993e-16 4.24548421097701e-17
5.72341137123745e-08 0.0021972097176706 -0.000851115811443256 -244587.663475018 -301916.322465474 1.34443669484259e-16 4.20872409885644e-17
5.75986622073578e-08 0.00210228046994295 -0.000956126571279601 -274764.915551389 -272540.996742203 1.34447727973733e-16 4.17520973395694e-17
5.7963210702341e-08 0.00199691108108083 -0.00104985235661593 -301699.171189174 -240165.456838795 1.34451786585417e-16 4.14531153035991e-17
5.83277591973243e-08 0.00188234107054861 -0.00113126136988205 -325093.919674462 -205145.907123148 1.34455845319316e-16 4.11936011727887e-17
5.86923076923076e-08 0.00175991124851547 -0.00119945732923538 -344691.593848068 -167867.660172039 1.34459904175433e-16 4.09764269926758e-17
5.90568561872909e-08 0.00163104896321111 -0.0012536893362758 -360276.405819877 -128740.897260186 1.34463963153771e-16 4.0803998942095e-17
5.94214046822741e-08 0.00149725239548083 -0.0012933601441043 -371676.722985276 -88196.1550401644 1.34468022254335e-16 4.06782308390106e-17
5.97859531772574e-08 0.00136007407335057 -0.0013180327346869 -378766.958181635 -46679.5880742997 1.34472081477128e-16 4.06005230640121e-17
6.01505016722407e-08 0.00122110378800163 -0.00132743513308852 -381468.953168915 -4648.05934788907 1.34476140822154e-16 4.05717471335826e-17
6.0515050167224e-08 0.00108195109914779 -0.00132146340554295 -379752.840193873 37435.887212234 1.34480200289416e-16 4.05922360930837e-17
6.08795986622073e-08 0.000944227622331702 -0.00130018280831009 -373637.372140575 79109.1168896186 1.34484259878919e-16 4.06617808353575e-17
6.12441471571905e-08 0.000809529293063461 -0.00126382707462173 -363189.717617889 119913.000985066 1.34488319590665e-16 4.07796323856372e-17
6.16086956521738e-08 0.00067941880298473 -0.00121279584750691 -348524.72322293 159398.464187994 1.34492379424659e-16 4.09445101278018e-17
6.19732441471571e-08 0.000555408401354721 -0.0011476502866929 -329803.651083228 197130.926964183 1.34496439380904e-16 4.11546158816226e-17
6.23377926421404e-08 0.000438943251139651 -0.00106910689787321 -307232.405555265 232695.088565491 1.34500499459404e-16 4.14076536762563e-17
6.27023411371237e-08 0.000331385522889599 -0.000978029652198362 -281059.268579257 265699.498019421 1.34504559660162e-16 4.17008550025496e-17
6.3066889632107e-08 0.000233999401472776 -0.000875420482663325 -251572.168597963 295780.862788155 1.34508619983183e-16 4.20310092664145e-17
6.34314381270902e-08 0.000147937170696488 -0.000762408261930624 -219095.513081175 322608.04767211 1.34512680428469e-16 4.23944991082925e-17
6.37959866220735e-08 7.42265289867912e-05 -0.000640236382843081 -183986.61950099 345885.719940528 1.34516740996025e-16 4.27873402001594e-17
6.41605351170568e-08 1.37592757556093e-05 -0.00051024907826128 -146631.784023118 365357.600563554 1.34520801685855e-16 4.32052250822377e-17
6.45250836120401e-08 -3.27185069962313e-05 -0.000373876630738794 -107442.031167589 380809.28575396 1.34524862497961e-16 4.36435705571142e-17
6.48896321070234e-08 -6.46146697429778e-05 -0.000232619634770138 -66848.5912044807 392070.607754333 1.34528923432348e-16 4.40975681197918e-17
6.52541806020066e-08 -8.14975167094096e-05 -8.80324847777895e-05 -25298.1550480044 399017.508875258 1.34532984489019e-16 4.45622368687844e-17
6.56187290969899e-08 -8.31005615397498e-05 5.82937294693598e-05 16752.0411375958 401573.408145929 1.34537045667978e-16 4.50324783160377e-17
6.59832775919732e-08 -6.93254649704534e-05 0.000204748731787045 58839.2475312454 399710.045521856 1.34541106969229e-16 4.55031324925482e-17
6.63478260869565e-08 -4.02431221228634e-05 0.000349720780181528 100500.293077875 393447.794343361 1.34545168392776e-16 4.59690347322722e-17
6.67123745819398e-08 3.90711260570204e-06 0.000491614404120433 141276.682700303 382855.438590247 1.34549229938621e-16 4.64250725094372e-17
6.70769230769231e-08 6.27200545783934e-05 0.000628867963269298 180719.643205202 368049.417367827 1.34553291606769e-16 4.68662417037565e-17
6.74414715719063e-08 0.000135629143005932 0.000759970834453558 218395.062351099 349192.544922766 1.34557353397224e-16 4.72877016743309e-17
6.78060200668896e-08 0.000221912671121839 0.000883480037691244 253888.266720479 326492.220259237 1.34561415309988e-16 4.76848285361073e-17
6.81705685618729e-08 0.000320701723935823 0.000998036118309025 286808.585810365 300198.146043288 1.34565477345067e-16 4.80532660525317e-17
6.85351170568562e-08 0.00043098973626132 0.0011023781103356 316793.652106845 270599.581884255 1.34569539502463e-16 4.8388973584247e-17
6.88996655518395e-08 0.000551643565879304 0.00119535741647173 343513.389813047 238022.162206982 1.3457360178218e-16 4.86882705660686e-17
6.92642140468227e-08 0.000681415960023194 0.00127595045185444 366673.648324977 202824.313721253 1.34577664184222e-16 4.89478770226629e-17
6.9628762541806e-08 0.000818959278032409 0.00134326991243275 386019.440457924 165393.311902327 1.34581726708592e-16 4.91649496769301e-17
6.99933110367893e-08 0.000962840319193791 0.00139657454390441 401337.749774658 126141.019870367 1.34585789355295e-16 4.93371132535855e-17
7.03578595317726e-08 0.00111155609262292 0.00143527730366081 412459.87610762 85499.3565530936 1.34589852124333e-16 4.9462486633295e-17
7.07224080267559e-08 0.0012635503556652 0.00145895182586891 419263.293448613 43915.5439966358 1.34593915015711e-16 4.95397035693847e-17
7.10869565217392e-08 0.00141723073883385 0.00146733711849053 421672.999745103 1847.18612155038 1.34597978029432e-16 4.95679277389685e-17
7.14515050167224e-08 0.00157098626884138 0.00146034044049482 419662.343733255 -40242.7669224819 1.34602041165501e-16 4.95468619626885e-17
7.18160535117057e-08 0.00172320509689477 0.00143803832754517 413253.31969261 -81891.1133891601 1.34606104423919e-16 4.94767514914255e-17
7.2180602006689e-08 0.00187229223715933 0.00140067575481703 402516.326862581 -122639.497490314 1.34610167804693e-16 4.93583813236332e-17
7.25451505016723e-08 0.002016687120179 0.00134866344610394 387569.396152291 -162039.453774102 1.34614231307824e-16 4.91930675826367e-17
7.29096989966556e-08 0.0021548807680709 0.00128257335876921 368576.892637815 -199657.342811377 1.34618294933317e-16 4.89826430486122e-17
7.32742474916389e-08 0.00228543240246874 0.00120313239417675 345747.708110125 -235079.123869427 1.34622358681175e-16 4.87294370042915e-17
7.36387959866221e-08 0.00240698530242678 0.00111121440276478 319332.963549515 -267914.912044638 1.34626422551402e-16 4.84362496160201e-17
7.40033444816054e-08 0.00251828173774435 0.0010078305716956 289623.24679613 -297803.269696061 1.34630486544002e-16 4.8106321131942e-17
7.43678929765887e-08 0.00261817681334121 0.000894118300817209 256945.415802224 -324415.184944424 1.34634550658978e-16 4.77432962361314e-17
7.4732441471572e-08 0.00270565107229259 0.000771328689311978 221659.002633442 -347457.693443526 1.34638614896335e-16 4.73511839508095e-17
7.50969899665553e-08 0.00277982171878962 0.000640812770700682 184152.257781293 -366677.103555499 1.34642679256075e-16 4.69343135277915e-17
7.54615384615385e-08 0.00283995233747399 0.000504006647648792 144837.878308543 -381861.789424719 1.34646743738202e-16 4.64972868144599e-17
7.58260869565218e-08 0.00288546100213998 0.000362415690134226 104148.466830035 -392844.52119943 1.34650808342721e-16 4.60449276183732e-17
7.61906354515051e-08 0.00291592668451843 0.000217597970848442 62531.7712949972 -399504.306742927 1.34654873069635e-16 4.55822286276651e-17
7.65551839464884e-08 0.00293109389256249 7.11471201022862e-05 20445.7579507146 -401767.724551419 1.34658937918947e-16 4.51142964713048e-17
7.69197324414717e-08 0.00293087548713723 -7.53252110981232e-05 -21646.4282951235 -399609.733194444 1.34663002890662e-16 4.46462955237777e-17
7.7284280936455e-08 0.00291535364606046 -0.000220207086822396 -63281.5606552986 -393053.948354115 1.34667067984782e-16 4.41833910725803e-17
7.76488294314382e-08 0.00288477896482952 -0.000361904025656542 -104001.428298501 -382172.384398337 1.34671133201312e-16 4.37306924739568e-17
7.80133779264215e-08 0.00283956770387466 -0.000498856548589847 -143357.879137388 -367084.663315868 1.34675198540255e-16 4.32931969224503e-17
7.83779264214048e-08 0.00278029721257718 -0.000629557342226661 -180917.752071426 -347956.699702917 1.34679264001615e-16 4.28757344531072e-17
7.87424749163881e-08 0.00270769958035646 -0.000752567848429361 -216267.644401564 -324998.876257274 1.34683329585396e-16 4.24829147816249e-17
7.91070234113714e-08 0.00262265358464269 -0.000866534097805231 -249018.461946109 -298463.729843455 1.34687395291601e-16 4.21190765675265e-17
7.94715719063547e-08 0.0025261750242969 -0.000970201612766043 -278809.70177695 -268643.173579086 1.34691461120234e-16 4.17882396587971e-17
7.98361204013379e-08 0.00241940554481106 -0.00106242921612326 -305313.420436329 -235865.285499668 1.34695527071299e-16 4.14940608436209e-17
8.02006688963212e-08 0.00230360007822225 -0.00114220159322152 -328237.843954236 -200490.699129615 1.34699593144799e-16 4.12397935962806e-17
8.05652173913045e-08 0.00218011303592339 -0.00120864046932589 -347330.579927168 -162908.635669525 1.34703659340738e-16 4.10282522603382e-17
8.09297658862878e-08 0.00205038340628217 -0.00126101427921327 -362381.396297173 -123532.621454938 1.3470772565912e-16 4.08617810633957e-17
8.12943143812711e-08 0.00191591892103671 -0.00129874622250831 -373224.536237502 -82795.93780669 1.34711792099949e-16 4.07422283045772e-17
8.16588628762543e-08 0.00177827946468948 -0.0013214206160656 -379740.543655441 -41146.8533394941 1.34715858663227e-16 4.06709259989551e-17
8.20234113712376e-08 0.00163905990945758 -0.00132878747343864 -381857.579207829 956.308809100265 1.3471992534896e-16 4.06486752030997e-17
8.23879598662209e-08 0.00149987256466416 -0.00132076526098483 -379552.212331083 43050.2145488927 1.34723992157149e-16 4.06757371834167e-17
8.27525083612042e-08 0.00136232943370507 -0.00129744180022052 -372849.680553626 84671.6177049203 1.34728059087801e-16 4.07518305246402e-17
8.31170568561875e-08 0.00122802447384788 -0.00125907330643971 -361823.613220921 125362.458071372 1.34732126140917e-16 4.08761342104834e-17
8.34816053511708e-08 0.00109851605409553 -0.00120608157412054 -346595.222657408 164674.902547123 1.34736193316501e-16 4.10472966427219e-17
8.3846153846154e-08 0.000975309804172507 -0.00113904934003831 -327331.971650612 202176.273873185 1.34740260614558e-16 4.12634504996339e-17
8.42107023411373e-08 0.000859842043393593 -0.00105871387505953 -304245.731906081 237453.812727643 1.34744328035091e-16 4.15222332704562e-17
8.45752508361206e-08 0.000753463971798587 -0.000965958875086261 -277590.453724119 270119.220765924 1.34748395578103e-16 4.18208132400413e-17
8.49397993311039e-08 0.000657426797553669 -0.000861804740340228 -247659.372528957 299812.934603384 1.34752463243599e-16 4.21559206379201e-17
8.53043478260872e-08 0.000572867964321308 -0.000747397349915114 -214781.782978715 326208.083696675 1.34756531031582e-16 4.25238836091259e-17
8.56688963210705e-08 0.000500798630200467 -0.000623995455088556 -179319.416144246 349014.088557668 1.34760598942055e-16 4.29206686110659e-17
8.60334448160537e-08 0.000442092536069794 -0.000492956830089508 -141662.459614267 367979.859690529 1.34764666975023e-16 4.33419247920021e-17
8.6397993311037e-08 0.000397476385880152 -0.000355723332695203 -102225.264315004 382896.562035457 1.34768735130489e-16 4.37830318628744e-17
8.67625418060203e-08 0.000367521844807488 -0.000213805039033882 -61441.7852816129 393599.914483119 1.34772803408456e-16 4.42391509357386e-17
8.71270903010036e-08 0.000352639243375526 -6.87636271628437e-05 -19760.8065479447 399971.999139498 1.3477687180893e-16 4.47052777694292e-17
8.74916387959869e-08 0.000353073056886174 7.7804807736122e-05 22358.9973014735 401942.560415324 1.34780940331912e-16 4.51762978365469e-17
8.78561872909701e-08 0.000368899209960224 0.000224287317441239 64454.1085742592 399489.779628166 1.34785008977407e-16 4.5647042605811e-17
8.82207357859534e-08 0.000400024235907 0.000369071850772838 106061.267363669 392640.516576866 1.34789077745418e-16 4.61123464204226e-17
8.85852842809367e-08 0.000446186300229984 0.00051056499433795 146722.569758746 381470.0154137 1.3479314663595e-16 4.65671033465066e-17
8.894983277592e-08 0.000506958077060827 0.000647209508699177 185990.507264945 366101.078035044 1.34797215649006e-16 4.7006323366011e-17
8.93143812709033e-08 0.000581751446922196 0.000777501466975121 223432.891974328 346702.714071399 1.34801284784589e-16 4.74251872956382e-17
8.96789297658866e-08 0.000669823964175176 0.0009000068072491 258637.613280134 323488.282317935 1.34805354042704e-16 4.78190998273837e-17
9.00434782608698e-08 0.000770287023029844 0.00101337711660827 291217.173782692 296713.144043924 1.34809423423354e-16 4.81837401069107e-17
9.04080267558531e-08 0.000882115632302774 0.00111636447308574 320812.954462149 266671.853991817 1.34813492926542e-16 4.85151092930699e-17
9.07725752508364e-08 0.00100415969139811 0.00120783518214087 347099.162171368 233694.919965278 1.34817562552272e-16 4.88095745750763e-17
9.11371237458197e-08 0.00113515664346458 0.0012867822564737 369786.41599704 198145.166654087 1.34821632300549e-16 4.90639091628273e-17
9.1501672240803e-08 0.00127374536652125 0.00135233650179458 388624.933010035 160413.743700336 1.34825702171375e-16 4.92753278101423e-17
9.18662207357862e-08 0.0014184811497165 0.00140377608650747 403407.278333541 120915.821926656 1.34829772164755e-16 4.94415174798562e-17
9.22307692307695e-08 0.0015678515899385 0.00144053448994632 413970.649251224 80086.0250803489 1.34833842280692e-16 4.95606628131479e-17
9.25953177257528e-08 0.00172029323386155 0.00146220674164495 420198.668204629 38373.6473593878 1.3483791251919e-16 4.96314661226569e-17
9.29598662207361e-08 0.00187420878230421 0.00146855388292541 422022.664932994 -3762.29065476674 1.34841982880252e-16 4.96531616891967e-17
9.33244147157194e-08 0.00202798466758109 0.00145950560165117 419422.433630066 -45858.0932526452 1.34846053363882e-16 4.96255242045583e-17
9.36889632107027e-08 0.00218000881041978 0.00143516101109469 412426.456769564 -87450.4924544106 1.34850123970084e-16 4.95488712673132e-17
9.40535117056859e-08 0.00232868836103242 0.00139578756429184 401111.593120003 -128081.746313969 1.34854194698862e-16 4.94240599039708e-17
9.44180602006692e-08 0.00247246722909986 0.0013418181157747 385602.233366177 -167304.67656228 1.34858265550219e-16 4.92524771535948e-17
9.47826086956525e-08 0.00260984320974364 0.00127384616296271 366068.932613688 -204687.590148471 1.34862336524159e-16 4.90360248193174e-17
9.51471571906358e-08 0.00273938451700117 0.00119261931952618 342726.534810149 -239819.030513431 1.34866407620686e-16 4.87770985543849e-17
9.55117056856191e-08 0.00285974554283456 0.00109903109249494 315831.809708608 -272312.306302685 1.34870478839803e-16 4.8478561512725e-17
9.58762541806024e-08 0.00296968166822085 0.000994111053554299 285680.62836387 -301809.747673127 1.34874550181513e-16 4.81437128538472e-17
9.62408026755856e-08 0.00306806296329819 0.000879013512645689 252604.708231661 -327986.643344476 1.34878621645822e-16 4.77762514485292e-17
9.66053511705689e-08 0.00315388662576367 0.000755004818474329 216967.963678029 -350554.815058385 1.34882693232732e-16 4.73802351845632e-17
9.69698996655522e-08 0.00322628802059948 0.000623449425641377 179162.502049973 -369265.790097133 1.34886764942247e-16 4.69600363202744e-17
9.73344481605355e-08 0.00328455019959243 0.000485794881695383 139604.3093601 -383913.536936051 1.34890836774371e-16 4.65202933770285e-17
9.76989966555188e-08 0.00332811179583815 0.000343555899288925 98728.673055252 -394336.733910519 1.34894908729108e-16 4.60658601000507e-17
9.8063545150502e-08 0.0033565732063017 0.00019829768869972 56985.3922338918 -400420.54591664 1.3489898080646e-16 4.56017520491562e-17
9.84280936454853e-08 0.00336970099434343 5.1618734120515e-05 14833.8280176771 -402097.889578102 1.34903053006433e-16 4.51330914070934e-17
9.87926421404686e-08 0.0033674304637065 -9.48667967510522e-05 -27262.1514566309 -399350.172940581 1.34907125329029e-16 4.46650506128339e-17
9.91571906354519e-08 0.00334986637558419 -0.000239546816250166 -68839.2757974439 -392207.50153747 1.34911197774252e-16 4.4202795440092e-17
9.95217391304352e-08 0.00331728180081955 -0.000380829057926566 -109439.970694119 -380748.348543124 1.34915270342106e-16 4.37514281474822e-17
9.98862876254185e-08 0.00327011511981305 -0.000517158600126888 -148617.393720549 -365098.692627449 1.34919343032595e-16 4.33159313259518e-17
1.00250836120402e-07 0.00320896520309841 -0.000647034979122997 -185940.352185376 -345430.632983761 1.34923415845722e-16 4.29011130614723e-17
1.00615384615385e-07 0.00313458482557012 -0.00076902870344299 -220998.048904046 -321960.4967559 1.34927488781491e-16 4.25115540165178e-17
1.00979933110368e-07 0.00304787238678607 -0.000881796987645648 -253404.603660025 -294946.45967715 1.34931561839906e-16 4.2151557012757e-17
1.01344481605352e-07 0.00294986202841292 -0.000984098532363725 -282803.300589471 -264685.70609135 1.34935635020971e-16 4.18250996698839e-17
1.01709030100335e-07 0.00284171225752411 -0.00107480718793212 -308870.514738403 -231511.159596438 1.34939708324688e-16 4.15357906218863e-17
1.02073578595318e-07 0.00272469320090657 -0.00115292435119828 -331319.274570708 -195787.82027696 1.34943781751062e-16 4.12868297927076e-17
1.02438127090301e-07 0.0026001726306023 -0.00121758995904906 -349902.421210403 -157908.748822683 1.34947855300097e-16 4.10809731685888e-17
1.02802675585285e-07 0.00246960091443728 -0.00126809195762738 -364415.329638394 -118290.741717666 1.34951928971796e-16 4.09205024549107e-17
1.03167224080268e-07 0.00233449505712584 -0.00130387414298354 -374698.161883574 -77369.7450853037 1.34956002766162e-16 4.0807199951611e-17
1.03531772575251e-07 0.00219642200755159 -0.00132454228682518 -380637.627397698 -35596.0576523632 1.34960076683201e-16 4.0742328923831e-17
1.03896321070235e-07 0.00205698141590715 -0.00132986847990025 -382168.231226146 6570.62438266552 1.34964150722914e-16 4.07266196839791e-17
1.04260869565218e-07 0.00191778803043493 -0.00131979364515988 -379272.996222974 48666.2660501588 1.34968224885307e-16 4.07602615385519e-17
1.04625418060201e-07 0.00178045392748282 -0.00129442819298871 -371983.65134638 90227.6002107067 1.34972299170382e-16 4.08429006885142e-17
1.04989966555184e-07 0.0016465707704292 -0.00125405081123583 -360380.283946321 130797.225860217 1.34976373578143e-16 4.09736441065237e-17
1.05354515050168e-07 0.00151769229271957 -0.00119910540330589 -344590.459854724 169928.642031377 1.34980448108595e-16 4.11510693485115e-17
1.05719063545151e-07 0.00139531719779697 -0.00113019620795121 -324787.820945729 207191.161891156 1.3498452276174e-16 4.13732401918212e-17
1.06083612040134e-07 0.00128087266412575 -0.00104808115441698 -301190.175584161 242174.652950814 1.34988597537583e-16 4.16377279279805e-17
1.06448160535118e-07 0.00117569863685524 -0.000953663526013621 -274057.102961681 274494.051216876 1.34992672436127e-16 4.19416380759508e-17
1.06812709030101e-07 0.0010810330790182 -0.00084798202380796 -243687.097670414 303793.599597795 1.34996747457375e-16 4.22816422220348e-17
1.07177257525084e-07 0.000997998344604252 -0.000732199339734996 -210414.285924323 329750.763914059 1.35000822601332e-16 4.26540146361973e-17
1.07541806020067e-07 0.000927588823507259 -0.000607589364838752 -174604.749553626 352079.78340614 1.35004897868002e-16 4.30546732619779e-17
1.07906354515051e-07 0.00087065999435308 -0.000475523173375247 -136652.498215082 370534.816655704 1.35008973257387e-16 4.3479224629032e-17
1.08270903010034e-07 0.000827919005724252 -0.000337453936986486 -96975.1341336389 384912.64828688 1.35013048769492e-16 4.39230121941511e-17
1.08635451505017e-07 0.000799916889481899 -0.000194900934933634 -56009.2570759301 395054.926646932 1.3501712440432e-16 4.43811675788719e-17
1.09000000000001e-07 0.000787042491926799 -4.94328363304905e-05 -14205.660116354 400849.907826418 1.35021200161875e-16 4.48486641398875e-17
