0 -0.00139 0 0 400000 1.33808e-16 4.46026666666667e-17
3.53896103896104e-10 -0.00138280174134307 0.000141918354491288 40783.4965142787 399965.418522022 1.33811587510277e-16 4.50586256785575e-17
7.07792207792208e-10 -0.00136117098448253 0.000283090545340143 81352.56577974 395783.327426355 1.33815175116498e-16 4.55121937156541e-17
1.06168831168831e-09 -0.00132525825150384 0.000422052643808994 121286.514273126 387496.982689082 1.33818762818667e-16 4.59586797647105e-17
1.41558441558442e-09 -0.001275362167872 0.000557363599933664 160171.223211835 375192.201191709 1.33822350616785e-16 4.63934661252224e-17
1.76948051948052e-09 -0.00121192636974546 0.000687620186345269 197603.443004136 358996.471966831 1.33825938510855e-16 4.68120562954098e-17
2.12337662337662e-09 -0.00113553490749448 0.000811471550284014 233194.975104337 339077.635293639 1.3382952650088e-16 4.72101216026901e-17
2.47727272727273e-09 -0.00104690619304784 0.000927633222894839 266576.697905437 315642.143329065 1.33833114586862e-16 4.7583546095065e-17
2.83116883116883e-09 -0.000946885553792845 0.00103490044051867 297402.394917915 288932.920300048 1.33836702768804e-16 4.79284692278661e-17
3.18506493506494e-09 -0.000836436470204968 0.00113216063982351 325352.345532444 259226.844435302 1.33840291046709e-16 4.82413259031533e-17
3.53896103896104e-09 -0.000716630588034914 0.00121840499718283 350136.641125134 226831.877738014 1.33843879420578e-16 4.85188834464987e-17
3.89285714285714e-09 -0.000588636608590471 0.00129273889261638 371498.192111078 192083.873353348 1.33847467890415e-16 4.87582751376383e-17
4.24675324675325e-09 -0.000453708172287358 0.00135439118975675 389215.394755758 155343.09362868 1.33851056456222e-16 4.89570299471973e-17
4.60064935064935e-09 -0.000313170861085643 0.00140272223558018 403104.430081292 116990.474965376 1.33854645118002e-16 4.91130981710271e-17
4.95454545454545e-09 -0.00016840845456862 0.00143723049691253 413021.171018758 77423.6781876054 1.33858233875757e-16 4.92248726962255e-17
5.30844155844156e-09 -2.08485821640612e-05 0.00145755776485582 418862.678019609 37052.9653788041 1.3386182272949e-16 4.92912056782005e-17
5.66233766233766e-09 0.000128052079726574 0.00146349287312872 420568.267606152 -3703.05406301025 1.33865411679203e-16 4.93114204557213e-17
6.01623376623377e-09 0.00027682291220231 0.00145497389172333 418120.142769184 -44421.764042571 1.33869000724899e-16 4.92853185802712e-17
6.37012987012987e-09 0.000423994603319868 0.00143208877309001 411543.578664022 -84680.9240489033 1.33872589866581e-16 4.92131818866832e-17
6.72402597402597e-09 0.000568114384405995 0.00139507444410807 400906.661667455 -124063.04765938 1.3387617910425e-16 4.909576958345e-17
7.07792207792208e-09 0.000707761095229052 0.00134431435321686 386319.584489547 -162159.731862559 1.33879768437911e-16 4.89343103927517e-17
7.43181818181818e-09 0.000841559921804452 0.00128033449810123 367933.50463789 -198575.892304839 1.33883357867564e-16 4.87304898215703e-17
7.78571428571428e-09 0.000968196653999037 0.00120379797508236 345938.978059959 -232933.860540326 1.33886947393214e-16 4.84864326957585e-17
8.13961038961039e-09 0.00108643131507494 0.00111549810669553 320563.984194831 -264877.300793087 1.33890537014861e-16 4.82046811380489e-17
8.49350649350649e-09 0.00119511102182226 0.00101635021868136 292071.562902896 -294074.905611449 1.3389412673251e-16 4.78881682182459e-17
8.8474025974026e-09 0.00129318194190468 0.000907382151624429 260757.087767427 -320223.832085706 1.33897716546162e-16 4.75401875487193e-17
9.2012987012987e-09 0.0013797002244002 0.000789723605596519 226945.204033255 -343052.842989881 1.3390130645582e-16 4.71643591403802e-17
9.55519480519481e-09 0.00145384179016338 0.000664594428265811 190986.46292613 -362325.120267029 1.33904896461487e-16 4.67645918730973e-17
9.90909090909091e-09 0.00151491088045587 0.000533291967892182 153253.687245639 -377840.721674427 1.33908486563165e-16 4.63450429696353e-17
1.0262987012987e-08 0.00156234727516548 0.000397177622328851 114138.105912104 -389438.655104504 1.33912076760857e-16 4.59100748932761e-17
1.06168831168831e-08 0.00159573210572773 0.000257662723491256 74045.2975447251 -396998.549061264 1.33915667054565e-16 4.54642101160102e-17
1.09707792207792e-08 0.00161479220243421 0.000116193903648774 33390.9851296304 -400441.901959126 1.33919257444291e-16 4.50120842262826e-17
1.13246753246753e-08 0.0016194029310084 -2.57619047278921e-05 -7403.27461826403 -399732.897278088 1.3392284793004e-16 4.45583978625032e-17
1.16785714285714e-08 0.0016095894889942 -0.000166732680026836 -47914.4625025104 -394878.77611073 1.33926438511812e-16 4.41078679707261e-17
1.20324675324675e-08 0.00158552664847284 -0.000305256575734587 -87722.4833747377 -385929.763226018 1.33930029189611e-16 4.36651788919198e-17
1.23863636363636e-08 0.00154753694773465 -0.000439897079571574 -126414.522460165 -372978.547404668 1.33933619963439e-16 4.32349337860339e-17
1.27402597402597e-08 0.00149608735061585 -0.000569257910325416 -163589.326304564 -356159.321422905 1.33937210833299e-16 4.28216068965863e-17
1.30941558441559e-08 0.00143178440810098 -0.000691997497899783 -198861.363948648 -335646.391627872 1.33940801799193e-16 4.24294971507944e-17
1.3448051948052e-08 0.00135536797232358 -0.000806842896414394 -231864.825176697 -311652.371511443 1.33944392861124e-16 4.20626835764378e-17
1.38019480519481e-08 0.00126770352811003 -0.000912602986066764 -262257.414374537 -284425.978003337 1.33947984019095e-16 4.17249829978126e-17
1.41558441558442e-08 0.00116977322154897 -0.00100818082683772 -289723.900650376 -254249.453324625 1.33951575273107e-16 4.14199104495169e-17
1.45097402597403e-08 0.00106266567858219 -0.00109258503591423 -313979.387398383 -221435.639126138 1.33955166623164e-16 4.11506427186378e-17
1.48636363636364e-08 0.000947564719162481 -0.00116494007082327 -334772.267393229 -186324.733242694 1.33958758069268e-16 4.09199853934767e-17
1.52175324675325e-08 0.00082573708397939 -0.00122449531161484 -351886.832763834 -149280.762686028 1.33962349611422e-16 4.07303437606022e-17
1.55714285714286e-08 0.000698519300996135 -0.00127063284788271 -365145.512772512 -110687.809442751 1.33965941249628e-16 4.05836978521208e-17
1.59253246753247e-08 0.000567303827964453 -0.00130287388983956 -374410.716184553 -70946.0282079176 1.33969532983889e-16 4.04815819020279e-17
1.62792207792208e-08 0.000433524614595483 -0.00132088373692884 -379586.259112888 -30467.4973434533 1.33973124814208e-16 4.04250684247878e-17
1.66331168831169e-08 0.000298642234086666 -0.00132447525241203 -380618.363520487 10328.0539188581 1.33976716740586e-16 4.04147570813663e-17
1.6987012987013e-08 0.000164128738174281 -0.00131361080786097 -377496.216014861 51017.5977256384 1.33980308763027e-16 4.04507684482993e-17
1.73409090909091e-08 3.14523927523113e-05 -0.00128840267735067 -370252.081128405 91179.1941721876 1.33983900881533e-16 4.05327427545419e-17
1.76948051948052e-08 -9.79375476590007e-05 -0.00124911187722332 -358960.96789798 130396.366708404 1.33987493096107e-16 4.06598435993279e-17
1.80487012987013e-08 -0.000222625868710142 -0.00119614546341348 -343739.853189241 168262.421008545 1.33991085406751e-16 4.08307666126215e-17
1.84025974025974e-08 -0.000341246072435981 -0.00113005231431871 -324746.469807742 204384.662518072 1.33994677813468e-16 4.10437529684864e-17
1.87564935064935e-08 -0.000452494548689168 -0.00105151744290559 -302177.671952052 238388.468940308 1.3399827031626e-16 4.12966076113733e-17
1.91103896103896e-08 -0.000555144094826739 -0.000961354896993363 -276267.394947285 269921.175428684 1.3400186291513e-16 4.15867220064512e-17
1.94642857142857e-08 -0.000648056643437813 -0.00086049932129898 -247284.230405098 298655.732191433 1.34005455610081e-16 4.19111011781899e-17
1.98181818181818e-08 -0.000730195066108901 -0.000749996268706757 -215528.641944631 324294.096574465 1.34009048401115e-16 4.22663947569277e-17
2.01720779220779e-08 -0.000800633930800977 -0.000630991361197964 -181329.850336849 346570.324440582 1.34012641288234e-16 4.26489317115887e-17
2.0525974025974e-08 -0.000858569101259901 -0.000504718412807219 -145042.420363457 365253.328780388 1.34016234271442e-16 4.30547584084813e-17
2.08798701298701e-08 -0.000903326078886523 -0.000372486637738902 -107042.584775547 380149.276940131 1.34019827350741e-16 4.34796796016097e-17
2.12337662337662e-08 -0.000934367000530407 -0.000235667076266719 -67724.3434642837 391103.601598342 1.34023420526133e-16 4.39193019295219e-17
2.15876623376623e-08 -0.000951296219606432 -9.56783791544185e-05 -27495.3782879125 398002.604627791 1.34027013797621e-16 4.43690794677112e-17
2.19415584415584e-08 -0.000953864412622066 4.60279020086712e-05 13227.1740879399 400774.637200354 1.34030607165207e-16 4.48243608642657e-17
2.22954545454545e-08 -0.000941971168492524 0.000187982366036134 54021.0475062351 399390.843886153 1.34034200628895e-16 4.52804375700244e-17
2.26493506493506e-08 -0.000915666033752924 0.000328712998869897 94463.2249412921 393865.463019262 1.34037794188686e-16 4.57325926631407e-17
2.30032467532467e-08 -0.000875148002787628 0.000466760437807757 134134.325024917 384255.680203404 1.34041387844583e-16 4.61761497617723e-17
2.33571428571428e-08 -0.000820763458321328 0.00060069310494878 172622.950989287 370661.036464794 1.3404498159659e-16 4.66065215176944e-17
2.37110389610389e-08 -0.000753002583486872 0.00072912205292425 209529.956928477 353222.397177484 1.34048575444707e-16 4.70192571879596e-17
2.4064935064935e-08 -0.000672494282634603 0.000850715368961183 244472.587136723 332120.492441338 1.34052169388939e-16 4.74100887912788e-17
2.44188311688311e-08 -0.000579999663512866 0.000964211987901226 277088.445596439 307574.044037009 1.34055763429287e-16 4.77749753704597e-17
2.47727272727273e-08 -0.000476404148368817 0.00106843477092271 307039.254449188 279837.498369686 1.34059357565754e-16 4.81101449018628e-17
2.51266233766234e-08 -0.00036270829573815 0.00116230271432423 334014.362469859 249198.38889971 1.34062951798343e-16 4.84121334172282e-17
2.54805194805195e-08 -0.00024001742806425 0.0012448421617454 357733.967155653 215974.355400868 1.34066546127056e-16 4.86778209321156e-17
2.58344155844156e-08 -0.000109530172672969 0.0013151969035312 377952.017010227 180509.850946486 1.34070140551896e-16 4.89044638083073e-17
2.61883116883117e-08 2.74739650997171e-05 0.001372637058483 394458.763918713 143172.570762434 1.34073735072865e-16 4.90897232144913e-17
2.65422077922078e-08 0.000169647867790537 0.00141656664586301 407082.939136981 104349.639971214 1.34077329689966e-16 4.92316893899922e-17
2.68961038961039e-08 0.000315590773161866 0.0014465297690978 415693.530320788 64443.599752507 1.34080924403202e-16 4.9328901459831e-17
2.725e-08 0.000463862798206715 0.00146221534702095 420201.141156934 23868.2335369843 1.34084519212575e-16 4.93803625955189e-17
2.76038961038961e-08 0.000612999869211559 0.00146346034355445 420558.919486358 -16955.7234899285 1.34088114118087e-16 4.93855503642483e-17
2.79577922077922e-08 0.000761528903068047 0.00145025146229812 416763.044283279 -57604.9470864161 1.34091709119742e-16 4.93444221590354e-17
2.83116883116883e-08 0.000907983082415161 0.00142272528841343 408852.766428795 -97657.9136169734 1.34095304217541e-16 4.92574156533725e-17
2.86655844155844e-08 0.00105091706621618 0.00138116687628922 396910.002844181 -136699.271160811 1.34098899411488e-16 4.91254442755439e-17
2.90194805194805e-08 0.00118892197804005 0.00132600679759283 381058.488180659 -174324.146738528 1.34102494701585e-16 4.89498877494015e-17
2.93733766233766e-08 0.00132064001661779 0.00125781668027654 361462.492850486 -210142.344990832 1.34106090087834e-16 4.87325777995563e-17
2.97272727272727e-08 0.00144477853715711 0.00117730328475775 338325.12068137 -243782.394767499 1.34109685570239e-16 4.84757791690906e-17
3.00811688311688e-08 0.00156012345738257 0.00108530117866191 311886.203835725 -274895.401660716 1.34113281148801e-16 4.81821661465045e-17
3.04350649350649e-08 0.00166555184926709 0.00098276408605123 282419.816812976 -303158.666528132 1.34116876823523e-16 4.78547948451836e-17
3.0788961038961e-08 0.00176004358586085 0.000870755000809275 250231.435303711 -328279.032476467 1.34120472594408e-16 4.74970715227293e-17
3.11428571428571e-08 0.00184269192241864 0.000750435166669389 215654.769347907 -349995.925591311 1.34124068461458e-16 4.71127172685615e-17
3.14967532467532e-08 0.00191271290207428 0.000623052038130042 179048.303627637 -368084.05787357 1.34127664424677e-16 4.67057294258762e-17
3.18506493506493e-08 0.00196945348849714 0.000489926347071173 140791.580762424 -382355.764344955 1.34131260484066e-16 4.62803401479101e-17
3.22045454545454e-08 0.00201239834116352 0.000352438409162507 101281.266141367 -392662.950077737 1.34134856639628e-16 4.58409725181962e-17
3.25584415584415e-08 0.00204117516294948 0.000212013812041525 60927.035092598 -398898.626948278 1.34138452891365e-16 4.5392194689761e-17
3.29123376623376e-08 0.00205555856455403 7.01086336533793e-05 20147.3250339791 -400998.024167735 1.34142049239281e-16 4.49386725187726e-17
3.32662337662337e-08 0.00205547240564028 -7.18056559788709e-05 -20635.0033497572 -398939.261062717 1.34145645683378e-16 4.44851211837739e-17
3.36201298701299e-08 0.00204099058837709 -0.000212257452998565 -60997.0509137212 -392743.57511766 1.34149242223658e-16 4.4036256292164e-17
3.3974025974026e-08 0.00201233629511071 -0.000349790279755618 -100520.265375664 -382475.102902311 1.34152838860124e-16 4.35967449809257e-17
3.43279220779221e-08 0.00196987967803034 -0.000482977888401067 -138794.781680531 -368240.216144076 1.34156435592778e-16 4.3171157518667e-17
3.46818181818182e-08 0.00191413402474326 -0.000610439051412546 -175423.672397438 -350186.419818034 1.34160032421624e-16 4.27639199108616e-17
3.50357142857143e-08 0.00184575043948068 -0.000730851885669463 -210027.064071436 -328500.823669349 1.34163629346663e-16 4.23792679997818e-17
3.53896103896104e-08 0.00176551109504859 -0.000842967561529505 -242246.076841308 -303408.203006489 1.34167226367899e-16 4.20212035351344e-17
3.57435064935065e-08 0.00167432112546065 -0.000945623254731447 -271746.546466111 -275168.66886317 1.34170823485333e-16 4.16934526709828e-17
3.60974025974026e-08 0.00157319924328717 -0.00103775420679708 -298222.490158485 -244074.971678261 1.34174420698968e-16 4.13994273193956e-17
3.64512987012987e-08 0.00146326717898133 -0.00111840476884603 -321399.280278329 -210449.466443764 1.34178018008808e-16 4.11421897616458e-17
3.68051948051948e-08 0.00134573805166163 -0.00118673831427566 -341036.492968874 -174640.770782242 1.34181615414854e-16 4.09244208840198e-17
3.71590909090909e-08 0.00122190379191321 -0.00124204591748445 -356930.40218706 -137020.150600102 1.3418521291711e-16 4.0748392367716e-17
3.7512987012987e-08 0.00109312174700406 -0.00128375370861058 -368916.093256463 -97977.6707890264 1.34188810515576e-16 4.06159431213204e-17
3.78668831168831e-08 0.000960800607393669 -0.00131142882798387 -376869.17401574 -57918.150885221 1.34192408210258e-16 4.0528460200361e-17
3.82207792207792e-08 0.000826385800453449 -0.0013247839185082 -380707.065807814 -17256.9676197298 1.34196006001156e-16 4.04868644119175e-17
3.85746753246753e-08 0.000691344502846943 -0.00132368010935052 -380389.860911408 23584.2521181138 1.34199603888273e-16 4.04916007536882e-17
3.89285714285714e-08 0.000557150426976256 -0.00130812845995648 -375920.737512067 64182.0032444909 1.34203201871612e-16 4.05426337867862e-17
3.92824675324675e-08 0.00042526853924817 -0.00127828984937737 -367345.927897721 104115.294038079 1.34206799951176e-16 4.06394479903805e-17
3.96363636363637e-08 0.000297139868624639 -0.00123447331201451 -354754.240196636 142970.011751747 1.34210398126967e-16 4.07810530946364e-17
3.99902597402598e-08 0.000174166562990361 -0.00117713283699729 -338276.138605236 180343.217008321 1.34213996398988e-16 4.09659943367885e-17
4.03441558441559e-08 5.76973483045719e-05 -0.00110686266434324 -318082.391631724 215847.322447066 1.34217594767241e-16 4.11923675341254e-17
4.0698051948052e-08 -5.09864586683997e-05 -0.00102439112663702 -294382.302361204 249114.112286599 1.34221193231729e-16 4.14578388177138e-17
4.10519480519481e-08 -0.000150684238991668 -0.00093057310004936 -267421.539082701 279798.561118451 1.34224791792454e-16 4.17596688223531e-17
4.14058441558442e-08 -0.000240288523734015 -0.000826381142939078 -237479.588763062 307582.41232629 1.34228390449419e-16 4.2094741082039e-17
4.17597402597403e-08 -0.000318796480546493 -0.000712895413892847 -204866.859764281 332177.479017346 1.34231989202627e-16 4.24595943365973e-17
4.21136363636364e-08 -0.000385320315499566 -0.000591292473716691 -169921.463838733 353328.633229063 1.34235588052079e-16 4.2850458414582e-17
4.24675324675325e-08 -0.000439096482288209 -0.000462833087468954 -133005.710763379 370816.452405556 1.3423918699778e-16 4.32632933204411e-17
4.28214285714286e-08 -0.000479493603276649 -0.000328849152996897 -94502.3519547341 384459.495691624 1.34242786039731e-16 4.36938311207137e-17
4.31753246753247e-08 -0.000506019020209693 -0.000190729891500277 -54810.6120103569 394116.186430002 1.34246385177934e-16 4.4137620194988e-17
4.35292207792208e-08 -0.000518323906625303 -4.99074433014739e-05 -14342.0493227827 399686.281330457 1.34249984412394e-16 4.45900713928159e-17
4.38831168831169e-08 -0.000516206888915913 9.21579818266833e-05 26483.7113146082 401111.91106487 1.34253583743111e-16 4.50465056180023e-17
4.4237012987013e-08 -0.000499616138449411 0.000233993245801113 67243.32986175 398378.181486217 1.34257183170088e-16 4.55022023468745e-17
4.45909090909091e-08 -0.000468649913014298 0.000374127557835901 107514.140828294 391513.329225266 1.34260782693329e-16 4.59524485774391e-17
4.49448051948052e-08 -0.000423555541932928 0.000511107726117562 146878.536192555 380588.430039569 1.34264382312836e-16 4.63925877018497e-17
4.52987012987014e-08 -0.000364726865325269 0.000643513227392683 184928.295993404 365716.662927131 1.34267982028611e-16 4.6818067795394e-17
4.56525974025975e-08 -0.00029270015403581 0.000769970938196461 221268.821686901 347052.13762376 1.34271581840656e-16 4.72244888212422e-17
4.60064935064936e-08 -0.000208148552491992 0.000889169374955129 255523.228366574 324788.297630888 1.34275181748975e-16 4.76076482614314e-17
4.63603896103897e-08 -0.000111875102080378 0.000999872295284003 287336.253408591 299155.915322583 1.34278781753571e-16 4.79635847008649e-17
4.67142857142858e-08 -4.80441734786668e-06 0.00110093151942311 316377.941005568 270420.699910915 1.34282381854444e-16 4.82886189123209e-17
4.70681818181819e-08 0.000112026898693043 0.00119129883883553 342347.064375633 238880.543063941 1.34285982051599e-16 4.85793920163643e-17
4.7422077922078e-08 0.000237481000798555 0.00127003688845574 364974.25015254 204862.430728618 1.34289582345038e-16 4.88329003203803e-17
4.77759740259741e-08 0.000370330597863621 0.00133632886981884 384024.772549996 168719.053173123 1.34293182734763e-16 4.90465264753685e-17
4.81298701298702e-08 0.000509271677131384 0.00138948702421398 399300.988316808 130825.148393218 1.34296783220777e-16 4.92180666273169e-17
4.84837662337663e-08 0.000652937024320981 0.00142895976796514 410644.387223558 91573.6167932073 1.34300383803082e-16 4.93457532814949e-17
4.88376623376624e-08 0.000799910399495772 0.00145433741581265 417937.236807668 51371.4474248342 1.34303984481682e-16 4.94282736424573e-17
4.91915584415585e-08 0.000948741221690471 0.00146535643300838 421103.80431054 10635.4980226279 1.34307585256578e-16 4.9464783239458e-17
4.95454545454546e-08 0.00109795961003608 0.00146190217199232 420111.143124374 -30211.8274085726 1.34311186127773e-16 4.94549146958565e-17
4.98993506493507e-08 0.00124609162542067 0.00144401006523152 414969.435581838 -70746.9586346777 1.3431478709527e-16 4.93987815514512e-17
5.02532467532468e-08 0.00139167455464044 0.00141186526181096 405731.888522094 -110549.551443957 1.34318388159071e-16 4.92969770979709e-17
5.06071428571429e-08 0.00153327207855056 0.00136580071150296 392494.18270418 -149206.846563331 1.3432198931918e-16 4.91505682396667e-17
5.09610389610391e-08 0.00166948916692409 0.0013062937161413 375393.481765203 -186317.950037949 1.34325590575598e-16 4.89610844425357e-17
5.13149350649352e-08 0.00179898654555678 0.00123396098402013 354607.010988351 -221497.990685812 1.34329191928327e-16 4.87305018866366e-17
5.16688311688313e-08 0.00192049458558743 0.00114955223856181 330350.220606913 -254382.111512764 1.34332793377372e-16 4.84612229857048e-17
5.20227272727274e-08 0.00203282647099052 0.00105394244749117 302874.552679127 -284629.253693725 1.34336394922734e-16 4.81560514863186e-17
5.23766233766235e-08 0.0021348905076794 0.000948122753059988 272464.834680027 -311925.693876017 1.34339996564415e-16 4.78181634047105e-17
5.27305194805196e-08 0.0022257014465557 0.000833190197337661 239436.326827885 -335988.298117503 1.34343598302419e-16 4.74510741024885e-17
5.30844155844157e-08 0.00230439070306241 0.000710336349081109 204131.45375423 -356567.458709717 1.34347200136748e-16 4.70586018425782e-17
5.34383116883118e-08 0.00237021536723758 0.000580834950090106 166916.25440052 -373449.683423615 1.34350802067404e-16 4.66448282032035e-17
5.37922077922079e-08 0.00242256591080528 0.000446028709125049 128176.586947295 -386459.810319032 1.34354404094391e-16 4.62140557603173e-17
5.4146103896104e-08 0.00246097251134866 0.000307315380307039 88314.1281229114 -395462.825140992 1.3435800621771e-16 4.57707634772259e-17
5.45000000000001e-08 0.00248510992794893 0.000166133270343518 47742.2083721842 -400365.26244645 1.34361608437365e-16 4.53195602639436e-17
5.48538961038962e-08 0.00249480087769239 2.39463248494343e-05 6881.52606847371 -401116.175921111 1.34365210753357e-16 4.48651371877998e-17
5.52077922077923e-08 0.00249001787799248 -0.000117771051597393 -33844.2147918228 -397707.667812938 1.34368813165689e-16 4.44122188308245e-17
5.55616883116884e-08 0.00247088353558133 -0.00025754928426287 -74012.6981787583 -390174.971980509 1.34372415674365e-16 4.39655142982965e-17
5.59155844155845e-08 0.00243766927913259 -0.000393938867388227 -113207.375343074 -378596.089683112 1.34376018279386e-16 4.352966838647e-17
5.62694805194806e-08 0.00239079254861626 -0.000525525395620555 -151021.784442769 -363090.981877331 1.34379620980756e-16 4.31092134158588e-17
5.66233766233767e-08 0.00233081247048965 -0.00065094423186578 -187063.765687317 -343820.3263839 1.34383223778476e-16 4.27085222295679e-17
5.69772727272729e-08 0.00225842406353072 -0.000768894659453591 -220959.528287076 -320983.852800944 1.34386826672549e-16 4.23317628440967e-17
5.7331168831169e-08 0.0021744510353583 -0.000878153371847249 -252357.527031029 -294818.272418708 1.34390429662979e-16 4.19828552229122e-17
5.76850649350651e-08 0.00207983724429902 -0.000977587159996781 -280932.108288923 -265594.824591056 1.34394032749766e-16 4.16654306210951e-17
5.80389610389612e-08 0.00197563691510288 -0.00106616466575043 -306386.887623819 -233616.464996777 1.34397635932915e-16 4.13827939227077e-17
5.83928571428573e-08 0.00186300370993404 -0.0011429670794204 -328457.823983145 -199214.724937931 1.34401239212427e-16 4.11378893615144e-17
5.87467532467534e-08 0.00174317876793628 -0.00120719767054451 -346915.958581804 -162746.274234465 1.34404842588306e-16 4.09332699806092e-17
5.91006493506495e-08 0.00161747783737132 -0.00125819005298163 -361569.79006705 -124589.223348821 1.34408446060553e-16 4.07710711477434e-17
5.94545454545456e-08 0.00148727763374123 -0.00129541509860078 -372267.261325751 -85139.2030792933 1.34412049629172e-16 4.0652988401101e-17
5.98084415584417e-08 0.00135400156533595 -0.00131848642783519 -378897.337321094 -44805.2624684742 1.34415653294165e-16 4.05802598553664e-17
6.01623376623378e-08 0.00121910497421031 -0.00132716442012783 -381391.157586179 -4005.62745925174 1.34419257055534e-16 4.05536533506536e-17
6.05162337662339e-08 0.0010840600456238 -0.00132135870264204 -379722.751412127 36836.6357240356 1.34422860913282e-16 4.05734584776811e-17
6.087012987013e-08 0.000950340542418322 -0.00130112909138935 -373909.308302766 77298.0075025358 1.34426464867411e-16 4.06394835620224e-17
6.12240259740261e-08 0.000819406522628658 -0.00126668497497393 -364011.000879452 116958.906688279 1.34430068917925e-16 4.07510576388353e-17
6.15779220779222e-08 0.000692689198798534 -0.00121838314730241 -350130.362060491 155408.04150722 1.34433673064826e-16 4.09070373977262e-17
6.19318181818183e-08 0.000571576096009934 -0.00115672411169164 -332411.22296168 192246.674780174 1.34437277308116e-16 4.11058190258674e-17
6.22857142857144e-08 0.000457396662539963 -0.00108234689465875 -311037.222519834 227092.759030832 1.34440881647798e-16 4.13453548266883e-17
6.26396103896106e-08 0.000351408482370079 -0.000996022423132797 -286229.90428256 259584.89863769 1.34444486083875e-16 4.16231744419383e-17
6.29935064935067e-08 0.000254784232535495 -0.00089864553372587 -258246.420088889 289386.097939056 1.34448090616349e-16 4.19364104571784e-17
6.33474025974028e-08 0.000168599520582634 -0.000791225696888129 -227376.864442334 316187.25641881 1.34451695245222e-16 4.22818281252991e-17
6.37012987012989e-08 9.38217282796992e-05 -0.000674876552099923 -193941.267208148 339710.374722231 1.34455299970498e-16 4.26558588999503e-17
6.4055194805195e-08 3.12999772942966e-05 -0.00055080436258575 -158286.275810395 359711.438248847 1.34458904792179e-16 4.30546374312564e-17
6.44090909090911e-08 -1.82436790792962e-05 -0.000420295509241958 -120781.561325027 375982.94841177 1.34462509710266e-16 4.34740416402739e-17
6.47629870129872e-08 -5.42217467715524e-05 -0.000284703153436302 -81815.9857292197 388356.075305788 1.34466114724764e-16 4.39097354567169e-17
6.51168831168833e-08 -7.61873866549381e-05 -0.000145433206959479 -41793.5700449257 396702.409451622 1.34469719835675e-16 4.43572137768441e-17
6.54707792207794e-08 -8.38390518790945e-05 -3.92975459705637e-06 -1129.30518033052 400935.294440631 1.34473325043001e-16 4.48118491753694e-17
6.58246753246755e-08 -7.70236186973317e-05 0.000138339919529743 39755.1510948026 401010.726649664 1.34476930346744e-16 4.52689398870558e-17
6.61785714285716e-08 -5.57379782785094e-05 0.000279900546593137 80435.8464220122 396927.812684737 1.34480535746908e-16 4.57237585604724e-17
6.65324675324677e-08 -2.01290729565871e-05 0.000419284170893528 120490.930038074 388728.779798176 1.34484141243495e-16 4.61716012783761e-17
6.68863636363638e-08 2.95076234996569e-05 0.000555045372268665 159505.027283664 376498.53915924 1.34487746836507e-16 4.66078363364e-17
6.72402597402599e-08 9.273116587925e-05 0.000685776255223869 197073.54707396 360363.806495004 1.34491352525947e-16 4.70279522742217e-17
6.7594155844156e-08 0.000168959706094078 0.000810121049344774 232806.877662358 340491.789208334 1.34494958311818e-16 4.74276046611263e-17
6.79480519480521e-08 0.000257476522982211 0.000926790169580748 266334.427185629 317088.453575501 1.34498564194122e-16 4.78026611507785e-17
6.83019480519482e-08 0.000357437450861513 0.00103457359058409 297308.467087257 290396.389980803 1.34502170172862e-16 4.81492443379548e-17
6.86558441558444e-08 0.000467879629839318 0.00113235339639916 325407.738558663 260692.298314238 1.3450577624804e-16 4.84637719727681e-17
6.90097402597405e-08 0.000587731487175711 0.00121911537534335 350340.784594366 228284.119597667 1.34509382419659e-16 4.87429941153032e-17
6.93636363636366e-08 0.000715823846229895 0.00129395953981921 371848.97310146 193507.843574104 1.34512988687722e-16 4.89840268453039e-17
6.97175324675327e-08 0.000850902047823748 0.00135610946194202 389709.179706476 156724.025355686 1.3451659505223e-16 4.91843821772572e-17
7.00714285714288e-08 0.00099163895835508 0.00140492032814389 403736.102430732 118314.047243754 1.34520201513188e-16 4.93419938705669e-17
7.04253246753249e-08 0.00113664872979454 0.00143988562919639 413784.184221891 78676.1644779316 1.34523808070597e-16 4.94552388670624e-17
7.0779220779221e-08 0.00128450116889961 0.00146064241624202 419749.123395247 38221.3759126615 1.34527414724459e-16 4.95229541334256e-17
7.11331168831171e-08 0.0014337365666581 0.00146697506829286 421568.956310921 -2630.83756373578 1.34531021474778e-16 4.95444487337637e-17
7.14870129870132e-08 0.00158288083419691 0.00145881753208877 419224.70104854 -43456.862679861 1.34534628321556e-16 4.95195110070106e-17
7.18409090909093e-08 0.00173046078821003 0.00143625401104786 412740.55539296 -83833.3463998003 1.34538235264796e-16 4.94484107746004e-17
7.21948051948054e-08 0.00187501942740486 0.00139951809612343 402183.647066059 -123341.585960611 1.345418423045e-16 4.93318965553844e-17
7.25487012987015e-08 0.00201513104155501 0.00134899034753853 387663.338782656 -161571.870805426 1.3454544944067e-16 4.91711878165425e-17
7.29025974025976e-08 0.00214941599647919 0.00128519435243321 369330.095324973 -198127.731386488 1.3454905667331e-16 4.89679623407069e-17
7.32564935064937e-08 0.0022765550416222 0.00120879129926476 347373.924371997 -232630.050776936 1.34552664002422e-16 4.87243388401712e-17
7.36103896103898e-08 0.00239530299186038 0.00112057312518274 322022.407240426 -264720.99645164 1.34556271428008e-16 4.84428549983382e-17
7.39642857142859e-08 0.00250450164163906 0.00102145430740025 293538.339946791 -294067.731460996 1.34559878950071e-16 4.81264411659904e-17
7.43181818181821e-08 0.00260309177750608 0.000912462383645824 262217.009041733 -320365.866508147 1.34563486568614e-16 4.7778389985026e-17
7.46720779220782e-08 0.00269012416445129 0.000794727299961815 228383.130455367 -343342.617125816 1.34567094283639e-16 4.7402322254544e-17
7.50259740259743e-08 0.0027647693921 0.0006694696962776 192387.483087882 -362759.633205961 1.34570702095149e-16 4.70021493931349e-17
7.53798701298704e-08 0.0028263264786279 0.00053798825120402 154603.272045752 -378415.471532237 1.34574310003146e-16 4.65820328865403e-17
7.57337662337665e-08 0.0028742301431448 0.000401646217254118 115422.259228366 -390147.68566635 1.34577918007634e-16 4.61463411411136e-17
7.60876623376626e-08 0.00290805667109903 0.000261857286093829 75250.7013833912 -397834.511506662 1.34581526108613e-16 4.56996041904302e-17
7.64415584415587e-08 0.00292752831184286 0.000120070930377375 34505.1377467352 -401396.131029535 1.34585134306088e-16 4.5246466724664e-17
7.67954545454548e-08 0.00293251616271822 -2.2242625846336e-05 -6391.9290561399 -400795.50109756 1.34588742600061e-16 4.47916399297583e-17
7.71493506493509e-08 0.00292304150971529 -0.000163607652314345 -47016.4140627843 -396038.738728575 1.34592350990534e-16 4.43398526357686e-17
7.7503246753247e-08 0.00289927561076047 -0.000302558215235605 -86947.047551803 -387175.058818496 1.3459595947751e-16 4.38958022809356e-17
7.78571428571431e-08 0.0028615379238394 -0.000437653378800033 -125769.743545393 -374296.264951788 1.34599568060991e-16 4.34641061999702e-17
7.82110389610392e-08 0.00281029279828706 -0.000567492147873349 -163081.893935671 -357535.798567737 1.3460317674098e-16 4.30492537416814e-17
7.85649350649353e-08 0.00274614466351422 -0.000690727996919979 -198496.543704147 -337067.356330569 1.3460678551748e-16 4.26555597124964e-17
7.89188311688314e-08 0.00266983176502129 -0.000806082834482857 -231646.403935507 -313103.090029251 1.34610394390493e-16 4.22871196286809e-17
7.92727272727275e-08 0.00258221851261618 -0.000912360258398004 -262187.661007763 -285891.40766227 1.34614003360022e-16 4.19477672413302e-17
7.96266233766236e-08 0.00248428652014553 -0.00100845796427273 -289803.542453265 -255714.398498742 1.34617612426069e-16 4.16410347746409e-17
7.99805194805197e-08 0.00237712442961929 -0.00109337917853304 -314207.602507289 -222884.908807055 1.34621221588638e-16 4.13701162898546e-17
8.03344155844159e-08 0.00226191662521663 -0.0011662429974572 -335146.693266636 -187743.29856542 1.34624830847729e-16 4.11378345548579e-17
8.0688311688312e-08 0.00213993095417546 -0.00122629352495388 -352403.590639922 -150653.91277765 1.34628440203347e-16 4.09466117630868e-17
8.10422077922081e-08 0.00201250558186936 -0.00127290771429711 -365799.247850082 -112001.303977804 1.34632049655494e-16 4.07984444054708e-17
8.13961038961042e-08 0.00188103511735722 -0.00130560183246695 -375194.653111063 -72186.2450884242 1.34635659204171e-16 4.06948825561e-17
8.17500000000003e-08 0.00174695615325952 -0.00132403648002631 -380492.272204619 -31621.5739720927 1.34639268849383e-16 4.06370137865313e-17
8.21038961038964e-08 0.00161173236989226 -0.00132802011444052 -381637.060987073 9272.08723757151 1.34642878591131e-16 4.06254518756637e-17
8.24577922077925e-08 0.00147683935811213 -0.00131751104026417 -378617.037315183 50070.6936397041 1.34646488429418e-16 4.06603304323834e-17
8.28116883116886e-08 0.00134374931824748 -0.00129261784551657 -371463.406448638 90351.1746795928 1.34650098364246e-16 4.07413014972422e-17
8.31655844155847e-08 0.00121391579377859 -0.00125359827967917 -360250.238616878 129695.821276025 1.34653708395619e-16 4.08675391378024e-17
8.35194805194808e-08 0.0010887585980751 -0.00120085658490817 -345093.702081765 167696.617469264 1.34657318523539e-16 4.10377480004998e-17
8.38733766233769e-08 0.000969649090500373 -0.00113493930809524 -326150.859637126 203959.471670414 1.34660928748007e-16 4.12501767304754e-17
8.4227272727273e-08 0.000857895954573966 -0.0010565296371634 -303618.041013369 238108.303632844 1.34664539069028e-16 4.15026361203497e-17
8.45811688311691e-08 0.000754731625681548 -0.000966440320289269 -277728.808053474 269788.944761269 1.34668149486603e-16 4.17925217998662e-17
8.49350649350652e-08 0.000661299509089645 -0.000865605241439043 -248751.533749905 298672.811308584 1.34671760000736e-16 4.21168412312447e-17
8.52889610389613e-08 0.000578642120831354 -0.000755069739541292 -216986.620236708 324460.312364547 1.34675370611428e-16 4.24722447304232e-17
8.56428571428574e-08 0.000507690274462772 -0.000635979771649827 -182763.384575634 346883.957289512 1.34678981318682e-16 4.28550601926193e-17
8.59967532467536e-08 0.000449253425847864 -0.00050957003244018 -146436.644620768 365711.130362103 1.34682592122501e-16 4.32613311622157e-17
8.63506493506497e-08 0.000404011276124119 -0.000377151153208662 -108383.040357094 380746.503859765 1.34686203022888e-16 4.36868578522874e-17
8.67045454545458e-08 0.000372506719957091 -0.000240096113091494 -68997.1288524198 391834.064539675 1.34689814019844e-16 4.4127240688491e-17
8.70584415584419e-08 0.000355140212244086 -9.98260033941183e-05 -28687.2933106641 398858.732495736 1.34693425113373e-16 4.45779259258483e-17
8.7412337662338e-08 0.000352165611720317 4.22047073674511e-05 12128.4913567136 401747.555593744 1.34697036303477e-16 4.50342528654474e-17
8.77662337662341e-08 0.00036368754460748 0.000184523254929947 53026.9925353513 400470.467087485 1.34700647590159e-16 4.5491502181484e-17
8.81201298701302e-08 0.000389660315683463 0.000325653850870336 93584.1085491664 395040.598547841 1.34704258973422e-16 4.59449448575361e-17
8.84740259740263e-08 0.000429888378106444 0.00046413298596126 133379.26643079 385514.144848059 1.34707870453267e-16 4.63898912246365e-17
8.88279220779224e-08 0.000484028357163126 0.000598524606604571 171999.783218076 371989.782593239 1.34711482029697e-16 4.68217395926362e-17
8.91818181818185e-08 0.000551592606997082 0.000727435006964975 209045.145550511 354607.648012816 1.34715093702716e-16 4.72360239705573e-17
8.95357142857146e-08 0.000631954263476108 0.000849527282369697 244131.163185351 333547.884903146 1.34718705472326e-16 4.76284603810673e-17
8.98896103896107e-08 0.00072435374084204 0.000963535194085489 276893.953359519 309028.777666069 1.34722317338528e-16 4.79949912887703e-17
9.02435064935068e-08 0.000827906604813553 0.00106827630168408 306993.714676234 281304.488792116 1.34725929301327e-16 4.83318276815587e-17
9.05974025974029e-08 0.000941612740537268 0.00116266422679821 334118.251376795 250662.424239332 1.34729541360724e-16 4.86354883685934e-17
9.0951298701299e-08 0.00106436672035322 0.00124571992107398 357986.211445306 217420.254017905 1.34733153516721e-16 4.89028360873299e-17
9.13051948051951e-08 0.00119496926389643 0.00131658182144787 378350.004960619 181922.618866939 1.34736765769323e-16 4.91311100450885e-17
9.16590909090912e-08 0.00133213967172644 0.0013745147874119 394998.372424612 144537.557165636 1.3474037811853e-16 4.93179545576262e-17
9.20129870129874e-08 0.00147452910357811 0.00141891772755788 407758.576424711 105652.689123157 1.34743990564347e-16 4.94614434876354e-17
9.23668831168835e-08 0.00162073456356531 0.00144932983628084 416498.193893788 65671.1978093502 1.34747603106774e-16 4.95601002296365e-17
9.27207792207796e-08 0.00176931344733444 0.00146543537593213 421126.490371599 25007.6486962948 1.34751215745816e-16 4.96129130339089e-17
9.30746753246757e-08 0.00191879850033368 0.00146706695479374 421595.362005956 -15916.3089436922 1.34754828481474e-16 4.96193455104324e-17
9.34285714285718e-08 0.00206771303209666 0.00145420726684231 417899.835513825 -56676.3142116685 1.34758441313751e-16 4.95793422037866e-17
9.37824675324679e-08 0.00221458622878028 0.00142698927522066 410078.120906112 -96849.6949912787 1.3476205424265e-16 4.94933291810671e-17
9.4136363636364e-08 0.00235796840517351 0.00138569483747299 398211.216417415 -136019.850963534 1.34765667268173e-16 4.93622096265895e-17
9.44902597402601e-08 0.00249644603801708 0.00133075178675765 382422.069725537 -173780.573776291 1.34769280390323e-16 4.91873544889272e-17
9.48441558441562e-08 0.00262865642473785 0.00126272949926323 362874.304146757 -209740.259568012 1.34772893609102e-16 4.89705882771398e-17
9.51980519480523e-08 0.00275330181558154 0.0011823329937518 339770.523004149 -243525.970160475 1.34776506924513e-16 4.87141701533494e-17
9.55519480519484e-08 0.00286916287258421 0.00109039562437587 313350.209740826 -274787.300803145 1.34780120336559e-16 4.84207705176032e-17
9.59058441558445e-08 0.00297511131579947 0.000987870442504562 283887.245542415 -303200.014356816 1.34783733845242e-16 4.80934433277091e-17
9.62597402597406e-08 0.00307012162562241 0.000875820317098243 251687.070199953 -328469.404224998 1.34787347450565e-16 4.77355944409646e-17
9.66136363636367e-08 0.00315328167983595 0.000755406916047027 217083.515644604 -350333.351153317 1.3479096115253e-16 4.73509463059578e-17
9.69675324675328e-08 0.00322380221504826 0.000627878662702434 180435.344980601 -368565.042190731 1.3479457495114e-16 4.69434993704771e-17
9.73214285714289e-08 0.00328102501437807 0.000494557792461621 142122.532897646 -382975.323608816 1.34798188846398e-16 4.65174906056299e-17
9.76753246753251e-08 0.00332442973645 0.000356826643599019 102542.326026728 -393414.663370336 1.34801802838305e-16 4.60773495761838e-17
9.80292207792212e-08 0.00335363931484938 0.000216113324484447 62105.1240862696 -399774.702786498 1.34805416926866e-16 4.56276525125998e-17
9.83831168831173e-08 0.0033684238720076 7.38769057971947e-05 21230.224524979 -401989.381261746 1.34809031112081e-16 4.51730748609636e-17
9.87370129870134e-08 0.00336870310689268 -6.84077087247848e-05 -19658.5252156253 -400035.622451442 1.34812645393955e-16 4.47183428028138e-17
9.90909090909095e-08 0.00335454713170455 -0.000209265076123867 -60137.1227368752 -393933.574705476 1.34816259772488e-16 4.42681842475648e-17
9.94448051948056e-08 0.00332617574885749 -0.000347234514062294 -99785.807443012 -383746.403292564 1.34819874247685e-16 4.38272798057005e-17
9.97987012987017e-08 0.00328395617570537 -0.000480885248008165 -138193.413432742 -369579.63654781 1.34823488819548e-16 4.34002142511318e-17
1.00152597402598e-07 0.0032283992405619 -0.000608831248692493 -174961.633383076 -351580.072711847 1.34827103488078e-16 4.29914289760492e-17
1.00506493506494e-07 0.00316015408942133 -0.000729745605969552 -209709.149208014 -329934.258785503 1.3483071825328e-16 4.26051759313244e-17
1.0086038961039e-07 0.00308000145822894 -0.000842374290015933 -242075.586654943 -304866.557162338 1.34834333115154e-16 4.22454735301244e-17
1.01214285714286e-07 0.00298884558042764 -0.00094554915715288 -271725.2528262 -276636.820076394 1.34837948073705e-16 4.19160649720543e-17
1.01568181818182e-07 0.00288770481365991 -0.00103820006540562 -298350.617863126 -245537.695969883 1.34841563128934e-16 4.1620379420059e-17
1.01922077922078e-07 0.00277770108278911 -0.00111936597414155 -321675.50468186 -211891.595703033 1.34845178280845e-16 4.13614964327423e-17
1.02275974025974e-07 0.00266004824868063 -0.00118820491266059 -341457.953676575 -176047.350056403 1.34848793529438e-16 4.11421140210166e-17
1.02629870129871e-07 0.00253603952332622 -0.00124400271433636 -357492.732675425 -138376.593177996 1.34852408874719e-16 4.09645206604201e-17
1.02983766233767e-07 0.00240703406178682 -0.0012861804257052 -369613.466112317 -99269.9094702923 1.34856024316688e-16 4.08305715494329e-17
1.03337662337663e-07 0.00227444286996909 -0.0013143003136376 -377694.361325512 -59132.7838663926 1.34859639855349e-16 4.07416693600958e-17
1.03691558441559e-07 0.00213971417434903 -0.00132807040826239 -381651.514071147 -18381.3974842849 1.34863255490703e-16 4.0698749680665e-17
1.04045454545455e-07 0.00200431840533928 -0.00132734753449566 -381443.77970267 22561.6877472105 1.34866871222754e-16 4.07022713013802e-17
1.04399350649351e-07 0.00186973295000746 -0.00131213880069832 -377073.200970736 63271.9107448005 1.34870487051505e-16 4.07522114442106e-17
1.04753246753247e-07 0.00173742683224843 -0.00128260152898386 -368584.987995565 103327.113774831 1.34874102976957e-16 4.08480659861765e-17
1.05107142857143e-07 0.00160884547927027 -0.00123904162785764 -356067.050607469 142311.920153197 1.34877718999114e-16 4.09888546740643e-17
1.05461038961039e-07 0.00148539573236258 -0.00118191042402089 -339649.08789303 179822.041745105 1.34881335117977e-16 4.11731312765933e-17
1.05814935064935e-07 0.00136843125738712 -0.0011117999861517 -319501.244376226 215468.471595446 1.34884951333551e-16 4.13989985688924e-17
1.06168831168832e-07 0.00125923850628981 -0.0010294369891132 -295832.346757832 248881.51821054 1.34888567645836e-16 4.1664127994031e-17
1.06522727272728e-07 0.00115902337522329 -0.000935675182176269 -268887.739486336 279714.639652848 1.34892184054836e-16 4.19657837978464e-17
1.06876623376624e-07 0.00106889869764953 -0.000831486539321326 -238946.741594038 307648.037685002 1.34895800560553e-16 4.23008513869165e-17
1.0723051948052e-07 0.000989872702137113 -0.000717951183352414 -206319.751159973 332391.974686659 1.34899417162991e-16 4.26658696157291e-17
1.07584415584416e-07 0.000922838554567992 -0.000596246188274418 -171345.027415988 353689.77894144 1.3490303386215e-16 4.30570666683436e-17
1.07938311688312e-07 0.000868565093226336 -0.000467633376019023 -134385.183855855 371320.507121791 1.34906650658035e-16 4.34703991625631e-17
1.08292207792208e-07 0.000827688852875601 -0.000333446234036415 -95823.4287049761 385101.236353501 1.34910267550648e-16 4.3901594071203e-17
1.08646103896104e-07 0.000800707460565885 -0.000195076089389461 -56059.5917290075 394888.962082045 1.34913884539991e-16 4.43461930258239e-17
1.09e-07 0.000787974471691567 -5.39576827005339e-05 -15505.9785763711 400582.082049941 1.34917501626066e-16 4.47995985435764e-17
