0 -0.00139 0 0 400000 1.33808e-16 4.46026666666667e-17
2.66503667481663e-10 -0.0013859179129176 0.000106805571346785 30693.0323589296 400358.637498032 1.33809153726287e-16 4.49452990149192e-17
5.33007334963325e-10 -0.00137365236017166 0.000213393491824812 61323.5177451358 398365.568308371 1.33810307462497e-16 4.52872339260356e-17
7.99511002444988e-10 -0.00135324401043855 0.000319137661282443 91711.5319096131 394032.479508607 1.33811461208629e-16 4.56264651246899e-17
1.06601466992665e-09 -0.00132478136359765 0.000423416930383211 121678.573333728 387384.803570361 1.33812614964685e-16 4.59610021999483e-17
1.33251833740831e-09 -0.00128840023129384 0.000525618749284469 151048.611760775 378461.569086974 1.33813768730664e-16 4.62888822970951e-17
1.59902200488998e-09 -0.0012442829395857 0.000625142765833924 179649.122220336 367315.171636177 1.33814922506566e-16 4.66081816476936e-17
1.86552567237164e-09 -0.00119265725836085 0.000721404352147791 207312.098471456 354011.066123024 1.33816076292392e-16 4.6917026870153e-17
2.1320293398533e-09 -0.00113379506380477 0.000813838038854801 233875.039911484 338627.382409588 1.33817230088141e-16 4.72136059744199e-17
2.39853300733496e-09 -0.00106801074177723 0.000901900836832495 259181.906153239 321254.466488555 1.33818383893813e-16 4.74961790061505e-17
2.66503667481663e-09 -0.000995659341472966 0.000985075426922929 283084.033663025 301994.349895219 1.33819537709409e-16 4.77630882678349e-17
2.93154034229829e-09 -0.000917134490209604 0.00106287319889024 305441.009074843 280960.150473951 1.33820691534929e-16 4.80127680568336e-17
3.19804400977995e-09 -0.00083286608158956 0.00113483712176792 326121.494050561 258275.408018447 1.33821845370373e-16 4.82437538631173e-17
3.46454767726161e-09 -0.000743317750613552 0.00120054442873388 345003.996840386 234073.358687649 1.3382299921574e-16 4.84546909726815e-17
3.73105134474328e-09 -0.000648984150575174 0.00125960910074082 361977.586011049 208496.152458896 1.33824153071031e-16 4.8644342426091e-17
3.99755501222494e-09 -0.000550388047730364 0.00131168413431111 376942.542148738 181694.018214515 1.33825306936247e-16 4.88115962854021e-17
4.2640586797066e-09 -0.000448077250806106 0.0013564635801736 389810.943708144 153824.381365669 1.33826460811386e-16 4.89554721667703e-17
4.53056234718827e-09 -0.00034262139338307 0.00139368434076504 400507.183565781 125050.93919616 1.3382761469645e-16 4.90751270003641e-17
4.79706601466993e-09 -0.000234608588051201 0.00142312771603586 408968.413242734 95542.6993572373 1.33828768591438e-16 4.91698599837445e-17
5.06356968215159e-09 -0.000124641971990697 0.00144462068847776 415144.912186847 65472.9871610115 1.3382992249635e-16 4.92391166996081e-17
5.33007334963325e-09 -1.33361642687088e-05 0.00145803693982286 419000.379944552 35018.4275033432 1.33831076411187e-16 4.92824923736972e-17
5.59657701711492e-09 9.86863443391178e-05 0.00146329759343983 420512.149505435 4357.90739620262 1.33832230335948e-16 4.92997342537345e-17
5.86308068459658e-09 0.000210798847796634 0.00146037167806386 419671.320565692 -26328.4747965841 1.33833384270634e-16 4.92907430953991e-17
6.12958435207824e-09 0.000322374106047098 0.00144927631013416 416482.811926991 -56860.4672481165 1.33834538215244e-16 4.92555737466087e-17
6.39608801955991e-09 0.000432788029421584 0.00143007659366541 410965.332722239 -87058.7234677422 1.3383569216978e-16 4.9194434826668e-17
6.66259168704157e-09 0.000541423344573687 0.00140288523823906 403151.272636604 -116745.855791535 1.3383684613424e-16 4.91076875021598e-17
6.92909535452323e-09 0.000647673220406616 0.00136786189735574 393086.511767912 -145747.477375668 1.33838000108625e-16 4.89958433667617e-17
7.1955990220049e-09 0.000750944832693619 0.00132521223103316 380830.151242615 -173893.226571911 1.33839154092935e-16 4.88595614374344e-17
7.46210268948656e-09 0.000850662846452606 0.0012751866981532 366454.166169029 -201017.767667905 1.33840308087171e-16 4.8699644284619e-17
7.72860635696822e-09 0.000946272795618762 0.00121807908564982 350042.982965708 -226961.76211366 1.33841462091331e-16 4.85170333191667e-17
7.99511002444988e-09 0.00103724434016204 0.00115422478317493 331692.983547089 -251572.804529022 1.33842616105417e-16 4.83128032636781e-17
8.26161369193155e-09 0.00112307438151614 0.00108399881337476 311511.939278198 -274706.317993706 1.33843770129428e-16 4.80881558407209e-17
8.52811735941321e-09 0.00120329001801777 0.00100781362934482 289618.378022769 -296226.403360582 1.33844924163365e-16 4.78444127149943e-17
8.79462102689487e-09 0.00127745132299436 0.000926116692199065 266140.888002154 -316006.637602969 1.33846078207228e-16 4.75830077308919e-17
9.06112469437654e-09 0.00134515392918048 0.000839387842980915 241217.362553633 -333930.816505986 1.33847232261015e-16 4.73054784910532e-17
9.3276283618582e-09 0.00140603140428009 0.000748136484351716 214994.190223901 -349893.637338907 1.33848386324729e-16 4.70134573253664e-17
9.59413202933986e-09 0.00145975740371903 0.000652898588609758 187625.394954661 -363801.317497989 1.33849540398369e-16 4.6708661703464e-17
9.86063569682152e-09 0.00150604758794034 0.000554233549613316 159271.731410461 -375572.145485304 1.33850694481934e-16 4.63928841470256e-17
1.01271393643032e-08 0.00154466129297839 0.00045272089709819 130099.740762416 -385136.960986534 1.33851848575425e-16 4.60679817011366e-17
1.03936430317849e-08 0.0015754029444965 0.000348956892688682 100280.772473838 -392439.561227151 1.33853002678843e-16 4.57358650265459e-17
1.06601466992665e-08 0.0015981232069799 0.00024355102759605 69989.9778335033 -397437.0312194 1.33854156792186e-16 4.53984871768909e-17
1.09266503667482e-08 0.00161271986133146 0.000137122442576147 39405.2811483026 -400099.995959559 1.33855310915456e-16 4.50578321268098e-17
1.11931540342298e-08 0.0016191384057127 3.02962911747616e-05 8706.33463832417 -400412.793093391 1.33856465048652e-16 4.47159031183246e-17
1.14596577017115e-08 0.00161737237609834 -7.62999323774887e-05 -21926.5368268346 -398373.565034878 1.33857619191775e-16 4.43747108939479e-17
1.17261613691932e-08 0.00160746338465932 -0.000182040079051052 -52313.394951978 -393994.269996427 1.33858773344824e-16 4.40362618856302e-17
1.19926650366748e-08 0.00158950087574597 -0.000286303023033315 -82275.744978592 -387300.611865059 1.338599275078e-16 4.37025464289253e-17
1.22591687041565e-08 0.00156362160090264 -0.000388476310269695 -111637.584176869 -378331.889335805 1.33861081680702e-16 4.33755270716058e-17
1.25256723716382e-08 0.00153000881599492 -0.000487959756098136 -140226.435708556 -367140.765187783 1.33862235863531e-16 4.30571270454028e-17
1.27921760391198e-08 0.00148889120516322 -0.000584168970844041 -167874.361787574 -353792.957057566 1.33863390056287e-16 4.27492189685897e-17
1.30586797066015e-08 0.00144054153792106 -0.000676538792665647 -194418.950186936 -338366.851525551 1.3386454425897e-16 4.24536138457722e-17
1.33251833740831e-08 0.001385275067284 -0.000764526607484479 -219704.268296957 -320953.043781532 1.3386569847158e-16 4.21720504295033e-17
1.35916870415648e-08 0.00132344767833629 -0.000847615536498631 -243581.779130355 -301653.80557285 1.33866852694117e-16 4.1906185006216e-17
1.38581907090465e-08 0.00125545379810862 -0.000925317472554236 -265911.213893291 -280582.484559779 1.33868006926581e-16 4.16575816664741e-17
1.41246943765281e-08 0.00118172407904214 -0.000997175947538165 -286561.395996469 -257862.838605736 1.33869161168972e-16 4.14277031166994e-17
1.43911980440098e-08 0.00110272286964415 -0.00106276881394743 -305411.011665652 -233628.308912163 1.33870315421291e-16 4.12179020863505e-17
1.46577017114915e-08 0.00101894548719124 -0.00112171072488208 -322349.322624548 -208021.236267148 1.33871469683537e-16 4.10294133810336e-17
1.49242053789731e-08 0.000930915308497989 -0.00117365539789246 -337276.816663271 -181192.02501106 1.33872623955711e-16 4.08633466282303e-17
1.51907090464548e-08 0.000839180695838857 -0.00121829764938098 -350105.792270393 -153298.259629634 1.33873778237812e-16 4.0720679758261e-17
1.54572127139364e-08 0.000744311776078752 -0.00125537518760646 -360760.87389389 -124503.779163219 1.33874932529841e-16 4.06022532587809e-17
1.57237163814181e-08 0.000646897091930561 -0.00128467015375677 -369179.454803735 -94977.7148687643 1.33876086831798e-16 4.05087652365678e-17
1.59902200488998e-08 0.00054754014500903 -0.00130601040203535 -375312.064954149 -64893.4967870127 1.33877241143682e-16 4.04407673156121e-17
1.62567237163814e-08 0.000446855850986218 -0.00131927051124013 -379122.661684013 -34427.8350500526 1.33878395465495e-16 4.03986613956138e-17
1.65232273838631e-08 0.000345466927670187 -0.00132437252189054 -380588.841547235 -3759.68191283022 1.33879549797236e-16 4.03826972899325e-17
1.67897310513447e-08 0.000244000237222826 -0.00132128639457028 -379701.972028072 26930.8193945136 1.33880704138904e-16 4.03929712568738e-17
1.70562347188264e-08 0.000143083104002247 -0.00131003018679129 -376467.242367036 57463.3928191448 1.33881858490501e-16 4.04294254329464e-17
1.73227383863081e-08 4.33396296585691e-05 -0.0012906699473374 -370903.633198131 87658.6884273398 1.33883012852027e-16 4.04918481714276e-17
1.75892420537897e-08 -5.46129728717825e-05 -0.00126331932870603 -363043.80517508 117339.335915367 1.3388416722348e-16 4.05798752842545e-17
1.78557457212714e-08 -0.000150168004938945 -0.00122813891992197 -352933.907240042 146330.986501064 1.33885321604862e-16 4.06929921799561e-17
1.81222493887531e-08 -0.000242732846022672 -0.00118533530363989 -340633.30566038 174463.337075941 1.33886475996173e-16 4.08305368850739e-17
1.83887530562347e-08 -0.00033173243491099 -0.00113515984307177 -326214.235424414 201571.130601765 1.33887630397412e-16 4.09917039313315e-17
1.86552567237164e-08 -0.000416612647765286 -0.00107790720586255 -309761.376043221 227495.1268751 1.3388878480858e-16 4.11755490857274e-17
1.8921760391198e-08 -0.000496843553228156 -0.00101391363358257 -291371.354249552 252083.037957258 1.33889939229677e-16 4.13809948957736e-17
1.91882640586797e-08 -0.000571922525452416 -0.000943554966999517 -271152.176514401 275190.422774637 1.33891093660702e-16 4.16068370173142e-17
1.94547677261614e-08 -0.000641377196764117 -0.000867244438727341 -249222.594714028 296681.535634207 1.33892248101657e-16 4.18517512877611e-17
1.9721271393643e-08 -0.000704768232614203 -0.000785430246216301 -225711.408672921 316430.123669563 1.33893402552541e-16 4.21143015032047e-17
1.99877750611247e-08 -0.000761691912517204 -0.000698592919338331 -200756.70967904 334320.168532897 1.33894557013353e-16 4.23929478537234e-17
2.02542787286063e-08 -0.000811782501814833 -0.000607242498028891 -174505.069414425 350246.5679757 1.33895711484096e-16 4.26860559673481e-17
2.0520782396088e-08 -0.000854714400330947 -0.000511915536562206 -147110.679064923 364115.75331409 1.33896865964767e-16 4.29919065095624e-17
2.07872860635697e-08 -0.000890204055294712 -0.000413171952055297 -118734.44366549 375846.23915118 1.33898020455368e-16 4.33087052819566e-17
2.10537897310513e-08 -0.000918011627293439 -0.00031159173571139 -89543.0370005002 385369.102126873 1.33899174955898e-16 4.36345937607191e-17
2.1320293398533e-08 -0.000937942399467147 -0.000207771546119696 -59707.9226102434 392628.385882253 1.33900329466358e-16 4.39676600130666e-17
2.15867970660147e-08 -0.000949847921665004 -0.00010232120462154 -29404.3466539454 397581.429859209 1.33901483986747e-16 4.43059499274931e-17
2.18533007334963e-08 -0.000953626882840605 4.13988667176918e-06 1189.69145501182 400199.120003236 1.33902638517066e-16 4.46474786918731e-17
2.2119804400978e-08 -0.000949225706559289 0.000110986383169384 31894.4845953584 400466.059896131 1.33903793057315e-16 4.49902424519998e-17
2.23863080684596e-08 -0.000936638866117084 0.000217590671028838 62529.6735242864 398380.661312659 1.33904947607494e-16 4.53322300820763e-17
2.26528117359413e-08 -0.000915908917417873 0.000323326553745151 92915.3063034465 393955.153668555 1.33906102167603e-16 4.56714349980221e-17
2.2919315403423e-08 -0.000887126249413233 0.000427572930446197 122872.895341546 387215.512303689 1.33907256737642e-16 4.60058669442026e-17
2.31858190709046e-08 -0.000850428553568421 0.000529717444287913 152226.465844451 378201.306020936 1.33908411317612e-16 4.63335636843467e-17
2.34523227383863e-08 -0.000806000015468464 0.000629160079518409 180803.589514121 366965.464775635 1.33909565907511e-16 4.66526025279791e-17
2.37188264058679e-08 -0.000754070233310482 0.000725316686081331 208436.397424281 353573.968879532 1.33910720507341e-16 4.69611116246593e-17
2.39853300733496e-08 -0.000694912869632655 0.000817622411054324 234962.566123025 338105.461544156 1.33911875117101e-16 4.72572809596828e-17
2.42518337408313e-08 -0.000628844044197319 0.000905535016765495 260226.271169738 320650.787038887 1.33913029736792e-16 4.75393729866539e-17
2.45183374083129e-08 -0.000556220477466174 0.000988538066096251 284079.102504977 301312.457175945 1.33914184366413e-16 4.78057328344699e-17
2.47848410757946e-08 -0.000477437395570687 0.00106614395625888 306380.936276094 280204.049255551 1.33915339005965e-16 4.80547980287577e-17
2.50513447432762e-08 -0.000392926209081886 0.00113789678322715 327000.757997109 257449.539007152 1.33916493655448e-16 4.82851076706557e-17
2.53178484107579e-08 -0.000303151979212495 0.00120337501999275 345817.432207173 233182.572444443 1.33917648314861e-16 4.84953110190186e-17
2.55843520782396e-08 -0.000208610686333151 0.00126219399291392 362720.414106186 207545.680910812 1.33918802984206e-16 4.86841754256287e-17
2.58508557457212e-08 -0.000109826316845749 0.00131400814160839 377610.398986899 180689.443925532 1.33919957663482e-16 4.88505935767971e-17
2.61173594132029e-08 -7.34778552409005e-06 0.00135851304911417 390399.905648223 152771.604747705 1.33921112352688e-16 4.89935899988109e-17
2.63838630806846e-08 9.82542886014022e-05 0.00139544723039107 401013.790362174 123956.143852736 1.33922267051826e-16 4.91123267890072e-17
2.66503667481662e-08 0.000206390933877658 0.00142459366865507 409389.688374835 94412.3157633842 1.33923421760895e-16 4.92061085388034e-17
2.69168704156479e-08 0.00031645828549522 0.00144578109051912 415478.380347315 64313.6548927263 1.33924576479896e-16 4.92743864197581e-17
2.71833740831295e-08 0.000427841132466769 0.00145888497244772 419244.081583594 33836.9562384693 1.33925731208828e-16 4.93167614086541e-17
2.74498777506112e-08 0.000539916531283701 0.00146382827261129 420664.652345655 3161.23691579114 1.33926885947691e-16 4.93329866326527e-17
2.77163814180929e-08 0.000652057465024662 0.00146058188383884 419731.728019836 -27533.3153714837 1.33928040696486e-16 4.93229688207353e-17
2.79828850855745e-08 0.00076363652642283 0.00144916480500597 416450.768369108 -58066.4007447999 1.33929195455213e-16 4.92867688528989e-17
2.82493887530562e-08 0.000874029603257749 0.0014296440298491 410841.025581293 -88258.6662328051 1.33930350223872e-16 4.92246014038725e-17
2.85158924205378e-08 0.000982619544423744 0.00140213415385653 402935.431300178 -117932.759300252 1.33931505002462e-16 4.91368336834387e-17
2.87823960880195e-08 0.00108879978514022 0.00136679670154302 392780.403302443 -146914.369635387 1.33932659790985e-16 4.90239832807528e-17
2.90488997555012e-08 0.00119197791000898 0.0013238391780572 380435.572955263 -175033.253076247 1.33933814589439e-16 4.8886715125313e-17
2.93154034229828e-08 0.00129157913298861 0.00127351385069013 365973.435054837 -202124.231661178 1.33934969397826e-16 4.87258375824268e-17
2.95819070904645e-08 0.00138704967384382 0.00121611626744029 349478.922102027 -228028.163929044 1.33936124216145e-16 4.85422977061006e-17
2.98484107579462e-08 0.00147786001123556 0.0011519835213345 331048.90551515 -252592.879769338 1.33937279044396e-16 4.83371756772296e-17
3.01149144254278e-08 0.0015635079933421 0.00108149227069822 310791.626709199 -275674.074330559 1.3393843388258e-16 4.81116784597519e-17
3.03814180929095e-08 0.00164352178773825 0.00100505652700186 288826.061382707 -297136.155735687 1.33939588730696e-16 4.78671327120233e-17
3.06479217603911e-08 0.00171746265320342 0.000923125223275442 265281.220745889 -316853.041624874 1.33940743588744e-16 4.76049769950453e-17
3.09144254278728e-08 0.00178492751717562 0.000836179577372787 240295.393794096 -334708.899845992 1.33941898456726e-16 4.73267533233086e-17
3.11809290953545e-08 0.00184555134370963 0.000744730265571779 214015.335076965 -350598.828941774 1.3394305333464e-16 4.70340981078781e-17
3.14474327628361e-08 0.00189900927802814 0.000649314423111257 186595.402733862 -364429.474435794 1.33944208222486e-16 4.67287325449132e-17
3.17139364303178e-08 0.00194501855506683 0.000550492489281985 158196.651858352 -376119.577296719 1.33945363120266e-16 4.64124525060772e-17
3.19804400977995e-08 0.0019833401608006 0.000448844915602301 128985.888516922 -385600.451358514 1.33946518027979e-16 4.60871179902156e-17
3.22469437652811e-08 0.00201378023659009 0.000344968756413476 99134.6899782985 -392816.386891662 1.33947672945624e-16 4.57546421982595e-17
3.25134474327628e-08 0.00203619121829725 0.000239474161920626 68818.3969082681 -397724.977954156 1.33948827873203e-16 4.54169802955262e-17
3.27799511002445e-08 0.00205047270347638 0.000132980794278273 38215.0834495969 -400297.37159876 1.33949982810715e-16 4.50761179274238e-17
3.30464547677261e-08 0.00205657204154451 2.61141877717979e-05 7504.51123663351 -400518.437472006 1.33951137758161e-16 4.47340595560163e-17
3.33129584352078e-08 0.00205448464346206 -8.04979255253436e-05 -23132.9265114258 -398386.856808043 1.3395229271554e-16 4.43928166859599e-17
3.35794621026895e-08 0.00204425400910224 -0.000186229303035833 -53517.2646162876 -393915.130293859 1.33953447682852e-16 4.40543960489694e-17
3.38459657701711e-08 0.00202597147214608 -0.000290458870245104 -83470.0230611091 -387129.504759013 1.33954602660098e-16 4.37207878162193e-17
3.41124694376528e-08 0.00199977566399903 -0.000392574368942357 -112815.255396289 -378069.819119772 1.33955757647278e-16 4.33939539079204e-17
3.43789731051345e-08 0.00196585169987585 -0.000491975953705908 -141380.58227208 -366789.270481914 1.33956912644391e-16 4.30758164687419e-17
3.46454767726161e-08 0.00192443009183216 -0.000588079715506653 -168998.20402692 -353354.101775398 1.33958067651438e-16 4.27682465767766e-17
3.49119804400978e-08 0.00187578539512524 -0.000680321111731347 -195505.886383348 -337843.212755082 1.3395922266842e-16 4.24730532523746e-17
3.51784841075794e-08 0.00182023459585316 -0.000768158282476897 -220747.913461285 -320347.696651799 1.33960377695335e-16 4.21919728314093e-17
3.54449877750611e-08 0.00175813524934086 -0.000851075233634767 -244576.002510395 -300970.305194882 1.33961532732184e-16 4.19266587654021e-17
3.57114914425428e-08 0.00168988338020628 -0.000928584868066875 -266850.174988057 -279824.845147972 1.33962687778968e-16 4.16786719084223e-17
3.59779951100244e-08 0.00161591115643955 -0.00100023184706654 -287439.578865839 -257035.509902278 1.33963842835685e-16 4.14494713478217e-17
3.62444987775061e-08 0.0015366843511557 -0.00106559526529475 -306223.257333835 -232736.150052957 1.33964997902337e-16 4.12404058326686e-17
3.65110024449878e-08 0.0014526996069287 -0.00112429112347757 -323090.859387019 -207069.487242732 1.33966152978924e-16 4.10527058502364e-17
3.67775061124694e-08 0.00136448151877468 -0.00117597458433832 -337943.28811913 -180186.275890138 1.33967308065445e-16 4.08874763970946e-17
3.70440097799511e-08 0.00127257955291702 -0.00122034199851125 -350693.282915471 -152244.417725978 1.33968463161901e-16 4.07456904872707e-17
3.73105134474328e-08 0.00117756481943145 -0.00125713268853453 -361265.932124241 -123408.03433879 1.33969618268291e-16 4.06281834356236e-17
3.75770171149144e-08 0.00108002671772706 -0.00128613048044131 -369599.113194379 -93846.5031768467 1.33970773384616e-16 4.05356479500126e-17
3.78435207823961e-08 0.000980569474566921 -0.00130716497395005 -375643.857693909 -63733.4626689028 1.33971928510876e-16 4.04686300610998e-17
3.81100244498778e-08 0.000879808594962841 -0.00132011254379081 -379364.639064026 -33245.7923073508 1.33973083647071e-16 4.04275259137004e-17
3.83765281173594e-08 0.000778367246791116 -0.00132489706628333 -380739.581417998 -2562.57368457416 1.33974238793201e-16 4.04125794385354e-17
3.86430317848411e-08 0.000676872600365447 -0.00132149036689667 -379760.588157692 28135.9614147899 1.33975393949266e-16 4.04238809180717e-17
3.89095354523228e-08 0.000575952144468035 -0.00130991238615908 -376433.389651574 58669.4896868723 1.33976549115266e-16 4.04613664548807e-17
3.91760391198044e-08 0.000476230000478291 -0.00129023106294093 -370777.509693403 88858.6555282839 1.33977704291202e-16 4.05248183456461e-17
3.94425427872861e-08 0.00037832325625001 -0.00126256193579412 -362826.150937942 118526.124580658 1.33978859477073e-16 4.06138663586323e-17
3.97090464547677e-08 0.000282838341271988 -0.00122706746468712 -352625.999985955 147497.625411443 1.3398001467288e-16 4.07279899071165e-17
3.99755501222494e-08 0.000190367464404785 -0.00118395607711736 -340236.953262721 175602.973212007 1.33981169878622e-16 4.08665211060257e-17
4.02420537897311e-08 0.000101485135118932 -0.00113348094420188 -325731.765299578 202677.069499687 1.33982325094299e-16 4.10286486938326e-17
4.05085574572127e-08 1.67447886695776e-05 -0.00107593849393301 -309195.621483822 228560.871951308 1.33983480319913e-16 4.12134227966786e-17
4.07750611246944e-08 -6.33244649677961e-05 -0.00101166667033008 -290725.637785994 253102.32867113 1.33984635555462e-16 4.14197605067482e-17
4.10415647921761e-08 -0.000138220949302724 -0.00094104294871063 -270430.290402517 276157.271404994 1.33985790800947e-16 4.16464522421339e-17
4.13080684596577e-08 -0.000207473368417342 -0.000864482118737495 -248428.778663376 297590.262453582 1.33986946056368e-16 4.18921688508402e-17
4.15745721271394e-08 -0.000270643575623597 -0.000782433848261969 -224850.324946548 317275.39030961 1.33988101321725e-16 4.21554694172043e-17
4.18410757946211e-08 -0.000327329147425429 -0.000695380042271316 -199833.415710947 335097.009344946 1.33989256597018e-16 4.24348097248852e-17
4.21075794621027e-08 -0.000377165747664788 -0.000603832012452367 -173524.988105556 350950.419202225 1.33990411882248e-16 4.27285513267135e-17
4.23740831295844e-08 -0.00041982926796266 -0.000508327473995578 -146079.56693215 364742.479899708 1.33991567177414e-16 4.30349711681331e-17
4.26405867970661e-08 -0.000455037731880207 -0.000409427387278888 -117658.357030653 376392.15903569 1.33992722482516e-16 4.33522717077088e-17
4.29070904645477e-08 -0.000482552951612951 -0.000307712662981987 -88428.2964181041 385831.007877598 1.33993877797554e-16 4.36785914752587e-17
4.31735941320294e-08 -0.000502181927484414 -0.000203780749984023 -58561.0757427476 393003.563538612 1.3399503312253e-16 4.40120160055944e-17
4.3440097799511e-08 -0.000513777982016381 -9.8242126086448e-05 -28232.1298126935 397867.674878783 1.33996188457442e-16 4.43505890836492e-17
4.37066014669927e-08 -0.000517241621911963 8.28328782631212e-06 2380.39287731443 400394.750215651 1.3399734380229e-16 4.46923242349408e-17
4.39731051344744e-08 -0.00051252112288582 0.000115169769125769 33096.6765682129 400569.925388632 1.33998499157076e-16 4.50352163938786e-17
4.4239608801956e-08 -0.000499612833903869 0.000221789468889091 63736.2944614561 398392.151189284 1.33999654521798e-16 4.53772536813743e-17
4.45061124694377e-08 -0.00047856119904295 0.000327516099870311 94119.2685421887 393874.199643179 1.34000809896458e-16 4.5716429222577e-17
4.47726161369194e-08 -0.000449458496839629 0.000431728615329941 124067.126775374 387042.589105804 1.34001965281054e-16 4.60507529353147e-17
4.5039119804401e-08 -0.00041244429865676 0.000533814857113455 153403.951464878 377937.428611757 1.34003120675588e-16 4.6378263219997e-17
4.53056234718827e-08 -0.000367704649246961 0.000633175151549537 181957.412617363 366612.182390856 1.34004276080059e-16 4.66970384823117e-17
4.55721271393644e-08 -0.000315470974323989 0.000729225832045295 209559.780240878 353133.355933699 1.34005431494467e-16 4.70052084210284e-17
4.5838630806846e-08 -0.000256018721556589 0.000821402667686073 236048.909631705 337580.105450054 1.34006586918813e-16 4.73009650146043e-17
4.61051344743277e-08 -0.000189665742965359 0.000909164177699423 261269.193861656 320043.773013473 1.34007742353096e-16 4.75825731420521e-17
4.63716381418094e-08 -0.000116770428222197 0.000991994812313072 285072.477870622 300627.350122038 1.34008897797317e-16 4.78483807756817e-17
4.6638141809291e-08 -3.77295998152168e-05 0.00106940798132135 307318.928794644 279444.872825695 1.34010053251476e-16 4.8096828685838e-17
4.69046454767727e-08 4.70238175591042e-05 0.00114094891256894 327877.857416829 256620.751972588 1.34011208715572e-16 4.83264596006266e-17
4.71711491442544e-08 0.000137023339688477 0.00120619732355974 346628.485915476 232289.042508 1.34012364189606e-16 4.85359267668169e-17
4.7437652811736e-08 0.00023177166268808 0.00126476989049618 363460.657399195 206592.656117498 1.34013519673578e-16 4.87240018616321e-17
4.77041564792177e-08 0.000330743583902402 0.00131632250024406 378275.483060691 179682.521838745 1.34014675167489e-16 4.88895822089449e-17
4.79706601466993e-08 0.000433389086709802 0.00136055227199308 390985.923147314 151716.699572112 1.34015830671337e-16 4.90316972574869e-17
4.8237163814181e-08 0.000539136571111034 0.00139719933673568 401517.298335152 122859.451696911 1.34016986185123e-16 4.91495142830102e-17
4.85036674816627e-08 0.000647396211126488 0.00142604836410958 409807.728502279 93280.2782462395 1.34018141708848e-16 4.92423432809021e-17
4.87701711491443e-08 0.000757563419281855 0.00144692982763307 415808.496323156 63152.9213075072 1.34019297242511e-16 4.93096410205044e-17
4.9036674816626e-08 0.000869022397832724 0.00145972100089883 419484.333547791 32654.3444965385 1.34020452786113e-16 4.93510142373178e-17
4.93031784841077e-08 0.000981149755868946 0.00146434667887238 420813.62828339 1963.69349961429 1.34021608339653e-16 4.93662219443296e-17
4.95696821515893e-08 0.00109331817105241 0.00146077962005567 419788.552060242 -28738.7562109245 1.34022763903132e-16 4.93551768488836e-17
4.9836185819071e-08 0.00120490007447954 0.00144904070691646 416415.105934751 -59272.6583064966 1.34023919476549e-16 4.93179458667594e-17
5.01026894865527e-08 0.00131527133702389 0.00142919882363837 410713.085358138 -89458.6549574174 1.34025075059905e-16 4.92547497304352e-17
5.03691931540343e-08 0.00142381493550502 0.00140137045190758 402715.964016441 -119119.430390697 1.340262306532e-16 4.91659616938261e-17
5.0635696821516e-08 0.00152992457714866 0.00136571898710778 392470.697323466 -148080.752461843 1.34027386256434e-16 4.90521053410997e-17
5.09022004889977e-08 0.00163300826104751 0.00132245377893797 380037.44672027 -176172.496122363 1.34028541869608e-16 4.89138515124314e-17
5.11687041564793e-08 0.00173249175570209 0.00127182890208586 365489.226399972 -203229.642770955 1.3402969749272e-16 4.87520143647506e-17
5.1435207823961e-08 0.00182782197221392 0.00121414166417593 348911.474532346 -229093.249617987 1.34030853125772e-16 4.85675465906092e-17
5.17017114914427e-08 0.0019184702133159 0.00114973085975384 330401.551506206 -253611.383368939 1.34032008768762e-16 4.83615338232493e-17
5.19682151589243e-08 0.00200393527915394 0.00107897478056151 310068.168136254 -276640.012742055 1.34033164421693e-16 4.81351882607288e-17
5.2234718826406e-08 0.00208374641157535 0.00100228899378817 288030.747192529 -298043.854577186 1.34034320084562e-16 4.78898415465489e-17
5.25012224938876e-08 0.00215746605962774 0.000920123901345977 264418.722002247 -317697.168565366 1.34035475757372e-16 4.76269369485969e-17
5.27677261613693e-08 0.00222469245002236 0.000832962094505311 239370.776243527 -335484.495930453 1.34036631440121e-16 4.73480208823397e-17
5.3034229828851e-08 0.00228506194746124 0.000741315519426708 213034.029395936 -351301.337723311 1.34037787132809e-16 4.7054733828054e-17
5.33007334963326e-08 0.00233825119096177 0.000645722470237579 185563.172632067 -365054.768743718 1.34038942835438e-16 4.67488006954419e-17
5.35672371638143e-08 0.00238397899362811 0.000546744427314901 157119.560225506 -376663.983483265 1.34040098548006e-16 4.64320206922232e-17
5.3833740831296e-08 0.00242200799470786 0.000444962759344506 127870.261811869 -386060.77088178 1.34041254270514e-16 4.6106256756215e-17
5.41002444987776e-08 0.00245214605422796 0.00034097530852792 97987.0810696109 -393189.915107955 1.34042410002963e-16 4.57734246129679e-17
5.43667481662593e-08 0.00247424738201536 0.000235392878994275 67645.5465845926 -398009.520009338 1.34043565745352e-16 4.54354815232331e-17
5.4633251833741e-08 0.00248821339446819 0.000128835649043553 37023.8808258254 -400491.255325222 1.34044721497681e-16 4.50944147863553e-17
5.48997555012226e-08 0.00249399329404274 2.19295282950181e-05 6301.95328846385 -400620.523215491 1.3404587725995e-16 4.47522300671185e-17
5.51662591687043e-08 0.0024915843680495 -8.46975188614947e-05 -24339.7760468521 -398396.544126563 1.34047033032159e-16 4.44109396146134e-17
5.5432762836186e-08 0.0024810320050012 -0.00019041916191565 -54721.3167322582 -393832.361489333 1.3404818881431e-16 4.40725504423274e-17
5.56992665036676e-08 0.00246242942841396 -0.000294614383320989 -84664.2051220049 -386954.765220854 1.340493446064e-16 4.37390525388864e-17
5.59657701711493e-08 0.00243591714962308 -0.000396671126402557 -113992.552682442 -377804.13447838 1.34050500408432e-16 4.34124071786996e-17
5.6232273838631e-08 0.00240168214282503 -0.000495989890659673 -142534.079184788 -366434.200588756 1.34051656220404e-16 4.30945354011715e-17
5.64987775061126e-08 0.00235995674718923 -0.000591987253344562 -170121.124711584 -352911.731545029 1.34052812042317e-16 4.27873067261551e-17
5.67652811735943e-08 0.00231101730248607 -0.000684099296630425 -196591.634532093 -337316.13992285 1.34053967874171e-16 4.24925281719345e-17
5.70317848410759e-08 0.00225518252624339 -0.000771784920236923 -221790.111061269 -319739.016519142 1.34055123715966e-16 4.22119336402482e-17
5.72982885085576e-08 0.00219281164196171 -0.000854529020053715 -245568.527310186 -300283.592451784 1.34056279567702e-16 4.19471737307073e-17
5.75647921760393e-08 0.00212430226938097 -0.000931845514089622 -267787.196461985 -279064.132879324 1.3405743542938e-16 4.16998060444444e-17
5.78312958435209e-08 0.00205008808918924 -0.00100328019797166 -288315.592465057 -256205.265901452 1.34058591300998e-16 4.14712860339523e-17
5.80977995110026e-08 0.00197063629588921 -0.00106841341321925 -307033.116822888 -231841.250581693 1.34059747182558e-16 4.12629584528663e-17
5.83643031784843e-08 0.00188644485378217 -0.00112686251261855 -323829.807075949 -206115.188391447 1.34060903074059e-16 4.10760494559183e-17
5.86308068459659e-08 0.0017980395721865 -0.00117828410821352 -338606.982813531 -179178.182706878 1.34062058975502e-16 4.09116593954747e-17
5.88973105134476e-08 0.0017059710170691 -0.0012223760887071 -351277.825420276 -151188.451295326 1.34063214886887e-16 4.0770756356976e-17
5.91638141809293e-08 0.00161081127722951 -0.00125887939442035 -361767.888151433 -122310.397004084 1.34064370808213e-16 4.06541704712572e-17
5.94303178484109e-08 0.00151315060403093 -0.00128757953938133 -370015.533540016 -92713.6421099865 1.34065526739481e-16 4.05625890371669e-17
5.96968215158926e-08 0.00141359394441528 -0.00130830787160073 -375972.295565948 -62572.0320017169 1.34066682680691e-16 4.04965524831397e-17
5.99633251833742e-08 0.00131275738756657 -0.00132094256412917 -379603.164459121 -32062.6140469546 1.34067838631843e-16 4.04564511914522e-17
6.02298288508559e-08 0.001211264546094 -0.00132540933107242 -380886.792462793 -1364.59764229018 1.34068994592937e-16 4.04425232038239e-17
6.04963325183376e-08 0.00110974289299131 -0.00132168186435618 -379815.619347986 29341.6984455789 1.34070150563973e-16 4.04548528218481e-17
6.07628361858192e-08 0.00100882007588876 -0.00130978198867259 -376395.91694091 59875.9052641545 1.34071306544951e-16 4.04933701104814e-17
6.10293398533009e-08 0.000909120230247446 -0.00128977953369575 -370647.752401172 90058.6631633458 1.34072462535872e-16 4.0557851307516e-17
6.12958435207826e-08 0.000811260313152592 -0.00126179192431461 -362604.870465778 119712.675364139 1.34073618536735e-16 4.06479201366379e-17
6.15623471882642e-08 0.000715846479241008 -0.00122598349128755 -352314.495349917 148663.74941901 1.3407477454754e-16 4.0763050016365e-17
6.18288508557459e-08 0.000623470520051116 -0.00118256450636566 -339837.053467486 176741.820446421 1.34075930568288e-16 4.0902567151898e-17
6.20953545232276e-08 0.00053470638771128 -0.00113178994754998 -325245.81859941 203781.950128772 1.34077086598979e-16 4.10656544917305e-17
6.23618581907092e-08 0.00045010682338708 -0.0010739580017332 -308626.481593376 229625.295605458 1.34078242639613e-16 4.12513565257836e-17
6.26283618581909e-08 0.000370200110292942 -0.00100940831351917 -290076.64712192 254120.042569504 1.34079398690189e-16 4.14585848968887e-17
6.28948655256726e-08 0.000295486970342047 -0.000938519990504375 -269705.260454282 277122.297086443 1.34080554750708e-16 4.16861247926637e-17
6.31613691931542e-08 0.000226437622664838 -0.000861709376736385 -247631.967608579 298496.930896536 1.3408171082117e-16 4.19326420802426e-17
6.34278728606359e-08 0.000163489021275825 -0.000779427607425906 -223986.412642195 318118.375234619 1.34082866901575e-16 4.21966911419561e-17
6.36943765281176e-08 0.000107042288116168 -0.000692157959274252 -198907.476207558 335871.358504233 1.34084022991923e-16 4.24767233659427e-17
6.39608801955992e-08 5.74603565520788e-05 -0.000600413011978656 -172542.459845546 351651.583472444 1.34085179092215e-16 4.27710962418206e-17
6.42273838630809e-08 1.50658391729302e-05 -0.000504731637587143 -145046.220807506 365366.340006999 1.3408633520245e-16 4.30780830079991e-17
6.44938875305625e-08 -1.98608675844084e-05 -0.000405675835386032 -116580.262487534 376935.049756022 1.34087491322628e-16 4.33958827939651e-17
6.47603911980442e-08 -4.70832308495278e-05 -0.000303827430910641 -87311.78580743 386289.739570232 1.3408864745275e-16 4.37226311979733e-17
6.50268948655259e-08 -6.6409971091672e-05 -0.000199784658468053 -57412.7071261826 393375.440886161 1.34089803592815e-16 4.40564112380101e-17
6.52933985330075e-08 -7.76961860864121e-05 -9.41586472452411e-05 -27058.6484424826 398150.512723783 1.34090959742824e-16 4.43952646117088e-17
6.55599022004892e-08 -8.08442024713279e-05 1.24301683576573e-05 3572.09417840056 400586.886400579 1.34092115902777e-16 4.47372031990777e-17
6.58264058679709e-08 -7.58041498863066e-05 0.000119355693083835 34299.5978941034 400670.230523931 1.34093272072674e-16 4.50802207404758e-17
6.60929095354525e-08 -6.25742543235707e-05 0.000225989848459568 64943.3699393622 398400.035291987 1.34094428252515e-16 4.5422304621242e-17
6.63594132029342e-08 -4.12008489618784e-05 0.000331706262115034 95323.4078370282 393789.615607115 1.34095584442299e-16 4.57614476937545e-17
6.66259168704159e-08 -1.17781024188264e-05 0.000435883947115189 125261.256738245 386866.032982968 1.34096740642028e-16 4.60956600674786e-17
6.68924205378975e-08 2.55525339849268e-05 0.000537910949688211 154581.057680938 377669.936703168 1.34097896851701e-16 4.64229807977479e-17
6.71589242053792e-08 7.06031567051592e-05 0.000637187943924434 183110.580609064 366255.325163964 1.34099053071318e-16 4.67414894046175e-17
6.74254278728609e-08 0.000123140513321452 0.000733131752330051 210682.236084517 352689.228802041 1.3410020930088e-16 4.70493171541263e-17
6.76919315403425e-08 0.000182887372273701 0.000825178771555165 237134.059748719 337051.316469294 1.34101365540385e-16 4.73446580356999e-17
6.79584352078242e-08 0.000249524150944214 0.00091278828317263 262310.663750901 319433.427566069 1.34102521789836e-16 4.76257793712104e-17
6.82249388753059e-08 0.000322690792524265 0.000995445630059161 286064.14955413 299939.032680482 1.34103678049231e-16 4.78910319933719e-17
6.84914425427875e-08 0.000401988880642495 0.00107266523971945 308254.976756877 278682.625901411 1.34104834318571e-16 4.81388599336806e-17
6.87579462102692e-08 0.000486983979335882 0.00114399347679295 328752.78282632 255789.052374131 1.34105990597856e-16 4.83678095629872e-17
6.90244498777508e-08 0.000577208184620189 0.00120901130798624 347437.148927818 231392.77504798 1.34107146887085e-16 4.85765381310061e-17
6.92909535452325e-08 0.000672162872673786 0.00126733676377545 364198.307351613 205637.084922662 1.34108303186259e-16 4.87638216545952e-17
6.95574572127142e-08 0.000771321628493668 0.00131862718241701 378937.786380822 178673.25943172 1.34109459495379e-16 4.89285621084633e-17
6.98239608801958e-08 0.000874133337822282 0.00136258122308354 391568.98881223 150659.673906396 1.34110615814443e-16 4.90697938760634e-17
7.00904645476775e-08 0.000980025424184557 0.00139894063629756 402017.700731069 121760.871338743 1.34111772143453e-16 4.91866894227696e-17
7.03569682151592e-08 0.00108840721202202 0.00142749178126159 410222.527550638 92146.5959078453 1.34112928482408e-16 4.92785641580107e-17
7.06234718826408e-08 0.00119867339616997 0.00144806688116954 416135.254754844 61990.7959459187 1.34114084831309e-16 4.93448804577893e-17
7.08899755501225e-08 0.00131020759729894 0.00146054500912344 419721.131224007 31470.6022006 1.34115241190155e-16 4.93852508239534e-17
7.11564792176042e-08 0.00142238598243649 0.00146485279886192 420959.073478999 765.287394921284 1.34116397558946e-16 4.93994401616552e-17
7.14229828850858e-08 0.0015345809293028 0.0014609648761233 419841.789643325 -29944.786803647 1.34117553937683e-16 4.93873671616106e-17
7.16894865525675e-08 0.00164616471293632 0.0014489040081069 416375.822394275 -60479.2292196777 1.34118710326366e-16 4.93491047790331e-17
7.19559902200492e-08 0.00175651319295421 0.00142874097015246 410581.510650176 -90658.6787887104 1.34119866724995e-16 4.92848798064215e-17
7.22224938875308e-08 0.00186500947978866 0.00140059413041811 402492.870218085 -120305.858134409 1.34121023133569e-16 4.91950715427016e-17
7.24889975550125e-08 0.00197104755836344 0.00136462875499419 392157.394102301 -149246.614915178 1.3412217955209e-16 4.90802095665334e-17
7.27555012224942e-08 0.00207403584792466 0.00132105603753236 379635.773646003 -177310.944823263 1.34123335980557e-16 4.89409706268542e-17
7.30220048899758e-08 0.00217340067711498 0.0012701318590874 365001.542143339 -204333.990227056 1.34124492418969e-16 4.87781746689161e-17
7.32885085574575e-08 0.00226858965387764 0.00121215528545424 348340.64301473 -230157.008590385 1.34125648867328e-16 4.85927800191523e-17
7.35550122249391e-08 0.00235907491039476 0.0011474668108246 329750.925081284 -254628.304980008 1.34126805325634e-16 4.83858777571509e-17
7.38215158924208e-08 0.00244435620399796 0.0010764463580777 309341.567902445 -277604.123183452 1.34127961793885e-16 4.8158685307786e-17
7.40880195599025e-08 0.00252396385583532 0.000999511047449439 287232.440551865 -298949.490202411 1.34129118272084e-16 4.79125392911415e-17
7.43545232273841e-08 0.00259746151003148 0.000917112746684785 263553.397597459 -318539.009160736 1.34130274760228e-16 4.76488876722195e-17
7.46210268948658e-08 0.00266444869713212 0.000829735417061956 238443.516420544 -336257.595969032 1.3413143125832e-16 4.736928125654e-17
7.48875305623475e-08 0.00272456318677326 0.000737892270876105 212050.280353528 -352001.155418198 1.34132587766358e-16 4.70753645815814e-17
7.51540342298291e-08 0.00277748311575418 0.000642122757077866 184528.712433964 -365677.192730009 1.34133744284343e-16 4.67688662575614e-17
7.54205378973108e-08 0.00282292887901157 0.000542989392771642 156040.46486286 -377205.356971946 1.34134900812275e-16 4.64515888142892e-17
7.56870415647925e-08 0.0028606647723853 0.000441074459184138 126752.869515395 -386517.913143643 1.34136057350154e-16 4.61253981137277e-17
7.59535452322741e-08 0.00289050037752407 0.000336976581509853 96837.9550810281 -393560.140161322 1.3413721389798e-16 4.57922123904502e-17
7.62200488997558e-08 0.00291229168079384 0.000231307212722578 66471.436606024 -398290.652401793 1.34138370455753e-16 4.5453990984366e-17
7.64865525672375e-08 0.00292594191961409 0.000124687042006161 35831.6833735997 -400681.642916625 1.34139527023474e-16 4.51127228318959e-17
7.67530562347191e-08 0.00293140215124844 1.7742348900822e-05 5098.67118418674 -400719.046887167 1.34140683601142e-16 4.47704147831984e-17
7.70195599022008e-08 0.00292867154070588 -8.88986754196902e-05 -25547.0748100124 -398402.624359593 1.34141840188757e-16 4.44290798140709e-17
7.72860635696824e-08 0.00291779736605935 -0.000194609618131533 -55925.5405064577 -393745.961773299 1.3414299678632e-16 4.4090725201766e-17
7.75525672371641e-08 0.00289887474114773 -0.000298769524329898 -85858.2802609153 -386776.392272968 1.3414415339383e-16 4.37573407341808e-17
7.78190709046458e-08 0.00287204605728784 -0.000400766544569924 -115169.465092059 -377534.835271695 1.34145310011289e-16 4.34308870216763e-17
7.80855745721274e-08 0.00283750014727336 -0.000500001528953448 -143686.915524789 -366075.556206888 1.34146466638695e-16 4.31132839801864e-17
7.83520782396091e-08 0.00279547117656893 -0.000595891546649418 -171243.113005206 -352465.847899449 1.34147623276048e-16 4.2806399553266e-17
7.86185819070908e-08 0.00274623726821033 -0.000687873310173663 -197676.183945995 -336785.635387262 1.3414877992335e-16 4.25120387393295e-17
7.88850855745724e-08 0.00269011886948556 -0.00077540648431293 -222830.850621698 -319127.006553541 1.341499365806e-16 4.22319329885342e-17
7.91515892420541e-08 0.00262747686998907 -0.000857976860255565 -246559.343328015 -299593.671306491 1.34151093247798e-16 4.19677300315963e-17
7.94180929095358e-08 0.00255871048210126 -0.000935099376282809 -268722.268446785 -278300.352486457 1.34152249924944e-16 4.17209842002873e-17
7.96845965770174e-08 0.00248425489634142 -0.00100632096727582 -289189.427317227 -255372.112077776 1.34153406612038e-16 4.1493147296474e-17
7.99511002444991e-08 0.00240457872536466 -0.00107122322629892 -307840.581102975 -230943.616682629 1.34154563309081e-16 4.12855600633413e-17
8.02176039119808e-08 0.00232018125161498 -0.0011294248626233 -324566.157161613 -205158.34657097 1.34155720016072e-16 4.10994443089006e-17
8.04841075794624e-08 0.00223158949480002 -0.00118058394175098 -339267.892766965 -178167.752952106 1.34156876733012e-16 4.09358957280571e-17
8.07506112469441e-08 0.00213935511641178 -0.00122439989427922 -351859.412402397 -150130.368417653 1.341580334599e-16 4.0795877465405e-17
8.10171149144258e-08 0.00204405117947461 -0.00126061528180331 -362266.735233514 -121210.875780769 1.34159190196737e-16 4.06802144565686e-17
8.12836185819074e-08 0.00194626878255259 -0.00128901730948272 -370428.709778766 -91579.1407809054 1.34160346943523e-16 4.05895885813346e-17
8.15501222493891e-08 0.00184661358778705 -0.00130943907638369 -376297.373224072 -61409.2143357069 1.34161503700258e-16 4.05245346570554e-17
8.18166259168707e-08 0.00174570226335767 -0.00132176055625125 -379838.233270194 -30878.3102005513 1.34162660466942e-16 4.04854372958624e-17
8.20831295843524e-08 0.00164415886126342 -0.00132590930294763 -381030.470856634 -165.764040765429 1.34163817243575e-16 4.04725286441595e-17
8.23496332518341e-08 0.00154261115169974 -0.0013218608764106 -379867.062570559 30548.0199692274 1.34164974030156e-16 4.0485887017682e-17
8.26161369193157e-08 0.00144168693556347 -0.0013096389866275 -376354.82202103 61082.6288322507 1.34166130826688e-16 4.05254364401467e-17
8.28826405867974e-08 0.00134201035674575 -0.00128931535477674 -370514.359934824 91258.7004756575 1.34167287633168e-16 4.05909470882095e-17
8.31491442542791e-08 0.00124419823587442 -0.00126100929234991 -362379.963207525 120898.977334589 1.34168444449598e-16 4.06820366401267e-17
8.34156479217607e-08 0.00114885644704187 -0.00122488700072452 -351999.39361966 149829.347582397 1.34169601275978e-16 4.07981725202042e-17
8.36821515892424e-08 0.00105657635880174 -0.00118116059529903 -339433.607399516 177879.867891938 1.34170758112307e-16 4.09386750258593e-17
8.39486552567241e-08 0.000967931360340591 -0.00113008685992031 -324756.397279263 204885.761719853 1.34171914958585e-16 4.11027213189331e-17
8.42151589242057e-08 0.000883473493230747 -0.00107196573891742 -308053.959146268 230688.387249718 1.34173071814814e-16 4.12893502578176e-17
8.44816625916874e-08 0.00080373020855015 -0.00100713857559754 -289424.385834456 255136.169308077 1.34174228680992e-16 4.14974680420192e-17
8.47481662591691e-08 0.000729201268419104 -0.000935986107548729 -268977.09102856 278085.489778974 1.3417538555712e-16 4.17258546360109e-17
8.50146699266507e-08 0.000660355810155519 -0.000858926230523204 -246832.166664643 299401.531286334 1.34176542443198e-16 4.19731709346442e-17
8.52811735941324e-08 0.000597629590295234 -0.000776411544033993 -223119.677600967 318959.069187972 1.34177699339226e-16 4.22379666280396e-17
8.55476772616141e-08 0.000541422424667618 -0.00068892669308033 -197978.897701775 336643.20722863 1.34178856245205e-16 4.25186887197617e-17
8.58141809290957e-08 0.000492095839565133 -0.00059698552161475 -171557.491820725 352350.052530313 1.34180013161134e-16 4.28136906482489e-17
8.60806845965774e-08 0.000449970947805748 -0.000501128054470818 -144010.648488546 365987.325954503 1.34181170087013e-16 4.31212419579246e-17
8.6347188264059e-08 0.000415326562166141 -0.000401917325478208 -115500.168399111 377474.90425043 1.34182327022842e-16 4.3439538463185e-17
8.66136919315407e-08 0.000388397557269456 -0.000299936070395466 -86193.5140477598 386745.290804224 1.34183483968622e-16 4.37667128455655e-17
8.68801955990224e-08 0.000369373489552025 -0.000195783304085056 -56262.8261039824 393744.01222315 1.34184640924353e-16 4.41008456218407e-17
8.7146699266504e-08 0.000358397483417603 -9.00708020353754e-05 -25883.9122960192 398429.938424756 1.34185797890034e-16 4.44399764186358e-17
8.74132029339857e-08 0.000355565390124154 1.65804931034991e-05 4764.78525357508 400775.52435006 1.34186954865666e-16 4.47821154873228e-17
8.76797066014674e-08 0.000360925224346224 0.000123544118862961 35503.2381756982 400766.971880285 1.34188111851249e-16 4.51252553915674e-17
8.7946210268949e-08 0.000374476881724936 0.000230191772753847 66150.8893291079 398404.31100535 1.34189268846783e-16 4.54673827988733e-17
8.82127139364307e-08 0.000396172139067137 0.000335897002904348 96527.7133899354 393701.399766639 1.34190425852268e-16 4.58064903068625e-17
8.84792176039124e-08 0.00042591493719495 0.000440038887859135 126455.274326422 386685.842973694 1.34191582867704e-16 4.61405882348237e-17
8.8745721271394e-08 0.000463561944786717 0.000542005683924409 155757.773547237 377398.830171575 1.34192739893091e-16 4.64677163112643e-17
8.90122249388757e-08 0.000508923399899725 0.000641198418634092 184263.082566462 365894.893809992 1.34193896928429e-16 4.67859551888141e-17
8.92787286063574e-08 0.000561764224234009 0.000737034409228618 211803.754119233 352241.589034025 1.34195053973719e-16 4.70934377188385e-17
8.9545232273839e-08 0.00062180540359437 0.000828950685478139 238218.005788547 336519.09697668 1.3419621102896e-16 4.73883599195329e-17
8.98117359413207e-08 0.00068872562644406 0.0009164072967436 263350.670365168 318819.753882875 1.34197368094153e-16 4.76689915730696e-17
9.00782396088024e-08 0.000762163170927481 0.000998890483849008 287054.107357926 299247.508830163 1.34198525169298e-16 4.7933686389545e-17
9.0344743276284e-08 0.000841718029279634 0.00107591569713213 309189.070299851 277917.31323091 1.34199682254394e-16 4.81808916780214e-17
9.06112469437657e-08 0.000926954257145578 0.00114703044294421 329625.524755211 254954.445701429 1.34200839349442e-16 4.8409157467851e-17
9.08777506112473e-08 0.00101740253401191 0.00121181694187693 348243.41222203 230493.776263228 1.34201996454442e-16 4.86171450266976e-17
9.1144254278729e-08 0.00111256291971205 0.00126989458310049 364933.355442476 204678.974197942 1.34203153569393e-16 4.88036347252184e-17
9.14107579462107e-08 0.00121190779081539 0.00132092216039428 379597.300977589 177661.664208527 1.34204310694297e-16 4.89675332021999e-17
9.16772616136923e-08 0.00131488493965332 0.00136459987673378 392149.09527135 149600.535842986 1.34205467829153e-16 4.91078797880568e-17
9.1943765281174e-08 0.00142092081777996 0.00140067110565682 402514.990819687 120660.411411492 1.34206624973962e-16 4.92238521489539e-17
9.22102689486557e-08 0.0015294239048167 0.0014289238990607 410634.079470596 91011.2778715856 1.34207782128722e-16 4.93147711183908e-17
9.24767726161373e-08 0.00163978818289296 0.00144919223257129 416458.65030953 60827.288367881 1.34208939293435e-16 4.93801046878632e-17
9.2743276283619e-08 0.00175139669627517 0.00146135698116646 419954.470027187 30285.739290959 1.34210096468101e-16 4.941947113315e-17
9.30097799511007e-08 0.00186362517527558 0.00146534661932078 421100.984122161 -433.971135983891 1.34211253652719e-16 4.94326412578577e-17
9.32762836185823e-08 0.00197584570315436 0.0014611376415564 419891.437755889 -31151.3966256264 1.34212410847289e-16 4.94195397410331e-17
9.3542787286064e-08 0.00208743040447604 0.00144875470092743 416332.915549312 -61686.1027604136 1.34213568051813e-16 4.93802455809228e-17
9.38092909535457e-08 0.00219775513325516 0.00142827046462189 410446.300086787 -91858.7268658406 1.34214725266289e-16 4.9314991632264e-17
9.40757946210273e-08 0.0023062031392267 0.00139980518752706 402266.149370297 -121492.031597425 1.34215882490718e-16 4.92241632398178e-17
9.4342298288509e-08 0.00241216869070562 0.00136352600626059 391840.493943092 -150411.946052537 1.342170397251e-16 4.91082959761615e-17
9.46088019559906e-08 0.00251506063275423 0.00131964595781194 379230.554873782 -178448.588291477 1.34218196969436e-16 4.89680724970244e-17
9.48753056234723e-08 0.00261430585975635 0.0012684227285562 364510.38425674 -205437.263261348 1.34219354223724e-16 4.88043185326268e-17
9.5141809290954e-08 0.00270935268199942 0.00121015714098633 347766.430339886 -231219.4302607 1.34220511487966e-16 4.86179980385652e-17
9.54083129584356e-08 0.00279967406648834 0.0011451913870505 329097.029833609 -255643.634261781 1.34221668762161e-16 4.84102075347182e-17
9.56748166259173e-08 0.00288477073295352 0.00107390701846966 308611.830382416 -278566.3956195 1.34222826046309e-16 4.81821696654206e-17
9.5941320293399e-08 0.00296417408686579 0.000996722705838337 286431.14659109 -299853.052940579 1.34223983340411e-16 4.79352260187254e-17
9.62078239608806e-08 0.00303744897222822 0.000914091779669478 262685.2533875 -319378.554161477 1.34225140644467e-16 4.76708292469284e-17
9.64743276283623e-08 0.0031041962279735 0.000826499567825597 237513.620872327 -337028.191187836 1.34226297958476e-16 4.73905345346323e-17
9.6740831295844e-08 0.00316405503294869 0.000734460544974305 211064.095149678 -352698.273779693 1.34227455282439e-16 4.70959904644619e-17
9.70073349633256e-08 0.00321670502571132 0.000638515310810762 183492.02994996 -366296.738723525 1.34228612616356e-16 4.67889293340806e-17
9.72738386308073e-08 0.00326186818668297 0.000539227414795535 154959.374145417 -377743.690712283 1.34229769960226e-16 4.64711569813796e-17
9.7540342298289e-08 0.0032993104716026 0.000437180046058033 125633.72051791 -386971.871755709 1.34230927314051e-16 4.61445421776055e-17
9.78068459657706e-08 0.00332884318668262 0.000332972607907912 95687.321366148 -393927.056362985 1.3423208467783e-16 4.58110056507235e-17
9.80733496332523e-08 0.00335032409738773 0.000227217197074795 65296.0767344094 -398568.37017578 1.34233242051563e-16 4.54725088034943e-17
9.8339853300734e-08 0.00336365826432124 0.000120535008356459 34638.5012056782 -400868.530179384 1.34234399435251e-16 4.51310421925277e-17
9.86063569682156e-08 0.00336879860130666 1.35526857939756e-05 3894.67532807268 -400814.005080242 1.34235556828893e-16 4.47886138359891e-17
9.88728606356973e-08 0.00336574615238378 -9.31013581934198e-05 -26754.8121662365 -398405.094907155 1.34236714232489e-16 4.44472374186346e-17
9.91393643031789e-08 0.00335455008608999 -0.000198800634092597 -57129.9251362822 -393655.92936787 1.3423787164604e-16 4.41089204634602e-17
9.94058679706606e-08 0.00333530740705776 -0.000302924255317373 -87052.237570756 -386594.384970006 1.34239029069545e-16 4.37756525394427e-17
9.96723716381423e-08 0.00330816238662013 -0.000404860585349373 -116345.981677644 -377261.921392471 1.34240186503005e-16 4.34493935746415e-17
9.99388753056239e-08 0.00327330571576629 -0.000504010830575286 -144839.080368477 -365713.338067802 1.3424134394642e-16 4.31320623433112e-17
1.00205378973106e-07 0.00323097338542044 -0.000599792557715699 -172364.158072238 -352016.452404602 1.3424250139979e-16 4.28255251946524e-17
1.00471882640587e-07 0.00318144530061892 -0.00069164311518345 -198759.523941214 -336251.701539521 1.34243658863114e-16 4.2531585089411e-17
1.00738386308069e-07 0.00312504363672345 -0.000779022938273601 -223870.121673196 -318511.669957415 1.34244816336394e-16 4.22519710087275e-17
1.01004889975551e-07 0.00306213094732416 -0.000861418718769296 -247548.44037047 -298900.545753841 1.34245973819629e-16 4.19883277974521e-17
1.01271393643032e-07 0.00299310803494421 -0.000938346420344083 -269655.381084889 -277533.508733164 1.34247131312819e-16 4.17422065015892e-17
1.01537897310514e-07 0.00291841159705158 -0.00100935412204684 -290061.073958527 -254536.053936021 1.34248288815965e-16 4.15150552566347e-17
1.01804400977996e-07 0.00283851166120352 -0.0010740246731652 -308645.64115962 -230043.254569188 1.34249446329066e-16 4.13082107803313e-17
1.02070904645477e-07 0.00275390882438758 -0.00113197814387114 -325299.90113183 -204198.968666889 1.34250603852122e-16 4.112289051982e-17
1.02337408312959e-07 0.00266513131277394 -0.00118287405725193 -339926.010019556 -177154.994143125 1.34251761385134e-16 4.09601854993199e-17
1.02603911980441e-07 0.00257273187914838 -0.00122641338961346 -352438.036501018 -149070.177197833 1.34252918928101e-16 4.08210539103565e-17
1.02870415647922e-07 0.00247728455624905 -0.00126234032730433 -362762.466651978 -120109.479313684 1.34254076481025e-16 4.07063154821943e-17
1.03136919315404e-07 0.00237938128507665 -0.00129044376973887 -370838.6358739 -90443.0083236326 1.34255234043904e-16 4.06166466655501e-17
1.03403422982886e-07 0.00227962843798243 -0.00131055856978819 -376619.085348791 -60245.0192404433 1.34256391616739e-16 4.05525766578837e-17
1.03669926650367e-07 0.00217864325695634 -0.00132256650425093 -380069.840926252 -29692.8907170447 1.3425754919953e-16 4.05144842936217e-17
1.03936430317849e-07 0.00207705022803623 -0.00132639696870089 -381170.61280388 1033.9168501997 1.34258706792277e-16 4.05025958175872e-17
1.04202933985331e-07 0.00197547741313431 -0.00132202739262753 -379914.914827422 31754.9154553604 1.3425986439498e-16 4.05169835547245e-17
1.04469437652812e-07 0.00187455276082728 -0.00130948337242841 -376310.102709219 62289.6496620647 1.3426102200764e-16 4.0557565483937e-17
1.04735941320294e-07 0.0017749004177805 -0.00128883852147009 -370377.330939742 92458.756600423 1.34262179630256e-16 4.06241057185531e-17
1.05002444987776e-07 0.00167713706247292 -0.00126021403809556 -362151.42864463 122085.019555328 1.34263337262828e-16 4.07162158906026e-17
1.05268948655257e-07 0.00158186828275861 -0.00122377799411351 -351680.695115747 150994.408957287 1.34264494905357e-16 4.08333574307816e-17
1.05535452322739e-07 0.00148968501854356 -0.00117974434794639 -339026.616216616 179017.104660887 1.34265652557842e-16 4.09748447307213e-17
1.05801955990221e-07 0.0014011600904741 -0.00112837168823158 -324263.503327388 205988.49350586 1.34266810220284e-16 4.11398491689922e-17
1.06068459657702e-07 0.00131684483502806 -0.00106996171525356 -307478.056949523 231750.136300868 1.34267967892683e-16 4.13274039772025e-17
1.06334963325184e-07 0.00123726586577522 -0.00100485746912489 -288768.857532924 256150.698549644 1.34269125575039e-16 4.15364099176158e-17
1.06601466992666e-07 0.00116292197983245 -0.000933441315121465 -268245.786515772 279046.839452123 1.34270283267351e-16 4.17656417389419e-17
1.06867970660147e-07 0.00109428122768627 -0.000856132698004076 -246029.380977303 300304.053958171 1.34271440969621e-16 4.20137553723894e-17
1.07134474327629e-07 0.00103177816359622 -0.000773385678515545 -222250.125693698 319797.462927298 1.34272598681848e-16 4.22792958257141e-17
1.07400977995111e-07 0.000975811292731586 -0.000685686266522079 -197047.686755052 337412.546752497 1.34273756404032e-16 4.25607057289006e-17
1.07667481662592e-07 0.000926740730038933 -0.000593549566462291 -170570.091244627 353045.818138414 1.34274914136173e-16 4.28563344812859e-17
1.07933985330074e-07 0.000884886084593854 -0.000497516751869935 -142972.857798518 366605.430081417 1.34276071878272e-16 4.31644479463985e-17
1.08200488997556e-07 0.000850524581866399 -0.000398151886740542 -114418.083152401 378011.715479727 1.34277229630328e-16 4.34832386375712e-17
1.08466992665037e-07 0.000823889434931952 -0.000296038612411966 -85073.4900406154 387197.655203358 1.34278387392341e-16 4.38108363345008e-17
1.08733496332519e-07 0.000805168474197267 -0.000191776719418977 -55111.4420398919 394109.271873793 1.34279545164312e-16 4.4145319068398e-17
1.09000000000001e-07 0.000794503043692859 -8.59786244578545e-05 -24707.9311442725 398705.947039692 1.34280702946241e-16 4.4484724411201e-17
