0 -0.00139 0 0 400000 1.33808e-16 4.46026666666667e-17
1.95691202872531e-10 -0.00138779900786391 7.83865307558173e-05 22526.1687630582 400492.221566016 1.33808335409407e-16 4.48539602689564e-17
3.91382405745063e-10 -0.00138118713422697 0.000156745435141209 45044.398454486 399716.875092935 1.33808670819653e-16 4.51051653455842e-17
5.87073608617594e-10 -0.00137017290746388 0.000234828704926466 67483.41821712 397676.411404969 1.33809006230738e-16 4.5355487178979e-17
7.82764811490126e-10 -0.00135477878954349 0.000312389203653109 89772.2077172685 394377.285464422 1.33809341642661e-16 4.5604133845073e-17
9.78456014362657e-10 -0.00133504110497087 0.000389181448829986 111840.221926714 389829.935951555 1.33809677055423e-16 4.58503187197718e-17
1.17414721723519e-09 -0.00131100992585389 0.000464962388896473 133617.61440092 384048.752235835 1.33810012469024e-16 4.60932629686544e-17
1.36983842010772e-09 -0.00128274891345795 0.000539492172493653 155035.458346765 377052.028843046 1.33810347883463e-16 4.63321980120263e-17
1.56552962298025e-09 -0.00125033511675022 0.000612534907608689 176025.964780098 368861.907562356 1.33810683298741e-16 4.65663679575215e-17
1.76122082585278e-09 -0.00121385872857098 0.000683859408189654 196522.697082649 359504.30737655 1.33811018714857e-16 4.67950319925554e-17
1.95691202872531e-09 -0.00117342280020356 0.000753239925867725 216460.781279194 349008.842437154 1.33811354131813e-16 4.70174667290547e-17
2.15260323159785e-09 -0.00112914291524622 0.000820456864470785 235777.111369441 337408.728344043 1.33811689549606e-16 4.72329684930457e-17
2.34829443447038e-09 -0.00108114682381819 0.000885297475066939 254410.549064735 324740.677026128 1.33812024968239e-16 4.74408555518509e-17
2.54398563734291e-09 -0.00102957403825724 0.00094755652933805 272302.117297397 311044.780555799 1.3381236038771e-16 4.76404702718476e-17
2.73967684021544e-09 -0.000974575391588634 0.00100703696915201 289395.186890233 296364.384264828 1.3381269580802e-16 4.78311811999575e-17
2.93536804308797e-09 -0.0009163125601626 0.00106355053027775 305635.655795351 280745.949563296 1.33813031229169e-16 4.80123850622784e-17
3.1310592459605e-09 -0.0008549575519712 0.0011169183382689 320972.120335005 264238.906895698 1.33813366651156e-16 4.81835086735343e-17
3.32675044883303e-09 -0.000790692162263977 0.00116697147462994 335356.037902443 246895.499299608 1.33813702073982e-16 4.83440107512983e-17
3.52244165170556e-09 -0.000723707398185293 0.00121355151147296 348741.880607792 228770.617062011 1.33814037497647e-16 4.84933836292463e-17
3.7181328545781e-09 -0.000654202874254318 0.00125651101297266 361087.279382661 209921.623996598 1.3381437292215e-16 4.86311548640198e-17
3.91382405745063e-09 -0.000582386180600923 0.0012957140020324 372353.158087346 190408.17589186 1.33814708347493e-16 4.87568887306101e-17
4.10951526032316e-09 -0.000508472225956959 0.00133103639068425 382503.857196156 170292.031704538 1.33815043773673e-16 4.88701876015331e-17
4.30520646319569e-09 -0.000432682557482308 0.00136236637286064 391507.246669373 149636.858096041 1.33815379200693e-16 4.89706932054256e-17
4.50089766606822e-09 -0.000355244659578417 0.00138960477829446 399334.82765456 128508.027930413 1.33815714628551e-16 4.90580877610838e-17
4.69658886894075e-09 -0.000276391233908552 0.00141266538642741 405961.822695323 106972.413371628 1.33816050057248e-16 4.91320949833506e-17
4.89228007181328e-09 -0.000196359462903453 0.00143147519933282 411367.25416197 85098.174235041 1.33816385486784e-16 4.91924809576699e-17
5.08797127468582e-09 -0.000115390259083409 0.00144597467278929 415534.010655805 62954.5422628489 1.33816720917158e-16 4.92390548805386e-17
5.28366247755835e-09 -3.37275025725972e-05 0.00145611790477347 418448.901176859 40611.6020063426 1.33817056348371e-16 4.92716696635131e-17
5.47935368043088e-09 4.83827307810168e-05 0.00146187278077535 420102.696883584 18140.0690084388 1.33817391780423e-16 4.92902223988574e-17
5.67504488330341e-09 0.000130692948237249 0.00146322107547613 420490.160312302 -4388.93401144551 1.33817727213313e-16 4.92946546853601e-17
5.87073608617594e-09 0.000212955023481715 0.00146015851046652 419610.061963913 -26904.1022618045 1.33818062647042e-16 4.92849528132864e-17
6.06642728904847e-09 0.000294920981951083 0.00145269476782299 417465.184205308 -49334.1745602814 1.3381839808161e-16 4.9261147807882e-17
6.26211849192101e-09 0.000376343785680003 0.00144085345949855 414062.312473139 -71608.1588774453 1.33818733517017e-16 4.92233153312894e-17
6.45780969479354e-09 0.00045697811518563 0.00142467205262512 409412.213807719 -93655.5570292571 1.33819068953262e-16 4.9171575443186e-17
6.65350089766607e-09 0.000536581145915061 0.00140420175096364 403529.602784997 -115406.587807061 1.33819404390346e-16 4.91060922209033e-17
6.8491921005386e-09 0.00061491331679819 0.00137950733287704 396433.09495437 -136792.407838886 1.33819739828269e-16 4.90270732402275e-17
7.04488330341113e-09 0.000691739088473464 0.00135066694633882 388145.147929701 -157745.329483022 1.3382007526703e-16 4.89347689185249e-17
7.24057450628366e-09 0.000766827688786719 0.00131777186162593 378691.990319932 -178199.035064222 1.33820410706631e-16 4.8829471722271e-17
7.4362657091562e-09 0.00083995384320353 0.00128092618247855 368103.538724226 -198088.786774452 1.3382074614707e-16 4.87115152414908e-17
7.63195691202873e-09 0.000910898487823262 0.0012402465166409 356413.303054296 -217351.631573846 1.33821081588347e-16 4.85812731340398e-17
7.82764811490126e-09 0.000979449462738076 0.00119586160682566 343658.280483571 -235926.600443331 1.33821417030464e-16 4.84391579430667e-17
8.02333931777379e-09 0.00104540218354233 0.00114791192326996 329878.838358806 -253754.901358266 1.33821752473419e-16 4.82856197913992e-17
8.21903052064632e-09 0.001108560288867 0.00109654921917244 315118.586444711 -270780.105372315 1.33822087917213e-16 4.8121144956987e-17
8.41472172351885e-09 0.00116873626188952 0.00104193605041823 299424.23890591 -286948.325222578 1.33822423361845e-16 4.79462543339086e-17
8.61041292639139e-09 0.00122575202385201 0.000984245261111997 282845.466463047 -302208.385890661 1.33822758807317e-16 4.77615017838128e-17
8.80610412926392e-09 0.00127943949770919 0.000923659436547155 265434.739190933 -316511.98657985 1.33823094253627e-16 4.7567472383014e-17
9.00179533213645e-09 0.00132964114012201 0.00086037032534256 247247.160456269 -329813.85359569 1.33823429700776e-16 4.73647805707863e-17
9.19748653500898e-09 0.00137621044011317 0.000794578232575609 228340.292520502 -342071.883646088 1.33823765148763e-16 4.71540682047197e-17
9.39317773788151e-09 0.00141901238280606 0.000726491385832361 208773.974359789 -353247.277107353 1.3382410059759e-16 4.69360025292911e-17
9.58886894075404e-09 0.00145792387677948 0.000656325276181114 188610.132278616 -363304.660834371 1.33824436047255e-16 4.67112740640797e-17
9.78456014362658e-09 0.00149283414368527 0.000584301976155211 167912.583916515 -372212.200126183 1.33824771497759e-16 4.64805944183114e-17
9.98025134649911e-09 0.00152364506889574 0.000510649436903613 146746.83626814 -379941.699492564 1.33825106949101e-16 4.62446940386478e-17
1.01759425493716e-08 0.0015502715120709 0.000435600766733726 125179.878355992 -386468.691902654 1.33825442401283e-16 4.60043198973492e-17
1.03716337522442e-08 0.00157264157666251 0.00035939349332988 103279.969211969 -391772.516233127 1.33825777854303e-16 4.57602331281273e-17
1.05673249551167e-08 0.00159069683750182 0.000282268811982497 81116.4218387581 -395836.38267075 1.33826113308162e-16 4.55132066171707e-17
1.07630161579892e-08 0.00160439252575057 0.000204470822207313 58759.383834848 -398647.425862301 1.3382644876286e-16 4.52640225569677e-17
1.09587073608618e-08 0.00161369767062976 0.00012624575517073 36279.6153774739 -400196.745643588 1.33826784218396e-16 4.50134699706678e-17
1.11543985637343e-08 0.0016185951974776 4.78411943665023e-05 13748.2652661741 -400479.435218638 1.33827119674771e-16 4.47623422148185e-17
1.13500897666068e-08 0.00161908198182599 -3.04947079896798e-05 -8763.35426421119 -399494.596699831 1.33827455131986e-16 4.45114344683797e-17
1.15457809694794e-08 0.00161516885932446 -0.000108514016367588 -31183.9932483829 -397245.343959761 1.33827790590038e-16 4.42615412159645e-17
1.17414721723519e-08 0.00160688059147993 -0.000185969796646003 -53442.6894989045 -393738.792785776 1.3382812604893e-16 4.40134537332708e-17
1.19371633752244e-08 0.00159425578732065 -0.000262616897668728 -75468.9932042633 -388986.038368311 1.3382846150866e-16 4.37679575826637e-17
1.2132854578097e-08 0.00157734678123218 -0.000338212727159434 -97193.1899058077 -383002.120194248 1.33828796969229e-16 4.35258301268334e-17
1.23285457809695e-08 0.00155621946735186 -0.00041251801953951 -118546.52114783 -375805.974456372 1.33829132430637e-16 4.32878380684e-17
1.2524236983842e-08 0.0015309530910459 -0.000485297593218738 -139461.402102427 -367420.374129529 1.33829467892884e-16 4.30547350232512e-17
1.27199281867146e-08 0.00150163999812893 -0.000556321094961926 -159871.63548033 -357871.856903102 1.3382980335597e-16 4.28272591352939e-17
1.29156193895871e-08 0.00146838534261966 -0.000625363728975524 -179712.621050685 -347190.641197886 1.33830138819894e-16 4.26061307401688e-17
1.31113105924596e-08 0.00143130675395737 -0.000692206968406595 -198921.560106609 -335410.530533131 1.33830474284657e-16 4.23920500853236e-17
1.33070017953321e-08 0.00139053396473266 -0.000756639247002197 -217437.654229389 -322568.806546402 1.33830809750259e-16 4.21856951136591e-17
1.35026929982047e-08 0.00134620840011033 -0.00081845662873999 -235202.297722207 -308706.111004837 1.33831145216699e-16 4.19877193177654e-17
1.36983842010772e-08 0.00129848273024397 -0.000877463453310629 -252159.263104321 -293866.317181199 1.33831480683979e-16 4.17987496715377e-17
1.38940754039497e-08 0.00124752038709869 -0.000933472955408894 -268254.879078584 -278096.391001798 1.33831816152097e-16 4.16193846457202e-17
1.40897666068223e-08 0.0011934950472112 -0.000986307855873438 -283438.20040902 -261446.242405734 1.33832151621054e-16 4.14501923136573e-17
1.42854578096948e-08 0.00113659008202427 -0.00103580092280409 -297661.169170761 -243968.567385882 1.3383248709085e-16 4.129170855325e-17
1.44811490125673e-08 0.00107699797753512 -0.00108179550088071 -310878.766861963 -225718.681211538 1.33832822561485e-16 4.11444353508062e-17
1.46768402154399e-08 0.00101491972509458 -0.00112414600720813 -323049.156896246 -206754.343360574 1.33833158032958e-16 4.10088392121551e-17
1.48725314183124e-08 0.000950564185284999 -0.00116271839211793 -334133.817024634 -187135.574715154 1.33833493505271e-16 4.08853496860542e-17
1.50682226211849e-08 0.000884147426890229 -0.00119739056346819 -344097.661267858 -166924.467599595 1.33833828978422e-16 4.07743580045632e-17
1.52639138240575e-08 0.000815892043049826 -0.00122805277309856 -352909.150973068 -146184.989261569 1.33834164452412e-16 4.06762158446869e-17
1.545960502693e-08 0.000746026446761733 -0.00125460796421714 -360540.394643435 -124982.779418636 1.33834499927241e-16 4.05912342152094e-17
1.56552962298025e-08 0.000674784147963203 -0.00127697207861973 -366967.236224657 -103384.942510855 1.33834835402908e-16 4.05196824722403e-17
1.58509874326751e-08 0.000602403014477949 -0.00129507432276895 -372169.331568888 -81459.8353169791 1.33835170879414e-16 4.04617874665907e-17
1.60466786355476e-08 0.000529124519168617 -0.00130885739189093 -376130.212834086 -59276.8506064459 1.3383550635676e-16 4.0417732825678e-17
1.62423698384201e-08 0.00045519297567732 -0.0013182776513803 -378837.340614885 -36906.197511874 1.33835841834944e-16 4.03876583722316e-17
1.64380610412927e-08 0.000380854765173121 -0.00132330527493917 -380282.143639998 -14418.6793172054 1.33836177313967e-16 4.03716596816405e-17
1.66337522441652e-08 0.00030635755655379 -0.00132392433901266 -380460.045910453 8114.53063521714 1.33836512793828e-16 4.0369787779344e-17
1.68294434470377e-08 0.000231949522569925 -0.00132013287322223 -379370.481192753 30622.1142093763 1.33836848274529e-16 4.0382048979223e-17
1.70251346499102e-08 0.000157878554352398 -0.00131194286663687 -377016.894821043 53032.8341991473 1.33837183756068e-16 4.04084048635049e-17
1.72208258527828e-08 8.43914768291687e-05 -0.0012993802298622 -373406.732802563 75275.7597962831 1.33837519238447e-16 4.04487724042451e-17
1.74165170556553e-08 1.17332675147086e-05 -0.00128248471306756 -368551.418260824 97280.4910892058 1.33837854721664e-16 4.05030242260009e-17
1.76122082585278e-08 -5.98537188554227e-05 -0.00126130978021013 -362466.315291046 118977.381882056 1.3383819020572e-16 4.05709890088678e-17
1.78078994614004e-08 -0.000130130517390763 -0.00123592243985432 -355170.680342208 140297.760128768 1.33838525690614e-16 4.06524520306022e-17
1.80035906642729e-08 -0.000198862309385097 -0.00120640303312158 -346687.601279576 161174.145284485 1.33838861176348e-16 4.07471558461145e-17
1.81992818671454e-08 -0.000265819165534708 -0.00117284497944186 -337043.924320534 181540.461886378 1.3383919666292e-16 4.08548011021833e-17
1.8394973070018e-08 -0.000330776773683384 -0.00113535448091111 -326270.169074932 201332.248687882 1.33839532150332e-16 4.09750474848123e-17
1.85906642728905e-08 -0.000393517148790821 -0.0010940501861906 -314400.43195885 220486.862684412 1.33839867638582e-16 4.11075147962314e-17
1.8786355475763e-08 -0.000453829322877291 -0.00104906281501167 -301472.278287404 238943.677384792 1.33840203127671e-16 4.12517841581335e-17
1.89820466786356e-08 -0.000511510012760842 -0.00100053474447425 -287526.623388134 256644.274700876 1.33840538617599e-16 4.14073993373396e-17
1.91777378815081e-08 -0.000566364263473568 -0.000948619558448395 -272607.603111207 273532.629847972 1.33840874108365e-16 4.15738681896964e-17
1.93734290843806e-08 -0.000618206065320446 -0.000893481561505036 -256762.434146246 289555.288670868 1.33841209599971e-16 4.17506642176369e-17
1.95691202872532e-08 -0.000666858942627681 -0.000835295258914125 -240041.264587865 304661.536834176 1.33841545092415e-16 4.1937228236474e-17
1.97648114901257e-08 -0.000712156512317068 -0.000774244804356006 -222497.015222861 318803.560341503 1.33841880585698e-16 4.21329701441544e-17
1.99605026929982e-08 -0.000753943010538401 -0.000710523417093902 -204185.212041346 331936.596875355 1.33842216079821e-16 4.23372707888712e-17
2.01561938958708e-08 -0.000792073785693044 -0.00064433277045212 -185163.810501923 344019.077478777 1.33842551574782e-16 4.25494839286238e-17
2.03518850987433e-08 -0.000826415756288134 -0.000575882353535385 -165493.01210709 355012.758130272 1.33842887070582e-16 4.27689382765251e-17
2.05475763016158e-08 -0.000856847832172224 -0.000505388808209407 -145235.073869385 364882.840795524 1.3384322256722e-16 4.29949396253806e-17
2.07432675044883e-08 -0.000883261297819038 -0.0004330752434411 -124454.111271314 373598.083572788 1.33843558064698e-16 4.32267730448167e-17
2.09389587073609e-08 -0.000905560156446144 -0.000359170529168532 -103215.895342668 381130.899583287 1.33843893563015e-16 4.34637051440039e-17
2.11346499102334e-08 -0.000923661433879302 -0.000283908571935461 -81587.6444974882 387457.444293604 1.3384422906217e-16 4.37049863928133e-17
2.13303411131059e-08 -0.000937495441200649 -0.000207527574583071 -59637.8117894887 392557.690993671 1.33844564562164e-16 4.39498534940607e-17
2.15260323159785e-08 -0.000947005995349318 -0.000130269282341945 -37435.8682592845 396415.494191419 1.33844900062997e-16 4.41975317993293e-17
2.1721723518851e-08 -0.000952150596976202 -5.2378217710396e-05 -15052.0830591169 399018.640723424 1.33845235564669e-16 4.44472377607253e-17
2.19174147217235e-08 -0.00095290056498981 2.58990934592504e-05 7442.6989490155 400358.88841975 1.3384557106718e-16 4.46981814108076e-17
2.21131059245961e-08 -0.000949241127367291 0.00010431490221698 29977.2814179205 400431.992200579 1.3384590657053e-16 4.49495688628408e-17
2.23087971274686e-08 -0.000941171467943084 0.000182621020644505 52480.3418527967 399237.717522004 1.33846242074719e-16 4.52006048234595e-17
2.25044883303411e-08 -0.000928704729027003 0.000260569607375981 74880.6573486421 396779.841128396 1.33846577579746e-16 4.54504951097911e-17
2.27001795332137e-08 -0.000911867969843351 0.000337913952023848 97107.3300130233 393066.139108929 1.33846913085613e-16 4.56984491630695e-17
2.28958707360862e-08 -0.000890702080922503 0.000414409256027051 119090.011360733 388108.362296039 1.33847248592318e-16 4.59436825507859e-17
2.30915619389587e-08 -0.000865261654715802 0.000489813407450225 140759.124970122 381922.19908364 1.33847584099863e-16 4.61854194494544e-17
2.32872531418313e-08 -0.000835614812843157 0.000563887747281573 162046.086696377 374527.22578276 1.33847919608246e-16 4.64228951001377e-17
2.34829443447038e-08 -0.000801842990520004 0.000636397824804059 182883.52174478 365946.84467168 1.33848255117468e-16 4.66553582289581e-17
2.36786355475763e-08 -0.000764040678845826 0.000707114139649118 203205.477916863 356208.209936623 1.33848590627529e-16 4.68820734249346e-17
2.38743267504489e-08 -0.00072231512576978 0.000775812868184226 222947.634354556 345342.141737365 1.33848926138429e-16 4.71023234676192e-17
2.40700179533214e-08 -0.000676785996679787 0.000842276571935254 242047.505121607 333383.028669721 1.33849261650168e-16 4.73154115971652e-17
2.42657091561939e-08 -0.000627584995689221 0.00090629488580139 260444.636977936 320368.718933579 1.33849597162745e-16 4.75206637196438e-17
2.44614003590664e-08 -0.000574855448819751 0.000967665183884347 278080.800720944 306340.400550926 1.33849932676162e-16 4.77174305406264e-17
2.4657091561939e-08 -0.000518751850399461 0.00102619322082445 294900.175488151 291342.471012936 1.33850268190418e-16 4.79050896202824e-17
2.48527827648115e-08 -0.00045943937411184 0.00108169374661368 310849.52543784 275422.396768673 1.33850603705512e-16 4.80830473434862e-17
2.5048473967684e-08 -0.000397093350243073 0.00113399109293969 325878.368248469 258630.563000105 1.33850939221446e-16 4.82507407986978e-17
2.52441651705566e-08 -0.0003318987107821 0.00118291972920499 339939.134903545 241020.114158866 1.33851274738218e-16 4.84076395596704e-17
2.54398563734291e-08 -0.000264049404129617 0.00122832478646133 352987.32025619 222646.785769455 1.33851610255829e-16 4.85532473643464e-17
2.56355475763016e-08 -0.000193747781268419 0.001270062547601 364981.623896865 203568.728031197 1.33851945774279e-16 4.86871036856258e-17
2.58312387791742e-08 -0.000121203955337793 0.00130800090225342 375884.080878351 183846.321777245 1.33852281293568e-16 4.8808785189037e-17
2.60269299820467e-08 -4.66351366388685e-05 0.00134201976494727 385660.181884224 163541.987373102 1.33852616813696e-16 4.89179070726958e-17
2.62226211849192e-08 2.9735054824418e-05 0.00137201145521445 394278.982460466 142719.987159489 1.33852952334663e-16 4.90141242853103e-17
2.64183123877918e-08 0.000107677297092968 0.00139788103843289 401713.200964458 121446.222064817 1.33853287856469e-16 4.90971326183774e-17
2.66140035906643e-08 0.000186957292048785 0.00141954662632916 407939.304921305 99788.0230309725 1.33853623379114e-16 4.91666696691139e-17
2.68096947935368e-08 0.000267336506962739 0.00143693963618983 412937.585514172 77813.9379125421 1.33853958902598e-16 4.92225156710726e-17
2.70053859964094e-08 0.000348572929446846 0.00145000500796095 416692.219972803 55593.5145239514 1.33854294426921e-16 4.92644941898169e-17
2.72010771992819e-08 0.000430421833421662 0.00145870137854853 419191.321662762 33197.0805211529 1.33854629952082e-16 4.92924726814483e-17
2.73967684021544e-08 0.000512636553674495 0.00146300121276813 420426.977716805 10695.5208145449 1.33854965478083e-16 4.93063629122218e-17
2.7592459605027e-08 0.00059496926655697 0.00146289089052909 420395.274089269 -11839.9467823918 1.33855301004922e-16 4.93061212379189e-17
2.77881508078995e-08 0.000677171774351027 0.0014583707499773 419096.307954136 -34337.9969586666 1.33855636532601e-16 4.92917487420942e-17
2.7983842010772e-08 0.000758996290820821 0.00144945508645984 416534.187407502 -56727.4226521479 1.33855972061118e-16 4.92632912327581e-17
2.81795332136446e-08 0.000840196225464232 0.00143617210731474 412717.018475371 -78937.360422235 1.33856307590475e-16 4.92208390975043e-17
2.83752244165171e-08 0.000920526963981808 0.0014185638426287 407656.87946784 -100897.514735522 1.3385664312067e-16 4.91645270175428e-17
2.85709156193896e-08 0.000999746642492922 0.00139668601224523 401369.782760845 -122538.380454581 1.33856978651705e-16 4.90945335415401e-17
2.87666068222621e-08 0.0010776169130487 0.00137060784944402 393875.624126366 -143791.462825672 1.33857314183578e-16 4.90110805206177e-17
2.89622980251347e-08 0.00115390369801887 0.00134041188184941 385198.119771456 -164589.494269117 1.3385764971629e-16 4.8914432406295e-17
2.91579892280072e-08 0.00122837793096476 0.00130619367026137 375364.731285323 -184866.647286166 1.33857985249841e-16 4.88048954135993e-17
2.93536804308797e-08 0.00130081628165365 0.00126806150623542 364406.578731984 -204558.742808508 1.33858320784232e-16 4.86828165519913e-17
2.95493716337523e-08 0.00137100186291965 0.00122613606936861 352358.342163527 -223603.453330964 1.33858656319461e-16 4.85485825271717e-17
2.97450628366248e-08 0.00143872491713384 0.00118055004537615 339258.151865659 -241940.500184449 1.33858991855529e-16 4.84026185172463e-17
2.99407540394973e-08 0.00150378348011097 0.00113144770616737 325147.467682895 -259511.844324789 1.33859327392436e-16 4.82453868271214e-17
3.01364452423699e-08 0.00156598402035134 0.00107898445324999 310070.947805297 -276261.870033554 1.33859662930182e-16 4.80773854253883e-17
3.03321364452424e-08 0.00162514205159456 0.00102332632590774 294076.307432029 -292137.560949443 1.33859998468767e-16 4.78991463683278e-17
3.05278276481149e-08 0.00168108271674648 0.000964649475707923 277214.16775904 -307088.667873075 1.33860334008191e-16 4.77112341160222e-17
3.07235188509875e-08 0.00173364134133087 0.000903139609001993 259537.895768802 -321067.867814053 1.33860669548454e-16 4.7514243745904e-17
3.091921005386e-08 0.00178266395471435 0.000838991399183533 241103.435329162 -334030.913776894 1.33861005089556e-16 4.73087990693957e-17
3.11149012567325e-08 0.00182800777745452 0.000772407870563865 221969.130135853 -345936.774811713 1.33861340631497e-16 4.70955506576005e-17
3.13105924596051e-08 0.00186954167322901 0.00070359975581521 202195.539059033 -356747.765886393 1.33861676174277e-16 4.68751737822933e-17
3.15062836624776e-08 0.00190714656391472 0.000632784829015062 181845.244478285 -366429.66716915 1.33862011717896e-16 4.66483662787279e-17
3.17019748653501e-08 0.00194071580650365 0.000560187216402647 160982.654212661 -374951.832343932 1.33862347262354e-16 4.64158463370253e-17
3.18976660682227e-08 0.00197015553066213 0.000486036687028884 139673.797672667 -382287.28561582 1.33862682807651e-16 4.61783502291323e-17
3.20933572710952e-08 0.00199538493586504 0.000410567925544914 117986.11687936 -388412.807099367 1.33863018353787e-16 4.59366299785451e-17
3.22890484739677e-08 0.00201633654716447 0.000334019789430798 95988.2530119616 -393309.006319578 1.33863353900762e-16 4.56914509801727e-17
3.24847396768402e-08 0.0020329564287831 0.000256634553015232 73749.8291595727 -396960.383592899 1.33863689448576e-16 4.54435895778739e-17
3.26804308797128e-08 0.00204520435485641 0.000178657140678955 51341.2299645738 -399355.379093881 1.33864024997229e-16 4.51938306073345e-17
3.28761220825853e-08 0.0020530539367829 0.000100334351668738 28833.378855133 -400486.409452205 1.33864360546721e-16 4.49429649120608e-17
3.30718132854578e-08 0.0020564927067794 2.19140789754469e-05 6297.51357188692 -400349.891764212 1.33864696097052e-16 4.46917868403528e-17
3.32675044883304e-08 0.00205552215737674 -5.63554752515964e-05 -16195.0393007489 -398946.254942894 1.33865031648222e-16 4.44410917311776e-17
3.34631956912029e-08 0.00205015773673077 -0.000134226585270697 -38573.0900850253 -396279.938370406 1.33865367200231e-16 4.41916733969021e-17
3.36588868940754e-08 0.00204042879976341 -0.000211452785807994 -60765.8113275563 -392359.37785732 1.33865702753078e-16 4.39443216108497e-17
3.3854578096948e-08 0.00202637851528823 -0.000287789652130218 -82702.9619711293 -387196.978953043 1.33866038306765e-16 4.36998196076358e-17
3.40502692998205e-08 0.00200806372941449 -0.000362995573661019 -104315.109671114 -380809.077691817 1.33866373861291e-16 4.34589416041911e-17
3.4245960502693e-08 0.00198555478566178 -0.000436832518692351 -125533.850552831 -373215.888898544 1.33866709416657e-16 4.32224503493211e-17
3.44416517055656e-08 0.00195893530235455 -0.000509066787770542 -146292.02571433 -364441.442217982 1.33867044972861e-16 4.29910947095549e-17
3.46373429084381e-08 0.00192830190800088 -0.000579469753372548 -166523.933789339 -354513.506069776 1.33867380529904e-16 4.27656072989276e-17
3.48330341113106e-08 0.00189376393549308 -0.000647818583531242 -186165.538897601 -343463.499769972 1.33867716087786e-16 4.25467021601944e-17
3.50287253141832e-08 0.00185544307609773 -0.000713896947119419 -205154.673324417 -331326.394097111 1.33868051646507e-16 4.23350725048195e-17
3.52244165170557e-08 0.00181347299433023 -0.000777495698560221 -223431.234287909 -318140.600617607 1.33868387206067e-16 4.21313885188893e-17
3.54201077199282e-08 0.00176799890493281 -0.000838413539796801 -240937.374171189 -303947.850120644 1.33868722766466e-16 4.19362952418972e-17
3.56157989228008e-08 0.00171917711329455 -0.00089645765742602 -257617.683617357 -288793.060547346 1.33869058327705e-16 4.17504105251122e-17
3.58114901256733e-08 0.00166717452076818 -0.000951444332979564 -273419.366907783 -272724.194832183 1.33869393889782e-16 4.15743230759942e-17
3.60071813285458e-08 0.00161216809644898 -0.00100319952442086 -288292.409068595 -255792.109106534 1.33869729452698e-16 4.14085905948451e-17
3.62028725314183e-08 0.00155434431708778 -0.00105155941701728 -302189.734176447 -238050.391744817 1.33870065016453e-16 4.12537380095943e-17
3.63985637342909e-08 0.0014938985769105 -0.00109637094184397 -315067.354362502 -219555.193762594 1.33870400581048e-16 4.11102558143045e-17
3.65942549371634e-08 0.00143103456921216 -0.00113749226027825 -326884.509043012 -200365.051103418 1.33870736146481e-16 4.09785985166581e-17
3.67899461400359e-08 0.00136596364168257 -0.00117479321295095 -337603.79393579 -180540.699376868 1.33871071712754e-16 4.08591831993379e-17
3.69856373429085e-08 0.00129890412750401 -0.00120815573173373 -347191.279454224 -160144.88163412 1.33871407279865e-16 4.07523881998542e-17
3.7181328545781e-08 0.00123008065433798 -0.00123747421345829 -355616.618104066 -139242.149789423 1.33871742847816e-16 4.06585519129995e-17
3.73770197486535e-08 0.00115972343338798 -0.00126265585418455 -362853.140543075 -117898.660315982 1.33872078416605e-16 4.05779717197195e-17
3.75727109515261e-08 0.0010880675307885 -0.00128362094295981 -368877.93999944 -96181.964862843 1.33872413986234e-16 4.0510903045791e-17
3.77684021543986e-08 0.00101535212362613 -0.00130030311413887 -373671.94478177 -74160.7964555003 1.33872749556702e-16 4.04575585532874e-17
3.79640933572711e-08 0.000941819742947552 -0.00131264955746656 -377219.978651129 -51904.8519568646 1.33873085128009e-16 4.04181074673904e-17
3.81597845601437e-08 0.000867715506150306 -0.00132062118525765 -379510.808864009 -29484.5714771215 1.33873420700155e-16 4.03926750406786e-17
3.83554757630162e-08 0.000793286341185688 -0.0013241927561447 -380537.181734134 -6970.91543063832 1.33873756273139e-16 4.03813421565898e-17
3.85511669658887e-08 0.000718780205029302 -0.00132335295500242 -380295.84560054 15564.8600544644 1.33874091846964e-16 4.03841450733114e-17
3.87468581687613e-08 0.000644445298892754 -0.00131810442879512 -378787.561129179 38051.4286632456 1.33874427421627e-16 4.04010753089111e-17
3.89425493716338e-08 0.00057052928266037 -0.00130846377823395 -376017.09891542 60417.6196435827 1.33874762997129e-16 4.043207966807e-17
3.91382405745063e-08 0.000497278491037264 -0.00129446150527002 -371993.224395008 82592.6430640156 1.3387509857347e-16 4.0477060410336e-17
3.93339317773789e-08 0.000424937153889682 -0.00127614191658966 -366728.670111197 104506.313866844 1.3387543415065e-16 4.05358755593635e-17
3.95296229802514e-08 0.000353746623245261 -0.00125356298341699 -360240.095425812 126089.274007345 1.33875769728669e-16 4.06083393521617e-17
3.97253141831239e-08 0.000283944609399808 -0.00122679615806752 -352548.033801708 147273.211976022 1.33876105307528e-16 4.06942228269311e-17
3.99210053859964e-08 0.000215764428548347 -0.00119592614783325 -343676.827823466 167991.079009095 1.33876440887225e-16 4.0793254547625e-17
4.0116696588869e-08 0.00014943426432174 -0.0011610506469148 -333654.552161946 188177.301302898 1.33876776467762e-16 4.09051214629469e-17
4.03123877917415e-08 8.51764455661708e-05 -0.00112228002724903 -322512.924726485 207767.987560525 1.33877112049138e-16 4.10294698970624e-17
4.0508078994614e-08 2.3206742651389e-05 -0.00107973698921032 -310287.206285922 226701.131213803 1.33877447631352e-16 4.11659066688919e-17
4.07037701974866e-08 -3.62663154650471e-05 -0.00103355617329131 -297016.088876121 244916.806680562 1.33877783214406e-16 4.13140003364408e-17
4.08994614003591e-08 -9.30421012559568e-05 -0.000983883733991709 -282741.573347157 262357.359036004 1.33878118798299e-16 4.147328256223e-17
4.10951526032316e-08 -0.000146928523636122 -0.000930876877263978 -267508.836437704 278967.586497862 1.33878454383031e-16 4.16432495955057e-17
4.12908438061042e-08 -0.00019774263595738 -0.000874703362979622 -251366.087797313 294694.915147743 1.33878789968602e-16 4.18233638665356e-17
4.14865350089767e-08 -0.000245311215062831 -0.00081554097399083 -234364.417409083 309489.565335642 1.33879125555013e-16 4.2013055687948e-17
4.16822262118492e-08 -0.000289471309567367 -0.000753576953467752 -216557.633895618 323304.709240942 1.33879461142262e-16 4.22117250577286e-17
4.18779174147218e-08 -0.000330070755629126 -0.000689007412292195 -198002.094219997 336096.619091175 1.3387979673035e-16 4.24187435581677e-17
4.20736086175943e-08 -0.000366968658579348 -0.000622036708383276 -178756.525320762 347824.805569417 1.33880132319278e-16 4.26334563447492e-17
4.22692998204668e-08 -0.00040003583888619 -0.000552876799919421 -158881.838245408 358452.145972228 1.33880467909044e-16 4.28551842186864e-17
4.24649910233394e-08 -0.000429155241040906 -0.000481746574503705 -138440.935370652 367945.001712476 1.3388080349965e-16 4.30832257765437e-17
4.26606822262119e-08 -0.000454222304072176 -0.000408871156395689 -117498.511319594 376273.32479514 1.33881139091095e-16 4.3316859630144e-17
4.28563734290844e-08 -0.000475145292515799 -0.000334481194002334 -96120.8482058847 383410.752929043 1.33881474683379e-16 4.35553466897319e-17
4.3052064631957e-08 -0.000491845586792109 -0.000258812129883042 -74375.605852914 389334.692973469 1.33881810276502e-16 4.37979325031701e-17
4.32477558348295e-08 -0.000504257932071981 -0.000182103455579253 -52331.6076519936 394026.392455519 1.33882145870464e-16 4.40438496437633e-17
4.3443447037702e-08 -0.000512330644843632 -0.000104597953627025 -30058.6227372755 397470.998931829 1.33882481465266e-16 4.42923201391527e-17
4.36391382405746e-08 -0.000516025776526345 -2.65409291516381e-05 -7627.14516682244 399657.607006722 1.33882817060906e-16 4.45425579335951e-17
4.38348294434471e-08 -0.000515319233613144 5.18205665238021e-05 14891.829191277 400579.292857969 1.33883152657386e-16 4.47937713758307e-17
4.40305206463196e-08 -0.000510200853962074 0.000130238517798456 37427.0273615956 400233.136160833 1.33883488254704e-16 4.50451657246681e-17
4.42262118491921e-08 -0.000500674438994504 0.000208464729767769 59907.1248416686 398620.229340997 1.33883823852862e-16 4.52959456643551e-17
4.44219030520647e-08 -0.000486757741698434 0.000286251613766956 82260.9713459431 395745.674127034 1.33884159451859e-16 4.55453178217745e-17
4.46175942549372e-08 -0.000468482410474666 0.000363352970997681 104417.815998891 391618.565413318 1.33884495051695e-16 4.57924932774966e-17
4.48132854578097e-08 -0.000445893889003462 0.000439524771757729 126307.53126454 386251.962484408 1.3388483065237e-16 4.60366900627439e-17
4.50089766606823e-08 -0.000419051272448497 0.000514525927807377 147860.834903679 379662.847691956 1.33885166253884e-16 4.62771356343608e-17
4.52046678635548e-08 -0.000388027120453116 0.000588119055427882 169009.509256227 371872.072714887 1.33885501856238e-16 4.65130693199591e-17
4.54003590664273e-08 -0.000352907227520672 0.000660071226756969 189686.617154732 362904.29257292 1.33885837459431e-16 4.67437447254969e-17
4.55960502692999e-08 -0.000313790351505572 0.000730154707023274 209826.713785607 352787.887602237 1.33886173063462e-16 4.69684320976728e-17
4.57917414721724e-08 -0.000270787901074271 0.000798147675346358 229366.053827562 341554.873640229 1.33886508668333e-16 4.71864206336576e-17
4.59874326750449e-08 -0.000224023583125313 0.000863834926820891 248242.793211604 329240.800703548 1.33886844274043e-16 4.73970207308526e-17
4.61831238779175e-08 -0.000173633011284222 0.000927008553662837 266397.184864031 315884.640480133 1.33887179880592e-16 4.75995661695546e-17
4.637881508079e-08 -0.0001197632767123 0.000987468603261747 283771.767812861 301528.662991261 1.33887515487981e-16 4.77934162216188e-17
4.65745062836625e-08 -6.25724825876091e-05 0.00104502371105635 300311.549059157 286218.302813981 1.33887851096208e-16 4.7977957678445e-17
4.67701974865351e-08 -2.22924373145983e-06 0.00109949170623032 315964.177637608 270002.01528729 1.33888186705275e-16 4.81526067918694e-17
4.69658886894076e-08 6.10878470360163e-05 0.00115070018831103 330680.110315424 252931.123157169 1.33888522315181e-16 4.83168111218174e-17
4.71615798922801e-08 0.000127190784122269 0.00119848707284644 344412.7684051 235059.654145795 1.33888857925926e-16 4.8470051284871e-17
4.73572710951527e-08 0.000195882744181842 0.00124270110443276 357118.685194698 216444.169959032 1.3388919353751e-16 4.86118425982142e-17
4.75529622980252e-08 0.000266958709045807 0.00128320233546918 368757.643529007 197143.587273357 1.33889529149933e-16 4.87417366137551e-17
4.77486535008977e-08 0.000340206114589614 0.00131986256912429 379292.80310611 177218.991268794 1.33889864763195e-16 4.8859322537567e-17
4.79443447037702e-08 0.000415405523485716 0.00135256576511206 388690.817086428 156733.442298003 1.33890200377297e-16 4.89642285301574e-17
4.81400359066428e-08 0.000492331319711768 0.00138120840699306 396921.937645154 135751.776303407 1.33890535992238e-16 4.90561228834478e-17
4.83357271095153e-08 0.000570752422616306 0.00140569982983826 403960.110133958 114340.399614037 1.33890871608018e-16 4.91347150707396e-17
4.85314183123878e-08 0.000650433018281911 0.00142596250721821 409783.055553931 92567.078771531 1.33891207224637e-16 4.91997566663423e-17
4.87271095152604e-08 0.000731133305871135 0.00144193229660927 414372.341078685 70500.7260505087 1.33891542842095e-16 4.92510421319531e-17
4.89228007181329e-08 0.000812610256592995 0.00145355864243996 417713.438404394 48211.1813521259 1.33891878460392e-16 4.92884094672988e-17
4.91184919210054e-08 0.000894618382887942 0.00146080473613479 419795.769742048 25768.991161121 1.33892214079529e-16 4.931174072298e-17
4.9314183123878e-08 0.000976910515396815 0.00146364763264881 420612.741306335 3245.18526595127 1.33892549699505e-16 4.93209623738948e-17
4.95098743267505e-08 0.00105923858525469 0.00146207832312396 420161.764195123 -19288.9480512988 1.3389288532032e-16 4.93160455520584e-17
4.9705565529623e-08 0.00114135440923364 0.00145610176343726 418444.262593419 -41762.0876437112 1.33893220941974e-16 4.92970061380831e-17
4.99012567324956e-08 0.00122301047524943 0.00144573685855019 415465.669275819 -64103.1052329106 1.33893556564467e-16 4.92639047110274e-17
5.00969479353681e-08 0.00130396072574597 0.00143101640270887 411235.408421647 -86241.2905325698 1.338938921878e-16 4.92168463567737e-17
5.02926391382406e-08 0.0013839613364781 0.00141198697568403 405766.865797134 -108106.575049522 1.33894227811972e-16 4.91559803355392e-17
5.04883303411132e-08 0.0014627714882279 0.0013887087953792 399077.346398998 -129629.75385414 1.33894563436983e-16 4.9081499609574e-17
5.06840215439857e-08 0.00154015412901181 0.00136125552727342 391188.019693436 -150742.704618063 1.33894899062833e-16 4.89936402325392e-17
5.08797127468582e-08 0.00161587672436634 0.00132971405130156 382123.852623823 -171378.603226013 1.33895234689522e-16 4.88926806024981e-17
5.10754039497308e-08 0.0016897119933376 0.00129418418690985 371913.530599121 -191472.135279265 1.33895570317051e-16 4.87789405808842e-17
5.12710951526033e-08 0.00176143862784503 0.0012547783771569 360589.366713042 -210959.702821349 1.33895905945418e-16 4.86527804802344e-17
5.14667863554758e-08 0.0018308419931428 0.00121162133285972 348187.199481259 -229779.625631685 1.33896241574625e-16 4.85145999238908e-17
5.16624775583483e-08 0.00189771480716148 0.0011648496379112 334746.279420301 -247872.336450031 1.33896577204672e-16 4.83648365812798e-17
5.18581687612209e-08 0.00196185779658013 0.00111461131701779 320309.144827079 -265180.569513834 1.33896912835557e-16 4.82039647827708e-17
5.20538599640934e-08 0.00202308032755206 0.0010610653672258 304921.487152191 -281649.541811759 1.33897248467281e-16 4.80324940184988e-17
5.22495511669659e-08 0.00208120100908789 0.0010043812547186 288632.006393065 -297227.126479678 1.33897584099845e-16 4.7850967325902e-17
5.24452423698385e-08 0.00213604826718643 0.000944738378477507 271492.256964605 -311864.017790324 1.33897919733248e-16 4.76599595710761e-17
5.2640933572711e-08 0.00218746088789569 0.000882325502503789 253556.484535137 -325513.887214371 1.3389825536749e-16 4.74600756293866e-17
5.28366247755835e-08 0.00223528852758563 0.000817340158398606 234881.454344059 -338133.530058992 1.33898591002572e-16 4.72519484710964e-17
5.30323159784561e-08 0.00227939218881714 0.000749988020191817 215526.27154454 -349683.00221975 1.33898926638493e-16 4.70362371580668e-17
5.32280071813286e-08 0.0023196446603013 0.000680482253398183 195552.194139884 -360125.746612982 1.33899262275252e-16 4.68136247578733e-17
5.34236983842011e-08 0.00235593091955614 0.00060904284036118 175022.439105586 -369428.708888469 1.33899597912851e-16 4.65848161819372e-17
5.36193895870737e-08 0.00238814849698662 0.000535895884019675 154001.982310712 -377562.44205616 1.3389993355129e-16 4.63505359545159e-17
5.38150807899462e-08 0.00241620780023513 0.000461272892300997 132557.352871814 -384501.199695749 1.33900269190567e-16 4.61115259196118e-17
5.40107719928187e-08 0.0024400323977761 0.000385410045405278 110756.422590279 -390223.01745408 1.33900604830684e-16 4.5868542893058e-17
5.42064631956913e-08 0.0024595592608568 0.000308547448300088 88668.1911394951 -394709.782572408 1.3390094047164e-16 4.56223562672129e-17
5.44021543985638e-08 0.00247473896301871 0.000230928370791193 66362.5676817495 -397947.291223426 1.33901276113435e-16 4.53737455758418e-17
5.45978456014363e-08 0.00248553583656766 0.000152798477574624 43910.1496060134 -399925.293476553 1.3390161175607e-16 4.51234980268968e-17
5.47935368043089e-08 0.00249192808549745 7.44050507069078e-05 21381.9990869195 -400637.525749148 1.33901947399544e-16 4.48724060109997e-17
5.49892280071814e-08 0.0024939078545096 -4.0037930456237e-06 -1150.58182787886 -400081.730640887 1.33902283043857e-16 4.46212645935168e-17
5.51849192100539e-08 0.00249148125391036 -8.21798875013705e-05 -23616.2768901168 -398259.664088522 1.33902618689009e-16 4.43708689981602e-17
5.53806104129265e-08 0.0024846683403064 -0.000159875802516361 -45943.9813688359 -395177.089818326 1.33902954335e-16 4.41220120900833e-17
5.5576301615799e-08 0.00247350305315994 -0.000236845627109537 -68063.0270994086 -390843.761113752 1.33903289981831e-16 4.38754818664338e-17
5.57719928186715e-08 0.00245803310740408 -0.000312845747781795 -89903.4061513801 -385273.389955993 1.33903625629501e-16 4.36320589623083e-17
5.5967684021544e-08 0.00243831984245813 -0.000387635619565389 -111395.992407211 -378483.603635071 1.3390396127801e-16 4.33925141800014e-17
5.61633752244166e-08 0.00241443802812068 -0.00046097852736326 -132472.760350607 -370495.888968747 1.33904296927359e-16 4.315760604937e-17
5.63590664272891e-08 0.00238647562795464 -0.000532642335168631 -153067.000371969 -361335.524305789 1.33904632577546e-16 4.29280784270344e-17
5.65547576301616e-08 0.00235453352091304 -0.000602400220793517 -173113.52990949 -351031.499528752 1.33904968228573e-16 4.27046581420137e-17
5.67504488330342e-08 0.00231872518208658 -0.000670031393780686 -192548.899757638 -339616.424309465 1.33905303880439e-16 4.2488052695249e-17
5.69461400359067e-08 0.00227917632358324 -0.000735321794226818 -211311.594890029 -327126.424907535 1.33905639533145e-16 4.22789480202946e-17
5.71418312387792e-08 0.00223602449667647 -0.000798064770305014 -229342.229161072 -313601.029838504 1.3390597518669e-16 4.20780063122645e-17
5.73375224416518e-08 0.00218941865648111 -0.000858061732342226 -246583.733270127 -299083.044773481 1.33906310841074e-16 4.18858639319072e-17
5.75332136445243e-08 0.00213951869053472 -0.000915122781381382 -262981.535393265 -283618.41706617 1.33906646496297e-16 4.17031293914405e-17
5.77289048473968e-08 0.00208649491277631 -0.000969067310238713 -278483.733910882 -267256.090336043 1.3390698215236e-16 4.15303814285243e-17
5.79245960502694e-08 0.00203052752452397 -0.00101972457515386 -293041.261684476 -250047.849567884 1.33907317809261e-16 4.13681671744641e-17
5.81202872531419e-08 0.00197180604415729 -0.00106693423622339 -306608.041362629 -232048.157217947 1.33907653467003e-16 4.12170004224466e-17
5.83159784560144e-08 0.00191052870730956 -0.00111054686490716 -319141.131224606 -213313.980845424 1.33907989125583e-16 4.10773600012858e-17
5.8511669658887e-08 0.00184690183946822 -0.0011504244170012 -330600.861099962 -193904.612814769 1.33908324785003e-16 4.09496882598289e-17
5.87073608617595e-08 0.00178113920296898 -0.00118644066957998 -340950.957933944 -173881.482639485 1.33908660445262e-16 4.08343896668184e-17
5.8903052064632e-08 0.00171346132045059 -0.00121848162052514 -350158.660601229 -153307.962561317 1.3390899610636e-16 4.07318295306425e-17
5.90987432675046e-08 0.0016440947769113 -0.00124644584937598 -358194.823604602 -132249.166980158 1.33909331768297e-16 4.06423328430254e-17
5.92944344703771e-08 0.00157327150257608 -0.00127024483835955 -365034.009330325 -110771.74636948 1.33909667431074e-16 4.05661832503187e-17
5.94901256732496e-08 0.0015012280388442 -0.00128980325258422 -370654.568568177 -88943.6763295286 1.3391000309469e-16 4.05036221556492e-17
5.96858168761221e-08 0.0014282047896405 -0.00130505917850968 -375038.709041292 -66834.0424459322 1.33910338759146e-16 4.04548479547655e-17
5.98815080789947e-08 0.00135444526053983 -0.00131596431993863 -378172.551728867 -44512.8216346314 1.3391067442444e-16 4.04200154080021e-17
6.00771992818672e-08 0.0012801952880727 -0.00132248415090965 -380046.17480344 -22050.6606651798 1.33911010090574e-16 4.03992351503499e-17
6.02728904847397e-08 0.00120570226165151 -0.00132459802500731 -380653.645043654 481.347436615531 1.33911345757548e-16 4.03925733411825e-17
6.04685816876123e-08 0.00113121434057991 -0.00132229924074334 -379993.03662304 23011.8883990269 1.3391168142536e-16 4.04000514547488e-17
6.06642728904848e-08 0.00105697966862347 -0.00131559506280192 -378066.437215337 45469.6524155504 1.33912017094012e-16 4.04216462120949e-17
6.08599640933573e-08 0.000983245588627566 -0.00130450669908164 -374879.941396976 67783.5598424828 1.33912352763503e-16 4.04572896546306e-17
6.10556552962299e-08 0.000910257859668232 -0.00128906923360679 -370443.631367596 89882.9861685905 1.33912688433834e-16 4.05068693591083e-17
6.12513464991024e-08 0.000838259879213752 -0.00126933151552012 -364771.545049563 111697.985544834 1.33913024105004e-16 4.05702287933352e-17
6.14470377019749e-08 0.000767491912758836 -0.00124535600450829 -357881.631667438 133159.512166664 1.33913359777013e-16 4.06471678114912e-17
6.16427289048475e-08 0.000698190333369663 -0.00121721857314929 -349795.694947949 154199.638808213 1.33913695449861e-16 4.07374432874875e-17
6.183842010772e-08 0.00063058687354668 -0.00118500826680705 -340539.324120218 174751.771816684 1.33914031123549e-16 4.08407698843598e-17
6.20341113105925e-08 0.000564907891773038 -0.00114882702183328 -330141.812934584 194750.8618865 1.33914366798076e-16 4.09568209572628e-17
6.22298025134651e-08 0.000501373656070126 -0.00110878934296828 -318636.066956317 214133.609946057 1.33914702473442e-16 4.10852295872066e-17
6.24254937163376e-08 0.000440197646827784 -0.00106502194096158 -306058.499427594 232838.667505473 1.33915038149648e-16 4.12255897422654e-17
6.26211849192101e-08 0.000381585881115831 -0.00101766333155933 -292448.916027327 250806.83083117 1.33915373826693e-16 4.13774575625823e-17
6.28168761220826e-08 0.000325736260615521 -0.00096686339712756 -277850.388893539 267981.228332744 1.33915709504577e-16 4.15403527651036e-17
6.30125673249552e-08 0.000272837945234797 -0.000912782912298649 -262309.120306989 284307.500568995 1.33916045183301e-16 4.17137601635972e-17
6.32082585278277e-08 0.000223070754389949 -0.000855593035142261 -245874.296467464 299733.972303384 1.33916380862864e-16 4.18971312991448e-17
6.34039497307002e-08 0.000176604597848694 -0.000795474765471163 -228597.931825523 314211.816064339 1.33916716543266e-16 4.20898861759464e-17
6.35996409335728e-08 0.000133598937936148 -0.000732618371996277 -210534.704462353 327695.206692713 1.33917052224508e-16 4.22914150969445e-17
6.37953321364453e-08 9.4202284805914e-05 -0.000667222790143971 -191741.783038743 340141.466387221 1.33917387906589e-16 4.2501080593459e-17
6.39910233393178e-08 5.85517263738331e-05 -0.000599494992441452 -172278.645860881 351511.199788762 1.33917723589509e-16 4.27182194427238e-17
6.41867145421904e-08 2.67724944022769e-05 -0.000529649333462926 -152206.892635592 361768.418676065 1.33918059273269e-16 4.29421447669411e-17
6.43824057450629e-08 -1.02243189158903e-06 -0.000457906871409732 -131590.049510823 370880.655877944 1.33918394957868e-16 4.31721482072107e-17
6.45780969479354e-08 -2.47326834488758e-05 -0.000384494668471615 -110493.368018395 378819.068041629 1.33918730643307e-16 4.34075021654518e-17
6.4773788150808e-08 -4.42708190714272e-05 -0.000309645072183445 -88983.6185553602 385558.526931854 1.33919066329584e-16 4.36474621072235e-17
6.49694793536805e-08 -5.95626022080234e-05 -0.000233594980051881 -67128.8790575976 391077.698971726 1.33919402016701e-16 4.38912689181555e-17
6.5165170556553e-08 -7.05472359481927e-05 -0.000156585089779401 -44998.3195344777 395359.112773594 1.33919737704658e-16 4.41381513065302e-17
6.53608617594256e-08 -7.71775554797674e-05 -7.88591374587325e-05 -22661.9831465473 398389.214446141 1.33920073393454e-16 4.43873282444118e-17
6.55565529622981e-08 -7.94201774009403e-05 -6.63126148784998e-07 -190.564519117361 400158.410502631 1.33920409083089e-16 4.46380114395984e-17
6.57522441651706e-08 -7.72556054141405e-05 7.77554527263597e-05 22344.8140066073 400661.098234473 1.33920744773563e-16 4.48894078305707e-17
6.59479353680432e-08 -7.0678292067092e-05 0.00015614840269112 44872.8274766909 399895.683453928 1.33921080464877e-16 4.51407220965424e-17
6.61436265709157e-08 -5.96966563455364e-05 0.000234267607765556 67322.1740694676 397864.585549786 1.3392141615703e-16 4.53911591746674e-17
6.63393177737882e-08 -4.43330570618245e-05 0.0003118658177597 89621.8007678924 394574.22983996 1.33921751850023e-16 4.56399267764368e-17
6.65350089766607e-08 -2.46237221234952e-05 0.000388697430829608 111701.128244983 390035.027245196 1.33922087543855e-16 4.5886237895302e-17
6.67307001795333e-08 -6.18633905595523e-07 0.000464519270818295 133490.274250581 384261.341348172 1.33922423238526e-16 4.61293132975855e-17
6.69263913824058e-08 2.76186289105657e-05 0.000539091356921259 154920.274792402 377271.44294224 1.33922758934037e-16 4.63683839887974e-17
6.71220825852783e-08 6.00110925317561e-05 0.000612177663240538 175923.302411333 369087.45221361 1.33923094630387e-16 4.66026936475502e-17
6.73177737881509e-08 9.64686316435711e-05 0.000683546865823274 196432.880860106 359735.268739957 1.33923430327576e-16 4.68315010193695e-17
6.75134649910234e-08 0.000136888254626733 0.000752973074820366 216384.095505893 349244.489526976 1.33923766025605e-16 4.70540822628227e-17
6.77091561938959e-08 0.000181154429496324 0.000820236549447847 235713.798790865 337648.315342256 1.33924101724473e-16 4.72697332405417e-17
6.79048473967685e-08 0.000229139449532447 0.000885124393488092 254360.810100434 324983.44564292 1.33924437424181e-16 4.74777717478868e-17
6.8100538599641e-08 0.000280703837445184 0.000947431229129516 272266.109406548 311289.962429551 1.33924773124728e-16 4.76775396721985e-17
6.82962298025135e-08 0.000335696786794757 0.00100695984701198 289373.024073167 296611.20339397 1.33925108826114e-16 4.78684050758032e-17
6.84919210053861e-08 0.000393956639269866 0.00106352183042046 305627.408232632 280993.62476236 1.3392544452834e-16 4.80497641961792e-17
6.86876122082586e-08 0.000455311396313711 0.00111693815165129 320977.814165197 264486.654267776 1.33925780231405e-16 4.82210433569529e-17
6.88833034111311e-08 0.000519579263478457 0.00116703973866339 335375.655139271 247142.534717404 1.33926115935309e-16 4.8381700783676e-17
6.90789946140037e-08 0.000586569225785343 0.00121366801022101 348775.359196958 229016.158649621 1.33926451640053e-16 4.85312283186366e-17
6.92746858168762e-08 0.000656081652269461 0.00125667537783407 361134.513398137 210164.894604182 1.33926787345636e-16 4.86691530292769e-17
6.94703770197487e-08 0.000727908927795896 0.00129592571290739 372413.998066523 190648.405555347 1.33927123052059e-16 4.87950387051267e-17
6.96660682226213e-08 0.000801836110147568 0.00133129477762026 382578.110612791 170528.460082609 1.33927458759321e-16 4.89084872385134e-17
6.98617594254938e-08 0.000877641610305141 0.00136267061817238 391594.67854283 149868.736876652 1.33927794467422e-16 4.90091398846791e-17
7.00574506283663e-08 0.000955097893765949 0.00138995391915154 399435.161293424 128734.623199252 1.33928130176363e-16 4.9096678397317e-17
7.02531418312388e-08 0.0010339722006823 0.00141305831790134 406074.740573033 107193.007935016 1.33928465886144e-16 4.91708260359309e-17
7.04488330341114e-08 0.00111402728253997 0.0014319106778938 411492.398921698 85312.0698899074 1.33928801596763e-16 4.92313484418307e-17
7.06445242369839e-08 0.00119502215304521 0.00144645132024168 415670.9862414 63161.0620066139 1.33929137308222e-16 4.92780543799899e-17
7.08402154398564e-08 0.00127671285084396 0.00145663421261747 418597.27408628 40810.0921797017 1.33929473020521e-16 4.93107963444184e-17
7.1035906642729e-08 0.00135885321165897 0.00146242711498112 420261.99754085 18329.9013642718 1.33929808733659e-16 4.93294710251317e-17
7.12315978456015e-08 0.00144119564740125 0.00146381168165522 420659.884553627 -4208.36031959081 1.33930144447636e-16 4.93340196352413e-17
7.1427289048474e-08 0.00152349192978984 0.00146078351942428 419789.672633309 -26733.3587779482 1.33930480162453e-16 4.93244280971274e-17
7.16229802513466e-08 0.00160549397599982 0.00145335220147431 417654.112854621 -49173.8017169844 1.33930815878109e-16 4.93007270871073e-17
7.18186714542191e-08 0.0016869546338518 0.0014415412371283 414259.961161118 -71458.664285248 1.33931151594605e-16 4.92629919384555e-17
7.20143626570916e-08 0.00176762846405797 0.00142538799747342 409617.956992451 -93517.4138699948 1.3393148731194e-16 4.92113424030837e-17
7.22100538599642e-08 0.00184727251704873 0.00140494359711512 403742.78930369 -115280.233336144 1.33931823030114e-16 4.91459422726337e-17
7.24057450628367e-08 0.00192564710192113 0.00138027273243229 396653.050084243 -136678.242001284 1.33932158749128e-16 4.9066998860182e-17
7.26014362657092e-08 0.00200251654507562 0.00135145347684538 388371.175523436 -157643.713647335 1.33932494468981e-16 4.89747623441971e-17
7.27971274685818e-08 0.00207764993613972 0.00131857703374521 378923.375008952 -178110.290878839 1.33932830189674e-16 4.88695249768245e-17
7.29928186714543e-08 0.00215082185881778 0.00128174744786452 368339.548182804 -198013.195149427 1.33933165911206e-16 4.87516201590058e-17
7.31885098743268e-08 0.00222181310435378 0.00124108127600549 356653.19031735 -217289.431791708 1.33933501633578e-16 4.86214213853579e-17
7.33842010771994e-08 0.00229041136534874 0.00119670721816548 343901.286310786 -235877.989401645 1.33933837356789e-16 4.84793410621524e-17
7.35798922800719e-08 0.00235641190773693 0.00114876571022822 330124.193637627 -253720.032946338 1.33934173080839e-16 4.83258292021351e-17
7.37755834829444e-08 0.00241961821879399 0.00109740847950957 315365.514624578 -270759.089984023 1.33934508805729e-16 4.81613720003169e-17
7.3971274685817e-08 0.00247984262912581 0.00104279806456452 299671.958456045 -286941.229406861 1.33934844531459e-16 4.79864902952434e-17
7.41669658886895e-08 0.00253690690666963 0.000985107300775048 283093.193346008 -302215.232140783 1.33935180258027e-16 4.78017379206127e-17
7.4362657091562e-08 0.00259064282082716 0.00092451877334698 265681.68934411 -316532.753262094 1.33935515985436e-16 4.76076999524583e-17
7.45583482944345e-08 0.00264089267494425 0.000861224239446995 247492.552273462 -329848.475017724 1.33935851713683e-16 4.74049908574451e-17
7.47540394973071e-08 0.00268750980545159 0.000795424021308672 228583.349325736 -342120.250264768 1.33936187442771e-16 4.71942525481384e-17
7.49497307001796e-08 0.0027303590460867 0.000727326372228342 209013.926865523 -353309.235875324 1.33936523172697e-16 4.69761523514009e-17
7.51454219030521e-08 0.0027693171557277 0.000657146817457317 188846.221020587 -363380.015684356 1.33936858903463e-16 4.6751380896348e-17
7.53411131059247e-08 0.00280427320848481 0.000585107472076517 168144.061657478 -372300.712591435 1.33937194635069e-16 4.65206499285449e-17
7.55368043087972e-08 0.00283512894481474 0.000511436338012406 146972.970362933 -380043.089461513 1.33937530367514e-16 4.62846900573649e-17
7.57324955116697e-08 0.00286179908254661 0.000436366582419126 125399.953070415 -386582.638505364 1.33937866100798e-16 4.60442484436366e-17
7.59281867145423e-08 0.00288421158683487 0.000360135799710742 103493.287988141 -391898.658856756 1.33938201834922e-16 4.58000864349005e-17
7.61238779174148e-08 0.00290230789818478 0.000282985259579236 81322.3094997936 -395974.322100803 1.33938537569886e-16 4.55529771557576e-17
7.63195691202873e-08 0.00291604311782856 0.000205159143378254 58957.1887218647 -398796.725546056 1.33938873305689e-16 4.53037030609375e-17
7.65152603231599e-08 0.00292538614986546 0.000126903771289467 36468.7114121693 -400356.933071705 1.33939209042331e-16 4.50530534588303e-17
7.67109515260324e-08 0.00293031979971562 4.84668227175326e-05 13928.0539324456 -400650.003420575 1.33939544779813e-16 4.48018220133203e-17
7.69066427289049e-08 0.00293084082857619 -2.99034476188599e-05 -8593.44202587699 -399675.005848335 1.33939880518134e-16 4.45508042318282e-17
7.71023339317775e-08 0.00292695996370717 -0.0001079589954188 -31024.495239747 -397435.023079353 1.33940216257295e-16 4.43007949475116e-17
7.729802513465e-08 0.00291870186451417 -0.000185452771866943 -53294.1105617396 -393937.141559827 1.33940551997295e-16 4.40525858035946e-17
7.74937163375225e-08 0.0029061050445356 -0.000262139505552531 -75331.8036224324 -389192.429038989 1.33940887738135e-16 4.38069627477858e-17
7.76894075403951e-08 0.00288922174958082 -0.000337776478764822 -97067.8239167165 -383215.899549319 1.33941223479814e-16 4.35647035447174e-17
7.78850987432676e-08 0.002868117792405 -0.000412124295707931 -118433.375567963 -376026.465896573 1.33941559222333e-16 4.33265753142778e-17
7.80807899461401e-08 0.00284287234444385 -0.000484947640203644 -139360.835071317 -367646.879809964 1.33941894965691e-16 4.30933321036285e-17
7.82764811490126e-08 0.00281357768526712 -0.000556016020484005 -159783.965326942 -358103.65994189 1.33942230709889e-16 4.28657125005906e-17
7.84721723518852e-08 0.00278033891054395 -0.000625104498716388 -179638.125285794 -347427.007945063 1.33942566454926e-16 4.26444372959552e-17
7.86678635547577e-08 0.00274327359944412 -0.000691994402952016 -198860.474544372 -335650.712892631 1.33942902200803e-16 4.24302072021148e-17
7.88635547576302e-08 0.00270251144252785 -0.000756474019244562 -217390.172240878 -322812.044343769 1.33943237947519e-16 4.2223700635239e-17
7.90592459605028e-08 0.00265819383130177 -0.000818339261748215 -235168.56962328 -308951.634393164 1.33943573695075e-16 4.20255715680122e-17
7.92549371633753e-08 0.00261047341074005 -0.000877394318674249 -252139.395679759 -294113.349077696 1.3394390944347e-16 4.18364474597301e-17
7.94506283662478e-08 0.00255951359618682 -0.000933452272061601 -268248.935244009 -278344.14954726 1.33944245192704e-16 4.16569272703073e-17
7.96463195691204e-08 0.00250548805616894 -0.000986335689399762 -283446.199011653 -261693.943439136 1.33944580942779e-16 4.14875795644803e-17
7.98420107719929e-08 0.00244858016275577 -0.00103587718523144 -297683.084929658 -244215.426926264 1.33944916693692e-16 4.13289407122085e-17
8.00377019748654e-08 0.00238898241120564 -0.00108191995095742 -310914.530447922 -225963.917939333 1.33945252445445e-16 4.11815131909672e-17
8.0233393177738e-08 0.00232689581073567 -0.00112431825116667 -323098.655151125 -206997.181090506 1.33945588198038e-16 4.10457639953076e-17
8.04290843806105e-08 0.00226252924834322 -0.00116293788492076 -334196.893319392 -187375.244852904 1.3394592395147e-16 4.09221231587167e-17
8.0624775583483e-08 0.00219609882769223 -0.0011976566105325 -344174.115998178 -167160.211574442 1.33946259705742e-16 4.08109823924571e-17
8.08204667863556e-08 0.0021278271851571 -0.00122836453249423 -352998.742191006 -146416.060927311 1.33946595460853e-16 4.07126938456933e-17
8.10161579892281e-08 0.00205794278518851 -0.00125496444933111 -360642.838823086 -125208.447415199 1.33946931216804e-16 4.06275689908315e-17
8.12118491921006e-08 0.00198667919723152 -0.00127737216127832 -367082.209159415 -103604.492579099 1.33947266973595e-16 4.0555877637598e-17
8.14075403949732e-08 0.00191427435648443 -0.00129551673680817 -372296.469397473 -81672.5725593993 1.33947602731224e-16 4.04978470789801e-17
8.16032315978457e-08 0.001840969810838 -0.00130934073716361 -376269.113192072 -59482.1016865853 1.33947938489694e-16 4.04536613717309e-17
8.17989228007182e-08 0.00176700995637853 -0.00131880039818726 -378987.5639081 -37103.3127855092 1.33948274249003e-16 4.04234607537163e-17
8.19946140035907e-08 0.00169264126387447 -0.00132386576887041 -380443.214435759 -14607.0348885471 1.33948610009151e-16 4.04073411999487e-17
8.21903052064633e-08 0.00161811149869454 -0.00132452080618333 -380631.454442235 7935.53093881096 1.33948945770139e-16 4.04053541187125e-17
8.23859964093358e-08 0.0015436689366266 -0.00132076342588674 -379551.684973526 30453.0369504283 1.33949281531967e-16 4.04175061887441e-17
8.25816876122083e-08 0.00146956157807895 -0.00131260550916331 -377207.320360181 52874.2145368001 1.33949617294634e-16 4.04437593379816e-17
8.27773788150809e-08 0.00139603636315134 -0.00130007286504839 -373605.777420876 75128.0997924267 1.3394995305814e-16 4.04840308639524e-17
8.29730700179534e-08 0.00132333839005983 -0.00128320514877842 -368758.451997988 97144.2581193549 1.33950288822486e-16 4.05381936954166e-17
8.31687612208259e-08 0.00125171013938939 -0.00126205573631566 -362680.68289937 118853.007156006 1.33950624587672e-16 4.06060767944408e-17
8.33644524236985e-08 0.00118139070662944 -0.00123669155544604 -355391.703360454 140185.637325715 1.33950960353697e-16 4.06874656976278e-17
8.3560143626571e-08 0.00111261504542128 -0.00120719287398469 -346914.580180248 161074.629306922 1.33951296120562e-16 4.07821031947908e-17
8.37558348294435e-08 0.00104561322391286 -0.00117365304575939 -337276.140723847 181453.867736726 1.33951631888266e-16 4.0889690142924e-17
8.39515260323161e-08 0.000980609696574289 -0.00113617821517574 -326506.888022464 201258.850471399 1.3395196765681e-16 4.10098864128942e-17
8.41472172351886e-08 0.000917822593779024 -0.00109488698129915 -314640.904239658 220426.892741533 1.33952303426194e-16 4.11423119658562e-17
8.43429084380611e-08 0.000857463031399234 -0.00104991002251649 -301715.742809265 238897.325555669 1.33952639196417e-16 4.1286548055987e-17
8.45385996409337e-08 0.000799734442600514 -0.00100138968296552 -287772.309586396 256611.687724416 1.33952974967479e-16 4.14421385557316e-17
8.47342908438062e-08 0.000744831933950924 -0.000949479522040809 -272854.733387622 273513.910897301 1.33953310739381e-16 4.16085913993661e-17
8.49299820466787e-08 0.00069294166788233 -0.000894343828401936 -257010.22633007 289550.497026671 1.33953646512123e-16 4.17853801403098e-17
8.51256732495513e-08 0.000644240273458652 -0.000836157100022022 -240288.934411446 304670.687696968 1.33953982285704e-16 4.19719456172574e-17
8.53213644524238e-08 0.000598894287316016 -0.000775103491922221 -222743.778803859 318826.624783405 1.33954318060125e-16 4.21676977238594e-17
8.55170556552963e-08 0.00055705962654433 -0.000711376233339984 -204430.288363743 331973.501931541 1.33954653835385e-16 4.23720172763471e-17
8.57127468581688e-08 0.000518881095178708 -0.000645177016175719 -185406.423887972 344069.706378303 1.33954989611485e-16 4.25842579731949e-17
8.59084380610414e-08 0.000484491925862794 -0.000576715356653349 -165732.394672366 355076.950665545 1.33955325388425e-16 4.28037484406149e-17
8.61041292639139e-08 0.000454013358134721 -0.000506207932215068 -145470.467953184 364960.39382926 1.33955661166204e-16 4.30297943574112e-17
8.62998204667864e-08 0.000427554254670543 -0.000433877895748985 -124684.771834693 373688.751680836 1.33955996944822e-16 4.32616806524694e-17
8.6495511669659e-08 0.000405210756699816 -0.000359954169320076 -103441.09232655 381234.395831299 1.3395633272428e-16 4.34986737679242e-17
8.66912028725315e-08 0.000387065979684068 -0.000284670719639762 -81806.6651333543 387573.441145088 1.33956668504578e-16 4.37400239808458e-17
8.6886894075404e-08 0.00037318975022143 -0.000208265817567232 -59849.9628553547 392685.82134655 1.33957004285716e-16 4.39849677760928e-17
8.70825852782766e-08 0.000363638385010238 -0.000130981283986158 -37640.4782738174 396555.352539822 1.33957340067693e-16 4.42327302628257e-17
8.72782764811491e-08 0.000358454512571303 -5.30617244435959e-05 -15248.5044069467 399169.784441025 1.33957675850509e-16 4.44825276270294e-17
8.74739676840216e-08 0.000357666938293204 2.52462450265593e-05 7255.08796751507 400520.839160603 1.33958011634165e-16 4.47335696122849e-17
8.76696588868942e-08 0.000361290553227849 0.00010369477844531 29799.0746188703 400604.237413005 1.33958347418661e-16 4.49850620209372e-17
8.78653500897667e-08 0.000369326286925084 0.000182035584325051 52312.1032892974 399419.712070748 1.33958683203997e-16 4.52362092277434e-17
8.80610412926392e-08 0.000381761104455731 0.000260020711518075 74722.919525456 396971.009019913 1.33959018990171e-16 4.54862166980457e-17
8.82567324955118e-08 0.00039856804763259 0.000337403333989855 96960.5922011022 393265.875314344 1.33959354777186e-16 4.57342935024991e-17
8.84524236983843e-08 0.00041970632029906 0.000413938532033279 118954.738016929 388316.034666005 1.3395969056504e-16 4.59796548203941e-17
8.86481149012568e-08 0.000445121417415527 0.00048938406745125 140635.74426708 382137.150349045 1.33960026353734e-16 4.62215244236521e-17
8.88438061041294e-08 0.000474745297535095 0.000563501150254176 161934.989167268 374748.775634937 1.33960362143267e-16 4.64591371336302e-17
8.90394973070019e-08 0.000508496598122847 0.000636055194445701 182785.059047154 366174.291915546 1.3396069793364e-16 4.66917412429619e-17
8.92351885098744e-08 0.000546280893037277 0.000706816560504561 203119.961719552 356440.834709928 1.33961033724853e-16 4.6918600894765e-17
8.9430879712747e-08 0.000587990991359047 0.000775561282212569 222875.335351126 345579.207789034 1.33961369516905e-16 4.71389984116903e-17
8.96265709156195e-08 0.000633507276621381 0.000842071775528253 241988.652173508 333623.785690063 1.33961705309797e-16 4.7352236567435e-17
8.9822262118492e-08 0.000682698085368512 0.000906137527262489 260399.416390044 320612.404929007 1.33962041103528e-16 4.75576407935359e-17
9.00179533213645e-08 0.000735420123844142 0.000967555761376411 278049.355651791 306586.244255659 1.33962376898099e-16 4.77545613144543e-17
9.02136445242371e-08 0.000791518921491177 0.00102613208079269 294882.60549672 291589.694330052 1.3396271269351e-16 4.79423752041953e-17
9.04093357271096e-08 0.000850829319827483 0.00108168108268875 310845.886168346 275670.217232794 1.3396304848976e-16 4.81204883579545e-17
9.06050269299821e-08 0.000913175995150457 0.00113402694532449 325888.671254136 258878.196253907 1.3396338428685e-16 4.82883373725477e-17
9.08007181328547e-08 0.000978374013416112 0.00118300398454701 339963.347609928 241266.77643559 1.33963720084779e-16 4.84453913296756e-17
9.09964093357272e-08 0.00104622941553656 0.00122845717821105 353025.366064165 222891.696373555 1.33964055883548e-16 4.85911534763756e-17
9.11921005385997e-08 0.00111653983124347 0.00127024265685512 365033.382424957 203811.111809266 1.33964391683157e-16 4.87251627973456e-17
9.13877917414723e-08 0.00118909511957469 0.00130822815908035 375949.388343632 184085.411571415 1.33964727483606e-16 4.88469954741589e-17
9.15834829443448e-08 0.00126367803395694 0.00134229345019056 385738.831620588 163777.026449138 1.33965063284894e-16 4.89562662267552e-17
9.17791741472173e-08 0.00134006490977964 0.00137233070276863 394370.725572622 142950.231601905 1.33965399087021e-16 4.90526295329589e-17
9.19748653500899e-08 0.00141802637228368 0.00139824483798429 401817.747115585 121670.943131417 1.33965734889989e-16 4.91357807221664e-17
9.21705565529624e-08 0.00149732806252482 0.00141995382655325 408056.323251875 100006.509459379 1.33966070693796e-16 4.92054569397391e-17
9.23662477558349e-08 0.00157773137911392 0.00143738894839484 413066.705689027 78025.4981714068 1.33966406498442e-16 4.92614379790505e-17
9.25619389587075e-08 0.00165899423338652 0.00145049501016628 416833.033353177 55797.4790017213 1.33966742303928e-16 4.9303546978553e-17
9.275763016158e-08 0.00174087181561165 0.001459230519985 419343.38259954 33392.8036454632 1.33967078110254e-16 4.9331650981658e-17
9.29533213644525e-08 0.00182311736981476 0.00146356781878591 420589.80496092 10882.3830955349 1.3396741391742e-16 4.93456613576575e-17
9.31490125673251e-08 0.00190548297476252 0.0014634931678977 420568.352314784 -11662.5367913107 1.33967749725425e-16 4.93455340823531e-17
9.33447037701976e-08 0.00198772032863771 0.00145900679256093 419279.089389176 -34170.6007887956 1.3396808553427e-16 4.93312698775055e-17
9.35403949730701e-08 0.00206958153492052 0.00145012288125006 416726.093567891 -56570.5701421633 1.33968421343954e-16 4.93029142086625e-17
9.37360861759426e-08 0.00215081988698915 0.00143686954080144 412917.441995468 -78791.5480411545 1.33968757154479e-16 4.92605571413703e-17
9.39317773788152e-08 0.00223119064895622 0.00141928870748916 407865.186022803 -100763.204011283 1.33969092965842e-16 4.92043330562257e-17
9.41274685816877e-08 0.00231045183026976 0.00139743601433015 401585.313074214 -122415.996513203 1.33969428778046e-16 4.91344202236681e-17
9.43231597845602e-08 0.00238836495162705 0.00137138061503833 394097.696056632 -143681.393045633 1.33969764591089e-16 4.90510402398585e-17
9.45188509874328e-08 0.00246469579977717 0.00134120496518495 385426.030471002 -164492.087055189 1.33970100404972e-16 4.89544573254292e-17
9.47145421903053e-08 0.00253921516882328 0.00130700456125763 375597.759424903 -184782.210966614 1.33970436219694e-16 4.88449774893253e-17
9.49102333931778e-08 0.0026116995856783 0.00126888763844386 364643.986783705 -204487.544659116 1.33970772035256e-16 4.87229475603816e-17
9.51059245960504e-08 0.00268193201737793 0.00122697482809541 352599.378735106 -223545.718729001 1.33971107851658e-16 4.85887540897016e-17
9.53016157989229e-08 0.00274970255801226 0.00118139877595766 339502.054078566 -241896.411895235 1.339714436689e-16 4.84428221273119e-17
9.54973070017954e-08 0.00281480909310176 0.0011323037223721 325393.463586855 -259481.541923135 1.33971779486981e-16 4.82856138769627e-17
9.5692998204668e-08 0.00287705793931485 0.00107984504578052 310318.258821514 -276245.449461893 1.33972115305902e-16 4.8117627233333e-17
9.58886894075405e-08 0.0029362644575022 0.00102418877097568 294324.150817393 -292135.074214061 1.33972451125662e-16 4.79393942062685e-17
9.6084380610413e-08 0.00299225363710753 0.000965511043654752 277461.759083518 -307100.122879401 1.33972786946262e-16 4.77514792370414e-17
9.62800718132856e-08 0.00304486065010509 0.000903997572938461 259784.451398183 -321093.228341526 1.33973122767702e-16 4.75544774119581e-17
9.64757630161581e-08 0.00309393137271045 0.00083984304362037 241348.174905277 -334070.099593491 1.33973458589982e-16 4.7349012578971e-17
9.66714542190306e-08 0.00313932287321348 0.00077325050000641 222211.279046443 -345989.661927781 1.33973794413101e-16 4.71357353732542e-17
9.68671454219032e-08 0.00318090386438924 0.000704430703294776 202434.330889434 -356814.186946964 1.3397413023706e-16 4.69153211579911e-17
9.70628366247757e-08 0.00321855511905489 0.000633601464530037 182079.923437168 -366509.411983518 1.33974466061859e-16 4.66884678868929e-17
9.72585278276482e-08 0.0032521698474573 0.000560986955242618 161212.477524164 -375044.648550807 1.33974801887497e-16 4.64558938952117e-17
9.74542190305207e-08 0.0032816540352967 0.000486816997955432 139898.037927333 -382392.879481952 1.33975137713975e-16 4.621833562624e-17
9.76499102333933e-08 0.00330692674131661 0.00041132633880319 118204.064336447 -388530.844449114 1.33975473541293e-16 4.59765453004918e-17
9.78456014362658e-08 0.00332792035351788 0.00033475390456652 96199.2178458346 -393439.113592487 1.3397580936945e-16 4.5731288534943e-17
9.80412926391383e-08 0.0033445808031859 0.000257342046472365 73953.1436430747 -397102.149025932 1.33976145198447e-16 4.54833419198651e-17
9.82369838420109e-08 0.00335686773605354 0.000179335773154024 51536.250582454 -399508.354024559 1.33976481028284e-16 4.52334905609228e-17
9.84326750448834e-08 0.00336475464005778 0.000100981975198498 29019.4883408523 -400650.109738552 1.33976816858961e-16 4.49825255943129e-17
9.86283662477559e-08 0.0033682289292858 2.25286437354743e-05 6474.12286134919 -400523.799316983 1.33977152690477e-16 4.47312416828116e-17
9.88240574506285e-08 0.00336729198384454 -5.57759144589027e-05 -16028.4892047212 -399129.819365262 1.33977488522833e-16 4.44804345006522e-17
9.9019748653501e-08 0.00336195914552758 -0.00013368386285925 -38417.126343374 -396472.5786999 1.33977824356029e-16 4.42308982151967e-17
9.92154398563735e-08 0.0033522596692928 -0.00021094861960177 -60620.9275964291 -392560.484404514 1.33978160190064e-16 4.39834229733694e-17
9.94111310592461e-08 0.00333823663070442 -0.000287325637926002 -82569.6168393595 -387405.915231163 1.33978496024939e-16 4.37387924008096e-17
9.96068222621186e-08 0.00331994678963215 -0.000362573180177358 -104193.725208687 -381025.182431181 1.33978831860654e-16 4.34977811216576e-17
9.98025134649911e-08 0.00329746041063883 -0.0004364530829207 -125424.810974928 -373438.478139429 1.33979167697208e-16 4.32611523068251e-17
9.99982046678637e-08 0.00327086104062484 -0.000508731510743321 -146195.676165183 -364669.811475325 1.33979503534603e-16 4.30296552585084e-17
1.00193895870736e-07 0.00324024524443299 -0.000579179696361495 -166440.579249741 -354746.932562837 1.33979839372837e-16 4.28040230385915e-17
1.00389587073609e-07 0.00320572229925062 -0.000647574664688114 -186095.443219532 -343701.244709906 1.3398017521191e-16 4.25849701484436e-17
1.00585278276481e-07 0.00316741384877596 -0.000713699938569654 -205098.058395845 -331567.705025222 1.33980511051824e-16 4.23731902674554e-17
1.00780969479354e-07 0.0031254535182433 -0.000777346223958776 -223388.279330399 -318384.71378686 1.33980846892577e-16 4.21693540574722e-17
1.00976660682226e-07 0.00307998649152527 -0.000838312072353894 -240908.215172559 -304193.992912925 1.3398118273417e-16 4.19741070400725e-17
1.01172351885099e-07 0.00303116905165065 -0.000896404518409029 -257602.412901163 -289040.453918792 1.33981518576603e-16 4.1788067553411e-17
1.01368043087971e-07 0.00297916808619194 -0.00095143969069583 -273418.032841001 -272972.055778866 1.33981854419875e-16 4.16118247950927e-17
1.01563734290844e-07 0.00292416055908788 -0.00100324339368461 -288305.015908432 -256039.653142677 1.33982190263987e-16 4.14459369572728e-17
1.01759425493716e-07 0.00286633295057284 -0.00105165165910233 -302216.242056753 -238296.835385715 1.33982526108939e-16 4.12909294598856e-17
1.01955116696589e-07 0.00280588066698529 -0.00109651126492246 -315107.679419842 -219799.757004364 1.33982861954731e-16 4.11472932875928e-17
1.02150807899462e-07 0.00274300742232354 -0.00113768022034386 -326938.52368198 -200606.959891744 1.33983197801362e-16 4.10154834357175e-17
1.02346499102334e-07 0.00267792459350592 -0.00117502821522385 -337671.327232748 -180779.188056918 1.33983533648833e-16 4.08959174700811e-17
1.02542190305207e-07 0.00261085055137598 -0.00120843703254266 -347272.117698168 -160379.195373889 1.33983869497144e-16 4.07889742053017e-17
1.02737881508079e-07 0.00254200996957 -0.00123780092259395 -355710.505472923 -139471.546968823 1.33984205346295e-16 4.06949925057382e-17
1.02933572710952e-07 0.00247163311343439 -0.00126302693771679 -362959.779913281 -118122.414874122 1.33984541196285e-16 4.06142702128754e-17
1.03129263913824e-07 0.00239995511124323 -0.00128403522650964 -368996.99388624 -96399.368596076 1.33984877047115e-16 4.05470632025443e-17
1.03324955116697e-07 0.00232721521002277 -0.00130075928659509 -373803.036407268 -74371.1612589486 1.33985212898785e-16 4.04935845749631e-17
1.03520646319569e-07 0.00225365601833812 -0.00131314617513513 -377362.693136703 -52107.512002343 1.33985548751295e-16 4.0454003980162e-17
1.03716337522442e-07 0.00217952273843861 -0.00132115667643063 -379664.694543314 -29678.8853205583 1.33985884604644e-16 4.04284470809272e-17
1.03912028725314e-07 0.0021050623901922 -0.00132476542607452 -380701.751582552 -7156.26804232469 1.33986220458834e-16 4.04169951549647e-17
1.04107719928187e-07 0.00203052302926512 -0.00132396099126542 -380470.578776536 15389.0553432219 1.33986556313863e-16 4.04196848375433e-17
1.04303411131059e-07 0.00195615296202121 -0.00131874590702767 -378971.904622695 37885.7283032309 1.33986892169731e-16 4.0436508005431e-17
1.04499102333932e-07 0.00188219995962586 -0.00130913666822281 -376210.469298086 60262.5481064121 1.3398722802644e-16 4.04674118024934e-17
1.04694793536804e-07 0.00180891047384189 -0.0012951636773778 -372195.009666634 82448.6911820901 1.33987563883988e-16 4.05122988068733e-17
1.04890484739677e-07 0.00173652885699938 -0.00127687114849488 -366938.231636703 104373.937279767 1.33987899742376e-16 4.05710273392218e-17
1.05086175942549e-07 0.00166529658860839 -0.00125431696714759 -360456.769956452 125968.891719722 1.33988235601604e-16 4.06434119110069e-17
1.05281867145422e-07 0.00159545151106223 -0.00122757250730545 -352771.135574217 147165.205031207 1.33988571461672e-16 4.0729223811481e-17
1.05477558348295e-07 0.00152722707685046 -0.001196722405467 -343905.650730461 167895.789283082 1.33988907322579e-16 4.08281918314479e-17
1.05673249551167e-07 0.00146085160966409 -0.00116186429281612 -333888.371986724 188095.030422179 1.33989243184326e-16 4.09400031215422e-17
1.0586894075404e-07 0.00139654758173185 -0.00112310848624896 -322751.001435146 207698.995947328 1.33989579046913e-16 4.10643041823016e-17
1.06064631956912e-07 0.00133453090967458 -0.00108057763924962 -310528.786369557 226645.63726175 1.3398991491034e-16 4.12007019829019e-17
1.06260323159785e-07 0.00127501027110661 -0.00103440635371917 -297260.407735656 244874.986063338 1.33990250774607e-16 4.13487652050112e-17
1.06456014362657e-07 0.00121818644414707 -0.000984740753986745 -282987.857713302 262329.344151241 1.33990586639713e-16 4.15080256078292e-17
1.0665170556553e-07 0.00116425167193169 -0.000931738024350628 -267756.306818351 278953.466047987 1.33990922505659e-16 4.16779795099906e-17
1.06847396768402e-07 0.00111338905413647 -0.000875565911613189 -251613.960944635 294694.733859122 1.33991258372445e-16 4.18580893836418e-17
1.07043087971275e-07 0.00106577196743912 -0.000816402194183866 -234611.908798528 309503.323816913 1.33991594240071e-16 4.20477855556476e-17
1.07238779174147e-07 0.00102156351675266 -0.000754434119430533 -216803.960208944 323332.363980975 1.33991930108537e-16 4.22464680105423e-17
1.0743447037702e-07 0.000980916018968008 -0.000689857811059938 -198246.475824507 336138.082596678 1.33992265977842e-16 4.24535082895202e-17
1.07630161579892e-07 0.000943970520839763 -0.000622877648402777 -178998.188736864 347879.946641743 1.33992601847987e-16 4.26682514794538e-17
1.07825852782765e-07 0.000910856352541 -0.000553705619567955 -159120.018594723 358520.790122514 1.33992937718972e-16 4.28900182856471e-17
1.08021543985637e-07 0.000881690718300314 -0.00048256065051321 -138674.878796891 368026.931713799 1.33993273590797e-16 4.31181071817611e-17
1.0821723518851e-07 0.000856578325416781 -0.000409667912155581 -117727.477374568 376368.281369935 1.33993609463461e-16 4.33517966301091e-17
1.08412926391383e-07 0.000835611052827129 -0.000335258107714667 -96344.1121930719 383518.435569622 1.33993945336966e-16 4.35903473652944e-17
1.08608617594255e-07 0.000818867660274221 -0.000259566742544212 -74592.4611211892 389454.760893031 1.3399428121131e-16 4.38330047339614e-17
1.08804308797128e-07 0.000806413538997418 -0.000182833378762966 -52541.3678322418 394158.465666655 1.33994617086494e-16 4.40790010832567e-17
1.09e-07 0.000798300504734027 -0.000105300877043916 -30260.6239148208 397614.659449087 1.33994952962518e-16 4.43275581904398e-17
