0 -0.00139 0 0 400000 1.33808e-16 4.46026666666667e-17
4.02214022140221e-10 -0.00138070198377975 0.000161350509667101 46367.7723165065 399639.710248245 1.33813985753889e-16 4.51216934911402e-17
8.04428044280443e-10 -0.00135276257430829 0.000321478284996274 92384.1638564563 393922.388283092 1.33819971774876e-16 4.56368022747341e-17
1.20664206642066e-09 -0.00130644762629209 0.000478236820374632 137432.326964768 382924.433556422 1.33825958062974e-16 4.61411147548663e-17
1.60885608856089e-09 -0.00124226932330566 0.000629524677768877 180908.365189758 366793.033774155 1.33831944618193e-16 4.6627897083507e-17
2.01107011070111e-09 -0.00116097932316011 0.000773313657702425 222229.428860007 345744.195060583 1.33837931440547e-16 4.70906500982574e-17
2.41328413284133e-09 -0.00106355869290608 0.000907675989754996 260841.528898503 320059.84955044 1.33843918530047e-16 4.75231964515866e-17
2.81549815498155e-09 -0.000951204768245183 0.00103081017806275 296226.964120318 290084.079139184 1.33849905886705e-16 4.79197634301526e-17
3.21771217712177e-09 -0.000825315113357284 0.00114106515531002 327911.262436514 256218.505971194 1.33855893510533e-16 4.82750603538531e-17
3.61992619926199e-09 -0.000687468796026498 0.00123696242136212 355469.542898432 218916.911417459 1.33861881401543e-16 4.85843495168603e-17
4.02214022140222e-09 -0.000539405228945859 0.00131721586968968 378532.213275764 178679.155638826 1.33867869559746e-16 4.88435097194156e-17
4.42435424354244e-09 -0.000383000860716199 0.00138074903571549 396789.926764923 136044.479209536 1.33873857985155e-16 4.90490915384317e-17
4.82656826568266e-09 -0.000220244028891443 0.00142670953576162 409997.731351895 91584.2765626099 1.33879846677782e-16 4.91983635956551e-17
5.22878228782288e-09 -5.32083120735343e-05 0.00145448050292275 417978.356172933 45894.4381026927 1.33885835637638e-16 4.92893492027782e-17
5.6309963099631e-09 0.000115975261805084 0.00146368886643839 420624.590782181 -412.636381857228 1.33891824864735e-16 4.93208528918603e-17
6.03321033210332e-09 0.00028514677852524 0.00145421036344125 417900.725392606 -46716.2459651839 1.33897814359086e-16 4.92924764749733e-17
6.43542435424354e-09 0.000452146389108883 0.00142617121575543 409843.032742441 -92395.7084699641 1.33903804120703e-16 4.92046244173342e-17
6.83763837638377e-09 0.00061484326176428 0.00137994644911876 396559.285085151 -136838.680473375 1.33909794149596e-16 4.90584984514215e-17
7.23985239852399e-09 0.000771164146158933 0.00131615487720969 378227.312734431 -179449.36590653 1.33915784445779e-16 4.88560815037903e-17
7.64206642066421e-09 0.000919121167109856 0.00123565081756706 355092.623443611 -219656.503209311 1.33921775009262e-16 4.8600111149566e-17
8.04428044280443e-09 0.00105683847509313 0.00113951265030183 327465.114488866 -256921.023965978 1.33927765840059e-16 4.82940429499801e-17
8.44649446494465e-09 0.00118257739628191 0.00102902837282589 295714.921488996 -290743.280345842 1.3393375693818e-16 4.79420041639435e-17
8.84870848708487e-09 0.00129475974491942 0.000905678344097329 260267.45956823 -320669.744448716 1.33939748303639e-16 4.75487384537051e-17
9.2509225092251e-09 0.00139198898545151 0.000771115449563277 221597.723297312 -346299.089729426 1.33945739936446e-16 4.71195423253959e-17
9.65313653136532e-09 0.00147306896065263 0.000627142952566749 180223.921786879 -367287.572954665 1.33951731836614e-16 4.66601941560762e-17
1.00553505535055e-08 0.00153701993459335 0.000475690329007418 136700.534222591 -383353.644517924 1.33957724004155e-16 4.61768767583229e-17
1.04575645756458e-08 0.00158309173527969 0.000318787409093468 91610.8789040218 -394281.72527857 1.3396371643908e-16 4.5676094520059e-17
1.0859778597786e-08 0.00161077382066301 0.0001585371727288 45559.2953747609 -399925.099260818 1.33969709141401e-16 4.51645862300926e-17
1.12619926199262e-08 0.00161980213295204 -2.91243685715293e-06 -836.95557799768 -400207.883397615 1.33975702111131e-16 4.46492347577121e-17
1.16642066420664e-08 0.0016101626492044 -0.000163397303453371 -46955.9654895952 -395126.047874612 1.33981695348282e-16 4.41369747969079e-17
1.20664206642066e-08 0.00158209158045591 -0.000320766146288477 -92179.5144535567 -384747.473354529 1.33987688852864e-16 4.3634699911788e-17
1.24686346863469e-08 0.00153607221656873 -0.000472909357692268 -135901.358285523 -369211.044271875 1.33993682624891e-16 4.31491701291747e-17
1.28708487084871e-08 0.00147282845894256 -0.000617787283432207 -177535.355527038 -348724.790309042 1.33999676664375e-16 4.26869213170947e-17
1.32730627306273e-08 0.0013933151276322 -0.000753457566613005 -216523.325342704 -323563.100924085 1.34005670971326e-16 4.22541775639872e-17
1.36752767527675e-08 0.00129870517265727 -0.000878101188563086 -252342.530966599 -294063.050227034 1.34011665545757e-16 4.18567677332875e-17
1.40774907749078e-08 0.00119037396079318 -0.000990046857581747 -284512.688368553 -260619.881428619 1.3401766038768e-16 4.15000473121251e-17
1.4479704797048e-08 0.00106988084834244 -0.00108779341855156 -312602.406170627 -223681.711353159 1.34023655497107e-16 4.11888266019625e-17
1.48819188191882e-08 0.000938948286775001 -0.00117002998293545 -336234.9704638 -183743.525964757 1.3402965087405e-16 4.09273062140318e-17
1.52841328413284e-08 0.000799438741208593 -0.00123565350922198 -355093.396952432 -141340.547362827 1.34035646518521e-16 4.07190207345561e-17
1.56863468634686e-08 0.000653329731030026 -0.00128378359804586 -368924.682671721 -97041.0611317683 1.34041642430532e-16 4.05667913152658e-17
1.60885608856089e-08 0.000502687327144745 -0.00131377430353658 -377543.200249846 -51438.8001673193 1.34047638610094e-16 4.0472687825112e-17
1.64907749077491e-08 0.000349638461044799 -0.00132522280243551 -380833.18917772 -5144.98705166796 1.3405363505722e-16 4.04380010709488e-17
1.68929889298893e-08 0.000196342416828492 -0.00131797480463496 -378750.310651583 41219.8583690235 1.34059631771921e-16 4.04632254600014e-17
1.72952029520295e-08 4.49618882737394e-05 -0.00129212663246763 -371322.245104563 87034.2363988967 1.3406562875421e-16 4.05480523369906e-17
1.76974169741697e-08 -0.00010236601108552 -0.00124802394072592 -358648.324374817 131683.998412325 1.34071626004098e-16 4.06913740857038e-17
1.809963099631e-08 -0.000243558396283204 -0.00118625709441847 -340898.203397814 174570.579607325 1.34077623521597e-16 4.08912989405112e-17
1.85018450184502e-08 -0.000376614533610297 -0.00110765326607463 -318309.58918536 215119.023231191 1.3408362130672e-16 4.11451763097638e-17
1.89040590405904e-08 -0.000499642663344124 -0.00101326535838267 -291185.057491457 252785.688707396 1.34089619359478e-16 4.14496322720913e-17
1.93062730627306e-08 -0.000610885362920276 -0.000904357900508043 -259887.999795645 287065.540325184 1.34095617679883e-16 4.18006147702398e-17
1.97084870848709e-08 -0.000708743110498516 -0.000782390107011114 -224837.754894154 317498.918771073 1.34101616267948e-16 4.21934478970762e-17
2.01107011070111e-08 -0.00079179573298186 -0.000648996326326193 -186503.990321624 343677.704709422 1.34107615123683e-16 4.26228945464814e-17
2.05129151291513e-08 -0.000858821450892008 -0.000505964140766206 -145400.408884781 365250.791764504 1.34113614247102e-16 4.3083226589696e-17
2.09151291512915e-08 -0.000908813264704678 -0.000355210411509089 -102077.864639459 381928.795510072 1.34119613638215e-16 4.35683016367653e-17
2.13173431734317e-08 -0.00094099246287372 -0.000198755589581936 -57116.9805622703 393487.935310126 1.34125613297035e-16 4.40716453544221e-17
2.1719557195572e-08 -0.000954819070345713 -3.86966371168882e-05 -11120.366851969 399773.036939401 1.34131613223575e-16 4.45865382372142e-17
2.21217712177122e-08 -0.000949999097370219 0.000122821078203144 35295.4558466598 400699.615695372 1.34137613417845e-16 4.51061056689424e-17
2.25239852398524e-08 -0.000926488491295406 0.000283632538810625 81508.3200434742 396255.012037426 1.34143613879857e-16 4.56234100673172e-17
2.29261992619926e-08 -0.000884493738229632 0.000441582097601809 126898.751066176 386498.564488128 1.34149614609625e-16 4.61315438767635e-17
2.33284132841328e-08 -0.000824469106354453 0.000594552373972657 170858.27099946 371560.817435942 1.34155615607159e-16 4.66237221628776e-17
2.37306273062731e-08 -0.000747110567691518 0.000740492638196497 212797.555587426 351641.774415442 1.34161616872471e-16 4.70933735673273e-17
2.41328413284133e-08 -0.000653346479651514 0.000877446303638967 252154.334752545 327008.220236518 1.34167618405575e-16 4.75342284039056e-17
2.45350553505535e-08 -0.000544325151130818 0.00100357715824789 288400.930816352 297990.14781686 1.3417362020648e-16 4.79404027147163e-17
2.49372693726937e-08 -0.000421399459688503 0.00111719398363882 321051.333358743 264976.337574707 1.341796222752e-16 4.83064771595723e-17
2.5339483394834e-08 -0.000286108725872924 0.00121677323169498 349667.715859447 228409.14860056 1.34185624611747e-16 4.86275696808923e-17
2.57416974169742e-08 -0.000140158087543159 0.00130097945462386 373866.306743694 188778.591395044 1.34191627216132e-16 4.88994009697739e-17
2.61439114391144e-08 1.46043494469977e-05 0.00136868321451307 393322.53610418 146615.761593507 1.34197630088367e-16 4.91183518553745e-17
2.65461254612546e-08 0.000176212278015453 0.00141897623220254 407775.38907717 102485.72266724 1.34203633228464e-16 4.92815118479578e-17
2.69483394833948e-08 0.000342607542165235 0.00145118357228485 417030.907482026 56979.932981364 1.34209636636435e-16 4.93867181845081e-17
2.73505535055351e-08 0.00051166772167309 0.0014648727007663 420964.792748015 10708.3187014361 1.34215640312293e-16 4.94325848530999e-17
2.77527675276753e-08 0.000681234579446138 0.00145985929383477 419524.07519707 -35708.9012074212 1.34221644256049e-16 4.94185212065137e-17
2.81549815498155e-08 0.000849142990259223 0.00143620971972502 412727.827264754 -81649.5283171781 1.34227648467715e-16 4.93447399151251e-17
2.85571955719557e-08 0.0010132499631159 0.00139424016026459 400666.911056306 -126497.724978456 1.34233652947302e-16 4.9212254151986e-17
2.8959409594096e-08 0.00117146336820367 0.00133451238372563 383502.763578598 -169652.269670462 1.34239657694824e-16 4.90228640473518e-17
2.93616236162362e-08 0.00132176998335652 0.00125782622549661 361465.235888558 -210534.616795733 1.34245662710292e-16 4.87791325937453e-17
2.97638376383764e-08 0.00146226248404239 0.0011652088772206 334849.515081222 -248596.65287252 1.34251667993718e-16 4.84843513240715e-17
3.01660516605166e-08 0.00159116501503814 0.00105790112783274 304012.170336054 -283328.045142507 1.34257673545113e-16 4.81424962223982e-17
3.05682656826568e-08 0.00170685700095012 0.000937340740794516 269366.375983673 -314263.084070411 1.3426367936449e-16 4.77581744579653e-17
3.09704797047971e-08 0.00180789487633107 0.000805143190218664 231376.375589204 -340986.927991832 1.34269685451861e-16 4.73365626560237e-17
3.13726937269373e-08 0.00189303144401663 0.000663080013991818 190551.261225223 -363141.16617556 1.34275691807238e-16 4.68833375325813e-17
3.17749077490775e-08 0.00196123260208457 0.000513055073956516 147438.15129017 -380428.625699234 1.34281698430632e-16 4.64045998225303e-17
3.21771217712177e-08 0.00201169121510092 0.000357079041282315 102614.858294127 -392617.357670296 1.34287705322056e-16 4.59067925205704e-17
3.25793357933579e-08 0.00204383794358682 0.000197242448960549 56682.1448746726 -399543.749321855 1.34293712481522e-16 4.5396614530623e-17
3.29815498154981e-08 0.00205734888640567 3.56876725797258e-05 10255.6718295893 -401114.720228029 1.34299719909041e-16 4.4880930881028e-17
3.33837638376384e-08 0.00205214993348485 -0.00012541978507938 -36042.2539138196 -397308.973158461 1.34305727604625e-16 4.43666807089e-17
3.37859778597786e-08 0.00202841777037898 -0.000283920320741071 -81591.0207864422 -388177.282762607 1.34311735568287e-16 4.38607842469797e-17
3.41881918819188e-08 0.00198657752105929 -0.000437689179546722 -125780.031711663 -373841.818171169 1.34317743800039e-16 4.33700500597401e-17
3.4590405904059e-08 0.00192729706037672 -0.000584664938128954 -168016.889370479 -354494.508551819 1.34323752299892e-16 4.29010837722235e-17
3.49926199261992e-08 0.00185147807228927 -0.000722877140022584 -207735.337871132 -330394.473485604 1.34329761067858e-16 4.24601995151309e-17
3.53948339483395e-08 0.00176024397356959 -0.000850472712932507 -244402.854357371 -301864.55256713 1.34335770103949e-16 4.20533352733289e-17
3.57970479704797e-08 0.00165492486473074 -0.000965740813690855 -277527.788777141 -269286.980707679 1.34341779408178e-16 4.16859732726685e-17
3.61992619926199e-08 0.00153703970976471 -0.00106713576779623 -306665.956085695 -233098.267074046 1.34347788980556e-16 4.13630664725259e-17
3.66014760147601e-08 0.00140827598344359 -0.00115329779595428 -331426.592492755 -193783.346273408 1.34353798821096e-16 4.1088972149676e-17
3.70036900369003e-08 0.00127046705889069 -0.00122307124968964 -351477.595884145 -151869.080152856 1.34359808929808e-16 4.08673934640973e-17
3.74059040590405e-08 0.00112556763843141 -0.00127552011147668 -366549.98014013 -107917.19729049 1.34365819306706e-16 4.07013297903528e-17
3.78081180811808e-08 0.000975627556976706 -0.00130994055149379 -376441.483606962 -62516.7647963749 1.34371829951801e-16 4.05930364807268e-17
3.8210332103321e-08 0.000822764309021933 -0.00132587037255134 -381019.28331372 -16276.2933151003 1.34377840865104e-16 4.0543994599898e-17
3.86125461254612e-08 0.000669134667469214 -0.00132309521644894 -380221.778511507 30184.4189570319 1.34383852046629e-16 4.05548910372875e-17
3.90147601476014e-08 0.000516905774671445 -0.00130165144842352 -374059.419585825 76242.5939240377 1.34389863496387e-16 4.06256092641341e-17
3.94169741697416e-08 0.000368226093187842 -0.00126182568087531 -362614.571188285 121280.821557391 1.3439587521439e-16 4.07552308596666e-17
3.98191881918819e-08 0.000225196605638664 -0.00120415094260571 -346040.411379207 164695.336278799 1.3440188720065e-16 4.09420477863976e-17
4.02214022140221e-08 8.98426497250743e-05 -0.0011293995447676 -324558.881494677 205904.110813693 1.34407899455179e-16 4.1183585250473e-17
4.06236162361623e-08 -3.59132340168283e-05 -0.0010385727390096 -298457.714176944 244354.659012319 1.34413911977989e-16 4.14766348411138e-17
4.10258302583025e-08 -0.00015027707771724 -0.000932887306299858 -268086.579365114 279531.443031617 1.34419924769091e-16 4.18172975053898e-17
4.14280442804427e-08 -0.000251607539357054 -0.00081375925606402 -233852.399868308 310962.78556984 1.34425937828498e-16 4.22010357827013e-17
4.18302583025829e-08 -0.000338437911134926 -0.000682784854015238 -196213.899277152 338227.194475968 1.34431951156223e-16 4.26227345992011e-17
4.22324723247232e-08 -0.00040949578791209 -0.000541719232871551 -155675.45526249 360959.014928766 1.34437964752276e-16 4.30767698076116e-17
4.26346863468634e-08 -0.000463720131982596 -0.000392452872567955 -112780.340624485 378853.333390184 1.34443978616669e-16 4.35570835540331e-17
4.30369003690036e-08 -0.000500275505306124 -0.000236986265141718 -68103.4426659204 391670.06756412 1.34449992749416e-16 4.40572654617852e-17
4.34391143911438e-08 -0.000518563278299389 -7.74031038174028e-05 -22243.5584604048 399237.187499898 1.34456007150527e-16 4.45706385443032e-17
4.3841328413284e-08 -0.00051822966480171 8.41576443842952e-05 24184.6307244739 401453.024624042 1.34462021820015e-16 4.50903486956701e-17
4.42435424354243e-08 -0.00049917047536749 0.000245530408207809 70558.7982836094 398287.637707975 1.34468036757892e-16 4.56094565593583e-17
4.46457564575645e-08 -0.000461532525023127 0.000404552039622768 116257.313981274 389783.217419273 1.34474051964169e-16 4.61210305438235e-17
4.50479704797047e-08 -0.00040571167646864 0.000559090810096942 160667.576695681 376053.523990742 1.34480067438859e-16 4.66182397381609e-17
4.54501845018449e-08 -0.00033234754480398 0.000707074986996814 203194.22650358 357282.365501983 1.34486083181973e-16 4.70944454823236e-17
4.58523985239851e-08 -0.00024231493461219 0.000846520607041425 243267.126019689 333721.137128704 1.34492099193524e-16 4.75432903643782e-17
4.62546125461253e-08 -0.000136712124036165 0.000975558074481222 280349.003993868 305685.454303262 1.34498115473523e-16 4.79587834517088e-17
4.66568265682656e-08 -1.68461527557729e-05 0.00109245722741115 313942.658691523 273550.924877222 1.34504132021984e-16 4.83353806135108e-17
4.70590405904058e-08 0.000115784689059369 0.00119565053614535 343597.624479029 237748.116920013 1.34510148838916e-16 4.86680588576629e-17
4.7461254612546e-08 0.000259510936217543 0.00128375412260492 368916.212227238 198756.789572524 1.34516165924333e-16 4.89523836852529e-17
4.78634686346862e-08 0.00041251431940352 0.00135558631886457 389558.842535838 157099.464255931 1.34522183278247e-16 4.91845685595852e-17
4.82656826568264e-08 0.000572852131737258 0.00141018351597844 405248.600257201 113334.422381785 1.34528200900668e-16 4.93615256921575e-17
4.86678966789667e-08 0.000738483264457447 0.00144681309051651 415774.949233327 68048.2234007693 1.34534218791611e-16 4.94809074644547e-17
4.90701107011069e-08 0.000907295562806078 0.00146498323540618 420996.557413807 21847.8434613847 1.34540236951086e-16 4.95411379298974e-17
4.94723247232471e-08 0.00107713413547788 0.00146444956316213 420843.19444548 -24647.4599601075 1.34546255379105e-16 4.95414339732316e-17
4.98745387453873e-08 0.00124583023819989 0.00144521839284671 415316.676255949 -70814.4484192277 1.3455227407568e-16 4.94818158432648e-17
5.02767527675275e-08 0.00141123034429363 0.00140754667655247 404490.843926647 -116034.256596543 1.34558293040824e-16 4.93631069172861e-17
5.06789667896677e-08 0.00157122501254841 0.00135193856624231 388510.577095556 -159700.688143659 1.34564312274548e-16 4.91869226998496e-17
5.1081180811808e-08 0.00172377716543417 0.00127913866681757 367589.855071464 -201228.342076716 1.34570331776865e-16 4.89556492029052e-17
5.14833948339482e-08 0.0018669493985689 0.00119012206570616 342008.891607273 -240060.460778677 1.34576351547786e-16 4.86724109966108e-17
5.18856088560884e-08 0.00199892995532458 0.00108608127247647 312110.381698277 -275676.394398518 1.34582371587323e-16 4.83410293586313e-17
5.22878228782286e-08 0.00211805701833252 0.000968410243408492 278294.910676029 -307598.581572833 1.34588391895489e-16 4.79659710824744e-17
5.26900369003688e-08 0.00222284099219471 0.000838685705036773 241015.58709971 -335398.952874376 1.34594412472294e-16 4.75522886306513e-17
5.30922509225091e-08 0.00231198447862037 0.000698646026895101 200771.971354418 -358704.671126032 1.34600433317752e-16 4.71055524345001e-17
5.34944649446493e-08 0.00238439967612583 0.000550167926556466 158103.381309716 -377203.131603933 1.34606454431875e-16 4.66317762478157e-17
5.38966789667895e-08 0.00243922297094643 0.000395241319131439 113581.664745735 -390646.155070888 1.34612475814673e-16 4.61373365545825e-17
5.42988929889297e-08 0.00247582652344963 0.000235942648274955 67803.535405859 -398853.317398133 1.3461849746616e-16 4.56288871108522e-17
5.47011070110699e-08 0.00249382669460388 7.440705612131e-05 21382.5753887771 -401714.371104556 1.34624519386347e-16 4.5113269766084e-17
5.51033210332102e-08 0.00249308919940862 -8.72002348531594e-05 -25058.9889301207 -399190.7263131 1.34630541575246e-16 4.45974227591851e-17
5.55055350553504e-08 0.00247373091805969 -0.000246712944459777 -70898.6272175277 -391315.971230705 1.34636564032869e-16 4.40882877183961e-17
5.59077490774906e-08 0.00243611834042295 -0.000401992772900519 -115521.849947605 -378195.425132106 1.34642586759229e-16 4.35927166115938e-17
5.63099630996308e-08 0.00238086266451719 -0.000550958065100408 -158330.445755807 -360004.729796401 1.34648609754336e-16 4.31173798943043e-17
5.6712177121771e-08 0.00230881161455996 -0.000691611717018319 -198750.500957806 -336987.498234713 1.34654633018204e-16 4.26686770867212e-17
5.71143911439112e-08 0.00222103808810582 -0.000822067949829042 -236240.093725235 -309452.0521848 1.34660656550844e-16 4.22526509785158e-17
5.75166051660515e-08 0.00211882578431631 -0.000940577593028499 -270296.559766279 -277767.292064563 1.34666680352268e-16 4.18749066116556e-17
5.79188191881917e-08 0.00200365200587437 -0.00104555153748531 -300463.232098344 -242357.754707431 1.34672704422489e-16 4.15405361274449e-17
5.83210332103319e-08 0.00187716786495091 -0.00113558204397795 -326335.564545285 -203697.925092516 1.34678728761517e-16 4.12540504854494e-17
5.87232472324721e-08 0.0017411761584389 -0.00120946162148906 -347566.556848577 -162305.878285328 1.34684753369366e-16 4.1019318969889e-17
5.91254612546123e-08 0.00159760720892506 -0.0012661992220922 -363871.408639746 -118736.336786488 1.34690778246046e-16 4.08395172947432e-17
5.95276752767526e-08 0.00144849299515081 -0.00130503353522524 -375031.339854935 -73573.2363259048 1.34696803391571e-16 4.07170850035813e-17
5.99298892988928e-08 0.00129593991865728 -0.00132544320301606 -380896.526343239 -27421.8997331652 1.34702828805952e-16 4.06536927355727e-17
6.0332103321033e-08 0.00114210057160626 -0.00132715381959101 -381388.111278619 19099.0762271267 1.34708854489201e-16 4.0650219796903e-17
6.07343173431732e-08 0.000989144884173802 -0.00131014162039933 -376499.265371962 65366.1123140112 1.3471488044133e-16 4.07067423387025e-17
6.11365313653134e-08 0.000839231038247082 -0.00127463381195198 -366295.281629105 110759.005426994 1.34720906662352e-16 4.08225323004317e-17
6.15387453874537e-08 0.000694476537304551 -0.00122110553740496 -350912.703341545 154669.242339989 1.34726933152277e-16 4.09960671333653e-17
6.19409594095939e-08 0.000556929820283576 -0.0011502735185121 -330557.496955654 196508.157107979 1.34732959911119e-16 4.12250501743194e-17
6.23431734317341e-08 0.000428542799964941 -0.00106308645902628 -305502.294269743 235714.822792539 1.34738986938889e-16 4.15064413969924e-17
6.27453874538743e-08 0.000311144694027836 -0.000960712338043204 -276082.740884759 271763.571708817 1.34745014235598e-16 4.18364981291738e-17
6.31476014760146e-08 0.000206417499617632 -0.000844522763476805 -242692.999816311 304171.043371406 1.3475104180126e-16 4.22108251904683e-17
6.35498154981548e-08 0.00011587344025373 -0.00071607459527071 -205780.470502703 332502.665643014 1.34757069635886e-16 4.26244337788766e-17
6.3952029520295e-08 4.08346874809905e-05 -0.000577089084557716 -165839.793963597 356378.482183361 1.34763097739488e-16 4.30718083172727e-17
6.43542435424352e-08 -1.7584370810294e-05 -0.000429428808287917 -123406.22443601 375478.248054416 1.34769126112079e-16 4.35469803640818e-17
6.47564575645755e-08 -5.84920775959411e-05 -0.000275072708409561 -79048.4563100203 389545.725144711 1.34775154753669e-16 4.40436085977288e-17
6.51586715867157e-08 -8.12314689750618e-05 -0.000116089570108175 -33361.0024920458 398392.119798499 1.34781183664272e-16 4.45550638029693e-17
6.55608856088559e-08 -8.53890909902552e-05 4.53897054516978e-05 13043.7736592207 401898.616531407 1.34787212843898e-16 4.50745177201155e-17
6.59630996309961e-08 -7.08005526843841e-05 0.000207200662262756 59543.8660308596 400017.973828752 1.34793242292561e-16 4.55950345663419e-17
6.63653136531364e-08 -3.75527408117086e-05 0.000367174301675385 105515.963077418 392775.16059362 1.34799272010272e-16 4.61096640023793e-17
6.67675276752766e-08 1.40173336329325e-05 0.000523166156785056 150343.803013455 380267.024670552 1.34805301997043e-16 4.66115342984831e-17
6.71697416974168e-08 8.33270417553607e-05 0.000673085039278524 193426.434879598 362660.997844958 1.34811332252886e-16 4.70939444508263e-17
6.7571955719557e-08 0.00016955593571756 0.000814921073383806 234186.274741516 340192.854634249 1.34817362777814e-16 4.7550454013489e-17
6.79741697416973e-08 0.000271656735912384 0.000946772641107859 272076.849022422 313163.554871003 1.34823393571838e-16 4.79749694417785e-17
6.83763837638375e-08 0.000388369359220882 0.00106687187752286 306590.121158756 281935.212361243 1.34829424634969e-16 4.8361825789324e-17
6.87785977859777e-08 0.000518237800444587 0.00117360837428189 337263.303349475 246926.243617403 1.34835455967221e-16 4.87058626636226e-17
6.91808118081179e-08 0.000659629640750975 0.00126555077354764 363685.062067086 208605.761658757 1.34841487568605e-16 4.90024934216245e-17
6.95830258302582e-08 0.000810757921746143 0.00134146596278164 385501.034120903 167487.289994582 1.34847519439134e-16 4.92477666775154e-17
6.99852398523984e-08 0.000969705092066763 0.0014003356129883 402418.57930106 124121.881021324 1.34853551578818e-16 4.94384192978658e-17
7.03874538745386e-08 0.00113444870558896 0.00144136983860633 414210.705861842 79090.7310524502 1.34859583987671e-16 4.95719201733871e-17
7.07896678966788e-08 0.00130288852685768 0.0014640177958137 420719.116187859 32997.3909511788 1.34865616665704e-16 4.96465041801401e-17
7.11918819188191e-08 0.0014728746804616 0.00146797507704311 421856.331777796 -13540.3232384798 1.34871649612929e-16 4.966119587452e-17
7.15940959409593e-08 0.00164223646706852 0.00145318780244459 417606.869020098 -59898.6112408975 1.34877682829359e-16 4.96158226039396e-17
7.19963099630995e-08 0.00180881145988326 0.0014198533533032 408027.44995738 -105456.050083833 1.34883716315004e-16 4.95110168569929e-17
7.23985239852397e-08 0.00197047449151373 0.00136841773743095 393246.245171325 -149601.924139712 1.34889750069878e-16 4.93482078211165e-17
7.280073800738e-08 0.00212516614268255 0.00129956962169842 373461.158893677 -191744.412010791 1.34895784093993e-16 4.91296022604347e-17
7.32029520295202e-08 0.00227092035088178 0.0012142311115491 348937.179288049 -231318.520509776 1.34901818387359e-16 4.88581549696344e-17
7.36051660516604e-08 0.00240589076884813 0.00111354540094818 320002.829379261 -267793.659372665 1.3490785294999e-16 4.85375291994618e-17
7.40073800738006e-08 0.0025283755194777 0.000998861458174034 287045.766164014 -300680.755151674 1.34913887781898e-16 4.81720475838721e-17
7.44095940959409e-08 0.00263684001527856 0.000871715952600967 250507.586857097 -329538.8089087 1.34919922883093e-16 4.77666342262124e-17
7.48118081180811e-08 0.00272993753638891 0.000733812664614783 210877.91185803 -353980.809781152 1.34925958253589e-16 4.73267487203548e-17
7.52140221402213e-08 0.00280652729122035 0.000586999654550896 168687.823721412 -373678.925122324 1.34931993893398e-16 4.68583129908422e-17
7.56162361623615e-08 0.00286568971751804 0.000433244496596625 124502.750050301 -388368.897612225 1.34938029802531e-16 4.63676319324045e-17
7.60184501845018e-08 0.0029067388186097 0.000274607909551278 78914.8856898937 -397853.590361883 1.34944065981e-16 4.58613089123661e-17
7.6420664206642e-08 0.0029292313693486 0.000113216137842 32535.2557785095 -402005.632452353 1.34950102428818e-16 4.53461572683735e-17
7.68228782287822e-08 0.0029329728682087 -4.87675470385678e-05 -14014.4739684078 -400769.129405874 1.34956139145996e-16 4.48291089876016e-17
7.72250922509224e-08 0.00291802015560121 -0.000209171842699836 -60110.32997256 -394160.415619222 1.34962176132547e-16 4.43171217914348e-17
7.76273062730627e-08 0.00288468066316626 -0.000365846520965769 -105134.394814903 -382267.838630448 1.34968213388482e-16 4.38170858710445e-17
7.80295202952029e-08 0.00283350830395232 -0.000516691251794421 -148483.090450501 -365250.578067604 1.34974250913813e-16 4.33357315240211e-17
7.84317343173431e-08 0.00276529605842409 -0.000659683759618418 -189575.269579212 -343336.515067942 1.34980288708554e-16 4.28795389301966e-17
7.88339483394833e-08 0.00268106535553306 -0.000792906934651726 -227860.006701961 -316819.180684801 1.34986326772714e-16 4.24546512761735e-17
7.92361623616236e-08 0.00258205239105033 -0.000914574535699467 -262823.984413073 -286053.824146534 1.34992365106308e-16 4.20667923932405e-17
7.96383763837638e-08 0.00246969156642269 -0.00102305513987167 -293998.375900225 -251452.653631669 1.34998403709346e-16 4.17211900129105e-17
8.0040590405904e-08 0.00234559627001894 -0.00111689401808606 -320965.131372264 -213479.313318944 1.3500444258184e-16 4.14225056690585e-17
8.04428044280442e-08 0.00221153725826812 -0.00119483264303471 -343362.584121169 -172642.670711155 1.35010481723804e-16 4.11747721865941e-17
8.08450184501845e-08 0.00206941892637483 -0.001255825568012 -360890.301040686 -129489.997480578 1.35016521135247e-16 4.09813395949448e-17
8.12472324723247e-08 0.00192125378659953 -0.00129905445023257 -373313.112548599 -84599.6352170141 1.35022560816184e-16 4.08448301917361e-17
8.16494464944649e-08 0.00176913549613249 -0.00132393903053452 -380464.267856464 -38573.2443683188 1.35028600766625e-16 4.07671033594303e-17
8.20516605166051e-08 0.00161521079604779 -0.0013301449221535 -382247.673252602 7972.25974524514 1.35034640986584e-16 4.07492306069792e-17
8.24538745387454e-08 0.00146165073743618 -0.00131758810401967 -378639.183354116 54412.9757621624 1.3504068147607e-16 4.07914811715029e-17
8.28560885608856e-08 0.0013106215803875 -0.00128643605819962 -369686.92797694 100126.379124984 1.35046722235098e-16 4.08933183734712e-17
8.32583025830258e-08 0.00116425575589618 -0.00123710553608655 -355510.670199309 144499.666843289 1.35052763263679e-16 4.10534067747238e-17
8.3660516605166e-08 0.00102462327993688 -0.00117025698313162 -336300.204180346 186937.972315152 1.35058804561824e-16 4.12696300438611e-17
8.40627306273063e-08 0.000893704002913837 -0.00108678569670164 -312312.814167531 226872.340084812 1.35064846129547e-16 4.15391192900048e-17
8.44649446494465e-08 0.000773361066506668 -0.000987809835442952 -283869.828712191 263767.353627265 1.35070887966858e-16 4.18582914855925e-17
8.48671586715867e-08 0.000665315923767077 -0.000874655440740723 -251352.31624204 297128.313896816 1.3507693007377e-16 4.22228974636137e-17
8.52693726937269e-08 0.000571125257382373 -0.000748838670921993 -215195.97965166 326507.872393833 1.35082972450295e-16 4.26280788463293e-17
8.56715867158672e-08 0.000492160105592164 -0.000612045486221678 -175885.3183112 351512.029811697 1.35089015096445e-16 4.30684331427663e-17
8.60738007380074e-08 0.000429587475665805 -0.000466109056713028 -133947.13571666 371805.419826071 1.35095058012232e-16 4.35380861427463e-17
8.64760147601476e-08 0.000384354691515842 -0.000312985195938865 -89943.4797799687 387115.807167432 1.35101101197669e-16 4.40307706373564e-17
8.68782287822878e-08 0.000357176685383644 -0.000154726149458233 -44464.1103662531 397237.739646889 1.35107144652766e-16 4.45399104109314e-17
8.72804428044281e-08 0.000348526404078674 6.54691041055574e-06 1881.40497305806 402035.305143532 1.35113188377537e-16 4.50587083788985e-17
8.76826568265683e-08 0.000358628458511004 0.000168672315010829 48471.8611342246 401443.956557017 1.35119232371992e-16 4.55802376902182e-17
8.80848708487085e-08 0.00038745610178739 0.000329476873874894 94682.7419566578 395471.38022102 1.35125276636145e-16 4.60975345733599e-17
8.84870848708487e-08 0.000434731576526888 0.000486805004989722 139894.59147337 384197.396094122 1.35131321170008e-16 4.66036916813249e-17
8.8889298892989e-08 0.000499929826890705 0.00063854763032794 183501.317705026 367772.891022836 1.35137365973591e-16 4.70919506844866e-17
8.92915129151292e-08 0.000582285525718117 0.00078267044930024 224918.317685431 346417.799332805 1.35143411046908e-16 4.75557928700403e-17
8.96937269372694e-08 0.000680803322720333 0.000917241211106689 263590.314797645 320418.157775082 1.3514945638997e-16 4.7989026533527e-17
9.00959409594096e-08 0.000794271176502937 0.00104045562036696 298998.803351417 290122.274263479 1.3515550200279e-16 4.83858699908337e-17
9.04981549815499e-08 0.000921276591843915 0.00115066152871346 330669.000592737 255936.06172004 1.35161547885378e-16 4.87410290977356e-17
9.09003690036901e-08 0.00106022554470245 0.00124638108799201 358176.212934496 218317.599539395 1.35167594037749e-16 4.90497682376112e-17
9.13025830258303e-08 0.001209363841396 0.00132633056802383 381151.531045279 177770.995538988 1.35173640459913e-16 4.93079738254798e-17
9.17047970479705e-08 0.00136680062574265 0.00138943757317537 399286.777425848 134839.630642167 1.35179687151882e-16 4.95122094767772e-17
9.21070110701108e-08 0.00153053371916061 0.00143485542683828 412338.640119628 90098.8768189927 1.35185734113669e-16 4.96597621009837e-17
9.2509225092251e-08 0.00169847645413218 0.00146197453087481 420131.93711006 44148.3858744781 1.35191781345286e-16 4.97486783018305e-17
9.29114391143912e-08 0.00186848564140668 0.00147043054762467 422561.967608078 -2395.94756909541 1.35197828846744e-16 4.97777905957232e-17
9.33136531365314e-08 0.00203839029610341 0.00146010929465488 419595.918670819 -48910.2411771858 1.35203876618056e-16 4.97467330964775e-17
9.37158671586717e-08 0.00220602073768612 0.00143114828649379 411273.308254277 -94770.9874485631 1.35209924659234e-16 4.9655946455652e-17
9.41180811808119e-08 0.00236923767375172 0.00138393490253316 397705.458717916 -139363.411609543 1.35215972970289e-16 4.95066719917737e-17
9.45202952029521e-08 0.00252596087777564 0.00131910120550641 379074.007795475 -182089.712822324 1.35222021551235e-16 4.93009350866697e-17
9.49225092250923e-08 0.00267419707638146 0.00123751547984991 355628.476948856 -222377.078232009 1.35228070402082e-16 4.90415180709917e-17
9.53247232472326e-08 0.00281206667228163 0.0011402706032258 327682.929658325 -259685.362416953 1.35234119522843e-16 4.87319229619245e-17
9.57269372693728e-08 0.00293782894462642 0.0010286694069405 295611.764402738 -293514.329287457 1.3524016891353e-16 4.83763245521102e-17
9.6129151291513e-08 0.00304990538889234 0.000904207221362234 259844.698684665 -323410.359338406 1.35246218574155e-16 4.7979514478185e-17
9.65313653136532e-08 0.0031469008833648 0.000768551840184144 220861.011301512 -348972.532323875 1.35252268504731e-16 4.75468370182629e-17
9.69335793357935e-08 0.00322762239838942 0.000623521171988958 179183.120009693 -369858.003789913 1.35258318705268e-16 4.70841174786107e-17
9.73357933579337e-08 0.00329109499749208 0.000471058878584265 135369.580641105 -385786.60336366 1.35264369175779e-16 4.65975841291285e-17
9.77380073800739e-08 0.0033365749157581 0.000313208326577243 90007.6014902648 -396544.593125771 1.35270419916277e-16 4.60937847337764e-17
9.81402214022141e-08 0.00336355954002936 0.000152085201282677 43705.1732921981 -401987.535649138 1.35276470926773e-16 4.55794987945811e-17
9.85424354243544e-08 0.00337179415700054 -1.01508499954354e-05 -2917.0797314402 -402042.233219227 1.35282522207279e-16 4.50616466853675e-17
9.89446494464946e-08 0.00336127537861461 -0.000171325165241119 -49234.2185368869 -396707.712200084 1.35288573757807e-16 4.45471968931037e-17
9.93468634686348e-08 0.00333225119869313 -0.00032927721756178 -94625.3661325158 -386055.239308359 1.3529462557837e-16 4.40430726101683e-17
9.9749077490775e-08 0.00328521767989198 -0.000481889576848421 -138482.030376637 -370227.369533996 1.35300677668979e-16 4.35560589296066e-17
1.00151291512915e-07 0.00322091231524228 -0.000627116295032435 -180216.261132543 -349436.038426641 1.35306730029647e-16 4.30927118874137e-17
1.00553505535055e-07 0.00314030415311401 -0.00076301033441984 -219268.532429894 -323959.724277286 1.35312782660385e-16 4.26592705711801e-17
1.00955719557196e-07 0.00304458081782901 -0.000887749671394025 -255115.243962844 -294139.718193508 1.35318835561206e-16 4.22615734733869e-17
1.01357933579336e-07 0.00293513259976848 -0.000999661725517818 -287275.74135322 -260375.552026693 1.35324888732121e-16 4.19049802107911e-17
1.01760147601476e-07 0.00281353382811023 -0.00109724578649748 -315318.761053377 -223119.645400548 1.35330942173143e-16 4.1594299659462e-17
1.02162361623616e-07 0.00268152177576571 -0.00117919313829446 -338868.213471612 -182871.243560564 1.35336995884284e-16 4.13337254690773e-17
1.02564575645757e-07 0.00254097337917771 -0.00124440461052627 -357608.226770033 -140169.727273571 1.35343049865556e-16 4.11267798212149e-17
1.02966789667897e-07 0.00239388008494366 -0.00129200532177175 -371287.383691744 -95587.3844275965 1.3534910411697e-16 4.09762661859047e-17
1.03369003690037e-07 0.00224232116035194 -0.00132135641702738 -379722.094588295 -49721.7402019024 1.3535515863854e-16 4.08842317101241e-17
1.03771217712177e-07 0.00208843582552483 -0.00133206364184412 -382799.061394711 -3187.54859862837 1.35361213430276e-16 4.08519397428334e-17
1.04173431734318e-07 0.00193439458067333 -0.00132398263807087 -380476.799482927 43391.4473286469 1.35367268492192e-16 4.08798528652962e-17
1.04575645756458e-07 0.00178237011277497 -0.00129722089007077 -372786.196951701 89390.8761087887 1.35373323824298e-16 4.09676266546232e-17
1.04977859778598e-07 0.00163450817164067 -0.00125213629517255 -359830.103813008 134194.107283755 1.35379379426607e-16 4.11141142646183e-17
1.05380073800738e-07 0.00149289880576437 -0.00118933237736895 -341781.95653842 177200.517447417 1.35385435299132e-16 4.1317381763003e-17
1.05782287822878e-07 0.00135954834354376 -0.00110965020827088 -318883.456359849 217833.542084868 1.35391491441884e-16 4.15747340199115e-17
1.06184501845019e-07 0.00123635249548633 -0.00101415714346686 -291441.332403911 255548.405270877 1.35397547854875e-16 4.18827508011e-17
1.06586715867159e-07 0.00112507093800542 -0.000904132525130472 -259823.23300802 289839.423599476 1.35403604538118e-16 4.22373325825113e-17
1.06988929889299e-07 0.00102730371956652 -0.000781050542391447 -224452.800254618 320246.786419324 1.35409661491624e-16 4.26337554725022e-17
1.07391143911439e-07 0.000944469805532001 -0.00064656047909362 -185803.993711073 346362.721465045 1.35415718715406e-16 4.30667345059276e-17
1.0779335793358e-07 0.000877788049397431 -0.000502464613594438 -144394.739429812 367836.963209204 1.35421776209475e-16 4.35304944620228e-17
1.0819557195572e-07 0.000828260845601291 -0.000350694066745866 -100779.989311293 384381.450602658 1.35427833973843e-16 4.40188472571339e-17
1.0859778597786e-07 0.000796660683155311 -0.000193282921713634 -55544.2838400551 395774.191197494 1.35433892008523e-16 4.45252748751687e-17
1.09e-07 0.000783519780468377 -3.23409624715673e-05 -9293.91786535002 401862.239818288 1.35439950313527e-16 4.50430167243653e-17
