0 -0.00139 0 0 400000 1.33808e-16 4.46026666666667e-17
6.89873417721519e-10 -0.00136264638642721 0.000277317047767247 79693.4187371786 396104.33052693 1.33859804522144e-16 4.55085695885802e-17
1.37974683544304e-09 -0.00128058080329372 0.000546496819269716 157048.40437055 376485.920835611 1.33911629050686e-16 4.63884040912298e-17
2.06962025316456e-09 -0.00114649165783757 0.000796852525465813 228993.862782732 341917.346450991 1.3396347359335e-16 4.72079254303861e-17
2.75949367088608e-09 -0.000965133191660757 0.00101844037043612 292672.215983395 293764.84781814 1.34015338157868e-16 4.79352697089814e-17
3.44936708860759e-09 -0.000743137584426944 0.00120245450393675 345552.900790528 233934.33398712 1.3406722275197e-16 4.85422194630715e-17
4.13924050632911e-09 -0.000488752450321768 0.00134157696183254 385532.932245861 164795.946195805 1.34119127383392e-16 4.90053250109602e-17
4.82911392405063e-09 -0.000211514117132611 0.00143026868801933 411020.535443844 89090.1671144591 1.34171052059872e-16 4.93068370038466e-17
5.51898734177215e-09 7.81303694187226e-05 0.00146499006452808 420998.519918728 9819.1951148635 1.34222996789152e-16 4.94354130924912e-17
6.20886075949367e-09 0.000369237533382676 0.00144434216982845 415064.873460326 -69872.1108110443 1.34274961578976e-16 4.93865705753235e-17
6.89873417721519e-09 0.0006508016194163 0.00136912312822777 393448.955407127 -146820.994258181 1.3432694643709e-16 4.91628669644564e-17
7.58860759493671e-09 0.000912191383128698 0.00124229728108719 357002.637287676 -217972.323139421 1.34378951371245e-16 4.87738011979309e-17
8.27848101265823e-09 0.00114357218590815 0.00106887836977085 307166.732759809 -280499.888322207 1.34430976389195e-16 4.82354393111587e-17
8.96835443037975e-09 0.00133629663576657 0.000855731333546324 245914.039688136 -331918.66324132 1.34483021498695e-16 4.75697793181141e-17
9.65822784810127e-09 0.00148324825766218 0.000611300557574733 175671.245966681 -370183.565454104 1.34535086707504e-16 4.68038804091939e-17
1.03481012658228e-08 0.00157912453501153 0.000345275328324154 99222.7904533589 -393770.795115411 1.34587172023385e-16 4.59687909365437e-17
1.10379746835443e-08 0.00162064806516287 6.82057501084172e-05 19600.4877717995 -401738.515349357 1.34639277454103e-16 4.50983176570151e-17
1.17278481012658e-08 0.00160669742038557 -0.000208915652248243 -60036.7077661369 -393764.458158222 1.34691403007426e-16 4.42276850197444e-17
1.24177215189873e-08 0.0015383524895423 -0.000475090051835435 -136528.030799486 -370158.954392607 1.34743548691125e-16 4.33921376682735e-17
1.31075949367089e-08 0.00141885246782246 -0.000719748856632989 -206836.353837865 -331852.861137138 1.34795714512974e-16 4.26255416014633e-17
1.37974683544304e-08 0.00125346812817485 -0.000933173339208477 -268168.777486516 -280360.855974958 1.34847900480751e-16 4.19590395120907e-17
1.44873417721519e-08 0.00104929341083584 -0.00110688069765748 -318087.573918476 -217721.545455162 1.34900106602235e-16 4.14198136931714e-17
1.51772151898734e-08 0.000814964571529827 -0.00123396121220542 -354607.076562632 -146416.755882001 1.3495233288521e-16 4.10300056533457e-17
1.58670886075949e-08 0.000560318007270883 -0.00130935309696262 -376272.665064003 -69273.2017053039 1.35004579337462e-16 4.08058353819137e-17
1.65569620253165e-08 0.000296000316852003 -0.00133004411400552 -382218.703717501 10649.5725479423 1.3505684596678e-16 4.07569552966741e-17
1.7246835443038e-08 3.30460541318015e-05 -0.0012951919195115 -372203.125691976 90180.5345581853 1.35109132780956e-16 4.08860646067695e-17
1.79367088607595e-08 -0.000217560079540723 -0.00120615833406835 -346617.281390225 166162.978268741 1.35161439787786e-16 4.11887994969068e-17
1.8626582278481e-08 -0.000445319233350572 -0.00106645614374066 -306470.650514401 235579.817925254 1.35213766995068e-16 4.165390359802e-17
1.93164556962025e-08 -0.00064063529018959 -0.000881610509559786 -253351.014901953 295673.389023832 1.35266114410602e-16 4.22636720867006e-17
2.0006329113924e-08 -0.000795196081655427 -0.000658940453066215 -189361.663380848 344054.999190764 1.35318482042194e-16 4.29946518929258e-17
2.06962025316456e-08 -0.000902303790818278 -0.000407269059797617 -117038.112090352 378799.877001033 1.35370869897649e-16 4.3818570324001e-17
2.13860759493671e-08 -0.000957141409567456 -0.000136573875111263 -39247.6376963886 398523.744612668 1.3542327798478e-16 4.47034553361868e-17
2.20759493670886e-08 -0.000956964650248269 0.000142408655094476 40924.3956461262 402437.967980407 1.35475706311398e-16 4.56149030648508e-17
2.27658227848101e-08 -0.000901211665897801 0.000418609016904152 120296.909042897 390381.087483782 1.35528154885321e-16 4.65174423622079e-17
2.34556962025316e-08 -0.00079152619258215 0.00068106384470917 195719.327751949 362825.468408892 1.35580623714367e-16 4.73759422221084e-17
2.41455696202532e-08 -0.000631693161888696 0.00091935109416533 264196.638121193 320858.797720219 1.35633112806359e-16 4.8157006248263e-17
2.48354430379747e-08 -0.000427489305286821 0.00112400389836724 323008.318659092 266141.151794704 1.35685622169122e-16 4.88302988149686e-17
2.55253164556962e-08 -0.000186454646985968 0.00128688667320734 369816.422542054 200839.329649751 1.35738151810485e-16 4.93697502591204e-17
2.62151898734177e-08 8.24060758963089e-05 0.00140151852985663 402758.517613829 127541.049175427 1.35790701738278e-16 4.97545932231653e-17
2.69050632911392e-08 0.000368980242393546 0.00146333113789482 420521.789274497 49152.4041142519 1.35843271960337e-16 4.99701889517158e-17
2.75949367088607e-08 0.000662448286057498 0.0014698507792821 422395.357867832 -31217.3547810459 1.35895862484499e-16 5.00086106652979e-17
2.82848101265823e-08 0.00095171284657087 0.00142079733824057 408298.725695752 -110379.146313461 1.35948473318604e-16 4.98689607635261e-17
2.89746835443038e-08 0.00122583911263106 0.0013180962660944 378785.215389774 -185190.601476231 1.36001104470496e-16 4.95574091652382e-17
2.96645569620253e-08 0.00147448888337915 0.00116580301258059 335020.253513682 -252680.800967165 1.36053755948021e-16 4.90869511561869e-17
3.03544303797468e-08 0.00168833111820927 0.000969942889119218 278735.351598735 -310168.256099416 1.36106427759029e-16 4.84768942469033e-17
3.10443037974683e-08 0.00185941267130677 0.000738272687152061 212159.601701847 -355367.44788024 1.36159119911373e-16 4.77520943025009e-17
3.17341772151899e-08 0.0019814744812211 0.000479973482612812 137931.396719284 -386479.691342024 1.36211832412907e-16 4.69419711653202e-17
3.24240506329114e-08 0.00205020064496018 0.000205286792431835 58993.8716072498 -402264.712700141 1.36264565271491e-16 4.60793427548324e-17
3.31139240506329e-08 0.00206339046502757 -7.48914979865057e-05 -21521.7908777912 -402090.091017942 1.36317318494987e-16 4.51991238488478e-17
3.38037974683544e-08 0.00202104661117134 -0.000349443335752707 -100420.563053268 -385956.593508809 1.36370092091259e-16 4.43369411386671e-17
3.44936708860759e-08 0.00192537586534149 -0.000607469686138841 -174570.357132306 -354498.389616773 1.36422886068175e-16 4.3527719493795e-17
3.51835443037975e-08 0.00178070238652937 -0.000838723195856247 -241026.360947186 -308958.125677355 1.36475700433606e-16 4.28042955357334e-17
3.5873417721519e-08 0.00159329690419188 -0.00103401515842597 -297147.988789325 -251137.839727587 1.36528535195425e-16 4.21961135581481e-17
3.65632911392405e-08 0.00137112858704318 -0.00118558061941121 -340703.802777826 -183327.655308159 1.36581390361509e-16 4.17280555836619e-17
3.7253164556962e-08 0.00112354940558886 -0.00128738711445297 -369960.235820258 -108215.075792989 1.3663426593974e-16 4.14194520436934e-17
3.79430379746836e-08 0.000860923489867498 -0.00133537476464082 -383750.588528193 -28778.4718291786 1.36687161937998e-16 4.1283312416851e-17
3.86329113924051e-08 0.000594216171812832 -0.00132761817341245 -381521.554007191 51831.0167726367 1.36740078364171e-16 4.13258064465074e-17
3.93227848101266e-08 0.000334559007425175 -0.00126440366915388 -363355.415290867 130414.481901067 1.36793015226147e-16 4.15460166246123e-17
4.00126582278481e-08 9.28080335863863e-05 -0.00114821879507715 -329967.025016014 203852.192187204 1.36845972531819e-16 4.19359718703277e-17
4.07025316455696e-08 -0.000120887210469176 -0.000983654429629176 -282675.677475523 269227.444576888 1.36898950289081e-16 4.248096117539e-17
4.13924050632912e-08 -0.000297486787490595 -0.000777223388495618 -223352.979740705 323942.405613811 1.36951948505833e-16 4.31601148758489e-17
4.20822784810127e-08 -0.0004294195825251 -0.000537102675565852 -154348.781560135 365821.341641866 1.37004967189974e-16 4.39472305830749e-17
4.27721518987342e-08 -0.000510884364941264 -0.000272809583337699 -78398.0953767178 393197.135887588 1.3705800634941e-16 4.48118110876228e-17
4.34620253164557e-08 -0.000538080720659166 5.17552732846665e-06 1487.30656803846 404977.652136904 1.37111065992048e-16 4.57202731237874e-17
4.41518987341773e-08 -0.000509360661888452 0.000285824816964813 82138.3214888839 400689.303273165 1.37164146125798e-16 4.66372790854148e-17
4.48417721518988e-08 -0.000425294866405794 0.000558000446973153 160354.23582573 380496.086653857 1.37217246758574e-16 4.75271388851387e-17
4.55316455696203e-08 -0.000288650884389854 0.00081089659387751 233029.748184362 345193.321344434 1.37270367898292e-16 4.83552263448517e-17
4.62215189873418e-08 -0.000104284143779214 0.00103446845671968 297278.254458257 296176.326006236 1.37323509552872e-16 4.90893539070031e-17
4.69113924050633e-08 0.000121053953565649 0.00121983122542833 350546.500546683 235385.270924004 1.37376671730236e-16 4.97010510888412e-17
4.76012658227849e-08 0.000378983260322062 0.0013596131636525 390716.048810959 165228.383774478 1.3742985443831e-16 5.01666959010448e-17
4.82911392405064e-08 0.000659826859676485 0.00144824877461058 416187.526009998 88486.5487114287 1.37483057685023e-16 5.046845426837e-17
4.89810126582279e-08 0.000952994637807672 0.00148220039117043 425944.302295813 8203.07800875274 1.37536281478307e-16 5.05949900929023e-17
4.96708860759494e-08 0.00124740324895639 0.00146009936768947 419593.065929464 -72436.9745414697 1.37589525826097e-16 5.05419176891898e-17
5.03607594936709e-08 0.00153191581887643 0.00138280123871364 397379.674399197 -150233.172507824 1.3764279073633e-16 5.03119785347773e-17
5.10506329113925e-08 0.00179578394262078 0.00125335262208117 360179.643267687 -222096.715028284 1.37696076216948e-16 4.99149352145127e-17
5.1740506329114e-08 0.0020290744348189 0.0010768711459517 309463.640447891 -285173.073297272 1.37749382275894e-16 4.93671866587189e-17
5.24303797468355e-08 0.00222306388899439 0.000860343131823497 247239.345774412 -336955.376241638 1.37802708921116e-16 4.86911198386538e-17
5.3120253164557e-08 0.00237058537357654 0.00061234703166392 175971.974315186 -375384.041577055 1.37856056160564e-16 4.79142235484518e-17
5.38101265822786e-08 0.00246631348588384 0.000342713567159033 98486.6095842765 -398928.692612798 1.37909424002191e-16 4.70679993553348e-17
5.45000000000001e-08 0.00250697642658547 6.21360355860481e-05 17856.2159899497 -406649.102715876 1.37962812453954e-16 4.618671286375e-17
5.51898734177216e-08 0.0024914866492995 -0.000218253770119456 -62720.2302676179 -398232.740471756 1.38016221523812e-16 4.53060347936333e-17
5.58797468354431e-08 0.00242098486844726 -0.000487327208803832 -140044.658725128 -374007.416351416 1.38069651219728e-16 4.44616257653517e-17
5.65696202531646e-08 0.00229879564524832 -0.000734400484002487 -211046.835250888 -334928.519327597 1.38123101549667e-16 4.36877209389513e-17
5.72594936708862e-08 0.002130296280484 -0.000949658851701752 -272906.26788172 -282541.34020117 1.38176572521597e-16 4.30157706828061e-17
5.79493670886077e-08 0.00192270418414731 -0.00112454649955224 -323164.247563541 -218919.967389719 1.38230064143492e-16 4.24731912446653e-17
5.86392405063292e-08 0.00168479112971688 -0.00125210661011324 -359821.573129876 -146585.171334613 1.38283576423324e-16 4.20822750529945e-17
5.93291139240507e-08 0.00142653570596137 -0.00132725809190414 -381418.076321082 -68404.528549987 1.38337109369073e-16 4.18593039599934e-17
6.00189873417722e-08 0.00115872773646751 -0.0013469979704505 -387090.783496792 12521.2575053502 1.38390662988719e-16 4.18139006997281e-17
6.07088607594938e-08 0.000892540348786198 -0.00131052137778907 -376608.397374204 92981.3321807907 1.38444237290246e-16 4.19486443937615e-17
6.13987341772153e-08 0.000639086665121923 -0.00121925434626946 -350380.721079684 169782.084739269 1.38497832281642e-16 4.22589654666949e-17
6.20886075949368e-08 0.000408978703410803 -0.00107679807140444 -309442.640799508 239873.908256731 1.38551447970897e-16 4.27333242502905e-17
6.27784810126583e-08 0.000211905996695298 -0.000888786821766074 -255413.292927228 300472.293016456 1.38605084366003e-16 4.33536662970005e-17
6.34683544303798e-08 5.62506628533401e-05 -0.000662665102083337 -190432.026765142 349168.44505742 1.38658741474958e-16 4.40961364385368e-17
6.41582278481013e-08 -5.12457834999825e-05 -0.000407392882672385 -117073.695435435 384025.03542178 1.38712419305761e-16 4.49320233486848e-17
6.48481012658228e-08 -0.000105750632842303 -0.000133090566755496 -38246.629090456 403653.274106534 1.38766117866414e-16 4.58288972100266e-17
6.55379746835444e-08 -0.000104532526376009 0.000149362236487004 42922.666859885 407268.24247025 1.38819837164923e-16 4.67518954055732e-17
6.62278481012659e-08 -4.7070674179156e-05 0.000428758226421034 123213.517345172 394720.279575536 1.38873577209297e-16 4.76651052638425e-17
6.69177215189874e-08 6.49236211333798e-05 0.000694007098063432 199438.868680599 366501.16750709 1.38927338007547e-16 4.85329890142169e-17
6.76075949367089e-08 0.000227574023371491 0.000934575757405906 268571.794544256 323724.860439931 1.3898111956769e-16 4.9321794412928e-17
6.82974683544304e-08 0.000434992177018287 0.00114090659124638 327865.695413418 268083.51248308 1.39034921897742e-16 5.00008950469038e-17
6.89873417721519e-08 0.000679510636881031 0.00130479718207623 374963.41835272 201780.539998095 1.39088745005724e-16 5.05440070921532e-17
6.96772151898735e-08 0.000951986499114607 0.00141972638238916 407990.96195096 127443.366255449 1.39142588899662e-16 5.09302341862819e-17
7.0367088607595e-08 0.00124216370991762 0.00148111378592639 425632.041338861 48019.3037148908 1.39196453587582e-16 5.114489887815e-17
7.10569620253165e-08 0.00153907969466248 0.00148650227181798 427180.546437898 -33341.3001881476 1.39250339077515e-16 5.11801275723186e-17
7.1746835443038e-08 0.00183150018561434 0.00143565634680185 412568.802854106 -113410.020767891 1.39304245377495e-16 5.10351656568567e-17
7.24367088607595e-08 0.00210836500097616 0.00133057234983583 382370.504407562 -189008.460928463 1.39358172495557e-16 5.07164102029995e-17
7.3126582278481e-08 0.00235922708668214 0.00117540008004747 337778.191124965 -257134.419900242 1.39412120439742e-16 5.02371588297514e-17
7.38164556962025e-08 0.00257466739292978 0.000976278924372319 280556.156755231 -315081.117533715 1.39466089218092e-16 4.96170845912895e-17
7.45063291139241e-08 0.00274666910982057 0.000741094955895084 212970.645402685 -360544.739500407 1.39520078838654e-16 4.88814576228883e-17
7.51962025316456e-08 0.00286893639313889 0.000479168613051331 137700.098977193 -391716.030460913 1.39574089309477e-16 4.8060144340154e-17
7.58860759493671e-08 0.00293714490872214 0.000200885328778702 57729.0100028524 -407352.293740241 1.39628120638612e-16 4.71864238270759e-17
7.65759493670886e-08 0.00294911422507708 -8.27162522208333e-05 -23770.4136030525 -406826.932302915 1.39682172834116e-16 4.62956683194221e-17
7.72658227848101e-08 0.00290489518186105 -0.000360382140980758 -103564.079806177 -390154.556091352 1.39736245904045e-16 4.5423940102123e-17
7.79556962025316e-08 0.00280676873376951 -0.000621089587804882 -178484.348483974 -357990.649790432 1.39790339856463e-16 4.46065604769923e-17
7.86455696202532e-08 0.00265915628152847 -0.000854484660466461 -245555.779564635 -311605.804380042 1.39844454699433e-16 4.38767075871456e-17
7.93354430379747e-08 0.00246844501473882 -0.0010512934462754 -302113.301379131 -252835.525392625 1.39898590441023e-16 4.32640987610962e-17
8.00253164556962e-08 0.00224273516582961 -0.00120369054736798 -345908.106240519 -184007.600535551 1.39952747089305e-16 4.27938097064489e-17
8.07151898734177e-08 0.00199151917636112 -0.00130561022728304 -375197.065554146 -107849.900764437 1.40006924652351e-16 4.24852774718112e-17
8.14050632911392e-08 0.00172530548315476 -0.00135298783738365 -388812.109241198 -27382.2665926034 1.4006112313824e-16 4.23515268199677e-17
8.20949367088607e-08 0.00145520183465322 -0.0013439219140727 -386206.808094096 54203.2355166822 1.4011534255505e-16 4.23986508035622e-17
8.27848101265822e-08 0.00119247465990282 -0.00127875048258714 -367478.301423134 133668.938586613 1.40169582910867e-16 4.262556625722e-17
8.34746835443038e-08 0.000948101969393507 -0.00116003850576876 -333363.690172673 207860.059332428 1.40223844213775e-16 4.30240540167063e-17
8.41645569620253e-08 0.000732337530460319 -0.000992476941650204 -285211.028801618 273829.942362959 1.40278126471865e-16 4.35790823787978e-17
8.48544303797468e-08 0.000554303619319216 -0.0007826973820878 -224926.057440106 328957.092230425 1.4033242969323e-16 4.42694010732477e-17
8.55443037974683e-08 0.000421628524295632 -0.000539009596764255 -154896.779134704 371049.345197826 1.40386753885964e-16 4.50683822767833e-17
8.62341772151898e-08 0.000340143204892364 -0.000271072369570358 -77898.8671276385 398431.041218163 1.40441099058167e-16 4.59450753850046e-17
8.69240506329113e-08 0.000313649169032601 1.04893340127181e-05 3014.35088278919 410009.729736395 1.40495465217942e-16 4.68654337612244e-17
8.76139240506328e-08 0.000343766808849056 0.000294505694770629 84632.9709724087 405319.753881476 1.40549852373393e-16 4.7793664839454e-17
8.83037974683544e-08 0.000429870245588449 0.000569705155370786 163717.85243365 384540.974278513 1.40604260532628e-16 4.86936500440796e-17
8.89936708860759e-08 0.000569111303022175 0.000825161745052814 237129.16679247 348491.879738961 1.4065868970376e-16 4.95303781971006e-17
8.96835443037974e-08 0.000756531692287839 0.00105072886086697 301951.05480349 298597.348371513 1.40713139894902e-16 5.02713355267295e-17
9.03734177215189e-08 0.000985258989652777 0.00123744228361177 355607.442329806 236832.328873612 1.40767611114173e-16 5.08877970916632e-17
9.10632911392404e-08 0.00124677866127393 0.00137787642103465 395964.415003298 165643.667973108 1.40822103369693e-16 5.13559683267944e-17
9.17531645569619e-08 0.00153127136775965 0.00146643962107039 421415.083261803 87853.1782205165 1.40876616669586e-16 5.16579313449533e-17
9.24430379746835e-08 0.00182800218624933 0.00149959681071249 430943.562738889 6545.78609089179 1.40931151021979e-16 5.17823583609069e-17
9.3132911392405e-08 0.00212574632197924 0.00147601059599622 424165.522582533 -75052.806005665 1.40985706435004e-16 5.17249638321448e-17
9.38227848101265e-08 0.00241323442709031 0.00139659519139709 401343.683305586 -153704.092304508 1.41040282916792e-16 5.14886772702434e-17
9.4512658227848e-08 0.00267959985970964 0.00126448100454228 363377.639389748 -226285.293849149 1.4109488047548e-16 5.10835297561154e-17
9.52025316455695e-08 0.00291481013250614 0.00108489124735094 311768.400664655 -289913.34513644 1.41149499119209e-16 5.05262585527478e-17
9.5892405063291e-08 0.00311006542057909 0.000864935436887252 248559.050038399 -342059.414505032 1.41204138856122e-16 4.98396453993354e-17
9.65822784810125e-08 0.00325814829932643 0.000613327949705558 176253.863628766 -380649.409339096 1.41258799694363e-16 4.90516146468241e-17
9.72721518987341e-08 0.0033537108124902 0.000340042771218727 97719.095069947 -404146.471660067 1.41313481642082e-16 4.81941269367874e-17
9.79620253164556e-08 0.00339348745255127 5.59181183200774e-05 16069.3547481338 -411612.182931449 1.41368184707432e-16 4.73019122541557e-17
9.86518987341771e-08 0.00337642557174755 -0.000227773391716378 -65455.9120306075 -402744.040658127 1.41422908898568e-16 4.64110925764401e-17
9.93417721518986e-08 0.00330372801586264 -0.000499771979524185 -143620.949227607 -377887.710184088 1.41477654223649e-16 4.55577487433623e-17
1.0003164556962e-07 0.00317880625476688 -0.000749277605119878 -215322.117467966 -338023.555677613 1.41532420690835e-16 4.47764884057656e-17
1.00721518987342e-07 0.00300714583537696 -0.000966378795079699 -277711.127372359 -284727.974951078 1.41587208308293e-16 4.40990718918109e-17
1.01411392405063e-07 0.00279608946329685 -0.00114244636844397 -328308.185732559 -220111.062991696 1.4164201708419e-16 4.35531505516881e-17
1.02101265822785e-07 0.00255454629073915 -0.00127047642095645 -365100.559904894 -146733.069173196 1.41696847026697e-16 4.31611676989195e-17
1.02791139240506e-07 0.00229263892048424 -0.00134536893512397 -386622.642805624 -67502.9557414327 1.41751698143989e-16 4.2939465832285e-17
1.03481012658228e-07 0.00202130211210747 -0.00136413093330448 -392014.333613616 14436.9231618436 1.41806570444243e-16 4.28976356520666e-17
1.04170886075949e-07 0.001751849099025 -0.00132599608161115 -381055.408697366 95835.4502498882 1.41861463935639e-16 4.30381328012983e-17
1.04860759493671e-07 0.00149552271656745 -0.00123245596533141 -354174.509324523 173461.738741629 1.41916378626362e-16 4.33561776468128e-17
1.05550632911392e-07 0.0012630491507779 -0.00108720176043968 -312432.379632271 244233.372887056 1.41971314524599e-16 4.38399421870468e-17
1.06240506329114e-07 0.00106421202049295 -0.000895978581635571 -257480.010193085 305338.805257023 1.4202627163854e-16 4.44710167791869e-17
1.06930379746835e-07 0.000907463705085522 -0.000666358254057415 -191493.338751188 354349.050637255 1.42081249976377e-16 4.52251382694908e-17
1.07620253164557e-07 0.000799589358512877 -0.000407439495774368 -117087.090780167 389314.239303312 1.42136249546308e-16 4.607315072851e-17
1.08310126582278e-07 0.000745436965176012 -0.000129487382670992 -37211.1714424481 408841.191665227 1.42191270356532e-16 4.69821607498131e-17
1.09e-07 0.000747724177079214 0.000156473618217645 44966.2856226793 412148.92804323 1.42246312415252e-16 4.79168415339672e-17
