0 -0.00139 0 0 400000 1.33808e-16 4.46026666666667e-17
3.52750809061489e-10 -0.00138284825662455 0.000141457910793368 40651.1774494441 399972.203220631 1.33811541294967e-16 4.50571348276685e-17
7.05501618122977e-10 -0.00136135727450309 0.000282179199277753 81090.6695712334 395823.697069231 1.33815082683422e-16 4.55092425873062e-17
1.05825242718447e-09 -0.0013256754014461 0.000420714066686115 120901.843413457 387597.112694065 1.33818624165368e-16 4.59543442104116e-17
1.41100323624595e-09 -0.00127609719065735 0.000555635201553337 159674.528266547 375377.096718905 1.33822165740807e-16 4.63878660201265e-17
1.76375404530744e-09 -0.00121306036996293 0.00068555248516846 197009.241612503 359289.440281436 1.33825707409742e-16 4.68053535200545e-17
2.11650485436893e-09 -0.00113714133590552 0.000809127314237248 232521.305070714 339499.784157819 1.33829249172176e-16 4.72025172898004e-17
2.46925566343042e-09 -0.001049049219087 0.000925086393185917 265844.807933004 316211.913302672 1.3383279102811e-16 4.75752771810282e-17
2.82200647249191e-09 -0.00094961858186334 0.00103223485399701 296636.3774496 289665.658364099 1.33836332977547e-16 4.79198043586637e-17
3.1747572815534e-09 -0.000839800823587674 0.00112946856839269 324578.717017596 260134.425783021 1.3383987502049e-16 4.82325607540542e-17
3.52750809061489e-09 -0.000720654381914778 0.00121578552549806 349383.875813643 227922.381913103 1.33843417156941e-16 4.85103355235531e-17
3.88025889967638e-09 -0.000593333831086069 0.00129029615774156 370796.216178439 193361.32016274 1.33846959386903e-16 4.87502781368347e-17
4.23300970873786e-09 -0.000459077989480831 0.0013522325085822 388595.048173573 156807.243426937 1.33850501710378e-16 4.89499277539601e-17
4.58576051779935e-09 -0.000319197158929313 0.00140095614758275 402596.904159468 118636.697011044 1.33854044127368e-16 4.9107238588437e-17
4.93851132686084e-09 -0.000175059627231575 0.00143596475125081 412657.429951103 79242.8898197462 1.33857586637877e-16 4.92206009948671e-17
5.29126213592233e-09 -2.80775729202901e-05 0.00145689728181341 418672.873057775 39031.643767138 1.33861129241906e-16 4.92888580638115e-17
5.64401294498382e-09 0.000120307482532299 0.00146353771053412 420581.152663714 -1582.78686551278 1.33864671939458e-16 4.93113175527881e-17
5.99676375404531e-09 0.000268639525196737 0.0014558172471745 418362.500315017 -42181.9830567235 1.33868214730535e-16 4.92877590303577e-17
6.3495145631068e-09 0.000415463048869124 0.00143381505259179 412039.664700927 -82347.671691603 1.3387175761514e-16 4.92184361595719e-17
6.70226537216829e-09 0.000559338050419041 0.0013977574270909 401677.678408175 -121666.034819256 1.33875300593276e-16 4.91040740971288e-17
7.05501618122978e-09 0.000698854865813126 0.00134801548285283 387383.189039842 -159731.97312468 1.33878843664945e-16 4.89458620349018e-17
7.40776699029126e-09 0.000832648693962146 0.00128510132437894 369303.361578371 -196153.279689571 1.33882386830148e-16 4.8745440960556e-17
7.76051779935275e-09 0.000959413658751563 0.00120966277626291 347624.363289806 -230554.681039572 1.3388593008889e-16 4.85048867632202e-17
8.11326860841424e-09 0.00107791626436952 0.0011224767125688 322569.4467675 -262581.703841591 1.33889473441172e-16 4.8226688858146e-17
8.46601941747573e-09 0.00118700810529286 0.00102444105650261 294396.650854085 -291904.327410015 1.33893016886996e-16 4.79137245504557e-17
8.81877022653722e-09 0.00128563769996709 0.000916565532765196 263396.143117852 -318220.384386245 1.33896560426366e-16 4.75692294019814e-17
9.17152103559871e-09 0.00137286132624067 0.000799961267827709 229887.231253179 -341258.674549457 1.33900104059283e-16 4.71967639063882e-17
9.5242718446602e-09 0.00144785274689557 0.000675829345241872 194215.074186272 -360781.759671015 1.33903647785751e-16 4.680017681581e-17
9.87702265372169e-09 0.00150991172504744 0.000545448433866507 156747.126762092 -376588.410610156 1.33907191605771e-16 4.63835654967388e-17
1.02297734627832e-08 0.00155847124165371 0.000410161616445763 117869.354633995 -388515.681430613 1.33910735519346e-16 4.59512337235208e-17
1.05825242718447e-08 0.00159310334073708 0.000271362554216381 77982.2583460754 -396440.589159745 1.33914279526479e-16 4.55076473442238e-17
1.09352750809062e-08 0.0016135235420679 0.000130481130065418 37496.7475650147 -400281.381874082 1.33917823627171e-16 4.50573882755721e-17
1.12880258899676e-08 0.0016195937758058 -1.10312818641403e-05 -3170.09203683947 -399998.382035979 1.33921367821426e-16 4.460510730087e-17
1.16407766990291e-08 0.00161132380882771 -0.000151716768370036 -43599.2956383723 -395594.396381695 1.33924912109247e-16 4.41554761571839e-17
1.19935275080906e-08 0.00158887114800755 -0.000290125897150708 -83374.3355999397 -387114.688126589 1.33928456490634e-16 4.37131394053816e-17
1.23462783171521e-08 0.00155253942140384 -0.000424832649787402 -122085.412798525 -374646.51176224 1.33932000965591e-16 4.3282666578885e-17
1.26990291262136e-08 0.00150277525399298 -0.000554449113899273 -159333.678755724 -358318.215226682 1.33935545534121e-16 4.28685051041282e-17
1.30517799352751e-08 0.00144016367009603 -0.000677639783099363 -194735.345058316 -338297.918686219 1.33939090196226e-16 4.24749344777783e-17
1.34045307443366e-08 0.00136542206982661 -0.000793135317416007 -227925.637731184 -314791.783529476 1.33942634951908e-16 4.21060221728413e-17
1.37572815533981e-08 0.00127939284157982 -0.000899745622398819 -258562.555818616 -288041.889396527 1.33946179801169e-16 4.1765581727975e-17
1.41100323624596e-08 0.00118303468663594 -0.000996372112143985 -286330.395446089 -258323.741104649 1.33949724744013e-16 4.14571334518502e-17
1.4462783171521e-08 0.00107741274522302 -0.00108201902987762 -310943.003049728 -225943.43114578 1.33953269780442e-16 4.1183868147474e-17
1.48155339805825e-08 0.000963687625732914 -0.00115580370944214 -332146.724249945 -191234.486979939 1.33956814910457e-16 4.09486142302827e-17
1.5168284789644e-08 0.000843103450088083 -0.00121696567193892 -349723.017980486 -154554.435596994 1.33960360134063e-16 4.07538085788598e-17
1.55210355987055e-08 0.000716975038395723 -0.00126487446377832 -363490.708932015 -116281.120732879 1.3396390545126e-16 4.06014714186888e-17
1.5873786407767e-08 0.000586674364896394 -0.00129903615535254 -373307.855094914 -76808.810675568 1.33967450862052e-16 4.04931854978057e-17
1.62265372168285e-08 0.000453616424725341 -0.00131909843334343 -379073.211150816 -36544.136754554 1.33970996366441e-16 4.04300797690081e-17
1.657928802589e-08 0.000319244657078489 -0.00132485423416464 -380727.272625599 4098.09564697992 1.3397454196443e-16 4.04128177468529e-17
1.69320388349515e-08 0.000185016074949024 -0.00131624388106615 -378252.890035428 44699.1804036575 1.33978087656021e-16 4.04415906595186e-17
1.7284789644013e-08 5.23862546275294e-05 -0.00129335570284422 -371675.446687255 84840.82425957 1.33981633441216e-16 4.05161154662113e-17
1.76375404530744e-08 -7.72056603925251e-05 -0.00125642512774228 -361062.59829045 124109.456300231 1.33985179320018e-16 4.06356377606686e-17
1.79902912621359e-08 -0.00020235178660651 -0.00120583226183781 -346523.577050677 162100.488886434 1.3398872529243e-16 4.07989395309768e-17
1.83430420711974e-08 -0.000321690006026142 -0.00114209797682356 -328208.06740405 198422.48615052 1.33992271358453e-16 4.10043516958842e-17
1.86957928802589e-08 -0.000433918000591261 -0.00106587854744964 -306304.664963018 232701.19710672 1.33995817518091e-16 4.12497712885826e-17
1.90485436893204e-08 -0.000537806670864106 -0.000977958893835599 -281038.93453965 264583.411820947 1.33999363771345e-16 4.15326831110417e-17
1.94012944983819e-08 -0.000632212800743887 -0.000879244498236896 -252671.087242943 293740.600907211 1.34002910118219e-16 4.18501856359228e-17
1.97540453074434e-08 -0.000716090837703686 -0.000770752079508005 -221493.300571755 319872.300849078 1.34006456558715e-16 4.21990208893295e-17
2.01067961165049e-08 -0.000788503667160605 -0.000653599121305685 -187826.709103665 342709.210262227 1.34010003092835e-16 4.2575608006633e-17
2.04595469255664e-08 -0.000848632269949785 -0.000528992361887677 -152018.096774442 362015.96519127 1.34013549720581e-16 4.29760801157609e-17
2.08122977346278e-08 -0.0008957841633768 -0.000398215364063121 -114436.324817996 377593.5648399 1.34017096441957e-16 4.33963241680485e-17
2.11650485436893e-08 -0.000929400538852482 -0.000262615293330843 -75468.532160949 389281.422734084 1.34020643256965e-16 4.38320233063722e-17
2.15177993527508e-08 -0.000949062022540382 -0.000123589040402673 -35516.1474111857 396959.022176327 1.34024190165606e-16 4.42787013341358e-17
2.18705501618123e-08 -0.00095449299963149 1.7431168932979e-05 5009.24647813319 400547.15892527 1.34027737167884e-16 4.47317688270236e-17
2.22233009708738e-08 -0.000945564457657544 0.000158992528366631 45690.1522687461 400008.758287026 1.34031284263802e-16 4.51865704124986e-17
2.25760517799353e-08 -0.000922295319510601 0.000299636618043305 86107.4595412501 395349.258188951 1.3403483145336e-16 4.56384327299781e-17
2.29288025889968e-08 -0.000884852252395593 0.000437914429766712 125844.762532385 386616.554277777 1.34038378736563e-16 4.60827125775989e-17
2.32815533980583e-08 -0.000833547954643906 0.000572401295636596 164492.650221623 373900.50759617 1.34041926113413e-16 4.65148447495421e-17
2.36343042071198e-08 -0.000768837937997867 0.000701711566314588 201652.924467757 357332.019898325 1.34045473583911e-16 4.69303890710688e-17
2.39870550161812e-08 -0.000691315838476892 0.000824512887689315 236942.702736306 337081.686119728 1.34049021148061e-16 4.73250761466652e-17
2.43398058252427e-08 -0.000601707304096215 0.000939539928844994 269998.36314638 313358.037872839 1.34052568805864e-16 4.76948513499456e-17
2.46925566343042e-08 -0.000500862522372301 0.0010456074198868 300479.29118904 286405.396054265 1.34056116557324e-16 4.803591660206e-17
2.50453074433657e-08 -0.000389747464564336 0.00114162236528274 328071.389511419 256501.354676585 1.34059664402443e-16 4.83447695081264e-17
2.53980582524272e-08 -0.000269433936824002 0.00122659530687251 352490.314600826 223953.921837892 1.34063212341223e-16 4.86182394484167e-17
2.57508090614887e-08 -0.000141088540719948 0.0012996505204812 373484.407015721 189098.347275112 1.34066760373667e-16 4.88535202523857e-17
2.61035598705502e-08 -5.96065684221956e-06 0.00136003504105919 390837.284966825 152293.669176942 1.34070308499777e-16 4.90481991188292e-17
2.64563106796117e-08 0.000134630424740371 0.00140712642333597 404370.074519114 113919.015825383 1.34073856719556e-16 4.92002814841233e-17
2.68090614886732e-08 0.000279309094604159 0.00144043915800046 413943.253428496 74369.7001617107 1.34077405033007e-16 4.93082115822322e-17
2.71618122977346e-08 0.00042665759468277 0.00145962967726964 419458.089606855 34053.1475070921 1.34080953440131e-16 4.9370888484553e-17
2.75145631067961e-08 0.000575230623589217 0.00146449989823857 420857.659385 -6615.30161194588 1.34084501940931e-16 4.93876774542259e-17
2.78673139158576e-08 0.000723570226088301 0.00145499926746776 418127.435071777 -47216.6702951575 1.34088050535409e-16 4.93584164978101e-17
2.82200647249191e-08 0.00087022081332819 0.00143122528570406 411295.435744656 -87332.6616768717 1.34091599223569e-16 4.92834180466998e-17
2.85728155339806e-08 0.0010137441590889 0.00139342250728897 400431.939706755 -126549.96844219 1.34095148005412e-16 4.91634657508276e-17
2.89255663430421e-08 0.00115273421754834 0.00134198002452277 385648.761561111 -164464.531052166 1.34098696880942e-16 4.89998064175614e-17
2.92783171521036e-08 0.00128583160990146 0.00127742746286161 367098.101338671 -200685.700806311 1.3410224585016e-16 4.87941371787137e-17
2.96310679611651e-08 0.00141173763057539 0.00120042952816791 344970.977525523 -234840.264849992 1.34105794913069e-16 4.85485880177509e-17
2.99838187702265e-08 0.00152922762872918 0.00111177916215254 319495.260122109 -266576.291655522 1.34109344069671e-16 4.8265699837092e-17
3.0336569579288e-08 0.00163716362715882 0.00101238937648805 290933.323988249 -295566.757354147 1.3411289331997e-16 4.79483982913415e-17
3.06893203883495e-08 0.00173450604858135 0.000903283849687141 259579.346640333 -321512.915552929 1.34116442663966e-16 4.75999636559263e-17
3.1042071197411e-08 0.00182032442846456 0.000785586383589055 225756.278330692 -344147.375912247 1.34119992101664e-16 4.72239970414608e-17
3.13948220064725e-08 0.00189380700400678 0.000660509328048351 189812.515616238 -363236.859759223 1.34123541633065e-16 4.68243833018198e-17
3.1747572815534e-08 0.00195426908044665 0.000529341093053264 152118.312679052 -378584.60433887 1.34127091258172e-16 4.64052510179706e-17
3.21003236245955e-08 0.00200116008847693 0.00039343287690581 113061.967364311 -390032.390923928 1.34130640976987e-16 4.59709299697527e-17
3.2453074433657e-08 0.00203406926001878 0.000254184747175697 73045.8212229288 -397462.175878868 1.34134190789513e-16 4.55259065336875e-17
3.28058252427185e-08 0.00205272986384539 0.000113031217811771 32482.1147634856 -400797.307863582 1.34137740695752e-16 4.50747774662735e-17
3.31585760517799e-08 0.00205702195737972 -2.85735290107019e-05 -8211.25938914502 -400003.318625591 1.34141290695707e-16 4.46222025488739e-17
3.35113268608414e-08 0.00204697362627644 -0.000169170624064536 -48615.0616781418 -395088.279222403 1.34144840789381e-16 4.41728565820412e-17
3.38640776699029e-08 0.00202276069897778 -0.000307311540928919 -88313.0247894858 -386102.717992557 1.34148390976775e-16 4.37313812238389e-17
3.42168284789644e-08 0.00198470493914351 -0.00044157301968785 -126896.142319241 -373139.101108896 1.34151941257892e-16 4.33023371683428e-17
3.45695792880259e-08 0.00193327073453743 -0.000570571730714714 -163966.882748616 -356330.881054113 1.34155491632734e-16 4.28901571570092e-17
3.49223300970874e-08 0.00186906031644345 -0.000692978527462647 -199143.285310413 -335851.122810227 1.34159042101305e-16 4.24991003070337e-17
3.52750809061489e-08 0.0017928075588243 -0.000807532141410683 -232062.895546131 -311910.721904518 1.34162592663606e-16 4.21332082272658e-17
3.56278317152104e-08 0.00170537042106947 -0.000913052178058909 -262386.500003465 -284756.232659686 1.34166143319641e-16 4.17962633738417e-17
3.59805825242719e-08 0.00160772211215508 -0.00100845128006313 -289801.621592217 -254667.329012395 1.34169694069411e-16 4.1491750074636e-17
3.63333333333333e-08 0.00150094106721308 -0.00109274633217646 -314025.739581453 -221953.924050363 1.34173244912919e-16 4.12228186241467e-17
3.66860841423948e-08 0.00138619983974463 -0.0011650685925339 -334809.201056645 -186952.977934943 1.34176795850167e-16 4.09922528188068e-17
3.70388349514563e-08 0.001264753023887 -0.00122467264587389 -351937.7938334 -150025.027087282 1.34180346881159e-16 4.08024412672813e-17
3.73915857605178e-08 0.0011379243311389 -0.00127094408642559 -365234.954311445 -111550.470388744 1.34183898005895e-16 4.0655352771423e-17
3.77443365695793e-08 0.00100709295466392 -0.00130340585127519 -374563.587512813 -71925.6506505335 1.3418744922438e-16 4.05525160316339e-17
3.80970873786408e-08 0.000873679361634893 -0.00132172313892647 -379827.480543104 -31558.7717177321 1.34191000536615e-16 4.04950038858292e-17
3.84498381877023e-08 0.000739130659978103 -0.00132570686234464 -380972.294902891 9134.30673259847 1.34194551942603e-16 4.04834222445039e-17
3.88025889967638e-08 0.000604905690265256 -0.00131531560086998 -377986.127414901 49734.3533784473 1.34198103442347e-16 4.05179038360211e-17
3.91553398058253e-08 0.000472459996336397 -0.00129065603085193 -370899.633976617 89823.0842893138 1.34201655035848e-16 4.05981068266873e-17
3.95080906148867e-08 0.000343230829490606 -0.00125198183052709 -359785.714851817 128987.472316199 1.34205206723109e-16 4.07232183299621e-17
3.98608414239482e-08 0.000218622340739495 -0.00119969107038305 -344758.764731744 166824.002437435 1.34208758504133e-16 4.08919627687757e-17
4.02135922330097e-08 9.99911136850765e-05 -0.0011343221158541 -325973.49528066 202942.829218283 1.34212310378923e-16 4.11026150049314e-17
4.05663430420712e-08 -1.13678129216363e-05 -0.00105654808452174 -303623.342285196 236971.793549535 1.3421586234748e-16 4.13530181004518e-17
4.09190938511327e-08 -0.000114234288925978 -0.000967169914886566 -277938.473806874 268560.257279008 1.34219414409807e-16 4.16406055280065e-17
4.12718446601942e-08 -0.000207475625328408 -0.000867108118083786 -249183.419848232 297382.716224878 1.34222966565907e-16 4.19624276017146e-17
4.16245954692557e-08 -0.000290058266107746 -0.000757393297485357 -217654.34794291 323142.154341981 1.34226518815782e-16 4.23151818561319e-17
4.19773462783172e-08 -0.00036105843903625 -0.000639155533827983 -183676.012728541 345573.104477988 1.34230071159435e-16 4.26952470605465e-17
4.23300970873787e-08 -0.000419671675729723 -0.00051361274519656 -147598.410920829 364444.384178307 1.34233623596867e-16 4.30987205182479e-17
4.26828478964401e-08 -0.00046522110282257 -0.000382058141757149 -109793.176143125 379561.478345542 1.34237176128083e-16 4.35214582665809e-17
4.30355987055016e-08 -0.000497164418815655 -0.000245846904463035 -70649.7507468627 390768.544196856 1.34240728753083e-16 4.39591177636996e-17
4.33883495145631e-08 -0.00051509948468337 -0.000106382224955839 -30571.3740567224 397950.017853226 1.34244281471871e-16 4.44072026223084e-17
4.37411003236246e-08 -0.000518768470606148 3.4899149531414e-05 10029.0716332472 401031.805998217 1.34247834284449e-16 4.48611089295747e-17
4.40938511326861e-08 -0.000508060516068655 0.00017654171735891 50733.3145197498 399982.050318245 1.34251387190819e-16 4.53161726760445e-17
4.44466019417476e-08 -0.000483012875878789 0.000317086217272439 91122.0023880009 394811.456837442 1.34254940190984e-16 4.57677178049558e-17
4.47993527508091e-08 -0.000443810540260648 0.000455084662325024 130779.022954171 385573.186742652 1.34258493284947e-16 4.62111043869366e-17
4.51521035598706e-08 -0.000390784332895201 0.000589115258042034 169295.790942535 372362.309811763 1.34262046472709e-16 4.6641776423773e-17
4.55048543689321e-08 -0.00032440750646336 0.000717797051132499 206275.457728893 355314.826064866 1.34265599754274e-16 4.70553087887404e-17
4.58576051779935e-08 -0.000245290870726195 0.00083980415782137 241337.000178416 334606.265706289 1.34269153129644e-16 4.74474528198708e-17
4.6210355987055e-08 -0.000154176503296415 0.000953879425204388 274119.146549528 310449.881770424 1.34272706598821e-16 4.78141800963986e-17
4.65631067961165e-08 -5.19301078584234e-05 0.00105884738486467 304284.099012946 283094.454080866 1.34276260161808e-16 4.81517239473296e-17
4.6915857605178e-08 6.04679014694366e-05 0.00115362636527787 331521.014429307 252821.72713727 1.34279813818607e-16 4.8456618264432e-17
4.72686084142395e-08 0.000181932497810818 0.00123723963819572 355549.207518327 219943.508316405 1.34283367569221e-16 4.8725733219708e-17
4.7621359223301e-08 0.000311285217245516 0.00130882548414714 376121.043411552 184798.456274188 1.34286921413652e-16 4.89563075192851e-17
4.79741100323625e-08 0.000447266297452622 0.00136764607332848 393024.489780023 147748.592627962 1.34290475351903e-16 4.91459768613414e-17
4.8326860841424e-08 0.000588547654249901 0.00141309507035653 406085.302234587 109175.572850065 1.34294029383976e-16 4.92927983047757e-17
4.86796116504855e-08 0.000733746562360858 0.00144470388450261 415168.820474126 69476.7547854095 1.34297583509873e-16 4.93952702974579e-17
4.90323624595469e-08 0.000881439899482171 0.0014621465009791 420181.356666636 29061.1052917708 1.34301137729598e-16 4.94523481576035e-17
4.93851132686084e-08 0.00103017880691701 0.0014652428434667 421071.161748597 -11655.0128296941 1.34304692043153e-16 4.94634548486555e-17
4.97378640776699e-08 0.0011785036157443 0.00145396063320111 417828.959676219 -52252.1302117671 1.34308246450539e-16 4.94284869365426e-17
5.00906148867314e-08 0.00132495888475417 0.00142841572542641 410488.044113031 -92311.9924170843 1.3431180095176e-16 4.93478156678097e-17
5.04433656957929e-08 0.0014681083952245 0.00138887091970851 399123.936546151 -131421.869031337 1.34315355546818e-16 4.92222831573866e-17
5.07961165048544e-08 0.00160654994805388 0.00133573325632516 383853.609341894 -169178.805959054 1.34318910235716e-16 4.90531937251403e-17
5.11488673139159e-08 0.00173892981079845 0.00126954982654644 364834.281733715 -205193.777111232 1.34322465018455e-16 4.88423004703372e-17
5.15016181229774e-08 0.00186395666576304 0.00119100213993103 342261.801135507 -239095.692709468 1.34326019895039e-16 4.85917872222081e-17
5.18543689320389e-08 0.00198041491543335 0.00110089910663107 316368.626445827 -270535.22290728 1.3432957486547e-16 4.83042460524454e-17
5.22071197411003e-08 0.00208717720815315 0.00100016870696871 287421.434109518 -299188.397330951 1.34333129929751e-16 4.79826505811942e-17
5.25598705501618e-08 0.00218321605498034 0.000889848434073794 255718.371590284 -324759.943449741 1.34336685087883e-16 4.76303253514405e-17
5.29126213592233e-08 0.00226761441801526 0.000771074608014905 221585.98654098 -346986.329375062 1.3434024033987e-16 4.72509115872129e-17
5.32653721682848e-08 0.00233957516108808 0.000645070671485006 185375.863300241 -365638.479732417 1.34343795685714e-16 4.68483296882777e-17
5.36181229773463e-08 0.00239842926540962 0.000513134587598342 147461.001360169 -380524.136617221 1.34347351125416e-16 4.6426738847639e-17
5.39708737864078e-08 0.00244364272551131 0.000376625469608929 108231.973109068 -391489.841301431 1.34350906658981e-16 4.59904942078086e-17
5.43236245954693e-08 0.00247482205439415 0.000236949580277532 68092.9004281944 -398422.516264456 1.3435446228641e-16 4.55441019971781e-17
5.46763754045308e-08 0.00249171834113323 9.55458451118222e-05 27457.2915888127 -401250.631238948 1.34358018007706e-16 4.50921731086451e-17
5.50291262135923e-08 0.00249422981909618 -4.61289712834476e-05 -13256.2186638182 -399944.941247319 1.34361573822871e-16 4.46393755987098e-17
5.53818770226537e-08 0.00248240291827715 -0.000186615273034685 -53628.1819543538 -394518.789014062 1.34365129731908e-16 4.41903865963904e-17
5.57346278317152e-08 0.0024564317908647 -0.000324465670393009 -93242.6576175439 -385027.968626798 1.34368685734819e-16 4.3749844117399e-17
5.60873786407767e-08 0.0024166563148911 -0.000458259891771327 -131691.498014353 -371570.151839077 1.34372241831607e-16 4.33222992800102e-17
5.64401294498382e-08 0.00236355859649019 -0.000586619416790572 -168578.553673656 -354283.882913901 1.34375798022274e-16 4.29121694149275e-17
5.67928802588997e-08 0.00229775800675975 -0.000708221679570929 -203523.754933973 -333347.152352199 1.34379354306822e-16 4.2523692552257e-17
5.71456310679612e-08 0.00222000480432216 -0.0008218136959275 -236167.028030917 -308975.564189266 1.34382910685255e-16 4.21608837545215e-17
5.74983818770227e-08 0.00213117240924969 -0.000926224974061172 -266172.005280547 -281420.11572986 1.34386467157574e-16 4.18274937456431e-17
5.78511326860842e-08 0.00203224840791649 -0.00102037957571355 -293229.491129065 -250964.61258596 1.34390023723782e-16 4.15269702621776e-17
5.82038834951457e-08 0.00192432438141619 -0.00110330720350361 -317060.648353488 -217922.745639108 1.34393580383882e-16 4.12624225250538e-17
5.85566343042071e-08 0.00180858466230673 -0.00117415320019324 -337419.871580104 -182634.860032971 1.34397137137876e-16 4.10365891979262e-17
5.89093851132686e-08 0.00168629413548751 -0.00123218735683563 -354097.318508081 -145464.449475398 1.34400693985767e-16 4.08518101623448e-17
5.92621359223301e-08 0.00155878520886503 -0.00127681143902923 -366921.07275128 -106794.411960135 1.34404250927556e-16 4.07100024006267e-17
5.96148867313916e-08 0.00142744408801963 -0.00130756535370424 -375758.916005907 -67023.1054772816 1.34407807963247e-16 4.06126402350058e-17
5.99676375404531e-08 0.00129369649625998 -0.00132413189287261 -380519.691275948 -26560.2443432012 1.34411365092842e-16 4.05607401267596e-17
6.03203883495146e-08 0.00115899298716973 -0.0013263400054315 -381154.243100984 14177.3215763185 1.34414922316343e-16 4.05548501920429e-17
6.06731391585761e-08 0.0010247940009528 -0.00131416656327356 -377655.925088525 54769.9012682346 1.34418479633753e-16 4.05950445425639e-17
6.10258899676376e-08 0.000892554818527383 -0.00128773660346907 -370060.669510608 94799.2863586759 1.34422037045075e-16 4.06809225095353e-17
6.13786407766991e-08 0.000763710568376212 -0.00124732204398461 -358446.618236064 133853.059738642 1.3442559455031e-16 4.08116127590258e-17
6.17313915857605e-08 0.000639661440621259 -0.00119333888612912 -342933.318789204 171528.844639016 1.34429152149462e-16 4.09857822564418e-17
6.2084142394822e-08 0.000521758260660089 -0.00112634293250937 -323680.493806024 207438.450377272 1.34432709842533e-16 4.12016499879111e-17
6.24368932038835e-08 0.000411288571000839 -0.00104702406457121 -300886.396554345 241211.872061646 1.34436267629524e-16 4.14570052973295e-17
6.2789644012945e-08 0.000309463364700939 -0.000956199138644155 -274785.769449181 272501.103042024 1.3443982551044e-16 4.17492306502754e-17
6.31423948220065e-08 0.000217404607105364 -0.000854803573641346 -245647.426585226 300983.720824853 1.34443383485282e-16 4.20753285903844e-17
6.3495145631068e-08 0.00013613367446237 -0.000743881717047828 -213771.485182476 326366.209502272 1.34446941554053e-16 4.24319526105762e-17
6.38478964401295e-08 6.65608285519202e-05 -0.000624576088419265 -179486.274458689 348386.984459217 1.34450499716755e-16 4.28154416211875e-17
6.4200647249191e-08 9.47583579168127e-06 -0.000498115611180152 -143144.953766502 366819.088188624 1.3445405797339e-16 4.32218576599978e-17
6.45533980582525e-08 -3.44601725026698e-05 -0.000365802953936574 -105121.874829101 381472.529432456 1.34457616323962e-16 4.36470264557264e-17
6.49061488673139e-08 -6.47215148104858e-05 -0.000229001111695961 -65808.7255457257 392196.241540159 1.34461174768473e-16 4.40865804271723e-17
6.52588996763754e-08 -8.09233788092701e-05 -8.91193652206013e-05 -25610.4950896416 398879.639858541 1.34464733306924e-16 4.45360036750618e-17
6.56116504854369e-08 -8.2825789617708e-05 5.24012368479249e-05 15058.6981366276 401453.762097483 1.34468291939319e-16 4.49906785031286e-17
6.59644012944984e-08 -7.03360859575267e-05 0.000194102723535759 55779.8727099711 399891.979911884 1.34471850665661e-16 4.54459329891849e-17
6.63171521035599e-08 -4.35098786841637e-05 0.000334525221817807 96133.5006091993 394210.274357451 1.34475409485951e-16 4.58970891161099e-17
6.66699029126214e-08 -2.55048177093204e-06 0.00047222199689117 135703.829382823 384467.072370936 1.34478968400192e-16 4.6339510966902e-17
6.70226537216829e-08 5.21931784313677e-05 0.000605774357489264 174083.165533175 370762.645947902 1.34482527408386e-16 4.67686524872674e-17
6.73754045307444e-08 0.000120230154159734 0.000733806272671239 210876.074986343 353238.080196421 1.34486086510537e-16 4.718010432366e-17
6.77281553398059e-08 0.000200932530472879 0.000854998549489816 245703.457370426 332073.820886959 1.34489645706646e-16 4.75696392542005e-17
6.80809061488673e-08 0.000293541890721222 0.000968102425460669 278206.452123595 307487.816451171 1.34493204996716e-16 4.79332557443848e-17
6.84336569579288e-08 0.000397177126679785 0.00107195243578169 308050.136184877 279733.273560956 1.34496764380749e-16 4.8267219178802e-17
6.87864077669903e-08 0.000510843512915708 0.00116547842271859 334926.975166757 249096.049400674 1.34500323858749e-16 4.85681003440091e-17
6.91391585760518e-08 0.000633442951935177 0.0012477165634077 358559.992447415 215891.707489022 1.34503883430717e-16 4.88328107660226e-17
6.94919093851133e-08 0.000763785284590206 0.00131781930243618 378705.623525633 180462.267374054 1.34507443096656e-16 4.90586345382783e-17
6.98446601941748e-08 0.000900600549248035 0.00137506408684048 395156.226223094 143172.681679469 1.34511002856568e-16 4.92432563120609e-17
7.01974110032363e-08 0.00104255206344828 0.0014188608134993 407742.220863668 104407.076790183 1.34514562710456e-16 4.93847851609291e-17
7.05501618122978e-08 0.00118825019329593 0.00144875791216017 416333.838370745 64564.7959012074 1.34518122658322e-16 4.94817740731668e-17
7.09029126213593e-08 0.00133626666874932 0.00146444700139363 420842.458262502 24056.2851910817 1.34521682700169e-16 4.95332348713222e-17
7.12556634304207e-08 0.00148514929733447 0.0014657660694691 421221.522749622 -16701.1345016549 1.34525242836e-16 4.95386484050068e-17
7.16084142394822e-08 0.00163343692470843 0.00145270114734287 417467.01750677 -57287.5669397126 1.34528803065816e-16 4.94979699118176e-17
7.19611650485437e-08 0.00177967448794704 0.00142538645648219 409617.514153252 -97284.8663948122 1.34532363389621e-16 4.94116294910251e-17
7.23139158576052e-08 0.00192242800647343 0.00138410302996247 397753.773993639 -136280.945635052 1.34535923807416e-16 4.92805276850171e-17
7.26666666666667e-08 0.00206029935618158 0.00132927582100327 381997.917089221 -173874.021608417 1.34539484319205e-16 4.91060262138911e-17
7.30194174757282e-08 0.00219194067453911 0.00126146932869245 362512.165209443 -209676.755079694 1.34543044924989e-16 4.88899339585251e-17
7.33721682847897e-08 0.00231606824825105 0.00118138178592533 339497.171602817 -243320.241569419 1.34546605624772e-16 4.86344883364097e-17
7.37249190938512e-08 0.00243147574039364 0.00108983796939947 313189.9547839 -274457.81247435 1.34550166418555e-16 4.83423322619953e-17
7.40776699029127e-08 0.00253704662072808 0.000987780705703716 283861.457613026 -302768.607203445 1.34553727306341e-16 4.80164869288041e-17
7.44304207119741e-08 0.0026317656711103 0.000876261160975481 251813.756806454 -327960.87952142 1.34557288288133e-16 4.76603206936076e-17
7.47831715210356e-08 0.00271472944743778 0.000756428014134837 217376.951616675 -349775.004029311 1.34560849363933e-16 4.72775143831381e-17
7.51359223300971e-08 0.00278515559032197 0.000629515625208536 180905.763728766 -367986.151799875 1.34564410533744e-16 4.68720233806663e-17
7.54886731391586e-08 0.00284239088853271 0.000496831320613159 142775.883394668 -382406.60759343 1.34567971797568e-16 4.64480368829621e-17
7.58414239482201e-08 0.00288591801210818 0.000359741926367286 103380.099442604 -392887.704771547 1.34571533155407e-16 4.60099347473204e-17
7.61941747572816e-08 0.00291536084572768 0.00021965968795423 63124.2530264736 -399321.357964109 1.34575094607265e-16 4.55622423731688e-17
7.65469255663431e-08 0.00293048836736294 7.80277218796e-05 22423.0567969917 -401641.177688808 1.34578656153143e-16 4.51095840830386e-17
7.68996763754046e-08 0.0029312170322101 -6.36948512035266e-05 -18304.1774360202 -399823.155428714 1.34582217793044e-16 4.46566354831513e-17
7.72524271844661e-08 0.00291761163730237 -0.000204047938644448 -58637.8585369129 -393885.912098558 1.3458577952697e-16 4.42080752943978e-17
7.76051779935275e-08 0.00288988465785551 -0.000341585518355509 -98162.438869281 -383890.50732838 1.34589341354925e-16 4.37685371499565e-17
7.7957928802589e-08 0.00284839406214321 -0.000474890536808096 -136470.695577053 -369939.811517821 1.3459290327691e-16 4.33425618561554e-17
7.83106796116505e-08 0.00279363962737438 -0.000602589508973699 -173167.926212662 -352177.447118887 1.34596465292928e-16 4.29345506084205e-17
7.8663430420712e-08 0.00272625779448833 -0.000723366669786495 -207876.015484621 -330786.310043268 1.34600027402981e-16 4.25487196443298e-17
7.90161812297735e-08 0.0026470151148378 -0.000835977531320308 -240237.331223496 -305986.686416284 1.34603589607072e-16 4.21890568009946e-17
7.9368932038835e-08 0.00255680035623805 -0.000939261705991642 -269918.409423618 -278033.984068907 1.34607151905204e-16 4.18592804243883e-17
7.97216828478965e-08 0.002456615349674 -0.0010321548636585 -296613.390389868 -247216.102128963 1.34610714297378e-16 4.15628010540188e-17
8.0074433656958e-08 0.00234756467093374 -0.00111369969940427 -320047.170582122 -213850.465801711 1.34614276783598e-16 4.13026862777616e-17
8.04271844660195e-08 0.00223084426344272 -0.00118305579898512 -339978.23767798 -178280.75688009 1.34617839363866e-16 4.10816291190207e-17
8.07799352750809e-08 0.00210772911948354 -0.00123950830027312 -356201.159637259 -140873.3736605 1.34621402038184e-16 4.09019202819994e-17
8.11326860841424e-08 0.00197956014669073 -0.00128247526142891 -368548.70211552 -102013.656728618 1.34624964806555e-16 4.07654245411288e-17
8.14854368932039e-08 0.00184773035510663 -0.00131151365985926 -376893.552402221 -62101.919492888 1.34628527668981e-16 4.06735615180072e-17
8.18381877022654e-08 0.00171367050708835 -0.00132632396011928 -381149.632112239 -21549.3243558934 1.34632090625465e-16 4.06272910440154e-17
8.21909385113269e-08 0.001578834377893 -0.00132675320366049 -381272.985095929 19226.3529947624 1.34635653676009e-16 4.06271032595266e-17
8.25436893203884e-08 0.00144468377878378 -0.00131279658855402 -377262.23140881 59805.0275406826 1.34639216820616e-16 4.06730135518427e-17
8.28964401294499e-08 0.00131267349694981 -0.00128459752287362 -369158.582652417 99768.6327923779 1.34642780059288e-16 4.07645623841331e-17
8.32491909385114e-08 0.00118423630739381 -0.00124244615114844 -357045.418516686 138705.427967351 1.34646343392028e-16 4.09008200172692e-17
8.36019417475729e-08 0.00106076821120436 -0.00118677636902644 -341047.428874953 176214.240111372 1.34649906818838e-16 4.10803960760376e-17
8.39546925566343e-08 0.000943614052301317 -0.0011181613568648 -321329.330258659 211908.597456826 1.3465347033972e-16 4.13014538613026e-17
8.43074433656958e-08 0.000834053660847545 -0.00103730767822351 -298094.169924017 245420.71143138 1.34657033954678e-16 4.15617292607933e-17
8.46601941747573e-08 0.000733288666098277 -0.000945048004024336 -271581.234972102 276405.266288401 1.34660597663714e-16 4.1858554063809e-17
8.50129449838188e-08 0.000642430114566243 -0.000842332537298205 -242063.588053184 304542.977311394 1.34664161466829e-16 4.21888834397581e-17
8.53656957928803e-08 0.00056248702108747 -0.000730219226833102 -209845.255033839 329543.880928025 1.34667725364028e-16 4.25493272975452e-17
8.57184466019418e-08 0.000494355970764935 -0.000609862870514313 -175258.093591659 351150.322830272 1.34671289355311e-16 4.29361852028276e-17
8.60711974110033e-08 0.000438811878943622 -0.000482503220590364 -138658.374990413 369139.613307674 1.34674853440682e-16 4.33454844935008e-17
8.64239482200648e-08 0.000396500004442824 -0.000349452213383694 -100423.114244294 383326.322428339 1.34678417620143e-16 4.37730212008142e-17
8.67766990291263e-08 0.000367929298362329 -0.000212080454988664 -60946.1864730667 393564.191412149 1.34681981893696e-16 4.42144033545997e-17
8.71294498381877e-08 0.000353467157021606 -7.18031021682071e-05 -20634.2694536473 399747.640494118 1.34685546261345e-16 4.46650962265271e-17
8.74822006472492e-08 0.000353335633126826 6.99347161049674e-05 20097.3458346369 401812.85773251 1.34689110723091e-16 4.5120469045317e-17
8.78349514563107e-08 0.000367609144238628 0.000211672786280349 60829.033512802 399738.457533222 1.34692675278937e-16 4.5575842702669e-17
8.81877022653722e-08 0.000396213702188635 0.000351950853663307 101141.155878157 393545.702094636 1.34696239928885e-16 4.60265379584404e-17
8.85404530744337e-08 0.000438927671423797 0.000489323666669792 140618.386716192 383298.283479962 1.34699804672939e-16 4.64679236484562e-17
8.88932038834952e-08 0.000495384048506101 0.000622375866908842 178853.990307547 369101.668550684 1.347033695111e-16 4.68954643982892e-17
8.92459546925567e-08 0.000565074239323274 0.000749736571683927 215454.01204448 351102.013498363 1.3470693444337e-16 4.73047673514275e-17
8.95987055016182e-08 0.000647353295135366 0.000870093498668983 250041.337480709 329484.659146473 1.34710499469754e-16 4.76916274303861e-17
8.99514563106797e-08 0.000741446553551409 0.000982206487227733 282259.577992875 304472.222513336 1.34714064590252e-16 4.80520706644232e-17
9.03042071197411e-08 0.000846457616054669 0.00108492027705717 311776.743017038 276322.304287133 1.34717629804867e-16 4.83823951374245e-17
9.06569579288026e-08 0.00096137757992342 0.00117717641248373 338288.661021422 245324.83582158 1.34721195113603e-16 4.86792091340305e-17
9.10097087378641e-08 0.0010850954294686 0.00125802414974532 361522.113964239 211799.092975282 1.34724760516461e-16 4.89394660909308e-17
9.13624595469256e-08 0.00121640947956339 0.00132663025486056 381237.652936313 176090.407550859 1.34728326013443e-16 4.91604959931562e-17
9.17152103559871e-08 0.00135403975359558 0.00138228759111372 397232.065971972 138566.61020622 1.34731891604553e-16 4.93400328918158e-17
9.20679611650486e-08 0.00149664116834386 0.00142442240765082 409340.472594429 99614.2414777502 1.34735457289793e-16 4.94762382596739e-17
9.24207119741101e-08 0.00164281738996213 0.00145260025406196 417438.02350677 59634.5699451858 1.34739023069165e-16 4.95677199438378e-17
9.27734627831716e-08 0.00179113521833856 0.00146653045997875 421441.187907081 19039.4585558862 1.34742588942672e-16 4.96135465201798e-17
9.31262135922331e-08 0.00194013935164861 0.00146606913349781 421308.615154286 -21752.8783083619 1.34746154910316e-16 4.96132569014856e-17
9.34789644012945e-08 0.00208836737900051 0.00145122064750027 417041.561896138 -62322.183312126 1.347497209721e-16 4.95668651002164e-17
9.3831715210356e-08 0.00223436484671753 0.00142213759851427 408683.880247441 -102250.485808354 1.34753287128026e-16 4.94748600966877e-17
9.41844660194175e-08 0.00237670024303891 0.00137911923850419 396321.567128675 -141126.408036122 1.34756853378096e-16 4.9338200813895e-17
9.4537216828479e-08 0.00251397974685764 0.00132260839570263 380081.879396403 -178549.403508942 1.34760419722314e-16 4.91583062506276e-17
9.48899676375405e-08 0.00264486158853999 0.00125318691616842 360132.023870329 -214133.88392588 1.34763986160682e-16 4.89370408743975e-17
9.5242718446602e-08 0.00276806987486464 0.00117156967299486 336677.435741784 -247513.192085114 1.34767552693202e-16 4.86766954245454e-17
9.55954692556635e-08 0.00288240773563572 0.00107859720485039 309959.663089435 -278343.379864953 1.34771119319877e-16 4.83799633231814e-17
9.5948220064725e-08 0.00298676965650932 0.000975227059657001 280253.87928658 -306306.752344587 1.34774686040708e-16 4.80499129368676e-17
9.63009708737865e-08 0.00308015287095295 0.000862523932553645 247866.048918591 -331115.141545115 1.34778252855699e-16 4.76899559747081e-17
9.66537216828479e-08 0.00316166769394772 0.000741648699716489 213129.776399455 -352512.876056053 1.34781819764853e-16 4.73038123483225e-17
9.70064724919094e-08 0.00323054669094248 0.000613846460985707 176402.869746138 -370279.41594475 1.34785386768171e-16 4.68954718556396e-17
9.73592233009709e-08 0.00328615258756608 0.000480433714463361 138063.654904914 -384231.625793745 1.34788953865656e-16 4.64691530831784e-17
9.77119741100324e-08 0.00332798483857476 0.000342784795192988 98507.0785946801 -394225.662438586 1.34792521057311e-16 4.60292599501533e-17
9.80647249190939e-08 0.00335568478832287 0.000202317717616813 58140.6398120874 -400158.457947529 1.34796088343138e-16 4.55803363420438e-17
9.84174757281554e-08 0.00336903936955405 6.04795676527454e-05 17380.1919095831 -401968.782554075 1.34799655723139e-16 4.51270193009661e-17
9.87702265372169e-08 0.00336798330236738 -8.12684051227771e-05 -23354.3415080198 -399637.876580372 1.34803223197317e-16 4.46739912550636e-17
9.91229773462784e-08 0.0033525997706643 -0.000221465841606426 -63643.2927337945 -393189.64482976 1.34806790765675e-16 4.4225931779048e-17
9.94757281553398e-08 0.00332311956906685 -0.00035866831852295 -103071.573586776 -382690.411434149 1.34810358428215e-16 4.37874693828634e-17
9.98284789644013e-08 0.00327991872905582 -0.000491462229998657 -141232.951973666 -368248.237670325 1.34813926184939e-16 4.33631338251721e-17
1.00181229773463e-07 0.00322351464874527 -0.000618479352031878 -177734.237323713 -350011.809761836 1.34817494035851e-16 4.29573094429659e-17
1.00533980582524e-07 0.00315456076612692 -0.000738410939801744 -212199.331773948 -328168.908113501 1.34821061980951e-16 4.25741899781498e-17
1.00886731391586e-07 0.00307383983062478 -0.000850021212565612 -244273.105363976 -302944.4737382 1.34824630020244e-16 4.22177353665361e-17
1.01239482200647e-07 0.00298225584224271 -0.000952160087200979 -273625.055311505 -274598.291785913 1.34828198153731e-16 4.18916309344836e-17
1.01592233009709e-07 0.00288082474131661 -0.00104377502918489 -299952.711663284 -243422.316030317 1.34831766381415e-16 4.15992494236184e-17
1.0194498381877e-07 0.00277066394475694 -0.00112392189889297 -322984.754228085 -209737.661867909 1.34835334703299e-16 4.13436162349537e-17
1.02297734627832e-07 0.00265298083655384 -0.00119177468144771 -342483.808671922 -173891.298800487 1.34838903119385e-16 4.11273782505638e-17
1.02650485436893e-07 0.00252906033109375 -0.0012466339998449 -358248.89296033 -136252.476468718 1.34842471629674e-16 4.09527765541218e-17
1.03003236245955e-07 0.00240025163739167 -0.00128793432361962 -370117.488933999 -97208.9210505014 1.34846040234171e-16 4.08216233314503e-17
1.03355987055016e-07 0.00226795436057951 -0.00131524979875035 -377967.217665517 -57162.8412046288 1.34849608932877e-16 4.07352831891767e-17
1.03708737864078e-07 0.00213360408382201 -0.00132829863870208 -381717.101326402 -16526.7847034156 1.34853177725795e-16 4.06946590840747e-17
1.04061488673139e-07 0.00199865757918896 -0.00132694603133185 -381328.398553132 24280.6115626308 1.34856746612927e-16 4.0700183008176e-17
1.04414239482201e-07 0.00186457779983846 -0.0013112055316693 -376805.004694586 64838.9344254086 1.34860315594276e-16 4.07518115257443e-17
1.04766990291262e-07 0.0017328188081234 -0.00128123892618288 -368193.412805849 104730.325693753 1.34863884669845e-16 4.08490262082212e-17
1.05119741100324e-07 0.00160481079489749 -0.00123735456989007 -355582.235778644 143543.787199691 1.34867453839635e-16 4.09908389627892e-17
1.05472491909385e-07 0.00148194534436167 -0.00118000421340296 -339101.294520069 180879.415283047 1.34871023103649e-16 4.1175802199788e-17
1.05825242718447e-07 0.00136556109626593 -0.0011097783525588 -318920.281562187 216352.521086806 1.34874592461891e-16 4.14020237343574e-17
1.06177993527508e-07 0.00125692995319236 -0.00102740014850677 -295247.013859419 249597.594210931 1.34878161914361e-16 4.16671862689119e-17
1.0653074433657e-07 0.00115724397503277 -0.000933717980851566 -268325.29276343 280272.068885005 1.34881731461063e-16 4.1968571255847e-17
1.06883495145631e-07 0.00106760309569874 -0.000829696710538805 -238432.393212712 308059.853853537 1.34885301102e-16 4.23030868947494e-17
1.07236245954693e-07 0.000989003788634086 -0.000716407742462206 -205876.207994669 332674.589601095 1.34888870837173e-16 4.26672999757785e-17
1.07588996763754e-07 0.000922328797928354 -0.000595017990140728 -170992.076492313 353862.599352553 1.34892440666586e-16 4.30574712412549e-17
1.07941747572816e-07 0.000868338040854432 -0.000466777856127971 -134139.330579021 371405.503437702 1.3489601059024e-16 4.34695939012367e-17
1.08294498381877e-07 0.000827660775587755 -0.000333008351959521 -95697.5932397843 385122.470076917 1.34899580608138e-16 4.38994349063602e-17
1.08647249190939e-07 0.000800789114832455 -0.00019508749031211 -56062.8680458081 394872.079389551 1.34903150720283e-16 4.43425785528048e-17
1.09e-07 0.000788072952215798 -5.44360895499931e-05 -15643.4597650959 400553.781410951 1.34906720926677e-16 4.4794471970205e-17
