0 -0.00139 0 0 400000 1.33808e-16 4.46026666666667e-17
6.68711656441718e-10 -0.00136429878395005 0.000268769723379185 77237.1488936021 396457.558525132 1.33853734675526e-16 4.54791572601048e-17
1.33742331288344e-09 -0.00128717579875885 0.000530207853224871 152367.396108494 378137.891440176 1.33899484943874e-16 4.63321596928318e-17
2.00613496932515e-09 -0.00116098943580798 0.000774568061359825 222589.910542397 345718.736639114 1.33945250810361e-16 4.71304428326086e-17
2.67484662576687e-09 -0.000989927488164768 0.000992737192749729 285285.817928426 300403.552579278 1.33991032280306e-16 4.78448044872159e-17
3.34355828220859e-09 -0.000779851694780989 0.00117657512969208 338115.868610424 243876.844488795 1.34036829359027e-16 4.84491604652611e-17
4.01226993865031e-09 -0.000538079843538815 0.00131921850666777 379107.716976523 178241.546675595 1.34082642051847e-16 4.89215178000487e-17
4.68098159509202e-09 -0.000273113532899139 0.0014153369440439 406729.556094787 105940.788588568 1.3412847036409e-16 4.92447958248575e-17
5.34969325153374e-09 5.67828002085254e-06 0.00146133223458047 419947.35852771 29666.9550943569 1.34174314301079e-16 4.94074644461827e-17
6.01840490797546e-09 0.000288408165816302 0.00145547303958788 418263.584364648 -47738.5740284073 1.34220173868143e-16 4.94039757641032e-17
6.68711656441718e-09 0.000565038551633484 0.00139796005260672 401735.907500864 -123391.271834925 1.34266049070611e-16 4.92349728827766e-17
7.3558282208589e-09 0.000825755771450235 0.00129091917824578 370975.255420074 -194470.95614762 1.34311939913813e-16 4.89072680527083e-17
8.02453987730061e-09 0.00106133589885261 0.00113832295586115 327123.228485126 -258326.920001212 1.34357846403081e-16 4.84335908807885e-17
8.69325153374233e-09 0.00126348872487728 0.000945843132160518 271809.733292045 -312576.781570814 1.34403768543751e-16 4.78321159139454e-17
9.36196319018405e-09 0.00142516705337561 0.00072063985389403 207092.402351252 -355195.367293821 1.34449706341158e-16 4.71257871282039e-17
1.00306748466258e-08 0.00154082977460151 0.00047109531583522 135380.051721486 -384590.31210354 1.3449565980064e-16 4.63414644302757e-17
1.06993865030675e-08 0.00160664889648213 0.000206501772084153 59343.0238969086 -399661.554616651 1.34541628927538e-16 4.5508923920979e-17
1.13680981595092e-08 0.00162065279838533 -6.32844770127014e-05 -18186.246993259 -399842.504391308 1.34587613727192e-16 4.46597491309245e-17
1.20368098159509e-08 0.00158280034655573 -0.000328210237979741 -94318.7450599919 -385121.340698779 1.34633614204947e-16 4.38261545150667e-17
1.27055214723926e-08 0.00149498308535629 -0.000578400040736111 -166216.527310905 -356041.642227042 1.34679630366147e-16 4.30397850315143e-17
1.33742331288344e-08 0.00136095539812609 -0.000804524259070764 -231198.511517968 -313682.317200272 1.34725662216141e-16 4.23305365362805e-17
1.40429447852761e-08 0.00118619521600851 -0.00099814701296236 -286840.453934287 -259617.574863587 1.34771709760276e-16 4.17254409650886e-17
1.47116564417178e-08 0.000977700442468789 -0.0011520408794922 -331065.388698266 -195858.423395627 1.34817773003903e-16 4.12476578737229e-17
1.53803680981595e-08 0.000743728658864616 -0.00126045667172266 -362221.154986378 -124777.868329929 1.34863851952376e-16 4.09156099585905e-17
1.60490797546012e-08 0.000493489792934944 -0.00131933821553292 -379142.118066516 -49022.5937912097 1.34909946611048e-16 4.0742294825829e-17
1.67177914110429e-08 0.000236803188449971 -0.00132647410090245 -381192.77851236 28585.5864117395 1.34956056985276e-16 4.07347987194935e-17
1.73865030674847e-08 -1.62681550619441e-05 -0.00128158073036714 -368291.638083384 105154.838395563 1.35002183080418e-16 4.08940304010841e-17
1.80552147239264e-08 -0.000255792548367563 -0.00118631354599885 -340914.426055129 177831.063304079 1.35048324901833e-16 4.12146851738124e-17
1.87239263803681e-08 -0.000472339812473839 -0.00104420599199102 -300076.55871721 243904.282759435 1.35094482454885e-16 4.16854404708922e-17
1.93926380368098e-08 -0.000657332913446184 -0.000860538463083444 -247295.478695258 300909.689197957 1.35140655744935e-16 4.2289375797207e-17
2.00613496932515e-08 -0.000803367920301037 -0.000642142099262712 -184534.270854726 346719.59311435 1.3518684477735e-16 4.30046014495724e-17
2.07300613496933e-08 -0.000904490350306108 -0.000397144717118275 -114128.649844595 379622.837226477 1.35233049557496e-16 4.38050726542982e-17
2.1398773006135e-08 -0.000956417587398512 -0.000134668327293092 -38700.0347941515 398388.713512822 1.35279270090743e-16 4.46615588422696e-17
2.20674846625767e-08 -0.000956699065775424 0.000135510504918712 38942.0538647782 402312.995643847 1.35325506382462e-16 4.55427319894487e-17
2.27361963190184e-08 -0.000904808227378402 0.000403324810096717 115904.641409236 391244.365075745 1.35371758438025e-16 4.64163335008154e-17
2.34049079754601e-08 -0.000802162802744505 0.000658792312767377 189319.091865818 365590.239218503 1.35418026262806e-16 4.72503761746339e-17
2.40736196319018e-08 -0.000652072634917102 0.000892387500810544 256448.030694485 326301.777439109 1.35464309862183e-16 4.80143364616584e-17
2.47423312883436e-08 -0.000459616966321563 0.00109539679809807 314787.411798288 274838.616628738 1.35510609241534e-16 4.86802925803367e-17
2.54110429447853e-08 -0.000231455738088817 0.00126024359727944 362159.92315457 213114.643732262 1.35556924406238e-16 4.92239660518681e-17
2.6079754601227e-08 2.44180877756084e-05 0.00138077102843005 396796.246876233 143426.819838749 1.35603255361677e-16 4.96256278040602e-17
2.67484662576687e-08 0.000298975972504153 0.00145247191033314 417401.140990511 68369.702788697 1.35649602113235e-16 4.98708350272165e-17
2.74171779141104e-08 0.000582489942153189 0.00147265729607767 423201.874885024 -9261.15082591494 1.35695964666298e-16 4.99509712616506e-17
2.80858895705521e-08 0.000864894911821174 0.0014405573103229 413977.207210215 -86573.307841883 1.35742343026253e-16 4.98635695206162e-17
2.87546012269939e-08 0.00113616369756133 0.00135735049692915 390065.819594622 -160685.226805267 1.35788737198489e-16 4.9612406331856e-17
2.94233128834356e-08 0.00138668074357835 0.00122612055879123 352353.884843114 -228833.657059264 1.35835147188397e-16 4.92073631147229e-17
3.00920245398773e-08 0.00160760063541651 0.00105174207743103 302242.225838813 -288476.665737505 1.3588157300137e-16 4.86640599800434e-17
3.0760736196319e-08 0.00179117803212509 0.000840699447379162 241594.282181794 -337388.451344489 1.35928014642803e-16 4.80032755234496e-17
3.14294478527607e-08 0.00193105671104782 0.000600845750911813 172666.817310339 -373742.407410071 1.35974472118093e-16 4.72501741635861e-17
3.20981595092025e-08 0.00202250693856425 0.000341110539431731 98025.9427736792 -396179.3364202 1.36020945432637e-16 4.64333697567675e-17
3.27668711656442e-08 0.00206260230233104 7.11673950943798e-05 20451.5844350501 -403858.266620153 1.36067434591837e-16 4.55838603314527e-17
3.34355828220859e-08 0.00205032939382555 -0.000198926351017689 -57166.0527801997 -396487.971810902 1.36113939601093e-16 4.47338736011634e-17
3.41042944785276e-08 0.00198662623041688 -0.00045910432592101 -131934.165548961 -374338.012813102 1.36160460465811e-16 4.39156662532891e-17
3.47730061349694e-08 0.00187434796067383 -0.000699666286503003 -201065.166370043 -338228.8821002 1.36206997191396e-16 4.31603217486618e-17
3.54417177914111e-08 0.00171816110628481 -0.000911639773503671 -261980.613136598 -289501.611786718 1.36253549783255e-16 4.24965914375365e-17
3.61104294478528e-08 0.00152437025784027 -0.00108711476421381 -312407.379270005 -229967.97068361 1.36300118246798e-16 4.1949822198486e-17
3.67791411042945e-08 0.00130068366051624 -0.00121953884214015 -350462.477497957 -161843.099964087 1.36346702587437e-16 4.1541010596725e-17
3.74478527607362e-08 0.00105592640547198 -0.00130396186916936 -374723.372016587 -87663.0921288143 1.36393302810583e-16 4.12860188566282e-17
3.8116564417178e-08 0.000799711898487323 -0.00133722102405521 -384281.1535468 -10190.5799782985 1.36439918921654e-16 4.1194981924402e-17
3.87852760736197e-08 0.000542083836015467 -0.00131805929049203 -378774.589601756 67688.1497857981 1.36486550926064e-16 4.12719277849021e-17
3.94539877300614e-08 0.00029314202218901 -0.00124717295602083 -358403.774387762 143070.686632343 1.36533198829234e-16 4.15146252561381e-17
4.01226993865031e-08 6.26659671120874e-05 -0.00112718632727552 -323922.862649917 213146.663870761 1.36579862636583e-16 4.19146650117392e-17
4.07914110429448e-08 -0.00014024970578371 -0.000962554579119769 -276612.15114176 275302.532715553 1.36626542353533e-16 4.24577708911797e-17
4.14601226993866e-08 -0.00030753445088457 -0.000759398333996113 -218230.541204455 327219.036647088 1.3667323798551e-16 4.31243299737129e-17
4.21288343558283e-08 -0.000432442939688265 -0.000525276113457595 -150950.147491646 366957.750699515 1.36719949537939e-16 4.3890121734683e-17
4.279754601227e-08 -0.000509806911777695 -0.000268903121457061 -77275.483893071 393033.45661857 1.36766677016249e-16 4.47272191763526e-17
4.34662576687117e-08 -0.000536228334155634 1.73177925105706e-07 49.7666516091704 404469.651629861 1.36813420425868e-16 4.56050284066325e-17
4.41349693251534e-08 -0.000510206649860133 0.00027192861179075 78144.9279823878 400835.116249154 1.36860179772229e-16 4.64914279676985e-17
4.48036809815952e-08 -0.000432195350818695 0.00053623573794702 154099.647137161 382260.171790496 1.36906955060764e-16 4.73539654855989e-17
4.54723926380369e-08 -0.000304585742368323 0.000783241260608502 225082.353416288 349432.014728407 1.3695374629691e-16 4.81610670611307e-17
4.61411042944786e-08 -0.000131618479716257 0.00100373335730834 288445.818201499 303569.294669435 1.37000553486104e-16 4.88832143321936e-17
4.68098159509203e-08 8.07738512380303e-05 0.00118948522326333 341825.880314332 246376.876338225 1.37047376633784e-16 4.94940453273532e-17
4.74785276073621e-08 0.000325187265198877 0.00133356202114734 383229.655078727 179982.464847901 1.37094215745392e-16 4.99713380556953e-17
4.81472392638038e-08 0.000593021823179807 0.00143057978374392 411109.935940663 106857.450054521 1.3714107082637e-16 5.02978401344858e-17
4.88159509202455e-08 0.000874801745448332 0.00147690660376579 424423.010980547 29724.9147550567 1.37187941882163e-16 5.04619134818282e-17
4.94846625766872e-08 0.00116052827629358 0.00147079859279727 422667.733835906 -48541.7691026327 1.37234828918218e-16 5.04579699834988e-17
5.01533742331289e-08 0.00144005216047357 0.00141246551991489 405904.386465557 -125025.980076117 1.37281731939982e-16 5.02866818253425e-17
5.08220858895707e-08 0.00170345185578943 0.001304063659652 374752.623848099 -196876.535292436 1.37328650952906e-16 4.99549585752908e-17
5.14907975460124e-08 0.00194140338771698 0.00114961609104757 330368.570084256 -261413.976665502 1.37375585962441e-16 4.94756917896333e-17
5.21595092024541e-08 0.00214552805872241 0.000954863393507444 274401.912425737 -316230.493148682 1.37422536974043e-16 4.88672765828363e-17
5.28282208588958e-08 0.00230870504554641 0.000727050280329671 208934.585521499 -359279.75273921 1.37469503993166e-16 4.81529279160105e-17
5.34969325153375e-08 0.00242533722194965 0.000474656100244974 136403.324849784 -388953.292745353 1.37516487025269e-16 4.73598170160478e-17
5.41656441717793e-08 0.00249156028372864 0.000207079232072526 59508.9702785966 -404140.616659607 1.3756348607581e-16 4.65180600498564e-17
5.4834355828221e-08 0.00250538736255846 -6.57128805819005e-05 -18884.1044962908 -404270.752265631 1.37610501150251e-16 4.56595966955469e-17
5.55030674846627e-08 0.00246678371689369 -0.00033355502305397 -95854.6917261276 -389333.715782949 1.37657532254055e-16 4.48170003688108e-17
5.61717791411044e-08 0.00237766869234963 -0.000586463000887661 -168533.603973851 -359881.075227495 1.37704579392687e-16 4.40222644241847e-17
5.68404907975461e-08 0.00224184485370341 -0.000815005813604046 -234210.626788784 -317005.584865544 1.37751642571615e-16 4.33056095614255e-17
5.75092024539879e-08 0.00206485690494305 -0.00101065733775753 -290435.582904779 -262300.64265171 1.37798721796307e-16 4.26943568923253e-17
5.81779141104296e-08 0.0018537856314921 -0.00116611440502631 -335109.739280131 -197801.074797687 1.37845817072233e-16 4.2211908691278e-17
5.88466257668713e-08 0.00161698452225261 -0.00127556940907352 -366564.146936076 -125907.448071178 1.37892928404866e-16 4.18768748538536e-17
5.9515337423313e-08 0.0013637688680499 -0.00133492726558763 -383621.989404131 -49296.7250980955 1.37940055799681e-16 4.17023776700448e-17
6.01840490797548e-08 0.00110406890761225 -0.00134195862040466 -385642.6105965 29177.4121012765 1.37987199262154e-16 4.16955608841601e-17
6.08527607361965e-08 0.000848059936116235 -0.00129638357389272 -372545.574929615 106590.858911618 1.38034358797763e-16 4.18573214084059e-17
6.15214723926382e-08 0.000605783154339614 -0.00119988277749159 -344813.856169501 180058.045820895 1.38081534411988e-16 4.21822737651353e-17
6.21901840490799e-08 0.000386771386259387 -0.00105603546407647 -303476.029034435 246839.497059175 1.3812872611031e-16 4.26589486623502e-17
6.28588957055216e-08 0.000199693616302363 -0.000870186696849804 -250068.120117079 304443.980978372 1.38175933898214e-16 4.32702183813526e-17
6.35276073619634e-08 5.20316008011847e-05 -0.000649248760277713 -186576.53301153 350721.443172861 1.38223157781186e-16 4.3993933199628e-17
6.41963190184051e-08 -5.0199382681268e-05 -0.000401444072799512 -115364.168379656 383943.255570554 1.38270397764711e-16 4.48037452013584e-17
6.48650306748468e-08 -0.000102675225406599 -0.000135999183044932 -39082.4867406295 402866.786277276 1.38317653854281e-16 4.56700888359445e-17
6.55337423312885e-08 -0.000102924724069133 0.000137198762323119 39427.2133793082 406781.878303366 1.38364926055386e-16 4.65612817324501e-17
6.62024539877302e-08 -5.04223145526756e-05 0.000407970288453061 117239.626239297 395537.498737137 1.38412214373519e-16 4.74447047834919e-17
6.6871165644172e-08 5.33916768876633e-05 0.000666222882811905 191454.436716711 369547.55838678 1.38459518814175e-16 4.82880175437408e-17
6.75398773006137e-08 0.000205164044494687 0.000902327173912774 259304.423898669 329775.677890375 1.38506839382851e-16 4.90603636570365e-17
6.82085889570554e-08 0.00039975302518633 0.00110747597697822 318258.641094314 277699.460884791 1.38554176085046e-16 4.9733521382311e-17
6.88773006134971e-08 0.000630419322852286 0.00127401281902563 366116.825058508 215255.598789602 1.3860152892626e-16 5.02829563193724e-17
6.95460122699388e-08 0.000889076738014476 0.0013957176888022 401091.512794252 144767.846621629 1.38648897911996e-16 5.06887370659964e-17
7.02147239263806e-08 0.00116659308217761 0.00146803934705323 421874.801240349 68860.5483496301 1.38696283047758e-16 5.093627963295e-17
7.08834355828223e-08 0.00145313017890219 0.00148826552067433 427687.256467369 -9639.07021782953 1.38743684339052e-16 5.10168928141328e-17
7.1552147239264e-08 0.00173851029304803 0.0014556246164142 418307.143444728 -87806.2032858863 1.38791101791386e-16 5.09281041179665e-17
7.22208588957057e-08 0.00201259534033941 0.00137131513989926 394078.880272617 -162727.439645669 1.38838535410271e-16 5.06737540377169e-17
7.28895705521475e-08 0.00226566474842624 0.00123846169888126 355900.394705409 -231609.349722979 1.38885985201218e-16 5.02638550683012e-17
7.35582822085892e-08 0.00248877788605691 0.00106199920544165 305189.84699724 -291882.63791971 1.38933451169741e-16 4.97142206438309e-17
7.42269938650309e-08 0.00267410754732562 0.000848489568469463 243832.952278209 -341297.97696653 1.38980933321355e-16 4.90458777469886e-17
7.48957055214726e-08 0.00281523205213008 0.000605877685287966 174112.859147742 -378009.949693787 1.39028431661578e-16 4.82842850085962e-17
7.55644171779143e-08 0.0029073750621133 0.000343195805954204 98625.1919705536 -400645.96564669 1.3907594619593e-16 4.74583853725762e-17
7.62331288343561e-08 0.00294758415629624 7.02272710054046e-05 20181.4182000825 -408357.578892097 1.39123476929931e-16 4.65995285771866e-17
7.69018404907978e-08 0.00293484148998831 -0.000202857858666948 -58295.8617403176 -400852.288396297 1.39171023869104e-16 4.57403035673891e-17
7.75705521472395e-08 0.00287010238954977 -0.000465881709282877 -133881.802214461 -378404.629115838 1.39218587018976e-16 4.49133243237658e-17
7.82392638036812e-08 0.00275626042000551 -0.000709037922011969 -203758.320934038 -341846.133374569 1.39266166385071e-16 4.41500143443953e-17
7.89079754601229e-08 0.00259804020237568 -0.000923257263735824 -265319.165602811 -292534.529463496 1.39313761972921e-16 4.34794350817251e-17
7.95766871165647e-08 0.00240182195080016 -0.00110054588970388 -316267.121454662 -232303.318356241 1.39361373788054e-16 4.29272020137175e-17
8.02453987730064e-08 0.00217540424569867 -0.00123428364167129 -354699.734070143 -163393.601131689 1.39409001836004e-16 4.25145287772964e-17
8.09141104294481e-08 0.00192771386337953 -0.00131947125028805 -379180.348656854 -88370.6918519889 1.39456646122304e-16 4.22574350330117e-17
8.15828220858898e-08 0.00166847345872963 -0.00135291721105798 -388791.81314548 -10028.618556086 1.39504306652492e-16 4.21661476397165e-17
8.22515337423315e-08 0.00140783947211965 -0.00133335734841169 -383170.83767043 68713.9325019408 1.39551983432106e-16 4.22447175234514e-17
8.29202453987733e-08 0.00115602374562309 -0.00126150258877767 -362521.723258325 144922.354117118 1.39599676466685e-16 4.24908665934157e-17
8.3588957055215e-08 0.000922912945400984 -0.00114001313766743 -327608.941020701 215755.485846439 1.39647385761771e-16 4.28960704889155e-17
8.42576687116567e-08 0.000717699973675167 -0.000973399998105497 -279728.831214509 278571.536238306 1.39695111322909e-16 4.34458741537071e-17
8.49263803680984e-08 0.000548541111694775 -0.000767857476051457 -220661.469830739 331026.610670448 1.39742853155644e-16 4.41204285556222e-17
8.55950920245402e-08 0.000422251680789208 -0.000531032891826189 -152604.489887107 371162.170131631 1.39790611265524e-16 4.48952286232736e-17
8.62638036809819e-08 0.000344051577386661 -0.000271742059014513 -78091.3177603225 397478.157574638 1.39838385658099e-16 4.57420249654602e-17
8.69325153374236e-08 0.000317370182940845 3.58883512581616e-07 103.133414538897 408989.061526588 1.39886176338919e-16 4.66298754526341e-17
8.76012269938653e-08 0.000343717940038219 0.000275133070479645 79065.8027363066 405260.821642146 1.39933983313539e-16 4.75262975155579e-17
8.8269938650307e-08 0.000422629403787922 0.000542340548417672 155854.004545282 386427.194193726 1.39981806587513e-16 4.83984782491871e-17
8.89386503067488e-08 0.000551679915344345 0.000792019884735911 227605.092548824 353184.960552087 1.40029646166398e-16 4.92144972407804e-17
8.96073619631905e-08 0.000726575301239096 0.00101485952639533 291643.178259704 306768.150024486 1.40077502055754e-16 4.99445165516325e-17
9.02760736196322e-08 0.000941311280315627 0.0012025450641094 345578.925334702 248902.230613258 1.40125374261141e-16 5.05618934904792e-17
9.09447852760739e-08 0.00118839666091831 0.00134806945128148 387398.698106516 181739.968180651 1.40173262788123e-16 5.10441746790606e-17
9.16134969325156e-08 0.00145913203150029 0.00144599460315397 415539.738103543 107781.338306067 1.40221167642263e-16 5.13739343204343e-17
9.22822085889574e-08 0.00174393357673976 0.00149265460976277 428948.561956579 29780.4702927358 1.40269088829129e-16 5.15394253745668e-17
9.29509202453991e-08 0.00203268996588669 0.00148629296902143 427120.398475333 -49356.912890129 1.40317026354289e-16 5.15350193080287e-17
9.36196319018408e-08 0.00231513902334681 0.00142712870274693 410118.188605968 -126681.739545082 1.40364980223314e-16 5.13614179561868e-17
9.42883435582825e-08 0.0025812501496923 0.00131734886722888 378570.433171251 -199311.486701318 1.40412950441775e-16 5.10256295240731e-17
9.49570552147243e-08 0.00282159824218574 0.00116102771237883 333647.961396635 -264537.634759544 1.40460937015247e-16 5.05407095399623e-17
9.5625766871166e-08 0.00302771517585894 0.000963975477398902 277020.478875138 -319926.673647297 1.40508939949306e-16 4.99252763362123e-17
9.62944785276077e-08 0.00319240573775694 0.00073352243438225 210794.507539264 -363410.893775352 1.4055695924953e-16 4.92028190385777e-17
9.69631901840494e-08 0.00331001622732277 0.000478246206488243 137435.024279947 -393365.574523294 1.40604994921499e-16 4.84008237845704e-17
9.76319018404911e-08 0.00337664569601853 0.000207652504234498 59673.7131922481 -408669.688793052 1.40653046970794e-16 4.75497506748337e-17
9.83006134969329e-08 0.0033902919337015 -6.81788369814695e-05 -19592.7536670531 -408747.855544812 1.40701115403e-16 4.66818995357766e-17
9.89693251533746e-08 0.00335092673857928 -0.000338969337739817 -97410.6193220259 -393591.970346226 1.40749200223702e-16 4.58302067287138e-17
9.96380368098163e-08 0.00326049764131394 -0.000594624886957817 -170879.109270085 -363761.700833336 1.40797301438487e-16 4.50270178250615e-17
1.00306748466258e-07 0.00312285599394312 -0.000825612013405202 -237258.561738219 -320363.821411499 1.40845419052946e-16 4.43028818818929e-17
1.009754601227e-07 0.00294361407864647 -0.00102331339039545 -294072.590115675 -265011.150179767 1.40893553072668e-16 4.36854122627062e-17
1.01644171779141e-07 0.00272993653773007 -0.00118034931687286 -339200.467923059 -199762.61154974 1.40941703503248e-16 4.31982564834286e-17
1.02312883435583e-07 0.00249027387586408 -0.00129085318165908 -370956.289786112 -127046.651996821 1.40989870350281e-16 4.28602135147852e-17
1.02981595092025e-07 0.00223404794722525 -0.00135069062858655 -388151.953567146 -49570.8575718273 1.41038053619363e-16 4.26845314895449e-17
1.03650306748467e-07 0.00197130113310369 -0.00135761423501504 -390141.610786996 29778.8629658838 1.41086253316094e-16 4.26784120506823e-17
1.04319018404908e-07 0.0017123222727845 -0.0013113479168594 -376845.922347027 108045.775495316 1.41134469446074e-16 4.2842739883907e-17
1.0498773006135e-07 0.00146726328137673 -0.00121359789038444 -348755.208652507 182312.494200183 1.41182702014906e-16 4.31720475916875e-17
1.05656441717792e-07 0.00124576074011115 -0.00106798975718 -306911.369536136 249809.726282224 1.41230951028195e-16 4.36547172981575e-17
1.06325153374234e-07 0.00105657656417424 -0.000879934031978482 -252869.240589966 308019.534306582 1.41279216491548e-16 4.42734115517775e-17
1.06993865030675e-07 0.000907271146933211 -0.00065642510071145 -188638.81914861 354769.26571085 1.41327498410573e-16 4.50057175441378e-17
1.07662576687117e-07 0.000803921173575926 -0.000405781078964973 -116610.506645524 388312.645532455 1.4137579679088e-16 4.58249807075246e-17
1.08331288343559e-07 0.000750892636512883 -0.000137334246188725 -39466.1477777546 407395.005642719 1.41424111638082e-16 4.67012966875401e-17
1.09e-07 0.000750677531103283 0.000138916423639937 39920.822782956 411300.213978176 1.41472442957792e-16 4.76026247738426e-17
