0 -0.00139 0 0 400000 1.33808e-16 4.46026666666667e-17
7.46575342465753e-10 -0.00135796511497321 0.000300231881237641 86278.522082796 395084.951719008 1.33879053356216e-16 4.55884141589767e-17
1.49315068493151e-09 -0.00126191044529147 0.000589884502283655 169516.850931282 371772.348916764 1.3395014434837e-16 4.65402740152409e-17
2.23972602739726e-09 -0.0011055791331195 0.000855466183172606 245837.84264244 331137.869407986 1.34021272996395e-16 4.74150135028233e-17
2.98630136986301e-09 -0.000895522752621428 0.00108459882811988 311684.367286919 275064.258402357 1.34092439320239e-16 4.81729682582402e-17
3.73287671232877e-09 -0.000640797759640725 0.00126659483311133 363985.096546271 206154.096352906 1.34163643339856e-16 4.87798909298407e-17
4.47945205479452e-09 -0.000352545154598093 0.00139295559064975 400297.760493667 127609.005441988 1.34234885075215e-16 4.92085485864165e-17
5.22602739726027e-09 -4.34728674249653e-05 0.00145776834000591 418923.191622169 43080.9010114948 1.34306164546293e-16 4.94399943841459e-17
5.97260273972603e-09 0.000272735087104087 0.00145798283198695 418984.830816004 -43497.8012136292 1.34377481773077e-16 4.94644541111781e-17
6.71917808219178e-09 0.000582055213006508 0.00139355486319282 400469.975213595 -128097.127791452 1.34448836775567e-16 4.92817861288041e-17
7.46575342465753e-09 0.000870777279996196 0.00126744992636275 364230.827218413 -206777.129368082 1.34520229573772e-16 4.89014930686274e-17
8.21232876712329e-09 0.00112614283064968 0.00108550673275914 311945.2745235 -275871.370367071 1.34591660187711e-16 4.83422845036903e-17
8.95890410958904e-09 0.0013369397117279 0.000856166886692153 246039.205881532 -332157.781210588 1.34663128637415e-16 4.76312107175212e-17
9.70547945205479e-09 0.00149402492528931 0.000590083227502286 169573.959184054 -373008.91158739 1.34734634942925e-16 4.68024076751832e-17
1.04520547945205e-08 0.00159075141794874 0.000299625010127494 86104.1237402137 -396514.578142149 1.34806179124292e-16 4.58955114238833e-17
1.11986301369863e-08 0.00162327888631223 -1.69709185118149e-06 -487.698295580965 -401571.181550855 1.3487776120158e-16 4.49538155727321e-17
1.19452054794521e-08 0.00159075406621255 -0.000299859431593482 -86171.4901289745 -387933.516770689 1.3494938119486e-16 4.40222575023553e-17
1.26917808219178e-08 0.00149535204243925 -0.00058097805103199 -166957.377740665 -356226.644339107 1.35021039124217e-16 4.31453269746789e-17
1.34383561643836e-08 0.00134217658198812 -0.000831955184772803 -239081.417621006 -307917.248845485 1.35092735009745e-16 4.23649944758291e-17
1.41849315068493e-08 0.00113902405658919 -0.00104108950171556 -299180.963705969 -245245.796651032 1.35164468871548e-16 4.17187557578854e-17
1.49315068493151e-08 0.000896021873903623 -0.00119862165265094 -344451.443000838 -171122.63079438 1.35236240729742e-16 4.12378836861594e-17
1.56780821917808e-08 0.000625158185374998 -0.00129718968915394 -372777.230652119 -88992.8217483675 1.35308050604453e-16 4.09459688948929e-17
1.64246575342466e-08 0.00033972470970516 -0.00133217310196502 -382830.517272812 -2676.04995734985 1.35379898515819e-16 4.08578173506695e-17
1.71712328767123e-08 5.36985677840951e-05 -0.00130190940161308 -374133.548355462 83811.0380840055 1.35451784483985e-16 4.09787563414661e-17
1.79178082191781e-08 -0.000218908121784818 -0.00120777308988618 -347081.318536825 166441.73848481 1.35523708529111e-16 4.13043814204724e-17
1.86643835616438e-08 -0.000464700621144861 -0.00105411327238926 -302923.643134415 241366.76588203 1.35595670671365e-16 4.1820756320411e-17
1.94109589041096e-08 -0.000671525552273112 -0.000848052742040425 -243707.420177658 305093.568152924 1.35667670930928e-16 4.25050567703815e-17
2.01575342465753e-08 -0.000829037409508209 -0.000599157814697298 -172181.750097096 354649.126792654 1.35739709327988e-16 4.33266284745799e-17
2.09041095890411e-08 -0.000929181198549162 -0.000318994220735371 -91670.3109761228 387718.654308269 1.35811785882747e-16 4.42484102133245e-17
2.16506849315069e-08 -0.000966568686076332 -2.0589669682248e-05 -5916.91416326026 402753.718183075 1.35883900615416e-16 4.52286560009424e-17
2.23972602739726e-08 -0.000938730685653837 0.00028217193881331 81088.5831101314 399044.74102124 1.35956053546219e-16 4.62228762761396e-17
2.31438356164384e-08 -0.000846233567950423 0.000575196488659443 165295.913092819 376754.482433932 1.36028244695387e-16 4.71859078600559e-17
2.38904109589041e-08 -0.000692654498704712 0.000844835750731086 242782.943887602 336910.923100289 1.36100474083164e-16 4.80740163740308e-17
2.46369863013699e-08 -0.000484416482512509 0.00107852307354171 309938.359756403 281359.860813578 1.36172741729806e-16 4.88469332467924e-17
2.53835616438356e-08 -0.000230490818453305 0.00126535905293559 363629.966748787 212679.404276148 1.36245047655577e-16 4.9469732434419e-17
2.61301369863014e-08 5.80192491618654e-05 0.00139661988582707 401350.779816837 134060.325585657 1.36317391880752e-16 4.99144593890616e-17
2.68767123287671e-08 0.000368394362844495 0.00146616469834648 421336.077906983 49157.8240548061 1.36389774425619e-16 5.01614363012546e-17
2.76232876712329e-08 0.000686890402605486 0.00147072282989293 422645.961626412 -38078.4119785109 1.36462195310476e-16 5.02001826729341e-17
2.83698630136986e-08 0.000999377862274156 0.00141004763371151 405209.551368991 -123587.944611628 1.36534654555629e-16 5.00299081560081e-17
2.91164383561644e-08 0.00129199950786703 0.00128692956241512 369828.747740317 -203388.579604141 1.36607152181398e-16 4.96595544836025e-17
2.98630136986301e-08 0.00155181570745648 0.00110706785466122 318141.357779183 -273761.816727467 1.36679688208114e-16 4.91073843028476e-17
3.06095890410959e-08 0.00176740737978402 0.000878806722288393 252545.28227618 -331426.120887913 1.36752262656115e-16 4.84001358129392e-17
3.13561643835617e-08 0.00192940846619367 0.000612748249131301 176087.273363298 -373689.940158193 1.36824875545754e-16 4.75717823381009e-17
3.21027397260274e-08 0.00203094309693714 0.000321259959440844 92321.4229970324 -398577.33554918 1.36897526897392e-16 4.66619543798294e-17
3.28493150684932e-08 0.00206794704713156 1.78999274774176e-05 5143.95500495982 -404920.358757515 1.36970216731402e-16 4.57140974380758e-17
3.35958904109589e-08 0.00203935845425651 -0.000283213848799907 -81387.9998589999 -392413.859215774 1.37042945068167e-16 4.47734512322947e-17
3.43424657534247e-08 0.00194716884823193 -0.000568060477835782 -163245.21659485 -361630.148756628 1.37115711928083e-16 4.3884944314184e-17
3.50890410958904e-08 0.00179633204415263 -0.000823369031376388 -236613.989370665 -313992.819848971 1.37188517331554e-16 4.30911020530421e-17
3.58356164383562e-08 0.00159453506429828 -0.00103723682927253 -298073.809851808 -251710.914779629 1.37261361298996e-16 4.24300654039444e-17
3.65821917808219e-08 0.00135184168209071 -0.00119968434685491 -344756.832571613 -177676.489828007 1.37334243850836e-16 4.19338127625501e-17
3.73287671232877e-08 0.00108022511693714 -0.00130312087511094 -374481.693071162 -95330.3244035736 1.37407165007511e-16 4.16266678036316e-17
3.80753424657534e-08 0.000793011578730794 -0.00134269920549314 -385855.434719797 -8502.01078617887 1.37480124789471e-16 4.15241629290746e-17
3.88219178082192e-08 0.00050426052306751 -0.00131654276663561 -378338.781663919 78768.143762013 1.37553123217173e-16 4.16323114309839e-17
3.95684931506849e-08 0.000228110438651669 -0.0012258345700503 -352271.699414311 162417.120001108 1.37626160311089e-16 4.19473224740937e-17
4.03150684931507e-08 -2.18793915655168e-05 -0.0010747637503395 -308858.031949172 238548.346758482 1.37699236091699e-16 4.24557724023117e-17
4.10616438356164e-08 -0.000233360510386919 -0.000870332113554577 -250109.908944842 303613.211433173 1.37772350579495e-16 4.31352246351573e-17
4.18082191780822e-08 -0.0003957708655093 -0.000622029626557615 -178754.490195613 354576.465872558 1.37845503794979e-16 4.39552695296519e-17
4.25547945205479e-08 -0.000500827519450796 -0.000341393887013575 -98107.3692047977 389057.817878842 1.37918695758666e-16 4.48789360146757e-17
4.33013698630137e-08 -0.000542913506051971 -4.14740234084677e-05 -11918.5125502295 405443.103303876 1.37991926491079e-16 4.58644094697496e-17
4.40479452054794e-08 -0.000519340765642726 0.000263776064990434 75802.1065396999 402959.846504333 1.38065196012754e-16 4.68669760269067e-17
4.47945205479452e-08 -0.000430476851110272 0.000560146915226223 160971.072744611 381713.672238533 1.38138504344237e-16 4.78411028898965e-17
4.55410958904109e-08 -0.000279729433340593 0.000833834950532873 239621.611457091 342683.852949413 1.38211851506084e-16 4.87425578841823e-17
4.62876712328767e-08 -7.33892521303861e-05 0.001072085382725 308088.341540474 287678.177104437 1.38285237518865e-16 4.95304695733588e-17
4.70342465753424e-08 0.000179661250285545 0.00126378662406964 363178.093223314 219249.218352165 1.38358662403156e-16 5.01692319925542e-17
4.77808219178082e-08 0.000468360118365115 0.00139998850744595 402318.830556601 140575.883514826 1.38432126179549e-16 5.06301652331096e-17
4.85273972602739e-08 0.000779979767733175 0.00147432014637231 423679.733083412 55315.7360898229 1.38505628868644e-16 5.08928544332501e-17
4.92739726027397e-08 0.00110071869267025 0.00148328792639488 426256.830503984 -32565.0444781919 1.38579170491052e-16 5.09461046616904e-17
5.00205479452054e-08 0.00141634348824275 0.0014264396900198 409920.184984406 -118976.162592317 1.38652751067396e-16 5.07884670318313e-17
5.07671232876712e-08 0.00171285132150717 0.00130638739994818 375420.403957366 -199893.582809157 1.38726370618308e-16 5.042831132383e-17
5.15136986301369e-08 0.00197712201830306 0.00112868715046335 324354.158640268 -271546.921945663 1.38800029164434e-16 4.98834414930894e-17
5.22602739726027e-08 0.00219752939931034 0.000901582038017573 259090.291996608 -330595.130526774 1.38873726726428e-16 4.91802717247663e-17
5.30068493150684e-08 0.00236448338029515 0.000635619790189202 182659.935640525 -374282.277733499 1.38947463324957e-16 4.83526011640014e-17
5.37534246575342e-08 0.00247087755996385 0.000343162889669678 98615.7327206909 -400566.176045926 1.39021238980698e-16 4.74400441572235e-17
5.44999999999999e-08 0.00251242140590417 3.78139447104825e-05 10866.7049291766 -408213.842497848 1.39095053714338e-16 4.64861889092097e-17
5.52465753424657e-08 0.00248784151108124 -0.000266216984407836 -76503.56075898 -396859.334350183 1.39168907546577e-16 4.55365701440226e-17
5.59931506849314e-08 0.00239894248113846 -0.000554773676677079 -159426.949319386 -367021.246454399 1.39242800498125e-16 4.46365500631643e-17
5.67397260273972e-08 0.00225052454327067 -0.000814412885210593 -234040.235205861 -320079.034271139 1.39316732589703e-16 4.38292062138654e-17
5.74863013698629e-08 0.00205016163686518 -0.00103303062552018 -296865.060661562 -258209.243122595 1.39390703842042e-16 4.31533246109303e-17
5.82328767123287e-08 0.00180785024399494 -0.001200426440164 -344970.090116721 -184284.591574585 1.39464714275885e-16 4.26415916071001e-17
5.89794520547944e-08 0.00153554524156736 -0.00130877933504219 -376107.781407017 -101740.587898251 1.39538763911987e-16 4.23190688027864e-17
5.97260273972602e-08 0.00124660432576968 -0.00135301318120601 -388819.39237025 -14415.8726827172 1.39612852771112e-16 4.2202022152514e-17
6.04726027397259e-08 0.000955166827693655 -0.00133103451071279 -382503.316943208 73626.2927527809 1.39686980874036e-16 4.22971599718838e-17
6.12191780821917e-08 0.000675495807410704 -0.00124383156728345 -357443.549641555 158287.09072683 1.39761148241546e-16 4.26013155396454e-17
6.19657534246574e-08 0.000421314038806535 -0.00109542992652398 -314796.932011848 235622.967194289 1.39835354894439e-16 4.31015893082596e-17
6.27123287671232e-08 0.000205164798141974 -0.000892706676037301 -256539.753021696 302029.323824697 1.39909600853526e-16 4.3775944345148e-17
6.34589041095889e-08 3.78272308323328e-05 -0.000645071732184708 -185376.168116646 354408.525776893 1.39983886139625e-16 4.45942275212622e-17
6.42054794520547e-08 -7.21864544248953e-05 -0.00036403106084789 -104612.680681063 390314.394506973 1.40058210773567e-16 4.55195691264748e-17
6.49520547945204e-08 -0.000119028510449787 -6.2652075853288e-05 -18004.5120050467 408066.445643596 1.40132574776196e-16 4.65100959468676e-17
6.56986301369862e-08 -9.97893309921709e-05 0.000245043945983315 70419.0021979796 406828.537048651 1.40206978168362e-16 4.75208782099631e-17
6.64452054794519e-08 -1.46344767851871e-05 0.000544734183008808 156541.87038444 386648.246398802 1.40281420970932e-16 4.85060198730107e-17
6.71917808219177e-08 0.000133201404005298 0.000822460972180004 236353.037718547 348455.124087094 1.40355903204779e-16 4.94207950075133e-17
6.79383561643834e-08 0.000337563553675662 0.001065281864058 306133.194295179 294017.881005445 1.4043042489079e-16 5.02237308354509e-17
6.86849315068492e-08 0.000589662120581297 0.0012618727543067 362628.098819239 225862.482771157 1.40504986049863e-16 5.08785404038546e-17
6.94315068493149e-08 0.000878480014313576 0.00140305598535019 403200.340738025 147154.9431806 1.40579586702905e-16 5.13558148337577e-17
7.01780821917807e-08 0.00119128467599716 0.00148222879030634 425952.463439344 61554.2552679842 1.40654226870835e-16 5.16343962259361e-17
7.09246575342464e-08 0.00151421999098957 0.00149567207828171 429815.700793307 -26957.7083946128 1.40728906574586e-16 5.17023671325078e-17
7.16712328767122e-08 0.00183295082728398 0.00144272512076218 414600.177296157 -114261.418600924 1.40803625835097e-16 5.15576103220026e-17
7.24178082191779e-08 0.00213333021811552 0.00132581793476149 381004.214111239 -196291.419745787 1.40878384673321e-16 5.12079125479235e-17
7.31643835616437e-08 0.00240205813708826 0.00115035977960859 330582.286061619 -269225.643978266 1.40953183110223e-16 5.06706072478522e-17
7.39109589041094e-08 0.00262730118914005 0.000924488882691592 265673.099578226 -329663.493623742 1.41028021166778e-16 4.99717725646228e-17
7.46575342465752e-08 0.00279924434415218 0.000658694973293079 189291.119133715 -374784.394500186 1.4110289886397e-16 4.91450217937436e-17
7.54041095890409e-08 0.00291054898877604 0.000365332131774519 104986.573274387 -402479.427623891 1.41177816222797e-16 4.8229942357324e-17
7.61506849315067e-08 0.00295669592019872 5.80445775016261e-05 16680.4416010594 -411449.89634052 1.41252773264268e-16 4.72702557989022e-17
7.68972602739724e-08 0.00293619725129062 -0.000248867915587172 -71517.9076325061 -401268.222132965 1.41327770009402e-16 4.6311784321093e-17
7.76438356164382e-08 0.00285066729150511 -0.000541115461824464 -155501.947794181 -372398.313874746 1.41402806479228e-16 4.54003184405391e-17
7.83904109589039e-08 0.0027047490286537 -0.000805083398740259 -231359.193135533 -326174.440680708 1.4147788269479e-16 4.45794849886733e-17
7.91369863013697e-08 0.00250589955804123 -0.00102846653636372 -295553.464886157 -264739.570044104 1.41552998677139e-16 4.38887147232556e-17
7.98835616438354e-08 0.00226404437455589 -0.00120084277411505 -345089.733233373 -190946.020733896 1.41628154447339e-16 4.33614042304054e-17
8.06301369863012e-08 0.00199111655423444 -0.00131415934586545 -377653.851000649 -108223.036040662 1.41703350026466e-16 4.30233578009307e-17
8.13767123287669e-08 0.00170050221979808 -0.00136310900756702 -391720.659797419 -20417.4255705146 1.41778585435605e-16 4.28915819746873e-17
8.21232876712327e-08 0.00140641805935718 -0.00134537859405518 -386625.418521202 68385.3190424936 1.41853860695855e-16 4.29734890651611e-17
8.28698630136984e-08 0.00112324984470136 -0.00126175830474315 -362595.209110274 154051.116088204 1.41929175828323e-16 4.32665469643886e-17
8.36164383561642e-08 0.000864882726763755 -0.00111610655615325 -320738.836111814 232589.748749978 1.42004530854129e-16 4.37583917695056e-17
8.43630136986299e-08 0.000644054485000552 -0.000915171961228696 -262995.668351181 300340.723739869 1.42079925794405e-16 4.44273982322404e-17
8.51095890410957e-08 0.000471761855218936 -0.000668280648299414 -192045.782859976 354143.876623418 1.42155360670292e-16 4.524368171402e-17
8.58561643835615e-08 0.000356747605037582 -0.000386903406641297 -111185.574217509 391486.772458861 1.42230835502944e-16 4.61704852247399e-17
8.66027397260272e-08 0.000305092281251969 -8.41227484539307e-05 -24174.602577942 410622.026562044 1.42306350313525e-16 4.71658871693625e-17
8.7349315068493e-08 0.000319929692579329 0.000225975352437331 64939.2041746549 410649.067069985 1.42381905123211e-16 4.81847504604204e-17
8.80958904109587e-08 0.000401299440300343 0.00052895676472102 152007.867111567 391556.513645741 1.42457499953188e-16 4.91808223746015e-17
8.88424657534245e-08 0.000546143435486984 0.000810711060876908 232976.431018232 354223.178332924 1.42533134824656e-16 5.01088874650261e-17
8.95890410958902e-08 0.000748446641240171 0.0010581086628474 304071.810285922 300377.620043353 1.42608809758824e-16 5.09268733188361e-17
9.0335616438356e-08 0.000999515563445342 0.00125961266794566 361978.611129237 232518.113846447 1.42684524776911e-16 5.15978110921355e-17
9.10821917808217e-08 0.00128838159662372 0.00140581684469719 403993.737039432 153796.740281142 1.42760279900151e-16 5.20915594638645e-17
9.18287671232875e-08 0.00160231051143896 0.00148988471070004 428152.567885376 67872.972426962 1.42836075149785e-16 5.23862116168956e-17
9.25753424657532e-08 0.00192739441860589 0.00150786919686987 433320.822771416 -21256.438512093 1.42911910547069e-16 5.24691195701395e-17
9.3321917808219e-08 0.00224919869135447 0.00145889795141644 419247.811388155 -109443.371225915 1.42987786113268e-16 5.23374879666083e-17
9.40684931506847e-08 0.00255343375518418 0.0013452155847253 386578.574048825 -192581.388503326 1.43063701869659e-16 5.19985094429135e-17
9.48150684931505e-08 0.00282662047989709 0.00117208081246855 336824.323401372 -266796.952905046 1.43139657837531e-16 5.14690350346511e-17
9.55616438356162e-08 0.00305671819021174 0.00094752320905001 272292.541947852 -328629.900027876 1.43215654038181e-16 5.07747947171403e-17
9.6308219178082e-08 0.00323368603530793 0.000681970822456169 195979.968624765 -375194.760928117 1.43291690492923e-16 4.99492041344528e-17
9.70547945205477e-08 0.00334995154492792 0.000387765920170121 111433.437276677 -404315.412471674 1.43367767223076e-16 4.90318128556185e-17
9.78013698630135e-08 0.00340076450714216 7.85913535129909e-05 22585.0292834836 -414626.77223235 1.43443884249975e-16 4.80664662165221e-17
9.85479452054792e-08 0.00338441963067034 -0.000231165798751564 -66430.7980556777 -405638.785620407 1.43520041594965e-16 4.70992661794687e-17
9.9294520547945e-08 0.00330233755521226 -0.000527083712347293 -151469.602521134 -377759.706060515 1.435962392794e-16 4.61764260452877e-17
1.00041095890411e-07 0.00315900036295838 -0.000795377271763298 -228569.914770864 -332277.562744157 1.43672477324649e-16 4.53421188452447e-17
1.00787671232876e-07 0.00296174451676222 -0.00102354023536069 -294137.779223048 -271300.656660912 1.4374875575209e-16 4.46364195871735e-17
1.01534246575342e-07 0.0027204207901471 -0.00120092819691854 -345114.281436604 -197659.83368051 1.43825074583112e-16 4.40934372134984e-17
1.02280821917808e-07 0.00244693695217781 -0.00131925516987163 -379118.252989656 -114777.064554296 1.43901433839118e-16 4.37397233467027e-17
1.03027397260274e-07 0.00215470443745027 -0.00137298062778193 -394557.496442461 -26506.4328365308 1.43977833541519e-16 4.3593032056842e-17
1.03773972602739e-07 0.00185801471310034 -0.00135956892261558 -390703.335133567 63045.0803693942 1.4405427371174e-16 4.36614885816172e-17
1.04520547945205e-07 0.00157137434162333 -0.00127960893484521 -367724.997382935 149708.681371625 1.44130754371215e-16 4.39432059195869e-17
1.05267123287671e-07 0.00130882967675708 -0.00113678831049715 -326682.212916154 229447.828027612 1.44207275541391e-16 4.44263673849732e-17
1.06013698630137e-07 0.00108331262874801 -0.000937723407630403 -269476.344082045 298546.239111093 1.44283837243726e-16 4.50897715271645e-17
1.06760273972602e-07 0.000906037970991302 -0.000691652793422564 -198762.305205362 353781.092082234 1.4436043949969e-16 4.59038142886533e-17
1.07506849315068e-07 0.000785980276437096 -0.000410008490204736 -117825.350294038 392573.337416813 1.44437082330763e-16 4.68318629042421e-17
1.08253424657534e-07 0.000729454879512008 -0.000105884868253738 -30428.447192898 413108.118815955 1.44513765758436e-16 4.78319577809799e-17
1.09e-07 0.00073982242885303 0.000206570140796427 59362.6712155992 414419.676759238 1.44590489804215e-16 4.88587632939064e-17
