0 -0.00139 0 0 400000 1.33808e-16 4.46026666666667e-17
5.0462962962963e-10 -0.00137536403443863 0.00020258365012992 58217.0616234888 398694.357496609 1.33822831361319e-16 4.52567695022495e-17
1.00925925925926e-09 -0.00133139778797887 0.000402378277094412 115632.633425924 388959.985579955 1.33837664362457e-16 4.59019357386069e-17
1.51388888888889e-09 -0.0012588141226158 0.00059515982073496 171032.834768902 371001.741506144 1.33852499003593e-16 4.65246297974274e-17
2.01851851851852e-09 -0.00115893096477214 0.00077685201372237 223246.256675711 345198.361682169 1.33867335284909e-16 4.71117896877417e-17
2.52314814814815e-09 -0.00103364351061612 0.000943612572093842 271168.730660424 312094.474226068 1.33882173206587e-16 4.765110319488e-17
3.02777777777778e-09 -0.000885384224554148 0.0010919144488019 313786.678800144 272389.103615646 1.33897012768809e-16 4.81312682493437e-17
3.53240740740741e-09 -0.000717071475198994 0.00121862043199134 350198.551262082 226920.910055026 1.33911853971754e-16 4.85422319695245e-17
4.03703703703704e-09 -0.000532047893416978 0.00132104951022592 379633.89787468 176650.475244678 1.33926696815606e-16 4.88754033224365e-17
4.54166666666667e-09 -0.000334009754457425 0.00139703360076255 401469.670299251 122640.008715476 1.33941541300544e-16 4.91238349037983e-17
5.0462962962963e-09 -0.00012692887606677 0.0014449634405454 415243.409860429 66030.903459171 1.33956387426752e-16 4.92823699911343e-17
5.55092592592593e-09 8.50313171297781e-05 0.00146382266856443 420663.041894163 8019.61510194422 1.33971235194409e-16 4.93477517572843e-17
6.05555555555556e-09 0.000297603789185822 0.00145320937775591 417613.069181008 -50167.6256387603 1.33986084603699e-16 4.93186923313139e-17
6.56018518518519e-09 0.000506508088512265 0.00141334467944221 406157.033134458 -107300.732752651 1.34000935654801e-16 4.9195900242405e-17
7.06481481481482e-09 0.000707540837141183 0.00134506809781867 386536.19030104 -162171.769103494 1.34015788347898e-16 4.89820656619495e-17
7.56944444444445e-09 0.000896664600622183 0.00124981989039399 359164.431733094 -213620.485233604 1.34030642683171e-16 4.8681803751169e-17
8.07407407407408e-09 0.00107009325962109 0.00112961066669304 324619.552225681 -260558.852852196 1.34045498660803e-16 4.83015573072854e-17
8.5787037037037e-09 0.00122437207803863 0.000986978946092276 283631.05358646 -301994.074247044 1.34060356280973e-16 4.78494607618491e-17
9.08333333333333e-09 0.00135645077438539 0.000824937550701652 237064.73939989 -337049.581021213 1.34075215543865e-16 4.73351684020899e-17
9.58796296296296e-09 0.00146374805087625 0.000646909965337985 185904.4266049 -364983.57800946 1.34090076449659e-16 4.67696504428153e-17
1.00925925925926e-08 0.00154420621512486 0.000456658008860505 131231.160193047 -385204.740075814 1.34104938998537e-16 4.61649612564383e-17
1.05972222222222e-08 0.00159633473861438 0.000258202344969629 74200.3701620839 -397284.729639916 1.34119803190681e-16 4.55339846577811e-17
1.11018518518518e-08 0.00161924182987499 5.57375121161665e-05 16017.4534101137 -400967.269954258 1.34134669026273e-16 4.48901616259161e-17
1.16064814814815e-08 0.00161265335357123 -0.000146456731777614 -42087.7033936556 -396173.581938163 1.34149536505495e-16 4.424720621719e-17
1.21111111111111e-08 0.0015769186941418 -0.000344105875978478 -98886.7214802198 -383004.069229264 1.34164405628527e-16 4.36188156738568e-17
1.26157407407407e-08 0.0015130034385882 -0.000533031022677062 -153178.698648784 -361736.215414871 1.34179276395552e-16 4.30183808561176e-17
1.31203703703704e-08 0.00142246903164413 -0.000709237241412027 -203815.599938482 -332818.737477953 1.34194148806751e-16 4.24587031192031e-17
1.3625e-08 0.00130743983198467 -0.000868998044107337 -249726.533469229 -296862.118642684 1.34209022862307e-16 4.19517236215649e-17
1.41296296296296e-08 0.00117055826452908 -0.00100893419445195 -289940.398125838 -254625.720359317 1.34223898562402e-16 4.15082707880987e-17
1.46342592592593e-08 0.00101492901562263 -0.00112608518492844 -323606.424122745 -207001.745508826 1.34238775907216e-16 4.11378312691539e-17
1.51388888888889e-08 0.000844053449625776 -0.00121797186962193 -350012.171979241 -154996.391504519 1.34253654896932e-16 4.08483492399607e-17
1.56435185185185e-08 0.000661755632293539 -0.00128264892774485 -368598.609117446 -99708.5914121667 1.34268535531731e-16 4.06460582865115e-17
1.61481481481481e-08 0.000472101523917403 -0.00131874604764947 -378971.945033597 -42306.7922446258 1.34283417811796e-16 4.05353494355109e-17
1.66527777777778e-08 0.000279313049769318 -0.00132549695943203 -380911.974483201 15995.7388683565 1.34298301737309e-16 4.0518678122299e-17
1.71574074074074e-08 8.76788638723841e-05 -0.00130275570102205 -374376.751915138 73966.558758812 1.34313187308451e-16 4.05965120677954e-17
1.7662037037037e-08 -9.85363077717789e-05 -0.00125099977247253 -359503.49792936 130380.100524948 1.34328074525405e-16 4.07673211708906e-17
1.81666666666667e-08 -0.000275181828129501 -0.00117132011031827 -336605.718178633 184043.583348515 1.34342963388352e-16 4.10276096346133e-17
1.86712962962963e-08 -0.000438308908156002 -0.00106539809249178 -306166.595203335 233822.232063745 1.34357853897474e-16 4.13719896515772e-17
1.91759259259259e-08 -0.000584254108358508 -0.000935470058489617 -268828.792486918 278663.273248064 1.34372746052953e-16 4.17932950955603e-17
1.96805555555556e-08 -0.000709716817168771 -0.000784280093469142 -225380.885882386 317618.200410743 1.34387639854972e-16 4.22827328201448e-17
2.01851851851852e-08 -0.00081182906753001 -0.000615022073144258 -176740.708882889 349862.837391604 1.34402535303712e-16 4.2830068370054e-17
2.06898148148148e-08 -0.000888216214895896 -0.00043127219349084 -123935.963483981 374714.77557673 1.34417432399356e-16 4.34238421829633e-17
2.11944444444445e-08 -0.000937047192869918 -0.00023691341056332 -68082.5062306385 391647.816009918 1.34432331142085e-16 4.40516117145527e-17
2.16990740740741e-08 -0.000957073282905078 -3.60533869056058e-05 -10360.7682351123 400303.110755736 1.34447231532082e-16 4.47002143710271e-17
2.22037037037037e-08 -0.000947654577184418 0.000167062321510414 48009.1925488433 400496.767615633 1.34462133569529e-16 4.5356045692891e-17
2.27083333333333e-08 -0.000908773573884025 0.000368140003076288 105793.479540026 392223.757038799 1.34477037254608e-16 4.60053469107269e-17
2.3212962962963e-08 -0.000841035615985587 0.000562928556292875 161770.441150145 375658.038225032 1.34491942587501e-16 4.66344957949517e-17
2.37175925925926e-08 -0.000745656162907187 0.000747309364754033 214756.498423217 351148.901335693 1.3450684956839e-16 4.72302946512144e-17
2.42222222222222e-08 -0.00062443516258017 0.000917383381270478 263631.17065734 319213.602721781 1.34521758197457e-16 4.77802493727622e-17
2.47268518518519e-08 -0.000479719064332141 0.00106955357982617 307360.769866822 280526.448453969 1.34536668474886e-16 4.82728336494902e-17
2.52314814814815e-08 -0.000314351274275007 0.00120060103178216 345020.263025478 235904.556541195 1.34551580400857e-16 4.86977327465285e-17
2.57361111111111e-08 -0.000131612099316476 0.00130775299733652 375812.839710494 186290.598463943 1.34566493975554e-16 4.90460616965164e-17
2.62407407407408e-08 6.48505517555016e-05 0.00138874159187213 399086.771223996 132732.88454029 1.34581409199158e-16 4.93105532900477e-17
2.67453703703704e-08 0.000271098246125833 0.00144185178591635 414349.204483173 76363.2138357059 1.34596326071852e-16 4.94857118867411e-17
2.725e-08 0.000482985255141145 0.00146595772279167 421276.598730746 18372.9566327021 1.34611244593818e-16 4.95679297915198e-17
2.77546296296296e-08 0.000696246174031613 0.00146054658489342 419721.584057678 -40012.1251073057 1.34626164765239e-16 4.95555637317122e-17
2.82592592592593e-08 0.000906586081329431 0.00142572950267382 409716.096350112 -97557.7871222607 1.34641086586297e-16 4.94489698138003e-17
2.87638888888889e-08 0.00110977133225247 0.0013622392742786 391470.721974621 -153047.394412177 1.34656010057174e-16 4.9250496216223e-17
2.92685185185185e-08 0.00130171906670869 0.00127141494258591 365370.265636341 -205307.643418615 1.34670935178053e-16 4.89644337680399e-17
2.97731481481482e-08 0.00147858353953803 0.00115517355424301 331965.634689971 -253233.37100118 1.34685861949116e-16 4.85969254535882e-17
3.02777777777778e-08 0.00163683744757899 0.00101596969631069 291962.211065824 -295810.925636724 1.34700790370545e-16 4.81558367517064e-17
3.07824074074074e-08 0.00177334653371425 0.000856743664578352 246204.956245504 -332139.60660421 1.34715720442524e-16 4.76505895462828e-17
3.12870370370371e-08 0.00188543588998783 0.000680859358038789 195660.563813777 -361450.717707227 1.34730652165234e-16 4.70919631153108e-17
3.17916666666667e-08 0.00197094655719707 0.000492033211326655 141397.036563595 -383123.832465828 1.34745585538858e-16 4.64918664019945e-17
3.22962962962963e-08 0.00202828122334461 0.000294255666531148 84561.1196190729 -396699.926615608 1.34760520563579e-16 4.58630863790254e-17
3.28009259259259e-08 0.00205643805365869 9.17068436806429e-05 26354.0664136897 -401891.099940498 1.34775457239579e-16 4.52190178230833e-17
3.33055555555556e-08 0.0020550319356869 -0.000111331807976788 -31993.7503420564 -398586.681538083 1.34790395567041e-16 4.45733802101994e-17
3.38101851851852e-08 0.00202430268894079 -0.000310568010608123 -89248.8460952413 -386855.58904942 1.34805335546147e-16 4.3939927715523e-17
3.43148148148148e-08 0.00196511006409451 -0.000501789397357611 -144200.700546401 -366944.891563965 1.3482027717708e-16 4.33321584474672e-17
3.48194444444444e-08 0.00187891563599582 -0.000680952572586146 -195687.351153448 -339274.606160718 1.34835220460022e-16 4.27630290630791e-17
3.53240740740741e-08 0.00176775197183102 -0.000844268609827006 -242619.962931633 -304428.837672729 1.34850165395157e-16 4.22446807983894e-17
3.58287037037037e-08 0.00163417972483591 -0.000988283179597387 -284005.8550193 -263143.448580164 1.34865111982667e-16 4.17881827068538e-17
3.63333333333333e-08 0.00148123355927708 -0.00110994961253257 -318969.497046457 -216290.519312519 1.34880060222734e-16 4.14032975358454e-17
3.6837962962963e-08 0.0013123580486396 -0.00120669335247283 -346771.031208652 -164859.92712158 1.34895010115542e-16 4.10982751931834e-17
3.73425925925926e-08 0.00113133490105499 -0.00127646643598277 -366821.928207269 -109938.432637799 1.34909961661273e-16 4.0879678172961e-17
3.78472222222222e-08 0.000942203049498839 -0.00131779084547779 -378697.445765486 -52686.7159544691 1.34924914860109e-16 4.07522426347873e-17
3.83518518518518e-08 0.000749173295299887 -0.00132978981822222 -382145.6259875 5685.15251905944 1.34939869712234e-16 4.07187780772334e-17
3.88564814814815e-08 0.000556539308834432 -0.00131220644798062 -377092.640969966 63943.2880505918 1.3495482621783e-16 4.0780107730701e-17
3.93611111111111e-08 0.000368586868490172 -0.00126540918466958 -363644.373253186 120856.073851995 1.34969784377081e-16 4.09350509343384e-17
3.98657407407407e-08 0.000189503256435467 -0.00119038411429629 -342084.197284261 175220.198284478 1.34984744190168e-16 4.11804478742051e-17
4.03703703703703e-08 2.32887266271306e-05 -0.00108871418092794 -312867.008373087 225886.09655856 1.34999705657276e-16 4.15112261643931e-17
4.0875e-08 -0.000126328083106454 -0.000962545788505455 -276609.624956973 271782.259013481 1.35014668778586e-16 4.19205078681751e-17
4.13796296296296e-08 -0.000255969006242702 -0.000814543487159478 -234077.766673487 311937.891962318 1.35029633554282e-16 4.23997547011735e-17
4.18842592592592e-08 -0.00036267780233356 -0.00064783370066373 -186169.883152594 345503.451859835 1.35044599984546e-16 4.29389483511086e-17
4.23888888888889e-08 -0.00044398269996016 -0.000465938683441912 -133898.175046747 371768.618456007 1.35059568069562e-16 4.35268021059661e-17
4.28935185185185e-08 -0.000497948704700786 -0.000272702102227684 -78367.2082128177 390177.326691201 1.35074537809512e-16 4.41509993201257e-17
4.33981481481481e-08 -0.000523218565165632 -7.2207814690198e-05 -20750.5728859206 400339.539226528 1.3508950920458e-16 4.47984536801334e-17
4.39027777777777e-08 -0.000519041529803224 0.000131306438669192 37733.9189350315 402039.510372206 1.35104482254948e-16 4.54555857703876e-17
4.44074074074074e-08 -0.000485289285196273 0.000333538605317793 95849.9737128124 395240.366322689 1.351194569608e-16 4.61086100938136e-17
4.4912037037037e-08 -0.000422458737486665 0.000530213260982162 152368.950151672 380084.904462983 1.35134433322318e-16 4.67438264809305e-17
4.54166666666666e-08 -0.000331661576674282 0.000717171997059595 206095.834094622 356892.594430384 1.35149411339686e-16 4.73479097272729e-17
4.59212962962962e-08 -0.000214600842943928 0.000890461344257251 255894.505399193 326152.843910669 1.35164391013086e-16 4.79081913358998e-17
4.64259259259259e-08 -7.35349889820302e-05 0.0010464163734397 300711.762559802 288514.671119941 1.35179372342702e-16 4.84129274079507e-17
4.69305555555555e-08 8.87698033599471e-05 0.00118173820584593 339599.597047652 244773.001903429 1.35194355328716e-16 4.88515470163848e-17
4.74351851851851e-08 0.000269098045306003 0.00129356379340025 371735.246284684 195851.880763745 1.35209339971313e-16 4.92148758100094e-17
4.79398148148148e-08 0.00046385286841389 0.00137952649307397 396438.601076727 142784.950404136 1.35224326270675e-16 4.94953301179645e-17
4.84444444444444e-08 0.000669132021888118 0.00143780615370977 413186.599212088 86693.6121562783 1.35239314226985e-16 4.96870774479426e-17
4.8949074074074e-08 0.000880810334221214 0.0014671676552903 421624.300604948 28763.3287349757 1.35254303840427e-16 4.97861599814211e-17
4.94537037037036e-08 0.00109462689660033 0.00146698708463609 421572.409482951 -29781.4299147851 1.35269295111183e-16 4.97905784510689e-17
4.99583333333333e-08 0.00130627512550328 0.00143726499279938 413031.084203606 -87703.0681719512 1.35284288039437e-16 4.97003346227387e-17
5.04629629629629e-08 0.00151149380083699 0.00137862645245801 396179.953747739 -143777.02663802 1.35299282625373e-16 4.95174314793807e-17
5.09675925925925e-08 0.00170615715513742 0.0012923079126366 371374.34012191 -196817.671336388 1.35314278869173e-16 4.92458310983103e-17
5.14722222222221e-08 0.00188636210919822 0.00118013112719262 339137.766110489 -245703.362872504 1.35329276771021e-16 4.88913711076495e-17
5.19768518518518e-08 0.00204851080961069 0.0010444647068022 300150.906356299 -289400.175490406 1.35344276331099e-16 4.84616414835101e-17
5.24814814814814e-08 0.00218938672281344 0.000888174105886188 255237.21495591 -326983.764444416 1.35359277549593e-16 4.79658242880993e-17
5.2986111111111e-08 0.0023062226762755 0.000714561100497584 205345.533041473 -357658.919194816 1.35374280426684e-16 4.74144997326625e-17
5.34907407407407e-08 0.00239675940750019 0.0005272940354742 151530.043699048 -380776.388807936 1.35389284962556e-16 4.6819422661459e-17
5.39953703703703e-08 0.00245929338204687 0.000330330314443682 94927.9976925145 -395846.62356224 1.35404291157394e-16 4.61932741787345e-17
5.44999999999999e-08 0.00249271286848882 0.000127832770420805 36735.6806352168 -402550.141915483 1.35419299011379e-16 4.55493936666626e-17
5.50046296296295e-08 0.00249652150636747 -7.59183157149181e-05 -21816.8705198691 -400744.303297281 1.35434308524695e-16 4.49014968573548e-17
5.55092592592592e-08 0.00247084886752242 -0.000276615689371977 -79491.8673045168 -390466.343149715 1.35449319697527e-16 4.42633859174853e-17
5.60138888888888e-08 0.00241644778608794 -0.000470016176639691 -135069.936304935 -371932.605640537 1.35464332530056e-16 4.36486576735946e-17
5.65185185185184e-08 0.00233467851213802 -0.000652030394052852 -187375.899321681 -345533.98984936 1.35479347022468e-16 4.30704161461198e-17
5.7023148148148e-08 0.00222748002252251 -0.000818809217073159 -235303.622072453 -311827.705277946 1.35494363174946e-16 4.25409954697926e-17
5.75277777777777e-08 0.00209732909397676 -0.000966825178944964 -277839.406021576 -271525.510568896 1.35509380987672e-16 4.2071699059146e-17
5.80324074074073e-08 0.00194718800236528 -0.00109294707855497 -314083.428660906 -225478.683682892 1.35524400460831e-16 4.16725605350886e-17
5.85370370370369e-08 0.00178044195246431 -0.00119450621929998 -343268.778768821 -174660.040910588 1.35539421594606e-16 4.1352131469077e-17
5.90416666666666e-08 0.0016008275599115 -0.00126935287771684 -364777.683967102 -120143.384519347 1.3555444438918e-16 4.11173004350376e-17
5.95462962962962e-08 0.0014123538962584 -0.00131590180702097 -378154.587207163 -63080.8132368795 1.35569468844738e-16 4.09731471978281e-17
6.00509259259258e-08 0.001219217765448 -0.00133316581237527 -383115.795394177 -4678.37500246707 1.35584494961463e-16 4.09228351246458e-17
6.05555555555554e-08 0.00102571500217443 -0.00132077668677346 -379555.495793693 53829.423485295 1.35599522739539e-16 4.09675440980828e-17
6.10601851851851e-08 0.000836149666878968 -0.00127899306354617 -367548.0126295 111205.711670559 1.35614552179149e-16 4.11064453535557e-17
6.15648148148147e-08 0.000654743056810231 -0.0012086950180376 -347346.255751497 166237.402900498 1.35629583280477e-16 4.13367187776927e-17
6.20694444444443e-08 0.000485544456676772 -0.00111136553111064 -319376.39374844 217760.842273751 1.35644616043707e-16 4.16536123066782e-17
6.25740740740739e-08 0.000332345515857382 -0.000989059204898093 -284228.863701015 264686.412314289 1.35659650469023e-16 4.20505421734988e-17
6.30787037037036e-08 0.000198600062675872 -0.000844358890754183 -242645.907228211 306021.576179995 1.35674686556608e-16 4.25192318893365e-17
6.35833333333332e-08 8.73510515051687e-05 -0.000680321144975231 -195505.895936742 340891.871089039 1.35689724306645e-16 4.30498870252565e-17
6.40879629629628e-08 1.16618786172429e-06 -0.000500411664145814 -143804.777285859 368559.407926545 1.3570476371932e-16 4.36314021031846e-17
6.45925925925925e-08 -5.79164066346833e-05 -0.000308432063929468 -88635.0327922628 388438.485665514 1.35719804794816e-16 4.42515952259497e-17
6.50972222222221e-08 -8.8431339657578e-05 -0.000108439548277422 -31162.5931334606 400107.990186822 1.35734847533316e-16 4.48974654892718e-17
6.56018518518517e-08 -8.95169905758098e-05 9.53388335002387e-05 27397.8020508335 403320.315025942 1.35749891935004e-16 4.5555467736403e-17
6.61064814814813e-08 -6.09337922719334e-05 0.000298595529753771 85808.278925892 398006.615073063 1.35764938000065e-16 4.62117988488981e-17
6.6611111111111e-08 -3.06936447989059e-06 0.000497033541248203 142833.996135574 384278.281755493 1.35779985728683e-16 4.68526895224699e-17
6.71157407407406e-08 8.30696113329106e-05 0.000686457262902175 197269.250261006 362424.608098537 1.3579503512104e-16 4.7464695360257e-17
6.76203703703702e-08 0.000195878605236242 0.000862861192050829 247962.968175984 332906.692605281 1.35810086177321e-16 4.80349811295815e-17
6.81249999999999e-08 0.000333189093249051 0.00102251462766273 293843.047310993 296347.710414272 1.35825138897711e-16 4.85515921721194e-17
6.86296296296295e-08 0.000492314338592373 0.00116204056948651 333939.029133916 253519.757005707 1.35840193282393e-16 4.90037072283268e-17
6.91342592592591e-08 0.000670106133264753 0.00127848714852117 367402.626335157 205327.542207387 1.3585524933155e-16 4.9381867329238e-17
6.96388888888887e-08 0.000863021301608585 0.00136939007791062 393525.669525599 152789.278868519 1.35870307045368e-16 4.96781759141129e-17
7.01435185185184e-08 0.0010671965610302 0.00143282480302876 411755.093760494 97015.1699135745 1.3588536642403e-16 4.98864659401688e-17
7.0648148148148e-08 0.00127853015820714 0.00146744724713878 421704.647739881 39183.9483043972 1.35900427467721e-16 5.00024304479717e-17
7.11527777777776e-08 0.00149276855570406 0.00147252228998365 423163.077785209 -19482.0343485477 1.35915490176623e-16 5.00237138182314e-17
7.16574074074072e-08 0.00170559633696027 0.00144793937590071 416098.613189307 -77742.64404785 1.35930554550922e-16 4.99499617864437e-17
7.21620370370369e-08 0.00191272742937106 0.00139421492007456 400659.65770838 -134366.179455367 1.35945620590802e-16 4.97828291534876e-17
7.26666666666665e-08 0.00210999571711017 0.00131248146059919 377171.672158082 -188155.411566527 1.35960688296447e-16 4.95259450244929e-17
7.31712962962961e-08 0.00229344312802841 0.00120446378421456 346130.313595941 -237972.897502438 1.3597575766804e-16 4.91848363061505e-17
7.36759259259258e-08 0.00245940333215095 0.00107244252899025 308190.975717118 -282765.033194168 1.35990828705767e-16 4.87668110751519e-17
7.41805555555554e-08 0.00260457928186281 0.000919206032028032 264154.951186532 -321584.336334754 1.3600590140981e-16 4.82808042789674e-17
7.4685185185185e-08 0.00272611295386572 0.000747991438845727 214952.508068628 -353609.488331266 1.36020975780356e-16 4.77371890267559e-17
7.51898148148146e-08 0.00282164581766688 0.000562416318230111 161623.237785773 -378162.711312917 1.36036051817587e-16 4.71475574559989e-17
7.56944444444443e-08 0.00288936875124184 0.000366402227203232 105294.089756968 -394724.112542489 1.36051129521688e-16 4.65244758040795e-17
7.61990740740739e-08 0.00292806034746455 0.000164091841084354 47155.5568190871 -402942.692648225 1.36066208892844e-16 4.58812188598521e-17
7.67037037037035e-08 0.00293711280020514 -4.02386001546953e-05 -11563.4853224658 -402643.78458816 1.36081289931239e-16 4.52314894067438e-17
7.72083333333331e-08 0.00291654482147781 -0.00024226967883365 -69621.7528567396 -393832.76568906 1.36096372637056e-16 4.45891285868308e-17
7.77129629629628e-08 0.00286700131513064 -0.000437730109298431 -125791.793815248 -376694.963873691 1.36111457010481e-16 4.39678233079244e-17
7.82175925925924e-08 0.00278973981251121 -0.000622487040217834 -178885.938509569 -351591.759638005 1.36126543051698e-16 4.33808168788918e-17
7.8722222222222e-08 0.00268660395540087 -0.000792633440298125 -227781.411822131 -319052.965763671 1.36141630760891e-16 4.28406289908722e-17
7.92268518518517e-08 0.00255998458536863 -0.000944570719718242 -271444.076371978 -279765.645450834 1.36156720138244e-16 4.23587909651495e-17
7.97314814814813e-08 0.00241276926076371 -0.00107508484010308 -308950.304462481 -234559.604867215 1.36171811183942e-16 4.19456018663545e-17
8.02361111111109e-08 0.00224828126730153 -0.00118141430331451 -339506.516220945 -184389.866440165 1.3618690389817e-16 4.16099106391825e-17
8.07407407407405e-08 0.0020702094104264 -0.00126130858084742 -362465.970626643 -130316.493080632 1.36201998281112e-16 4.13589288772366e-17
8.12453703703702e-08 0.00188253007265372 -0.00131307574754912 -377342.45415339 -73482.1895715005 1.36217094332953e-16 4.11980781855379e-17
8.17499999999998e-08 0.0016894231827809 -0.00133561831146932 -383820.577299319 -15088.1543916466 1.36232192053876e-16 4.11308753673532e-17
8.22546296296294e-08 0.00149518387274396 -0.00132845648107596 -381762.460955381 43631.3077140034 1.36247291444067e-16 4.11588578667293e-17
8.2759259259259e-08 0.0013041316892583 -0.001291738376568 -371210.670860442 101434.875853292 1.3626239250371e-16 4.12815510473623e-17
8.32638888888887e-08 0.00112051927928171 -0.00122623696796974 -352387.337692418 157100.454314912 1.3627749523299e-16 4.14964780041678e-17
8.37685185185183e-08 0.000948442479673383 -0.00113333380326928 -325689.480975374 209451.010368537 1.36292599632091e-16 4.17992117048343e-17
8.42731481481479e-08 0.000791753711950882 -0.00101498986913524 -291680.635237682 257379.462269202 1.36307705701198e-16 4.21834683637424e-17
8.47777777777776e-08 0.000653980513385694 -0.000873704198807353 -251078.955039306 299872.091216888 1.36322813440496e-16 4.26412400788403e-17
8.52824074074072e-08 0.000538250927296078 -0.000712461100854396 -204742.049944203 336029.982168335 1.36337922850168e-16 4.31629639318116e-17
8.57870370370368e-08 0.00044722733057963 -0.000534667123150403 -153648.869672051 365088.040014373 1.36353033930401e-16 4.37377239807105e-17
8.62916666666664e-08 0.000383050098335305 -0.000344079083545016 -98879.0220595168 386431.178843808 1.36368146681378e-16 4.43534818784811e-17
8.67962962962961e-08 0.000347292297618762 -0.000144724687705644 -41589.9607751974 399607.341732705 1.36383261103285e-16 4.49973312451443e-17
8.73009259259257e-08 0.000340926369345636 5.91825885122912e-05 17007.4751849322 404337.07546421 1.36398377196305e-16 4.56557704187305e-17
8.78055555555553e-08 0.000364303504028339 0.00026333255337466 75674.6532973 400519.457383957 1.36413494960625e-16 4.63149878209087e-17
8.83101851851849e-08 0.000417146148756428 0.000463409408043036 133171.329708218 388234.248691234 1.36428614396428e-16 4.69611539059424e-17
8.88148148148146e-08 0.000498553805278342 0.000655182983959272 188281.868390448 367740.228227126 1.36443735503899e-16 4.75807135217655e-17
8.93194444444442e-08 0.000607021998079842 0.000834598180053529 239840.942977717 339469.741561806 1.36458858283224e-16 4.81606725025715e-17
8.98240740740738e-08 0.00074047401292127 0.000997860708832329 286758.177871187 304019.580197388 1.36473982734587e-16 4.86888724335779e-17
9.03287037037035e-08 0.00089630473627805 0.00114151733822615 328041.207576099 262138.38329848 1.36489108858173e-16 4.91542477780028e-17
9.08333333333331e-08 0.00107143567023611 0.00126252893223786 362816.666608544 214710.827899267 1.36504236654166e-16 4.95470599285184e-17
9.13379629629627e-08 0.0012623799610372 0.00135833474548228 390348.666007121 162738.941458458 1.36519366122753e-16 4.98591032326743e-17
9.18425925925923e-08 0.00146531606764749 0.00142690661143333 410054.365569499 107320.931505243 1.36534497264117e-16 5.00838786337159e-17
9.2347222222222e-08 0.00167616851391665 0.00146679187769649 421516.312288409 49627.9796529299 1.36549630078444e-16 5.02167312523718e-17
9.28518518518516e-08 0.0018906940179723 0.00147714417939056 424491.283789231 -9120.50965941762 1.36564764565918e-16 5.02549489970784e-17
9.33564814814812e-08 0.00210457117862867 0.00145774139873057 418915.449428335 -67682.6826150174 1.36579900726725e-16 5.01978201136672e-17
9.38611111111108e-08 0.00231349182319018 0.00140899042972088 404905.739537032 -124820.486907366 1.3659503856105e-16 5.00466484533474e-17
9.43657407407405e-08 0.00251325208569835 0.00133191864577204 382757.393445407 -179325.845164939 1.36610178069077e-16 4.98047261315375e-17
9.48703703703701e-08 0.00269984129015546 0.00122815224914944 352937.737699491 -230046.197585603 1.36625319250992e-16 4.94772641508384e-17
9.53749999999997e-08 0.00286952675944961 0.00109988195850649 316076.32558635 -275908.873727758 1.36640462106979e-16 4.90712824501646e-17
9.58796296296294e-08 0.00301893275663005 0.000949816758483678 272951.646019828 -315943.77809772 1.36655606637225e-16 4.85954616999601e-17
9.6384259259259e-08 0.00314511188902892 0.000781126687808846 224474.682388018 -349303.909762962 1.36670752841913e-16 4.80599599723858e-17
9.68888888888886e-08 0.00324560746487926 0.000597375874172975 171669.668587816 -375283.281957551 1.3668590072123e-16 4.74761981582766e-17
9.73935185185182e-08 0.00331850548318116 0.000402447230477156 115652.448763093 -393331.862563453 1.3670105027536e-16 4.68566186637943e-17
9.78981481481479e-08 0.00336247515657957 0.000200460403485336 57606.8979667949 -403067.219289583 1.36716201504488e-16 4.62144224850912e-17
9.84027777777775e-08 0.00337679710931357 -4.31529125939083e-06 -1240.09798920195 -404282.622999716 1.367313544088e-16 4.55632902169552e-17
9.89074074074071e-08 0.00336137865275636 -0.000207551108212708 -59644.5747181158 -396951.437489528 1.36746508988481e-16 4.49170928916702e-17
9.94120370370367e-08 0.00331675581418536 -0.000404950376962187 -116371.785358511 -381227.702500235 1.36761665243716e-16 4.42895987599677e-17
9.99166666666664e-08 0.00324408207442848 -0.000592339339394312 -170222.304719162 -357442.897222763 1.3677682317469e-16 4.36941822124083e-17
1.00421296296296e-07 0.00314510405100858 -0.000765755398481393 -220057.389593487 -326098.95229118 1.36791982781589e-16 4.31435409949692e-17
1.00925925925926e-07 0.00302212463941242 -0.000921530912781596 -264823.059032406 -287857.657580333 1.36807144064598e-16 4.26494276979486e-17
1.01430555555555e-07 0.00287795439030821 -0.00105637076470471 -303572.385365877 -243526.6893333 1.36822307023902e-16 4.22224011962142e-17
1.01935185185185e-07 0.00271585214931936 -0.00116742206202584 -335485.524532668 -194042.551637941 1.36837471659686e-16 4.18716032976732e-17
1.02439814814815e-07 0.0025394562130703 -0.00125233449825472 -359887.062017885 -140450.792536526 1.36852637972137e-16 4.16045653245048e-17
1.02944444444444e-07 0.00235270745584914 -0.00130931009478136 -376260.307400221 -83883.9127078294 1.36867805961439e-16 4.14270487194288e-17
1.03449074074074e-07 0.00215976605113758 -0.00133714127205188 -384258.234978152 -25537.4334873245 1.36882975627777e-16 4.13429230504293e-17
1.03953703703703e-07 0.0019649235478458 -0.00133523644364168 -383710.838814308 33355.3700447695 1.36898146971338e-16 4.13540839971072e-17
1.04458333333333e-07 0.00177251215948822 -0.00130363259077574 -374628.746312488 91549.5369008689 1.36913319992306e-16 4.14604130568869e-17
1.04962962962963e-07 0.00158681318366104 -0.0012429945500253 -357203.013520963 147814.737951119 1.36928494690867e-16 4.16597798275213e-17
1.05467592592592e-07 0.00141196648778065 -0.00115460102777039 -331801.106067269 200961.287273982 1.36943671067207e-16 4.19480868223482e-17
1.05972222222222e-07 0.0012518829747145 -0.00104031763562129 -298959.150267686 249865.297166325 1.36958849121511e-16 4.23193558755853e-17
1.06476851851852e-07 0.0011101618791513 -0.000902557515407952 -259370.617814174 293492.444929667 1.36974028853964e-16 4.27658543156147e-17
1.06981481481481e-07 0.000990014643638201 -0.000744230384771035 -213871.682855462 330919.84883812 1.36989210264752e-16 4.32782582432904e-17
1.07486111111111e-07 0.000894196984308502 -0.000568681079274633 -163423.560662529 361355.590610791 1.37004393354061e-16 4.38458494675928e-17
1.0799074074074e-07 0.000824950583367583 -0.000379618889127613 -109092.200913595 384155.471414222 1.37019578122076e-16 4.44567419390383e-17
1.0849537037037e-07 0.000783955642049647 -0.000181039183350628 -52025.7645996133 398836.646859298 1.37034764568983e-16 4.50981328971991e-17
1.09e-07 0.000772295298298655 2.28610225622309e-05 6569.63954607277 405087.852397327 1.37049952694968e-16 4.57565734256877e-17
