0 -0.00139 0 0 400000 1.33808e-16 4.46026666666667e-17
5.06976744186047e-10 -0.00137522756929733 0.000203529319209552 58488.821338792 398668.631050856 1.33823109224708e-16 4.52598924253779e-17
1.01395348837209e-09 -0.00133085183526988 0.000404223610173686 116162.932240873 388830.073427742 1.33838220151254e-16 4.59080341868584e-17
1.52093023255814e-09 -0.00125760001680023 0.000597800014209968 171791.554962432 370693.310167899 1.33853332779827e-16 4.65333679588102e-17
2.02790697674419e-09 -0.00115681559049572 0.000780127076123104 224187.421026743 344644.420110313 1.33868447110621e-16 4.71226549062692e-17
2.53488372093023e-09 -0.00103042969216326 0.00094731292081383 272232.110796589 311238.35945309 1.33883563143827e-16 4.76634239047314e-17
3.04186046511628e-09 -0.00088091997522612 0.00109578832751083 314899.926761543 271187.138775226 1.33898680879636e-16 4.81442377432211e-17
3.54883720930233e-09 -0.000711257802574594 0.00122238292836146 351279.790951941 225344.647402828 1.33913800318241e-16 4.85549372950551e-17
4.05581395348837e-09 -0.000524844897389482 0.00132439290463391 380594.698996374 174688.448569235 1.33928921459833e-16 4.88868584435531e-17
4.56279069767442e-09 -0.000325440803535215 0.00139963873502976 402218.315424731 120298.933494033 1.33944044304604e-16 4.91330171307306e-17
5.06976744186046e-09 -0.000117082702382573 0.00144651176271686 415688.355773936 63336.2789066725 1.33959168852746e-16 4.92882585766984e-17
5.57674418604651e-09 9.60007038015334e-05 0.00146400858614701 420716.469578752 5015.69946194976 1.3397429510445e-16 4.93493674815995e-17
6.08372093023256e-09 0.000309479404955835 0.00145175253843436 417194.412964164 -53418.4770653833 1.33989423059909e-16 4.93151368541288e-17
6.5906976744186e-09 0.000519014468256288 0.00141000179549987 405196.378706784 -110719.358739894 1.34004552719315e-16 4.91863939932714e-17
7.09767441860465e-09 0.000720350623952956 0.00133964393845913 384977.433612201 -165664.096130753 1.34019684082859e-16 4.89659830640181e-17
7.6046511627907e-09 0.000909407076380738 0.00124217708475905 356968.096114005 -217079.978939989 1.34034817150733e-16 4.86587046339797e-17
8.11162790697674e-09 0.00108236460216233 0.00111967798918594 321765.169366323 -263869.465670214 1.3404995192313e-16 4.82712134562575e-17
8.61860465116279e-09 0.00123574707662973 0.000974757793957978 280119.025017244 -305033.612113051 1.34065088400241e-16 4.78118766750394e-17
9.12558139534883e-09 0.00136649568817523 0.000810506370742808 232917.608610091 -339693.398546298 1.34080226582259e-16 4.72905954751612e-17
9.63255813953488e-09 0.00147203425607652 0.000630426440979883 181167.507545971 -367108.500310154 1.34095366469375e-16 4.67185939772675e-17
1.01395348837209e-08 0.00155032425700149 0.000438358879137755 125972.485260285 -386693.100936357 1.34110508061781e-16 4.61081798795694e-17
1.0646511627907e-08 0.00159990838484381 0.00023840079183859 68509.9393788931 -398028.410066741 1.3412565135967e-16 4.54724819505909e-17
1.1153488372093e-08 0.00161994171309099 3.48181201147408e-05 10005.7859705555 -400871.618674944 1.34140796363233e-16 4.48251699718402e-17
1.16604651162791e-08 0.0016102097933665 -0.000168045370872228 -48291.6943461948 -395161.100097889 1.34155943072664e-16 4.41801631044649e-17
1.21674418604651e-08 0.00157113330247667 -0.000365860773023089 -105138.490470691 -381017.74547137 1.34171091488153e-16 4.35513329016424e-17
1.26744186046512e-08 0.00150375913728554 -0.000554406409902483 -159321.406782092 -358742.40463795 1.34186241609893e-16 4.29522073034061e-17
1.31813953488372e-08 0.00140973814591445 -0.000729657933569318 -209683.954531525 -328809.486696041 1.34201393438076e-16 4.23956819303625e-17
1.36883720930232e-08 0.00129128996894651 -0.000887874220837379 -255151.036104086 -291856.856313031 1.34216546972895e-16 4.18937448377136e-17
1.41953488372093e-08 0.0011511557394243 -0.00102567723558529 -294751.895286636 -248672.240983991 1.34231702214541e-16 4.14572206044709e-17
1.47023255813953e-08 0.000992539649590176 -0.00114012415228466 -327640.843619003 -200176.438893306 1.34246859163207e-16 4.10955392208215e-17
1.52093023255814e-08 0.000819040630000195 -0.00122877020085809 -353115.32030638 -147403.685339959 1.34262017819086e-16 4.08165347080656e-17
1.57162790697674e-08 0.000634575597771545 -0.00128972089079944 -370630.900018928 -91479.5963597886 1.34277178182369e-16 4.06262777716452e-17
1.62232558139535e-08 0.000443295910790371 -0.00132167249896925 -379812.927989094 -33597.1599245498 1.34292340253248e-16 4.05289460620524e-17
1.67302325581395e-08 0.00024949880986671 -0.00132393995578981 -380464.533749809 25008.7131874769 1.34307504031917e-16 4.05267348163062e-17
1.72372093023256e-08 5.75357379742825e-05 -0.0012964715333675 -372570.852103564 83087.5359622131 1.34322669518568e-16 4.06198097913331e-17
1.77441860465116e-08 -0.000128280507435659 -0.00123985002063146 -356299.360825491 139399.927063464 1.34337836713392e-16 4.08063034983525e-17
1.82511627906977e-08 -0.000303767807936279 -0.00115528035889091 -331996.327456957 192744.058772083 1.34353005616582e-16 4.10823548234974e-17
1.87581395348837e-08 -0.000464963979483224 -0.00104456400012605 -300179.440571917 241981.306561731 1.34368176228331e-16 4.14421911941065e-17
1.92651162790698e-08 -0.000608211344729649 -0.000910060533675827 -261526.782324897 286060.552894719 1.34383348548831e-16 4.18782515421663e-17
1.97720930232558e-08 -0.000730234817114163 -0.000754637398722098 -216862.377179101 324040.626476896 1.34398522578275e-16 4.23813474456267e-17
2.02790697674418e-08 -0.000828211829784167 -0.000581608754294462 -167138.624799221 355110.397938796 1.34413698316855e-16 4.29408590133572e-17
2.07860465116279e-08 -0.000899832616249234 -0.000394664810004239 -113415.99161583 378606.102864964 1.34428875764764e-16 4.35449613377436e-17
2.12930232558139e-08 -0.000943349555371803 -0.000197793124417859 -56840.3941065934 394025.522209615 1.34444054922193e-16 4.41808766861798e-17
2.18e-08 -0.000957614526509399 4.80645045094333e-06 1381.24385612232 401038.717154136 1.34459235789337e-16 4.48351470529372e-17
2.2306976744186e-08 -0.000942103476350672 0.00020881136427856 60006.7382244005 399495.088951288 1.34474418366386e-16 4.54939212578229e-17
2.28139534883721e-08 -0.000896927671782462 0.000409868591873248 117785.147297498 389426.612694833 1.34489602653534e-16 4.61432504669768e-17
2.33209302325581e-08 -0.000822831397167573 0.000603687517296167 173483.464105928 371047.175579453 1.34504788650974e-16 4.67693858307486e-17
2.38279069767442e-08 -0.000721176143643356 0.000786131496717089 225912.929099627 344748.033332807 1.34519976358898e-16 4.7359071887713e-17
2.43348837209302e-08 -0.000593911626298164 0.000953306146030925 273954.401620964 311089.481335957 1.34535165777499e-16 4.78998294735078e-17
2.48418604651163e-08 -0.000443534246195515 0.00110164246893019 316582.248664347 270788.917732627 1.34550356906969e-16 4.83802220964296e-17
2.53488372093023e-08 -0.000273033882194923 0.00122797305101385 352886.241002222 224705.552837664 1.34565549747501e-16 4.87901000938359e-17
2.58558139534884e-08 -8.58301466440625e-05 0.00132959969327432 382090.989219917 173822.090747106 1.34580744299288e-16 4.9120817356891e-17
2.63627906976744e-08 0.000114300536028866 0.00140435104079311 403572.504644037 119223.773697985 1.34595940562523e-16 4.93654159959585e-17
2.68697674418604e-08 0.00032330547281397 0.00145062897580132 416871.531453225 62075.236045277 1.34611138537398e-16 4.95187750025239e-17
2.73767441860465e-08 0.000536942149881055 0.0014674427838755 421703.365118735 3595.66151349672 1.34626338224107e-16 4.95777197313529e-17
2.78837209302325e-08 0.000750868740592596 0.00145443036283218 417963.94726708 -54967.2263582003 1.34641539622841e-16 4.95410898622732e-17
2.83906976744186e-08 0.000960736742909472 0.00141186602029325 405732.106489391 -112363.785700793 1.34656742733794e-16 4.94097643866925e-17
2.88976744186046e-08 0.00116228376967482 0.00134065469202197 385267.89684759 -167369.121733212 1.34671947557159e-16 4.91866430808349e-17
2.94046511627907e-08 0.00135142451177659 0.00124231270287315 357007.069091839 -218809.227114909 1.34687154093129e-16 4.88765848561296e-17
2.99116279069767e-08 0.00152433793295452 0.0011189354793764 321551.792130251 -265586.039374968 1.34702362341896e-16 4.84863042974123e-17
3.04186046511628e-08 0.00167754883521024 0.000973152901451528 279657.822319557 -306700.880604806 1.34717572303653e-16 4.80242285919623e-17
3.09255813953488e-08 0.00180800205369301 0.000808073244596953 232218.393966263 -341275.779061531 1.34732783978594e-16 4.7500317897851e-17
3.14325581395349e-08 0.00191312769701442 0.000627216907462032 180245.174423473 -368572.217469793 1.34747997366911e-16 4.69258529805749e-17
3.19395348837209e-08 0.00199089603984512 0.000434441337815243 124846.689844718 -388006.907669359 1.34763212468797e-16 4.63131946458275e-17
3.2446511627907e-08 0.00203986089529574 0.000233858757892996 67204.6816745471 -399164.254664268 1.34778429284445e-16 4.56755200986075e-17
3.2953488372093e-08 0.00205919054027763 2.97484439456574e-05 8548.89816269271 -401805.243735048 1.34793647814049e-16 4.50265418517959e-17
3.34604651162791e-08 0.00204868553253691 -0.000173534568799116 -49869.1413601476 -395872.560572389 1.34808868057802e-16 4.43802151803406e-17
3.39674418604651e-08 0.00200878303769442 -0.000371652408048204 -106802.849726444 -381491.834751393 1.34824090015895e-16 4.37504403622821e-17
3.44744186046511e-08 0.00194054757243907 -0.000560376930587812 -161037.172938143 -358968.979575709 1.34839313688524e-16 4.31507660597989e-17
3.49813953488372e-08 0.00184564835987198 -0.0007356799573873 -211414.521294858 -328783.684615943 1.3485453907588e-16 4.25941001698413e-17
3.54883720930232e-08 0.00172632377869937 -0.000893819251906831 -256859.477233969 -291579.199369238 1.34869766178156e-16 4.20924343152418e-17
3.59953488372093e-08 0.0015853336634254 -0.00103141840647088 -296401.752513627 -248148.625624891 1.34884994995547e-16 4.16565878568204e-17
3.65023255813953e-08 0.00142590047202498 -0.0011455389313564 -329196.904666845 -199418.01064478 1.34900225528245e-16 4.12959768911099e-17
3.70093023255814e-08 0.00125164057524307 -0.0012337430074357 -354544.370413752 -146426.601566458 1.34915457776443e-16 4.10184131657874e-17
3.75162790697674e-08 0.00106648713259955 -0.00129414556226755 -371902.430921632 -90304.6820529777 1.34930691740335e-16 4.08299372070482e-17
3.80232558139535e-08 0.000874606199871636 -0.00132545455720203 -380899.78922918 -32249.4638524472 1.34945927420114e-16 4.07346892236063e-17
3.85302325581395e-08 0.000680307857442178 -0.00132699862449992 -381343.512407111 26500.4525109107 1.34961164815972e-16 4.07348205463099e-17
3.90372093023256e-08 0.000487954255351317 -0.00129874146330398 -373223.168570902 84691.5031017289 1.34976403928104e-16 4.08304474976902e-17
3.95441860465116e-08 0.00030186653689613 -0.00124128268578024 -356711.070038941 141081.908213459 1.34991644756703e-16 4.10196486805869e-17
4.00511627906977e-08 0.000126232626773878 -0.00115584509384793 -332158.617008816 194468.171561881 1.35006887301962e-16 4.12985057485944e-17
4.05581395348837e-08 -3.49821484599066e-05 -0.00104424865646639 -300088.819333454 243710.765547939 1.35022131564074e-16 4.16611867932439e-17
4.10651162790697e-08 -0.000178119700063334 -0.000908871741270047 -261185.155541588 287758.454410137 1.35037377543234e-16 4.21000705733521e-17
4.15720930232558e-08 -0.000299907270282329 -0.00075260042637904 -216277.006423143 325670.736090557 1.35052625239633e-16 4.26059089402553e-17
4.20790697674418e-08 -0.000397527311889071 -0.000578766972659122 -166321.97362091 356637.923724126 1.35067874653466e-16 4.31680239972996e-17
4.25860465116279e-08 -0.000468677662026596 -0.000391078768126942 -112385.460174516 379998.437973984 1.35083125784926e-16 4.37745357903892e-17
4.30930232558139e-08 -0.000511620725239485 -0.000193539259655935 -55617.9484313174 395252.940904222 1.35098378634206e-16 4.44126156744272e-17
4.36e-08 -0.000525220614954662 9.63744171134779e-06 2769.54007711139 402075.009436869 1.351136332015e-16 4.50687599520533e-17
4.4106976744186e-08 -0.000508967459508017 0.000214116460352191 61531.2793452614 400318.120246522 1.35128889487002e-16 4.57290779478866e-17
4.46139534883721e-08 -0.000462988352614037 0.000415534642728147 119413.417059495 390018.796629129 1.35144147490905e-16 4.63795883727931e-17
4.51209302325581e-08 -0.000388044713106223 0.000609593657878474 175180.729161705 371395.849762803 1.35159407213403e-16 4.70065176551067e-17
4.56279069767442e-08 -0.000285516108756979 0.000792151725175601 227642.979925209 344845.730111184 1.35174668654688e-16 4.75965938730488e-17
4.61348837209302e-08 -0.000157370887829735 0.000959312011844224 275680.325010788 310934.087725868 1.35189931814956e-16 4.81373300157389e-17
4.66418604651163e-08 -6.12424355954022e-06 0.0011075058135878 318267.215328895 270383.72111239 1.35205196694399e-16 4.86172905271936e-17
4.71488372093023e-08 0.000165215395007223 0.00123356874277495 354494.291463713 224059.171407565 1.35220463293211e-16 4.90263354437516e-17
4.76558139534883e-08 0.000353210503183328 0.00133480829764746 383587.801235937 172948.290229329 1.35235731611585e-16 4.93558369128432e-17
4.81627906976744e-08 0.000554067764344804 0.00140906136974523 404926.125781264 118141.174174883 1.35251001649716e-16 4.95988634697836e-17
4.86697674418604e-08 0.000763718974000837 0.00145474046128585 418053.061175209 60806.915179272 1.35266273407797e-16 4.97503281367434e-17
4.91767441860465e-08 0.000977907818704277 0.00147086762501193 422687.571827237 2168.6626036733 1.35281546886022e-16 4.98070971795955e-17
4.96837209302325e-08 0.00119228067872223 0.00145709540089387 418729.80712283 -56522.4709961237 1.35296822084584e-16 4.97680571974857e-17
5.01906976744186e-08 0.00140247951731618 0.00141371430146287 406263.252505765 -114014.103736383 1.35312099003678e-16 4.96341391088336e-17
5.06976744186046e-08 0.00160423487473755 0.00134164668453273 385552.968664057 -169079.308364476 1.35327377643497e-16 4.94082985170822e-17
5.12046511627907e-08 0.00179345698258695 0.00124242714252451 357039.955952309 -220542.796061283 1.35342658004234e-16 4.90954528702504e-17
5.17116279069767e-08 0.0019663230540705 0.00111816982534033 321331.763869475 -267306.00129988 1.35357940086085e-16 4.87023767503489e-17
5.22186046511628e-08 0.00211935888706908 0.000971523392599235 279189.545549891 -308370.532360437 1.35373223889242e-16 4.82375575223257e-17
5.27255813953488e-08 0.00224951303808264 0.000805614555098989 231511.833106469 -342859.486915602 1.353885094139e-16 4.77110144183258e-17
5.32325581395348e-08 0.00235422198344346 0.000623981408965817 179315.379668486 -370036.177600717 1.35403796660252e-16 4.71340849136407e-17
5.37395348837209e-08 0.00243146487633256 0.000430497983899698 123713.476588084 -389319.867699283 1.35419085628492e-16 4.65191829491056e-17
5.42465116279069e-08 0.00247980672998821 0.000229291614561995 65892.2082119866 -400298.180829092 1.35434376318815e-16 4.58795341559741e-17
5.4753488372093e-08 0.00249842910433299 2.46548974776542e-05 7085.15067655701 -402735.919448818 1.35449668731414e-16 4.52288937306153e-17
5.5260465116279e-08 0.00248714763980122 -0.000179045888439616 -51452.9455562513 -396580.103605789 1.35464962866483e-16 4.45812529772451e-17
5.57674418604651e-08 0.00244641606273789 -0.000377463943957815 -108472.927958127 -381961.121979297 1.35480258724216e-16 4.3950540779387e-17
5.62744186046511e-08 0.00237731657537547 -0.000566364706420951 -162757.897756962 -359189.970219861 1.35495556304808e-16 4.33503263696807e-17
5.67813953488372e-08 0.00228153683391965 -0.000741716222117346 -213149.180511134 -328751.635073765 1.35510855608452e-16 4.27935297406645e-17
5.72883720930232e-08 0.0021613340044894 -0.000899775205431667 -258571.057182103 -291294.765032419 1.35526156635342e-16 4.22921458768289e-17
5.77953488372093e-08 0.00201948666245224 -0.00103716694791126 -298053.72783871 -247617.847502352 1.35541459385673e-16 4.18569886940043e-17
5.83023255813953e-08 0.00185923556018762 -0.0011509573714048 -330754.01778036 -198652.187062486 1.35556763859639e-16 4.14974601522835e-17
5.88093023255814e-08 0.00168421452595859 -0.00123871568687381 -355973.383984674 -145442.047668886 1.35572070057433e-16 4.1221349472126e-17
5.93162790697674e-08 0.00149837296730304 -0.00129856632076632 -373172.837342785 -89122.3822255134 1.35587377979251e-16 4.10346667414866e-17
5.98232558139535e-08 0.00130589163166962 -0.00132922899970657 -381984.461914959 -30894.6244694626 1.35602687625285e-16 4.09415144684353e-17
6.03302325581395e-08 0.00111109342109067 -0.00133004613681497 -382219.285018226 27998.9404797721 1.35617998995731e-16 4.09439998244337e-17
6.08372093023255e-08 0.000918351163426972 -0.00130099693384185 -373871.329798173 86301.6801699793 1.35633312090782e-16 4.10421894554579e-17
6.13441860465116e-08 0.000731994307875975 -0.00124269789669845 -357117.763378619 142769.428003503 1.35648626910633e-16 4.12341078300306e-17
6.18511627906976e-08 0.000556216535611386 -0.00115638975185429 -332315.136988092 196197.033440491 1.35663943455479e-16 4.15157791643176e-17
6.23581395348837e-08 0.000394986257118848 -0.00104391104125502 -299991.797853424 245444.082643787 1.35679261725512e-16 4.18813120345731e-17
6.28651162790697e-08 0.000251961906416193 -0.000907658957708503 -260836.634349019 289459.240628929 1.35694581720928e-16 4.23230248762284e-17
6.33720930232558e-08 0.00013041384020308 -0.000750538255020651 -215684.394151755 327302.695336093 1.35709903441922e-16 4.28316096962524e-17
6.38790697674418e-08 3.31545092484106e-05 -0.000575899321725069 -165497.888305854 358166.224484653 1.35725226888687e-16 4.33963305096931e-17
6.43860465116279e-08 -3.7521607006462e-05 -0.000387466738607204 -111347.460587671 381390.456743577 1.35740552061417e-16 4.40052522699462e-17
6.48930232558139e-08 -7.98870198163188e-05 -0.000189259843434957 -54388.1599578181 396478.958572105 1.35755878960308e-16 4.4645495411133e-17
6.54e-08 -9.28181572225657e-05 1.44930029653939e-05 4164.89704971069 403108.845779384 1.35771207585553e-16 4.53035105738868e-17
6.5906976744186e-08 -7.58194075516555e-05 0.000219444620553728 63062.4484726503 401137.692975599 1.35786537937348e-16 4.59653676545517e-17
6.64139534883721e-08 -2.90337658153088e-05 0.000421221759518925 121047.740601678 390606.593059431 1.35801870015886e-16 4.66170530114977e-17
6.69209302325581e-08 4.67601456759528e-05 0.00061551841646155 176883.344527328 371739.301022973 1.35817203821362e-16 4.72447684874967e-17
6.74279069767441e-08 0.000150164620444713 0.000798187726141588 229377.563342829 344937.479903074 1.35832539353971e-16 4.78352258676383e-17
6.79348837209302e-08 0.000279192623244147 0.000965330467787647 277409.866463476 310772.149884918 1.35847876613906e-16 4.83759304889475e-17
6.84418604651162e-08 0.000431310124270127 0.00111337829698371 319954.808219652 269971.522594509 1.35863215601364e-16 4.88554479486425e-17
6.89488372093023e-08 0.000603490110251054 0.00123916992648573 356103.920162997 223405.479772326 1.35878556316537e-16 4.92636482179432e-17
6.94558139534883e-08 0.000792277121208514 0.00134001862958026 385085.109705875 172067.027153886 1.35893898759622e-16 4.95919219498341e-17
6.99627906976744e-08 0.000993860936948841 0.00141376962457924 406279.150873046 117051.118965116 1.35909242930811e-16 4.98333643619388e-17
7.04697674418604e-08 0.00120415784194809 0.0014588461148051 419232.914948118 59531.3045924463 1.35924588830301e-16 4.99829227670486e-17
7.09767441860465e-08 0.00141889773540344 0.00147428300035879 423669.05832384 734.695510155179 1.35939936458286e-16 5.00375045991117e-17
7.14837209302325e-08 0.0016337152283011 0.00145974754091924 419491.960431807 -58084.2135529701 1.3595528581496e-16 4.99960436251083e-17
7.19906976744186e-08 0.00184424278406397 0.00141554652718916 406789.78462199 -115670.310716529 1.35970636900518e-16 4.98595229252311e-17
7.24976744186046e-08 0.00204620391551622 0.00134261980643853 385832.617579064 -170794.649235381 1.35985989715156e-16 4.96309541461368e-17
7.30046511627907e-08 0.0022355044494767 0.00124252029876486 357066.726536123 -222280.674475266 1.36001344259067e-16 4.9315313465051e-17
7.35116279069767e-08 0.00240831991130257 0.00111738092897408 321105.056391656 -269029.335867121 1.36016700532446e-16 4.89194356262865e-17
7.40186046511627e-08 0.00256117716428098 0.000969869178236209 278714.169084669 -310042.547860062 1.36032058535488e-16 4.84518683065696e-17
7.45255813953488e-08 0.00269102856114919 0.00080313022392646 230797.903522954 -344444.499062658 1.36047418268389e-16 4.79226899123463e-17
7.50325581395348e-08 0.00279531702460892 0.000620719879683725 178378.104369711 -371500.354622472 1.36062779731343e-16 4.7343294692906e-17
7.55395348837209e-08 0.00287203066708466 0.000426528765504206 122572.830579488 -390631.952467252 1.36078142924544e-16 4.67261497510296e-17
7.60465116279069e-08 0.00291974578303733 0.000224699324988038 64572.5083993487 -401430.158133044 1.36093507848188e-16 4.60845291330542e-17
7.6553488372093e-08 0.0029376572951271 1.95374596707235e-05 5614.53746581979 -403663.614167875 1.36108874502469e-16 4.54322306699253e-17
7.7060465116279e-08 0.00292559600313291 -0.000184579334565448 -53043.1083057682 -397283.697004695 1.36124242887583e-16 4.47832816095129e-17
7.75674418604651e-08 0.00288403226607429 -0.000383295369151697 -110148.72183215 -382425.575103578 1.36139613003725e-16 4.41516393203318e-17
7.80744186046511e-08 0.0028140660374357 -0.000572369709675417 -164483.573270708 -359405.34534474 1.36154984851088e-16 4.35508934526789e-17
7.85813953488372e-08 0.00271740346459114 -0.000747766684496547 -214887.919747764 -328713.308336085 1.3617035842987e-16 4.29939759128225e-17
7.90883720930232e-08 0.0025963205502514 -0.000905742023533976 -260285.75931594 -291003.525696035 1.36185733740263e-16 4.24928848398755e-17
7.95953488372093e-08 0.00245361464989147 -0.00104292278864691 -299707.800783823 -247079.881726039 1.36201110782465e-16 4.20584284768814e-17
8.01023255813953e-08 0.00229254483876587 -0.00115637938930779 -332312.159072511 -197878.946503726 1.36216489556668e-16 4.16999944037916e-17
8.06093023255813e-08 0.00211676241974399 -0.00124368814596019 -357402.334232468 -144450.005714377 1.3623187006307e-16 4.14253490594417e-17
8.11162790697674e-08 0.00193023305372178 -0.00130298306498123 -374442.090167332 -87932.6830374391 1.36247252301864e-16 4.12404718338621e-17
8.16232558139534e-08 0.00173715217329585 -0.00133299571922706 -383066.915224009 -29532.632324336 1.36262636273246e-16 4.11494272750574e-17
8.21302325581395e-08 0.00154185548389899 -0.00133308238182588 -383091.819710884 29504.1819544532 1.36278021977411e-16 4.11542781414808e-17
8.26372093023255e-08 0.00134872646162606 -0.001303237832785 -374515.303543248 87918.0673322574 1.36293409414554e-16 4.12550411601418e-17
8.31441860465116e-08 0.0011621028212808 -0.00124409554229692 -357519.408920505 144462.481899734 1.36308798584871e-16 4.14496864392206e-17
8.36511627906976e-08 0.000986183950370465 -0.00115691422529837 -332465.856470116 197930.635271115 1.36324189488556e-16 4.17341805526391e-17
8.41581395348837e-08 0.000824941284387917 -0.00104355105265454 -299888.346866513 247181.244303986 1.36339582125805e-16 4.2102572382142e-17
8.46651162790697e-08 0.000682033536180401 -0.000906422089101751 -260481.191765902 291162.893885855 1.36354976496813e-16 4.25471198899533e-17
8.51720930232558e-08 0.00056072858884002 -0.000748450800709799 -215084.516243676 328936.482804806 1.36370372601775e-16 4.3058455121464e-17
8.56790697674418e-08 0.000463833719564509 -0.000573005729299706 -164666.348107854 359695.275524629 1.36385770440888e-16 4.36257839213279e-17
8.61860465116279e-08 0.000393635644353201 -0.000383828662538778 -110301.975927232 382782.131717548 1.36401170014345e-16 4.4237116105209e-17
8.66930232558139e-08 0.000351851664007874 -0.000184954831393505 -53151.0159378223 397703.545582187 1.36416571322342e-16 4.48795211790634e-17
8.71999999999999e-08 0.000339592955165838 1.93731630814288e-05 5567.32306990305 404140.195007765 1.36431974365076e-16 4.55394041521367e-17
8.7706976744186e-08 0.000357340791051944 0.000224795857640689 64600.2492727335 401953.7750868 1.3644737914274e-16 4.62027955604705e-17
8.8213953488372e-08 0.000404936200822212 0.000426929938618227 122688.116881644 391189.969740054 1.36462785655531e-16 4.68556495138186e-17
8.87209302325581e-08 0.000481583289668101 0.000621461773108722 178591.304473537 372077.497608369 1.36478193903644e-16 4.74841434069643e-17
8.92279069767441e-08 0.000585866150373644 0.000804239463792649 231116.669058098 345023.252128567 1.36493603887274e-16 4.8074972900202e-17
8.97348837209302e-08 0.000715779006987044 0.00097136146291567 279143.011338662 310603.639057547 1.36509015606618e-16 4.86156358739729e-17
9.02418604651162e-08 0.000868768948872749 0.0011192598541347 321645.008662193 269552.295861581 1.3652442906187e-16 4.90946992972124e-17
9.07488372093023e-08 0.0010417903446764 0.0012447765245103 357715.104789622 222744.454614554 1.36539844253225e-16 4.95020433128826e-17
9.12558139534883e-08 0.00123136977639931 0.00134523060043941 386582.889158917 171178.281701291 1.3655526118088e-16 4.98290773296748e-17
9.17627906976744e-08 0.00143368010916373 0.00141847570755447 407631.55183136 115953.592170421 1.36570679845031e-16 5.00689235056311e-17
9.22697674418604e-08 0.00164462211715135 0.00146294583159571 420411.062665787 58248.3926474488 1.36586100245872e-16 5.02165637047225e-17
9.27767441860465e-08 0.00185991192478127 0.00147768880036465 424647.793126433 -706.246894692056 1.36601522383599e-16 5.02689467864214e-17
9.32837209302325e-08 0.00207517239790802 0.00146238667090601 420250.375007583 -59652.4564940555 1.36616946258408e-16 5.02250539343872e-17
9.37906976744185e-08 0.00228602653532282 0.00141736258540866 407311.670634058 -117332.404391096 1.36632371870495e-16 5.00859206255151e-17
9.42976744186046e-08 0.00248819086793724 0.00134357394800599 386106.812058209 -172515.137427828 1.36647799220055e-16 4.98546147656753e-17
9.48046511627906e-08 0.00267756687264053 0.00124259206653275 357087.350651461 -224022.850917887 1.36663228307283e-16 4.95361714537587e-17
9.53116279069767e-08 0.00285032844996133 0.00111656869213051 320871.64149196 -270756.027360435 1.36678659132377e-16 4.91374857611887e-17
9.58186046511627e-08 0.00300300359843777 0.00096819016922472 278231.667308116 -311716.90744502 1.36694091695531e-16 4.86671658101074e-17
9.63255813953488e-08 0.00313254854222388 0.000800620172854137 230076.582735902 -346030.792320677 1.36709525996941e-16 4.81353492808742e-17
9.68325581395348e-08 0.00323641272930141 0.00061743225397348 177433.329663335 -372964.722323951 1.36724962036803e-16 4.75534872602337e-17
9.73395348837209e-08 0.00331259331229654 0.000422533630971573 121424.73697405 -391943.133292041 1.36740399815313e-16 4.69341000388563e-17
9.78465116279069e-08 0.00335967794817142 0.000220081852602881 63245.5717279095 -402560.156036519 1.36755839332667e-16 4.62905100660362e-17
9.8353488372093e-08 0.00337687500218845 1.439610982759e-05 4137.0525826437 -404588.2961457 1.3677128058906e-16 4.56365577573514e-17
9.8860465116279e-08 0.00336403051021751 -0.00019013491155948 -54639.6308682165 -397983.308492968 1.36786723584688e-16 4.49863062176281e-17
9.93674418604651e-08 0.00332163153594259 -0.00038914667160295 -111830.227892308 -382885.162007139 1.36802168319747e-16 4.43537411787647e-17
9.98744186046511e-08 0.00325079584979708 -0.000578391912169334 -166214.191380672 -359615.073677647 1.36817614794434e-16 4.37524725547893e-17
1.00381395348837e-07 0.00315324814832454 -0.000753831300787589 -216630.726435826 -328668.674642013 1.36833063008944e-16 4.31954439827376e-17
1.00888372093023e-07 0.00303128331989472 -0.000911719647852548 -262003.566864047 -290705.453746231 1.36848512963473e-16 4.26946565482456e-17
1.01395348837209e-07 0.00288771753917497 -0.00104868585693642 -301363.950732429 -246534.703418618 1.36863964658217e-16 4.22609125927719e-17
1.01902325581395e-07 0.00272582823256246 -0.00116180490147314 -333871.304521151 -197098.267358843 1.36879418093372e-16 4.19035850715102e-17
1.02409302325581e-07 0.00254928419437873 -0.00124866029103417 -358831.194241591 -143450.457822435 1.36894873269134e-16 4.16304173864548e-17
1.02916279069767e-07 0.00236206734394112 -0.00130739569318063 -375710.160160349 -86735.5707193896 1.369103301857e-16 4.14473579693385e-17
1.03423255813953e-07 0.00216838779216564 -0.00133675460813078 -384147.1182256 -28163.4780531134 1.36925788843264e-16 4.13584331481271e-17
1.03930232558139e-07 0.00197259402930945 -0.00133610724829492 -383961.084518375 31016.1816931869 1.36941249242024e-16 4.13656610142385e-17
1.04437209302326e-07 0.00177908014977299 -0.00130546404766396 -375155.057485447 89540.6646390219 1.36956711382176e-16 4.14690081330574e-17
1.04944186046512e-07 0.00159219209332272 -0.00124547551127423 -357915.974679582 146161.065243229 1.36972175263915e-16 4.1666390026311e-17
1.05451162790698e-07 0.00141613490330683 -0.00115741840642198 -332610.744488095 199668.967784332 1.36987640887437e-16 4.19537154209405e-17
1.05958139534884e-07 0.00125488298096013 -0.00104316858874977 -299778.437085055 248922.236845897 1.3700310825294e-16 4.23249733251903e-17
1.0646511627907e-07 0.00111209525118497 -0.000905161041553005 -260118.800808841 292869.396376531 1.37018577360619e-16 4.27723610786539e-17
1.06972093023256e-07 0.000991037050606589 -0.000746337979572636 -214477.348595829 330572.076950017 1.3703404821067e-16 4.32864506484809e-17
1.07479069767442e-07 0.000894510405461278 -0.000570086123323 -163827.332318805 361225.052014441 1.3704952080329e-16 4.38563896275205e-17
1.07986046511628e-07 0.000824794188035989 -0.000380164481214441 -109248.989322332 384173.435312808 1.37064995138675e-16 4.44701326492881e-17
1.08493023255814e-07 0.000783595429751154 -0.000180624179431398 -51906.5036981319 398926.672186177 1.37080471217021e-16 4.51146982851037e-17
1.09e-07 0.000772012831054991 2.42779506099051e-05 6976.8263423158 405169.025843063 1.37095949038525e-16 4.57764459444426e-17
