0 -0.00139 0 0 400000 1.33808e-16 4.46026666666667e-17
3.73287671232877e-10 -0.0013819912787433 0.000149715504555986 43024.1865478178 399843.965731108 1.33812440834764e-16 4.50838953077204e-17
7.46575342465753e-10 -0.00135792528317089 0.00029851134164971 85784.0855418806 395073.505136383 1.33816881816542e-16 4.55621770153631e-17
1.11986301369863e-09 -0.00131799305770376 0.000444670294337301 127786.215279306 385743.519215101 1.33821322945342e-16 4.60320091396216e-17
1.49315068493151e-09 -0.00126256875818156 0.000586505519934564 168545.822797888 371961.530235521 1.33825764221166e-16 4.64879863618003e-17
1.86643835616438e-09 -0.00119220533995863 0.000722380018122811 207592.478483146 353886.442610304 1.3383020564402e-16 4.69248630780794e-17
2.23972602739726e-09 -0.00110762818241172 0.000850725524490637 244475.505561204 331726.710752476 1.33834647213909e-16 4.73376139419808e-17
2.61301369863014e-09 -0.00100972672336775 0.00097006061145068 278769.181812677 305737.935036239 1.33839088930838e-16 4.77214918669452e-17
2.98630136986301e-09 -0.000899544199929142 0.0010790077876105 310077.653469367 276219.913587653 1.33843530794811e-16 4.80720828195562e-17
3.35958904109589e-09 -0.000778265614030525 0.0011763093982282 338039.504575133 243513.183911141 1.33847972805834e-16 4.83853567709605e-17
3.73287671232877e-09 -0.00064720406155227 0.00126084214321299 362331.929066577 207995.094246486 1.33852414963911e-16 4.86577142183488e-17
4.10616438356164e-09 -0.000507785582706239 0.00133163004507922 382674.457412279 170075.449979455 1.33856857269048e-16 4.88860277394677e-17
4.47945205479452e-09 -0.000361532708479772 0.00138785571714509 398832.194788328 130191.785334831 1.33861299721248e-16 4.90676781004357e-17
4.8527397260274e-09 -0.000210046892977894 0.00142886980187857 410618.533403655 88804.3149067326 1.33865742320517e-16 4.92005844999788e-17
5.22602739726027e-09 -5.49900343673844e-05 0.00145419847040621 417897.307656013 46390.6232777528 1.33870185066861e-16 4.92832286008565e-17
5.59931506849315e-09 0.000101934702348908 0.00146354889657208 420584.367228469 3440.15400299658 1.33874627960282e-16 4.93146720709363e-17
5.97260273972603e-09 0.000259002539434801 0.00145681264230623 418648.549952717 -39551.4384474457 1.33879071000788e-16 4.92945674312686e-17
6.3458904109589e-09 0.000414486990597104 0.00143406691516438 412112.043191983 -82088.0086104114 1.33883514188381e-16 4.92231620857465e-17
6.71917808219178e-09 0.000566679785538567 0.00139557368345576 401050.129552699 -123678.645807271 1.33887957523068e-16 4.91012954856217e-17
7.09246575342466e-09 0.000713910584947746 0.00134177665910009 385590.319839201 -163843.33969877 1.33892401004853e-16 4.89303894613714e-17
7.46575342465754e-09 0.000854566258396926 0.00127329618296257 365910.883237347 -202118.520231465 1.33896844633741e-16 4.87124318332657e-17
7.83904109589041e-09 0.000987109502655985 0.00119092207162356 342238.791669605 -238062.408037554 1.33901288409738e-16 4.84499534895564e-17
8.21232876712329e-09 0.00111009658553471 0.00109560450806769 314847.102025478 -271260.113535217 1.33905732332846e-16 4.81459991966009e-17
8.58561643835617e-09 0.00122219401045081 0.000988443081354094 284051.8064592 -301328.425874734 1.33910176403073e-16 4.78040924775819e-17
8.95890410958904e-09 0.00132219390936958 0.000870674101694897 250208.187086374 -327920.236452996 1.33914620620421e-16 4.7428194964945e-17
9.33219178082192e-09 0.00140902798643 0.000743656337275763 213706.717131991 -350728.5459345 1.33919064984898e-16 4.70226606954657e-17
9.7054794520548e-09 0.00148177985129213 0.000608855337371329 174968.55581783 -369490.008521811 1.33923509496506e-16 4.65921858752414e-17
1.00787671232877e-08 0.00153969559981888 0.000467826522628661 134440.688967292 -383987.972557308 1.33927954155252e-16 4.61417546941952e-17
1.04520547945206e-08 0.00158219251992708 0.000322197237625401 92590.7713960452 -394054.982349317 1.33932398961139e-16 4.56765818152933e-17
1.08253424657534e-08 0.00160886582207555 0.000173647972791713 49901.7306003018 -399574.712332328 1.33936843914174e-16 4.52020522020716e-17
1.11986301369863e-08 0.00161949331665109 2.38929723779553e-05 6866.19401123276 -400483.311221233 1.3394128901436e-16 4.47236589788078e-17
1.15719178082192e-08 0.00161403798420495 -0.000125339547757441 -36019.1958777303 -396770.140627751 1.33945734261702e-16 4.42469400404002e-17
1.19452054794521e-08 0.00159264840880789 -0.000272327344255092 -78259.5129078398 -388477.899594963 1.33950179656207e-16 4.37774141434712e-17
1.23184931506849e-08 0.0015556570694521 -0.000415374022096091 -119367.259034262 -375702.13359242 1.33954625197877e-16 4.3320517216221e-17
1.26917808219178e-08 0.00150357650914703 -0.00055282861279724 -158867.990569844 -358590.13361793 1.33959070886719e-16 4.28815396220588e-17
1.30650684931507e-08 0.00143709342584989 -0.000683104629007014 -196305.793960607 -337339.238090788 1.33963516722736e-16 4.24655651010554e-17
1.34383561643836e-08 0.00135706075335578 -0.000804698375584299 -231248.547894505 -312194.557113796 1.33967962705935e-16 4.20774120939227e-17
1.38116438356164e-08 0.00126448782347179 -0.000916206305815293 -263292.911008716 -283446.145348203 1.3397240883632e-16 4.1721578125752e-17
1.41849315068493e-08 0.00116052872294578 -0.00101634122243659 -292068.977625476 -251425.656109933 1.33976855113895e-16 4.14021878914558e-17
1.45582191780822e-08 0.00104646897945718 -0.0011039471364574 -317244.547775688 -216502.515283479 1.33981301538666e-16 4.11229456421578e-17
1.49315068493151e-08 0.000923710730265966 -0.00117801261225744 -338528.962219097 -179079.659192756 1.33985748110637e-16 4.08870924221612e-17
1.53047945205479e-08 0.000793756544631268 -0.00123768244490052 -355676.458188379 -139588.885601778 1.33990194829813e-16 4.06973686501652e-17
1.56780821917808e-08 0.000658192086653476 -0.00128226753484596 -368489.007114109 -98485.8714844151 1.339946416962e-16 4.05559824767396e-17
1.60513698630137e-08 0.000518667818581831 -0.00131125284603855 -376818.601564563 -56244.9150498743 1.33999088709802e-16 4.04645842834213e-17
1.64246575342466e-08 0.000376879955709714 -0.0013243033554727 -380568.964989541 -13353.4626947338 1.34003535870623e-16 4.04242476179311e-17
1.67979452054795e-08 0.000234550892623927 -0.0013212679255032 -379696.664517736 29693.5159635886 1.3400798317867e-16 4.04354567857409e-17
1.71712328767123e-08 9.34093266824196e-05 -0.00130218105414505 -374211.613945568 72399.2400617238 1.34012430633946e-16 4.0498101241413e-17
1.75445205479452e-08 -4.482969190349e-05 -0.00126726248309277 -364176.961092532 114270.85055712 1.34016878236457e-16 4.06114768446632e-17
1.79178082191781e-08 -0.000178484553151693 -0.00121691466791191 -349708.360802666 154825.098224618 1.34021325986207e-16 4.07742939668788e-17
1.8291095890411e-08 -0.000305926495128331 -0.00115171813952739 -330972.641961758 193593.920938708 1.34025773883202e-16 4.09846923547656e-17
1.86643835616438e-08 -0.000425598402513555 -0.00107242481046984 -308185.8838936 230129.845872869 1.34030221927445e-16 4.12402625798122e-17
1.90376712328767e-08 -0.000536032778947936 -0.000979949303061562 -281610.92431518 264011.154265817 1.34034670118943e-16 4.15380738262505e-17
1.94109589041096e-08 -0.000635868685721352 -0.000875358399554133 -251554.327591588 294846.749142539 1.34039118457699e-16 4.18747076970352e-17
1.97842465753425e-08 -0.000723867451288252 -0.000759858735906802 -218362.84826077 322280.669804074 1.3404356694372e-16 4.22462976479002e-17
2.01575342465753e-08 -0.000798926970272086 -0.000634782881168085 -182419.430624328 345996.200974626 1.34048015577009e-16 4.2648573594588e-17
2.05308219178082e-08 -0.000860094426893762 -0.00050157396305882 -144138.790555932 365719.52917077 1.34052464357572e-16 4.30769111786315e-17
2.09041095890411e-08 -0.000906577295936561 -0.000361769017137844 -103962.630501899 381222.904081213 1.34056913285413e-16 4.35263851232877e-17
2.1277397260274e-08 -0.000937752494233219 -0.000216981251667891 -62354.5428833484 392327.268456657 1.34061362360537e-16 4.39918260640011e-17
2.16506849315068e-08 -0.000953173577000757 -6.88814328191112e-05 -19794.6607071827 398904.326141783 1.3406581158295e-16 4.44678801976577e-17
2.20239726027397e-08 -0.000952575895908584 8.08213949938466e-05 23225.8828875657 400878.024364509 1.34070260952655e-16 4.49490710623367e-17
2.23972602739726e-08 -0.000935879659285479 0.000230399631165177 66210.6222144292 398225.433156709 1.34074710469659e-16 4.54298627346586e-17
2.27705479452055e-08 -0.000903190859079475 0.000378127055752914 108663.488352383 390977.011737409 1.34079160133965e-16 4.5904723715443e-17
2.31438356164383e-08 -0.000854800053802418 0.000522298751060309 150094.534069501 379216.25876397 1.34083609945579e-16 4.63681907664241e-17
2.35171232876712e-08 -0.000791179021433709 0.000661250778036998 190025.588288451 363078.750467158 1.34088059904506e-16 4.68149319613104e-17
2.38904109589041e-08 -0.000712975320840051 0.000793379380415255 227995.774835823 342750.577750279 1.3409251001075e-16 4.72398082235193e-17
2.4263698630137e-08 -0.000621004824406215 0.000917159494939302 263566.831781373 318466.200269236 1.34096960264316e-16 4.76379326403556e-17
2.46369863013698e-08 -0.000516242307987229 0.0010311623540464 296328.169972465 290505.74223931 1.3410141066521e-16 4.80047268690429e-17
2.50102739726027e-08 -0.000399810206714845 0.00113407197782499 325901.612376753 259191.761158067 1.34105861213435e-16 4.83359739835542e-17
2.53835616438356e-08 -0.000272965666361818 0.00122470036488668 351945.759527939 224885.52671768 1.34110311908998e-16 4.86278671522422e-17
2.57568493150685e-08 -0.000137086039641978 0.00130200120679809 374159.930682514 187982.852833869 1.34114762751902e-16 4.88770535843646e-17
2.61301369863013e-08 6.34700522461566e-06 0.00136508196775134 392287.635190339 148909.530877346 1.34119213742153e-16 4.90806732381802e-17
2.65034246575342e-08 0.000155764580331425 0.00141321419001304 406119.534001954 108116.416797624 1.34123664879756e-16 4.92363918437298e-17
2.68767123287671e-08 0.000309528681034709 0.0014458419061625 415495.857118299 66074.2288250396 1.34128116164715e-16 4.93424278590121e-17
2.725e-08 0.000465951087147584 0.00146258806097451 420308.249066128 23268.1157788128 1.34132567597036e-16 4.93975730482652e-17
2.76232876712328e-08 0.00062331284427505 0.00146325886876874 420501.021082375 -19807.9413417132 1.34137019176722e-16 4.94012064446566e-17
2.79965753424657e-08 0.00077988410048375 0.00144784605587119 416071.795536917 -62656.8298794255 1.3414147090378e-16 4.9353301536027e-17
2.83698630136986e-08 0.000933944069392075 0.00141652696223843 407071.535136627 -104784.042371581 1.34145922778214e-16 4.92544265905347e-17
2.87431506849315e-08 0.00108380088929966 0.0013696625010009 393603.956553324 -145703.38352648 1.34150374800028e-16 4.91057381182167e-17
2.91164383561643e-08 0.00122781114916744 0.00130779299940246 375824.33522228 -184942.581462001 1.34154826969229e-16 4.89089675436948e-17
2.94897260273972e-08 0.00136439885609665 0.00123163196906385 353937.715084436 -222048.738446037 1.34159279285819e-16 4.8666401243608e-17
2.98630136986301e-08 0.00149207362539297 0.0011420578773961 328196.543913195 -256593.558228932 1.34163731749806e-16 4.838085417893e-17
3.0236301369863e-08 0.0016094478832667 0.00104010401506027 298897.761496394 -288178.289634226 1.34168184361193e-16 4.80556374262567e-17
3.06095890410958e-08 0.00171525288360763 0.000926946576345482 266379.374259368 -316438.329346515 1.34172637119985e-16 4.76945199825697e-17
3.09828767123287e-08 0.0018083533539527 0.000803891089965291 231016.55584283 -341047.430766439 1.34177090026187e-16 4.73016852840804e-17
3.13561643835616e-08 0.00188776060157871 0.000672357356813797 193217.31862138 -361721.470347224 1.34181543079804e-16 4.68816829407755e-17
3.17294520547945e-08 0.00195264392841731 0.000533863068458772 153417.806101514 -378221.727932508 1.34185996280841e-16 4.64393762435163e-17
3.21027397260273e-08 0.002002340223002 0.000390006295379803 112077.260514921 -390357.643222466 1.34190449629303e-16 4.59798860493493e-17
3.24760273972602e-08 0.0020363616186903 0.000242447047009474 69672.723673068 -397989.016539722 1.34194903125194e-16 4.55085316925019e-17
3.28493150684931e-08 0.00205440112971694 9.28881163542015e-05 26693.5322293498 -401027.628478599 1.3419935676852e-16 4.50307696028855e-17
3.3222602739726e-08 0.00205633619996801 -5.69445697652371e-05 -16364.3291303114 -399438.259726827 1.34203810559286e-16 4.45521303404062e-17
3.35958904109588e-08 0.00204223012345214 -0.000205321868100748 -59003.9514057789 -393239.099270522 1.34208264497496e-16 4.40781547716898e-17
3.39691780821917e-08 0.0020123313200051 -0.000350531374142689 -100733.235857602 -382501.536251302 1.34212718583154e-16 4.36143301257486e-17
3.43424657534246e-08 0.00196707047451583 -0.000490897184771928 -141070.573258684 -367349.337857202 1.34217172816267e-16 4.31660266665393e-17
3.47157534246575e-08 0.00190705557261778 -0.000624799240319869 -179550.402279175 -347957.222714663 1.34221627196839e-16 4.27384357132654e-17
3.50890410958903e-08 0.00183306489006712 -0.000750692022804395 -215728.582853737 -324548.846225426 1.34226081724875e-16 4.23365097237506e-17
3.54623287671232e-08 0.00174603801664627 -0.000867122394532421 -249187.522513424 -297394.221079211 1.34230536400379e-16 4.19649051324201e-17
3.58356164383561e-08 0.00164706501811701 -0.000972746371173217 -279540.996513284 -266806.602692165 1.34234991223357e-16 4.16279286026649e-17
3.6208904109589e-08 0.00153737386123842 -0.00106634463569666 -306438.606118591 -233138.875497166 1.34239446193814e-16 4.13294873139782e-17
3.65821917808218e-08 0.00141831624691467 -0.00114683661409527 -329569.823586652 -196779.481773652 1.34243901311753e-16 4.10730438577109e-17
3.69554794520547e-08 0.00129135201491297 -0.00121329295040083 -348667.577149146 -158147.939985399 1.34248356577181e-16 4.08615762621294e-17
3.73287671232876e-08 0.0011580323000829 -0.00126494623697383 -363511.334607103 -117690.004333528 1.34252811990103e-16 4.06975436082753e-17
3.77020547945205e-08 0.00101998163442214 -0.00130119987617475 -373929.649935522 -75872.521374305 1.34257267550522e-16 4.05828576336262e-17
3.80753424657533e-08 0.000878879201505963 -0.00132163497108642 -379802.143490613 -33178.0430491902 1.34261723258444e-16 4.05188606514652e-17
3.84486301369862e-08 0.000736439459586538 -0.0013260151656997 -381060.892948235 9900.74171231089 1.34266179113873e-16 4.05063100409897e-17
3.88219178082191e-08 0.000594392356961492 -0.00131428937863597 -377691.218901809 52866.6925606013 1.34270635116816e-16 4.05453694873708e-17
3.9195205479452e-08 0.000454463367923733 -0.00128659239878819 -369731.856033439 95223.9548540279 1.34275091267276e-16 4.06356070730817e-17
3.95684931506848e-08 0.000318353579682867 -0.00124324333593557 -357274.507862485 136483.682139063 1.34279547565258e-16 4.07760002427474e-17
3.99417808219177e-08 0.000187720060067857 -0.00118474194414177 -340462.790189635 176169.677941555 1.34284004010768e-16 4.0964947584448e-17
4.03150684931506e-08 6.41567325878107e-05 -0.00111176286029602 -319490.575409474 213823.891756965 1.34288460603809e-16 4.12002872917372e-17
4.06883561643835e-08 -5.08240204198836e-05 -0.00102514782421879 -294599.756779267 249011.705808007 1.34292917344388e-16 4.14793220935361e-17
4.10616438356163e-08 -0.00015580881422011 -0.000925895970049314 -266077.458426344 281326.951550631 1.34297374232509e-16 4.17988503644103e-17
4.14349315068492e-08 -0.000249499576201228 -0.000815152300894031 -234252.723273781 310396.598026143 1.34301831268177e-16 4.21552030564074e-17
4.18082191780821e-08 -0.00033072853017051 -0.000694194479684605 -199492.71709028 335885.057942423 1.34306288451396e-16 4.25442860264307e-17
4.2181506849315e-08 -0.000398471677452683 -0.000564418088630729 -162198.492455606 357498.061777019 1.34310745782172e-16 4.2961627270849e-17
4.25547945205478e-08 -0.000451860619162464 -0.00042732052733105 -122800.361513179 374986.055178501 1.34315203260509e-16 4.34024285223902e-17
4.29280821917807e-08 -0.00049019258316059 -0.000284483735321877 -81752.9308978916 388147.080442423 1.34319660886413e-16 4.38616206140056e-17
4.33013698630136e-08 -0.000512938539917264 -0.000137555938416151 -39529.8561276501 396829.108790957 1.34324118659888e-16 4.4333921970902e-17
4.36746575342465e-08 -0.000519749313558198 1.17673705422872e-05 3381.62401342549 400931.796522242 1.34328576580939e-16 4.48138995558122e-17
4.40479452054794e-08 -0.000510459617502007 0.000161762997041827 46486.3100311637 400407.644743411 1.34333034649572e-16 4.52960315642447e-17
4.44212328767122e-08 -0.000485089968046761 0.000310699930606541 89286.7563346525 395262.54928361 1.3433749286579e-16 4.57747711462322e-17
4.47945205479451e-08 -0.0004438464537516 0.000456859321358527 131289.011959936 385555.734420513 1.34341951229599e-16 4.62446104192275e-17
4.5167808219178e-08 -0.000387118363203871 0.000598554316901541 172008.321153829 371399.071164759 1.34346409741003e-16 4.67001440334137e-17
4.55410958904109e-08 -0.000315473698477794 0.000734149530592638 210974.718028612 352955.787949321 1.34350868400008e-16 4.71361315558339e-17
4.59143835616437e-08 -0.000229652625991819 0.000862079916514986 247738.450718697 330438.588583057 1.34355327206619e-16 4.75475579533537e-17
4.62876712328766e-08 -0.000130558940277149 0.000980868833304538 281875.172435824 304107.199168662 1.3435978616084e-16 4.79296914763878e-17
4.66609589041095e-08 -1.92496391044724e-05 0.00108914508833714 312990.839507431 274265.372276062 1.34364245262676e-16 4.8278138275293e-17
4.70342465753424e-08 0.000103077269784789 0.00118565876554294 340726.25986241 241257.382926776 1.34368704512133e-16 4.85888931190167e-17
4.74075342465752e-08 0.000235096589684169 0.00126929565414606 364761.239460626 205464.056810705 1.34373163909214e-16 4.88583856305503e-17
4.77808219178081e-08 0.000375371224216612 0.0013390901117676 384818.278800798 167298.376556449 1.34377623453925e-16 4.90835215054565e-17
4.8154109589041e-08 0.000522368758519352 0.00139423621339274 400665.776832089 127200.716747254 1.34382083146271e-16 4.92617182376194e-17
4.85273972602739e-08 0.000674479141005917 0.00143409705747994 412120.705278194 85633.762660864 1.34386542986257e-16 4.9390934939741e-17
4.89006849315067e-08 0.000830033261684348 0.00145821212175364 419050.722493187 43077.171363364 1.34391002973887e-16 4.94696959142431e-17
4.92739726027396e-08 0.000987322212657225 0.00146630258372584 421375.702435527 22.0367624270439 1.34395463109167e-16 4.94971077023467e-17
4.96472602739725e-08 0.00114461700854922 0.00145827454447752 419068.661095639 -43034.7775101726 1.34399923392101e-16 4.94728694143574e-17
5.00205479452054e-08 0.00130018853929273 0.00143422011842623 412156.069665641 -85596.3719894751 1.34404383822694e-16 4.93972762217164e-17
5.03938356164382e-08 0.00145232752501309 0.00139441637643261 400717.550816751 -127171.545871607 1.34408844400951e-16 4.92712159702911e-17
5.07671232876711e-08 0.00159936424272295 0.00133932215437205 384884.961569096 -167280.465932184 1.34413305126878e-16 4.90961589537624e-17
5.1140410958904e-08 0.00173968779716128 0.00126957276393156 364840.873317793 -205460.20444422 1.34417766000478e-16 4.88741409649016e-17
5.15136986301369e-08 0.0018717647133658 0.00118597266660274 340816.466536694 -241270.082180541 1.34422227021757e-16 4.86077398201141e-17
5.18869863013697e-08 0.00199415663638769 0.00108948619534978 313088.8644367 -274296.754833061 1.34426688190719e-16 4.8300045627952e-17
5.22602739726026e-08 0.00210553693385452 0.000981226430964619 281977.936331133 -304158.984140315 1.34431149507371e-16 4.79546251445066e-17
5.26335616438355e-08 0.00220470600974237 0.000862442361421621 247842.607581559 -330512.038651351 1.34435610971715e-16 4.75754806268445e-17
5.30068493150684e-08 0.00229060515258492 0.000734504472362727 211076.718692974 -353051.67332647 1.34440072583758e-16 4.71670036591585e-17
5.33801369863012e-08 0.00236232875825509 0.000598888934955178 172104.481331792 -371517.642034068 1.34444534343504e-16 4.67339244843385e-17
5.37534246575341e-08 0.00241913478620769 0.000457160573556149 131375.583693351 -385696.702391953 1.34448996250959e-16 4.62812574255562e-17
5.4126712328767e-08 0.00246045332845373 0.000310954809706551 89360.0016940995 -395425.078258797 1.34453458306126e-16 4.5814243027599e-17
5.44999999999999e-08 0.00248589319231328 0.000161958790796416 46542.5758604599 -400590.351439256 1.34457920509011e-16 4.5338287585565e-17
5.48732876712327e-08 0.00249524642091241 1.18919211605438e-05 3417.41649230346 -401132.760752518 1.34462382859619e-16 4.48589007587065e-17
5.52465753424656e-08 0.00248849069918696 -0.000137513979733406 -39517.7983371153 -397045.893452716 1.34466845357955e-16 4.43816319893271e-17
5.56198630136985e-08 0.0024657896175565 -0.000284534663031211 -81767.5661440764 -388376.761001686 1.34471308004023e-16 4.3912006460457e-17
5.59931506849314e-08 0.00242749079015459 -0.000427473349530947 -122844.278479938 -375225.258299248 1.34475770797828e-16 4.34554613313725e-17
5.63664383561642e-08 0.00237412184926105 -0.000564680312365578 -162273.84846445 -357743.012591378 1.34480233739376e-16 4.30172829868479e-17
5.67397260273971e-08 0.00230638436209232 -0.000694571917323803 -199601.182458962 -336131.635320292 1.34484696828672e-16 4.26025460243514e-17
5.711301369863e-08 0.00222514574008479 -0.000815648901055325 -234395.432728239 -310640.397071317 1.34489160065719e-16 4.22160546833646e-17
5.74863013698629e-08 0.00213142923397601 -0.00092651367619469 -266254.970464988 -281563.352429835 1.34493623450523e-16 4.18622873928428e-17
5.78595890410957e-08 0.00202640213008267 -0.00102588646366075 -294812.021776381 -249235.947910843 1.34498086983089e-16 4.15453450768753e-17
5.82328767123286e-08 0.0019113622839374 -0.00111262006591724 -319736.913119564 -214031.152090393 1.34502550663422e-16 4.12689038152489e-17
5.86061643835615e-08 0.00178772314663845 -0.00118571311065789 -340741.877178538 -176355.152583513 1.34507014491527e-16 4.10361724053836e-17
5.89794520547944e-08 0.00165699745666689 -0.00124432161202586 -357584.375245934 -136642.669513548 1.34511478467408e-16 4.08498553155605e-17
5.93527397260272e-08 0.00152077978533231 -0.00128776871588904 -370069.89775154 -95351.9395453692 1.34515942591071e-16 4.07121214571622e-17
5.97260273972601e-08 0.00138072813724449 -0.00131555251664517 -378054.210600661 -52959.428358601 1.3452040686252e-16 4.06245791365024e-17
6.0099315068493e-08 0.00123854481812049 -0.00132735185528258 -381445.021379963 -9954.33257285572 1.34524871281761e-16 4.05882574755194e-17
6.04726027397259e-08 0.00109595679069901 -0.00132303003171708 -380203.046182668 33167.0654311534 1.34529335848797e-16 4.06035945159649e-17
6.08458904109588e-08 0.000954695745448687 -0.00130263638849326 -374342.464721493 75907.1246510002 1.34533800563635e-16 4.06704321445905e-17
6.12191780821916e-08 0.000816478116056044 -0.00126640574750322 -363930.758456832 117772.58847078 1.34538265426278e-16 4.07880178981268e-17
6.15924657534245e-08 0.000682985270323535 -0.00121475570615201 -349087.933587842 158280.277261216 1.34542730436733e-16 4.09550136274508e-17
6.19657534246574e-08 0.000555844105091577 -0.00114828182410278 -329985.13785319 196962.664874207 1.34547195595003e-16 4.11695109211793e-17
6.23390410958903e-08 0.000436608269143285 -0.00106775075607944 -306842.687084266 233373.274672128 1.34551660901094e-16 4.14290531109169e-17
6.27123287671232e-08 0.000326740230810791 -0.000974091409909967 -279927.524266008 267091.832812743 1.3455612635501e-16 4.17306636044211e-17
6.30856164383561e-08 0.000227594397260894 -0.000868384231786332 -249550.14041039 297729.119309927 1.34560591956756e-16 4.2070880219916e-17
6.34589041095889e-08 0.00014040148030765 -0.000751848742332788 -216060.992759583 324931.460876256 1.34565057706338e-16 4.24457951255149e-17
6.38321917808218e-08 6.62542892203867e-05 -0.000625829467265516 -179846.461638075 348384.813685714 1.3456952360376e-16 4.28510999230145e-17
6.42054794520547e-08 6.09511453322619e-06 -0.000491780424958384 -141324.392598647 367818.388925596 1.34573989649028e-16 4.32821353559392e-17
6.45787671232876e-08 -3.92951514933412e-05 -0.000351248349889148 -100939.275294582 383007.779281584 1.34578455842145e-16 4.37339450683301e-17
6.49520547945205e-08 -6.93060321454568e-05 -0.000205854845534996 -59157.1147045629 393777.550258113 1.34582922183117e-16 4.42013327940066e-17
6.53253424657533e-08 -8.35045171374723e-05 -5.72776726474751e-05 -16460.0538889967 400003.266411023 1.34587388671949e-16 4.4678922316418e-17
6.56986301369862e-08 -8.16400656659266e-05 9.27686111781426e-05 26659.1896740916 401612.929089956 1.34591855308645e-16 4.51612195072076e-17
6.60719178082191e-08 -6.36475038301102e-05 0.000242552437230408 69703.0099720003 398587.809078651 1.34596322093211e-16 4.56426757275982e-17
6.6445205479452e-08 -2.96477829116676e-05 0.000390345208381981 112174.654944926 390962.664504 1.34600789025652e-16 4.61177518609564e-17
6.68184931506849e-08 2.00534103085468e-05 0.000534441248157714 153583.959308553 378825.34147869 1.34605256105972e-16 4.65809822375871e-17
6.71917808219178e-08 8.49691752297526e-05 0.000673177485946123 193453.001551395 362315.762065841 1.34609723334176e-16 4.70270377140243e-17
6.75650684931506e-08 0.000164437010535117 0.000804952651167239 231321.619819469 341624.311224767 1.34614190710269e-16 4.74507871788233e-17
6.79383561643835e-08 0.00025762645401112 0.000928245754869247 266752.723027294 316989.641333532 1.34618658234256e-16 4.78473567749884e-17
6.83116438356164e-08 0.00036354866098176 0.00104163364544244 299337.335895232 288695.919606035 1.34623125906142e-16 4.82121861555032e-17
6.86849315068493e-08 0.000481067810881322 0.00114380743581718 328699.319681864 257069.550151517 1.34627593725932e-16 4.85410811226434e-17
6.90582191780822e-08 0.000608914210388067 0.00123358761252946 354499.714120777 222475.408488348 1.34632061693631e-16 4.88302620434665e-17
6.9431506849315e-08 0.000745698941957565 0.00130993765224356 376440.650440865 185312.631951759 1.34636529809244e-16 4.90764074825971e-17
6.98047945205479e-08 0.000889929888754642 0.00137197598854003 394268.79029753 146010.014561834 1.34640998072774e-16 4.92766925486025e-17
7.01780821917808e-08 0.00104002895109289 0.00141898619081106 407778.250911899 105021.059484466 1.34645466484229e-16 4.94288215112446e-17
7.05513698630137e-08 0.00119435025573394 0.00145042523773401 416812.982643328 62818.7461712568 1.34649935043612e-16 4.95310543129987e-17
7.09246575342466e-08 0.00135119914793395 0.00146592978977948 421268.571538565 19890.0725590598 1.34654403750927e-16 4.95822266686785e-17
7.12979452054795e-08 0.00150885174708444 0.00146532038829939 421093.446036101 -23269.5646922709 1.34658872606181e-16 4.95817635209937e-17
7.16712328767123e-08 0.00166557484028322 0.00144860353266683 416289.473879969 -66162.0870740896 1.34663341609378e-16 4.9529685696537e-17
7.20445205479452e-08 0.00181964588426379 0.00141597161142586 406911.942334064 -108292.482242453 1.34667810760523e-16 4.94266096851608e-17
7.24178082191781e-08 0.00196937288485333 0.00136780068817495 393068.92190492 -149174.516836661 1.34672280059621e-16 4.92737405450614e-17
7.2791095890411e-08 0.00211311392453536 0.00130464616766502 374920.020895532 -188336.348172588 1.34676749506676e-16 4.90728580152245e-17
7.31643835616439e-08 0.00224929611274649 0.00122723639205773 352674.545143172 -225325.9700454 1.34681219101694e-16 4.88262959952746e-17
7.35376712328767e-08 0.00237643374019113 0.00113646424117807 326589.084159183 -259716.42978858 1.3468568884468e-16 4.85369156293243e-17
7.39109589041096e-08 0.00249314542763708 0.00103337683363293 296964.55150903 -291110.756373942 1.34690158735638e-16 4.82080723042392e-17
7.42842465753425e-08 0.00259817007125204 0.000919163447587704 264142.713570193 -319146.54267005 1.34694628774573e-16 4.78435769429743e-17
7.46575342465754e-08 0.00269038140042308 0.000795141800542783 228502.246711045 -343500.128965791 1.3469909896149e-16 4.74476520394894e-17
7.50308219178083e-08 0.00276880098000801 0.00066274284639469 190454.368377419 -363890.339465729 1.34703569296395e-16 4.7024882942452e-17
7.54041095890412e-08 0.00283260950691378 0.000523494265183083 150438.092492467 -380081.728621194 1.34708039779291e-16 4.6580164949783e-17
7.5777397260274e-08 0.00288115627057678 0.000379002836017843 108915.163912672 -391887.299816436 1.34712510410184e-16 4.61186468244637e-17
7.61506849315069e-08 0.00291396666810501 0.000230935896575449 66364.7303885897 -399170.665017216 1.3471698118908e-16 4.56456713833462e-17
7.65239726027398e-08 0.00293074768728883 8.10021031021334e-05 23277.8135101465 -401847.620439791 1.34721452115981e-16 4.51667138445076e-17
7.68972602739727e-08 0.00293139129413601 -6.90682870591447e-05 -19848.3575617894 -399887.120036865 1.34725923190895e-16 4.46873186445793e-17
7.72705479452056e-08 0.00291597568576767 -0.000217543382883104 -62516.0841902386 -393311.635546 1.34730394413825e-16 4.42130354551643e-17
7.76438356164384e-08 0.00288476439414544 -0.00036270964659118 -104232.941964915 -382196.898925028 1.34734865784776e-16 4.37493551367219e-17
7.80171232876713e-08 0.00283820325090194 -0.000502891669435589 -144517.463727676 -366671.030126442 1.34739337303754e-16 4.33016463690451e-17
7.83904109589042e-08 0.00277691524823158 -0.000636471508107914 -182904.696333343 -346913.060256401 1.34743808970762e-16 4.28750936896731e-17
7.87636986301371e-08 0.00270169335508 -0.000761907358604774 -218951.567013614 -323150.867141887 1.34748280785807e-16 4.24746376553559e-17
7.913698630137e-08 0.0026134913714697 -0.000877751352021895 -252241.997406938 -295658.547111262 1.34752752748893e-16 4.21049178172121e-17
7.95102739726029e-08 0.00251341292644309 -0.000982666266874157 -282391.70622727 -264753.253300678 1.34757224860025e-16 4.17702191677701e-17
7.98835616438357e-08 0.00240269874653132 -0.00107544096503632 -309052.64513593 -230791.536956369 1.34761697119207e-16 4.14744226780401e-17
8.02568493150686e-08 0.00228271234162044 -0.00115500437312283 -331917.016611994 -194165.233939774 1.34766169526446e-16 4.12209604955804e-17
8.06301369863015e-08 0.00215492427335587 -0.00122043784790576 -350720.827438948 -155296.943892457 1.34770642081744e-16 4.10127763207522e-17
8.10034246575344e-08 0.00202089518758919 -0.00127098578301343 -365246.936782994 -114635.154220264 1.34775114785109e-16 4.08522914186147e-17
8.13767123287673e-08 0.0018822578066416 -0.00130606433444451 -375327.563669793 -72649.0651569117 1.34779587636543e-16 4.07413766588872e-17
8.17500000000001e-08 0.00174069808916879 -0.00132526816413787 -380846.224904048 -29823.1756187216 1.34784060636053e-16 4.06813309068544e-17
8.2123287671233e-08 0.00159793577502523 -0.00132837512370821 -381739.081048422 13348.3076751571 1.34788533783644e-16 4.0672866014804e-17
8.24965753424659e-08 0.00145570453963063 -0.00131534882422616 -377995.674908851 56367.1733010464 1.34793007079319e-16 4.07160985874227e-17
8.28698630136988e-08 0.0013157319868553 -0.00128633906231634 -369659.053983601 98736.9546343527 1.34797480523084e-16 4.08105486164083e-17
8.32431506849317e-08 0.00117971971131212 -0.00124168009758499 -356825.275442547 139968.659407569 1.34801954114945e-16 4.09551450002802e-17
8.36164383561646e-08 0.00104932366014981 -0.00118188680118541 -339642.299329056 179586.413199731 1.34806427854905e-16 4.11482378859164e-17
8.39897260273974e-08 0.000926135020993105 -0.00110764871989841 -318308.282737276 217132.951725474 1.34810901742969e-16 4.1387617689614e-17
8.43630136986303e-08 0.000811661856611005 -0.0010198221241627 -293069.294631138 252174.898534631 1.34815375779144e-16 4.1670540578381e-17
8.47363013698632e-08 0.000707311698284036 -0.000919420131758486 -264216.477658158 284307.767207677 1.34819849963433e-16 4.19937601176041e-17
8.51095890410961e-08 0.000614375298784371 -0.000807601021058802 -232082.689693964 313160.630309797 1.34824324295841e-16 4.23535647200663e-17
8.5482876712329e-08 0.000534011732506856 -0.000685654868660143 -197038.663858774 338400.401210219 1.34828798776374e-16 4.27458204643234e-17
8.58561643835618e-08 0.000467235014748296 -0.000554988665546182 -159488.73130541 359735.679339434 1.34833273405036e-16 4.31660187884691e-17
8.62294520547947e-08 0.00041490239460621 -0.000417110083501829 -119866.156125786 376920.11449344 1.34837748181832e-16 4.36093285090374e-17
8.66027397260276e-08 0.000377704456658931 -0.0002736100790776 -78628.1362007889 389755.251343156 1.34842223106767e-16 4.40706515648594e-17
8.69760273972605e-08 0.000356157145719012 -0.000126144535825679 -36250.5276754581 398092.82130458 1.34846698179846e-16 4.45446818426822e-17
8.73493150684934e-08 0.00035059580676238 2.35848433653711e-05 6777.64606720009 401836.455301944 1.34851173401074e-16 4.50259664057713e-17
8.77226027397263e-08 0.000361171308882478 0.000173850173349021 49959.8375714097 400942.797638456 1.34855648770456e-16 4.55089684189648e-17
8.80958904109591e-08 0.000387848298070101 0.000322917326607061 92797.705492616 395422.008100116 1.34860124287996e-16 4.5988131044045e-17
8.8469178082192e-08 0.000430405599053288 0.000469065945836437 134796.865673647 385337.646477802 1.348645999537e-16 4.64579415680715e-17
8.88424657534249e-08 0.000488438761630977 0.000610609298282686 175472.596743128 370805.940819847 1.34869075767572e-16 4.69129950246078e-17
8.92157534246578e-08 0.00056136472218529 0.000745913742684715 214355.434388877 351994.447839493 1.34873551729618e-16 4.73480565735982e-17
8.95890410958907e-08 0.000648428526646055 0.000873417584158759 250996.589741569 329120.120916728 1.34878027839842e-16 4.77581219199589e-17
8.99623287671235e-08 0.000748712037389061 0.000991649099405427 284973.129331706 302446.807971232 1.34882504098249e-16 4.81384750735511e-17
9.03356164383564e-08 0.000861144523651289 0.00109924352419149 315892.856832406 272282.208063479 1.34886980504844e-16 4.84847427838673e-17
9.07089041095893e-08 0.000984515013306206 0.00119495880702711 343398.840240135 238974.321828614 1.34891457059633e-16 4.87929450211152e-17
9.10821917808222e-08 0.0011174862635111 0.00127768994719141 367173.532235455 202907.436690273 1.34895933762619e-16 4.90595409209864e-17
9.14554794520551e-08 0.00125861018905103 0.00134648175159091 386942.436159086 164497.693171842 1.34900410613808e-16 4.92814696627338e-17
9.1828767123288e-08 0.00140634457037599 0.00140053986317708 402477.275280817 124188.283458486 1.34904887613204e-16 4.94561858086328e-17
9.22020547945208e-08 0.00155907084855364 0.00143923993359184 413598.628769732 82444.3376090468 1.34909364760814e-16 4.95816886968063e-17
9.25753424657537e-08 0.00171511280180996 0.00146213483412217 420178.003927515 39747.5564234142 1.34913842056641e-16 4.96565455480079e-17
9.29486301369866e-08 0.00187275588814942 0.00146895982168037 422139.320751457 -3409.34710332675 1.3491831950069e-16 4.96799080194892e-17
9.33219178082195e-08 0.00203026703085201 0.0014596356001241 419459.791675028 -46528.3335976072 1.34922797092967e-16 4.96515220146932e-17
9.36952054794524e-08 0.00218591461852641 0.00143426924151715 412170.186313303 -89111.7847816788 1.34927274833475e-16 4.95717306353427e-17
9.40684931506852e-08 0.00233798848891441 0.00139315295662816 400354.478137565 -130668.246278512 1.34931752722221e-16 4.94414702416264e-17
9.44417808219181e-08 0.00248481966582217 0.00133676072878542 384148.877136195 -170718.099471976 1.3493623075921e-16 4.92622596657232e-17
9.4815068493151e-08 0.00262479962139471 0.00126574284986391 363740.259605159 -208799.096963545 1.34940708944445e-16 4.90361827029188e-17
9.51883561643839e-08 0.00275639884142078 0.00118091842139316 339364.013169219 -244471.697738767 1.34945187277932e-16 4.87658640821561e-17
9.55616438356168e-08 0.00287818447939111 0.00108326590725967 311301.321884153 -277324.14046609 1.34949665759675e-16 4.84544391931147e-17
9.59349315068497e-08 0.00298883689554209 0.000973911846966732 279875.922732889 -306977.196370692 1.34954144389681e-16 4.81055179189804e-17
9.63082191780825e-08 0.00308716488997847 0.000854117859645682 245450.370929866 -333088.546821901 1.34958623167953e-16 4.77231429920995e-17
9.66815068493154e-08 0.00317211945403288 0.0007252660887432 208421.857117844 -355356.735102004 1.34963102094496e-16 4.73117433529341e-17
9.70547945205483e-08 0.00324280588111513 0.000588843255309239 169217.624714181 -373524.646736738 1.34967581169316e-16 4.68760830504184e-17
9.74280821917812e-08 0.00329849409723069 0.000446423503873493 128290.040279704 -387382.47820691 1.34972060392418e-16 4.64212062732848e-17
9.78013698630141e-08 0.00333862709188985 0.000299650238838523 86111.3737893844 -396770.159763634 1.34976539763805e-16 4.59523791466025e-17
9.8174657534247e-08 0.00336282735204705 0.000150217160974218 43168.3490337603 -401579.204368478 1.34981019283484e-16 4.54750289651204e-17
9.85479452054798e-08 0.00337090122475314 -1.51277163516007e-07 -43.4729650936788 -401753.96140173 1.34985498951459e-16 4.49946815646101e-17
9.89212328767127e-08 0.00336284115810464 -0.000149719771353767 -43025.412710093 -397292.260650584 1.34989978767734e-16 4.45168975539187e-17
9.92945205479456e-08 0.00333882579455777 -0.00029676219172466 -85281.4271639214 -388245.439125095 1.34994458732316e-16 4.40472081436094e-17
9.96678082191785e-08 0.00329921791545949 -0.000439581503553294 -126323.83444812 -374717.750371971 1.34998938845208e-16 4.35910513117499e-17
1.00041095890411e-07 0.00324456026044548 -0.000576529352951003 -165678.942239286 -356865.163082642 1.35003419106416e-16 4.31537090435426e-17
1.00414383561644e-07 0.00317556926988126 -0.000706025091393181 -202892.514904368 -334893.56284009 1.35007899515945e-16 4.27402463691213e-17
1.00787671232877e-07 0.00309312682249341 -0.000826574019521455 -237535.016275967 -309056.37773753 1.35012380073799e-16 4.23554529031118e-17
1.0116095890411e-07 0.00299827006347673 -0.000936784639648782 -269206.567555652 -279651.655251548 1.35016860779984e-16 4.2003787560704e-17
1.01534246575343e-07 0.00289217944040357 -0.00103538471783115 -297541.56311893 -247018.624086034 1.35021341634504e-16 4.16893270883497e-17
1.01907534246576e-07 0.00277616508494812 -0.00112123597010129 -322212.890941579 -211533.780648085 1.35025822637364e-16 4.14157190031954e-17
1.02280821917809e-07 0.00265165169753336 -0.0011933472033315 -342935.708928206 -173606.545304384 1.35030303788569e-16 4.1186139484501e-17
1.02654109589042e-07 0.00252016210929075 -0.00125088575902168 -359470.733547389 -133674.538533017 1.35034785088125e-16 4.10032567031658e-17
1.03027397260274e-07 0.0023832997109929 -0.00129318712788866 -371627.002804595 -92198.5314739825 1.35039266536035e-16 4.08692000127386e-17
1.03400684931507e-07 0.00224272995170159 -0.00131976262423853 -379264.081649225 -49657.1291410532 1.35043748132305e-16 4.07855353576585e-17
1.0377397260274e-07 0.00210016112061623 -0.00133030503149136 -382293.684345711 -6541.24764482843 1.3504822987694e-16 4.07532471827359e-17
1.04147260273973e-07 0.00195732463388714 -0.00132469215363851 -380680.695066297 36651.5508439326 1.35052711769945e-16 4.07727270528625e-17
1.04520547945206e-07 0.00181595505387836 -0.00130298823157759 -374443.574907382 79422.8000177418 1.35057193811325e-16 4.08437691145076e-17
1.04893835616439e-07 0.00167777007145999 -0.00126544320790885 -363654.150611904 121278.881980141 1.35061676001084e-16 4.09655724516047e-17
1.05267123287672e-07 0.00154445068234416 -0.0012124898486067 -348436.787415577 161736.724030548 1.35066158339227e-16 4.1136750308867e-17
1.05640410958905e-07 0.00141762178624727 -0.00114473875471269 -328966.955542389 200329.373940287 1.3507064082576e-16 4.13553460763186e-17
1.06013698630137e-07 0.00129883343278882 -0.00106297132154813 -305469.206872728 236611.389374002 1.35075123460687e-16 4.16188558507934e-17
1.0638698630137e-07 0.00118954293058109 -0.000968130726632828 -278214.585114992 270163.979253391 1.35079606244013e-16 4.19242573142488e-17
1.06760273972603e-07 0.00109109802600909 -0.000861311050249153 -247517.499349969 300599.837720849 1.35084089175743e-16 4.22680445958294e-17
1.07133561643836e-07 0.00100472134586265 -0.0007437446541444 -213732.097011268 327567.614906241 1.35088572255883e-16 4.26462687155539e-17
1.07506849315069e-07 0.000931496283402856 -0.000616787963970474 -177248.17814304 350755.972889632 1.35093055484436e-16 4.3054583143065e-17
1.07880136986302e-07 0.000872354490793558 -0.000481905819486633 -138486.698071533 369897.180038192 1.35097538861408e-16 4.34882939458398e-17
1.08253424657535e-07 0.000828065122295117 -0.000340654573085195 -97894.9103785305 384770.202221354 1.35102022386804e-16 4.39424139482738e-17
1.08626712328768e-07 0.00079922595241805 -0.00019466413165117 -55941.2062175366 395203.255213227 1.35106506060629e-16 4.44117202767465e-17
1.09000000000001e-07 0.000786256471600004 -4.56191489677382e-05 -13109.7095198095 401075.788808287 1.35110989882887e-16 4.48908146266767e-17
