0 -0.00139 0 0 400000 1.33808e-16 4.46026666666667e-17
2.21544715447154e-10 -0.00138717902864849 8.87589347464371e-05 25506.9171201856 400462.648313238 1.33808550979713e-16 4.48872694570726e-17
4.43089430894309e-10 -0.00137870387180757 0.000177440481075629 50991.5949024345 399300.436649587 1.3380910196169e-16 4.51716242647887e-17
6.64634146341463e-10 -0.00136459091569363 0.000265684816687693 76350.6301501296 396518.073964432 1.33809652945929e-16 4.54545780752372e-17
8.86178861788618e-10 -0.00134487942174529 0.000353133891770565 101481.129031711 392126.842933299 1.33810203932432e-16 4.57349835536003e-17
1.10772357723577e-09 -0.00131963136741552 0.000439432881780697 126281.124570555 386144.554199825 1.33810754921198e-16 4.60117037001108e-17
1.32926829268293e-09 -0.00128893119479385 0.000524231627143317 150649.990375886 378595.474136572 1.33811305912227e-16 4.62836164634271e-17
1.55081300813008e-09 -0.00125288546807803 0.000607186054030671 174488.848936017 369510.22641166 1.33811856905519e-16 4.65496192933756e-17
1.77235772357724e-09 -0.00121162244128481 0.000687959570453417 197700.972817254 358925.667760522 1.33812407901075e-16 4.68086336145858e-17
1.99390243902439e-09 -0.0011652915379532 0.000766224432000471 220192.177140587 346884.738466708 1.33812958898893e-16 4.70596092028667e-17
2.21544715447154e-09 -0.00111406274495118 0.000841663071685765 241871.20174368 333436.288158316 1.33813509898975e-16 4.73015284465681e-17
2.4369918699187e-09 -0.00105812592284489 0.000913969388505946 262650.081477501 318634.877626766 1.3381406090132e-16 4.7533410475635e-17
2.65853658536585e-09 -0.00099769003562835 0.000982849989480585 282444.503135082 302540.557471937 1.33814611905928e-16 4.77543151416008e-17
2.88008130081301e-09 -0.000932982302938432 0.00104802538013517 301174.147564133 285218.624471698 1.33815162912799e-16 4.79633468323714e-17
3.10162601626016e-09 -0.00086424727819492 0.00110923109859632 318763.015575337 266739.356664285 1.33815713921933e-16 4.81596581063198e-17
3.32317073170732e-09 -0.000791745856405532 0.0011662187886975 335139.736323891 247177.728218302 1.33816264933331e-16 4.8342453130946e-17
3.54471544715447e-09 -0.000715754215661535 0.00121875720774077 350237.856912996 226613.105247195 1.33816815946992e-16 4.85109909121485e-17
3.76626016260163e-09 -0.000636562696618478 0.00126663316482552 363996.112044143 205128.92380232 1.33817366962916e-16 4.86645883010056e-17
3.98780487804878e-09 -0.000554474624508259 0.00130965238593652 376358.672620021 182812.351351069 1.33817917981104e-16 4.88026227658629e-17
4.20934959349593e-09 -0.00046980507846193 0.00134764030228101 387275.372291277 159753.93311354 1.33818469001554e-16 4.89245349184807e-17
4.43089430894309e-09 -0.000382879613136459 0.00138044275867584 396701.91102782 136047.224692635 1.33819020024268e-16 4.90298307839903e-17
4.65243902439024e-09 -0.000294032937832183 0.00140792663911008 404600.034888588 111788.412488153 1.33819571049246e-16 4.91180838054462e-17
4.8739837398374e-09 -0.000203607558460234 0.00142998040694453 410937.69126029 87075.923434952 1.33820122076486e-16 4.91889365748418e-17
5.09552845528455e-09 -0.000111952387869922 0.00144651455755606 415689.158935127 62010.0256486298 1.3382067310599e-16 4.92421022835626e-17
5.31707317073171e-09 -1.94213301745199e-05 0.00145746198158961 418835.152499618 36692.4215990451 1.33821224137757e-16 4.92773658863915e-17
5.53861788617886e-09 7.36281551806443e-05 0.0014627782373439 420362.900610856 11225.8354623258 1.33821775171788e-16 4.92945849743407e-17
5.76016260162602e-09 0.000166836503781607 0.00146244173118498 420266.197842505 -14286.4036743489 1.33822326208081e-16 4.92936903527696e-17
5.98170731707317e-09 0.000259843505155978 0.00145645380525546 418545.429890045 -39740.7810640828 1.33822877246639e-16 4.92746863224401e-17
6.20325203252032e-09 0.000352289764310505 0.00144483873212298 415207.572032903 -65034.0163066261 1.33823428287459e-16 4.92376506623679e-17
6.42479674796748e-09 0.000443818159965852 0.00142764361638944 410266.160859589 -90063.4824056113 1.33823979330543e-16 4.91827343145393e-17
6.64634146341463e-09 0.000534075293571878 0.00140493820365959 403741.239370452 -114727.622176349 1.3382453037589e-16 4.91101607717702e-17
6.86788617886179e-09 0.000622712923224022 0.00137681459764396 395659.275680705 -138926.360314614 1.33825081423501e-16 4.90202251711905e-17
7.08943089430894e-09 0.000709389376662689 0.00134338688654339 386053.055653443 -162561.509454453 1.33825632473375e-16 4.89132930970312e-17
7.3109756097561e-09 0.000793770937622364 0.00130479068023082 374961.549898211 -185537.168567415 1.33826183525512e-16 4.8789799097569e-17
7.53252032520325e-09 0.000875533199905266 0.00126118256010781 362429.755674651 -207760.112086704 1.33826734579913e-16 4.86502449222471e-17
7.75406504065041e-09 0.000954362383685332 0.00121273944386764 348508.514342592 -229140.168177335 1.33827285636577e-16 4.84951974861218e-17
7.97560975609756e-09 0.0010299566087015 0.00115965786774206 333254.305099187 -249590.58461745 1.33827836695505e-16 4.83252865698942e-17
8.19715447154471e-09 0.00110202711917421 0.00110215318914365 316729.015839881 -269028.380806184 1.33828387756696e-16 4.81412022648571e-17
8.41869918699187e-09 0.00117029945547482 0.00104045871293862 298999.692072867 -287374.684469771 1.3382893882015e-16 4.79436921731239e-17
8.64024390243902e-09 0.0012345145677938 0.000974824744895007 280138.264905676 -304555.051699654 1.33829489885868e-16 4.77335583744976e-17
8.86178861788618e-09 0.00129442986728869 0.00090551757614639 260221.259207535 -320499.769023984 1.33830040953849e-16 4.75116541722866e-17
9.08333333333333e-09 0.00134982021044667 0.000832818402791474 239329.483131502 -335144.136286796 1.33830592024094e-16 4.72788806312697e-17
9.30487804878048e-09 0.00140047881266742 0.000757022185012897 217547.700256068 -348428.729187006 1.33831143096603e-16 4.70361829218562e-17
9.52642276422764e-09 0.00144621808735914 0.000678436450344102 194964.285676429 -360299.640411916 1.33831694171374e-16 4.67845464852741e-17
9.74796747967479e-09 0.00148687040714278 0.000597380045939756 171670.867440753 -370708.698386727 1.3383224524841e-16 4.65249930353459e-17
9.96951219512194e-09 0.00152228878407575 0.000514181844912113 147761.954786235 -379613.662752424 1.33832796327709e-16 4.62585764130725e-17
1.01910569105691e-08 0.00155234746613462 0.000429179411982114 123334.554683321 -386978.395778778 1.33833347409271e-16 4.59863783108458e-17
1.04126016260163e-08 0.00157694244753638 0.000342717633859152 98487.7782438958 -392773.00901687 1.33833898493097e-16 4.57095038836372e-17
1.06341463414634e-08 0.00159599189082724 0.000255147319906513 73322.4385903771 -396973.984595997 1.33834449579186e-16 4.54290772649705e-17
1.08556910569106e-08 0.00160943645902604 0.00016682377877013 47940.6418173208 -399564.270672703 1.33835000667539e-16 4.51462370058707e-17
1.10772357723577e-08 0.00161723955647418 7.81053767458229e-05 22445.372705158 -400533.350644535 1.33835551758155e-16 4.48621314552961e-17
1.12987804878049e-08 0.00161938747741452 -1.06479162656785e-05 -3059.92313300309 -399877.285847601 1.33836102851035e-16 4.45779141007968e-17
1.1520325203252e-08 0.00161588946169599 -9.90759873162503e-05 -28471.7589761024 -397598.731564566 1.33836653946179e-16 4.42947388883035e-17
1.17418699186992e-08 0.0016067776573775 -0.0001868200415543 -53687.0268883712 -393706.92627803 1.33837205043586e-16 4.40137555400388e-17
1.19634146341463e-08 0.00159210699038252 -0.000273524058026565 -78603.4160773937 -388217.654212773 1.33837756143257e-16 4.37361048895453e-17
1.21849593495935e-08 0.00157195494173277 -0.000358836234230908 -103119.828019508 -381153.181318761 1.33838307245191e-16 4.34629142527609e-17
1.24065040650406e-08 0.00154642123326464 -0.000442410413558837 -127136.786668176 -372542.164954521 1.33838858349389e-16 4.31952928539219e-17
1.26280487804878e-08 0.00151562742310296 -0.000523907489835894 -150556.842080904 -362419.537637261 1.33839409455851e-16 4.29343273248535e-17
1.28495934959349e-08 0.00147971641253327 -0.000602996783260946 -173284.96582698 -350826.365331292 1.33839960564576e-16 4.26810772959107e-17
1.30711382113821e-08 0.00143885186627298 -0.000679357382161439 -195228.936571635 -337809.680849642 1.33840511675565e-16 4.24365710964569e-17
1.32926829268292e-08 0.00139321754849332 -0.000752679445120358 -216299.714272122 -323422.293044723 1.33841062788818e-16 4.22018015823288e-17
1.35142276422764e-08 0.00134301657728581 -0.00082266545819139 -236411.80146734 -307722.572562157 1.33841613904334e-16 4.19777221072161e-17
1.37357723577236e-08 0.00128847060059785 -0.00088903144210102 -255483.590195071 -290774.215026961 1.33842165022113e-16 4.17652426543027e-17
1.39573170731707e-08 0.0012298188969808 -0.000951508104539162 -273437.693129136 -272645.982622853 1.33842716142157e-16 4.1565226143867e-17
1.41788617886179e-08 0.00116731740479877 -0.00100984193286273 -290201.257592849 -253411.425113138 1.33843267264464e-16 4.13784849318227e-17
1.4400406504065e-08 0.00110123768383698 -0.0010637962227783 -305706.261174589 -233148.581435015 1.33843818389035e-16 4.12057775134076e-17
1.46219512195122e-08 0.00103186581352246 -0.00111315203882978 -319889.787745977 -211939.663078018 1.3384436951587e-16 4.10478054453971e-17
1.48434959349593e-08 0.000959501232227353 -0.00115770910279361 -332694.282762631 -189870.720531178 1.33844920644968e-16 4.09052104993308e-17
1.50650406504065e-08 0.00088445552236404 -0.00119728660637665 -344067.786811552 -167031.294152225 1.3384547177633e-16 4.07785720573033e-17
1.52865853658536e-08 0.000807051146201321 -0.00123172394491887 -353964.146457434 -143514.050875345 1.33846022909956e-16 4.06684047608872e-17
1.55081300813008e-08 0.000727620137530769 -0.0012608813691236 -362343.201532315 -119414.408231483 1.33846574045845e-16 4.05751564227287e-17
1.57296747967479e-08 0.000646502754491636 -0.00128464055217062 -369170.948108532 -94830.1472066555 1.33847125183998e-16 4.04992062092905e-17
1.59512195121951e-08 0.000564046099020252 -0.0013029050699107 -374419.676493648 -69861.0155090519 1.33847676324415e-16 4.04408631021165e-17
1.61727642276422e-08 0.000480602708525306 -0.00131560079219285 -378068.083687323 -44608.3228545992 1.33848227467096e-16 4.04003646438625e-17
1.63943089430894e-08 0.000396529125503118 -0.00132267618373617 -380101.359843733 -19174.5299130821 1.3384877861204e-16 4.03778759741826e-17
1.66158536585366e-08 0.000312184450896553 -0.00132410251332505 -380511.248388628 6337.16741737824 1.33849329759249e-16 4.03734891593841e-17
1.68373983739837e-08 0.000227928887067188 -0.00131987397047868 -379296.079546981 31823.2567207138 1.33849880908721e-16 4.03872228185717e-17
1.70589430894309e-08 0.000144122276292533 -0.00131000768912096 -376460.777145091 57180.329059278 1.33850432060457e-16 4.04190220477997e-17
1.7280487804878e-08 6.11226407182739e-05 -0.00129454367815454 -372016.838659429 82305.4985520795 1.33850983214456e-16 4.04687586425404e-17
1.75020325203252e-08 -2.0715270310362e-05 -0.00127354465922017 -365982.288593068 107096.819832458 1.3385153437072e-16 4.05362316175682e-17
1.77235772357723e-08 -0.000101041419643949 -0.00124709581229931 -358381.60536876 131453.701691371 1.33852085529247e-16 4.06211680221505e-17
1.79451219512195e-08 -0.000179511902610564 -0.00121530443019192 -349245.622035183 155277.315227943 1.33852636690038e-16 4.07232240472391e-17
1.81666666666666e-08 -0.00025579034242102 -0.00117829948327077 -338611.401189123 178470.994851182 1.33853187853093e-16 4.08419864201716e-17
1.83882113821138e-08 -0.000329549255035752 -0.0011362310962782 -326522.084620996 200940.630505812 1.33853739018412e-16 4.09769740812236e-17
1.86097560975609e-08 -0.000400471377955296 -0.00108926993928756 -313026.718293651 222595.04953071 1.33854290185995e-16 4.1127640135212e-17
1.88313008130081e-08 -0.000468250957542736 -0.00103760653530036 -298180.053364504 243346.386600563 1.33854841355842e-16 4.12933740702308e-17
1.90528455284552e-08 -0.00053259498965466 -0.000981450487287936 -282042.324058244 263110.440249644 1.33855392527952e-16 4.14735042345186e-17
1.92743902439024e-08 -0.000593224408546631 -0.000921029627813876 -264679.003291294 281807.014531093 1.33855943702327e-16 4.16673005614088e-17
1.94959349593495e-08 -0.000649875219229023 -0.000856589094686922 -246160.537039469 299360.244425351 1.33856494878965e-16 4.18739775313069e-17
1.97174796747967e-08 -0.000702299568678491 -0.000788390336394792 -226562.058526558 315698.903677364 1.33857046057867e-16 4.20926973586789e-17
1.99390243902439e-08 -0.000750266751558439 -0.000716710051353932 -205963.083393388 330756.693813447 1.33857597239033e-16 4.23225733911192e-17
2.0160569105691e-08 -0.000793564146367528 -0.000641839065278913 -184447.187084158 344472.51316504 1.33858148422463e-16 4.25626737067081e-17
2.03821138211382e-08 -0.000831998078217566 -0.000564081151226247 -162101.665758943 356790.704807737 1.33858699608157e-16 4.28120248950631e-17
2.06036585365853e-08 -0.000865394604739774 -0.000483751797100008 -139017.182108149 367661.282409496 1.33859250796115e-16 4.30696160067446e-17
2.08252032520325e-08 -0.000893600221930351 -0.000401176925619849 -115287.397505941 377040.133071554 1.33859801986337e-16 4.33344026549896e-17
2.10467479674796e-08 -0.000916482487071039 -0.000316691571944894 -91008.591995117 384889.196338958 1.33860353178823e-16 4.36053112531342e-17
2.12682926829268e-08 -0.000933930556196902 -0.000230638524318822 -66279.2736452739 391176.61865426 1.33860904373573e-16 4.38812433705305e-17
2.14898373983739e-08 -0.000945855633930181 -0.000143366933251529 -41199.7788692334 395876.882627604 1.33861455570587e-16 4.41610801892845e-17
2.17113821138211e-08 -0.00095219133385471 -5.5230894880418e-05 -15871.865319396 398970.910598583 1.33862006769865e-16 4.44436870437335e-17
2.19329268292682e-08 -0.000952893947968303 3.3411985740815e-05 9601.70098420429 400446.142069572 1.33862557971407e-16 4.47279180242435e-17
2.21544715447154e-08 -0.00094794262411945 0.000122202045596599 35117.5626189533 400296.58469623 1.33863109175213e-16 4.50126206266473e-17
2.23760162601625e-08 -0.000937339450708001 0.000210779023019961 60572.1901260161 398522.838628186 1.33863660381283e-16 4.52966404284594e-17
2.25975609756097e-08 -0.000921109448305794 0.000298783519438002 85862.3020764497 395132.094101037 1.33864211589617e-16 4.55788257728927e-17
2.28191056910569e-08 -0.000899300468230829 0.000385858457621399 110885.284132669 390138.102289309 1.33864762800215e-16 4.58580324416736e-17
2.3040650406504e-08 -0.000871982998486157 0.000471650530521148 135539.605404935 383561.11953854 1.33865314013077e-16 4.61331282976942e-17
2.32621951219512e-08 -0.000839249877850476 0.000555811634813876 159725.23041351 375427.825202649 1.33865865228203e-16 4.64029978786652e-17
2.34837398373983e-08 -0.000801215919280146 0.000638000283339143 183344.024984929 365771.213419869 1.33866416445593e-16 4.66665469231296e-17
2.37052845528455e-08 -0.000758017444150265 0.000717882990697702 206300.154435464 354630.459266221 1.33866967665247e-16 4.69227068104742e-17
2.39268292682926e-08 -0.000709811729224252 0.000795135626388622 228500.472426136 342050.759829535 1.33867518887166e-16 4.71704388969216e-17
2.41483739837398e-08 -0.000656776368595463 0.000869444729994815 249854.89891146 328083.150848728 1.33868070111348e-16 4.74087387299115e-17
2.43699186991869e-08 -0.000599108553189405 0.00094050878308052 270276.785648382 312784.299662229 1.33868621337795e-16 4.76366401237682e-17
2.45914634146341e-08 -0.000537024270749592 0.00100803943263987 289683.267782304 296216.275305548 1.33869172566506e-16 4.78532190801197e-17
2.48130081300812e-08 -0.000470757429552742 0.00107176266113227 307995.600083605 278446.296690732 1.3386972379748e-16 4.8057597537159e-17
2.50345528455284e-08 -0.0004005589094085 0.00113141989835694 325139.476470315 259546.459889348 1.33870275030719e-16 4.82489469325347e-17
2.52560975609755e-08 -0.000326695543793916 0.0011867690706551 341045.331520436 239593.445625466 1.33870826266222e-16 4.84264915654147e-17
2.54776422764227e-08 -0.000249449037252344 0.00123758558318232 355648.622750455 218668.208165383 1.3387137750399e-16 4.85895117440793e-17
2.56991869918699e-08 -0.000169114822449123 0.00128366323126527 368890.092514628 196855.646866339 1.33871928744021e-16 4.87373467062735e-17
2.5920731707317e-08 -8.60008615212143e-05 0.00132481503714492 380716.008462321 174244.261716829 1.33872479986317e-16 4.88693973004661e-17
2.61422764227642e-08 -4.26396584083836e-07 0.00136087400871052 391078.381577663 150925.794266067 1.33873031230876e-16 4.89851284171375e-17
2.63638211382113e-08 8.72793455346432e-05 0.00139169381714585 399935.16091673 126994.855399481 1.338735824777e-16 4.9084071160229e-17
2.65853658536585e-08 0.000176778489079429 0.00141714939073764 407250.404252035 102548.541470448 1.33874133726789e-16 4.91658247499426e-17
2.68069105691056e-08 0.000267725880249252 0.00143713742243659 412994.423931826 77686.0403457621 1.33874684978141e-16 4.92300581491695e-17
2.70284552845528e-08 0.000359770487616058 0.00145157678911118 417143.907362297 52508.2289632482 1.33875236231758e-16 4.92765114069471e-17
2.72499999999999e-08 0.000452556826397212 0.00146040888079274 419682.011623722 27117.2640343874 1.33875787487639e-16 4.93049967134918e-17
2.74715447154471e-08 0.000545726400803109 0.00146359783857568 420598.431836535 1616.16755262121 1.33876338745784e-16 4.93153991625264e-17
2.76930894308942e-08 0.000638919158607767 0.00146113070020707 419889.442999839 -23891.5912108907 1.33876890006193e-16 4.93076772178078e-17
2.79146341463414e-08 0.000731774952040561 0.00145301745277449 417557.915132481 -49302.5155280437 1.33877441268867e-16 4.92818628819594e-17
2.81361788617885e-08 0.000823934999071639 0.00143929099227812 413613.301655148 -74513.5011476906 1.33877992533804e-16 4.92380615669241e-17
2.83577235772357e-08 0.000915043339161891 0.00142000699025053 408071.601060517 -99422.2546388088 1.33878543801007e-16 4.9176451666561e-17
2.85792682926828e-08 0.00100474827757081 0.00139524366796515 400955.292026861 -123927.708445514 1.33879095070473e-16 4.90972838331185e-17
2.880081300813e-08 0.00109270381236198 0.00136510147914904 392293.242238297 -147930.430969838 1.33879646342204e-16 4.90008799605197e-17
2.90223577235772e-08 0.00117857103831605 0.00132970270248707 382120.591281497 -171333.030018354 1.33880197616199e-16 4.88876318785825e-17
2.92439024390243e-08 0.00126201952205488 0.00128919094557046 370478.608093924 -194040.547975649 1.33880748892458e-16 4.8757999763472e-17
2.94654471544715e-08 0.00134272864279714 0.00124373056230211 357414.523541871 -215960.847101223 1.33881300170982e-16 4.86125102708348e-17
2.96869918699186e-08 0.0014203888933051 0.00119350598612211 342981.338807518 -237004.98338642 1.3388185145177e-16 4.84517543991863e-17
2.99085365853658e-08 0.00149470313574415 0.00113872098175859 327237.610362361 -257087.567454469 1.33882402734822e-16 4.82763850922212e-17
3.01300813008129e-08 0.00156538780735894 0.00107959781853955 310247.212399389 -276127.111039205 1.33882954020139e-16 4.80871145897744e-17
3.03516260162601e-08 0.0016321740710742 0.00101637636861954 292079.077687831 -294046.357636621 1.3388350530772e-16 4.78847115381777e-17
3.05731707317072e-08 0.00169480890635135 0.000949313133779905 272806.917901859 -310772.595987558 1.33884056597565e-16 4.76699978717394e-17
3.07947154471544e-08 0.00175305613587464 0.000878680204750908 252508.924557917 -326237.955119527 1.33884607889675e-16 4.74438454779955e-17
3.10162601626015e-08 0.00180669738390078 0.000804764157278022 231267.451774037 -340379.679750464 1.33885159184049e-16 4.72071726602648e-17
3.12378048780487e-08 0.00185553296238322 0.000727864889411311 209168.682138252 -353140.3849369 1.33885710480688e-16 4.69609404118589e-17
3.14593495934958e-08 0.00189938268127558 0.000648294404735281 186302.277041767 -364468.288933232 1.33886261779591e-16 4.6706148517064e-17
3.1680894308943e-08 0.00193808657972592 0.000566375546475994 162761.012895582 -374317.423317188 1.33886813080758e-16 4.64438314947137e-17
3.19024390243902e-08 0.00197150557519489 0.000482440687621549 138640.404706549 -382647.819528823 1.3388736438419e-16 4.61750544008112e-17
3.21239837398373e-08 0.00199952202786356 0.000396830382370541 114038.318540132 -389425.671066062 1.33887915689886e-16 4.59009085072303e-17
3.23455284552845e-08 0.00202204021804056 0.000309891984380029 89054.5744422484 -394623.470678606 1.33888466997847e-16 4.56225068740297e-17
3.25670731707316e-08 0.0020389867346311 0.000221978237419289 63790.5414312778 -398220.122003411 1.33889018308072e-16 4.53409798333438e-17
3.27886178861788e-08 0.0020503107730913 0.000133445844147601 38348.7262035068 -400201.025188717 1.33889569620562e-16 4.50574704031738e-17
3.30101626016259e-08 0.00205598434165856 4.46540188231151e-05 12832.3572208049 -400558.136159065 1.33890120935316e-16 4.47731296496888e-17
3.32317073170731e-08 0.00205600237502077 -4.40369701849428e-05 -12655.0341319472 -399289.999280757 1.33890672252335e-16 4.44891120168509e-17
3.34532520325202e-08 0.00205038275496274 -0.000132267262167071 -38010.0336202466 -396401.753295091 1.33891223571618e-16 4.42065706423177e-17
3.36747967479674e-08 0.00203916623790588 -0.000219678864196228 -63129.7637597509 -391905.110495204 1.33891774893165e-16 4.39266526786247e-17
3.38963414634145e-08 0.00202241628963444 -0.000305917103678114 -87912.3012399395 -385818.309230893 1.33892326216977e-16 4.36504946386329e-17
3.41178861788617e-08 0.00200021882787886 -0.000390632067435292 -112257.090477967 -378166.039934007 1.33892877543054e-16 4.33792177841283e-17
3.43394308943088e-08 0.00197268187380008 -0.000473480021486069 -136065.351624713 -368979.344964472 1.33893428871395e-16 4.31139235762817e-17
3.4560975609756e-08 0.00193993511378856 -0.00055412480575736 -159240.481367531 -358295.492683189 1.33893980202001e-16 4.28556892064313e-17
3.47825203252032e-08 0.00190212937335574 -0.000632239198072435 -181688.444903442 -346157.82626266 1.33894531534871e-16 4.26055632253203e-17
3.50040650406503e-08 0.0018594360052521 -0.000707506241879095 -203318.157492291 -332615.587848676 1.33895082870006e-16 4.23645612885245e-17
3.52256097560975e-08 0.00181204619429427 -0.000779620532330926 -224041.854041721 -317723.71878642 1.33895634207405e-16 4.21336620353337e-17
3.54471544715446e-08 0.00176017018172137 -0.000848289455503224 -243775.445224309 -301542.636721475 1.33896185547069e-16 4.19138031178084e-17
3.56686991869918e-08 0.00170403641222752 -0.000913234375715346 -262438.858681896 -284137.990480025 1.33896736888997e-16 4.17058773961235e-17
3.58902439024389e-08 0.00164389060713102 -0.000974191766141735 -279956.363932612 -265580.393722748 1.3389728823319e-16 4.15107293156389e-17
3.61117886178861e-08 0.00157999476744041 -0.00103091427812399 -296256.87966225 -245945.138452975 1.33897839579648e-16 4.13291514803955e-17
3.63333333333332e-08 0.00151262611086233 -0.00108317174484506 -311274.262153071 -225311.889541485 1.3389839092837e-16 4.1161881436942e-17
3.65548780487804e-08 0.00144207594706373 -0.00113075211529283 -324947.57367969 -203764.361507304 1.33898942279357e-16 4.10095986815415e-17
3.67764227642275e-08 0.00136864849575195 -0.00117346231472343 -337221.32978295 -181389.978865872 1.33899493632609e-16 4.08729219029032e-17
3.69979674796747e-08 0.00129265965236789 -0.00121112902813257 -348045.724418391 -158279.52142266 1.33900044988125e-16 4.0752406471627e-17
3.72195121951218e-08 0.00121443570640036 -0.00124359940355569 -357376.832065694 -134526.755951364 1.33900596345906e-16 4.06485421865481e-17
3.7441056910569e-08 0.00113431201752159 -0.00127074167234302 -365176.785978952 -110228.055751073 1.33901147705951e-16 4.05617512871278e-17
3.76626016260162e-08 0.00105263165491546 -0.0012924456838924 -371413.931854431 -85482.0096259988 1.33901699068262e-16 4.04923867399557e-17
3.78841463414633e-08 0.000969744005319101 -0.00130862335266999 -376062.956292214 -60389.0218742814 1.33902250432836e-16 4.04407308063164e-17
3.81056910569105e-08 0.000886003355425495 -0.00131920901570453 -379104.989530394 -35050.9049088399 1.33902801799676e-16 4.04069938966351e-17
3.83272357723576e-08 0.000801767454398907 -0.00132415969910445 -380527.682034882 -9570.46616318853 1.3390335316878e-16 4.03913137164498e-17
3.85487804878048e-08 0.000717396062335556 -0.001323455292516 -380325.254633948 15948.909041706 1.33903904540149e-16 4.03937547073781e-17
3.87703252032519e-08 0.000633249490559047 -0.00131709863081415 -378498.521993979 41403.6769770362 1.33904455913783e-16 4.04143077853467e-17
3.89918699186991e-08 0.000549687139673221 -0.0013051154826944 -375054.889341079 66690.5556302216 1.33905007289681e-16 4.04528903771478e-17
3.92134146341462e-08 0.00046706604130421 -0.00128755444621153 -370008.322441727 91706.9437687995 1.33905558667844e-16 4.05093467551745e-17
3.94349593495934e-08 0.000385739409448543 -0.0012644867516886 -363379.290964153 116351.337243797 1.33906110048272e-16 4.05834486689797e-17
3.96565040650405e-08 0.000306055207305187 -0.0012360059727956 -355194.685450157 140523.74084344 1.33906661430965e-16 4.06748962710953e-17
3.98780487804877e-08 0.000228354735406605 -0.00120222764696964 -345487.708234142 164126.074026095 1.33907212815922e-16 4.07833193333578e-17
4.00995934959348e-08 0.00015297124677754 -0.00116328880671643 -334297.738751834 187062.568886183 1.33907764203144e-16 4.09082787488059e-17
4.0321138211382e-08 8.02285947405559e-05 -0.00111934742369442 -321670.1737851 209240.158738289 1.33908315592631e-16 4.10492683130573e-17
4.05426829268291e-08 1.04399188549628e-05 -0.00107058176783684 -307656.243290959 230568.855742777 1.33908866984383e-16 4.12057167779379e-17
4.07642276422763e-08 -5.60936256789731e-05 -0.00101718968411167 -292312.802561949 250962.116040647 1.33909418378399e-16 4.13769901690323e-17
4.09857723577235e-08 -0.00011908408999496 -0.000959387789853589 -275702.101561058 270337.190916086 1.3390996977468e-16 4.15623943577533e-17
4.12073170731706e-08 -0.000178257899956434 -0.000897410595924591 -257891.532367042 288615.462561799 1.33910521173227e-16 4.17611778774948e-17
4.14288617886178e-08 -0.000233356966232199 -0.000831509555268604 -238953.355754758 305722.763084725 1.33911072574038e-16 4.19725349724431e-17
4.16504065040649e-08 -0.000284139731547616 -0.000761952042720379 -218964.408019836 321589.675457704 1.33911623977113e-16 4.21956088666779e-17
4.18719512195121e-08 -0.000330382150861909 -0.000689020270207725 -198005.789237143 336151.815195922 1.33912175382454e-16 4.24294952402977e-17
4.20934959349592e-08 -0.000371878600494279 -0.000613010141748349 -176162.534217841 349350.091615169 1.33912726790059e-16 4.26732458984681e-17
4.23150406504064e-08 -0.000408442712509789 -0.00053423005288686 -153523.267500059 361130.947611768 1.3391327819993e-16 4.29258726185059e-17
4.25365853658535e-08 -0.000439908130979218 -0.000452999639442956 -130179.843772959 371446.576991209 1.33913829612065e-16 4.31863511593906e-17
4.27581300813007e-08 -0.000466129187044085 -0.000369648480647476 -106226.975193122 380255.118463572 1.33914381026465e-16 4.34536254174349e-17
4.29796747967478e-08 -0.000486981490047433 -0.000284514761928122 -81761.8471053277 387520.825518532 1.3391493244313e-16 4.37266117112542e-17
4.3201219512195e-08 -0.000502362432331567 -0.000197943902770371 -56883.7237268961 393214.211490569 1.3391548386206e-16 4.40042031786492e-17
4.34227642276421e-08 -0.000512191605654166 -0.000110287155220839 -31693.5453954612 397312.169225698 1.33916035283255e-16 4.42852742675619e-17
4.36443089430893e-08 -0.000516411127532838 -2.19001787194938e-05 -6293.51901429627 399798.064864069 1.33916586706714e-16 4.45686853028827e-17
4.38658536585365e-08 -0.000514985876193598 6.68584029568134e-05 19213.2966430837 400661.805357802 1.33917138132439e-16 4.48532871105811e-17
4.40873983739836e-08 -0.000507903633169611 0.000155628456784431 44723.4090864549 399899.879450009 1.33917689560428e-16 4.51379256803962e-17
4.43089430894308e-08 -0.000495175132971227 0.000244049801712673 70133.3120239229 397515.371948623 1.33918240990683e-16 4.54214468481691e-17
4.45304878048779e-08 -0.000476834019625394 0.000331763670084462 95339.9053346869 393517.951236994 1.33918792423203e-16 4.57027009788195e-17
4.47520325203251e-08 -0.000452936710260404 0.000418414163328173 120240.913395504 387923.830071838 1.33919343857987e-16 4.59805476309644e-17
4.49735772357722e-08 -0.000423562166289093 0.000503649696014264 144735.300063504 380755.699827479 1.33919895295036e-16 4.62538601842536e-17
4.51951219512194e-08 -0.000388811573118525 0.000587124422417424 168723.678631567 372042.638453075 1.33920446734351e-16 4.65215304106446e-17
4.54166666666665e-08 -0.000348807929685359 0.000668499639795943 192108.71509286 361819.992516181 1.3392099817593e-16 4.67824729710722e-17
4.56382113821137e-08 -0.000303695549481967 0.000747445162694478 214795.523078278 350129.233811156 1.33921549619774e-16 4.7035629819263e-17
4.58597560975608e-08 -0.000253639475097501 0.000823640662693886 236692.048864309 337017.791114097 1.33922101065884e-16 4.72799744948309e-17
4.6081300813008e-08 -0.000198824808649051 0.000896776968172024 257709.444889134 322538.857766868 1.33922652514258e-16 4.75145162882299e-17
4.63028455284551e-08 -0.000139455960819274 0.000966557318801597 277762.430261375 306751.175870823 1.33923203964898e-16 4.77383042606671e-17
4.65243902439023e-08 -7.57558215471761e-05 0.00103269856969482 296769.636798705 289718.797965771 1.33923755417802e-16 4.79504311026642e-17
4.67459349593494e-08 -7.96485573661554e-06 0.0010949323403089 314653.939192202 271510.827161055 1.33924306872972e-16 4.81500368156098e-17
4.69674796747966e-08 6.36598723486602e-05 0.00115300610345045 331342.767956768 252201.136773077 1.33924858330406e-16 4.83363122013654e-17
4.71890243902438e-08 0.000138845742045251 0.00120668420996002 346768.403897755 231868.070606734 1.33925409790106e-16 4.85085021457646e-17
4.74105691056909e-08 0.00021730568237412 0.00125574884491894 360868.252898922 210594.125096787 1.33925961252071e-16 4.86659086826819e-17
4.76321138211381e-08 0.000298739336760757 0.00130000091149818 373585.099916727 188465.614598793 1.33926512716301e-16 4.88078938262383e-17
4.78536585365852e-08 0.000382834281665924 0.00133926083886309 384867.341150263 165572.321187588 1.33927064182796e-16 4.89338821596514e-17
4.80752032520324e-08 0.000469267294182643 0.0013733693108553 394669.193444762 142007.130384198 1.33927615651556e-16 4.90433631702233e-17
4.82967479674795e-08 0.00055770566345643 0.00140218791249524 402950.880078895 117865.654289136 1.33928167122581e-16 4.91358933209933e-17
4.85182926829267e-08 0.00064780854060788 0.00142559969168137 409678.792181973 93245.8436511592 1.33928718595871e-16 4.92110978506475e-17
4.87398373983738e-08 0.000739228321680536 0.00144350963380711 414825.625125987 68247.5904454635 1.33929270071426e-16 4.92686722943803e-17
4.8961382113821e-08 0.000831612058002901 0.001455845047369 418370.489338984 42972.3225737839 1.33929821549247e-16 4.93083837195382e-17
4.91829268292681e-08 0.000924602888242214 0.00146255585900144 420298.995090058 17522.5923308737 1.33930373029333e-16 4.93300716710284e-17
4.94044715447153e-08 0.00101784148633959 0.00146361481674031 420603.310901828 -7998.33969289046 1.33930924511684e-16 4.93336488226572e-17
4.96260162601624e-08 0.00111096751945163 0.00145901760069057 419282.195353299 -33486.9235844953 1.339314759963e-16 4.93191013317527e-17
4.98475609756096e-08 0.00120362110998303 0.00144878284064819 416341.002143944 -58839.7402569132 1.33932027483181e-16 4.92864888956333e-17
5.00691056910568e-08 0.00129544429577801 0.0014329520406048 411791.658398365 -83953.9210686295 1.33932578972327e-16 4.92359445096898e-17
5.02906504065039e-08 0.00138608248254593 0.00141158941044073 405652.616299438 -108727.565211481 1.33933130463739e-16 4.91676739280625e-17
5.05121951219511e-08 0.00147518588262794 0.00138478160548915 397948.778246094 -133060.153173264 1.33933681957416e-16 4.90819548291013e-17
5.07337398373982e-08 0.00156241093426669 0.0013526373750276 388711.395839273 -156852.954597481 1.33934233453358e-16 4.8979135688991e-17
5.09552845528454e-08 0.00164742169562067 0.00131528712112267 377977.943105836 -180009.428885337 1.33934784951565e-16 4.88596343681137e-17
5.11768292682925e-08 0.00172989120786663 0.00127288236961753 365791.964474687 -202435.616914519 1.33935336452037e-16 4.87239364158815e-17
5.13983739837397e-08 0.00180950282185943 0.00122559515540842 352202.898121854 -224040.522285345 1.33935887954775e-16 4.85725931009157e-17
5.16199186991868e-08 0.00188595148296614 0.00117361732450386 337265.875401187 -244736.480547341 1.33936439459778e-16 4.84062191745661e-17
5.1841463414634e-08 0.0019589449688612 0.00111715975569817 321041.497174388 -264439.514908086 1.33936990967046e-16 4.82254903768413e-17
5.20630081300811e-08 0.00202820507526003 0.00105645150501701 303595.587947792 -283069.67698098 1.3393754247658e-16 4.80311406948697e-17
5.22845528455283e-08 0.00209346874477982 0.000991738876406008 284998.928813411 -300551.371189307 1.33938093988378e-16 4.78239593850149e-17
5.25060975609754e-08 0.00215448913434708 0.000923284422432714 265326.970277717 -316813.661510282 1.33938645502443e-16 4.76047877707243e-17
5.27276422764226e-08 0.0022110366168205 0.000851365879056384 244659.526143275 -331790.559314381 1.33939197018772e-16 4.73745158291056e-17
5.29491869918698e-08 0.00226289971276503 0.000776275038787294 223080.449685221 -345421.291132007 1.33939748537367e-16 4.71340785800789e-17
5.31707317073169e-08 0.00230988594859616 0.000698316566807532 200677.293436392 -357650.54526094 1.33940300058227e-16 4.68844522927536e-17
5.33922764227641e-08 0.00235182263761215 0.000617806764856548 177540.953961466 -368428.696213881 1.33940851581352e-16 4.66266505244237e-17
5.36138211382112e-08 0.00238855758074502 0.000535072287896742 153765.303061371 -377712.006095331 1.33941403106743e-16 4.63617200082505e-17
5.38353658536584e-08 0.00241995968418661 0.000450448818765974 129446.806904253 -385462.802090606 1.33941954634399e-16 4.60907364063199e-17
5.40569105691055e-08 0.00244591949138334 0.00036427970619437 104684.134628355 -391649.629346758 1.3394250616432e-16 4.58147999453026e-17
5.42784552845527e-08 0.00246634962724087 0.000276914571711475 79577.7580048057 -396247.378624974 1.33943057696507e-16 4.55350309524279e-17
5.44999999999998e-08 0.00248118515273594 0.000188707891096028 54229.5437846569 -399237.388206419 1.33943609230959e-16 4.52525653098811e-17
5.4721544715447e-08 0.00249038382849609 0.000100017556123992 28742.3403841675 -400607.519637925 1.33944160767676e-16 4.49685498460692e-17
5.49430894308941e-08 0.00249392628627754 1.1203422450396e-05 3219.5605853209 -400352.207010098 1.33944712306659e-16 4.46841376824532e-17
5.51646341463413e-08 0.00249181610764506 -7.73741504831602e-05 -22235.2380552645 -398472.479567778 1.33945263847908e-16 4.44004835548276e-17
5.53861788617884e-08 0.00248407980953415 -0.000165355761591081 -47518.7733865649 -394975.957561005 1.33945815391421e-16 4.41187391280313e-17
5.56077235772356e-08 0.00247076673675379 -0.00025238442640387 -72528.4577276598 -389876.821353218 1.339463669372e-16 4.38400483230983e-17
5.58292682926827e-08 0.00245194886186556 -0.000338107025528888 -97162.8141161753 -383195.753911921 1.33946918485245e-16 4.35655426758102e-17
5.60508130081299e-08 0.00242772049325063 -0.000422175737434653 -121321.88805174 -374959.856915039 1.33947470035555e-16 4.32963367454827e-17
5.62723577235771e-08 0.00239819789254889 -0.000504249449745164 -144907.653063799 -365202.54081326 1.3394802158813e-16 4.30335235926134e-17
5.64939024390242e-08 0.00236351880302193 -0.000583995143317872 -167824.40845819 -353963.389294327 1.33948573142971e-16 4.27781703437426e-17
5.67154471544714e-08 0.00232384189075327 -0.000661089243489359 -189979.167628599 -341287.998699092 1.33949124700078e-16 4.25313138615219e-17
5.69369918699185e-08 0.00227934610095275 -0.000735218933005944 -211282.03535731 -327227.793040801 1.3394967625945e-16 4.22939565375589e-17
5.71585365853657e-08 0.00223022993197645 -0.000806083421311916 -231646.572574307 -311839.815378072 1.33950227821087e-16 4.20670622251104e-17
5.73800813008128e-08 0.00217671063000757 -0.000873395165045102 -250990.14709469 -295186.496387936 1.3395077938499e-16 4.1851552328126e-17
5.760162601626e-08 0.00211902330766528 -0.000936881034787472 -269234.268911244 -277335.401077892 1.33951330951158e-16 4.1648302062513e-17
5.78231707317071e-08 0.00205741999011772 -0.000996283423336515 -286304.908681651 -258358.954664554 1.33951882519592e-16 4.14581369047911e-17
5.80447154471543e-08 0.00199216859256893 -0.00105136129100036 -302132.798118038 -238334.148731076 1.33952434090291e-16 4.12818292425489e-17
5.82662601626014e-08 0.00192355183326848 -0.00110189114367514 -316653.711059963 -217342.228855498 1.33952985663256e-16 4.11200952402928e-17
5.84878048780486e-08 0.00185186608645373 -0.00114766793973589 -329808.724090309 -195468.364977395 1.33953537238487e-16 4.09735919334059e-17
5.87093495934957e-08 0.00177742017987883 -0.00118850592206081 -341544.455636583 -172801.305840228 1.33954088815983e-16 4.08429145620092e-17
5.89308943089429e-08 0.00170053414180908 -0.00122423937181296 -351813.28258736 -149433.018911408 1.33954640395744e-16 4.07285941555439e-17
5.91524390243901e-08 0.00162153790256444 -0.00125472328092038 -360573.533544894 -125458.317241035 1.33955191977771e-16 4.06310953778758e-17
5.93739837398372e-08 0.0015407699558806 -0.00127983394052584 -367789.657929661 -100974.474773265 1.33955743562064e-16 4.0550814641667e-17
5.95955284552844e-08 0.00145857598551874 -0.00129946944301834 -373432.370250624 -76080.8316711088 1.33956295148622e-16 4.04880784996661e-17
5.98170731707315e-08 0.00137530746269645 -0.00131355009560881 -377478.768955717 -50878.391256008 1.33956846737446e-16 4.04431423194465e-17
6.00386178861787e-08 0.00129132022003046 -0.00132201874377189 -379912.429380245 -25469.4101975514 1.33957398328536e-16 4.04161892469692e-17
6.02601626016258e-08 0.0012069730077773 -0.00132484100324074 -380723.470415934 43.0163839003799 1.33957949921891e-16 4.0407329463179e-17
6.0481707317073e-08 0.00112262603822992 -0.00132200539961341 -379908.594630024 25555.3732182795 1.33958501517512e-16 4.04165997366493e-17
6.07032520325202e-08 0.001038639524176 -0.00131352341500393 -377471.101671524 50964.1448933333 1.33959053115398e-16 4.0443963274094e-17
6.09247967479673e-08 0.000955372217348401 -0.00129942944154836 -373420.874910102 76166.2358644495 1.3395960471555e-16 4.04893098693524e-17
6.11463414634145e-08 0.000873179952797729 -0.00127978064195408 -367774.34136174 101059.38876261 1.33960156317968e-16 4.05524563502449e-17
6.13678861788616e-08 0.000792414205093228 -0.00125465671765783 -360554.40506362 125542.599303194 1.33960707922651e-16 4.06331473214876e-17
6.15894308943088e-08 0.000713420662210261 -0.00122415958553277 -351790.354168468 149516.526112153 1.339612595296e-16 4.07310562006521e-17
6.1810975609756e-08 0.000636537822890802 -0.00118841296445591 -341517.742135226 172883.893806657 1.33961811138815e-16 4.0845786542969e-17
6.20325203252031e-08 0.000562095623168212 -0.00114756187341306 -329778.24349798 195549.887694733 1.33962362750295e-16 4.09768736496002e-17
6.22540650406503e-08 0.000490414097629233 -0.00110177204317729 -316619.484798275 217422.538492355 1.33962914364041e-16 4.11237864528564e-17
6.24756097560974e-08 0.000421802080845221 -0.00105122924394776 -302094.851366694 238413.095496982 1.33963465980053e-16 4.12859296707114e-17
6.26971544715446e-08 0.000356555954241689 -0.000996138531676576 -286263.270737572 258436.386703362 1.3396401759833e-16 4.14626462218724e-17
6.29186991869918e-08 0.000294958443490855 -0.000936723416141265 -269188.973575547 277411.16440038 1.33964569218874e-16 4.16532198916081e-17
6.31402439024389e-08 0.000237277471306953 -0.000873224954138249 -250941.233083876 295260.434846662 1.33965120841683e-16 4.18568782375203e-17
6.33617886178861e-08 0.000183765070299267 -0.000805900771476163 -231594.083951771 311911.770687204 1.33965672466757e-16 4.20727957234676e-17
6.35833333333332e-08 0.000134656360294194 -0.000735024017737057 -211226.021981044 327297.604843353 1.33966224094098e-16 4.23000970689293e-17
6.38048780487804e-08 9.01685942760685e-05 -0.000660882258046173 -189919.68561071 341355.504683607 1.33966775723704e-16 4.25378608002182e-17
6.40264227642276e-08 5.05002768181098e-05 -0.00058377630634666 -167761.520631702 354028.425362717 1.33967327355576e-16 4.27851229891348e-17
6.42479674796747e-08 1.58303585806956e-05 -0.00050401900491293 -144841.42945202 365264.941301096 1.33967878989714e-16 4.3040881163895e-17
6.44695121951219e-08 -1.36824898544108e-05 -0.000421933955054493 -121252.406335341 375019.45486522 1.33968430626117e-16 4.33040983764625e-17
6.4691056910569e-08 -3.79005218671755e-05 -0.000337854204160222 -97090.1600930599 383252.381402224 1.33968982264787e-16 4.35737074097846e-17
6.49126016260162e-08 -5.67074737868801e-05 -0.000252120894410107 -72452.7257605895 389930.309877808 1.33969533905722e-16 4.38486151078596e-17
6.51341463414634e-08 -7.0009036715757e-05 -0.000165081878637159 -47440.0668335147 395026.138465594 1.33970085548923e-16 4.41277068110695e-17
6.53556910569105e-08 -7.77332392739125e-05 -7.70903089554087e-05 -22153.6696774521 398519.184537661 1.3397063719439e-16 4.440985087878e-17
6.55772357723577e-08 -7.98307397121974e-05 1.14967961195218e-05 3303.86824274167 400395.268609885 1.33971188842123e-16 4.46939032808596e-17
6.57987804878048e-08 -7.6275026207416e-05 0.000100320000243506 28829.2546436949 400646.771901365 1.33971740492121e-16 4.49787122394874e-17
6.6020325203252e-08 -6.70625245268065e-05 0.000189018907633203 54318.9215251558 399272.667274278 1.33972292144386e-16 4.52631229024151e-17
6.62418699186992e-08 -5.22126126245684e-05 0.000277233625354216 79669.445392059 396278.523428533 1.33972843798916e-16 4.55459820287237e-17
6.64634146341463e-08 -3.17675421108289e-05 0.000364606223574981 104777.966891995 391676.482334071 1.33973395455712e-16 4.5826142668061e-17
6.66849593495935e-08 -5.79226691130207e-06 0.000450782187861422 129542.608165414 385485.209992287 1.33973947114774e-16 4.61024688143745e-17
6.69065040650406e-08 2.56258201875313e-05 0.00053541185761974 153862.886215177 377729.820726241 1.33974498776102e-16 4.63738400152574e-17
6.71280487804878e-08 6.23772420391468e-05 0.000618151844850832 177640.1206182 368441.775306737 1.33975050439696e-16 4.66391559182053e-17
6.7349593495935e-08 0.000104330881245601 0.000698666427459727 200777.833924903 357658.753327521 1.33975602105556e-16 4.68973407353372e-17
6.75711382113821e-08 0.000151334512072471 0.000776628911466633 223182.143121818 345424.500347306 1.33976153773681e-16 4.71473476084641e-17
6.77926829268293e-08 0.000203215418012251 0.000851722956592341 244762.140568979 331788.650418765 1.33976705444073e-16 4.73881628567955e-17
6.80142276422764e-08 0.000259781092490808 0.000923643859839341 265430.262866422 316806.524724441 1.33977257116731e-16 4.7618810090046e-17
6.82357723577236e-08 0.000320820019874158 0.000992099791860372 285102.646153059 300538.907136527 1.33977808791654e-16 4.78383541702554e-17
6.84573170731708e-08 0.000386102533606981 0.00105681298109772 303699.466396286 283051.797611069 1.33978360468844e-16 4.8045905006244e-17
6.86788617886179e-08 0.000455381748001332 0.00111752084088841 321145.263291537 264416.144417088 1.33978912148299e-16 4.82406211653092e-17
6.89004065040651e-08 0.000528394559895149 0.00117397703496196 337369.246457501 244707.556287024 1.3397946383002e-16 4.84217132875056e-17
6.91219512195123e-08 0.000604862716116654 0.00122595247700707 352305.582684575 224005.995656334 1.33980015514008e-16 4.85884472886574e-17
6.93434959349594e-08 0.000684493942423733 0.00127323626025146 365893.663070949 202395.454236853 1.33980567200261e-16 4.87401473391035e-17
6.95650406504066e-08 0.000766983129337897 0.00131563651328269 378078.348962369 179963.612240186 1.33981118888781e-16 4.88761986060899e-17
6.97865853658537e-08 0.000852013570061603 0.00135298117863724 388810.195697582 156801.482633753 1.33981670579566e-16 4.89960497486805e-17
7.00081300813009e-08 0.000939258245456335 0.00138511871099851 398045.653251551 133003.041872844 1.33982222272618e-16 4.90992151550628e-17
7.02296747967481e-08 0.00102838115086789 0.00141191869217037 405747.242962222 108664.848606921 1.33982773967935e-16 4.91852769131691e-17
7.04512195121952e-08 0.00111903865941552 0.0014332723603308 411883.709623702 83885.6519071939 1.33983325665519e-16 4.92538865066169e-17
7.06727642276424e-08 0.0012108809162135 0.00144909305141776 416430.148328625 58765.9906050404 1.33983877365368e-16 4.93047662290858e-17
7.08943089430895e-08 0.00130355325786843 0.00145931655085605 419368.105544941 33407.7853668946 1.33984429067484e-16 4.9337710311391e-17
7.11158536585367e-08 0.00139669765149259 0.00146390135419776 420685.654016916 7913.92516071749 1.33984980771865e-16 4.93525857566798e-17
7.13373983739839e-08 0.00148995414739486 0.0014628288356182 420377.441186325 -17612.1502080783 1.33985532478513e-16 4.93493328803594e-17
7.1558943089431e-08 0.00158296233955495 0.0014561033235835 418444.710937251 -43066.8697974192 1.33986084187427e-16 4.93279655525667e-17
7.17804878048782e-08 0.00167536282795516 0.00144375208338225 414895.298576176 -68346.951763168 1.33986635898607e-16 4.92885711421925e-17
7.20020325203253e-08 0.00176679867683637 0.00142582520659188 409743.599067591 -93349.8224224428 1.33987187612053e-16 4.92313101626874e-17
7.22235772357725e-08 0.00185691686296128 0.00140239540792775 403010.508653923 -117974.032445321 1.33987739327765e-16 4.91564156210855e-17
7.24451219512197e-08 0.00194536970800886 0.0013735577302989 394723.340096538 -142119.668486233 1.33988291045744e-16 4.90641920728844e-17
7.26666666666668e-08 0.00203181628928768 0.00133942915926679 384915.711881607 -165688.758584848 1.33988842765988e-16 4.89550143866173e-17
7.2888211382114e-08 0.00211592382304454 0.00130014814847099 373627.411840287 -188585.66969153 1.33989394488499e-16 4.88293262231268e-17
7.31097560975611e-08 0.0021973690147552 0.00125587405794699 360904.235736459 -210717.495704388 1.33989946213276e-16 4.86876382357106e-17
7.33313008130083e-08 0.00227583937091849 0.00120678650761488 346797.801476843 -231994.434443425 1.33990497940319e-16 4.85305259984407e-17
7.35528455284555e-08 0.00235103446703119 0.00115308464856153 331365.339697229 -252330.152032206 1.33991049669628e-16 4.83586276710598e-17
7.37743902439026e-08 0.00242266716659846 0.00109498635507297 314669.461574421 -271642.133208496 1.33991601401203e-16 4.81726414099302e-17
7.39959349593498e-08 0.00249046478623376 0.00103272734069468 296777.904805873 -289852.016142473 1.33992153135045e-16 4.79733225355369e-17
7.42174796747969e-08 0.0025541702021207 0.000966560201906139 277763.258787639 -306885.910403909 1.33992704871152e-16 4.77614804680388e-17
7.44390243902441e-08 0.0026135428933469 0.000896753393289687 257702.670105597 -322674.696788132 1.33993256609526e-16 4.75379754432996e-17
7.46605691056913e-08 0.00266835991787668 0.000823590138351402 236677.529534847 -337154.307784154 1.33993808350166e-16 4.7303715022722e-17
7.48821138211384e-08 0.00271841681720197 0.000747367280413247 214773.14181719 -350265.987546893 1.33994360093073e-16 4.70596504110471e-17
7.51036585365856e-08 0.00276352844600086 0.00066839407823858 192078.379556473 -361956.530318588 1.33994911838245e-16 4.68067725970562e-17
7.53252032520327e-08 0.00280352972343695 0.000586990951277553 168685.322636057 -372178.496331918 1.33995463585684e-16 4.65461083328352e-17
7.55467479674799e-08 0.00283827630305097 0.000503488179623284 144688.884621385 -380890.404318727 1.33996015335389e-16 4.62787159679147e-17
7.57682926829271e-08 0.00286764515852616 0.000418224563953519 120186.427663457 -388056.899843162 1.33996567087361e-16 4.60056811551863e-17
7.59898373983742e-08 0.00289153508295044 0.00033154605089484 95277.3674656906 -393648.898776104 1.33997118841598e-16 4.57281124460203e-17
7.62113821138214e-08 0.00290986709954918 0.000243804329386808 70062.7699169339 -397643.705328665 1.33997670598102e-16 4.54471367924546e-17
7.64329268292685e-08 0.00292258478222177 0.000155355403741135 44644.9410272715 -400025.104165727 1.33998222356873e-16 4.51638949747057e-17
7.66544715447157e-08 0.00292965448458098 6.6558149185527e-05 19127.0118303932 -400783.426225657 1.33998774117909e-16 4.48795369725532e-17
7.68760162601629e-08 0.00293106547656544 -2.22271442470302e-05 -6387.48006324119 -399915.587979045 1.33999325881212e-16 4.45952172993789e-17
7.709756097561e-08 0.00292682998807063 -0.000110640233575487 -31795.0105646259 -397425.103967057 1.33999877646781e-16 4.43120903177912e-17
7.73191056910572e-08 0.0029169831594208 -0.00019832238454304 -56992.4891512957 -393322.072568417 1.34000429414617e-16 4.40313055558426e-17
7.75406504065043e-08 0.00290158289888258 -0.000284917827173852 -81877.6771549585 -387623.135052669 1.34000981184719e-16 4.37540030428437e-17
7.77621951219515e-08 0.0028807096477979 -0.000370075199308299 -106349.60259448 -380351.408085732 1.34001532957087e-16 4.34813086836988e-17
7.79837398373987e-08 0.0028544660542889 -0.000453448972259594 -130308.969871037 -371536.38996151 1.34002084731722e-16 4.32143296905319e-17
7.82052845528458e-08 0.0028229765568583 -0.000534700852807178 -153658.562663098 -361213.84093991 1.34002636508623e-16 4.29541500901388e-17
7.8426829268293e-08 0.00278638687957443 -0.000613501155838243 -176303.63838647 -349425.638176668 1.3400318828779e-16 4.27018263254952e-17
7.86483739837401e-08 0.00274486344088886 -0.000689530142067822 -198152.312618868 -336219.605833523 1.34003740069224e-16 4.24583829691657e-17
7.88699186991873e-08 0.00269859267848484 -0.000762479315409557 -219115.931929187 -321649.321057932 1.34004291852924e-16 4.22248085660095e-17
7.90914634146345e-08 0.00264778029289581 -0.000832052674732954 -239109.433598674 -305773.896619477 1.3400484363889e-16 4.20020516220491e-17
7.93130081300816e-08 0.00259265041296245 -0.000897967914927967 -258051.690774409 -288657.741084799 1.34005395427123e-16 4.17910167557792e-17
7.95345528455288e-08 0.0025334446865142 -0.000959957572403435 -275865.841654571 -270370.297504055 1.34005947217623e-16 4.15925610275313e-17
7.97560975609759e-08 0.00247042129996436 -0.00101777011037134 -292479.601369777 -250985.761669077 1.34006499010388e-16 4.14074904617888e-17
7.99776422764231e-08 0.00240385393079653 -0.00107117093951312 -307825.555294975 -230582.781086305 1.34007050805421e-16 4.12365567765643e-17
8.01991869918703e-08 0.00233403063719236 -0.00111994336988645 -321841.43260171 -209244.135885827 1.34007602602719e-16 4.1080454333109e-17
8.04207317073174e-08 0.0022612526893055 -0.00116388949020994 -334470.358940757 -187056.402961137 1.34008154402284e-16 4.09398173183327e-17
8.06422764227646e-08 0.00218583334692378 -0.00120283097095771 -345661.087229782 -164109.604702301 1.34008706204116e-16 4.08152171713685e-17
8.08638211382117e-08 0.00210809658847888 -0.00123660978800504 -355368.20560953 -140496.8437477 1.34009258008214e-16 4.07071602647214e-17
8.10853658536589e-08 0.00202837579656018 -0.00126508886388862 -363552.321724681 -116313.925236293 1.34009809814579e-16 4.06160858494149e-17
8.13069105691061e-08 0.00194701240526635 -0.00128815262407916 -370180.222581543 -91658.9680930255 1.3401036162321e-16 4.05423642724707e-17
8.15284552845532e-08 0.00186435451488261 -0.00130570746600894 -375225.009333886 -66632.0069245542 1.34010913434108e-16 4.04862954739568e-17
8.17500000000004e-08 0.00178075547950451 -0.00131768213895089 -378666.206449919 -41334.5861405208 1.34011465247272e-16 4.0448107769703e-17
8.19715447154475e-08 0.00169657247333878 -0.00132402803320749 -380489.844817359 -15869.3479471973 1.34012017062702e-16 4.04279569246241e-17
8.21930894308947e-08 0.00161216504149837 -0.00132471937743579 -380688.518449293 9660.38411483045 1.340125688804e-16 4.04259255204113e-17
8.24146341463419e-08 0.00152789364117161 -0.0013197533433074 -379261.414560645 35151.0243991782 1.34013120700363e-16 4.04420226201602e-17
8.2636178861789e-08 0.0014441181790847 -0.00130915005707862 -376214.316893105 60499.1454473844 1.34013672522594e-16 4.04761837312952e-17
8.28577235772362e-08 0.00136119655119172 -0.00129295251802315 -371559.582274905 85601.8976425168 1.34014224347091e-16 4.05282710669435e-17
8.30792682926833e-08 0.00127948319051717 -0.00127122642405819 -365316.090510467 110357.426519932 1.34014776173854e-16 4.05980741046993e-17
8.33008130081305e-08 0.00119932762904336 -0.00124405990527084 -357509.167803109 134665.286041957 1.34015328002884e-16 4.06853104405115e-17
8.35223577235777e-08 0.00112107307947759 -0.0012115631664258 -348170.484021419 158426.84615963 1.34015879834181e-16 4.07896269342321e-17
8.37439024390248e-08 0.00104505504265378 -0.00117386803990444 -337337.924226036 181545.693007812 1.34016431667744e-16 4.09106011421782e-17
8.3965447154472e-08 0.000971599946218997 -0.00113112745088875 -325055.434977989 203928.020109855 1.34016983503574e-16 4.10477430308967e-17
8.41869918699191e-08 0.000901023820128496 -0.00108351479695992 -311372.846052108 225483.009004508 1.3401753534167e-16 4.12004969651784e-17
8.44085365853663e-08 0.000833631014323544 -0.0010312232446284 -296345.668278779 246123.197750619 1.34018087182033e-16 4.13682439622572e-17
8.46300813008135e-08 0.000769712963795215 -0.000974464945649324 -280034.868334213 265764.835814402 1.34018639024663e-16 4.1550304203049e-17
8.48516260162606e-08 0.000709547006045006 -0.000913470176302903 -262506.621392893 284328.223899271 1.3401919086956e-16 4.17459397902415e-17
8.50731707317078e-08 0.000653395255740635 -0.000848486403131643 -243832.042645735 301738.037339326 1.34019742716723e-16 4.19543577420459e-17
8.52947154471549e-08 0.000601503541133273 -0.000779777278924937 -224086.898773203 317923.631744271 1.34020294566152e-16 4.21747132094637e-17
8.55162601626021e-08 0.000554100406551922 -0.000707621573024433 -203351.300544018 332819.329655552 1.34020846417849e-16 4.24061129040168e-17
8.57378048780493e-08 0.000511396185022554 -0.00063231204029019 -181709.377786609 346364.687050531 1.34021398271812e-16 4.26476187220314e-17
8.59593495934964e-08 0.000473582144775098 -0.000554154233316472 -159248.938052072 358504.738613295 1.34021950128042e-16 4.28982515507746e-17
8.61808943089436e-08 0.000440829713101609 -0.00047346526271635 -136061.110353486 369190.220776822 1.34022501986538e-16 4.31569952409978e-17
8.64024390243907e-08 0.000413289780715092 -0.000390572510504998 -112239.975427079 378377.771631444 1.34023053847301e-16 4.34228007297716e-17
8.66239837398379e-08 0.000391092089431852 -0.000305812301801872 -87882.1840153581 386030.106888372 1.34023605710331e-16 4.36945902968832e-17
8.68455284552851e-08 0.000374344705662173 -0.00021952854024114 -63086.5647209771 392116.171184241 1.34024157575628e-16 4.39712619375273e-17
8.70670731707322e-08 0.000363133581845959 -0.000132071312626967 -37953.723022407 396611.264112639 1.34024709443191e-16 4.42516938335486e-17
8.72886178861794e-08 0.000357522207613166 -4.37954684950978e-05 -12585.6330783533 399497.140471165 1.34025261313021e-16 4.45347489050948e-17
8.75101626016266e-08 0.000357551352084795 4.49408196560002e-05 12914.7760228705 400762.084317155 1.34025813185118e-16 4.48192794242118e-17
8.77317073170737e-08 0.000363238898360418 0.000133777509622699 38444.0378902587 400400.95653149 1.34026365059482e-16 4.51041316716623e-17
8.79532520325209e-08 0.000374579770864183 0.000222354150346 63898.5686388309 398415.215697385 1.34026916936113e-16 4.53881506180729e-17
8.8174796747968e-08 0.00039154595584447 0.000310311344426238 89175.0871768001 394812.91220935 1.3402746881501e-16 4.5670184610416e-17
8.83963414634152e-08 0.000414086614944398 0.000397292206368612 114171.034265896 389608.65563609 1.34028020696174e-16 4.59490900448122e-17
8.86178861788624e-08 0.000442128291382765 0.000482943810642743 138784.988654515 382823.555469685 1.34028572579605e-16 4.62237360066918e-17
8.88394308943095e-08 0.00047557520790922 0.000566918623680784 162917.078595244 374485.135501331 1.34029124465302e-16 4.64930088594902e-17
8.90609756097567e-08 0.000514309655325121 0.00064887591400372 186469.387077023 364627.222170952 1.34029676353267e-16 4.67558167632558e-17
8.92825203252038e-08 0.000558192469994015 0.000728483134754252 209346.349127693 353289.80734361 1.34030228243498e-16 4.70110941048393e-17
8.9504065040651e-08 0.00060706359840465 0.000805417273026568 231455.139574883 340518.886069354 1.34030780135996e-16 4.72578058216851e-17
8.97256097560982e-08 0.00066074274649617 0.000879366160518011 252706.049691849 326366.269984736 1.34031332030762e-16 4.74949516016844e-17
8.99471544715453e-08 0.000719030111111238 0.000950029740184571 273012.851199997 310889.377112954 1.34031883927793e-16 4.77215699420452e-17
9.01686991869925e-08 0.000781707190609566 0.00101712128376061 292293.146151126 294150.998915459 1.34032435827092e-16 4.79367420507132e-17
9.03902439024396e-08 0.000848537671353165 0.00108036855520257 310468.70126968 276219.045540066 1.34032987728658e-16 4.81395955745104e-17
9.06117886178868e-08 0.000919268386466727 0.00113951491533585 327465.76539838 257166.270299155 1.3403353963249e-16 4.83293081388657e-17
9.0833333333334e-08 0.000993630342983315 0.00119432036322249 343215.36875913 237069.974495779 1.3403409153859e-16 4.85051106847734e-17
9.10548780487811e-08 0.00107133981320803 0.00124456251002413 357653.602814898 216011.693795267 1.34034643446956e-16 4.866629058944e-17
9.12764227642283e-08 0.00115209948587178 0.00129003748140857 370721.879596942 194076.867414771 1.34035195357589e-16 4.88121945579555e-17
9.14979674796754e-08 0.00123559967240453 0.00133056074483813 382367.169445113 171354.491472945 1.3403574727049e-16 4.89422312742559e-17
9.17195121951226e-08 0.00132151956343408 0.00136596785838277 392542.216196497 147936.757906208 1.34036299185657e-16 4.90558738006207e-17
9.19410569105698e-08 0.00140952853041205 0.00139611513801948 401205.728949207 123918.680416614 1.34036851103091e-16 4.91526617159666e-17
9.21626016260169e-08 0.0014992874670863 0.00142088024070998 408322.549623136 99397.7089689827 1.34037403022792e-16 4.92322029842617e-17
9.23841463414641e-08 0.00159045016537673 0.00144016266089053 413863.795637715 74473.334401398 1.3403795494476e-16 4.92941755454776e-17
9.26056910569112e-08 0.00168266472007216 0.00145388413835917 417806.977127655 49246.6847533236 1.34038506868995e-16 4.93383286226231e-17
9.28272357723584e-08 0.00177557495664886 0.00146198897590479 420136.088220971 23820.1149491753 1.34039058795497e-16 4.9364483739555e-17
9.30487804878056e-08 0.00186882187641751 0.00146444426538918 420841.672008828 -1703.20849783058 1.34039610724266e-16 4.93725354454351e-17
9.32703252032527e-08 0.00196204511313506 0.00146124002136412 419920.858943487 -27219.7260765246 1.34040162655302e-16 4.93624517428932e-17
9.34918699186999e-08 0.00205488439517138 0.00145238922168107 417377.378508444 -52625.9054649251 1.34040714588605e-16 4.93342742181565e-17
9.3713414634147e-08 0.00214698100729795 0.00143792775492842 413221.544113294 -77818.6616087863 1.34041266524175e-16 4.92881178726176e-17
9.39349593495942e-08 0.00223797924616763 0.00141791427490898 407470.211274512 -102695.774987099 1.34041818462012e-16 4.92241706565223e-17
9.41565040650414e-08 0.00232752786357974 0.00139242996274792 400146.709251712 -127156.306367445 1.34042370402116e-16 4.91426927066681e-17
9.43780487804885e-08 0.00241528149167446 0.00136157819759601 391280.746416655 -151101.006368325 1.34042922344487e-16 4.90440152912057e-17
9.45995934959357e-08 0.00250090204427392 0.00132548413726384 380908.289738872 -174432.718166674 1.34043474289125e-16 4.89285394658234e-17
9.48211382113828e-08 0.00258406008868379 0.00128429421048825 369071.418876767 -197056.771716545 1.34044026236031e-16 4.87967344467654e-17
9.504268292683e-08 0.00266443618238944 0.00123817552289067 355818.155466117 -218881.367879417 1.34044578185203e-16 4.86491357072852e-17
9.52642276422772e-08 0.0027417221692227 0.00118731517903742 341202.268298533 -239817.950907479 1.34045130136642e-16 4.8486342805255e-17
9.54857723577243e-08 0.0028156224297401 0.00113191952335223 325283.055180248 -259781.56776851 1.34045682090349e-16 4.83090169507462e-17
9.57073170731715e-08 0.00288585508073898 0.00107221330296063 308125.102356246 -278691.212854354 1.34046234046323e-16 4.81178783234479e-17
9.59288617886186e-08 0.00295215311904417 0.0010084387558627 289798.022475765 -296470.156674298 1.34046786004563e-16 4.79137031508076e-17
9.61504065040658e-08 0.00301426550492433 0.000940854628133475 270376.172162284 -313046.257199599 1.34047337965071e-16 4.7697320558748e-17
9.6371951219513e-08 0.00307195818074157 0.000869735124138469 249938.350333849 -328352.252595856 1.34047889927846e-16 4.74696092077381e-17
9.65934959349601e-08 0.00312501502070118 0.000795368794023426 228567.478497728 -342326.034155372 1.34048441892888e-16 4.72314937278648e-17
9.68150406504073e-08 0.00317323870784736 0.000718057362992076 206350.264316496 -354910.898322028 1.34048993860198e-16 4.6983940967371e-17
9.70365853658544e-08 0.00321645153474654 0.000638114507121772 183376.849810565 -366055.776785991 1.34049545829774e-16 4.67279560698791e-17
9.72581300813016e-08 0.003254496124609 0.000555864580683895 159740.445624489 -375715.443714577 1.34050097801618e-16 4.64645783962161e-17
9.74796747967488e-08 0.00328723606992269 0.000471641300132664 135536.952840946 -383850.699278334 1.34050649775729e-16 4.6194877307388e-17
9.77012195121959e-08 0.00331455648600761 0.000385786390101843 110864.573876809 -390428.5287276 1.34051201752107e-16 4.59199478258112e-17
9.79227642276431e-08 0.00333636447724444 0.000298648196903002 85823.4140400554 -395422.236373993 1.34051753730752e-16 4.56409061924066e-17
9.81443089430902e-08 0.00335258951408525 0.000210580275150885 60515.0753641182 -398811.553933103 1.34052305711664e-16 4.53588853375816e-17
9.83658536585374e-08 0.00336318371931632 0.000121939953250472 35042.2443676742 -400582.722788674 1.34052857694844e-16 4.50750302844771e-17
9.85873983739846e-08 0.00336812206241114 3.30868835661504e-05 9508.27541247494 -400728.54984441 1.34053409680291e-16 4.47904935031296e-17
9.88089430894317e-08 0.00336740246118469 -5.56184168444569e-05 -15983.2286502792 -399248.436736647 1.34053961668005e-16 4.45064302343986e-17
9.90304878048789e-08 0.00336104579033602 -0.000143816029011106 -41328.836843524 -396148.382289283 1.34054513657986e-16 4.42239938026322e-17
9.9252032520326e-08 0.0033490957968443 -0.000231148092410843 -66425.7097322709 -391440.958200878 1.34055065650235e-16 4.39443309360903e-17
9.94735772357732e-08 0.00333161892256106 -0.000317260256981847 -91172.0166931096 -385145.25806246 1.34055617644751e-16 4.36685771141109e-17
9.96951219512204e-08 0.00330870403471813 -0.000401803120899665 -115467.349092212 -377286.819912802 1.34056169641534e-16 4.33978519599004e-17
9.99166666666675e-08 0.00328046206544437 -0.000484433648282074 -139213.127695362 -367897.522645278 1.34056721640584e-16 4.31332546976396e-17
1.00138211382115e-07 0.00324702556175341 -0.000564816561070204 -162313.002656944 -357015.456686511 1.34057273641902e-16 4.28758596923406e-17
1.00359756097562e-07 0.00320854814782801 -0.000642625699438297 -184673.244464912 -344684.769471445 1.34057825645487e-16 4.26267120905489e-17
1.00581300813009e-07 0.00316520390178238 -0.000717545345212178 -206203.124255462 -330955.486341689 1.34058377651339e-16 4.23868235795818e-17
1.00802845528456e-07 0.00311718664943091 -0.000789271502926557 -226815.28195425 -315883.307593754 1.34058929659459e-16 4.21571682825084e-17
1.01024390243903e-07 0.00306470917792843 -0.000857513133323154 -246426.080750393 -299529.382500537 1.34059481669846e-16 4.19386788055279e-17
1.0124593495935e-07 0.00300800237247241 -0.00092199333428457 -264955.946464918 -281960.061222867 1.340600336825e-16 4.17322424537852e-17
1.01467479674798e-07 0.00294731427956936 -0.000982450464412104 -282329.690436639 -263246.625617633 1.34060585697422e-16 4.15386976309784e-17
1.01689024390245e-07 0.00288290910066617 -0.00103863920468841 -298476.814615288 -243465.000034622 1.34061137714611e-16 4.13588304373667e-17
1.01910569105692e-07 0.00281506612022918 -0.00109033155391705 -313331.79762392 -222695.443275454 1.34061689734067e-16 4.11933714799839e-17
1.02132113821139e-07 0.00274407857262006 -0.00113731775389978 -326834.360629838 -201022.222964362 1.34062241755791e-16 4.10429929080005e-17
1.02353658536586e-07 0.00267025245236597 -0.00117940714059733 -338929.711945184 -178533.273651994 1.34062793779782e-16 4.09083056852639e-17
1.02575203252033e-07 0.00259390527265083 -0.00121642891781991 -349568.769364652 -155319.840039406 1.34063345806041e-16 4.07898571110847e-17
1.02796747967481e-07 0.00251536477706505 -0.00124823285030776 -358708.359338114 -131476.106769766 1.34063897834566e-16 4.06881285993293e-17
1.03018292682928e-07 0.00243496760984046 -0.0012746898733895 -366311.392169913 -107098.816289849 1.3406444986536e-16 4.06035337248306e-17
1.03239837398375e-07 0.00235305794996579 -0.00129569261674398 -372347.012533876 -82286.8763317632 1.34065001898421e-16 4.05364165450458e-17
1.03461382113822e-07 0.00226998611472453 -0.00131115584014042 -376790.724693228 -57140.9586075018 1.34065553933749e-16 4.04870502037703e-17
1.03682926829269e-07 0.00218610713832117 -0.00132101677938824 -379624.491917224 -31763.0903445719 1.34066105971344e-16 4.04556358225765e-17
1.03904471544716e-07 0.00210177933136286 -0.0013252354010927 -380836.80969103 -6256.24031998715 1.34066658011208e-16 4.04423016844744e-17
1.04126016260164e-07 0.00201736282704128 -0.00132379456518224 -380422.752421676 19276.0989277388 1.34067210053338e-16 4.04471027131094e-17
1.04347560975611e-07 0.0019332181199135 -0.00131670009454768 -378383.993450489 44730.331013457 1.34067762097736e-16 4.04700202496101e-17
1.04569105691058e-07 0.00184970460321059 -0.00130398075151039 -374728.798290676 70003.1760433267 1.34068314144402e-16 4.0510962127994e-17
1.04790650406505e-07 0.00176717911060876 -0.00128568812121449 -369471.991117397 94992.089670334 1.34068866193335e-16 4.05697630488252e-17
1.05012195121952e-07 0.00168599446837991 -0.00126189640241586 -362634.894646183 119595.679167078 1.34069418244535e-16 4.06461852496103e-17
1.05233739837399e-07 0.00160649806379605 -0.00123270210651637 -354245.243643524 143714.114827616 1.34069970298003e-16 4.07399194692133e-17
1.05455284552847e-07 0.00152903043559638 -0.00119822366606425 -344337.07242045 167249.535029094 1.34070522353739e-16 4.08505862023766e-17
1.05676829268294e-07 0.00145392389223626 -0.00115860095430859 -332950.576765495 190106.443309622 1.34071074411742e-16 4.09777372392608e-17
1.05898373983741e-07 0.00138150116352456 -0.00111399471775701 -320131.950877127 212192.095851234 1.34071626472012e-16 4.11208574837568e-17
1.06119918699188e-07 0.00131207409112048 -0.00106458592403862 -305933.199957194 233416.877795682 1.3407217853455e-16 4.12793670431941e-17
1.06341463414635e-07 0.00124594236320317 -0.00101057502771785 -290411.929225674 253694.666866152 1.34072730599356e-16 4.14526235809663e-17
1.06563008130082e-07 0.00118339229844856 -0.000952181157037749 -273631.110212701 272943.182819451 1.34073282666429e-16 4.16399249225313e-17
1.06784552845529e-07 0.00112469568424731 -0.00088964122489222 -255658.825276034 291084.321310729 1.3407383473577e-16 4.1840511904212e-17
1.07006097560977e-07 0.0010701086738782 -0.000823208967634072 -236567.991380481 308044.470816021 1.34074386807378e-16 4.20535714532395e-17
1.07227642276424e-07 0.00101987074711181 -0.000753153915618572 -216436.064259968 323754.811326645 1.34074938881254e-16 4.22782398865433e-17
1.07449186991871e-07 0.000974203738461996 -0.000679760299659213 -195344.7241625 338151.593603433 1.34075490957398e-16 4.25136064149047e-17
1.07670731707318e-07 0.000933310937028366 -0.000603325897832437 -173379.544453031 351176.397857663 1.34076043035809e-16 4.27587168382555e-17
1.07892276422765e-07 0.000897376261582367 -0.00052416082731013 -150629.644418801 362776.370809003 1.34076595116488e-16 4.30125774171301e-17
1.08113821138212e-07 0.000866563514244337 -0.00044258628612174 -127187.327685804 372904.440158539 1.34077147199434e-16 4.32741589045629e-17
1.0833536585366e-07 0.000841015715780044 -0.00035893324995107 -103147.707713429 381519.505606574 1.34077699284648e-16 4.35424007220729e-17
1.08556910569107e-07 0.000820854525214039 -0.000273541129255264 -78608.3218867843 388586.605640051 1.3407825137213e-16 4.38162152627912e-17
1.08778455284554e-07 0.000806179746115078 -0.000186756392154507 -53668.7357724413 394077.059412766 1.3407880346188e-16 4.40944923042733e-17
1.09000000000001e-07 0.000797068921557187 -9.89311586798648e-05 -28430.1391432882 397968.583142607 1.34079355553897e-16 4.43761035130918e-17
