0 6378000 11065.71228
0.025 6378264.91572128 10596.6288511531
0.05 6378519.35801593 10177.6917860343
0.075 6378764.38076283 9800.90987618266
0.1 6379000.87932804 9459.9426080997
0.125 6379229.62155419 9149.68904622504
0.15 6379451.27142654 8865.99489404763
0.175 6379666.40741768 8605.43964560006
0.2 6379875.53689826 8365.17922307025
0.225 6380079.10759365 8142.82781559432
0.25 6380277.51679127 7936.36790459855
0.275 6380471.11881325 7744.0808794365
0.3 6380660.23113604 7564.49291175093
0.325 6380845.1394432 7396.3322863748
0.35 6381026.10182914 7238.49543755293
0.375 6381203.35232097 7090.01967304921
0.4 6381377.10384818 6950.06108855481
0.425 6381547.55076188 6817.87654807893
0.45 6381714.87098382 6692.80887736013
0.475 6381879.22784924 6574.27461688603
0.5 6382040.77169498 6461.75382942834
0.525 6382199.64123418 6354.78156834271
0.55 6382355.96475162 6252.94069724746
0.575 6382509.86114702 6155.8558161774
0.6 6382661.4408495 6063.18809899746
0.625 6382810.80662163 5974.630885446
0.65 6382958.05426917 5889.90590135633
0.675 6383103.27326928 5808.76000437217
0.7 6383246.54732856 5730.96237130994
0.725 6383387.95488002 5656.30205834345
0.75 6383527.56952695 5584.58587723575
0.775 6383665.46044046 5515.63654056105
0.8 6383801.69271638 5449.29103673851
0.825 6383936.32769643 5385.39920211937
0.85 6384069.423258 5323.82246262458
0.875 6384201.03407604 5264.43272175195
0.9 6384331.21186043 5207.11137534212
0.925 6384460.00557134 5151.74843645306
0.950000000000001 6384587.46161524 5098.2417561583
0.975000000000001 6384713.62402345 5046.49632814471
1 6384838.53461511 4996.42366671412
1.025 6384962.23314634 4947.94124924853
1.05 6385084.75744673 4900.97201542727
1.075 6385206.14354464 4855.44391652657
1.1 6385326.42578237 4811.2895090169
1.125 6385445.63692205 4768.44558742831
1.15 6385563.80824336 4726.85285209946
1.175 6385680.96963356 4686.45560797923
1.2 6385797.14967083 4647.20149112564
1.225 6385912.37570133 4609.04121995648
1.25 6386026.67391055 4571.92836866098
1.275 6386140.06938956 4535.81916048793
1.3 6386252.58619653 4500.67227889281
1.325 6386364.2474139 4466.44869475794
1.35 6386475.07520161 4433.11150810182
1.375 6386585.09084668 4400.62580287091
1.4 6386694.31480952 4368.95851356141
1.425 6386802.76676708 4338.0783025546
1.45 6386910.46565326 4307.95544716876
1.475 6387017.42969665 4278.56173553563
1.5 6387123.67645591 4249.87037050242
1.525 6387229.22285293 4221.85588084213
1.55 6387334.08520391 4194.49403912793
1.575 6387438.27924855 4167.76178569141
1.6 6387541.8201775 4141.63715814218
1.625 6387644.72265815 4116.0992259768
1.65 6387747.0008589 4091.12802985087
1.675 6387848.66847203 4066.70452512823
1.7 6387949.73873526 4042.81052935793
1.725 6388050.2244521 4019.42867336145
1.75 6388150.13801099 3996.5423556424
1.775 6388249.49140348 3974.13569985649
1.8 6388348.29624136 3952.19351510331
1.825 6388446.56377283 3930.70125882251
1.85 6388544.30489789 3909.64500209592
1.875 6388641.53018282 3889.01139717452
1.9 6388738.24987399 3868.78764706436
1.925 6388834.47391092 3848.96147701989
1.95 6388930.21193861 3829.52110780561
1.975 6389025.47331938 3810.45523059863
2 6389120.26714396 3791.75298341506
2.025 6389214.60224219 3773.40392895267
2.05 6389308.48719303 3755.39803375098
2.075 6389401.93033424 3737.72564857756
2.1 6389494.93977149 3720.37748995686
2.125 6389587.52338706 3703.34462276399
2.15 6389679.68884816 3686.61844381211
2.175 6389771.44361482 3670.19066636751
2.2 6389862.79494746 3654.05330553133
2.225 6389953.74991407 3638.19866443146
2.25 6390044.3153971 3622.6193211725
2.275 6390134.49810001 3607.30811649524
2.3 6390224.30455356 3592.25814210085
2.325 6390313.7411218 3577.46272959805
2.35 6390402.8140078 3562.91544003464
2.375 6390491.52925915 3548.61005397737
2.4 6390579.8927732 3534.5405621068
2.425 6390667.91030211 3520.7011562959
2.45 6390755.58745764 3507.08622114358
2.475 6390842.92971579 3493.69032593598
2.5 6390929.94242121 3480.50821701049
2.525 6391016.63079148 3467.53481049898
2.54999999999999 6391102.99992111 3454.76518542817
2.57499999999999 6391189.05478554 3442.19457715692
2.59999999999999 6391274.80024482 3429.81837113103
2.62499999999999 6391360.24104724 3417.63209693781
2.64999999999999 6391445.38183281 3405.63142264366
2.67499999999999 6391530.22713654 3393.81214939883
2.69999999999999 6391614.7813917 3382.17020629483
2.72499999999999 6391699.04893284 3370.70164546062
2.74999999999999 6391783.03399877 3359.40263738472
2.77499999999999 6391866.74073543 3348.26946645099
2.79999999999999 6391950.1731986 3337.2985266769
2.82499999999999 6392033.33535654 3326.48631764337
2.84999999999999 6392116.23109256 3315.82944060633
2.87499999999999 6392198.86420743 3305.32459478047
2.89999999999999 6392281.23842177 3294.96857378621
2.92499999999999 6392363.35737833 3284.75826225169
2.94999999999999 6392445.22464414 3274.69063256178
2.97499999999999 6392526.84371268 3264.76274174677
2.99999999999999 6392608.2180059 3254.97172850363
3.02499999999999 6392689.35087616 3245.31481034343
3.04999999999999 6392770.24560818 3235.7892808585
3.07499999999999 6392850.90542085 3226.39250710362
3.09999999999999 6392931.33346903 3217.12192708561
3.12499999999999 6393011.53284521 3207.97504735609
3.14999999999999 6393091.50658123 3198.9494407025
3.17499999999999 6393171.25764983 3190.04274393273
3.19999999999999 6393250.78896623 3181.25265574879
3.22499999999999 6393330.10338959 3172.57693470552
3.24999999999999 6393409.20372452 3164.01339725031
3.27499999999999 6393488.09272242 3155.55991584001
3.29999999999999 6393566.77308285 3147.21441713156
3.32499999999999 6393645.24745485 3138.97488024302
3.34999999999999 6393723.51843823 3130.83933508164
3.37499999999999 6393801.58858475 3122.80586073611
3.39999999999999 6393879.46039935 3114.87258393008
3.42499999999999 6393957.13634129 3107.03767753413
3.44999999999999 6394034.61882527 3099.29935913382
3.47499999999999 6394111.91022251 3091.65588965105
3.49999999999999 6394189.01286181 3084.10557201672
3.52499999999999 6394265.92903055 3076.6467498923
3.54999999999999 6394342.66097572 3069.27780643818
3.57499999999999 6394419.21090479 3061.99716312694
3.59999999999999 6394495.58098676 3054.80327859946
3.62499999999999 6394571.77335295 3047.69464756223
3.64999999999999 6394647.79009794 3040.66979972398
3.67499999999999 6394723.63328041 3033.72729877012
3.69999999999999 6394799.30492394 3026.86574137331
3.72499999999999 6394874.80701785 3020.08375623877
3.74999999999999 6394950.14151793 3013.38000318286
3.77499999999999 6395025.31034724 3006.7531722435
3.79999999999999 6395100.31539681 3000.20198282137
3.82499999999999 6395175.15852638 2993.72518285034
3.84999999999999 6395249.84156508 2987.32154799628
3.87499999999999 6395324.3663121 2980.98988088285
3.89999999999999 6395398.73453736 2974.72901034336
3.92499999999999 6395472.94798213 2968.53779069771
3.94999999999999 6395547.00835965 2962.41510105321
3.97499999999999 6395620.91735577 2956.35984462868
3.99999999999999 6395694.67662947 2950.3709481006
4.02499999999999 6395768.28781349 2944.44736097076
4.04999999999999 6395841.75251487 2938.58805495429
4.07499999999999 6395915.07231545 2932.79202338762
4.09999999999999 6395988.24877247 2927.05828065534
4.12499999999999 6396061.28341901 2921.38586163542
4.14999999999999 6396134.17776454 2915.77382116201
4.17499999999999 6396206.93329538 2910.22123350526
4.19999999999999 6396279.55147517 2904.72719186746
4.22499999999999 6396352.03374537 2899.29080789486
4.24999999999999 6396424.38152565 2893.91121120477
4.27499999999999 6396496.59621437 2888.58754892721
4.29999999999999 6396568.67918901 2883.31898526063
4.32499999999999 6396640.63180653 2878.10470104125
4.34999999999999 6396712.45540387 2872.94389332552
4.37499999999999 6396784.15129824 2867.83577498513
4.4 6396855.7207876 2862.7795743143
4.425 6396927.16515096 2857.77453464877
4.45 6396998.48564881 2852.81991399613
4.475 6397069.68352343 2847.91498467717
4.5 6397140.75999925 2843.05903297769
4.525 6397211.71628322 2838.25135881065
4.55 6397282.55356511 2833.49127538805
4.575 6397353.27301783 2828.77810890244
4.6 6397423.87579779 2824.11119821756
4.625 6397494.36304515 2819.48989456789
4.65 6397564.73588418 2814.9135612668
4.675 6397634.99542352 2810.38157342298
4.7 6397705.14275646 2805.89331766494
4.725 6397775.17896126 2801.44819187321
4.75 6397845.10510138 2797.04560492012
4.775 6397914.92222579 2792.68497641674
4.8 6397984.6313692 2788.36573646696
4.825 6398054.23355234 2784.08732542829
4.85 6398123.72978218 2779.84919367925
4.875 6398193.12105222 2775.65080139311
4.9 6398262.40834267 2771.49161831785
4.925 6398331.59262076 2767.37112356203
4.95 6398400.6748409 2763.28880538643
4.975 6398469.65594492 2759.24416100134
5 6398538.53686233 2755.2366963692
5.025 6398607.31851048 2751.26592601255
5.05 6398676.0017948 2747.33137282703
5.075 6398744.587609 2743.43256789929
5.1 6398813.07683526 2739.56905032975
5.12500000000001 6398881.47034444 2735.7403670599
5.15000000000001 6398949.76899625 2731.94607270417
5.17500000000001 6399017.97363949 2728.18572938607
5.20000000000001 6399086.08511215 2724.45890657863
5.22500000000001 6399154.10424168 2720.76518094887
5.25000000000001 6399222.03184508 2717.1041362063
5.27500000000001 6399289.86872915 2713.47536295522
5.30000000000001 6399357.61569062 2709.87845855074
5.32500000000001 6399425.27351629 2706.31302695855
5.35000000000001 6399492.84298326 2702.77867861804
5.37500000000001 6399560.32485902 2699.27503030897
5.40000000000001 6399627.71990164 2695.80170502139
5.42500000000001 6399695.02885994 2692.35833182879
5.45000000000001 6399762.25247358 2688.94454576441
5.47500000000001 6399829.39147327 2685.55998770054
5.50000000000001 6399896.44658088 2682.20430423079
5.52500000000001 6399963.41850957 2678.87714755525
5.55000000000001 6400030.30796395 2675.57817536839
5.57500000000001 6400097.11564022 2672.30705074968
5.60000000000001 6400163.84222627 2669.06344205687
5.62500000000001 6400230.48840184 2665.8470228218
5.65000000000001 6400297.05483863 2662.65747164865
5.67500000000001 6400363.54220044 2659.4944721147
5.70000000000001 6400429.95114325 2656.35771267334
5.72500000000001 6400496.28231542 2653.24688655943
5.75000000000001 6400562.53635771 2650.16169169686
5.77500000000001 6400628.71390347 2647.10183060825
5.80000000000001 6400694.81557873 2644.06701032675
5.82500000000002 6400760.84200229 2641.05694230992
5.85000000000002 6400826.79378585 2638.07134235557
5.87500000000002 6400892.67153411 2635.10993051951
5.90000000000002 6400958.47584489 2632.17243103523
5.92500000000002 6401024.20730919 2629.25857223539
5.95000000000002 6401089.86651136 2626.36808647506
5.97500000000002 6401155.45402911 2623.50071005677
6.00000000000002 6401220.97043369 2620.65618315714
6.02500000000002 6401286.41628993 2617.83424975529
6.05000000000002 6401351.79215637 2615.03465756273
6.07500000000002 6401417.09858532 2612.25715795489
6.10000000000002 6401482.33612297 2609.50150590408
6.12500000000002 6401547.50530946 2606.76745991407
6.15000000000002 6401612.60667901 2604.05478195595
6.17500000000002 6401677.64075995 2601.36323740555
6.20000000000002 6401742.60807482 2598.69259498205
6.22500000000002 6401807.50914049 2596.04262668814
6.25000000000002 6401872.34446818 2593.41310775124
6.27500000000002 6401937.1145636 2590.80381656622
6.30000000000002 6402001.81992696 2588.21453463917
6.32500000000002 6402066.46105313 2585.64504653247
6.35000000000002 6402131.03843162 2583.09513981099
6.37500000000002 6402195.55254675 2580.56460498951
6.40000000000002 6402260.00387764 2578.05323548111
6.42500000000002 6402324.39289832 2575.56082754682
6.45000000000002 6402388.72007783 2573.08718024617
6.47500000000002 6402452.98588021 2570.63209538892
6.50000000000002 6402517.19076465 2568.19537748767
6.52500000000003 6402581.33518549 2565.77683371156
6.55000000000003 6402645.41959234 2563.37627384084
6.57500000000003 6402709.4444301 2560.99351022248
6.60000000000003 6402773.41013904 2558.62835772658
6.62500000000003 6402837.31715488 2556.28063370376
6.65000000000003 6402901.16590883 2553.95015794336
6.67500000000003 6402964.95682765 2551.63675263257
6.70000000000003 6403028.6903337 2549.3402423163
6.72500000000003 6403092.36684505 2547.06045385791
6.75000000000003 6403155.98677546 2544.79721640072
6.77500000000003 6403219.55053449 2542.55036133032
6.80000000000003 6403283.05852755 2540.31972223756
6.82500000000003 6403346.51115592 2538.10513488236
6.85000000000003 6403409.90881685 2535.90643715821
6.87500000000003 6403473.25190358 2533.72346905733
6.90000000000003 6403536.54080539 2531.5560726366
6.92500000000003 6403599.77590769 2529.40409198408
6.95000000000003 6403662.95759202 2527.26737318623
6.97500000000003 6403726.08623613 2525.14576429577
7.00000000000003 6403789.16221401 2523.03911530014
7.02500000000003 6403852.18589597 2520.94727809058
7.05000000000003 6403915.15764863 2518.87010643186
7.07500000000003 6403978.07783502 2516.80745593248
7.10000000000003 6404040.94681462 2514.75918401556
7.12500000000003 6404103.76494337 2512.72514989022
7.15000000000003 6404166.53257373 2510.7052145235
7.17500000000003 6404229.25005475 2508.69924061287
7.20000000000003 6404291.91773206 2506.70709255922
7.22500000000004 6404354.53594797 2504.72863644033
7.25000000000004 6404417.10504147 2502.76373998491
7.27500000000004 6404479.62534829 2500.81227254709
7.30000000000004 6404542.09720091 2498.87410508137
7.32500000000004 6404604.52092867 2496.94911011807
7.35000000000004 6404666.89685771 2495.03716173921
7.37500000000004 6404729.2253111 2493.13813555485
7.40000000000004 6404791.50660882 2491.25190867986
7.42500000000004 6404853.74106781 2489.37835971115
7.45000000000004 6404915.92900203 2487.51736870523
7.47500000000004 6404978.07072246 2485.66881715631
7.50000000000004 6405040.16653716 2483.83258797465
7.52500000000004 6405102.21675129 2482.00856546544
7.55000000000004 6405164.22166718 2480.19663530798
7.57500000000004 6405226.18158429 2478.39668453525
7.60000000000004 6405288.09679933 2476.60860151388
7.62500000000004 6405349.96760623 2474.83227592443
7.65000000000004 6405411.79429619 2473.06759874204
7.67500000000004 6405473.57715775 2471.31446221747
7.70000000000004 6405535.31647675 2469.5727598584
7.72500000000004 6405597.01253641 2467.84238641111
7.75000000000004 6405658.66561735 2466.12323784248
7.77500000000004 6405720.27599763 2464.4152113223
7.80000000000004 6405781.84395276 2462.71820520588
7.82500000000004 6405843.36975574 2461.03211901697
7.85000000000004 6405904.85367708 2459.356853431
7.87500000000004 6405966.29598483 2457.69231025856
7.90000000000004 6406027.69694464 2456.03839242924
7.92500000000005 6406089.05681974 2454.39500397567
7.95000000000005 6406150.37587099 2452.76205001791
7.97500000000005 6406211.65435691 2451.13943674803
8.00000000000005 6406272.8925337 2449.52707141502
8.02500000000005 6406334.09065526 2447.92486230993
8.05000000000005 6406395.24897322 2446.33271875126
8.07500000000005 6406456.367737 2444.75055107058
8.10000000000005 6406517.44719377 2443.17827059849
8.12500000000005 6406578.48758851 2441.61578965064
8.15000000000005 6406639.48916405 2440.06302151416
8.17500000000005 6406700.45216106 2438.51988043424
8.20000000000005 6406761.3768181 2436.98628160091
8.22500000000005 6406822.26337162 2435.46214113607
8.25000000000005 6406883.11205603 2433.94737608077
8.27500000000005 6406943.92310364 2432.44190438264
8.30000000000005 6407004.69674476 2430.94564488355
8.32500000000005 6407065.43320769 2429.4585173075
8.35000000000005 6407126.13271875 2427.98044224866
8.37500000000005 6407186.79550228 2426.51134115965
8.40000000000005 6407247.42178069 2425.05113633997
8.42500000000005 6407308.01177446 2423.59975092467
8.45000000000005 6407368.56570218 2422.15710887318
8.47500000000005 6407429.08378055 2420.72313495826
8.50000000000005 6407489.56622442 2419.29775475525
8.52500000000005 6407550.01324679 2417.8808946314
8.55000000000005 6407610.42505883 2416.47248173539
8.57500000000005 6407670.80186993 2415.07244398704
8.60000000000005 6407731.14388768 2413.68071006717
8.62500000000006 6407791.45131792 2412.29720940762
8.65000000000006 6407851.72436472 2410.92187218141
8.67500000000006 6407911.96323046 2409.55462929313
8.70000000000006 6407972.16811576 2408.19541236938
8.72500000000006 6408032.33921961 2406.8441537494
8.75000000000006 6408092.47673927 2405.50078647591
8.77500000000006 6408152.58087038 2404.16524428599
8.80000000000006 6408212.65180692 2402.83746160218
8.82500000000006 6408272.68974126 2401.51737352366
8.85000000000006 6408332.69486415 2400.20491581763
8.87500000000006 6408392.66736477 2398.90002491078
8.90000000000006 6408452.60743072 2397.60263788087
8.92500000000006 6408512.51524803 2396.31269244853
8.95000000000006 6408572.39100121 2395.03012696907
8.97500000000006 6408632.23487322 2393.75488042452
9.00000000000006 6408692.04704553 2392.48689241569
9.02500000000006 6408751.82769811 2391.22610315448
9.05000000000006 6408811.57700944 2389.97245345616
9.07500000000006 6408871.29515656 2388.72588473188
9.10000000000006 6408930.98231504 2387.48633898122
9.12500000000006 6408990.63865901 2386.25375878495
9.15000000000006 6409050.26436119 2385.02808729774
9.17500000000006 6409109.8595929 2383.80926824115
9.20000000000006 6409169.42452404 2382.5972458966
9.22500000000006 6409228.95932317 2381.39196509853
9.25000000000006 6409288.46415745 2380.19337122759
9.27500000000006 6409347.93919271 2379.00141020397
9.30000000000006 6409407.38459342 2377.81602848085
9.32500000000007 6409466.80052274 2376.63717303789
9.35000000000007 6409526.18714253 2375.46479137486
9.37500000000007 6409585.54461332 2374.29883150535
9.40000000000007 6409644.87309437 2373.13924195055
9.42500000000007 6409704.17274366 2371.98597173319
9.45000000000007 6409763.44371792 2370.83897037146
9.47500000000007 6409822.68617261 2369.69818787312
9.50000000000007 6409881.90026198 2368.56357472965
9.52500000000007 6409941.08613903 2367.43508191046
9.55000000000007 6410000.24395555 2366.31266085725
9.57500000000007 6410059.37386214 2365.1962634784
9.60000000000007 6410118.47600819 2364.08584214343
9.62500000000007 6410177.55054193 2362.98134967759
9.65000000000007 6410236.59761042 2361.88273935649
9.67500000000007 6410295.61735954 2360.78996490082
9.70000000000007 6410354.60993405 2359.70298047113
9.72500000000007 6410413.57547757 2358.62174066272
9.75000000000007 6410472.51413258 2357.54620050053
9.77500000000007 6410531.42604047 2356.47631543422
9.80000000000007 6410590.3113415 2355.41204133317
9.82500000000007 6410649.17017486 2354.35333448168
9.85000000000007 6410708.00267865 2353.30015157418
9.87500000000007 6410766.8089899 2352.25244971049
9.90000000000007 6410825.58924456 2351.21018639119
9.92500000000007 6410884.34357754 2350.17331951302
9.95000000000007 6410943.07212273 2349.14180736436
9.97500000000007 6411001.77501294 2348.11560862076
10.0000000000001 6411060.45238 2347.09468234057
