0 -0.00139 0 0 400000 1.33808e-16 4.46026666666667e-17
7.56944444444444e-10 -0.00135706907748692 0.000302777777777778 87010.1438877596 390536.543575789 1.33882896525366e-16 4.46276321751221e-17
1.51388888888889e-09 -0.00125905541082323 0.000591228934024459 169903.204249789 362370.066821889 1.33957834972662e-16 4.4652611657554e-17
2.27083333333333e-09 -0.00110061517279411 0.000851535269803567 244708.204462383 316838.627857957 1.34032815365352e-16 4.46776051217839e-17
3.02777777777778e-09 -0.000889300186158489 0.00107121834164739 307839.177386245 256112.416285388 1.34107837726914e-16 4.47026125756381e-17
3.78472222222222e-09 -0.000635197985715297 0.00123973764206537 356267.066265179 183090.316760681 1.3418290208084e-16 4.47276340269468e-17
4.54166666666667e-09 -0.000350450276581998 0.00134899633228609 387665.05863723 101261.526929273 1.34258008450634e-16 4.47526694835448e-17
5.29861111111111e-09 -4.86727753991574e-05 0.00139373026251364 400520.38023425 14538.8354797075 1.34333156859814e-16 4.47777189532715e-17
6.05555555555556e-09 0.000255695844467466 0.00137176158924269 394207.177738486 -72928.4733957505 1.34408347331911e-16 4.48027824439703e-17
6.8125e-09 0.000548084772850756 0.00128410477140345 369016.979207691 -156953.142962121 1.34483579890468e-16 4.48278599634893e-17
7.56944444444444e-09 0.000814488595695015 0.00113491978792944 326145.25006945 -233510.396034178 1.34558854559042e-16 4.48529515196808e-17
8.32638888888889e-09 0.00104213814892253 0.000931314731036231 267634.663768908 -298930.720232634 1.34634171361205e-16 4.48780571204016e-17
9.08333333333333e-09 0.00122011255984127 0.000683007142146395 196277.778873661 -350075.752130398 1.34709530320539e-16 4.49031767735129e-17
9.84027777777778e-09 0.0013398631404598 0.000401860225618762 115483.759443928 -384488.830021168 1.3478493146064e-16 4.49283104868802e-17
1.05972222222222e-08 0.00139562400092301 0.000101316074948877 29115.4995724784 -400512.993114705 1.3486037480512e-16 4.49534582683734e-17
1.13541666666667e-08 0.00138468966071727 -0.000204247010767991 -58695.0664807741 -397370.75948844 1.34935860377601e-16 4.4978620125867e-17
1.21111111111111e-08 0.00130754629200416 -0.00050020239283199 -143744.638370575 -375201.841871769 1.35011388201719e-16 4.50037960672397e-17
1.28680555555556e-08 0.00116785022961727 -0.00077237523371252 -221959.751187528 -335056.972000382 1.35086958301124e-16 4.50289861003747e-17
1.3625e-08 0.000972254691109578 -0.00100772139882214 -289591.873465174 -278848.104644703 1.35162570699479e-16 4.50541902331597e-17
1.43819444444444e-08 0.000730092918016424 -0.00119495260361307 -343397.057546728 -209257.360979179 1.3523822542046e-16 4.50794084734865e-17
1.51388888888889e-08 0.000452932828218619 -0.00132507784573214 -380791.532541917 -129609.047717064 1.35313922487755e-16 4.51046408292518e-17
1.58958333333333e-08 0.000154024429401119 -0.00139183515322187 -399975.777082163 -43710.8586846479 1.35389661925069e-16 4.51298873083562e-17
1.66527777777778e-08 -0.000152333610224384 -0.00139199291655961 -400021.113998292 44328.1556202632 1.35465443756115e-16 4.51551479187052e-17
1.74097222222222e-08 -0.000451477952481174 -0.00132550630465871 -380914.660048579 130294.148415401 1.35541268004625e-16 4.51804226682083e-17
1.81666666666667e-08 -0.000729082421948953 -0.00119552119498666 -343560.455328404 210070.164375214 1.35617134694339e-16 4.52057115647797e-17
1.89236111111111e-08 -0.000971844089177219 -0.00100822534428687 -289736.693761167 279833.301389407 1.35693043849014e-16 4.5231014616338e-17
1.96805555555556e-08 -0.00116812074795985 -0.000772553839901003 -222011.07777521 336237.90428936 1.35768995492419e-16 4.52563318308062e-17
2.04375e-08 -0.00130848923895664 -0.000499762852239379 -143618.326292826 376576.011955578 1.35844989648335e-16 4.52816632161117e-17
2.11944444444444e-08 -0.00138619784448943 -0.000202892022142043 -58305.6793990162 398907.363345861 1.35921026340559e-16 4.53070087801863e-17
2.19513888888889e-08 -0.00139749103590948 0.000103858839916491 29846.2214482007 402152.721105015 1.35997105592899e-16 4.53323685309663e-17
2.27083333333333e-08 -0.00134179095415377 0.000405808948960601 116618.515728448 386146.024168093 1.36073227429178e-16 4.53577424763926e-17
2.34652777777778e-08 -0.00122172685455224 0.00068849914843634 197856.032935198 351642.849401577 1.36149391873231e-16 4.53831306244102e-17
2.42222222222222e-08 -0.00104301102105732 0.000938384295496145 269666.265379156 300284.752709202 1.36225598948907e-16 4.54085329829689e-17
2.49791666666667e-08 -0.000814167004816175 0.00114348227358677 328605.876851738 234521.172148118 1.36301848680068e-16 4.54339495600226e-17
2.57361111111111e-08 -0.000546123115552243 0.00129394853527902 371845.810694257 157492.608347089 1.3637814109059e-16 4.545938036353e-17
2.64930555555556e-08 -0.000251690552752634 0.00138254862626146 397307.080413028 72880.6535250991 1.36454476204362e-16 4.5484825401454e-17
2.725e-08 5.50489023892932e-05 0.00140500601035732 403760.725181363 -15267.969282816 1.36530854045286e-16 4.55102846817621e-17
2.80069444444444e-08 0.000359416369416725 0.00136020847294381 390887.124599529 -102734.946863472 1.36607274637278e-16 4.55357582124261e-17
2.87638888888889e-08 0.000646838315350837 0.00125026314163635 359291.810151218 -185332.240019451 1.36683738004268e-16 4.55612460014225e-17
2.95208333333333e-08 0.000903544350891051 0.001080397405278 310476.99200103 -259102.611323265 1.36760244170196e-16 4.55867480567322e-17
3.02777777777778e-08 0.001117226965073 0.000858710388681608 246770.139557397 -320509.215013744 1.36836793159021e-16 4.56122643863402e-17
3.10347222222222e-08 0.00127763159095489 0.000595786798122941 171213.011111905 -366605.165914371 1.3691338499471e-16 4.56377949982366e-17
3.17916666666667e-08 0.0013770487127536 0.000304191548474033 87416.4233466031 -395174.957713827 1.36990019701246e-16 4.56633399004155e-17
3.25486111111111e-08 0.00141068439898006 -2.13069901000969e-06 -612.305264947674 -404840.94416702 1.37066697302627e-16 4.56888991008756e-17
3.33055555555556e-08 0.00137689145350524 -0.000308522393137793 -88660.9909635368 -395129.765659351 1.3714341782286e-16 4.57144726076201e-17
3.40625e-08 0.00127725003971761 -0.000600314453529892 -172514.136813152 -366495.518408865 1.3722018128597e-16 4.57400604286567e-17
3.48194444444445e-08 0.00111649383347349 -0.000863528575923759 -248154.756249859 -320298.532821575 1.37296987715993e-16 4.57656625719975e-17
3.55763888888889e-08 0.000902285153954193 -0.00108554685828347 -311956.80551389 -258740.752182006 1.37373837136978e-16 4.57912790456593e-17
3.63333333333334e-08 0.000644849753961117 -0.0012557166697245 -360859.006618307 -184760.781262078 1.37450729572989e-16 4.5816909857663e-17
3.70902777777778e-08 0.000356488676245657 -0.00136586176668932 -392511.728313337 -101893.607033503 1.37527665048103e-16 4.58425550160344e-17
3.78472222222223e-08 5.09904779250941e-05 -0.00141067513318133 -405389.877744194 -14101.6878628938 1.37604643586411e-16 4.58682145288036e-17
3.86041666666667e-08 -0.000257028091843178 -0.00138797467083749 -398866.3788621 74414.517891511 1.37681665212015e-16 4.58938884040051e-17
3.93611111111112e-08 -0.000552821434592184 -0.00129880942039505 -373242.697600793 159417.524064976 1.37758729949034e-16 4.59195766496781e-17
4.01180555555556e-08 -0.000822221005640037 -0.00114741114532382 -329734.928321983 236835.674142616 1.37835837821599e-16 4.59452792738662e-17
4.0875e-08 -0.00105231398468884 -0.00094099350909925 -270416.082795436 302958.172833038 1.37912988853852e-16 4.59709962846174e-17
4.16319444444445e-08 -0.00123206220596361 -0.000689408375602178 -198117.320230147 354612.949849616 1.37990183069953e-16 4.59967276899844e-17
4.23888888888889e-08 -0.00135283168192596 -0.000404675607982962 -116292.824185753 389318.830703415 1.38067420494073e-16 4.60224734980243e-17
4.31458333333334e-08 -0.00140880731850518 -0.000100408807009185 -28854.7753061313 405404.71464349 1.38144701150396e-16 4.60482337167987e-17
4.39027777777778e-08 -0.00139727290225795 0.000208835575416135 60013.6958504839 402090.035393583 1.38222025063121e-16 4.60740083543738e-17
4.46597222222223e-08 -0.00131874287909628 0.000508254627954339 146058.632950217 379522.630794224 1.3829939225646e-16 4.60997974188202e-17
4.54166666666667e-08 -0.00117693953245486 0.000783507561064843 225158.880964622 338772.184425297 1.38376802754639e-16 4.6125600918213e-17
4.61736111111112e-08 -0.000978616567004123 0.00102140255984244 293523.46909833 281779.528336842 1.38454256581896e-16 4.61514188606321e-17
4.69305555555556e-08 -0.000733237458222502 0.00121052901183357 347873.295963126 211264.209416016 1.38531753762485e-16 4.61772512541615e-17
4.76875000000001e-08 -0.000452523886197474 0.00134180481007665 385598.409668445 130594.721475354 1.3860929432067e-16 4.62030981068901e-17
4.84444444444445e-08 -0.000149895800578528 0.00140891248059629 404883.33906697 43627.5950652127 1.38686878280733e-16 4.62289594269111e-17
4.9201388888889e-08 0.000160170135957643 0.00140860319164125 404794.45778685 -45476.9685217033 1.38764505666967e-16 4.62548352223223e-17
4.99583333333334e-08 0.000462833055605006 0.00134085401566082 385325.177070149 -132454.105289431 1.38842176503678e-16 4.6280725501226e-17
5.07152777777779e-08 0.000743598217998264 0.00120887083264704 347396.780114868 -213138.41890652 1.38919890815187e-16 4.6306630271729e-17
5.14722222222223e-08 0.000989011168830176 0.00101893664943994 292814.833145882 -283663.46311725 1.38997648625829e-16 4.63325495419429e-17
5.22291666666668e-08 0.00118730248122162 0.000780112510488953 224183.235257456 -340647.022972607 1.3907544995995e-16 4.63584833199835e-17
5.29861111111112e-08 0.00132895218389278 0.000503805237060815 144779.998353253 -381353.316220198 1.39153294841914e-16 4.63844316139713e-17
5.37430555555557e-08 0.00140714680804657 0.000203222615709435 58400.6830484855 -403824.336216468 1.39231183296094e-16 4.64103944320313e-17
5.45000000000001e-08 0.00141810711081978 -0.000107257943041537 -30823.0317483829 -406974.030782397 1.3930911534688e-16 4.64363717822932e-17
5.52569444444446e-08 0.00136127071249559 -0.000412777097500125 -118620.973146245 -390640.787198451 1.39387091018673e-16 4.6462363672891e-17
5.6013888888889e-08 0.00123932082214375 -0.000698704725955635 -200788.83987674 -355595.687176619 1.3946511033589e-16 4.64883701119635e-17
5.67708333333334e-08 0.00105805959024161 -0.000951340501513704 -273389.528552898 -303506.111829207 1.39543173322961e-16 4.65143911076538e-17
5.75277777777779e-08 0.000826132064806976 -0.0011585703432661 -332941.779979843 -236856.414127778 1.39621280004329e-16 4.65404266681098e-17
5.82847222222223e-08 0.000554613883576872 -0.00131044729017645 -376587.106598238 -158829.432787313 1.39699430404451e-16 4.65664768014838e-17
5.90416666666668e-08 0.000256482366028141 -0.00139966894487205 -402226.996916297 -73154.4984186816 1.39777624547798e-16 4.65925415159327e-17
5.97986111111112e-08 -5.40037374904936e-05 -0.00142192857086589 -408623.811355016 16070.8097944399 1.39855862458854e-16 4.66186208196181e-17
6.05555555555557e-08 -0.00036198619488323 -0.00137612296300244 -395460.518591866 104576.637828873 1.39934144162118e-16 4.66447147207059e-17
6.13125000000001e-08 -0.000652718324535911 -0.00126440705874238 -363356.38936692 188125.188252679 1.40012469682101e-16 4.66708232273669e-17
6.20694444444446e-08 -0.000912271084827826 -0.00109209258987726 -313837.871726896 262713.631252746 1.40090839043328e-16 4.66969463477761e-17
6.2826388888889e-08 -0.00112820041270299 -0.000867395539631904 -249266.017027066 324765.879690193 1.4016925227034e-16 4.67230840901133e-17
6.35833333333334e-08 -0.001290143839433 -0.000601044411525646 -172723.906997439 371304.040333531 1.40247709387689e-16 4.67492364625631e-17
6.43402777777779e-08 -0.00139031777980491 -0.000305767987001683 -87869.4491403977 400091.321320714 1.40326210419942e-16 4.67754034733141e-17
6.50972222222223e-08 -0.00142389163041671 4.31297099474145e-06 1239.43120789925 409739.537890766 1.4040475539168e-16 4.680158513056e-17
6.58541666666668e-08 -0.00138922069741756 0.000314360998837722 90338.8483207815 399776.049516157 1.40483344327497e-16 4.68277814424989e-17
6.66111111111112e-08 -0.00128792672279063 0.000609531904505993 175162.982912741 370666.900978444 1.40561977252e-16 4.68539924173334e-17
6.73680555555556e-08 -0.00112482206851681 0.000875685459397419 251648.315744328 323795.03494756 1.40640654189813e-16 4.68802180632708e-17
6.81250000000001e-08 -0.000907681100945398 0.00110006278427386 316128.29002097 261394.594033489 1.40719375165569e-16 4.69064583885231e-17
6.88819444444445e-08 -0.000646869635278668 0.00127189797947814 365509.077374127 186444.433153799 1.4079814020392e-16 4.69327134013067e-17
6.9638888888889e-08 -0.000354850101813353 0.00138293467958942 397418.021697628 102525.917695567 1.40876949329528e-16 4.69589831098426e-17
7.03958333333334e-08 -4.55860555391949e-05 0.00142782274820609 410317.638498589 13651.7956806582 1.40955802567069e-16 4.69852675223565e-17
7.11527777777779e-08 0.000266125516944186 0.00140437605320539 403579.692534798 -75925.6791668019 1.41034699941236e-16 4.70115666470787e-17
7.19097222222223e-08 0.000565362166455512 0.00131367890321262 377515.784777101 -161918.198570194 1.41113641476732e-16 4.70378804922442e-17
7.26666666666667e-08 0.000837790353306194 0.00116003596471057 333362.959941278 -240206.690912445 1.41192627198277e-16 4.70642090660923e-17
7.34236111111112e-08 0.0010703520240034 0.000950767969999621 273224.998481417 -307038.624810161 1.41271657130601e-16 4.70905523768671e-17
7.41805555555556e-08 0.00125189050578189 0.000695862910585641 199972.179004002 -359207.874273062 1.41350731298453e-16 4.71169104328175e-17
7.49375000000001e-08 0.00137368571903799 0.000407499334925069 117104.286933567 -394208.524281238 1.4142984972659e-16 4.71432832421967e-17
7.56944444444445e-08 0.00142987303253523 9.94645020203471e-05 28583.4075936266 -410355.238442176 1.41509012439788e-16 4.71696708132628e-17
7.64513888888889e-08 0.00141772564271658 -0.000213504810918697 -61355.5078417918 -406864.407167375 1.41588219462834e-16 4.71960731542782e-17
7.72083333333334e-08 0.00133778688125528 -0.000516427329880003 -148407.24643078 -383892.169283846 1.4166747082053e-16 4.72224902735101e-17
7.79652777777778e-08 0.00119384603235404 -0.000794794405853659 -228402.414873622 -342527.462579992 1.41746766537691e-16 4.72489221792305e-17
7.87222222222223e-08 0.000992758729995703 -0.00103526491015823 -297507.133634255 -284740.410833275 1.41826106639147e-16 4.72753688797157e-17
7.94791666666667e-08 0.000744120446994933 -0.00122630462133531 -352406.779439813 -213288.493395065 1.41905491149741e-16 4.73018303832469e-17
8.02361111111111e-08 0.000459808625991099 -0.0013587394606076 -390464.970187521 -131584.96602229 1.41984920094329e-16 4.73283066981098e-17
8.09930555555556e-08 0.000153415300257575 -0.00142619604041729 -409850.166678808 -43535.811444342 1.42064393497784e-16 4.73547978325947e-17
8.175e-08 -0.000160402692547622 -0.00142540837082229 -409623.811741863 46646.9916297618 1.4214391138499e-16 4.73813037949967e-17
8.25069444444445e-08 -0.000466624839990713 -0.00135637596464814 -389785.765375926 134646.95419702 1.42223473780846e-16 4.74078245936155e-17
8.32638888888889e-08 -0.000750585888577337 -0.0012223656886166 -351274.836715566 216249.679064679 1.42303080710266e-16 4.74343602367552e-17
8.40208333333334e-08 -0.000998678171140423 -0.00102975718436401 -295924.362212368 287544.69074516 1.42382732198175e-16 4.74609107327248e-17
8.47777777777778e-08 -0.0011990036932679 -0.000787739172570602 -226374.931655976 345112.82745794 1.42462428269514e-16 4.7487476089838e-17
8.55347222222222e-08 -0.00134194473069817 -0.000507871096786636 -145948.416466259 386190.215387649 1.42542168949239e-16 4.7514056316413e-17
8.62916666666667e-08 -0.00142062557357217 -0.000203531018766261 -58489.309745421 408800.961493005 1.42621954262318e-16 4.75406514207727e-17
8.70486111111111e-08 -0.00143124324967787 0.000110723865237091 31819.044042126 411852.194421956 1.42701784233734e-16 4.75672614112447e-17
8.78055555555556e-08 -0.00137325131930927 0.000419853519552565 120654.545443104 395186.882182945 1.42781658888483e-16 4.7593886296161e-17
8.85625e-08 -0.00124938785995077 0.000709054870821174 203763.191563377 359591.874186259 1.42861578251576e-16 4.76205260838588e-17
8.93194444444444e-08 -0.0010655462137517 0.000964470667572851 277162.783137371 306760.757564207 1.42941542348038e-16 4.76471807826795e-17
9.00763888888889e-08 -0.000830494598005611 0.00117385345344713 337333.732472737 239213.280806754 1.43021551202908e-16 4.76738504009693e-17
9.08333333333333e-08 -0.0005554579182508 0.00132715283987837 381387.829735703 160175.178157616 1.43101604841238e-16 4.77005349470792e-17
9.15902777777778e-08 -0.000253581728402569 0.00141699791845154 407206.875213987 73424.1262549197 1.43181703288094e-16 4.77272344293646e-17
9.23472222222222e-08 6.06960640609679e-05 0.00143905165777223 413544.523391604 -16890.8108044632 1.43261846568558e-16 4.77539488561859e-17
9.31041666666666e-08 0.000372335718618206 0.00139222024573284 400086.442253943 -106447.618385165 1.43342034707724e-16 4.7780678235908e-17
9.38611111111111e-08 0.000666415382698013 0.00127870727330085 367465.884242967 -190958.159660186 1.43422267730701e-16 4.78074225769004e-17
9.46180555555555e-08 0.000928845571401069 0.00110391007882423 317233.898414237 -266373.497757765 1.43502545662613e-16 4.78341818875375e-17
9.5375e-08 0.00114704419585968 0.000876163127231251 251785.584559951 -329077.880654022 1.43582868528595e-16 4.78609561761983e-17
9.61319444444444e-08 0.00131053979981207 0.000606340624743005 174245.895425668 -376062.095048231 1.43663236353799e-16 4.78877454512664e-17
9.68888888888888e-08 0.00141147408304144 0.000307337315928897 88320.4318273249 -405067.878007113 1.4374364916339e-16 4.79145497211301e-17
9.76458333333333e-08 0.00144497959598609 -6.5477471935544e-06 -1881.64544185935 -414696.456180005 1.43824106982548e-16 4.79413689941826e-17
9.84027777777777e-08 0.00140941445276019 -0.000320295015029201 -92044.1240726627 -404475.995972565 1.43904609836465e-16 4.79682032788216e-17
9.91597222222222e-08 0.0013064427451952 -0.000618883128297715 -177850.271701291 -374884.712367288 1.43985157750348e-16 4.79950525834495e-17
9.99166666666666e-08 0.00114095672155221 -0.000888008094840475 -255189.507871591 -327328.505190295 1.4406575074942e-16 4.80219169164735e-17
1.00673611111111e-07 0.000920844367186445 -0.0011147685235779 -320354.321740376 -264074.168080735 1.44146388858916e-16 4.80487962863054e-17
1.01430555555555e-07 0.00065661342817437 -0.001288284089663 -370218.002234495 -188141.343050516 1.44227072104086e-16 4.80756907013619e-17
1.021875e-07 0.000360889798175891 -0.00140021758319408 -402384.660730638 -103158.370435982 1.44307800510193e-16 4.81026001700642e-17
1.02944444444444e-07 4.78142139476659e-05 -0.00144517549338611 -415304.348111304 -13188.9155064483 1.44388574102515e-16 4.81295247008383e-17
1.03701388888889e-07 -0.000267633912995243 -0.00142096788143947 -408347.735198312 77462.3440274383 1.44469392906345e-16 4.8156464302115e-17
1.04458333333333e-07 -0.000570353196432954 -0.00132871502140874 -381836.758454099 164455.678224001 1.44550256946989e-16 4.81834189823296e-17
1.05215277777778e-07 -0.000845843216438385 -0.0011727956176565 -337029.739078545 243624.058599351 1.44631166249767e-16 4.82103887499223e-17
1.05972222222222e-07 -0.00108089909255631 -0.000960638989411222 -276061.662471839 311172.759672436 1.44712120840014e-16 4.8237373613338e-17
1.06729166666667e-07 -0.00126424441919608 -0.000702371084675498 -201842.452206221 363861.247477454 1.44793120743079e-16 4.82643735810263e-17
1.07486111111111e-07 -0.00138707222568115 -0.000410331189465184 -117918.085333215 399158.636850353 1.44874165984325e-16 4.82913886614416e-17
1.08243055555555e-07 -0.00144346800992229 -9.84823985217959e-05 -28301.1776117938 415365.259864432 1.44955256589128e-16 4.83184188630428e-17
1.09e-07 -0.00143069452611873 0.000218255987065216 62720.867357866 411694.506112775 1.45036392582882e-16 4.83454641942938e-17
