0 -0.00139 0 0 400000 1.33808e-16 4.46026666666667e-17
5.79787234042553e-10 -0.00137067973038617 0.000231914893617021 66646.0676587095 394447.877082038 1.33833779841418e-16 4.46112599471393e-17
1.15957446808511e-09 -0.00131298709282395 0.000457391687254704 131441.999519219 377868.573500394 1.33859564649655e-16 4.46198548832185e-17
1.73936170212766e-09 -0.00121852739268913 0.000670126325142873 192576.180463454 350723.410600237 1.3388535442567e-16 4.46284514752233e-17
2.31914893617021e-09 -0.00108993400454405 0.000864169721969367 248339.004281834 313769.149004031 1.33911149170418e-16 4.46370497234727e-17
2.89893617021277e-09 -0.000930794958758452 0.00103409412770241 297170.682423438 268036.891592035 1.33936948884857e-16 4.46456496282858e-17
3.47872340425532e-09 -0.000745552828227603 0.00117514495143556 337704.874062546 214803.313652923 1.33962753569945e-16 4.46542511899818e-17
4.05851063829787e-09 -0.000539380708537895 0.00128337379747958 368806.917073141 155555.022937836 1.33988563226639e-16 4.46628544088798e-17
4.63829787234043e-09 -0.000318037753734937 0.00135574899128689 389605.590190097 91947.0445475517 1.34014377855898e-16 4.46714592852992e-17
5.21808510638298e-09 -8.7708302003971e-05 0.00139024050130968 399517.517254282 25756.5900043218 1.34040197458678e-16 4.46800658195594e-17
5.79787234042553e-09 0.000145170914934478 0.00138587687801466 398263.52994531 -41166.5980942283 1.34066022035939e-16 4.46886740119796e-17
6.37765957446808e-09 0.000374090650945832 0.00134277261303092 385876.530060649 -106951.938469224 1.34091851588638e-16 4.46972838628794e-17
6.95744680851064e-09 0.000592651086274266 0.00126212514795431 362700.629926891 -169760.29602331 1.34117686117735e-16 4.47058953725783e-17
7.53723404255319e-09 0.000794740744562835 0.00114618161057448 329381.59329112 -227835.397752943 1.34143525624188e-16 4.4714508541396e-17
8.11702127659574e-09 0.000974707384201222 0.00099817620252377 286848.842224725 -279552.942299509 1.34169370108956e-16 4.47231233696519e-17
8.6968085106383e-09 0.00112751608548159 0.00082223998291399 236289.531380748 -323466.029922026 1.34195219572998e-16 4.4731739857666e-17
9.27659574468085e-09 0.00124889011204152 0.000623285564485769 179115.41278592 -358345.642265861 1.34221074017273e-16 4.47403580057578e-17
9.8563829787234e-09 0.00133543060573627 0.000406869940557703 116923.416016062 -383215.039431541 1.34246933442742e-16 4.47489778142474e-17
1.0436170212766e-08 0.0013847117649983 0.000179039272998182 51451.0444573156 -397377.111660938 1.34272797850363e-16 4.47575992834544e-17
1.10159574468085e-08 0.00139534884141368 -5.3840023570603e-05 -15472.1665248392 -400433.919714156 1.34298667241097e-16 4.47662224136991e-17
1.15957446808511e-08 0.0013670370485511 -0.000285259182226567 -81975.7733642362 -392297.876214618 1.34324541615904e-16 4.47748472053012e-17
1.21755319148936e-08 0.00130056028981025 -0.00050874899768981 -146200.701440622 -373194.253796601 1.34350420975743e-16 4.4783473658581e-17
1.27553191489362e-08 0.00119776945550271 -0.000718060669435207 -206351.21449882 -343654.948273306 1.34376305321576e-16 4.47921017738586e-17
1.33351063829787e-08 0.0010615308899702 -0.000907340518611478 -260745.123565582 -304503.669480495 1.34402194654362e-16 4.48007315514541e-17
1.39148936170213e-08 0.000895646463506117 -0.00107129369367594 -307860.83152115 -256832.972108604 1.34428088975064e-16 4.48093629916879e-17
1.44946808510638e-08 0.000704747477861281 -0.0012053322865144 -346379.897665916 -201973.76701471 1.34453988284641e-16 4.48179960948802e-17
1.50744680851064e-08 0.000494165365981505 -0.00130570371571172 -375223.931599902 -141458.163824388 1.34479892584054e-16 4.48266308613515e-17
1.56542553191489e-08 0.000269782795872215 -0.00136959578443803 -393584.784017686 -76976.6822096971 1.34505801874267e-16 4.48352672914222e-17
1.62340425531915e-08 3.78693369496924e-05 -0.00139521547174435 -400947.189195648 -10331.0268433812 1.34531716156239e-16 4.48439053854129e-17
1.6813829787234e-08 -0.000195093720431193 -0.00138183924973228 -397103.224785554 56616.2547306332 1.34557635430932e-16 4.4852545143644e-17
1.73936170212766e-08 -0.000422594497494186 -0.00132983351458172 -382158.183139332 121993.82468346 1.34583559699309e-16 4.48611865664363e-17
1.79734042553191e-08 -0.000638272549503 -0.00124064455456476 -356527.6883876 183973.863233356 1.34609488962331e-16 4.48698296541104e-17
1.85531914893617e-08 -0.000836096690213917 -0.00111675832960346 -320926.138172427 240823.170583655 1.34635423220961e-16 4.48784744069872e-17
1.91329787234042e-08 -0.00101053364673453 -0.000961631180848369 -276346.791454369 290951.63376744 1.34661362476162e-16 4.48871208253873e-17
1.97127659574468e-08 -0.00115670282856597 -0.000779593401571646 -224034.057395329 332956.703084132 1.34687306728895e-16 4.48957689096318e-17
2.02925531914894e-08 -0.00127051288185125 -0.000575728359655676 -165448.758431243 365662.634096987 1.34713255980124e-16 4.49044186600415e-17
2.08723404255319e-08 -0.00134877620818173 -0.000355730545889458 -102227.337191933 388153.397240602 1.34739210230812e-16 4.49130700769374e-17
2.14521276595745e-08 -0.00138929824254025 -0.00012574651202798 -36136.1464016314 399798.333886999 1.34765169481922e-16 4.49217231606408e-17
2.2031914893617e-08 -0.00139093898990677 0.000107796858379396 30977.9014400576 400269.840301678 1.34791133734418e-16 4.49303779114725e-17
2.26117021276596e-08 -0.00135364509503211 0.000338371948438829 97238.9457949344 389552.583629161 1.34817102989262e-16 4.4939034329754e-17
2.31914893617021e-08 -0.00127845154324726 0.000559532856791004 160794.608959204 367943.990659587 1.34843077247419e-16 4.49476924158063e-17
2.37712765957447e-08 -0.00116745293891402 0.00076509559742425 219867.780615772 336045.994032292 1.34869056509853e-16 4.49563521699509e-17
2.43510638297872e-08 -0.00102374515851735 0.000949311012813087 272806.308393363 294748.26491268 1.34895040777527e-16 4.49650135925091e-17
2.49308510638298e-08 -0.000851339003678798 0.00110702556548937 318129.205015019 245203.399203785 1.34921030051407e-16 4.49736766838023e-17
2.55106382978723e-08 -0.000655048262377874 0.00123382551105926 354568.079723629 188794.749368976 1.34947024332456e-16 4.49823414441521e-17
2.60904255319149e-08 -0.000440355302506422 0.00132616041935586 381102.634920236 127097.799654871 1.3497302362164e-16 4.499100787388e-17
2.66702127659574e-08 -0.000213257950528049 0.00138144258692765 396989.234624324 61836.1631596387 1.34999027919923e-16 4.49996759733077e-17
2.725e-08 1.98980681197806e-05 0.00139811955731296 401781.744839201 -5166.57026333489 1.35025037228271e-16 4.50083457427568e-17
2.78297872340425e-08 0.000252596445822725 0.00137571771673997 395344.061777015 -72037.7900568883 1.35051051547647e-16 4.50170171825491e-17
2.84095744680851e-08 0.000478332412079861 0.00131485574103696 377853.976137047 -136908.201118203 1.35077070879019e-16 4.50256902930064e-17
2.89893617021276e-08 0.00069079456538147 0.00121722751205883 349798.263748773 -197964.077362345 1.35103095223352e-16 4.50343650744506e-17
2.95691489361702e-08 0.000884041334822026 0.00108555497528994 311959.138122004 -253497.972016953 1.35129124581611e-16 4.50430415272036e-17
3.01489361702128e-08 0.00105266713773327 0.000923512250616303 265392.441935449 -301956.466831802 1.35155158954762e-16 4.50517196515874e-17
3.07287234042553e-08 0.00119195358670175 0.000735623112081467 211398.185491497 -341983.624885843 1.35181198343772e-16 4.50603994479241e-17
3.13085106382979e-08 0.0012980015163587 0.000527134697272134 151484.254209508 -372458.931515589 1.35207242749607e-16 4.50690809165358e-17
3.18882978723404e-08 0.00136784013566544 0.000303870971990322 87324.2983360446 -392528.661729612 1.35233292173234e-16 4.50777640577447e-17
3.2468085106383e-08 0.00139951025012297 7.20700424544588e-05 20710.9808717925 -401629.796020631 1.35259346615619e-16 4.5086448871873e-17
3.30478723404255e-08 0.00139211922257677 -0.000161790140425442 -46494.1103054484 -399505.814614224 1.35285406077729e-16 4.5095135359243e-17
3.36276595744681e-08 0.00134586613083691 -0.000391172814798149 -112412.486644074 -386213.927088406 1.35311470560532e-16 4.51038235201772e-17
3.42074468085106e-08 0.00126203641313379 -0.000609665120458638 -175201.265574345 -362123.533622436 1.35337540064994e-16 4.51125133549979e-17
3.47872340425532e-08 0.00114296614520794 -0.000811157383180354 -233104.691976246 -327905.959198642 1.35363614592083e-16 4.51212048640276e-17
3.53670212765957e-08 0.000991976941755443 -0.000990013958547132 -284503.234075849 -284515.746038605 1.35389694142767e-16 4.5129898047589e-17
3.59468085106383e-08 0.000813283296287333 -0.00114123085801353 -327958.880911625 -233164.025584999 1.35415778718014e-16 4.51385929060045e-17
3.65265957446808e-08 0.000611874944247522 -0.00126057574848203 -362255.374426266 -175284.712843485 1.35441868318791e-16 4.5147289439597e-17
3.71063829787234e-08 0.000393377532913571 -0.00134470640855406 -386432.25058926 -112494.466680759 1.35467962946067e-16 4.51559876486891e-17
3.76861702127659e-08 0.000163895488633746 -0.00139126432606383 -399811.73679651 -46547.5341185556 1.35494062600811e-16 4.51646875336037e-17
3.82659574468085e-08 -7.01585296538255e-05 -0.00139894081574773 -402017.752300194 20713.2601120459 1.35520167283991e-16 4.51733890946636e-17
3.8845744680851e-08 -0.000302242825871094 -0.0013675138035494 -392986.479023111 87408.0094961139 1.35546276996575e-16 4.51820923321918e-17
3.94255319148936e-08 -0.000525869503785343 -0.00129785424366719 -372968.20564455 151672.268139103 1.35572391739534e-16 4.51907972465112e-17
4.00053191489362e-08 -0.000734785835338339 -0.00119190198311577 -342520.391728103 211709.171119052 1.35598511513835e-16 4.51995038379449e-17
4.05851063829787e-08 -0.000923149090197198 -0.00105261174258016 -302492.144080222 265839.675770767 1.35624636320448e-16 4.5208212106816e-17
4.11648936170213e-08 -0.00108568993820821 -0.000883870717817019 -254000.537621624 312549.519131388 1.35650766160343e-16 4.52169220534477e-17
4.17446808510638e-08 -0.00121785985491795 -0.000690390099446234 -198399.441109546 350531.578300168 1.3567690103449e-16 4.52256336781633e-17
4.23244680851064e-08 -0.00131595840661214 -0.000477573538485336 -137241.717690041 378722.448715886 1.35703040943858e-16 4.5234346981286e-17
4.29042553191489e-08 -0.0013772368529619 -0.000251366230004439 -72235.8556223447 396332.216755151 1.35729185889418e-16 4.52430619631393e-17
4.34840425531915e-08 -0.00139997516668099 -1.80888297739926e-05 -5198.24041562094 402866.593098698 1.35755335872139e-16 4.52517786240464e-17
4.4063829787234e-08 -0.00138353031212077 0.000215739156442717 61997.5983114647 398140.786693751 1.35781490892993e-16 4.52604969643311e-17
4.46436170212766e-08 -0.00132835442772052 0.000443581576132445 127473.347114564 382284.729898449 1.3580765095295e-16 4.52692169843167e-17
4.52234042553191e-08 -0.0012359823982556 0.000659068333709895 189398.412818963 355739.507082111 1.35833816052981e-16 4.52779386843269e-17
4.58031914893617e-08 -0.00110898915838245 0.000856173487560459 246041.102792545 319245.084818911 1.35859986194056e-16 4.52866620646854e-17
4.63829787234042e-08 -0.000950917915154609 0.00102938376116421 295817.050484986 273819.684980398 1.35886161377148e-16 4.52953871257159e-17
4.69627659574468e-08 -0.000766181290322806 0.00117385275601605 337333.532049908 220731.375706421 1.35912341603227e-16 4.53041138677422e-17
4.75425531914893e-08 -0.000559938140598587 0.00128553655283081 369428.434463505 161462.672880615 1.35938526873265e-16 4.53128422910883e-17
4.81223404255319e-08 -0.000337949494472764 0.00136130690694926 391202.78482257 97669.140268611 1.35964717188234e-16 4.53215723960779e-17
4.87021276595744e-08 -0.000106417628603391 0.00139903886944578 402045.930280885 31133.1444245522 1.35990912549106e-16 4.53303041830352e-17
4.9281914893617e-08 0.00012818722113275 0.00139767037971332 401652.663346289 -36285.9438656389 1.36017112956852e-16 4.53390376522841e-17
4.98617021276595e-08 0.000359307672313429 0.00135723215831743 390031.812278402 -102703.710255992 1.36043318412447e-16 4.53477728041489e-17
5.04414893617021e-08 0.000580482479511712 0.00127884705879423 367506.054812886 -166263.367572701 1.36069528916861e-16 4.53565096389535e-17
5.10212765957447e-08 0.000785527165804547 0.0011646988906274 334702.958728307 -225187.664424019 1.36095744471067e-16 4.53652481570224e-17
5.16010638297872e-08 0.00096870695249554 0.00101797157902256 292537.49801087 -277828.580525234 1.36121965076039e-16 4.53739883586798e-17
5.21808510638298e-08 0.00112489715161555 0.00084276035644755 242186.531705177 -322713.419165092 1.3614819073275e-16 4.538273024425e-17
5.27606382978723e-08 0.00124972653528958 0.000643957463037952 185055.957302297 -358586.00768402 1.36174421442173e-16 4.53914738140575e-17
5.33404255319149e-08 0.00133969967104648 0.000427115546004659 122741.455424249 -384441.853333253 1.36200657205281e-16 4.54002190684268e-17
5.39202127659574e-08 0.00139229479934616 0.000198292572181404 56983.9218849175 -399556.270628797 1.36226898023047e-16 4.54089660076825e-17
5.45e-08 0.00140603451261461 -3.61174146469995e-05 -10379.1680761852 -403504.692594366 1.36253143896447e-16 4.54177146321491e-17
5.50797872340425e-08 0.00138052725483563 -0.00026956296347548 -77465.1046419494 -396174.596621604 1.36279394826454e-16 4.54264649421513e-17
5.56595744680851e-08 0.00131647847602826 -0.000495518320280279 -142398.562612651 -377768.709965171 1.36305650814042e-16 4.54352169380139e-17
5.62393617021276e-08 0.00121567112395895 -0.000707665849183064 -203364.02431444 -348799.40358849 1.36331911860185e-16 4.54439706200617e-17
5.68191489361702e-08 0.00108091601250174 -0.000900072671176557 -258656.540791417 -310074.429372884 1.36358177965858e-16 4.54527259886195e-17
5.73989361702127e-08 0.000915973448209673 -0.00106735658166631 -306729.412019448 -262674.397714015 1.36384449132037e-16 4.54614830440123e-17
5.79787234042553e-08 0.000725448300354207 -0.00120483660682394 -346237.45272988 -207922.62348933 1.36410725359695e-16 4.5470241786565e-17
5.85585106382978e-08 0.00051466144245244 -0.00130866398724883 -376074.6335711 -147348.181830198 1.36437006649808e-16 4.54790022166027e-17
5.91382978723404e-08 0.000289501154360518 -0.00137592992374457 -395405.044330423 -82643.2051027899 1.36463293003352e-16 4.54877643344506e-17
5.9718085106383e-08 5.62586348708671e-05 -0.0014047470688857 -403686.312406194 -15615.6136775265 1.36489584421301e-16 4.54965281404337e-17
6.02978723404255e-08 -0.000178547780286046 -0.00139430248135992 -400684.820453462 51861.3990627115 1.36515880904632e-16 4.55052936348774e-17
6.08776595744681e-08 -0.000408354783528491 -0.00134488055734045 -386482.296240142 117901.716041376 1.36542182454321e-16 4.5514060818107e-17
6.14574468085106e-08 -0.000626737552717347 -0.00125785529209712 -361473.58884336 180659.017152409 1.36568489071343e-16 4.55228296904478e-17
6.20372340425532e-08 -0.000827589372673389 -0.00113565208225065 -326355.691650484 238378.397625966 1.36594800756675e-16 4.55316002522252e-17
6.26170212765957e-08 -0.00100529239916885 -0.000981680130553862 -282108.317321547 289445.440980809 1.36621117511294e-16 4.55403725037647e-17
6.31968085106383e-08 -0.00115487479027351 -0.000800237337043982 -229966.566078896 332431.374323128 1.36647439336176e-16 4.5549146445392e-17
6.37765957446808e-08 -0.00127214981009261 -0.000596390329869185 -171386.449811624 366133.042998393 1.36673766232298e-16 4.55579220774325e-17
6.43563829787234e-08 -0.00135383301301811 -0.00037583298453127 -108004.234332656 389606.586175586 1.36700098200636e-16 4.5566699400212e-17
6.49361702127659e-08 -0.00139763422858614 -0.000144727382250911 -41590.7351146259 402193.870807254 1.36726435242169e-16 4.55754784140563e-17
6.55159574468085e-08 -0.00140232177080748 9.04683501929245e-05 25998.1568837323 403540.943654384 1.36752777357873e-16 4.55842591192911e-17
6.6095744680851e-08 -0.0013677570717586 0.000323180509236081 92873.3370617088 393607.984043698 1.36779124548727e-16 4.55930415162423e-17
6.66755319148936e-08 -0.00129489876561259 0.000546903548821922 157165.28744275 372670.477507682 1.36805476815707e-16 4.56018256052358e-17
6.72553191489361e-08 -0.00118577610306225 0.000755381944867097 217076.339602905 341311.575808862 1.36831834159793e-16 4.56106113865977e-17
6.78351063829787e-08 -0.00104343243338043 0.000942785105832244 270930.939237909 300405.855212626 1.36858196581962e-16 4.56193988606539e-17
6.84148936170212e-08 -0.000871840328212433 0.00110387043873415 317222.506924522 251094.925360868 1.36884564083192e-16 4.56281880277307e-17
6.89946808510638e-08 -0.00067579071420503 0.00123413001008786 354655.584508448 194755.568988276 1.36910936664462e-16 4.56369788881541e-17
6.95744680851064e-08 -0.000460759108571012 0.00132991669896407 382182.088080874 132961.301641602 1.36937314326751e-16 4.56457714422504e-17
7.01542553191489e-08 -0.000232752692332191 0.00138854631181931 399030.653018694 67438.4246660236 1.36963697071038e-16 4.5654565690346e-17
7.07340425531915e-08 1.85750764690999e-06 0.00140837280002335 404728.24946743 17.7988607176667 1.36990084898302e-16 4.56633616327673e-17
7.1313829787234e-08 0.000236514639641486 0.00138883447232547 399113.462554083 -67416.3139364321 1.37016477809522e-16 4.56721592698405e-17
7.18936170212766e-08 0.000464659276760807 0.00133046990488129 382341.064498528 -132978.911854508 1.37042875805677e-16 4.56809586018923e-17
7.24734042553191e-08 0.000679912773932338 0.0012349030982648 354877.749140235 -194836.944827405 1.37069278887748e-16 4.56897596292492e-17
7.30531914893617e-08 0.000876255606767602 0.00110479829045067 317489.146411586 -251260.564360227 1.37095687056714e-16 4.56985623522378e-17
7.36329787234042e-08 0.0010481957061872 0.000943785683045945 271218.478065804 -300671.498347447 1.37122100313555e-16 4.57073667711849e-17
7.42127659574468e-08 0.00119092208137304 0.00075636015136244 217357.44969142 -341687.19815423 1.37148518659251e-16 4.57161728864171e-17
7.47925531914893e-08 0.00130043943394834 0.000547755764510318 157410.191181113 -373159.523090762 1.37174942094784e-16 4.57249806982612e-17
7.53723404255319e-08 0.00137367999681564 0.000323799618426929 93051.2522976725 -394206.879869309 1.37201370621133e-16 4.57337902070442e-17
7.59521276595744e-08 0.00140858946700275 9.07490637012189e-05 26078.8263533584 -404238.917379854 1.37227804239279e-16 4.5742601413093e-17
7.6531914893617e-08 0.00140418462542079 -0.0001448831249897 -41635.4913652697 -402973.085050076 1.37254242950204e-16 4.57514143167346e-17
7.71117021276595e-08 0.00136058102741841 -0.000376510753067776 -108199.006677961 -390442.590361672 1.37280686754888e-16 4.5760228918296e-17
7.76914893617021e-08 0.00127898998432417 -0.000597658297633563 -171750.829451482 -366995.531427273 1.37307135654313e-16 4.57690452181043e-17
7.82712765957446e-08 0.00116168491443637 -0.000802141940877255 -230513.897705406 -333285.227175048 1.37333589649461e-16 4.57778632164869e-17
7.88510638297872e-08 0.00101193799815906 -0.000984242484254813 -282844.6684694 -290252.013748138 1.37360048741312e-16 4.57866829137708e-17
7.94308510638297e-08 0.000833928902259582 -0.00113886530834697 -327279.085920158 -239097.014325057 1.3738651293085e-16 4.57955043102835e-17
8.00106382978723e-08 0.000632628119322405 -0.00126168290450297 -362573.541120649 -181248.614034143 1.37412982219057e-16 4.58043274063522e-17
8.05904255319149e-08 0.000413658178553369 -0.00134925599068464 -387739.677437809 -118322.575692612 1.37439456606914e-16 4.58131522023045e-17
8.11702127659574e-08 0.000183136603283691 -0.00139912982180006 -402072.067527452 -52076.9100408578 1.37465936095404e-16 4.58219786984679e-17
8.175e-08 -5.24949984904326e-05 -0.00140990299755808 -405167.986850572 15637.2390137578 1.3749242068551e-16 4.58308068951699e-17
8.23297872340425e-08 -0.000286650935724711 -0.00138126683914012 -396938.729463763 82927.3219929689 1.37518910378214e-16 4.58396367927381e-17
8.29095744680851e-08 -0.00051278549821673 -0.00131401422831173 -377612.14814081 147912.278831073 1.37545405174501e-16 4.58484683915003e-17
8.34893617021276e-08 -0.000724575938362627 -0.00121001765600849 -347726.346130003 208775.122882566 1.37571905075353e-16 4.58573016917842e-17
8.40691489361702e-08 -0.000916099255632186 -0.00107217708807786 -308114.695178467 263813.743998665 1.37598410081753e-16 4.58661366939176e-17
8.46489361702127e-08 -0.00108199784086285 -0.000904339099685385 -259882.596947733 311488.510217111 1.37624920194685e-16 4.58749733982284e-17
8.52287234042553e-08 -0.00121762934792547 -0.000711189533308141 -204376.6358244 350465.336825215 1.37651435415134e-16 4.58838118050445e-17
8.58085106382978e-08 -0.00131919660031861 -0.000498122675775221 -143146.983940045 379653.0180014 1.37677955744082e-16 4.5892651914694e-17
8.63882978723404e-08 -0.00138385389753001 -0.000271090606761962 -77904.1080032318 398233.776388124 1.37704481182515e-16 4.5901493727505e-17
8.69680851063829e-08 -0.00140978674500688 -3.64369261209531e-05 -10470.9870317458 405686.175328834 1.37731011731416e-16 4.59103372438055e-17
8.75478723404255e-08 -0.00139626277390082 0.000199280495093694 57267.824208857 401799.751825403 1.37757547391771e-16 4.59191824639237e-17
8.8127659574468e-08 -0.00134365242166304 0.000429472787333748 123418.862824249 386680.959581824 1.37784088164564e-16 4.5928029388188e-17
8.87074468085106e-08 -0.00125341878957336 0.000647704257083622 186132.684568823 360750.254332375 1.3781063405078e-16 4.59368780169267e-17
8.92872340425531e-08 -0.00112807695477989 0.0008478723150986 243655.570354713 324730.40122235 1.37837185051404e-16 4.59457283504681e-17
8.98670212765957e-08 -0.000971123868326314 0.00102437812795242 294378.566890835 279626.329397182 1.37863741167422e-16 4.59545803891407e-17
9.04468085106383e-08 -0.000786940793079569 0.00117228322083693 336882.49009176 226697.095301701 1.37890302399819e-16 4.5963434133273e-17
9.10265957446808e-08 -0.000580671003447149 0.00128744765134551 369977.632485789 167420.736886827 1.37916868749581e-16 4.59722895831936e-17
9.16063829787234e-08 -0.000358076160811602 0.00136664588827971 392737.063649722 103452.999794156 1.37943440217693e-16 4.59811467392311e-17
9.21861702127659e-08 -0.00012537537535118 0.00140765715199113 404522.59157961 36581.0880762276 1.37970016805143e-16 4.59900056017143e-17
9.27659574468085e-08 0.000110928550339487 0.00140932768602961 405002.657878147 -31326.2686871802 1.37996598512916e-16 4.59988661709719e-17
9.3345744680851e-08 0.000344230841237962 0.00137160321399328 394161.664975494 -98371.0367986599 1.38023185341998e-16 4.60077284473327e-17
9.39255319148936e-08 0.000568009355356856 0.00129553066856099 372300.473006411 -162678.929060042 1.38049777293377e-16 4.60165924311257e-17
9.45053191489361e-08 0.000776006914909155 0.00118322913845466 340028.050753089 -222451.80181767 1.38076374368039e-16 4.60254581226797e-17
9.50851063829787e-08 0.000962406265984171 0.00103783083952898 298244.512332893 -276017.933641009 1.38102976566972e-16 4.60343255223239e-17
9.56648936170212e-08 0.00112199277461754 0.000863393754264325 248116.012151554 -321878.77977261 1.38129583891162e-16 4.60431946303873e-17
9.62446808510638e-08 0.00125030030900412 0.000664788376217282 191042.198321534 -358750.894730311 1.38156196341597e-16 4.6052065447199e-17
9.68244680851063e-08 0.00134373622672839 0.000447561720303328 128617.13289549 -385601.850256647 1.38182813919265e-16 4.60609379730883e-17
9.74042553191489e-08 0.00139968196918397 0.00021778239589009 62584.7700636911 -401679.143434156 1.38209436625153e-16 4.60698122083844e-17
9.79840425531914e-08 0.00141656644653889 -1.81289302325563e-05 -5209.76420278684 -406531.28553951 1.3823606446025e-16 4.60786881534167e-17
9.8563829787234e-08 0.00139391015665405 -0.000253578944704716 -72871.7299783389 -400020.480627367 1.38262697425544e-16 4.60875658085146e-17
9.91436170212765e-08 0.00133233879904808 -0.000481985959052011 -138509.728015031 -382326.537815645 1.38289335522023e-16 4.60964451740075e-17
9.97234042553191e-08 0.00123356599747646 -0.000696963891689739 -200288.571194303 -353941.906222069 1.38315978750675e-16 4.6105326250225e-17
1.00303191489362e-07 0.00110034560813377 -0.000892500817519875 -256480.59485179 -315657.969631458 1.3834262711249e-16 4.61142090374967e-17
1.00882978723404e-07 0.000936394940761478 -0.00106312709302786 -305513.97138274 -268542.982318792 1.38369280608457e-16 4.61230935361522e-17
1.01462765957447e-07 0.000746291033278872 -0.00120406835522324 -346016.677999286 -213912.26118368 1.38395939239564e-16 4.61319797465213e-17
1.02042553191489e-07 0.000535342874209643 -0.00131137911468815 -376854.887759181 -153291.465931847 1.38422603006801e-16 4.61408676689337e-17
1.02622340425532e-07 0.000309443140072075 -0.00138205320463111 -397164.709636489 -88373.9924112419 1.38449271911158e-16 4.61497573037192e-17
1.03202127659574e-07 7.49035882120321e-05 -0.00141410799407434 -406376.389113818 -20973.6689644835 1.38475945953624e-16 4.61586486512079e-17
1.03781914893617e-07 -0.000161721296760431 -0.00140664000608505 -404230.29135767 47025.9228152989 1.38502625135189e-16 4.61675417117296e-17
1.0436170212766e-07 -0.000393817475533833 -0.0013598503808299 -390784.218611563 113724.086924604 1.38529309456843e-16 4.61764364856144e-17
1.04941489361702e-07 -0.000614896226697688 -0.00127503946586686 -366411.85559223 177256.140335113 1.38555998919577e-16 4.61853329731925e-17
1.05521276595745e-07 -0.000818775551916954 -0.00115457067894554 -331792.384635875 235845.543934236 1.38582693524382e-16 4.61942311747939e-17
1.06101063829787e-07 -0.000999753042141298 -0.0010018046475492 -287891.559183905 287853.579598013 1.38609393272247e-16 4.62031310907489e-17
1.0668085106383e-07 -0.00115276537102688 -0.000821005460467373 -235934.763020596 331825.184286609 1.38636098164163e-16 4.62120327213877e-17
1.07260638297872e-07 -0.00127352995463039 -0.000617221646602098 -177372.806801247 366529.659208803 1.38662808201123e-16 4.62209360670409e-17
1.07840425531915e-07 -0.0013586648140866 -0.000396145203170963 -113841.416570702 390995.115113516 1.38689523384116e-16 4.62298411280387e-17
1.08420212765957e-07 -0.00140578328651541 -0.000163952609701732 -47115.5454856126 404535.68964277 1.38716243714135e-16 4.62387479047116e-17
1.09e-07 -0.00141356093183213 7.28677314722075e-05 20940.2151198316 406770.7745393 1.38742969192171e-16 4.62476563973903e-17
