0 -0.00139 0 0 400000 1.33808e-16 4.46026666666667e-17
1.51810584958217e-10 -0.00138867541451178 6.07242339832869e-05 17450.5023953167 399619.349957689 1.33808121175232e-16 4.46027070584108e-17
3.03621169916435e-10 -0.00138470291855591 0.000121332894555399 34867.7921182577 398477.762066892 1.33808242350575e-16 4.46027474501916e-17
4.55431754874652e-10 -0.0013780900739857 0.000181710573278999 52218.7039054668 396577.409399717 1.33808363526027e-16 4.46027878420089e-17
6.07242339832869e-10 -0.00136884947029643 0.000241742301437667 69470.1988574848 393921.909836591 1.33808484701588e-16 4.46028282338628e-17
7.59052924791086e-10 -0.00135699870065756 0.000301313768954641 86589.4273500765 390516.319178561 1.3380860587726e-16 4.46028686257533e-17
9.10863509749304e-10 -0.0013425603284171 0.000360311542057615 103543.791585205 386367.12152156 1.33808727053041e-16 4.46029090176803e-17
1.06267409470752e-09 -0.00132556184414202 0.000418623279275102 120301.007662544 381482.216910979 1.33808848228932e-16 4.46029494096439e-17
1.21448467966574e-09 -0.00130603561327637 0.000476137945353094 136829.167053341 375870.906300023 1.33808969404932e-16 4.46029898016442e-17
1.36629526462396e-09 -0.00128401881451683 0.000532746022684664 153096.797359566 369543.873840523 1.33809090581043e-16 4.46030301936809e-17
1.51810584958217e-09 -0.00125955336902306 0.000588339719849929 169072.922242656 362513.166539893 1.33809211757263e-16 4.46030705857543e-17
1.66991643454039e-09 -0.00123268586059759 0.000642813176869271 184727.120407739 354792.171322992 1.33809332933593e-16 4.46031109778642e-17
1.82172701949861e-09 -0.00120346744698717 0.000696062666778977 200029.583531019 346395.58954254 1.33809454110032e-16 4.46031513700108e-17
1.97353760445682e-09 -0.00117195376247464 0.000747986793145474 214951.173020031 337339.408986645 1.33809575286582e-16 4.46031917621939e-17
2.12534818941504e-09 -0.00113820481194664 0.000798486683142049 229463.475498659 327640.873436729 1.33809696463241e-16 4.46032321544135e-17
2.27715877437326e-09 -0.00110228485663889 0.000847466175820392 243538.856911294 317318.44983382 1.33809817640009e-16 4.46032725466698e-17
2.42896935933148e-09 -0.00106426229177664 0.000894832005218491 257150.515143083 306391.793115724 1.33809938816888e-16 4.46033129389626e-17
2.58077994428969e-09 -0.00102420951634328 0.000940493977956167 270272.531056087 294881.708792037 1.33810059993876e-16 4.4603353331292e-17
2.73259052924791e-09 -0.000982202795224998 0.000984365144980108 282879.917844158 282810.11332826 1.33810181170974e-16 4.4603393723658e-17
2.88440111420613e-09 -0.00093832211399405 0.00102636196713136 294948.668612554 270199.992414433 1.33810302348182e-16 4.46034341160606e-17
3.03621169916434e-09 -0.000892651026607154 0.00106640447421996 306455.802091693 257075.357197773 1.33810423525499e-16 4.46034745084998e-17
3.18802228412256e-09 -0.000845276496308965 0.00110441641730391 317379.406398003 243461.198562637 1.33810544702926e-16 4.46035149009755e-17
3.33983286908078e-09 -0.000796288730043588 0.0011403254138824 327698.680758527 229383.439544871 1.33810665880463e-16 4.46035552934878e-17
3.491643454039e-09 -0.00074578100668945 0.00117406308572682 337393.975119846 214868.885971153 1.3381078705811e-16 4.46035956860367e-17
3.64345403899721e-09 -0.000693849499444557 0.00120556518908728 346446.827565881 199945.175417327 1.33810908235866e-16 4.46036360786222e-17
3.79526462395543e-09 -0.000640593092700367 0.00123477173702637 354839.999473332 184640.7245829 1.33811029413733e-16 4.46036764712442e-17
3.94707520891365e-09 -0.000586113193752952 0.00126162711364755 362557.508337816 168984.675181929 1.33811150591709e-16 4.46037168639028e-17
4.09888579387186e-09 -0.000530513539709999 0.00128608018000042 369584.658208179 153006.838453311 1.33811271769794e-16 4.4603757256598e-17
4.25069637883008e-09 -0.000473899999961297 0.00130808437146129 375908.067671041 136737.638396148 1.3381139294799e-16 4.46037976493298e-17
4.4025069637883e-09 -0.000416380374588859 0.00132759778640365 381515.695332285 120208.053838264 1.33811514126295e-16 4.46038380420982e-17
4.55431754874652e-09 -0.00035806418910052 0.00134458326598961 386396.862746961 103449.559448198 1.33811635304709e-16 4.46038784349031e-17
4.70612813370473e-09 -0.000299062485877863 0.00135900846493039 390542.274753941 86494.0658029735 1.33811756483234e-16 4.46039188277447e-17
4.85793871866295e-09 -0.000239487612735604 0.00137084591308116 393944.037176606 69373.8586257895 1.33811877661868e-16 4.46039592206228e-17
5.00974930362117e-09 -0.000179453008995027 0.00138007306775291 396595.671855861 52121.5373093088 1.33811998840612e-16 4.46039996135375e-17
5.16155988857938e-09 -0.000119072989478832 0.00138667235664168 398492.12898684 34769.9528416211 1.33812120019466e-16 4.46040400064887e-17
5.3133704735376e-09 -5.84625268386942e-05 0.00139063121129346 399629.79673581 17352.1452530711 1.3381224119843e-16 4.46040803994766e-17
5.46518105849582e-09 2.26296736998203e-06 0.00139194209104107 400006.508118976 -98.7192969362659 1.33812362377503e-16 4.4604120792501e-17
5.61699164345404e-09 6.29878624492473e-05 0.00139060249736723 399621.545130056 -17549.411673356 1.33812483556686e-16 4.4604161185562e-17
5.76880222841225e-09 0.000123596528737274 0.00138661497866677 398475.640108795 -34966.7030388965 1.33812604735979e-16 4.46042015786596e-17
5.92061281337047e-09 0.00018397355778525 0.00137998712539863 396570.974347785 -52317.4281269031 1.33812725915381e-16 4.46042419717937e-17
6.07242339832869e-09 0.000244003982113242 0.00137073155563699 393911.173940259 -69568.5483932505 1.33812847094893e-16 4.46042823649645e-17
6.22423398328691e-09 0.000303573494126594 0.00135886589104909 390501.302876754 -86687.2149269932 1.33812968274515e-16 4.46043227581718e-17
6.37604456824512e-09 0.000362568663775993 0.00134441272334532 386347.85340378 -103640.830999981 1.33813089454247e-16 4.46043631514157e-17
6.52785515320334e-09 0.000420877154546747 0.0013273995712656 381458.733662873 -120397.114136338 1.33813210634089e-16 4.46044035446962e-17
6.67966573816156e-09 0.000478387937366006 0.00130785882818386 375843.252633538 -136924.157583609 1.3381333181404e-16 4.46044439380132e-17
6.83147632311977e-09 0.000534991502020596 0.00128582770043047 369512.102408771 -153190.491068528 1.33813452994101e-16 4.46044843313669e-17
6.98328690807799e-09 0.000590580065682904 0.00126134813644989 362477.337836902 -169165.140721718 1.33813574174271e-16 4.46045247247571e-17
7.13509749303621e-09 0.000645047778147739 0.00123446674692861 354752.35356852 -184817.688057212 1.33813695354552e-16 4.46045651181839e-17
7.28690807799443e-09 0.000698290923389361 0.00120523471604539 346351.858552182 -200118.327894494 1.33813816534942e-16 4.46046055116473e-17
7.43871866295264e-09 0.000750208117054891 0.00117370770401273 337291.848027477 -215037.925112761 1.33813937715442e-16 4.46046459051472e-17
7.59052924791086e-09 0.000800700499518025 0.00113994574109517 327589.573068759 -229548.07012934 1.33814058896051e-16 4.46046862986838e-17
7.74233983286908e-09 0.000849671924125449 0.00110401311330636 317263.507737555 -243621.132996615 1.33814180076771e-16 4.46047266922569e-17
7.8941504178273e-09 0.000897029140277503 0.00106597824000223 306333.313906177 -257230.316014459 1.338143012576e-16 4.46047670858666e-17
8.04596100278551e-09 0.000942681970994479 0.00102591354360369 294819.803819531 -270349.704757985 1.33814422438539e-16 4.46048074795128e-17
8.19777158774373e-09 0.000986543484630419 0.000983895311696644 282744.900466405 -282954.317423447 1.33814543619587e-16 4.46048478731957e-17
8.34958217270195e-09 0.00102853016040745 0.00094000355177207 270131.595835683 -295020.15239833 1.33814664800745e-16 4.46048882669151e-17
8.50139275766017e-09 0.00106856204745546 0.00089432183888263 257003.907136988 -306524.23396505 1.33814785982013e-16 4.46049286606711e-17
8.65320334261839e-09 0.00110656291705423 0.000846937156506001 243386.831069099 -317444.656051229 1.33814907163391e-16 4.46049690544637e-17
8.8050139275766e-09 0.00114246040778816 0.000797939730917856 229306.296223232 -327760.623943235 1.33815028344879e-16 4.46050094482929e-17
8.95682451253482e-09 0.00117618616333719 0.000747422859389924 214789.113711803 -337452.493883567 1.33815149526476e-16 4.46050498421587e-17
9.10863509749304e-09 0.00120767596264153 0.000695482732540223 199862.926116695 -346501.81047667 1.33815270708183e-16 4.4605090236061e-17
9.26044568245126e-09 0.00123686984219226 0.000642218251173758 184556.154854226 -354891.341831959 1.3381539189e-16 4.46051306299999e-17
9.41225626740948e-09 0.00126371221021511 0.000587730837962436 168897.946057052 -362605.112377133 1.33815513071926e-16 4.46051710239754e-17
9.56406685236769e-09 0.00128815195252974 0.000532124244322778 152918.115076041 -369628.433279293 1.33815634253963e-16 4.46052114179875e-17
9.71587743732591e-09 0.00131014252988325 0.000475504352859168 136647.089707813 -375947.93041593 1.33815755436109e-16 4.46052518120362e-17
9.86768802228413e-09 0.00132964206657224 0.000417978975748807 120115.852256022 -381551.569842529 1.33815876618364e-16 4.46052922061214e-17
1.00194986072423e-08 0.00134661343018493 0.000359657649452277 103355.880536728 -386428.680708291 1.3381599780073e-16 4.46053326002432e-17
1.01713091922006e-08 0.00136102430231133 0.000300651426140615 86399.0879401821 -390569.975576327 1.33816118983205e-16 4.46053729944016e-17
1.03231197771588e-08 0.00137284724008692 0.000241072662236053 69277.7626631482 -393967.568109638 1.3381624016579e-16 4.46054133885966e-17
1.0474930362117e-08 0.00138205972845254 0.000181034804469062 52024.50622749 -396614.988089202 1.33816361348485e-16 4.46054537828282e-17
1.06267409470752e-08 0.00138864422303101 0.000120652173859092 34672.1714020754 -398507.193735553 1.33816482531289e-16 4.46054941770963e-17
1.07785515320334e-08 0.00139258818353889 6.00397480303289e-05 17253.7996462144 -399640.581310418 1.33816603714203e-16 4.46055345714011e-17
1.09303621169917e-08 0.00139388409766967 -6.87057723017957e-07 -197.441806257026 -400012.991980092 1.33816724897227e-16 4.46055749657424e-17
1.10821727019499e-08 0.00139252949540287 -6.1412610205024e-05 -17648.3231024432 -399623.715927504 1.33816846080361e-16 4.46056153601203e-17
1.12339832869081e-08 0.00138852695371198 -0.000122021278501472 -35065.6150451497 -398473.493705132 1.33816967263604e-16 4.46056557545347e-17
1.13857938718663e-08 0.00138188409166205 -0.000182397654159132 -52416.1523664522 -396564.514826188 1.33817088446957e-16 4.46056961489858e-17
1.15376044568245e-08 0.00137261355590633 -0.000242426770941634 -69666.896879592 -393900.413596759 1.3381720963042e-16 4.46057365434734e-17
1.16894150417827e-08 0.00136073299660968 -0.000301994323743501 -86785.0003889459 -390486.262196825 1.33817330813993e-16 4.46057769379976e-17
1.1841225626741e-08 0.00134626503384439 -0.000360986886245472 -103737.867238281 -386328.561023345 1.33817451997675e-16 4.46058173325584e-17
1.19930362116992e-08 0.00132923721452259 -0.000419292126896684 -120493.21637819 -381435.226313779 1.33817573181467e-16 4.46058577271557e-17
1.21448467966574e-08 0.00130968195994704 -0.000476799022812439 -137019.142834525 -375815.575073623 1.33817694365369e-16 4.46058981217897e-17
1.22966573816156e-08 0.00128763650408037 -0.000533398071180256 -153284.178460781 -369480.307336645 1.33817815549381e-16 4.46059385164602e-17
1.24484679665738e-08 0.0012631428226502 -0.000588981497771665 -169257.35185874 -362441.485791608 1.33817936733502e-16 4.46059789111674e-17
1.26002785515321e-08 0.00123624755322502 -0.000643443462162697 -184908.247353295 -354712.512814264 1.33818057917733e-16 4.46060193059111e-17
1.27520891364903e-08 0.0012070019064133 -0.000696680259272286 -200207.062909134 -346308.104948355 1.33818179102074e-16 4.46060597006913e-17
1.29038997214485e-08 0.00117546156835463 -0.000748590516834844 -215124.666879012 -337244.264884214 1.33818300286525e-16 4.46061000955082e-17
1.30557103064067e-08 0.00114168659468865 -0.000799075388430954 -229632.65347556 -327538.250988311 1.33818421471085e-16 4.46061404903616e-17
1.32075208913649e-08 0.00110574129620378 -0.00084803874170864 -243703.39686098 -317208.544441772 1.33818542655755e-16 4.46061808852516e-17
1.33593314763231e-08 0.00106769411638324 -0.000895387341436808 -257310.103751654 -306274.814050441 1.33818663840535e-16 4.46062212801782e-17
1.35111420612814e-08 0.00102761750108179 -0.000941031027042267 -270426.864437484 -294757.878793479 1.33818785025424e-16 4.46062616751414e-17
1.36629526462396e-08 0.000985587760581145 -0.000984882884292299 -283028.702118819 -282679.668181833 1.33818906210424e-16 4.46063020701412e-17
1.38147632311978e-08 0.000941684924286798 -0.00102685941079583 -295091.620467013 -270063.180502028 1.33819027395533e-16 4.46063424651775e-17
1.3966573816156e-08 0.000895992588342941 -0.00106688067500811 -306592.649318065 -256932.439024823 1.33819148580751e-16 4.46063828602505e-17
1.41183844011142e-08 0.00084859775645561 -0.001104870468436 -317509.88841232 -243312.446262079 1.3381926976608e-16 4.460642325536e-17
1.42701949860725e-08 0.00079959067422716 -0.00114075645075426 -327822.549096941 -229229.136358978 1.33819390951518e-16 4.4606463650506e-17
1.44220055710307e-08 0.000749064657317511 -0.00117447028755627 -337510.993911752 -214709.325712206 1.33819512137066e-16 4.46065040456887e-17
1.45738161559889e-08 0.000697115913759377 -0.001205947780477 -346556.773983064 -199780.661908156 1.33819633322724e-16 4.4606544440908e-17
1.47256267409471e-08 0.000643843360765797 -0.00123512898944045 -354942.66415428 -184471.571078374 1.33819754508491e-16 4.46065848361638e-17
1.48774373259053e-08 0.000589348436378807 -0.0012619583467988 -362652.695786387 -168811.203772473 1.33819875694369e-16 4.46066252314562e-17
1.50292479108635e-08 0.000533734906317885 -0.00128638476314574 -369672.187165868 -152829.379451605 1.33819996880356e-16 4.46066656267852e-17
1.51810584958218e-08 0.000477108666395961 -0.00130836172460279 -375987.77146214 -136556.529708169 1.33820118066452e-16 4.46067060221508e-17
1.533286908078e-08 0.000419577540879223 -0.00132784738139308 -381587.422181273 -120023.640319866 1.33820239252659e-16 4.4606746417553e-17
1.54846796657382e-08 0.000361251077174657 -0.00134480462753408 -386460.476067517 -103262.192248458 1.33820360438975e-16 4.46067868129917e-17
1.56364902506964e-08 0.00030224033723628 -0.00135920117149746 -390597.653409044 -86304.1016955582 1.33820481625401e-16 4.4606827208467e-17
1.57883008356546e-08 0.000242657686087246 -0.00137100959770155 -393991.075709212 -69181.6593296041 1.33820602811937e-16 4.46068676039789e-17
1.59401114206128e-08 0.000182616577860515 -0.00138020741871932 -396634.280689723 -51927.4687997341 1.33820723998582e-16 4.46069079995274e-17
1.60919220055711e-08 0.000122231339765496 -0.00138677711810238 -398522.234597087 -34574.384653643 1.33820845185337e-16 4.46069483951125e-17
1.62437325905293e-08 6.16169543920147e-05 -0.00139070618373951 -399651.341788971 -17155.4497776312 1.33820966372202e-16 4.46069887907341e-17
1.63955431754875e-08 8.88840766145977e-07 -0.00139198713168627 -400019.45158216 296.167522028016 1.33821087559177e-16 4.46070291863924e-17
1.65473537604457e-08 -5.98373654252027e-05 -0.00139061752042007 -399625.862349104 17747.2366765979 1.33821208746262e-16 4.46070695820872e-17
1.66991643454039e-08 -0.000120446032022457 -0.00138659995549384 -398471.322855236 35164.5281310021 1.33821329933456e-16 4.46071099778186e-17
1.68509749303621e-08 -0.000180821750575029 -0.00137994208457917 -396558.030834524 52514.8766180756 1.3382145112076e-16 4.46071503735866e-17
1.70027855153204e-08 -0.000240849556097186 -0.00137065658290857 -393889.62880595 69765.2443104588 1.33821572308173e-16 4.46071907693911e-17
1.71545961002786e-08 -0.000300415145979703 -0.00135876112914435 -390471.197138899 86882.7837298839 1.33821693495697e-16 4.46072311652323e-17
1.73064066852368e-08 -0.000359405097640432 -0.00134427837172027 -386309.244380643 103834.900294063 1.3382181468333e-16 4.460727156111e-17
1.7458217270195e-08 -0.000417707084499372 -0.00132723588571987 -381411.694864349 120589.314382081 1.33821935871073e-16 4.46073119570243e-17
1.76100278551532e-08 -0.000475210089866971 -0.00130766612037367 -375787.873621194 137114.122800106 1.33822057058926e-16 4.46073523529752e-17
1.77618384401114e-08 -0.00053180461833838 -0.00128560633727523 -369448.488625321 153377.859530387 1.33822178246888e-16 4.46073927489627e-17
1.79136490250697e-08 -0.000587382904291147 -0.00126109853943358 -362405.610405445 169349.555647843 1.3382229943496e-16 4.46074331449867e-17
1.80654596100279e-08 -0.000641839117089317 -0.00123418939129729 -354672.649061912 184998.798290177 1.33822420623142e-16 4.46074735410474e-17
1.82172701949861e-08 -0.000695069562603201 -0.00120493012990224 -346264.328732998 200295.788569206 1.33822541811434e-16 4.46075139371446e-17
1.83690807799443e-08 -0.000746972880661094 -0.00117337646731256 -337196.659559043 215211.398313142 1.33822662999835e-16 4.46075543332784e-17
1.85208913649025e-08 -0.000797450238056944 -0.00113958848454014 -327486.907197815 229717.225531777 1.33822784188346e-16 4.46075947294487e-17
1.86727019498607e-08 -0.000846405516746466 -0.00110363051714504 -317153.559949143 243785.648498957 1.33822905376967e-16 4.46076351256557e-17
1.8824512534819e-08 -0.000893745496873329 -0.00106557103273438 -306216.293551421 257389.878349357 1.33823026565698e-16 4.46076755218992e-17
1.89763231197772e-08 -0.000939380034276914 -0.0010254825005931 -294695.933717015 270504.010089407 1.33823147754538e-16 4.46077159181794e-17
1.91281337047354e-08 -0.000983222232143625 -0.000983441253694783 -282614.416477899 283103.071925239 1.33823268943488e-16 4.46077563144961e-17
1.92799442896936e-08 -0.0010251886064749 -0.000939527343355271 -269994.746417042 295163.072813719 1.33823390132548e-16 4.46077967108494e-17
1.94317548746518e-08 -0.00106519924505685 -0.000893824386805853 -256860.952865061 306661.048146014 1.33823511321718e-16 4.46078371072393e-17
1.958356545961e-08 -0.00110317795962877 -0.000846419407976266 -243238.044145565 317575.103476722 1.33823632510997e-16 4.46078775036657e-17
1.97353760445682e-08 -0.00113905243096089 -0.00079740267179065 -229151.959956292 327884.456215269 1.33823753700386e-16 4.46079179001288e-17
1.98871866295265e-08 -0.00117275434656488 -0.000746867512292013 -214629.52197673 337569.475200213 1.33823874889885e-16 4.46079582966284e-17
2.00389972144847e-08 -0.00120421953077518 -0.000694910154922443 -199698.382796258 346611.718081069 1.33823996079494e-16 4.46079986931646e-17
2.01908077994429e-08 -0.00123338806695314 -0.000641629533297499 -184386.97326006 354993.966436504 1.33824117269212e-16 4.46080390897374e-17
2.03426183844011e-08 -0.00126020441158155 -0.000587127100823641 -168724.448333069 362700.258561993 1.3382423845904e-16 4.46080794863467e-17
2.04944289693593e-08 -0.00128461750003208 -0.000531506637517422 -152740.631585032 369715.919864535 1.33824359648978e-16 4.46081198829927e-17
2.06462395543175e-08 -0.00130658084380435 -0.000474874052394272 -136465.958402386 376027.590806528 1.33824480839026e-16 4.46081602796753e-17
2.07980501392758e-08 -0.00132605261905141 -0.000417337181803163 -119931.4180351 381623.252345601 1.33824602029183e-16 4.46082006763944e-17
2.0949860724234e-08 -0.00134299574622313 -0.000359005584091142 -103168.494588813 386492.248821959 1.3382472321945e-16 4.46082410731501e-17
2.11016713091922e-08 -0.00135737796067566 -0.000299990330988728 -86209.1070746393 390625.308249649 1.33824844409827e-16 4.46082814699424e-17
2.12534818941504e-08 -0.00136917187411279 -0.000240403796113405 -69085.5486307958 394014.559973127 1.33824965600314e-16 4.46083218667712e-17
2.14052924791086e-08 -0.00137835502674186 -0.000180359440993924 -51830.4250317706 396653.549655473 1.3382508679091e-16 4.46083622636367e-17
2.15571030640668e-08 -0.00138490993004525 -0.000119971599022859 -34476.592602133 398537.251569743 1.33825207981616e-16 4.46084026605387e-17
2.17089136490251e-08 -0.00138882410008569 -5.93552577488061e-05 -17057.0956531993 399662.078170026 1.33825329172432e-16 4.46084430574773e-17
2.18607242339833e-08 -0.00139009008128214 1.37416007723602e-06 394.896438314172 400025.886923995 1.33825450363358e-16 4.46084834544525e-17
2.20125348189415e-08 -0.00138870546061101 6.21010162843686e-05 17846.1523898389 399627.984393931 1.33825571554393e-16 4.46085238514643e-17
2.21643454038997e-08 -0.00138467287220542 0.000122709677474694 35263.4422904379 398469.127558445 1.33825692745538e-16 4.46085642485127e-17
2.23161559888579e-08 -0.00137799999234399 0.000183084735207325 52613.6008757341 396551.522372392 1.33825813936793e-16 4.46086046455976e-17
2.24679665738161e-08 -0.00136869952483862 0.000243111225754241 69863.5906798002 393878.819567697 1.33825935128157e-16 4.46086450427192e-17
2.26197771587744e-08 -0.00135678917684894 0.000302674849009541 86980.564943756 390456.107703104 1.33826056319632e-16 4.46086854398773e-17
2.27715877437326e-08 -0.0013422916251697 0.000361662186135253 103931.930161288 386289.903476067 1.33826177511216e-16 4.4608725837072e-17
2.29233983286908e-08 -0.0013252344730551 0.000419960915529271 120685.408141994 381388.139315237 1.3382629870291e-16 4.46087662343033e-17
2.3075208913649e-08 -0.00130565019766235 0.00047746002670418 137209.09747437 375760.148277164 1.33826419894713e-16 4.46088066315711e-17
2.32270194986072e-08 -0.00128357608821453 0.000534050031669706 153471.53427141 369416.646275974 1.33826541086627e-16 4.46088470288756e-17
2.33788300835654e-08 -0.00125905417500043 0.000589623173416286 169441.752083147 362369.711679845 1.3382666227865e-16 4.46088874262166e-17
2.35306406685237e-08 -0.00123213114934669 0.000644073631102772 185089.340862046 354632.762313153 1.33826783470783e-16 4.46089278235942e-17
2.36824512534819e-08 -0.00120285827471437 0.000697297721557554 200384.504868979 346220.529908052 1.33826904663025e-16 4.46089682210084e-17
2.38342618384401e-08 -0.00117129128908954 0.000749194096709403 215298.119409507 337149.032054155 1.33827025855378e-16 4.46090086184592e-17
2.39860724233983e-08 -0.00113749029885351 0.000799663936572112 229801.78629245 327435.541699706 1.3382714704784e-16 4.46090490159466e-17
2.41378830083565e-08 -0.00110151966433485 0.000848611137415428 243867.887905117 317098.55426234 1.33827268240412e-16 4.46090894134705e-17
2.42896935933147e-08 -0.00106344787726117 0.000895942494763991 257469.63980226 306157.752412025 1.33827389433093e-16 4.46091298110311e-17
2.4441504178273e-08 -0.00102334743034393 0.000941567880875803 270581.141708576 294633.968593275 1.33827510625885e-16 4.46091702086282e-17
2.45933147632312e-08 -0.000981294679244643 0.000985400416362273 283177.426837672 282549.145357964 1.33827631818786e-16 4.46092106062619e-17
2.47451253481894e-08 -0.000937369697185325 0.00102735663562306 295234.509433563 269926.293584299 1.33827753011797e-16 4.46092510039322e-17
2.48969359331476e-08 -0.000891656122479934 0.00106735664578065 306729.430444174 256789.448661488 1.33827874204917e-16 4.46092914016391e-17
2.50487465181058e-08 -0.000844240999277239 0.0011053242788121 317640.301239881 243163.624723543 1.33827995398148e-16 4.46093317993825e-17
2.5200557103064e-08 -0.000795214611818276 0.0011411872365882 327946.345293844 229074.767019355 1.33828116591488e-16 4.46093721971626e-17
2.53523676880223e-08 -0.000744670312524028 0.00117487722854384 337627.937744759 214549.702509745 1.33828237784938e-16 4.46094125949792e-17
2.55041782729805e-08 -0.000692704344240642 0.00120633010171757 346666.642766691 199616.088785548 1.33828358978497e-16 4.46094529928324e-17
2.56559888579387e-08 -0.000639415656980676 0.00123548596291252 355045.248674838 184302.361404001 1.33828480172167e-16 4.46094933907222e-17
2.58077994428969e-08 -0.00058490571950931 0.0012622892927463 362747.80070037 168637.679743719 1.33828601365946e-16 4.46095337886486e-17
2.59596100278551e-08 -0.000529278326134289 0.00128668905137246 369759.631371928 152651.871481351 1.33828722559835e-16 4.46095741866115e-17
2.61114206128133e-08 -0.000472639399067496 0.0013086387756724 376067.388445949 136375.375795637 1.33828843753833e-16 4.46096145846111e-17
2.62632311977716e-08 -0.000415096786734482 0.0013280966677325 381659.060332599 119839.185407029 1.33828964947942e-16 4.46096549826472e-17
2.64150417827298e-08 -0.00035676005841601 0.00134502567443815 386523.998968935 103074.787563219 1.3382908614216e-16 4.46096953807199e-17
2.6566852367688e-08 -0.000297740295612627 0.00135939355803285 390652.940095702 86114.1040829638 1.33829207336488e-16 4.46097357788292e-17
2.67186629526462e-08 -0.000238149880529552 0.00137117295750838 394038.020899186 68989.430572363 1.33829328530925e-16 4.46097761769751e-17
2.68704735376044e-08 -0.000178102282084625 0.00138034144070878 396672.794984504 51733.3749293292 1.33829449725473e-16 4.46098165751575e-17
2.70222841225626e-08 -0.000117711839846796 0.00138688154704914 398552.244651823 34378.7952533547 1.3382957092013e-16 4.46098569733766e-17
2.71740947075208e-08 -5.70935463165545e-05 0.0013907808207678 399672.79045214 16958.7372787965 1.33829692114897e-16 4.46098973716322e-17
2.73259052924791e-08 3.6371720371131e-06 0.00139203183464857 400032.298004412 -493.628549180197 1.33829813309773e-16 4.46099377699244e-17
2.74777158774373e-08 6.43646745663108e-05 0.00139063220416787 399630.08206106 -17945.070236185 1.3382993450476e-16 4.46099781682532e-17
2.76295264623955e-08 0.000124973326641851 0.00138658459203981 398466.907814095 -35362.3575174411 1.33830055699856e-16 4.46100185666186e-17
2.77813370473537e-08 0.000185347719839608 0.00137989670315051 396544.989439392 -52712.3251333887 1.33830176895062e-16 4.46100589650206e-17
2.79331476323119e-08 0.000245372891696346 0.00137058126989141 393867.985881863 -69961.9359815652 1.33830298090377e-16 4.46100993634591e-17
2.80849582172701e-08 0.000304934544616564 0.0013586560279193 390440.993889568 -87078.3440245113 1.33830419285803e-16 4.46101397619343e-17
2.82367688022284e-08 0.000363919263513523 0.00134414368238946 386270.538310008 -104028.956833917 1.33830540481338e-16 4.4610180160446e-17
2.83885793871866e-08 0.000422214731770048 0.00132707186472598 381364.559667098 -120781.497651914 1.33830661676983e-16 4.46102205589943e-17
2.85403899721448e-08 0.000479709945107854 0.00130747308001166 375732.399042453 -137304.066851334 1.33830782872738e-16 4.46102609575792e-17
2.8692200557103e-08 0.000536295422958179 0.00128538464509775 369384.78028978 -153565.202677914 1.33830904068602e-16 4.46103013562007e-17
2.88440111420612e-08 0.000591863416931225 0.00126084861755114 362333.789616244 -169533.941158772 1.33831025264576e-16 4.46103417548587e-17
2.89958217270194e-08 0.000646308115987444 0.0012339117155745 354592.852569677 -185179.87506309 1.3383114646066e-16 4.46103821535534e-17
2.91476323119777e-08 0.00069952584792 0.00120462522905183 346176.70847546 -200473.211802719 1.33831267656854e-16 4.46104225522846e-17
2.92994428969359e-08 0.000751415276764741 0.00117304492188859 337101.382371738 -215384.830162466 1.33831388853157e-16 4.46104629510524e-17
2.94512534818941e-08 0.000801877595761777 0.00113923092583262 327384.154496419 -229886.335752036 1.3383151004957e-16 4.46105033498568e-17
2.96030640668523e-08 0.000850816715501234 0.00110324762597791 317043.527384037 -243950.11507403 1.33831631246093e-16 4.46105437486978e-17
2.97548746518105e-08 0.000898139446894927 0.00106516353816912 306099.190635161 -257549.388105056 1.33831752442726e-16 4.46105841475754e-17
2.99066852367687e-08 0.000943755678625526 0.00102505117854058 294571.983425395 -270658.259289815 1.33831873639469e-16 4.46106245464895e-17
3.0058495821727e-08 0.000987578548735329 0.000982986925437816 282483.854825386 -283251.766851084 1.33831994836321e-16 4.46106649454402e-17
3.02103064066852e-08 0.00102952461002791 0.000939050873984806 269857.822007376 -295305.930321664 1.33832116033283e-16 4.46107053444276e-17
3.03621169916434e-08 0.00106951398896768 0.000893326683573757 256717.92641789 -306797.796207822 1.33832237230354e-16 4.46107457434515e-17
3.05139275766016e-08 0.00110747053777475 0.000845901418567805 243089.188000001 -317705.481697243 1.33832358427536e-16 4.4610786142512e-17
3.06657381615598e-08 0.00114332197942558 0.000796865382519992 228997.557552349 -328008.216328291 1.33832479624827e-16 4.46108265416091e-17
3.08175487465181e-08 0.00117700004528319 0.000746311946224161 214469.86731562 -337686.381541204 1.33832600822228e-16 4.46108669407427e-17
3.09693593314763e-08 0.00120844060509488 0.000694337369925198 199533.779880573 -346721.548035936 1.33832722019739e-16 4.4610907339913e-17
3.11211699164345e-08 0.00123758378911002 0.000641040620027144 184217.735514915 -355096.510865492 1.33832843217359e-16 4.46109477391198e-17
3.12729805013927e-08 0.00126437410208519 0.00058652318064819 168550.898009303 -362795.322197936 1.3383296441509e-16 4.46109881383632e-17
3.14247910863509e-08 0.00128876052895977 0.000530888860381391 152563.099145593 -369803.321684684 1.3383308561293e-16 4.46110285376432e-17
3.15766016713092e-08 0.0013106966320006 0.00047424359462903 136284.781893095 -376107.164377261 1.33833206810879e-16 4.46110689369598e-17
3.17284122562674e-08 0.00133014063923081 0.000416695243887039 119746.942440957 -381694.846139353 1.33833328008939e-16 4.4611109336313e-17
3.18802228412256e-08 0.00134705552397442 0.000358353388363545 102981.071177103 -386555.726505766 1.33833449207108e-16 4.46111497357027e-17
3.20320334261838e-08 0.00136140907536514 0.000299329119322649 86019.0927260701 -390680.548944761 1.33833570405387e-16 4.46111901351291e-17
3.2183844011142e-08 0.0013731739596853 0.00023973482755071 68893.3051599453 -394061.458485194 1.33833691603776e-16 4.4611230534592e-17
3.23356545961003e-08 0.00138232777241789 0.000179683989347957 51636.3184981404 -396692.016674868 1.33833812802275e-16 4.46112709340915e-17
3.24874651810585e-08 0.00138885308091273 0.000119290950452921 34280.9926131181 -398567.213841631 1.33833934000883e-16 4.46113113336276e-17
3.26392757660167e-08 0.00139273745758543 5.8670708311113e-05 16860.3746603013 -399683.478633872 1.33834055199601e-16 4.46113517332003e-17
3.27910863509749e-08 0.00139397350358602 -2.06130689743285e-06 -592.363848690489 -400038.684822228 1.33834176398429e-16 4.46113921328096e-17
3.29428969359331e-08 0.00139255886289204 -6.27894520548169e-05 -18043.9902096544 -399632.155349568 1.33834297597366e-16 4.46114325324555e-17
3.30947075208914e-08 0.00138849622679932 -0.000123398091307595 -35461.2738059955 -398464.663621524 1.33834418796414e-16 4.46114729321379e-17
3.32465181058496e-08 0.00138179332880196 -0.000183771816255464 -52811.049385 -396538.432035126 1.33834539995571e-16 4.46115133318569e-17
3.33983286908078e-08 0.00137246292987108 -0.000243795665707048 -70060.280209703 -393857.127748315 1.33834661194838e-16 4.46115537316125e-17
3.3550139275766e-08 0.00136052279416048 -0.000303355344584316 -87176.1209660989 -390425.85569842 1.33834782394214e-16 4.46115941314047e-17
3.37019498607242e-08 0.00134599565518552 -0.000362337441558827 -104125.98030591 -386251.148882859 1.33834903593701e-16 4.46116345312335e-17
3.38537604456825e-08 0.00132890917253938 -0.000420629645005367 -120877.582905823 -381340.955920589 1.33835024793297e-16 4.46116749310989e-17
3.40055710306407e-08 0.00130929587922941 -0.000478120956861776 -137399.030925015 -375704.625917978 1.33835145993003e-16 4.46117153310009e-17
3.41573816155989e-08 0.00128719311973362 -0.000534701903987744 -153658.864743961 -369352.89066792 1.33835267192818e-16 4.46117557309394e-17
3.43091922005571e-08 0.00126264297889529 -0.000590264746620107 -169626.122868839 -362297.844216078 1.33835388392744e-16 4.46117961309145e-17
3.44610027855153e-08 0.00123569220179122 -0.000644703683527712 -185270.400887498 -354552.919833176 1.33835509592779e-16 4.46118365309262e-17
3.46128133704736e-08 0.001206392104726 -0.000697915053475198 -200561.909364695 -346132.864437164 1.33835630792924e-16 4.46118769309745e-17
3.47646239554318e-08 0.00117479847752193 -0.000749797532612079 -215471.530566377 -337053.710513986 1.33835751993178e-16 4.46119173310594e-17
3.491643454039e-08 0.00114097147729056 -0.000800252327411261 -229970.873904996 -327332.745590388 1.33835873193543e-16 4.46119577311809e-17
3.50682451253482e-08 0.00110497551388812 -0.000849183362789595 -244032.330000267 -316988.47931691 1.33835994394017e-16 4.46119981313389e-17
3.52200557103064e-08 0.00106687912727297 -0.000896497465052272 -257629.123252436 -306040.608223739 1.33836115594601e-16 4.46120385315336e-17
3.53718662952647e-08 0.00102675485699859 -0.000942104539312676 -270735.362827951 -294509.978216516 1.33836236795294e-16 4.46120789317648e-17
3.55236768802229e-08 0.0009846791040906 -0.00098591774104988 -283326.091960442 -282418.544883527 1.33836357996098e-16 4.46121193320326e-17
3.56754874651811e-08 0.000940731985570765 -0.00102785364147708 -295377.33547314 -269789.33168985 1.33836479197011e-16 4.4612159732337e-17
3.58272980501393e-08 0.000894997181905103 -0.00106783238640611 -306866.145432237 -256646.386138053 1.33836600398034e-16 4.4612200132678e-17
3.59791086350975e-08 0.000847561777666453 -0.00110577784830547 -317770.644844259 -243014.733978929 1.33836721599167e-16 4.46122405330556e-17
3.61309192200558e-08 0.000798516095714963 -0.00114161777126242 -328070.069314238 -228920.331559461 1.33836842800409e-16 4.46122809334697e-17
3.6282729805014e-08 0.000747953525212228 -0.00117528390857295 -337744.806585362 -214390.016398726 1.33836964001761e-16 4.46123213339205e-17
3.64345403899722e-08 0.00069597034379655 -0.00120671215269783 -346776.433884814 -199451.456085884 1.33837085203223e-16 4.46123617344078e-17
3.65863509749304e-08 0.000642665534257931 -0.00123584265733704 -355147.753004677 -184133.095597523 1.33837206404795e-16 4.46124021349317e-17
3.67381615598886e-08 0.000588140596061868 -0.00126261995139036 -362842.823051111 -168464.103134699 1.33837327606477e-16 4.46124425354922e-17
3.68899721448468e-08 0.000532499352080841 -0.0012869930445869 -369846.990799437 -152474.314582791 1.33837448808268e-16 4.46124829360893e-17
3.70417827298051e-08 0.000475847750901484 -0.00130891552458262 -376146.918597324 -136194.176699933 1.33837570010169e-16 4.4612523336723e-17
3.71935933147633e-08 0.0004182936650839 -0.00132834564534081 -381730.609762952 -119654.68914219 1.3383769121218e-16 4.46125637373933e-17
3.73454038997215e-08 0.00035994668575724 -0.00134524640662722 -386587.431429774 -102887.345435893 1.338378124143e-16 4.46126041381001e-17
3.74972144846797e-08 0.000300917913942676 -0.00135958562446864 -390708.134794389 -85924.0730094981 1.33837933616531e-16 4.46126445388436e-17
3.76490250696379e-08 0.000241319749001112 -0.0013713359924405 -394084.872728956 -68797.1723991835 1.33838054818871e-16 4.46126849396236e-17
3.78008356545962e-08 0.000181265674608468 -0.00138047513366703 -396711.214724617 -51539.2557439351 1.33838176021321e-16 4.46127253404402e-17
3.79526462395544e-08 0.000120870042666058 -0.00138698564343473 -398582.159137473 -34183.1846872337 1.3383829722388e-16 4.46127657412934e-17
3.81044568245126e-08 6.02478555575439e-05 -0.00139085512233819 -399694.142713783 -16762.0078035925 1.33838418426549e-16 4.46128061421832e-17
3.82562674094708e-08 -4.85452832933931e-07 -0.00139207619989501 -400045.047376261 691.102330908896 1.33838539629329e-16 4.46128465431095e-17
3.8408077994429e-08 -6.12142369244659e-05 -0.00139064654858491 -399634.204258533 18142.9123042652 1.33838660832217e-16 4.46128869440725e-17
3.85598885793873e-08 -0.000121822859646385 -0.00138656888828626 -398462.394980074 35560.1911500845 1.33838782035216e-16 4.4612927345072e-17
3.87116991643455e-08 -0.000182195912629272 -0.00137985098110155 -396531.850159197 52909.7736245284 1.33838903238325e-16 4.46129677461082e-17
3.88635097493037e-08 -0.000242218435960683 -0.00137050561658176 -393846.245166918 70158.6233581623 1.33839024441543e-16 4.46130081471809e-17
3.90153203342619e-08 -0.000301776137087136 -0.00135855058737754 -390410.693129792 87273.8957624673 1.33839145644871e-16 4.46130485482902e-17
3.91671309192201e-08 -0.000360755608445543 -0.00134400865536384 -386231.735195016 104223.000571227 1.33839266848308e-16 4.46130889494361e-17
3.93189415041784e-08 -0.000419044543409686 -0.0013269075083022 -381317.328076368 120973.663897704 1.33839388051856e-16 4.46131293506186e-17
3.94707520891366e-08 -0.000476531950140524 -0.0013072797071234 -375676.82890466 137493.989689432 1.33839509255513e-16 4.46131697518376e-17
3.96225626740948e-08 -0.000533108362933137 -0.00128516262393084 -369320.977411572 153752.520463615 1.3383963045928e-16 4.46132101530933e-17
3.9774373259053e-08 -0.000588666050657868 -0.00126059837084252 -362261.875480786 169718.297207468 1.33839751663157e-16 4.46132505543855e-17
3.99261838440112e-08 -0.00064309922189875 -0.00123363371980734 -354512.964105343 185360.918329459 1.33839872867143e-16 4.46132909557143e-17
4.00779944289695e-08 -0.000696304226398596 -0.00120432001354825 -346088.997795111 200650.597549174 1.33839994071239e-16 4.46133313570797e-17
4.02298050139277e-08 -0.000748179752427182 -0.00117271306780181 -337006.016483091 215558.220615598 1.33840115275445e-16 4.46133717584818e-17
4.03816155988859e-08 -0.000798627019696681 -0.00113887306504041 -327281.314984051 230055.400745789 1.33840236479761e-16 4.46134121599203e-17
4.05334261838441e-08 -0.000847549967457016 -0.00110286443987941 -316933.410063635 244114.532678399 1.33840357684187e-16 4.46134525613955e-17
4.06852367688023e-08 -0.000894855437412953 -0.00106475575638744 -305982.005180669 257708.845239095 1.33840478888722e-16 4.46134929629073e-17
4.08370473537606e-08 -0.000940453351114642 -0.00102461957753349 -294447.952969775 270812.452317807 1.33840600093367e-16 4.46135333644556e-17
4.09888579387188e-08 -0.000984256881483807 -0.000982532327019298 -282353.21553575 283400.402160712 1.33840721298122e-16 4.46135737660405e-17
4.1140668523677e-08 -0.00102618261814898 -0.000938574143760256 -269720.822635301 295448.724883108 1.33840842502986e-16 4.46136141676621e-17
4.12924791086352e-08 -0.00106615072627492 -0.000892828729291756 -256574.827825765 306934.4781127 1.33840963707961e-16 4.46136545693202e-17
4.14442896935934e-08 -0.00110408509858384 -0.000845383188391668 -242940.262664318 317835.790676377 1.33841084913045e-16 4.46136949710149e-17
4.15961002785517e-08 -0.00113991350027889 -0.000796327863222354 -228843.089044874 328131.904247311 1.33841206118238e-16 4.46137353727462e-17
4.17479108635099e-08 -0.00117356770659397 -0.000745756161308043 -214310.149763436 337803.212873046 1.33841327323542e-16 4.4613775774514e-17
4.18997214484681e-08 -0.00120498363270792 -0.000693764377675131 -199369.117406031 346831.300309332 1.33841448528955e-16 4.46138161763185e-17
4.20515320334263e-08 -0.0012341014557758 -0.000640451511494062 -184048.441656544 355198.975088604 1.33841569734479e-16 4.46138565781595e-17
4.22033426183845e-08 -0.00126086572884475 -0.000585919077571931 -168377.29512479 362890.303256317 1.33841690940112e-16 4.46138969800372e-17
4.23551532033428e-08 -0.00128522548643755 -0.000530270913054752 -152385.517797977 369890.638712826 1.33841812145854e-16 4.46139373819514e-17
4.2506963788301e-08 -0.00130713434160295 -0.000473612979707463 -136103.560221325 376186.651102997 1.33841933351707e-16 4.46139777839022e-17
4.26587743732592e-08 -0.00132655057424776 -0.000416053162148132 -119562.425516036 381766.351200482 1.33842054557669e-16 4.46140181858896e-17
4.28105849582174e-08 -0.00134343721058264 -0.000357701062420584 -102793.610345018 386619.113738282 1.33842175763741e-16 4.46140585879136e-17
4.29623955431756e-08 -0.00135776209353026 -0.000298667791296585 -85829.0449387878 390735.697642148 1.33842296969923e-16 4.46140989899742e-17
4.31142061281339e-08 -0.00136949794396176 -0.000239065756704989 -68701.0322957191 394108.263628278 1.33842418176214e-16 4.46141393920713e-17
4.32660167130921e-08 -0.00137862241264482 -0.0001790084496907 -51442.1866724452 396730.389131808 1.33842539382615e-16 4.46141797942051e-17
4.34178272980503e-08 -0.00138511812280464 -0.000118610228311027 -34085.3714815127 398597.080537654 1.33842660589126e-16 4.46142201963754e-17
4.35696378830085e-08 -0.00138897270321645 -5.79860998809055e-05 -16663.6367145497 399704.782690433 1.33842781795747e-16 4.46142605985823e-17
4.37214484679667e-08 -0.0013901788117668 2.74849801835914e-06 789.843989898785 400051.385665331 1.33842903002477e-16 4.46143010008258e-17
4.3873259052925e-08 -0.00138873414943868 6.34779173498409e-05 18241.8365140349 399636.228787036 1.33843024209318e-16 4.46143414031059e-17
4.40250696378832e-08 -0.00138464146469372 0.000124086519832684 35659.1095436914 398460.101889086 1.33843145416268e-16 4.46143818054226e-17
4.41768802228414e-08 -0.00137790854824331 0.000184458897135416 53008.497845934 396525.24381121 1.33843266623328e-16 4.46144222077759e-17
4.43286908077996e-08 -0.0013685482182184 0.000244480090631597 70256.9654208918 393835.338137543 1.33843387830497e-16 4.46144626101658e-17
4.44805013927578e-08 -0.00135657829576634 0.000304035810299367 87371.6684075654 390395.506183816 1.33843509037777e-16 4.46145030125922e-17
4.46323119777161e-08 -0.00134202157112122 0.000363012652348055 104320.017623829 386212.297246876 1.33843630245166e-16 4.46145434150552e-17
4.47841225626743e-08 -0.00132490576021213 0.000421298315157471 121069.740621541 381293.676135096 1.33843751452665e-16 4.46145838175549e-17
4.49359331476325e-08 -0.00130526345189223 0.000478781813118683 137588.943138602 375649.00800342 1.33843872660273e-16 4.46146242200911e-17
4.50877437325907e-08 -0.00128313204588891 0.000535353687969102 153846.169830939 369289.04052192 1.33843993867992e-16 4.46146646226639e-17
4.52395543175489e-08 -0.0012585536815932 0.000590906217219452 169810.46416878 362225.883411808 1.3384411507582e-16 4.46147050252733e-17
4.53913649025071e-08 -0.00123157515782415 0.000645333619275739 185451.427383162 354472.985387873 1.33844236283758e-16 4.46147454279193e-17
4.55431754874654e-08 -0.00120224784372074 0.000698532254865652 200739.276350427 346045.108551246 1.33844357491805e-16 4.46147858306018e-17
4.56949860724236e-08 -0.00117062758093125 0.00075040082438582 215644.900304489 336958.300281248 1.33844478699963e-16 4.4614826233321e-17
4.58467966573818e-08 -0.00113677457728605 0.000800840560794161 230139.916268876 327229.862679847 1.3384459990823e-16 4.46148666360767e-17
4.599860724234e-08 -0.00110075329215649 0.000849755417680009 244196.723102997 316878.319626891 1.33844721116607e-16 4.46149070388691e-17
4.61504178272982e-08 -0.00106263231371806 0.000897052252153909 257788.554059726 305923.381508864 1.33844842325094e-16 4.4614947441698e-17
4.63022284122565e-08 -0.00102248422835159 0.000942641002208821 270889.52775421 294385.907688314 1.3384496353369e-16 4.46149878445635e-17
4.64540389972147e-08 -0.000980385482431011 0.000986434858215002 283474.697446863 282287.866785418 1.33845084742397e-16 4.46150282474656e-17
4.66058495821729e-08 -0.000936416236761135 0.00102835042822201 295520.098546689 269652.294847308 1.33845205951213e-16 4.46150686504043e-17
4.67576601671311e-08 -0.0008906602139423 0.00106830789675307 307002.794244489 256503.251484818 1.33845327160139e-16 4.46151090533796e-17
4.69094707520893e-08 -0.000843204538952739 0.00110623117678942 317900.919189048 242865.77406016 1.33845448369174e-16 4.46151494563914e-17
4.70612813370476e-08 -0.000794139573252129 0.00114204805465519 328193.721123141 228765.830012776 1.3384556957832e-16 4.46151898594399e-17
4.72130919220058e-08 -0.00074355874272222 0.00117569032752707 337861.600400073 214230.267414123 1.33845690787575e-16 4.46152302625249e-17
4.7364902506964e-08 -0.000691558359772178 0.00120709393330667 346886.147305503 199286.763845567 1.3384581199694e-16 4.46152706656465e-17
4.75167130919222e-08 -0.000638237439947365 0.00123619907260853 355250.177113485 183963.7736967 1.33845933206414e-16 4.46153110688048e-17
4.76685236768804e-08 -0.000583697513390762 0.00126295032263131 362937.762809976 168290.473984458 1.33846054415999e-16 4.46153514719996e-17
4.78203342618387e-08 -0.000528042431516038 0.00128729674269542 369934.265421488 152296.708796185 1.33846175625693e-16 4.46153918752309e-17
4.79721448467969e-08 -0.000471378169260374 0.00130919197124605 376226.361891142 136012.932462449 1.33846296835497e-16 4.46154322784989e-17
4.81239554317551e-08 -0.000413812623293601 0.00132859431413693 381802.070449036 119470.1515678 1.33846418045411e-16 4.46154726818035e-17
4.82757660167133e-08 -0.000355455406567868 0.00134546682402676 386650.773428616 102699.865909908 1.33846539255434e-16 4.46155130851447e-17
4.84275766016715e-08 -0.000296417639599056 0.00135977737073694 390763.237485601 85734.0085194803 1.33846660465567e-16 4.46155534885224e-17
4.85793871866298e-08 -0.00023681173887737 0.00137149870243683 394131.631180968 68604.8848551937 1.3384678167581e-16 4.46155938919368e-17
4.8731197771588e-08 -0.000176751202809999 0.00138060849753991 396749.539894495 51345.1112894025 1.33846902886163e-16 4.46156342953877e-17
4.88830083565462e-08 -0.00011635039560345 0.00138708940721199 398611.978040484 33987.5530017664 1.33847024096626e-16 4.46156746988752e-17
4.90348189415044e-08 -5.57243294970556e-05 0.00139092908841062 399715.398562388 16565.2613990525 1.33847145307198e-16 4.46157151023993e-17
4.91866295264626e-08 5.01155423765201e-06 0.00139212022739271 400057.699688258 -888.588819723449 1.3384726651788e-16 4.461575550596e-17
4.93384401114209e-08 6.57416051147263e-05 0.00139066055364555 399638.228934157 -18340.762832981 1.33847387728672e-16 4.46157959095573e-17
4.94902506963791e-08 0.000126350183650158 0.00138655284421483 398457.784347903 -35758.0289807991 1.33847508939574e-16 4.46158363131912e-17
4.96420612813373e-08 0.00018672188155748 0.00137980491842126 396518.612990772 -53107.2220431769 1.33847630150585e-16 4.46158767168616e-17
4.97938718662955e-08 0.000246741741503334 0.00137042962297594 393824.406660059 -70355.3063918403 1.33847751361706e-16 4.46159171205687e-17
4.99456824512537e-08 0.000306295476004555 0.00135844480752275 390380.294860628 -87469.4388953419 1.33847872572937e-16 4.46159575243123e-17
5.0097493036212e-08 0.000365269685049948 0.00134387329065443 386192.835038837 -104417.031457675 1.33847993784278e-16 4.46159979280926e-17
5.02493036211702e-08 0.000423552072032386 0.00132674281646687 381270.000097432 -121165.813071318 1.33848114995728e-16 4.46160383319094e-17
5.04011142061284e-08 0.000481031657580039 0.00130708600173451 375621.163215181 -137683.891266544 1.33848236207288e-16 4.46160787357628e-17
5.05529247910866e-08 0.000537598990879587 0.00128494027380735 369257.080000145 -153939.812839999 1.33848357418958e-16 4.46161191396528e-17
5.07047353760448e-08 0.000593146358089002 0.00126034779934778 362189.868010583 -169902.623746897 1.33848478630738e-16 4.46161595435794e-17
5.08565459610031e-08 0.000647567987443063 0.00123335540404295 354432.983682462 -185541.928042797 1.33848599842628e-16 4.46161999475426e-17
5.10083565459613e-08 0.000700760250661027 0.00120401448344567 346001.196707517 -200827.945762722 1.33848721054627e-16 4.46162403515423e-17
5.11601671309195e-08 0.000752621860272971 0.0011723809051133 336910.561910654 -215731.56962741 1.33848842266736e-16 4.46162807555787e-17
5.13119777158777e-08 0.000803054062489028 0.00113851490223137 327178.388680217 -230224.420468717 1.33848963478955e-16 4.46163211596516e-17
5.14637883008359e-08 0.00085196082524429 0.00110248095892408 316823.208009356 -244278.901268636 1.33849084691284e-16 4.46163615637612e-17
5.16155988857942e-08 0.00089924902106128 0.00106434768747039 305864.737211237 -257868.249709025 1.33849205903722e-16 4.46164019679073e-17
5.17674094707524e-08 0.000944828604381814 0.00102418769765923 294323.842375276 -270966.589131987 1.3384932711627e-16 4.461644237209e-17
5.19192200557106e-08 0.00098861278303056 0.000982077458532851 282222.498635896 -283548.977813864 1.33849448328928e-16 4.46164827763093e-17
5.20710306406688e-08 0.00103051818348381 0.000938097152781266 269583.748329453 -295591.456459003 1.33849569541696e-16 4.46165231805652e-17
5.2222841225627e-08 0.00107046500962876 0.000892330524065328 256431.657119001 -307071.093822888 1.33849690754573e-16 4.46165635848577e-17
5.23746518105853e-08 0.00110837719471098 0.000844864717558963 242791.268170448 -317966.030377722 1.3384981196756e-16 4.46166039891868e-17
5.25264623955435e-08 0.00114418254618071 0.000795790114014263 228688.554467354 -328255.519937356 1.33849933180657e-16 4.46166443935524e-17
5.26782729805017e-08 0.00117781288316231 0.000745200157665384 214150.369355162 -337919.969162259 1.33850054393864e-16 4.46166847979547e-17
5.28300835654599e-08 0.0012092041662848 0.000693191178298934 199204.395409043 -346940.974869336 1.33850175607181e-16 4.46167252023935e-17
5.29818941504181e-08 0.00123829661962664 0.000639862207829673 183879.091722714 -355301.359075535 1.33850296820607e-16 4.4616765606869e-17
5.31337047353764e-08 0.0012650348445422 0.000585314791730757 168203.639718585 -362985.201708511 1.33850418034143e-16 4.4616806011381e-17
5.32855153203346e-08 0.00128936792515343 0.000529652795677618 152207.887582449 -369977.870922065 1.33850539247789e-16 4.46168464159296e-17
5.34373259052928e-08 0.0013112495253056 0.000472982207773631 135922.293428479 -376266.050958622 1.33850660461544e-16 4.46168868205148e-17
5.3589136490251e-08 0.00133063797680282 0.00041541093673418 119377.867302793 -381837.767505705 1.3385078167541e-16 4.46169272251366e-17
5.37409470752092e-08 0.00134749635875488 0.000357048606413389 102606.112135992 -386682.4104981 1.33850902889385e-16 4.4616967629795e-17
5.38927576601675e-08 0.00136179256788479 0.000298006347064773 85638.9637571168 -390790.754322315 1.3385102410347e-16 4.46170080344899e-17
5.40445682451257e-08 0.00137349937966271 0.000238396583733291 68508.7300832498 -394154.975384836 1.33851145317665e-16 4.46170484392215e-17
5.41963788300839e-08 0.00138259450015013 0.000178332822181715 51248.0296005399 -396768.667010737 1.33851266531969e-16 4.46170888439897e-17
5.43481894150421e-08 0.00138906060845548 0.00011792943275895 33889.7292538067 -398626.851644273 1.33851387746383e-16 4.46171292487944e-17
5.45000000000003e-08 0.00139288538972031 5.73014326218572e-05 16466.8818629809 -399725.990328211 1.33851508960907e-16 4.46171696536357e-17
5.46518105849585e-08 0.00139406155857323 -3.43573327475127e-06 -987.336814445713 -400063.989443866 1.33851630175541e-16 4.46172100585137e-17
5.48036211699168e-08 0.00139258687300694 -6.41664120029017e-05 -18439.6912551206 -399640.20469898 1.33851751390285e-16 4.46172504634282e-17
5.4955431754875e-08 0.00138846413865191 -0.000124774962882466 -35856.9494553904 -398455.442355869 1.33851872605138e-16 4.46172908683793e-17
5.51072423398332e-08 0.00138170120343865 -0.000185145977679044 -53205.9462102172 -396511.95769749 1.33851993820101e-16 4.4617331273367e-17
5.52590529247914e-08 0.00137231094265854 -0.000245164500359435 -70453.6462649563 -393813.450734337 1.33852115035174e-16 4.46173716783913e-17
5.54108635097496e-08 0.00136031123445184 -0.000304716245986241 -87567.2072197456 -390365.059160362 1.33852236250356e-16 4.46174120834521e-17
5.55626740947079e-08 0.00134572492576947 -0.000363687818334806 -104514.042066727 -386173.348571298 1.33852357465649e-16 4.46174524885496e-17
5.57144846796661e-08 0.00132857978887333 -0.000421966925818095 -121261.881241017 -381246.299964041 1.33852478681051e-16 4.46174928936837e-17
5.58662952646243e-08 0.00130890846845807 -0.000479442595308376 -137778.834067275 -375593.294540868 1.33852599896563e-16 4.46175332988543e-17
5.60181058495825e-08 0.0012867484194949 -0.000536005383448534 -154033.449484857 -369225.095847434 1.33852721112185e-16 4.46175737040615e-17
5.61699164345407e-08 0.00126214183591585 -0.000591547585050665 -169994.77593594 -362153.829278556 1.33852842327916e-16 4.46176141093054e-17
5.6321727019499e-08 0.00123513557027426 -0.000645963438185104 -185632.420302554 -354392.958990807 1.33852963543757e-16 4.46176545145858e-17
5.64735376044572e-08 0.0012057810445344 -0.000699149325569381 -200916.605780329 -345957.262265875 1.33853084759708e-16 4.46176949199028e-17
5.66253481894154e-08 0.00117413415216021 -0.000751003971873607 -215818.22857872 -336862.801373505 1.33853205975769e-16 4.46177353252564e-17
5.67771587743736e-08 0.00114025515168947 -0.000801428636566609 -230308.913339774 -327126.892987601 1.3385332719194e-16 4.46177757306466e-17
5.69289693593318e-08 0.00110420855199612 -0.000850327301935574 -244361.067169887 -316768.075213712 1.3385344840822e-16 4.46178161360734e-17
5.70807799442901e-08 0.00106606298945914 -0.000897606855921206 -257947.932181685 -305806.072290704 1.3385356962461e-16 4.46178565415368e-17
5.72325905292483e-08 0.00102589109727196 -0.00094317726942022 -271043.636445966 -294261.757033805 1.3385369084111e-16 4.46178969470367e-17
5.73844011142065e-08 0.000983769367141133 -0.000986951767717575 -283623.243256684 -282157.111090552 1.3385381205772e-16 4.46179373525732e-17
5.75362116991647e-08 0.000939778003637714 -0.001028846995722 -295662.798615172 -269515.183085318 1.33853933274439e-16 4.46179777581464e-17
5.76880222841229e-08 0.000894000771478634 -0.00106878317669017 -307139.376843177 -256360.044732106 1.33854054491268e-16 4.46180181637561e-17
5.78398328690812e-08 0.000846524836028838 -0.00110668426413729 -318031.124237852 -242716.744999176 1.33854175708207e-16 4.46180585694025e-17
5.79916434540394e-08 0.000797440597327933 -0.00114247808664485 -328317.300685588 -228611.262412797 1.33854296925256e-16 4.46180989750854e-17
5.81434540389976e-08 0.00074684151795736 -0.00117609648528972 -337978.319155421 -214070.455590927 1.33854418142415e-16 4.46181393808049e-17
5.82952646239558e-08 0.000694823945075847 -0.00120747544343303 -346995.782996844 -199122.012101014 1.33854539359683e-16 4.4618179786561e-17
5.8447075208914e-08 0.000641486926962024 -0.00123655520862156 -355352.520970968 -183794.395739308 1.33854660577061e-16 4.46182201923537e-17
5.85988857938723e-08 0.000586932024413511 -0.00126328040636959 -363032.619948347 -168116.792332057 1.33854781794549e-16 4.46182605981829e-17
5.87506963788305e-08 0.000531263117361614 -0.00128760014560448 -370021.455211197 -152119.054161804 1.33854903012146e-16 4.46183010040488e-17
5.89025069637887e-08 0.000474586207069849 -0.00130946811557531 -376305.718302301 -135831.643124593 1.33855024229854e-16 4.46183414099513e-17
5.90543175487469e-08 0.000417009214292943 -0.00132884267403989 -381873.44236758 -119285.572726322 1.33855145447671e-16 4.46183818158903e-17
5.92061281337051e-08 0.000358641773780644 -0.00134568692656231 -386714.024944062 -102512.3490287 1.33855266665598e-16 4.4618422221866e-17
5.93579387186634e-08 0.000299595025517621 -0.00135996879676996 -390818.248149856 -85543.91065724 1.33855387883635e-16 4.46184626278782e-17
5.95097493036216e-08 0.000239981403096989 -0.00137166108743637 -394178.296237693 -68412.5679855308 1.33855509101781e-16 4.4618503033927e-17
5.96615598885798e-08 0.000179914419630397 -0.00138074153227332 -396787.770478593 -51150.9416115908 1.33855630320037e-16 4.46185434400125e-17
5.9813370473538e-08 0.000119508451602356 -0.00138719283833384 -398641.70134733 -33791.9002434464 1.33855751538403e-16 4.46185838461345e-17
5.99651810584962e-08 5.88785210803741e-05 -0.00139100271894513 -399736.557986469 -16368.498112216 1.33855872756879e-16 4.46186242522931e-17
6.01169916434544e-08 -1.85992330439473e-06 -0.00139216391710888 -400070.254930979 1086.08796812773 1.33855993975465e-16 4.46186646584883e-17
6.02688022284126e-08 -6.2591226188946e-05 -0.00139067421932425 -399642.156080588 18538.6217744702 1.3385611519416e-16 4.46187050647201e-17
6.04206128133709e-08 -0.000123199745704068 -0.00138653645980728 -398453.075912332 35955.8709614477 1.33856236412965e-16 4.46187454709884e-17
6.05724233983291e-08 -0.00018357007367449 -0.00137975851509871 -396505.277930973 53304.6703410142 1.3385635763188e-16 4.46187858772934e-17
6.07242339832873e-08 -0.000243587255374241 -0.00137035328907036 -393802.470360252 70551.9850341879 1.33856478850905e-16 4.4618826283635e-17
6.08760445682455e-08 -0.000303137008418767 -0.00135833868835869 -390349.799083156 87664.9733747249 1.33856600070039e-16 4.46188666900131e-17
6.10278551532037e-08 -0.00036210594037701 -0.00134373758827233 -386153.837844661 104611.049444944 1.33856721289284e-16 4.46189070964278e-17
6.11796657381619e-08 -0.000420381764689062 -0.00132657778923842 -381222.575735586 121357.945124623 1.33856842508638e-16 4.46189475028792e-17
6.13314763231201e-08 -0.000477853514478277 -0.00130689196387072 -375565.401981407 137873.771534813 1.33856963728101e-16 4.46189879093671e-17
6.14832869080783e-08 -0.000534411753850688 -0.00128471759476027 -369193.088064971 154127.079759579 1.33857084947675e-16 4.46190283158916e-17
6.16350974930366e-08 -0.000589948786279383 -0.00126009690310706 -362117.767217169 170086.92073003 1.33857206167358e-16 4.46190687224527e-17
6.17869080779948e-08 -0.000644358859677045 -0.00123307676832858 -354352.911314608 185722.904156624 1.33857327387151e-16 4.46191091290504e-17
6.1938718662953e-08 -0.000697538367766172 -0.00120370863879833 -345913.30522827 201005.256397518 1.33857448607054e-16 4.46191495356847e-17
6.20905292479112e-08 -0.000749386047363504 -0.00117204843388422 -336815.018672002 215904.877152781 1.33857569827067e-16 4.46191899423556e-17
6.22423398328694e-08 -0.00079980317120303 -0.00113815643747346 -327075.375604443 230393.394876509 1.33857691047189e-16 4.46192303490631e-17
6.23941504178276e-08 -0.000848693735930379 -0.00110209718318654 -316712.921242642 244443.220801325 1.33857812267421e-16 4.46192707558072e-17
6.25459610027858e-08 -0.00089596464491063 -0.00106393933149909 -305747.386750182 258027.601472404 1.33857933487763e-16 4.46193111625878e-17
6.26977715877441e-08 -0.000941525885501442 -0.00102375553900532 -294199.651667044 271120.669690974 1.33858054708215e-16 4.46193515694051e-17
6.28495821727023e-08 -0.000985290700453944 -0.000981622320072175 -282091.704152751 283697.493770293 1.33858175928777e-16 4.46193919762589e-17
6.30013927576605e-08 -0.001027175753115 -0.000937619901147554 -269446.599118488 295734.125010317 1.33858297149448e-16 4.46194323831494e-17
6.31532033426187e-08 -0.00106710128611628 -0.000891832068000023 -256288.414327927 307207.643300639 1.33858418370229e-16 4.46194727900764e-17
6.33050139275769e-08 -0.00110499127324794 -0.00084434600618087 -242642.204550339 318096.200764891 1.3385853959112e-16 4.461951319704e-17
6.34568245125351e-08 -0.0011407735642278 -0.000795252135012321 -228533.953853295 328379.063363467 1.33858660812121e-16 4.46195536040402e-17
6.36086350974933e-08 -0.00117438002209017 -0.00074464393541798 -213990.526125796 338036.650375379 1.33858782033231e-16 4.4619594011077e-17
6.37604456824515e-08 -0.0012057466529329 -0.000692617771923368 -199039.613926035 347050.571684042 1.33858903254451e-16 4.46196344181504e-17
6.39122562674098e-08 -0.00123481372777554 -0.00063927270916546 -183709.685751207 355403.662796001 1.33859024475781e-16 4.46196748252604e-17
6.4064066852368e-08 -0.00126152589629642 -0.000584710323260626 -168029.931829757 363080.017525909 1.33859145697221e-16 4.4619715232407e-17
6.42158774373262e-08 -0.00128583229223228 -0.000529034508390155 -152030.208539287 370065.018285526 1.33859266918771e-16 4.46197556395902e-17
6.43676880222844e-08 -0.00130768663023965 -0.000472351278971649 -135740.981555968 376345.363919043 1.3385938814043e-16 4.46197960468099e-17
6.45194986072426e-08 -0.00132704729403345 -0.00041476856779297 -119193.267843698 381909.095031757 1.33859509362199e-16 4.46198364540663e-17
6.46713091922008e-08 -0.00134387741563513 -0.000356396020493136 -102418.576593466 386745.61676383 1.33859630584078e-16 4.46198768613593e-17
6.4823119777159e-08 -0.00135814494557937 -0.000297344786781492 -85448.8492253926 390845.718965791 1.33859751806066e-16 4.46199172686888e-17
6.49749303621172e-08 -0.0013698227139456 -0.000237727308792707 -68316.3985676803 394201.593737349 1.33859873028165e-16 4.46199576760549e-17
6.51267409470755e-08 -0.00137888848209815 -0.000177657106980602 -51053.8473282888 396806.850296123 1.33859994250373e-16 4.46199980834577e-17
6.52785515320337e-08 -0.0013853249850366 -0.000117248563958497 -33694.0659764982 398656.527147968 1.33860115472691e-16 4.4620038490897e-17
6.54303621169919e-08 -0.0013891199642755 -5.66167066976737e-05 -16270.1101526386 399747.101535729 1.33860236695119e-16 4.46200788983729e-17
6.55821727019501e-08 -0.00139026619119097 4.12301250131705e-06 1184.84227483172 400076.496148422 1.33860357917656e-16 4.46201193058854e-17
6.57339832869083e-08 -0.0013887614807897 6.48549358474352e-05 18637.5543850465 399644.083078068 1.33860479140303e-16 4.46201597134345e-17
6.58857938718665e-08 -0.00138460869587406 0.000125463420289421 36054.7934929533 398450.685016637 1.33860600363061e-16 4.46202001210202e-17
6.60376044568247e-08 -0.00137781574159549 0.000185833057718195 53403.3944295277 396498.573690833 1.33860721585927e-16 4.46202405286425e-17
6.6189415041783e-08 -0.00136839555040635 0.000245848894722091 70650.3226934836 393791.465537677 1.33860842808904e-16 4.46202809363013e-17
6.63412256267412e-08 -0.00135636605743918 0.000305396651476474 87762.7373542284 390334.514629149 1.3386096403199e-16 4.46203213439968e-17
6.64930362116994e-08 -0.00134175016635982 0.000364362939350941 104708.053586287 386134.302859327 1.33861085255187e-16 4.46203617517289e-17
6.66448467966576e-08 -0.00132457570575987 0.000422635476819748 121454.004716119 381198.827412733 1.33861206478493e-16 4.46204021594975e-17
6.67966573816158e-08 -0.0013048753761711 0.000480103303264327 137968.703663178 375537.485537725 1.33861327701908e-16 4.46204425673028e-17
6.6948467966574e-08 -0.00128268668780299 0.000536656990260794 154220.703658229 369161.056653944 1.33861448925434e-16 4.46204829751446e-17
6.71002785515322e-08 -0.00125805188912182 0.0005921888499501 170179.05812329 362081.681827869 1.33861570149069e-16 4.46205233830231e-17
6.72520891364904e-08 -0.00123101788640723 0.000646593140094069 185813.379599196 354312.840655566 1.33861691372814e-16 4.46205637909381e-17
6.74038997214487e-08 -0.00120163615443965 0.000699766265426861 201093.897608559 345869.325596654 1.33861812596669e-16 4.46206041988897e-17
6.75557103064069e-08 -0.0011699626384884 0.000751606974918436 215991.515343953 336767.213808344 1.33861933820634e-16 4.46206446068779e-17
6.77075208913651e-08 -0.00113605764778723 0.00080201655457442 230477.865073383 327023.836533187 1.33862055044708e-16 4.46206850149027e-17
6.78593314763233e-08 -0.00109998574070008 0.000850899015405221 244525.362157524 316657.746098827 1.33862176268892e-16 4.46207254229642e-17
6.80111420612815e-08 -0.00106181560179578 0.000898161276206493 258107.257575878 305688.680592587 1.33862297493186e-16 4.46207658310621e-17
6.81629526462397e-08 -0.00102161991106566 0.000943713340802883 271197.688861841 294137.526278141 1.3386241871759e-16 4.46208062391967e-17
6.83147632311979e-08 -0.000979475205533101 0.000987468469417565 283771.729349664 282026.277825864 1.33862539942104e-16 4.46208466473679e-17
6.84665738161561e-08 -0.000935461733518659 0.00102934334384124 295805.435639561 269377.996432547 1.33862661166727e-16 4.46208870555757e-17
6.86183844011144e-08 -0.000889663301838093 0.00106925822608607 307275.89319056 256216.765910258 1.3386278239146e-16 4.462092746382e-17
6.87701949860726e-08 -0.000842167116224365 0.00110713711022251 318161.259954293 242567.646827934 1.33862903616303e-16 4.4620967872101e-17
6.89220055710308e-08 -0.000793063615277408 0.00114290786710977 328440.807966627 228456.62879304 1.33863024841256e-16 4.46210082804186e-17
6.9073816155989e-08 -0.000742446298257875 0.00117650238174449 338094.962817951 213910.580964146 1.33863146066318e-16 4.46210486887727e-17
6.92256267409472e-08 -0.000690411547052749 0.00120785668296593 347105.340926943 198957.200888661 1.3386326729149e-16 4.46210890971634e-17
6.93774373259054e-08 -0.000637058442651821 0.0012369110652708 355454.78454685 183624.961763138 1.33863388516772e-16 4.46211295055908e-17
6.95292479108636e-08 -0.000582488576484499 0.00126361020250566 363127.394437625 167943.058216572 1.33863509742164e-16 4.46211699140547e-17
6.96810584958219e-08 -0.000526805856976166 0.00128790325322057 370108.560141695 151941.350719935 1.33863630967666e-16 4.46212103225552e-17
6.98328690807801e-08 -0.00047011631169245 0.00130974395748313 376384.987805716 135650.308727785 1.33863752193277e-16 4.46212507310923e-17
6.99846796657383e-08 -0.000412527885448138 0.00132909072496877 381944.725495331 119100.952660231 1.33863873418998e-16 4.4621291139666e-17
7.01364902506965e-08 -0.000354150234765167 0.00134590671415947 386777.185954735 102324.79483572 1.33863994644829e-16 4.46213315482763e-17
7.02883008356547e-08 -0.000295094519071074 0.00136015990249998 390873.166767691 85353.7794671183 1.3386411587077e-16 4.46213719569232e-17
7.04401114206129e-08 -0.000235473189035482 0.00137182314737818 394224.86788162 68220.2218353428 1.3386423709682e-16 4.46214123656067e-17
7.05919220055711e-08 -0.000175399772447681 0.00138087423781325 396825.906461389 50956.7467563685 1.3386435832298e-16 4.46214527743268e-17
7.07437325905293e-08 -0.000114988658043001 0.00138729593675328 398671.329044501 33596.226458776 1.3386447954925e-16 4.46214931830835e-17
7.08955431754876e-08 -5.43548776896195e-05 0.00139107601390182 399757.62097456 16171.7179901305 1.3386460077563e-16 4.46215335918768e-17
7.10473537604458e-08 6.38611264945716e-06 0.0013922072690108 400082.713095022 -1283.59972861908 1.3386472200212e-16 4.46215740007066e-17
7.1199164345404e-08 6.711865276215e-05 0.00139068754559551 399645.985690506 -18736.4890808653 1.33864843228719e-16 4.46216144095731e-17
7.13509749303622e-08 0.000127727098422187 0.0013865197350454 398448.269668136 -36153.7170438889 1.33864964455428e-16 4.46216548184761e-17
7.15027855153204e-08 0.000188096041593742 0.00137971177112303 396491.844976681 -53502.1184697168 1.33865085682247e-16 4.46216952274158e-17
7.16545961002786e-08 0.000248110530186529 0.0013702766148615 393780.436266489 -70748.6592367914 1.33865206909176e-16 4.4621735636392e-17
7.18064066852368e-08 0.000307656286942906 0.00135823222988919 390319.205798481 -87860.4991522046 1.33865328136214e-16 4.46217760454048e-17
7.1958217270195e-08 0.000366619927040187 0.00134360154822873 386114.743615702 -104805.054484716 1.33865449363363e-16 4.46218164544542e-17
7.21100278551533e-08 0.000424889173993822 0.00132641242663537 381175.05499615 -121550.060009489 1.33865570590621e-16 4.46218568635403e-17
7.22618384401115e-08 0.000482353073450314 0.00130669759355783 375509.545210753 -138063.630446388 1.33865691817989e-16 4.46218972726629e-17
7.24136490250697e-08 0.000538902204462801 0.00128449458682262 369129.001615544 -154314.321174872 1.33865813045466e-16 4.46219376818221e-17
7.25654596100279e-08 0.000594428887846966 0.00125984568216057 362045.573112101 -170271.188109843 1.33865934273054e-16 4.46219780910179e-17
7.27172701949861e-08 0.000648827391220565 0.00123279781271154 354272.747015382 -185903.846624463 1.33866055500751e-16 4.46220185002503e-17
7.28690807799443e-08 0.000701994130336115 0.00120340247966057 345825.323372982 -201182.529407723 1.33866176728558e-16 4.46220589095193e-17
7.30208913649025e-08 0.000753827866323388 0.00117171565417581 336719.386784733 -216078.143146598 1.33866297956475e-16 4.46220993188249e-17
7.31727019498608e-08 0.000804229898466115 0.00113779767083469 326972.275776278 -230562.323924861 1.33866419184501e-16 4.46221397281671e-17
7.3324512534819e-08 0.000853104252145826 0.00110171311274147 316602.549784955 -244607.491233058 1.33866540412637e-16 4.46221801375458e-17
7.34763231197772e-08 0.000900357861594948 0.00106353068855477 305629.953820839 -258186.900486804 1.33866661640884e-16 4.46222205469612e-17
7.36281337047354e-08 0.000945900747111156 0.00102332310165932 294075.380870244 -271274.693953395 1.33866782869239e-16 4.46222609564132e-17
7.37799442896936e-08 0.000989646186395546 0.000981166911731035 281960.832113261 -283845.949989766 1.33866904097705e-16 4.46223013659017e-17
7.39317548746518e-08 0.00103151087968835 0.000937142388958906 269309.375031082 -295876.730498028 1.33867025326281e-16 4.46223417754269e-17
7.408356545961e-08 0.00107141510838775 0.000891333361201453 256145.099482895 -307344.126508223 1.33867146554966e-16 4.46223821849886e-17
7.42353760445682e-08 0.00110928288684977 0.000843827054368631 242493.07183596 -318226.301801512 1.33867267783761e-16 4.46224225945869e-17
7.43871866295265e-08 0.00114504210708015 0.000794713926333181 228379.287236223 -328502.534490701 1.33867389012666e-16 4.46224630042219e-17
7.45389972144847e-08 0.00117862467604275 0.000744087494687681 213830.620110356 -338153.256478959 1.3386751024168e-16 4.46225034138934e-17
7.46908077994429e-08 0.00120996664532286 0.000692044158675244 198874.772993449 -347160.090721563 1.33867631470805e-16 4.46225438236015e-17
7.48426183844011e-08 0.00123900833289878 0.000638683015632954 183540.223779825 -355505.886219734 1.33867752700039e-16 4.46225842333463e-17
7.49944289693593e-08 0.00126569443678949 0.000584105672297536 167856.17149739 -363174.750679922 1.33867873929383e-16 4.46226246431276e-17
7.51462395543175e-08 0.00128997414036226 0.000528416051332577 151852.480708787 -370152.08077635 1.33867995158836e-16 4.46226650529455e-17
7.52980501392757e-08 0.00131180120909943 0.000471720193445674 135559.624645222 -376424.589959186 1.338681163884e-16 4.46227054628e-17
7.54498607242339e-08 0.00133113407864037 0.000414126055472327 119008.627181232 -381980.333755398 1.33868237618073e-16 4.46227458726911e-17
7.56016713091922e-08 0.00134793593393062 0.000355743304811041 102231.003760896 -386808.732514106 1.33868358847856e-16 4.46227862826188e-17
7.57534818941504e-08 0.00136217477932792 0.000296683110601057 85258.7013879615 -390900.591553125 1.33868480077749e-16 4.46228266925831e-17
7.59052924791086e-08 0.00137382349953113 0.000237057932040356 68124.0377941634 -394248.11866832 1.33868601307752e-16 4.46228671025839e-17
7.60571030640668e-08 0.00138285991121651 0.000176981304246988 50859.639901565 -396844.938972453 1.33868722537864e-16 4.46229075126214e-17
7.6208913649025e-08 0.00138926680528263 0.000116567622071497 33498.3816960936 -398686.107035244 1.33868843768086e-16 4.46229479226955e-17
7.63607242339832e-08 0.00139303197962373 5.59319222720783e-05 16073.3216305736 -399768.116301532 1.33868964998418e-16 4.46229883328062e-17
7.65125348189414e-08 0.00139414826236892 -4.81033553275046e-06 -1382.36032355109 -400088.905769607 1.3386908622886e-16 4.46230287429534e-17
7.66643454038997e-08 0.00139261352554312 -6.55434887168675e-05 -18835.4258559424 -399647.863916991 1.33869207459412e-16 4.46230691531373e-17
7.68161559888579e-08 0.00138843068912364 -0.000126151891886025 -36252.6416082364 -398445.829866177 1.33869328690073e-16 4.46231095633577e-17
7.69679665738161e-08 0.0013816077154846 -0.000186520137084711 -53600.8424555404 -396485.091788131 1.33869449920844e-16 4.46231499736148e-17
7.71197771587743e-08 0.00137215759423997 -0.000246533273551097 -70846.9946580592 -393769.382546565 1.33869571151725e-16 4.46231903839084e-17
7.72715877437325e-08 0.00136009831751383 -0.000306077026601606 -87958.2587626017 -390303.872591294 1.33869692382716e-16 4.46232307942387e-17
7.74233983286907e-08 0.00134545284568509 -0.000365038015228332 -104902.052134192 -386095.160114192 1.33869813613817e-16 4.46232712046055e-17
7.75752089136489e-08 0.00132824906367188 -0.000423303967994949 -121646.110998716 -381151.258486504 1.33869934845027e-16 4.46233116150089e-17
7.77270194986071e-08 0.00130851972783875 -0.000480763936820027 -138158.551878461 -375481.581001419 1.33870056076347e-16 4.4623352025449e-17
7.78788300835654e-08 0.00128630240362788 -0.000537308508240658 -154407.932303572 -369096.92295096 1.33870177307777e-16 4.46233924359256e-17
7.80306406685236e-08 0.00126163939403296 -0.000592830011754131 -170363.31068381 -362009.441071316 1.33870298539316e-16 4.46234328464388e-17
7.81824512534818e-08 0.00123457765905202 -0.000647222724840921 -185994.305226615 -354232.630395759 1.33870419770966e-16 4.46234732569886e-17
7.833426183844e-08 0.00120516872627248 -0.0007003830742786 -201271.151789281 -345781.298559208 1.33870541002725e-16 4.4623513667575e-17
7.84860724233982e-08 0.00117346859275871 -0.00075220983336334 -216164.760555078 -336671.537603373 1.33870662234594e-16 4.4623554078198e-17
7.86378830083564e-08 0.00113953761842897 -0.000802604314663449 -230646.771425405 -326920.693336165 1.33870783466573e-16 4.46235944888576e-17
7.87896935933146e-08 0.00110344041112467 -0.000851470557937919 -244689.608022504 -316547.33230371 1.33870904698661e-16 4.46236348995538e-17
7.89415041782728e-08 0.00106524570359082 -0.000898715512862144 -258266.530199879 -305571.206437859 1.3387102593086e-16 4.46236753102866e-17
7.90933147632311e-08 0.00102502622260188 -0.000944249216212872 -271351.684960468 -294013.215446502 1.33871147163168e-16 4.4623715721056e-17
7.92451253481893e-08 0.000982858550482314 -0.000987984963174992 -283920.155685574 -281895.367018313 1.33871268395586e-16 4.4623756131862e-17
7.93969359331475e-08 0.000938822979285384 -0.00102983947244396 -295948.009580842 -269240.734917681 1.33871389628114e-16 4.46237965427045e-17
7.95487465181057e-08 0.00089300335790792 -0.0010697330448095 -307412.343248914 -256073.415049636 1.33871510860751e-16 4.46238369535837e-17
7.97005571030639e-08 0.000845486932432189 -0.00110758971491851 -318291.326302004 -242418.479578415 1.33871632093498e-16 4.46238773644995e-17
7.98523676880221e-08 0.000796364179998838 -0.00114333739592837 -328564.242931324 -228301.929187039 1.33871753326355e-16 4.46239177754518e-17
8.00041782729803e-08 0.000745728636527243 -0.00117690801677501 -338211.531354224 -213750.643568806 1.33871874559322e-16 4.46239581864408e-17
8.01559888579386e-08 0.00069367671861132 -0.00120823765179443 -347214.821063919 -198792.330244958 1.33871995792399e-16 4.46239985974663e-17
8.03077994428968e-08 0.000640307539929912 -0.00123726664245093 -355556.967810872 -183455.471805998 1.33872117025585e-16 4.46240390085285e-17
8.0459610027855e-08 0.000585722722521349 -0.00126393971094009 -363222.08624923 -167769.271677097 1.33872238258882e-16 4.46240794196272e-17
8.06114206128132e-08 0.000530026203281526 -0.00128820606545028 -370195.580186136 -151763.598510881 1.33872359492288e-16 4.46241198307626e-17
8.07632311977714e-08 0.000473324036053952 -0.00131001949688228 -376464.170376323 -135468.92931346 1.33872480725803e-16 4.46241602419345e-17
8.09150417827296e-08 0.000415724189688628 -0.00132933846684273 -382015.919809056 -118916.291412015 1.33872601959429e-16 4.4624200653143e-17
8.10668523676878e-08 0.000357336342454269 -0.00134612618674393 -386840.256439278 -102137.203374429 1.33872723193164e-16 4.46242410643882e-17
8.1218662952646e-08 0.000298271673195342 -0.00136035068785934 -390927.993319665 -85163.6149934673 1.3387284442701e-16 4.46242814756699e-17
8.13704735376043e-08 0.000238642649631579 -0.00137198488220143 -394271.346095264 -68027.8464497878 1.33872965660965e-16 4.46243218869882e-17
8.15222841225625e-08 0.000178562814203087 -0.00138100661410577 -396863.947827382 -50762.5267696138 1.33873086895029e-16 4.46243622983431e-17
8.16740947075207e-08 0.000118146567868823 -0.00138739870242339 -398700.861118515 -33400.5316942657 1.33873208129204e-16 4.46244027097346e-17
8.18259052924789e-08 5.75089522701235e-05 -0.00139114897324086 -399778.587515218 -15974.9210798505 1.33873329363488e-16 4.46244431211628e-17
8.19777158774371e-08 -3.23456932592641e-06 -0.00139225028306585 -400095.074171009 1481.12405368853 1.33873450597882e-16 4.46244835326275e-17
8.21295264623953e-08 -6.39683318861591e-05 -0.00139070053243397 -399649.717756613 18934.3647042932 1.33873571832386e-16 4.46245239441288e-17
8.22813370473535e-08 -0.000124576688855387 -0.00138650266991111 -398443.365610113 36351.5671799772 1.33873693067e-16 4.46245643556667e-17
8.24331476323117e-08 -0.000184944232365477 -0.00137966468648346 -396478.314124799 53699.5663809577 1.33873814301723e-16 4.46246047672412e-17
8.258495821727e-08 -0.00024495601299013 -0.00137019960034595 -393758.304377785 70945.328951235 1.33873935536557e-16 4.46246451788522e-17
8.27367688022282e-08 -0.000304497758626912 -0.00135812543211819 -390288.515007731 88056.0161793682 1.338740567715e-16 4.46246855904999e-17
8.28885793871864e-08 -0.000363456092089755 -0.00134346517053491 -386075.552355202 104999.046528675 1.33874178006553e-16 4.46247260021842e-17
8.30403899721446e-08 -0.000421718746997592 -0.00132624672867632 -381127.437884467 121742.157677784 1.33874299241715e-16 4.46247664139051e-17
8.31922005571028e-08 -0.000479174781548047 -0.00130650289082172 -375453.592910658 138253.467953416 1.33874420476988e-16 4.46248068256626e-17
8.3344011142061e-08 -0.000535714789769109 -0.00128427125002753 -369064.820661384 154501.537038395 1.3387454171237e-16 4.46248472374567e-17
8.34958217270192e-08 -0.00059123110984654 -0.00125959413654863 -361973.285706962 170455.425839314 1.33874662947862e-16 4.46248876492873e-17
8.36476323119775e-08 -0.000645618029130322 -0.00123251853723923 -354192.490798403 186084.755399845 1.33874784183464e-16 4.46249280611546e-17
8.37994428969357e-08 -0.00069877198542978 -0.0012030960060868 -345737.251157289 201359.764747505 1.33874905419175e-16 4.46249684730584e-17
8.39512534818939e-08 -0.000750591764214072 -0.00117138256604938 -336623.666266468 216251.367563754 1.33875026654997e-16 4.46250088849989e-17
8.41030640668521e-08 -0.000800978691342556 -0.00113743860238319 -326869.089215296 230731.20756948 1.33875147890928e-16 4.4625049296976e-17
8.42548746518103e-08 -0.000849836820958022 -0.00110132874766364 -316492.093657782 244771.712520437 1.33875269126969e-16 4.46250897089896e-17
8.44066852367685e-08 -0.00089707311818503 -0.0010631217587187 -305512.438446568 258346.146709803 1.3387539036312e-16 4.46251301210399e-17
8.45584958217267e-08 -0.000942597636285439 -0.00102289038570889 -293951.030010064 271428.66187789 1.3387551159938e-16 4.46251705331267e-17
8.47103064066849e-08 -0.000986323687933809 -0.000980711233603277 -281829.882544393 283994.34643206 1.3387563283575e-16 4.46252109452501e-17
8.48621169916432e-08 -0.00102816801028652 -0.000936664616315184 -269172.076095932 296019.272883128 1.33875754072231e-16 4.46252513574102e-17
8.50139275766014e-08 -0.00106805092353033 -0.000890834403775311 -256001.712614278 307480.54340792 1.3387587530882e-16 4.46252917696068e-17
8.51657381615596e-08 -0.00110589648260833 -0.000843307862233561 -242343.870059299 318356.333451226 1.3387599654552e-16 4.46253321818401e-17
8.53175487465178e-08 -0.00114163262183464 -0.000794175488093575 -228224.554649682 328625.933284131 1.3387611778233e-16 4.46253725941099e-17
8.5469359331476e-08 -0.00117519129212213 -0.000743530835596408 -213670.651343877 338269.787439569 1.33876239019249e-16 4.46254130064163e-17
8.56211699164342e-08 -0.00120650859056218 -0.000691470338681442 -198709.872647747 347269.531950028 1.33876360256278e-16 4.46254534187593e-17
8.57729805013924e-08 -0.0012355248821095 -0.000638093127363752 -183370.705846383 355608.029316484 1.33876481493417e-16 4.4625493831139e-17
8.59247910863506e-08 -0.00126218491314042 -0.000583500838977553 -167682.358760583 363269.401141978 1.33876602730666e-16 4.46255342435552e-17
8.60766016713089e-08 -0.00128643791666836 -0.000527797424645155 -151674.704131257 370239.058367701 1.33876723968024e-16 4.4625574656008e-17
8.62284122562671e-08 -0.00130823770901618 -0.000471088951339917 -135378.222737681 376503.729053997 1.33876845205492e-16 4.46256150684974e-17
8.63802228412253e-08 -0.00132754277776117 -0.00041348339992013 -118823.945357892 382051.483653404 1.3387696644307e-16 4.46256554810234e-17
8.65320334261835e-08 -0.00134431636078549 -0.000355090459518366 -102043.393681752 386871.757727582 1.33877087680758e-16 4.4625695893586e-17
8.66838440111417e-08 -0.00135852651628121 -0.000296021318677828 -85068.5202891814 390955.372064886 1.33877208918556e-16 4.46257363061852e-17
8.68356545960999e-08 -0.00137014618357689 -0.000236388453633401 -67931.6478078623 394294.550160271 1.33877330156463e-16 4.4625776718821e-17
8.69874651810581e-08 -0.00137915323466971 -0.000176305414140539 -50665.4073662511 396882.93302424 1.3387745139448e-16 4.46258171314934e-17
8.71392757660164e-08 -0.00138553051636511 -0.000115886607259816 -33302.6764591074 398715.59129263 1.33877572632607e-16 4.46258575442024e-17
8.72910863509746e-08 -0.00138926588294365 -5.52470795088283e-05 -15876.5163438439 399789.034614191 1.33877693870844e-16 4.4625897956948e-17
8.74428969359328e-08 -0.00139035221929291 5.49770220371451e-06 1579.89091309188 400101.218298056 1.33877815109191e-16 4.46259383697302e-17
8.7594707520891e-08 -0.00138878745446028 6.62320704445967e-05 19033.305619933 399651.547208464 1.33877936347647e-16 4.4625978782549e-17
8.77465181058492e-08 -0.00138457456560098 0.000126840377504727 36450.4937530924 398440.876899298 1.33878057586213e-16 4.46260191954044e-17
8.78983286908074e-08 -0.00137772157231367 0.000187207215610415 53798.2902399272 396471.511986301 1.33878178824889e-16 4.46260596082964e-17
8.80501392757656e-08 -0.00136824152137441 0.000247217636677967 71043.6621102663 393747.201760029 1.33878300063675e-16 4.46261000212249e-17
8.82019498607238e-08 -0.00135615246189818 0.000306757371193164 88153.7713964524 390273.133047936 1.3387842130257e-16 4.46261404341901e-17
8.83537604456821e-08 -0.00134147741097501 0.000365713045798837 105096.037662124 386055.920339142 1.33878542541576e-16 4.46261808471919e-17
8.85055710306403e-08 -0.00132424430984643 0.000423972399176213 121838.200040678 381103.593190711 1.33878663780691e-16 4.46262212602303e-17
8.86573816155985e-08 -0.00130448597070537 0.00048142449580896 138348.378665273 375425.580939401 1.33878785019916e-16 4.46262616733052e-17
8.88091922005567e-08 -0.00128224001422112 0.000537959937222901 154595.135373406 369032.694748011 1.3387890625925e-16 4.46263020864168e-17
8.89610027855149e-08 -0.00125754879790803 0.00059347107029914 170547.53357048 361937.107020491 1.33879027498695e-16 4.4626342499565e-17
8.91128133704731e-08 -0.00123045933547449 0.000647852192263956 186175.197138343 354152.32822502 1.33879148738249e-16 4.46263829127497e-17
8.92646239554313e-08 -0.00120102320730574 0.000700999751965119 201448.368276667 345693.181169184 1.33879269977913e-16 4.46264233259711e-17
8.94164345403895e-08 -0.00116929646225089 0.000752812547051365 216337.964166991 336575.772776225 1.33879391217687e-16 4.4626463739229e-17
8.95682451253478e-08 -0.00113533951090127 0.000803191916679569 230815.63235155 326817.46341612 1.33879512457571e-16 4.46265041525236e-17
8.9720055710306e-08 -0.00109921701056313 0.000852041929382661 244853.804721434 316436.833849858 1.33879633697564e-16 4.46265445658547e-17
8.98718662952642e-08 -0.00106099774214398 0.000899269565740558 258425.750011274 305453.649849889 1.33879754937667e-16 4.46265849792225e-17
9.00236768802224e-08 -0.00102075447918671 0.000944784895506272 271505.624700493 293888.824564082 1.33879876177881e-16 4.46266253926268e-17
9.01754874651806e-08 -0.000978563849301061 0.000988501248849904 284068.522224199 281764.378694875 1.33879997418203e-16 4.46266658060678e-17
9.03272980501388e-08 -0.000934506188256195 0.00103033538139446 296090.520400014 269103.398569426 1.33880118658636e-16 4.46267062195454e-17
9.0479108635097e-08 -0.000888665387012244 0.00107020763272923 307548.726980527 255929.99218062 1.33880239899178e-16 4.46267466330595e-17
9.06309192200553e-08 -0.000841128731982066 0.00110804207809882 318421.323244636 242269.243282614 1.33880361139831e-16 4.46267870466102e-17
9.07827298050135e-08 -0.00079198673882739 0.00114376667297916 328687.605544758 228147.163628347 1.33880482380593e-16 4.46268274601976e-17
9.09345403899717e-08 -0.000741332980105821 0.00117731339026498 338328.024730817 213590.643439952 1.33880603621465e-16 4.46268678738215e-17
9.10863509749299e-08 -0.000689263907096875 0.00120861834980765 347324.22337591 198627.400206376 1.33880724862446e-16 4.46269082874821e-17
9.12381615598881e-08 -0.000635878666146327 0.00123762194005673 355659.070732793 183285.925905712 1.33880846103538e-16 4.46269487011792e-17
9.13899721448463e-08 -0.00058127890987856 0.00126426893157347 363316.695354599 167595.432752737 1.33880967344739e-16 4.46269891149129e-17
9.15417827298045e-08 -0.0005255686036364 0.00128850858220025 370282.515317691 151585.797574956 1.3388108858605e-16 4.46270295286833e-17
9.16935933147627e-08 -0.000468853827516999 0.00131029473368563 376543.265989079 135287.504923066 1.33881209827471e-16 4.46270699424902e-17
9.1845403899721e-08 -0.000411242574380722 0.00132958589958099 382087.025285543 118731.589024176 1.33881331069001e-16 4.46271103563337e-17
9.19972144846792e-08 -0.000352844544217641 0.00134634534424144 386903.236376354 101949.5746883 1.33881452310642e-16 4.46271507702139e-17
9.21490250696374e-08 -0.000293770935263212 0.00136054115278048 390982.727786361 84973.41728065 1.33881573552392e-16 4.46271911841306e-17
9.23008356545956e-08 -0.000234134232260868 0.00137214629184533 394317.73086116 67835.4418740336 1.33881694794252e-16 4.46272315980839e-17
9.24526462395538e-08 -0.000174047992274705 0.001381138661097 396901.894561094 50568.2816972135 1.33881816036222e-16 4.46272720120738e-17
9.2604456824512e-08 -0.000113626628460109 0.00138750113529733 398730.29755591 33204.8159964341 1.33881937278301e-16 4.46273124261004e-17
9.27562674094702e-08 -5.29851922040625e-05 0.00139122159692253 399799.457597026 15778.1074284373 1.3388205852049e-16 4.46273528401635e-17
9.29080779944284e-08 7.76084595004834e-06 0.00139229295924145 400107.338149584 -1678.66089582126 1.3388217976279e-16 4.46273932542632e-17
9.30598885793867e-08 6.84958161759563e-05 0.00139071317981429 399653.352271636 -19132.2485968764 1.33882301005199e-16 4.46274336683995e-17
9.32116991643449e-08 0.000129104069617705 0.00138648526438639 398438.363733087 -36549.421321563 1.33882422247717e-16 4.46274740825724e-17
9.33635097493031e-08 0.000189470198603106 0.0013796172611693 396464.685372255 -53897.0140264075 1.33882543490346e-16 4.4627514496782e-17
9.35153203342613e-08 0.000249479256398148 0.00137012224552035 393736.07469318 -71141.994129101 1.33882664733084e-16 4.46275549110281e-17
9.36671309192195e-08 0.000309016976083905 0.0013580182950497 390257.726712058 -88251.5244078025 1.33882785975932e-16 4.46275953253108e-17
9.38189415041777e-08 0.000367969988139166 0.00134332845520222 386036.264066423 -105193.025528502 1.3388290721889e-16 4.46276357396301e-17
9.39707520891359e-08 0.000426226036314481 0.00132608069537994 381079.724405907 -121934.238081382 1.33883028461958e-16 4.4627676153986e-17
9.41225626740942e-08 0.000483674191386558 0.00130630785568836 375397.545088584 -138443.284008049 1.33883149705136e-16 4.46277165683785e-17
9.42743732590524e-08 0.000540205062385987 0.00128404758440821 369000.545212035 -154688.727302672 1.33883270948423e-16 4.46277569828076e-17
9.44261838440106e-08 0.000595711004896084 0.00125934226631161 361900.905013356 -170639.633871429 1.3388339219182e-16 4.46277973972733e-17
9.45779944289688e-08 0.000650086326026215 0.00123223894195915 354112.142677319 -186265.630436303 1.33883513435327e-16 4.46278378117756e-17
9.4729805013927e-08 0.00070322748566929 0.00120278921813151 345649.088596851 -201536.96237104 1.33883634678944e-16 4.46278782263146e-17
9.48816155988852e-08 0.000755033293660209 0.00117104916956633 336527.857134852 -216424.550359151 1.3388375592267e-16 4.46279186408901e-17
9.50334261838434e-08 0.000805405102459833 0.00113707923218713 326765.815941089 -230900.045766079 1.33883877166506e-16 4.46279590555022e-17
9.51852367688016e-08 0.000854246994997569 0.00110094408802789 316381.55288263 -244935.884620072 1.33883998410453e-16 4.46279994701509e-17
9.53370473537599e-08 0.000901465967314888 0.00106271254207224 305394.840650748 -258505.340098992 1.33884119654508e-16 4.46280398848362e-17
9.54888579387181e-08 0.000946972105661991 0.00102245739124172 293826.599111711 -271582.57342311 1.33884240898674e-16 4.46280802995581e-17
9.56406685236763e-08 0.000990678757710396 0.00098025528578281 281698.855473135 -284142.683056965 1.3388436214295e-16 4.46281207143166e-17
9.57924791086345e-08 0.00103250269755543 0.000936186583316313 269034.702341755 -296161.752126625 1.33884483387335e-16 4.46281611291117e-17
9.59442896935927e-08 0.0010723642841944 0.000890335195827343 255858.253752464 -307616.893962025 1.3388460463183e-16 4.46282015439434e-17
9.60961002785509e-08 0.00111018761317877 0.000842788429887031 242194.599252362 -318486.295677692 1.33884725876435e-16 4.46282419588117e-17
9.62479108635091e-08 0.00114590066115136 0.000793636820410285 228069.756127232 -328749.259708844 1.3388484712115e-16 4.46282823737166e-17
9.63997214484673e-08 0.00117943542299362 0.000742973958266133 213510.619861413 -338386.243223793 1.33884968365974e-16 4.46283227886581e-17
9.65515320334256e-08 0.0012107280413216 0.00069089631206889 198544.912925405 -347378.895337584 1.33885089610908e-16 4.46283632036362e-17
9.67033426183838e-08 0.00123971892808409 0.000637503044489498 183201.131988713 -355710.09205602 1.33885210855953e-16 4.46284036186508e-17
9.6855153203342e-08 0.00126635287803142 0.000582895823436786 167508.493658451 -363363.968883525 1.33885332101106e-16 4.46284440337021e-17
9.70069637883002e-08 0.00129057917383887 0.000527178628468203 151496.878847021 -370325.951032758 1.3388545334637e-16 4.462848444879e-17
9.71587743732584e-08 0.00131235168268435 0.000470457552798632 135196.7758748 -376582.781178441 1.33885574591744e-16 4.46285248639145e-17
9.73105849582166e-08 0.00133162894409671 0.000412840601284294 118639.222416184 -382122.544702574 1.33885695837227e-16 4.46285652790756e-17
9.74623955431748e-08 0.00134837424890711 0.000354437484766407 101855.746399511 -386934.692382931 1.3388581708282e-16 4.46286056942733e-17
9.76142061281331e-08 0.00136255570915332 0.000295359411166194 84878.3059734205 -391010.060481667 1.33885938328523e-16 4.46286461095076e-17
9.77660167130913e-08 0.00137414631880375 0.000235718873729031 67739.2286539497 -394340.888195749 1.33886059574335e-16 4.46286865247785e-17
9.79178272980495e-08 0.00138312400518553 0.000175629436820945 50471.1497682384 -396920.832436014 1.33886180820258e-16 4.4628726940086e-17
9.80696378830077e-08 0.00138947167101881 0.000115205519685339 33106.9503120621 -398744.979906674 1.3388630206629e-16 4.46287673554301e-17
9.82214484679659e-08 0.00139317722697715 5.45621785716971e-05 15679.6943395146 -399809.856462298 1.33886423312432e-16 4.46288077708107e-17
9.83732590529241e-08 0.00139423361471201 -6.18511234886004e-06 -1777.43399593619 -400113.433724425 1.33886544558684e-16 4.4628848186228e-17
9.85250696378823e-08 0.00139263882029747 -6.69206808640126e-05 -19231.1936291379 -399655.132945225 1.33886665805046e-16 4.46288886016819e-17
9.86768802228405e-08 0.0013883958780697 -0.000127528876977975 -36648.3498793695 -398435.826110836 1.33886787051517e-16 4.46289290171724e-17
9.88286908077988e-08 0.00138151286485362 -0.000187894293127128 -53995.7377343567 -396457.834282281 1.33886908298099e-16 4.46289694326995e-17
9.8980501392757e-08 0.00137200288458796 -0.000247901983934217 -71240.3250016863 -393724.92317712 1.3388702954479e-16 4.46290098482632e-17
9.91323119777152e-08 0.00135988404337786 -0.000307437685082681 -88349.2752073664 -390242.296000242 1.3388715079159e-16 4.46290502638635e-17
9.92841225626734e-08 0.00134517941502257 -0.000366388030894328 -105290.010121767 -386016.583537455 1.33887272038501e-16 4.46290906795004e-17
9.94359331476316e-08 0.00132791699708381 -0.000424640770196066 -122030.271793878 -381055.831530732 1.33887393285522e-16 4.46291310951739e-17
9.95877437325898e-08 0.00130812965757854 -0.000482084980064631 -138538.183975765 -375369.485359144 1.33887514532652e-16 4.4629171510884e-17
9.9739554317548e-08 0.00128585507239756 -0.00053861127704232 -154782.312820257 -368968.372054653 1.33887635779892e-16 4.46292119266307e-17
9.98913649025062e-08 0.00126113565356904 -0.000594112025421529 -170731.726736286 -361864.679687012 1.33887757027242e-16 4.46292523424139e-17
1.00043175487464e-07 0.00123401846850374 -0.000648481542201496 -186356.055287918 -354071.934157007 1.33887878274702e-16 4.46292927582338e-17
1.00194986072423e-07 0.00120455515037555 -0.000701616298326966 -201625.547024895 -345604.973442253 1.33887999522271e-16 4.46293331740903e-17
1.00346796657381e-07 0.00117280179980798 -0.000753415115825593 -216511.126134598 -336479.919344556 1.3388812076995e-16 4.46293735899834e-17
1.00498607242339e-07 0.00113881887805392 -0.000803779360468692 -230984.447807534 -326714.146792656 1.33888242017739e-16 4.46294140059131e-17
1.00650417827297e-07 0.00110267109187191 -0.000852613129588481 -245017.952210929 -316326.25075879 1.33888363265638e-16 4.46294544218794e-17
1.00802228412256e-07 0.00106442727031825 -0.000899823434694181 -258584.916967658 -305336.01085207 1.33888484513647e-16 4.46294948378823e-17
1.00954038997214e-07 0.0010241602336895 -0.00094532037853922 -271659.508040572 -293764.353656103 1.33888605761765e-16 4.46295352539218e-17
1.01105849582172e-07 0.000981946654864878 -0.000989017326302404 -284216.828925334 -281633.31288255 1.33888727009994e-16 4.46295756699979e-17
1.0125766016713e-07 0.000937866913312642 -0.00103083107055707 -296232.968058089 -268965.98741651 1.33888848258332e-16 4.46296160861106e-17
1.01409470752088e-07 0.00089200494203844 -0.00107068198971407 -307685.044347702 -255786.497333611 1.3388896950678e-16 4.46296565022598e-17
1.01561281337047e-07 0.000844448067766991 -0.00110849419963699 -318551.250745853 -242119.937972547 1.33889090755337e-16 4.46296969184457e-17
1.01713091922005e-07 0.000795286844661472 -0.00114419569814066 -328810.895772026 -227992.332150534 1.33889212004005e-16 4.46297373346682e-17
1.01864902506963e-07 0.000744614881897203 -0.00117771850209815 -338444.442914322 -213430.580612645 1.33889333252782e-16 4.46297777509273e-17
1.02016713091921e-07 0.000692528665417965 -0.00120899877689479 -347433.547831071 -198462.410809398 1.33889454501669e-16 4.4629818167223e-17
1.02168523676879e-07 0.000639127374214331 -0.00123797695798303 -355761.09328239 -183116.32410012 1.33889575750666e-16 4.46298585835553e-17
1.02320334261838e-07 0.000584512691473857 -0.00126459786430648 -363411.22172519 -167421.541482617 1.33889696999773e-16 4.46298989999242e-17
1.02472144846796e-07 0.000528788610962715 -0.00128881080337718 -370369.36550955 -151407.947952493 1.33889818248989e-16 4.46299394163297e-17
1.02623955431754e-07 0.000472061239007458 -0.00131056966780608 -376622.274618957 -135106.035598066 1.33889939498315e-16 4.46299798327718e-17
1.02775766016712e-07 0.000414438592453948 -0.00132983302310285 -382158.041901599 -118546.845539229 1.33890060747752e-16 4.46300202492505e-17
1.02927576601671e-07 0.000356030392988189 -0.00134656418657783 -386966.12574465 -101761.90882082 1.33890181997297e-16 4.46300606657658e-17
1.03079387186629e-07 0.000296947858210684 -0.0013607312971959 -391037.37014838 -84783.1863730406 1.33890303246953e-16 4.46301010823177e-17
1.03231197771587e-07 0.000237303489862147 -0.00137230737624918 -394364.022161862 -67643.0081532586 1.33890424496719e-16 4.46301414989062e-17
1.03383008356545e-07 0.000177210859603831 -0.00138127037873318 -396939.74664707 -50374.0115850638 1.33890545746594e-16 4.46301819155313e-17
1.03534818941503e-07 0.000116784392760349 -0.00138760323532833 -398759.638343246 -33009.079411808 1.33890666996579e-16 4.4630222332193e-17
1.03686629526462e-07 5.61391504368128e-05 -0.00139129388490717 -399820.231208585 -15581.27708296 1.33890788246674e-16 4.46302627488913e-17
1.0383844011142e-07 -4.60938957487247e-06 -0.00139233529750514 -400119.505021415 1876.21020749594 1.33890909496879e-16 4.46303031656262e-17
1.03990250696378e-07 -6.53455526833316e-05 -0.00139072548771127 -399656.889228325 19330.1407107316 1.33891030747193e-16 4.46303435823977e-17
1.04142061281336e-07 -0.000125953687759988 -0.00138646751845329 -398433.264031902 36747.2794204923 1.33891151997618e-16 4.46303839992058e-17
1.04293871866294e-07 -0.000186318387356853 -0.00137956949516994 -396450.958716001 54094.4613577331 1.33891273248152e-16 4.46304244160505e-17
1.04445682451253e-07 -0.000246324707460506 -0.00137004455038145 -393713.747211736 71338.6547219695 1.33891394498796e-16 4.46304648329318e-17
1.04597493036211e-07 -0.000305858386363826 -0.0013579108186878 -390226.840912638 88447.0237890924 1.33891515749549e-16 4.46305052498498e-17
1.04749303621169e-07 -0.000364806062238701 -0.0013431914022421 -385996.878752652 105386.99143588 1.33891637000413e-16 4.46305456668043e-17
1.04901114206127e-07 -0.000423055488995428 -0.00132591432676499 -381031.914565861 122126.301172152 1.33891758251386e-16 4.46305860837954e-17
1.05052924791085e-07 -0.000480495750017764 -0.0013061124881838 -375341.401752018 138633.07856244 1.33891879502469e-16 4.46306265008231e-17
1.05204735376044e-07 -0.000537017469366646 -0.00128382358999795 -368936.175277063 154875.891920227 1.33892000753662e-16 4.46306669178874e-17
1.05356545961002e-07 -0.000592513020050421 -0.00125909007148998 -361828.431042913 170823.812159174 1.33892122004965e-16 4.46307073349883e-17
1.0550835654596e-07 -0.000646876728964987 -0.00123195902691884 -354031.702665796 186446.471687379 1.33892243256378e-16 4.46307477521258e-17
1.05660167130918e-07 -0.000700005078113616 -0.00120248211584928 -345560.835707351 201714.122232506 1.338923645079e-16 4.46307881693e-17
1.05811977715877e-07 -0.000751796901723301 -0.00117071546478814 -336431.959407549 216597.691487697 1.33892485759532e-16 4.46308285865107e-17
1.05963788300835e-07 -0.000802153578882282 -0.00113671956031478 -326662.455973276 231068.83847038 1.33892607011274e-16 4.4630869003758e-17
1.06115598885793e-07 -0.000850979221331927 -0.00110055913390915 -316270.92748103 245100.007488583 1.33892728263126e-16 4.46309094210419e-17
1.06267409470751e-07 -0.000898180856055392 -0.00106230303869682 -305277.160456782 258664.480611972 1.33892849515087e-16 4.46309498383624e-17
1.06419220055709e-07 -0.000943668602315376 -0.00102202411834564 -293702.088200415 271736.428547715 1.33892970767159e-16 4.46309902557196e-17
1.06571030640668e-07 -0.000987355842803841 -0.000979799068363624 -281567.750926497 284290.959824282 1.3389309201934e-16 4.46310306731133e-17
1.06722841225626e-07 -0.00102915938857782 -0.000935708290062294 -268897.253797287 296304.168189534 1.33893213271631e-16 4.46310710905436e-17
1.06874651810584e-07 -0.00106899963746723 -0.000889835737463375 -255714.722927864 307753.178132847 1.33893334524032e-16 4.46311115080106e-17
1.07026462395542e-07 -0.00110680072565307 -0.000842268757440488 -242045.259447175 318616.188444579 1.33893455776542e-16 4.46311519255141e-17
1.071782729805e-07 -0.00114249067212729 -0.000793097923400166 -227914.891702453 328872.513729943 1.33893577029163e-16 4.46311923430542e-17
1.07330083565459e-07 -0.00117600151575942 -0.000742416862818896 -213350.525698033 338502.623798232 1.33893698281893e-16 4.46312327606309e-17
1.07481894150417e-07 -0.00120726944470876 -0.000690322078964584 -198379.893862918 347488.180852393 1.33893819534733e-16 4.46312731782443e-17
1.07633704735375e-07 -0.00123623491793582 -0.0006369127671419 -183031.502244664 355812.074408127 1.33893940787683e-16 4.46313135958942e-17
1.07785515320333e-07 -0.00126284277858163 -0.000582290625811402 -167334.576230126 363458.453876028 1.33894062040742e-16 4.46313540135808e-17
1.07937325905292e-07 -0.00128704235899892 -0.000526559662942092 -151319.004896416 370412.75874472 1.33894183293912e-16 4.46313944313039e-17
1.0808913649025e-07 -0.00130878757723532 -0.000469825997966123 -135015.284098049 376661.746307503 1.33894304547191e-16 4.46314348490637e-17
1.08240947075208e-07 -0.00132803702478473 -0.000412197659712786 -118454.458398629 382193.516879724 1.3389442580058e-16 4.463147526686e-17
1.08392757660166e-07 -0.00134475404543975 -0.000353784380706511 -101668.061957665 386997.536458849 1.33894547054079e-16 4.4631515684693e-17
1.08544568245124e-07 -0.00135890680509518 -0.000294697388220592 -84688.0584850588 391064.656784079 1.33894668307688e-16 4.46315561025625e-17
1.08696378830083e-07 -0.00137046835236944 -0.000235049192484478 -67546.7803776091 394387.132757321 1.33894789561406e-16 4.46315965204687e-17
1.08848189415041e-07 -0.00137941666992863 -0.000174953372447934 -50276.867153428 396958.637192332 1.33894910815234e-16 4.46316369384114e-17
1.08999999999999e-07 -0.00138573471641543 -0.000114524359509988 -32911.2033014889 398774.272863949 1.33895032069172e-16 4.46316773563908e-17
