0 -0.00139 0 0 400000 1.33808e-16 4.46026666666667e-17
5.06976744186047e-10 -0.00137522756929733 0.000202790697674419 58276.5614876157 395754.802976475 1.33823071545844e-16 4.46076905152813e-17
1.01395348837209e-09 -0.00133106705688642 0.000401276963018007 115316.145548389 383064.266150322 1.3383814478928e-16 4.46127149297601e-17
1.52093023255814e-09 -0.00125845747704828 0.000591222888062382 169901.466803817 362198.236827708 1.33853219730501e-16 4.4617739910167e-17
2.02790697674419e-09 -0.00115894501369022 0.000768574326807615 220867.473348887 333601.046442869 1.33868296369697e-16 4.46227654565656e-17
2.53488372093023e-09 -0.00103465009530291 0.000929545425578975 267126.213236153 297882.048791282 1.33883374707059e-16 4.46277915690197e-17
3.04186046511628e-09 -0.000888222212621351 0.0010706994381419 307690.05855392 255802.63584753 1.33898454742779e-16 4.4632818247593e-17
3.54883720930233e-09 -0.000722783441738223 0.00118902210044837 341692.791343723 208260.007835641 1.33913536477048e-16 4.46378454923494e-17
4.05581395348837e-09 -0.000541861876536213 0.00128198599846072 368408.101171905 156268.04351064 1.33928619910058e-16 4.46428733033525e-17
4.56279069767442e-09 -0.000349316389762809 0.0013476045545179 387265.099351055 100935.67852648 1.33943705041999e-16 4.46479016806662e-17
5.06976744186046e-09 -0.000149254327265775 0.00138447447908015 397860.518423211 43443.2529855119 1.33958791873063e-16 4.46529306243543e-17
5.57674418604651e-09 5.40561091151652e-05 0.00139180578069125 399967.336211321 -14982.6673486163 1.33973880403441e-16 4.46579601344805e-17
6.08372093023256e-09 0.000256276920970475 0.00136943869238584 393539.640010867 -73095.4590659266 1.33988970633326e-16 4.46629902111086e-17
6.5906976744186e-09 0.000453092872362004 0.00131784715188177 378713.626703032 -129655.040075046 1.34004062562908e-16 4.46680208543025e-17
7.09767441860465e-09 0.000640303573569895 0.00123812875978064 355804.71701313 -183454.33198141 1.34019156192378e-16 4.4673052064126e-17
7.6046511627907e-09 0.000813913124551497 0.00113198142853147 325300.845054369 -233345.021192708 1.34034251521929e-16 4.46780838406429e-17
8.11162790697674e-09 0.000970215404969672 0.00100166721893745 287852.065918018 -278262.068966114 1.34049348551751e-16 4.4683116183917e-17
8.61860465116279e-09 0.00110587319032855 0.00084996413444155 244256.702654954 -317246.447245799 1.34064447282036e-16 4.46881490940121e-17
9.12558139534883e-09 0.00121798940529216 0.000680106900478199 195444.327863118 -349465.614939454 1.34079547712977e-16 4.46931825709922e-17
9.63255813953488e-09 0.00130416899285268 0.000495717991337248 142455.942673779 -374231.297443843 1.34094649844763e-16 4.4698216614921e-17
1.01395348837209e-08 0.00136257007808874 0.000300730375233317 86421.7757740324 -391014.189725058 1.34109753677587e-16 4.47032512258624e-17
1.0646511627907e-08 0.00139194333354374 9.93036251614022e-05 28537.1759357168 -399455.268863527 1.34124859211641e-16 4.47082864038803e-17
1.1153488372093e-08 0.00139165870489263 -0.000104264815129892 -29962.887743832 -399373.474287752 1.34139966447116e-16 4.47133221490386e-17
1.16604651162791e-08 0.00136171892518435 -0.000305631317131447 -87830.1739162984 -390769.591402074 1.34155075384203e-16 4.4718358461401e-17
1.21674418604651e-08 0.00130275952779672 -0.000500498749412926 -143829.803236169 -373826.255309561 1.34170186023095e-16 4.47233953410316e-17
1.26744186046512e-08 0.00121603535630663 -0.000684708177717815 -196766.61048777 -348904.074113562 1.34185298363983e-16 4.47284327879943e-17
1.31813953488372e-08 0.0011033938576152 -0.000854327626450079 -245510.652235737 -316533.954084254 1.34200412407058e-16 4.47334708023528e-17
1.36883720930232e-08 0.000967235726727353 -0.00100573600717375 -289021.325605723 -277405.790032745 1.34215528152513e-16 4.47385093841712e-17
1.41953488372093e-08 0.00081046374154698 -0.00113570042266264 -326369.583377392 -232353.761815121 1.3423064560054e-16 4.47435485335133e-17
1.47023255813953e-08 0.000636420878152654 -0.00124144519619229 -356757.771135829 -182338.550336515 1.34245764751329e-16 4.4748588250443e-17
1.52093023255814e-08 0.00044881902588096 -0.00132071115215214 -379536.662916088 -128426.852194154 1.34260885605073e-16 4.47536285350244e-17
1.57162790697674e-08 0.000251659822280522 -0.00137180388191347 -394219.331508147 -71768.6297843814 1.34276008161964e-16 4.47586693873213e-17
1.62232558139535e-08 4.91492963220331e-05 -0.00139362996378535 -400491.55709259 -13572.5820699204 1.34291132422193e-16 4.47637108073977e-17
1.67302325581395e-08 -0.000154391859436979 -0.00138572036281796 -398218.551711158 44919.6407730347 1.34306258385952e-16 4.47687527953175e-17
1.72372093023256e-08 -0.000354620473556713 -0.00134824050968966 -387447.855666288 102459.928745527 1.34321386053434e-16 4.47737953511447e-17
1.77441860465116e-08 -0.000547263570471287 -0.0012819868421079 -368408.343613285 157820.344244128 1.3433651542483e-16 4.47788384749432e-17
1.82511627906977e-08 -0.000728209557800278 -0.0011883698810009 -341505.361115564 209819.326827861 1.34351646500331e-16 4.47838821667771e-17
1.87581395348837e-08 -0.00089359598023661 -0.00106938420111422 -307312.095006315 257346.911312046 1.34366779280131e-16 4.47889264267103e-17
1.92651162790698e-08 -0.00103989196707714 -0.000927565935321971 -266557.361276969 299388.420958567 1.34381913764421e-16 4.47939712548068e-17
1.97720930232558e-08 -0.00116397361348168 -0.000765938718048016 -220110.07067856 335046.130010824 1.34397049953392e-16 4.47990166511306e-17
2.02790697674418e-08 -0.0012631906861324 -0.000587949219987844 -168960.70314442 363558.433096017 1.34412187847237e-16 4.48040626157457e-17
2.07860465116279e-08 -0.00133542322890973 -0.000397393648558754 -114200.186007563 384316.112165342 1.34427327446148e-16 4.48091091487161e-17
2.12930232558139e-08 -0.00137912685956008 -0.000198336781439856 -56996.6264300377 396875.353531117 1.34442468750318e-16 4.48141562501059e-17
2.18e-08 -0.00139336578951307 4.97473992659524e-06 1429.60569958008 400967.236869157 1.34457611759937e-16 4.48192039199789e-17
2.2306976744186e-08 -0.0013778328608683 0.000208203007321973 59831.9128897404 396503.493306801 1.34472756475198e-16 4.48242521583994e-17
2.28139534883721e-08 -0.00133285617152742 0.000407011400449618 116964.067762833 383578.409306691 1.34487902896294e-16 4.48293009654313e-17
2.33209302325581e-08 -0.00125939214558995 0.000597157124575664 171606.805870225 362466.835285942 1.34503051023416e-16 4.48343503411386e-17
2.38279069767442e-08 -0.001159005195354 0.000774581756484788 222593.84615089 333618.341025263 1.34518200856756e-16 4.48394002855855e-17
2.43348837209302e-08 -0.00103383440739673 0.000935497866400761 268836.783728441 297647.642149535 1.34533352396508e-16 4.48444507988359e-17
2.48418604651163e-08 -0.000886547962145967 0.00107646986703749 309348.323741624 255321.501545546 1.34548505642862e-16 4.4849501880954e-17
2.53488372093023e-08 -0.000720286258184816 0.00119448736392309 343263.360243497 207542.384825489 1.34563660596011e-16 4.48545535320038e-17
2.58558139534884e-08 -0.00053859495366595 0.00128702944095761 369857.450131942 155329.218240509 1.34578817256148e-16 4.48596057520494e-17
2.63627906976744e-08 -0.000345349352503709 0.00135211850841829 388562.287609911 99795.6593174891 1.34593975623465e-16 4.48646585411549e-17
2.68697674418604e-08 -0.000144671747863515 0.0013883625631945 398977.848633904 42126.3436135818 1.34609135698153e-16 4.48697118993844e-17
2.73767441860465e-08 5.91565140687268e-05 0.00139498495817206 400880.945829835 -16448.385777995 1.34624297480406e-16 4.48747658268019e-17
2.78837209302325e-08 0.000261786374194069 0.00137184104412248 394230.010921865 -74678.7269042935 1.34639460970415e-16 4.48798203234717e-17
2.83906976744186e-08 0.000458893855796272 0.00131942132750344 379166.002198854 -131322.085810735 1.34654626168373e-16 4.48848753894578e-17
2.88976744186046e-08 0.000646272335066161 0.00123884107526866 356009.417217885 -185169.592594106 1.34669793074473e-16 4.48899310248244e-17
2.94046511627907e-08 0.000819922317869759 0.00113181658697967 325253.474050966 -235071.900817457 1.34684961688906e-16 4.48949872296355e-17
2.99116279069767e-08 0.000976136806766889 0.00100062863903805 287553.606146138 -279963.719682275 1.34700132011866e-16 4.49000440039553e-17
3.04186046511628e-08 0.00111158043616914 0.000848073879643071 243713.494552935 -318886.555332452 1.34715304043544e-16 4.4905101347848e-17
3.09255813953488e-08 0.00122336068630013 0.000677405210281946 194667.935175248 -351009.175820293 1.34730477784133e-16 4.49101592613778e-17
3.14325581395349e-08 0.00130908965545818 0.000492262424689123 141462.906284273 -375645.362784007 1.34745653233826e-16 4.49152177446087e-17
3.19395348837209e-08 0.00136693507138301 0.000296594584246093 85233.26130798 -392268.570734758 1.34760830392815e-16 4.49202767976049e-17
3.2446511627907e-08 0.00139565945200224 9.45757852928835e-05 27178.5226347469 -400523.180796006 1.34776009261292e-16 4.49253364204307e-17
3.2953488372093e-08 0.00139464657858659 -0.000109483884983672 -31462.7072559198 -400232.108372252 1.34791189839451e-16 4.49303966131502e-17
3.34604651162791e-08 0.00136391471498391 -0.000311230304548311 -89439.1714601167 -391400.601999383 1.34806372127483e-16 4.49354573758276e-17
3.39674418604651e-08 0.00130411628935931 -0.000506358222516169 -145513.657320711 -374216.151885357 1.34821556125581e-16 4.49405187085271e-17
3.44744186046511e-08 0.00121652404370739 -0.000690703132773182 -198489.398420876 -349044.509654665 1.34836741833939e-16 4.49455806113129e-17
3.49813953488372e-08 0.00110300394516297 -0.000860330154645449 -247235.616484444 -316421.903791721 1.34851929252748e-16 4.49506430842492e-17
3.54883720930232e-08 0.000965975435654424 -0.00101161802368955 -290711.658057288 -277043.616466373 1.34867118382201e-16 4.49557061274002e-17
3.59953488372093e-08 0.000808359866690944 -0.00114133639980542 -327989.210767951 -231749.165086494 1.34882309222491e-16 4.49607697408302e-17
3.65023255813953e-08 0.000633518218283549 -0.00124671484227057 -358272.124886867 -181504.404400437 1.3489750177381e-16 4.49658339246034e-17
3.70093023255814e-08 0.0004451794297852 -0.00132550197892496 -380913.4169497 -127380.930718973 1.34912696036352e-16 4.4970898678784e-17
3.75162790697674e-08 0.000247360870913538 -0.00137601360581323 -395429.092293546 -70533.2274383005 1.34927892010309e-16 4.49759640034363e-17
3.80232558139535e-08 4.42826491096915e-05 -0.00139716868965751 -401508.491193818 -12174.0392927564 1.34943089695874e-16 4.49810298986246e-17
3.85302325581395e-08 -0.000159722418898362 -0.00138851250355501 -399020.93743797 46451.4993828091 1.34958289093239e-16 4.4986096364413e-17
3.90372093023256e-08 -0.000360301250733558 -0.0013502264007673 -388018.547048195 104092.430454139 1.34973490202598e-16 4.49911634008659e-17
3.95441860465116e-08 -0.000553173384860961 -0.0012831240165372 -368735.136786302 159518.665052774 1.34988693024143e-16 4.49962310080476e-17
4.00511627906977e-08 -0.000734222327912688 -0.00118863397745229 -341581.25529249 211547.234326505 1.35003897558067e-16 4.50012991860223e-17
4.05581395348837e-08 -0.000899583413447281 -0.00106876948579403 -307135.442449932 259067.537670435 1.35019103804563e-16 4.50063679348543e-17
4.10651162790697e-08 -0.00104572629696582 -0.000926085426421757 -266131.903063423 301065.049563308 1.35034311763824e-16 4.50114372546079e-17
4.15720930232558e-08 -0.00116953032625077 -0.000763623910066502 -219444.857474928 336642.978964304 1.35049521436042e-16 4.50165071453475e-17
4.20790697674418e-08 -0.00126835117792605 -0.00058484941376282 -168069.902678008 365041.418858026 1.35064732821412e-16 4.50215776071373e-17
4.25860465116279e-08 -0.00134007733732219 -0.000393574901260833 -113102.781322511 385653.577040109 1.35079945920125e-16 4.50266486400417e-17
4.30930232558139e-08 -0.00138317521530031 -0.00019388049889092 -55716.011357712 398038.741472107 1.35095160732375e-16 4.50317202441249e-17
4.36e-08 -0.00139672193802403 9.97353861254867e-06 2866.12523586511 401931.703175076 1.35110377258354e-16 4.50367924194514e-17
4.4106976744186e-08 -0.00138042510860262 0.000213637715782321 61393.7011048253 397248.43519128 1.35125595498256e-16 4.50418651660855e-17
4.46139534883721e-08 -0.00133462911745144 0.000412766098600719 118617.812360051 384087.906011126 1.35140815452274e-16 4.50469384840914e-17
4.51209302325581e-08 -0.00126030786520046 0.000603109051138496 173317.228578399 362729.988333883 1.35156037120601e-16 4.50520123735337e-17
4.56279069767442e-08 -0.00115904405190332 0.000780603927770766 224324.455292537 333629.507346557 1.3517126050343e-16 4.50570868344766e-17
4.61348837209302e-08 -0.00103299547297369 0.000941461785492908 270550.652765169 297406.555087609 1.35186485600953e-16 4.50621618669844e-17
4.66418604651163e-08 -0.000884849039583517 0.00108224826556697 311008.879186548 254833.277153063 1.35201712413365e-16 4.50672374711217e-17
4.71488372093023e-08 -0.000717763503281871 0.00119995691793904 344835.162128769 206817.413301126 1.35216940940858e-16 4.50723136469528e-17
4.76558139534883e-08 -0.000535302105739717 0.00129207340293444 371306.948376462 154382.942810506 1.35232171183626e-16 4.5077390394542e-17
4.81627906976744e-08 -0.000341356589647304 0.00135662919922759 389858.538144646 98648.2472676508 1.35247403141861e-16 4.50824677139538e-17
4.86697674418604e-08 -0.000140064191293846 0.00139224367085054 400093.173999174 40802.2564793133 1.35262636815758e-16 4.50875456052525e-17
4.91767441860465e-08 6.42806146972006e-05 0.00139815359427707 401791.526142065 -17920.9137034299 1.35277872205508e-16 4.50926240685027e-17
4.96837209302325e-08 0.000267317735822716 0.00137422951410273 394916.392591545 -76268.2906257009 1.35293109311306e-16 4.50977031037686e-17
5.01906976744186e-08 0.000464714492669277 0.0013209785768294 379613.513535108 -132994.779413138 1.35308348133344e-16 4.51027827111148e-17
5.06976744186046e-08 0.000652258075403587 0.00123953378076255 356208.482040731 -186889.732466512 1.35323588671817e-16 4.51078628906057e-17
5.12046511627907e-08 0.000825945452825293 0.00113162986988325 325199.816607726 -236802.786891669 1.35338830926917e-16 4.51129436423057e-17
5.17116279069767e-08 0.000982068815160084 0.000999566384582325 287248.342947113 -281668.418447236 1.35354074898838e-16 4.51180249662793e-17
5.22186046511628e-08 0.00111729472685864 0.000846158656256302 243163.111153985 -320528.687918136 1.35369320587773e-16 4.51231068625909e-17
5.27255813953488e-08 0.00122873529968141 0.000674677790114917 193884.148389715 -352553.694335088 1.35384567993915e-16 4.5128189331305e-17
5.32325581395348e-08 0.00131400986643497 0.000488780915644067 140462.414751571 -377059.298338296 1.35399817117458e-16 4.5133272372486e-17
5.37395348837209e-08 0.00137129583825748 0.000292433191986822 84037.3897287975 -393521.737185723 1.35415067958596e-16 4.51383559861985e-17
5.42465116279069e-08 0.00139936765901065 8.98232316114619e-05 25812.7672524009 -401588.819191712 1.35430320517521e-16 4.5143440172507e-17
5.4753488372093e-08 0.0013976230242045 -0.000114726253732572 -32969.2222402832 -401087.458336804 1.35445574794428e-16 4.51485249314759e-17
5.5260465116279e-08 0.0013660958035448 -0.000316850678616857 -91054.3149491678 -392027.387858331 1.35460830789509e-16 4.51536102631697e-17
5.57674418604651e-08 0.00130545538985606 -0.000512236713450619 -147202.976615553 -374600.97314852 1.35476088502959e-16 4.51586961676529e-17
5.62744186046511e-08 0.00121699248674453 -0.000696714330758178 -200216.854132623 -349179.12751323 1.3549134793497e-16 4.51637826449902e-17
5.67813953488372e-08 0.00110259163674518 -0.000866345803954606 -248964.351386357 -316303.417504448 1.35506609085738e-16 4.51688696952459e-17
5.72883720930232e-08 0.000964691074670675 -0.0010175097591652 -292404.783475036 -276674.525858668 1.35521871955454e-16 4.51739573184846e-17
5.77953488372093e-08 0.000806230761408969 -0.00114697848598171 -329610.593729504 -231137.317815877 1.35537136544313e-16 4.51790455147708e-17
5.83023255813953e-08 0.000630589705725163 -0.00125198685669106 -359787.159235395 -180662.829100716 1.35552402852508e-16 4.51841342841692e-17
5.88093023255814e-08 0.000441513910327457 -0.00133029138239018 -382289.76196321 -126327.559570726 1.35567670880233e-16 4.51892236267442e-17
5.93162790697674e-08 0.000243036478672698 -0.00138021814469996 -396637.363046444 -69290.5140731912 1.35582940627681e-16 4.51943135425605e-17
5.98232558139535e-08 3.93915864391259e-05 -0.00140069857902853 -402522.885923623 -10768.4801732815 1.35598212095047e-16 4.51994040316825e-17
6.03302325581395e-08 -0.000165075847294636 -0.00139129234445024 -399819.78852293 47989.9299059186 1.35613485282524e-16 4.52044950941748e-17
6.08372093023255e-08 -0.000366002862156241 -0.00135219679073404 -388584.783830098 105730.919361484 1.35628760190306e-16 4.52095867301021e-17
6.13441860465116e-08 -0.000559101554004169 -0.00128424281899825 -369056.650352563 161222.260521131 1.35644036818587e-16 4.52146789395289e-17
6.18511627906976e-08 -0.000740250581341927 -0.00118887722278719 -341651.157422511 213279.591311617 1.3565931516756e-16 4.52197717225199e-17
6.23581395348837e-08 -0.000905583127822022 -0.00106813188486392 -306952.213188264 260791.6933032 1.35674595237419e-16 4.52248650791395e-17
6.28651162790697e-08 -0.00105156944344202 -0.000924580485536404 -265699.423758177 302744.211816837 1.35689877028358e-16 4.52299590094525e-17
6.33720930232558e-08 -0.0011750922025068 -0.000761283644895312 -218772.328563542 338241.311764271 1.3570516054057e-16 4.52350535135235e-17
6.38790697674418e-08 -0.0012735130695129 -0.000581723668249426 -167171.647961717 366524.806882739 1.35720445774251e-16 4.5240148591417e-17
6.43860465116279e-08 -0.00134472905154053 -0.000389730286030179 -111997.942893259 386990.35388824 1.35735732729593e-16 4.52452442431977e-17
6.48930232558139e-08 -0.00138721743352054 -0.000189398971758931 -54428.1416750253 399200.365655856 1.35751021406791e-16 4.52503404689303e-17
6.54e-08 -0.00140006833623371 1.49964197770778e-05 4309.56542511708 402893.367508128 1.35766311806038e-16 4.52554372686794e-17
6.5906976744186e-08 -0.00138300420090543 0.000219094830598998 62961.9283006786 397989.596560565 1.35781603927529e-16 4.52605346425097e-17
6.64139534883721e-08 -0.00133638578314893 0.00041854104867637 120277.376812618 384592.7242188 1.35796897771457e-16 4.52656325904857e-17
6.69209302325581e-08 -0.00126120452683504 0.0006090786428033 175032.727759079 362987.664635019 1.35812193338017e-16 4.52707311126723e-17
6.74279069767441e-08 -0.00115906147908538 0.000786640800095856 226059.289115195 333634.515447314 1.35827490627402e-16 4.5275830209134e-17
6.79348837209302e-08 -0.00103213319479808 0.000947437127527549 272267.804446605 297158.759662588 1.35842789639807e-16 4.52809298799356e-17
6.84418604651162e-08 -0.000883125356791036 0.00108803456482326 312671.705086661 254337.937340176 1.35858090375425e-16 4.52860301251417e-17
6.89488372093023e-08 -0.000715215099861054 0.00120543068147878 346408.17371732 206085.07108646 1.35873392834451e-16 4.5291130944817e-17
6.94558139534883e-08 -0.000531983268211711 0.00129711779299084 372756.569639471 153429.198671912 1.35888697017079e-16 4.52962323390263e-17
6.99627906976744e-08 -0.000337338050649063 0.00136113652711169 391153.822265637 97493.4278518344 1.35904002923503e-16 4.53013343078342e-17
7.04697674418604e-08 -0.000135431622093634 0.00139611769590978 401206.464017696 39470.9813915615 1.35919310553916e-16 4.53064368513055e-17
7.09767441860465e-08 6.94284306238869e-05 0.00140131157882759 402699.045485633 -19400.2567641265 1.35934619908515e-16 4.53115399695049e-17
7.14837209302325e-08 0.000272871009219367 0.00137660399045827 395598.752871978 -77864.1511965689 1.35949930987491e-16 4.53166436624971e-17
7.19906976744186e-08 0.000470554770010028 0.00132251878868865 380056.128764253 -134673.117154741 1.35965243791041e-16 4.53217479303469e-17
7.24976744186046e-08 0.000658260765552178 0.00124020676816092 356401.880416254 -188614.743256194 1.35980558319357e-16 4.53268527731191e-17
7.30046511627907e-08 0.000831982484946758 0.00113142117451752 325139.843204349 -238537.666635483 1.35995874572635e-16 4.53319581908783e-17
7.35116279069767e-08 0.000988011371183784 0.000998480360414893 286936.24897586 -283376.148315914 1.36011192551068e-16 4.53370641836894e-17
7.40186046511627e-08 0.00112301599019405 0.000844218378726505 242605.527871985 -322172.824253661 1.36026512254851e-16 4.53421707516171e-17
7.45255813953488e-08 0.0012341131615347 0.000671924565849724 193092.94620431 -354099.146372874 1.36041833684178e-16 4.53472778947262e-17
7.50325581395348e-08 0.00131892953197248 0.0004852734030851 139454.450512307 -378473.077148088 1.36057156839244e-16 4.53523856130814e-17
7.55395348837209e-08 0.00137565227699297 0.000288246151654556 82834.1475871576 -394773.65984661 1.36072481720243e-16 4.53574939067477e-17
7.60465116279069e-08 0.00140306784711082 8.50459326324963e-05 24439.9007408444 -402652.153170086 1.36087808327369e-16 4.53626027757897e-17
7.6553488372093e-08 0.00140058793084167 -0.000119991936871361 -34482.4371496997 -401939.49231039 1.36103136660817e-16 4.53677122202724e-17
7.7060465116279e-08 0.00136826207888186 -0.000322492438509542 -92675.6041456389 -392649.916797413 1.36118466720781e-16 4.53728222402604e-17
7.75674418604651e-08 0.00130677671861087 -0.000518134205082241 -148897.756196837 -374980.687293736 1.36133798507456e-16 4.53779328358186e-17
7.80744186046511e-08 0.00121744057841287 -0.000702741738596062 -201948.968117651 -349307.896938857 1.36149132021036e-16 4.53830440070119e-17
7.85813953488372e-08 0.00110215683131129 -0.000872374526062112 -250696.843056926 -316178.466183239 1.36164467261715e-16 4.53881557539051e-17
7.90883720930232e-08 0.000963382550837144 -0.00102341115107583 -294100.683891014 -276298.491501484 1.36179804229689e-16 4.5393268076563e-17
7.95953488372093e-08 0.00080407634285779 -0.0011526266057898 -331233.710593641 -230518.196196356 1.36195142925152e-16 4.53983809750506e-17
8.01023255813953e-08 0.000627635269498822 -0.00125726115278273 -361302.849274511 -179813.80404 1.36210483348298e-16 4.54034944494325e-17
8.06093023255813e-08 0.000437822409909576 -0.00133507926645567 -383665.670342331 -125266.72219726 1.36225825499321e-16 4.54086084997738e-17
8.11162790697674e-08 0.000238686602570938 -0.00138441739510978 -397844.114034118 -68040.4773357332 1.36241169378418e-16 4.54137231261392e-17
8.16232558139534e-08 3.44760808532909e-05 -0.00140421952326972 -403534.710065063 -9355.89682108287 1.36256514985781e-16 4.54188383285938e-17
8.21302325581395e-08 -0.000170452155965182 -0.00139405977402762 -400615.072930834 49534.9356009949 1.36271862321607e-16 4.54239541072022e-17
8.26372093023255e-08 -0.000371725302802694 -0.00135415156764486 -389146.53384203 107375.394024359 1.36287211386089e-16 4.54290704620296e-17
8.31441860465116e-08 -0.000565048056622719 -0.00128534313946578 -369372.852693784 162931.124534423 1.36302562179422e-16 4.54341873931407e-17
8.36511627906976e-08 -0.000746294281005892 -0.00118909951124808 -341715.037113776 215016.387126803 1.36317914701801e-16 4.54393049006004e-17
8.41581395348837e-08 -0.000911595071264322 -0.00106747129909132 -306762.378704553 262519.363239214 1.36333268953421e-16 4.54444229844737e-17
8.46651162790697e-08 -0.00105742134050482 -0.000923051022076511 -265259.897328288 304425.88875227 1.36348624934477e-16 4.54495416448256e-17
8.51720930232558e-08 -0.00118065916375121 -0.00075891784252224 -218092.460951058 339841.105852359 1.36363982645162e-16 4.54546608817208e-17
8.56790697674418e-08 -0.00127867627157039 -0.000578571915721187 -166265.91953279 368008.571501268 1.36379342085673e-16 4.54597806952245e-17
8.61860465116279e-08 -0.00134937827332299 -0.00038585974887263 -110885.655203347 388326.414477716 1.36394703256204e-16 4.54649010854014e-17
8.66930232558139e-08 -0.00139125340915519 -0.000184892160935746 -53133.0061433546 400360.195889354 1.3641006615695e-16 4.54700220523167e-17
8.71999999999999e-08 -0.00140340487449385 2.00434068061205e-05 5759.93298782167 403852.198358374 1.36425430788105e-16 4.54751435960351e-17
8.7706976744186e-08 -0.00138557002588503 0.00022457435893494 64536.596535734 398726.945260013 1.36440797149865e-16 4.54802657166218e-17
8.8213953488372e-08 -0.00133812605687214 0.000424336241461833 121942.758472465 385092.83181643 1.36456165242425e-16 4.54853884141417e-17
8.87209302325581e-08 -0.00126208202127444 0.000615065874172442 176753.296113671 363239.832802685 1.36471535065979e-16 4.54905116886597e-17
8.92279069767441e-08 -0.00115905737254026 0.00079269233241966 227798.335824964 333633.335337319 1.36486906620723e-16 4.54956355402409e-17
8.97348837209302e-08 -0.00103124747559678 0.000953423836695509 273988.222734703 296904.227920812 1.36502279906851e-16 4.55007599689502e-17
9.02418604651162e-08 -0.000881376825658695 0.00109382869541763 314336.781501518 253835.456786505 1.36517654924558e-16 4.55058849748527e-17
9.07488372093023e-08 -0.000712640970856984 0.00121090857305315 347982.371591371 205345.336034986 1.3653303167404e-16 4.55110105580134e-17
9.12558139534883e-08 -0.000528638376706716 0.00130216251927474 374206.287525169 152467.967325033 1.36548410155492e-16 4.55161367184972e-17
9.17627906976744e-08 -0.000333293685199041 0.00136564039181442 392448.111161976 96331.1866123226 1.36563790369108e-16 4.55212634563693e-17
9.22697674418604e-08 -0.000130774005093337 0.00139998453185038 402317.688077964 38132.5082435507 1.36579172315084e-16 4.55263907716946e-17
9.27767441860465e-08 7.45999811257545e-05 0.00140445880130836 403603.472101445 -20886.4204997642 1.36594555993615e-16 4.55315186645383e-17
9.32837209302325e-08 0.00027844619735528 0.00137896436103824 396277.059534045 -79466.3094707576 1.36609941404896e-16 4.55366471349652e-17
9.37906976744185e-08 0.000476414674418835 0.00132404185168771 380493.815874816 -136357.095184837 1.36625328549122e-16 4.55417761830406e-17
9.42976744186046e-08 0.000664280376025384 0.00124085992920472 356589.581233733 -190344.616489514 1.36640717426488e-16 4.55469058088294e-17
9.48046511627906e-08 0.000838033369288131 0.00113119039806835 325073.52429483 -240276.527132628 1.3665610803719e-16 4.55520360123968e-17
9.53116279069767e-08 0.000993964415389843 0.000997370471361018 286617.296881734 -285086.892204521 1.36671500381423e-16 4.55571667938078e-17
9.58186046511627e-08 0.00112874415349202 0.000842252961550118 242040.720135526 -323818.943451796 1.36686894459382e-16 4.55622981531275e-17
9.63255813953488e-08 0.00123949418749089 0.000669145463479592 192294.30735149 -355645.507688252 1.36702290271263e-16 4.55674300904209e-17
9.68325581395348e-08 0.00132384855781485 0.000481739826082737 138438.996056995 -379886.6721268 1.3671768781726e-16 4.55725626057533e-17
9.73395348837209e-08 0.00138000428545705 0.00028403341669872 81623.5215056842 -396024.309367325 1.36733087097569e-16 4.55776956991897e-17
9.78465116279069e-08 0.00140675990847225 8.02438571792688e-05 23059.9141407317 -403713.151743555 1.36748488112385e-16 4.55828293707952e-17
9.8353488372093e-08 0.0014035411872698 -0.0001252809495359 -36002.3563338068 -402788.17832901 1.36763890861905e-16 4.55879636206349e-17
9.8860465116279e-08 0.0013704134287421 -0.000328155582996585 -94303.0386961245 -393268.156558161 1.36779295346322e-16 4.5593098448774e-17
9.93674418604651e-08 0.00130808016474128 -0.000524050679840014 -150597.991015127 -375355.262456383 1.36794701565833e-16 4.55982338552776e-17
9.98744186046511e-08 0.00121786821156667 -0.000708785322747668 -203685.73073771 -349430.787140761 1.36810109520632e-16 4.56033698402108e-17
1.00381395348837e-07 0.00110169942773907 -0.000878416272174542 -252433.077474241 -316047.020768301 1.36825519210917e-16 4.56085064036389e-17
1.00888372093023e-07 0.000962049771213596 -0.00102932213641323 -295799.341198363 -275915.486686313 1.36840930636881e-16 4.56136435456269e-17
1.01395348837209e-07 0.000801896528263302 -0.00115828068334959 -332858.539554474 -229891.776440894 1.3685634379872e-16 4.561878126624e-17
1.01902325581395e-07 0.000624654838763983 -0.00126253764341133 -362819.169964182 -178957.308860634 1.3687175869663e-16 4.56239195655434e-17
1.02409302325581e-07 0.000434104871137555 -0.00133986553459105 -385041.114346846 -124198.402105093 1.36887175330807e-16 4.56290584436023e-17
1.02916279069767e-07 0.000234311199887023 -0.00138861125317498 -399049.315407798 -66783.1049489998 1.36902593701446e-16 4.56341979004819e-17
1.03423255813953e-07 2.95361052169855e-05 -0.00140773141339163 -404543.932297512 -7936.28143823786 1.36918013808742e-16 4.56393379362474e-17
1.03930232558139e-07 -0.000175851355878386 -0.001396814680501 -401406.758537372 51086.5196200553 1.36933435652892e-16 4.56444785509639e-17
1.04437209302326e-07 -0.000377468567238617 -0.00135609061930203 -389703.764841392 109025.852881091 1.3694885923409e-16 4.56496197446967e-17
1.04944186046512e-07 -0.000571012870993736 -0.00128642486772454 -369683.712137078 164645.250850083 1.36964284552533e-16 4.5654761517511e-17
1.05451162790698e-07 -0.000752353389354835 -0.00118930073695424 -341772.863939031 216757.610981283 1.36979711608416e-16 4.5659903869472e-17
1.05958139534884e-07 -0.00091761919119704 -0.00106678762918992 -306565.910466594 264250.532369227 1.36995140401935e-16 4.5665046800645e-17
1.0646511627907e-07 -0.0010632819216699 -0.00092149694546951 -264813.29774565 306110.061263813 1.37010570933286e-16 4.56701903110952e-17
1.06972093023256e-07 -0.00118623113100963 -0.000756526423022155 -217405.231669155 341442.338533475 1.37026003202663e-16 4.56753344008878e-17
1.07479069767442e-07 -0.00128384069431791 -0.000575394088607105 -165352.69797315 369492.686913098 1.37041437210264e-16 4.56804790700881e-17
1.07986046511628e-07 -0.0013540249039973 -0.000381963236014577 -109765.902799693 389661.730452792 1.37056872956284e-16 4.56856243187614e-17
1.08493023255814e-07 -0.00139528303674483 -0.000180360027594157 -51830.5936048111 401518.201866418 1.37072310440919e-16 4.56907701469729e-17
1.09e-07 -0.00140673144280749 2.51145227502791e-05 7217.23454809855 404808.164115658 1.37087749664364e-16 4.56959165547879e-17
