0 -0.00139 0 0 400000 1.33808e-16 4.46026666666667e-17
3.39563862928349e-10 -0.00138337297183421 0.00013582554517134 39032.587912266 398095.571351089 1.33811033133383e-16 4.46036777111276e-17
6.79127725856698e-10 -0.00136352343909258 0.000270357740045288 77693.5019312257 392391.352525553 1.3381406633552e-16 4.46046887785067e-17
1.01869158878505e-09 -0.00133064056208939 0.000402312470924552 115613.722512612 382941.703081361 1.33817099606413e-16 4.46056998688045e-17
1.3582554517134e-09 -0.00128503790623504 0.000530430196410612 152431.291526202 369836.733236239 1.33820132946064e-16 4.46067109820214e-17
1.69781931464174e-09 -0.00122715045193349 0.000653487970045381 187794.767237841 353201.44459306 1.33823166354474e-16 4.46077221181581e-17
2.03738317757009e-09 -0.00115753044552869 0.000770311113933591 221366.578992778 333194.537814074 1.33826199831645e-16 4.4608733277215e-17
2.37694704049844e-09 -0.00107684213087572 0.00087978443191549 252826.249578201 310006.898616957 1.33829233377578e-16 4.46097444591927e-17
2.71651090342679e-09 -0.000985855411797447 0.000980862855251787 281873.454505156 283859.776536268 1.33832266992275e-16 4.46107556640917e-17
3.05607476635514e-09 -0.000885438505893117 0.00107258141919693 308230.889005858 255002.673826728 1.33835300675737e-16 4.46117668919124e-17
3.39563862928349e-09 -0.000776549659793945 0.00115406447522108 331646.915377115 223710.964651774 1.33838334427966e-16 4.46127781426554e-17
3.73520249221184e-09 -0.000660228004920862 0.00122453405093441 351897.965396467 190283.267275656 1.33841368248964e-16 4.46137894163213e-17
4.07476635514019e-09 -0.000537583641004926 0.00128331727790074 368790.674874907 155038.594335422 1.33844402138732e-16 4.46148007129106e-17
4.41433021806854e-09 -0.000409787042003836 0.00132985281642206 382163.729966178 118313.308387878 1.33847436097271e-16 4.46158120324237e-17
4.75389408099689e-09 -0.000278057885517729 0.00136369621594801 391889.407603475 80457.9117858135 1.33850470124583e-16 4.46168233748612e-17
5.09345794392524e-09 -0.000143653412312278 0.00138452415992199 397874.795353405 41833.7015198012 1.33853504220671e-16 4.46178347402236e-17
5.43302180685358e-09 -7.85642704462185e-06 0.00139213755452249 400062.679036697 2809.32095137388 1.33856538385534e-16 4.46188461285114e-17
5.77258566978193e-09 0.000128036945285222 0.0013864634317918 398432.089635923 -36242.7586516769 1.33859572619176e-16 4.46198575397252e-17
6.11214953271028e-09 0.000262729630300634 0.00136755564896043 392998.504262417 -74949.7931964024 1.33862606921596e-16 4.46208689738655e-17
6.45171339563863e-09 0.000394935984556711 0.00133559437726482 383813.699256313 -112942.323530449 1.33865641292798e-16 4.46218804309327e-17
6.79127725856698e-09 0.00052339406702314 0.00129088438511025 370965.256813998 -149857.701934319 1.33868675732782e-16 4.46228919109275e-17
7.13084112149533e-09 0.00064687768461016 0.00123385213193828 354575.729844227 -185343.553679732 1.33871710241551e-16 4.46239034138503e-17
7.47040498442368e-09 0.000764208096760246 0.00116504170051046 334801.473016477 -219061.140612687 1.33874744819105e-16 4.46249149397016e-17
7.80996884735203e-09 0.000874265267379647 0.00108510960640746 311831.151151387 -250688.594654252 1.33877779465446e-16 4.4625926488482e-17
8.14953271028038e-09 0.000975998556701966 0.000994818534260457 285883.939183087 -279923.990352964 1.33880814180576e-16 4.4626938060192e-17
8.48909657320873e-09 0.00106843675101927 0.000895030060477103 257207.430867466 -306488.227158271 1.33883848964496e-16 4.46279496548321e-17
8.82866043613707e-09 0.00115069733453386 0.000786696431899157 226075.27619075 -330127.693899942 1.33886883817209e-16 4.46289612724029e-17
9.16822429906542e-09 0.00122199491481532 0.000670851478841603 192784.570022722 -350616.69003655 1.33889918738714e-16 4.46299729129047e-17
9.50778816199377e-09 0.00128164872142455 0.000548600749226965 157653.016933775 -367759.580557171 1.33892953729015e-16 4.46309845763383e-17
9.84735202492212e-09 0.00132908910611041 0.000421110957964958 121015.899231996 -381392.663962114 1.33895988788112e-16 4.4631996262704e-17
1.01869158878505e-08 0.00136386298251362 0.000289598852265652 83222.8771553318 -391385.735486666 1.33899023916007e-16 4.46330079720025e-17
1.05264797507788e-08 0.0013856381534326 0.00015531959915138 44634.6517566078 -397643.330640269 1.33902059112702e-16 4.46340197042341e-17
1.08660436137072e-08 0.00139420648432331 1.95548059955726e-05 5619.52233040284 -400105.637184528 1.33905094378199e-16 4.46350314593995e-17
1.12056074766355e-08 0.00138948589271635 -0.000116399711578119 -33450.1287618909 -398749.066837881 1.33908129712498e-16 4.46360432374992e-17
1.15451713395639e-08 0.00137152113453597 -0.000251246297689028 -72201.3903187902 -393586.481242412 1.33911165115601e-16 4.46370550385337e-17
1.18847352024922e-08 0.00134048337978835 -0.000383697842037948 -110264.381653689 -384667.070028142 1.3391420058751e-16 4.46380668625035e-17
1.22242990654206e-08 0.0012966685816418 -0.000512490065370778 -147275.783104818 -372075.882130783 1.33917236128227e-16 4.46390787094091e-17
1.25638629283489e-08 0.0012404946544382 -0.000636393587302644 -182882.304001488 -355933.01482857 1.33920271737753e-16 4.4640090579251e-17
1.29034267912773e-08 0.00117249748754421 -0.00075422566131246 -216744.054984125 -336392.468230898 1.3392330741609e-16 4.46411024720299e-17
1.32429906542056e-08 0.00109332583306273 -0.000864861464892078 -248537.792487759 -313640.676144884 1.33926343163238e-16 4.46421143877461e-17
1.3582554517134e-08 0.00100373511617503 -0.000967244837077595 -277960.004418102 -287894.727335101 1.339293789792e-16 4.46431263264002e-17
1.39221183800623e-08 0.000904580227168159 -0.0010603983608626 -304729.807564402 -259400.294147224 1.33932414863978e-16 4.46441382879927e-17
1.42616822429907e-08 0.000796807363923359 -0.00114343269424377 -328591.629089568 -228429.288259836 1.33935450817573e-16 4.46451502725242e-17
1.4601246105919e-08 0.000681445002705813 -0.00121555506081871 -349317.646498337 -195277.265933622 1.33938486839985e-16 4.46461622799951e-17
1.49408099688474e-08 0.000559594083418097 -0.00127607681887583 -366709.962788986 -160260.607518679 1.33941522931218e-16 4.46471743104061e-17
1.52803738317757e-08 0.000432417502979426 -0.00132442003670992 -380602.49602116 -123713.498135891 1.33944559091272e-16 4.46481863637575e-17
1.56199376947041e-08 0.000301129017098722 -0.00136012301138057 -390862.565257793 -85984.7383466888 1.3394759532015e-16 4.464919844005e-17
1.59595015576324e-08 0.000166981656358573 -0.00138284467821417 -397392.15773671 -47434.4152489008 1.33950631617852e-16 4.4650210539284e-17
1.62990654205608e-08 3.12557671653582e-05 -0.00139236786893637 -400128.865169768 -8430.46576928197 1.3395366798438e-16 4.46512226614601e-17
1.66386292834891e-08 -0.000104753208296084 -0.00138860138731071 -399046.480225256 30654.8350469902 1.33956704419736e-16 4.46522348065787e-17
1.69781931464175e-08 -0.000239747096471148 -0.00137158088244494 -394155.247492517 69448.427232944 1.33959740923921e-16 4.46532469746405e-17
1.73177570093458e-08 -0.00037243738319483 -0.00134146851140235 -385501.766525562 107580.026668915 1.33962777496938e-16 4.46542591656459e-17
1.76573208722741e-08 -0.000501557512534924 -0.00129855139431091 -373168.547883224 144685.659437425 1.33965814138786e-16 4.46552713795954e-17
1.79968847352025e-08 -0.00062587497632682 -0.00124323887668848 -357273.226395482 180411.136028488 1.33968850849469e-16 4.46562836164896e-17
1.83364485981308e-08 -0.000744203079002838 -0.00117605862508784 -337967.439157432 214415.432233352 1.33971887628987e-16 4.4657295876329e-17
1.86760124610592e-08 -0.000855412265415661 -0.00109765159330119 -315435.378952618 246373.944454557 1.33974924477342e-16 4.46583081591141e-17
1.90155763239875e-08 -0.000958440903524037 -0.00100876590714529 -289892.036905689 275981.588358163 1.33977961394536e-16 4.46593204648454e-17
1.93551401869159e-08 -0.00105230541900968 -0.000910249726171261 -261581.151130861 302955.711288528 1.3398099838057e-16 4.46603327935235e-17
1.96947040498442e-08 -0.00113610968507768 -0.000803043150409463 -230772.880949308 327038.790642973 1.33984035435447e-16 4.46613451451488e-17
2.00342679127726e-08 -0.00120905357779969 -0.000688169249376441 -197761.228868397 348000.892446011 1.33987072559166e-16 4.4662357519722e-17
2.03738317757009e-08 -0.0012704406153218 -0.000566724298950431 -162861.23492378 365641.866651067 1.3399010975173e-16 4.46633699172434e-17
2.07133956386293e-08 -0.00131968460800158 -0.000439867319284674 -126405.970158658 379793.258209995 1.33993147013141e-16 4.46643823377137e-17
2.10529595015576e-08 -0.00135631525597752 -0.000308809013601331 -88743.3579323304 390319.915663132 1.339961843434e-16 4.46653947811333e-17
2.1392523364486e-08 -0.00137998264071933 -0.00017480021342953 -50232.8533941396 397121.281889367 1.33999221742508e-16 4.46664072475028e-17
2.17320872274143e-08 -0.00139046056766297 -3.91199405643909e-05 -11242.0128133926 400132.354689038 1.34002259210468e-16 4.46674197368227e-17
2.20716510903427e-08 -0.00138764872799956 9.69368003153213e-05 27857.0144921452 399324.308023597 1.3400529674728e-16 4.46684322490934e-17
2.2411214953271e-08 -0.00137157365895756 0.000232071381859868 66691.0381470548 394704.767974735 1.34008334352947e-16 4.46694447843156e-17
2.27507788161994e-08 -0.0013423884933853 0.000364993949119091 104889.388726284 386317.740781165 1.34011372027469e-16 4.46704573424898e-17
2.30903426791277e-08 -0.00130037150099645 0.000494435731163042 142087.455781913 374243.193632043 1.34014409770849e-16 4.46714699236164e-17
2.34299065420561e-08 -0.00124592343517485 0.0006191611517387 177930.168118333 358596.292210417 1.34017447583088e-16 4.4672482527696e-17
2.37694704049844e-08 -0.00117956371063553 0.000737979623364293 212075.383095947 339526.302256412 1.34020485464187e-16 4.46734951547291e-17
2.41090342679128e-08 -0.00110192544839926 0.00084975691228164 244197.15261108 317215.165626922 1.34023523414149e-16 4.46745078047163e-17
2.44485981308411e-08 -0.00101374943534948 0.000953425965780475 273988.834576135 291875.764435658 1.34026561432974e-16 4.4675520477658e-17
2.47881619937695e-08 -0.000915877056002004 0.00104799709853779 301166.020198 263749.889834942 1.34029599520664e-16 4.46765331735548e-17
2.51277258566978e-08 -0.000809242263929164 0.00113256744073099 325469.249110223 233105.934820155 1.34032637677221e-16 4.46775458924071e-17
2.54672897196262e-08 -0.000694862669447742 0.00120632955772767 346666.486438707 200236.333072314 1.34035675902647e-16 4.46785586342156e-17
2.58068535825545e-08 -0.000573829828617105 0.0012685791590599 364555.338152416 165454.768278786 1.34038714196942e-16 4.46795713989807e-17
2.61464174454829e-08 -0.000447298826219051 0.00131872182308175 378964.983548053 129093.180563464 1.34041752560109e-16 4.4680584186703e-17
2.64859813084112e-08 -0.000316477252131882 0.00135627867310203 389757.806417089 91498.5985948289 1.34044790992149e-16 4.46815969973829e-17
2.68255451713396e-08 -0.00018261367630337 0.00138089095079102 396830.70931915 53029.8276049135 1.34047829493063e-16 4.4682609831021e-17
2.71651090342679e-08 -4.69857323154514e-05 0.00139232344318369 400116.098410065 14054.024928103 1.34050868062854e-16 4.46836226876179e-17
2.75046728971963e-08 8.91120767280927e-05 0.0013904667305436 399582.529417127 -25056.8042569202 1.34053906701522e-16 4.46846355671739e-17
2.78442367601246e-08 0.000224380733606765 0.00137533823360497 395235.008588164 -63929.3575364267 1.34056945409069e-16 4.46856484696898e-17
2.8183800623053e-08 0.000357529105754944 0.00134708205017032 387114.945734106 -102192.598333236 1.34059984185498e-16 4.46866613951659e-17
2.85233644859813e-08 0.000487286269056991 0.00130596758259566 375299.75980535 -139481.297432102 1.34063023030808e-16 4.46876743436028e-17
2.88629283489097e-08 0.000612413639035869 0.00125238696923624 359902.140758755 -175439.519155196 1.34066061945003e-16 4.4688687315001e-17
2.9202492211838e-08 0.000731716793641009 0.00118685134434227 341068.974752814 -209724.018911567 1.34069100928083e-16 4.4689700309361e-17
2.95420560747664e-08 0.000844056874782162 0.00110998596207639 318979.942922181 -242007.519689581 1.3407213998005e-16 4.46907133266834e-17
2.98816199376947e-08 0.000948361459774193 0.00102252423116772 293845.807098576 -271981.836216109 1.34075179100906e-16 4.46917263669687e-17
3.02211838006231e-08 0.00104363479891492 0.000925300717115731 265906.398833461 -299360.81695949 1.34078218290652e-16 4.46927394302174e-17
3.05607476635514e-08 0.00112896732146586 0.000819243178713248 235428.330910146 -323883.075891295 1.3408125754929e-16 4.469375251643e-17
3.09003115264797e-08 0.0012035443192866 0.000705363714876568 202702.453182214 -345314.487927954 1.34084296876821e-16 4.4694765625607e-17
3.12398753894081e-08 0.00126665372522032 0.000584749106264344 168041.077016035 -363450.424228386 1.34087336273247e-16 4.4695778757749e-17
3.15794392523364e-08 0.00131769291196695 0.000458550443854419 131774.994824265 -378117.706006238 1.3409037573857e-16 4.46967919128565e-17
3.19190031152648e-08 0.00135617444652762 0.000327972143455717 94250.3231336991 -389176.258201582 1.3409341527279e-16 4.469780509093e-17
3.22585669781931e-08 0.00138173074527175 0.000194260450995683 55825.1993157868 -396520.447221284 1.3409645487591e-16 4.469881829197e-17
3.25981308411215e-08 0.00139411758517005 5.8691548286581e-05 16866.363505577 -400080.089972399 1.34099494547931e-16 4.4699831515977e-17
3.29376947040498e-08 0.00139321643765351 -7.74406272101828e-05 -22254.3416685677 -399821.124550122 1.34102534288855e-16 4.47008447629516e-17
3.32772585669782e-08 0.00137903560279542 -0.000212836732370157 -61163.5201369363 -395745.93617102 1.34105574098683e-16 4.47018580328943e-17
3.36168224299065e-08 0.00135171013296367 -0.000346204420267918 -99489.786348187 -387893.335232763 1.34108613977417e-16 4.47028713258056e-17
3.39563862928349e-08 0.00131150054664459 -0.000476270675542872 -136867.310119835 -376338.187701895 1.34111653925058e-16 4.4703884641686e-17
3.42959501557632e-08 0.00125879034468728 -0.000601793965528531 -172939.308544149 -361190.701349628 1.34114693941608e-16 4.47048979805361e-17
3.46355140186916e-08 0.00119408235264821 -0.000721576091160875 -207361.451618669 -342595.374640612 1.34117734027069e-16 4.47059113423563e-17
3.49750778816199e-08 0.00111799392412111 -0.000834473624544286 -239805.149093302 -320729.618299685 1.34120774181442e-16 4.47069247271472e-17
3.53146417445482e-08 0.00103125105080969 -0.000939408823996305 -269960.687158953 -295802.062706079 1.34123814404728e-16 4.47079381349093e-17
3.56542056074766e-08 0.000934681435536579 -0.00103537992237731 -297540.185035201 -268050.567263549 1.34126854696929e-16 4.47089515656431e-17
3.59937694704049e-08 0.000829206594281832 -0.00112147069049075 -322280.343232861 -237739.950739869 1.34129895058048e-16 4.47099650193492e-17
3.63333333333333e-08 0.000715833062613591 -0.00119685918425666 -343944.957255057 -205159.46423284 1.34132935488084e-16 4.47109784960281e-17
3.66728971962616e-08 0.000595642790423465 -0.00126082559214985 -362327.172738698 -170620.030877043 1.34135975987041e-16 4.47119919956802e-17
3.701246105919e-08 0.00046978281662873 -0.00131275910797999 -377251.460505596 -134451.278632527 1.34139016554919e-16 4.47130055183062e-17
3.73520249221183e-08 0.000339454322378028 -0.00135216376339221 -388575.292665372 -96998.3944722126 1.34142057191719e-16 4.47140190639065e-17
3.76915887850467e-08 0.000205901167231551 -0.00137866316439449 -396190.503765308 -58618.8299901454 1.34145097897445e-16 4.47150326324816e-17
3.8031152647975e-08 7.03980177239986e-05 -0.0013920040866776 -400024.323988077 -19678.8898715873 1.34148138672096e-16 4.47160462240321e-17
3.83707165109034e-08 -6.57618183883203e-05 -0.00139205889538537 -400040.074528238 19449.7642153117 1.34151179515676e-16 4.47170598385585e-17
3.87102803738317e-08 -0.000201278736083091 -0.00137882676621201 -396237.51850261 58393.6609384783 1.34154220428184e-16 4.47180734760614e-17
3.904984423676e-08 -0.000334859237413624 -0.00135243369614457 -388652.864037335 96781.0839741914 1.34157261409623e-16 4.47190871365411e-17
3.93894080996884e-08 -0.000465228277840776 -0.00131313130372017 -377358.419494283 134245.620008937 1.34160302459995e-16 4.47201008199983e-17
3.97289719626167e-08 -0.000591141436710458 -0.00126129443022226 -362461.904119712 170429.656205458 1.34163343579301e-16 4.47211145264335e-17
4.00685358255451e-08 -0.000711396795707814 -0.00119741756468452 -344105.420687109 204987.793749204 1.34166384767542e-16 4.47221282558472e-17
4.04080996884734e-08 -0.000824846411903865 -0.00112211012679864 -322464.099932461 237590.144891613 1.3416942602472e-16 4.47231420082399e-17
4.07476635514018e-08 -0.000930407275877368 -0.00103609065272377 -297744.429713144 267925.482017946 1.34172467350836e-16 4.47241557836122e-17
4.10872274143301e-08 -0.001027071650307 -0.000940179939268023 -270182.284831142 295704.20867904 1.34175508745893e-16 4.47251695819645e-17
4.14267912772585e-08 -0.00111391669033992 -0.000835293211856115 -240040.676318761 320661.124225031 1.34178550209892e-16 4.47261834032974e-17
4.17663551401868e-08 -0.00119011325389587 -0.000722431391016067 -207607.241663149 342557.955648445 1.34181591742834e-16 4.47271972476113e-17
4.21059190031152e-08 -0.00125493381779566 -0.000602671540724434 -173191.499919052 361185.632465422 1.34184633344721e-16 4.4728211114907e-17
4.24454828660435e-08 -0.00130775942413596 -0.000477156589760159 -137121.897903933 376366.282915935 1.34187675015554e-16 4.47292250051847e-17
4.27850467289719e-08 -0.00134808559058645 -0.00034708442415835 -99742.6756642069 387954.932423342 1.34190716755335e-16 4.47302389184451e-17
4.31246105919002e-08 -0.00137552712817323 -0.000213696454860179 -61410.5811270437 395840.888095028 1.34193758564066e-16 4.47312528546887e-17
4.34641744548285e-08 -0.00138982182053896 -7.82657696666267e-05 -22491.4652923356 399948.796042244 1.34196800441748e-16 4.47322668139161e-17
4.38037383177569e-08 -0.00139083292953593 5.79150174259754e-05 16643.2095396207 400239.36141979 1.34199842388383e-16 4.47332807961276e-17
4.41433021806852e-08 -0.00137855050321016 0.000193546103539684 55619.9151783959 396709.724305272 1.34202884403972e-16 4.47342948013239e-17
4.44828660436136e-08 -0.00135309147366491 0.000327332903124858 94066.6227525974 389393.487822417 1.34205926488516e-16 4.47353088295055e-17
4.48224299065419e-08 -0.00131469854384198 0.000457998404652875 131616.353689137 378360.398232144 1.34208968642018e-16 4.47363228806728e-17
4.51619937694703e-08 -0.00126373787381899 0.000584295359848249 167910.682568851 363715.68003697 1.34212010864479e-16 4.47373369548265e-17
4.55015576323986e-08 -0.00120069558867911 0.000705018189112412 202603.158423277 345599.032437225 1.34215053155901e-16 4.4738351051967e-17
4.5841121495327e-08 -0.00112617314125834 0.000819014489497723 235362.611815124 324183.296710053 1.34218095516284e-16 4.47393651720948e-17
4.61806853582553e-08 -0.00104088157400605 0.000925196035381255 265876.316134374 299672.807223335 1.34221137945632e-16 4.47403793152106e-17
4.65202492211837e-08 -0.000945634734703331 0.0010225491668275 293852.972932742 272301.441816635 1.34224180443944e-16 4.47413934813147e-17
4.6859813084112e-08 -0.000841341510770049 0.00111014446647115 319025.492798052 242330.390151101 1.34227223011223e-16 4.47424076704077e-17
4.71993769470403e-08 -0.000728997156260527 0.00118714563253984 341153.545220974 210045.661322603 1.34230265647471e-16 4.47434218824902e-17
4.75389408099687e-08 -0.000609673794309375 0.00125281746330729 360025.853110895 175755.35452155 1.34233308352688e-16 4.47444361175626e-17
4.7878504672897e-08 -0.000484510185661209 0.00130653287674652 375462.210054397 139786.718785075 1.34236351126877e-16 4.47454503756256e-17
4.82180685358254e-08 -0.000354700860925043 0.00134777889836021 387315.201055733 102483.029900892 1.34239393970038e-16 4.47464646566795e-17
4.85576323987537e-08 -0.000221484720269516 0.00137616156001187 395471.610328415 64200.3142680533 1.34242436882175e-16 4.47474789607249e-17
4.88971962616821e-08 -8.61332093606373e-05 0.00139140966297491 399853.502693721 25303.9509812772 1.34245479863287e-16 4.47484932877624e-17
4.92367601246104e-08 5.00618156091204e-05 0.0013933773692561 400418.968256989 -13834.8154314716 1.34248522913377e-16 4.47495076377925e-17
4.95763239875388e-08 0.000185800417981415 0.0013820455964334 397162.523246252 -52842.4183348958 1.34251566032447e-16 4.47505220108156e-17
4.99158878504671e-08 0.000319786988098648 0.00135752220266726 390115.163179508 -91346.5345566758 1.34254609220497e-16 4.47515364068324e-17
5.02554517133955e-08 0.000450742609751419 0.00132004096009235 379344.067845263 -128979.638169985 1.3425765247753e-16 4.47525508258433e-17
5.05950155763238e-08 0.000577417267570496 0.00126995932636091 364951.960904361 -165382.508567759 1.34260695803546e-16 4.47535652678488e-17
5.09345794392521e-08 0.000698601778842438 0.00120775503558067 347076.130217749 -200207.65934378 1.34263739198549e-16 4.47545797328495e-17
5.12741433021805e-08 0.000813139335855704 0.00113402154115949 325887.118243287 -233122.655250749 1.34266782662538e-16 4.47555942208459e-17
5.16137071651088e-08 0.000919936548598906 0.00104946235402777 301587.094994013 -263813.28557309 1.34269826195516e-16 4.47566087318385e-17
5.19532710280372e-08 0.00101797388239941 0.000954884330254339 274407.929080504 -291986.563621965 1.34272869797484e-16 4.47576232658279e-17
5.22928348909655e-08 0.00110631539086326 0.000851189972100359 244608.975241994 -317373.523718962 1.34275913468443e-16 4.47586378228145e-17
5.26323987538939e-08 0.00118411765120148 0.000739368815973832 212474.59947745 -339731.788967177 1.34278957208397e-16 4.47596524027988e-17
5.29719626168222e-08 0.00125063781663844 0.000620487989464449 178311.465392791 -358847.885295608 1.34282001017345e-16 4.47606670057815e-17
5.33115264797506e-08 0.00130524070902391 0.0004956820275712 142445.607660154 -374539.279683986 1.34285044895289e-16 4.4761681631763e-17
5.36510903426789e-08 0.00134740488392902 0.000366142045308163 105219.32051765 -386656.123107332 1.34288088842232e-16 4.47626962807439e-17
5.39906542056073e-08 0.00137672761031292 0.000233104370019299 66987.8910041113 -395082.681557461 1.34291132858174e-16 4.47637109527245e-17
5.43302180685356e-08 0.00139292871720546 9.78387418924287e-05 28116.208105952 -399738.441475532 1.34294176943117e-16 4.47647256477057e-17
5.4669781931464e-08 0.0013958532706643 -3.83638047135442e-05 -11024.7198216021 -400578.879037128 1.34297221097063e-16 4.47657403656876e-17
5.50093457943923e-08 0.00138547305542897 -0.000174203263464955 -50061.30612045 -397595.885939548 1.34300265320013e-16 4.47667551066711e-17
5.53489096573206e-08 0.00136188684710266 -0.000308383064164816 -88620.9515852325 -390817.847619494 1.34303309611969e-16 4.47677698706564e-17
5.5688473520249e-08 0.00132531947223633 -0.000439622448348248 -126335.600874727 -380309.373146665 1.34306353972933e-16 4.47687846576443e-17
5.60280373831773e-08 0.00127611966525904 -0.000566668694238442 -162845.255633534 -366170.679363511 1.34309398402905e-16 4.47697994676351e-17
5.63676012461057e-08 0.00121475674268249 -0.000688309074374842 -197801.410790991 -348536.635141555 1.34312442901888e-16 4.47708143006294e-17
5.6707165109034e-08 0.00114181612629689 -0.000803382431774195 -230870.381236748 -327575.474868985 1.34315487469883e-16 4.47718291566278e-17
5.70467289719624e-08 0.00105799375806245 -0.000910790264123539 -261736.487118032 -303487.193441528 1.34318532106892e-16 4.47728440356308e-17
5.73862928348907e-08 0.000964089459980126 -0.00100950721019746 -290105.067352333 -276501.638068903 1.34321576812916e-16 4.47738589376388e-17
5.77258566978191e-08 0.000860999302296455 -0.0010985908383952 -315705.292588208 -246876.31510332 1.34324621587957e-16 4.47748738626524e-17
5.80654205607474e-08 0.000749707052864139 -0.00117719064395202 -338292.75076048 -214893.932816977 1.34327666432016e-16 4.47758888106721e-17
5.84049844236758e-08 0.000631274789251664 -0.00124455616893029 -357651.78055604 -180859.703576291 1.34330711345095e-16 4.47769037816985e-17
5.87445482866041e-08 0.000506832763188712 -0.00130004416746651 -373597.530512047 -145098.43115765 1.34333756327196e-16 4.4777918775732e-17
5.90841121495324e-08 0.000377568614072315 -0.00134312474786181 -385977.724086606 -107951.411000836 1.3433680137832e-16 4.47789337927732e-17
5.94236760124608e-08 0.000244716034474077 -0.0013733864328676 -394674.113847984 -69773.1729823685 1.34339846498468e-16 4.47799488328227e-17
5.97632398753891e-08 0.000109542995821606 -0.00139054008984231 -399603.610895375 -30928.0977948181 1.34342891687642e-16 4.47809638958808e-17
6.01028037383175e-08 -2.66603533721459e-05 -0.00139442169324116 -400719.07872372 8213.06077475545 1.34345936945845e-16 4.47819789819482e-17
6.04423676012458e-08 -0.000162594001229957 -0.00138499389304484 -398009.783947705 47276.7144751833 1.34348982273076e-16 4.47829940910254e-17
6.07819314641742e-08 -0.000296960480654485 -0.00136234637412988 -391501.499575073 85890.0063562029 1.34352027669339e-16 4.47840092231129e-17
6.11214953271025e-08 -0.000428477253464232 -0.00132669500312304 -381256.259835658 123684.369634173 1.34355073134633e-16 4.47850243782111e-17
6.14610591900309e-08 -0.000555888952316559 -0.00127837977085542 -367371.768898342 160299.045689631 1.34358118668962e-16 4.47860395563207e-17
6.18006230529592e-08 -0.000677979363567664 -0.00121786155002781 -349980.469111782 195384.527617143 1.34361164272327e-16 4.47870547574422e-17
6.21401869158876e-08 -0.00079358303668954 -0.001145717699008 -329248.27765466 228605.896457727 1.34364209944728e-16 4.47880699815761e-17
6.24797507788159e-08 -0.000901596409425735 -0.00106263655369473 -305373.003646364 259646.018267712 1.34367255686168e-16 4.47890852287228e-17
6.28193146417443e-08 -0.00100098834248744 -0.000969410859997189 -278582.460819233 288208.571505448 1.34370301496649e-16 4.4790100498883e-17
6.31588785046726e-08 -0.00109080996322483 -0.000866930209591877 -249132.293759674 314020.875836212 1.34373347376171e-16 4.47911157920571e-17
6.34984423676009e-08 -0.00117020372430204 -0.000756172551133407 -217303.538459753 336836.495350363 1.34376393324737e-16 4.47921311082457e-17
6.38380062305293e-08 -0.00123841159089455 -0.000638194857922245 -183399.940457315 356437.591342445 1.34379439342348e-16 4.47931464474493e-17
6.41775700934576e-08 -0.00129478227824413 -0.000514123041085591 -147745.056157001 372637.002188703 1.34382485429005e-16 4.47941618096684e-17
6.4517133956386e-08 -0.00133877747046857 -0.000385141204531084 -110679.164994565 385280.030464798 1.3438553158471e-16 4.47951771949035e-17
6.48566978193143e-08 -0.00136997696124579 -0.000252480344217842 -72556.0219130381 394245.920239389 1.34388577809465e-16 4.47961926031552e-17
6.51962616822427e-08 -0.00138808266728111 -0.000117406599595575 -33739.4811440922 399449.010436051 1.34391624103272e-16 4.47972080344239e-17
6.5535825545171e-08 -0.0013929214762242 1.8790830660599e-05 5399.97648291526 400839.553247594 1.34394670466131e-16 4.47982234887102e-17
6.58753894080994e-08 -0.00138444690182661 0.000154811993285209 44488.7795602469 398404.189783557 1.34397716898044e-16 4.47992389660147e-17
6.62149532710277e-08 -0.0013627395305145 0.000289358587986934 83153.8317002273 392166.078403145 1.34400763399013e-16 4.48002544663378e-17
6.65545171339561e-08 -0.00132800625508697 0.000421146359517041 121026.072680534 382184.674500838 1.3440380996904e-16 4.480126998968e-17
6.68940809968844e-08 -0.00128057830282639 0.000548917355961437 157744.001145776 368555.163838655 1.34406856608126e-16 4.4802285536042e-17
6.72336448598128e-08 -0.00122090807681504 0.000671451936250237 192957.125240966 351407.554825971 1.34409903316272e-16 4.48033011054241e-17
6.75732087227411e-08 -0.00114956484057991 0.000787580412269745 226329.308239613 330905.43840317 1.34412950093481e-16 4.4804316697827e-17
6.79127725856694e-08 -0.00106722928722889 0.000896194214446805 257541.97723066 307244.427358269 1.34415996939753e-16 4.48053323132511e-17
6.82523364485978e-08 -0.000974687044889532 0.000996256474221335 286297.164234861 280650.289965684 1.34419043855091e-16 4.4806347951697e-17
6.85919003115261e-08 -0.000872821180415662 0.00108681192238612 312320.350719905 251376.79575427 1.34422090839495e-16 4.48073636131652e-17
6.89314641744545e-08 -0.000762603772889851 0.00116699600880056 335363.088359488 219703.293959844 1.34425137892968e-16 4.48083792976561e-17
6.92710280373828e-08 -0.00064508663732995 0.00123604315641484 355205.371016596 185932.047769349 1.34428185015511e-16 4.48093950051705e-17
6.96105919003112e-08 -0.000521391287120931 0.00129329407080166 371657.73530523 150385.349795257 1.34431232207126e-16 4.48104107357087e-17
6.99501557632395e-08 -0.000392698230961447 0.00133820203540622 384563.069674969 113402.446307503 1.34434279467814e-16 4.48114264892712e-17
7.02897196261679e-08 -0.000260235706468658 0.00137033813240427 393798.114744372 75336.2995762438 1.34437326797576e-16 4.48124422658587e-17
7.06292834890962e-08 -0.000125267957964162 0.00138939533931199 399274.640555843 36550.2192245931 1.34440374196415e-16 4.48134580654716e-17
7.09688473520246e-08 1.09168296829756e-05 0.00139519146222065 400940.289507939 -2585.60525853099 1.34443421664331e-16 4.48144738881104e-17
7.13084112149529e-08 0.000147018825994717 0.00138767087763263 398779.076911935 -41697.6377511782 1.34446469201327e-16 4.48154897337757e-17
7.16479750778812e-08 0.000281738961256375 0.0013669050662463 392811.54438715 -80412.5607542085 1.34449516807404e-16 4.48165056024681e-17
7.19875389408096e-08 0.000413791325908823 0.00133309193356739 383094.564623043 -118360.838641238 1.34452564482564e-16 4.48175214941879e-17
7.23271028037379e-08 0.000541915444610572 0.00128655392380414 369720.799363683 -155180.244892095 1.34455612226807e-16 4.48185374089357e-17
7.26666666666663e-08 0.000664888307813276 0.00122773494502125 352817.815780173 -190519.319642191 1.34458660040136e-16 4.48195533467121e-17
7.30062305295946e-08 0.000781536046006044 0.00115719613487465 332546.86965733 -224040.72454458 1.34461707922553e-16 4.48205693075176e-17
7.3345794392523e-08 0.000890745135192016 0.00107561050731587 309101.367001342 -255424.462920838 1.34464755874058e-16 4.48215852913526e-17
7.36853582554513e-08 0.000991473026632404 0.000983756531337064 282705.018744753 -284370.934461994 1.34467803894653e-16 4.48226012982178e-17
7.40249221183797e-08 0.00108275809938608 0.000882510703022026 253609.706154829 -310603.79531921 1.34470851984341e-16 4.48236173281137e-17
7.4364485981308e-08 0.00116372884063418 0.000772839181778715 222093.07731302 -333872.596280775 1.34473900143122e-16 4.48246333810406e-17
7.47040498442364e-08 0.00123361216614789 0.000655788570562747 188455.897600556 -353955.173849482 1.34476948370998e-16 4.48256494569993e-17
7.50436137071647e-08 0.00129174080146244 0.000532475928073421 153019.179473736 -370659.771392405 1.34479996667971e-16 4.48266655559902e-17
7.53831775700931e-08 0.00133755965328431 0.000404078108236581 116121.118919643 -383826.870110988 1.34483045034042e-16 4.48276816780139e-17
7.57227414330214e-08 0.0013706311102947 0.000271820528711688 78113.8678288654 -393330.712348589 1.34486093469212e-16 4.48286978230708e-17
7.60623052959497e-08 0.00139063922272993 0.00013696547561264 39360.1730885878 -399080.502688849 1.34489141973484e-16 4.48297139911614e-17
7.64018691588781e-08 0.00139739272082008 8.00056061056126e-07 229.914472263285 -401021.275373299 1.34492190546859e-16 4.48307301822864e-17
7.67414330218064e-08 0.00139082684324898 -0.000135376086445363 -38903.4256312494 -399134.419751317 1.34495239189338e-16 4.48317463964461e-17
7.70809968847348e-08 0.00137100395815641 -0.000270263176600275 -77666.3269548535 -393437.858739365 1.34498287900924e-16 4.48327626336413e-17
7.74205607476631e-08 0.00133811297072778 -0.000402573713395414 -115688.796532727 -383985.878578271 1.34501336681617e-16 4.48337788938722e-17
7.77601246105915e-08 0.00129246752299809 -0.000531044759352666 -152607.900293227 -370868.611505597 1.34504385531419e-16 4.48347951771396e-17
7.80996884735198e-08 0.0012345030030255 -0.000654449995580466 -188071.227356036 -354211.17627301 1.34507434450332e-16 4.48358114834439e-17
7.84392523364482e-08 0.00116477239195431 -0.000771611427585966 -221740.253965963 -334172.484704507 1.34510483438357e-16 4.48368278127856e-17
7.87788161993765e-08 0.00108394098857999 -0.000881410630105288 -253293.574953012 -310943.725679098 1.34513532495496e-16 4.48378441651653e-17
7.91183800623049e-08 0.000992780061743889 -0.000982799423611648 -282429.97187204 -284746.541000728 1.3451658162175e-16 4.48388605405834e-17
7.94579439252332e-08 0.000892159491119967 -0.00107480988058319 -308871.288533491 -255830.910559442 1.34519630817122e-16 4.48398769390406e-17
7.97975077881615e-08 0.000783039466612986 -0.00115656356600745 -332365.086474434 -224472.76696293 1.34522680081612e-16 4.48408933605372e-17
8.01370716510899e-08 0.000666461325574422 -0.00122727992390611 -352687.05501896 -190971.362400216 1.34525729415222e-16 4.48419098050739e-17
8.04766355140182e-08 0.000543537615273647 -0.00128628372981312 -369643.152918794 -155646.41286466 1.34528778817954e-16 4.48429262726512e-17
8.08161993769466e-08 0.000415441475458631 -0.00133301153805218 -383071.461126485 -118835.046989086 1.34531828289809e-16 4.48439427632695e-17
8.11557632398749e-08 0.000283395442332216 -0.00136701706225307 -392843.729010261 -80888.588611385 1.34534877830789e-16 4.48449592769295e-17
8.14953271028033e-08 0.000148659780794768 -0.00138797543772652 -398866.599245263 -42169.2037766428 1.34537927440895e-16 4.48459758136316e-17
8.18348909657316e-08 1.25204563090611e-05 -0.00139568632498855 -401082.499682527 -3046.4441764396 1.34540977120129e-16 4.48469923733764e-17
8.217445482866e-08 -0.000123723138814503 -0.00139007582478579 -399470.193675438 36106.2799848018 1.34544026868493e-16 4.48480089561643e-17
8.25140186915883e-08 -0.000258770587567618 -0.00137119718631598 -394044.983603155 74915.2640321963 1.34547076685988e-16 4.48490255619959e-17
8.28535825545167e-08 -0.000391332860455471 -0.00133923030185659 -384858.565640553 113010.075754231 1.34550126572615e-16 4.48500421908717e-17
8.3193146417445e-08 -0.000520144619297837 -0.0012944799925978 -371998.537152969 150027.09118241 1.34553176528377e-16 4.48510588427923e-17
8.35327102803733e-08 -0.000643976295179951 -0.00123737310201363 -355587.561409704 185612.965467653 1.34556226553275e-16 4.48520755177582e-17
8.38722741433017e-08 -0.000761645825266277 -0.00116845442448768 -335782.19758116 219428.005723119 1.34559276647309e-16 4.48530922157698e-17
8.421183800623e-08 -0.00087202993644378 -0.00108838150802732 -312771.407179489 251149.413638089 1.34562326810483e-16 4.48541089368278e-17
8.45514018691584e-08 -0.00097407486808418 -0.000997918380648103 -286774.75119115 280474.366909807 1.34565377042798e-16 4.48551256809326e-17
8.48909657320867e-08 -0.00106680643156573 -0.000897928260284374 -258040.295102407 307122.910077953 1.34568427344254e-16 4.48561424480847e-17
8.52305295950151e-08 -0.00114933931052326 -0.000789365317785627 -226842.24180727 330840.627164959 1.34571477714854e-16 4.48571592382847e-17
8.55700934579434e-08 -0.00122088551304014 -0.000673265571597737 -193478.314985154 351401.070607362 1.34574528154599e-16 4.48581760515331e-17
8.59096573208718e-08 -0.00128076189508836 -0.000550737001017953 -158266.917917786 368607.923288993 1.34577578663491e-16 4.48591928878305e-17
8.62492211838001e-08 -0.00132839668338586 -0.000422948972373061 -121544.094858804 382296.873033749 1.34580629241532e-16 4.48602097471772e-17
8.65887850467285e-08 -0.00136333493538902 -0.000291121079030256 -83660.3239547308 392337.181659745 1.34583679888722e-16 4.4861226629574e-17
8.69283489096568e-08 -0.00138524288428157 -0.000156511501747434 -44977.1723244778 398632.93361161 1.34586730605064e-16 4.48622435350212e-17
8.72679127725852e-08 -0.00139391112746252 -2.04050004502865e-05 -5863.84522087433 401123.952245687 1.34589781390558e-16 4.48632604635195e-17
8.76074766355135e-08 -0.00138925662807357 0.000115899347955942 33306.3377905676 399786.375014853 1.34592832245208e-16 4.48642774150693e-17
8.79470404984418e-08 -0.0013713235104346 0.000251100548705514 72159.5060031044 394632.882055182 1.34595883169013e-16 4.48652943896711e-17
8.82866043613702e-08 -0.00134028264176787 0.000383908106877939 110324.80608152 385712.575984782 1.34598934161977e-16 4.48663113873255e-17
8.86261682242985e-08 -0.00129643000417563 0.000513054345166157 147437.941855533 373110.514054204 1.34601985224099e-16 4.48673284080331e-17
8.89657320872269e-08 -0.00124018387238299 0.000637306504134127 183144.651606547 356946.897106068 1.34605036355383e-16 4.48683454517942e-17
8.93052959501552e-08 -0.00117208082415677 0.000755478509464226 217104.089656269 337375.923077361 1.34608087555829e-16 4.48693625186095e-17
8.96448598130836e-08 -0.00109277062145381 0.000866442293870742 248992.079978423 314584.315979906 1.34611138825438e-16 4.48703796084795e-17
8.99844236760119e-08 -0.00100301001113149 0.000969138565603862 278504.210775531 288789.544392241 1.34614190164214e-16 4.48713967214046e-17
9.03239875389403e-08 -0.000903655504367058 0.00106258692074826 305358.740480006 260237.746460045 1.34617241572157e-16 4.48724138573855e-17
9.06635514018686e-08 -0.000795655203681751 0.00114589520278142 329299.287438072 229201.381203917 1.34620293049268e-16 4.48734310164226e-17
9.1003115264797e-08 -0.000680039755557536 0.00121826802003947 350097.277599051 195976.628546147 1.3462334459555e-16 4.48744481985165e-17
9.13426791277253e-08 -0.000557912514982274 0.00127901433977374 367554.12684183 160880.562867022 1.34626396211003e-16 4.48754654036677e-17
9.16822429906536e-08 -0.000430439015782987 0.00132755408629337 381503.137102577 124248.127063405 1.3462944789563e-16 4.48764826318766e-17
9.2021806853582e-08 -0.000298835847235163 0.00136342368019334 391811.08819905 86428.9359871182 1.34632499649432e-16 4.48774998831439e-17
9.23613707165103e-08 -0.000164359043105319 0.001386280465773 398379.510150934 47783.9397698212 1.3463555147241e-16 4.48785171574701e-17
9.27009345794387e-08 -2.82920939401468e-05 0.00139590598436107 401145.623844907 8681.9788791531 1.34638603364567e-16 4.48795344548556e-17
9.3040498442367e-08 0.00010806630298585 0.00139220806227763 400082.941058451 -30503.7362149814 1.34641655325903e-16 4.4880551775301e-17
9.33800623052954e-08 0.000243414639145746 0.00137522169347711 395201.518107561 -69399.1871647696 1.34644707356421e-16 4.48815691188068e-17
9.37196261682237e-08 0.000376461017349437 0.00134510870842019 386547.860689496 -107633.117660636 1.34647759456121e-16 4.48825864853736e-17
9.40591900311521e-08 0.00050593548287608 0.00130215623230779 374204.480820915 -144840.577065178 1.34650811625006e-16 4.48836038750019e-17
9.43987538940804e-08 0.000630602145449327 0.00124677394736535 358289.11009245 -180666.403940974 1.34653863863076e-16 4.48846212876921e-17
9.47383177570088e-08 0.000749270976348658 0.00117949018528159 338953.57674127 -214768.616221299 1.34656916170334e-16 4.48856387234448e-17
9.50778816199371e-08 0.000860809168048238 0.00110094688707181 316382.357252144 -246821.675663079 1.34659968546782e-16 4.48866561822606e-17
9.54174454828655e-08 0.000964151947947787 0.00101189347844753 290790.816304312 -276519.595420652 1.3466302099242e-16 4.48876736641399e-17
9.57570093457938e-08 0.00105831274296805 0.000913179719126109 262423.151856484 -303578.861075585 1.3466607350725e-16 4.48886911690833e-17
9.60965732087221e-08 0.00114239259797706 0.000805747594309124 231550.064977056 -327741.137237625 1.34669126091274e-16 4.48897086970913e-17
9.64361370716505e-08 0.00121558875813307 0.000690622325702202 198466.176654323 -348775.73387794 1.34672178744494e-16 4.48907262481645e-17
9.67757009345788e-08 0.00127720233320855 0.000568902587854327 163487.216237033 -366481.808848513 1.3467523146691e-16 4.48917438223033e-17
9.71152647975072e-08 0.00132664497071968 0.000441750023181884 126947.008335887 -380690.285559082 1.34678284258525e-16 4.48927614195082e-17
9.74548286604355e-08 0.0013634444741453 0.000310378155738634 89194.2869408897 -391265.467501304 1.3468133711934e-16 4.48937790397799e-17
9.77943925233639e-08 0.00138724931258651 0.000176040809533963 50589.3671592699 -398106.334202937 1.34684390049356e-16 4.48947966831187e-17
9.81339563862922e-08 0.00139783197879786 4.00201419331344e-05 11500.7063383837 -401147.50623519 1.34687443048576e-16 4.48958143495253e-17
9.84735202492206e-08 0.00139509116351238 -9.6385593650238e-05 -27698.6126054784 -400359.870054921 1.34690496117001e-16 4.48968320390002e-17
9.88130841121489e-08 0.00137905272528005 -0.000231874438972854 -66634.4420881813 -395750.856709976 1.34693549254632e-16 4.48978497515438e-17
9.91526479750773e-08 0.00134986944653538 -0.000365153157823172 -104935.141001606 -387364.371739623 1.3469660246147e-16 4.48988674871568e-17
9.94922118380056e-08 0.00130781957819509 -0.000494949579914395 -142235.12201462 -375280.376931274 1.34699655737519e-16 4.48998852458396e-17
9.98317757009339e-08 0.00125330418664974 -0.000620024743986997 -178178.3411723 -359614.127917651 1.34702709082778e-16 4.49009030275927e-17
1.00171339563862e-07 0.00118684332844479 -0.000739184724212617 -212421.696484537 -340515.074883578 1.3470576249725e-16 4.49019208324167e-17
1.00510903426791e-07 0.00110907108913638 -0.000851292027011351 -244638.303063061 -318165.436867329 1.34708815980936e-16 4.49029386603121e-17
1.00850467289719e-07 0.0010207295336493 -0.000955276449492233 -274520.613543547 -292778.463257129 1.34711869533838e-16 4.49039565112795e-17
1.01190031152647e-07 0.000922661625855142 -0.00105014529586294 -301783.354005429 -264596.399069432 1.34714923155958e-16 4.49049743853193e-17
1.01529595015576e-07 0.000815803184928586 -0.00113499285428049 -326166.247362465 -233888.173423277 1.34717976847296e-16 4.4905992282432e-17
1.01869158878504e-07 0.000701173955235041 -0.00120900904367135 -347436.498224961 -200946.833267532 1.34721030607855e-16 4.49070102026182e-17
1.02208722741432e-07 0.000579867874965749 -0.00127148714796999 -365391.015510735 -166086.746849837 1.34724084437635e-16 4.49080281458785e-17
1.02548286604361e-07 0.000453042636386266 -0.00132183056393323 -379858.351584448 -129640.603614386 1.3472713833664e-16 4.49090461122133e-17
1.02887850467289e-07 0.0003219086373277 -0.0013595584981015 -390700.339410179 -91956.2391593517 1.34730192304869e-16 4.49100641016231e-17
1.03227414330217e-07 0.00018771742936284 -0.00138431055850667 -397813.41208407 -53393.3155551489 1.34733246342326e-16 4.49110821141086e-17
1.03566978193146e-07 5.17497729157436e-05 -0.0013958501972746 -401129.59214517 -14319.888706015 1.3473630044901e-16 4.49121001496701e-17
1.03906542056074e-07 -8.46965866924077e-05 -0.00139406697123713 -400617.14121418 24891.1044837817 1.34739354624925e-16 4.49131182083083e-17
1.04246105919002e-07 -0.000220319305592178 -0.00137897759894975 -396280.863751756 63865.4056115848 1.34742408870071e-16 4.49141362900236e-17
1.04585669781931e-07 -0.000353823871887788 -0.00135072580399868 -388162.062029179 102231.00697213 1.3474546318445e-16 4.49151543948166e-17
1.04925233644859e-07 -0.000483935961706096 -0.00130958094606527 -376338.14273331 139621.702351819 1.34748517568063e-16 4.49161725226878e-17
1.05264797507787e-07 -0.000609413602834796 -0.00125593545278667 -360921.878952792 175680.58252934 1.34751572020913e-16 4.49171906736377e-17
1.05604361370716e-07 -0.000729059029845854 -0.00119030107689783 -342060.334581915 210063.442117487 1.34754626543001e-16 4.49182088476669e-17
1.05943925233644e-07 -0.000841730117542264 -0.00111330401435321 -319933.46140082 242442.065226513 1.34757681134327e-16 4.49192270447758e-17
1.06283489096573e-07 -0.000946351283588493 -0.00102567892999886 -294752.382215265 272507.358585224 1.34760735794895e-16 4.4920245264965e-17
1.06623052959501e-07 -0.00104192375624902 -0.000928261947794075 -266757.376435908 299972.30221132 1.34763790524705e-16 4.49212635082351e-17
1.06962616822429e-07 -0.00112753510921695 -0.000821982672466007 -236215.587317656 324574.689463243 1.34766845323759e-16 4.49222817745865e-17
1.07302180685358e-07 -0.00120236797250798 -0.000707855318727217 -203418.472736712 346079.63031549 1.34769900192059e-16 4.49233000640197e-17
1.07641744548286e-07 -0.00126570783625718 -0.000586969032705804 -168679.023831383 364281.793958733 1.34772955129606e-16 4.49243183765353e-17
1.07981308411214e-07 -0.00131694987291222 -0.000460477497949937 -132328.778048916 379007.369313638 1.34776010136402e-16 4.49253367121339e-17
1.08320872274143e-07 -0.00135560471268439 -0.0003295879251993 -94714.6551036084 390115.724739257 1.34779065212447e-16 4.49263550708158e-17
1.08660436137071e-07 -0.00138130311710789 -0.000195549531000034 -56195.6460423748 397500.751087576 1.34782120357745e-16 4.49273734525817e-17
1.08999999999999e-07 -0.00139379950607434 -5.96416151210225e-05 -17139.387016663 401091.875277828 1.34785175572296e-16 4.49283918574321e-17
