0 -0.00139 0 0 400000 1.33808e-16 4.46026666666667e-17
6.19318181818182e-10 -0.00136795533286315 0.000247727272727273 71190.1177263487 393664.958922636 1.33841563015021e-16 4.46138543383405e-17
1.23863636363636e-09 -0.00130217046613221 0.000487607733210992 140125.273852203 374760.167554173 1.33875134448642e-16 4.46250448162141e-17
1.85795454545455e-09 -0.00119473467842858 0.000711980981249689 204604.076555946 343886.028060196 1.33908714302975e-16 4.46362381009916e-17
2.47727272727273e-09 -0.00104906752118936 0.000913679778994309 262566.85553713 302025.227032692 1.3394230258013e-16 4.46474341933768e-17
3.09659090909091e-09 -0.000869809979620222 0.0010862589961347 312161.454670637 250511.458091747 1.33975899282222e-16 4.46586330940741e-17
3.71590909090909e-09 -0.000662676610810884 0.00122420155848178 351802.416058743 190986.930379266 1.34009504411363e-16 4.46698348037878e-17
4.33522727272727e-09 -0.00043427336986889 0.00132309481905542 380221.664311357 125350.016717195 1.34043117969668e-16 4.46810393232225e-17
4.95454545454545e-09 -0.000191886931554373 0.00137977171342968 396509.070774309 55694.7103437314 1.34076739959249e-16 4.46922466530831e-17
5.57386363636364e-09 5.67477736090158e-05 0.00139241218397174 400141.600112315 -15756.1789207877 1.34110370382223e-16 4.47034567940743e-17
6.19318181818182e-09 0.000303694392561249 0.00136060162493491 391000.10584791 -86721.9578670871 1.34144009240704e-16 4.47146697469014e-17
6.8125e-09 0.000541068475469103 0.00128534447170522 369373.235543365 -154936.848869412 1.34177656536809e-16 4.47258855122696e-17
7.43181818181818e-09 0.000761289207966721 0.00116903248909974 335948.317715343 -218222.330922686 1.34211312272653e-16 4.47371040908845e-17
8.05113636363636e-09 0.000957321512661518 0.00101536875978253 291789.518161587 -274556.713067012 1.34244976450355e-16 4.47483254834516e-17
8.67045454545454e-09 0.00112290078814858 0.000829249788435153 238303.959888342 -322139.718301743 1.3427864907203e-16 4.47595496906767e-17
9.28977272727273e-09 0.0012527331061529 0.000616609475122266 177196.885275779 -359450.014829278 1.34312330139798e-16 4.4770776713266e-17
9.90909090909091e-09 0.00134266446914262 0.0003842299295997 110417.289227186 -385293.856115084 1.34346019655776e-16 4.47820065519255e-17
1.05284090909091e-08 0.00138981371692826 0.000139525158196872 40095.7566297432 -398843.274649491 1.34379717622085e-16 4.47932392073615e-17
1.11477272727273e-08 0.00139266482994927 -0.000109695477510717 -31523.5132250996 -399662.607415649 1.34413424040842e-16 4.48044746802808e-17
1.17670454545455e-08 0.00135111567218537 -0.000355476483486012 -102154.326528989 -387722.50328388 1.34447138914169e-16 4.48157129713898e-17
1.23863636363636e-08 0.00126648160659867 -0.000589970183957477 -169541.473526845 -363400.961991939 1.34480862244187e-16 4.48269540813956e-17
1.30056818181818e-08 0.00114145385636044 -0.000805687293634826 -231532.736194258 -327471.368287821 1.34514594033015e-16 4.48381980110052e-17
1.3625e-08 0.000980013929872337 -0.000995736110788634 -286147.625858941 -281077.899995479 1.34548334282777e-16 4.48494447609258e-17
1.42443181818182e-08 0.000787306830631474 -0.00115404269185295 -331640.655426307 -225699.091959419 1.34582082995594e-16 4.48606943318648e-17
1.48636363636364e-08 0.000569477089507525 -0.00127554497347847 -366557.124806985 -163100.716156096 1.3461584017359e-16 4.48719467245299e-17
1.54829545454545e-08 0.000333472844945954 -0.00135635463795398 -389779.636660864 -95279.4796435025 1.34649605818887e-16 4.48832019396288e-17
1.61022727272727e-08 8.68242180251124e-05 -0.0013938815461841 -400563.855069263 -24399.3355470229 1.34683379933609e-16 4.48944599778695e-17
1.67215909090909e-08 -0.000162596948474701 -0.00138691675618251 -398562.362804428 47277.5614336064 1.3471716251988e-16 4.49057208399601e-17
1.73409090909091e-08 -0.000406828321085784 -0.0013356714662414 -383835.852543102 117463.052022655 1.34750953579827e-16 4.49169845266089e-17
1.79602272727273e-08 -0.000638071258692614 -0.00124177062842066 -356851.291556065 183916.017698907 1.34784753115573e-16 4.49282510385243e-17
1.85795454545455e-08 -0.000848939833280316 -0.00110820142488286 -318467.115200404 244513.942523327 1.34818561129245e-16 4.49395203764151e-17
1.91988636363636e-08 -0.001032696736852 -0.00093921824069855 -269905.91867402 297320.706406362 1.3485237762297e-16 4.49507925409901e-17
1.98181818181818e-08 -0.0011834685396531 -0.000740207156051477 -212715.515740585 340648.444499378 1.34886202598875e-16 4.49620675329583e-17
2.04375e-08 -0.00129643342218189 -0.000517514273916568 -148719.604747541 373111.496296752 1.34920036059087e-16 4.49733453530288e-17
2.10568181818182e-08 -0.00136797538054287 -0.000278243354956143 -79959.614368779 393670.720083544 1.34953878005734e-16 4.49846260019112e-17
2.16761363636364e-08 -0.00139579997356821 -3.00292126510715e-05 -8629.58349447808 401666.755527499 1.34987728440944e-16 4.49959094803148e-17
2.22954545454546e-08 -0.001379007906714 0.000219205902818191 62993.847452225 396841.169700556 1.35021587366849e-16 4.50071957889495e-17
2.29147727272727e-08 -0.00131812409291353 0.000461505158510854 132624.099898259 379344.808382051 1.35055454785575e-16 4.50184849285251e-17
2.35340909090909e-08 -0.00121508125142208 0.000689131160178739 198037.656015492 349733.082810318 1.35089330699255e-16 4.50297768997518e-17
2.41534090909091e-08 -0.00107315855687379 0.000894813031627932 257145.062646348 308948.339081044 1.35123215110019e-16 4.50410717033398e-17
2.47727272727273e-08 -0.000896877285968315 0.00107197866198354 308057.672885932 258289.869827532 1.35157108019998e-16 4.50523693399994e-17
2.53920454545455e-08 -0.000691856782588538 0.00121496470240288 349147.993457471 199372.522491335 1.35191009431324e-16 4.50636698104415e-17
2.60113636363636e-08 -0.0004646353298586 0.00131919760229354 379101.709624783 134075.222796744 1.3522491934613e-16 4.50749731153767e-17
2.66306818181818e-08 -0.000222461639184981 0.00138133989800366 396959.72460507 64481.0543409381 1.35258837766548e-16 4.5086279255516e-17
2.725e-08 2.69363941614249e-05 0.00139939707485067 402148.868825615 -7189.19479710067 1.35292764694712e-16 4.50975882315706e-17
2.78693181818182e-08 0.000275598291907033 0.00137278158091839 394500.295757642 -78647.8984742525 1.35326700132755e-16 4.51089000442518e-17
2.84886363636364e-08 0.000515585080945197 0.00130233193816808 374254.97393272 -147613.61055071 1.35360644082813e-16 4.51202146942711e-17
2.91079545454546e-08 0.000739232758663971 0.00119028632945855 342056.09656675 -211883.903969523 1.35394596547021e-16 4.51315321823402e-17
2.97272727272727e-08 0.000939397043132853 0.00104021149331824 298928.647840695 -269405.705340331 1.35428557527513e-16 4.5142852509171e-17
3.03465909090909e-08 0.00110968159205943 0.00085688918536713 246246.774984195 -318340.878894706 1.35462527026427e-16 4.51541756754755e-17
3.09659090909091e-08 0.00124464240024301 0.000646163820581534 185690.004783403 -357124.964785847 1.35496505045898e-16 4.5165501681966e-17
3.15852272727273e-08 0.00133996184394987 0.000414756150843254 119189.6995482 -384517.194734512 1.35530491588064e-16 4.51768305293548e-17
3.22045454545455e-08 0.00139258680804972 0.000170048917790745 48867.4595392199 -399640.186032033 1.35564486655064e-16 4.51881622183546e-17
3.28238636363636e-08 0.00140082647705266 -8.01486828025084e-05 -23032.5635990994 -402008.044039299 1.35598490249034e-16 4.5199496749678e-17
3.34431818181818e-08 0.00136440665784889 -0.000327850210718584 -94215.2829630484 -391541.973072851 1.35632502372114e-16 4.5210834124038e-17
3.40625e-08 0.00128447888893849 -0.000565146912207254 -162407.93663849 -368572.894151127 1.35666523026443e-16 4.52221743421478e-17
3.46818181818182e-08 0.00116358403398863 -0.000784460234621448 -225432.653577153 -333830.982767532 1.35700552214162e-16 4.52335174047207e-17
3.53011363636364e-08 0.00100557151061508 -0.000978783862378899 -281276.008185485 -288422.457426907 1.3573458993741e-16 4.524486331247e-17
3.59204545454545e-08 0.000815476721964649 -0.00114190754437298 -328153.342268515 -233794.356797518 1.35768636198329e-16 4.52562120661096e-17
3.65397727272727e-08 0.000599360593738163 -0.00126861556234379 -364565.79947158 -171688.426991621 1.35802690999059e-16 4.52675636663531e-17
3.71590909090909e-08 0.000364116330095632 -0.00135485349754038 -389348.249508406 -104085.588439416 1.35836754341744e-16 4.52789181139147e-17
3.77784090909091e-08 0.000117249549738768 -0.00139785796352433 -401706.569859863 -33142.7529459742 1.35870826228525e-16 4.52902754095084e-17
3.83977272727273e-08 -0.000133361185122993 -0.00139624515397117 -401243.092017088 38875.9938067785 1.35904906661546e-16 4.53016355538488e-17
3.90170454545454e-08 -0.000379715806480409 -0.00135005536815918 -387969.396902662 109671.648656507 1.35938995642951e-16 4.53129985476503e-17
3.96363636363636e-08 -0.000613948120498806 -0.00126075208158122 -362306.047789567 176983.680257656 1.35973093174883e-16 4.53243643916276e-17
4.02556818181818e-08 -0.000828576977477734 -0.00113117557994958 -325069.265968293 238662.208534287 1.36007199259487e-16 4.53357330864957e-17
4.0875e-08 -0.00101674521187898 -0.000965452625479688 -277444.971280083 292736.66958134 1.36041313898909e-16 4.53471046329697e-17
4.14943181818181e-08 -0.00117243872094758 -0.000768865028421406 -220951.013129877 337478.77293475 1.36075437095294e-16 4.53584790317648e-17
4.21136363636363e-08 -0.00129067868263231 -0.000547681309520229 -157388.794830799 371457.73980273 1.36109568850789e-16 4.53698562835965e-17
4.27329545454545e-08 -0.00136768076931208 -0.000308956818500523 -88785.8330625742 393586.056784374 1.36143709167541e-16 4.53812363891803e-17
4.33522727272727e-08 -0.00140097626598681 -6.03086820830057e-05 -17331.0840189034 403154.281961748 1.36177858047697e-16 4.53926193492322e-17
4.39715909090909e-08 -0.00138949121655373 0.000190327239759553 54694.9007908802 399853.789398968 1.36212015493404e-16 4.54040051644681e-17
4.4590909090909e-08 -0.00133358106081442 0.000434949634398186 124992.760534397 383786.722881178 1.36246181506812e-16 4.54153938356041e-17
4.52102272727272e-08 -0.00123501964522617 0.000665747170317673 191317.729812802 355462.837901717 1.3628035609007e-16 4.54267853633566e-17
4.58295454545454e-08 -0.00109694294679627 0.000875347929613142 251551.318813735 315783.32943148 1.36314539245326e-16 4.54381797484421e-17
4.64488636363636e-08 -0.000923749295432869 0.00105705487431743 303768.979964973 266012.158521322 1.36348730974732e-16 4.54495769915774e-17
4.70681818181818e-08 -0.000720959269345803 0.00120505982554981 346301.599754138 207735.790029746 1.36382931280438e-16 4.54609770934792e-17
4.76874999999999e-08 -0.0004950397263663 0.00131462911859075 377788.850975623 142812.623983753 1.36417140164594e-16 4.54723800548648e-17
4.83068181818181e-08 -0.000253197580172241 0.00138225499954762 397222.700037402 73313.7324438535 1.36451357629354e-16 4.54837858764512e-17
4.89261363636363e-08 -3.14989773745624e-06 0.00140576792152323 403979.677842495 1456.7917293349 1.36485583676868e-16 4.5495194558956e-17
4.95454545454545e-08 0.000247122348057355 0.00138440614530811 397840.881145399 -70464.6824209306 1.3651981830929e-16 4.55066061030968e-17
5.01647727272727e-08 0.000489629013049084 0.00131884041181308 378999.062741883 -140154.538689569 1.36554061528774e-16 4.55180205095913e-17
5.07840909090908e-08 0.000716625873114355 0.00121115288727998 348052.58089202 -205387.296527051 1.36588313337472e-16 4.55294377791574e-17
5.1403409090909e-08 0.000920861928224334 0.00106477104199657 305986.397851293 -264079.214648038 1.3662257373754e-16 4.55408579125134e-17
5.20227272727272e-08 0.001095811021841 0.000884358562202187 254140.730902848 -314354.852181092 1.36656842731133e-16 4.55522809103776e-17
5.26420454545454e-08 0.00123588037703173 0.000675666767156995 194168.353642043 -354606.996307587 1.36691120320405e-16 4.55637067734684e-17
5.32613636363635e-08 0.00133658938578095 0.0004453512651324 127981.907867117 -383548.041474035 1.36725406507514e-16 4.55751355025045e-17
5.38806818181817e-08 0.00139471293600362 0.000200759693050601 57692.905692755 -400251.17769909 1.36759701294615e-16 4.55865670982049e-17
5.44999999999999e-08 0.00140838469150229 -5.03026908479717e-05 -14455.6327771052 -404180.070439728 1.36794004683866e-16 4.55980015612885e-17
5.51193181818181e-08 0.00137715701750326 -0.000299822083167789 -86160.75720162 -395206.081569482 1.36828316677424e-16 4.56094388924746e-17
5.57386363636363e-08 0.00130201562771242 -0.000539831932016967 -155133.096044048 -373612.478546128 1.36862637277448e-16 4.56208790924826e-17
5.63579545454544e-08 0.00118534847391129 -0.000762667289274238 -219169.950533633 -340085.494123042 1.36896966486096e-16 4.5632322162032e-17
5.69772727272726e-08 0.00103086985984758 -0.000961209597642473 -276225.639843854 -295692.518733911 1.36931304305528e-16 4.56437681018427e-17
5.75965909090908e-08 0.000843502190932055 -0.00112911409500944 -324476.850954944 -241848.118553989 1.36965650737904e-16 4.56552169126345e-17
5.8215909090909e-08 0.000629219124378559 -0.00126101257163616 -362380.905585696 -180268.961092789 1.37000005785383e-16 4.56666685951277e-17
5.88352272727272e-08 0.000394855117699607 -0.00135268500075743 -388725.082185857 -112919.084582981 1.37034369450127e-16 4.56781231500425e-17
5.94545454545453e-08 0.000147887447490564 -0.0014011945553026 -402665.416089769 -41947.2560748625 1.37068741734298e-16 4.56895805780994e-17
6.00738636363635e-08 -0.0001038023491269 -0.00140498169100409 -403753.736457029 30381.5838403296 1.37103122640057e-16 4.5701040880019e-17
6.06931818181817e-08 -0.000352179999334638 -0.0013639142819257 -391952.073867278 101758.602463343 1.37137512169567e-16 4.57125040565223e-17
6.13124999999999e-08 -0.000589314958782948 -0.00127929219675874 -367633.975423924 169904.775851137 1.37171910324991e-16 4.57239701083302e-17
6.19318181818181e-08 -0.000807633628445583 -0.00115380615835534 -331572.682096783 232643.65649208 1.37206317108492e-16 4.5735439036164e-17
6.25511363636362e-08 -0.00100016123914017 -0.000991452188483891 -284916.542458847 287970.884374694 1.37240732522235e-16 4.57469108407451e-17
6.31704545454544e-08 -0.00116074467845784 -0.000797404358105661 -229152.444557615 334118.221420272 1.37275156568385e-16 4.5758385522795e-17
6.37897727272726e-08 -0.00128424914134154 -0.000577849895293662 -166058.43039092 369610.063540132 1.37309589249106e-16 4.57698630830354e-17
6.44090909090908e-08 -0.00136672231947389 -0.000339791905702195 -97647.0031058337 393310.624224752 1.37344030566565e-16 4.57813435221884e-17
6.5028409090909e-08 -0.00140552087941634 -9.08259958165994e-05 -26100.9345624817 404460.280940007 1.37378480522928e-16 4.57928268409761e-17
6.56477272727271e-08 -0.00139939518209483 0.000161102076028813 46296.3792084236 402699.921215891 1.37412939120362e-16 4.58043130401206e-17
6.62670454545453e-08 -0.0013485295284006 0.000407949988381336 117233.792547754 388082.508143628 1.37447406361034e-16 4.58158021203446e-17
6.68863636363635e-08 -0.00125453663486812 0.000641835591885522 184446.188924844 361071.492834934 1.37481882247112e-16 4.58272940823707e-17
6.75056818181817e-08 -0.00112040650431951 0.000855288595235657 245786.808672708 322526.121228158 1.37516366780765e-16 4.58387889269217e-17
6.81249999999999e-08 -0.000950411312393901 0.001041489165264 299295.816199806 273674.101049415 1.37550859964162e-16 4.58502866547206e-17
6.8744318181818e-08 -0.00074996933552522 0.00119448582032771 343262.916655935 216072.498393849 1.37585361799472e-16 4.58617872664907e-17
6.93636363636362e-08 -0.000525472254334959 0.00130938565532864 376282.021457768 151558.10939175 1.37619872288866e-16 4.58732907629552e-17
6.99829545454544e-08 -0.000284081336771285 0.00138251081829539 397296.2154262 82188.8887555214 1.37654391434514e-16 4.58847971448379e-17
7.06022727272726e-08 -3.34990002528777e-05 0.00141151623438561 405631.587480443 10178.3029185385 1.37688919238587e-16 4.58963064128625e-17
7.12215909090907e-08 0.000218276960243176 0.00139546480912762 401018.842015593 -62175.2981648246 1.37723455703258e-16 4.59078185677528e-17
7.18409090909089e-08 0.00046320863597466 0.00133485769929458 383601.997933117 -132562.036929081 1.37758000830699e-16 4.5919333610233e-17
7.24602272727271e-08 0.000693474612928708 0.00123161867371188 353933.894359889 -198734.250538272 1.37792554623082e-16 4.59308515410273e-17
7.30795454545453e-08 0.000901719732862983 0.00108903305177948 312958.643231092 -258578.265453738 1.37827117082581e-16 4.59423723608604e-17
7.36988636363635e-08 0.00108129003129627 0.000911643157766896 261981.585682313 -310181.91225808 1.3786168821137e-16 4.59538960704567e-17
7.43181818181816e-08 0.00122644534809188 0.000705103617703456 202627.708289695 -351895.624186202 1.37896268011624e-16 4.59654226705412e-17
7.49374999999998e-08 0.00133254281722059 0.00047600110858781 136789.843868119 -382385.167120201 1.37930856485517e-16 4.59769521618389e-17
7.5556818181818e-08 0.0013961853702981 0.000231644305693248 66568.3080082008 -400674.315489348 1.37965453635225e-16 4.59884845450749e-17
7.61761363636362e-08 0.00141533050399233 -2.01692733566199e-05 -5796.10363003289 -406176.109081043 1.38000059462924e-16 4.60000198209747e-17
7.67954545454544e-08 0.00138935582882146 -0.000271402089792638 -77993.6198013449 -398711.689992422 1.38034673970791e-16 4.60115579902638e-17
7.74147727272725e-08 0.00131907929578904 -0.000514033130240102 -147719.21821189 -378516.115218199 1.38069297161004e-16 4.6023099053668e-17
7.80340909090907e-08 0.00120673344373165 -0.000740313990017925 -212746.216932928 -346230.956034948 1.38103929035739e-16 4.60346430119131e-17
7.86534090909089e-08 0.00105589447802639 -0.000943016317356382 -270997.383176204 -302883.91713988 1.38138569597176e-16 4.60461898657254e-17
7.92727272727271e-08 0.000871368433564079 -0.00111566271645373 -320611.28858702 -249856.122968379 1.38173218847493e-16 4.60577396158311e-17
7.98920454545453e-08 0.000659038045588626 -0.0012527337334036 -360001.791401276 -188838.112515024 1.3820787678887e-16 4.60692922629567e-17
8.05113636363634e-08 0.000425675207353836 -0.0013498443107541 -387908.744713062 -121775.944736754 1.38242543423486e-16 4.60808478078288e-17
8.11306818181816e-08 0.000178724993449276 -0.00140388406954598 -403438.309738114 -50809.1326983914 1.38277218753523e-16 4.60924062511743e-17
8.17499999999998e-08 -7.3931863058154e-05 -0.00141311693110743 -406091.584423111 21797.6140724211 1.38311902781161e-16 4.61039675937202e-17
8.2369318181818e-08 -0.000324230461908229 -0.00137723688787791 -395780.630471957 93726.6613779797 1.38346595508581e-16 4.61155318361937e-17
8.29886363636361e-08 -0.000564179169741161 -0.00129737813172049 -372831.383948805 162681.429946063 1.38381296937967e-16 4.61270989793222e-17
8.36079545454543e-08 -0.00078611477964182 -0.0011760792049174 -337973.353243812 226459.721381464 1.384160070715e-16 4.61386690238333e-17
8.42272727272725e-08 -0.000982947249331375 -0.00101720230683292 -292316.42999062 283024.049302653 1.38450725911364e-16 4.61502419704547e-17
8.48465909090907e-08 -0.00114838620187224 -0.00082581032121354 -237315.550038563 330566.729518063 1.38485453459743e-16 4.61618178199143e-17
8.54659090909089e-08 -0.00127714195304245 -0.000608005479551332 -174724.329667071 367567.649856142 1.38520189718821e-16 4.61733965729403e-17
8.6085227272727e-08 -0.00136509464098288 -0.000370734801726693 -106539.154488791 392842.873451411 1.38554934690783e-16 4.6184978230261e-17
8.67045454545452e-08 -0.00140942605047752 -0.000121568517106168 -34935.5036662985 405582.521477056 1.38589688377815e-16 4.61965627926049e-17
8.73238636363634e-08 -0.00140870991388282 0.000131541466546191 37801.459589915 405376.723189593 1.38624450782102e-16 4.62081502607006e-17
8.79431818181816e-08 -0.00136295779534016 0.000380515340218515 109349.816710171 392228.801810475 1.38659221905831e-16 4.62197406352769e-17
8.85624999999998e-08 -0.00127361908222957 0.000617403317835374 177425.014199899 366555.272070109 1.38694001751189e-16 4.6231333917063e-17
8.91818181818179e-08 -0.00114353507262611 0.000834639474020232 239852.80974684 329172.646184663 1.38728790320364e-16 4.62429301067879e-17
8.98011363636361e-08 -0.000976848613050475 0.00102528339037783 294638.714826621 281271.466189669 1.38763587615544e-16 4.62545292051812e-17
9.04204545454543e-08 -0.000778872160272692 0.00118324189243079 340031.715900863 224378.388471046 1.38798393638917e-16 4.62661312129724e-17
9.10397727272725e-08 -0.000555918469004083 0.00130346379303545 374580.238407522 160307.527987267 1.38833208392674e-16 4.62777361308912e-17
9.16590909090907e-08 -0.000315099301573488 0.00138210141812095 397178.564889405 91102.6128747533 1.38868031879003e-16 4.62893439596677e-17
9.22784090909088e-08 -6.40985779687239e-05 0.00141663374954323 407102.222919676 18971.793905564 1.38902864100096e-16 4.63009547000319e-17
9.2897727272727e-08 0.000189072797748123 0.00140594724396331 404031.210261513 -53782.8117694687 1.38937705058142e-16 4.63125683527141e-17
9.35170454545452e-08 0.000436332611827228 0.00135037173690739 388060.312723847 -124838.59452402 1.38972554755334e-16 4.63241849184448e-17
9.41363636363634e-08 0.00066978535598387 0.00125167027446849 359696.182067454 -191926.598832481 1.39007413193864e-16 4.63358043979548e-17
9.47556818181815e-08 0.000881974346503901 0.00111298318572682 319841.263931278 -252903.975481625 1.39042280375925e-16 4.63474267919749e-17
9.53749999999997e-08 0.00106611989665955 0.000938728169956966 269765.08559818 -305822.425880892 1.39077156303708e-16 4.63590521012361e-17
9.59943181818179e-08 0.00121633593503642 0.000734459577408295 211063.817097376 -348990.452310538 1.39112040979409e-16 4.63706803264697e-17
9.66136363636361e-08 0.00132781814860096 0.000506691366030065 145609.393755836 -381027.425150387 1.39146934405221e-16 4.6382311468407e-17
9.72329545454543e-08 0.00139699763670384 0.000262689377319698 75489.8218955435 -400907.738884413 1.39181836583339e-16 4.63939455277797e-17
9.78522727272724e-08 0.00142165516180523 1.02395554071968e-05 2942.57126750154 -407993.64466896 1.39216747515959e-16 4.64055825053195e-17
9.84715909090906e-08 0.00140099233946579 -0.000242600496812853 -69716.8209960935 -402055.708410635 1.39251667205275e-16 4.64172224017585e-17
9.90909090909088e-08 0.00133565748398839 -0.000487758696853603 -140168.656719869 -383280.238104663 1.39286595653486e-16 4.64288652178287e-17
9.9710227272727e-08 0.00122772527318787 -0.000717406188592399 -206163.134406805 -352263.440039746 1.39321532862787e-16 4.64405109542625e-17
1.00329545454545e-07 0.00108063086992871 -0.000924207347614113 -265592.194011838 -309992.487109849 1.39356478835377e-16 4.64521596117924e-17
1.00948863636363e-07 0.000899060592245041 -0.00110155410233044 -316556.854493691 -257814.100363806 1.39391433573453e-16 4.64638111911511e-17
1.01568181818182e-07 0.000688802611613658 -0.00124377708599683 -357427.893193375 -197391.643727264 1.39426397079214e-16 4.64754656930714e-17
1.021875e-07 0.000456562435966125 -0.00134632687256892 -386897.928117289 -130652.098811119 1.3946136935486e-16 4.64871231182866e-17
1.02806818181818e-07 0.000209749059502748 -0.00140591950275214 -404023.238187759 -59724.610152213 1.39496350402589e-16 4.64987834675297e-17
1.03426136363636e-07 -4.37614006606983e-05 -0.00142064164521791 -408253.983732176 13127.4392213145 1.39531340224603e-16 4.65104467415342e-17
1.04045454545454e-07 -0.000295877040515757 -0.00139001202548076 -399451.859480797 85578.6549649067 1.39566338823101e-16 4.65221129410338e-17
1.04664772727272e-07 -0.000538548457446493 -0.00131499715028682 -377894.61333066 155315.856484653 1.39601346200287e-16 4.65337820667622e-17
1.05284090909091e-07 -0.000764025746400124 -0.001197980814032 -344267.283314971 220111.930685569 1.3963636235836e-16 4.65454541194534e-17
1.05903409090909e-07 -0.000965105998750204 -0.00104268834915636 -299640.42921529 277896.956450599 1.39671387299525e-16 4.65571290998417e-17
1.06522727272727e-07 -0.00113536339981279 -0.000854068027547578 -245436.050532715 326824.328443152 1.39706421025984e-16 4.65688070086613e-17
1.07142045454545e-07 -0.00126935457454946 -0.000638133388588773 -183382.275833481 365329.767908014 1.3974146353994e-16 4.65804878466467e-17
1.07761363636363e-07 -0.00136279261937454 -0.000401771517890055 -115458.267242039 392181.334705589 1.39776514843599e-16 4.65921716145328e-17
1.08380681818181e-07 -0.00141268425606658 -0.00015252338906329 -43831.0966083708 406518.841636353 1.39811574939163e-16 4.66038583130544e-17
1.09e-07 -0.00141742571975335 0.000101656725651206 29213.3933705063 407881.410054193 1.3984664382884e-16 4.66155479429467e-17
