0 -0.00139 0 0 400000 1.33808e-16 4.46026666666667e-17
6.89873417721519e-10 -0.00136264638642721 0.000275949367088608 79300.3843027682 392139.311311792 1.3385967533381e-16 4.46198917779366e-17
1.37974683544304e-09 -0.00128112309131082 0.000541052973835257 155483.99043624 368711.721313799 1.33911370624125e-16 4.46371235413752e-17
2.06962025316456e-09 -0.00114864482456615 0.00078478476669412 225525.915316989 330641.050685141 1.33963085878654e-16 4.46543619595513e-17
2.75949367088608e-09 -0.000970449921752291 0.000997462866523736 286643.848752421 279432.655380519 1.34014821105105e-16 4.4671607035035e-17
3.44936708860759e-09 -0.000753593217957365 0.00117063416483462 336408.595999884 217113.904187126 1.34066576311192e-16 4.46888587703973e-17
4.13924050632911e-09 -0.000506666745492991 0.00129741029910719 372840.627985687 146153.914796521 1.3411835150463e-16 4.47061171682101e-17
4.82911392405063e-09 -0.000239459312930331 0.00137274165366585 394488.821745204 69365.7260271989 1.34170146693139e-16 4.47233822310465e-17
5.51898734177215e-09 3.74315469423276e-05 0.00139361848718096 400488.259026904 -10205.2178364817 1.34221961884441e-16 4.47406539614804e-17
6.20886075949367e-09 0.000313019876991746 0.00135919117597886 390594.780967355 -89401.8498594121 1.3427379708626e-16 4.47579323620867e-17
6.89873417721519e-09 0.000576367174347516 0.0012708047695104 365194.918398223 -165080.740178092 1.34325652306324e-16 4.47752174354414e-17
7.58860759493671e-09 0.000817016553899575 0.00113194645339221 325290.794145342 -234236.862846688 1.34377527552364e-16 4.47925091841215e-17
8.27848101265823e-09 0.00102540796423294 0.000948107971559203 272460.586876508 -294122.917666032 1.34429422832115e-16 4.48098076107049e-17
8.96835443037975e-09 0.001193257968914 0.000726568435100624 208796.116235481 -342358.469053094 1.34481338153312e-16 4.48271127177705e-17
9.65822784810127e-09 0.00131388900606373 0.000476106107271547 136820.017649851 -377024.566336597 1.34533273523695e-16 4.48444245078983e-17
1.03481012658228e-08 0.001382495038515 0.000206650576398404 59385.7862320082 -396740.084427012 1.34585228951008e-16 4.48617429836692e-17
1.10379746835443e-08 0.00139633302643132 -7.11109012131487e-05 -20435.3496216144 -400716.747868277 1.34637204442996e-16 4.48790681476652e-17
1.17278481012658e-08 0.00135483259426219 -0.000346157281961353 -99476.2400738634 -388790.646154528 1.34689200007407e-16 4.48964000024692e-17
1.24177215189873e-08 0.00125961950780128 -0.000607571027225498 -174599.479819567 -361428.980401629 1.34741215651995e-16 4.4913738550665e-17
1.31075949367089e-08 0.00111445199626597 -0.000844971456446287 -242821.942039623 -319711.764035156 1.34793251384513e-16 4.49310837948376e-17
1.37974683544304e-08 0.00092507241309309 -0.00104892695986313 -301433.237192283 -265289.194115344 1.34845307212719e-16 4.4948435737573e-17
1.44873417721519e-08 0.000698980090284218 -0.00121132970217169 -348103.392709461 -200316.375819689 1.34897383144374e-16 4.49657943814581e-17
1.51772151898734e-08 0.000445134371194102 -0.00132571793076513 -380975.475667563 -127367.982098623 1.34949479187242e-16 4.49831597290807e-17
1.58670886075949e-08 0.00017359958131756 -0.0013875330760285 -398739.476458123 -49336.2278823977 1.35001595349089e-16 4.50005317830298e-17
1.65569620253165e-08 -0.00010485399436868 -0.00139430141428708 -400684.51380559 30683.7982382218 1.35053731637686e-16 4.50179105458953e-17
1.7246835443038e-08 -0.000379177307435943 -0.0013457330541397 -386727.280762161 109516.898596293 1.35105888060804e-16 4.50352960202681e-17
1.79367088607595e-08 -0.00063848097103175 -0.00124373428551676 -357415.593493056 184033.757943394 1.35158064626221e-16 4.50526882087402e-17
1.8626582278481e-08 -0.00087246751731394 -0.00109233276787497 -313906.892387171 251275.162544612 1.35210261341713e-16 4.50700871139045e-17
1.93164556962025e-08 -0.0010718403287697 -0.0008975184931213 -257922.539103004 308569.515978983 1.35262478215064e-16 4.50874927383548e-17
2.0006329113924e-08 -0.00122867300407703 -0.000667006802862363 -191679.71413597 353638.984897563 1.35314715254058e-16 4.51049050846861e-17
2.06962025316456e-08 -0.00133672448323299 -0.000409932835635967 -117803.609217257 384690.057461896 1.35366972466483e-16 4.51223241554944e-17
2.13860759493671e-08 -0.00139168740380086 -0.000136489504921219 -39223.3919857907 400484.914211958 1.3541924986013e-16 4.51397499533765e-17
2.20759493670886e-08 -0.00139135980532201 0.000142476645360577 40943.9342096226 400390.771269926 1.35471547442791e-16 4.51571824809304e-17
2.27658227848101e-08 -0.00133573333740528 0.000415895683774416 119517.170490859 384405.228959239 1.35523865222265e-16 4.51746217407551e-17
2.34556962025316e-08 -0.00122699443830157 0.000672913566624249 193377.158276702 353156.610495057 1.35576203206351e-16 4.51920677354503e-17
2.41455696202532e-08 -0.00106943840357655 0.000903323014344158 259590.601503445 307879.267645047 1.35628561402852e-16 4.52095204676172e-17
2.48354430379747e-08 -0.000869299721823394 0.00109796888445841 315526.559849205 250364.823802244 1.35680939819573e-16 4.52269799398577e-17
2.55253164556962e-08 -0.000634505378992044 0.00124911194215694 358960.986558147 182891.280321844 1.35733338464324e-16 4.52444461547746e-17
2.62151898734177e-08 -0.000374360892847096 0.00135073657449899 388165.157179651 108132.791316444 1.35785757344916e-16 4.52619191149719e-17
2.69050632911392e-08 -9.91815127526165e-05 0.00139879021353245 401974.473296967 29053.6804494035 1.35838196469164e-16 4.52793988230547e-17
2.75949367088607e-08 0.00018011679884727 0.00139134493933974 399834.902871601 -51209.0999246259 1.35890655844887e-16 4.52968852816289e-17
2.82848101265823e-08 0.000452450384988782 0.00132867481899114 381825.205366662 -129470.406581794 1.35943135479904e-16 4.53143784933014e-17
2.89746835443038e-08 0.000707007735710426 0.00121324587930888 348654.050190486 -202623.303985755 1.35995635382041e-16 4.53318784606802e-17
2.96645569620253e-08 0.000933678698022616 0.00104961907767946 301632.133132493 -267762.40762379 1.36048155559123e-16 4.53493851863744e-17
3.03544303797468e-08 0.00112345601503271 0.000844270088367583 242620.387824203 -322299.275490626 1.36100696018981e-16 4.53668986729938e-17
3.10443037974683e-08 0.00126879324659851 0.000605333024822136 173956.338461681 -364065.264803324 1.36153256769449e-16 4.53844189231496e-17
3.17341772151899e-08 0.00136390484892563 0.000342278240166531 98361.5083812297 -391397.766761086 1.36205837818361e-16 4.54019459394537e-17
3.24240506329114e-08 0.00140499648072174 6.55369683957489e-05 18833.5520920127 -403206.390304742 1.36258439173557e-16 4.54194797245192e-17
3.31139240506329e-08 0.0013904163681951 -0.00021391231639626 -61472.6138939534 -399016.460323245 1.3631106084288e-16 4.543702028096e-17
3.38037974683544e-08 0.00132072169078964 -0.000484979420292188 -139369.967809185 -378988.095118349 1.36363702834174e-16 4.54545676113912e-17
3.44936708860759e-08 0.001198657320013 -0.00073690255213949 -211765.861958249 -343910.096518861 1.36416365155287e-16 4.54721217184289e-17
3.51835443037975e-08 0.00102904772135722 -0.000959675581924108 -275784.805218009 -295168.885416455 1.3646904781407e-16 4.54896826046902e-17
3.5873417721519e-08 0.000818606276149827 -0.00114444547223346 -328882.674090478 -234693.706023064 1.36521750818379e-16 4.5507250272793e-17
3.65632911392405e-08 0.000575669559389334 -0.00128386409738067 -368947.816003226 -164880.264507998 1.36574474176069e-16 4.55248247253565e-17
3.7253164556962e-08 0.00030986709099947 -0.00137238046900294 -394385.027042302 -88495.824440874 1.36627217895002e-16 4.55424059650007e-17
3.79430379746836e-08 3.17396430342008e-05 -0.00140646174679253 -404179.064458506 -8569.51860625335 1.3667998198304e-16 4.55599939943468e-17
3.86329113924051e-08 -0.000247678767786425 -0.00138473423502313 -397935.165255421 71727.7750354077 1.36732766448051e-16 4.55775888160169e-17
3.93227848101266e-08 -0.000517298625670873 -0.00130803873787034 -375894.953811286 149209.229591631 1.36785571297902e-16 4.55951904326341e-17
4.00126582278481e-08 -0.00076641503314158 -0.00117939804342007 -338927.097662498 220798.547070328 1.36838396540468e-16 4.56127988468226e-17
4.07025316455696e-08 -0.000985132733029454 -0.0010038977929777 -288493.072565266 283652.098205152 1.36891242183622e-16 4.56304140612074e-17
4.13924050632912e-08 -0.0011647591602805 -0.000788485430481592 -226589.385995027 335271.874913562 1.36944108235245e-16 4.56480360784149e-17
4.20822784810127e-08 -0.00129814991114578 -0.000541695180008562 -155668.543120241 373604.768797878 1.36996994703216e-16 4.56656649010721e-17
4.27721518987342e-08 -0.00137999289983325 -0.000273309938346036 -78541.8838726569 397124.230081221 1.37049901595422e-16 4.56833005318073e-17
4.34620253164557e-08 -0.00140701990086968 6.02652237195153e-06 1731.85952606839 404891.059160601 1.37102828919749e-16 4.57009429732496e-17
4.41518987341773e-08 -0.00137813705309103 0.000285231669619365 81967.8669850794 396590.909923911 1.37155776684088e-16 4.57185922280293e-17
4.48417721518988e-08 -0.00129446911430934 0.000553223902688621 158981.586192941 372547.00734421 1.37208744896333e-16 4.57362482987777e-17
4.55316455696203e-08 -0.00115931567689614 0.000799362377722318 229715.126435495 333707.565022659 1.37261733564381e-16 4.5753911188127e-17
4.62215189873418e-08 -0.000978021048069892 0.00101386950912317 291358.674073385 281608.392302567 1.37314742696131e-16 4.57715808987105e-17
4.69113924050633e-08 -0.000757762925949327 0.0011882193717258 341462.108820831 218312.165482963 1.37367772299487e-16 4.57892574331624e-17
4.76012658227849e-08 -0.000507268227382553 0.00131547657502163 378032.387032103 146326.764422873 1.37420822382354e-16 4.58069407941181e-17
4.82911392405064e-08 -0.000236467318107843 0.00139057214051598 399612.82139209 68505.9076418243 1.37473892952642e-16 4.5824630984214e-17
4.89810126582279e-08 4.38996550639765e-05 0.00141050540841723 405341.103437657 -12063.9771631301 1.37526984018262e-16 4.58423280060873e-17
4.96708860759494e-08 0.000322708724011846 0.00137446393148888 394983.757807871 -92186.1624318633 1.37580095587129e-16 4.58600318623764e-17
5.03607594936709e-08 0.000588893457295452 0.00128385656584887 368945.651644695 -168680.455090059 1.37633227667162e-16 4.58777425557207e-17
5.10506329113925e-08 0.00083188420498453 0.00114225841183194 328254.172086058 -238509.423632587 1.37686380266282e-16 4.58954600887607e-17
5.1740506329114e-08 0.0010420277960441 0.000955269756149493 274518.690057883 -298899.007800166 1.37739553392413e-16 4.59131844641377e-17
5.24303797468355e-08 0.00121097102309113 0.000730294580668942 209866.90968811 -347448.721726044 1.37792747053482e-16 4.59309156844941e-17
5.3120253164557e-08 0.00133199268016818 0.000476247397655512 136860.620684622 -382227.072611287 1.37845961257421e-16 4.59486537524735e-17
5.38101265822786e-08 0.0014002709552082 0.000203200019398624 58394.1894799369 -401848.402086795 1.37899196012161e-16 4.59663986707204e-17
5.45000000000001e-08 0.00141307553951599 -7.80177413897504e-05 -22420.1886741586 -405528.093282168 1.3795245132564e-16 4.59841504418801e-17
5.51898734177216e-08 0.00136987680043801 -0.000356247610141356 -102375.927472524 -393113.94409813 1.38005727205798e-16 4.60019090685993e-17
5.58797468354431e-08 0.00127236765216779 -0.000620445591412221 -178299.281339351 -365092.452284449 1.38059023660577e-16 4.60196745535256e-17
5.65696202531646e-08 0.00112439722292759 -0.000860120345148867 -247175.322909993 -322569.753182097 1.38112340697922e-16 4.60374468993074e-17
5.72594936708862e-08 0.00093181891718822 -0.00106574979756116 -306267.66572746 -267227.956914797 1.38165678325783e-16 4.60552261085944e-17
5.79493670886077e-08 0.000702258870221991 -0.00122915944306334 -353227.177988057 -201258.608490316 1.38219036552112e-16 4.60730121840372e-17
5.86392405063292e-08 0.000444813954199139 -0.0013438473078232 -386185.368275917 -127275.902920817 1.38272415384862e-16 4.60908051282874e-17
5.93291139240507e-08 0.000169691294648528 -0.00140524265663656 -403828.730921279 -48213.0920039231 1.38325814831993e-16 4.61086049439977e-17
6.00189873417722e-08 -0.000112196417845839 -0.0014108881495582 -405451.092889302 32793.8121498153 1.38379234901466e-16 4.61264116338219e-17
6.07088607594938e-08 -0.000389663775853495 -0.00136053818899639 -390981.876074977 112530.42598454 1.38432675601244e-16 4.61442252004145e-17
6.13987341772153e-08 -0.000651696494499605 -0.00125616952154448 -360989.143982764 187831.541938407 1.38486136939294e-16 4.61620456464314e-17
6.20886075949368e-08 -0.000887888630481949 -0.00110190363988034 -316657.302131343 255706.773363299 1.38539618923588e-16 4.61798729745293e-17
6.27784810126583e-08 -0.00108885582508346 -0.000903844030511901 -259740.327457761 313459.309389344 1.38593121562098e-16 4.6197707187366e-17
6.34683544303798e-08 -0.00124660816045728 -0.000669834694060473 -192492.373578325 358793.063736336 1.38646644862801e-16 4.62155482876004e-17
6.41582278481013e-08 -0.00135486781505798 -0.000409149491919485 -117578.497420794 389903.96029282 1.38700188833677e-16 4.62333962778922e-17
6.48481012658228e-08 -0.00140931888927335 -0.000132124622291828 -37969.0427781839 405551.726245444 1.38753753482707e-16 4.62512511609023e-17
6.55379746835444e-08 -0.00140777945957361 0.000150251209465686 43178.1336492743 405109.335787787 1.38807338817878e-16 4.62691129392927e-17
6.62278481012659e-08 -0.00135028900237748 0.000426772676539909 122642.924013914 388588.133374841 1.38860944847179e-16 4.62869816157263e-17
6.69177215189874e-08 -0.00123910768513037 0.000686462482319952 197270.750180502 356637.629998065 1.38914571578601e-16 4.6304857192867e-17
6.76075949367089e-08 -0.00107862751869565 0.00091900713334069 264097.793083544 310519.970785754 1.38968219020139e-16 4.63227396733798e-17
6.82974683544304e-08 -0.000875198863349628 0.00111516653441386 320468.699289349 252060.077518613 1.39021887179792e-16 4.63406290599308e-17
6.89873417721519e-08 -0.000636879141604186 0.00126714113915644 364142.090127306 183573.43549173 1.39075576065561e-16 4.63585253551869e-17
6.96772151898735e-08 -0.000373113701310128 0.00136888206745467 393379.68106108 107774.382202395 1.39129285685449e-16 4.63764285618162e-17
7.0367088607595e-08 -9.43614692647935e-05 0.00141633185938963 407015.467854968 27668.5303221425 1.39183016047464e-16 4.6394338682488e-17
7.10569620253165e-08 0.000188319768326234 0.00140758628340167 404502.225863832 -53566.4114813391 1.39236767159616e-16 4.64122557198721e-17
7.1746835443038e-08 0.000463712014058523 0.00134297074609893 385933.468145348 -132706.694175158 1.3929053902992e-16 4.643017967664e-17
7.24367088607595e-08 0.000720882235663599 0.00122502823805265 352039.98140762 -206610.459998844 1.39344331666391e-16 4.64481105554637e-17
7.3126582278481e-08 0.000949616404104632 0.00105841925984224 304161.0674613 -272342.473273307 1.39398145077049e-16 4.64660483590165e-17
7.38164556962025e-08 0.00114082516231854 0.000849737666256393 244191.621823985 -327290.698624914 1.39451979269918e-16 4.64839930899726e-17
7.45063291139241e-08 0.00128690501280483 0.000607249705254844 174507.140576224 -369270.096529218 1.39505834253022e-16 4.65019447510073e-17
7.51962025316456e-08 0.00138204067147984 0.000340566579477341 97869.6233956583 -396609.511630696 1.39559710034391e-16 4.6519903344797e-17
7.58860759493671e-08 0.00142243656476183 6.02635005406116e-05 17318.1000656762 -408218.198743525 1.39613606622057e-16 4.65378688740191e-17
7.65759493670886e-08 0.00140646825448805 -0.000222539664945235 -63951.880516906 -403629.33827707 1.39667524024056e-16 4.65558413413519e-17
7.72658227848101e-08 0.00133474774974145 -0.00049661952846783 -142715.020060593 -383018.805088322 1.39721462248424e-16 4.65738207494748e-17
7.79556962025316e-08 0.00121010008012831 -0.000751094591811297 -215844.270297751 -347198.436275544 1.39775421303205e-16 4.65918071010683e-17
7.86455696202532e-08 0.001037452026035 -0.00097585726176821 -280434.982327818 -297584.055263652 1.39829401196442e-16 4.6609800398814e-17
7.93354430379747e-08 0.000823637388195071 -0.00116197531568516 -333920.276956372 -236139.511544806 1.39883401936183e-16 4.66278006453943e-17
8.00253164556962e-08 0.000577126493114502 -0.0013020468720237 -374173.053633214 -165298.94785389 1.39937423530479e-16 4.66458078434929e-17
8.07151898734177e-08 0.0003076906409263 -0.00139049475932935 -399590.584132038 -87870.3715578353 1.39991465987383e-16 4.66638219957942e-17
8.14050632911392e-08 2.6014788491566e-05 -0.00142378857680823 -409158.326753943 -6924.35025490633 1.40045529314952e-16 4.66818431049841e-17
8.20949367088607e-08 -0.000256726179778183 -0.00140058560508379 -402490.420267593 74327.7565300618 1.40099613521247e-16 4.66998711737491e-17
8.27848101265822e-08 -0.000529310789783719 -0.00132178494309795 -379845.241390328 152661.200656129 1.40153718614331e-16 4.6717906204777e-17
8.34746835443038e-08 -0.000780916335941155 -0.0011904926889717 -342115.398709278 224965.829267891 1.4020784460227e-16 4.67359482007565e-17
8.41645569620253e-08 -0.00100154858440169 -0.00101189951243012 -290792.550307701 288369.569878344 1.40261991493132e-16 4.67539971643775e-17
8.48544303797468e-08 -0.00118243876047891 -0.000793075444063854 -227908.431749212 340352.513817885 1.40316159294992e-16 4.67720530983307e-17
8.55443037974683e-08 -0.00131639205136354 -0.000542689994196078 -155954.425810288 378847.066488341 1.40370348015924e-16 4.67901160053081e-17
8.62341772151898e-08 -0.00139807377345631 -0.000270668680897542 -77782.8579219256 402320.18411426 1.40424557664008e-16 4.68081858880025e-17
8.69240506329113e-08 -0.00142422182236907 1.22004251311721e-05 3506.07218913607 409834.426126938 1.40478788247324e-16 4.68262627491079e-17
8.76139240506328e-08 -0.00139377694506242 0.000294694542023751 84687.2405650698 401085.391853223 1.40533039773958e-16 4.68443465913194e-17
8.83037974683544e-08 -0.00130792563193028 0.000565601436967301 162538.554760674 376414.04654048 1.40587312251998e-16 4.68624374173328e-17
8.89936708860759e-08 -0.00117005389271492 0.00081416443968856 233968.838682711 336793.437804826 1.40641605689536e-16 4.68805352298454e-17
8.96835443037974e-08 -0.000985613716453628 0.00103050954668965 296140.570795078 283790.319831759 1.40695920094666e-16 4.68986400315552e-17
9.03734177215189e-08 -0.000761907481892285 0.00120603765770639 346582.602267817 219503.198760221 1.40750255475484e-16 4.69167518251614e-17
9.10632911392404e-08 -0.000507798843350772 0.00133376636320219 383288.377458307 146479.249100192 1.40804611840093e-16 4.69348706133642e-17
9.17531645569619e-08 -0.000233361538479876 0.00140860769799438 404795.752790852 67613.3905809739 1.40858989196594e-16 4.69529963988648e-17
9.24430379746835e-08 5.05199673728495e-05 0.00142757081234385 410245.238946068 -13966.4758564115 1.40913387553097e-16 4.69711291843656e-17
9.3132911392405e-08 0.00033258216850968 0.00138988148757074 399414.346416209 -95023.5233264754 1.40967806917709e-16 4.69892689725698e-17
9.38227848101265e-08 0.000601629416915343 0.00129701372055132 372726.662035273 -172340.425406271 1.41022247298545e-16 4.70074157661818e-17
9.4512658227848e-08 0.000846978299630717 0.00115263208956074 331235.286481087 -242847.058173204 1.41076708703721e-16 4.70255695679071e-17
9.52025316455695e-08 0.00105888185731899 0.000962447154484989 276581.280207315 -303742.409146806 1.41131191141356e-16 4.7043730380452e-17
9.5892405063291e-08 0.00122891679915973 0.000733989596929267 210928.757419599 -352605.852376012 1.41185694619573e-16 4.70618982065243e-17
9.65822784810125e-08 0.00135031833136305 0.000476312033137407 136879.195173877 -387493.36909779 1.41240219146497e-16 4.70800730488322e-17
9.72721518987341e-08 0.00141824928985182 0.000199630306726137 57368.3506104178 -407014.889190588 1.41294764730257e-16 4.70982549100856e-17
9.79620253164556e-08 0.00142999286996325 -8.50815251780837e-05 -24450.1290757492 -410389.676477661 1.41349331378985e-16 4.7116443792995e-17
9.86518987341771e-08 0.00138506127429245 -0.000366526455430999 -105329.78958954 -397477.55117865 1.41403919100816e-16 4.71346397002721e-17
9.93417721518986e-08 0.00128521593401343 -0.000633532776224855 -182060.184276121 -368784.700970282 1.41458527903889e-16 4.71528426346297e-17
1.0003164556962e-07 0.0011343984669511 -0.000875497528467432 -251594.309478152 -325443.840203706 1.41513157796345e-16 4.71710525987815e-17
1.00721518987342e-07 0.000938575078180684 -0.00108280754898873 -311169.602114627 -269169.494845347 1.41567808786327e-16 4.71892695954424e-17
1.01411392405063e-07 0.000705500545409864 -0.00124722139571446 -358417.69464553 -202190.17825942 1.41622480881985e-16 4.72074936273283e-17
1.02101265822785e-07 0.000444411125422081 -0.00136219697722755 -391458.566946188 -127160.140825886 1.41677174091468e-16 4.72257246971561e-17
1.02791139240506e-07 0.000165658542561513 -0.00142315186225204 -408975.352212165 -47054.1881308245 1.41731888422931e-16 4.72439628076438e-17
1.03481012658228e-07 -0.000119700436630735 -0.00142764591147295 -410266.820404512 34950.2641820692 1.41786623884531e-16 4.72622079615104e-17
1.04170886075949e-07 -0.000400342570149178 -0.00137547895310369 -395275.447565957 115599.222628186 1.41841380484428e-16 4.72804601614761e-17
1.04860759493671e-07 -0.000665127452940192 -0.0012686995926844 -364589.947518645 191691.236117561 1.41896158230786e-16 4.72987194102619e-17
1.05550632911392e-07 -0.000903539746106663 -0.00111152477313435 -319422.155598921 260204.480667003 1.4195095713177e-16 4.731698571059e-17
1.06240506329114e-07 -0.00110610676825048 -0.000910173243223046 -261559.172000233 318416.763857035 1.42005777195551e-16 4.73352590651836e-17
1.06930379746835e-07 -0.00126477486539058 -0.000672619510787885 -193292.654582868 364013.683366398 1.42060618430301e-16 4.73535394767672e-17
1.07620253164557e-07 -0.0013732296055531 -0.000408278015496712 -117328.058668331 395180.642236729 1.42115480844198e-16 4.73718269480659e-17
1.08310126582278e-07 -0.00142714706793328 -0.000127630029274327 -36677.4183134034 410675.062580897 1.42170364445419e-16 4.73901214818062e-17
1.09e-07 -0.0014243662264438 0.000158191929539836 45460.0818202901 409875.923952215 1.42225269242147e-16 4.74084230807155e-17
