0 -0.00139 0 0 400000 1.33808e-16 4.46026666666667e-17
1.77524429967427e-10 -0.00138818869269374 7.10097719869707e-05 20406.2878173247 399479.479271896 1.33808226588651e-16 4.4602742196217e-17
3.55048859934853e-10 -0.00138275712783245 0.000141834733682855 40759.4661556865 397918.594442154 1.33808453177686e-16 4.46028177258953e-17
5.3257328990228e-10 -0.00137371944469386 0.000212290435537521 61006.529203315 395321.408756757 1.33808679767104e-16 4.46028932557015e-17
7.10097719869707e-10 -0.00136109917398274 0.000282193389350795 81094.7474144166 391694.684303806 1.33808906356907e-16 4.46029687856355e-17
8.87622149837133e-10 -0.00134492917656589 0.000351361546131872 100971.804833042 387047.864407606 1.33809132947092e-16 4.46030443156975e-17
1.06514657980456e-09 -0.00132525155790844 0.00041961477021139 120585.935340074 381393.049039979 1.33809359537662e-16 4.46031198458873e-17
1.24267100977199e-09 -0.00130211755843439 0.000486775308371467 139886.05746851 374744.963312852 1.33809586128615e-16 4.46031953762051e-17
1.42019543973941e-09 -0.00127558742009682 0.000552668252771904 158821.907435934 367120.919134126 1.33809812719952e-16 4.46032709066508e-17
1.59771986970684e-09 -0.00124573022950515 0.000617121996466974 177344.17004772 358540.770126715 1.33810039311673e-16 4.46033464372243e-17
1.77524429967427e-09 -0.00121262373801807 0.000679968680326476 195404.607130051 349026.859928116 1.33810265903777e-16 4.46034219679258e-17
1.95276872964169e-09 -0.00117635415927063 0.000741044630197107 212956.183158281 338603.964005154 1.33810492496266e-16 4.46034974987552e-17
2.13029315960912e-09 -0.00113701594466259 0.000800190783165662 229953.187753442 327299.225135429 1.33810719089137e-16 4.46035730297125e-17
2.30781758957655e-09 -0.00109471153739291 0.00085725310181392 246351.354727896 315142.08272347 1.33810945682393e-16 4.46036485607977e-17
2.48534201954397e-09 -0.00104955110568077 0.000912082975386337 262107.977370081 302164.196135668 1.33811172276032e-16 4.46037240920107e-17
2.6628664495114e-09 -0.00100165225586785 0.000964537606825788 277182.019668112 288399.362253642 1.33811398870055e-16 4.46037996233517e-17
2.84039087947883e-09 -0.000951139726149124 0.00101448038466936 291534.223182576 273883.427460743 1.33811625464462e-16 4.46038751548206e-17
3.01791530944625e-09 -0.000898145061729582 0.00106178123883567 305127.209290178 258654.194290889 1.33811852059252e-16 4.46039506864174e-17
3.19543973941368e-09 -0.000842806272253006 0.00110631697937703 317925.576531963 242751.322982859 1.33812078654426e-16 4.46040262181421e-17
3.37296416938111e-09 -0.000785267472394795 0.00114797161731435 329895.992812576 226216.22819639 1.33812305249984e-16 4.46041017499947e-17
3.55048859934853e-09 -0.000725678506554887 0.00118663666671907 341007.282210445 209091.971159077 1.33812531845926e-16 4.46041772819752e-17
3.72801302931596e-09 -0.000664194558628134 0.00122221142725546 351230.506172792 191423.147524931 1.33812758442251e-16 4.46042528140836e-17
3.90553745928339e-09 -0.00060097574786839 0.00125460324644737 360539.038884008 173255.77123665 1.3381298503896e-16 4.460432834632e-17
4.08306188925081e-09 -0.000536186711898771 0.00128372776098641 368908.636611102 154637.154694047 1.33813211636053e-16 4.46044038786842e-17
4.26058631921824e-09 -0.000469996177954033 0.00130950911645317 376317.500845617 135615.785540706 1.33813438233529e-16 4.46044794111763e-17
4.43811074918567e-09 -0.000402576523471662 0.00133188016487898 382746.335077562 116241.200389746 1.33813664831389e-16 4.46045549437963e-17
4.61563517915309e-09 -0.00033410332717601 0.00135078263963397 388178.395053488 96563.8558175423 1.33813891429633e-16 4.46046304765443e-17
4.79315960912052e-09 -0.000264754911824562 0.0013661673071857 392599.532387828 76634.9969613739 1.3381411802826e-16 4.46047060094202e-17
4.97068403908795e-09 -0.000194711879807156 0.00137799409533321 395998.231413882 56506.5240631996 1.33814344627272e-16 4.46047815424239e-17
5.14820846905537e-09 -0.000124156642807579 0.0013862321975824 398365.639178498 36230.8573071215 1.33814571226667e-16 4.46048570755556e-17
5.3257328990228e-09 -5.32729467524257e-05 0.00139086015339106 399695.5885023 15860.8003025357 1.33814797826445e-16 4.46049326088151e-17
5.50325732899023e-09 1.7754606715618e-05 0.00139186590407426 399984.614045398 -4550.5974315011 1.33815024426608e-16 4.46050081422026e-17
5.68078175895765e-09 8.87410409938297e-05 0.00138924682422469 399231.961336745 -24950.1786225601 1.33815251027154e-16 4.4605083675718e-17
5.85830618892508e-09 0.000159501486252834 0.00138300972856598 397439.588743587 -45284.8166819844 1.33815477628084e-16 4.46051592093613e-17
6.0358306188925e-09 0.000229851660892731 0.00137317085422111 394612.162375893 -65501.5540623579 1.33815704229397e-16 4.46052347431325e-17
6.21335504885993e-09 0.000299608351468113 0.00135975581844208 390757.043938999 -85547.740174975 1.33815930831095e-16 4.46053102770316e-17
6.39087947882736e-09 0.000368589889832108 0.00134279955191087 385884.271566111 -105371.168508132 1.33816157433176e-16 4.46053858110586e-17
6.56840390879478e-09 0.000436616626256808 0.00132234620778531 380006.53368055 -124920.212589141 1.33816384035641e-16 4.46054613452135e-17
6.74592833876221e-09 0.000503511397297939 0.00129844904672681 373139.135955822 -144143.960435984 1.33816610638489e-16 4.46055368794964e-17
6.92345276872964e-09 0.000569099987185307 0.00127117029820914 365299.961459528 -162992.347148445 1.33816837241721e-16 4.46056124139071e-17
7.10097719869706e-09 0.000633211581537396 0.00124058099846964 356509.424084908 -181416.285293414 1.33817063845337e-16 4.46056879484458e-17
7.27850162866449e-09 0.000695679212218519 0.00120676080552463 346790.415391288 -199367.7927448 1.33817290449337e-16 4.46057634831123e-17
7.45602605863192e-09 0.000756340192179945 0.0011697977917309 336168.244991852 -216800.117645111 1.3381751705372e-16 4.46058390179068e-17
7.63355048859934e-09 0.000815036539152551 0.00112978821443336 324670.574643991 -233667.860163258 1.33817743658488e-16 4.46059145528292e-17
7.81107491856677e-09 0.000871615387087543 0.00108683626529622 312327.346213847 -249927.090731495 1.33817970263638e-16 4.46059900878794e-17
7.9885993485342e-09 0.000925929384273709 0.00104105379897034 299170.703702668 -265535.464453546 1.33818196869173e-16 4.46060656230577e-17
8.16612377850163e-09 0.000977837077094388 0.000992560041803495 285234.909538005 -280452.331385979 1.33818423475091e-16 4.46061411583638e-17
8.34364820846905e-09 0.00102720327842469 0.000941481281352046 270556.255347767 -294638.842405603 1.33818650081393e-16 4.46062166937978e-17
8.52117263843648e-09 0.00107389941970953 0.000887950537502564 255172.967449469 -308058.050387171 1.33818876688079e-16 4.46062922293597e-17
8.69869706840391e-09 0.00111780388580555 0.000832107216059951 239125.107300835 -320675.006427893 1.33819103295149e-16 4.46063677650496e-17
8.87622149837134e-09 0.00115880233171483 0.000774096745704127 222454.467170959 -332456.85086814 1.33819329902602e-16 4.46064433008673e-17
9.05374592833876e-09 0.00119678798038558 0.000714070199260752 205204.461303762 -343372.898871298 1.33819556510439e-16 4.4606518836813e-17
9.23127035830619e-09 0.00123166190080406 0.00065218390027227 187420.01285715 -353394.720339877 1.3381978311866e-16 4.46065943728865e-17
9.40879478827362e-09 0.00126333326565365 0.000588599015893866 169147.43691232 -362496.213959753 1.33820009727264e-16 4.4606669909088e-17
9.58631921824105e-09 0.00129171958786987 0.000523481137174524 150434.31985789 -370653.675179678 1.33820236336252e-16 4.46067454454174e-17
9.76384364820847e-09 0.00131674693547531 0.000456999847816242 131329.395462965 -377845.857949039 1.33820462945624e-16 4.46068209818747e-17
9.9413680781759e-09 0.00133835012413498 0.000389328282534464 111882.417961865 -384054.030053043 1.3382068955538e-16 4.460689651846e-17
1.01188925081433e-08 0.00135647288693045 0.000320642676169863 92144.0324810513 -389262.021901227 1.33820916165519e-16 4.46069720551731e-17
1.02964169381108e-08 0.00137106802091075 0.000251121904725727 72165.643145682 -393456.268642212 1.33821142776042e-16 4.46070475920141e-17
1.04739413680782e-08 0.00138209751003821 0.00018094701952618 51999.2792092872 -396625.845495017 1.33821369386949e-16 4.46071231289831e-17
1.06514657980456e-08 0.00138953262420906 0.000110300775708448 31697.4595551972 -398762.496204907 1.3382159599824e-16 4.460719866608e-17
1.0828990228013e-08 0.00139335399409092 3.93671562770785e-05 11313.0559225999 -399860.654549648 1.33821822609914e-16 4.46072742033047e-17
1.10065146579805e-08 0.00139355166158209 -3.16691070403717e-05 -9100.8447865748 -399917.458840157 1.33822049221972e-16 4.46073497406574e-17
1.11840390879479e-08 0.00139012510576138 -0.000102623014888355 -29491.0787613515 -398932.759377775 1.33822275834414e-16 4.46074252781381e-17
1.13615635179153e-08 0.00138308324426073 -0.000173309782076152 -49804.5437359339 -396909.118848716 1.3382250244724e-16 4.46075008157466e-17
1.15390879478827e-08 0.00137244441005699 -0.000243545318813759 -69988.3372838822 -393851.805654665 1.33822729060449e-16 4.4607576353483e-17
1.17166123778502e-08 0.00135823630374338 -0.000313146710137557 -89989.894592083 -389768.780196876 1.33822955674042e-16 4.46076518913474e-17
1.18941368078176e-08 0.00134049592140479 -0.000381932692277196 -109757.125355708 -384670.674149483 1.33823182288019e-16 4.46077274293396e-17
1.2071661237785e-08 0.00131926945828467 -0.000449724124723091 -129238.549437642 -378570.762775984 1.3382340890238e-16 4.46078029674598e-17
1.22491856677525e-08 0.00129461218849456 -0.000516344456765114 -148383.430939089 -371484.930360991 1.33823635517124e-16 4.46078785057079e-17
1.24267100977199e-08 0.00126658832107916 -0.000581620187287468 -167141.910332174 -363431.62884725 1.33823862132252e-16 4.4607954044084e-17
1.26042345276873e-08 0.00123527083281213 -0.000645381316622292 -185465.134310457 -354431.829785651 1.33824088747764e-16 4.46080295825879e-17
1.27817589576547e-08 0.00120074127815768 -0.000707461789285219 -203305.383019152 -344508.969723348 1.33824315363659e-16 4.46081051212197e-17
1.29592833876222e-08 0.00116308957689307 -0.000767699926439859 -220616.194333722 -333688.8891722 1.33824541979939e-16 4.46081806599795e-17
1.31368078175896e-08 0.00112241377994495 -0.000825938846964928 -237352.484863184 -321999.765316477 1.33824768596602e-16 4.46082561988672e-17
1.3314332247557e-08 0.00107881981404943 -0.000882026876027401 -253470.667362986 -309472.038635059 1.33824995213648e-16 4.46083317378828e-17
1.34918566775244e-08 0.0010324212059007 -0.000935817940097654 -268928.764251667 -296138.333629217 1.33825221831079e-16 4.46084072770263e-17
1.36693811074919e-08 0.000983338786506659 -0.000987171947377802 -283686.516935678 -282033.373862424 1.33825448448893e-16 4.46084828162977e-17
1.38469055374593e-08 0.000931700376521492 -0.00103595515265249 -297705.490657625 -267193.891533433 1.33825675067091e-16 4.46085583556971e-17
1.40244299674267e-08 0.000877640453374517 -0.00108204050561188 -310949.174594886 -251658.531818125 1.33825901685673e-16 4.46086338952243e-17
1.42019543973942e-08 0.000821299801062305 -0.00112530798173978 -323383.076947893 -235467.752229228 1.33826128304639e-16 4.46087094348795e-17
1.43794788273616e-08 0.000762825143516014 -0.001165644894905 -334974.814770439 -218663.717256013 1.33826354923988e-16 4.46087849746626e-17
1.4557003257329e-08 0.000702368762498748 -0.00120294619084191 -345694.198308068 -201290.188558321 1.33826581543721e-16 4.46088605145737e-17
1.47345276872964e-08 0.000640088101028026 -0.00123711472075595 -355513.309624867 -183392.411000915 1.33826808163838e-16 4.46089360546126e-17
1.49120521172639e-08 0.000576145353356141 -0.00126806149434124 -364406.57531392 -165016.994824921 1.33827034784338e-16 4.46090115947795e-17
1.50895765472313e-08 0.000510707042576196 -0.00129570591155169 -372350.833102017 -146211.794263227 1.33827261405223e-16 4.46090871350742e-17
1.52671009771987e-08 0.000443943586953838 -0.00131997597252156 -379325.392175183 -127025.782915958 1.33827488026491e-16 4.46091626754969e-17
1.54446254071662e-08 0.00037602885611407 -0.00134080846508913 -385312.087067884 -107508.926210564 1.33827714648143e-16 4.46092382160475e-17
1.56221498371336e-08 0.000307139718238951 -0.00135814912943483 -390295.324975575 -87712.0512786882 1.33827941270178e-16 4.46093137567261e-17
1.5799674267101e-08 0.00023745557945539 -0.00137195279940504 -394262.126367347 -67686.7145886807 1.33828167892598e-16 4.46093892975325e-17
1.59771986970684e-08 0.000167157916612603 -0.00138218352015358 -397202.15879291 -47485.0676784727 1.33828394515401e-16 4.46094648384669e-17
1.61547231270359e-08 9.64298046659992e-05 -0.00138881464179446 -399107.763795841 -27159.7213384904 1.33828621138588e-16 4.46095403795292e-17
1.63322475570033e-08 2.54554398983271e-05 -0.00139182888882177 -399973.976863012 -6763.60859830785 1.33828847762158e-16 4.46096159207194e-17
1.65097719869707e-08 -4.55803397802609e-05 -0.0013912184051162 -399798.540358215 13650.1531261392 1.33829074386113e-16 4.46096914620375e-17
1.66872964169381e-08 -0.00011649253620394 -0.00138698477442055 -398581.909406303 34028.4003657694 1.33829301010451e-16 4.46097670034836e-17
1.68648208469056e-08 -0.000187096472741115 -0.00137913901623129 -396327.250712502 54318.0620517426 1.33829527635173e-16 4.46098425450575e-17
1.7042345276873e-08 -0.000257208275247769 -0.0013677015571164 -393040.434319963 74466.2977284424 1.33829754260278e-16 4.46099180867594e-17
1.72198697068404e-08 -0.000326645350931706 -0.00135270217753453 -388730.018327003 94420.635166109 1.33829980885768e-16 4.46099936285893e-17
1.73973941368079e-08 -0.000395226863880589 -0.0013341799342936 -383407.226603829 114129.107014734 1.33830207511641e-16 4.4610069170547e-17
1.75749185667753e-08 -0.000462774206015344 -0.00131218305885107 -377085.919566756 133540.386143331 1.33830434137898e-16 4.46101447126327e-17
1.77524429967427e-08 -0.000529111462242419 -0.00128676883172035 -369782.558086035 152603.919312114 1.33830660764539e-16 4.46102202548462e-17
1.79299674267101e-08 -0.000594065868593504 -0.0012580034333107 -361516.16062126 171270.058829459 1.33830887391563e-16 4.46102957971877e-17
1.81074918566776e-08 -0.000657468262159552 -0.00122596177158885 -352308.25369598 189490.191850778 1.33831114018972e-16 4.46103713396572e-17
1.8285016286645e-08 -0.00071915352164734 -0.00119072728701118 -342182.815840484 207216.866982549 1.33831340646764e-16 4.46104468822545e-17
1.84625407166124e-08 -0.000778960997411206 -0.00115239173523445 -331166.215148744 224403.917861814 1.33831567274939e-16 4.46105224249798e-17
1.86400651465798e-08 -0.000836734929840015 -0.00111105494817086 -319287.140612103 241006.583389275 1.33831793903499e-16 4.4610597967833e-17
1.88175895765473e-08 -0.000892324855009734 -0.00106682457400981 -306576.52740856 256981.624302869 1.33832020532442e-16 4.46106735108141e-17
1.89951140065147e-08 -0.000945585996545145 -0.00101981579688328 -293067.476342174 272287.435788228 1.33832247161769e-16 4.46107490539231e-17
1.91726384364821e-08 -0.000996379642670166 -0.000970151036904872 -278795.167642411 286884.155832741 1.3383247379148e-16 4.46108245971601e-17
1.93501628664496e-08 -0.00104457350746478 -0.000917959631363726 -263796.769347895 300733.769041027 1.33832700421575e-16 4.4610900140525e-17
1.9527687296417e-08 -0.00109004207538776 -0.000863377497903542 -248111.340513163 313800.205641444 1.33832927052053e-16 4.46109756840178e-17
1.97052117263844e-08 -0.00113266692816785 -0.000806546780563789 -231779.729490489 326049.435425779 1.33833153682916e-16 4.46110512276385e-17
1.98827361563518e-08 -0.00117233705321218 -0.000747615479604953 -214844.467551666 337449.556377476 1.33833380314162e-16 4.46111267713872e-17
2.00602605863193e-08 -0.00120894913272854 -0.000686737066081816 -197349.6581268 347970.877757564 1.33833606945791e-16 4.46112023152638e-17
2.02377850162867e-08 -0.00124240781280865 -0.000624070082168506 -179340.861948532 357585.997431906 1.33833833577805e-16 4.46112778592683e-17
2.04153094462541e-08 -0.00127262595177152 -0.000559777728276177 -160864.97840083 366269.87323837 1.33834060210202e-16 4.46113534034007e-17
2.05928338762215e-08 -0.0012995248471202 -0.000494027438038546 -141970.123381327 373999.888208055 1.33834286842983e-16 4.46114289476611e-17
2.0770358306189e-08 -0.00132303444052074 -0.000426990442272152 -122705.503995296 380755.909470704 1.33834513476148e-16 4.46115044920494e-17
2.09478827361564e-08 -0.00134309350026956 -0.000358841323046873 -103121.290407575 386520.34069088 1.33834740109697e-16 4.46115800365656e-17
2.11254071661238e-08 -0.00135964978077389 -0.000289757559028043 -83268.4851861889 391278.167898348 1.33834966743629e-16 4.46116555812097e-17
2.13029315960913e-08 -0.00137266015863008 -0.000219919063274193 -63198.7904779228 395016.998593288 1.33835193377945e-16 4.46117311259818e-17
2.14804560260587e-08 -0.00138209074494518 -0.000149507714694126 -42964.4733617596 397727.094024483 1.33835420012645e-16 4.46118066708818e-17
2.16579804560261e-08 -0.00138791697360932 -7.87068843835544e-05 -22618.2297308379 399401.394556412 1.33835646647729e-16 4.46118822159097e-17
2.18355048859935e-08 -0.00139012366528893 -7.70095807481679e-06 -2213.04705742059 400035.538059175 1.33835873283197e-16 4.46119577610655e-17
2.2013029315961e-08 -0.00138870506697416 6.33251440566116e-05 18197.9336017283 399627.871273347 1.33836099919048e-16 4.46120333063493e-17
2.21905537459284e-08 -0.00138366486697737 0.00013418644897828 38561.5560001791 398179.454120139 1.33836326555283e-16 4.4612108851761e-17
2.23680781758958e-08 -0.00137501618534366 0.000204698412525389 58824.787136466 395694.056945643 1.33836553191902e-16 4.46121843973006e-17
2.25456026058632e-08 -0.00136278153969833 0.000274677400009339 78934.855367983 392178.150706324 1.33836779828905e-16 4.46122599429682e-17
2.27231270358307e-08 -0.00134699278662024 0.000343941164458542 98839.3878444591 387640.890121298 1.33837006466291e-16 4.46123354887637e-17
2.29006514657981e-08 -0.00132769103869362 0.000412309321246018 118486.546903092 382094.08983527 1.33837233104061e-16 4.46124110346871e-17
2.30781758957655e-08 -0.00130492655745434 0.0004796038178677 137825.165070123 375552.193654193 1.33837459742215e-16 4.46124865807384e-17
2.3255700325733e-08 -0.00127875862250948 0.000545649397647982 156804.878317278 368032.23693376 1.33837686380753e-16 4.46125621269177e-17
2.34332247557004e-08 -0.00124925537717085 0.000610274056164901 175376.257226008 359553.802218666 1.33837913019675e-16 4.46126376732249e-17
2.36107491856678e-08 -0.0012164936510046 0.000673309489206245 193490.935717968 350138.968248159 1.3383813965898e-16 4.461271321966e-17
2.37882736156352e-08 -0.00118055875975892 0.000734591531089979 211101.737016447 339812.252460673 1.33838366298669e-16 4.46127887662231e-17
2.39657980456027e-08 -0.00114154428319084 0.000793960582207452 228162.796510722 328600.547147262 1.33838592938742e-16 4.4612864312914e-17
2.41433224755701e-08 -0.00109955182137078 0.000851262024675912 244629.68120335 316533.049420112 1.33838819579199e-16 4.4612939859733e-17
2.43208469055375e-08 -0.00105469073009932 0.000906346625017839 260459.505429316 303641.185178489 1.33839046220039e-16 4.46130154066798e-17
2.44983713355049e-08 -0.0010070778361254 0.000959070922818361 275611.042545661 289958.527270138 1.33839272861264e-16 4.46130909537546e-17
2.46758957654724e-08 -0.000956837132907358 0.00100929760434856 290044.832300718 275520.708061252 1.33839499502872e-16 4.46131665009573e-17
2.48534201954398e-08 -0.000904099457709331 0.00105689586018164 303723.283603315 260365.326642692 1.33839726144864e-16 4.46132420482879e-17
2.50309446254072e-08 -0.000849002150873705 0.00110174172587048 316610.772424313 244531.850914119 1.33839952787239e-16 4.46133175957465e-17
2.52084690553747e-08 -0.000791688698157097 0.00114371840479956 328673.734575484 228061.514801022 1.33840179429999e-16 4.4613393143333e-17
2.53859934853421e-08 -0.000732308357061229 0.00118271657237009 339880.753124121 210997.210872324 1.33840406073142e-16 4.46134686910474e-17
2.55635179153095e-08 -0.000671015768131835 0.00121863466072643 350202.640215693 193383.378638196 1.33840632716669e-16 4.46135442388898e-17
2.57410423452769e-08 -0.000607970552237864 0.00125137912328212 359612.513091464 175265.888818995 1.3384085936058e-16 4.46136197868601e-17
2.59185667752444e-08 -0.000543336894879758 0.00128086467835648 368085.864103089 156691.923886706 1.33841086004875e-16 4.46136953349583e-17
2.60960912052118e-08 -0.000477283118609369 0.00130701453128751 375600.624541825 137709.855189991 1.33841312649553e-16 4.46137708831845e-17
2.62736156351792e-08 -0.000409981244675048 0.00132976057444234 382137.22211614 118369.116982846 1.33841539294616e-16 4.46138464315385e-17
2.64511400651466e-08 -0.000341606545033478 0.00134904356460444 387678.631927998 98720.0776849162 1.33841765940062e-16 4.46139219800206e-17
2.66286644951141e-08 -0.000272337085894945 0.00136481327727556 392210.420815061 78813.908708755 1.33841992585892e-16 4.46139975286305e-17
2.68061889250815e-08 -0.000202353263990769 0.00137702863749055 395720.784943327 58702.451195625 1.33842219232105e-16 4.46140730773684e-17
2.69837133550489e-08 -0.000131837336770577 0.00138565782680423 398200.580552266 38438.0810069023 1.33842445878703e-16 4.46141486262342e-17
2.71612377850164e-08 -6.0972947752921e-05 0.00139067836617174 399643.347772396 18073.5723226824 1.33842672525684e-16 4.4614224175228e-17
2.73387622149838e-08 1.00553517346434e-05 0.0013920771745065 400045.327453244 -2338.03979718653 1.33842899173049e-16 4.46142997243497e-17
2.75162866449512e-08 8.10625831804957e-05 0.00138985060276314 399405.470957868 -22743.5975317096 1.33843125820798e-16 4.46143752735993e-17
2.76938110749186e-08 0.000151863822627213 0.00138400444345665 397725.442898405 -43089.9587372933 1.33843352468931e-16 4.46144508229769e-17
2.78713355048861e-08 0.000222274682268576 0.00137455391559297 395009.616805522 -63324.135345698 1.33843579117447e-16 4.46145263724823e-17
2.80488599348535e-08 0.000292111790651093 0.00136152362505014 391265.063743034 -83393.4313609678 1.33843805766347e-16 4.46146019221158e-17
2.82263843648209e-08 0.000361193270229448 0.00134494750051315 386501.533897315 -103245.580095951 1.33844032415631e-16 4.46146774718771e-17
2.84039087947884e-08 0.000429339211032187 0.00132486870512938 380731.431189459 -122828.880291003 1.33844259065299e-16 4.46147530217664e-17
2.85814332247558e-08 0.000496372139204051 0.00130133952411459 373969.780976277 -142092.330760385 1.33844485715351e-16 4.46148285717837e-17
2.87589576547232e-08 0.000562117479204734 0.00127442122860211 366234.190924243 -160985.763215681 1.33844712365786e-16 4.46149041219288e-17
2.89364820846906e-08 0.00062640400846035 0.00124418391608981 357544.805158274 -179459.972920335 1.33844939016606e-16 4.46149796722019e-17
2.91140065146581e-08 0.000689064303283557 0.00121070632790041 347924.251804743 -197466.846835032 1.33845165667809e-16 4.46150552226029e-17
2.92915309446255e-08 0.000749935174900996 0.00117407564413026 337397.584065318 -214959.488920192 1.33845392319396e-16 4.46151307731319e-17
2.94690553745929e-08 0.000808858094452501 0.00113438725662078 325992.214975096 -231892.342269245 1.33845618971367e-16 4.46152063237888e-17
2.96465798045603e-08 0.000865679605855228 0.0010917445205437 313737.846014909 -248221.307754618 1.33845845623721e-16 4.46152818745737e-17
2.98241042345278e-08 0.000920251725457469 0.00104625848524695 300666.389763721 -263903.858877429 1.33846072276459e-16 4.46153574254865e-17
3.00016286644952e-08 0.0009724323274413 0.000998047605062216 286811.886792541 -278899.152521784 1.33846298929582e-16 4.46154329765272e-17
3.01791530944626e-08 0.00102208551397035 0.000947237430827214 272210.417016267 -293168.135325234 1.33846525583087e-16 4.46155085276958e-17
3.03566775244301e-08 0.00106908196911866 0.000893960282926033 256900.005734322 -306673.645388363 1.33846752236977e-16 4.46155840789924e-17
3.05342019543975e-08 0.00111329929565895 0.000838354906699019 240920.524604777 -319380.50905861 1.33846978891251e-16 4.46156596304169e-17
3.07117263843649e-08 0.00115462233383303 0.00078056611111957 224313.587809837 -331255.632536281 1.33847205545908e-16 4.46157351819694e-17
3.08892508143323e-08 0.00119294346127429 0.000720744391678834 207122.443683097 -342268.088064151 1.33847432200949e-16 4.46158107336498e-17
3.10667752442998e-08 0.00122816287330106 0.00065904553846037 189391.862080809 -352389.194476198 1.33847658856375e-16 4.46158862854582e-17
3.12442996742672e-08 0.00126018884285092 0.000595630230425469 171168.017790449 -361592.591895686 1.33847885512183e-16 4.46159618373945e-17
3.14218241042346e-08 0.00128893795937885 0.000530663616965688 152498.370280239 -369854.310388042 1.33848112168376e-16 4.46160373894587e-17
3.1599348534202e-08 0.00131433534609717 0.000464314887812351 133431.540102765 -377152.832389731 1.33848338824953e-16 4.46161129416508e-17
3.17768729641695e-08 0.00133631485499137 0.000396756832423079 114017.182274589 -383469.148750541 1.33848565481913e-16 4.46161884939709e-17
3.19543973941369e-08 0.00135481923910402 0.000328165389992812 94305.8569615838 -388786.808243297 1.33848792139257e-16 4.4616264046419e-17
3.21319218241043e-08 0.00136980030163784 0.000258719191261221 74348.897806779 -393091.96041208 1.33849018796985e-16 4.4616339598995e-17
3.23094462540718e-08 0.00138121902148988 0.000188599093309764 54198.2782436154 -396373.391647331 1.33849245455097e-16 4.46164151516989e-17
3.24869706840392e-08 0.00138904565488955 0.000117987708559892 33906.4761427704 -398622.554393884 1.33849472113592e-16 4.46164907045308e-17
3.26644951140066e-08 0.00139325981287596 4.70689291990411e-05 13526.3371450503 -399833.589415856 1.33849698772472e-16 4.46165662574905e-17
3.2842019543974e-08 0.00139385051441269 -2.39725517270832e-05 -6889.06296373301 -400003.341060387 1.33849925431735e-16 4.46166418105783e-17
3.30195439739415e-08 0.00139081621500156 -9.49517213086959e-05 -27286.5564774828 -399131.365480481 1.33850152091382e-16 4.46167173637939e-17
3.31970684039089e-08 0.00138416481072099 -0.000165683728599963 -47613.0222341613 -397219.9317955 1.33850378751413e-16 4.46167929171376e-17
3.33745928338763e-08 0.00137391361767821 -0.000235984366026045 -67815.5239591526 -394274.016186303 1.33850605411827e-16 4.46168684706091e-17
3.35521172638437e-08 0.00136008932692896 -0.000305670549115423 -87841.4481273582 -390301.288940376 1.33850832072626e-16 4.46169440242086e-17
3.37296416938112e-08 0.00134272793498188 -0.000374560793308151 -107638.640984991 -385312.094480684 1.33851058733808e-16 4.46170195779361e-17
3.39071661237786e-08 0.00132187465006874 -0.00044247568659826 -127155.544374219 -379319.424430254 1.33851285395374e-16 4.46170951317915e-17
3.4084690553746e-08 0.00129758377442432 -0.000509238356779421 -146341.330006933 -372338.88378261 1.33851512057324e-16 4.46171706857748e-17
3.42622149837135e-08 0.00126991856288266 -0.000574674932077013 -165146.031837939 -364388.650266161 1.33851738719658e-16 4.46172462398861e-17
3.44397394136809e-08 0.00123895105815789 -0.000638614993966943 -183520.676192844 -355489.427008352 1.33851965382376e-16 4.46173217941253e-17
3.46172638436483e-08 0.00120476190323842 -0.000700892021001953 -201417.40931173 -345664.388622849 1.33852192045477e-16 4.46173973484924e-17
3.47947882736157e-08 0.00116744013138327 -0.000761343822489527 -218789.621976454 -334939.120860148 1.33852418708963e-16 4.46174729029875e-17
3.49723127035832e-08 0.00112708293426719 -0.000819812960891966 -235592.070897006 -323341.553978758 1.33852645372832e-16 4.46175484576106e-17
3.51498371335506e-08 0.00108379540887851 -0.000876147161848545 -251780.996540788 -310901.890010489 1.33852872037085e-16 4.46176240123615e-17
3.5327361563518e-08 0.00103769028382871 -0.000930199710751922 -267314.237097943 -297652.524109236 1.33853098701721e-16 4.46176995672405e-17
3.55048859934854e-08 0.000988887625786604 -0.000981829834845973 -282151.338285941 -283627.960188084 1.33853325366742e-16 4.46177751222473e-17
3.56824104234529e-08 0.000937514526801474 -0.00103090306984991 -296253.658707438 -268864.721064449 1.33853552032146e-16 4.46178506773821e-17
3.58599348534203e-08 0.000883704773329522 -0.00107729161015392 -309584.470487017 -253401.253347225 1.33853778697935e-16 4.46179262326449e-17
3.60374592833877e-08 0.000827598497825538 -0.00112087464167418 -322109.054924734 -237277.827313658 1.33854005364107e-16 4.46180017880356e-17
3.62149837133552e-08 0.000769341813807111 -0.00116153865650045 -333794.792917318 -220536.432036665 1.33854232030663e-16 4.46180773435542e-17
3.63925081433226e-08 0.000709086435341757 -0.0011991777485168 -344611.249911566 -203220.666035734 1.33854458697603e-16 4.46181528992008e-17
3.657003257329e-08 0.00064698928194791 -0.00123369388922543 -354530.255168658 -185375.623736149 1.33854685364926e-16 4.46182284549754e-17
3.67475570032574e-08 0.000583212069938697 -0.00126499718305536 -363525.975132959 -167047.778032246 1.33854912032634e-16 4.46183040108779e-17
3.69250814332249e-08 0.000517920891272755 -0.00129300610149092 -371574.980714233 -148284.85926053 1.33855138700725e-16 4.46183795669083e-17
3.71026058631923e-08 0.000451285781008837 -0.00131764769541047 -378656.308308021 -129135.730897829 1.338553653692e-16 4.46184551230666e-17
3.72801302931597e-08 0.000383480274490699 -0.00133885778508203 -384751.51439527 -109650.262308203 1.33855592038059e-16 4.4618530679353e-17
3.74576547231271e-08 0.000314680955415444 -0.00135658112732128 -389844.723579005 -89879.1988700153 1.33855818707302e-16 4.46186062357672e-17
3.76351791530946e-08 0.000245066995962287 -0.00137077155937629 -393922.669932923 -69874.0298213757 1.33856045376928e-16 4.46186817923094e-17
3.7812703583062e-08 0.000174819690179364 -0.00138139211916448 -396974.731554226 -49686.8541681296 1.33856272046939e-16 4.46187573489796e-17
3.79902280130294e-08 0.000104121981843778 -0.00138841514154839 -398992.958230687 -29370.2450036057 1.33856498717333e-16 4.46188329057777e-17
3.81677524429969e-08 3.31579880244541e-05 -0.00139182233039968 -399972.092149893 -8977.11259346791 1.33856725388111e-16 4.46189084627038e-17
3.83452768729643e-08 -3.78874804114088e-05 -0.00139160480626356 -399909.581596702 11439.4334177612 1.33856952059273e-16 4.46189840197577e-17
3.85228013029317e-08 -0.000108829400099553 -0.00138776312949945 -398805.587603255 31826.2223196525 1.33857178730819e-16 4.46190595769397e-17
3.87003257328991e-08 -0.0001794830170341 -0.00138030729883763 -396662.983534194 52130.1608080892 1.33857405402749e-16 4.46191351342496e-17
3.88778501628666e-08 -0.000249664327722316 -0.00136925672535556 -393487.347608158 72298.3712561329 1.33857632075062e-16 4.46192106916874e-17
3.9055374592834e-08 -0.000319190558385631 -0.00135464018194163 -389286.948375025 92278.3294234348 1.3385785874776e-16 4.46192862492532e-17
3.92328990228014e-08 -0.000387880640958931 -0.00133649572837783 -384072.723186709 112018.001245557 1.33858085420841e-16 4.46193618069469e-17
3.94104234527688e-08 -0.000455555684648466 -0.00131487061223652 -377858.249717568 131465.978346964 1.33858312094306e-16 4.46194373647686e-17
3.95879478827363e-08 -0.000522039441820306 -0.00128982114584925 -370659.710608574 150571.611924757 1.33858538768155e-16 4.46195129227183e-17
3.97654723127037e-08 -0.000587158767005997 -0.00126141255966813 -362495.851327324 169285.144654491 1.33858765442387e-16 4.46195884807958e-17
3.99429967426711e-08 -0.000650744067830052 -0.00122971883240139 -353387.931353612 187557.840274538 1.33858992117004e-16 4.46196640390014e-17
4.01205211726386e-08 -0.000712629746684881 -0.00119482249836572 -343359.668817688 205342.110511512 1.33859218792005e-16 4.46197395973348e-17
4.0298045602606e-08 -0.000772654632002914 -0.00115681443255684 -332437.178735365 222591.639016215 1.33859445467389e-16 4.46198151557963e-17
4.04755700325734e-08 -0.000830662398002732 -0.00111579361399818 -320648.905000817 239261.501987321 1.33859672143157e-16 4.46198907143857e-17
4.06530944625408e-08 -0.000886501971816041 -0.0010718668679838 -308025.546314178 255308.285168658 1.33859898819309e-16 4.4619966273103e-17
4.08306188925083e-08 -0.000940027926935183 -0.00102514858788689 -294599.976236824 270690.19691538 1.33860125495845e-16 4.46200418319483e-17
4.10081433224757e-08 -0.000991100861956527 -0.00097576043725826 -280407.157582539 285367.177034571 1.33860352172764e-16 4.46201173909215e-17
4.11856677524431e-08 -0.00103958776363333 -0.000923831032990641 -265484.051367501 299301.001116822 1.33860578850068e-16 4.46201929500227e-17
4.13631921824105e-08 -0.00108536235329255 -0.000869495610373853 -249869.520556198 312455.380087049 1.33860805527755e-16 4.46202685092518e-17
4.1540716612378e-08 -0.00112830541571345 -0.000812895670913156 -233604.228853951 324796.054715308 1.33861032205827e-16 4.46203440686089e-17
4.17182410423454e-08 -0.00116830510961135 -0.00075417861382791 -216730.534809592 336290.884841438 1.33861258884282e-16 4.46204196280939e-17
4.18957654723128e-08 -0.0012052572589181 -0.000693497352190216 -199292.381504095 346909.933081175 1.33861485563121e-16 4.46204951877069e-17
4.20732899022803e-08 -0.00123906562410045 -0.000631009914703191 -181335.182112421 356625.542795722 1.33861712242343e-16 4.46205707474478e-17
4.22508143322477e-08 -0.00126964215280984 -0.00056687903415595 -162905.701636613 365412.410121713 1.3386193892195e-16 4.46206463073167e-17
4.24283387622151e-08 -0.00129690720921069 -0.000501271723627055 -144051.935118128 373247.649873975 1.33862165601941e-16 4.46207218673136e-17
4.26058631921825e-08 -0.00132078978139009 -0.000434358841540095 -124822.982646575 380110.855149444 1.33862392282315e-16 4.46207974274384e-17
4.278338762215e-08 -0.00134122766630845 -0.000366314646704116 -105268.921490375 385984.150476994 1.33862618963073e-16 4.46208729876911e-17
4.29609120521174e-08 -0.00135816763180967 -0.000297316344497682 -85440.6756823244 390852.238374767 1.33862845644215e-16 4.46209485480718e-17
4.31384364820848e-08 -0.00137156555526861 -0.00022754362537842 -65389.8833997319 394702.439193717 1.33863072325741e-16 4.46210241085804e-17
4.33159609120523e-08 -0.00138138653851501 -0.000157178196919909 -45168.7624844695 397524.724143623 1.33863299007651e-16 4.4621099669217e-17
4.34934853420197e-08 -0.00138760499873425 -8.64033105945967e-05 -24829.974453186 399311.741415523 1.33863525689945e-16 4.46211752299816e-17
4.36710097719871e-08 -0.0013902047351084 -1.54032845351522e-05 -4426.4873518273 400058.835332538 1.33863752372622e-16 4.46212507908741e-17
4.38485342019545e-08 -0.00138917897102386 5.56369764828929e-05 15988.5621883697 399764.058479212 1.33863979055684e-16 4.46213263518946e-17
4.4026058631922e-08 -0.00138453037173561 0.000126532462587109 36362.0073341622 398428.176777735 1.33864205739129e-16 4.4621401913043e-17
4.42035830618894e-08 -0.0013762710374421 0.000197098540628651 56640.7895124759 396054.667497859 1.33864432422958e-16 4.46214774743193e-17
4.43811074918568e-08 -0.0013644224717887 0.000267151435022456 76772.0965908727 392649.710205641 1.33864659107171e-16 4.46215530357237e-17
4.45586319218242e-08 -0.00134901552588176 0.000336508706354908 96703.5004164474 388222.170674594 1.33864885791768e-16 4.4621628597256e-17
4.47361563517917e-08 -0.00133009031795899 0.000404989726512519 116383.093354961 382783.577801127 1.33865112476749e-16 4.46217041589162e-17
4.49136807817591e-08 -0.00130769612892533 0.000472416149094259 135759.623474618 376348.093584389 1.33865339162113e-16 4.46217797207044e-17
4.50912052117265e-08 -0.00128189127402639 0.000538612373882418 154782.628022434 368932.476248669 1.33865565847862e-16 4.46218552826205e-17
4.5268729641694e-08 -0.00125274295099348 0.000603406004162386 173402.564845565 360556.036604404 1.33865792533994e-16 4.46219308446646e-17
4.54462540716614e-08 -0.00122032706505584 0.000666628295700325 191570.941415352 351240.587761413 1.3386601922051e-16 4.46220064068367e-17
4.56237785016288e-08 -0.00118472803127559 0.000728114596209461 209240.441118043 341010.388325315 1.3386624590741e-16 4.46220819691367e-17
4.58013029315962e-08 -0.00114603855472026 0.000787704774160477 226365.046483304 329892.079225063 1.33866472594694e-16 4.46221575315647e-17
4.59788273615637e-08 -0.00110435938904532 0.000845243635819233 242900.159029578 317914.614336077 1.33866699282362e-16 4.46222330941206e-17
4.61563517915311e-08 -0.00105979907411531 0.000900581329425703 258802.715414181 305109.185079675 1.33866925970413e-16 4.46223086568045e-17
4.63338762214985e-08 -0.00101247365334703 0.000953573735461524 274031.299585637 291509.139195135 1.33867152658849e-16 4.46223842196163e-17
4.65114006514659e-08 -0.000962506371510691 0.00100408284198973 288546.250646169 277149.893895927 1.33867379347668e-16 4.46224597825561e-17
4.66889250814334e-08 -0.000910027353776134 0.00105197710408916 302309.766143427 262068.843636276 1.33867606036872e-16 4.46225353456239e-17
4.68664495114008e-08 -0.000855173266839881 0.00109713178644749 315286.00052245 246305.262728242 1.33867832726459e-16 4.46226109088196e-17
4.70439739413682e-08 -0.000798086963015548 0.00113942928822053 327441.158481453 229900.203062928 1.3386805941643e-16 4.46226864721432e-17
4.72214983713357e-08 -0.000738917108214458 0.00117875944931185 338743.582988301 212896.387202177 1.33868286106785e-16 4.46227620355949e-17
4.73990228013031e-08 -0.000677817794785296 0.001215019837275 349163.837728448 195338.097119156 1.33868512797523e-16 4.46228375991745e-17
4.75765472312705e-08 -0.000614948140221057 0.0012481160140911 358674.783769597 177271.058877587 1.33868739488646e-16 4.4622913162882e-17
4.77540716612379e-08 -0.000550471872778335 0.00127796178212703 367251.650243441 158742.323549943 1.33868966180153e-16 4.46229887267175e-17
4.79315960912054e-08 -0.000484556905088124 0.00130447940863364 374872.098860363 139800.144684717 1.33869192872043e-16 4.4623064290681e-17
4.81091205211728e-08 -0.000417374896868536 0.00132759982819921 381516.282089101 120493.852641893 1.33869419564317e-16 4.46231398547724e-17
4.82866449511402e-08 -0.000349100807878252 0.00134726282263102 387166.894849831 100873.726123855 1.33869646256975e-16 4.46232154189918e-17
4.84641693811076e-08 -0.000279912442274932 0.00136341717779639 391809.219586042 80990.8612363198 1.33869872950017e-16 4.46232909833391e-17
4.86416938110751e-08 -0.000209989985565194 0.0013760208170147 395431.164597803 60897.0384202831 1.33870099643443e-16 4.46233665478144e-17
4.88192182410425e-08 -0.000139515535352062 0.00138504091065307 398023.295536591 40644.5876015316 1.33870326337253e-16 4.46234421124176e-17
4.89967426710099e-08 -6.86726271019658e-05 0.00139045396164012 399578.859979637 20286.2519089025 1.33870553031447e-16 4.46235176771489e-17
4.91742671009774e-08 2.35424383370149e-06 0.00139224586667515 400093.805019777 -124.94968379019 1.33870779726024e-16 4.46235932420081e-17
4.93517915309448e-08 7.33801026976482e-05 0.00139041195297321 399566.787825004 -20535.8604344446 1.33871006420986e-16 4.46236688069952e-17
4.95293159609122e-08 0.000144219977055085 0.00138495699045038 397999.179140187 -40893.3242683831 1.33871233116331e-16 4.46237443721103e-17
4.97068403908796e-08 0.000214689378516889 0.0013758951793175 395395.05972184 -61144.3242125602 1.3387145981206e-16 4.46238199373534e-17
4.98843648208471e-08 0.000284604783202989 0.00136325011311459 391761.209715209 -81236.1204677442 1.33871686508173e-16 4.46238955027244e-17
5.00618892508145e-08 0.000353784109694692 0.00134705471728212 387107.09100133 -101116.387759088 1.3387191320467e-16 4.46239710682234e-17
5.02394136807819e-08 0.000422047193231225 0.00132735116342923 381444.822560023 -120733.35160739 1.33872139901551e-16 4.46240466338503e-17
5.04169381107493e-08 0.000489216254915529 0.00130419075952198 374789.14891297 -140035.923166148 1.33872366598816e-16 4.46241221996052e-17
5.05944625407168e-08 0.000555116364707357 0.00127763381627761 367157.401729043 -158973.83227325 1.33872593296464e-16 4.46241977654881e-17
5.07719869706842e-08 0.000619575896997875 0.00124774949011282 358569.454691873 -177497.758370799 1.33872819994497e-16 4.46242733314989e-17
5.09495114006516e-08 0.000682426977579326 0.00121461560305483 349047.671747181 -195559.458952098 1.33873046692913e-16 4.46243488976377e-17
5.11270358306191e-08 0.00074350592084568 0.00117831844008445 338616.848864637 -213111.895201295 1.33873273391713e-16 4.46244244639045e-17
5.13045602605865e-08 0.000802653656085668 0.00113895252443863 327304.149465905 -230109.354498468 1.33873500090898e-16 4.46245000302992e-17
5.14820846905539e-08 0.000859716141757971 0.00109662037145788 315139.03368704 -246507.569471115 1.33873726790466e-16 4.46245755968219e-17
5.16596091205213e-08 0.00091454476666967 0.00105143222161935 302153.181659426 -262263.833281983 1.33873953490418e-16 4.46246511634725e-17
5.18371335504888e-08 0.000966996737013125 0.00100350575345102 288380.411009067 -277337.110853001 1.33874180190753e-16 4.46247267302511e-17
5.20146579804562e-08 0.00101693544825332 0.000952965777074417 273856.588789065 -291688.145735645 1.33874406891473e-16 4.46248022971577e-17
5.21921824104236e-08 0.00106423084089712 0.000899943909174088 258619.538074625 -305279.562349402 1.33874633592577e-16 4.46248778641922e-17
5.2369706840391e-08 0.00110875973921792 0.000844578230240164 242708.939463851 -318075.963322064 1.33874860294064e-16 4.46249534313547e-17
5.25472312703585e-08 0.00115040617205346 0.00078701292497671 226166.227740826 -330044.021678354 1.33875086995936e-16 4.46250289986452e-17
5.27247557003259e-08 0.0011890616748414 0.000727397906812262 209034.483970096 -341152.567636773 1.33875313698191e-16 4.46251045660636e-17
5.29022801302933e-08 0.00122462557210595 0.000665888427490431 191358.32330357 -351372.66978862 1.3387554040083e-16 4.462518013361e-17
5.30798045602608e-08 0.00125700523965992 0.00060264467275729 173183.778792012 -360677.710447767 1.33875767103853e-16 4.46252557012843e-17
5.32573289902282e-08 0.00128611634583922 0.000537831345198464 154558.181503703 -369043.454974938 1.3387599380726e-16 4.46253312690867e-17
5.34348534201956e-08 0.00131188307114166 0.000471617235312328 135530.03726248 -376448.114895941 1.33876220511051e-16 4.4625406837017e-17
5.3612377850163e-08 0.0013342383056978 0.000404174781936335 116148.90032615 -382872.40464947 1.33876447215226e-16 4.46254824050752e-17
5.37899022801305e-08 0.00135312382405977 0.000335679623171243 96465.2443342638 -388299.591816675 1.33876673919784e-16 4.46255579732614e-17
5.39674267100979e-08 0.00136849043685269 0.000266310138972746 76530.3308613177 -392715.540701672 1.33876900624727e-16 4.46256335415756e-17
5.41449511400653e-08 0.00138029811889368 0.000196246986601733 56396.0759177262 -396108.74914949 1.33877127330053e-16 4.46257091100178e-17
5.43224755700327e-08 0.00138851611344485 0.000125672630142974 36114.9147462165 -398470.378505562 1.33877354035764e-16 4.46257846785879e-17
5.45000000000002e-08 0.00139312301232871 5.47708653175069e-05 15739.6652657616 -399794.276638716 1.33877580741858e-16 4.4625860247286e-17
5.46775244299676e-08 0.0013941068116972 -1.62736591737559e-05 -4676.60948132101 -400076.9939677 1.33877807448336e-16 4.4625935816112e-17
5.4855048859935e-08 0.00139146494330924 -8.72759225286483e-05 -25080.7395208778 -399317.792449493 1.33878034155198e-16 4.46260113850661e-17
5.50325732899025e-08 0.00138520428123518 -0.000158051013692244 -45419.5864171435 -397518.64750598 1.33878260862444e-16 4.4626086954148e-17
5.52100977198699e-08 0.00137534112397061 -0.000228414612920354 -65640.181661065 -394684.242883962 1.33878487570074e-16 4.4626162523358e-17
5.53876221498373e-08 0.00136190115200627 -0.000298183471803887 -85689.8646163198 -390821.958461876 1.33878714278088e-16 4.46262380926959e-17
5.55651465798047e-08 0.00134491936096425 -0.000367175890503955 -105516.419663776 -385941.851034961 1.33878940986485e-16 4.46263136621618e-17
5.57426710097722e-08 0.0013244399704748 -0.000435212190954841 -125068.212187226 -380056.628128913 1.33879167695267e-16 4.46263892317557e-17
5.59201954397396e-08 0.00130051630903092 -0.00050211518480248 -144294.323046251 -373181.6149102 1.33879394404433e-16 4.46264648014775e-17
5.6097719869707e-08 0.00127321067512047 -0.000567710634859772 -163144.681185997 -365334.71427921 1.33879621113982e-16 4.46265403713273e-17
5.62752442996745e-08 0.0012425941749977 -0.000631827708876977 -181570.194038508 -356536.360250146 1.33879847823915e-16 4.46266159413051e-17
5.64527687296419e-08 0.00120874653751626 -0.000694299424445393 -199522.875376015 -346809.46473907 1.33880074534232e-16 4.46266915114108e-17
5.66302931596093e-08 0.00117175590650627 -0.000754963083875667 -216955.970283199 -336179.357898663 1.33880301244934e-16 4.46267670816445e-17
5.68078175895767e-08 0.00113171861123578 -0.000813660697918166 -233824.076922962 -324673.722155081 1.33880527956019e-16 4.46268426520062e-17
5.69853420195442e-08 0.00108873891555464 -0.000870239397221874 -250083.264778588 -312322.520118674 1.33880754667487e-16 4.46269182224958e-17
5.71628664495116e-08 0.00104292874637393 -0.000924551830460264 -265691.189064349 -299157.916556315 1.3388098137934e-16 4.46269937931134e-17
5.7340390879479e-08 0.00099440740218795 -0.000976456548087263 -280607.201006591 -285214.194628519 1.33881208091577e-16 4.4627069363859e-17
5.75179153094464e-08 0.00094330124239805 -0.00102581837072388 -294792.453708083 -270527.666609498 1.33881434804198e-16 4.46271449347326e-17
5.76954397394139e-08 0.000889743358247135 -0.00107250874121607 -308210.00331993 -255136.579322652 1.33881661517202e-16 4.46272205057341e-17
5.78729641693813e-08 0.000833873226221952 -0.00111640605944697 -320824.905257551 -239081.014537752 1.33881888230591e-16 4.46272960768636e-17
5.80504885993487e-08 0.0007758363448257 -0.00115739599903151 -332604.305210143 -222402.784589215 1.33882114944363e-16 4.46273716481211e-17
5.82280130293162e-08 0.00071578385566691 -0.00119537180506858 -343517.524706602 -205145.323487299 1.3388234165852e-16 4.46274472195065e-17
5.84055374592836e-08 0.000653872149851354 -0.00123023457217532 -353536.141015059 -187353.573805783 1.3388256837306e-16 4.46275227910199e-17
5.8583061889251e-08 0.000590262460702051 -0.00126189350207943 -362634.061167941 -169073.869640708 1.33882795087984e-16 4.46275983626613e-17
5.87605863192184e-08 0.000525120443867994 -0.00129026614009855 -370787.589919748 -150353.81594499 1.33883021803292e-16 4.46276739344307e-17
5.89381107491859e-08 0.000458615745915131 -0.00131527858989088 -377975.491460571 -131242.164553131 1.33883248518984e-16 4.4627749506328e-17
5.91156351791533e-08 0.000390921562523074 -0.00133686570591769 -384179.044724619 -111788.687218905 1.3388347523506e-16 4.46278250783533e-17
5.92931596091207e-08 0.000322214187438113 -0.00135497126311648 -389382.092149688 -92044.0459966541 1.3388370195152e-16 4.46279006505066e-17
5.94706840390881e-08 0.000252672553357187 -0.00136954810334284 -393571.081760594 -72059.661303758 1.33883928668363e-16 4.46279762227878e-17
5.96482084690556e-08 0.000182477765938459 -0.00138055825819962 -396735.102466955 -51887.5780078798 1.33884155385591e-16 4.46280517951971e-17
5.9825732899023e-08 0.000111812632152069 -0.00138797304793349 -398865.912483385 -31580.3298877279 1.33884382103203e-16 4.46281273677342e-17
6.00032573289904e-08 4.08611841993693e-05 -0.00139177315614124 -399957.960798068 -11190.8028203211 1.33884608821198e-16 4.46282029403994e-17
6.01807817589578e-08 -3.01917997595205e-05 -0.00139194868009132 -400008.4016338 9227.90294894832 1.33884835539578e-16 4.46282785131925e-17
6.03583061889252e-08 -0.00010116127682166 -0.0013884991565294 -399017.101863817 29622.611094762 1.33885062258341e-16 4.46283540861137e-17
6.05358306188927e-08 -0.000171862421247523 -0.00138143356290083 -396986.641363096 49940.2076986931 1.33885288977488e-16 4.46284296591627e-17
6.07133550488601e-08 -0.000242111105802487 -0.00137077029398669 -393922.306294179 70127.7795737316 1.33885515697019e-16 4.46285052323398e-17
6.08908794788275e-08 -0.000311724381280031 -0.00135653711401426 -389832.075345029 90132.7520662798 1.33885742416935e-16 4.46285808056448e-17
6.10684039087949e-08 -0.000380520952957799 -0.00133877108436658 -384726.598954706 109903.02597674 1.33885969137234e-16 4.46286563790779e-17
6.12459283387624e-08 -0.00044832165274571 -0.00131751846707937 -378619.171580993 129387.11324211 1.33886195857917e-16 4.46287319526388e-17
6.14234527687298e-08 -0.000514949905796487 -0.00129283460437649 -371525.697082151 148534.271027227 1.33886422578983e-16 4.46288075263278e-17
6.16009771986972e-08 -0.000580232190363392 -0.00126478377455779 -363464.647302969 167294.633875444 1.33886649300434e-16 4.46288831001447e-17
6.17785016286646e-08 -0.000643998489707571 -0.00123343902461437 -354457.013972942 185619.343574579 1.33886876022269e-16 4.46289586740896e-17
6.1956026058632e-08 -0.000706082734878074 -0.00119888198000745 -344526.25404184 203460.676399913 1.33887102744488e-16 4.46290342481625e-17
6.21335504885995e-08 -0.000766323237211415 -0.00116120263210591 -333698.228595018 220772.167402869 1.3388732946709e-16 4.46291098223634e-17
6.23110749185669e-08 -0.000824563109424296 -0.00112049910383619 -322001.135507535 237508.731421668 1.33887556190077e-16 4.46291853966923e-17
6.24885993485343e-08 -0.000880650674202823 -0.00107687739415485 -309465.436012478 253626.780498821 1.33887782913447e-16 4.46292609711491e-17
6.26661237785017e-08 -0.000934439859224107 -0.00103045110200911 -296123.775374686 269084.337399653 1.33888009637202e-16 4.46293365457339e-17
6.28436482084691e-08 -0.000985790577581469 -0.000981341130504341 -282010.89787649 283841.144936212 1.3388823636134e-16 4.46294121204466e-17
6.30211726384366e-08 -0.00103456909262249 -0.000929675372048816 -267163.556336831 297858.770811866 1.33888463085862e-16 4.46294876952874e-17
6.3198697068404e-08 -0.00108064836624975 -0.000875588375295742 -251620.416399409 311100.707713502 1.33888689810768e-16 4.46295632702561e-17
6.33762214983714e-08 -0.00112390838977706 -0.000819220994749867 -235421.955839096 323532.468390673 1.33888916536058e-16 4.46296388453528e-17
6.35537459283388e-08 -0.00116423649647969 -0.000760720023951195 -218610.359148859 335121.675474068 1.33889143261732e-16 4.46297144205775e-17
6.37312703583062e-08 -0.00120152765502438 -0.000700237813191055 -201229.407681701 345838.145799366 1.3388936998779e-16 4.46297899959301e-17
6.39087947882737e-08 -0.00123568474301508 -0.00063793187275611 -183324.365633715 355653.969016878 1.33889596714232e-16 4.46298655714108e-17
6.40863192182411e-08 -0.0012666187999419 -0.000573964462733516 -164941.862165187 364543.580282238 1.33889823441058e-16 4.46299411470194e-17
6.42638436482085e-08 -0.0012942492588745 -0.000508502170445506 -146129.769966721 372483.826838824 1.33890050168268e-16 4.4630016722756e-17
6.44413680781759e-08 -0.00131850415629657 -0.000441715476613851 -126937.08058664 379454.028318491 1.33890276895862e-16 4.46300922986206e-17
6.46188925081433e-08 -0.00133932031953473 -0.000373778311384012 -107413.776844338 385436.03060359 1.33890503623839e-16 4.46301678746131e-17
6.47964169381108e-08 -0.00135664353129385 -0.000304867601365224 -87610.7026618491 390414.25310995 1.33890730352201e-16 4.46302434507337e-17
6.49739413680782e-08 -0.00137042867087013 -0.000235162808866127 -67579.4306526322 394375.729367712 1.33890957080947e-16 4.46303190269822e-17
6.51514657980456e-08 -0.00138063983167422 -0.0001648454645259 -47372.1278123995 397310.14079429 1.33891183810076e-16 4.46303946033587e-17
6.5328990228013e-08 -0.00138725041475828 -9.40986945580666e-05 -27041.4196617724 399209.843571513 1.33891410539589e-16 4.46304701798631e-17
6.55065146579805e-08 -0.00139024319810326 -2.31067438381355e-05 -6640.25319457036 400069.888556926 1.33891637269487e-16 4.46305457564956e-17
6.56840390879479e-08 -0.00138961038148607 4.79455039228815e-05 13778.2410113429 399888.034177386 1.33891863999768e-16 4.4630621333256e-17
6.58615635179153e-08 -0.0013853536068096 0.000118873007669489 34160.8871615546 398664.752271375 1.33892090730433e-16 4.46306969101444e-17
6.60390879478827e-08 -0.00137748395384272 0.00018949105090331 54454.6027305899 396403.226864786 1.33892317461482e-16 4.46307724871608e-17
6.62166123778501e-08 -0.00136602191138126 0.000259615722740266 74606.5367047328 393109.345883364 1.33892544192916e-16 4.46308480643052e-17
6.63941368078176e-08 -0.00135099732390501 0.000329064396870508 94564.207222156 388791.685823378 1.33892770924733e-16 4.46309236415775e-17
6.6571661237785e-08 -0.00133244931386971 0.000397656207173747 114275.638251903 383461.489420432 1.33892997656934e-16 4.46309992189779e-17
6.67491856677524e-08 -0.00131042617983624 0.000465212518751336 133689.494955768 377132.636374557 1.33893224389519e-16 4.46310747965062e-17
6.69267100977198e-08 -0.00128498527070234 0.000531557393148383 152755.217380546 369821.607207813 1.33893451122488e-16 4.46311503741625e-17
6.71042345276872e-08 -0.00125619283636444 0.000596518046554311 171423.152132485 361547.440348518 1.3389367785584e-16 4.46312259519468e-17
6.72817589576547e-08 -0.00122412385519824 0.000659925299788564 189644.681691003 352331.68255386 1.33893904589577e-16 4.46313015298591e-17
6.74592833876221e-08 -0.0011888618388076 0.000721614018899551 207372.351024906 342198.332799989 1.33894131323698e-16 4.46313771078993e-17
6.76368078175895e-08 -0.00115049861454992 0.000781423545229353 224559.991181359 331173.779785702 1.33894358058203e-16 4.46314526860676e-17
6.78143322475569e-08 -0.00110913408640454 0.000839198113824166 241162.839525723 319286.733212487 1.33894584793091e-16 4.46315282643638e-17
6.79918566775243e-08 -0.00106487597480676 0.000894787259100796 257137.656319137 306568.14901986 1.33894811528364e-16 4.4631603842788e-17
6.81693811074918e-08 -0.00101783953612508 0.000948046206712702 272442.837330221 293051.148770705 1.3389503826402e-16 4.46316794213401e-17
6.83469055374592e-08 -0.000968147262512133 0.000998836250595034 287038.522187617 278770.933396557 1.33895265000061e-16 4.46317550000203e-17
6.85244299674266e-08 -0.000915928562910997 0.0010470251142067 300886.698191196 263764.691527442 1.33895491736485e-16 4.46318305788285e-17
6.8701954397394e-08 -0.000861319426047581 0.00109248729502867 313951.299311539 248071.502645002 1.33895718473294e-16 4.46319061577646e-17
6.88794788273614e-08 -0.000804462066286727 0.00113510439142125 326198.300119897 231732.235311119 1.33895945210486e-16 4.46319817368287e-17
6.90570032573289e-08 -0.000745504553274311 0.0011747654109892 337595.804403962 214789.440737074 1.33896171948062e-16 4.46320573160208e-17
6.92345276872963e-08 -0.000684600426329815 0.00121136705965137 348114.128238686 197287.241970399 1.33896398686023e-16 4.46321328953409e-17
6.94120521172637e-08 -0.000621908294593602 0.00124481401066228 357725.877295786 179271.218988019 1.33896625424367e-16 4.4632208474789e-17
6.95895765472311e-08 -0.000557591423970182 0.00127501915288473 366406.018190587 160788.289994923 1.33896852163095e-16 4.4632284054365e-17
6.97671009771985e-08 -0.000491817311943191 0.001301903817667 374131.943680391 141886.589237483 1.33897078902207e-16 4.46323596340691e-17
6.9944625407166e-08 -0.000424757251369359 0.00132539798373367 380883.531544558 122615.341649645 1.33897305641703e-16 4.46324352139011e-17
7.01221498371334e-08 -0.000356585884387456 0.00134544045955649 386643.196992957 103024.734658421 1.33897532381583e-16 4.46325107938611e-17
7.02996742671008e-08 -0.000287480747603967 0.00136197904273019 391395.938466277 83165.7874825558 1.33897759121847e-16 4.46325863739491e-17
7.04771986970682e-08 -0.00021762180973993 0.00137497065593836 395129.376708917 63090.2182647344 1.33897985862495e-16 4.46326619541651e-17
7.06547231270357e-08 -0.000147191002943054 0.00138438145915495 397833.787012687 42850.3093833601 1.33898212603527e-16 4.46327375345091e-17
7.08322475570031e-08 -7.63717489856899e-05 0.00139018693778943 399502.124547332 22498.7712946679 1.33898439344943e-16 4.4632813114981e-17
7.10097719869705e-08 -5.34848158257909e-06 0.00139237196654583 400130.042711898 2088.60525976464 1.33898666086743e-16 4.4632888695581e-17
7.11872964169379e-08 6.569383392761e-05 0.00139093084882945 399715.904459145 -18327.0346859053 1.33898892828927e-16 4.46329642763089e-17
7.13648208469053e-08 0.000136570182286062 0.00138586733159841 398260.786563488 -38694.9801611975 1.33899119571495e-16 4.46330398571648e-17
7.15423452768728e-08 0.000207095980148421 0.00137719459562144 395768.476821357 -58962.1869055004 1.33899346314446e-16 4.46331154381488e-17
7.17198697068402e-08 0.000277087556795371 0.00136493522116727 392245.464191236 -79075.8729219558 1.33899573057782e-16 4.46331910192607e-17
7.18973941368076e-08 0.000346362632467298 0.00134912112921478 387700.921899066 -98983.6559379 1.33899799801502e-16 4.46332666005005e-17
7.2074918566775e-08 0.000414740793077273 0.00132979349833712 382146.683552982 -118633.689824538 1.33900026545605e-16 4.46333421818684e-17
7.22524429967424e-08 0.000482043960066089 0.00130700265747612 375597.212329591 -137974.799620571 1.33900253290093e-16 4.46334177633643e-17
7.24299674267099e-08 0.000548096854175673 0.00128080795488635 368069.563312014 -156956.614808131 1.33900480034964e-16 4.46334933449881e-17
7.26074918566773e-08 0.000612727451933078 0.00125127760358982 359583.339077774 -175529.700493934 1.3390070678022e-16 4.46335689267399e-17
7.27850162866447e-08 0.000675767433656218 0.00121848850374408 350160.638652177 -193645.68615401 1.33900933525859e-16 4.46336445086198e-17
7.29625407166121e-08 0.000737052621814584 0.00118252604238605 339825.99996011 -211257.391606719 1.33901160271883e-16 4.46337200906276e-17
7.31400651465795e-08 0.000796423408603316 0.0011434838710732 328606.33592613 -228318.949885968 1.3390138701829e-16 4.46337956727634e-17
7.3317589576547e-08 0.000853725171617071 0.00110146366200107 316530.864389234 -244785.926694644 1.33901613765082e-16 4.46338712550272e-17
7.34951140065144e-08 0.000908808676541137 0.00105657484323224 303631.032014832 -260615.436127145 1.33901840512257e-16 4.4633946837419e-17
7.36726384364818e-08 0.000961530465811038 0.00100893431372631 289940.432402063 -275766.25235964 1.33902067259816e-16 4.46340224199388e-17
7.38501628664492e-08 0.00101175323222843 0.00095866613891294 275494.718599721 -290198.917017168 1.3390229400776e-16 4.46340980025865e-17
7.40276872964166e-08 0.00105934617656022 0.000905901227600713 260331.510258614 -303875.841937963 1.33902520756087e-16 4.46341735853623e-17
7.42052117263841e-08 0.0011041853481897 0.000850776991063351 244490.295662149 -316761.407067356 1.33902747504798e-16 4.4634249168266e-17
7.43827361563515e-08 0.00114615396793228 0.000793436985190932 228012.328890274 -328822.053226312 1.33902974253893e-16 4.46343247512978e-17
7.45602605863189e-08 0.0011851427321754 0.00073403053663812 210940.522384598 -340026.36951299 1.33903201003372e-16 4.46344003344575e-17
7.47377850162863e-08 0.00122105009755021 0.000672712353942979 193319.335194447 -350345.175109699 1.33903427753236e-16 4.46344759177452e-17
7.49153094462538e-08 0.00125378254539381 0.000609642124629093 175194.657194918 -359751.595282188 1.33903654503483e-16 4.46345515011609e-17
7.50928338762212e-08 0.00128325482531324 0.000544984099340263 156613.689578435 -368221.131373348 1.33903881254114e-16 4.46346270847046e-17
7.52703583061886e-08 0.00130939017721681 0.000478906664090763 137624.821931045 -375731.724609011 1.33904108005129e-16 4.46347026683763e-17
7.5447882736156e-08 0.00133212053123454 0.000411581901745154 118277.506213575 -382263.81354968 1.33904334756528e-16 4.4634778252176e-17
7.56254071661234e-08 0.00135138668500707 0.000343185143869645 98622.1279758361 -387800.385038562 1.33904561508311e-16 4.46348538361037e-17
7.58029315960909e-08 0.00136713845788118 0.000273894514122122 78709.8751392676 -392327.018513193 1.33904788260478e-16 4.46349294201594e-17
7.59804560260583e-08 0.00137933482161039 0.000203890464369961 58592.6046897436 -395831.923565258 1.33905015013029e-16 4.46350050043431e-17
7.61579804560257e-08 0.00138794400722023 0.00013335530474371 38322.7076277122 -398305.970650769 1.33905241765964e-16 4.46350805886547e-17
7.63355048859931e-08 0.00139294358775973 6.24727288505051e-05 17952.9725273727 -399742.714870616 1.33905468519283e-16 4.46351561730944e-17
7.65130293159605e-08 0.0013943205367237 -8.57266461630252e-06 -2463.55193977771 -400138.412759544 1.33905695272986e-16 4.46352317576621e-17
7.6690553745928e-08 0.00139207126199353 -7.95958526254419e-05 -22873.695159001 -399492.032039824 1.33905922027073e-16 4.46353073423577e-17
7.68680781758954e-08 0.00138620161520811 -0.000150411869661934 -43224.3030441859 -397805.2543142 1.33906148781544e-16 4.46353829271813e-17
7.70456026058628e-08 0.00137672687654043 -0.00022083628943233 -63462.3764669041 -395082.470691094 1.33906375536399e-16 4.4635458512133e-17
7.72231270358302e-08 0.00136367171491942 -0.000290685705166471 -83535.2092821452 -391330.770353443 1.33906602291638e-16 4.46355340972126e-17
7.74006514657976e-08 0.00134707012380063 -0.000359778207264923 -103390.52559127 -386559.922100928 1.33906829047261e-16 4.46356096824202e-17
7.75781758957651e-08 0.00132696533265299 -0.000427933857048139 -122976.615884706 -380782.348913659 1.33907055803267e-16 4.46356852677558e-17
7.77557003257325e-08 0.00130340969439203 -0.000494975155373566 -142242.471709828 -374013.095603534 1.33907282559658e-16 4.46357608532194e-17
7.79332247556999e-08 0.00127646454905282 -0.000560727504900264 -161137.918513309 -366269.789637528 1.33907509316433e-16 4.4635836438811e-17
7.81107491856673e-08 0.00124620006405752 -0.000625019664797159 -179613.746311971 -357572.595234898 1.33907736073592e-16 4.46359120245306e-17
7.82882736156347e-08 0.00121269505149351 -0.000687684196710708 -197621.837851829 -347944.160857868 1.33907962831135e-16 4.46359876103782e-17
7.84657980456022e-08 0.00117603676287792 -0.000748557900830551 -215115.293921567 -337409.560232512 1.33908189589061e-16 4.46360631963538e-17
7.86433224755696e-08 0.00113632066194309 -0.000807482240917467 -232048.555494075 -325996.227053428 1.33908416347372e-16 4.46361387824574e-17
7.8820846905537e-08 0.00109365017603455 -0.000864303757186724 -248377.522377957 -313733.883542249 1.33908643106067e-16 4.4636214368689e-17
7.89983713355044e-08 0.00104813642676897 -0.000918874465971544 -264059.66807 -300654.463046022 1.33908869865146e-16 4.46362899550486e-17
7.91758957654719e-08 0.000999897940653522 -0.000971052245125791 -279054.150509484 -286792.026877031 1.33909096624609e-16 4.46363655415362e-17
7.93534201954393e-08 0.000949060340420132 -0.00102070120416219 -293321.918445891 -272182.675610631 1.33909323384455e-16 4.46364411281517e-17
7.95309446254067e-08 0.000895756017878645 -0.00106769203816206 -306825.813142995 -256864.455072074 1.33909550144686e-16 4.46365167148953e-17
7.97084690553741e-08 0.000840123789140666 -0.00111190236453488 -319530.665154452 -240877.257257176 1.33909776905301e-16 4.46365923017669e-17
7.98859934853415e-08 0.000782308533112054 -0.00115321704175066 -331403.385918851 -224262.716444841 1.33910003666299e-16 4.46366678887665e-17
8.0063517915309e-08 0.000722460814195489 -0.00119152846921489 -342413.053935686 -207064.100771974 1.33910230427682e-16 4.4636743475894e-17
8.02410423452764e-08 0.000660736490185669 -0.00122673686750527 -352530.995297789 -189326.199553177 1.33910457189449e-16 4.46368190631496e-17
8.04185667752438e-08 0.000597296306378286 -0.00125875053824018 -361730.858370516 -171095.206638639 1.339106839516e-16 4.46368946505332e-17
8.05960912052112e-08 0.000532305476949805 -0.0012874861029022 -369988.682423156 -152418.60011401 1.33910910714134e-16 4.46369702380447e-17
8.07736156351786e-08 0.000465933254698244 -0.0013128687199946 -377282.960033843 -133345.018655541 1.33911137477053e-16 4.46370458256843e-17
8.09511400651461e-08 0.000398352490265452 -0.00133483227996533 -383594.693105426 -113924.134862485 1.33911364240356e-16 4.46371214134519e-17
8.11286644951135e-08 0.000329739181988791 -0.00135331957739066 -388907.442346405 -94206.5258966477 1.33911591004042e-16 4.46371970013474e-17
8.13061889250809e-08 0.000260272017554521 -0.00136828245997022 -393207.37008806 -74243.541765967 1.33911817768113e-16 4.4637272589371e-17
8.14837133550483e-08 0.000190131908646538 -0.0013796819539452 -396483.276326259 -54087.1715951487 1.33912044532568e-16 4.46373481775226e-17
8.16612377850157e-08 0.000119501519802388 -0.00138748836561313 -398726.627894061 -33789.9082316253 1.33912271297406e-16 4.46374237658021e-17
8.18387622149832e-08 4.85647927035164e-05 -0.00139168135867484 -399931.580689135 -13404.6115394432 1.33912498062629e-16 4.46374993542097e-17
8.20162866449506e-08 -2.24935328613417e-05 -0.00139225000721204 -400094.994898088 7015.62926290327 1.33912724828236e-16 4.46375749427452e-17
8.2193811074918e-08 -9.34884001120905e-05 -0.00138919282415764 -399216.443178054 27417.6338621768 1.33912951594226e-16 4.46376505314088e-17
8.23713355048854e-08 -0.000164234917219561 -0.00138251776518443 -397298.211774214 47748.2693475748 1.33913178360601e-16 4.46377261202004e-17
8.25488599348528e-08 -0.00023454883881903 -0.0013722422080022 -394345.294570331 67954.5885846911 1.3391340512736e-16 4.46378017091199e-17
8.27263843648203e-08 -0.000304247045840971 -0.00135839290711692 -390365.380087778 87983.9681058954 1.33913631894502e-16 4.46378772981675e-17
8.29039087947877e-08 -0.000373148022409412 -0.00134100592416998 -385368.831466905 107784.245158022 1.33913858662029e-16 4.46379528873431e-17
8.30814332247551e-08 -0.000441072328565901 -0.00132012653403873 -379368.659482876 127303.853550452 1.3391408542994e-16 4.46380284766466e-17
8.32589576547225e-08 -0.000507843067587977 -0.00129580910694281 -372380.488666228 146491.957949801 1.33914312198235e-16 4.46381040660782e-17
8.34364820846899e-08 -0.000573286346685084 -0.00126811696686339 -364422.516616379 165298.586271465 1.33914538966913e-16 4.46381796556378e-17
8.36140065146574e-08 -0.000637231729872132 -0.00123712222664384 -355515.466614032 183674.759823232 1.33914765735976e-16 4.46382552453253e-17
8.37915309446248e-08 -0.000699512681841282 -0.0012029056002014 -345682.533655869 201572.620862029 1.33914992505423e-16 4.46383308351409e-17
8.39690553745922e-08 -0.000759967001675962 -0.00116555619233868 -334949.324052082 218945.557231596 1.33915219275254e-16 4.46384064250845e-17
8.41465798045596e-08 -0.000818437245277566 -0.00112517126670254 -323343.788744017 235748.323756495 1.33915446045468e-16 4.46384820151561e-17
8.43241042345271e-08 -0.000874771135404708 -0.00108185599249442 -310896.150515587 251937.160076304 1.33915672816067e-16 4.46385576053557e-17
8.45016286644945e-08 -0.000928821958257143 -0.00103572317059197 -297638.825288018 267469.904613104 1.3391589958705e-16 4.46386331956833e-17
8.46791530944619e-08 -0.000980448945571496 -0.000986892939794912 -283606.337702872 282306.10437546 1.33916126358417e-16 4.46387087861389e-17
8.48566775244293e-08 -0.0010295176412337 -0.000935492463960376 -268835.231213198 296407.120312921 1.33916353130167e-16 4.46387843767224e-17
8.50342019543967e-08 -0.00107590025145336 -0.000881655600842346 -253363.972916945 309736.227946654 1.33916579902302e-16 4.46388599674341e-17
8.52117263843642e-08 -0.00111947597758799 -0.000825522553497636 -237232.85338047 322258.713014136 1.33916806674821e-16 4.46389355582737e-17
8.53892508143316e-08 -0.00116013133075043 -0.000767239505166232 -220483.881713023 333941.961878814 1.33917033447724e-16 4.46390111492413e-17
8.5566775244299e-08 -0.00119776042738 -0.000706958238576843 -203160.676165458 344755.546469251 1.33917260221011e-16 4.46390867403369e-17
8.57442996742664e-08 -0.00123226526500758 -0.000644835740669072 -185308.350538082 354671.303526573 1.33917486994681e-16 4.46391623315605e-17
8.59218241042338e-08 -0.00126355597749657 -0.000581033793761611 -166973.396693445 363663.407953784 1.33917713768736e-16 4.46392379229121e-17
8.60993485342013e-08 -0.00129155106909468 -0.000515718554231148 -148203.563480058 371708.440075958 1.33917940543175e-16 4.46393135143917e-17
8.62768729641687e-08 -0.00131617762668735 -0.000449060119799219 -129047.732382335 378785.446636099 1.33918167317998e-16 4.46393891059994e-17
8.64543973941361e-08 -0.00133737150969962 -0.000381232086553887 -109555.79022061 384875.99536782 1.33918394093205e-16 4.4639464697735e-17
8.66319218241035e-08 -0.00135507751715212 -0.000312411096859895 -89778.499232738 389964.223002714 1.33918620868796e-16 4.46395402895987e-17
8.68094462540709e-08 -0.00136924953143598 -0.000242776379334634 -69767.3648756342 394036.876587361 1.33918847644771e-16 4.46396158815903e-17
8.69869706840384e-08 -0.00137985063843211 -0.000172509282087973 -49574.5016910233 397083.348002379 1.3391907442113e-16 4.463969147371e-17
8.71644951140058e-08 -0.00138685322366215 -0.0001017928004415 -29252.4975847256 399095.701593597 1.33919301197873e-16 4.46397670659576e-17
8.73420195439732e-08 -0.00139023904422052 -3.08111003571425e-05 -8854.27687293125 400068.694843379 1.33919527975e-16 4.46398426583333e-17
8.75195439739406e-08 -0.00138999927630022 4.02509611837196e-05 11567.0375478692 399999.792028258 1.33919754752511e-16 4.4639918250837e-17
8.7697068403908e-08 -0.00138613453818862 0.00011120831760157 31958.2625483498 398889.170827298 1.33919981530406e-16 4.46399938434687e-17
8.78745928338755e-08 -0.0013786548886732 0.000181876174686742 52266.2932709129 396739.72186396 1.33920208308685e-16 4.46400694362284e-17
8.80521172638429e-08 -0.00136757980086153 0.000252070491858895 72438.2414306445 393557.041182652 1.33920435087348e-16 4.46401450291161e-17
8.82296416938103e-08 -0.0013529381114834 0.000321608461464623 92421.573052484 389349.415679548 1.33920661866395e-16 4.46402206221318e-17
8.84071661237777e-08 -0.0013347679458073 0.00039030898486497 112164.2452859 384127.801525609 1.33920888645827e-16 4.46402962152755e-17
8.85846905537452e-08 -0.00131311661836659 0.000457993144072975 131614.84194076 377905.795637978 1.33921115425642e-16 4.46403718085472e-17
8.87622149837126e-08 -0.00128804050975401 0.000524484667712945 150722.707391429 370699.60027404 1.33921342205841e-16 4.4640447401947e-17
8.893973941368e-08 -0.00125960491980518 0.000589610390087953 169438.078500344 362527.980840344 1.33921568986424e-16 4.46405229954747e-17
8.91172638436474e-08 -0.00122788389755358 0.000653200702160011 187712.214217524 353412.21702625 1.33921795767391e-16 4.46405985891305e-17
8.92947882736148e-08 -0.00119296004839964 0.000715089993268404 205497.522518469 343376.047389556 1.33922022548743e-16 4.46406741829142e-17
8.94723127035823e-08 -0.00115492431899625 0.000775117082435813 222747.684349873 332445.607538406 1.33922249330478e-16 4.4640749776826e-17
8.96498371335497e-08 -0.0011138757604108 0.000833125638138954 239417.774260355 320649.362070463 1.33922476112597e-16 4.46408253708658e-17
8.98273615635171e-08 -0.0010699212701805 0.000888964585450516 255464.377402035 308018.030446585 1.33922702895101e-16 4.46409009650336e-17
9.00048859934845e-08 -0.0010231753139327 0.000942488499492041 270845.702598257 294584.506992043 1.33922929677988e-16 4.46409765593294e-17
9.01824104234519e-08 -0.000973759627295253 0.000993557984173075 285521.691182966 280383.77523361 1.3392315646126e-16 4.46410521537532e-17
9.03599348534194e-08 -0.000921802898873067 0.0010420400352302 299454.121328319 265452.816795604 1.33923383244915e-16 4.4641127748305e-17
9.05374592833868e-08 -0.000867440435116537 0.00108780838662046 312606.707588776 249830.515092141 1.33923610028955e-16 4.46412033429849e-17
9.07149837133542e-08 -0.000810813807954562 0.00113074383936705 324945.195402467 233557.554066387 1.33923836813378e-16 4.46412789377927e-17
9.08925081433216e-08 -0.000752070486109803 0.00117073457200086 336437.450303678 216676.312240546 1.33924063598186e-16 4.46413545327286e-17
9.1070032573289e-08 -0.00069136345105631 0.00120767643178922 347053.541614136 199230.752352461 1.33924290383377e-16 4.46414301277924e-17
9.12475570032565e-08 -0.000628850798619665 0.00124147320599359 356765.820395122 181266.306866273 1.33924517168953e-16 4.46415057229843e-17
9.14250814332239e-08 -0.000564695327257145 0.00127203687244957 365548.991457376 162829.759655279 1.33924743954913e-16 4.46415813183042e-17
9.16026058631913e-08 -0.000499064114090156 0.00129928782881654 373380.179241277 143969.124165116 1.33924970741256e-16 4.46416569137521e-17
9.17801302931587e-08 -0.000432128079793022 0.00132315509990019 380238.987395685 124733.518374575 1.33925197527984e-16 4.4641732509328e-17
9.19576547231261e-08 -0.000364061543471292 0.00134357652250748 386107.5519003 105173.036879655 1.33925424315096e-16 4.46418081050319e-17
9.21351791530936e-08 -0.000295041768688768 0.00136049890735308 390970.587593167 85338.6204340207 1.33925651102592e-16 4.46418837008639e-17
9.2312703583061e-08 -0.000225248501825516 0.00137387817759523 394815.427982139 65281.9232855746 1.33925877890472e-16 4.46419592968238e-17
9.24902280130284e-08 -0.000154863503969106 0.00138367948364036 397632.058236623 45055.1786546635 1.33926104678735e-16 4.46420348929118e-17
9.26677524429958e-08 -8.40700775581698e-05 0.00138987729391739 399413.141273666 24711.0627042386 1.33926331467383e-16 4.46421104891278e-17
9.28452768729633e-08 -1.30525890110088e-05 0.00139245546138534 400154.036870427 4302.55735623048 1.33926558256415e-16 4.46421860854718e-17
9.30228013029307e-08 5.80040114175158e-05 0.00139140726560087 399852.813753267 -16117.1876885947 1.33926785045831e-16 4.46422616819438e-17
9.32003257328981e-08 0.000128914671300394 0.00138673543023633 398510.254631945 -36494.9933679588 1.33927011835631e-16 4.46423372785438e-17
9.33778501628655e-08 0.000199494717969781 0.00137845211600243 396129.854165805 -56777.7897520958 1.33927238625815e-16 4.46424128752718e-17
9.35553745928329e-08 0.000269560339460117 0.00136657888899418 392717.809867238 -76912.7542537967 1.33927465416384e-16 4.46424884721279e-17
9.37328990228004e-08 0.000338929063210544 0.00135114666454227 388283.005966093 -96847.4491945356 1.33927692207336e-16 4.4642564069112e-17
9.39104234527678e-08 0.000407420231279916 0.0013321956267162 382836.99027706 -116529.958368411 1.33927918998672e-16 4.4642639666224e-17
9.40879478827352e-08 0.000474855470836819 0.00130977512368873 376393.944130232 -135909.022248252 1.33928145790392e-16 4.46427152634641e-17
9.42654723127026e-08 0.000541059158699267 0.00128394353923409 368970.645443178 -154934.171481759 1.33928372582497e-16 4.46427908608322e-17
9.444299674267e-08 0.000605858878714295 0.0012547681406946 360586.425030651 -173555.858330033 1.33928599374985e-16 4.46428664583284e-17
9.46205211726375e-08 0.00066908587078626 0.00122232490381156 351263.116265733 -191725.58570616 1.33928826167858e-16 4.46429420559525e-17
9.47980456026049e-08 0.000730575470384449 0.00118669831487663 341024.998223484 -209396.033477813 1.33929052961114e-16 4.46430176537047e-17
9.49755700325723e-08 0.000790167537385365 0.00114798115071879 329898.732455155 -226521.18170492 1.33929279754755e-16 4.46430932515848e-17
9.51530944625397e-08 0.00084770687313283 0.00110627423710002 317913.293557631 -243056.430491466 1.33929506548779e-16 4.4643168849593e-17
9.53306188925071e-08 0.000903043624629759 0.00106168618614866 305099.893718889 -258958.716139268 1.33929733343188e-16 4.46432444477293e-17
9.55081433224746e-08 0.000956033674808919 0.00101433311351436 291491.901435974 -274186.623301241 1.3392996013798e-16 4.46433200459935e-17
9.5685667752442e-08 0.0010065390178663 0.000964338335981142 277124.75461718 -288700.492842052 1.33930186933157e-16 4.46433956443857e-17
9.58631921824094e-08 0.00105442811867956 0.000911832050326082 262035.868294711 -302462.525125266 1.33930413728718e-16 4.4643471242906e-17
9.60407166123768e-08 0.00109957625537553 0.000856950994259849 246264.537188173 -315436.878457971 1.33930640524663e-16 4.46435468415543e-17
9.62182410423442e-08 0.00114186584415451 0.000799838090332189 229851.833372635 -327589.762436511 1.33930867320992e-16 4.46436224403305e-17
9.63957654723117e-08 0.00118118674552556 0.000740642073729619 212840.499317756 -338889.525950208 1.33931094117705e-16 4.46436980392349e-17
9.65732899022791e-08 0.00121743655115501 0.000679517104934671 195274.836576527 -349306.739613875 1.33931320914802e-16 4.46437736382672e-17
9.67508143322465e-08 0.00125052085058127 0.000616622368255387 177200.590413508 -358814.27241444 1.33931547712283e-16 4.46438492374275e-17
9.69283387622139e-08 0.00128035347710128 0.000552121657270613 158664.830673019 -367387.362372056 1.33931774510148e-16 4.46439248367159e-17
9.71058631921813e-08 0.00130685673218815 0.000486182948270665 139715.829197523 -375003.681031663 1.33932001308397e-16 4.46440004361323e-17
9.72833876221488e-08 0.00132996158785555 0.000418977962804268 120402.934115449 -381643.391617034 1.3393222810703e-16 4.46440760356767e-17
9.74609120521162e-08 0.00134960786644175 0.000350681720470972 100776.441325826 -387289.200695857 1.33932454906047e-16 4.46441516353491e-17
9.76384364820836e-08 0.00136574439734512 0.000281472083123719 80887.4635144364 -391926.403221276 1.33932681705449e-16 4.46442272351496e-17
9.7815960912051e-08 0.00137832915030285 0.000211529291668557 60787.7970425733 -395542.920832578 1.33932908505234e-16 4.4644302835078e-17
9.79934853420185e-08 0.0013873293448657 0.000141035496667815 40529.7870550949 -398129.333315287 1.33933135305404e-16 4.46443784351345e-17
9.81710097719859e-08 0.00139272153578368 7.01742839691721e-05 20166.1911590469 -399678.903138697 1.33933362105957e-16 4.4644454035319e-17
9.83485342019533e-08 0.00139449167408027 -8.69803403996075e-07 -249.957972118329 -400187.59300695 1.33933588906895e-16 4.46445296356315e-17
9.85260586319207e-08 0.00139263514365604 -7.19117458558385e-05 -20665.4907109098 -399654.076377921 1.33933815708216e-16 4.46446052360721e-17
9.87035830618881e-08 0.00138715677332628 -0.000142766529063207 -41027.2389450684 -398079.740922523 1.33934042509922e-16 4.46446808366406e-17
9.88811074918556e-08 0.0013780708242614 -0.000213249625807917 -61282.1745431266 -395468.684915393 1.33934269312012e-16 4.46447564373372e-17
9.9058631921823e-08 0.00136540095286251 -0.000283177476541256 -81377.5474556501 -391827.70656636 1.33934496114485e-16 4.46448320381618e-17
9.92361563517904e-08 0.00134918014916905 -0.000352367967429213 -101261.023092506 -387166.286320457 1.33934722917343e-16 4.46449076391144e-17
9.94136807817578e-08 0.00132945065095876 -0.00042064090463344 -120880.818618384 -381496.562172568 1.33934949720585e-16 4.46449832401951e-17
9.95912052117252e-08 0.00130626383376359 -0.000487818483592783 -140185.837811615 -374833.298060988 1.33935176524211e-16 4.46450588414038e-17
9.97687296416927e-08 0.00127968007708806 -0.000553725752083214 -159125.80413507 -367193.845422186 1.33935403328221e-16 4.46451344427405e-17
9.99462540716601e-08 0.00124976860717831 -0.000618191065850224 -177651.391672587 -358598.098006891 1.33935630132615e-16 4.46452100442052e-17
1.00123778501628e-07 0.00121660731675138 -0.000681046535627041 -195714.353589916 -349068.440075164 1.33935856937394e-16 4.46452856457979e-17
1.00301302931595e-07 0.00118028256215416 -0.000742128464374509 -213267.647785634 -338629.688105355 1.33936083742556e-16 4.46453612475187e-17
1.00478827361562e-07 0.00114088893848006 -0.000801277773603902 -230265.55940479 -327309.026168736 1.33936310548102e-16 4.46454368493674e-17
1.0065635179153e-07 0.00109852903322933 -0.000858340417672375 -246663.819896212 -315135.935138116 1.33936537354033e-16 4.46455124513442e-17
1.00833876221497e-07 0.00105331315915422 -0.0009131677849721 -262419.722303414 -302142.115914784 1.33936764160347e-16 4.46455880534491e-17
1.01011400651465e-07 0.00100535906698488 -0.000965617084968236 -277492.232488839 -288361.406873702 1.33936990967046e-16 4.46456636556819e-17
1.01188925081432e-07 0.000954791638784126 -0.00101555172007775 -291842.096001777 -273829.695741946 1.33937217774128e-16 4.46457392580428e-17
1.01366449511399e-07 0.00090174256272949 -0.00106284164142059 -305431.940311623 -258584.826139876 1.33937444581595e-16 4.46458148605317e-17
1.01543973941367e-07 0.000846349990169636 -0.00110736368751667 -318226.372140237 -242666.499028421 1.33937671389446e-16 4.46458904631486e-17
1.01721498371334e-07 0.000788758175848151 -0.00114900190504662 -330192.069639907 -226116.169319127 1.33937898197681e-16 4.46459660658936e-17
1.01899022801302e-07 0.000729117102231683 -0.0011876478508409 -341297.869176842 -208976.937916227 1.339381250063e-16 4.46460416687666e-17
1.02076547231269e-07 0.000667582088920747 -0.00122320087431068 -351514.846494185 -191293.439471868 1.33938351815303e-16 4.46461172717675e-17
1.02254071661237e-07 0.000604313388160392 -0.00125556837958515 -360816.392043166 -173111.726146822 1.3393857862469e-16 4.46461928748966e-17
1.02431596091204e-07 0.000539475767504102 -0.00128466606667223 -369178.280286185 -154479.147679375 1.33938805434461e-16 4.46462684781536e-17
1.02609120521171e-07 0.000473238080717801 -0.00131041815101487 -376578.732791349 -135444.228074745 1.33939032244616e-16 4.46463440815387e-17
1.02786644951139e-07 0.000405772828041404 -0.001332757560871 -382998.474954117 -116056.539236148 1.33939259055155e-16 4.46464196850518e-17
1.02964169381106e-07 0.000337255706953136 -0.00135162611200296 -388420.786198341 -96366.5718666117 1.33939485866079e-16 4.46464952886929e-17
1.03141693811074e-07 0.000267865154606523 -0.00136697465922164 -392831.543525931 -76425.6039777422 1.33939712677386e-16 4.46465708924621e-17
1.03319218241041e-07 0.000197781883131682 -0.00137876322439041 -396219.258301742 -56285.5673478862 1.33939939489078e-16 4.46466464963592e-17
1.03496742671008e-07 0.000127188409011113 -0.00138696110055563 -398575.106177847 -35998.9122774613 1.33940166301153e-16 4.46467221003845e-17
1.03674267100976e-07 5.62685777556199e-05 -0.00139154693193235 -399892.950079279 -15618.4709936725 1.33940393113613e-16 4.46467977045377e-17
1.03851791530943e-07 -1.47929148817553e-05 -0.00139250876953696 -400169.356191339 4802.67993965336 1.33940619926457e-16 4.46468733088189e-17
1.04029315960911e-07 -8.58110039068942e-05 -0.00138984410232183 -399403.602906857 25211.3578487908 1.33940846739685e-16 4.46469489132282e-17
1.04206840390878e-07 -0.00015660073704819 -0.00138355986373079 -397597.682710056 45554.4124534154 1.33941073553297e-16 4.46470245177656e-17
1.04384364820846e-07 -0.000226977756427389 -0.00137367241365838 -394756.29699213 65778.8642857758 1.33941300367293e-16 4.46471001224309e-17
1.04561889250813e-07 -0.000296758778683273 -0.00136020749585981 -390886.843812014 85832.0426652528 1.33941527181673e-16 4.46471757272243e-17
1.0473941368078e-07 -0.00036576207229779 -0.00134320017092242 -385999.398634205 105661.72286898 1.33941753996437e-16 4.46472513321457e-17
1.04916938110748e-07 -0.000433807930881535 -0.00132269472497333 -380106.688093796 125216.262141288 1.33941980811585e-16 4.46473269371951e-17
1.05094462540715e-07 -0.000500719141185995 -0.00129874455436079 -373224.056857024 144444.734187768 1.33942207627118e-16 4.46474025423725e-17
1.05271986970683e-07 -0.000566321444623706 -0.00127141202660967 -365369.42766364 163297.061803677 1.33942434443034e-16 4.4647478147678e-17
1.0544951140065e-07 -0.000630443991094378 -0.00124076831801309 -356563.25465513 181724.147291297 1.33942661259335e-16 4.46475537531115e-17
1.05627035830618e-07 -0.000692919783935079 -0.00120689322828313 -346828.470110349 199678.000326578 1.33942888076019e-16 4.46476293586731e-17
1.05804560260585e-07 -0.000753586114835666 -0.00116987497274329 -336190.424727246 217111.862942073 1.33943114893088e-16 4.46477049643627e-17
1.05982084690552e-07 -0.00081228498758682 -0.00112980995260383 -324676.821606215 233980.331300658 1.33943341710541e-16 4.46477805701803e-17
1.0615960912052e-07 -0.000868863529557083 -0.00108680250391822 -312317.644106977 250239.473942908 1.33943568528378e-16 4.46478561761259e-17
1.06337133550487e-07 -0.000923174389827275 -0.00104096462587454 -299145.077766864 265846.946200154 1.33943795346599e-16 4.46479317821995e-17
1.06514657980455e-07 -0.0009750761229454 -0.000992415689129298 -285193.426483851 280762.10047527 1.33944022165204e-16 4.46480073884012e-17
1.06692182410422e-07 -0.00102443355730262 -0.000941282124943249 -270499.023182603 294946.092103957 1.33944248984193e-16 4.4648082994731e-17
1.06869706840389e-07 -0.00107111814717091 -0.000887697095928806 -255100.135196186 308361.980520847 1.33944475803566e-16 4.46481586011887e-17
1.07047231270357e-07 -0.0011150083074855 -0.000831800149266444 -239036.864609835 320974.825466925 1.33944702623323e-16 4.46482342077745e-17
1.07224755700324e-07 -0.00115598973050032 -0.0007737368532932 -222351.043826324 332751.777987735 1.33944929443465e-16 4.46483098144883e-17
1.07402280130292e-07 -0.00119395568349165 -0.000713658418409686 -205086.126624895 343662.165985351 1.3394515626399e-16 4.46483854213302e-17
1.07579804560259e-07 -0.00122880728673463 -0.000651721303292844 -187287.074997452 353677.574101319 1.339453830849e-16 4.46484610283e-17
1.07757328990227e-07 -0.00126045377102874 -0.000588086807439968 -169000.242056735 362771.917722513 1.33945609906194e-16 4.46485366353979e-17
1.07934853420194e-07 -0.00128881271410153 -0.000522920651105095 -150273.251321401 370921.510917159 1.33945836727872e-16 4.46486122426239e-17
1.08112377850161e-07 -0.00131381025527478 -0.000456392543721735 -131154.872692389 378105.128124103 1.33946063549934e-16 4.46486878499779e-17
1.08289902280129e-07 -0.00133538128783418 -0.000388675741935844 -111694.895443551 384304.059434639 1.3394629037238e-16 4.46487634574599e-17
1.08467426710096e-07 -0.00135346962860137 -0.000319946598400069 -91943.9985573225 389502.159322931 1.3394651719521e-16 4.46488390650699e-17
1.08644951140064e-07 -0.00136802816426672 -0.0002503841025043 -71953.6187431048 393685.888698099 1.33946744018424e-16 4.4648914672808e-17
1.08822475570031e-07 -0.00137901897410176 -0.000180169414238597 -51775.8164820784 396844.35016845 1.33946970842022e-16 4.46489902806741e-17
1.08999999999999e-07 -0.00138641342873156 -0.000109485392402445 -31463.1404473033 398969.316425991 1.33947197666005e-16 4.46490658886682e-17
