0 -0.00139 0 0 400000 1.33808e-16 4.46026666666667e-17
2.79487179487179e-10 -0.00138102096503312 0.000111794871794872 32126.8223585574 400000 1.34671172589436e-16 4.48903908631453e-17
5.58974358974359e-10 -0.00136306289509936 0.000222868573936413 64253.6447171148 397419.668212854 1.35539913358048e-16 4.51799711193493e-17
8.38461538461538e-10 -0.00133618371242208 0.000332499936771294 96173.2224232927 392259.004638563 1.3641425822521e-16 4.54714194084032e-17
1.11794871794872e-09 -0.001300499261448 0.000439972442788633 127678.310824712 384534.654557455 1.37294243342006e-16 4.57647477806686e-17
1.3974358974359e-09 -0.00125618293520079 0.000544578878762456 158563.002168903 374279.908530189 1.38179905092724e-16 4.60599683642415e-17
1.67692307692308e-09 -0.00120346492798835 0.000645625957883958 188624.06250322 361544.59502189 1.39071280096363e-16 4.63570933654544e-17
1.95641025641026e-09 -0.00114263111687395 0.000742438881873433 217662.259950632 346394.865650414 1.39968405208143e-16 4.66561350693809e-17
2.23589743589744e-09 -0.00107402157673198 0.000834365813255241 245483.6757373 328912.873751424 1.40871317521029e-16 4.69571058403431e-17
2.51538461538462e-09 -0.000998028736103843 0.000920782228366441 271900.989403436 309196.347645579 1.41780054367271e-16 4.72600181224236e-17
2.79487179487179e-09 -0.000915095183432851 0.00100109512224919 296734.729740247 287358.060681378 1.42694653319939e-16 4.75648844399795e-17
3.07435897435897e-09 -0.000825711135574677 0.00107474703734637 319814.483162272 263525.20080643 1.43615152194482e-16 4.78717173981605e-17
3.35384615384615e-09 -0.000730411582734767 0.00114121988887548 340980.051445551 237838.643085809 1.4454158905029e-16 4.81805296834298e-17
3.63333333333333e-09 -0.000629773126163001 0.00120003856089224 360082.551036596 210452.129234302 1.45474002192267e-16 4.8491334064089e-17
3.91282051282051e-09 -0.000524410527023112 0.00125077424836721 376985.446463822 181531.35885538 1.46412430172417e-16 4.88041433908057e-17
4.19230769230769e-09 -0.000414972986836354 0.00129304752207767 391565.510759958 151252.997679618 1.47356911791435e-16 4.9118970597145e-17
4.47179487179487e-09 -0.000302140181762071 0.00132653109475578 403713.706229089 119803.608664811 1.48307486100313e-16 4.94358287001042e-17
4.75128205128205e-09 -0.000186618074709388 0.0013509522687218 413335.97936281 87378.5123554687 1.49264192401953e-16 4.97547308006512e-17
5.03076923076923e-09 -6.91345308622208e-05 0.00136609504715839 420353.964223808 54180.5833969953 1.50227070252797e-16 5.00756900842657e-17
5.31025641025641e-09 4.95652363670649e-05 0.00137180189323691 424705.589169004 20418.9905561611 1.51196159464455e-16 5.03987198214849e-17
5.58974358974359e-09 0.000168723360671831 0.00136797512347598 426345.582374851 -13692.1119886365 1.52171500105356e-16 5.0723833368452e-17
5.86923076923077e-09 0.000287574130095806 0.00135457792398476 425245.87225092 -47934.9339594178 1.53153132502405e-16 5.10510441674682e-17
6.14871794871795e-09 0.000405348875899389 0.00133163498060238 421395.879480711 -82089.4304507055 1.54141097242647e-16 5.1380365747549e-17
6.42820512820512e-09 0.000521280912036903 0.00129923271637812 414802.698106699 -115934.706857468 1.55135435174949e-16 5.17118117249829e-17
6.7076923076923e-09 0.000634610493707546 0.00125751913232721 405491.163775696 -149250.438347278 1.56136187411685e-16 5.20453958038951e-17
6.98717948717948e-09 0.000744589763116334 0.00120670324993055 393503.807976396 -181818.294813744 1.57143395330441e-16 5.23811317768135e-17
7.26666666666666e-09 0.000850487650458244 0.00114705415640534 378900.697828854 -213423.362154428 1.58157100575718e-16 5.27190335252395e-17
7.54615384615384e-09 0.000951594698221321 0.00107889965634317 361759.1617211 -243855.550681131 1.59177345060664e-16 5.30591150202214e-17
7.82564102564102e-09 0.00104722777719331 0.00100262453587431 342173.401826398 -272910.981494117 1.60204170968798e-16 5.34013903229327e-17
8.1051282051282e-09 0.00113673466305111 0.0009186684480561 320253.995270996 -300393.341734867 1.61237620755758e-16 5.37458735852528e-17
8.38461538461538e-09 0.00121949844311076 0.000827523430683341 296127.286451972 -326115.199774091 1.62277737151058e-16 5.40925790503526e-17
8.66410256410256e-09 0.00129494172371541 0.000729731070161334 269934.673723053 -349899.271592501 1.6332456315985e-16 5.44415210532834e-17
8.94358974358974e-09 0.00136253060983377 0.000625879327453997 241831.79436845 -371579.62987029 1.64378142064708e-16 5.47927140215693e-17
9.22307692307692e-09 0.00142177842972817 0.000516599044402316 211987.612466197 -391002.847616106 1.65438517427412e-16 5.51461724758039e-17
9.5025641025641e-09 0.00147224917902033 0.000402560150888437 180583.414898565 -408029.068535897 1.66505733090752e-16 5.55019110302508e-17
9.78205128205128e-09 0.00151356066012778 0.000284467595382526 147811.721393614 -422532.996764267 1.67579833180343e-16 5.58599443934475e-17
1.00615384615385e-08 0.00154538729485371 0.000163057023339346 113875.115074428 -434404.79905358 1.68660862106442e-16 5.6220287368814e-17
1.03410256410256e-08 0.00156746258987843 3.90902296958899e-05 78985.0005471801 -443550.913036221 1.69748864565794e-16 5.65829548552646e-17
1.06205128205128e-08 0.0015795812370088 -8.66495866519968e-05 43360.2970719536 -449894.755740145 1.70843885543471e-16 5.69479618478238e-17
1.09e-08 0.00158160083228115 -0.000213362737058842 7226.07482767807 -453377.327143757 1.7194597031474e-16 5.73153234382465e-17
1.11794871794872e-08 0.00157344320036946 -0.000340238095412064 -29187.8572986846 -453957.704199604 1.73055164446926e-16 5.76850548156421e-17
1.14589743589744e-08 0.00155509531320905 -0.000466458256787054 -65648.4036014826 -451613.421433449 1.74171513801307e-16 5.80571712671023e-17
1.17384615384615e-08 0.00152660979429223 -0.0005912047698834 -101920.664014314 -446340.73493188 1.75295064534999e-16 5.84316881783329e-17
1.20179487179487e-08 0.00148810500271017 -0.000713663409964666 -137769.437770676 -438154.767263245 1.76425863102872e-16 5.88086210342908e-17
1.22974358974359e-08 0.0014397646936877 -0.000833029458548156 -172960.738704229 -427089.531629003 1.7756395625947e-16 5.91879854198232e-17
1.25769230769231e-08 0.00138183725506903 -0.000948512955829841 -207263.31248884 -413197.834310614 1.78709391060939e-16 5.95697970203129e-17
1.28564102564103e-08 0.00131463452194407 -0.00105934389178605 -240450.146043434 -396551.055256176 1.79862214866979e-16 5.99540716223263e-17
1.31358974358974e-08 0.00123853017434086 -0.00116477730206948 -272299.959314218 -377238.807436109 1.81022475342798e-16 6.03408251142661e-17
1.34153846153846e-08 0.00115395772563058 -0.0012640982352125 -302598.669697353 -355368.476383284 1.82190220461085e-16 6.07300734870284e-17
1.36948717948718e-08 0.00106140811198136 -0.00135662655826516 -331140.819478845 -331064.642115027 1.83365498503992e-16 6.11218328346641e-17
1.3974358974359e-08 0.000961426895837527 -0.00144172156882517 -357730.956844918 -304468.386407367 1.84548358065131e-16 6.15161193550438e-17
1.42538461538462e-08 0.000854611098974038 -0.00151878638245956 -382184.961254683 -275736.489150583 1.85738848051584e-16 6.1912949350528e-17
1.45333333333333e-08 0.000741605683166231 -0.00158727206576665 -404331.304266465 -245040.51825473 1.86937017685922e-16 6.23123392286408e-17
1.48128205128205e-08 0.000623099698904146 -0.00164668148677571 -424012.237268012 -212565.818289299 1.88142916508245e-16 6.27143055027485e-17
1.50923076923077e-08 0.000499822124854104 -0.00169657285602274 -441084.897977216 -178510.403727889 1.89356594378227e-16 6.31188647927422e-17
1.53717948717949e-08 0.0003725374229115 -0.00173656293346402 -455422.328051517 -143083.763321998 1.90578101477176e-16 6.35260338257254e-17
1.56512820512821e-08 0.000242040835683745 -0.00176632987838461 -466914.394668116 -106505.582743419 1.91807488310115e-16 6.39358294367049e-17
1.59307692307692e-08 0.000109153455076937 -0.00178561572161455 -475468.609510597 -69004.3932080288 1.93044805707863e-16 6.43482685692876e-17
1.62102564102564e-08 -2.52829076785789e-05 -0.00179422844166836 -481010.839216983 -30816.1543209857 1.94290104829141e-16 6.47633682763804e-17
1.64897435897436e-08 -0.000160411018752077 -0.00179204362886023 -483485.902006093 7817.22013917584 1.95543437162687e-16 6.51811457208958e-17
1.67692307692308e-08 -0.000295363652093141 -0.00177900572400184 -482858.045899221 46649.3843557175 1.96804854529384e-16 6.56016181764613e-17
1.7048717948718e-08 -0.000429269119300922 -0.00175512882094803 -479111.30468839 85431.1210182285 1.98074409084401e-16 6.60248030281336e-17
1.73282051282051e-08 -0.000561256863951497 -0.00172049702499966 -472249.728566278 123911.93045748 1.99352153319352e-16 6.64507177731175e-17
1.76076923076923e-08 -0.000690463084711094 -0.00167526436198654 -462297.487121494 161841.638303794 2.00638140064467e-16 6.6879380021489e-17
1.78871794871795e-08 -0.000816036351147124 -0.00161965423571852 -449298.843211484 198972.011417694 2.01932422490772e-16 6.73108074969241e-17
1.81666666666667e-08 -0.00093714317596328 -0.00155395843439106 -433317.997048632 235058.371722095 2.03235054112293e-16 6.77450180374311e-17
1.84461538461539e-08 -0.00105297350743206 -0.00147853568944541 -414438.800668113 269861.197511963 2.04546088788264e-16 6.81820295960879e-17
1.8725641025641e-08 -0.00116274610607918 -0.00139380979329269 -392764.343783277 303147.701830859 2.05865580725355e-16 6.86218602417852e-17
1.90051282051282e-08 -0.00126571377018913 -0.00130026728519853 -368416.412870465 334693.37758461 2.07193584479918e-16 6.90645281599725e-17
1.92846153846154e-08 -0.00136116837544779 -0.00119845471747053 -341534.826154849 364283.499210276 2.08530154960233e-16 6.9510051653411e-17
1.95641025641026e-08 -0.00144844569501329 -0.0010889755168764 -312276.647986643 391714.57093312 2.09875347428789e-16 6.99584491429296e-17
1.98435897435898e-08 -0.00152692996750518 -0.000972486458928239 -280815.286897576 416795.711924602 2.11229217504561e-16 7.0409739168187e-17
2.01230769230769e-08 -0.00159605818181853 -0.000849693775279362 -247339.482405551 439349.969018916 2.12591821165313e-16 7.08639403884377e-17
2.04025641025641e-08 -0.00165532404929558 -0.000721348916977463 -212052.18638578 459215.548052668 2.13963214749913e-16 7.13210715833045e-17
2.06820512820513e-08 -0.00170428163561438 -0.000588243998684661 -175169.345544341 476246.955359567 2.15343454960661e-16 7.17811516535537e-17
2.09615384615385e-08 -0.00174254862677057 -0.000451206951194939 -136918.592210239 490316.041476986 2.16732598865633e-16 7.22441996218777e-17
2.12410256410257e-08 -0.00176980920572366 -0.000311096411637538 -97537.8513000335 501312.939700792 2.18130703901042e-16 7.27102346336808e-17
2.15205128205128e-08 -0.00178581651863944 -0.000168796382636594 -57273.8719004997 509146.892755671 2.19537827873613e-16 7.31792759578711e-17
2.18e-08 -0.0017903947121719 -2.52106933894427e-05 -16380.6924555675 513746.961526506 2.20954028962971e-16 7.36513429876571e-17
2.20794871794872e-08 -0.00178344052587516 0.000118742702883559 24881.9509699592 515062.610518081 2.22379365724049e-16 7.41264552413497e-17
2.23589743589744e-08 -0.0017649244266035 0.000262137559387053 66250.2634490823 513064.165471216 2.23813897089507e-16 7.46046323631689e-17
2.26384615384616e-08 -0.00173489127462678 0.000404045257310361 107458.06670567 507743.139358625 2.25257682372169e-16 7.50858941240564e-17
2.29179487179487e-08 -0.00169346051414384 0.000543540780887611 148238.500810547 499112.423808507 2.26710781267478e-16 7.55702604224928e-17
2.31974358974359e-08 -0.00164082588389644 0.000679708707759321 188325.74125216 487206.343852909 2.28173253855961e-16 7.60577512853204e-17
2.34769230769231e-08 -0.00157725464665519 0.000811649176091365 227456.720404471 472080.57476603 2.29645160605714e-16 7.65483868685713e-17
2.37564102564103e-08 -0.00150308633944392 0.000938483789808501 265372.842315556 453811.920639293 2.31126562374902e-16 7.70421874583005e-17
2.40358974358975e-08 -0.00141873104947313 0.00105936142344961 301821.679711992 432497.95522965 2.32617520414276e-16 7.75391734714252e-17
2.43153846153846e-08 -0.00132466722384456 0.00117346388855098 336558.642157248 408256.526509479 2.34118096369706e-16 7.80393654565686e-17
2.45948717948718e-08 -0.00122143902414854 0.0012800114241115 369348.604416977 381225.127234921 2.35628352284728e-16 7.85427840949092e-17
2.4874358974359e-08 -0.00110965324008327 0.00137826797458696 399967.484270214 351560.134728707 2.3714835060311e-16 7.90494502010368e-17
2.51538461538462e-08 -0.000989975779161284 0.00146754621999523 428203.759262163 319435.923937837 2.38678154171436e-16 7.95593847238121e-17
2.54333333333334e-08 -0.000863127752412507 0.00154721232408509 453859.912220394 285043.858670132 2.40217826241701e-16 8.00726087472336e-17
2.57128205128205e-08 -0.000729881178728497 0.00161669036812022 476753.795750127 248591.166731194 2.41767430473927e-16 8.05891434913091e-17
2.59923076923077e-08 -0.000591054333098146 0.00167546643964876 496719.906383826 210299.705469114 2.43327030938798e-16 8.11090103129328e-17
2.62717948717949e-08 -0.000447506766445466 0.0017230923476569 513610.559582984 170404.624983233 2.44896692120306e-16 8.16322307067687e-17
2.65512820512821e-08 -0.00030013402707718 0.0017591889377304 527296.957372766 129152.936960228 2.46476478918418e-16 8.21588263061395e-17
2.68307692307693e-08 -0.000149862115866292 0.00178344898325845 537670.141029784 86801.9977609215 2.48066456651761e-16 8.26888188839203e-17
2.71102564102564e-08 2.35829077732205e-06 0.00179563963129412 544641.821935866 43617.9149900106 2.49666691060319e-16 8.32222303534395e-17
2.73897435897436e-08 0.00015555781438063 0.00179560438442082 548145.084452203 -126.112665925917 2.51277248308155e-16 8.37590827693849e-17
2.76692307692308e-08 0.000308754507058845 0.00178326460284698 548134.955454165 -44151.5120532068 2.52898194986145e-16 8.4299398328715e-17
2.7948717948718e-08 0.000460960104810645 0.00175862051394415 544588.835992677 -88176.0979091862 2.54529598114731e-16 8.48431993715771e-17
2.82282051282052e-08 0.000611186361896521 0.00172175171953896 537506.791408179 -131915.869890162 2.56171525146693e-16 8.53905083822311e-17
2.85076923076923e-08 0.000758451425961321 0.00167281719444628 526911.69711259 -175086.832900384 2.57824043969937e-16 8.59413479899791e-17
2.87871794871795e-08 0.000901786213038991 0.00161205477297153 512849.238167807 -217406.829129839 2.59487222910303e-16 8.64957409701009e-17
2.90666666666667e-08 0.00104024074131467 0.00153978012339117 495387.761720328 -258597.370058186 2.61161130734387e-16 8.70537102447956e-17
2.93461538461539e-08 0.00117289038252012 0.00145638521372418 474617.982294705 -298385.456606666 2.62845836652389e-16 8.76152788841297e-17
2.96256410256411e-08 0.00129884199010436 0.00136233627540985 450652.540897756 -336505.375620064 2.64541410320972e-16 8.81804701069905e-17
2.99051282051282e-08 0.00141723986385302 0.00125817127478894 423625.419834642 -372700.460937201 2.66247921846141e-16 8.87493072820469e-17
3.01846153846154e-08 0.00152727151142436 0.00114449690552415 393691.216080938 -406724.807461193 2.67965441786143e-16 8.93218139287145e-17
3.04641025641026e-08 0.00162817316832547 0.00102198511827099 361024.276985627 -438344.926869084 2.69694041154387e-16 8.98980137181289e-17
3.07435897435898e-08 0.0017192350391618 0.000891369207000474 325817.702992382 -467341.333903694 2.71433791422373e-16 9.04779304741243e-17
3.1023076923077e-08 0.00179980622455166 0.000753439474359962 288282.222954544 -493510.052566968 2.73184764522654e-16 9.10615881742181e-17
3.13025641025641e-08 0.00186929929989526 0.000609038501318854 248644.948477091 -516664.031981945 2.74947032851809e-16 9.16490109506029e-17
3.15820512820513e-08 0.00192719451421562 0.000459056049060963 207148.014540741 -536634.462207135 2.76720669273431e-16 9.22402230911437e-17
3.18615384615385e-08 0.0019730435795345 0.000304423623638369 164047.11444372 -553271.980869831 2.78505747121147e-16 9.28352490403824e-17
3.21410256410257e-08 0.00200647302369733 0.000146108736273761 119609.937830289 -566447.762130249 2.80302340201646e-16 9.34341134005486e-17
3.24205128205129e-08 0.00202718708220246 -1.48911056262578e-05 74114.5212568871 -576054.480192728 2.8211052279773e-16 9.40368409325767e-17
3.27e-08 0.00203497010740639 -0.000177554639721074 27847.5213718799 -582007.140339252 2.83930369671388e-16 9.46434565571294e-17
3.29794871794872e-08 0.00202968847645013 -0.000340843283486239 -18897.578650848 -584243.771269853 2.85761956066886e-16 9.52539853556287e-17
3.32589743589744e-08 0.00201129198236533 -0.000503707722202665 -65822.3182850485 -582725.973389047 2.87605357713877e-16 9.58684525712923e-17
3.35384615384616e-08 0.00197981469605262 -0.000665094608675384 -112625.152862017 -577439.318572116 2.89460650830533e-16 9.64868836101778e-17
3.38179487179488e-08 0.00193537529015812 -0.000823953332183859 -159003.378888549 -568393.597874358 2.91327912126698e-16 9.71093040422327e-17
3.40974358974359e-08 0.00187817681928797 -0.000979242813445103 -204655.079260176 -555622.914604451 2.93207218807056e-16 9.77357396023522e-17
3.43769230769231e-08 0.00180850595447124 -0.00112993828192428 -249281.075949779 -539185.621164031 2.95098648574328e-16 9.83662161914425e-17
3.46564102564103e-08 0.00172673167328933 -0.00127503799165962 -292586.877623342 -519164.099053059 2.97002279632478e-16 9.90007598774926e-17
3.49358974358975e-08 0.00163330341061006 -0.00141356983188239 -334284.609586387 -495664.382448434 2.98918190689954e-16 9.96393968966513e-17
3.52153846153847e-08 0.00152874867837619 -0.00154459778910924 -374094.913497349 -468815.62677498 3.00846460962937e-16 1.00282153654312e-16
3.54948717948718e-08 0.00141367016637773 -0.00166722821806304 -411748.804398138 -438769.424697057 3.0278717017862e-16 1.00929056726207e-16
3.5774358974359e-08 0.0012887423393624 -0.00178061587973618 -446989.47280716 -405698.972958939 3.04740398578499e-16 1.015801328595e-16
3.60538461538462e-08 0.0011547075491865 -0.00188396970614391 -479574.019895412 -369798.094486386 3.06706226921698e-16 1.02235408973899e-16
3.63333333333334e-08 0.00101237168395791 -0.00197655825281702 -509275.114120655 -331280.121123988 3.08684736488302e-16 1.02894912162767e-16
3.66128205128206e-08 0.000862599379250803 -0.00205771480184651 -535882.558126335 -290376.643316518 3.10676009082721e-16 1.0355866969424e-16
3.68923076923077e-08 0.000706308819458939 -0.00212684208030711 -559204.755218595 -247336.133941582 3.1268012703707e-16 1.04226709012357e-16
3.71717948717949e-08 0.00054446616017899 -0.00218341656114082 -579070.065313578 -202422.454359162 3.14697173214577e-16 1.04899057738192e-16
3.74512820512821e-08 0.000378079605159611 -0.00222699231606273 -595328.040895028 -155913.251555443 3.16727231013003e-16 1.05575743671001e-16
3.77307692307693e-08 0.000208193173796441 -0.00225720439274473 -607850.534235195 -108098.256018186 3.18770384368097e-16 1.06256794789366e-16
3.80102564102565e-08 3.58801973816558e-05 -0.00227377169142291 -616532.667906111 -59277.4906833655 3.20826717757061e-16 1.06942239252354e-16
3.82897435897436e-08 -0.000137763415687116 -0.0022764993191427 -621293.661438724 -9759.40193319781 3.22896316202046e-16 1.07632105400682e-16
3.85692307692308e-08 -0.000311626103783923 -0.00226528040308559 -622077.507869308 40141.0758006512 3.24979265273667e-16 1.08326421757889e-16
3.8848717948718e-08 -0.000484587721572674 -0.00224009734779032 -618853.494840486 90104.5097720796 3.27075651094539e-16 1.09025217031513e-16
3.91282051282052e-08 -0.000655526710501633 -0.00220102252457117 -611616.565892605 139809.000508861 3.29185560342841e-16 1.0972852011428e-16
3.94076923076924e-08 -0.000823327324669958 -0.00214821838502335 -600387.518583916 188932.242418818 3.31309080255896e-16 1.10436360085299e-16
3.96871794871795e-08 -0.00098688686581066 -0.00208193699416792 -585213.037108933 237153.600308419 3.33446298633782e-16 1.11148766211261e-16
3.99666666666667e-08 -0.00114512288077714 -0.0020025189825043 -566165.55813693 284156.188521196 3.35597303842959e-16 1.11865767947653e-16
4.02461538461539e-08 -0.00129698027486164 -0.0019103919199818 -543342.969660167 329628.939300692 3.37762184819925e-16 1.12587394939975e-16
4.05256410256411e-08 -0.00144143829451596 -0.00180606811865034 -516868.143717285 373268.6469658 3.39941031074892e-16 1.13313677024964e-16
4.08051282051283e-08 -0.00157751733358742 -0.00169014187447961 -486888.304934562 414781.974555807 3.42133932695486e-16 1.14044644231829e-16
4.10846153846154e-08 -0.00170428551802595 -0.00156328616252146 -453574.237899346 453887.409758536 3.44340980350474e-16 1.14780326783491e-16
4.13641025641026e-08 -0.00182086502515637 -0.00142624880320787 -417119.337439101 490317.157177062 3.46562265293512e-16 1.15520755097837e-16
4.16435897435898e-08 -0.0019264380950389 -0.00127984812110371 -377738.50691915 523818.954317625 3.48797879366917e-16 1.16265959788972e-16
4.1923076923077e-08 -0.0020202526931536 -0.00112496812084464 -335666.910685631 554157.79909207 3.51047915005466e-16 1.17015971668489e-16
4.22025641025642e-08 -0.00210162778563026 -0.000962553208264903 -291158.587760531 581117.577120178 3.53312465240216e-16 1.17770821746739e-16
4.24820512820513e-08 -0.00216995819049485 -0.000793602487834139 -244484.934836593 604502.577688055 3.55591623702351e-16 1.18530541234117e-16
4.27615384615385e-08 -0.00222471897090286 -0.000619163670456442 -195933.067514907 624138.887865152 3.57885484627056e-16 1.19295161542352e-16
4.30410256410257e-08 -0.00226546933906505 -0.000440326628417785 -145804.069571129 639875.655000699 3.60194142857409e-16 1.20064714285803e-16
4.33205128205129e-08 -0.00229185604252547 -0.000258216636781647 -94411.1408216964 651586.208606365 3.62517693848306e-16 1.20839231282769e-16
4.36000000000001e-08 -0.00230361620760836 -7.39873428087573e-05 -42077.6548837399 659169.033480983 3.64856233670405e-16 1.21618744556802e-16
4.38794871794872e-08 -0.00230057961818948 0.000111186493000446 10864.8612235238 662548.58684027 3.672098590141e-16 1.22403286338033e-16
4.41589743589744e-08 -0.00228267041144936 0.000296116438887559 64078.8131068503 661675.953174073 3.69578667193518e-16 1.23192889064506e-16
4.44384615384616e-08 -0.00224990817590851 0.000479607970015866 117222.677623232 656529.331559996 3.71962756150544e-16 1.23987585383515e-16
4.47179487179488e-08 -0.00220240844080551 0.000660468134840947 169953.180643758 647114.351209006 3.74362224458868e-16 1.24787408152956e-16
4.4997435897436e-08 -0.00214038254973482 0.000837513260786697 221927.50016117 633464.212099471 3.76777171328063e-16 1.25592390442688e-16
4.52769230769231e-08 -0.00206413691538737 0.0010095766497723 272805.480692728 615639.64866408 3.79207696607685e-16 1.26402565535895e-16
4.55564102564103e-08 -0.00197407165620903 0.00117551621388216 322251.844766517 593728.71562244 3.81653900791402e-16 1.27217966930467e-16
4.58358974358975e-08 -0.00187067861978466 0.00133422200153627 369938.387206458 567846.396193611 3.84115885021153e-16 1.28038628340384e-16
4.61153846153847e-08 -0.0017545388017422 0.00148462356490459 415546.137950106 538134.034070129 3.86593751091322e-16 1.28864583697107e-16
4.63948717948719e-08 -0.00162631917292778 0.00162569712001539 458767.479244268 504758.591680859 3.89087601452954e-16 1.29695867150985e-16
4.6674358974359e-08 -0.00148676893150201 0.0017564724520317 499308.203266485 467911.73840695 3.91597539217988e-16 1.30532513072663e-16
4.69538461538462e-08 -0.00133671520042483 0.00187603951950705 536889.496514694 427808.773535668 3.94123668163518e-16 1.31374556054506e-16
4.72333333333334e-08 -0.00117705819450586 0.00198355471307601 571249.837691726 384687.389833911 3.9666609273609e-16 1.3222203091203e-16
4.75128205128206e-08 -0.0010087658847753 0.00207824672597633 602146.796283654 338806.284689219 3.99224918056015e-16 1.33074972685338e-16
4.77923076923078e-08 -0.000832868191351685 0.00215942199602909 629358.719589087 290443.62679427 4.01800249921716e-16 1.33933416640572e-16
4.80717948717949e-08 -0.000650450739225836 0.0022264696812071 652686.296597074 239895.387334151 4.04392194814107e-16 1.34797398271369e-16
4.83512820512821e-08 -0.000462648214421821 0.00227886613368623 671953.987830878 187473.545567554 4.07000859900988e-16 1.35666953300329e-16
4.86307692307693e-08 -0.000270637360815267 0.0023161788402832 687011.311069322 133504.179567136 4.09626353041483e-16 1.36542117680494e-16
4.89102564102565e-08 -7.56296604673183e-05 0.00233806980041834 697733.973722018 78325.4536945272 4.12268782790497e-16 1.37422927596832e-16
4.91897435897437e-08 0.00012113625734943 0.0023442983161844 704024.843564512 22285.5151262831 4.14928258403203e-16 1.38309419467734e-16
4.94692307692308e-08 0.000318402431215113 0.00233472317273067 705814.750528589 -34259.6875867375 4.1760488983956e-16 1.3920162994652e-16
4.9748717948718e-08 0.000514899557748806 0.00230930419096411 703063.113285693 -90948.6503574412 4.20298787768861e-16 1.40099595922954e-16
5.00282051282052e-08 0.000709355106503125 0.00226810313850225 695758.385451232 -147416.609725901 4.23010063574308e-16 1.41003354524769e-16
5.03076923076924e-08 0.000900501508023875 0.00221128398886173 683918.31736782 -203297.874860572 4.25738829357616e-16 1.41912943119205e-16
5.05871794871796e-08 0.00108708436272696 0.00213911252300588 667590.030589026 -258228.18058517 4.28485197943651e-16 1.4282839931455e-16
5.08666666666667e-08 0.00126787061777278 0.00205195527157953 646849.903374943 -311847.046387864 4.31249282885089e-16 1.43749760961696e-16
5.11461538461539e-08 0.00144165665898401 0.00195027780040136 621803.266719084 -363800.126233806 4.3403119846712e-16 1.44677066155707e-16
5.14256410256411e-08 0.00160727626505922 0.00183464234603722 592583.911645248 -413741.533963443 4.36831059712164e-16 1.45610353237388e-16
5.17051282051283e-08 0.00176360837188266 0.0017057048125144 559353.409735247 -461336.129118358 4.39648982384634e-16 1.46549660794878e-16
5.19846153846155e-08 0.00190958459561901 0.00156421114442943 522300.250065822 -506261.748193902 4.42485082995717e-16 1.47495027665239e-16
5.22641025641026e-08 0.00204419646450679 0.00141099309582309 481638.796937926 -548211.366573139 4.45339478808196e-16 1.48446492936065e-16
5.25435897435898e-08 0.00216650231082031 0.00124696341821898 437608.073965833 -586895.176748674 4.48212287841296e-16 1.49404095947099e-16
5.2823076923077e-08 0.00227563377634904 0.00107311049512004 390470.381249586 -622042.568886101 4.51103628875561e-16 1.50367876291854e-16
5.31025641025642e-08 0.00237080188693549 0.00089049245400418 340509.753474425 -653404.00032281 4.54013621457772e-16 1.51337873819257e-16
5.33820512820514e-08 0.00245130265410593 0.000700230790430793 288030.267857571 -680752.741225882 4.56942385905884e-16 1.52314128635295e-16
5.36615384615385e-08 0.00251652216460822 0.000503503542240874 233354.211888909 -703886.484349252 4.59890043314002e-16 1.53296681104667e-16
5.39410256410257e-08 0.00256594112172129 0.000301538054980407 176820.121780714 -722628.807629192 4.62856715557389e-16 1.54285571852463e-16
5.42205128205129e-08 0.00259913880550492 9.56033825791485e-05 118780.703446016 -736830.479233861 4.65842525297506e-16 1.55280841765835e-16
5.45000000000001e-08 0.00261579642269429 -0.000112997630046191 59600.6486592235 -746370.595631948 4.68847595987079e-16 1.56282531995693e-16
5.47794871794873e-08 0.00261569982069259 -0.000322936533442429 -345.640189572128 -751157.544261772 4.7187205187521e-16 1.57290683958403e-16
5.50589743589744e-08 0.00259874154405199 -0.000532867678050298 -60676.4026590425 -751129.783459346 4.74916018012508e-16 1.58305339337503e-16
5.53384615384616e-08 0.00256492221593552 -0.000741436783805316 -121004.935462593 -746256.433435387 4.77979620256264e-16 1.59326540085421e-16
5.56179487179488e-08 0.00251435123129387 -0.000947289620693626 -180942.055139866 -736537.673270099 4.81062985275652e-16 1.60354328425217e-16
5.5897435897436e-08 0.00244724675284542 -0.00114908074498174 -240098.5926137 -722004.940113422 4.84166240556967e-16 1.61388746852322e-16
5.61769230769232e-08 0.00236393500538813 -0.0013454822351234 -298087.903746262 -702720.928029822 4.87289514408897e-16 1.62429838136299e-16
5.64564102564103e-08 0.002264848868469 -0.00153519237098772 -354528.379802399 -678779.385202595 4.90432935967827e-16 1.63477645322609e-16
5.67358974358975e-08 0.00215052577196354 -0.00171694420005454 -409045.941625035 -650304.709505148 4.9359663520318e-16 1.64532211734393e-16
5.70153846153847e-08 0.00202160490364365 -0.00188951393458909 -461276.501328048 -617451.343747457 4.96780742922787e-16 1.65593580974262e-16
5.72948717948719e-08 0.00187882374230912 -0.00205172912453657 -510868.375417116 -580402.973206599 4.99985390778301e-16 1.666617969261e-16
5.75743589743591e-08 0.00172301393449634 -0.0022024765519682 -557484.633458583 -539371.529342523 5.03210711270635e-16 1.67736903756878e-16
5.78538461538462e-08 0.00155509653712829 -0.00234070979435653 -600805.36672971 -494596.00487565 5.06456837755445e-16 1.68818945918482e-16
5.81333333333334e-08 0.0013760766527046 -0.00246545640575446 -640529.86169944 -446341.086653166 5.09723904448639e-16 1.69907968149546e-16
5.84128205128206e-08 0.00118703748772038 -0.00257582466708857 -676378.663705019 -394895.613947743 5.13012046431931e-16 1.7100401547731e-16
5.86923076923078e-08 0.000989133868921398 -0.00267100985924204 -708095.516803701 -340570.871007819 5.16321399658424e-16 1.72107133219475e-16
5.8971794871795e-08 0.000783585255723716 -0.00275030001538233 -735449.166487119 -283698.723804711 5.19652100958229e-16 1.73217366986076e-16
5.92512820512821e-08 0.000571668290623281 -0.002813081112067 -758235.012744678 -224629.611991009 5.23004288044128e-16 1.74334762681376e-16
5.95307692307693e-08 0.000354708932671186 -0.0028588416620203 -776276.601846945 -163730.408089792 5.26378099517263e-16 1.75459366505754e-16
5.98102564102565e-08 0.000134074222070642 -0.00288717667509372 -789426.946185432 -101382.156868189 5.29773674872867e-16 1.76591224957622e-16
6.00897435897437e-08 -8.88362733587446e-05 -0.00289779095778315 -797569.662545511 -37977.708705294 5.33191154506036e-16 1.77730384835345e-16
6.03692307692308e-08 -0.000312599276724198 -0.00289050172575128 -800619.920298411 26080.7384626415 5.36630679717528e-16 1.78876893239176e-16
6.0648717948718e-08 -0.000535776830433106 -0.00286524050807056 -798525.192169488 90384.173353015 5.4009239271961e-16 1.80030797573203e-16
6.09282051282052e-08 -0.000756925477509542 -0.00282205432633379 -791265.801466145 154519.36584717 5.43576436641935e-16 1.81192145547312e-16
6.12076923076924e-08 -0.000974605537613473 -0.00276110613634837 -778855.260922322 218071.505452431 5.47082955537462e-16 1.82360985179154e-16
6.14871794871795e-08 -0.00118739041853556 -0.00268267452480805 -761340.399629489 280626.866979129 5.50612094388409e-16 1.83537364796136e-16
6.17666666666667e-08 -0.00139387590332952 -0.0025871526580928 -738801.275868296 341775.486412353 5.54163999112252e-16 1.84721333037417e-16
6.20461538461539e-08 -0.00159268935301518 -0.00247504648515356 -711350.875022098 401113.829782594 5.57738816567755e-16 1.85912938855918e-16
6.2325641025641e-08 -0.00178249876494256 -0.00234697220126297 -679134.593134633 458247.437773692 5.61336694561042e-16 1.87112231520347e-16
6.26051282051282e-08 -0.0019620216274518 -0.00220365298422494 -642329.508060584 512793.528851661 5.6495778185171e-16 1.88319260617237e-16
6.28846153846154e-08 -0.00213003351239516 -0.00204591501940407 -601143.441540496 564383.543854466 5.68602228158978e-16 1.89534076052993e-16
6.31641025641026e-08 -0.00228537634840103 -0.00187468283462895 -555813.816901733 612665.615250424 5.7227018416788e-16 1.9075672805596e-16
6.34435897435897e-08 -0.00242696631945106 -0.00169097397061125 -506606.318435866 657306.944650509 5.7596180153549e-16 1.91987267178497e-16
6.37230769230769e-08 -0.00255380133540111 -0.00149589301697435 -453813.359821284 697996.072645788 5.796772328972e-16 1.93225744299067e-16
6.40025641025641e-08 -0.00266496802349358 -0.00129062504827177 -397752.370239129 734445.025633084 5.83416631873023e-16 1.94472210624341e-16
6.42820512820513e-08 -0.00275964819267003 -0.00107642849846785 -338763.908062528 766391.324986504 5.87180153073952e-16 1.95726717691317e-16
6.45615384615384e-08 -0.00283712472558307 -0.000854627516223903 -277209.613175076 793599.844726042 5.90967952108346e-16 1.96989317369449e-16
6.48410256410256e-08 -0.00289678685660734 -0.000626603846955323 -213470.010086845 815864.504722443 5.9478018558837e-16 1.9826006186279e-16
6.51205128205128e-08 -0.00293813479784127 -0.000393788290974368 -147942.17505717 833009.787454791 5.98617011136466e-16 1.99539003712155e-16
6.54e-08 -0.00296078367905192 -0.000157651790086128 -81037.2813959202 844892.067398292 6.0247858739187e-16 2.0082619579729e-16
6.56794871794871e-08 -0.00296446677172156 8.03038022603e-05 -13178.0379922722 851400.74325786 6.06365074017175e-16 2.02121691339058e-16
6.59589743589743e-08 -0.00294903797177984 0.000318555209766546 55203.9630942003 852459.16447189 6.10276631704928e-16 2.03425543901643e-16
6.62384615384615e-08 -0.00291447352022406 0.00055556742148546 123670.973456482 848025.344682351 6.1421342218428e-16 2.0473780739476e-16
6.65179487179486e-08 -0.00286087294561152 0.000789803518216739 191781.872466893 838092.456194485 6.18175608227664e-16 2.06058536075888e-16
6.67974358974358e-08 -0.00278845921732485 0.00101973457460078 259094.991117411 822689.100823647 6.22163353657534e-16 2.07387784552511e-16
6.7076923076923e-08 -0.00269757810353028 0.00124384957352236 325170.957613617 801879.353939594 6.26176823353133e-16 2.08725607784378e-16
6.73564102564102e-08 -0.0025886967328401 0.00146066526894738 389575.546506148 775762.579961058 6.30216183257313e-16 2.10072061085771e-16
6.76358974358973e-08 -0.00246240136382125 0.00166873593323659 451882.51300321 744473.019016455 6.34281600383395e-16 2.11427200127798e-16
6.79153846153845e-08 -0.00231939437162829 0.00186666292531286 511676.394084912 708179.145960974 6.38373242822072e-16 2.12791080940691e-16
6.81948717948717e-08 -0.00216049046614933 0.0020531040168036 568555.258135719 667082.804416391 6.42491279748365e-16 2.14163759916122e-16
6.84743589743589e-08 -0.00198661216110373 0.00222678241443582 622133.385025554 621418.119968516 6.46635881428611e-16 2.15545293809537e-16
6.8753846153846e-08 -0.0017987845184875 0.00238649541852253 672043.858902097 571450.198108406 6.50807219227509e-16 2.16935739742503e-16
6.90333333333332e-08 -0.00159812919759466 0.00253112265933835 717941.056405574 517473.613928138 6.55005465615201e-16 2.18335155205067e-16
6.93128205128204e-08 -0.00138585784251708 0.0026596338555301 759503.013580349 459810.701970496 6.59230794174404e-16 2.19743598058135e-16
6.95923076923076e-08 -0.00116326484651165 0.00277109604143088 796433.655432274 398809.655975284 6.63483379607588e-16 2.21161126535863e-16
6.98717948717947e-08 -0.00093171953589089 0.00286468021322935 828464.872863262 334842.449554161 6.67763397744199e-16 2.22587799248066e-16
7.01512820512819e-08 -0.000692657820112777 0.00293966734737215 855358.432600589 268302.590052204 6.72071025547928e-16 2.24023675182643e-16
7.04307692307691e-08 -0.000447573358490206 0.00299545374832611 876907.706722959 199602.719009571 6.7640644112403e-16 2.2546881370801e-16
7.07102564102562e-08 -0.000198008297383958 0.00303155568687659 892939.209462723 129172.073712725 6.80769823726687e-16 2.26923274575562e-16
7.09897435897434e-08 5.4456365138817e-05 0.00304761329446441 903313.930127361 57453.8253142258 6.85161353766416e-16 2.28387117922139e-16
7.12692307692306e-08 0.000308210727427785 0.00304339368364052 907928.452226585 -15097.6901038043 6.89581212817534e-16 2.29860404272511e-16
7.15487179487178e-08 0.000561626182998351 0.00301879326951672 906715.850206611 -88019.8303512129 6.94029583625663e-16 2.31343194541888e-16
7.18282051282049e-08 0.000813065805732661 0.00297383927208285 899646.356572302 -160844.577974403 6.98506650115285e-16 2.32835550038428e-16
7.21076923076921e-08 0.00106089485574231 0.00290869038441526 886727.7936125 -233101.524682207 7.03012597397348e-16 2.34337532465783e-16
7.23871794871793e-08 0.00130349133889957 0.00282363659708529 868005.765425064 -304320.890446668 7.07547611776919e-16 2.3584920392564e-16
7.26666666666665e-08 0.00153925655226565 0.00271909817445732 843563.607456619 -374036.558026705 7.12111880760886e-16 2.37370626920295e-16
7.29461538461536e-08 0.0017666255472982 0.00259562378400899 813522.092318294 -441789.103438962 7.16705593065715e-16 2.38901864355238e-16
7.32256410256408e-08 0.00198407744281134 0.00245388778527753 778038.892202969 -507128.802800641 7.21328938625246e-16 2.40442979541749e-16
7.3505128205128e-08 0.00219014552019183 0.00229468669049936 737307.799801759 -569618.595995275 7.25982108598553e-16 2.41994036199518e-16
7.37846153846152e-08 0.00238342703434425 0.00211893481443177 691557.711187581 -628836.9877648 7.30665295377843e-16 2.43555098459281e-16
7.40641025641023e-08 0.00256259267524266 0.00192765913618825 641051.375691556 -684380.867109834 7.35378692596412e-16 2.45126230865471e-16
7.43435897435895e-08 0.00272639561679997 0.00172199340114998 586083.919333473 -735868.226283713 7.40122495136653e-16 2.46707498378884e-16
7.46230769230767e-08 0.00287368009202023 0.00150317149609866 526981.149870664 -782940.761192797 7.4489689913811e-16 2.4829896637937e-16
7.49025641025638e-08 0.00300338943606113 0.0012725201356184 464097.652990378 -825266.335663305 7.49702102005591e-16 2.4990070066853e-16
7.5182051282051e-08 0.00311457354188976 0.00103145090250253 397814.690579496 -862541.292799918 7.54538302417328e-16 2.51512767472443e-16
7.54615384615382e-08 0.00320639567664732 0.000781451689344026 328537.913352738 -894492.597539598 7.59405700333194e-16 2.53135233444398e-16
7.57410256410254e-08 0.00327813861062757 0.000524077592655674 256694.901397239 -920879.795490434 7.64304497002968e-16 2.54768165667656e-16
7.60205128205125e-08 0.00332921001489783 0.000260941314728658 182732.547388975 -941496.774234275 7.69234894974656e-16 2.56411631658219e-16
7.62999999999997e-08 0.00335914708802544 -6.29686802983831e-06 107114.298346526 -956173.314457006 7.74197098102868e-16 2.58065699367623e-16
7.65794871794869e-08 0.0033676203770908 -0.0002759395083641 30317.2728026433 -964776.419544607 7.79191311557245e-16 2.59730437185748e-16
7.68589743589741e-08 0.00335443676314037 -0.000546262698329851 -47170.7288134432 -967211.413638923 7.84217741830943e-16 2.61405913943648e-16
7.71384615384612e-08 0.00331954158643138 -0.000815527019237028 -124854.30198631 -963422.79957614 7.89276596749168e-16 2.63092198916389e-16
7.74179487179484e-08 0.00326301989220918 -0.00108198866228596 -202233.584831727 -953394.869624601 7.94368085477773e-16 2.64789361825924e-16
7.76974358974356e-08 0.00318509678330797 -0.00134391064926068 -278807.453866701 -937152.063487543 7.99492418531904e-16 2.66497472843968e-16
7.79769230769228e-08 0.00308613687153842 -0.00159957408154216 -354076.74853325 -914759.069631 8.04649807784704e-16 2.68216602594901e-16
7.82564102564099e-08 0.00296664282558766 -0.00184728934505855 -427547.503860536 -886320.667627441 8.09840466476072e-16 2.69946822158691e-16
7.85358974358971e-08 0.00282725301897066 -0.00208540719860702 -498734.170464498 -851981.310861511 8.15064609221485e-16 2.71688203073828e-16
7.88153846153843e-08 0.00266873828740028 -0.00231232967326605 -567162.801031645 -811924.450614873 8.20322452020865e-16 2.73440817340288e-16
7.90948717948714e-08 0.00249199781074856 -0.00252652071136914 -632374.182515328 -766371.604222059 8.25614212267511e-16 2.75204737422504e-16
7.93743589743586e-08 0.002298054140517 -0.00272651647472984 -693926.89348904 -715581.171657539 8.30940108757095e-16 2.76980036252365e-16
7.96538461538458e-08 0.00208804739938057 -0.00291093525348779 -751400.266451465 -659847.006565169 8.36300361696695e-16 2.78766787232232e-16
7.9933333333333e-08 0.00186322868488229 -0.00307848690907928 -804397.235360828 -599496.749364022 8.41695192713914e-16 2.80565064237971e-16
8.02128205128201e-08 0.00162495271469633 -0.00322798178741185 -852547.049289204 -534889.931648642 8.47124824866033e-16 2.82374941622011e-16
8.04923076923073e-08 0.00137466975601111 -0.00335833904132822 -895507.833827846 -466415.862636576 8.52589482649238e-16 2.84196494216413e-16
8.07717948717945e-08 0.00111391688647659 -0.00346859430486196 -932968.982738192 -394491.309891366 8.58089392007903e-16 2.86029797335968e-16
8.10512820512817e-08 0.000844308638777958 -0.00355790666559816 -964653.363325379 -319557.987955182 8.63624780343929e-16 2.8787492678131e-16
8.13307692307688e-08 0.000567527085209839 -0.00362556488563381 -990319.320106114 -242079.869852333 8.6919587652615e-16 2.8973195884205e-16
8.1610256410256e-08 0.000285311422601266 -0.00367099282616044 -1009762.46254444 -162540.337664092 8.74802910899791e-16 2.9160097029993e-16
8.18897435897432e-08 -5.52878445842615e-07 -0.0036937540355385 -1022817.22393002 -81439.1895178307 8.80446115295997e-16 2.93482038431999e-16
8.21692307692304e-08 -0.000288245292818838 -0.00369355546587058 -1029358.17986668 710.478628350771 8.86125723041415e-16 2.95375241013805e-16
8.24487179487175e-08 -0.000575921758660716 -0.00367025028847649 -1029301.11631498 83385.4970981129 8.91841968967843e-16 2.97280656322614e-16
8.27282051282047e-08 -0.000861726421267157 -0.0036238397842953 -1022603.8386836 166055.932391403 8.97595089421939e-16 2.99198363140646e-16
8.30076923076919e-08 -0.0011438035288151 -0.0035544742910521 -1009266.71507979 248188.46206282 9.03385322274992e-16 3.01128440758331e-16
8.3287179487179e-08 -0.00142030940416494 -0.00346245319499488 -989332.94849945 329249.793232253 9.0921290693276e-16 3.03070968977587e-16
8.35666666666662e-08 -0.00168942441599912 -0.00334822396109151 -962888.574452539 408710.102957027 9.15078084345365e-16 3.05026028115122e-16
8.38461538461534e-08 -0.00194936487206887 -0.00321238020174009 -930062.182267919 486046.47841333 9.20981097017257e-16 3.06993699005752e-16
8.41256410256406e-08 -0.00219839475732562 -0.00305565879024878 -891024.360092951 560746.334693664 9.26922189017242e-16 3.08974063005747e-16
8.44051282051277e-08 -0.00243483724021545 -0.00287893603154344 -845986.865385662 632310.788028298 9.32901605988571e-16 3.1096720199619e-16
8.46846153846149e-08 -0.00265708587141619 -0.00268322290872355 -795201.5244797 700257.962383093 9.38919595159101e-16 3.12973198386367e-16
8.49641025641021e-08 -0.00286361540079174 -0.00246965943016861 -738958.866573083 764126.207673626 9.44976405351508e-16 3.14992135117169e-16
8.52435897435893e-08 -0.00305299214032277 -0.00223950810785856 -677586.499239461 823477.208265312 9.51072286993586e-16 3.17024095664529e-16
8.55230769230764e-08 -0.0032238838032352 -0.00199414660337412 -611447.23427381 877898.96099937 9.57207492128594e-16 3.19069164042865e-16
8.58025641025636e-08 -0.00337506875247712 -0.00173505958364732 -540936.974351838 927008.602692234 9.63382274425677e-16 3.21127424808559e-16
8.60820512820508e-08 -0.00350544459507362 -0.00146382983390156 -466482.372592968 970455.067897677 9.69596889190361e-16 3.23198963063454e-16
8.6361538461538e-08 -0.00361403606269902 -0.00118212868031844 -388538.278659692 1007921.55869191 9.758515933751e-16 3.25283864458367e-16
8.66410256410251e-08 -0.003700002123026 -0.000891705779760173 -307584.986491054 1039127.80933691 9.82146645589906e-16 3.27382215196635e-16
8.69205128205123e-08 -0.00376264227101526 -0.000594378338329433 -224125.300145045 1063832.1298898 9.88482306113042e-16 3.29494102037681e-16
8.71999999999995e-08 -0.00380140195427159 -0.000292019824631283 -138681.435504306 1081833.21414935 9.94858836901778e-16 3.31619612300593e-16
8.74794871794866e-08 -0.00381587709188248 1.34517527134931e-05 -51791.7767728982 1092971.69875654 1.00127650160323e-15 3.33758833867743e-16
8.77589743589738e-08 -0.00380581765174101 0.000320085930494871 35992.4922493068 1097131.46178658 1.00773556556525e-15 3.35911855188417e-16
8.8038461538461e-08 -0.00377113025720292 0.000625912163660119 124110.861191311 1094240.65077474 1.01423629584742e-15 3.38078765282472e-16
8.83179487179482e-08 -0.00371187980000112 0.000928952407419352 211997.048703692 1084272.43179909 1.02077896123205e-15 3.40259653744015e-16
8.85974358974353e-08 -0.00362829004260245 0.00122723382889562 299082.618215418 1067245.45298849 1.02736383223534e-15 3.42454610745112e-16
8.88769230769225e-08 -0.00352074319960222 0.00151880156715454 384800.630918266 1043224.01762364 1.03399118111854e-15 3.44663727039513e-16
8.91564102564097e-08 -0.00338977849427066 0.00180173145961272 468589.312654204 1012317.96384121 1.04066128189921e-15 3.46887093966403e-16
8.94358974358969e-08 -0.00323608969295178 0.00207414265251233 549895.711140962 974682.249824308 1.04737441036255e-15 3.49124803454184e-16
8.9715384615384e-08 -0.00306052162662597 0.00233421001336577 628179.319881323 930516.245255412 1.05413084407281e-15 3.51376948024268e-16
8.99948717948712e-08 -0.00286406571554167 0.00258017626402249 702915.645164004 880062.731707545 1.06093086238473e-15 3.53643620794912e-16
9.02743589743584e-08 -0.00264785451935475 0.00281036375428748 773599.692778892 823606.616544459 1.06777474645517e-15 3.55924915485058e-16
9.05538461538456e-08 -0.00241315534164557 0.0030231857978229 839749.351436532 761473.366778104 1.07466277925465e-15 3.58220926418216e-16
9.08333333333327e-08 -0.00216136292396976 0.00321715749438341 900908.650399664 694027.171179816 1.08159524557908e-15 3.6053174852636e-16
9.11128205128199e-08 -0.00189399127069899 0.00339090596525917 956650.869500929 621668.840748121 1.08857243206156e-15 3.62857477353855e-16
9.13923076923071e-08 -0.00161266465178098 0.00354317993211407 1006581.48053234 544833.459389082 1.09559462718421e-15 3.65198209061404e-16
9.16717948717942e-08 -0.00131910783615551 0.00367285857319218 1050340.89994432 463987.798352891 1.10266212129009e-15 3.67554040430028e-16
9.19512820512814e-08 -0.00101513561386601 0.00377895959510094 1087607.03387987 379627.509581795 1.1097752065952e-15 3.69925068865067e-16
9.22307692307686e-08 -0.000702641669869196 0.00386064646304112 1118097.59778676 292274.114648354 1.11693417720061e-15 3.72311392400203e-16
9.25102564102558e-08 -0.000383586877134029 0.00391723473741403 1141572.19419004 202471.807389292 1.12413932910456e-15 3.7471310970152e-16
9.27897435897429e-08 -5.9987080802974e-05 0.00394819747016481 1157834.13366157 110784.089658761 1.13139096021473e-15 3.77130320071578e-16
9.30692307692301e-08 0.000266099551065131 0.00395316961998561 1166731.98558313 17790.2608267122 1.13868937036056e-15 3.79563123453521e-16
9.33487179487173e-08 0.000592585531368318 0.00393195145156759 1168160.84695636 -75918.217275478 1.14603486130563e-15 3.82011620435209e-16
9.36282051282045e-08 0.000917367330852657 0.00388451089042017 1162063.31925589 -169741.45731645 1.15342773676014e-15 3.84475912253379e-16
9.39076923076916e-08 0.00123833884413556 0.00381098481132944 1148430.18514067 -263074.961884274 1.16086830239348e-15 3.86956100797828e-16
9.41871794871788e-08 0.00155340495921429 0.00371167924526521 1127300.77872207 -355313.493257322 1.16835686584687e-15 3.89452288615624e-16
9.4466666666666e-08 0.00186049514359262 0.00358706849642515 1098763.04502338 -445854.972913991 1.17589373674606e-15 3.91964578915353e-16
9.47461538461532e-08 0.00215757695949107 0.00343779316808114 1062953.28624216 -534104.385818025 1.18347922671414e-15 3.94493075571379e-16
9.50256410256403e-08 0.00244266942049896 0.00326465710292381 1020055.5944319 -619477.664324391 1.19111364938443e-15 3.97037883128144e-16
9.53051282051275e-08 0.00271385610248393 0.00306862325064007 970300.972239794 -701405.526519807 1.19879732041346e-15 3.99599106804485e-16
9.55846153846147e-08 0.00296929792259744 0.00285080848246098 913966.145360263 -779337.243943516 1.20653055749398e-15 4.02176852497992e-16
9.58641025641018e-08 0.00320724550180005 0.00261247737933756 851372.072376311 -852744.313927827 1.21431368036814e-15 4.04771226789379e-16
9.6143589743589e-08 0.00342605102847125 0.00235503502719492 782882.159649238 -921124.012253504 1.22214701084069e-15 4.07382336946895e-16
9.64230769230762e-08 0.0036241795433553 0.00208001885933618 708900.190869563 -984002.802430341 1.23003087279228e-15 4.1001029093076e-16
9.67025641025634e-08 0.00380021956931304 0.00178908959247283 629867.982784558 -1040939.57868538 1.23796559219287e-15 4.12655197397624e-16
9.69820512820505e-08 0.00395289301308221 0.00148402130900463 546262.780458516 -1091528.72066603 1.24595149711519e-15 4.15317165705064e-16
9.72615384615377e-08 0.00408106427047586 0.00116669074401933 458594.407188263 -1135402.93893824 1.25398891774831e-15 4.17996305916104e-16
9.75410256410249e-08 0.00418374847114394 0.000839065840989633 367402.185876632 -1172235.89157415 1.2620781864113e-15 4.20692728803766e-16
9.78205128205121e-08 0.00426011880416234 0.0005031936452752 273251.650249312 -1201744.55347366 1.27021963756695e-15 4.23406545855649e-16
9.80999999999992e-08 0.0043095128712635 0.000161187609254902 176731.065774782 -1223691.32154052 1.27841360783563e-15 4.26137869278542e-16
9.83794871794864e-08 0.00433143802045271 -0.000184785612813711 78447.7815026803 -1237885.84042898 1.28666043600917e-15 4.28886812003057e-16
9.86589743589736e-08 0.00432557561902638 -0.000532519798315289 -20975.564736408 -1244186.53528088 1.29496046306491e-15 4.31653487688304e-16
9.89384615384608e-08 0.00429178423158603 -0.000879783132993822 -120904.964236102 -1242501.83967549 1.30331403217977e-15 4.34438010726591e-16
9.92179487179479e-08 0.00423010167548354 -0.00122433244291849 -220699.05394469 -1232791.10890478 1.31172148874444e-15 4.37240496248146e-16
9.94974358974351e-08 0.00414074593319677 -0.00156392759153685 -319713.206347172 -1215065.21065283 1.32018318037766e-15 4.40061060125887e-16
9.97769230769223e-08 0.00402411490837627 -0.00189634595000729 -417303.666788939 -1189386.78718783 1.32869945694062e-15 4.42899818980207e-16
1.00056410256409e-07 0.00388078501967751 -0.00221939684793797 -512831.711857935 -1155870.18525657 1.33727067055139e-15 4.45756890183796e-16
1.00335897435897e-07 0.00371150863395228 -0.00253093591118641 -605667.802136161 -1114681.05198983 1.34589717559949e-15 4.48632391866497e-16
1.00615384615384e-07 0.00351721034787021 -0.00282887919350062 -695195.702495479 -1066035.59727102 1.35457932876056e-15 4.51526442920188e-16
1.00894871794871e-07 0.00329898213452855 -0.003111217009511 -780816.543149041 -1010199.52517475 1.36331748901109e-15 4.54439163003698e-16
1.01174358974358e-07 0.00305807737903673 -0.00337602737791225 -861952.794879011 -947486.639233823 1.37211201764326e-15 4.57370672547754e-16
1.01453846153845e-07 0.00279590383438407 -0.00362148898560095 -938052.13224344 -878257.128427473 1.38096327827989e-15 4.60321092759962e-16
1.01733333333332e-07 0.00251401553606627 -0.00384589358604923 -1008591.15911876 -802915.542888345 1.38987163688945e-15 4.63290545629817e-16
1.0201282051282e-07 0.00221410372091085 -0.00404765774828498 -1073078.971657 -721908.470384796 1.39883746180125e-15 4.66279153933749e-16
1.02292307692307e-07 0.00189798680225925 -0.00422533387649891 -1131060.53462498 -635721.926636976 1.40786112372059e-15 4.69287041240196e-16
1.02571794871794e-07 0.00156759946008644 -0.00437762042448769 -1182119.84814124 -544878.474455297 1.41694299574414e-15 4.72314331914715e-16
1.02851282051281e-07 0.00122498091072655 -0.00450337123384773 -1225882.88303081 -449934.088535901 1.42608345337537e-15 4.75361151125125e-16
1.03130769230768e-07 0.00087226242658227 -0.00460160393002768 -1262020.26436944 -351474.784497083 1.43528287454004e-15 4.78427624846681e-16
1.03410256410256e-07 0.000511654181488052 -0.00467150731600093 -1290249.68428207 -250113.032381342 1.44454163960185e-15 4.81513879867282e-16
1.03689743589743e-07 0.000145431502235273 -0.00471244770939624 -1310338.02668425 -146483.976368555 1.45386013137815e-15 4.84620043792716e-16
1.0396923076923e-07 -0.000224079388882258 -0.00472397417539148 -1322103.18840217 -41241.4838361858 1.4632387351558e-15 4.87746245051932e-16
1.04248717948717e-07 -0.000594516051813416 -0.00470582261449051 -1325415.5829647 64945.9518475116 1.47267783870706e-15 4.90892612902353e-16
1.04528205128204e-07 -0.000963494834813085 -0.00465791867142683 -1320199.31531991 171399.429310438 1.48217783230566e-15 4.9405927743522e-16
1.04807692307691e-07 -0.00132862611414005 -0.00458037943882437 -1306433.01777538 277433.951513368 1.49173910874291e-15 4.97246369580971e-16
1.05087179487179e-07 -0.00168752967058792 -0.00447351393685069 -1284150.33958412 382362.805226927 1.50136206334396e-15 5.00454021114653e-16
1.05366666666666e-07 -0.00203785010454037 -0.00433782235787237 -1253440.08478401 485501.979830677 1.51104709398411e-15 5.0368236466137e-16
1.05646153846153e-07 -0.00237727219035935 -0.00417399407301865 -1214445.99513214 586174.597183055 1.52079460110531e-15 5.06931533701771e-16
1.0592564102564e-07 -0.00270353607066633 -0.00398290440552573 -1167366.17724514 683715.324057234 1.53060498773269e-15 5.10201662577565e-16
1.06205128205127e-07 -0.00301445219146805 -0.00376561018372122 -1112452.17534562 777474.738566591 1.54047865949122e-15 5.13492886497073e-16
1.06484615384614e-07 -0.00330791588011114 -0.00352334409446319 -1050007.69331013 866823.622115889 1.55041602462248e-15 5.16805341540828e-16
1.06764102564102e-07 -0.00358192146972149 -0.00325750786572085 -980386.972000332 951157.148711122 1.56041749400157e-15 5.20139164667189e-16
1.07043589743589e-07 -0.00383457587608865 -0.00296966431472185 -903992.830121047 1029898.94394137 1.57048348115404e-15 5.23494493718014e-16
1.07323076923076e-07 -0.00406411153588082 -0.00266152830564419 -821274.379072872 1102504.98660814 1.58061440227307e-15 5.26871467424355e-16
1.07602564102563e-07 -0.0042688986186082 -0.00233495666814879 -732724.424437413 1168467.32681841 1.59081067623658e-15 5.30270225412193e-16
1.0788205128205e-07 -0.00444745642887268 -0.00199193713508311 -638876.568836229 1227317.5953726 1.60107272462464e-15 5.33690908208213e-16
1.08161538461537e-07 -0.00459846392012637 -0.00163457636438969 -540302.03292606 1278630.28046272 1.61140097173684e-15 5.37133657245614e-16
1.08441025641025e-07 -0.0047207692463851 -0.00126508711658046 -437606.213219315 1322025.74904218 1.62179584460987e-15 5.40598614869956e-16
1.08720512820512e-07 -0.00481339828407443 -0.000885774665045691 -331424.997237023 1357172.99172992 1.63225777303514e-15 5.44085924345046e-16
1.08999999999999e-07 -0.00487556206239163 -0.000499022521913196 -222420.858199175 1383792.07175847 1.64278718957658e-15 5.47595729858861e-16
