0 -0.00139 0 0 400000 1.33808e-16 4.46026666666667e-17
3.73287671232877e-10 -0.0013739825574866 0.000149315068493151 42909.1120542376 400000 1.35347788783698e-16 4.5115929594566e-17
7.46575342465753e-10 -0.00134194767245981 0.000296911901397227 85818.2241084752 395397.020256792 1.36905296608846e-16 4.56350988696154e-17
1.11986301369863e-09 -0.00129407966482819 0.000441072263123155 128233.561728751 386191.060770377 1.38480727376417e-16 4.61602424588057e-17
1.49315068493151e-09 -0.00123074717440887 0.000580097690590888 169661.350481104 372435.090097044 1.40074287333763e-16 4.66914291112543e-17
1.86643835616438e-09 -0.00115250103987555 0.000712329265738429 209613.498015864 354235.045349377 1.41686185101617e-16 4.72287283672056e-17
2.23972602739726e-09 -0.00106007005665445 0.000836167160499717 247613.27615195 331749.222663268 1.43316631701405e-16 4.77722105671349e-17
2.61301369863014e-09 -0.00095435463817616 0.000950089726720211 283200.937574861 305187.058131966 1.44965840582871e-16 4.83219468609569e-17
2.98630136986301e-09 -0.000836418429299219 0.00105267190609734 315939.20176208 274807.306221304 1.46634027652021e-16 4.88780092173402e-17
3.35958904109589e-09 -0.000707477944848125 0.00114260274046959 345418.545502013 240915.629694465 1.48321411299389e-16 4.94404704331296e-17
3.73287671232877e-09 -0.000568890329774006 0.00121870177060274 371262.234877455 203861.622008071 1.50028212428626e-16 5.00094041428755e-17
4.10616438356164e-09 -0.000422139360171883 0.00127993412197453 393131.037833213 164035.289913413 1.51754654485423e-16 5.05848848284744e-17
4.47945205479452e-09 -0.000268819826003867 0.0013254240888495 410727.559422573 121863.030527452 1.53500963486758e-16 5.11669878289193e-17
4.8527397260274e-09 -0.000110620456620898 0.00135446704304518 423800.145503001 77803.1433498857 1.55267368050489e-16 5.1755789350163e-17
5.22602739726027e-09 5.06944312019927e-05 0.00136653951107145 432146.304993431 32340.9235199095 1.57054099425283e-16 5.23513664750943e-17
5.59931506849315e-09 0.000213304366233159 0.00136130728260369 435615.605771565 -14016.6120420602 1.58861391520889e-16 5.29537971736295e-17
5.97260273972603e-09 0.000375353025570285 0.00133863143432747 434112.004829731 -60746.3091436268 1.6068948093876e-16 5.35631603129199e-17
6.3458904109589e-09 0.000534969183620888 0.00129857217584692 427595.579364918 -107314.710791948 1.62538607003029e-16 5.41795356676763e-17
6.71917808219178e-09 0.000690288073644111 0.00124139044833771 416083.631988818 -153184.077364113 1.64409011791839e-16 5.48030039306131e-17
7.09246575342466e-09 0.000839472920784466 0.00116754723168814 399651.150137464 -197818.525336469 1.66300940169036e-16 5.5433646723012e-17
7.46575342465754e-09 0.000980736400780666 0.00107770054173172 378430.606962297 -240690.215296103 1.68214639816222e-16 5.60715466054074e-17
7.83904109589041e-09 0.00111236177655926 0.000972700125544474 352611.09841605 -281285.518593349 1.70150361265185e-16 5.67167870883949e-17
8.21232876712329e-09 0.00123272346577805 0.000853579889361069 322436.818824659 -319111.091427104 1.72108357930693e-16 5.73694526435642e-17
8.58561643835617e-09 0.00134030679609105 0.000721548120153347 288204.88487517 -353699.785400502 1.74088886143672e-16 5.80296287145573e-17
8.95890410958904e-09 0.0014337267114549 0.000577975588006705 250262.525561895 -384616.32464972 1.76092205184764e-16 5.86974017282548e-17
9.33219178082192e-09 0.00151174520214428 0.00042438164181895 209003.663131185 -411462.6815305 1.7811857731827e-16 5.937285910609e-17
9.7054794520548e-09 0.00157328724321411 0.000262418435232962 164864.917361362 -433883.085533105 1.80168267826482e-16 6.00560892754942e-17
1.00787671232877e-08 0.00161745504083378 9.38534428061956e-05 118321.072522416 -451568.603565283 1.82241545044418e-16 6.07471816814726e-17
1.04520547945206e-08 0.00164354040308229 -7.94495520636993e-05 69880.0529960205 -464261.233963388 1.84338680394944e-16 6.14462267983146e-17
1.08253424657534e-08 0.00165103507126529 -0.000255550796262836 20077.4597195864 -471757.461524294 1.86459948424313e-16 6.21533161414375e-17
1.11986301369863e-08 0.00163963886939771 -0.000432456014354157 -30529.2747278352 -473911.226446474 1.88605626838104e-16 6.28685422793681e-17
1.15719178082192e-08 0.00160926555296497 -0.000608138730188156 -81367.0495262175 -470636.266270896 1.90775996537581e-16 6.35919988458604e-17
1.19452054794521e-08 0.00156004626318296 -0.000780563215926478 -131853.510241732 -461907.796656788 1.92971341656463e-16 6.43237805521544e-17
1.23184931506849e-08 0.00149233051945234 -0.000947707811613583 -181403.643755413 -447763.504042521 1.95191949598124e-16 6.50639831993747e-17
1.26917808219178e-08 0.00140668471025773 -0.00110758835121176 -229436.479677309 -428303.830850151 1.97438111073218e-16 6.58127036910725e-17
1.30650684931507e-08 0.00130388807109084 -0.00125828142675066 -275381.82235533 -403691.541810642 1.99710120137736e-16 6.65700400459119e-17
1.34383561643836e-08 0.00118492616676371 -0.00139794722101754 -318686.936362582 -374150.56812778 2.02008274231505e-16 6.73360914105015e-17
1.38116438356164e-08 0.00105098192439573 -0.00152485164107702 -358823.107994961 -339964.13447127 2.04332874217125e-16 6.81109580723749e-17
1.41849315068493e-08 0.000903424292076474 -0.00163738748987453 -395292.005846085 -301472.182099756 2.06684224419357e-16 6.88947414731189e-17
1.45582191780822e-08 0.000743794626391789 -0.00173409442122293 -427631.76495347 -259068.109667271 2.09062632664964e-16 6.96875442216547e-17
1.49315068493151e-08 0.000573790939322978 -0.00181367743454122 -455422.721321951 -213194.861366422 2.1146841032301e-16 7.04894701076701e-17
1.53047945205479e-08 0.000395250161163947 -0.00187502367971433 -478292.726811349 -164340.399913298 2.13901872345623e-16 7.13006241152077e-17
1.56780821917808e-08 0.000210128600734316 -0.00191721735924675 -495921.978398644 -113032.609389611 2.16363337309226e-16 7.21211124364087e-17
1.60513698630137e-08 2.04808069970921e-05 -0.00193955253432885 -508047.300653848 -59833.680036444 2.18853127456244e-16 7.29510424854147e-17
1.64246575342466e-08 -0.000171562943066004 -0.00194154366333018 -514465.825857101 -5334.03365492172 2.21371568737291e-16 7.37905229124303e-17
1.67979452054795e-08 -0.000363820287072681 -0.00192293372535457 -515038.022476602 49854.1457695239 2.23918990853841e-16 7.46396636179469e-17
1.71712328767123e-08 -0.000554081291294563 -0.00188369980758587 -509690.02965862 105103.706316128 2.2649572730139e-16 7.549857576713e-17
1.75445205479452e-08 -0.000740133564081786 -0.00182405606294291 -498415.262879534 159779.572805001 2.29102115413119e-16 7.63673718043729e-17
1.79178082191781e-08 -0.000919787686563461 -0.00174445397374752 -481275.263895864 213245.963716102 2.3173849640405e-16 7.72461654680168e-17
1.8291095890411e-08 -0.00109090267163254 -0.00164557988737069 -458399.776515344 264873.699284703 2.34405215415723e-16 7.81350718052412e-17
1.86643835616438e-08 -0.00125141115857262 -0.00152834982082265 -429986.038408274 314047.517725038 2.37102621561376e-16 7.90342071871252e-17
1.90376712328767e-08 -0.00139934405035861 -0.00139390156264518 -396297.288087227 360173.315484584 2.39831067971647e-16 7.99436893238822e-17
1.94109589041096e-08 -0.00153285430370551 -0.00124358413189234 -357660.495204541 402685.227337898 2.4259091184081e-16 8.08636372802701e-17
1.97842465753425e-08 -0.00165023958835271 -0.00107894468508636 -314463.331348471 441052.463003162 2.45382514473534e-16 8.1794171491178e-17
2.01575342465753e-08 -0.00174996354182105 -0.000901712992449274 -267150.407456471 474785.818807613 2.48206241332182e-16 8.27354137773939e-17
2.05308219178082e-08 -0.00183067535889207 -0.000713783634077524 -216218.812704024 503443.785729825 2.51062462084656e-16 8.36874873615521e-17
2.09041095890411e-08 -0.00189122747122146 -0.00051719609469877 -162212.998166797 526638.178886203 2.53951550652795e-16 8.4650516884265e-17
2.1277397260274e-08 -0.00193069109166167 -0.00031411296188736 -105719.056592128 544039.218173686 2.56873885261323e-16 8.56246284204409e-17
2.16506849315068e-08 -0.00194836941984656 -0.000106796456797113 -47358.4571558418 555379.995287635 2.59829848487365e-16 8.66099494957884e-17
2.20239726027397e-08 -0.00194380833016242 0.000102416451705677 12218.698970356 560460.268649675 2.62819827310535e-16 8.76066091035118e-17
2.23972602739726e-08 -0.00191680439014293 0.000311140079437601 72340.8301439485 559149.534841485 2.65844213163595e-16 8.86147377211982e-17
2.27705479452055e-08 -0.00186741008629665 0.00051696691944902 132322.355257919 551389.332874627 2.68903401983697e-16 8.96344673278991e-17
2.31438356164383e-08 -0.00179593616509582 0.000717495095163986 191471.421932491 537194.74595202 2.71997794264224e-16 9.0665931421408e-17
2.35171232876712e-08 -0.00170295102899053 0.000910356064644548 249097.795804998 516655.074204807 2.75127795107213e-16 9.17092650357375e-17
2.38904109589041e-08 -0.00158927716050942 0.00109324226006381 304520.821986109 489933.661123156 2.78293814276392e-16 9.27646047587975e-17
2.4263698630137e-08 -0.00145598458139726 0.00126393434358233 357077.3678968 457266.86593953 2.81496266250828e-16 9.3832088750276e-17
2.46369863013698e-08 -0.00130438138793893 0.00142032776156805 406129.655870023 418962.18396174 2.84735570279181e-16 9.4911856759727e-17
2.50102739726027e-08 -0.00113600143773836 0.00156045828351406 451072.894115279 375395.52668105 2.88012150434595e-16 9.60040501448651e-17
2.53835616438356e-08 -0.000952589296866793 0.00168252622008296 491342.615912821 327007.683285496 2.91326435670216e-16 9.71088118900719e-17
2.57568493150685e-08 -0.000756082589074065 0.00178491902638995 526421.639224556 274299.994877432 2.94678859875343e-16 9.82262866251144e-17
2.61301369863013e-08 -0.000548591920282901 0.00186623201183671 555846.562266237 217829.282114277 2.98069861932238e-16 9.93566206440792e-17
2.65034246575342e-08 -0.000332378581481737 0.00192528689639006 579213.714953577 158202.076051166 3.01499885773575e-16 1.00499961924525e-16
2.68767123287671e-08 -0.000109830261033949 0.00196114797498781 596184.491474808 96068.2105554299 3.04969380440563e-16 1.01656460146854e-16
2.725e-08 0.00011656497701368 0.00197313567653661 606489.99550374 32113.842681202 3.08478800141729e-16 1.0282626671391e-16
2.76232876712328e-08 0.000344246169133885 0.00196083733149059 609934.93668899 -32946.0252609082 3.12028604312382e-16 1.04009534770794e-16
2.79965753424657e-08 0.000570608083589937 0.00192411499198124 606400.724964835 -98375.4416213636 3.15619257674761e-16 1.0520641922492e-16
2.83698630136986e-08 0.000793030690593737 0.00186311018059138 595847.717845044 -163425.733264581 3.19251230298869e-16 1.0641707676629e-16
2.87431506849315e-08 0.0010089091418781 0.00177824547778322 578316.585092055 -227343.974495268 3.22924997664018e-16 1.07641665888006e-16
2.91164383561643e-08 0.00121568392055685 0.00167022289333441 553928.764900872 -289381.602376616 3.26641040721076e-16 1.08880346907025e-16
2.94897260273972e-08 0.00141087081628434 0.00154001900351481 522885.995893839 -348803.080984608 3.30399845955424e-16 1.10133281985141e-16
2.98630136986301e-08 0.00159209037876642 0.00138887687274449 485468.919676759 -404894.515458109 3.34201905450654e-16 1.11400635150218e-16
3.0236301369863e-08 0.00175709650468515 0.00121829481569176 442034.759341914 -456972.116141258 3.38047716952981e-16 1.1268257231766e-16
3.06095890410958e-08 0.00190380381910258 0.00103001209277233 393014.089998996 -504390.413692433 3.41937783936411e-16 1.13979261312137e-16
3.09828767123287e-08 0.00203031352238095 0.000825991668369106 338906.728048466 -546550.127759086 3.45872615668653e-16 1.15290871889551e-16
3.13561643835616e-08 0.00213493738752914 0.000608400196381087 280276.776360285 -582905.594683503 3.49852727277786e-16 1.16617575759262e-16
3.17294520547945e-08 0.00221621961054338 0.000379585431510089 217746.872661993 -612971.663691113 3.538786398197e-16 1.17959546606567e-16
3.21027397260273e-08 0.00227295623759383 0.000142051296600753 151991.698153507 -636329.976087396 3.5795088034631e-16 1.19316960115437e-16
3.24760273972602e-08 0.00230421191761545 -0.000101569134027802 83730.8125349965 -652634.548105853 3.62069981974553e-16 1.20689993991518e-16
3.28493150684931e-08 0.00230933375674572 -0.000348542448347305 13720.8901471446 -661616.585149494 3.66236483956185e-16 1.22078827985395e-16
3.3222602739726e-08 0.00228796208182964 -0.000596065196589719 -57252.5603256596 -663088.463181513 3.70450931748369e-16 1.23483643916123e-16
3.35958904109588e-08 0.00224003795356279 -0.00084129534584773 -128383.903246979 -656946.821865499 3.74713877085095e-16 1.24904625695032e-16
3.39691780821917e-08 0.00216580730541196 -0.00108138454063098 -198856.415229734 -643174.723639536 3.79025878049399e-16 1.263419593498e-16
3.43424657534246e-08 0.00206582162185622 -0.00131351080741583 -267851.555947489 -621842.843130045 3.83387499146431e-16 1.2779583304881e-16
3.47157534246575e-08 0.00194093510831997 -0.00153491133195189 -334558.366537471 -593109.662059913 3.87799311377356e-16 1.29266437125785e-16
3.50890410958903e-08 0.00179229834499326 -0.00174291493297948 -398182.888911921 -557220.655963815 3.92261892314106e-16 1.30753964104702e-16
3.54623287671232e-08 0.00162134845710611 -0.00193497385517466 -457957.497826139 -514506.470467811 3.96775826174992e-16 1.32258608724997e-16
3.58356164383561e-08 0.00142979587468523 -0.00210869450763231 -513150.037310973 -465380.096492061 4.01341703901187e-16 1.33780567967062e-16
3.6208904109589e-08 0.00121960779490825 -0.00226186678203152 -563072.654081447 -410333.065363029 4.05960123234091e-16 1.3532004107803e-16
3.65821917808218e-08 0.000992988499416779 -0.0023924915967617 -607090.2227845 -349930.696341385 4.10631688793583e-16 1.36877229597861e-16
3.69554794520547e-08 0.000752356716894502 -0.00249880632963213 -644628.261435824 -284806.440350154 4.15357012157173e-16 1.38452337385724e-16
3.73287671232876e-08 0.000500320257407841 -0.00257930782220242 -675180.240092707 -215655.374591959 4.2013671194007e-16 1.4004557064669e-16
3.77020547945205e-08 0.0002396481790081 -0.00263277266306804 -698314.19167637 -143226.913144596 4.24971413876165e-16 1.41657137958722e-16
3.80753424657533e-08 -2.6759221510803e-05 -0.00265827448537999 -713678.54083963 -68316.8083953322 4.29861750899951e-16 1.43287250299984e-16
3.84486301369862e-08 -0.000295902273407633 -0.00265519804518959 -721007.074806188 8241.47280364897 4.34808363229381e-16 1.4493612107646e-16
3.88219178082191e-08 -0.000564715307012318 -0.00262324988156803 -720122.989106129 85585.9062155409 4.39811898449687e-16 1.46603966149896e-16
3.9195205479452e-08 -0.000830101172285092 -0.00256246539649502 -710941.951005963 162835.501296509 4.44873011598151e-16 1.4829100386605e-16
3.95684931506848e-08 -0.00108896651685497 -0.00247321223184551 -693474.134077114 239100.220895942 4.49992365249866e-16 1.49997455083289e-16
3.99417808219177e-08 -0.001338257426317 -0.00235618986200323 -667825.188650571 313491.119210518 4.55170629604475e-16 1.51723543201492e-16
4.03150684931506e-08 -0.00157499502082799 -0.00221242536324042 -634196.12474504 385130.583841642 4.60408482573906e-16 1.53469494191302e-16
4.06883561643835e-08 -0.0017963105978719 -0.00204326536455181 -592882.096301103 453162.565294263 4.65706609871128e-16 1.55235536623709e-16
4.10616438356163e-08 -0.00199947991156874 -0.00185036422862639 -544270.088068609 516762.676057101 4.71065705099915e-16 1.57021901699972e-16
4.14349315068492e-08 -0.00218195618412355 -0.00163566855558246 -488835.519137655 575148.041548865 4.76486469845652e-16 1.58828823281884e-16
4.18082191780821e-08 -0.00234140145494786 -0.0014013981454728 -427137.789731166 627586.786715788 4.81969613767182e-16 1.60656537922394e-16
4.2181506849315e-08 -0.00247571588757619 -0.00115002359788234 -359814.810343799 673407.044921223 4.87515854689712e-16 1.62505284896571e-16
4.25547945205478e-08 -0.00258306467362917 -0.00088424076769151 -287576.564472205 712005.379960764 4.93125918698786e-16 1.64375306232929e-16
4.29280821917807e-08 -0.00266190219657528 -0.000606942334776593 -211197.767892314 742854.51753354 4.98800540235339e-16 1.66266846745113e-16
4.33013698630136e-08 -0.00271099314569535 -0.000321186781596243 -131509.698560206 765510.28925378 5.0454046219185e-16 1.6818015406395e-16
4.36746575342465e-08 -0.00272943030218659 -3.01651058242882e-05 -49391.2816095499 779617.700233128 5.10346436009594e-16 1.70115478669865e-16
4.40479452054794e-08 -0.00271664875443805 0.000262834374982277 34240.4765373758 784916.040325844 5.1621922177702e-16 1.72073073925673e-16
4.44212328767122e-08 -0.0026724363378051 0.00055446274362742 118440.602356151 781242.969214512 5.22159588329256e-16 1.74053196109752e-16
4.47945205479451e-08 -0.00259694013530118 0.000841348323423834 202246.707625178 768537.516518833 5.28168313348759e-16 1.76056104449586e-16
4.5167808219178e-08 -0.00249066891907169 0.00112013521568797 284689.863660658 746841.94991861 5.3424618346713e-16 1.7808206115571e-16
4.55410958904109e-08 -0.00235449145784366 0.00138752209913878 364805.675950316 716302.476767308 5.40393994368093e-16 1.80131331456031e-16
4.59143835616437e-08 -0.00218963066225607 0.00164030084773186 441645.434051157 677168.757698873 5.46612550891662e-16 1.82204183630554e-16
4.62876712328766e-08 -0.00199765358754771 0.00187539452044688 514287.209310481 629792.224154014 5.52902667139506e-16 1.84300889046502e-16
4.66609589041095e-08 -0.00178045736097491 0.00208989427863564 581846.772103261 574623.205423103 5.59265166581528e-16 1.86421722193843e-16
4.70342465753424e-08 -0.0015402511490028 0.00228109479376498 643488.200879424 512206.884566664 5.65700882163669e-16 1.88566960721223e-16
4.74075342465752e-08 -0.00127953432620941 0.00244652772073023 698434.057391482 443178.116273877 5.72210656416954e-16 1.90736885472318e-16
4.77808219178081e-08 -0.00100107105341448 0.00258399282928631 745975.006019436 368255.15319611 5.78795341567791e-16 1.92931780522597e-16
4.8154109589041e-08 -0.0007078615162531 0.00269158640840402 785478.760102042 288232.340388738 5.8545579964954e-16 1.95151933216513e-16
4.85273972602739e-08 -0.000403110116735025 0.00276772658530817 816398.244580531 203971.850055133 5.92192902615366e-16 1.97397634205122e-16
4.89006849315067e-08 -9.01909487604273e-05 0.00281117523233579 838278.872005345 116394.540661161 5.99007532452391e-16 1.9966917748413e-16
4.92739726027396e-08 0.000227389076373954 0.00282105617025706 850764.837974673 26470.0355322178 6.05900581297159e-16 2.01966860432386e-16
4.96472602739725e-08 0.000546029057189498 0.00279686941596664 853604.352276502 -64793.8738789336 6.12872951552431e-16 2.0429098385081e-16
5.00205479452054e-08 0.000862074457629851 0.00273850126507178 846653.733289754 -156362.385883477 6.1992555600532e-16 2.06641852001773e-16
5.03938356164382e-08 0.00117185854425234 0.00264623004542262 829880.305447399 -247185.285665649 6.27059317946794e-16 2.09019772648931e-16
5.07671232876711e-08 0.00147174444061656 0.00252072742555969 803364.052645434 -336208.853210767 6.34275171292541e-16 2.11425057097514e-16
5.1140410958904e-08 0.00175816732203378 0.00236305521187033 767297.994255315 -422387.94859904 6.41574060705239e-16 2.1385802023508e-16
5.15136986301369e-08 0.00202767626673841 0.00217465761939689 721987.264713326 -504698.137635273 6.48956941718223e-16 2.16318980572741e-16
5.18869863013697e-08 0.00227697527792757 0.00195734905315357 667846.892359933 -582147.718743565 6.56424780860581e-16 2.1880826028686e-16
5.22602739726026e-08 0.00250296299506852 0.00171329748889494 605398.288120717 -653789.511591931 6.63978555783683e-16 2.21326185261228e-16
5.26335616438355e-08 0.00270277062241501 0.0014450035939421 535264.469588759 -718732.26904797 6.71619255389175e-16 2.23873085129725e-16
5.30068493150684e-08 0.0028737976177565 0.00115527577931151 458164.060914819 -776151.57680856 6.79347879958436e-16 2.26449293319479e-16
5.33801369863012e-08 0.00301374470493996 0.000847201423412395 374904.12346394 -825300.109381107 6.87165441283536e-16 2.29055147094512e-16
5.37534246575341e-08 0.00312064379947763 0.000524114554399235 286371.886284419 -865517.116989381 6.95072962799687e-16 2.31690987599896e-16
5.4126712328767e-08 0.00319288446735096 0.000189560322321041 193525.458890024 -896237.025383785 7.03071479719233e-16 2.34357159906411e-16
5.44999999999999e-08 0.00322923657264314 -0.000152743367038777 97383.6215166501 -916997.039385935 7.1116203916717e-16 2.37054013055723e-16
5.48732876712327e-08 0.00322886880952701 -0.000498946647797068 -985.200274387898 -927443.651205698 7.19345700318232e-16 2.39781900106077e-16
5.52465753424656e-08 0.00319136285799188 -0.000845110477583462 -100474.659158329 -927337.966033274 7.27623534535553e-16 2.42541178178518e-16
5.56198630136985e-08 0.00311672295005318 -0.00118725093967705 -199952.780900006 -916559.770012184 7.35996625510924e-16 2.45332208503641e-16
5.59931506849314e-08 0.00300538068354883 -0.00152138457133699 -298274.695589653 -895110.279309197 7.44466069406665e-16 2.48155356468888e-16
5.63664383561642e-08 0.00285819497343951 -0.00184357420852241 -394295.663779099 -863113.523469197 7.53032974999126e-16 2.51010991666375e-16
5.67397260273971e-08 0.00267644708521843 -0.00214997482538817 -486884.251014268 -820816.331420203 7.61698463823847e-16 2.53899487941282e-16
5.711301369863e-08 0.0024618307509909 -0.00243687884100068 -574935.500866412 -768586.904209667 7.70463670322381e-16 2.56821223440794e-16
5.74863013698629e-08 0.00221643742537655 -0.0027007603657781 -657383.954856793 -706911.974633076 7.79329741990809e-16 2.59776580663603e-16
5.78595890410957e-08 0.0019427367949729 -0.00293831786629014 -733216.367686825 -636392.570179056 7.88297839529967e-16 2.62765946509989e-16
5.82328767123286e-08 0.00164355271104727 -0.00314651473925392 -801483.967947569 -557738.411976369 7.97369136997394e-16 2.65789712332465e-16
5.86061643835615e-08 0.00132203476974327 -0.00332261730376268 -861314.117988685 -471760.998500526 8.0654482196104e-16 2.68848273987013e-16
5.89794520547944e-08 0.000981625816755415 -0.00346422974484429 -911921.23185738 -379365.438493842 8.15826095654729e-16 2.7194203188491e-16
5.93527397260272e-08 0.000626025703510945 -0.00356932557115584 -952616.817131973 -281541.112687826 8.25214173135427e-16 2.75071391045142e-16
5.97260273972601e-08 0.000259151668797388 -0.00363627518470312 -982818.515012465 -179351.258310158 8.34710283442303e-16 2.78236761147434e-16
6.0099315068493e-08 -0.00011490423709039 -0.00366386920058712 -1002058.02311221 -73921.5838360348 8.44315669757633e-16 2.81438556585878e-16
6.04726027397259e-08 -0.00049192022977715 -0.0036513371995204 -1009987.79692233 33571.9661603896 8.54031589569551e-16 2.84677196523184e-16
6.08458904109588e-08 -0.000867591879868821 -0.00359836164476259 -1006386.43877769 141916.165039272 8.63859314836672e-16 2.87953104945557e-16
6.12191780821916e-08 -0.0012375806949224 -0.00350508674768132 -991162.697207743 249874.036217714 8.73800132154608e-16 2.91266710718203e-16
6.15924657534245e-08 -0.0015975636524492 -0.00337212212179018 -964358.014658967 356198.814313883 8.83855342924408e-16 2.94618447641469e-16
6.19657534246574e-08 -0.00194328312489698 -0.00320054112324371 -926147.577566514 459648.179592392 8.94026263522926e-16 2.98008754507642e-16
6.23390410958903e-08 -0.00227059662661223 -0.00299187383574075 -876839.839457374 558998.605053798 9.04314225475156e-16 3.01438075158385e-16
6.27123287671232e-08 -0.00257552580827369 -0.00274809471893288 -816874.505001334 653059.652366038 9.14720575628547e-16 3.04906858542849e-16
6.30856164383561e-08 -0.00285430412633616 -0.00247160500106371 -746818.980497645 740688.051539418 9.25246676329331e-16 3.08415558776444e-16
6.34589041095889e-08 -0.00310342262368391 -0.00216520995797446 -667363.313995795 820801.399835431 9.35893905600867e-16 3.11964635200289e-16
6.38321917808218e-08 -0.00331967327293971 -0.00183209128109151 -579313.665896261 892391.317888263 9.46663657324048e-16 3.15554552441349e-16
6.42054794520547e-08 -0.00350018935561118 -0.00147577479585677 -483584.36825752 954535.905399497 9.57557341419782e-16 3.19185780473261e-16
6.45787671232876e-08 -0.00364248237830337 -0.00110009384857467 -381188.64794607 1006411.3450126 9.6857638403357e-16 3.22858794677857e-16
6.49520547945205e-08 -0.00374447506133665 -0.000709148733154479 -273228.105006566 1047302.5110339 9.7972222772221e-16 3.26574075907403e-16
6.53253424657533e-08 -0.00380452997495837 -0.000307262579071822 -160881.053004971 1076612.44946913 9.90996331642649e-16 3.3033211054755e-16
6.56986301369862e-08 -0.00382147344353364 0.000101065832555839 -45389.8424218256 1093870.60729612 1.00240017174301e-15 3.34133390581003e-16
6.60719178082191e-08 -0.00379461438818526 0.000511211817162709 71952.6987314397 1098739.70188263 1.01393524095581e-15 3.37978413651938e-16
6.6445205479452e-08 -0.00372375783280665 0.000918476556230543 189817.561197743 1091021.13585144 1.02560304939342e-15 3.41867683131141e-16
6.68184931506849e-08 -0.00360921285661703 0.00131814031561208 306854.431627221 1070658.8783432 1.03740512454575e-15 3.45801708181916e-16
6.71917808219178e-08 -0.00345179483783912 0.0017055165169472 421706.986083953 1037741.75036563 1.04934301148021e-15 3.49781003826736e-16
6.75650684931506e-08 -0.00325282189698562 0.00207600604976456 533028.428708451 992504.069565797 1.06141827304401e-15 3.5380609101467e-16
6.79383561643835e-08 -0.00301410551393567 0.00242515120204482 639497.099546665 935324.628126935 1.07363249006874e-15 3.5787749668958e-16
6.83116438356164e-08 -0.00273793535972975 0.0027486885842514 739831.972735132 866723.996369915 1.08598726157733e-15 3.6199575385911e-16
6.86849315068493e-08 -0.00242705845105673 0.00304260042622584 832807.865435965 787360.163821416 1.09848420499339e-15 3.66161401664462e-16
6.90582191780822e-08 -0.00208465280198035 0.00330316363792695 917270.179177106 698022.548777311 1.11112495635293e-15 3.70374985450977e-16
6.9431506849315e-08 -0.00171429581278372 0.00352699604371752 992148.998581781 599624.426521508 1.12391117051859e-15 3.74637056839531e-16
6.98047945205479e-08 -0.00131992769913351 0.00371109922563431 1056472.37785195 493193.845134895 1.13684452139625e-15 3.7894817379875e-16
7.01780821917808e-08 -0.000905810325327268 0.00385289744360302 1109378.65276534 379863.116026254 1.14992670215416e-15 3.83308900718053e-16
7.05513698630137e-08 -0.000476481862461253 0.00395027213958107 1150127.62529244 260856.983721036 1.16315942544463e-15 3.87719808481544e-16
7.09246575342466e-08 -3.67077452428137e-05 0.00400159157775615 1178110.47915399 137479.595845167 1.17654442362824e-15 3.92181474542746e-16
7.12979452054795e-08 0.000408571550783663 0.00400573522374553 1192858.29761221 11100.4094394425 1.1900834490006e-15 3.966944830002e-16
7.16712328767123e-08 0.000854295347235319 0.00396211252171333 1194049.06939343 -116860.816453232 1.20377827402179e-15 4.01259424673931e-16
7.20445205479452e-08 0.00129533961516295 0.00387067578886317 1181513.08472357 -244949.779745383 1.21763069154838e-15 4.05876897182794e-16
7.24178082191781e-08 0.00172657521055124 0.00373192701122955 1155236.64085668 -371693.973110262 1.23164251506815e-15 4.10547505022715e-16
7.2791095890411e-08 0.00214292683882235 0.00354691839238519 1115363.9950015 -495619.419289464 1.24581557893748e-15 4.15271859645825e-16
7.31643835616439e-08 0.00253943207820097 0.00331724657686222 1062197.52200513 -615267.615896418 1.26015173862153e-15 4.2005057954051e-16
7.35376712328767e-08 0.00291129978340966 0.00304504054197276 996196.054320525 -729212.497135047 1.27465287093714e-15 4.24884290312379e-16
7.39109589041096e-08 0.00325396719048607 0.00273294322450293 917971.402443229 -836077.217442119 1.2893208742985e-15 4.29773624766167e-16
7.42842465753425e-08 0.00356315505064463 0.00238408702161416 828283.074920182 -934550.561867174 1.30415766896573e-15 4.34719222988576e-16
7.46575342465754e-08 0.00383492013605177 0.002002063377382 728031.237971408 -1023402.79005312 1.31916519729622e-15 4.39721732432075e-16
7.50308219178083e-08 0.00406570448306459 0.00159088673689443 618247.975483887 -1101500.72497587 1.33434542399897e-15 4.44781807999658e-16
7.54041095890412e-08 0.0042523807687255 0.00115495321789102 500086.930394352 -1167821.90411923 1.34970033639175e-15 4.49900112130582e-16
7.5777397260274e-08 0.00439229325384861 0.000698994414739377 374811.42803624 -1221467.61945211 1.36523194466128e-15 4.55077314887092e-16
7.61506849315069e-08 0.00448329377053035 0.000228026810332897 243781.200652006 -1261674.68336415 1.38094228212642e-15 4.60314094042139e-16
7.65239726027398e-08 0.00452377228293361 -0.000252702672491809 108437.849740839 -1287825.77050288 1.39683340550433e-15 4.65611135168111e-16
7.68972602739727e-08 0.00451268160722112 -0.000737774397877765 -29710.8009912688 -1299458.20011651 1.41290739517976e-15 4.70969131726588e-16
7.72705479452056e-08 0.0044495559389613 -0.00122165639564646 -169107.294787762 -1296271.03989412 1.42916635547737e-15 4.76388785159122e-16
7.76438356164384e-08 0.00433452290354328 -0.00169876672748301 -308161.893046461 -1278130.43024103 1.44561241493721e-15 4.81870804979069e-16
7.80171232876713e-08 0.00416830891639772 -0.00216353714580283 -445270.497674319 -1245073.04724208 1.46224772659342e-15 4.87415908864474e-16
7.83904109589042e-08 0.00395223771435422 -0.00261047732762412 -578832.944923873 -1197307.6430442 1.47907446825607e-15 4.93024822752025e-16
7.87636986301371e-08 0.00368822199645245 -0.00303423895089497 -707271.46447082 -1135214.62380814 1.49609484279627e-15 4.9869828093209e-16
7.913698630137e-08 0.00337874819110763 -0.003429678874107 -829049.093217302 -1059343.64750379 1.51331107843454e-15 5.04437026144848e-16
7.95102739726029e-08 0.00302685444582326 -0.00379192068184055 -942687.831404013 -970409.246405472 1.53072542903256e-15 5.1024180967752e-16
7.98835616438357e-08 0.00263610201474196 -0.00411641386920512 -1046786.32913522 -869284.50193077 1.54834017438818e-15 5.16113391462728e-16
8.02568493150686e-08 0.00221054029731701 -0.00439898995694285 -1140036.89438611 -756992.822196502 1.56615762053394e-15 5.22052540177981e-16
8.06301369863015e-08 0.00175466585736059 -0.00463591485613313 -1221241.61896582 -634697.895078555 1.58418010003891e-15 5.28060033346304e-16
8.10034246575344e-08 0.00127337582478468 -0.00482393683675653 -1289327.42671711 -503691.911394798 1.60240997231409e-15 5.34136657438031e-16
8.13767123287673e-08 0.000771916151620701 -0.00496032949753397 -1343359.85838424 -365382.173825782 1.62084962392128e-15 5.40283207973761e-16
8.17500000000001e-08 0.000255825258545035 -0.00504292918504521 -1382555.41998252 -221276.227094347 1.63950146888552e-15 5.46500489628507e-16
8.2123287671233e-08 -0.000269126332648294 -0.00507016636765357 -1406292.33604084 -72965.6635012886 1.65836794901112e-15 5.5278931633704e-16
8.24965753424659e-08 -0.000796999732143082 -0.00504109053363801 -1414119.56561906 77891.2250691917 1.67745153420133e-15 5.59150511400443e-16
8.28698630136988e-08 -0.00132175408608826 -0.00495538825249903 -1405763.95735773 229587.762317287 1.69675472278168e-15 5.65584907593894e-16
8.32431506849317e-08 -0.0018373149180717 -0.00481339411292408 -1381135.43980884 380387.970237465 1.71628004182707e-15 5.72093347275691e-16
8.36164383561646e-08 -0.00233764364393997 -0.00461609432957326 -1340330.16471133 528546.208609556 1.73603004749258e-15 5.78676682497526e-16
8.39897260273974e-08 -0.00281680747352805 -0.00436512289281684 -1283631.54348366 672327.151677739 1.7560073253481e-15 5.85335775116033e-16
8.43630136986303e-08 -0.00326904889936064 -0.00406275021992009 -1211509.14076254 810025.876016975 1.77621449071685e-15 5.92071496905618e-16
8.47363013698632e-08 -0.00368885396793456 -0.0037118643519818 -1124615.41306043 939987.829706257 1.79665418901776e-15 5.98884729672586e-16
8.51095890410961e-08 -0.00407101853394446 -0.00331594482722256 -1023780.30527422 1060628.45164859 1.81732909611175e-15 6.05776365370584e-16
8.5482876712329e-08 -0.00441071171182347 -0.00287902944699814 -910003.742574962 1170452.21124342 1.83824191865211e-15 6.12747306217371e-16
8.58561643835618e-08 -0.00470353576218181 -0.00240567423518953 -784446.079859026 1268070.84264323 1.85939539443879e-15 6.19798464812931e-16
8.62294520547947e-08 -0.00494558168297776 -0.00190090697340842 -648416.595159802 1352220.55449618 1.88079229277683e-15 6.26930764258944e-16
8.66027397260276e-08 -0.00513347981628102 -0.00137017477278306 -503360.136922502 1421778.00534503 1.90243541483891e-15 6.34145138279638e-16
8.69760273972605e-08 -0.00526444483091572 -0.000819286217015956 -350842.057553502 1475774.84664214 1.92432759403208e-15 6.41442531344025e-16
8.73493150684934e-08 -0.0053363144986284 -0.000254348680028495 -192531.58690002 1513410.64954439 1.94647169636864e-15 6.48823898789546e-16
8.77226027397263e-08 -0.00534758174614548 0.000318298516021927 -30183.8190365777 1534064.04813508 1.96887062084142e-15 6.5629020694714e-16
8.80958904109591e-08 -0.00529741953690537 0.000892154381037982 134379.496312935 1537301.95031824 1.99152729980324e-15 6.63842433267748e-16
8.8469178082192e-08 -0.00518569821362788 0.00146062920641111 299290.150431444 1522886.68815553 2.01444469935084e-15 6.71481566450281e-16
8.88424657534249e-08 -0.00501299501539552 0.00201711937483583 462654.439301375 1490781.00165155 2.03762581971315e-15 6.79208606571052e-16
8.92157534246578e-08 -0.00478059556967811 0.00255508319104786 622574.661921862 1441150.77370562 2.0610736956441e-15 6.87024565214699e-16
8.95890410958907e-08 -0.00449048724978329 0.00306811687261581 777170.912011825 1374365.45887928 2.08479139681987e-15 6.94930465606622e-16
8.99623287671235e-08 -0.00414534438056347 0.00355002982816817 924602.915708137 1290996.17450726 2.10878202824081e-15 7.02927342746935e-16
9.03356164383564e-08 -0.00374850536881819 0.00399491834859535 1063091.66449195 1191811.44921777 2.13304873063789e-15 7.11016243545963e-16
9.07089041095893e-08 -0.00330394192863627 0.00439723684496636 1190940.59204697 1077770.65082874 2.15759468088389e-15 7.19198226961297e-16
9.10821917808222e-08 -0.00281622066484867 0.0047518657851624 1306556.04610992 950015.142543532 2.1824230924093e-15 7.27474364136432e-16
9.14554794520551e-08 -0.00229045736872969 0.0050541755094607 1408466.81162147 809857.243074352 2.20753721562297e-15 7.35845738540989e-16
9.1828767123288e-08 -0.00173226446802321 0.00530008514329107 1495342.44959901 658767.092463001 2.23294033833769e-15 7.44313446112564e-16
9.22020547945208e-08 -0.00114769215723363 0.0054861158728107 1566010.22706935 498357.550639746 2.25863578620059e-15 7.52878595400197e-16
9.25753424657537e-08 -0.000543163812897814 0.00560943790536164 1619470.42702805 330367.279861243 2.28462692312851e-15 7.61542307709502e-16
9.29486301369866e-08 7.45936287217094e-05 0.00566791050174492 1654909.84360459 156642.184806567 2.31091715174838e-15 7.70305717249458e-16
9.33219178082195e-08 0.000698623588317013 0.00566011453991621 1671713.28625531 -20884.5949906586 2.3375099138427e-15 7.79169971280899e-16
9.36952054794524e-08 0.00132181725341312 0.00558537714943382 1669472.93768865 -200213.926796876 2.36440869080011e-15 7.88136230266704e-16
9.40684931506852e-08 0.0019369936308521 0.00544378804193367 1647995.43313929 -379302.930183875 2.39161700407116e-15 7.97205668023718e-16
9.44417808219181e-08 0.00253698135109262 0.0052362072541519 1607306.55330489 -556087.981947489 2.41913841562928e-15 8.06379471876427e-16
9.4815068493151e-08 0.00311470130312506 0.00496426411557272 1547653.44948139 -728508.224450663 2.44697652843718e-15 8.15658842812392e-16
9.51883561643839e-08 0.00366324915864331 0.00463034735159921 1469504.34689292 -894529.312662974 2.47513498691843e-15 8.25044995639476e-16
9.55616438356168e-08 0.00417597683455624 0.00423758633412684 1373545.70061078 -1052167.12937552 2.50361747743465e-15 8.34539159144885e-16
9.59349315068497e-08 0.00464657194419602 0.00378982359340683 1260676.80747538 -1199511.19532333 2.53242772876809e-15 8.44142576256029e-16
9.63082191780825e-08 0.00506913429979763 0.00329157880695755 1132001.90674928 -1334747.50131368 2.56156951260973e-15 8.53856504203243e-16
9.66815068493154e-08 0.00543824855196877 0.00274800458184223 988819.831504324 -1456180.49296947 2.59104664405313e-15 8.63682214684378e-16
9.70547945205483e-08 0.00574905208580173 0.00216483444470885 832611.301644269 -1562253.94534815 2.62086298209384e-15 8.7362099403128e-16
9.74280821917812e-08 0.00599729733773234 0.00154832354842524 665023.977648973 -1651570.47444784 2.65102243013459e-15 8.83674143378198e-16
9.78013698630141e-08 0.00617940775183472 0.000905182693811568 487855.421265092 -1722909.44538708 2.68152893649634e-15 8.93842978832114e-16
9.8174657534247e-08 0.00629252665844391 0.000242506348785492 303034.135136545 -1775243.05273041 2.71238649493514e-15 9.04128831645046e-16
9.85479452054798e-08 0.00633455843119206 -0.000432304575838451 112598.877453756 -1807750.36688249 2.74359914516498e-15 9.14533048388326e-16
9.89212328767127e-08 0.00630420135998993 -0.00111162436557911 -81323.5301928688 -1819829.1615071 2.77517097338667e-15 9.2505699112889e-16
9.92945205479456e-08 0.00620097176634119 -0.00178768766789515 -276541.663719562 -1811105.36033287 2.80710611282276e-15 9.35702037607588e-16
9.96678082191785e-08 0.00602521898270536 -0.00245267724470822 -470823.970840946 -1781439.96724235 2.83940874425866e-15 9.46469581419552e-16
1.00041095890411e-07 0.00577813091840359 -0.0030988133318041 -661923.988771694 -1730933.37093576 2.87208309658993e-15 9.57361032196644e-16
1.00414383561644e-07 0.00546173003969312 -0.00371844359530402 -847606.023701449 -1659926.94442178 2.90513344737596e-15 9.68377815791988e-16
1.00787671232877e-07 0.00507885969996086 -0.00430413265690731 -1025671.00185155 -1569001.88979965 2.93856412339993e-15 9.79521374466644e-16
1.0116095890411e-07 0.00463316086629541 -0.00484875015273606 -1193982.19660836 -1458975.30992657 2.97237950123525e-15 9.90793167078417e-16
1.01534246575343e-07 0.00412903939974192 -0.00534555629557434 -1350490.53425338 -1330893.52026399 3.00658400781853e-15 1.00219466927284e-15
1.01907534246576e-07 0.00357162415705774 -0.00578828392716938 -1493259.18223654 -1186022.64610783 3.04118212102913e-15 1.01372737367638e-15
1.02280821917809e-07 0.0029667162904895 -0.00617121607599174 -1620487.1287883 -1025836.58216631 3.07617837027539e-15 1.0253927900918e-15
1.02654109589042e-07 0.00232073022771379 -0.00648925807624143 -1730531.47092208 -852002.422687242 3.11157733708757e-15 1.03719244569586e-15
1.03027397260274e-07 0.00164062691537141 -0.00673800335560832 -1821928.139486 -666363.500689292 3.14738365571767e-15 1.04912788523922e-15
1.03400684931507e-07 0.000933840005365745 -0.00691379206188082 -1893410.80478583 -470920.203959358 3.18360201374609e-15 1.0612006712487e-15
1.0377397260274e-07 0.000208195752121786 -0.00701376177135357 -1943927.72428657 -267808.76299121 3.22023715269537e-15 1.07341238423179e-15
1.04147260273973e-07 -0.000528172529786663 -0.00703588960439142 -1972656.31483731 -59278.2316243311 3.25729386865082e-15 1.08576462288361e-15
1.04520547945206e-07 -0.00126691452586346 -0.00697902516462528 -1979015.25554518 152334.095520303 3.29477701288851e-15 1.09825900429617e-15
1.04893835616439e-07 -0.00199955651539569 -0.00684291381713706 -1962673.95360927 364628.563913387 3.33269149251029e-15 1.1108971641701e-15
1.05267123287672e-07 -0.00271759746227485 -0.00662820992658765 -1923559.23384143 575170.055416771 3.37104227108625e-15 1.12368075702875e-15
1.05640410958905e-07 -0.00341260652590885 -0.00633647978741531 -1861859.14294613 781515.602186435 3.40983436930452e-15 1.13661145643484e-15
1.06013698630137e-07 -0.00407632088646449 -0.00597019409376752 -1778023.79158025 981242.408671141 3.44907286562853e-15 1.14969095520951e-15
1.0638698630137e-07 -0.00470074276233864 -0.00553270991544701 -1672763.19041515 1171975.96394118 3.48876289696187e-15 1.16292096565396e-15
1.06760273972603e-07 -0.00527823449413901 -0.005028242266524 -1547042.07051109 1351417.9218855 3.52890965932079e-15 1.1763032197736e-15
1.07133561643836e-07 -0.00580161057875095 -0.00446182547402544 -1402071.71290536 1517373.42577595 3.56951840851445e-15 1.18983946950482e-15
1.07506849315069e-07 -0.00626422555931607 -0.00383926467387408 -1239298.84701851 1667777.55636879 3.61059446083295e-15 1.20353148694432e-15
1.07880136986302e-07 -0.00666005671204552 -0.00316707787862512 -1060391.71189908 1800720.5891073 3.65214319374333e-15 1.21738106458111e-15
1.08253424657535e-07 -0.00698378051847818 -0.0024524291751586 -867223.408058134 1914471.75607545 3.69417004659357e-15 1.23139001553119e-15
1.08626712328768e-07 -0.00723084197166969 -0.00170305371897997 -661852.700292847 2007501.22205651 3.73668052132466e-15 1.24556017377489e-15
1.09000000000001e-07 -0.00739751583631154 -0.000927175293853149 -446502.463077242 2078500.00125718 3.7796801831909e-15 1.25989339439697e-15
