0 -0.00139 0 0 400000 1.33808e-16 4.46026666666667e-17
3.15028901734104e-10 -0.00137859207442228 0.000126011560693642 36212.3142191832 400000 1.34904666701637e-16 4.49682222338791e-17
6.30057803468208e-10 -0.00135577622326684 0.00025099035292326 72424.6284383664 396721.670747228 1.36010321489596e-16 4.53367738298653e-17
9.45086705202312e-10 -0.00132164594387402 0.00037390360822483 108340.152935011 390165.012241684 1.37125038028642e-16 4.57083460095472e-17
1.26011560693642e-09 -0.00127638823092449 0.000493727022521998 143662.097986579 380356.893090091 1.38248890587284e-16 4.60829635290945e-17
1.57514450867052e-09 -0.0012202828101516 0.00060945322051374 178096.106306606 367351.050505898 1.39381954042723e-16 4.64606513475742e-17
1.89017341040462e-09 -0.00115370060576604 0.000720100150689414 211352.685480773 351227.870098929 1.4052430388584e-16 4.68414346286132e-17
2.20520231213873e-09 -0.0010771014478732 0.000824719341598549 243149.620467165 332093.945454684 1.41676016226226e-16 4.72253387420752e-17
2.52023121387283e-09 -0.000991031032443973 0.000922403950571333 273214.346224898 310081.419308104 1.42837167797252e-16 4.76123892657507e-17
2.83526011560694e-09 -0.000896117152628491 0.00101229653722287 301286.260698686 285347.109921392 1.44007835961184e-16 4.80026119870614e-17
3.15028901734104e-09 -0.000793065226328507 0.00109359649577531 327118.958713709 258071.428065533 1.45188098714334e-16 4.83960329047781e-17
3.46531791907514e-09 -0.000682653150915755 0.00116556708248758 350482.367823965 228457.091765551 1.46378034692258e-16 4.87926782307527e-17
3.78034682080925e-09 -0.000565725521751594 0.00122754197727875 371164.767805503 196727.647685739 1.47577723174995e-16 4.91925743916652e-17
4.09537572254335e-09 -0.000443187256677736 0.00127893132194943 388974.676289494 163125.809688581 1.48787244092351e-16 4.95957480307836e-17
4.41040462427746e-09 -0.000315996673862046 0.00131922718122329 403742.583983748 127911.626685831 1.50006678029219e-16 5.00022260097397e-17
4.72543352601156e-09 -0.000185158075251964 0.00134800837712054 415322.524028334 91360.4933986196 1.51236106230955e-16 5.04120354103183e-17
5.04046242774566e-09 -5.17138923682941e-05 0.00136494465190563 423593.46126376 53761.0190425739 1.52475610608786e-16 5.08252035362619e-17
5.35549132947977e-09 8.32635447759261e-05 0.00136980011998745 428460.488549543 15412.7702413872 1.53725273745268e-16 5.12417579150894e-17
5.67052023121387e-09 0.000218680551259797 0.00136243597465336 429855.818746966 -23376.0943632647 1.54985178899792e-16 5.16617262999307e-17
5.98554913294797e-09 0.000353430875881683 0.00134281242134573 427739.562561216 -62291.2793067882 1.56255410014125e-16 5.20851366713751e-17
6.30057803468208e-09 0.000486404664807387 0.00131098981529724 422100.284112785 -101014.877915395 1.57536051718008e-16 5.25120172393361e-17
6.61560693641618e-09 0.000616497528209338 0.00126712898768002 412955.327863074 -139227.948216142 1.58827189334792e-16 5.29423964449306e-17
6.93063583815029e-09 0.000742619636432318 0.00121149075094483 400350.912340836 -176613.1184438 1.60128908887121e-16 5.33763029623738e-17
7.24566473988439e-09 0.000863704771377158 0.00114443458067725 384361.987990044 -212857.201032858 1.61441297102669e-16 5.38137657008897e-17
7.56069364161849e-09 0.000978719258551837 0.00106641647802494 365091.858371 -247653.793740371 1.62764441419912e-16 5.42548138066374e-17
7.8757225433526e-09 0.00108667070560644 0.000977986023499307 342671.565879752 -280705.846475862 1.64098429993957e-16 5.46994766646524e-17
8.1907514450867e-09 0.00118661647414648 0.000879782639670783 317259.045090388 -311728.172519905 1.65443351702415e-16 5.5147783900805e-17
8.50578034682081e-09 0.00127767181320505 0.000772531086904134 289038.048754732 -340449.883094132 1.66799296151322e-16 5.55997653837739e-17
8.82080924855491e-09 0.00135901758494042 0.000657036222764177 258216.853398509 -366616.724701147 1.68166353681109e-16 5.60554512270362e-17
9.13583815028901e-09 0.00142990751589844 0.000534177062008013 225026.753316295 -389993.299281036 1.69544615372621e-16 5.65148717908735e-17
9.45086705202312e-09 0.00148967491052145 0.000404900180114778 189720.353573943 -410365.148028067 1.70934173053186e-16 5.69780576843952e-17
9.76589595375722e-09 0.00153773876747347 0.000270212509036167 152569.674361458 -427540.680671552 1.72335119302732e-16 5.74450397675775e-17
1.00809248554913e-08 0.00157360924375911 0.000131173579231226 113864.080686554 -441352.933142291 1.73747547459958e-16 5.79158491533192e-17
1.03959537572254e-08 0.00159689241650777 -1.11127329698346e-05 73908.0529452869 -451661.137812541 1.75171551628546e-16 5.83905172095154e-17
1.07109826589595e-08 0.00160729429764015 -0.00015550688908988 33018.815337633 -458352.091903998 1.7660722668344e-16 5.88690755611465e-17
1.10260115606936e-08 0.00160462406239044 -0.000300842735680016 -8476.1595999857 -461341.311194377 1.78054668277158e-16 5.93515560923859e-17
1.13410404624277e-08 0.00158879645878065 -0.000445936843775398 -50241.7509081375 -460573.95780736 1.79513972846172e-16 5.9837990948724e-17
1.16560693641618e-08 0.00155983337158661 -0.000589598066482645 -91937.8731113699 -456025.532630342 1.80985237617329e-16 6.03284125391098e-17
1.19710982658959e-08 0.0015178645210481 -0.00073063723815432 -133222.222810321 -447702.324755961 1.82468560614331e-16 6.08228535381104e-17
1.22861271676301e-08 0.00146312728350512 -0.000867876936818199 -173753.065962125 -435641.612272497 1.83964040664264e-16 6.13213468880881e-17
1.26011560693642e-08 0.00139596562823373 -0.00100016123036859 -213192.043338533 -419911.61071958 1.85471777404184e-16 6.18239258013946e-17
1.29161849710983e-08 0.00131682817195157 -0.00112636532650856 -251206.971317685 -400611.167563568 1.86991871287753e-16 6.23306237625844e-17
1.32312138728324e-08 0.00122626535970649 -0.00124540504656503 -287474.615016499 -377869.203115055 1.88524423591936e-16 6.28414745306455e-17
1.35462427745665e-08 0.00112492578809328 -0.00135624604408753 -321683.410808886 -351843.900392515 1.90069536423745e-16 6.33565121412483e-17
1.38612716763006e-08 0.00101355169390345 -0.00145791269058479 -353536.115501678 -322721.64851424 1.91627312727042e-16 6.3875770909014e-17
1.41763005780347e-08 0.000892973638342189 -0.00154949655284535 -382752.359855004 -290715.746258299 1.931978562894e-16 6.43992854298e-17
1.44913294797688e-08 0.000764104423786966 -0.00163016438901611 -409071.084734929 -256064.874450291 1.94781271749016e-16 6.49270905830053e-17
1.48063583815029e-08 0.00062793228665475 -0.00169916559396023 -432252.838970153 -219031.347804283 1.96377664601683e-16 6.54592215338945e-17
1.5121387283237e-08 0.000485513416235187 -0.00175583902836003 -452081.918946502 -179899.15873698 1.9798714120782e-16 6.59957137359401e-17
1.54364161849711e-08 0.00033796385527971 -0.0017996191705439 -468368.331106378 -138971.827482725 1.99609808799556e-16 6.65366029331854e-17
1.57514450867052e-08 0.000186450843660926 -0.00183004153506721 -480949.559817424 -96570.0745418782 2.01245775487876e-16 6.70819251626252e-17
1.60664739884393e-08 3.21836714836205e-05 -0.00184674730762793 -489692.124526125 -53029.3330826622 2.02895150269823e-16 6.76317167566075e-17
1.63815028901734e-08 -0.000123595887406793 -0.00184948715190718 -494492.911707183 -8697.12037266364 2.0455804303576e-16 6.81860143452535e-17
1.66965317919075e-08 -0.000279623486552085 -0.00183812415034776 -495280.268846526 36069.7113720847 2.06234564576695e-16 6.87448548588984e-17
1.70115606936416e-08 -0.000434622384240022 -0.00181263584767056 -492014.849541523 80907.8231771644 2.07924826591657e-16 6.93082755305522e-17
1.73265895953757e-08 -0.000587313805864307 -0.00177311537302661 -484690.200752319 125450.314007419 2.09628941695139e-16 6.98763138983797e-17
1.76416184971098e-08 -0.000736427407873847 -0.00171977162403657 -473333.085277989 169329.698628924 2.11347023424606e-16 7.04490078082021e-17
1.79566473988439e-08 -0.000880711758383246 -0.00165292850352073 -458003.534644514 212180.914664979 2.13079186248054e-16 7.10263954160181e-17
1.8271676300578e-08 -0.00101894474868387 -0.00157302320741099 -438794.629761609 253644.334440088 2.14825545571639e-16 7.16085151905463e-17
1.85867052023122e-08 -0.00114994384975823 -0.00148060357010069 -415832.008914959 293368.756966632 2.16586217747365e-16 7.21954059157882e-17
1.89017341040463e-08 -0.00127257612846684 -0.00137632448126406 -389273.104891542 331014.355389688 2.18361320080836e-16 7.27871066936119e-17
1.92167630057804e-08 -0.00138576793934684 -0.00126094339590239 -359306.115270462 366255.555368212 2.20150970839073e-16 7.33836569463577e-17
1.95317919075145e-08 -0.00148851420993168 -0.00113531496698417 -326148.712131674 398783.820235832 2.21955289258393e-16 7.39850964194643e-17
1.98468208092486e-08 -0.00157988724015939 -0.00100038483747778 -290046.499621909 428310.319350567 2.23774395552351e-16 7.4591465184117e-17
2.01618497109827e-08 -0.0016590449397688 -0.000857182635766971 -251271.229952805 454568.456806774 2.25608410919753e-16 7.52028036399176e-17
2.04768786127168e-08 -0.00172523843156513 -0.000706814225328357 -210118.790472765 477316.238640003 2.27457457552727e-16 7.58191525175756e-17
2.07919075144509e-08 -0.00177781895304286 -0.000550453266079259 -166906.976433889 496338.45779989 2.29321658644868e-16 7.64405528816225e-17
2.1106936416185e-08 -0.00181624399405073 -0.000389332150916261 -121973.065951603 511448.677489884 2.31201138399442e-16 7.70670461331473e-17
2.14219653179191e-08 -0.00184008261393454 -0.000224732386606108 -75671.2154109796 522490.994966176 2.33096022037665e-16 7.76986740125549e-17
2.17369942196532e-08 -0.00184901988785434 -5.79744933114938e-05 -28369.6951949576 529341.5695407 2.35006435807042e-16 7.83354786023473e-17
2.20520231213873e-08 -0.00184286043869785 0.000109592498411737 19552.012918751 531909.900332456 2.36932506989782e-16 7.89775023299273e-17
2.23670520231214e-08 -0.00182153101814875 0.000276601870364288 67706.2340365843 530139.841243878 2.38874363911275e-16 7.9624787970425e-17
2.26820809248555e-08 -0.00178508210796292 0.000441680273119246 115700.210314662 524010.342690052 2.40832135948644e-16 8.0277378649548e-17
2.29971098265896e-08 -0.00173368852029868 0.000603458927402714 163139.278273647 513535.911762202 2.42805953539364e-16 8.09353178464547e-17
2.33121387283237e-08 -0.00166764898397727 0.000760584879822811 209630.087772566 498766.784746361 2.44795948189952e-16 8.15986493966508e-17
2.36271676300578e-08 -0.00158738471175329 0.000911732221142506 254783.836600883 479788.808225824 2.4680225248473e-16 8.22674174949102e-17
2.39421965317919e-08 -0.00149343695198615 0.00105561317484633 298219.494306686 456723.027353423 2.48825000094657e-16 8.29416666982191e-17
2.4257225433526e-08 -0.00138646353645482 0.00119098896405796 339566.988750833 429724.982268124 2.50864325786236e-16 8.36214419287452e-17
2.45722543352602e-08 -0.00126723444438199 0.0013166803659288 378470.328965148 398983.716030356 2.52920365430491e-16 8.43067884768302e-17
2.48872832369943e-08 -0.00113662641096116 0.00143157786443411 414590.63819822 364720.499842547 2.54993256012022e-16 8.49977520040074e-17
2.52023121387284e-08 -0.000995616616743151 0.00153465131507496 447609.07155441 327187.283685633 2.57083135638132e-16 8.56943785460439e-17
2.55173410404625e-08 -0.000845275502069489 0.0016249590382753 477229.593367772 286664.882819421 2.59190143548024e-16 8.6396714516008e-17
2.58323699421966e-08 -0.000686758758273452 0.00170165626226407 503181.590398428 243460.912845104 2.61314420122083e-16 8.71048067073611e-17
2.61473988439307e-08 -0.000521298554540364 0.00176400284091449 525222.298088518 197907.488193063 2.63456106891227e-16 8.78187022970756e-17
2.64624277456648e-08 -0.000350194066065826 0.00181137017734402 543139.018460459 150358.700959806 2.65615346546334e-16 8.8538448848778e-17
2.67774566473989e-08 -0.000174801375415008 0.00184324729002118 556751.109772321 101187.898956834 2.67792282947754e-16 8.92640943159181e-17
2.7092485549133e-08 3.47717528747293e-06 0.00185924596463434 565911.729752831 50784.7836344481 2.6998706113489e-16 8.99956870449633e-17
2.74075144508671e-08 0.00018320409857041 0.00185910494200606 570509.31610914 -447.649810879375 2.72199827335861e-16 9.07332757786204e-17
2.77225433526012e-08 0.000362918254964029 0.00184269309982885 570468.790020111 -52096.3063606681 2.74430728977248e-16 9.14769096590826e-17
2.80375722543353e-08 0.000541146634393056 0.00181001159389925 565752.470481133 -103741.294051782 2.76679914693912e-16 9.2226638231304e-17
2.83526011560694e-08 0.000716416331417386 0.00176119493277299 556360.689636863 -154959.309630137 2.78947534338901e-16 9.29825114463003e-17
2.86676300578035e-08 0.000887266617762127 0.00169651096829237 542332.101608078 -205327.079910965 2.81233738993431e-16 9.37445796644769e-17
2.89826589595376e-08 0.00105226101399008 0.00161635979317786 523743.679769469 -254424.83109742 2.83538680976952e-16 9.45128936589841e-17
2.92976878612717e-08 0.00120999926137233 0.00152127154576183 500710.399947314 -301839.757852728 2.858625138573e-16 9.52875046191001e-17
2.96127167630058e-08 0.00135912909501962 0.00141190313089932 473384.609559301 -347169.46369199 2.88205392460924e-16 9.60684641536412e-17
2.99277456647399e-08 0.00149835772015528 0.00128903387504809 441955.085293001 -390025.344261707 2.90567472883202e-16 9.68558242944006e-17
3.02427745664741e-08 0.00162646289503903 0.00115356014239257 406645.784493376 -430035.885310197 2.92948912498845e-16 9.76496374996149e-17
3.05578034682082e-08 0.00174230352648436 0.00100648894762206 367714.297982433 -466849.847620148 2.95349869972376e-16 9.84499566574588e-17
3.08728323699423e-08 0.00184482968713564 0.000848930609488431 325450.014544436 -500139.311873714 2.97770505268709e-16 9.92568350895696e-17
3.11878612716764e-08 0.00193309196766606 0.000682090497491828 280172.009757094 -529602.557347016 3.00210979663797e-16 1.00070326554599e-16
3.15028901734105e-08 0.00200625008179651 0.000507259931904552 232226.674212261 -554966.749478876 3.02671455755385e-16 1.00890485251795e-16
3.18179190751446e-08 0.00206358064748655 0.000325806304775839 181985.098428941 -575990.412720502 3.0515209747384e-16 1.01717365824613e-16
3.21329479768787e-08 0.00210448407377211 0.000139162496499298 129840.233897262 -592465.666639296 3.07653070093073e-16 1.02551023364358e-16
3.24479768786128e-08 0.00212849048947672 -5.11843310904777e-05 76203.8516862119 -604220.205009746 3.10174540241551e-16 1.0339151341385e-16
3.27630057803469e-08 0.00213526465735307 -0.000243704478352183 21503.3218827314 -611118.999564679 3.12716675913399e-16 1.04238891971133e-16
3.3078034682081e-08 0.00212460982506401 -0.000436837896353168 -33821.7612111412 -613065.712186613 3.1527964647959e-16 1.05093215493197e-16
3.33930635838151e-08 0.00209647047272776 -0.000629006724017143 -89323.0817279135 -610003.801575553 3.17863622699234e-16 1.05954540899745e-16
3.37080924855492e-08 0.00205093392546526 -0.000818628074009306 -144547.205071789 -601917.31281916 3.20468776730952e-16 1.06822925576984e-16
3.40231213872833e-08 0.00198823080843131 -0.00100412696460665 -199039.252236223 -588831.34079525 3.23095282144345e-16 1.07698427381448e-16
3.43381502890174e-08 0.0019087343311133 -0.00118394929276261 -252346.616073675 -570812.160935426 3.25743313931561e-16 1.08581104643854e-16
3.46531791907515e-08 0.00181295839716827 -0.00135657474237867 -304022.689403486 -547967.023551907 3.28413048518953e-16 1.09471016172984e-16
3.49682080924856e-08 0.00170155454566393 -0.00152052952145811 -353630.574500017 -520443.610655807 3.31104663778832e-16 1.10368221259611e-16
3.52832369942197e-08 0.00157530773921519 -0.00167439882234778 -400746.743406103 -488429.156952545 3.33818339041321e-16 1.1127277968044e-16
3.55982658959538e-08 0.00143513102408519 -0.00181683890067673 -444964.618669543 -452149.239466204 3.36554255106298e-16 1.12184751702099e-16
3.5913294797688e-08 0.00128205909677056 -0.00194658867086943 -485898.044503331 -411866.242997003 3.39312594255448e-16 1.13104198085149e-16
3.62283236994221e-08 0.00111724082083571 -0.00206248071923699 -523184.619022535 -367877.5113319 3.42093540264402e-16 1.14031180088134e-16
3.65433526011562e-08 0.000941930746723388 -0.00216345163961151 -556488.85910884 -320513.196785181 3.44897278414985e-16 1.14965759471662e-16
3.68583815028903e-08 0.00075747969587206 -0.00224855160126218 -585505.17059229 -270133.82322137 3.47723995507558e-16 1.15907998502519e-16
3.71734104046244e-08 0.000565324478642396 -0.00231695306438412 -609960.597811594 -217127.580185259 3.50573879873467e-16 1.16857959957822e-16
3.74884393063585e-08 0.000366976823223673 -0.00236795856474313 -629617.328209892 -161907.368112074 3.53447121387584e-16 1.17815707129195e-16
3.78034682080926e-08 0.000164011599790182 -0.00240100749604548 -644274.929431081 -104907.616794626 3.56343911480967e-16 1.18781303826989e-16
3.81184971098267e-08 -4.19455693556315e-05 -0.00241568182623148 -653772.298389462 -46580.9013243748 3.59264443153605e-16 1.19754814384535e-16
3.84335260115608e-08 -0.000249231217140574 -0.00241171069210548 -657989.30397789 12605.6184183172 3.62208910987283e-16 1.20736303662428e-16
3.87485549132949e-08 -0.000456157355033573 -0.00238897382545269 -656848.107440162 72173.9069895897 3.65177511158544e-16 1.21725837052848e-16
3.9063583815029e-08 -0.000661025106527595 -0.00234750377298604 -650314.146944329 131638.882141837 3.68170441451758e-16 1.22723480483919e-16
3.93786127167631e-08 -0.000862138541595097 -0.0022874868820432 -638396.775535373 190512.332717657 3.71187901272301e-16 1.237293004241e-16
3.96936416184972e-08 -0.0010578186003794 -0.00220926303383944 -621149.54439787 248306.894298158 3.74230091659841e-16 1.24743363886614e-16
4.00086705202313e-08 -0.00124641699273723 -0.00211332411619787 -598670.126200084 304540.050495253 3.77297215301732e-16 1.25765738433911e-16
4.03236994219654e-08 -0.00142632995951635 -0.00200031123794307 -571099.876197934 358738.127304242 3.80389476546515e-16 1.26796492182172e-16
4.06387283236995e-08 -0.00159601178165002 -0.00187101069747549 -538623.031727078 410440.247722783 3.83507081417537e-16 1.27835693805846e-16
4.09537572254336e-08 -0.00175398792428339 -0.00172634872835694 -501465.553680236 459202.213899258 3.86650237626678e-16 1.28883412542226e-16
4.12687861271677e-08 -0.00189886770521354 -0.00156738505494795 -459893.616530575 504600.284399171 3.89819154588185e-16 1.29939718196062e-16
4.15838150289019e-08 -0.00202935637991639 -0.00139530530116134 -414211.756396195 546234.814772175 3.93014043432629e-16 1.3100468114421e-16
4.1898843930636e-08 -0.00214426653933203 -0.00121141230514877 -364760.689521226 583733.730461922 3.96235117020967e-16 1.32078372340322e-16
4.22138728323701e-08 -0.0022425287213619 -0.00101711640213686 -311914.816351668 616755.802221294 3.99482589958731e-16 1.33160863319577e-16
4.25289017341042e-08 -0.00232320114266334 -0.000813924746596126 -256079.429085314 644993.695569657 4.02756678610318e-16 1.34252226203439e-16
4.28439306358383e-08 -0.00238547846377189 -0.000603429753382921 -197687.643151912 668176.767447423 4.06057601113412e-16 1.35352533704471e-16
4.31589595375724e-08 -0.00242869950779094 -0.000387296745367936 -137197.075510002 686073.58507509 4.09385577393513e-16 1.36461859131171e-16
4.34739884393065e-08 -0.00245235386081154 -0.000167250902285703 -75086.2949094502 698494.144095893 4.12740829178594e-16 1.37580276392865e-16
4.37890173410406e-08 -0.00245608729080135 5.49363879571131e-05 -11851.0713438004 705291.765357931 4.16123580013868e-16 1.38707860004623e-16
4.41040462427747e-08 -0.00243970593086671 0.000277461668549695 51999.5462145591 706364.65215627 4.19534055276687e-16 1.39844685092229e-16
4.44190751445088e-08 -0.00240317918247574 0.00049850393175905 115947.293057576 701657.092389329 4.22972482191556e-16 1.40990827397185e-16
4.47341040462429e-08 -0.00234664130435713 0.000716239399743058 179468.860816878 691160.292866667 4.26439089845272e-16 1.42146363281757e-16
4.5049132947977e-08 -0.00227039166328027 0.000928856449207774 242040.145069654 674912.835915518 4.29934109202185e-16 1.43311369734062e-16
4.53641618497111e-08 -0.00217489363369448 0.00113457055876805 303140.534281486 653000.751448221 4.3345777311959e-16 1.44485924373197e-16
4.56791907514452e-08 -0.00206077214417191 0.00133163915669165 362257.205273501 625557.20074829 4.37010316363239e-16 1.45670105454413e-16
4.59942196531793e-08 -0.00192880987967247 0.00151837624652086 418889.390062425 592761.771384472 4.40591975622981e-16 1.46863991874327e-16
4.63092485549134e-08 -0.00177994215973986 0.00169316668888225 472552.57886866 554839.385844416 4.44202989528534e-16 1.48067663176178e-16
4.66242774566475e-08 -0.00161525052375399 0.00185448001961541 522782.624322102 512058.829666723 4.47843598665385e-16 1.49281199555128e-16
4.69393063583816e-08 -0.0014359550652175 0.00200088368716959 569139.712418598 464730.90801602 4.51514045590814e-16 1.50504681863605e-16
4.72543352601157e-08 -0.00124340556765022 0.00213105559601728 611212.166589704 413206.242764225 4.55214574850058e-16 1.51738191616686e-16
4.75693641618499e-08 -0.00103907150491869 0.00224379584759334 648620.05234047 357872.72518639 4.58945432992606e-16 1.52981810997535e-16
4.7884393063584e-08 -0.000824530978649098 0.0023380375759561 681018.551277782 299152.64232585 4.62706868588621e-16 1.54235622862874e-16
4.81994219653181e-08 -0.000601458674679429 0.00241285678194381 708101.074986289 237499.49790594 4.66499132245503e-16 1.55499710748501e-16
4.85144508670522e-08 -0.000371612929217618 0.00246748107701916 729602.091098959 173394.551340078 4.70322476624586e-16 1.56774158874862e-16
4.88294797687863e-08 -0.000136822003412633 0.00250129725620298 745299.636041512 107343.100895456 4.74177156457972e-16 1.58059052152657e-16
4.91445086705204e-08 0.000101030327658094 0.00251385762843415 755017.491288731 39870.5393760109 4.78063428565504e-16 1.59354476188501e-16
4.94595375722545e-08 0.000340019759093684 0.00250488504228908 758627.002538662 -28481.7872128064 4.81981551871871e-16 1.60660517290624e-16
4.97745664739886e-08 0.000578196895257164 0.00247427655517848 756048.523968477 -97160.8856905242 4.85931787423866e-16 1.61977262474622e-16
5.00895953757227e-08 0.000813603021038087 0.00242210570483144 747252.472662379 -165606.552477765 4.89914398407775e-16 1.63304799469258e-16
5.04046242774568e-08 0.00104428607875439 0.00234862335299465 732259.981374678 -233255.905830544 4.93929650166911e-16 1.64643216722304e-16
5.07196531791909e-08 0.00126831672143499 0.0022542570827302 711143.140986138 -299547.977169726 4.97977810219295e-16 1.65992603406432e-16
5.1034682080925e-08 0.00148380431153932 0.00213960914239706 684024.827303661 -363928.324360244 5.02059148275478e-16 1.67353049425159e-16
5.13497109826591e-08 0.00168891273354384 0.00200545294125594 651078.110216176 -425853.62931035 5.06173936256512e-16 1.68724645418837e-16
5.16647398843932e-08 0.00188187588927292 0.00185272811354824 612525.246626261 -484796.242081301 5.10322448312063e-16 1.70107482770688e-16
5.19797687861273e-08 0.00206101274637695 0.00168253417977058 568636.261999943 -540248.633826333 5.14504960838683e-16 1.71501653612894e-16
5.22947976878614e-08 0.00222474181296059 0.0014961228455987 519727.128788434 -591727.721316242 5.18721752498217e-16 1.72907250832739e-16
5.26098265895955e-08 0.00237159491502661 0.00129488899041197 466157.553347171 -638779.026556044 5.22973104236378e-16 1.74324368078793e-16
5.29248554913296e-08 0.00250023015810373 0.00108036040853505 408328.386281493 -680980.636049677 5.27259299301456e-16 1.75753099767152e-16
5.32398843930638e-08 0.00260944396014104 0.000854186377053208 346678.674356968 -717946.925621271 5.31580623263196e-16 1.77193541087732e-16
5.35549132947979e-08 0.00269818204943775 0.000618125134280245 281682.375198733 -749332.018343532 5.35937364031822e-16 1.78645788010607e-16
5.3869942196532e-08 0.00276554932898879 0.000374030362575227 213844.758941856 -774832.945045287 5.4032981187722e-16 1.80109937292407e-16
5.41849710982661e-08 0.00281081851710924 0.000123836778132223 143698.523758468 -794192.479057607 5.44758259448275e-16 1.81586086482758e-16
5.45000000000002e-08 0.00283343748349099 -0.000130455061472442 71799.654753103 -807201.619295543 5.49223001792371e-16 1.8307433393079e-16
5.48150289017343e-08 0.00283303520987491 -0.000386794613871931 -1276.94193730623 -813701.698442414 5.53724336375049e-16 1.84574778791683e-16
5.51300578034684e-08 0.00280942631521308 -0.00064309774812495 -74941.9958990055 -813586.095885731 5.58262563099825e-16 1.86087521033275e-16
5.54450867052025e-08 0.00276261409646893 -0.000897263550598315 -148596.584270437 -806801.538126462 5.62837984328169e-16 1.87612661442723e-16
5.57601156069366e-08 0.00269279204796743 -0.00114719140613553 -221636.961298326 -793348.972622716 5.67450904899655e-16 1.89150301633218e-16
5.60751445086707e-08 0.00260034383437383 -0.00139079821677333 -293459.467003526 -773284.004409916 5.72101632152266e-16 1.90700544050755e-16
5.63901734104048e-08 0.00248584170484836 -0.00162603561801201 -363465.475374426 -746716.888335602 5.76790475942875e-16 1.92263491980958e-16
5.67052023121389e-08 0.0023500433485985 -0.00185090705151782 -431066.341857375 -713812.073330393 5.81517748667884e-16 1.93839249555961e-16
5.7020231213873e-08 0.00219388720482605 -0.00206348455315622 -495688.309589592 -674787.29877876 5.86283765284045e-16 1.95427921761348e-16
5.73352601156071e-08 0.00201848625284046 -0.00226192511643076 -556777.333825818 -629912.246724675 5.91088843329435e-16 1.97029614443145e-16
5.76502890173412e-08 0.00182512032077705 -0.00244448649373618 -613803.784348082 -579506.757318126 5.9593330294462e-16 1.98644434314873e-16
5.79653179190753e-08 0.00161522696381546 -0.00260954230131368 -666266.986318442 -523938.618548785 6.00817466893981e-16 2.0027248896466e-16
5.82803468208094e-08 0.00139039097493463 -0.00275559629840416 -713699.561034575 -463620.944892706 6.05741660587219e-16 2.01913886862406e-16
5.85953757225435e-08 0.00115233260296477 -0.0028812957168018 -755671.529372198 -399009.162987013 6.10706212101033e-16 2.03568737367011e-16
5.89104046242777e-08 0.000902894563904457 -0.00298544352377875 -791794.142338246 -330597.625816721 6.15711452200985e-16 2.05237150733662e-16
5.92254335260118e-08 0.000644027942065423 -0.00306700950913402 -821723.405103723 -258915.880118568 6.20757714363528e-16 2.06919238121176e-16
5.95404624277459e-08 0.000377777087498183 -0.00312514009586206 -845163.263121698 -184524.614751385 6.25845334798233e-16 2.08615111599411e-16
5.985549132948e-08 0.00010626362525009 -0.00315916678357331 -861868.421448075 -108011.320624702 6.30974652470183e-16 2.10324884156728e-16
6.01705202312141e-08 -0.000168330299766098 -0.00316861314426039 -871646.771152302 -29985.6953920294 6.3614600912256e-16 2.1204866970752e-16
6.04855491329482e-08 -0.000443779411235856 -0.00315320030120906 -874361.399711344 48925.1715207296 6.41359749299412e-16 2.13786583099804e-16
6.08005780346823e-08 -0.000717833185916651 -0.00311285083371789 -869932.165500504 128081.79588941 6.46616220368609e-16 2.1553874012287e-16
6.11156069364164e-08 -0.000988234091609028 -0.00304769106272248 -858336.819904243 206837.438205606 6.51915772544987e-16 2.17305257514996e-16
6.14306358381505e-08 -0.00125273603204707 -0.00295805168532187 -839611.664142762 284543.344776274 6.57258758913682e-16 2.19086252971227e-16
6.17456647398846e-08 -0.001509122849233 -0.00284446673947443 -813851.731617722 360554.048286346 6.6264553545365e-16 2.20881845151217e-16
6.20606936416187e-08 -0.00175522673204493 -0.00270767089366302 -781210.490393863 434232.684869264 6.68076461061391e-16 2.2269215368713e-16
6.23757225433528e-08 -0.00198894637947587 -0.00254859507001423 -741899.06432205 504956.284242926 6.73551897574857e-16 2.24517299191619e-16
6.26907514450869e-08 -0.00220826476763019 -0.00236836042308554 -696184.97524216 572120.989333296 6.79072209797556e-16 2.26357403265852e-16
6.3005780346821e-08 -0.0024112663716151 -0.00216827071019212 -644390.412649341 635147.162028655 6.84637765522866e-16 2.28212588507622e-16
6.33208092485551e-08 -0.0025961536967117 -0.00194980310262245 -586890.041132331 693484.332285372 6.90248935558531e-16 2.30082978519511e-16
6.36358381502892e-08 -0.00276126297767824 -0.00171459750027392 -524108.359765335 746615.948739355 6.95906093751372e-16 2.31968697917124e-16
6.39508670520233e-08 -0.00290507891069888 -0.00146444442501824 -456516.631423328 794063.890261163 7.01609617012191e-16 2.33869872337397e-16
6.42658959537574e-08 -0.00302624828930939 -0.00120127158037188 -384629.403662717 835392.699519624 7.07359885340884e-16 2.35786628446961e-16
6.45809248554916e-08 -0.00312359242355917 -0.000927129176695559 -309000.646334176 870213.501578053 7.13157281851761e-16 2.37719093950587e-16
6.48959537572257e-08 -0.00319611823065213 -0.000644174132077117 -230219.534441876 898187.572825513 7.19002192799066e-16 2.39667397599689e-16
6.52109826589598e-08 -0.00324302789528103 -0.00035465326917005 -148905.907904569 919029.528127021 7.24895007602717e-16 2.41631669200906e-16
6.55260115606939e-08 -0.00326372700875843 -6.08856374743377e-05 -65705.4427814603 932510.096942353 7.30836118874249e-16 2.4361203962475e-16
6.5841040462428e-08 -0.00325783110776985 0.00023475590122463 18715.4288261334 938458.462292135 7.36825922442969e-16 2.45608640814323e-16
6.61560693641621e-08 -0.00322517054604224 0.000529863679375588 103674.810621569 936764.139818639 7.42864817382332e-16 2.47621605794111e-16
6.64710982658962e-08 -0.00316579364533732 0.000822014671216909 188480.804072507 927378.377771532 7.48953206036532e-16 2.49651068678844e-16
6.67861271676303e-08 -0.00307996808584239 0.00110879022559401 272437.097112355 910315.062518137 7.55091494047299e-16 2.51697164682433e-16
6.71011560693644e-08 -0.00296818051013375 0.00138779592464994 354848.634818261 885651.11810415 7.61280090380936e-16 2.53760030126979e-16
6.74161849710985e-08 -0.00283113432931721 0.00165668140666247 435027.326261657 853526.392443433 7.67519407355558e-16 2.55839802451853e-16
6.77312138728326e-08 -0.00266974573459164 0.00191315999026933 512297.741055475 814143.026862137 7.73809860668568e-16 2.57936620222856e-16
6.80462427745667e-08 -0.00248513793221592 0.0021550279376172 586002.748825697 767764.309929941 7.80151869424352e-16 2.60050623141451e-16
6.83612716763008e-08 -0.00227863363456792 0.00238018319559771 655509.05491934 714713.020745488 7.86545856162198e-16 2.62181952054066e-16
6.86763005780349e-08 -0.00205174585454469 0.00258664345729312 720212.586128783 655369.27106984 7.92992246884457e-16 2.64330748961486e-16
6.8991329479769e-08 -0.00180616706484574 0.0027725633900318 779543.681062728 590167.859886075 7.99491471084914e-16 2.66497157028305e-16
6.93063583815031e-08 -0.00154375679758693 0.00293625088202512 832972.041023372 519595.15807052 8.06043961777413e-16 2.68681320592471e-16
6.96213872832372e-08 -0.00126652777309359 0.00307618216638764 880011.398850412 444185.544857188 8.12650155524701e-16 2.708833851749e-16
6.99364161849713e-08 -0.000976630659504179 0.00319101568938609 920223.86515538 364517.421628103 8.19310492467517e-16 2.73103497489172e-16
7.02514450867055e-08 -0.000676337576870478 0.0032796045989632 953223.913681289 281208.832235608 8.26025416353915e-16 2.75341805451305e-16
7.05664739884396e-08 -0.000368024470661924 0.00334100773987487 978681.970166602 194912.722526942 8.32795374568831e-16 2.7759845818961e-16
7.08815028901737e-08 -5.41524898715249e-05 0.00337449905308674 996327.572050258 106311.874966137 8.39620818163887e-16 2.79873606054629e-16
7.11965317919078e-08 0.000262751485812978 0.00337957528931617 1005952.06960402 16113.5572053371 8.46502201887445e-16 2.82167400629148e-16
7.15115606936419e-08 0.000580115017150958 0.00335596195968361 1007410.84259579 -74956.0738795087 8.53439984214904e-16 2.84479994738301e-16
7.1826589595376e-08 0.000895340815207899 0.00330361746025475 1000625.01034589 -166157.768829236 8.60434627379247e-16 2.86811542459749e-16
7.21416184971101e-08 0.00120582782461243 0.00322273532170281 985582.61700888 -256745.137054782 8.67486597401836e-16 2.89162199133945e-16
7.24566473988442e-08 0.00150899251047706 0.00311374455028704 962339.278065693 -345970.705595009 8.74596364123461e-16 2.91532121374487e-16
7.27716763005783e-08 0.00180229017618793 0.00297730804170954 931018.278311595 -433092.03640195 8.81764401235646e-16 2.93921467078549e-16
7.30867052023124e-08 0.00208323613759987 0.00281431906505586 891810.116041562 -517377.852497006 8.88991186312206e-16 2.96330395437402e-16
7.34017341040465e-08 0.00234942657891969 0.00262589582981903 844971.492629892 -598114.122861865 8.96277200841066e-16 2.98759066947022e-16
7.37167630057806e-08 0.00259855891673804 0.00241337416482416 790823.75123988 -674610.055855279 9.03622930256341e-16 3.0120764341878e-16
7.40317919075147e-08 0.00282845150127844 0.0021782983535812 729750.77294475 -746203.951285008 9.11028863970678e-16 3.03676287990226e-16
7.43468208092488e-08 0.00303706248796368 0.00192241018606814 662196.343055928 -812268.862013926 9.18495495407866e-16 3.06165165135955e-16
7.46618497109829e-08 0.00322250771783155 0.00164763630205653 588661.004901661 -872218.017137764 9.26023322035703e-16 3.08674440678568e-16
7.4976878612717e-08 0.00338307745213178 0.00135607391570886 509698.422641097 -925509.960332962 9.3361284539915e-16 3.11204281799717e-16
7.52919075144511e-08 0.00351725181455972 0.00104997502517977 425911.278899695 -971653.358927216 9.4126457115374e-16 3.13754857051247e-16
7.56069364161852e-08 0.0036237148039727 0.000731729224219679 337946.737035702 -1010211.44157974 9.48979009099269e-16 3.16326336366423e-16
7.59219653179194e-08 0.00370136675102742 0.000403845245196246 246491.501659953 -1040806.02515695 9.56756673213761e-16 3.18918891071254e-16
7.62369942196535e-08 0.00374933510389257 6.89313744066204e-05 152266.514599446 -1063121.09443312 9.64598081687715e-16 3.21532693895905e-16
7.65520231213876e-08 0.00376698344094422 -0.000270325109049328 56021.3267878111 -1076905.90161246 9.72503756958627e-16 3.24167918986209e-16
7.68670520231217e-08 0.00375391862204636 -0.000611179310322178 -41471.8104463969 -1081977.556334 9.80474225745798e-16 3.26824741915266e-16
7.71820809248558e-08 0.00370999600454996 -0.000950850743277163 -139424.088566574 -1078223.08075619 9.88510019085427e-16 3.29503339695142e-16
7.74971098265899e-08 0.00363532266539994 -0.00128654582716688 -237036.471063371 -1065600.90849395 9.96611672365992e-16 3.32203890788664e-16
7.7812138728324e-08 0.00353025858660079 -0.00161548067500385 -333506.158389946 -1044141.81056507 1.00477972536392e-15 3.34926575121307e-16
7.81271676300581e-08 0.00339541577763287 -0.00193490398925426 -428033.136723869 -1013949.23606095 1.01301472227955e-15 3.37671574093184e-16
7.84421965317922e-08 0.00323165532510352 -0.00224211987808332 -519826.757570218 -975199.059952777 1.0213172117734e-15 3.40439070591133e-16
7.87572254335263e-08 0.00304008237682567 -0.0025345104045032 -608112.294533373 -928138.735241098 1.02968774700269e-15 3.43229249000896e-16
7.90722543352604e-08 0.00282203908450424 -0.00280955768142575 -692137.423332238 -873085.85151562 1.03812688565824e-15 3.46042295219413e-16
7.93872832369945e-08 0.00257909554614019 -0.00306486532781098 -771178.571320755 -810426.106874213 1.0466351900016e-15 3.48878396667198e-16
7.97023121387286e-08 0.00231303880599248 -0.00329817910482431 -844547.083404651 -740610.705014793 1.0552132269025e-15 3.51737742300834e-16
8.00173410404627e-08 0.00202585998633259 -0.00350740655615174 -911595.152314867 -664153.194121933 1.06386156787667e-15 3.54620522625556e-16
8.03323699421968e-08 0.00171973964114584 -0.00369063548334263 -971721.462702911 -581625.768881158 1.07258078912384e-15 3.57526929707948e-16
8.06473988439309e-08 0.00139703143724538 -0.00384615109521154 -1024376.50045466 -493655.061528853 1.08137147156621e-15 3.60457157188737e-16
8.0962427745665e-08 0.00106024428283746 -0.00397245167987858 -1069067.48096459 -400917.452245825 1.09023420088708e-15 3.63411400295694e-16
8.12774566473991e-08 0.00071202303728447 -0.00406826265889461 -1105362.85285629 -304133.933390324 1.09916956756993e-15 3.66389855856644e-16
8.15924855491333e-08 0.000355127948537037 -0.00413254889500623 -1132896.33675791 -204064.566005712 1.10817816693774e-15 3.69392722312579e-16
8.19075144508674e-08 -7.58702366550324e-06 -0.00416452513837534 -1151370.46222091 -101502.570694615 1.11726059919263e-15 3.72420199730875e-16
8.22225433526015e-08 -0.000373196830299122 -0.00416366451038096 -1160559.56968103 2731.90170695946 1.12641746945588e-15 3.75472489818628e-16
8.25375722543356e-08 -0.000738728723604343 -0.00412970493938799 -1160312.24847346 107798.271225383 1.13564938780826e-15 3.78549795936087e-16
8.28526011560697e-08 -0.0011011862302707 -0.00406265347895127 -1150553.18629871 212842.250560602 1.14495696933062e-15 3.81652323110207e-16
8.31676300578038e-08 -0.00145757351555158 -0.00396278845570829 -1131284.41015766 317002.734330931 1.15434083414493e-15 3.84780278048309e-16
8.34826589595379e-08 -0.00180491994182951 -0.00383065941156952 -1102585.90359783 419418.800660662 1.16380160745554e-15 3.87933869151848e-16
8.3797687861272e-08 -0.00214030462194786 -0.00366708482260254 -1064615.59010044 519236.768647479 1.17333991959091e-15 3.91113306530302e-16
8.41127167630061e-08 -0.00246088076603134 -0.0034731475950837 -1017608.6775494 615617.254325875 1.18295640604551e-15 3.94318802015169e-16
8.44277456647402e-08 -0.00276389962056055 -0.00325018835741304 -961876.363918404 707742.167284841 1.19265170752224e-15 3.9755056917408e-16
8.47427745664743e-08 -0.00304673380015826 -0.00299979658480601 -897803.909548693 794821.590110388 1.20242646997509e-15 4.00808823325029e-16
8.50578034682084e-08 -0.00330689981588711 -0.00272379961174019 -825848.086625523 876100.483309859 1.21228134465215e-15 4.04093781550718e-16
8.53728323699425e-08 -0.00354207960883545 -0.00242424960489755 -746534.021652536 950865.159335345 1.22221698813906e-15 4.0740566271302e-16
8.56878612716766e-08 -0.00375014090435343 -0.00210340858665429 -660451.451827723 1018449.47075383 1.23223406240269e-15 4.10744687467563e-16
8.60028901734107e-08 -0.00392915621045385 -0.00176373161588567 -568250.421199477 1078240.65950408 1.24233323483528e-15 4.14111078278427e-16
8.63179190751448e-08 -0.00407742029355803 -0.00140784824883066 -470636.447284825 1129684.81652323 1.25251517829891e-15 4.1750505943297e-16
8.66329479768789e-08 -0.00419346597587926 -0.00103854241786369 -368365.193423376 1172291.90380342 1.26278057117031e-15 4.20926857056769e-16
8.6947976878613e-08 -0.00427607811121562 -0.000658730880116726 -262236.686480541 1205640.29413256 1.27313009738606e-15 4.24376699128685e-16
8.72630057803472e-08 -0.00432430560967956 -0.000271440400861967 -153089.123564449 1229380.78735914 1.28356444648817e-15 4.27854815496057e-16
8.75780346820813e-08 -0.00433747139682133 0.000120216151713745 -41792.3151472592 1243240.06597428 1.29408431367002e-15 4.31361437890007e-16
8.78930635838154e-08 -0.00431518020859341 0.000513064613341759 70759.1846500873 1247023.55709443 1.30469039982267e-15 4.34896799940889e-16
8.82080924855495e-08 -0.004257324140533 0.000903895036188701 183653.206870655 1240617.67252332 1.31538341158154e-15 4.38461137193847e-16
8.85231213872836e-08 -0.00416408588727622 0.00128948770374542 295967.29932887 1223991.40343692 1.32616406137354e-15 4.42054687124512e-16
8.88381502890177e-08 -0.004035939626924 0.00166663943899168 406776.202585962 1197197.25133217 1.33703306746448e-15 4.45677689154826e-16
8.91531791907518e-08 -0.00387364952370915 0.00203218999262322 515159.41020492 1160371.48216985 1.34799115400696e-15 4.49330384668986e-16
8.94682080924859e-08 -0.00367826584171655 0.00238304829572407 620208.752013205 1113733.69608157 1.35903905108861e-15 4.53013017029535e-16
8.978323699422e-08 -0.00345111868192821 0.00271621836061087 721035.9384107 1057585.7105581 1.37017749478071e-15 4.56725831593572e-16
9.00982658959541e-08 -0.0031938093744446 0.00302882461468704 816780.00357182 992309.760645471 1.38140722718729e-15 4.60469075729096e-16
9.04132947976882e-08 -0.00290819957721227 0.00331813645502792 906614.585709961 918366.02530225 1.39272899649449e-15 4.64242998831496e-16
9.07283236994223e-08 -0.00259639815180556 0.00358159181606517 989754.983401129 836289.494668691 1.40414355702047e-15 4.68047852340155e-16
9.10433526011564e-08 -0.00226074590560732 0.00381681954912537 1065464.92829899 746686.19852138 1.41565166926565e-15 4.71883889755215e-16
9.13583815028905e-08 -0.00190379830795248 0.00402166042066631 1133063.01640895 650228.821588674 1.42725409996337e-15 4.75751366654456e-16
9.16734104046246e-08 -0.00152830630528471 0.00419418654579211 1191928.7424133 547651.736637833 1.43895162213099e-15 4.7965054071033e-16
9.19884393063587e-08 -0.00113719537698175 0.00433271908494941 1241508.08433782 439745.491269968 1.45074501512138e-15 4.83581671707127e-16
9.23034682080928e-08 -0.000733542989084934 0.00443584404453105 1281318.58910366 327350.789130724 1.46263506467485e-15 4.87545021558282e-16
9.26184971098269e-08 -0.000320554617587587 0.00450242603634809 1310953.91319341 211352.010721968 1.47462256297148e-15 4.91540854323827e-16
9.29335260115611e-08 9.84614739323035e-05 0.0045316198664713 1330087.77675121 92670.3231433993 1.48670830868395e-15 4.95569436227983e-16
9.32485549132952e-08 0.000520120505826402 0.00452287984067198 1338477.29390237 -27743.5681336249 1.49889310703069e-15 4.99631035676898e-16
9.35635838150293e-08 0.000940988296319179 0.00447596669148189 1335965.64688533 -148916.968988711 1.51117776982959e-15 5.03725923276529e-16
9.38786127167634e-08 0.00135760900256325 0.00439095205060666 1322484.07670136 -269862.988466326 1.52356311555201e-15 5.07854371850671e-16
9.41936416184975e-08 0.00176653326658581 0.00426822040991961 1298053.16836518 -389588.510804766 1.53604996937741e-15 5.12016656459137e-16
9.45086705202316e-08 0.00216434653876538 0.00410846853438098 1262783.41444157 -507102.283819882 1.54863916324824e-15 5.16213054416079e-16
9.48236994219657e-08 0.00254769734815967 0.00391270231081052 1216875.04633419 -621423.058306209 1.5613315359254e-15 5.20443845308466e-16
9.51387283236998e-08 0.00291332528755038 0.00368223103732516 1160617.12870812 -731587.712164551 1.57412793304415e-15 5.24709311014716e-16
9.54537572254339e-08 0.00325808848150622 0.00341865917926847 1094385.91842863 -836659.292546912 1.58702920717041e-15 5.2900973572347e-16
9.5768786127168e-08 0.00357899030810385 0.00312387563843494 1018642.49543835 -935734.909434879 1.60003621785759e-15 5.33345405952529e-16
9.60838150289021e-08 0.00387320514918321 0.00280004060315575 933929.679022568 -1027953.41473945 1.61314983170383e-15 5.37716610567943e-16
9.63988439306362e-08 0.0041381029501308 0.00244957006719378 840868.2488795 -1112502.80222791 1.62637092240978e-15 5.42123640803259e-16
9.67138728323703e-08 0.00437127237814634 0.0020751181252221 740152.496269503 -1188627.26534131 1.63970037083676e-15 5.46566790278921e-16
9.70289017341044e-08 0.00457054237770522 0.0016795571717664 632545.136214433 -1255633.85225387 1.6531390650655e-15 5.51046355021834e-16
9.73439306358385e-08 0.00473400193341566 0.00126595614871449 518871.617209282 -1312898.6603299 1.66668790045526e-15 5.55562633485087e-16
9.76589595375726e-08 0.00486001786360577 0.000837557003678803 400013.870144754 -1359872.5154344 1.68034777970352e-15 5.60115926567841e-16
9.79739884393067e-08 0.00494725048266773 0.000397749537491444 276903.543077401 -1396086.08532868 1.6941196129061e-15 5.64706537635368e-16
9.82890173410408e-08 0.00499466698632588 -4.99551662249993e-05 150514.773080022 -1421154.38060449 1.70800431761782e-15 5.69334772539272e-16
9.8604046242775e-08 0.00500155243146307 -0.000501952523265553 21856.5506189759 -1434780.601248 1.72200281891359e-15 5.74000939637862e-16
9.89190751445091e-08 0.00496751820080178 -0.000954573225063224 -108035.264300977 -1436759.2919449 1.73611604945009e-15 5.78705349816696e-16
9.92341040462432e-08 0.00489250786245148 -0.00140411278122361 -238106.211644076 -1426978.77460085 1.75034494952789e-15 5.83448316509295e-16
9.95491329479773e-08 0.0047768003549471 -0.00184686159252892 -367291.721068954 -1405422.83221687 1.76469046715408e-15 5.88230155718028e-16
9.98641618497114e-08 0.00462101044975483 -0.00227913531228607 -494525.754096583 -1372171.62418323 1.77915355810548e-15 5.93051186035161e-16
1.00179190751445e-07 0.0044260864651412 -0.00269730524954571 -618749.529140508 -1327401.81919117 1.79373518599226e-15 5.97911728664086e-16
1.0049421965318e-07 0.00419330522761491 -0.00309782856535615 -738920.258569673 -1271385.93826065 1.80843632232217e-15 6.02812107440724e-16
1.00809248554914e-07 0.00392426429967804 -0.00347727801287251 -854019.826295038 -1204490.90679504 1.82325794656528e-15 6.07752648855094e-16
1.01124277456648e-07 0.00362087151518177 -0.00383237097383819 -963063.334272565 -1127175.82104702 1.83820104621922e-15 6.12733682073073e-16
1.01439306358382e-07 0.00328533188598672 -0.00415999754769384 -1065107.44680262 -1039988.94086289 1.85326661687496e-15 6.1775553895832e-16
1.01754335260116e-07 0.00292013196569414 -0.00445724745533599 -1159258.46258012 -943563.927010868 1.86845566228318e-15 6.22818554094393e-16
1.0206936416185e-07 0.00252802177775866 -0.004721435527312 -1244680.04610713 -838615.347740372 1.88376919442111e-15 6.27923064807035e-16
1.02384393063584e-07 0.00211199443613479 -0.00495012555595286 -1320600.55231064 -725933.485410425 1.89920823355996e-15 6.33069411186653e-16
1.02699421965318e-07 0.00167526360657107 -0.00514115230254708 -1386319.88100041 -606378.480014675 1.91477380833292e-15 6.38257936110974e-16
1.03014450867052e-07 0.00122123897557751 -0.00529264146406788 -1441215.80113552 -480873.852166956 1.93046695580367e-15 6.43488985267891e-16
1.03329479768787e-07 0.000753499911789471 -0.00540302741908672 -1484749.68872167 -350399.453546028 1.94628872153548e-15 6.48762907178492e-16
1.03644508670521e-07 0.000275767520780115 -0.00547106858922935 -1516471.62650676 -215983.897883969 1.96224015966085e-15 6.54080053220284e-16
1.03959537572255e-07 -0.000208124690811857 -0.00549586027073221 -1536024.81844791 -78696.5302751222 1.9783223329518e-15 6.59440777650601e-16
1.04274566473989e-07 -0.000694261312805337 -0.00547684481019911 -1543149.27715362 60361.0031601266 1.99453631289062e-15 6.64845437630207e-16
1.04589595375723e-07 -0.0011786764502192 -0.0054138190193933 -1537684.74812107 200063.519438607 2.01088317974129e-15 6.70294393247095e-16
1.04904624277457e-07 -0.00165738581328163 -0.0053069387456661 -1519572.8405468 339271.327611121 2.02736402262142e-15 6.75788007540473e-16
1.05219653179191e-07 -0.00212641922120396 -0.00515672053725169 -1488858.34074427 476839.450563165 2.04397993957486e-15 6.81326646524955e-16
1.05534682080925e-07 -0.00258185325671492 -0.00496404036596984 -1445689.69070453 611626.965720372 2.06073203764483e-15 6.86910679214944e-16
1.05849710982659e-07 -0.00301984380496022 -0.0047301293936879 -1390318.62103555 742506.389078437 2.07762143294767e-15 6.92540477649224e-16
1.06164739884393e-07 -0.00343665820913656 -0.00445656679301074 -1323098.9343579 868373.026002739 2.09464925074722e-15 6.9821641691574e-16
1.06479768786128e-07 -0.00382870677617704 -0.00414526965689579 -1244484.44216521 988154.211887826 2.11181662552977e-15 7.03938875176591e-16
1.06794797687862e-07 -0.00419257336894621 -0.00379848005603371 -1155026.06512049 1100818.36603925 2.12912470107969e-15 7.09708233693229e-16
1.07109826589596e-07 -0.00452504482672948 -0.00341874932669358 -1055368.11369733 1205383.78304298 2.14657463055556e-15 7.15524876851853e-16
1.0742485549133e-07 -0.00482313896328888 -0.00300891969510806 -946243.772931682 1300927.08741827 2.16416757656708e-15 7.21389192189027e-16
1.07739884393064e-07 -0.00508413090136001 -0.00257210336717257 -828469.821767089 1386591.27950163 2.18190471125248e-15 7.27301570417495e-16
1.08054913294798e-07 -0.00530557751412297 -0.00211165923406182 -702940.623999858 1461593.30326899 2.19978721635664e-15 7.33262405452212e-16
1.08369942196532e-07 -0.00548533975781447 -0.00163116736514071 -570621.434103282 1525231.07015326 2.21781628330978e-15 7.39272094436592e-16
1.08684971098266e-07 -0.00562160269516313 -0.00113440147908634 -432541.067180155 1576889.87683314 2.2359931133069e-15 7.45331037768966e-16
1.09e-07 -0.00571289302661386 -0.000625299602272724 -289783.987907828 1616048.15942671 2.25431891738778e-15 7.51439639129258e-16
