0 -0.00139 0 0 400000 1.33808e-16 4.46026666666667e-17
6.19318181818182e-10 -0.0013459106657263 0.000247727272727273 71190.1177263487 400000 1.380463958824e-16 4.60154652941333e-17
1.23863636363636e-09 -0.00125773199717889 0.000487607733210992 142380.235452697 387329.917845272 1.42419043824885e-16 4.74730146082951e-17
1.85795454545455e-09 -0.00112686053307626 0.000711794569207604 211315.391578552 361989.753535815 1.46930196289033e-16 4.89767320963444e-17
2.47727272727273e-09 -0.000956089350855393 0.000912689517863003 275740.624503419 324380.834526148 1.51584240434014e-16 5.05280801446714e-17
3.09659090909091e-09 -0.000749563831021009 0.00108319141510197 333472.398998638 275305.81572531 1.56385702383167e-16 5.21285674610557e-17
3.71590909090909e-09 -0.000512693185844105 0.00121693687216468 382470.032579221 215955.967367307 1.61339251625716e-16 5.37797505419053e-17
4.33522727272727e-09 -0.000252019153583055 0.00130852520643724 420904.859430687 147885.750752019 1.66449705557917e-16 5.54832351859722e-17
4.95454545454545e-09 2.49553394260541e-05 0.00135372000309763 447224.869445901 72975.0845158622 1.7172203416804e-16 5.72406780560132e-17
5.57386363636364e-09 0.000309973389672342 0.00134962018284674 460212.631590337 -6619.89324914943 1.77161364869755e-16 5.90537882899183e-17
6.19318181818182e-09 0.000594261773202836 0.00129479419121792 459034.45414098 -88526.3718043216 1.82772987488614e-16 6.09243291628713e-17
6.8125e-09 0.000868792484737032 0.00118937189085969 443278.94706439 -170223.163881188 1.88562359406479e-16 6.28541198021596e-17
7.43181818181818e-09 0.00112456063133751 0.00103508990631741 412983.429373256 -249115.864949003 1.94535110868903e-16 6.48450369563009e-17
8.05113636363636e-09 0.00135287039633145 0.000835287510607281 368646.959990205 -322616.712339286 2.00697050460623e-16 6.68990168202077e-17
8.67045454545454e-09 0.00154562027114386 0.000594851617277172 311229.155660401 -388226.763542194 2.07054170754493e-16 6.90180569181642e-17
9.28977272727273e-09 0.00169557849707674 0.000320111008247978 242134.383157681 -443617.864120534 2.13612654139339e-16 7.12042180464464e-17
9.90909090909091e-09 0.00179663968225713 1.86815398232928e-05 163181.36322705 -486711.802227015 2.20378878832427e-16 7.34596262774756e-17
1.05284090909091e-08 0.00184405386907916 -0.000300734322777783 76558.6869786889 -515754.053374214 2.27359425082361e-16 7.57864750274537e-17
1.11477272727273e-08 0.0018346199237456 -0.000628588739233257 -15232.7924651908 -529379.608221683 2.34561081568475e-16 7.81870271894915e-17
1.17670454545455e-08 0.00176683599215062 -0.000954764146491432 -109449.284043266 -526668.547499438 2.41990852002911e-16 8.06636173343036e-17
1.23863636363636e-08 0.00164100089645027 -0.0012688756885741 -203183.273791391 -507189.278959176 2.49655961941835e-16 8.32186539806116e-17
1.30056818181818e-08 0.00145926170659975 -0.00156059169246424 -293450.434988005 -471027.676006091 2.57563865812387e-16 8.58546219374623e-17
1.3625e-08 0.00122560427510022 -0.001819962610552 -377281.72425611 -418800.74847198 2.65722254162218e-16 8.85740847207393e-17
1.42443181818182e-08 0.000945785228117053 -0.00203774827849954 -451817.910725118 -351653.922557499 2.74139061138655e-16 9.13796870462184e-17
1.48636363636364e-08 0.000627205712783141 -0.00220573306920507 -514403.62108962 -271241.496919014 2.82822472204773e-16 9.42741574015909e-17
1.54829545454545e-08 0.000278729054882822 -0.00231701857690603 -562677.906334459 -179690.361058439 2.91780932099867e-16 9.72603106999557e-17
1.61022727272727e-08 -8.95536740036668e-05 -0.00236628384885498 -594658.35122956 -79547.5950735248 3.01023153052089e-16 1.00341051017363e-16
1.67215909090909e-08 -0.000466604404164821 -0.0023500038937389 -608815.857874891 26286.9000039473 3.10558123251202e-16 1.03519374417067e-16
1.73409090909091e-08 -0.000840757704522741 -0.00226661822395037 -604137.439110036 134641.081493401 3.2039511558973e-16 1.06798371863243e-16
1.79602272727273e-08 -0.00120007041575832 -0.00211664251041139 -580174.653004241 242162.620026247 3.30543696680969e-16 1.1018123222699e-16
1.85795454545455e-08 -0.00153269115523657 -0.00190271801133882 -537075.689432767 345419.374649285 3.41013736162657e-16 1.13671245387552e-16
1.91988636363636e-08 -0.001827238619031 -0.00162959523826205 -475599.574567156 441005.578545982 3.51815416295337e-16 1.17271805431779e-16
1.98181818181818e-08 -0.00207317697690273 -0.00130405029362647 -397111.476930494 525650.552806075 3.62959241864742e-16 1.20986413954914e-16
2.04375e-08 -0.00226117637743989 -0.000934734397365102 -303558.665087532 596326.58478899 3.74456050397852e-16 1.24818683465951e-16
2.10568181818182e-08 -0.00238344667264441 -0.000531959252461929 -197427.265651332 650352.527550077 3.86317022702542e-16 1.28772340900847e-16
2.16761363636364e-08 -0.00243403294289167 -0.000107423015783644 -81680.5831515363 685489.70326035 3.9855369374107e-16 1.32851231247023e-16
2.22954545454546e-08 -0.00240906225146836 0.000326116327230239 40319.6485367242 700026.829086637 4.11177963847995e-16 1.37059321282665e-16
2.29147727272727e-08 -0.00230693226787464 0.000755211504088787 164907.129472425 692850.927771601 4.24202110303415e-16 1.41400703434472e-16
2.35340909090909e-08 -0.00212843394389 0.00116613006705877 288217.477259601 663501.532868961 4.37638799272799e-16 1.458795997576e-16
2.41534090909091e-08 -0.00187680226772092 0.00154528033828269 406304.357850986 612205.942526705 4.51501098125007e-16 1.50500366041669e-16
2.47727272727273e-08 -0.00155769121044083 0.00187964638788123 515261.890654102 539893.804856355 4.65802488140491e-16 1.5526749604683e-16
2.53920454545455e-08 -0.00117907125707419 0.0021572185531409 611349.649472728 448189.918217438 4.80556877622034e-16 1.60185625874011e-16
2.60113636363636e-08 -0.000751050315901579 0.00236740572076627 691116.382076883 339384.784422624 4.95778615420761e-16 1.65259538473587e-16
2.66306818181818e-08 -0.000285621251709418 0.00250141573541309 751518.488970828 216383.142915971 5.11482504890608e-16 1.70494168296869e-16
2.725e-08 0.000203658284280785 0.00255259087537716 790029.342516291 82631.4186575682 5.27683818284784e-16 1.75894606094928e-16
2.78693181818182e-08 0.000702045730867748 0.00251668634592063 804735.69357161 -57974.2860949435 5.44398311608256e-16 1.81466103869419e-16
2.84886363636364e-08 0.00119404305825741 0.00239208116397445 794417.70294111 -201197.358004838 5.61642239940686e-16 1.87214079980229e-16
2.91079545454546e-08 0.00166386374171692 0.00217991261288347 758609.543934623 -342584.082495521 5.79432373244722e-16 1.93144124414907e-16
2.97272727272727e-08 0.00209592366485145 0.00188412758737811 697638.04102455 -477597.839348115 5.97786012675022e-16 1.99262004225007e-16
3.03465909090909e-08 0.00247534116101742 0.00151144656989078 612637.425001944 -601760.175025407 6.16721007403872e-16 2.05573669134624e-16
3.09659090909091e-08 0.00278843064341015 0.00107123861185472 505538.980744227 -710794.501049046 6.36255771979757e-16 2.12085257326586e-16
3.15852272727273e-08 0.00302317398491123 0.000575308461042617 379035.12022192 -800767.949935146 6.56409304235766e-16 2.18803101411922e-16
3.22045454545455e-08 0.0031696540118614 3.75997949381643e-05 236518.208653495 -868226.837012694 6.77201203765254e-16 2.25733734588418e-16
3.28238636363636e-08 0.00322043518070545 -0.000526178697074143 81995.281803222 -910321.234808862 6.98651690982721e-16 2.3288389699424e-16
3.34431818181818e-08 0.00317087770650464 -0.00109899498255717 -80019.4078838732 -924914.369220304 7.20781626788449e-16 2.40260542262816e-16
3.40625e-08 0.00301937308530606 -0.00166299126198376 -244631.314962836 -910672.89155119 7.4361253285602e-16 2.4787084428534e-16
3.46818181818182e-08 0.00276749106028348 -0.00220002346186232 -406708.590862145 -867134.5612718 7.67166612562449e-16 2.55722204187483e-16
3.53011363636364e-08 0.00242003057143042 -0.00269222688420461 -561037.119615958 -794750.480112316 7.91466772581276e-16 2.63822257527092e-16
3.59204545454545e-08 0.00198497003362271 -0.00312259092378013 -702483.070221628 -694899.733626537 8.16536645159633e-16 2.72178881719878e-16
3.65397727272727e-08 0.00147331532920857 -0.00347552493609411 -826158.054833832 -569875.102451926 8.4240061110093e-16 2.8080020370031e-16
3.71590909090909e-08 0.000898847090078777 -0.00373739705180188 -927581.743916001 -422839.379491446 8.69083823475535e-16 2.89694607825179e-16
3.77784090909091e-08 0.00027777208408277 -0.0038970280135754 -1002836.70692933 -257752.745615966 8.96612232082487e-16 2.98870744027496e-16
3.83977272727273e-08 -0.000371713289316805 -0.00394612296836456 -1048710.32769106 -79272.5875494588 9.25012608686036e-16 3.08337536228679e-16
3.90170454545454e-08 -0.0010299363517444 -0.00387962557266907 -1062818.88979135 107371.941673452 9.54312573051565e-16 3.18104191017188e-16
3.96363636363636e-08 -0.00167632452060186 -0.00369598073371253 -1043709.33687075 296527.446388536 9.845406198062e-16 3.28180206602067e-16
4.02556818181818e-08 -0.00229002844519643 -0.00339729477016129 -990934.77732702 482281.922798332 1.01572614615023e-15 3.38575382050076e-16
4.0875e-08 -0.00285057364751996 -0.00298938467000753 -905100.510173762 658643.831440941 1.0478994804463e-15 3.49299826815434e-16
4.14943181818181e-08 -0.0033385209297142 -0.00248171137249288 -787878.180423727 819729.361124562 1.08109191171418e-15 3.60363970571394e-16
4.21136363636363e-08 -0.00373611490736696 -0.00188719551381909 -641986.606118222 959952.212170529 1.11533572005976e-15 3.71778573353253e-16
4.27329545454545e-08 -0.0040278997500968 -0.00122191774995433 -471138.828628 1074209.96734127 1.15066420806791e-15 3.83554736022637e-16
4.33522727272727e-08 -0.00420128158700101 -0.000504709492827812 -279955.993533395 1158061.03902997 1.18711173318973e-15 3.95703911063242e-16
4.39715909090909e-08 -0.00424701807325735 0.000243356447750756 -73849.7392762913 1207886.28937457 1.22471374115562e-15 4.08237913718539e-16
4.4590909090909e-08 -0.00415961730357154 0.00099956235293177 141124.178575254 1221029.71845742 1.26350680044678e-15 4.21168933482261e-16
4.52102272727272e-08 -0.00393763056534773 0.00174021308040452 358437.302086139 1195913.1012404 1.30352863785858e-15 4.3450954595286e-16
4.58295454545454e-08 -0.0035838262959167 0.00244135565280766 571280.288255606 1132120.11690783 1.34481817519035e-15 4.48272725063451e-16
4.64488636363636e-08 -0.00310523597080484 0.00307952980622861 772769.699263197 1030446.33946869 1.38741556709744e-15 4.62471855699146e-16
4.70681818181818e-08 -0.0025130664129131 0.00363252670568105 956163.689806849 892912.42480393 1.43136224014212e-15 4.77120746714041e-16
4.76874999999999e-08 -0.00182247706908554 0.0040801320537828 1115080.04140963 722738.910696406 1.47670093308156e-15 4.92233644360521e-16
4.83068181818181e-08 -0.00105222503169222 0.00440482956016543 1243709.71175435 524282.212140773 1.52347573843183e-15 5.07825246143945e-16
4.89261363636363e-08 -0.000224184860036822 0.0045924412334956 1337018.99276468 302932.610147784 1.5717321453485e-15 5.23910715116167e-16
4.95454545454545e-08 0.000637245554396607 0.00463268221357002 1390933.51321361 64976.261404579 1.62151708386548e-15 5.40505694621828e-16
5.01647727272727e-08 0.00150583786910234 0.00451960986210302 1402497.68246064 -182575.539983423 1.67287897053516e-15 5.57626323511721e-16
5.07840909090908e-08 0.00235430609877675 0.00425194953778575 1370003.74699721 -432185.477796683 1.72586775551416e-15 5.75289251838052e-16
5.1403409090909e-08 0.00315513740345411 0.00383328283057452 1293085.4093873 -676012.297882358 1.78053497114056e-15 5.93511657046853e-16
5.20227272727272e-08 0.00388145637769529 0.00327208793621597 1172771.92171053 -906149.554193622 1.83693378204986e-15 6.12311260683285e-16
5.26420454545454e-08 0.00450789652544445 0.00258162620864964 1011499.68810873 -1114873.98212544 1.89511903687827e-15 6.31706345626092e-16
5.32613636363635e-08 0.00501145154401614 0.00177967361141638 813079.663014844 -1294895.93681701 1.95514732160387e-15 6.51715773867956e-16
5.38806818181817e-08 0.00537227881306787 0.000888100661548591 582620.177551411 -1439604.02914432 2.01707701457716e-15 6.72359004859055e-16
5.44999999999999e-08 0.0055744281239628 -6.76906277258738e-05 326406.226766134 -1543296.0267184 2.08096834329493e-15 6.93656114431644e-16
5.51193181818181e-08 0.00560647019884457 -0.00105945950010262 51737.6621944111 -1601388.27099364 2.14688344297227e-15 7.15627814324091e-16
5.57386363636363e-08 0.00546200191677176 -0.00205693107018693 -233269.886649667 -1610596.2966499 2.21488641696999e-15 7.38295472323328e-16
5.63579545454544e-08 0.00514000833844149 -0.00302869085525003 -519916.236569987 -1569080.0199184 2.28504339913599e-15 7.6168113304533e-16
5.69772727272726e-08 0.00464506552636028 -0.00394314373844198 -799173.714920118 -1476547.77469526 2.35742261812142e-15 7.85807539373808e-16
5.75965909090908e-08 0.00398737269325498 -0.00476950902898425 -1061962.73969295 -1334314.59757284 2.43209446373396e-15 8.10698154577986e-16
5.8215909090909e-08 0.00318260725435301 -0.00547882124398516 -1299437.77290594 -1145311.4664235 2.50913155539288e-15 8.3637718513096e-16
5.88352272727272e-08 0.0022516017652244 -0.00604490509314226 -1503274.91822601 -914043.6463454 2.5886088127525e-15 8.62869604250835e-16
5.94545454545453e-08 0.0012198473364346 -0.006445292966362 -1665952.10520188 -646497.850336459 2.67060352856258e-15 8.90201176187525e-16
6.00738636363635e-08 0.000116833758068007 -0.00666205404145617 -1781012.75039009 -349999.534097007 2.75519544383656e-15 9.18398481278855e-16
6.06931818181817e-08 -0.00102475793643469 -0.00668250595030614 -1843304.02048142 -33023.2656660101 2.84246682540092e-15 9.47488941800308e-16
6.13124999999999e-08 -0.00216998956543429 -0.00649978274133844 -1849181.3459076 295039.309892801 2.93250254590072e-15 9.77500848633574e-16
6.19318181818181e-08 -0.00328270097753952 -0.00611323659613969 -1796671.63789468 624147.904174127 3.0253901663395e-15 1.00846338877983e-15
6.25511363636362e-08 -0.00432661672568633 -0.00552865530988288 -1685588.73095266 943911.067717413 3.12122002123358e-15 1.04040667374453e-15
6.31704545454544e-08 -0.00526649144736004 -0.00475828281110867 -1517595.88086764 1243904.21820423 3.22008530646361e-15 1.0733617688212e-15
6.37897727272726e-08 -0.00606925889683156 -0.00382063583212453 -1296211.66153199 1513998.7917542 3.32208216990893e-15 1.10736072330298e-15
6.44090909090908e-08 -0.00670514834925399 -0.0027401160800535 -1026757.28097566 1744692.44371102 3.42730980495269e-15 1.1424366016509e-15
6.5028409090909e-08 -0.00714873198078746 -0.00154642371553523 -716245.129815513 1927429.87298363 3.53587054694883e-15 1.17862351564961e-15
6.56477272727271e-08 -0.00737986786242318 -0.000273784423641087 -373210.230898048 2054903.81076486 3.64786997274465e-15 1.21595665758155e-15
6.62670454545453e-08 -0.0073845053915261 0.00103999134481413 -7488.12038636586 2121326.01145063 3.76341700335575e-15 1.25447233445192e-15
6.68863636363635e-08 -0.00715532329157314 0.00235459247887634 370055.500841475 2122658.71188027 3.8826240098933e-15 1.29420800329777e-15
6.75056818181817e-08 -0.00669217466787748 0.0036284048612475 747836.309820515 2056797.9752048 4.00560692284648e-15 1.33520230761549e-15
6.81249999999999e-08 -0.00600231891052611 0.00481978823100442 1113895.53480588 1923701.5878644 4.13248534482651e-15 1.37749511494217e-15
6.8744318181818e-08 -0.00510042634729922 0.00588839431931124 1456266.89108195 1725455.70222018 4.26338266688192e-15 1.42112755562731e-15
6.93636363636362e-08 -0.00400834830099819 0.00679648581323646 1763355.37751359 1466276.17367741 4.39842618849802e-15 1.46614206283267e-15
6.99829545454544e-08 -0.00275465240380008 0.00751021439545535 2024316.31107218 1152442.48138096 4.53774724139747e-15 1.51258241379916e-15
7.06022727272726e-08 -0.00137393045211991 0.0080008160813878 2229422.60087807 792164.190129467 4.68148131726221e-15 1.56049377242074e-15
7.12215909090907e-08 9.41064790059463e-05 0.0082456833716016 2370408.25576285 395382.046583736 4.82976819950106e-15 1.60992273316702e-15
7.18409090909089e-08 0.00160572373817593 0.00822927635693169 2440776.49187081 -26492.0603844307 4.98275209919099e-15 1.660917366397e-15
7.24602272727271e-08 0.0031144209540812 0.00794383881566806 2436061.55962685 -460889.974884399 5.14058179532448e-15 1.71352726510816e-15
7.30795454545453e-08 0.00457231733957127 0.00738989044337015 2354034.53069957 -894448.74793057 5.30341077949914e-15 1.76780359316638e-15
7.36988636363635e-08 0.00593162460046583 0.0065764725327826 2194844.75153616 -1313408.73636155 5.47139740519045e-15 1.82379913506349e-15
7.43181818181816e-08 0.00714616356932176 0.00552113151237163 1961090.44512518 -1704036.87699385 5.64470504175278e-15 1.88156834725093e-15
7.49374999999998e-08 0.00817287790946644 0.00424963256152044 1657813.9804171 -2053062.52614504 5.82350223329833e-15 1.94116741109944e-15
7.5556818181818e-08 0.00897329684961106 0.00279540382380368 1292419.57307755 -2348112.45723074 6.00796286260866e-15 2.00265428753622e-15
7.61761363636362e-08 0.00951489900215794 0.00119872028963867 874513.56741514 -2578131.21112881 6.19826632023819e-15 2.06608877341273e-15
7.67954545454544e-08 0.00977233093278249 -0.000494355047027973 415669.906329554 -2733773.02067275 6.39459767897395e-15 2.13153255965798e-15
7.74147727272725e-08 0.00972843728206486 -0.00223324690731383 -70874.1516174677 -2807751.99459 6.59714787382154e-15 2.19904929127385e-15
7.80340909090907e-08 0.00937506384072937 -0.00396432678219461 -570584.639220599 -2795138.14659649 6.80611388769207e-15 2.26870462923069e-15
7.86534090909089e-08 0.0087136009491777 -0.0056325149148503 -1068050.17351463 -2693588.17749909 7.02169894297081e-15 2.3405663143236e-15
7.92727272727271e-08 0.00775524178374238 -0.00718297899470305 -1547442.32217078 -2503501.63352371 7.24411269915384e-15 2.41470423305128e-15
7.98920454545453e-08 0.00652093831736909 -0.00856287882002713 -1993003.76221743 -2228095.13079853 7.47357145674481e-15 2.4911904855816e-15
8.05113636363634e-08 0.00504104677345732 -0.00972310312264833 -2389549.64888506 -1873389.69964524 7.71029836761029e-15 2.5700994558701e-15
8.11306818181816e-08 0.00335466396781411 -0.0106199432921863 -2722966.73204774 -1448108.89760253 7.95452365199802e-15 2.65150788399934e-15
8.17499999999998e-08 0.00150866576904309 -0.0112166489855606 -2980694.33929999 -963488.092054005 8.20648482242938e-15 2.73549494080979e-15
8.2369318181818e-08 -0.000443531301126178 -0.0114848126062021 -3152171.41605314 -432998.139751437 8.46642691468366e-15 2.82214230489455e-15
8.29886363636361e-08 -0.00244345487060393 -0.0114055333787177 -3229234.38741362 128010.495754699 8.73460272609878e-15 2.91153424203293e-15
8.36079545454543e-08 -0.00442926869623701 -0.0109703171653462 -3206451.68175616 702734.436269573 9.01127306142024e-15 3.00375768714008e-15
8.42272727272725e-08 -0.00633762478820425 -0.0101816751519011 -3081382.31363519 1273403.61803975 9.29670698643746e-15 3.09890232881249e-15
8.48465909090907e-08 -0.00810562208571875 -0.00905339290132869 -2854747.92993167 1821813.54220869 9.59118208965396e-15 3.19706069655132e-15
8.54659090909089e-08 -0.00967281301761625 -0.00761045081138146 -2530510.12856843 2329888.14523591 9.89498475224615e-15 3.29832825074872e-15
8.6085227272727e-08 -0.0109831959063746 -0.0058885874540806 -2115847.60019701 2780256.43013717 1.0208410426573e-14 3.40280347552434e-15
8.67045454545452e-08 -0.0119871296573457 -0.00393350831648648 -1621030.64376975 3156825.02950976 1.05317639235077e-14 3.51058797450256e-15
8.73238636363634e-08 -0.0126431076233926 -0.00179975377408966 -1059193.78003904 3445328.43542973 1.08653597088703e-14 3.62178656962343e-15
8.79431818181816e-08 -0.0129193299967586 0.000450748639879087 -446010.437728594 3633838.76016972 1.12095222092505e-14 3.73650740308349e-15
8.85624999999998e-08 -0.0127950185406399 0.00275041181204428 200723.085109035 3713217.59909242 1.15645861275166e-14 3.85486204250553e-15
8.91818181818179e-08 -0.0122614238546278 0.00502795061621991 861584.080166383 3677493.84894415 1.19308967683193e-14 3.97696558943976e-15
8.98011363636361e-08 -0.0113224835296267 0.00721052274910716 1516087.13027703 3524153.16869867 1.23088103739047e-14 4.10293679130158e-15
9.04204545454543e-08 -0.00999509928690932 0.00922598670130729 2143299.32769038 3254327.11547911 1.26986944705656e-14 4.23289815685521e-15
9.10397727272725e-08 -0.00830901225411614 0.0110052090522395 2722489.1538679 2872872.7868264 1.31009282260653e-14 4.36697607535509e-15
9.16590909090907e-08 -0.0063062675997624 0.0124843495672683 3233789.53363539 2388336.97839499 1.35159028183839e-14 4.5053009394613e-15
9.22784090909088e-08 -0.0040402724769119 0.0136070510129988 3658854.51029072 1812802.33439065 1.39440218161445e-14 4.64800727204817e-15
9.2897727272727e-08 -0.00157446423382865 0.0143264613098218 3981488.53929039 1161616.6260627 1.43857015710892e-14 4.79523385702974e-15
9.35170454545452e-08 0.00101938126856553 0.0146070186588554 4188227.60019611 453010.031467224 1.4841371622987e-14 4.94712387432899e-15
9.41363636363634e-08 0.00366315904772646 0.0144259355911906 4268852.19387453 -292391.008339536 1.53114751173672e-14 5.10382503912241e-15
9.47556818181815e-08 0.00627470851462413 0.0137743253951739 4216813.81810999 -1052141.23393531 1.5796469236485e-14 5.26548974549502e-15
9.53749999999997e-08 0.00877028746510649 0.0126579239141655 4029558.67233849 -1802629.91428867 1.62968256439373e-14 5.43227521464577e-15
9.59943181818179e-08 0.0110671745334317 0.0110973710349566 3708735.08280037 -2519791.80496119 1.68130309433622e-14 5.60434364778741e-15
9.66136363636361e-08 0.0130863217437843 0.00912802900375219 3260274.39469768 -3179855.02286218 1.73455871516682e-14 5.78186238388941e-15
9.72329545454543e-08 0.0147549747265246 0.00679932865351821 2694338.76112198 -3760103.317809 1.78950121872523e-14 5.96500406241744e-15
9.78522727272724e-08 0.0160091765790585 0.00417364929756996 2025133.26647683 -4239629.05180635 1.84618403736832e-14 6.15394679122774e-15
9.84715909090906e-08 0.0167960723754385 0.00132475299778547 1270584.03819148 -4600052.74093643 1.90466229593383e-14 6.34887431977944e-15
9.90909090909088e-08 0.0170759350143889 -0.00166419131295567 451888.297754783 -4826185.3090866 1.96499286535007e-14 6.54997621783357e-15
9.9710227272727e-08 0.0168238394099414 -0.00470294425923202 -407053.453052842 -4906610.26187741 2.02723441794367e-14 6.75744805981224e-15
1.00329545454545e-07 0.0160309208555271 -0.00769683041611108 -1280308.85850375 -4834164.80376804 2.09144748449927e-14 6.97149161499757e-15
1.00948863636363e-07 0.0147051645311941 -0.0105495966598998 -2140670.7622258 -4606301.45786061 2.15769451312654e-14 7.19231504375512e-15
1.01568181818182e-07 0.0128716862950084 -0.0131664110316741 -2960478.61989617 -4225314.9489201 2.22603992999184e-14 7.42013309997279e-15
1.021875e-07 0.0105724797508362 -0.0154569115747416 -3712480.29150748 -3698422.89522823 2.29655020197359e-14 7.65516733991198e-15
1.02806818181818e-07 0.00786562069838081 -0.0173382101564171 -4370708.19479028 -3037693.12270531 2.36929390130225e-14 7.89764633767418e-15
1.03426136363636e-07 0.00482393697715574 -0.0187377547015602 -4911342.52234506 -2259815.04536872 2.44434177224775e-14 8.14780590749249e-15
1.04045454545454e-07 0.00153316890360066 -0.0195959546912025 -5313533.77014399 -1385717.4144683 2.52176679991928e-14 8.40588933306426e-15
1.04664772727272e-07 -0.00191033756569289 -0.0198684792644286 -5560157.23482262 -440039.6778696 2.60164428124439e-14 8.67214760414796e-15
1.05284090909091e-07 -0.00540234667611466 -0.0195281447603035 -5638473.42600212 549530.942440479 2.68405189819625e-14 8.94683966065418e-15
1.05903409090909e-07 -0.00883378465299892 -0.0185663189069974 -5540670.4947856 1553039.90992543 2.76906979334051e-14 9.23023264446836e-15
1.06522727272727e-07 -0.0120940413905604 -0.0169937818698287 -5264267.75973232 2539142.37194216 2.85678064777501e-14 9.52260215925004e-15
1.07142045454545e-07 -0.0150744253861092 -0.0148409996802471 -4812363.14877602 3476051.97583808 2.94726976153838e-14 9.82423253846127e-15
1.07761363636363e-07 -0.0176716673378692 -0.0121577827718835 -4193711.77531897 4332533.72359635 3.04062513656548e-14 1.01354171218849e-14
1.08380681818181e-07 -0.0197913629706499 -0.00901232096274582 -3422627.81072847 5078910.81108468 3.13693756227052e-14 1.04564585409017e-14
1.09e-07 -0.02135124411219 -0.00548960569950394 -2518707.16432161 5688054.00303276 3.23630070384107e-14 1.07876690128036e-14
