0 -0.00139 0 0 400000 1.33808e-16 4.46026666666667e-17
5.79787234042553e-10 -0.00135135946077234 0.000231914893617021 66646.0676587095 400000 1.37522592317033e-16 4.58408641056777e-17
1.15957446808511e-09 -0.00127407838231703 0.000457391687254704 133292.135317419 388895.754164077 1.41340303999737e-16 4.71134346665792e-17
1.73936170212766e-09 -0.00115922944975111 0.00066999228093371 198088.067177929 366687.26249223 1.4526399770508e-16 4.84213325683602e-17
2.31914893617021e-09 -0.00100895803330865 0.000863457300286918 259183.727442039 333682.785673422 1.49296615559146e-16 4.97655385197153e-17
2.89893617021277e-09 -0.000826452409942669 0.00103188482217164 314780.341218383 290498.845085576 1.53441181363246e-16 5.11470604544154e-17
3.47872340425532e-09 -0.000615884206528897 0.001169904138749 363181.855429259 238051.665289396 1.57700802861276e-16 5.2566934287092e-17
4.05851063829787e-09 -0.000382319891338065 0.00127283959849765 402844.873907122 177540.059016011 1.62078674070011e-16 5.40262246900037e-17
4.63829787234043e-09 -0.000131604967110012 0.00133685970036412 432425.740870403 110419.992210065 1.66578077674096e-16 5.55260258913653e-17
5.21808510638298e-09 0.000129776677219317 0.00135910689272272 450823.386549669 38371.3042515237 1.71202387487518e-16 5.70674624958392e-17
5.79787234042553e-09 0.000394865041266514 0.00133780393819952 457216.627897918 -36742.7105537707 1.75955070983414e-16 5.86516903278045e-17
6.37765957446808e-09 0.000656404009942503 0.00127233324106176 451094.734964091 -112921.9363477 1.80839691894106e-16 6.02798972980355e-17
6.95744680851064e-09 0.000907034567340726 0.00116328618441957 432280.227439138 -188081.161914961 1.85859912883318e-16 6.19533042944394e-17
7.53723404255319e-09 0.00113949623095155 0.00101248027506313 400943.052833355 -260105.605128539 1.91019498292567e-16 6.36731660975225e-17
8.11702127659574e-09 0.00134683134246663 0.000822942726304035 357605.51343884 -326908.799694592 1.96322316963806e-16 6.54407723212686e-17
8.6968085106383e-09 0.00152258662323554 0.000598860002869787 303137.548482156 -386491.302804023 2.01772345140416e-16 6.72574483801387e-17
9.27659574468085e-09 0.00166100632313658 0.000345493783601789 238742.234691707 -436998.616719116 2.07373669448741e-16 6.91245564829137e-17
9.8563829787234e-09 0.00175721136755821 6.90647426215335e-05 165931.636250146 -476776.694534753 2.13130489962382e-16 7.10434966541272e-17
1.0436170212766e-08 0.00180735914055983 -0.000223393518107805 86493.4066449981 -504423.422175372 2.19047123351564e-16 7.30157077838548e-17
1.10159574468085e-08 0.00180877893098166 -0.000524207158518142 2448.81283765403 -518834.535753609 2.25128006119933e-16 7.50426687066444e-17
1.15957446808511e-08 0.00176007860582487 -0.000825257357549765 -83996.8910961213 -519242.545118764 2.31377697931201e-16 7.71258993104002e-17
1.21755319148936e-08 0.00166121875083475 -0.00111819334366789 -170510.575579285 -505247.38890098 2.37800885028146e-16 7.92669616760486e-17
1.27553191489362e-08 0.00151355131696838 -0.001394657778325 -254692.454741988 -476837.740509524 2.44402383746527e-16 8.14674612488424e-17
1.33351063829787e-08 0.00131982071455855 -0.00164651857851101 -334140.855532548 -434402.114082281 2.51187144126545e-16 8.37290480421816e-17
1.39148936170213e-08 0.00108412628232429 -0.00186610092160759 -406518.837248083 -378729.178918878 2.58160253624557e-16 8.60534178748522e-17
1.44946808510638e-08 0.00081184610085335 -0.00204641299701051 -469620.86345447 -310996.974089438 2.65326940927835e-16 8.84423136426117e-17
1.50744680851064e-08 0.000509523192439944 -0.00218135906392233 -521437.676896517 -232751.014490118 2.72692579875225e-16 9.08975266250751e-17
1.56542553191489e-08 0.000184716222262333 -0.00226593354831191 -560217.526544871 -145871.587754504 2.80262693486642e-16 9.34208978288806e-17
1.62340425531915e-08 -0.000154182139937349 -0.0022963902644253 -584521.945812296 -52530.8498102433 2.88042958104426e-16 9.6014319368142e-17
1.6813829787234e-08 -0.000498155053043919 -0.00227038137259722 -593274.382238854 44859.3730612737 2.96039207649671e-16 9.86797358832237e-17
1.73936170212766e-08 -0.000837794490239232 -0.00218706137566998 -585800.130208431 143707.884608448 3.04257437996706e-16 1.01419145998902e-16
1.79734042553191e-08 -0.00116355155205321 -0.00204715229646553 -561856.21670667 241311.072389328 3.12703811469015e-16 1.04234603823005e-16
1.85531914893617e-08 -0.00146599763897036 -0.00185296714930619 -521650.131563532 334924.840972076 3.2138466145997e-16 1.07128220486657e-16
1.91329787234042e-08 -0.00173608953474777 -0.00160838989621737 -465846.572533514 421839.665877971 3.30306497181836e-16 1.10102165727279e-16
1.97127659574468e-08 -0.00196543115013233 -0.00131881123622842 -395561.685250437 499456.771357087 3.39476008546611e-16 1.13158669515537e-16
2.02925531914894e-08 -0.00214652456810154 -0.000991020784199774 -312344.610809275 565363.348453071 3.48900071182359e-16 1.16300023727453e-16
2.08723404255319e-08 -0.0022730031244613 -0.000633057421704825 -218146.50087738 617404.698615142 3.58585751588809e-16 1.19528583862937e-16
2.14521276595745e-08 -0.00233983955463061 -0.000254020813148555 -115277.512585605 653751.214757603 3.68540312436063e-16 1.22846770812021e-16
2.2031914893617e-08 -0.0023435227361525 0.000136151758525541 -6352.64335885865 672958.197015873 3.78771218010408e-16 1.26257072670136e-16
2.26117021276596e-08 -0.00228219724864848 0.000526938004111906 105772.400465649 674016.643763638 3.89286139811307e-16 1.29762046603769e-16
2.31914893617021e-08 -0.00215576084473586 0.00090750649322478 218073.797574068 656393.357368994 4.00092962303763e-16 1.33364320767921e-16
2.37712765957447e-08 -0.00196591595763776 0.00126700875951344 327438.887838922 620058.954699711 4.11199788830372e-16 1.37066596276791e-16
2.43510638297872e-08 -0.00171617253963333 0.00159487998782661 430750.115457186 565502.669017198 4.22614947687503e-16 1.40871649229168e-16
2.49308510638298e-08 -0.00141180080146514 0.00188114017430567 524971.438308438 493733.165670307 4.34346998370147e-16 1.44782332790049e-16
2.55106382978723e-08 -0.00105973377390675 0.00211668741214634 607234.873219969 406264.960679321 4.46404737990141e-16 1.48801579330047e-16
2.60904255319149e-08 -0.000668421003473486 0.00229357494263936 674924.778361961 305090.419565956 4.5879720787255e-16 1.52932402624183e-16
2.66702127659574e-08 -0.00024763608722717 0.00240526382969736 725757.470223003 192637.71345783 4.7153370033518e-16 1.57177900111726e-16
2.725e-08 0.000191757891828128 0.00244684356676057 757853.835434827 71715.5097970894 4.8462376565629e-16 1.61541255218763e-16
2.78297872340425e-08 0.000638079685807291 0.0024152136016814 769802.727230116 -54554.4351824154 4.98077219235736e-16 1.66025739745245e-16
2.84095744680851e-08 0.00107913144780468 0.0023092196554045 760713.130784491 -182815.246789509 5.11904148954903e-16 1.70634716318301e-16
2.89893617021276e-08 0.00150252301051461 0.00212973979519993 730253.337518048 -309561.593747339 5.26114922740963e-16 1.75371640913654e-16
2.95691489361702e-08 0.00189601050595812 0.00187971647815912 678675.68021449 -431232.877097904 5.40720196341122e-16 1.80240065447041e-16
3.01489361702128e-08 0.00224784032414224 0.00156413217550786 606825.741455173 -544310.540352643 5.55730921312673e-16 1.85243640437558e-16
3.07287234042553e-08 0.00254708901036005 0.00118992768818897 516135.348705946 -645416.913907813 5.71158353234873e-16 1.90386117744958e-16
3.13085106382979e-08 0.00278398955262774 0.000765863830398945 408599.100425007 -731412.892335083 5.87014060148776e-16 1.95671353382925e-16
3.18882978723404e-08 0.00295023462350071 0.00030232874868803 286734.617652466 -799491.700565616 6.03309931231365e-16 2.01103310410455e-16
3.2468085106383e-08 0.00303924771832895 -0.000188905283626203 153527.172731284 -847266.037386017 6.20058185710482e-16 2.06686061903494e-16
3.30478723404255e-08 0.00304641377177251 -0.000694970247791522 12359.7985998965 -872845.993239266 6.37271382027246e-16 2.12423794009082e-16
3.36276595744681e-08 0.00296926172561241 -0.00120222918516345 -133069.584202747 -874905.323173607 6.54962427252819e-16 2.18320809084273e-16
3.42074468085106e-08 0.00280759264580087 -0.0016966334213144 -278842.082610731 -852733.911893376 6.7314458676659e-16 2.24381528922197e-16
3.47872340425532e-08 0.00256354832055616 -0.00216410113638674 -420920.487578035 -806274.59113395 6.91831494203033e-16 2.30610498067678e-16
3.53670212765957e-08 0.00224161678289401 -0.00259090736492913 -555258.064958564 -736142.852898793 7.11037161674694e-16 2.37012387224898e-16
3.59468085106383e-08 0.00184857285327038 -0.00296407491587026 -677910.630910485 -643628.436485612 7.30775990278976e-16 2.43591996759659e-16
3.65265957446808e-08 0.0013933535490266 -0.00327175538599503 -785148.891723209 -530678.242050065 7.51062780896596e-16 2.50354260298865e-16
3.71063829787234e-08 0.000886870011209828 -0.00350358941474435 -873567.936784893 -399860.526650201 7.71912745289816e-16 2.57304248429939e-16
3.76861702127659e-08 0.000341759407479009 -0.00365103560317027 -940190.766067834 -254310.857101588 7.93341517508767e-16 2.64447172502922e-16
3.82659574468085e-08 -0.000227917967876441 -0.00370765809615188 -982562.812539676 -97660.8135829612 8.15365165614421e-16 2.7178838853814e-16
3.8845744680851e-08 -0.000807029509477535 -0.00366936369687955 -998834.585513813 66049.0556256667 8.38000203726998e-16 2.79333401242333e-16
3.94255319148936e-08 -0.0013797606232665 -0.00353458053014851 -987829.810938758 232470.049040698 8.61263604408844e-16 2.87087868136281e-16
4.00053191489362e-08 -0.00193003481693243 -0.0033043716720179 -949096.774396283 397057.480078485 8.85172811391067e-16 2.95057603797022e-16
4.05851063829787e-08 -0.00244195272276184 -0.00298247878603253 -882940.975192015 555191.399681179 9.09745752653471e-16 3.03248584217824e-16
4.11648936170213e-08 -0.00290023839094566 -0.00257529261157814 -790437.666225301 702302.759609414 9.35000853867599e-16 3.116669512892e-16
4.17446808510638e-08 -0.00329068066579853 -0.00209174909300175 -673423.373140733 834001.665067523 9.60957052212959e-16 3.2031901740432e-16
4.23244680851064e-08 -0.00360055725551397 -0.00154315196875871 -534466.044646817 946204.214290757 9.876338105768e-16 3.29211270192267e-16
4.29042553191489e-08 -0.00381902924258022 -0.0009429247041056 -376814.069435372 1035254.36472279 1.01505113214809e-15 3.38350377382696e-16
4.34840425531915e-08 -0.00393749426241979 -0.000306296692373615 -204324.988347148 1098037.30463865 1.0432295754166e-15 3.47743191805533e-16
4.4063829787234e-08 -0.00394988739840106 0.000350069388676915 -21375.3171053115 1132080.94713302 1.07219026958843e-15 3.57396756529476e-16
4.46436170212766e-08 -0.0038529199887659 0.00100850035417522 167246.541389097 1135642.39920809 1.10195493042941e-15 3.67318310143138e-16
4.52234042553191e-08 -0.00364624799244275 0.00165077507831544 356461.791823401 1107776.58842534 1.1325458765484e-15 3.77515292182801e-16
4.58031914893617e-08 -0.00333256328431829 0.00225861511283038 541034.175480724 1048384.64668632 1.16398604613254e-15 3.87995348710847e-16
4.63829787234042e-08 -0.00291760320602894 0.00281419051664241 715710.960719245 958240.146024411 1.19629901414714e-15 3.98766338049046e-16
4.69627659574468e-08 -0.00241007583785966 0.0033006272768211 875368.304732332 838991.843243974 1.22950901001305e-15 4.09836336671015e-16
4.75425531914893e-08 -0.00182150072661401 0.00370250227870564 1015157.07260719 693142.205085272 1.26364093577471e-15 4.21213645258238e-16
4.81223404255319e-08 -0.00116596714395349 0.00400631173887441 1130645.07835024 524001.637722281 1.29872038477266e-15 4.3290679492422e-16
4.87021276595744e-08 -0.000459814296698573 0.00420089936028681 1217951.69985252 335619.016747989 1.33477366083426e-15 4.4492455361142e-16
4.9281914893617e-08 0.000278759800011843 0.00427783120561035 1273870.91909686 132689.78826446 1.37182779799731e-15 4.57275932665769e-16
4.98617021276595e-08 0.00103015190914361 0.00423170540288306 1295979.0506126 -79556.43039202 1.4099105807811e-15 4.69970193593699e-16
5.04414893617021e-08 0.00177385875985195 0.00406038627679724 1282723.74250612 -295486.199120513 1.44905056502025e-15 4.83016855006751e-16
5.10212765957447e-08 0.00248902124538941 0.00376515430798502 1233491.25945912 -509207.432446752 1.48927709927692e-15 4.96425699758974e-16
5.16010638297872e-08 0.0031549936065057 0.00335076542067756 1148649.57697121 -714725.7872826 1.53062034684738e-15 5.10206782282459e-16
5.21808510638298e-08 0.00375192249307071 0.00282541543577563 1029565.41902955 -906108.230840027 1.57311130837953e-15 5.24370436126508e-16
5.27606382978723e-08 0.00426132010304002 0.00220060804347007 878594.042882859 -1077649.44727931 1.61678184511832e-15 5.38927281706106e-16
5.33404255319149e-08 0.0046666153236562 0.00149092728221652 699041.297943491 -1224036.54234558 1.66166470279645e-15 5.53888234265482e-16
5.39202127659574e-08 0.0049536669641959 0.000713718189225621 495098.24239875 -1340507.42644302 1.70779353618827e-15 5.69264512062756e-16
5.45e-08 0.00511122378024451 -0.000111318061407658 271749.370799441 -1422998.30384455 1.75520293434535e-15 5.85067644781785e-16
5.50797872340425e-08 0.00513131704184164 -0.000962605667597103 34656.2677088084 -1468275.87122583 1.80392844653262e-15 6.01309482177539e-16
5.56595744680851e-08 0.00500957287494096 -0.00181724111596626 -209980.76492961 -1474050.13113213 1.8540066088844e-15 6.18002202961466e-16
5.62393617021276e-08 0.00474543347825142 -0.00265159213937464 -455579.876859014 -1439064.15046582 1.9054749718006e-15 6.35158323933532e-16
5.68191489361702e-08 0.00434227854466892 -0.00344193353252525 -695349.793701934 -1363157.63222308 1.95837212810328e-15 6.52790709367759e-16
5.73989361702127e-08 0.00380744074618293 -0.00416510319822467 -922472.533168498 -1247301.80872926 2.01273774197497e-15 6.70912580658325e-16
5.79787234042553e-08 0.00315211191152461 -0.00479916077366325 -1130291.935007 -1093603.89158214 2.0686125787003e-15 6.89537526233434e-16
5.85585106382978e-08 0.00239113946668581 -0.00532403062446847 -1312502.93238253 -905280.109645715 2.12603853523323e-15 7.0867951174441e-16
5.91382978723404e-08 0.00154271574287505 -0.00572211092266085 -1463336.33097636 -686597.211561163 2.18505867161292e-15 7.2835289053764e-16
5.9718085106383e-08 0.000627965802846963 -0.00597883095860236 -1577733.84151633 -442783.181256918 2.24571724325168e-15 7.48572414417228e-16
6.02978723404255e-08 -0.00032955758939288 -0.00608313977855909 -1651508.23615679 -179908.790384086 2.30805973411928e-15 7.69353244706427e-16
6.08776595744681e-08 -0.00130446041331331 -0.00602791067655579 -1681483.76969763 95257.5337304682 2.37213289084842e-15 7.9071096361614e-16
6.14574468085106e-08 -0.00227016123106164 -0.00581024797564332 -1665612.41960262 375418.236436193 2.43798475778707e-15 8.12661585929024e-16
6.20372340425532e-08 -0.0031995961410805 -0.00543168486963653 -1603062.04663802 652934.531461252 2.50566471302382e-15 8.35221571007941e-16
6.26170212765957e-08 -0.0040659566951593 -0.00489826380888603 -1494273.24923684 920028.985514619 2.57522350541336e-15 8.58407835137787e-16
6.31968085106383e-08 -0.00484344120897471 -0.0042204939378756 -1340982.46419539 1168997.57568771 2.64671329262975e-15 8.82237764209918e-16
6.37765957446808e-08 -0.00550799898108913 -0.00341318335308682 -1146209.73539001 1392425.59578249 2.72018768027617e-15 9.06729226758724e-16
6.43563829787234e-08 -0.00603804656356499 -0.00249514736268939 -914210.509224412 1583401.52472217 2.79570176208026e-15 9.31900587360087e-16
6.49361702127659e-08 -0.00641513542421795 -0.00148879740468191 -650391.796355569 1735722.86335235 2.87331216120542e-15 9.57770720401807e-16
6.55159574468085e-08 -0.00662455111639665 -0.00041961872237337 -361194.037886194 1844088.00251381 2.95307707270885e-15 9.84359024236284e-16
6.6095744680851e-08 -0.00665582542157438 0.000684451790909512 -53941.0034258195 1904268.40823103 3.03505630717832e-15 1.01168543572611e-15
6.66755319148936e-08 -0.00650314483143153 0.00179373307783953 263338.99951245 1913255.79764076 3.11931133558026e-15 1.03977044519342e-15
6.72553191489361e-08 -0.00616564115203547 0.00287757546241747 582116.437857412 1869379.52569406 3.20590533535293e-15 1.06863511178431e-15
6.78351063829787e-08 -0.00564755289040453 0.00390518461436517 893583.423730442 1772390.09693733 3.29490323777907e-15 1.09830107925969e-15
6.84148936170212e-08 -0.00495824935610504 0.00484647240296828 1188890.49952572 1623505.54364573 3.38637177667376e-15 1.12879059222459e-15
6.89946808510638e-08 -0.00411211299769165 0.00567291176661061 1459391.15029098 1425418.35197025 3.48037953842381e-15 1.16012651280794e-15
6.95744680851064e-08 -0.00312827930491545 0.00635837197777465 1696887.47010942 1182261.64861322 3.57699701341624e-15 1.19233233780541e-15
7.01542553191489e-08 -0.00203023754311276 0.0068799105718045 1893870.19466885 899534.455757897 3.67629664889459e-15 1.2254322162982e-15
7.07340425531915e-08 -0.000845299540249224 0.00721849875196137 2043746.28016831 583986.952931113 3.77835290328235e-15 1.25945096776078e-15
7.1313829787234e-08 0.00039605238952225 0.00735965828634269 2141047.36511043 243467.820767782 3.88324230201466e-15 1.29441410067155e-15
7.18936170212766e-08 0.00166092363899135 0.00729398975897446 2181612.79724945 -113263.148121347 3.99104349491972e-15 1.33034783163991e-15
7.24734042553191e-08 0.00291485351566537 0.00701757449442705 2162741.43866712 -476752.933347831 4.10183731519335e-15 1.36727910506445e-15
7.30531914893617e-08 0.00412272841628207 0.0065322354913794 2083307.16803615 -837098.463972089 4.21570684001053e-15 1.40523561333684e-15
7.36329787234042e-08 0.00524973847681247 0.00584564620745736 1943833.86586894 -1184209.04015912 4.33273745281968e-15 1.44424581760656e-15
7.42127659574468e-08 0.00626235234766783 0.00497127995166993 1746526.67633769 -1508081.2485141 4.45301690736623e-15 1.48433896912208e-15
7.47925531914893e-08 0.00712928353691893 0.00392819686450956 1495257.46402943 -1799079.08611145 4.57663539349352e-15 1.52554513116451e-15
7.53723404255319e-08 0.00782242126116868 0.00274066989061351 1195503.59778855 -2048211.66139869 4.70368560477037e-15 1.56789520159012e-15
7.59521276595744e-08 0.00831769897779637 0.00143765565754958 854240.465376211 -2247400.69555981 4.83426280799603e-15 1.61142093599868e-15
7.6531914893617e-08 0.00859587475758147 5.21206439550999e-05 479789.418344937 -2389730.11519048 4.96846491463465e-15 1.65615497154488e-15
7.71117021276595e-08 0.00864319938671774 -0.00137976267424081 81624.1309873353 -2469670.31028286 5.1063925542328e-15 1.70213085141093e-15
7.76914893617021e-08 0.00845195053459436 -0.00281953099352507 -329860.405497208 -2483270.12867377 5.24814914987513e-15 1.74938304995838e-15
7.82712765957446e-08 0.00802081444042127 -0.00422743435296367 -743610.878023319 -2428310.38141703 5.39384099573464e-15 1.79794699857821e-15
7.88510638297872e-08 0.007355100289873 -0.00556350389914634 -1148204.22296398 -2304413.5291958 5.54357733677594e-15 1.84785911225865e-15
7.94308510638297e-08 0.00646677668589565 -0.00678865536953201 -1532154.47291506 -2113105.28837161 5.69747045067097e-15 1.89915681689032e-15
8.00106382978723e-08 0.00537432426244958 -0.00786579865238392 -1884229.86796203 -1857825.11170788 5.85563573198886e-15 1.95187857732962e-15
8.05904255319149e-08 0.00410240342873583 -0.00876092278991856 -2193771.71319437 -1543883.83354599 6.01819177872291e-15 2.00606392624097e-15
8.11702127659574e-08 0.00268134133543938 -0.00944412562260268 -2451006.1792636 -1178368.1884827 6.18526048121959e-15 2.06175349373986e-15
8.175e-08 0.00114644728661371 -0.00989055795424414 -2647340.19430482 -769993.379344908 6.3569671135763e-15 2.11898903785877e-15
8.23297872340425e-08 -0.000462829160660988 -0.0100812536543181 -2775632.77144627 -328906.345081757 6.53344042757638e-15 2.17781347585879e-15
8.29095744680851e-08 -0.00210387840425908 -0.0100038194869255 -2830433.55776551 133556.178622091 6.71481274923179e-15 2.2382709164106e-15
8.34893617021276e-08 -0.00373202594095931 -0.00965296162223267 -2808181.0724738 605149.344607897 6.90122007800594e-15 2.30040669266865e-15
8.40691489361702e-08 -0.00530171523518726 -0.00903082968031658 -2707354.01206289 1073034.90899289 7.09280218879091e-15 2.36426739626364e-15
8.46489361702127e-08 -0.00676774791068126 -0.00814716369113482 -2528570.11920065 1524121.15565294 7.28970273671568e-15 2.42990091223856e-15
8.52287234042553e-08 -0.00808654842791848 -0.00701923441975093 -2274628.41505136 1945419.29376304 7.49206936486392e-15 2.49735645495464e-15
8.58085106382978e-08 -0.00921741881881848 -0.00567157297711671 -1950492.05035963 2324406.89188288 7.70005381498201e-15 2.566684604994e-15
8.63882978723404e-08 -0.0101237483705014 -0.00413549137301961 -1563210.60290264 2649388.45477298 7.91381204126051e-15 2.63793734708684e-15
8.69680851063829e-08 -0.0107741434258944 -0.00244840151736614 -1121782.29737513 2909843.05378764 8.13350432727412e-15 2.71116810909137e-15
8.75478723404255e-08 -0.0111434437196219 -0.000652945979546137 -636958.304777742 3096749.00101065 8.35929540616812e-15 2.78643180205604e-15
8.8127659574468e-08 -0.0112135938852201 0.00120404058917923 -120992.94616925 3202875.91670064 8.5913545841811e-15 2.8637848613937e-15
8.87074468085106e-08 -0.0109743419195667 0.00307271523961141 412654.766447955 3223035.17689219 8.82985586759693e-15 2.94328528919898e-15
8.92872340425531e-08 -0.0104237404109514 0.00490152688331755 949661.317611849 3154280.63318124 9.07497809322085e-15 3.02499269774028e-15
8.98670212765957e-08 -0.00956843114098229 0.00663859996353328 1475212.31884573 2996052.6521152 9.3269050624777e-15 3.10896835415923e-15
9.04468085106383e-08 -0.00842369914593277 0.00823316554506031 1974400.13825055 2750259.90208331 9.58582567923287e-15 3.19527522641096e-15
9.10265957446808e-08 -0.0070132883368015 0.00963700141160444 2432635.15703375 2421294.88908528 9.85193409143914e-15 3.28397803047971e-15
9.16063829787234e-08 -0.00536897717731168 0.0108058414426187 2836059.61453291 2015980.97092372 1.01254298367158e-14 3.37514327890526e-15
9.21861702127659e-08 -0.00352991953834889 0.0117007142916647 3171952.62500004 1543450.41853798 1.0406517991969e-14 3.46883933065633e-15
9.27659574468085e-08 -0.00154176250827745 0.0122891722411242 3429114.87755441 1014954.99539805 1.06954093271659e-14 3.56513644238864e-15
9.3345744680851e-08 0.000544440542578951 0.012546373070728 3598221.77578902 443612.440050602 1.09923204633776e-14 3.66410682112587e-15
9.39255319148936e-08 0.00267349715316448 0.0124559808261388 3672134.33752366 -155905.889750089 1.12974740352091e-14 3.76582467840304e-15
9.45053191489361e-08 0.00478749304462823 0.0120108554542539 3646158.05133197 -767739.17352627 1.16110988577389e-14 3.87036628591297e-15
9.50851063829787e-08 0.00682732429696385 0.0112135062993372 3518241.05907429 -1375244.41398482 1.19334300980928e-14 3.97781003269759e-15
9.56648936170212e-08 0.00873430508498399 0.0100762903152817 3289104.47842005 -1961436.7431416 1.22647094517803e-14 4.08823648392678e-15
9.62446808510638e-08 0.0104518084394643 0.00862134240467057 2962299.36369082 -2509451.44215497 1.26051853239272e-14 4.20172844130906e-15
9.68244680851063e-08 0.0119268954017184 0.00688023238214256 2544186.68719055 -3003015.4516997 1.29551130155378e-14 4.31837100517928e-15
9.74042553191489e-08 0.0131118870230658 0.00489335049589237 2043838.75975523 -3426915.54692692 1.33147549149296e-14 4.43825163830986e-15
9.79840425531914e-08 0.0139658339828611 0.00270903103021388 1472862.64625229 -3767450.08759227 1.36843806944807e-14 4.56146023149356e-15
9.8563829787234e-08 0.0144558401854117 0.000382431047386728 845148.312656081 -4012851.34652756 1.40642675128404e-14 4.68808917094679e-15
9.91436170212765e-08 0.0145581995382866 -0.00202581140176136 176546.406793533 -4153665.87559486 1.44547002227523e-14 4.8182334075841e-15
9.97234042553191e-08 0.0142593091681504 -0.00445110847180246 -515517.335647887 -4183081.18502502 1.48559715846473e-14 4.95199052821578e-15
1.00303191489362e-07 0.013556327516458 -0.00682660587226697 -1212482.11484552 -4097188.17694796 1.52683824861659e-14 5.08946082872196e-15
1.00882978723404e-07 0.0124575519635795 -0.00908497586592768 -1895135.81597386 -3895170.26429553 1.56922421677741e-14 5.23074738925803e-15
1.01462765957447e-07 0.0109824977122113 -0.0111602731849912 -2544130.26841495 -3579411.88976094 1.61278684546436e-14 5.37595615154787e-15
1.02042553191489e-07 0.00916166744699745 -0.0129898040904623 -3140514.58587344 -3155521.19475756 1.65755879949681e-14 5.5251959983227e-15
1.02622340425532e-07 0.00703600958050928 -0.0145159570533073 -3666272.2834842 -2632263.82582434 1.70357365048959e-14 5.67857883496528e-15
1.03202127659574e-07 0.00465607147997283 -0.0156879431711792 -4104847.36606285 -2021407.2491735 1.75086590202618e-14 5.8362196734206e-15
1.03781914893617e-07 0.0020808627141695 -0.0164633954998713 -4441644.47679841 -1337477.41095525 1.79947101553076e-14 5.99823671843588e-15
1.0436170212766e-07 -0.000623548172544132 -0.0168097789844609 -4664488.50185471 -597432.065163646 1.84942543685844e-14 6.16475145619481e-15
1.04941489361702e-07 -0.0033856718021323 -0.0167055665917183 -4764029.74644565 179742.475556057 1.90076662362366e-14 6.33588874541219e-15
1.05521276595745e-07 -0.00613043206627648 -0.0161411425032275 -4734081.92347802 973502.097580361 1.95353307328724e-14 6.51177691095748e-15
1.06101063829787e-07 -0.00878115071544625 -0.0151193997190591 -4571881.70682493 1762271.95801534 2.00776435202321e-14 6.69254784007738e-15
1.0668085106383e-07 -0.0112616315178073 -0.0136560069987987 -4278260.46645759 2524016.80191701 2.06350112438689e-14 6.87833708128962e-15
1.07260638297872e-07 -0.013498288894554 -0.0117793285500876 -3857720.98007689 3236839.8931898 2.12078518380663e-14 7.06928394602209e-15
1.07840425531915e-07 -0.0154222631741346 -0.00952998905422642 -3318414.35377205 3879594.72680637 2.17965948392206e-14 7.26553161307353e-15
1.08420212765957e-07 -0.0169714633731438 -0.00696008625833892 -2672015.02214427 4432492.89565918 2.24016817079224e-14 7.46722723597413e-15
1.09e-07 -0.0180924787831254 -0.00413206320925129 -1933494.46859215 4877691.13053646 2.30235661599796e-14 7.67452205332652e-15
