0 -0.00139 0 0 400000 1.33808e-16 4.46026666666667e-17
2.22903885480573e-10 -0.00138428861865557 8.9161554192229e-05 25622.6190589721 400000 1.34357046511403e-16 4.47856821704677e-17
4.45807770961145e-10 -0.0013728658559667 0.000177957257013236 51245.2381179443 398358.703481397 1.34908345893125e-16 4.49694486310418e-17
6.68711656441718e-10 -0.00135575514710919 0.000266021257091798 76762.721388269 395076.110444191 1.35461907389238e-16 4.51539691297459e-17
8.9161554192229e-10 -0.00133300336243463 0.000352989204233147 102069.933081299 390158.955524037 1.36017740281741e-16 4.53392467605803e-17
1.11451942740286e-09 -0.00130468071131021 0.000438499750595427 127062.168805896 383620.707992245 1.36575853890722e-16 4.55252846302408e-17
1.33742331288344e-09 -0.00127088054979837 0.000522196045706453 151635.586965942 375481.544121944 1.37136257574513e-16 4.57120858581709e-17
1.56032719836401e-09 -0.00123171909257084 0.000603727219161106 175687.63838772 365768.291920414 1.37698960729841e-16 4.58996535766137e-17
1.78323108384458e-09 -0.00118733502984616 0.000682749844864921 199117.492407039 354514.348340967 1.38263972791994e-16 4.60879909306646e-17
2.00613496932515e-09 -0.00113788905053286 0.000758929380740025 221826.45765324 341759.569201158 1.38831303234973e-16 4.62771010783244e-17
2.22903885480573e-09 -0.00108356327315002 0.000831941577885274 243718.395781739 327550.132147033 1.39400961571655e-16 4.64669871905516e-17
2.4519427402863e-09 -0.0010245605864819 0.000901473853283115 264700.126428538 311938.373115084 1.39972957353948e-16 4.66576524513161e-17
2.67484662576687e-09 -0.000961103902301727 0.000967226620271073 284681.821689046 294982.596854234 1.40547300172957e-16 4.68491000576525e-17
2.89775051124744e-09 -0.000893435322870037 0.0010289145711453 303577.388459602 276746.862178852 1.4112399965914e-16 4.70413332197133e-17
3.12065439672802e-09 -0.000821815226273899 0.00108626790643692 321304.837023039 257300.742730307 1.41703065482469e-16 4.72343551608232e-17
3.34355828220859e-09 -0.000746521273022915 0.00113903350559842 337786.634309462 236719.064128191 1.42284507352599e-16 4.74281691175329e-17
3.56646216768916e-09 -0.000667847337655097 0.00118697603405593 352950.040319844 215081.618492882 1.42868335019021e-16 4.76227783396738e-17
3.78936605316973e-09 -0.000586102369428802 0.00122987898182394 366727.42626292 192472.857417971 1.43454558271235e-16 4.78181860904115e-17
4.01226993865031e-09 -0.00050160918648459 0.00126754562913983 379056.573024952 168981.564563941 1.44043186938905e-16 4.80143956463018e-17
4.23517382413088e-09 -0.000414703208151868 0.00129979993485657 389880.948666979 144700.509132897 1.44634230892034e-16 4.82114102973445e-17
4.45807770961145e-09 -0.000325731130348168 0.0013264873436314 399149.963724858 119726.081567785 1.45227700041118e-16 4.84092333470395e-17
4.68098159509202e-09 -0.000235049549272697 0.0013474755082651 406819.203173445 94157.9128979734 1.45823604337324e-16 4.86078681124413e-17
4.9038854805726e-09 -0.000143023538829335 0.00136265492387989 412850.634007376 68098.479226004 1.46421953772646e-16 4.88073179242155e-17
5.12678936605317e-09 -5.00251874263833e-05 0.00137193947097192 417212.787486634 41652.6929174387 1.47022758380082e-16 4.90075861266939e-17
5.34969325153374e-09 4.35679000097531e-05 0.00137526686473617 419880.915195144 14927.4821166838 1.47626028233793e-16 4.92086760779311e-17
5.57259713701432e-09 0.000137374128803091 0.00137259900843559 420837.118164608 -11968.6397337606 1.48231773449282e-16 4.94105911497605e-17
5.79550102249489e-09 0.000231009463932195 0.0013639222489707 420070.448423227 -38926.0126452791 1.48840004183553e-16 4.96133347278511e-17
6.01840490797546e-09 0.00032408899580521 0.00134924753319962 417576.98243949 -65834.275339979 1.49450730635291e-16 4.98169102117638e-17
6.24130879345603e-09 0.000416228516048223 0.00132861046396011 413359.866044341 -92582.8152120844 1.50063963045027e-16 5.00213210150091e-17
6.46421267893661e-09 0.000507046096882192 0.00130207125515195 407429.330530375 -119061.221166889 1.50679711695311e-16 5.02265705651038e-17
6.68711656441718e-09 0.000596163667622616 0.00126971458564987 399802.679743737 -145159.737490969 1.51297986910885e-16 5.04326623036285e-17
6.91002044989775e-09 0.000683208581821367 0.00123164935223144 390504.248102658 -170769.716895544 1.51918799058857e-16 5.06395996862855e-17
7.13292433537833e-09 0.000767815168581941 0.00118800832211917 379565.3295956 -195784.070870656 1.52542158548871e-16 5.08473861829569e-17
7.3558282208589e-09 0.000849626261617745 0.00113894768615078 367024.077931266 -220097.715491209 1.53168075833287e-16 5.10560252777623e-17
7.57873210633947e-09 0.000928294699688026 0.00108464651400326 352925.378131813 -243608.010826967 1.53796561407353e-16 5.12655204691175e-17
7.80163599182004e-09 0.00100348479213733 0.00102530611330413 337320.68997898 -266215.192127255 1.5442762580938e-16 5.14758752697933e-17
8.02453987730062e-09 0.00107487374338183 0.000961149294865417 320267.86384001 -287822.790977358 1.55061279620923e-16 5.16870932069742e-17
8.24744376278119e-09 0.0011421530303291 0.000892419546669808 301830.929515753 -308338.044657366 1.55697533466953e-16 5.18991778223175e-17
8.47034764826176e-09 0.00120502972688629 0.000819380119624176 282079.858866643 -327672.29197536 1.56336398016039e-16 5.21121326720129e-17
8.69325153374233e-09 0.00126322776990479 0.000742313028469615 261090.303082981 -345741.353895232 1.56977883980525e-16 5.23259613268417e-17
8.9161554192229e-09 0.00131648916112669 0.000661517971599453 238943.305573504 -362465.897334949 1.57622002116712e-16 5.25406673722375e-17
9.13905930470348e-09 0.00136457509993852 0.000577311173884716 215724.991550299 -377771.780573452 1.58268763225036e-16 5.27562544083453e-17
9.36196319018405e-09 0.00140726704200029 0.000490024156939308 191526.235488141 -391590.378773435 1.58918178150248e-16 5.29727260500827e-17
9.58486707566462e-09 0.0014443676791021 0.000400002441573059 166442.307731965 -403858.888202715 1.595702577816e-16 5.31900859272e-17
9.80777096114519e-09 0.00147570183590425 0.000307604187478547 140572.50161697 -414520.607818495 1.60225013053024e-16 5.34083376843413e-17
1.00306748466258e-08 0.00150111727954045 0.000213198775475847 114019.742551402 -423525.196966241 1.60882454943316e-16 5.36274849811055e-17
1.02535787321063e-08 0.00152048543840452 0.000117165337896884 86890.1805920469 -430828.908037733 1.61542594476323e-16 5.38475314921078e-17
1.04764826175869e-08 0.00153370202679858 1.98912429268018e-05 59292.7681164375 -436394.793030921 1.62205442721123e-16 5.40684809070412e-17
1.06993865030675e-08 0.00154068757249332 -7.82294610674809e-05 31338.8242635618 -440192.88305692 1.62871010792215e-16 5.42903369307384e-17
1.09222903885481e-08 0.00154138784463745 -0.000176797635002402 3141.58787596647 -442200.339946573 1.63539309849702e-16 5.45131032832339e-17
1.11451942740286e-08 0.0015357741798514 -0.00027541066595329 -25184.2392695311 -442401.579220038 1.64210351099479e-16 5.47367836998264e-17
1.13680981595092e-08 0.00152384370474958 -0.000373664104918333 -53522.9571081379 -440788.363797305 1.64884145793425e-16 5.49613819311415e-17
1.15910020449898e-08 0.00150561945355318 -0.000471153318836561 -81758.3379361529 -437359.867945077 1.65560705229584e-16 5.51869017431945e-17
1.18139059304703e-08 0.00148115037988032 -0.000567475150139688 -109774.101156251 -432122.711075495 1.6624004075236e-16 5.54133469174535e-17
1.20368098159509e-08 0.00145051126223109 -0.0006622295770592 -137454.390187795 -425090.961134325 1.66922163752709e-16 5.56407212509029e-17
1.22597137014315e-08 0.0014138025031191 -0.00075502136787914 -164684.249594188 -416286.107439913 1.67607085668321e-16 5.5869028556107e-17
1.24826175869121e-08 0.00137114982223715 -0.000845461722321943 -191350.100470376 -405737.002959001 1.68294817983823e-16 5.60982726612742e-17
1.27055214723926e-08 0.00132270384448159 -0.000933169893279542 -217340.212132745 -393479.77613088 1.68985372230962e-16 5.63284574103207e-17
1.29284253578732e-08 0.00126863958409402 -0.00101777478215472 -242545.168160772 -379557.712476696 1.69678759988806e-16 5.65595866629353e-17
1.31513292433538e-08 0.001209155826611 -0.00109891650115835 -266858.324854986 -364021.106355752 1.70374992883932e-16 5.6791664294644e-17
1.33742331288343e-08 0.00114447441073844 -0.00117624789601652 -290176.260198933 -346927.083354565 1.71074082590626e-16 5.70246941968752e-17
1.35971370143149e-08 0.0010748394126865 -0.00124943602267696 -312399.211444019 -328339.393916979 1.71776040831074e-16 5.72586802770245e-17
1.38200408997955e-08 0.00100051623591191 -0.00131816357176674 -333431.49947499 -308328.178944095 1.72480879375562e-16 5.74936264585207e-17
1.40429447852761e-08 0.000921790609614363 -0.00138213023474216 -353181.938160568 -286969.708210821 1.73188610042674e-16 5.77295366808913e-17
1.42658486707566e-08 0.000838967499722081 -0.00144105400588558 -371564.226947944 -264346.092560827 1.73899244699486e-16 5.79664148998286e-17
1.44887525562372e-08 0.000752369936475985 -0.00149467241454387 -388497.325021478 -240544.970953255 1.74612795261768e-16 5.82042650872561e-17
1.47116564417178e-08 0.000662337763080889 -0.00154274368226594 -403905.805414695 -215659.173542118 1.75329273694185e-16 5.8443091231395e-17
1.49345603271983e-08 0.000569226310234483 -0.00158504779978312 -417720.187540302 -189786.362072498 1.76048692010494e-16 5.86828973368312e-17
1.51574642126789e-08 0.000473405001668654 -0.00162138751908452 -429877.246685231 -163028.648976029 1.76771062273747e-16 5.89236874245824e-17
1.53803680981595e-08 0.000375255896141901 -0.00165158925616814 -440320.29910626 -135492.19664119 1.77496396596496e-16 5.91654655321654e-17
1.56032719836401e-08 0.000275172171604615 -0.00167550390039704 -448999.461456262 -107286.798421359 1.78224707140992e-16 5.94082357136641e-17
1.58261758691206e-08 0.000173556557519811 -0.00169300752675637 -455871.88337128 -78525.4430249156 1.78956006119391e-16 5.96520020397971e-17
1.60490797546012e-08 7.08197215591165e-05 -0.00170400200769036 -460901.952153941 -49323.8640066194 1.79690305793958e-16 5.98967685979861e-17
1.62719836400818e-08 -3.26213828933848e-05 -0.00170841552159649 -464061.468598836 -19800.0761476768 1.80427618477274e-16 6.01425394924247e-17
1.64948875255624e-08 -0.000136345201809707 -0.00170620295546656 -465329.793120013 9926.09942696107 1.81167956532441e-16 6.03893188441469e-17
1.67177914110429e-08 -0.000239927291378303 -0.00169734619958803 -464693.961459116 39733.5194917221 1.81911332373288e-16 6.06371107910961e-17
1.69406952965235e-08 -0.000342942047741965 -0.00168185433265364 -462148.769374595 69500.2103754011 1.82657758464585e-16 6.08859194881951e-17
1.71635991820041e-08 -0.000444964448593197 -0.00165976369606985 -457696.825837176 99103.8650410462 1.83407247322245e-16 6.11357491074149e-17
1.73865030674847e-08 -0.000545571799529537 -0.00163113785670482 -451348.57438413 128422.343573363 1.84159811513536e-16 6.13866038378453e-17
1.76094069529652e-08 -0.000644345478022643 -0.00159606745777086 -443122.282414028 157334.175034 1.84915463657295e-16 6.16384878857651e-17
1.78323108384458e-08 -0.000740872667835422 -0.0015546699579942 -433043.998334394 185719.058631092 1.85674216424137e-16 6.18914054747123e-17
1.80552147239264e-08 -0.000834748076731273 -0.00150708925968402 -421147.476606155 213458.362143833 1.86436082536665e-16 6.2145360845555e-17
1.8278118609407e-08 -0.000925575630358719 -0.00145349522677098 -407474.070860746 240435.61554565 1.87201074769689e-16 6.24003582565629e-17
1.85010224948875e-08 -0.00101297013526325 -0.00139408309434131 -392072.595397407 266536.997780834 1.87969205950434e-16 6.26564019834781e-17
1.87239263803681e-08 -0.00109655890407597 -0.00132907277164409 -374999.155499256 291651.81466916 1.88740488958762e-16 6.29134963195873e-17
1.89468302658487e-08 -0.00117598333605526 -0.00125870804099463 -356316.947136442 315672.965941144 1.8951493672738e-16 6.31716455757935e-17
1.91697341513292e-08 -0.001250900446313 -0.00118325565543373 -336096.026752627 338497.399442976 1.90292562242065e-16 6.34308540806884e-17
1.93926380368098e-08 -0.00132098433723995 -0.00110300433842998 -314413.051956677 360026.550594768 1.91073378541875e-16 6.3691126180625e-17
1.96155419222904e-08 -0.00138592760585548 -0.00101826368932776 -291350.994064163 380166.765238405 1.91857398719371e-16 6.39524662397904e-17
1.9838445807771e-08 -0.00144544268104412 -0.00092936299864509 -266998.8235527 398829.704071802 1.92644635920837e-16 6.4214878640279e-17
2.00613496932515e-08 -0.00149926308490415 -0.000836649977712857 -241451.169610614 415932.726934514 1.93435103346498e-16 6.44783677821661e-17
2.02842535787321e-08 -0.00154714461272131 -0.00074048940751636 -214807.955069608 431399.255285204 1.94228814250744e-16 6.47429380835812e-17
2.05071574642127e-08 -0.00158886642639186 -0.000641261711951812 -187174.008118365 445159.111294167 1.95025781942349e-16 6.5008593980783e-17
2.07300613496933e-08 -0.00162423205645354 -0.000539361461041938 -158658.652295062 457148.832063562 1.95826019784699e-16 6.52753399282328e-17
2.09529652351738e-08 -0.00165307030823753 -0.000435195809964937 -129375.276352016 467311.957583977 1.9662954119601e-16 6.55431803986699e-17
2.11758691206544e-08 -0.00167523606803008 -0.000329182880038466 -99440.8856748236 475599.29113802 1.97436359649559e-16 6.58121198831862e-17
2.1398773006135e-08 -0.00169061100552555 -0.000221750088063703 -68975.637020957 481969.130969352 1.98246488673905e-16 6.60821628913016e-17
2.16216768916156e-08 -0.00169910416926299 -0.000113332430672685 -38102.3584184281 486387.472148696 1.99059941853119e-16 6.63533139510397e-17
2.18445807770961e-08 -0.00170065247216394 -4.37073053404153e-06 -6946.05613362192 488828.177686206 1.99876732827011e-16 6.66255776090038e-17
2.20674846625767e-08 -0.00169522106472821 0.000104690148543149 24366.5893217411 489273.118061891 2.00696875291358e-16 6.68989584304527e-17
2.22903885480573e-08 -0.00168280359389541 0.00021340311041114 55707.7361214794 487712.278471998 2.01520382998134e-16 6.71734609993779e-17
2.25132924335379e-08 -0.00166342234604081 0.000321320651967069 86948.9009256578 484143.833218802 2.0234726975574e-16 6.74490899185799e-17
2.27361963190184e-08 -0.00163712827304355 0.000427996697696334 117961.483446448 478574.186803765 2.03177549429237e-16 6.77258498097456e-17
2.2959100204499e-08 -0.00160400090084019 0.000532988435885804 148617.293646273 471017.981418817 2.04011235940578e-16 6.8003745313526e-17
2.31820040899796e-08 -0.0015641481203569 0.000635858148979296 178789.079415824 461498.070667132 2.04848343268841e-16 6.82827810896137e-17
2.34049079754601e-08 -0.00151770586119537 0.000736175030540877 208351.05256871 450045.459482692 2.05688885450463e-16 6.8562961816821e-17
2.36278118609407e-08 -0.00146483764893025 0.000833516981315624 237179.410987573 436699.210356432 2.06532876579476e-16 6.88442921931586e-17
2.38507157464213e-08 -0.00140573404735723 0.000927472376932375 265152.854763365 421506.316115517 2.07380330807743e-16 6.91267769359144e-17
2.40736196319019e-08 -0.00134061198750815 0.00101764179987883 292153.094185312 404521.539640515 2.08231262345197e-16 6.94104207817323e-17
2.42965235173824e-08 -0.00126971398572176 0.00110363972849566 318065.347463706 385807.22104249 2.09085685460076e-16 6.96952284866919e-17
2.4519427402863e-08 -0.00119330725352335 0.00118509617588296 342778.826101137 365433.052957685 2.09943614479164e-16 6.9981204826388e-17
2.47423312883436e-08 -0.00111168270252168 0.0012616582717886 366187.205869867 343475.824751007 2.10805063788033e-16 7.0268354596011e-17
2.49652351738242e-08 -0.00102515384797565 0.00133299178075381 388189.08140377 320019.136550324 2.11670047831281e-16 7.0556682610427e-17
2.51881390593047e-08 -0.000934055615113724 0.00139878255002491 408688.402472296 295153.084161171 2.12538581112776e-16 7.08461937042587e-17
2.54110429447853e-08 -0.000838743052705226 0.00145873788100209 427594.890071152 268973.916035253 2.13410678195899e-16 7.11368927319663e-17
2.56339468302659e-08 -0.00073958995878127 0.00151258781828395 444824.43053958 241583.663585612 2.14286353703788e-16 7.14287845679294e-17
2.58568507157465e-08 -0.000636987423784008 0.00156008635068049 460299.445996892 213089.746256012 2.15165622319584e-16 7.17218741065279e-17
2.6079754601227e-08 -0.000531342296783104 0.00160101251890522 473949.239481119 183604.552861427 2.16048498786674e-16 7.20161662622247e-17
2.63026584867076e-08 -0.000423075580737286 0.00163517142501851 485710.313269773 153245.000820141 2.16934997908944e-16 7.2311665969648e-17
2.65255623721882e-08 -0.000312620763094438 0.00166239513907677 495526.658966538 122132.074995327 2.17825134551022e-16 7.26083781836739e-17
2.67484662576688e-08 -0.000200422088314876 0.00168254349884581 503350.018047756 90390.3479546654 2.18718923638529e-16 7.29063078795096e-17
2.69713701431493e-08 -8.69327791677524e-05 0.00169550479885785 509140.111678382 58147.4835402544 2.1961638015833e-16 7.32054600527767e-17
2.71942740286299e-08 2.73867861111656e-05 0.00170119636553103 512864.838728357 25533.7257173101 2.20517519158785e-16 7.35058397195951e-17
2.74171779141105e-08 0.000142070933501873 0.00169956501552389 514500.441046384 -7318.62526138456 2.21422355750001e-16 7.3807451916667e-17
2.7640081799591e-08 0.000256650582243118 0.00169058739496501 514031.635178614 -40275.7472778962 2.22330905104084e-16 7.41103017013614e-17
2.78629856850716e-08 0.000370655155605273 0.00167427019767712 511451.709854072 -73202.8392090016 2.23243182455397e-16 7.44143941517991e-17
2.80858895705522e-08 0.000483614505641884 0.00165065026100362 506762.588696353 -105964.670030629 2.24159203100812e-16 7.47197343669373e-17
2.83087934560328e-08 0.000595060844079539 0.00161979453834229 499974.857761592 -138426.131939392 2.25078982399967e-16 7.50263274666558e-17
2.85316973415133e-08 0.000704530671448343 0.00158179994799269 491107.757645367 -170452.795238114 2.26002535775527e-16 7.53341785918423e-17
2.87546012269939e-08 0.000811566696530073 0.00153679309843028 480189.140045559 -201911.462715748 2.26929878713436e-16 7.56432929044788e-17
2.89775051124745e-08 0.000915719738208347 0.00148492989062724 467255.388813545 -232670.721244855 2.27861026763185e-16 7.59536755877283e-17
2.92004089979551e-08 0.00101655060184484 0.0014263949985473 452351.305671962 -262601.488321908 2.28795995538064e-16 7.62653318460214e-17
2.94233128834356e-08 0.00111363192237777 0.00136140122944651 435529.960922984 -291577.551287061 2.29734800715431e-16 7.65782669051438e-17
2.96462167689162e-08 0.00120654996644352 0.00129018876611131 416852.509616043 -319476.096980808 2.30677458036972e-16 7.6892486012324e-17
2.98691206543968e-08 0.00129490638595854 0.00121302429365912 396387.973787577 -346178.229624979 2.31623983308963e-16 7.72079944363209e-17
3.00920245398774e-08 0.00137831991576724 0.00113020001401031 374212.991527101 -371569.474754771 2.32574392402538e-16 7.75247974675125e-17
3.03149284253579e-08 0.00145642800816025 0.00104203255161486 350411.533763142 -395540.267076815 2.33528701253954e-16 7.78429004179846e-17
3.05378323108385e-08 0.00152888839729737 0.000948861754477393 325074.589798658 -417986.420185522 2.34486925864859e-16 7.81623086216196e-17
3.07607361963191e-08 0.00159538058682831 0.000851049394970612 298299.822758066 -438809.576135929 2.35449082302559e-16 7.84830274341862e-17
3.09836400817997e-08 0.001655607254292 0.000748977775356959 270191.196236166 -457917.632945651 2.36415186700287e-16 7.88050622334291e-17
3.12065439672802e-08 0.00170929556619045 0.000643048243349274 240858.573562784 -475225.148181269 2.37385255257477e-16 7.91284184191591e-17
3.14294478527608e-08 0.00175619839797458 0.000533679623432355 210417.291215053 -490653.716874986 2.38359304240032e-16 7.9453101413344e-17
3.16523517382414e-08 0.00179609545354587 0.000421306570036456 178987.708021662 -504132.322115546 2.39337349980596e-16 7.97791166601988e-17
3.18752556237219e-08 0.00182879427926802 0.000306377848999362 146694.731909458 -515597.65676274 2.40319408878833e-16 8.01064696262778e-17
3.20981595092025e-08 0.001854131167895 0.000189354554074383 113667.326042132 -524994.414846925 2.41305497401697e-16 8.04351658005658e-17
3.23210633946831e-08 0.00187197194825476 7.07082655358322e-05 80037.9962928552 -532275.551333499 2.4229563208371e-16 8.07652106945701e-17
3.25439672801637e-08 0.00188221265697956 -4.90808417999009e-05 45942.2620772986 -537402.509056637 2.4328982952724e-16 8.10966098424132e-17
3.27668711656442e-08 0.00188478008904266 -0.000169525933582007 11518.1126500635 -540345.411756422 2.44288106402776e-16 8.14293688009253e-17
3.29897750511248e-08 0.00187963222434512 -0.000290135486198395 -23094.5489641822 -541083.2222882 2.45290479449213e-16 8.17634931497378e-17
3.32126789366054e-08 0.00186675852809368 -0.000410415284374503 -57754.4721739114 -539603.86521208 2.46296965474129e-16 8.20989884913765e-17
3.3435582822086e-08 0.00184618012321934 -0.000529870438013282 -92319.6328766066 -535904.313113419 2.47307581354067e-16 8.24358604513558e-17
3.36584867075665e-08 0.00181794983360421 -0.000648007410079719 -126647.81304402 -529990.636151266 2.48322344034819e-16 8.2774114678273e-17
3.38813905930471e-08 0.00178215209740898 -0.000764336047254324 -160597.183481335 -521878.014480568 2.49341270531708e-16 8.31137568439027e-17
3.41042944785277e-08 0.00173890275032382 -0.00087837160503467 -194026.887382056 -511590.713344853 2.50364377929877e-16 8.34547926432924e-17
3.43271983640083e-08 0.0016883486790982 -0.000989636758952735 -226797.622287414 -499162.020788382 2.51391683384574e-16 8.37972277948579e-17
3.45501022494888e-08 0.00163066734623913 -0.00109766359359856 -258772.218055832 -484634.148090004 2.52423204121436e-16 8.41410680404786e-17
3.47730061349694e-08 0.00156606618729937 -0.00120199556119774 -289816.208454531 -468058.09317428 2.53458957436784e-16 8.44863191455945e-17
3.499591002045e-08 0.00149478188270594 -0.00130218940158121 -319798.394001715 -449493.467408414 2.54498960697908e-16 8.48329868993026e-17
3.52188139059306e-08 0.00141707950660201 -0.00139781701551098 -348591.393713971 -429008.286345472 2.55543231343362e-16 8.51810771144539e-17
3.54417177914111e-08 0.00133325155568997 -0.00148846728348352 -376072.183449402 -406678.725124549 2.56591786883253e-16 8.55305956277509e-17
3.56646216768917e-08 0.0012436168615683 -0.00157374782232429 -402122.618582539 -382588.839386549 2.57644644899537e-16 8.58815482998456e-17
3.58875255623723e-08 0.00114851939054698 -0.00165328667211019 -426629.938802078 -356830.252709207 2.58701823046313e-16 8.62339410154376e-17
3.61104294478528e-08 0.00104832693540453 -0.00172673390621246 -449487.25288679 -329501.811706511 2.59763339050118e-16 8.65877796833727e-17
3.63333333333334e-08 0.000943429704011229 -0.00179376315753798 -470594.001388283 -300709.210075056 2.60829210710227e-16 8.69430702367424e-17
3.6556237218814e-08 0.000834238810186626 -0.00185407305436267 -489856.395231477 -270564.583002533 2.61899455898949e-16 8.7299818632983e-17
3.67791411042946e-08 0.000721184672582459 -0.00190738855949443 -507187.828334286 -239186.073480989 2.62974092561926e-16 8.76580308539754e-17
3.70020449897751e-08 0.000604715327783474 -0.001953462206874 -522509.262446823 -206697.372189097 2.64053138718438e-16 8.8017712906146e-17
3.72249488752557e-08 0.000485294664195829 -0.001992075230119 -535749.582517052 -173227.232722948 2.651366124617e-16 8.83788708205667e-17
3.74478527607363e-08 0.000363400583644879 -0.0020230385779368 -546845.921003802 -138908.964063354 2.66224531959169e-16 8.87415106530563e-17
3.76707566462169e-08 0.000239523097929114 -0.00204619381177585 -555743.949678982 -103879.902268771 2.67316915452847e-16 8.91056384842824e-17
3.78936605316974e-08 0.000114162367873651 -0.0020614138815487 -562398.137588272 -68280.8634763882 2.68413781259588e-16 8.94712604198628e-17
3.8116564417178e-08 -1.21733073064148e-05 -0.00206860377574365 -566771.973972955 -32255.5803791389 2.69515147771404e-16 8.98383825904681e-17
3.83394683026586e-08 -0.000138969542286559 -0.00206770104274184 -568838.155094406 4049.8755768878 2.70621033455774e-16 9.02070111519248e-17
3.85623721881392e-08 -0.00026570795130716 -0.00205867618067252 -568578.734046549 40487.683962369 2.71731456855954e-16 9.05771522853179e-17
3.87852760736197e-08 -0.000391868258820606 -0.00204153289366701 -565985.23278968 76908.8747311375 2.72846436591285e-16 9.0948812197095e-17
3.90081799591003e-08 -0.00051693042655315 -0.00201630821291206 -561058.715790954 113163.934763072 2.73965991357511e-16 9.13219971191705e-17
3.92310838445809e-08 -0.000640376788321022 -0.00198307248145085 -553809.824811833 149103.419124141 2.75090139927088e-16 9.16967133090294e-17
3.94539877300615e-08 -0.000761694183872953 -0.00194192920223515 -544258.774540313 184578.564554815 2.76218901149499e-16 9.2072967049833e-17
3.9676891615542e-08 -0.000880376082999432 -0.00189301474949082 -532435.308925213 219441.902678689 2.77352293951571e-16 9.24507646505238e-17
3.98997955010226e-08 -0.000995924691153046 -0.00183649794402021 -518378.618230433 253547.870414031 2.78490337337795e-16 9.28301124459316e-17
4.01226993865032e-08 -0.00110785302786415 -0.00177257949362581 -502137.216988352 286753.415072118 2.79633050390637e-16 9.32110167968791e-17
4.03456032719837e-08 -0.00121568696931202 -0.00170149130039778 -483768.783192721 318918.59163768 2.80780452270869e-16 9.35934840902896e-17
4.05685071574643e-08 -0.0013189672465232 -0.00162349563716138 -463339.959231831 349907.149748604 2.81932562217879e-16 9.39775207392928e-17
4.07914110429449e-08 -0.00141725139081599 -0.00153888419592677 -440926.115221783 379587.107924096 2.83089399550001e-16 9.43631331833337e-17
4.10143149284255e-08 -0.00151011561829182 -0.00144797701172028 -416611.075556693 407831.312632797 2.84250983664838e-16 9.47503278882794e-17
4.1237218813906e-08 -0.00159715664539103 -0.00135112126570174 -390486.809646916 434517.979844641 2.85417334039585e-16 9.51391113465282e-17
4.14601226993866e-08 -0.00167799342778048 -0.00124868997198354 -362653.087967332 459531.216772482 2.86588470231355e-16 9.55294900771183e-17
4.16830265848672e-08 -0.00175226881512327 -0.00114108055306254 -333217.104684664 482761.521581349 2.87764411877511e-16 9.59214706258371e-17
4.19059304703478e-08 -0.00181965111459565 -0.00102871330925319 -302293.068275142 504106.258924521 2.88945178695992e-16 9.63150595653307e-17
4.21288343558283e-08 -0.00187983555636094 -0.000912029787967091 -270001.761680976 523470.109255976 2.90130790485644e-16 9.67102634952147e-17
4.23517382413089e-08 -0.00193254565458529 -0.000791491059119422 -236470.073685415 540765.489967983 2.91321267126553e-16 9.71070890421844e-17
4.25746421267895e-08 -0.00197753445798186 -0.000667575903353344 -201830.503311195 555912.946510205 2.92516628580378e-16 9.7505542860126e-17
4.27975460122701e-08 -0.00201458568429885 -0.000540778920158892 -166220.639165241 568841.511762263 2.93716894890684e-16 9.7905631630228e-17
4.30204498977506e-08 -0.0020435147336203 -0.000411608563320471 -129782.615763205 579489.032054938 2.94922086183281e-16 9.83073620610938e-17
4.32433537832312e-08 -0.0020641695758243 -0.000280585111455795 -92662.5489702144 587802.458365381 2.96132222666561e-16 9.87107408888536e-17
4.34662576687118e-08 -0.00207643150804099 -0.000148238581707328 -55009.9527886556 593738.101348624 2.97347324631833e-16 9.91157748772776e-17
4.36891615541924e-08 -0.00208021577846888 -1.51065949135737e-05 -16977.1398095226 597261.849010514 2.98567412453668e-16 9.95224708178894e-17
4.39120654396729e-08 -0.00207547207344132 0.000118267799179156 21281.3922796117 598349.34597564 2.9979250659024e-16 9.99308355300798e-17
4.41349693251535e-08 -0.00206218486518361 0.000251338327904762 59609.585669909 596986.133457077 3.01022627583664e-16 1.00340875861221e-16
4.43578732106341e-08 -0.00204037361826212 0.000383557723941507 97850.4563725575 593167.749192369 3.02257796060349e-16 1.00752598686783e-16
4.45807770961146e-08 -0.00201009285329849 0.000514379966800575 135846.734561618 586899.786771417 3.03498032731335e-16 1.01166010910445e-16
4.48036809815952e-08 -0.00197143206710181 0.00064326252839595 173441.508717208 578197.913946223 3.04743358392647e-16 1.01581119464216e-16
4.50265848670758e-08 -0.00192451550895738 0.00076966861349823 210478.870941549 567087.849679037 3.0599379392564e-16 1.01997931308547e-16
4.52494887525564e-08 -0.00186950181339966 0.000893069385858278 246804.560804793 553605.299853793 3.07249360297351e-16 1.0241645343245e-16
4.54723926380369e-08 -0.00180658349038753 0.00101294617080757 282266.605072747 537795.851744997 3.08510078560848e-16 1.02836692853616e-16
4.56952965235175e-08 -0.00173598627438848 0.00112879262520094 316715.950674641 519714.827507876 3.09775969855588e-16 1.03258656618529e-16
4.59182004089981e-08 -0.0016579683344638 0.0012401168656639 350007.088285975 499427.097122785 3.11047055407765e-16 1.03682351802588e-16
4.61411042944787e-08 -0.00157281934802558 0.00134644354624071 381998.663929239 477006.851395056 3.12323356530671e-16 1.04107785510224e-16
4.63640081799592e-08 -0.00148085944150681 0.00144731587671061 412554.076033777 452537.335777818 3.13604894625052e-16 1.04534964875017e-16
4.65869120654398e-08 -0.00138243800174498 0.00154229757304694 441542.05544527 426110.545949219 3.14891691179464e-16 1.04963897059821e-16
4.68098159509204e-08 -0.00127793236242615 0.00163097473173763 468837.225934939 397826.886236245 3.16183767770639e-16 1.0539458925688e-16
4.7032719836401e-08 -0.00116774637046641 0.00171295761996388 494320.642828559 367794.792134254 3.1748114606384e-16 1.05827048687947e-16
4.72556237218815e-08 -0.00105230883772073 0.00178788237394608 517880.307455384 336130.318323798 3.18783847813232e-16 1.06261282604411e-16
4.74785276073621e-08 -0.000932071883901617 0.00185541259811165 539411.655206838 302956.693733616 3.20091894862239e-16 1.06697298287413e-16
4.77014314928427e-08 -0.000807509177060602 0.00191524085811592 558818.015094094 268403.84534028 3.21405309143915e-16 1.07135103047972e-16
4.79243353783233e-08 -0.000679114078431961 0.00196709006115434 576011.038801887 232607.892530163 3.22724112681311e-16 1.07574704227104e-16
4.81472392638038e-08 -0.000547397698858407 0.00201071471743976 590911.097352914 195710.613977704 3.24048327587844e-16 1.08016109195948e-16
4.83701431492844e-08 -0.000412886874410904 0.00204590207718108 603447.643622284 157858.889114722 3.25377976067666e-16 1.08459325355889e-16
4.8593047034765e-08 -0.000276122069177544 0.00207247313788708 613559.539074432 119204.116378301 3.26713080416041e-16 1.0890436013868e-16
4.88159509202455e-08 -0.000137655213528028 0.00209028351733016 621195.343234988 79901.6105290447 3.28053663019714e-16 1.09351221006571e-16
4.90388548057261e-08 1.9525135409037e-06 0.00209922418803674 626313.564556949 40109.9814267508 3.29399746357287e-16 1.09799915452429e-16
4.92617586912067e-08 0.000142132949108951 0.00209922206972237 628882.871493349 -9.50326352335833 3.30751352999599e-16 1.10250450999866e-16
4.94846625766873e-08 0.000282313248985093 0.00209024047665781 628882.262747096 -40293.5688859899 3.32108505610103e-16 1.10702835203368e-16
4.97075664621678e-08 0.000421918219017145 0.00207227941753499 626301.195831866 -80577.5955142731 3.33471226945243e-16 1.11157075648415e-16
4.99304703476484e-08 0.000560372665609698 0.0020453757459975 621139.67324549 -120696.28790672 3.34839539854842e-16 1.11613179951614e-16
5.0153374233129e-08 0.000697103755884519 0.00200960316060486 613408.285728325 -160484.350981679 3.36213467282478e-16 1.12071155760826e-16
5.03762781186096e-08 0.000831543377838664 0.00196507205361314 603128.212253001 -199777.168063764 3.37593032265874e-16 1.12531010755291e-16
5.05991820040901e-08 0.000963130490816002 0.00191192920857202 590331.176568056 -238411.479129458 3.3897825793728e-16 1.1299275264576e-16
5.08220858895707e-08 0.00109131345660784 0.00185035734735867 575059.360295505 -276226.056269053 3.40369167523867e-16 1.13456389174622e-16
5.10449897750513e-08 0.00121555234153813 0.00178057452788949 557365.272760645 -313062.373581923 3.41765784348108e-16 1.13921928116036e-16
5.12678936605319e-08 0.00133532117996812 0.0017028333943681 537311.577910677 -348765.268733538 3.43168131828179e-16 1.1438937727606e-16
5.14907975460124e-08 0.00145011018977453 0.00161742028254116 514970.878856278 -383183.593425489 3.44576233478342e-16 1.14858744492781e-16
5.1713701431493e-08 0.00155942793051348 0.00152465418303814 490425.460746304 -416170.850063986 3.45990112909345e-16 1.15330037636448e-16
5.19366053169736e-08 0.00166280339517955 0.00142488556646677 463766.992859709 -447585.811957794 3.47409793828818e-16 1.15803264609606e-16
5.21595092024542e-08 0.0017597880267045 0.00131849507451744 435096.190969721 -477293.124433218 3.48835300041667e-16 1.16278433347222e-16
5.23824130879347e-08 0.00184995765061266 0.00120589208189777 404522.441202674 -505163.884321285 3.50266655450478e-16 1.16755551816826e-16
5.26053169734153e-08 0.00193291431555883 0.00108751313446787 372163.386776886 -531076.195350639 3.51703884055912e-16 1.17234628018637e-16
5.28282208588959e-08 0.00200828803381852 0.000963820269477181 338144.479164992 -554915.697068342 3.53147009957112e-16 1.17715669985704e-16
5.30511247443764e-08 0.00207573841417827 0.000835299224311422 302598.495375427 -576576.065009689 3.54596057352107e-16 1.18198685784036e-16
5.3274028629857e-08 0.00213495618008467 0.000702457540642311 265665.023194766 -595959.479946746 3.56051050538212e-16 1.18683683512737e-16
5.34969325153376e-08 0.00218566456635156 0.000565822571329842 227489.916371619 -612977.064163277 3.57512013912446e-16 1.19170671304149e-16
5.37198364008182e-08 0.00222762058819637 0.000425939397856344 188224.721854262 -627549.282830646 3.58978971971929e-16 1.19659657323976e-16
5.39427402862987e-08 0.00226061617687451 0.000283368666470447 148026.08131751 -639606.308694528 3.60451949314302e-16 1.20150649771434e-16
5.41656441717793e-08 0.0022844791767045 0.000138684351586234 107055.109329022 -649088.348425505 3.61930970638135e-16 1.20643656879378e-16
5.43885480572599e-08 0.00229907419882427 -7.52854468359863e-06 65476.7506107117 -655945.929137141 3.63416060743342e-16 1.21138686914447e-16
5.46114519427405e-08 0.00230430332758746 -0.000154676347683262 23459.1189468004 -660140.143732435 3.64907244531599e-16 1.216357481772e-16
5.4834355828221e-08 0.00230010667609659 -0.000302159110618699 -18827.1796241778 -661642.853903017 3.66404547006755e-16 1.22134849002252e-16
5.50572597137016e-08 0.00228646278797457 -0.000449373050547952 -61209.7366207982 -660436.849774354 3.67907993275262e-16 1.22635997758421e-16
5.52801635991822e-08 0.00226338888309511 -0.000595713010107621 -103515.041156488 -656515.965364017 3.69417608546584e-16 1.23139202848861e-16
5.55030674846628e-08 0.00223094094562339 -0.000740574934979965 -145569.187373127 -649885.149197951 3.70933418133629e-16 1.2364447271121e-16
5.57259713701433e-08 0.00218921365335879 -0.000883358356999592 -187198.586398083 -640560.489610987 3.7245544745317e-16 1.24151815817723e-16
5.59488752556239e-08 0.00213834014801832 -0.00102346887273407 -228230.67992191 -628569.194441846 3.73983722026269e-16 1.24661240675423e-16
5.61717791411045e-08 0.0020784916467508 -0.00116032060734972 -268494.652475381 -613949.525018823 3.75518267478708e-16 1.25172755826236e-16
5.63946830265851e-08 0.00200987689582424 -0.0012933386535923 -307822.139477867 -596750.684519453 3.7705910954142e-16 1.2568636984714e-16
5.66175869120656e-08 0.00193274146808058 -0.00142196147577283 -346047.928134424 -577032.660975055 3.78606274050915e-16 1.26202091350305e-16
5.68404907975462e-08 0.00184736690639936 -0.0015456432687508 -383010.648276296 -554866.025378218 3.80159786949717e-16 1.26719928983239e-16
5.70633946830268e-08 0.00175406971605312 -0.00166385626205055 -418553.450268876 -530331.685537434 3.81719674286801e-16 1.27239891428934e-16
5.72862985685073e-08 0.00165320020946904 -0.00177609295943153 -452524.667152447 -503520.59650729 3.83285962218024e-16 1.27761987406008e-16
5.75092024539879e-08 0.00154514120753138 -0.00188186830445782 -484778.458234079 -474533.428604202 3.84858677006569e-16 1.28286225668856e-16
5.77321063394685e-08 0.00143030660216512 -0.00198072176287776 -515175.431413762 -443480.194195882 3.86437845023381e-16 1.28812615007794e-16
5.79550102249491e-08 0.00130913978552948 -0.00207221931292748 -543583.241603962 -410479.834626741 3.88023492747615e-16 1.29341164249205e-16
5.81779141104296e-08 0.00118211195171945 -0.0021559553350141 -569877.16268904 -375659.768810592 3.89615646767072e-16 1.29871882255691e-16
5.84008179959102e-08 0.00104972027742082 -0.00223155439261171 -593940.630569078 -339155.405185619 3.91214333778652e-16 1.30404777926217e-16
5.86237218813908e-08 0.000912485988487086 -0.00229867289661649 -615665.754941234 -301109.618883826 3.92819580588798e-16 1.30939860196266e-16
5.88466257668714e-08 0.000770952319903548 -0.00235700064585332 -634953.797590366 -261672.196117542 3.94431414113947e-16 1.31477138037982e-16
5.90695296523519e-08 0.000625682377071854 -0.00240626223690482 -651715.615088977 -220999.247928278 3.96049861380979e-16 1.32016620460326e-16
5.92924335378325e-08 0.000477256906785781 -0.00244621833694158 -665872.063943941 -179252.595577757 3.97674949527673e-16 1.32558316509224e-16
5.95153374233131e-08 0.000326271986673899 -0.00247666681376887 -677354.366373493 -136599.129986639 3.99306705803162e-16 1.33102235267721e-16
5.97382413087937e-08 0.000173336642255337 -0.00249744371786697 -686104.435052079 -93210.1477428401 4.00945157568386e-16 1.33648385856129e-16
5.99611451942742e-08 1.90704010894493e-05 -0.00250842411178834 -692075.155322193 -49260.6663078133 4.02590332296555e-16 1.34196777432185e-16
6.01840490797548e-08 -0.00013589920620285 -0.00250952274288208 -695230.623540683 -4928.72114531447 4.04242257573609e-16 1.34747419191203e-16
6.04069529652354e-08 -0.000290939188010153 -0.0025006945559424 -695546.340401569 39605.352417472 4.05900961098678e-16 1.35300320366226e-16
6.0629856850716e-08 -0.000445413666640113 -0.00248193504302082 -693009.358257346 84159.6497124009 4.07566470684551e-16 1.35855490228184e-16
6.08527607361965e-08 -0.00059868647563677 -0.00245328042829857 -687618.381645552 128551.436689728 4.09238814258135e-16 1.36412938086045e-16
6.10756646216771e-08 -0.000750123768940152 -0.00241480768658377 -679383.820416091 172597.896316855 4.10918019860933e-16 1.36972673286978e-16
6.12985685071577e-08 -0.000899096631230753 -0.00236663439467489 -668327.795046824 216116.878380232 4.12604115649505e-16 1.37534705216502e-16
6.15214723926382e-08 -0.00104498367875286 -0.00230891841551451 -654484.093929447 258927.649627751 4.14297129895947e-16 1.38099043298649e-16
6.17443762781188e-08 -0.00118717363990586 -0.00224185741574339 -637898.08260383 300851.641175028 4.15997090988361e-16 1.3866569699612e-16
6.19672801635994e-08 -0.00132506790493174 -0.00216568821795068 -618626.565116094 341713.190097544 4.17704027431331e-16 1.39234675810444e-16
6.219018404908e-08 -0.00145808303410994 -0.00208068598960004 -596737.597872855 381340.27214187 4.19417967846405e-16 1.39805989282135e-16
6.24130879345605e-08 -0.00158565321399766 -0.00198716327128937 -572310.256560515 419565.222513025 4.21138940972569e-16 1.40379646990856e-16
6.26359918200411e-08 -0.0017072326514238 -0.00188546884767232 -545434.356893405 456225.441731507 4.22866975666736e-16 1.40955658555579e-16
6.28588957055217e-08 -0.00182229789515803 -0.00177598646502884 -516210.130147161 491164.083602395 4.24602100904221e-16 1.4153403363474e-16
6.30817995910023e-08 -0.00193035007543191 -0.00165913340011754 -484747.854623178 524230.722400253 4.26344345779235e-16 1.42114781926412e-16
6.33047034764828e-08 -0.00203091705178555 -0.00153535888557211 -451167.444375499 555281.996446912 4.28093739505368e-16 1.42697913168456e-16
6.35276073619634e-08 -0.00212355546005067 -0.00140514239771413 -415597.996712337 584182.225344521 4.29850311416083e-16 1.43283437138694e-16
6.3750511247444e-08 -0.00220785264965684 -0.00126899181324314 -378177.300159774 610803.998223101 4.31614090965202e-16 1.43871363655067e-16
6.39734151329246e-08 -0.00228342850286161 -0.00112744144182959 -339051.304744355 635028.730469962 4.33385107727405e-16 1.44461702575802e-16
6.41963190184051e-08 -0.00234993712795542 -0.000981049942174229 -298373.556613518 656747.186527242 4.35163391398724e-16 1.45054463799575e-16
6.44192229038857e-08 -0.00240706841897638 -0.000830398129606585 -256304.59916742 675859.966473189 4.36948971797039e-16 1.4564965726568e-16
6.46421267893663e-08 -0.00245454947498743 -0.000676086683773499 -213011.34302204 692277.954242013 4.38741878862583e-16 1.46247292954194e-16
6.48650306748469e-08 -0.00249214587251593 -0.00051873376541369 -168666.407260871 705922.725485747 4.4054214265844e-16 1.46847380886146e-16
6.50879345603274e-08 -0.00251966278533205 -0.000358972551624226 -123447.434560389 716726.913238974 4.42349793371048e-16 1.47449931123683e-16
6.5310838445808e-08 -0.00253694594634485 -0.000197448699397845 -77536.382892301 724634.529712845 4.44164861310709e-16 1.48054953770236e-16
6.55337423312886e-08 -0.00254388244702132 -3.48177475445497e-05 -31118.7966127769 729601.242717995 4.45987376912097e-16 1.48662458970699e-16
6.57566462167691e-08 -0.00254040137038145 0.000128257532594834 15616.9401550127 731594.605395952 4.47817370734764e-16 1.49272456911588e-16
6.59795501022497e-08 -0.00252647425428921 0.000291109826982572 62480.3648541615 730594.238124805 4.49654873463656e-16 1.49884957821219e-16
6.62024539877303e-08 -0.00250211538244203 0.000453069998394756 109279.709479541 726591.961656496 4.51499915909628e-16 1.50499971969876e-16
6.64253578732109e-08 -0.00246738190115781 0.000613469824571824 155822.68209163 719591.880739322 4.53352529009958e-16 1.51117509669986e-16
6.66482617586914e-08 -0.00242237376076543 0.000771644743850047 201917.253686913 709610.417679369 4.55212743828868e-16 1.51737581276289e-16
6.6871165644172e-08 -0.00236723348111967 0.000926936597038704 247372.447218104 696676.295497735 4.57080591558043e-16 1.52360197186014e-16
6.70940695296526e-08 -0.00230214574148088 0.00107869635427694 291999.12553549 680830.470545847 4.58956103517156e-16 1.52985367839052e-16
6.73169734151332e-08 -0.0022273367957216 0.00122628681561974 335610.775011833 662126.014647975 4.60839311154391e-16 1.5361310371813e-16
6.75398773006137e-08 -0.002143073714543 0.00136908527416406 378024.281617734 640627.947047438 4.62730246046974e-16 1.54243415348991e-16
6.77627811860943e-08 -0.00204966345710069 0.00150648613063394 419060.696232054 616413.016640106 4.64628939901697e-16 1.54876313300566e-16
6.79856850715749e-08 -0.00194745177514911 0.0016379034484972 458545.986002957 589569.435184753 4.66535424555454e-16 1.55511808185151e-16
6.82085889570555e-08 -0.00183682195351412 0.00176277343888542 496311.768619338 560196.562383816 4.68449731975774e-16 1.56149910658591e-16
6.8431492842536e-08 -0.0017181933913901 0.00188055686483284 532196.026409603 528404.543929271 4.70371894261355e-16 1.56790631420452e-16
6.86543967280166e-08 -0.0015920200296298 0.00199074135463822 566043.797254927 494313.903805791 4.72301943642605e-16 1.57433981214202e-16
6.88773006134972e-08 -0.00145878862984827 0.00209284361448417 597707.83938685 458055.092336399 4.7423991248218e-16 1.58079970827393e-16
6.91002044989778e-08 -0.00131901691179401 0.00218641153082187 627049.267234245 419767.991643472 4.76185833275528e-16 1.58728611091843e-16
6.93231083844583e-08 -0.0011732515560486 0.00227102615344228 653938.155591821 379601.380379595 4.78139738651436e-16 1.59379912883812e-16
6.95460122699389e-08 -0.00102206607969763 0.00234630355060703 678254.109501137 337712.359757455 4.80101661372572e-16 1.60033887124191e-16
6.97689161554195e-08 -0.0008660585931684 0.0024118965281023 699886.797365066 294265.74307513 4.82071634336038e-16 1.60690544778679e-16
6.99918200409e-08 -0.000705849446950909 0.00246749620460336 718736.444957365 249433.411091907 4.84049690573921e-16 1.61349896857974e-16
7.02147239263806e-08 -0.000542078777406447 0.00251283343629618 734714.288139835 203393.635759551 4.86035863253845e-16 1.62011954417948e-16
7.04376278118612e-08 -0.000375403961319851 0.00254768008429208 747742.982260051 156330.374954074 4.88030185679532e-16 1.62676728559844e-16
7.06605316973418e-08 -0.000206496989265552 0.0025718501189897 757756.966372037 108432.540982901 4.90032691291354e-16 1.63344230430451e-16
7.08834355828223e-08 -3.60417682320054e-05 0.00258520055618394 764702.78060004 59893.2457613187 4.920434136669e-16 1.640144712223e-16
7.11063394683029e-08 0.000135268635717788 0.00258763222039029 768539.335150909 10909.0256596897 4.94062386521532e-16 1.64687462173844e-16
7.13292433537835e-08 0.000306734803681679 0.00257909033154354 769238.129672866 -38320.9508813289 4.96089643708959e-16 1.65363214569653e-16
7.15521472392641e-08 0.000477653807735658 0.00255956491193868 766783.421856842 -87595.6897869391 4.98125219221795e-16 1.66041739740598e-16
7.17750511247446e-08 0.000647322080818382 0.00252909101100678 761172.344380295 -136713.188584372 5.00169147192138e-16 1.66723049064046e-16
7.19979550102252e-08 0.000815038301014059 0.00248774874625591 752414.969501708 -185471.261130074 5.02221461892135e-16 1.67407153964045e-16
7.22208588957058e-08 0.000980106278457869 0.00243566315945482 740534.3208259 -233668.3664746 5.04282197734564e-16 1.68094065911521e-16
7.24437627811864e-08 0.00114183783302901 0.00237300388789154 725566.331975123 -281104.438481142 5.06351389273401e-16 1.68783796424467e-16
7.26666666666669e-08 0.00129955565098571 0.00229998465129678 707559.752117651 -327581.712796678 5.08429071204412e-16 1.69476357068137e-16
7.28895705521475e-08 0.00145259610873429 0.00221686255578123 686575.998523464 -372905.547771606 5.10515278365723e-16 1.70171759455241e-16
7.31124744376281e-08 0.00160031205201093 0.00212393721689192 662688.956534641 -416885.235934607 5.12610045738411e-16 1.70870015246137e-16
7.33353783231087e-08 0.00174207551888935 0.00202154970464382 635984.727555486 -459334.802654294 5.1471340844709e-16 1.7157113614903e-16
7.35582822085892e-08 0.00187728039521095 0.00191008131412497 606561.325883138 -500073.78865799 5.16825401760496e-16 1.72275133920165e-16
7.37811860940698e-08 0.00200534499126409 0.00178995216600385 574528.325412737 -538928.013130511 5.18946061092084e-16 1.72982020364028e-16
7.40040899795504e-08 0.00212571452881677 0.00166161964198371 540006.457461107 -575730.314182111 5.21075422000617e-16 1.73691807333539e-16
7.42269938650309e-08 0.00223786352792984 0.00152557666094602 503127.161158631 -610321.263554388 5.23213520190765e-16 1.74404506730255e-16
7.44498977505115e-08 0.00234129808334597 0.00138234980220304 464032.088059519 -642549.852525862 5.25360391513703e-16 1.75120130504568e-16
7.46728016359921e-08 0.00243555802066064 0.00123249728293265 422872.562815347 -672274.146084584 5.27516071967711e-16 1.75838690655904e-16
7.48957055214727e-08 0.00252021892293458 0.00107660679749642 379809.001944544 -699361.902553356 5.2968059769878e-16 1.76560199232927e-16
7.51186094069532e-08 0.00259489401890039 0.000915293226939808 335010.292910837 -723691.155983339 5.31854005001217e-16 1.77284668333739e-16
7.53415132924338e-08 0.00265923592444766 0.000749196227540384 288653.135895567 -745150.758773562 5.3403633031825e-16 1.78012110106083e-16
7.55644171779144e-08 0.00271293822963881 0.000578977707802544 240921.350811669 -763640.882126637 5.36227610242648e-16 1.78742536747549e-16
7.5787321063395e-08 0.0027557369241099 0.000405319203793452 192005.152260199 -779073.472114188 5.38427881517323e-16 1.79475960505774e-16
7.60102249488755e-08 0.00278741165434455 0.000228919163172724 142100.395272867 -791372.659298495 5.40637181035956e-16 1.80212393678652e-16
7.62331288343561e-08 0.00280778680697216 5.04901486855005e-05 91407.7948156393 -800475.12003901 5.4285554584361e-16 1.80951848614537e-16
7.64560327198367e-08 0.0028167324129316 -0.000129244027736837 40132.1221482779 -806330.387802965 5.45083013137354e-16 1.81694337712451e-16
7.66789366053173e-08 0.00281416486805516 -0.000309551228793551 -11518.6187575937 -808901.112997548 5.47319620266884e-16 1.82439873422295e-16
7.69018404907978e-08 0.00280004746636306 -0.000489693961789549 -63334.0314443806 -808163.27004627 5.49565404735151e-16 1.8318846824505e-16
7.71247443762784e-08 0.00277439074311146 -0.0006689323827714 -115102.180459003 -804106.310643349 5.51820404198992e-16 1.83940134732997e-16
7.7347648261759e-08 0.00273725262540599 -0.000846527322637808 -166610.454660328 -796733.262336454 5.54084656469757e-16 1.84694885489919e-16
7.75705521472396e-08 0.00268873838897302 -0.00102174332289788 -217646.436841475 -786060.771808945 5.56358199513945e-16 1.85452733171315e-16
7.77934560327201e-08 0.0026290004204708 -0.0011938516686603 -267998.776124631 -772119.092457115 5.58641071453841e-16 1.86213690484614e-16
7.80163599182007e-08 0.00255823778551773 -0.00136213340639701 -317458.059560101 -754952.016084835 5.60933310568156e-16 1.86977770189385e-16
7.82392638036813e-08 0.00247669560341314 -0.00152588233403618 -365817.679349963 -734616.748766562 5.63234955292666e-16 1.87744985097555e-16
7.84621676891618e-08 0.00238466423032301 -0.00168440795100209 -412874.692119928 -711183.731159009 5.65546044220859e-16 1.8851534807362e-16
7.86850715746424e-08 0.00228247825349637 -0.0018370383559326 -458430.666680993 -684736.403770811 5.67866616104583e-16 1.89288872034861e-16
7.8907975460123e-08 0.00217051529986385 -0.00198312307996961 -502292.516755068 -655370.917927516 5.70196709854691e-16 1.90065569951564e-16
7.91308793456036e-08 0.00204919466314549 -0.00212203584373252 -544273.315186032 -623195.793395048 5.725363645417e-16 1.90845454847233e-16
7.93537832310841e-08 0.00191897575435632 -0.00225317722634885 -584193.08621932 -588331.523847609 5.74885619396439e-16 1.91628539798813e-16
7.95766871165647e-08 0.00178035638134303 -0.00237597723522974 -621879.57250915 -550910.131584901 5.77244513810715e-16 1.92414837936905e-16
7.97995910020453e-08 0.00163387086370976 -0.00248989776563835 -657168.97360247 -511074.673117506 5.79613087337966e-16 1.93204362445989e-16
8.00224948875259e-08 0.00148008799019235 -0.00259443493950702 -689906.652752417 -468978.697447526 5.81991379693927e-16 1.93997126564642e-16
8.02453987730064e-08 0.0013196088262161 -0.00268912131341086 -719947.809031094 -424785.659073212 5.84379430757299e-16 1.94793143585766e-16
8.0468302658487e-08 0.00115306438001831 -0.00277352794610104 -747158.111841462 -378668.287940348 5.86777280570412e-16 1.95592426856804e-16
8.06912065439676e-08 0.000981113136331837 -0.00284726631653794 -771414.295070484 -330807.918749012 5.891849693399e-16 1.96394989779967e-16
8.09141104294482e-08 0.000804438467206035 -0.0029099900839406 -792604.708279977 -281393.78220092 5.91602537437377e-16 1.97200845812459e-16
8.11370143149287e-08 0.000623745930084977 -0.00296139668198231 -810629.822497221 -230622.260939406 5.94030025400109e-16 1.98010008466703e-16
8.13599182004093e-08 0.000439760463767069 -0.00300122873991039 -825402.688343644 -178696.113090185 5.96467473931696e-16 1.98822491310565e-16
8.15828220858899e-08 0.000253223493332595 -0.00302927532404884 -836849.344426216 -125823.666455983 5.98914923902756e-16 1.99638307967585e-16
8.18057259713705e-08 6.48899555449093e-05 -0.00304537299385264 -844909.174111729 -72217.9865510243 6.01372416351609e-16 2.00457472117203e-16
8.2028629856851e-08 -0.000124474743395577 -0.00304940666741954 -849535.209008236 -18096.0217817853 6.03839992484963e-16 2.01279997494988e-16
8.22515337423316e-08 -0.000314097825539095 -0.00304131029212602 -850694.37768973 36322.2708122205 6.0631769367861e-16 2.0210589789287e-16
8.24744376278122e-08 -0.000503202281832853 -0.00302106731683612 -848367.698418784 90814.8157501037 6.08805561478116e-16 2.02935187159372e-16
8.26973415132928e-08 -0.000691010043015427 -0.0029887109629313 -842550.414846595 145158.321646407 6.11303637599516e-16 2.03767879199839e-16
8.29202453987733e-08 -0.0008767451678724 -0.00294432429222373 -833252.07389963 199129.19244039 6.1381196393002e-16 2.04603987976673e-16
8.31431492842539e-08 -0.00105963703584228 -0.00288804007064095 -820496.545296078 252504.443614462 6.16330582528708e-16 2.05443527509569e-16
8.33660531697345e-08 -0.00123892353089055 -0.00282004042740324 -804321.9823725 305062.619662773 6.1885953562724e-16 2.06286511875747e-16
8.3588957055215e-08 -0.00141385420355175 -0.00274055631025293 -784780.724140622 356584.709050492 6.21398865630563e-16 2.07132955210188e-16
8.38118609406956e-08 -0.0015836933980755 -0.00264986673813429 -761939.138734984 406855.052899191 6.23948615117621e-16 2.07982871705874e-16
8.40347648261762e-08 -0.00174772333170171 -0.00254829785355925 -735877.408653349 455662.243644011 6.26508826842071e-16 2.08836275614024e-16
8.42576687116568e-08 -0.00190524711323364 -0.00243622177772527 -706689.258432232 502800.009934081 6.29079543732996e-16 2.09693181244332e-16
8.44805725971373e-08 -0.00205559168827377 -0.00231405527227399 -674481.625638761 548068.084088773 6.31660808895629e-16 2.1055360296521e-16
8.47034764826179e-08 -0.00219811069873654 -0.00218225821238812 -639374.276296293 591273.048478819 6.34252665612075e-16 2.11417555204025e-16
8.49263803680985e-08 -0.00233218724455294 -0.00204133187671787 -601499.366093768 632229.157272933 6.36855157342034e-16 2.12285052447345e-16
8.51492842535791e-08 -0.00245723653583371 -0.00189181706040214 -561000.948956819 670759.130077018 6.39468327723534e-16 2.13156109241178e-16
8.53721881390596e-08 -0.00257270842415915 -0.0017342920182012 -518034.434781092 706694.914094124 6.42092220573658e-16 2.14030740191219e-16
8.55950920245402e-08 -0.00267808980211317 -0.0015693702454838 -472765.998344225 739878.411548689 6.44726879889282e-16 2.14908959963094e-16
8.58179959100208e-08 -0.00277290686067503 -0.00139769810550834 -425371.941621551 770162.169247711 6.47372349847812e-16 2.15790783282604e-16
8.60408997955014e-08 -0.00285672719462282 -0.00121995231210332 -376038.011930887 797410.027294072 6.50028674807925e-16 2.16676224935975e-16
8.62638036809819e-08 -0.00292916174668622 -0.00103683727748295 -324958.678522985 821497.724122567 6.52695899310311e-16 2.17565299770104e-16
8.64867075664625e-08 -0.00298986658180951 -0.000849082335527015 -272336.370415473 842313.455196821 6.55374068078422e-16 2.18458022692807e-16
8.67096114519431e-08 -0.00303854448354735 -0.000657438851407574 -218380.678438586 859758.382884468 6.58063226019221e-16 2.19354408673074e-16
8.69325153374237e-08 -0.00307494636531338 -0.000462677228956085 -163307.524620069 873747.095218147 6.60763418223936e-16 2.20254472741312e-16
8.71554192229042e-08 -0.00309887248993095 -0.000265583827630794 -107338.302183424 884208.011450157 6.63474689968814e-16 2.21158229989605e-16
8.73783231083848e-08 -0.00311017349169554 -6.69578013639197e-05 -50698.9895677274 891083.732518364 6.66197086715882e-16 2.22065695571961e-16
8.76012269938654e-08 -0.00310875119594454 0.000132392128060952 6380.75800218526 894331.334759285 6.68930654113708e-16 2.22976884704569e-16
8.78241308793459e-08 -0.00309455923194083 0.00033165095013028 63668.5357597834 893922.605430292 6.71675437998167e-16 2.23891812666056e-16
8.80470347648265e-08 -0.00306760343570706 0.000530000683981195 120930.131727644 889844.218835753 6.74431484393211e-16 2.24810494797737e-16
8.82699386503071e-08 -0.00302794204029601 0.000726623722586286 177930.480330287 882097.852090731 6.77198839511638e-16 2.25732946503879e-16
8.84928425357877e-08 -0.00297568565184398 0.000920706189126466 234434.623422433 870700.239799524 6.79977549755869e-16 2.26659183251956e-16
8.87157464212682e-08 -0.00291099701062648 0.00111144129182989 290208.67481978 855683.167174057 6.82767661718725e-16 2.27589220572908e-16
8.89386503067488e-08 -0.00283409053721462 0.00129803266350491 345020.784388969 837093.401367766 6.85569222184209e-16 2.28523074061403e-16
8.91615541922294e-08 -0.00274523166471247 0.00147969767200143 398642.097739033 814992.561053201 6.8838227812829e-16 2.29460759376097e-16
8.938445807771e-08 -0.00264473595893768 0.00165567068789762 450847.707558439 789456.924525109 6.9120687671969e-16 2.30402292239897e-16
8.96073619631905e-08 -0.00253296802928548 0.00182520629582849 501417.592659875 760577.176864157 6.94043065320676e-16 2.31347688440225e-16
8.98302658486711e-08 -0.00241034023388592 0.00198758243604813 550137.540829222 728458.09694868 6.96890891487854e-16 2.32296963829285e-16
9.00531697341517e-08 -0.00227731118352357 0.00214210346304886 596800.051625572 693218.185351912 6.99750402972967e-16 2.33250134324322e-16
9.02760736196323e-08 -0.00213438404963263 0.00228810310834657 641205.215345632 654989.23440897 7.02621647723694e-16 2.34207215907898e-16
9.04989775051128e-08 -0.00198210468250616 0.00242494733488208 683161.564448104 613915.841980402 7.05504673884454e-16 2.35168224628151e-16
9.07218813905934e-08 -0.00182105954666234 0.00255203707088153 722486.893831434 570154.870676439 7.08399529797216e-16 2.36133176599072e-16
9.0944785276074e-08 -0.00165187348108898 0.00266881081146341 759009.046471333 523874.854537082 7.11306264002306e-16 2.37102088000769e-16
9.11676891615546e-08 -0.00147520729283806 0.00277474707677462 792566.661052279 475255.35538696 7.14224925239225e-16 2.38074975079742e-16
9.13905930470351e-08 -0.00129175519316064 0.00286936671598044 823009.87836932 424486.2712995 7.17155562447461e-16 2.39051854149154e-16
9.16134969325157e-08 -0.00110224208605606 0.00295223504702225 850201.003432496 371767.09981143 7.20098224767316e-16 2.40032741589105e-16
9.18364008179963e-08 -0.000907420719755631 0.003022963822689 874015.120375314 317306.158725163 7.23052961540723e-16 2.41017653846908e-16
9.20593047034768e-08 -0.000708068712266661 0.0030812130142226 894340.657450516 261319.767522267 7.26019822312079e-16 2.4200660743736e-16
9.22822085889574e-08 -0.000504985462664795 0.00312669240438986 911079.899590021 204031.392585254 7.28998856829073e-16 2.42999618943024e-16
9.2505112474438e-08 -0.000298988960339704 0.00315916298270261 924149.44621073 145670.759586549 7.31990115043521e-16 2.43996705014507e-16
9.27280163599186e-08 -9.09125048677827e-05 0.00317843813624897 933480.612163023 86472.9365520054 7.34993647112202e-16 2.44997882370734e-16
9.29509202453991e-08 0.000118398650395692 0.00318438463041108 939019.76994348 26677.3912410323 7.38009503397704e-16 2.46003167799235e-16
9.31738241308797e-08 0.000328090717545798 0.00317692337458291 940728.63152662 -33472.9733942314 7.4103773446926e-16 2.4701257815642e-16
9.33967280163603e-08 0.000537304842406437 0.00315602996886406 938584.468411492 -93732.8018029183 7.44078391103605e-16 2.48026130367868e-16
9.36196319018409e-08 0.00074518060782813 0.00312173502858756 932580.268726676 -153855.282524857 7.4713152428582e-16 2.49043841428607e-16
9.38425357873214e-08 0.000950859557773935 0.00307412428443858 922724.830490813 -213593.154943601 7.50197185210192e-16 2.50065728403397e-16
9.4065439672802e-08 0.00115348872781863 0.00301333845683232 909042.790384004 -272699.722013403 7.5327542528107e-16 2.51091808427023e-16
9.42883435582826e-08 0.00135222416760098 0.00293957290414033 891574.587647411 -330929.864829189 7.56366296113728e-16 2.52122098704576e-16
9.45112474437632e-08 0.00154623444074257 0.0028530770452807 870376.362993023 -388041.054884063 7.59469849535228e-16 2.53156616511743e-16
9.47341513292437e-08 0.00173470408777982 0.00275415355811547 845519.792671682 -443794.359851323 7.62586137585294e-16 2.54195379195098e-16
9.49570552147243e-08 0.00191683703774802 0.00264315735602471 817091.858114205 -497955.438737442 7.65715212517178e-16 2.55238404172393e-16
9.51799591002049e-08 0.0020918599542083 0.00252049434594615 785194.551826423 -550295.522279062 7.68857126798542e-16 2.56285708932848e-16
9.54028629856855e-08 0.00225902550171891 0.00238661997207995 749944.520483387 -600592.374500634 7.72011933112336e-16 2.57337311037445e-16
9.5625766871166e-08 0.0024176155190212 0.00224203755035464 711472.646429504 -648631.231409908 7.75179684357679e-16 2.58393228119226e-16
9.58486707566466e-08 0.00256694408553725 0.00208729639962959 669923.569049084 -694205.712885762 7.7836043365075e-16 2.59453477883583e-16
9.60715746421272e-08 0.00270636046815887 0.00192298977646839 625455.147724498 -737118.703906692 7.81554234325673e-16 2.60518078108558e-16
9.62944785276077e-08 0.00283525193574517 0.00174975262115095 578237.868345887 -777183.201378237 7.84761139935418e-16 2.61587046645139e-16
9.65173824130883e-08 0.00295304642923757 0.00156825912339872 528454.19557602 -814223.122943483 7.87981204252695e-16 2.62660401417565e-16
9.67402862985689e-08 0.00305921507584351 0.00137922011706149 476297.873305551 -848074.074301883 7.91214481270857e-16 2.63738160423619e-16
9.69631901840495e-08 0.00315327453633279 0.00118338031375428 421973.175956482 -878584.07171765 7.94461025204802e-16 2.64820341734934e-16
9.718609406953e-08 0.00323478917513026 0.000981515386134553 365694.113504227 -905614.216569244 7.97720890491888e-16 2.65906963497296e-16
9.74089979550106e-08 0.0033033730435733 0.00077442891217073 307683.593290369 -929039.318975312 8.00994131792841e-16 2.66998043930947e-16
9.76319018404912e-08 0.00335869166742975 0.000562949192370141 248172.54188809 -948748.467729249 8.04280803992674e-16 2.68093601330891e-16
9.78548057259718e-08 0.00340046363053832 0.000347925952504701 187398.990459565 -964645.543983488 8.07580962201605e-16 2.69193654067202e-16
9.80777096114523e-08 0.00342846194723715 0.00013022694489407 125607.127208505 -976649.676344941 8.10894661755984e-16 2.70298220585328e-16
9.83006134969329e-08 0.00344251521708217 -8.92655382242274e-05 63046.3206808683 -984695.63527383 8.14221958219218e-16 2.71407319406406e-16
9.85235173824135e-08 0.00344250855622407 -0.000309658225291955 -29.8821982664595 -988734.164918519 8.17562907382707e-16 2.72520969127569e-16
9.87464212678941e-08 0.00342838430070567 -0.000530050485688107 -63364.7793440118 -988732.250768062 8.20917565266772e-16 2.73639188422257e-16
9.89693251533746e-08 0.00340014247785808 -0.000749537995037661 -126699.553875887 -984673.321760843 8.24285988121603e-16 2.74761996040534e-16
9.91922290388552e-08 0.00335784104290983 -0.000967216430716328 -189774.327428414 -976557.385751084 8.27668232428196e-16 2.75889410809399e-16
9.94151329243358e-08 0.0033015958788747 -0.00118218518251168 -252329.222139229 -964401.097503907 8.31064354899303e-16 2.77021451633101e-16
9.96380368098164e-08 0.00323158055874749 -0.00139355106327707 -314105.426992722 -948237.758663106 8.34474412480381e-16 2.7815813749346e-16
9.98609406952969e-08 0.00314802587000799 -0.00160043200435269 -374846.264161618 -928117.249412631 8.3789846235055e-16 2.79299487450183e-16
1.00083844580777e-07 0.00305121910240913 -0.0018019607205279 -434298.25097102 -904105.891831901 8.41336561923547e-16 2.80445520641182e-16
1.00306748466258e-07 0.00294150310100027 -0.00199728832938182 -492212.153109472 -876286.24522538 8.44788768848693e-16 2.81596256282898e-16
1.00529652351739e-07 0.002819275087308 -0.00218558790996381 -548344.02472954 -844756.833987079 8.48255141011859e-16 2.8275171367062e-16
1.00752556237219e-07 0.00268498525256019 -0.00236605798596286 -602456.231116326 -809631.808839807 8.51735736536433e-16 2.83911912178811e-16
1.009754601227e-07 0.00253913512779021 -0.00253792591876383 -654318.449656148 -771040.542565813 8.55230613784301e-16 2.85076871261434e-16
1.0119836400818e-07 0.0023822757365937 -0.00270045119609809 -703708.644909116 -729127.161618821 8.58739831356818e-16 2.86246610452273e-16
1.01421267893661e-07 0.00221500553722571 -0.00285292860236622 -750414.013678387 -684050.015276292 8.62263448095797e-16 2.87421149365266e-16
1.01644171779142e-07 0.00203796816161796 -0.00299469125713854 -794231.896075158 -635981.084253803 8.65801523084493e-16 2.88600507694831e-16
1.01867075664622e-07 0.00185184995976016 -0.00312511350882486 -834970.648701527 -585105.330959755 8.69354115648592e-16 2.89784705216197e-16
1.02089979550103e-07 0.00165737735872292 -0.00324361367104583 -872450.476212916 -531619.993817 8.7292128535721e-16 2.90973761785737e-16
1.02312883435583e-07 0.00145531404639815 -0.00334965658983234 -906504.217677181 -475733.828317444 8.76503092023888e-16 2.92167697341296e-16
1.02535787321064e-07 0.00124645799079346 -0.00344275603042511 -936978.084318292 -417666.297705209 8.80099595707597e-16 2.93366531902532e-16
1.02758691206544e-07 0.00103163830643649 -0.00352247687314059 -963732.345417971 -357646.716402477 8.83710856713744e-16 2.94570285571248e-16
1.02981595092025e-07 0.00081171198011962 -0.00358843710850946 -986641.959348154 -295913.349498841 8.87336935595184e-16 2.95778978531728e-16
1.03204498977506e-07 0.00058756046884301 -0.00364030962267768 -1005597.14691984 -232712.471818902 8.90977893153235e-16 2.96992631051078e-16
1.03427402862986e-07 0.000360086183390991 -0.00367782376488357 -1020503.90445906 -168297.390263111 8.94633790438697e-16 2.98211263479566e-16
1.03650306748467e-07 0.000130208871501309 -0.00370076668968483 -1031284.45425738 -102927.433282741 8.98304688752876e-16 2.99434896250959e-16
1.03873210633947e-07 -0.000101138084944077 -0.00370898446750397 -1037877.63029169 -36866.9115005485 9.01990649648613e-16 3.00663549882871e-16
1.04096114519428e-07 -0.000333011443865891 -0.00370238295798448 -1040239.19736483 29615.946376433 9.05691734931314e-16 3.01897244977105e-16
1.04319018404908e-07 -0.000564461932878625 -0.00368092844160105 -1038342.10208465 96250.0780871583 9.0940800665999e-16 3.03136002219997e-16
1.04541922290389e-07 -0.00079453811964039 -0.00364464800594014 -1032176.65437159 162762.688423677 9.13139527148292e-16 3.04379842382764e-16
1.0476482617587e-07 -0.00102229030694657 -0.0035936296840594 -1021750.63846536 228880.361464996 9.1688635896556e-16 3.05628786321853e-16
1.0498773006135e-07 -0.00124677443668631 -0.00352802234334067 -1007089.35268561 294330.179921644 9.20648564937872e-16 3.06882854979291e-16
1.05210633946831e-07 -0.00146705598667928 -0.00344803532426917 -988235.577491384 358840.84702717 9.24426208149096e-16 3.08142069383032e-16
1.05433537832311e-07 -0.00168221384437392 -0.0033539378295947 -965249.471675944 422143.806383632 9.28219351941947e-16 3.09406450647316e-16
1.05656441717792e-07 -0.00189134414141743 -0.0032460580653571 -938208.396828263 483974.3551577 9.32028059919053e-16 3.10676019973018e-16
1.05879345603272e-07 -0.00209356403320287 -0.0031247821362824 -907206.67048697 544072.746032348 9.35852395944016e-16 3.11950798648005e-16
1.06102249488753e-07 -0.00228801540765905 -0.00299055269907429 -872355.24870708 602185.273346464 9.39692424142489e-16 3.13230808047496e-16
1.06325153374234e-07 -0.00247386850777502 -0.00284386737813322 -833781.339052381 658065.338900755 9.43548208903246e-16 3.14516069634415e-16
1.06548057259714e-07 -0.00265032545264095 -0.00268527694922916 -791627.945315963 711474.492973302 9.47419814879263e-16 3.15806604959754e-16
1.06770961145195e-07 -0.00281662364214137 -0.00251538329762856 -746053.345556887 762183.446171471 9.51307306988806e-16 3.17102435662935e-16
1.06993865030675e-07 -0.00297203903085303 -0.00233483715812855 -697230.505321122 809973.047848661 9.55210750416512e-16 3.1840358347217e-16
1.07216768916156e-07 -0.00311588925717724 -0.00214433564537639 -645346.428188469 854635.226934005 9.59130210614488e-16 3.19710070204829e-16
1.07439672801636e-07 -0.00324753661427295 -0.0019446195837476 -590601.446053199 895973.891160359 9.6306575330341e-16 3.21021917767803e-16
1.07662576687117e-07 -0.00336639084995097 -0.00173647064691635 -533208.451803232 933805.780830107 9.67017444473616e-16 3.22339148157872e-16
1.07885480572598e-07 -0.0034719117833391 -0.00152070831807429 -473392.077310042 967961.273429053 9.70985350386224e-16 3.23661783462075e-16
1.08108384458078e-07 -0.00356361172682923 -0.00129818668253485 -411387.819877767 998285.13558518 9.74969537574232e-16 3.24989845858077e-16
1.08331288343559e-07 -0.00364105770256985 -0.00106979106519598 -347441.120524433 1024637.21907075 9.78970072843644e-16 3.26323357614548e-16
1.08554192229039e-07 -0.00370387344356594 -0.000836434526021965 -281806.397679697 1046893.0977623 9.82987023274581e-16 3.27662341091527e-16
1.0877709611452e-07 -0.00375174117029159 -0.00059905422734183 -214746.04008112 1064944.64270262 9.87020456222412e-16 3.29006818740804e-16
1.09e-07 -0.00378440313460427 -0.00035860768734392 -146529.362833964 1078700.53265118 9.91070439318881e-16 3.30356813106294e-16
