0 -0.00139 0 0 400000 1.33808e-16 4.46026666666667e-17
1.73566878980892e-10 -0.00138653710287825 6.94267515923567e-05 19951.3705729895 400000 1.34140895226108e-16 4.47136317420359e-17
3.47133757961783e-10 -0.00137961130863476 0.000138680779325383 39902.7411459789 399004.857030648 1.34474618648075e-16 4.48248728826916e-17
5.20700636942675e-10 -0.00136923123246384 0.000207589359339749 59804.4755535818 397014.571091944 1.34809172326334e-16 4.49363907754448e-17
6.94267515923567e-10 -0.0013554141047541 0.000275980197488461 79606.9376304114 394031.617957712 1.35144558326446e-16 4.50481861088154e-17
8.67834394904458e-10 -0.00133818574965511 0.000343681859049194 99260.6146987837 390060.949175599 1.35480778719108e-16 4.5160259573036e-17
1.04140127388535e-09 -0.0013175805422106 0.000410524197367569 118716.24105642 385109.985907704 1.3581783558017e-16 4.52726118600565e-17
1.21496815286624e-09 -0.00129364134411171 0.000476338780362298 137924.921156928 379188.606611832 1.36155730990645e-16 4.53852436635484e-17
1.38853503184713e-09 -0.00126641941817673 0.000540959313825798 156838.252175848 372309.128578701 1.36494467036726e-16 4.54981556789086e-17
1.56210191082803e-09 -0.00123597432171736 0.000604222060459201 175408.4456558 364486.28335575 1.36834045809793e-16 4.56113486032645e-17
1.73566878980892e-09 -0.00120237377900413 0.000665966253588625 193588.447925805 355737.186103473 1.37174469406432e-16 4.57248231354775e-17
1.90923566878981e-09 -0.00116569353309625 0.000726034504520236 211332.058992162 346081.298945429 1.37515739928443e-16 4.58385799761478e-17
2.0828025477707e-09 -0.00112601717735336 0.000784273202504806 228594.049601267 335540.388388165 1.37857859482856e-16 4.59526198276186e-17
2.25636942675159e-09 -0.00108343596699752 0.000840532906298346 245330.27617861 324138.476902227 1.38200830181942e-16 4.60669433939805e-17
2.42993630573248e-09 -0.0010380486111449 0.000894668726323746 261497.793352711 311901.788770194 1.38544654143227e-16 4.61815513810756e-17
2.60350318471338e-09 -0.000989961045775777 0.000946540696459286 277054.963778042 298858.690322196 1.38889333489507e-16 4.62964444965022e-17
2.77707006369427e-09 -0.000939286188160345 0.000996014134503246 291961.564976984 285039.624693642 1.39234870348857e-16 4.64116234496189e-17
2.95063694267516e-09 -0.000886143673305076 0.00104295999038966 306178.892927605 270477.041253827 1.39581266854648e-16 4.65270889515492e-17
3.12420382165605e-09 -0.000830659573030667 0.00108725518125843 319669.862131457 255205.319867762 1.39928525145557e-16 4.66428417151855e-17
3.29777070063694e-09 -0.000772966098337198 0.00112878291251348 332399.101903657 239260.690166759 1.40276647365583e-16 4.67588824551942e-17
3.47133757961783e-09 -0.000713201285755416 0.00116743298403541 344333.048636323 222681.146016237 1.40625635664058e-16 4.68752118880193e-17
3.64490445859872e-09 -0.000651508668424617 0.00120310208074973 355440.033795793 205506.355381561 1.40975492195662e-16 4.69918307318874e-17
3.81847133757962e-09 -0.000588036932677441 0.00123569404678908 365690.367424098 187777.565804721 1.41326219120436e-16 4.71087397068119e-17
3.99203821656051e-09 -0.000522939560949881 0.00126512014252643 375056.416925757 169537.505716094 1.41677818603793e-16 4.72259395345976e-17
4.1656050955414e-09 -0.000456374461870891 0.00129129928379712 383512.680932163 150830.281816435 1.42030292816534e-16 4.73434309388448e-17
4.33917197452229e-09 -0.000388503588419966 0.00131415826267042 391035.858047533 131701.27277464 1.42383643934863e-16 4.74612146449542e-17
4.51273885350318e-09 -0.000319492545072987 0.0013336319491754 397604.910292686 112197.019496557 1.42737874140394e-16 4.75792913801313e-17
4.68630573248408e-09 -0.000249510184886301 0.00134966347343176 403201.121075588 92365.1122293327 1.43092985620172e-16 4.76976618733905e-17
4.85987261146497e-09 -0.000178728197496393 0.00136220438768398 407808.147530846 72254.0747742731 1.4344898056668e-16 4.78163268555601e-17
5.03343949044586e-09 -0.000107320689037559 0.00137121480778544 411412.067083921 51913.2460890925 1.43805861177859e-16 4.79352870592864e-17
5.20700636942675e-09 -3.54637550025701e-05 0.0013766635337295 414001.418109847 31392.6595676152 1.44163629657116e-16 4.80545432190387e-17
5.38057324840764e-09 3.66649529085708e-05 0.00137852814887563 415567.23457061 10742.9202914835 1.4452228821334e-16 4.81740960711133e-17
5.55414012738854e-09 0.000108886664889103 0.00137679509757055 416103.074530038 -9984.91944579317 1.44881839060915e-16 4.82939463536385e-17
5.72770700636943e-09 0.000181021934997611 0.00137145974091762 415605.042460027 -30739.4860370658 1.45242284419736e-16 4.84140948065787e-17
5.90127388535032e-09 0.000252891085911814 0.00136252639050139 414071.805267155 -51469.2115723733 1.45603626515218e-16 4.85345421717394e-17
6.07484076433121e-09 0.000324314655364487 0.00135000831992853 411504.601984205 -72122.4616491527 1.45965867578315e-16 4.86552891927717e-17
6.2484076433121e-09 0.000395113843155014 0.00133392775410118 407907.247086709 -92647.6636658462 1.4632900984553e-16 4.87763366151766e-17
6.421974522293e-09 0.00046511095762593 0.00131431583619414 403286.127410412 -112993.435280933 1.4669305555893e-16 4.889768518631e-17
6.59554140127389e-09 0.000534129860492319 0.00129121257236247 397650.192661399 -133108.712718211 1.4705800696616e-16 4.90193356553868e-17
6.76910828025478e-09 0.000601996408913331 0.00126466675426174 391010.939526562 -152942.878598731 1.47423866320459e-16 4.91412887734862e-17
6.94267515923567e-09 0.000668538893699115 0.00123473585951836 383382.389408005 -172445.888980199 1.47790635880667e-16 4.92635452935558e-17
7.11624203821656e-09 0.000733588472553384 0.00120148593034296 374781.059820923 -191568.399285793 1.48158317911249e-16 4.93861059704163e-17
7.28980891719746e-09 0.000796979597261392 0.00116499143053421 365225.92951036 -210261.888806355 1.485269146823e-16 4.95089715607667e-17
7.46337579617835e-09 0.0008585504337455 0.00112533508117525 354738.39735798 -228478.783462669 1.48896428469564e-16 4.9632142823188e-17
7.63694267515924e-09 0.000918143273925526 0.00108260767537832 343342.235165656 -246172.576518063 1.49266861554447e-16 4.97556205181489e-17
7.81050955414013e-09 0.00097560493833886 0.00103690787248657 331063.534418107 -263297.946935934 1.4963821622403e-16 4.98794054080098e-17
7.98407643312102e-09 0.00103078716849568 0.0009883419721937 317930.647142042 -279810.875081882 1.50010494771084e-16 5.00034982570279e-17
8.15764331210192e-09 0.00108354700796761 0.000937023669093569 303974.120994264 -295668.755475986 1.50383699494085e-16 5.01278998313616e-17
8.33121019108281e-09 0.00113374717123373 0.000883073788221748 289226.628725874 -310830.506307374 1.50757832697227e-16 5.02526108990755e-17
8.5047770700637e-09 0.00118125639933574 0.000826620002199559 273722.892184053 -325256.67543059 1.51132896690435e-16 5.0377632230145e-17
8.67834394904459e-09 0.0012259498014248 0.000767796530638621 257499.601026918 -338909.542571276 1.51508893789383e-16 5.0502964596461e-17
8.85191082802548e-09 0.00126770918131512 0.000706743822509567 240595.326340513 -351753.217477488 1.51885826315505e-16 5.0628608771835e-17
9.02547770700638e-09 0.00130642334819451 0.000643608222222788 223050.429360176 -363753.733762361 1.5226369659601e-16 5.07545655320034e-17
9.19904458598727e-09 0.00134198841067973 0.00057854162021142 204906.965511173 -374879.138193934 1.52642506963898e-16 5.08808356546326e-17
9.37261146496816e-09 0.00137430805344331 0.000511701088847317 186208.583995697 -385099.575198684 1.53022259757971e-16 5.10074199193238e-17
9.54617834394905e-09 0.00140329379568055 0.000443248504559307 167000.423164973 -394387.366356609 1.53402957322853e-16 5.11343191076175e-17
9.71974522292994e-09 0.00142886523072826 0.000373350157059527 147329.001926258 -402717.084677635 1.53784602008997e-16 5.12615340029989e-17
9.89331210191084e-09 0.00145095024619245 0.000302176346617946 127242.107445064 -410065.623461583 1.54167196172706e-16 5.13890653909021e-17
1.00668789808917e-08 0.00146948522398861 0.000229900970357275 106788.679412749 -416412.259556895 1.54550742176146e-16 5.15169140587154e-17
1.02404458598726e-08 0.00148441521974707 0.00015670109857017 86018.6911588604 -421738.710846805 1.54935242387358e-16 5.1645080795786e-17
1.04140127388535e-08 0.00149569412108574 8.275654208799e-05 64983.0278961617 -426029.18780559 1.55320699180274e-16 5.17735663934248e-17
1.05875796178344e-08 0.00150328478430383 8.24941175514991e-06 43733.3623941141 -429270.438981868 1.55707114934735e-16 5.19023716449115e-17
1.07611464968153e-08 0.00150715914910291 -6.66363289145872e-05 22322.0283837214 -431451.790280687 1.56094492036498e-16 5.20314973454993e-17
1.09347133757962e-08 0.00150729833099516 -0.000141715316803928 801.89200304708 -432565.177931248 1.5648283287726e-16 5.21609442924199e-17
1.11082802547771e-08 0.00150369269111335 -0.000216801246867042 -20773.7784016466 -432605.175042529 1.56872139854665e-16 5.22907132848883e-17
1.1281847133758e-08 0.00149634188319276 -0.000291707333286569 -42351.4437993127 -431569.011664798 1.57262415372324e-16 5.24208051241079e-17
1.14554140127389e-08 0.00148525487755136 -0.00036624677297401 -63877.4269981707 -429456.588290945 1.57653661839826e-16 5.25512206132755e-17
1.16289808917198e-08 0.00147044996195119 -0.00044023321026621 -85298.0458431817 -426270.482747721 1.58045881672758e-16 5.26819605575859e-17
1.18025477707006e-08 0.00145195471928154 -0.000513481201664808 -106559.746757249 -422015.950443298 1.58439077292712e-16 5.28130257642372e-17
1.19761146496815e-08 0.00142980598206159 -0.000585806679462557 -127609.238294765 -416700.917954004 1.58833251127308e-16 5.29444170424359e-17
1.21496815286624e-08 0.00140404976381811 -0.000657027413100309 -148393.624375278 -410335.969949614 1.59228405610204e-16 5.30761352034015e-17
1.23232484076433e-08 0.00137474116745141 -0.000726963467101224 -168860.536865008 -402934.329473164 1.59624543181115e-16 5.32081810603716e-17
1.24968152866242e-08 0.00134194427076025 -0.000795437654434424 -188958.267174753 -394511.831607794 1.60021666285821e-16 5.33405554286071e-17
1.26703821656051e-08 0.00130573198935367 -0.000862275984168801 -208635.896544343 -385086.890579711 1.60419777376192e-16 5.34732591253974e-17
1.2843949044586e-08 0.00126618591723457 -0.000927308102289087 -227843.424686233 -374680.460362751 1.60818878910194e-16 5.36062929700648e-17
1.30175159235669e-08 0.00122339614539605 -0.000990367724560487 -246531.896464122 -363315.988866415 1.61218973351911e-16 5.37396577839703e-17
1.31910828025478e-08 0.00117746105882721 -0.00105129306034518 -264653.526286537 -351019.365805372 1.61620063171554e-16 5.3873354390518e-17
1.33646496815287e-08 0.00112848711237955 -0.00110992722629377 -282161.819900234 -337818.864364394 1.62022150845482e-16 5.40073836151608e-17
1.35382165605096e-08 0.00107658858599921 -0.00116611864885737 -299011.693273935 -323745.076788447 1.62425238856215e-16 5.41417462854051e-17
1.37117834394905e-08 0.00102188731988238 -0.00121972145459096 -315159.588269403 -308830.844043034 1.62829329692448e-16 5.4276443230816e-17
1.38853503184714e-08 0.000964512430163202 -0.00127059584724677 -330563.584804082 -293111.17970505 1.63234425849067e-16 5.44114752830224e-17
1.40589171974522e-08 0.000904600005792643 -0.00131860847068665 -345183.509217536 -276623.188259144 1.63640529827167e-16 5.45468432757223e-17
1.42324840764331e-08 0.000842292787316007 -0.00136363275667518 -358981.038562636 -259405.977988935 1.64047644134063e-16 5.46825480446878e-17
1.4406050955414e-08 0.000777739828303017 -0.00140554925665071 -371919.800551901 -241500.568666335 1.6445577128331e-16 5.481859042777e-17
1.45796178343949e-08 0.000711096140229692 -0.0014442459566091 -383965.468899525 -222949.794255727 1.64864913794715e-16 5.4954971264905e-17
1.47531847133758e-08 0.000642522321654313 -0.00147961857427475 -395085.853810445 -203798.200862612 1.65275074194354e-16 5.5091691398118e-17
1.49267515923567e-08 0.000572184172570973 -0.00151157083777539 -405250.987379241 -184091.940168816 1.65686255014588e-16 5.52287516715293e-17
1.51003184713376e-08 0.000500252294863266 -0.00154001474508158 -414433.203673763 -163878.658608133 1.66098458794078e-16 5.53661529313594e-17
1.52738853503185e-08 0.000426901679817535 -0.00156487080351737 -422607.213291001 -143207.382547517 1.66511688077801e-16 5.55038960259336e-17
1.54474522292994e-08 0.000352311283689713 -0.00158606824869683 -429750.172185984 -122128.399749549 1.66925945417065e-16 5.56419818056882e-17
1.56210191082803e-08 0.00027666359235195 -0.00160354524229046 -435841.744588208 -100693.137401828 1.67341233369525e-16 5.57804111231751e-17
1.57945859872612e-08 0.000200144176074967 -0.00161724904807691 -440864.15983436 -78954.0370081841 1.67757554499201e-16 5.5919184833067e-17
1.59681528662421e-08 0.00012294123552922 -0.00162713618578794 -444802.26296082 -56964.4264451716 1.6817491137649e-16 5.60583037921633e-17
1.61417197452229e-08 4.52451401125256e-05 -0.00163317256230858 -447643.558914533 -34778.3894950826 1.68593306578184e-16 5.61977688593947e-17
1.63152866242038e-08 -3.27520402663725e-05 -0.00163533357984989 -449378.250256404 -12450.6331737934 1.69012742687487e-16 5.6337580895829e-17
1.64888535031847e-08 -0.000110857008799724 -0.00163360422076773 -449999.2682472 9963.64682197439 1.69433222294028e-16 5.64777407646759e-17
1.66624203821656e-08 -0.000188875719623321 -0.00162797910875858 -449502.297222191 32408.9022179093 1.69854747993879e-16 5.6618249331293e-17
1.68359872611465e-08 -0.000266613858711395 -0.00161846254622124 -447885.792177158 54829.3694811343 1.70277322389572e-16 5.67591074631906e-17
1.70095541401274e-08 -0.00034387732663506 -0.00160506852763241 -445150.989505154 77169.2080163929 1.70700948090112e-16 5.69003160300373e-17
1.71831210191083e-08 -0.000420472721987907 -0.00158782072884283 -441301.910840257 99372.6388977686 1.71125627710996e-16 5.70418759036653e-17
1.73566878980892e-08 -0.000496207824277706 -0.00156675247226108 -436345.359981593 121384.083792124 1.71551363874227e-16 5.71837879580757e-17
1.75302547770701e-08 -0.000570892075081531 -0.00154190666795141 -430290.912888095 143148.303729117 1.71978159208333e-16 5.73260530694442e-17
1.7703821656051e-08 -0.000644337056262941 -0.00151333573073235 -423150.900751609 164610.537372168 1.72406016348378e-16 5.74686721161261e-17
1.78773885350319e-08 -0.000716356964054163 -0.0014811014734226 -414940.386173281 185716.638445142 1.72834937935986e-16 5.76116459786619e-17
1.80509554140128e-08 -0.000786769077813556 -0.00144527497644042 -405677.132485309 206413.211970749 1.73264926619349e-16 5.77549755397831e-17
1.82245222929936e-08 -0.00085539422227889 -0.00140593643402213 -395381.566277335 226647.748978754 1.73695985053251e-16 5.78986616844169e-17
1.83980891719745e-08 -0.000922057222150252 -0.00136317497738421 -384076.733203812 246368.759345074 1.74128115899077e-16 5.80427052996922e-17
1.85716560509554e-08 -0.000986587347852554 -0.00131708847521144 -371788.247165559 265525.902426605 1.74561321824835e-16 5.81871072749451e-17
1.87452229299363e-08 -0.0010488187513467 -0.00126778331191115 -358544.232975458 284070.115161311 1.74995605505172e-16 5.8331868501724e-17
1.89187898089172e-08 -0.00110859089088044 -0.00121537414412989 -344375.26263472 301953.737308565 1.75430969621387e-16 5.84769898737956e-17
1.90923566878981e-08 -0.0011657489435946 -0.00115998363608418 -329314.285362364 319130.633511055 1.7586741686145e-16 5.86224722871501e-17
1.9265923566879e-08 -0.00122014420492816 -0.00110174217431114 -313396.551536434 335556.311866664 1.7630494992002e-16 5.87683166400065e-17
1.94394904458599e-08 -0.00127163447379534 -0.00104078756249741 -296659.530721041 351188.038706665 1.76743571498457e-16 5.89145238328189e-17
1.96130573248408e-08 -0.00132008442254146 -0.000977264697095992 -279142.823968446 365984.949285227 1.77183284304844e-16 5.90610947682813e-17
1.97866242038217e-08 -0.00136536595071887 -0.000911325224490385 -260888.07060013 379908.15409469 1.77624091054e-16 5.92080303513335e-17
1.99601910828026e-08 -0.00140735852176293 -0.000843127180512831 -241938.849685021 392920.840531228 1.780659944675e-16 5.93553314891667e-17
2.01337579617835e-08 -0.00144594948168761 -0.000772834613169746 -222340.576446799 404988.3696464 1.78508997273688e-16 5.95029990912292e-17
2.03073248407644e-08 -0.00148103435896332 -0.000700617189471098 -202140.393845383 416078.367731655 1.78953102207695e-16 5.96510340692317e-17
2.04808917197452e-08 -0.00151251714478394 -0.000626649787302362 -181387.059590336 426160.812495104 1.79398312011459e-16 5.97994373371531e-17
2.06544585987261e-08 -0.00154031055297708 -0.000551112073317183 -160130.828855896 435208.113602683 1.79844629433739e-16 5.99482098112463e-17
2.0828025477707e-08 -0.00156433625886033 -0.000474188067866135 -138423.332978749 443195.187369343 1.8029205723013e-16 6.00973524100435e-17
2.10015923566879e-08 -0.00158452511639681 -0.000396065698011701 -116317.454430321 450099.525399861 1.80740598163087e-16 6.02468660543623e-17
2.11751592356688e-08 -0.00160081735305576 -0.000316936339711877 -93867.1983653724 455901.256993476 1.81190255001933e-16 6.0396751667311e-17
2.13487261146497e-08 -0.00161316274183811 -0.00023699435028444 -71127.561057951 460583.205141566 1.81641030522884e-16 6.05470101742945e-17
2.15222929936306e-08 -0.00162152074998194 -0.000156436592290842 -48154.3955442645 464130.935963116 1.8209292750906e-16 6.06976425030201e-17
2.16958598726115e-08 -0.00162586066392012 -7.54619500029196e-05 -25004.2747997931 466532.801438671 1.82545948750509e-16 6.08486495835029e-17
2.18694267515924e-08 -0.00162616169012005 5.72916036309143e-06 -1734.35278489847 467779.97531977 1.83000097044215e-16 6.10000323480718e-17
2.20429936305733e-08 -0.00162241303149462 8.69352854422697e-05 21597.776300673 467866.48210756 1.83455375194126e-16 6.11517917313754e-17
2.22165605095542e-08 -0.00161461393913355 0.000167954433327979 44934.2202086952 466789.219011241 1.83911786011162e-16 6.13039286703873e-17
2.23901273885351e-08 -0.00160277373916505 0.000248584574759117 68216.9319286192 464547.970814261 1.84369332313237e-16 6.14564441044122e-17
2.25636942675159e-08 -0.00158691183461893 0.00032862414564718 91387.8537152332 461145.417593611 1.84828016925276e-16 6.16093389750919e-17
2.27372611464968e-08 -0.00156705768222459 0.00040787254969626 114389.061501348 456587.135255254 1.85287842679232e-16 6.17626142264106e-17
2.29108280254777e-08 -0.001543250744139 0.000486130659865761 137162.909337192 450881.588866479 1.85748812414103e-16 6.19162708047011e-17
2.30843949044586e-08 -0.00151554041466257 0.000563201317425376 159652.173497225 444040.11878384 1.86210928975952e-16 6.20703096586506e-17
2.32579617834395e-08 -0.00148398592206295 0.000638889827354782 181800.195895052 436076.919593274 1.86674195217919e-16 6.22247317393063e-17
2.34315286624204e-08 -0.00144865620568903 0.000713004448846444 203551.026447884 427009.011896913 1.87138614000245e-16 6.23795380000818e-17
2.36050955414013e-08 -0.00140962976861947 0.000785356879679069 224849.564033788 416856.206998978 1.87604188190287e-16 6.25347293967623e-17
2.37786624203822e-08 -0.00136699450615142 0.000855762733241398 245641.695687506 405641.064560945 1.88070920662533e-16 6.2690306887511e-17
2.39522292993631e-08 -0.00132084751049604 0.000924042007001286 265874.4336842 393388.843313848 1.88538814298625e-16 6.28462714328751e-17
2.4125796178344e-08 -0.00127129485210757 0.000990019541233297 285496.050164786 380127.444933055 1.89007871987373e-16 6.30026239957911e-17
2.42993630573249e-08 -0.00121845133813171 0.00105352546683935 304456.208961843 365887.351198149 1.89478096624774e-16 6.31593655415914e-17
2.44729299363058e-08 -0.00116244024851748 0.00111439564112111 322706.094291153 350701.554577536 1.8994949111403e-16 6.331649703801e-17
2.46464968152867e-08 -0.0011033930503934 0.00117247207039016 340198.535980902 334605.482394123 1.90422058365565e-16 6.34740194551884e-17
2.48200636942675e-08 -0.00104144909136457 0.00122760331833153 356888.1309184 317636.914744765 1.90895801297045e-16 6.36319337656818e-17
2.49936305732484e-08 -0.000976755272441168 0.00127964489906954 372731.360402735 299835.896362128 1.91370722833394e-16 6.37902409444647e-17
2.51671974522293e-08 -0.000909465701361492 0.00132845965391975 387686.703101248 281244.642623205 1.91846825906813e-16 6.39489419689376e-17
2.53407643312102e-08 -0.000839741327123202 0.00137391811084918 401714.743317857 261907.439923721 1.92324113456797e-16 6.41080378189323e-17
2.55143312101911e-08 -0.000767749556585223 0.00141589882570762 414778.274292209 241870.540652301 1.92802588430155e-16 6.42675294767184e-17
2.5687898089172e-08 -0.000693663854049595 0.00145428870433554 426842.396260318 221182.053012229 1.93282253781028e-16 6.44274179270094e-17
2.58614649681529e-08 -0.000617663324777072 0.00148898330469984 437874.609019672 199891.825952098 1.93763112470905e-16 6.45877041569682e-17
2.60350318471338e-08 -0.000539932283432675 0.00151988711825599 447844.898754876 178051.329479462 1.94245167468643e-16 6.47483891562142e-17
2.62085987261147e-08 -0.000460659808497334 0.00154691382978492 456725.818893522 155713.530643758 1.94728421750485e-16 6.49094739168284e-17
2.63821656050956e-08 -0.000380039283719286 0.00156998655500467 464492.564776277 132932.765486266 1.9521287830008e-16 6.507095943336e-17
2.65557324840765e-08 -0.000298267927713768 0.00158903805531033 471123.041940049 109764.607265642 1.95698540108498e-16 6.52328467028327e-17
2.67292993630574e-08 -0.000215546312851826 0.00160401092905119 476597.927828438 86265.7312775919 1.96185410174252e-16 6.53951367247506e-17
2.69028662420382e-08 -0.000132077874608517 0.00161485777881077 480900.726759611 62493.7765965318 1.96673491503313e-16 6.55578305011042e-17
2.70764331210191e-08 -4.80684125674515e-05 0.00162154135421401 484017.817998068 38507.2050755294 1.97162787109131e-16 6.5720929036377e-17
2.725e-08 3.62744156976708e-05 0.0016240346698452 485938.496793548 14365.1579485064 1.97653300012655e-16 6.58844333375516e-17
2.74235668789809e-08 0.000120741606623076 0.00162232109792166 486655.008267474 -9872.68961451747 1.98145033242347e-16 6.60483444141156e-17
2.75971337579618e-08 0.000205123327277357 0.00161639443542959 486162.574044845 -34146.2756423815 1.98637989834204e-16 6.62126632780682e-17
2.77707006369427e-08 0.000289209435332536 0.00160625894549162 484459.411547274 -58395.2998260994 1.99132172831779e-16 6.63773909439262e-17
2.79442675159236e-08 0.000372790001098488 0.00159192937279903 481546.745880896 -82559.3729444795 1.99627585286192e-16 6.65425284287307e-17
2.81178343949045e-08 0.000455655830327083 0.0015734309330057 477428.814271173 -106578.166882697 2.00124230256158e-16 6.67080767520525e-17
2.82914012738854e-08 0.000537598986487331 0.00155079927604542 472112.863015007 -130391.564872065 2.00622110807999e-16 6.68740369359995e-17
2.84649681528663e-08 0.000618413311210841 0.00152408042339896 465609.13693912 -153939.811577783 2.01121230015666e-16 6.70404100052221e-17
2.86385350318472e-08 0.000697894941608264 0.00149333067940208 457930.861372309 -177163.662660889 2.0162159096076e-16 6.720719698692e-17
2.88121019108281e-08 0.000775842823161922 0.0014586165167507 449094.21665777 -200004.533441007 2.02123196732545e-16 6.73743989108485e-17
2.8985668789809e-08 0.000852059216907607 0.00142001443642367 439118.305250372 -222404.646287821 2.02626050427974e-16 6.75420168093245e-17
2.91592356687898e-08 0.000926350199629561 0.00137761080230825 428025.111462264 -244307.176371404 2.03130155151701e-16 6.77100517172337e-17
2.93328025477707e-08 0.000998526155806819 0.00133150165087654 415839.453938698 -265656.395404726 2.03635514016107e-16 6.78785046720358e-17
2.95063694267516e-08 0.00106840226006653 0.00128179247632445 402588.930964187 -286397.813015727 2.04142130141316e-16 6.8047376713772e-17
2.96799363057325e-08 0.00113579894892032 0.00122859799164665 388303.858717261 -306478.315391352 2.04650006655213e-16 6.82166688850709e-17
2.98535031847134e-08 0.0012005423805835 0.00117204186618206 373017.202609865 -325846.300841827 2.05159146693465e-16 6.83863822311549e-17
3.00270700636943e-08 0.00126246488170338 0.00111225644022428 356764.501865032 -344451.81194025 2.0566955339954e-16 6.85565177998467e-17
3.02006369426752e-08 0.0013214053798529 0.00104938241734988 339583.787503638 -362246.663900243 2.06181229924728e-16 6.87270766415762e-17
3.03742038216561e-08 0.00137720982067796 0.000983568535174627 321515.493927881 -379184.568862904 2.06694179428158e-16 6.88980598093861e-17
3.0547770700637e-08 0.00142973156862271 0.000914971215303079 302602.364305523 -395221.255773687 2.07208405076818e-16 6.90694683589393e-17
3.07213375796179e-08 0.00147883179019478 0.000843754193290565 282889.349974866 -410314.585539992 2.07723910045575e-16 6.9241303348525e-17
3.08949044585988e-08 0.00152437981877366 0.000770088129488549 262423.504105838 -424424.661171244 2.08240697517195e-16 6.94135658390651e-17
3.10684713375797e-08 0.00156625350000862 0.000694150201693918 241253.869867481 -437513.932614939 2.08758770682363e-16 6.95862568941211e-17
3.12420382165605e-08 0.00160433951689864 0.000616123680570352 219431.363366364 -449547.296014674 2.09278132739701e-16 6.97593775799003e-17
3.14156050955414e-08 0.00163853369369502 0.000536197488855231 197008.651634179 -460492.18712932 2.09798786895788e-16 6.99329289652628e-17
3.15891719745223e-08 0.00166874127781791 0.000454565745408353 174040.02595572 -470318.668666416 2.10320736365183e-16 7.01069121217277e-17
3.17627388535032e-08 0.00169487719903073 0.000371427295199099 150581.270840824 -478999.511297355 2.1084398437044e-16 7.028132812348e-17
3.19363057324841e-08 0.00171686630517107 0.000286985226366387 126689.528955388 -486510.268137097 2.11368534142131e-16 7.0456178047377e-17
3.2109872611465e-08 0.00173464357379334 0.000201446375520737 102423.162337468 -492829.342486863 2.11894388918865e-16 7.06314629729551e-17
3.22834394904459e-08 0.00174815429913658 0.000115020822489941 77841.610234473 -497938.048654494 2.1242155194731e-16 7.08071839824365e-17
3.24570063694268e-08 0.0017573542538911 2.79213757390626e-05 53005.2439067304 -501820.665683959 2.12950026482208e-16 7.09833421607359e-17
3.26305732484077e-08 0.00176220982529854 -5.96369502782207e-05 27975.2187511181 -504464.483842696 2.134798157864e-16 7.11599385954668e-17
3.28041401273886e-08 0.00176269812518317 -0.000147437464556738 2813.32410597434 -505859.843733106 2.14010923130846e-16 7.13369743769487e-17
3.29777070063695e-08 0.00175880707357563 -0.000235262334465127 -22418.16889481 -506000.167912557 2.14543351794642e-16 7.15144505982139e-17
3.31512738853504e-08 0.00175053545565543 -0.000322893124842165 -47656.6610448558 -504881.984924586 2.15077105065041e-16 7.16923683550136e-17
3.33248407643312e-08 0.00173789295180418 -0.000410111339933293 -72839.379986998 -502504.945662643 2.15612186237476e-16 7.18707287458253e-17
3.34984076433121e-08 0.00172090014062794 -0.000496698966826154 -97903.5359511863 -498871.832006575 2.16148598615578e-16 7.20495328718592e-17
3.3671974522293e-08 0.00169958847487376 -0.00058243901903688 -122786.47792316 -493988.557691154 2.16686345511197e-16 7.22287818370655e-17
3.38455414012739e-08 0.00167400023023307 -0.000667116078895132 -147425.849856442 -487864.161385162 2.17225430244422e-16 7.24084767481406e-17
3.40191082802548e-08 0.00164418842709173 -0.000750516837375538 -171759.746539132 -480510.791978852 2.17765856143602e-16 7.2588618714534e-17
3.41926751592357e-08 0.0016102167253541 -0.000832430630026139 -195726.868726859 -471943.68609704 2.18307626545368e-16 7.27692088484559e-17
3.43662420382166e-08 0.00157215929253595 -0.000912649967650834 -219266.67715412 -462181.137874389 2.18850744794649e-16 7.2950248264883e-17
3.45398089171975e-08 0.00153010064538762 -0.000990971060412499 -242319.545038065 -451244.461048864 2.19395214244698e-16 7.31317380815661e-17
3.47133757961784e-08 0.00148413546537587 -0.00106719433403653 -264826.908691552 -439157.943448532 2.19941038257111e-16 7.3313679419037e-17
3.48869426751593e-08 0.00143436838841823 -0.00114112493681089 -286731.415866086 -425948.793966021 2.20488220201845e-16 7.3496073400615e-17
3.50605095541402e-08 0.00138091376932899 -0.00121257323609845 -307977.071449921 -411647.082133866 2.21036763457242e-16 7.36789211524139e-17
3.52340764331211e-08 0.00132389542150001 -0.0012813553031003 -328509.380152278 -396285.670432662 2.21586671410049e-16 7.38622238033496e-17
3.5407643312102e-08 0.00126344633240221 -0.00134729338463466 -348275.485811197 -379900.139482359 2.22137947455438e-16 7.40459824851461e-17
3.55812101910828e-08 0.00119970835555549 -0.00141021636072554 -367224.306970054 -362528.706285092 2.2269059499703e-16 7.42301983323432e-17
3.57547770700637e-08 0.00113283187967492 -0.00146996018682732 -385306.668376155 -344212.13570567 2.2324461744691e-16 7.44148724823033e-17
3.59283439490446e-08 0.00106297547575933 -0.00152636831954683 -402475.428064115 -324993.645393128 2.23800018225655e-16 7.46000060752182e-17
3.61019108280255e-08 0.000990305522945702 -0.0015792921247628 -418685.599696877 -304918.804363554 2.2435680076235e-16 7.47856002541166e-17
3.62754777070064e-08 0.000914995814007081 -0.0016285912670835 -433894.469848202 -284035.425480737 2.24914968494612e-16 7.49716561648707e-17
3.64490445859873e-08 0.000837227141425032 -0.00167413407962725 -448061.70992226 -262393.452086956 2.25474524868611e-16 7.51581749562036e-17
3.66226114649682e-08 0.000757186865017992 -0.00171579791315687 -461149.482418542 -240044.83905139 2.26035473339088e-16 7.5345157779696e-17
3.67961783439491e-08 0.00067506846215535 -0.00175346946364809 -473122.541263662 -217043.428518204 2.26597817369382e-16 7.5532605789794e-17
3.696974522293e-08 0.000591071061632935 -0.00178704507742337 -483948.325945659 -193444.820650239 2.27161560431446e-16 7.57205201438153e-17
3.71433121019109e-08 0.000505398962328904 -0.00181643103303617 -493597.049201205 -169306.23967744 2.27726706005872e-16 7.59089020019573e-17
3.73168789808918e-08 0.000418261137799692 -0.00184154379914653 -502041.778021515 -144686.395571572 2.2829325758191e-16 7.60977525273034e-17
3.74904458598727e-08 0.000329870728013529 -0.00186231026768661 -509258.507758811 -119645.341680497 2.28861218657493e-16 7.6287072885831e-17
3.76640127388535e-08 0.000240444519454027 -0.00187866796167484 -515226.22913181 -94244.3286661382 2.29430592739254e-16 7.64768642464179e-17
3.78375796178344e-08 0.000150202414858328 -0.0018905652170983 -519926.987945862 -68545.6551003064 2.30001383342551e-16 7.66671277808502e-17
3.80111464968153e-08 5.93668938832421e-05 -0.00189796133834658 -523345.937361048 -42612.5150817911 2.30573593991487e-16 7.6857864663829e-17
3.81847133757962e-08 -3.18375339814119e-05 -0.00190082672674444 -525471.382559658 -16508.8432463941 2.31147228218934e-16 7.7049076072978e-17
3.83582802547771e-08 -0.000123184882910469 -0.00189914298179674 -526294.817683008 9700.84245097802 2.31722289566552e-16 7.72407631888507e-17
3.8531847133758e-08 -0.000214448249291021 -0.00189290297482568 -525810.954926484 35951.5997965721 2.32298781584813e-16 7.74329271949376e-17
3.87054140127389e-08 -0.000305400373942929 -0.00188211089474862 -524017.745700901 62178.2228292614 2.32876707833021e-16 7.76255692776735e-17
3.88789808917198e-08 -0.000395814206622661 -0.00186678226581324 -520916.39378781 88315.4034075145 2.33456071879335e-16 7.78186906264451e-17
3.90525477707007e-08 -0.000485463471411728 -0.00184694393717607 -516511.360436094 114297.893432529 2.34036877300793e-16 7.80122924335978e-17
3.92261146496816e-08 -0.000574123231585323 -0.00182263404428038 -510810.361367133 140060.667325578 2.34619127683331e-16 7.82063758944435e-17
3.93996815286625e-08 -0.000661570452554539 -0.00179390194205936 -503824.355675851 165539.084355974 2.35202826621804e-16 7.84009422072682e-17
3.95732484076434e-08 -0.000747584561476873 -0.00176080811006051 -495567.526635102 190669.05041544 2.35787977720015e-16 7.85959925733385e-17
3.97468152866243e-08 -0.000831948002134484 -0.00172342402965761 -486057.254431006 215387.178835032 2.3637458459073e-16 7.87915281969099e-17
3.99203821656051e-08 -0.000914446783687974 -0.00168183203358628 -475314.080876985 239630.949842139 2.36962650855702e-16 7.89875502852341e-17
4.0093949044586e-08 -0.00099487102192524 -0.00163612512810847 -463361.66617434 263338.868257481 2.37552180145697e-16 7.91840600485658e-17
4.02675159235669e-08 -0.00107301547164017 -0.00158640678818036 -450226.737807149 286450.619035386 2.38143176100513e-16 7.93810587001709e-17
4.04410828025478e-08 -0.00114868004879466 -0.00153279072606603 -435939.031679056 308907.220255032 2.38735642369002e-16 7.95785474563339e-17
4.06146496815287e-08 -0.00122167034113938 -0.00147540063390655 -420531.225619105 330651.17317568 2.39329582609095e-16 7.97765275363649e-17
4.07882165605096e-08 -0.00129179810599437 -0.00141436990082008 -404038.865403051 351626.60897528 2.39925000487823e-16 7.99750001626077e-17
4.09617834394905e-08 -0.00135888175391898 -0.00134984130517341 -386500.283455577 371779.431799147 2.40521899681341e-16 8.0173966560447e-17
4.11353503184714e-08 -0.00142274681703284 -0.00128196668272892 -367956.510417476 391057.457753616 2.41120283874949e-16 8.03734279583162e-17
4.13089171974523e-08 -0.00148322640078447 -0.00121090657143229 -348451.179780043 409410.549488824 2.41720156763114e-16 8.05733855877048e-17
4.14824840764332e-08 -0.00154016161800251 -0.00113682983366684 -328030.425806686 426790.746024791 2.42321522049498e-16 8.0773840683166e-17
4.16560509554141e-08 -0.00159340200410556 -0.00105991325685796 -306742.774979028 443152.387486003 2.42924383446974e-16 8.09747944823245e-17
4.1829617834395e-08 -0.00164280591239081 -0.00098034113336761 -284639.031221432 458452.234421487 2.43528744677652e-16 8.1176248225884e-17
4.20031847133758e-08 -0.00168824088836847 -0.000898304820672374 -261772.155174037 472649.581400076 2.44134609472905e-16 8.13782031576349e-17
4.21767515923567e-08 -0.00172958402215857 -0.000814002282870375 -238197.137799833 485706.364583994 2.44741981573386e-16 8.15806605244619e-17
4.23503184713376e-08 -0.00176672227801884 -0.000727637614611139 -213970.868626146 497587.262998169 2.45350864729056e-16 8.17836215763519e-17
4.25238853503185e-08 -0.00179955280012697 -0.000639420548589145 -189151.998934956 508259.793227631 2.45961262699205e-16 8.19870875664015e-17
4.26974522292994e-08 -0.00182798319379745 -0.000549565947785442 -163800.800229868 517694.397291063 2.46573179252475e-16 8.21910597508249e-17
4.28710191082803e-08 -0.00185193178137211 -0.000458293283682599 -137979.018320082 525864.523454909 2.47186618166884e-16 8.23955393889614e-17
4.30445859872612e-08 -0.00187132783208502 -0.000365826101716252 -111749.723373488 532746.699769412 2.47801583229851e-16 8.26005277432836e-17
4.32181528662421e-08 -0.00188611176526481 -0.000272391475261341 -85177.1563018964 538320.600125546 2.48418078238214e-16 8.28060260794048e-17
4.3391719745223e-08 -0.00189623532630272 -0.000178219449482938 -58326.5718514493 542569.102649877 2.49036106998261e-16 8.3012035666087e-17
4.35652866242039e-08 -0.00190166173488085 -8.35424764100718e-05 -31264.0787803942 545478.340273028 2.49655673325746e-16 8.32185577752488e-17
4.37388535031848e-08 -0.00190236580502271 1.14051573838511e-05 -4056.4775145781 547037.743326455 2.50276781045919e-16 8.34255936819729e-17
4.39124203821657e-08 -0.00189833403659744 0.000106387909088548 23228.9043217169 547240.074041741 2.50899433993543e-16 8.36331446645145e-17
4.40859872611466e-08 -0.00188956467797892 0.000201169562528453 50524.3780957093 546081.452846423 2.51523636012926e-16 8.38412120043087e-17
4.42595541401274e-08 -0.00187606775963215 0.000295513814159644 77762.061667648 543561.37637053 2.52149390957936e-16 8.40497969859788e-17
4.44331210191083e-08 -0.00185786509847106 0.00038918486074201 104874.04779048 539682.727098403 2.52776702692032e-16 8.42589008973438e-17
4.46066878980892e-08 -0.00183499027290416 0.000481947987228777 131792.572990934 534451.77462101 2.53405575088281e-16 8.44685250294271e-17
4.47802547770701e-08 -0.00180748856855715 0.000573570153411351 158450.186513073 527878.168464735 2.54036012029391e-16 8.46786706764635e-17
4.4953821656051e-08 -0.00177541689473461 0.000663820577856884 184779.91890415 519974.922493531 2.54668017407724e-16 8.48893391359079e-17
4.51273885350319e-08 -0.00173884367175587 0.000752471317679094 210715.449822475 510758.390902272 2.55301595125329e-16 8.5100531708443e-17
4.53009554140128e-08 -0.00169784868937272 0.00083929784268956 236191.274647863 500248.235840116 2.55936749093962e-16 8.53122496979874e-17
4.54745222929937e-08 -0.00165252293654945 0.000924079602487127 261142.869477189 488467.3867236 2.56573483235111e-16 8.55244944117037e-17
4.56480891719746e-08 -0.00160296840295731 0.001006600585057 285506.854090544 475441.991320017 2.5721180148002e-16 8.57372671600067e-17
4.58216560509555e-08 -0.00154929785260691 0.00108664986546871 309221.152477509 461201.358702295 2.57851707769713e-16 8.5950569256571e-17
4.59952229299364e-08 -0.00149163457011253 0.00116402214328317 332225.150518098 445777.894197081 2.58493206055019e-16 8.61644020183396e-17
4.61687898089173e-08 -0.00143011208015126 0.00123851826730388 354459.85041903 429207.026467947 2.59136300296596e-16 8.63787667655321e-17
4.63423566878981e-08 -0.00136487384074853 0.00130994574633511 375868.021513012 411527.126895555 2.59780994464956e-16 8.65936648216521e-17
4.6515923566879e-08 -0.00129607291108767 0.00137811924464172 396394.34703684 392779.421436199 2.60427292540489e-16 8.68090975134963e-17
4.66894904458599e-08 -0.00122387159460689 0.00144286106083974 415985.566513135 373007.895159274 2.61075198513486e-16 8.70250661711621e-17
4.68630573248408e-08 -0.00114844105820977 0.00150400158898535 434590.613370568 352259.189682978 2.61724716384168e-16 8.72415721280562e-17
4.70366242038217e-08 -0.00106996092847749 0.00156137976067052 452160.747448333 330582.49374573 2.62375850162707e-16 8.74586167209022e-17
4.72101910828026e-08 -0.000988618865829992 0.00161484346697843 468649.682042493 308029.427168476 2.6302860386925e-16 8.76762012897498e-17
4.73837579617835e-08 -0.000904610117640603 0.0016642499591987 484013.705164553 284653.918480117 2.63682981533947e-16 8.78943271779823e-17
4.75573248407644e-08 -0.000818137051363718 0.00170946622725273 498211.794696179 260512.076494758 2.64338987196975e-16 8.8112995732325e-17
4.77308917197453e-08 -0.00072940866878715 0.00175036935483207 511205.727138394 235662.056145214 2.64996624908562e-16 8.83322083028539e-17
4.79044585987262e-08 -0.000638640102570757 0.0017868468503086 522960.179668758 210163.918892283 2.65655898729011e-16 8.85519662430037e-17
4.80780254777071e-08 -0.000546052096279797 0.00181879695253272 533442.825235988 184079.488043561 2.66316812728729e-16 8.87722709095762e-17
4.8251592356688e-08 -0.000451870469165542 0.00184612891069653 542624.420438096 157472.199329097 2.66979370988247e-16 8.89931236627488e-17
4.84251592356689e-08 -0.000356325566986757 0.00186876323750103 550478.885947492 130406.947093812 2.67643577598249e-16 8.9214525866083e-17
4.85987261146497e-08 -0.000259651700203606 0.0018866319349312 556983.379264394 102949.92647845 2.68309436659597e-16 8.94364788865322e-17
4.87722929936306e-08 -0.00016208657091024 0.00189967869200909 562118.359598478 75168.4719717003 2.68976952283353e-16 8.9658984094451e-17
4.89458598726115e-08 -6.38706899037816e-05 0.00190785905396315 565867.64469776 47130.8927261249 2.69646128590809e-16 8.9882042863603e-17
4.91194267515924e-08 3.47532146845932e-05 0.00191114056232193 568218.459463297 18906.3050395505 2.70316969713509e-16 9.01056565711698e-17
4.92929936305733e-08 0.000133540795746229 0.00190950286551121 569161.476208322 -9435.53758836301 2.70989479793277e-16 9.03298265977589e-17
4.94665605095542e-08 0.000232246691067972 0.00190293779960606 568690.84644087 -37824.4164076179 2.71663662982238e-16 9.05545543274127e-17
4.96401273885351e-08 0.000330625131232941 0.00189144943896266 566804.224069731 -66189.82095464 2.72339523442851e-16 9.0779841147617e-17
4.9813694267516e-08 0.000428430550046729 0.00187505411652895 563502.779954667 -94461.1237465174 2.73017065347928e-16 9.10056884493093e-17
4.99872611464969e-08 0.00052541819597667 0.00185378041370824 558791.207743147 -122567.755700981 2.73696292880663e-16 9.12320976268877e-17
5.01608280254778e-08 0.000621344743085522 0.00182766911972515 552677.720957422 -150439.38184751 2.74377210234658e-16 9.14590700782193e-17
5.03343949044587e-08 0.000715968899938382 0.00179677316051918 545174.041317395 -178006.076893152 2.75059821613946e-16 9.16866072046488e-17
5.05079617834396e-08 0.000809052014962926 0.00176115749726688 536295.378306546 -205198.500205896 2.75744131233022e-16 9.19147104110074e-17
5.06815286624204e-08 0.000900358676748096 0.00172089899470973 526060.400009973 -231948.069778835 2.76430143316864e-16 9.21433811056212e-17
5.08550955414013e-08 0.000989657307775188 0.00167608625953992 514491.195275355 -258187.13473977 2.7711786210096e-16 9.23726207003201e-17
5.10286624203822e-08 0.00107672075008787 0.00162681944917192 501613.227269426 -283849.145973467 2.77807291831339e-16 9.26024306104464e-17
5.12022292993631e-08 0.00116132684142406 0.00157321005130156 487455.278524068 -308868.824427381 2.78498436764591e-16 9.28328122548636e-17
5.1375796178344e-08 0.00124325898035248 0.00151538063472875 472049.387587582 -333182.326676365 2.79191301167895e-16 9.30637670559651e-17
5.15493630573249e-08 0.00132230667898073 0.00145346457199195 455430.777417855 -356727.407327646 2.79885889319049e-16 9.3295296439683e-17
5.17229299363058e-08 0.00139826610182879 0.00138760573443446 437637.775675016 -379443.577854167 2.80582205506491e-16 9.35274018354968e-17
5.18964968152867e-08 0.0014709405894928 0.00131795816039259 418711.727091742 -401272.261452244 2.81280254029328e-16 9.37600846764427e-17
5.20700636942676e-08 0.00154014116575876 0.00124468569726425 398696.898119504 -422156.943528404 2.81980039197365e-16 9.39933463991217e-17
5.22436305732485e-08 0.00160568702686306 0.00116796161828354 377640.374068764 -442043.317430113 2.82681565331127e-16 9.4227188443709e-17
5.24171974522294e-08 0.00166740601163831 0.0010879682148918 355591.94898036 -460879.425046034 2.83384836761889e-16 9.44616122539629e-17
5.25907643312103e-08 0.0017251350513274 0.00100489636565845 332604.00848396 -478615.791913231 2.840898578317e-16 9.46966192772334e-17
5.27643312101912e-08 0.0017787205978959 0.000918945082765952 308731.405917596 -495205.556481544 2.84796632893414e-16 9.49322109644712e-17
5.2937898089172e-08 0.00182801902972387 0.000830321037131094 284031.331999679 -510604.593198999 2.85505166310711e-16 9.5168388770237e-17
5.31114649681529e-08 0.0018728970336115 0.000739238063291068 258563.17836172 -524771.629096662 2.8621546245813e-16 9.54051541527101e-17
5.32850318471338e-08 0.00191323196208919 0.000645916645235697 232388.395265973 -537668.353566724 2.86927525721093e-16 9.56425085736976e-17
5.34585987261147e-08 0.00194891216508183 0.000550583384417592 205570.343847526 -549259.521043758 2.8764136049593e-16 9.58804534986433e-17
5.36321656050956e-08 0.00197983729503819 0.000453470451219424 178174.143234809 -559513.046316055 2.88356971189911e-16 9.6118990396637e-17
5.38057324840765e-08 0.00200591858470039 0.000354815021201812 150266.512916124 -568400.092211562 2.89074362221269e-16 9.6358120740423e-17
5.39792993630574e-08 0.00202707909675428 0.00025485869749652 121915.610732539 -575895.149421313 2.8979353801923e-16 9.65978460064099e-17
5.41528662420383e-08 0.00204325394466978 0.000153846920747475 93190.8668893094 -581976.108242206 2.90514503024038e-16 9.68381676746795e-17
5.43264331210192e-08 0.0020543904841099 5.202836803662e-05 64162.8143888933 -586624.322040523 2.91237261686986e-16 9.70790872289954e-17
5.45000000000001e-08 0.00206044847435916 -5.0345657737411e-05 34902.9162984953 -589824.66225772 2.91961818470439e-16 9.7320606156813e-17
5.4673566878981e-08 0.00206140020929525 -0.000153021846532418 5483.39027401503 -591565.564800593 2.92688177847864e-16 9.7562725949288e-17
5.48471337579619e-08 0.00205723061750217 -0.000255745506368419 -24022.9692298761 -591839.067678976 2.93416344303858e-16 9.78054481012861e-17
5.50207006369427e-08 0.00204793733119908 -0.000358261193526915 -53542.9706269656 -590640.839775554 2.94146322334176e-16 9.80487741113919e-17
5.51942675159236e-08 0.00203353072373588 -0.000460313346188226 -83003.2063017251 -587970.200654161 2.94878116445755e-16 9.82927054819182e-17
5.53678343949045e-08 0.00201403391548389 -0.000561646919939043 -112330.23469954 -583830.131334981 2.95611731156746e-16 9.85372437189155e-17
5.55414012738854e-08 0.00198948274802843 -0.000662008023573795 -141450.762954394 -578227.275987377 2.96347170996543e-16 9.87823903321809e-17
5.57149681528663e-08 0.00195992572664864 -0.000761144553608788 -170291.82960098 -571171.934513539 2.97084440505804e-16 9.90281468352681e-17
5.58885350318472e-08 0.00192542393114873 -0.000858806825927326 -198780.986916907 -562678.046018736 2.97823544236487e-16 9.92745147454957e-17
5.60621019108281e-08 0.00188605089518376 -0.000954748202977234 -226846.48244042 -552763.163186626 2.98564486751873e-16 9.95214955839577e-17
5.6235668789809e-08 0.00184189245430177 -0.00104872571494934 -254417.439210006 -541448.417600756 2.99307272626596e-16 9.97690908755321e-17
5.64092356687899e-08 0.00179304656300257 -0.00114050067337654 -281424.034274285 -528758.476075982 3.00051906446672e-16 1.00017302148891e-16
5.65828025477708e-08 0.00173962308119111 -0.00122983927560805 -307797.675023787 -514721.488086102 3.00798392809524e-16 1.00266130936508e-16
5.67563694267517e-08 0.00168174353048068 -0.00131651319863225 -333471.172900503 -499369.024396341 3.01546736324016e-16 1.00515578774672e-16
5.69299363057326e-08 0.00161954082087706 -0.0014003001807444 -358378.914046512 -482736.007031473 3.02296941610476e-16 1.00765647203492e-16
5.71035031847135e-08 0.00155315894845017 -0.00148098458958169 -382457.026459538 -464860.630732254 3.03049013300727e-16 1.01016337766909e-16
5.72770700636943e-08 0.00148275266467283 -0.00155835797507868 -405643.54323087 -445784.276074409 3.03802956038115e-16 1.01267652012705e-16
5.74506369426752e-08 0.00140848711817916 -0.0016322196059299 -427878.561449801 -425551.41444556 3.04558774477539e-16 1.01519591492513e-16
5.76242038216561e-08 0.00133053746976489 -0.00170237698818387 -449104.396368459 -404209.505096254 3.05316473285478e-16 1.01772157761826e-16
5.7797770700637e-08 0.00124908848152117 -0.00176864636463397 -469265.730431709 -381808.884501489 3.06076057140021e-16 1.02025352380007e-16
5.79713375796179e-08 0.00116433408105946 -0.00183085319371595 -488309.756788581 -358402.64828887 3.06837530730896e-16 1.02279176910299e-16
5.81449044585988e-08 0.00107647690184978 -0.00188883260666968 -506186.316914461 -334046.526008632 3.07600898759496e-16 1.02533632919832e-16
5.83184713375797e-08 0.000985727800756494 -0.00194242984177363 -522848.031987006 -308798.749039289 3.08366165938914e-16 1.02788721979638e-16
5.84920382165606e-08 0.000892305353915091 -0.00199150065451489 -538250.427673402 -282719.911940462 3.09133336993964e-16 1.03044445664655e-16
5.86656050955415e-08 0.000796435332150392 -0.00203591170261423 -552352.05200212 -255872.827581506 3.09902416661218e-16 1.03300805553739e-16
5.88391719745224e-08 0.000698350157190281 -0.0020755409048859 -565114.586008713 -228322.376390893 3.10673409689032e-16 1.03557803229677e-16
5.90127388535033e-08 0.000598288339980085 -0.0021102777729742 -576502.946862414 -200135.350086739 3.11446320837574e-16 1.03815440279191e-16
5.91863057324842e-08 0.000496493902450452 -0.00214002371507408 -586485.383198253 -171380.290263558 3.12221154878854e-16 1.04073718292951e-16
5.9359872611465e-08 0.000393215784136125 -0.00216469231081041 -595033.562398139 -142127.322223983 3.12997916596755e-16 1.04332638865585e-16
5.95334394904459e-08 0.000288707235084172 -0.00218420955652032 -602122.649583733 -112447.984457055 3.13776610787063e-16 1.04592203595688e-16
5.97070063694268e-08 0.000183225196527912 -0.00219851408025477 -607731.378103954 -82415.0541764665 3.14557242257492e-16 1.04852414085831e-16
5.98805732484077e-08 7.70296708369121e-05 -0.00220755732588914 -611842.111320623 -52102.3693430026 3.15339815827721e-16 1.05113271942574e-16
6.00541401273886e-08 -2.96169177161727e-05 -0.00221130370580788 -614440.895516856 -21584.6476052076 3.16124336329415e-16 1.05374778776472e-16
6.02277070063695e-08 -0.000136450369804422 -0.0022097307217052 -615517.503774503 9062.69739893316 3.16910808606263e-16 1.05636936202088e-16
6.04012738853504e-08 -0.000243205363920827 -0.00220282905312201 -615065.470689011 39763.7419288495 3.17699237514003e-16 1.05899745838001e-16
6.05748407643313e-08 -0.000349616113668544 -0.00219060261341848 -613082.117812533 70442.2397597661 3.18489627920455e-16 1.06163209306818e-16
6.07484076433121e-08 -0.000455417027842977 -0.00217306857296204 -609568.569738936 101021.811070144 3.19281984705546e-16 1.06427328235182e-16
6.0921974522293e-08 -0.000560343371670439 -0.00215025734939146 -604529.760767399 131426.132131415 3.20076312761347e-16 1.06692104253782e-16
6.10955414012739e-08 -0.000664131927561202 -0.00212221256489945 -597974.432104578 161579.125330093 3.20872616992098e-16 1.06957538997366e-16
6.12691082802548e-08 -0.000766521653731866 -0.00208899097055791 -589915.119588777 191405.149050321 3.21670902314241e-16 1.07223634104747e-16
6.14426751592357e-08 -0.000867254339053195 -0.00205066233779213 -580368.131943074 220829.186944134 3.22471173656449e-16 1.07490391218816e-16
6.16162420382166e-08 -0.00096607525248486 -0.00200730931719221 -569353.519587938 249777.036117009 3.23273435959656e-16 1.07757811986552e-16
6.17898089171975e-08 -0.00106273378546791 -0.00195902726493169 -556895.034067455 278175.493757846 3.2407769417709e-16 1.0802589805903e-16
6.19633757961783e-08 -0.00115698408565927 -0.0019059240371447 -543020.078166737 305952.541745189 3.248839532743e-16 1.08294651091433e-16
6.21369426751592e-08 -0.00124858568041013 -0.00184811975269339 -527759.646821471 333037.528765385 3.25692218229191e-16 1.08564072743064e-16
6.23105095541401e-08 -0.0013373040884115 -0.00178574652483719 -511148.258943694 359361.349483398 3.26502494032049e-16 1.0883416467735e-16
6.2484076433121e-08 -0.00142291141795589 -0.0017189481623943 -493223.880310812 384856.620313208 3.27314785685579e-16 1.0910492856186e-16
6.26576433121019e-08 -0.00150518695029337 -0.00164787984106264 -474027.837687469 409457.85134203 3.28129098204928e-16 1.09376366068309e-16
6.28312101910828e-08 -0.00158391770659362 -0.00157270774564409 -453604.724372107 433101.613971069 3.28945436617724e-16 1.09648478872575e-16
6.30047770700637e-08 -0.00165889899706277 -0.00149360868398945 -432002.297381865 455726.703845086 3.29763805964101e-16 1.099212686547e-16
6.31783439490445e-08 -0.00172993495080429 -0.00141076967355433 -409271.366510814 477274.298653707 3.3058421129673e-16 1.1019473709891e-16
6.33519108280254e-08 -0.00179683902505809 -0.00132438750152646 -385465.675517305 497688.110399134 3.31406657680857e-16 1.10468885893619e-16
6.35254777070063e-08 -0.00185943449249932 -0.00123466825955288 -360641.775716445 516914.531737668 3.32231150194326e-16 1.10743716731442e-16
6.36990445859872e-08 -0.0019175549053302 -0.00114182685416153 -334858.892273291 534902.776016217 3.33057693927615e-16 1.11019231309205e-16
6.38726114649681e-08 -0.00197104453495237 -0.00104608649403457 -308178.78351124 551605.01063973 3.33886293983866e-16 1.11295431327955e-16
6.4046178343949e-08 -0.00201975878606533 -0.000947678155351604 -280665.593568263 566976.483421145 3.34716955478919e-16 1.11572318492973e-16
6.42197452229299e-08 -0.00206356458409696 -0.000846840026478283 -252385.698750999 580975.641582066 3.35549683541338e-16 1.11849894513779e-16
6.43933121019107e-08 -0.00210234073493598 -0.000743816933330527 -223407.547953288 593564.243089826 3.36384483312449e-16 1.1212816110415e-16
6.45668789808916e-08 -0.00213597825600259 -0.000638859746795811 -193801.497521386 604707.460034873 3.37221359946368e-16 1.12407119982123e-16
6.47404458598725e-08 -0.00216438067776207 -0.000532224773641204 -163639.640962868 614373.973771497 3.38060318610033e-16 1.12686772870011e-16
6.49140127388534e-08 -0.00218746431485793 -0.000424173132382363 -132995.63391008 622536.0615647 3.38901364483237e-16 1.12967121494412e-16
6.50875796178343e-08 -0.00220515850611435 -0.000314970115628842 -101944.514761763 629169.674506524 3.3974450275866e-16 1.1324816758622e-16
6.52611464968152e-08 -0.00221740582273343 -0.000204884540458456 -70562.5214383463 634254.506486263 3.405897386419e-16 1.13529912880633e-16
6.5434713375796e-08 -0.00222416224409009 -9.41880884070898e-05 -38926.9046971063 637774.054020715 3.41437077351507e-16 1.13812359117169e-16
6.56082802547769e-08 -0.00222539730060677 1.68453633098615e-05 -7115.7384630936 639715.666772894 3.42286524119013e-16 1.14095508039671e-16
6.57818471337578e-08 -0.00222109418327045 0.00012794041770242 24792.272359739 640070.588610338 3.43138084188966e-16 1.14379361396322e-16
6.59554140127387e-08 -0.00221124981943659 0.000238820839373489 56717.9861253298 638833.989077349 3.4399176281896e-16 1.14663920939653e-16
6.61289808917196e-08 -0.00219587491464762 0.000349210239667296 88582.0202520881 636004.985178999 3.4484756527967e-16 1.14949188426557e-16
6.63025477707005e-08 -0.00217499396027716 0.00045883276390368 120304.948116025 631586.653398615 3.45705496854886e-16 1.15235165618295e-16
6.64761146496814e-08 -0.00214864520689624 0.000567413778993657 151807.4965433 625586.031894547 3.46565562841539e-16 1.15521854280513e-16
6.66496815286622e-08 -0.00211688060334218 0.000674680559726536 183010.743412336 618014.112846314 3.47427768549742e-16 1.15809256183247e-16
6.68232484076431e-08 -0.0020797657015567 0.000780362972017888 213836.314874171 608885.82494467 3.48292119302817e-16 1.16097373100939e-16
6.6996815286624e-08 -0.00203737952734453 0.000884194151410984 244206.58169945 598220.006044627 3.49158620437329e-16 1.16386206812443e-16
6.71703821656049e-08 -0.00198981441728961 0.000985911175131885 274044.854261381 586039.366025005 3.50027277303122e-16 1.1667575910104e-16
6.73439490445858e-08 -0.0019371758221501 0.00108525572601016 303275.575666192 572370.439922531 3.50898095263345e-16 1.16966031754448e-16
6.75175159235667e-08 -0.00187958207713813 0.00118197474659326 331824.512545991 557243.531432899 3.51771079694496e-16 1.17257026564832e-16
6.76910828025476e-08 -0.0018171641395734 0.00127582108180281 359618.943033538 540692.646895382 3.52646235986444e-16 1.17548745328815e-16
6.78646496815284e-08 -0.00175006529448195 0.00136655410850547 386587.841444289 522755.41990156 3.5352356954247e-16 1.1784118984749e-16
6.80382165605093e-08 -0.00167844082879312 0.00145394035039953 412662.059198026 503473.026692392 3.54403085779296e-16 1.18134361926432e-16
6.82117834394902e-08 -0.00160245767486677 0.00153775407665096 437774.501520637 482890.092531211 3.55284790127121e-16 1.18428263375707e-16
6.83853503184711e-08 -0.00152229402416155 0.00161777788274918 461860.299475926 461054.589263101 3.56168688029652e-16 1.18722896009884e-16
6.8558917197452e-08 -0.00143813891193102 0.00169380325209313 484856.97688784 438017.72429361 3.57054784944142e-16 1.19018261648047e-16
6.87324840764329e-08 -0.00135019177390866 0.00176563109686278 506704.611725138 413833.821241639 3.57943086341419e-16 1.19314362113806e-16
6.89060509554138e-08 -0.00125866197601516 0.00183307227677863 527345.991533209 388560.192542711 3.58833597705921e-16 1.19611199235307e-16
6.90796178343946e-08 -0.00116376831819071 0.00189594809440387 546726.762511538 362257.004299562 3.59726324535732e-16 1.19908774845244e-16
6.92531847133755e-08 -0.00106573851352245 0.00195409076569841 564795.571850142 334987.133696966 3.60621272342613e-16 1.20207090780871e-16
6.94267515923564e-08 -0.000964808643901439 0.00200734386459261 581504.202954071 306816.019317052 3.61518446652039e-16 1.20506148884013e-16
6.96003184713373e-08 -0.000861222593504935 0.00205556274041008 596807.703201881 277811.504709833 3.62417853003231e-16 1.20805951001077e-16
6.97738853503182e-08 -0.000755231461458311 0.00209861490703342 610664.503901646 248043.675591344 3.6331949694919e-16 1.21106498983064e-16
6.99474522292991e-08 -0.000647092955086008 0.00213638040277448 623036.532126669 217584.691058563 3.64223384056734e-16 1.21407794685578e-16
7.012101910828e-08 -0.000537070765212697 0.00216875211998093 633889.314132466 186508.60922614 3.65129519906528e-16 1.21709839968843e-16
7.02945859872608e-08 -0.000425433925024213 0.00219563610348384 643192.070076775 154891.207704852 3.66037910093123e-16 1.22012636697708e-16
7.04681528662417e-08 -0.000312456154042366 0.00221695181706626 650917.799785318 122809.799355577 3.66948560224986e-16 1.22316186741662e-16
7.06417197452226e-08 -0.000198415188808743 0.00223263237721025 657043.359327662 90343.0437653978 3.6786147592454e-16 1.22620491974847e-16
7.08152866242035e-08 -8.3592101909558e-05 0.00224262475345955 661549.5281898 57570.7549042276 3.68776662828195e-16 1.22925554276065e-16
7.09888535031844e-08 3.17293889932634e-05 0.0022468899348162 664421.066852953 24573.705430975 3.69694126586381e-16 1.23231375528794e-16
7.11624203821653e-08 0.000147263620430604 0.00224540306167277 665646.764611465 -8566.57187223565 3.70613872863589e-16 1.23537957621196e-16
7.13359872611462e-08 0.000262723688975245 0.00223815352286616 665219.477486557 -41767.9850509227 3.715359073384e-16 1.23845302446133e-16
7.1509554140127e-08 0.000377822161931851 0.00222514501752476 663136.156116962 -74948.0858201845 3.72460235703524e-16 1.24153411901175e-16
7.16831210191079e-08 0.00049227179111179 0.0022063955814675 659397.863532125 -108024.273797778 3.73386863665833e-16 1.24462287888611e-16
7.18566878980888e-08 0.000605786227924697 0.00218193757800097 654009.782738582 -140914.001623695 3.74315796946396e-16 1.24771932315465e-16
7.20302547770697e-08 0.000718080738011013 0.00215181765304884 646981.214075289 -173534.98045814 3.75247041280518e-16 1.25082347093506e-16
7.22038216560506e-08 0.000828872913636453 0.0021160966546366 638325.562319047 -205805.385347586 3.76180602417769e-16 1.25393534139256e-16
7.23773885350315e-08 0.000937883382070493 0.00207484951684313 628060.31354658 -237644.059947684 3.77116486122025e-16 1.25705495374008e-16
7.25509554140123e-08 0.00104483650817655 0.00202816510841951 616207.001785365 -268970.720092074 3.78054698171503e-16 1.26018232723834e-16
7.27245222929932e-08 0.00114946108945151 0.00197614604636368 602791.165510763 -299706.1556978 3.78995244358792e-16 1.26331748119597e-16
7.28980891719741e-08 0.00125149104176663 0.0019189084748277 587842.294072431 -329772.430500874 3.79938130490896e-16 1.26646043496965e-16
7.3071656050955e-08 0.00135066607408072 0.00185658180982126 571393.764158235 -359093.079119662 3.80883362389263e-16 1.26961120796421e-16
7.32452229299359e-08 0.0014467323504195 0.00178930845026161 553482.766428955 -387593.300949203 3.81830945889824e-16 1.27276981963275e-16
7.34187898089168e-08 0.00153944313744262 0.00171724345600495 534150.22248184 -415200.150396171 3.82780886843033e-16 1.27593628947678e-16
7.35923566878977e-08 0.00162855943595136 0.00164055419357826 513440.692325553 -441842.722972121 3.83733191113893e-16 1.27911063704631e-16
7.37659235668785e-08 0.00171385059472598 0.00155941995041246 491402.272573064 -467452.33677172 3.84687864582003e-16 1.28229288194001e-16
7.39394904458594e-08 0.00179509490512171 0.00147403151845839 468086.485582708 -491962.708873006 3.85644913141587e-16 1.28548304380529e-16
7.41130573248403e-08 0.00187208017489603 0.00138459074814519 443548.159800665 -515310.126208178 3.86604342701535e-16 1.28868114233845e-16
7.42866242038212e-08 0.00194460427978821 0.00129131007371716 417845.301580682 -537433.610466055 3.87566159185436e-16 1.29188719728479e-16
7.44601910828021e-08 0.00201247569142337 0.00119441201105869 391038.958778712 -558275.076601101 3.88530368531616e-16 1.29510122843872e-16
7.4633757961783e-08 0.00207551398016877 0.00109412862918811 363193.07644138 -577779.484538776 3.89496976693176e-16 1.29832325564392e-16
7.48073248407639e-08 0.00213355029162914 0.000990700996669908 334374.344927621 -595894.983682842 3.90465989638026e-16 1.30155329879342e-16
7.49808917197447e-08 0.00218642779552986 0.00088437860426012 304652.040822516 -612573.049847221 3.91437413348924e-16 1.30479137782975e-16
7.51544585987256e-08 0.00223400210580265 0.000775418765162087 274097.861021195 -627768.614252889 3.92411253823513e-16 1.30803751274504e-16
7.53280254777065e-08 0.00227614167075689 0.000664085994329036 242785.750378567 -641440.184249133 3.93387517074356e-16 1.31129172358119e-16
7.55015923566874e-08 0.00231272813229161 0.00055065136830552 210791.723337664 -653549.955438244 3.94366209128974e-16 1.31455403042991e-16
7.56751592356683e-08 0.00234365665317732 0.000435391867151919 178193.679965391 -664063.914903316 3.95347336029886e-16 1.31782445343295e-16
7.58487261146492e-08 0.0023688362115141 0.000318589700044654 145071.216839426 -672951.935260201 3.96330903834641e-16 1.32110301278214e-16
7.60222929936301e-08 0.00238818986155167 0.000200531616189287 111505.433243959 -680187.859276796 3.97316918615861e-16 1.32438972871954e-16
7.61958598726109e-08 0.0024016549601389 8.15082027243211e-05 77578.7331447594 -685749.574825676 3.98305386461274e-16 1.32768462153758e-16
7.63694267515918e-08 0.00240918335815387 -3.8186828669934e-05 43374.6234257169 -689619.079959561 3.99296313473753e-16 1.33098771157918e-16
7.65429936305727e-08 0.00241074155635111 -0.000158257364710733 8977.50887952375 -691782.537923137 4.00289705771357e-16 1.33429901923786e-16
7.67165605095536e-08 0.00240631082514974 -0.000278405621225681 -25527.5155455453 -692230.321939331 4.01285569487363e-16 1.33761856495788e-16
7.68901273885345e-08 0.00239588728797479 -0.000398332879840358 -60054.8747327238 -690957.049633189 4.02283910770307e-16 1.34094636923436e-16
7.70636942675154e-08 0.00237948196785378 -0.000517740228822889 -94518.7251008519 -687961.606981921 4.03284735784023e-16 1.34428245261341e-16
7.72372611464963e-08 0.00235712079706105 -0.000636329306252663 -128833.167503066 -683247.161705487 4.04288050707679e-16 1.34762683569226e-16
7.74108280254771e-08 0.00232884458969405 -0.000753803043670108 -162912.46079339 -676821.166038123 4.05293861735816e-16 1.35097953911939e-16
7.7584394904458e-08 0.00229470897715752 -0.000869866408358609 -196671.235531563 -668695.348847507 4.06302175078386e-16 1.35434058359462e-16
7.77579617834389e-08 0.00225478430662387 -0.000984227142408478 -230024.707294791 -658885.697094662 4.0731299696079e-16 1.3577099898693e-16
7.79315286624198e-08 0.00220915550263015 -0.00109659649671629 -262888.889064736 -647412.426654208 4.08326333623918e-16 1.36108777874639e-16
7.81050955414007e-08 0.00215792189206432 -0.00120668995808091 -295180.802159077 -634299.942541077 4.09342191324186e-16 1.36447397108062e-16
7.82786624203816e-08 0.00210119699288512 -0.00131422796757004 -326818.685179234 -619576.788616307 4.10360576333574e-16 1.36786858777858e-16
7.84522292993625e-08 0.00203910826701092 -0.00141893662834858 -357722.200449501 -603275.586870837 4.11381494939668e-16 1.37127164979889e-16
7.86257961783433e-08 0.00197179683790324 -0.00152054840118132 -387812.637427746 -585432.966412454 4.12404953445695e-16 1.37468317815232e-16
7.87993630573242e-08 0.00189941717345965 -0.00161880278584924 -417013.112574094 -566089.482306931 4.13430958170563e-16 1.37810319390188e-16
7.89729299363051e-08 0.00182213673491873 -0.001713446986749 -445248.765171537 -545289.524450027 4.14459515448903e-16 1.38153171816301e-16
7.9146496815286e-08 0.00174013559256597 -0.00180423656098034 -472446.948601217 -523081.216672269 4.15490631631102e-16 1.38496877210367e-16
7.93200636942669e-08 0.00165360600911408 -0.00189093604726545 -498537.416585213 -499516.306303216 4.16524313083351e-16 1.3884143769445e-16
7.94936305732478e-08 0.00156275199171378 -0.00197331957408812 -523452.503920979 -474650.044446235 4.17560566187673e-16 1.39186855395891e-16
7.96671974522286e-08 0.00146778881363161 -0.0020511714454878 -547127.301244061 -448541.057238518 4.18599397341974e-16 1.39533132447325e-16
7.98407643312095e-08 0.0013689425067092 -0.00212428670299572 -569499.823369476 -421251.208394219 4.19640812960073e-16 1.39880270986691e-16
8.00143312101904e-08 0.00126644932579409 -0.00219247166225568 -590511.170776958 -392845.453350978 4.20684819471749e-16 1.4022827315725e-16
8.01878980891713e-08 0.00116055518640474 -0.00225554442293154 -610105.683821257 -363391.685361825 4.21731423322775e-16 1.40577141107592e-16
8.03614649681522e-08 0.00105151507696211 -0.00231333535056623 -628231.089265749 -332960.573895313 4.22780630974961e-16 1.40926876991654e-16
8.05350318471331e-08 0.000939592446987 -0.00236568752912391 -644838.6387557 -301625.395726778 4.23832448906193e-16 1.41277482968731e-16
8.0708598726114e-08 0.000825058572725118 -0.00241245718301624 -659883.238866624 -269461.859122786 4.24886883610474e-16 1.41628961203491e-16
8.08821656050948e-08 0.000708191901722295 -0.00245351406748717 -673323.572383238 -236547.921538954 4.25943941597961e-16 1.41981313865987e-16
8.10557324840757e-08 0.000589277377927842 -0.00248874182630608 -685122.210485473 -202963.601268587 4.27003629395009e-16 1.4233454313167e-16
8.12292993630566e-08 0.000468605748956758 -0.00251803831579816 -695245.715539818 -168790.783495633 4.28065953544209e-16 1.42688651181403e-16
8.14028662420375e-08 0.000346472857189815 -0.00254131589432211 -703664.734216885 -134113.021220588 4.2913092060443e-16 1.43043640201477e-16
8.15764331210184e-08 0.000223178916434939 -0.00255850167638909 -710354.080679473 -99015.3315418249 4.30198537150858e-16 1.43399512383619e-16
8.17499999999993e-08 9.90277759135499e-05 -0.00256953775070255 -715292.809609468 -63583.9877876464 4.31268809775036e-16 1.43756269925012e-16
8.19235668789802e-08 -2.5673826628586e-05 -0.00257438136148701 -718464.278866618 -27906.3080058631 4.32341745084907e-16 1.44113915028302e-16
8.2097133757961e-08 -0.000150617020854902 -0.00257300505256305 -719856.20159749 7929.5596719457 4.33417349704853e-16 1.44472449901618e-16
8.22707006369419e-08 -0.000275491566957806 -0.00256539677371765 -719460.687638751 43834.854265286 4.34495630275738e-16 1.44831876758579e-16
8.24442675159228e-08 -0.000399986624084042 -0.00255155994901115 -717274.274085102 79720.4212447324 4.35576593454945e-16 1.45192197818315e-16
8.26178343949037e-08 -0.000523791522167096 -0.00253151350675659 -713297.944918881 115496.933356592 4.36660245916423e-16 1.45553415305474e-16
8.27914012738846e-08 -0.000646596535254923 -0.002505291871001 -707537.139625278 151075.112426663 4.3774659435072e-16 1.4591553145024e-16
8.29649681528655e-08 -0.000768093654412776 -0.00247294491443458 -700001.750744327 186365.951593705 4.38835645465035e-16 1.46278548488345e-16
8.31385350318464e-08 -0.000887977358277216 -0.00243453787274849 -690706.110338242 221280.937420809 4.39927405983249e-16 1.46642468661083e-16
8.33121019108272e-08 -0.00100594537933843 -0.00239015122055873 -679668.965380189 255732.271331775 4.41021882645972e-16 1.47007294215324e-16
8.34856687898081e-08 -0.00112169946403381 -0.0023398805091091 -666913.442098158 289633.089819926 4.42119082210586e-16 1.47373027403529e-16
8.3659235668789e-08 -0.00123494612474644 -0.00228383616606172 -652466.999335165 322897.682878447 4.43219011451281e-16 1.4773967048376e-16
8.38328025477699e-08 -0.00134539738181743 -0.00222214325777927 -636361.371014496 355441.710104403 4.44321677159104e-16 1.48107225719701e-16
8.40063694267508e-08 -0.00145277149370124 -0.00215494121459663 -618632.497826021 387182.413933018 4.45427086141992e-16 1.48475695380664e-16
8.41799363057317e-08 -0.00155679367341806 -0.00208238351967364 -599320.448276715 418038.82946457 4.46535245224825e-16 1.48845081741608e-16
8.43535031847126e-08 -0.00165719678948655 -0.0020046373621123 -578469.329275349 447931.990353417 4.47646161249458e-16 1.49215387083153e-16
8.45270700636934e-08 -0.00175372204955472 -0.00192188325511254 -556127.186447755 476785.13023712 4.4875984107477e-16 1.4958661369159e-16
8.47006369426743e-08 -0.0018461196649849 -0.0018343146200296 -532345.894405125 504523.879193453 4.49876291576703e-16 1.49958763858901e-16
8.48742038216552e-08 -0.00193414949469232 -0.00174213733728289 -507181.037213349 531076.454724169 4.50995519648305e-16 1.50331839882768e-16
8.50477707006361e-08 -0.0020175816665835 -0.00164556926515126 -480691.77933637 556373.84677676 4.52117532199773e-16 1.50705844066591e-16
8.5221337579617e-08 -0.00209619717499314 -0.00154483972757185 -452940.727350963 580349.996329084 4.53242336158496e-16 1.51080778719499e-16
8.53949044585979e-08 -0.00216978845257305 -0.00144018897213977 -423993.782753977 602941.96707653 4.54369938469098e-16 1.51456646156366e-16
8.55684713375788e-08 -0.00223815991514704 -0.00133186759958286 -393919.986206099 624090.109777451 4.55500346093479e-16 1.51833448697826e-16
8.57420382165596e-08 -0.00230112847810889 -0.00122013596605987 -362791.35357833 643738.218829713 4.56633566010859e-16 1.52211188670286e-16
8.59156050955405e-08 -0.00235852404300787 -0.00110526355970162 -330682.70418866 661833.680669507 4.57769605217824e-16 1.52589868405941e-16
8.60891719745214e-08 -0.0024101899530372 -0.000987528352882018 -297671.481636853 678327.613602873 4.58908470728363e-16 1.52969490242788e-16
8.62627388535023e-08 -0.00245598341621466 -0.000867216131769946 -263837.567664647 693174.998700742 4.60050169573916e-16 1.53350056524639e-16
8.64363057324832e-08 -0.00249577589512246 -0.000744619804773689 -229263.089487122 706334.801409626 4.61194708803417e-16 1.53731569601139e-16
8.66098726114641e-08 -0.00252945346215328 -0.000620038691545665 -194032.221058316 717770.083552291 4.62342095483337e-16 1.54114031827779e-16
8.67834394904449e-08 -0.00255691711929308 -0.000493777794268068 -158230.978750423 727448.105415878 4.63492336697727e-16 1.54497445565909e-16
8.69570063694258e-08 -0.00257808308155673 -0.000366147052988257 -121947.011940994 735340.417648819 4.6464543954826e-16 1.54881813182753e-16
8.71305732484067e-08 -0.00259288302328092 -0.000237460586816806 -85269.3890164734 741422.942712578 4.65801411154279e-16 1.55267137051426e-16
8.73041401273876e-08 -0.00260126428656933 -0.000108035922840861 -48288.379313036 745676.045659578 4.6696025865284e-16 1.55653419550947e-16
8.74777070063685e-08 -0.00260319005127707 2.18067853594273e-05 -11095.2315271469 748084.594034686 4.68121989198753e-16 1.56040663066251e-16
8.76512738853494e-08 -0.00259863946601605 0.000151745547673016 26218.0508616791 748638.006724164 4.69286609964628e-16 1.56428869988209e-16
8.78248407643303e-08 -0.00258760773975824 0.000281457333954439 63558.9366046241 747330.291603057 4.70454128140922e-16 1.56818042713641e-16
8.79984076433111e-08 -0.00257010619371097 0.000410618875089288 100834.595575106 744160.071859497 4.71624550935977e-16 1.57208183645326e-16
8.8171974522292e-08 -0.0025461622732363 0.000538907466647163 137952.128973334 739130.600902256 4.72797885576071e-16 1.57599295192024e-16
8.83455414012729e-08 -0.00251581951968548 0.000666001773129138 174818.800274428 732249.765786057 4.7397413930546e-16 1.57991379768487e-16
8.85191082802538e-08 -0.00247913750211882 0.00079158263081037 211342.266347384 723530.079117555 4.75153319386421e-16 1.58384439795474e-16
8.86926751592347e-08 -0.00243619170898097 0.000915333847177008 247430.80817033 712988.659433475 4.763354330993e-16 1.58778477699767e-16
8.88662420382156e-08 -0.00238707339990166 0.00103694299496004 282993.560567071 700647.200071024 4.77520487742555e-16 1.59173495914185e-16
8.90398089171965e-08 -0.00233188941789113 0.00115610219877716 317940.740390932 686531.926579415 4.78708490632801e-16 1.595694968776e-16
8.92133757961773e-08 -0.00227076196229925 0.00127250891240733 352183.872584368 670673.54274994 4.79899449104857e-16 1.59966483034952e-16
8.93869426751582e-08 -0.00220382832300533 0.00138586668474075 385636.013546627 653107.165370537 4.81093370511788e-16 1.60364456837263e-16
8.95605095541391e-08 -0.00213124057640353 0.00149588591247079 418211.971247083 633872.247839139 4.82290262224954e-16 1.60763420741651e-16
8.973407643312e-08 -0.00205316524384524 0.00160228457762206 449828.521528514 613012.492798112 4.83490131634054e-16 1.61163377211351e-16
8.99076433121009e-08 -0.00196978291329468 0.00170478896804212 480404.620052732 590575.753979823 4.84692986147171e-16 1.61564328715724e-16
9.00812101910818e-08 -0.00188128782504756 0.00180313437902205 509861.609350417 566613.927480703 4.85898833190817e-16 1.61966277730272e-16
9.02547770700627e-08 -0.0017878874224539 0.00189706579425321 538123.420447879 541182.832707975 4.87107680209982e-16 1.62369226736661e-16
9.04283439490435e-08 -0.00168980186867593 0.00198633854437484 565116.768555621 514342.083269575 4.88319534668178e-16 1.62773178222726e-16
9.06019108280244e-08 -0.0015872635305986 0.00207071894141827 590771.342317108 486154.948103416 4.89534404047483e-16 1.63178134682494e-16
9.07754777070053e-08 -0.00148051643109499 0.0021499848875094 615019.986130867 456688.203167238 4.90752295848593e-16 1.63584098616198e-16
9.09490445859862e-08 -0.00136981567093068 0.00222392645625106 637798.875075123 426011.974034509 4.9197321759086e-16 1.63991072530287e-16
9.11226114649671e-08 -0.00125542682166958 0.00229234644527084 659047.681981356 394199.56976536 4.93197176812348e-16 1.64399058937449e-16
9.1296178343948e-08 -0.00113762529101966 0.00235506089848806 678709.73622161 361327.308444161 4.9442418106987e-16 1.64808060356623e-16
9.14697452229289e-08 -0.00101669566212868 0.00241189959672512 696732.173793886 327474.334797027 4.95654237939043e-16 1.65218079313014e-16
9.16433121019097e-08 -0.000892931008409167 0.00246270651536404 713066.078310582 292722.430323312 4.9688735501433e-16 1.6562911833811e-16
9.18168789808906e-08 -0.000766632185536063 0.00250734024782747 727666.612516599 257155.816394805 4.98123539909085e-16 1.66041179969695e-16
9.19904458598715e-08 -0.000638107102321875 0.00254567439374572 740493.13998633 220860.950795028 4.99362800255608e-16 1.66454266751869e-16
9.21640127388524e-08 -0.000507669972230653 0.00257759791075614 751509.336672366 183926.318188469 5.00605143705184e-16 1.66868381235061e-16
9.23375796178333e-08 -0.00037564054734476 0.00260301542896924 760683.292003125 146442.215025939 5.01850577928133e-16 1.67283525976044e-16
9.25111464968142e-08 -0.000242343336646579 0.00262184752722625 767987.599251905 108500.529407349 5.03099110613859e-16 1.67699703537953e-16
9.26847133757951e-08 -0.000108106810520917 0.00263403097036579 773399.434925834 70194.5164370111 5.04350749470895e-16 1.68116916490298e-16
9.28582802547759e-08 2.67374065770753e-05 0.00263951890681243 776900.6269499 31618.5696191463 5.05605502226954e-16 1.68535167408985e-16
9.30318471337568e-08 0.000161855353309387 0.00263828102589669 778477.711448549 -7132.01114751698 5.06863376628971e-16 1.68954458876324e-16
9.32054140127377e-08 0.000296911556489511 0.00263030367441517 778121.977955212 -45961.2544073239 5.08124380443156e-16 1.69374793481052e-16
9.33789808917186e-08 0.000431569861930638 0.00261558993203907 775829.502908512 -84772.7542402538 5.09388521455042e-16 1.69796173818347e-16
9.35525477706995e-08 0.000565494269055113 0.00259415964528151 771601.171322661 -123469.909025219 5.10655807469528e-16 1.70218602489843e-16
9.37261146496804e-08 0.000698349767198124 0.00256604941983568 765442.686548723 -161956.161284246 5.11926246310933e-16 1.70642082103644e-16
9.38996815286612e-08 0.000829803171529234 0.00253131257119957 757364.568072821 -200135.238013542 5.13199845823041e-16 1.71066615274347e-16
9.40732484076421e-08 0.000959523956511153 0.00249001903360623 747382.137327016 -237911.390904724 5.14476613869149e-16 1.7149220462305e-16
9.4246815286623e-08 0.00108718508481609 0.00244225522738242 735515.491518328 -275189.635858335 5.15756558332119e-16 1.71918852777373e-16
9.44203821656039e-08 0.00121246382962615 0.00238812388496215 721789.465511189 -311875.991191976 5.17039687114422e-16 1.72346562371474e-16
9.45939490445848e-08 0.00133504258825561 0.00232774383588533 706233.581828465 -347877.713947211 5.18326008138192e-16 1.72775336046064e-16
9.47675159235657e-08 0.00145460968504921 0.00226124975121402 688881.988865852 -383103.533702584 5.19615529345269e-16 1.73205176448423e-16
9.49410828025466e-08 0.00157086016153233 0.00218879184790155 669773.387444047 -417463.883304886 5.20908258697254e-16 1.73636086232418e-16
9.51146496815274e-08 0.00168349655181563 0.00211053555375007 648950.945852409 -450871.125936942 5.22204204175554e-16 1.74068068058518e-16
9.52882165605083e-08 0.00179222964128822 0.00202666113369223 626462.203566837 -483239.777947926 5.23503373781432e-16 1.74501124593811e-16
9.54617834394892e-08 0.00189677920667038 0.00193736327823036 602358.963853216 -514486.72688126 5.24805775536059e-16 1.7493525851202e-16
9.56353503184701e-08 0.00199687473553832 0.00184285065496302 576697.175495985 -544531.444145753 5.26111417480558e-16 1.75370472493519e-16
9.5808917197451e-08 0.00209225612347967 0.00174334542422282 549536.803918993 -573296.191787545 5.27420307676062e-16 1.75806769225354e-16
9.59824840764319e-08 0.0021826743470899 0.00163908271994117 520941.691992901 -600706.222833755 5.28732454203755e-16 1.76244151401252e-16
9.61560509554128e-08 0.00226789211107497 0.00153031009694502 490979.410849758 -626689.974693432 5.30047865164928e-16 1.76682621721643e-16
9.63296178343936e-08 0.00234768446778606 0.00141728694597719 459721.101051043 -651179.25511736 5.31366548681025e-16 1.77122182893675e-16
9.65031847133745e-08 0.00242183940757644 0.00130028387781528 427241.304480319 -674109.420235591 5.32688512893697e-16 1.77562837631232e-16
9.66767515923554e-08 0.00249015841843912 0.00117958207794444 393617.78735566 -695419.544210026 5.34013765964848e-16 1.78004588654949e-16
9.68503184713363e-08 0.00255245701345668 0.00105547263331633 358931.354780076 -715052.580059159 5.35342316076691e-16 1.7844743869223e-16
9.70238853503172e-08 0.00260856522467079 0.000928255832799802 323265.657270245 -732955.511232865 5.36674171431792e-16 1.78891390477264e-16
9.71974522292981e-08 0.00265832806205935 0.000798240442997969 286706.98972494 -749079.493537164 5.38009340253124e-16 1.79336446751041e-16
9.7371019108279e-08 0.0027016059363926 0.00066574296117238 249344.083314472 -763379.987031835 5.39347830784121e-16 1.79782610261374e-16
9.75445859872598e-08 0.00273827504482611 0.000531086847075706 211267.890791282 -775816.877547809 5.40689651288721e-16 1.80229883762907e-16
9.77181528662407e-08 0.00276822771817898 0.000394601735551687 172571.365739442 -786354.587496186 5.42034810051424e-16 1.80678270017141e-16
9.78917197452216e-08 0.00279137272893757 0.00025662263181338 133349.236297176 -794962.175666572 5.43383315377341e-16 1.81127771792447e-16
9.80652866242025e-08 0.00280763555912112 0.000117489091358673 93697.7739015914 -801613.425739047 5.44735175592243e-16 1.81578391864081e-16
9.82388535031834e-08 0.00281695862724282 -2.24556134749284e-05 53714.5576185832 -806286.923261484 5.46090399042616e-16 1.82030133014205e-16
9.84124203821643e-08 0.00281930147369986 -0.000162865338275963 13498.2346332197 -808966.120872015 5.4744899409571e-16 1.82482998031903e-16
9.85859872611452e-08 0.00281464090402801 -0.000303391920571648 -26851.7225130587 -809639.391575137 5.48810969139593e-16 1.82936989713198e-16
9.8759554140126e-08 0.00280297108955931 -0.000443686040985821 -67235.2613425719 -808300.069909184 5.50176332583199e-16 1.83392110861066e-16
9.89331210191069e-08 0.00278430362512663 -0.000583398089417537 -107551.9969149 -804946.48087264 5.51545092856384e-16 1.83848364285461e-16
9.91066878980878e-08 0.00275866754356452 -0.000722179034097867 -147701.460743185 -799581.956506855 5.52917258409976e-16 1.84305752803325e-16
9.92802547770687e-08 0.00272610928686294 -0.000859681291369984 -187583.350537545 -792214.840063207 5.54292837715825e-16 1.84764279238608e-16
9.94538216560496e-08 0.00268669263393771 -0.000995559594030442 -227097.780156352 -782858.477713463 5.55671839266863e-16 1.85223946422288e-16
9.96273885350305e-08 0.00264049858508946 -0.00112947185606775 -266145.529144021 -771531.197792956 5.57054271577146e-16 1.85684757192382e-16
9.98009554140114e-08 0.00258762520333078 -0.00126108003163797 -304628.291233496 -758256.277597215 5.58440143181915e-16 1.86146714393972e-16
9.99745222929922e-08 0.00252818741286901 -0.0013900509661259 -342448.92119259 -743061.897783675 5.59829462637643e-16 1.86609820879214e-16
1.00148089171973e-07 0.00246231675513946 -0.00151605723715498 -379511.679395967 -725981.08446109 5.61222238522093e-16 1.87074079507364e-16
1.00321656050954e-07 0.00239016110289035 -0.00163877798342843 -415722.473508627 -707051.639080074 5.62618479434366e-16 1.87539493144789e-16
1.00495222929935e-07 0.0023118843329265 -0.00175789971930949 -450989.096672442 -686316.056268848 5.64018193994957e-16 1.88006064664986e-16
1.00668789808916e-07 0.002227665958223 -0.00187311713307853 -485221.461594473 -663821.429788624 5.65421390845809e-16 1.88473796948603e-16
1.00842356687897e-07 0.00213770072022308 -0.00198413386684067 -518331.829944485 -639619.346813026 5.66828078650362e-16 1.88942692883454e-16
1.01015923566878e-07 0.00204219814223544 -0.00209066327609774 -550235.036479285 -613765.770765531 5.68238266093613e-16 1.89412755364538e-16
1.01189490445858e-07 0.00194138204494527 -0.00219242916704455 -580848.707323184 -586320.91297793 5.69651961882162e-16 1.89883987294054e-16
1.01363057324839e-07 0.00183549002515017 -0.00228916650969946 -610093.471846974 -557349.093461313 5.71069174744273e-16 1.90356391581424e-16
1.0153662420382e-07 0.00172477289892619 -0.00238062212503523 -637893.16760239 -526918.591108861 5.72489913429924e-16 1.90829971143308e-16
1.01710191082801e-07 0.00160949411052085 -0.00246655534433582 -664175.037784916 -495101.483676828 5.73914186710861e-16 1.9130472890362e-16
1.01883757961782e-07 0.00148992910835851 -0.00254673863906972 -688869.9207151 -461973.477916387 5.75342003380652e-16 1.91780667793551e-16
1.02057324840763e-07 0.00136636468962868 -0.00262095821963936 -711912.430847106 -427613.730254455 5.76773372254745e-16 1.92257790751582e-16
1.02230891719744e-07 0.00123909831500956 -0.00268901460143972 -733241.130833118 -392104.658446084 5.78208302170517e-16 1.92736100723506e-16
1.02404458598725e-07 0.00110843739515754 -0.00275072313673631 -752798.694193252 -355531.744644561 5.79646801987331e-16 1.93215600662444e-16
1.02578025477706e-07 0.000974698550667482 -0.00280591451095446 -770532.058162914 -317983.330357781 5.81088880586594e-16 1.93696293528865e-16
1.02751592356686e-07 0.000838206847278775 -0.00285443520205654 -786392.566312918 -279550.403780839 5.82534546871804e-16 1.94178182290601e-16
1.02925159235667e-07 0.000699295008168479 -0.00289614790177252 -800336.100562069 -240326.380014956 5.83983809768615e-16 1.94661269922872e-16
1.03098726114648e-07 0.000558302605234101 -0.00293093189754082 -812323.202227427 -200406.874701818 5.85436678224881e-16 1.95145559408294e-16
1.03272292993629e-07 0.000415575231325766 -0.00295868341411183 -822319.181783804 -159889.471620126 5.86893161210721e-16 1.95631053736907e-16
1.0344585987261e-07 0.000271463655439753 -0.00297931591386346 -830294.217031335 -118873.484807511 5.8835326771857e-16 1.9611775590619e-16
1.03619426751591e-07 0.000126322962932762 -0.00299276035497918 -836223.439398079 -77459.7157860047 5.89817006763234e-16 1.96605668921078e-16
1.03792993630572e-07 -1.94883171413455e-05 -0.00299896540674133 -840087.008133391 -35750.2064828776 5.91284387381945e-16 1.97094795793982e-16
1.03966560509553e-07 -0.000165609095433282 -0.00299789762129729 -841870.172177393 6152.01154918066 5.92755418634422e-16 1.97585139544807e-16
1.04140127388533e-07 -0.000311676614267501 -0.00298954156136295 -841563.319521926 48143.1709978247 5.9423010960292e-16 1.98076703200973e-16
1.04313694267514e-07 -0.000457327345981021 -0.00297389988343627 -839162.013909084 90119.0251188673 5.95708469392291e-16 1.9856948979743e-16
1.04487261146495e-07 -0.000602197895412793 -0.00295099337620298 -834667.018744527 131975.105894558 5.97190507130039e-16 1.9906350237668e-16
1.04660828025476e-07 -0.000745925904308706 -0.00292086095392762 -828084.308134247 173606.983384619 5.98676231966374e-16 1.99558743988791e-16
1.04834394904457e-07 -0.000888150955396925 -0.00288355960473427 -819425.064985334 214910.525627779 6.00165653074273e-16 2.00055217691424e-16
1.05007961783438e-07 -0.00102851547388357 -0.00283916429379335 -808705.666143244 255782.158448575 6.01658779649531e-16 2.00552926549844e-16
1.05181528662419e-07 -0.0011666656241195 -0.00278776782154337 -795947.654570328 296119.124522825 6.03155620910824e-16 2.01051873636941e-16
1.053550955414e-07 -0.00130225219919543 -0.00272948063718821 -781177.698602568 335819.741055411 6.0465618609976e-16 2.01552062033253e-16
1.05528662420381e-07 -0.00143493150123453 -0.0026644306078229 -764427.538353763 374783.655425849 6.06160484480941e-16 2.0205349482698e-16
1.05702229299361e-07 -0.00156436621016952 -0.00259276274365171 -745733.919368511 412912.098160584 6.07668525342016e-16 2.02556175114005e-16
1.05875796178342e-07 -0.00169022623881386 -0.00251463887987311 -725138.51365733 450108.132596006 6.09180317993742e-16 2.03060105997914e-16
1.06049363057323e-07 -0.0018121895720661 -0.00243023731591498 -702687.828278982 486276.900602817 6.1069587177004e-16 2.03565290590013e-16
1.06222929936304e-07 -0.00192994308811968 -0.00233975241281176 -678433.101666453 521325.863750624 6.1221519602805e-16 2.0407173200935e-16
1.06396496815285e-07 -0.00204318335959057 -0.00224339414962091 -652430.187924022 555165.03930145 6.13738300148194e-16 2.04579433382731e-16
1.06570063694266e-07 -0.00215161743251973 -0.00214138763988029 -624739.429353343 587707.230432143 6.15265193534231e-16 2.05088397844744e-16
1.06743630573247e-07 -0.00225496358125716 -0.00203397260921031 -595425.517496401 618868.250098609 6.16795885613312e-16 2.05598628537771e-16
1.06917197452228e-07 -0.00235295203728958 -0.00192140283526345 -564557.343012464 648567.137969071 6.18330385836045e-16 2.06110128612015e-16
1.07090764331209e-07 -0.00244532569013367 -0.00180394555132115 -532207.834734753 676726.369869431 6.19868703676548e-16 2.06622901225516e-16
1.07264331210189e-07 -0.00253184075848168 -0.00168188081493116 -498453.788280306 703272.059201034 6.21410848632511e-16 2.0713694954417e-16
1.0743789808917e-07 -0.00261226742985567 -0.00155550084306927 -463375.684613433 728134.149809761 6.2295683022525e-16 2.0765227674175e-16
1.07611464968151e-07 -0.00268639046710061 -0.00142510931539605 -427057.498989175 751246.59980535 6.24506657999771e-16 2.08168885999924e-16
1.07785031847132e-07 -0.00275400978012508 -0.00129102064726266 -389586.500728138 772547.555851117 6.26060341524826e-16 2.08686780508275e-16
1.07958598726113e-07 -0.00281494096138063 -0.00115355923419916 -351053.044298031 791979.517466771 6.27617890392972e-16 2.09205963464324e-16
1.08132165605094e-07 -0.00286901578365739 -0.00101305866969396 -311550.352200038 809489.490910686 6.29179314220632e-16 2.09726438073544e-16
1.08305732484075e-07 -0.00291608265886375 -0.000869860938143979 -271174.290179789 825029.132232907 6.30744622648153e-16 2.10248207549384e-16
1.08479299363056e-07 -0.0029560070565517 -0.000724315584921613 -230023.135303063 838554.879116018 6.32313825339865e-16 2.10771275113288e-16
1.08652866242037e-07 -0.00298867188104636 -0.000576778865566308 -188197.337455482 850028.071147998 6.33886931984142e-16 2.11295643994714e-16
1.08826433121017e-07 -0.00301397780613857 -0.000427612876165516 -145799.27484319 859415.058199059 6.35463952293462e-16 2.11821317431154e-16
1.08999999999998e-07 -0.00303184356640223 -0.000277184667041706 -102933.004087848 866687.296603233 6.37044896004466e-16 2.12348298668155e-16
