0 -0.00139 0 0 400000 1.33808e-16 4.46026666666667e-17
5.5050505050505e-10 -0.00135516398279609 0.00022020202020202 63280.1046456433 400000 1.37156856005847e-16 4.57189520019489e-17
1.1010101010101e-09 -0.00128549194838826 0.000434892973368787 126560.209291287 389989.070890091 1.40589524911878e-16 4.6863174970626e-17
1.65151515151515e-09 -0.00118185574902326 0.000638561792465049 188256.582332742 369967.212670273 1.44108104330599e-16 4.80360347768665e-17
2.2020202020202e-09 -0.0010459990891946 0.000825835337709076 246785.492165822 340184.972094656 1.47714744372142e-16 4.92382481240473e-17
2.75252525252525e-09 -0.000880515705514936 0.000991616323826191 300602.843748384 301143.442671456 1.51411648958137e-16 5.04705496527122e-17
3.3030303030303e-09 -0.000688805726460897 0.00113121779535239 348243.815162382 253587.994148517 1.55201077168472e-16 5.17336923894908e-17
3.85353535353535e-09 -0.000475010758089698 0.00124049069803821 388361.502178874 198495.731484333 1.5908534462176e-16 5.30284482072534e-17
4.4040404040404e-09 -0.00024392878792627 0.00131594118079593 419763.57882898 137056.840238787 1.63066824890345e-16 5.43556082967816e-17
4.95454545454545e-09 -9.10531651660782e-07 0.00135483443541949 441446.006810759 70650.1322519677 1.67147950950733e-16 5.57159836502442e-17
5.5050505050505e-09 0.00024826064767942 0.0013552821383234 452622.876216091 813.258486002189 1.71331216670319e-16 5.71104055567728e-17
6.05555555555556e-09 0.000497502653727024 0.00131631089547044 452751.533921337 -70791.7989439136 1.75619178331321e-16 5.85397261104403e-17
6.60606060606061e-09 0.000740579398959863 0.00123790950205552 441552.252808276 -142417.210056458 1.80014456192859e-16 6.00048187309531e-17
7.15656565656566e-09 0.000971253023243551 0.00112105330395246 419021.812918993 -212270.891967026 1.84519736092123e-16 6.15065786973744e-17
7.70707070707071e-09 0.00118343996641611 0.000967704478140243 385440.50227675 -278560.252392829 1.89137771085616e-16 6.30459236952055e-17
8.25757575757576e-09 0.00137136708522695 0.000780787622407033 341372.197472912 -339537.040689684 1.93871383131477e-16 6.46237943771591e-17
8.80808080808081e-09 0.00152972390856072 0.000564140647313562 287657.348808124 -393542.211637682 1.987234648139e-16 6.62411549379667e-17
9.35858585858586e-09 0.00165380712375679 0.00032244158134031 225398.867970848 -439049.679474348 2.03696981110719e-16 6.78989937035729e-17
9.90909090909091e-09 0.00173965348348401 6.11125182611198e-05 155941.093816416 -474707.83935486 2.08794971205223e-16 6.95983237350745e-17
1.0459595959596e-08 0.00178415751706473 -0.000213797461385535 80842.1894402087 -499377.761193007 2.14020550343326e-16 7.13401834477753e-17
1.1010101010101e-08 0.00178517071994502 -0.000495747990787544 1840.49697520734 -512167.016711905 2.19376911737203e-16 7.31256372457342e-17
1.15606060606061e-08 0.00174157927531168 -0.000777858809150282 -79184.4590587334 -512458.183814883 2.24867328516582e-16 7.49557761721941e-17
1.21111111111111e-08 0.00165335782540918 -0.00105307344956789 -160255.477804539 -499931.18167602 2.30495155728868e-16 7.68317185762892e-17
1.26616161616162e-08 0.00152159734739258 -0.00131433143353094 -239344.721534735 -474578.723162248 2.36263832389315e-16 7.87546107964385e-17
1.32121212121212e-08 0.00134850578796425 -0.00155474487540137 -314423.199695492 -436714.325599497 2.42176883582528e-16 8.07256278608425e-17
1.37626262626263e-08 0.00113738075913648 -0.00176777518728705 -383511.520255962 -386972.493150125 2.48237922616536e-16 8.2745974205512e-17
1.43131313131313e-08 0.000892554279236652 -0.00194740546437888 -444730.669909775 -326300.870313607 2.54450653230799e-16 8.48168844102663e-17
1.48636363636364e-08 0.000619310242507084 -0.0020883041283005 -496351.552958299 -255944.361986063 2.60818871859458e-16 8.69396239531526e-17
1.54141414141414e-08 0.000323776000284036 -0.00218597551412701 -536842.01798315 -177421.416455491 2.67346469951236e-16 8.91154899837455e-17
1.59646464646465e-08 1.27901192710228e-05 -0.00223689330551791 -564910.132482355 -92492.868765111 2.74037436347402e-16 9.13458121158006e-17
1.65151515151515e-08 -0.000306250969660843 -0.00223861304917425 -579542.528518434 -3123.93801794194 2.80895859719239e-16 9.36319532397465e-17
1.70656565656566e-08 -0.00062556412248905 -0.00218986040909592 -580036.736330139 88559.8416101762 2.8792593106653e-16 9.597531035551e-17
1.76161616161616e-08 -0.000937164594902488 -0.00209059234470334 -566026.546218905 180321.805043398 2.95131946278559e-16 9.83773154261864e-17
1.81666666666667e-08 -0.00123306083355909 -0.00194202900405588 -537499.589486312 269867.352735759 3.02518308759219e-16 1.00839436253073e-16
1.87171717171717e-08 -0.00150545431285901 -0.00174665480104231 -494806.503682408 354899.928409969 3.10089532117815e-16 1.03363177372605e-16
1.92676767676768e-08 -0.00174693954212952 -0.00150818787834152 -438661.242161122 433178.446740888 3.17850242927205e-16 1.05950080975735e-16
1.98181818181818e-08 -0.00195069924184246 -0.00123151792919419 -370132.298561121 502574.770010748 3.25805183550984e-16 1.08601727850328e-16
2.03686868686869e-08 -0.00211068968321953 -0.000922613142245856 -290624.83846477 561129.796474948 3.33959215041408e-16 1.11319738347136e-16
2.09191919191919e-08 -0.00222181130648753 -0.000588397825615917 -201853.957862962 607106.721951633 3.42317320109859e-16 1.14105773369953e-16
2.1469696969697e-08 -0.00228005997922922 -0.000236603039113996 -105809.51562253 639040.070893396 3.50884606171644e-16 1.16961535390548e-16
2.2020202020202e-08 -0.00228265462471184 0.000124406702654335 -4713.20922529623 655779.163946143 3.59666308467e-16 1.19888769489e-16
2.25707070707071e-08 -0.00222813743460146 0.000485826918016811 99031.2260720648 656524.794878627 3.68667793260215e-16 1.22889264420072e-16
2.31212121212121e-08 -0.00211644347186811 0.000838622499641359 202893.620378012 640858.02900606 3.77894561118801e-16 1.25964853706267e-16
2.36717171717172e-08 -0.00194893715582545 0.00117374806714077 304277.528224273 608760.205182425 3.87352250274753e-16 1.29117416758251e-16
2.42222222222222e-08 -0.00172841388733081 0.00148237409162023 400583.551944391 560623.420614051 3.97046640069913e-16 1.32348880023304e-16
2.47727272727273e-08 -0.0014590659010226 0.00175611327733183 489274.32375253 497250.997898139 4.06983654487582e-16 1.35661218162527e-16
2.53232323232323e-08 -0.00114641230392078 0.00198724154114424 567939.561707892 419847.671879423 4.17169365772499e-16 1.390564552575e-16
2.58737373737374e-08 -0.000797194155017424 0.00216890792410055 634359.573237291 329999.484636233 4.27609998141434e-16 1.42536666047145e-16
2.64242424242425e-08 -0.00041923633680389 0.00229532790453995 686565.578039264 229643.634192679 4.3831193158664e-16 1.46103977195547e-16
2.69747474747475e-08 -2.12788446115916e-05 0.00236195485925888 722895.26104656 121028.780131626 4.49281705774492e-16 1.49760568591497e-16
2.75252525252526e-08 0.000387219049247792 0.00236562483460169 742042.04572622 6666.56071446119 4.60526024041711e-16 1.5350867468057e-16
2.80757575757576e-08 0.000796297534166526 0.00230467033626713 743096.697375314 -110724.685048095 4.72051757491585e-16 1.57350585830528e-16
2.86262626262627e-08 0.00119573300150218 0.00217899951459773 725580.023233566 -228282.77697745 4.83865949192726e-16 1.61288649730909e-16
2.91767676767677e-08 0.00157528731197247 0.00199013789749787 689465.628193738 -343069.72647497 4.95975818482894e-16 1.65325272827631e-16
2.97272727272728e-08 0.00192496366520869 0.00174123068918485 635191.907713517 -452143.369229155 5.08388765380547e-16 1.69462921793516e-16
3.02777777777778e-08 0.00223526283297217 0.00143700459030959 563662.70841438 -552630.895204598 5.21112375106794e-16 1.73704125035598e-16
3.08282828282829e-08 0.00249743335230373 0.00108368908191551 476236.356216974 -641802.48313787 5.3415442272052e-16 1.78051474240173e-16
3.13787878787879e-08 0.00270370926577503 0.00068889812877567 374703.035479979 -717143.199281545 5.47522877869519e-16 1.82507625956506e-16
3.1929292929293e-08 0.00284752914717673 0.00026147427215998 261250.793738859 -776421.317522078 5.61225909660531e-16 1.87075303220177e-16
3.2479797979798e-08 0.00292373046264171 -0.000188701927318768 138420.738184096 -817751.261438459 5.75271891651171e-16 1.91757297217057e-16
3.3030303030303e-08 0.00292871378557671 -0.000650933194839415 9052.27468926465 -839649.458432001 5.89669406966778e-16 1.96556468988926e-16
3.35808080808081e-08 0.00286057200106372 -0.00111395282535209 -123780.489298822 -841081.530656046 6.04427253545344e-16 2.01475751181782e-16
3.41313131313131e-08 0.00271918038987116 -0.00156619240772795 -256839.807487403 -821499.42486625 6.19554449513693e-16 2.06518149837898e-16
3.46818181818182e-08 0.00250624435843449 -0.00199606380022311 -386801.231417084 -780867.300128825 6.35060238698219e-16 2.1168674623274e-16
3.52323232323232e-08 0.00222530256024465 -0.00239224865683792 -510334.642583366 -719675.244125983 6.50954096273543e-16 2.16984698757848e-16
3.57828282828283e-08 0.00188168421409081 -0.00274398844748076 -624187.454481294 -638940.170158552 6.67245734552541e-16 2.22415244850847e-16
3.63333333333333e-08 0.00148242054103718 -0.00304136772586666 -725267.95655614 -540193.551563367 6.83945108921278e-16 2.27981702973759e-16
3.68838383838384e-08 0.00103611138834428 -0.00327558338672246 -810726.717735719 -425455.971095856 7.01062423922477e-16 2.33687474640826e-16
3.74343434343434e-08 0.000552749256829875 -0.00343919282286147 -878033.963668368 -297198.792252518 7.18608139491249e-16 2.39536046497083e-16
3.79848484848485e-08 4.35040697157421e-05 -0.00352633424334055 -925050.890354113 -158293.58949411 7.36592977346875e-16 2.45530992448958e-16
3.85353535353535e-08 -0.000479526912915607 -0.00353291294199245 -950092.977623918 -11950.2966337253 7.55027927544566e-16 2.51675975848189e-16
3.90858585858586e-08 -0.00100359864739477 -0.00345674800235978 -951983.517677739 138354.660984106 7.73924255191191e-16 2.57974751730397e-16
3.96363636363636e-08 -0.00151562106849822 -0.00329767477722796 -930095.774114523 288958.702533043 7.93293507329087e-16 2.64431169109696e-16
4.01868686868687e-08 -0.00200247806377001 -0.00305759947112527 -884382.431778122 436100.097324137 8.13147519992143e-16 2.71049173330714e-16
4.07373737373737e-08 -0.00245135508280927 -0.00274050326100194 -815391.282291505 576009.629398358 8.33498425438492e-16 2.77832808479497e-16
4.12878787878788e-08 -0.00285006739845018 -0.00235239458903403 -724266.40822844 705004.743574737 8.54358659564206e-16 2.84786219854735e-16
4.18383838383838e-08 -0.00318738082065106 -0.00190120952442296 -612734.473355729 819583.878834787 8.75740969502541e-16 2.91913656500847e-16
4.23888888888889e-08 -0.00345331664759409 -0.00139666138817376 -483076.08930936 916518.632819646 8.97658421413373e-16 2.99219473804458e-16
4.29393939393939e-08 -0.00363943282738559 -0.000850042134529606 -338082.601823087 992941.396527907 9.20124408467578e-16 3.06708136155859e-16
4.3489898989899e-08 -0.00373907369824728 -0.000273979252551822 -180999.013124894 1046426.1525835 9.43152659031243e-16 3.14384219677081e-16
4.4040404040404e-08 -0.0037475812704739 0.000317846841263738 -15454.1220263399 1075060.24381175 9.66757245054702e-16 3.22252415018234e-16
4.45909090909091e-08 -0.00366246179982884 0.000911018835231251 154620.689795606 1077505.08995933 9.90952590671536e-16 3.30317530223845e-16
4.51414141414141e-08 -0.00348350236455596 0.00149072490667426 325082.276917706 1053044.05638272 1.01575348101277e-15 3.38584493670923e-16
4.56919191919192e-08 -0.00321283327712151 0.00204211954863879 491674.122128634 1001615.95512822 1.04117507124167e-15 3.47058357080558e-16
4.62424242424242e-08 -0.00285493341307566 0.00255069427016033 650130.028266784 923832.980378588 1.06723289581469e-15 3.55744298604895e-16
4.67929292929292e-08 -0.00241657689503477 0.00300264913955817 796280.647450418 820982.239823595 1.0939428779741e-15 3.64647625991365e-16
4.73434343434343e-08 -0.00190672099841738 0.00338525589312169 926160.252571047 695010.433078687 1.12132133947832e-15 3.73773779826105e-16
4.78939393939393e-08 -0.00133633661329091 0.00368720331045484 1036111.08490863 548491.638825359 1.14938501057568e-15 3.8312833685856e-16
4.84444444444444e-08 -0.000718184067748631 0.00389891576884039 1122882.60566395 384578.594131536 1.17815104022784e-15 3.92717013409281e-16
4.89949494949494e-08 -6.65385559027946e-05 0.00401283633280371 1183723.03986675 206938.272153567 1.20763700658906e-15 4.0254566886302e-16
4.95454545454545e-08 0.000603129218965266 0.00402366640631337 1216460.72865941 19672.9775679997 1.23786092774772e-15 4.12620309249241e-16
5.00959595959595e-08 0.00127451031429586 0.00392855486264436 1219572.9988574 -172771.427949208 1.26884127273674e-15 4.22947090912248e-16
5.06464646464646e-08 0.00193084473853549 0.00372723065405129 1192240.51375639 -365708.195425952 1.30059697281948e-15 4.3353232427316e-16
5.11969696969696e-08 0.00255532962030644 0.00342207416783716 1134385.38156558 -554320.956609152 1.33314743305812e-15 4.44382477686041e-16
5.17474747474747e-08 0.00313153866612507 0.00301812400995281 1046691.66121183 -733781.020744047 1.36651254417163e-15 4.55504181390543e-16
5.22979797979797e-08 0.00364384269128734 0.00252301743027554 930607.311762657 -899367.915377065 1.40071269469039e-15 4.66904231563463e-16
5.28484848484848e-08 0.0040778207260178 0.00194686421979163 788327.07226267 -1046590.23555792 1.43576878341513e-15 4.78589594471708e-16
5.33989898989898e-08 0.0044206511721199 0.00130205557067859 622756.223194636 -1171303.78462736 1.4717022321876e-15 4.90567410729199e-16
5.39494949494949e-08 0.00466147272124127 0.000603011055302919 437455.658036993 -1269823.98205856 1.50853499898091e-15 5.02844999660303e-16
5.44999999999999e-08 0.00479170524515031 -0.000134131492146071 236569.171871459 -1339029.58160459 1.54628959131745e-15 5.15429863772482e-16
5.5050505050505e-08 0.00480532162520603 -0.000891876858948135 24734.3417525836 -1376454.88648448 1.58498908002262e-15 5.28329693340872e-16
5.560101010101e-08 0.00469906248999678 -0.00165177634063725 -193021.18138928 -1380367.8658206 1.62465711332283e-15 5.41552371107611e-16
5.61515151515151e-08 0.00447258705798388 -0.00239486559933737 -411395.738885806 -1349831.86442775 1.66531793129629e-15 5.55105977098765e-16
5.67020202020201e-08 0.004128554710842 -0.00310212638544389 -624939.492973336 -1284748.95090908 1.70699638068546e-15 5.68998793561821e-16
5.72525252525252e-08 0.00367263352230866 -0.00375496116422884 -828187.113115604 -1185883.35962771 1.74971793008025e-15 5.83239310026749e-16
5.78030303030302e-08 0.00311343370098075 -0.00433566909171241 -1015794.17085253 -1054863.94166739 1.79350868548117e-15 5.97836228493724e-16
5.83535353535353e-08 0.00246236573360356 -0.00482791146116734 -1182673.9223916 -894165.038092437 1.83839540625206e-15 6.12798468750688e-16
5.89040404040403e-08 0.00173342489460105 -0.00521715470785463 -1324131.06534401 -707065.714165902 1.88440552147199e-15 6.28135173823998e-16
5.94545454545454e-08 0.000942905672141086 -0.00549107932311051 -1435989.04630342 -497587.833217112 1.93156714669644e-15 6.43855715565479e-16
6.00050505050504e-08 0.000109051503885097 -0.00563994359056225 -1514707.57169437 -270413.990416917 1.97990910113795e-15 6.59969700379318e-16
6.05555555555555e-08 -0.00074835303042675 -0.00565689191044787 -1557487.13572244 -30786.8563059974 2.02946092527684e-15 6.76486975092281e-16
6.11060606060605e-08 -0.00160843879337842 -0.00553819860869624 -1562357.62444432 215608.0160259 2.08025289891253e-15 6.93417632970845e-16
6.16565656565655e-08 -0.00244974724494114 -0.00528343951423508 -1528248.37990293 462773.400947789 2.13231605966677e-15 7.10772019888925e-16
6.22070707070706e-08 -0.00325075274111154 -0.00489558520263854 -1455037.50680493 704542.694459769 2.18568222194989e-15 7.28560740649962e-16
6.27575757575756e-08 -0.0039903995837192 -0.00438101161199351 -1343578.66822309 934730.008694649 2.24038399640171e-15 7.46794665467236e-16
6.33080808080807e-08 -0.0046486407496671 -0.00374942569734589 -1195704.13630904 1147284.50550668 2.29645480981909e-15 7.65484936606362e-16
6.38585858585857e-08 -0.00520696485868597 -0.00301370585804015 -1014203.42739207 1336445.21268384 2.35392892558211e-15 7.84642975194036e-16
6.44090909090908e-08 -0.00564889789665198 -0.00218965899862215 -802777.445112564 1496892.46022719 2.41284146459152e-15 8.04280488197175e-16
6.49595959595958e-08 -0.00596046650587577 -0.00129569821698201 -565968.666296436 1623892.0620619 2.47322842673021e-15 8.24409475576737e-16
6.55101010101009e-08 -0.00613061028557135 -0.000352447199851922 -309068.517245169 1713428.45313539 2.53512671286173e-15 8.45042237620577e-16
6.60606060606059e-08 -0.00615153150758916 0.000617720607738018 -38003.6877020939 1762323.17342026 2.59857414737947e-15 8.66191382459823e-16
6.6611111111111e-08 -0.00601897192863667 0.00159119815812446 240796.299381596 1768335.36675703 2.66360950132011e-15 8.87869833773371e-16
6.7161616161616e-08 -0.00573240794653758 0.00254370474844117 520547.417024039 1730241.32919915 2.7302725160556e-15 9.10090838685201e-16
6.77121212121211e-08 -0.00529515717266122 0.00345087684182062 794272.047958887 1647890.5916434 2.79860392757801e-15 9.32867975859338e-16
6.82626262626261e-08 -0.00471439153628322 0.00428887574838185 1054968.7706683 1522236.54586353 2.86864549139225e-15 9.56215163797418e-16
6.88131313131312e-08 -0.00400105425365489 0.00503499737933161 1295786.99046247 1355340.21034909 2.94044000803172e-15 9.80146669343908e-16
6.93636363636362e-08 -0.00316968033381436 0.00566826886555046 1510202.16631581 1150346.36946177 3.01403134921259e-15 1.0046771164042e-15
6.99141414141413e-08 -0.00223812269918126 0.0061700167801514 1692187.26291151 911431.991660416 3.08946448464261e-15 1.02982149488087e-15
7.04646464646463e-08 -0.00122718841319396 0.00652439203324475 1836376.04243565 643727.523967754 3.16678550950096e-15 1.05559516983365e-15
7.10151515151514e-08 -0.000160191869457719 0.00671883721782025 1938213.90513555 353212.353632553 3.24604167260571e-15 1.08201389086857e-15
7.15656565656564e-08 0.000937565953347967 0.00674448327003532 1994092.19188556 46586.4067760056 3.32728140528638e-15 1.10909380176213e-15
7.21161616161615e-08 0.00203938098832345 0.0065964637474936 2001462.17362518 -268879.49966294 3.41055435097898e-15 1.13685145032633e-15
7.26666666666665e-08 0.00311777929610883 0.00627413679816841 1958925.36643584 -585511.339141186 3.49591139556183e-15 1.16530379852061e-15
7.32171717171716e-08 0.00414518539618569 0.00578120695442735 1866297.31940567 -895413.844593849 3.58340469845056e-15 1.19446823281685e-15
7.37676767676766e-08 0.00509460986602532 0.0051257411968702 1724642.61493803 -1190662.56877354 3.67308772447132e-15 1.22436257482377e-15
7.43181818181817e-08 0.00594033948154031 0.00432007623980159 1536279.48506393 -1463501.48164757 3.76501527653172e-15 1.25500509217724e-15
7.48686868686867e-08 0.00665861269007373 0.0033806166363037 1304753.16779465 -1706541.29809707 3.85924352910943e-15 1.28641450970314e-15
7.54191919191918e-08 0.0072282631435579 0.00232752602330543 1034777.88798041 -1912953.59058402 3.9558300625789e-15 1.31861002085963e-15
7.59696969696968e-08 0.00763131438656237 0.00118431655953736 732148.129494374 -2076655.72317502 4.05483389839721e-15 1.35161129946574e-15
7.65202020202018e-08 0.00785350959331902 -2.26557163179057e-05 403620.65080565 -2192481.74880131 4.15631553517049e-15 1.3854385117235e-15
7.70707070707069e-08 0.00788476147027439 -0.00126477933201147 56769.4645611253 -2256334.64135162 4.260336985623e-15 1.420112328541e-15
7.76212121212119e-08 0.00771950906626997 -0.00251184700281531 -300183.265989676 -2265315.58549688 4.36696181449148e-15 1.45565393816383e-15
7.8171717171717e-08 0.00735697023049389 -0.00373277170007329 -658556.7842538 -2217826.51428514 4.47625517736787e-15 1.49208505912262e-15
7.8722222222222e-08 0.00680128078820047 -0.00489634265866622 -1009417.51902841 -2113642.65872844 4.5882838605141e-15 1.5294279535047e-15
7.92727272727271e-08 0.00606151411585107 -0.00597200340211214 -1343796.34059799 -1953952.54314028 4.70311632167346e-15 1.56770544055782e-15
7.98232323232321e-08 0.0051515776324805 -0.00693063286445898 -1652912.14410434 -1741363.6105016 4.82082273190329e-15 1.60694091063443e-15
8.03737373737372e-08 0.00408998571737566 -0.00774531013708437 -1928396.32285098 -1479872.47687916 4.94147501845459e-15 1.64715833948486e-15
8.09242424242422e-08 0.00289951164461043 -0.00839204329101276 -2162512.53584878 -1174799.67410845 5.06514690872493e-15 1.68838230290831e-15
8.14747474747473e-08 0.0016067242176992 -0.00885044313518487 -2348366.15163691 -832689.625193379 5.19191397531123e-15 1.73063799177041e-15
8.20252525252523e-08 0.000241417815516079 -0.0091043236702082 -2480097.86818585 -461177.485638704 5.32185368219019e-15 1.77395122739673e-15
8.25757575757574e-08 -0.00116405255372646 -0.00914221237522274 -2553056.26706443 -68825.3540631099 5.45504543205447e-15 1.81834847735149e-15
8.31262626262624e-08 -0.00257551692601452 -0.00895775530013223 -2563944.4560829 335068.815302022 5.59157061483355e-15 1.86385687161118e-15
8.36767676767675e-08 -0.00395780014076669 -0.00855000419208676 -2510936.48184339 740685.499018379 5.73151265742892e-15 1.91050421914297e-15
8.42272727272725e-08 -0.00527557702355263 -0.0079235755178427 -2393759.84212491 1137916.30734241 5.87495707469409e-15 1.95831902489803e-15
8.47777777777776e-08 -0.00649425272619057 -0.00708867419599289 -2213741.18460838 1516609.74060792 6.02199152169039e-15 2.00733050723013e-15
8.53282828282826e-08 -0.00758084682128991 -0.00606097805916299 -1973813.1268777 1866824.17515889 6.17270584725067e-15 2.05756861575022e-15
8.58787878787877e-08 -0.00850485911868295 -0.00486138245222004 -1678481.05398002 2179081.9282083 6.32719214888354e-15 2.10906404962785e-15
8.64292929292927e-08 -0.00923909507722648 -0.00351560785809485 -1333749.72285889 2444618.07006227 6.48554482905166e-15 2.16184827635055e-15
8.69797979797978e-08 -0.00976042914290579 -0.00205367694324159 -947010.504628463 2655617.62514629 6.64786065285859e-15 2.21595355095286e-15
8.75303030303028e-08 -0.0100504853553936 -0.000509270842809521 -526891.101583284 2805434.93472982 6.81423880717939e-15 2.27141293572646e-15
8.80808080808079e-08 -0.0100962161187545 0.00108102222632091 -83070.5609676673 2888789.24484244 6.98478096127105e-15 2.32826032042368e-15
8.86313131313129e-08 -0.00989036210253599 0.00267854991417887 373936.653314429 2901931.02931996 7.15959132889986e-15 2.38653044296662e-15
8.9181818181818e-08 -0.00943177878816253 0.00424351144281674 833022.901338945 2842774.15293851 7.3387767320237e-15 2.44625891067457e-15
8.9732323232323e-08 -0.00872561815054255 0.00573592497114886 1282750.51604364 2710989.71201614 7.52244666606804e-15 2.50748222202268e-15
9.0282828282828e-08 -0.00778335730230399 0.00711662370186791 1711629.79771775 2508058.24479241 7.71071336683574e-15 2.57023778894525e-15
9.08333333333331e-08 -0.0066226695536554 0.00834825651988689 2108405.26818733 2237277.96300696 7.90369187909129e-15 2.6345639596971e-15
9.13838383838381e-08 -0.0052671371709837 0.00939626823241737 2462343.22723851 1903727.69799116 8.10150012686165e-15 2.70050004228722e-15
9.19343434343432e-08 -0.00374580906121502 0.0102298343673828 2763513.44710274 1514184.3552583 8.30425898549648e-15 2.76808632849883e-15
9.24848484848482e-08 -0.00209261057082215 0.0108227259973819 3003057.80823659 1076995.80495254 8.5120923555318e-15 2.8373641185106e-15
9.30353535353533e-08 -0.000345616469454602 0.0111540811937008 3173438.82633738 601911.274047217 8.72512723840236e-15 2.90837574613412e-15
9.35858585858583e-08 0.00145379811065779 0.0112090614661451 3268661.34736013 99872.4215042744 8.94349381404882e-15 2.98116460468294e-15
9.41363636363634e-08 0.00326191058425449 0.0109793738812634 3284461.19057014 -417230.658776022 9.1673255204672e-15 3.05577517348907e-15
9.46868686868684e-08 0.00503368642183337 0.0104636424300309 3218455.19119835 -936833.278385604 9.39675913524934e-15 3.13225304508311e-15
9.52373737373735e-08 0.00672387340890466 0.00966761557777187 3070247.92146894 -1445993.73162647 9.63193485916401e-15 3.21064495305467e-15
9.57878787878785e-08 0.00828812873969671 0.00860420070198142 2841491.33483327 -1931707.75602303 9.87299640182989e-15 3.29099880060996e-15
9.63383838383836e-08 0.00968415155893438 0.0072933202236284 2535894.66246843 -2381232.42856787 1.01200910695327e-14 3.37336368984422e-15
9.68888888888886e-08 0.0108727927435518 0.00576158857005271 2159183.06930499 -2782411.6275962 1.03733698552399e-14 3.45778995174665e-15
9.74393939393937e-08 0.0118191135798509 0.00404181357010525 1719004.82190114 -3123994.954033 1.06329875308691e-14 3.54432917695637e-15
9.79898989898987e-08 0.0124933655612409 0.00217233036628439 1224788.00289196 -3395941.96657367 1.08991027418643e-14 3.6330342472881e-15
9.85404040404038e-08 0.0128718648107033 0.000196180322613798 687549.095353677 -3589703.749053 1.11718781041404e-14 3.72395936804678e-15
9.90909090909088e-08 0.0129377366062682 -0.00183984840134249 119657.023136346 -3698474.1958105 1.14514803034531e-14 3.81716010115103e-15
9.96414141414139e-08 0.0126815081250495 -0.00388629806059014 -465442.562213903 -3717403.96817463 1.17380801972566e-14 3.91269339908552e-15
1.00191919191919e-07 0.0121015307723576 -0.005892212307076 -1053536.84250446 -3643770.83306605 1.20318529191095e-14 4.01061763970315e-15
1.00742424242424e-07 0.0112042172610963 -0.00780637398463575 -1629982.34155736 -3477101.02896175 1.23329779856946e-14 4.1109926618982e-15
1.01292929292929e-07 0.0100040828716732 -0.00957858042996407 -2180060.6339978 -3219237.396101 1.26416394065167e-14 4.21387980217225e-15
1.01843434343434e-07 0.00852358495896505 -0.0111609253009136 -2689344.83225889 -2874351.23346793 1.29580257963459e-14 4.3193419321153e-15
1.02393939393939e-07 0.00679275967370891 -0.0125090550147535 -3144067.94936436 -2448896.17743402 1.32823304904749e-14 4.42744349682496e-15
1.02944444444444e-07 0.00484865991503355 -0.0135833677156576 -3531483.96530021 -1951503.80531204 1.36147516628612e-14 4.53825055428707e-15
1.03494949494949e-07 0.00273460360601979 -0.0143501233261354 -3840212.3778415 -1392822.11811552 1.3955492447226e-14 4.651830815742e-15
1.04045454545454e-07 0.000499246358834372 -0.0147824346754602 -4060557.20130929 -785299.515287261 1.43047610611836e-14 4.76825368706121e-15
1.04595959595959e-07 -0.00180450265691298 -0.0148611119234793 -4184791.79007317 -142918.303741079 1.46627709334779e-14 4.88759031115929e-15
1.05146464646464e-07 -0.00412069843388003 -0.0145753354745139 -4207401.50311445 519116.852249069 1.50297408344026e-14 5.00991361146752e-15
1.05696969696969e-07 -0.0063916843018576 -0.0139231362476828 -4125277.08128036 1184728.87075737 1.54058950094863e-14 5.13529833649544e-15
1.06247474747474e-07 -0.00855949208152597 -0.0129116664624157 -3937852.66398476 1837348.78424661 1.5791463316523e-14 5.26382110550767e-15
1.06797979797979e-07 -0.0105672850765503 -0.011557248919276 -3647183.60564058 2460318.10588681 1.61866813660316e-14 5.39556045534386e-15
1.07348484848485e-07 -0.0123608088619153 -0.00988519799905647 -3257960.63763536 3037303.50645383 1.65917906652317e-14 5.53059688841055e-15
1.0789898989899e-07 -0.0138898137542693 -0.00792941114678107 -2777458.42831291 3552713.73165622 1.70070387656219e-14 5.66901292187396e-15
1.08449494949495e-07 -0.015109412654932 -0.00573173532052602 -2215418.18652486 3992108.38163763 1.74326794142522e-14 5.81089313808405e-15
1.09e-07 -0.0159813386649381 -0.00334111862912184 -1583865.59615792 4342588.11833051 1.78689727087818e-14 5.95632423626059e-15
