0 -0.00139 0 0 400000 1.33808e-16 4.46026666666667e-17
1.77524429967427e-10 -0.00138637738538748 7.10097719869707e-05 20406.2878173247 400000 1.34156249187931e-16 4.47187497293103e-17
3.55048859934853e-10 -0.00137913215616243 0.000141834733682855 40812.5756346494 398958.958543791 1.34505404730466e-16 4.48351349101554e-17
5.3257328990228e-10 -0.00136827374055485 0.000212290074796568 61165.7539730113 396876.875631374 1.34855468986488e-16 4.49518229954959e-17
7.10097719869707e-10 -0.00135382099502468 0.00028219146602496 81412.7133534473 393756.460681031 1.35206444321016e-16 4.5068814773672e-17
8.87622149837133e-10 -0.00133580217972391 0.000351355540040753 101500.482519918 389603.132529332 1.35558333105228e-16 4.5186111035076e-17
1.06514657980456e-09 -0.00131425490942068 0.00041960037122866 121376.36666223 384425.012379585 1.35911137716471e-16 4.53037125721569e-17
1.24267100977199e-09 -0.00128922607994929 0.000486745952917853 140988.085279221 378232.909698759 1.36264860538279e-16 4.54216201794264e-17
1.42019543973941e-09 -0.00126077177031387 0.000552614670862237 160283.909322464 371040.301081205 1.36619503960391e-16 4.55398346534638e-17
1.59771986970684e-09 -0.00122895712063712 0.000617031771726461 179212.797261688 362863.302115905 1.36975070378765e-16 4.56583567929216e-17
1.77524429967427e-09 -0.00119385618620888 0.000679825825345407 197724.529714993 353720.63231223 1.37331562195593e-16 4.57771873985311e-17
1.95276872964169e-09 -0.00115555176795224 0.000740829179537855 215769.842289717 343633.573157457 1.37688981819322e-16 4.58963272731074e-17
2.13029315960912e-09 -0.00111413521968691 0.000799878406271252 233300.556283584 332625.9193973 1.38047331664665e-16 4.6015777221555e-17
2.30781758957655e-09 -0.00106970623263131 0.000856814737993893 250269.706900393 320723.923648638 1.3840661415262e-16 4.61355380508732e-17
2.48534201954397e-09 -0.00102237259764471 0.000911484492973311 266631.668640082 307956.234471221 1.38766831710486e-16 4.62556105701619e-17
2.6628664495114e-09 -0.000972249945770586 0.000963739488505289 282342.277529481 294353.828042513 1.39127986771879e-16 4.63759955906263e-17
2.84039087947883e-09 -0.000919461467699664 0.00101343744088649 297358.949867398 279949.933596849 1.3949008177675e-16 4.64966939255833e-17
3.01791530944625e-09 -0.000864137612828185 0.0010604423510753 311640.797165943 264779.95280672 1.39853119171399e-16 4.66177063904663e-17
3.19543973941368e-09 -0.000806415768641355 0.00110462487499994 325148.736979022 248881.373300248 1.40217101408493e-16 4.67390338028309e-17
3.37296416938111e-09 -0.000746439921205271 0.00114586267751002 337845.599318862 232293.676524665 1.40582030947082e-16 4.68606769823606e-17
3.55048859934853e-09 -0.00068436029760175 0.00118404076900793 349696.228372129 215058.240180871 1.40947910252617e-16 4.69826367508722e-17
3.72801302931596e-09 -0.000620332991189672 0.00121905182383872 360667.579238675 197218.235468885 1.41314741796964e-16 4.71049139323213e-17
3.90553745928339e-09 -0.000554519570623431 0.00125079647956249 370728.809428182 178818.51939808 1.41682528058424e-16 4.72275093528081e-17
4.08306188925081e-09 -0.000487086673603788 0.00127918361628046 379851.364862945 159905.522429665 1.42051271521747e-16 4.73504238405825e-17
4.26058631921824e-09 -0.000418205586378703 0.00130413061523608 388009.060148643 140527.131731673 1.42420974678151e-16 4.74736582260502e-17
4.43811074918567e-09 -0.000348051810051451 0.00132556359596399 395178.152889292 120732.570338866 1.42791640025335e-16 4.75972133417782e-17
4.61563517915309e-09 -0.000276804614790407 0.00134341763131388 401337.411837443 100572.272521422 1.43163270067501e-16 4.77210900225002e-17
4.79315960912052e-09 -0.000204646583069236 0.00135763693973209 406468.17868623 80097.7556768843 1.43535867315367e-16 4.78452891051224e-17
4.97068403908795e-09 -0.000131763143097701 0.00136817505424122 410554.42332589 59361.4890697469 1.43909434286188e-16 4.79698114287293e-17
5.14820846905537e-09 -5.83420936318542e-05 0.0013749949676174 413582.792403946 38416.7597520872 1.44283973503766e-16 4.80946578345888e-17
5.3257328990228e-09 1.54268786221019e-05 0.00137806925332546 415542.651045221 17317.5360068677 1.44659487498476e-16 4.82198291661588e-17
5.50325732899023e-09 8.93526877735365e-05 0.00137738016183401 416426.117605329 -3881.67133713953 1.45035978807276e-16 4.8345326269092e-17
5.68078175895765e-09 0.000163243342426704 0.00137291969199588 416228.091349034 -25125.9493634032 1.45413449973726e-16 4.84711499912421e-17
5.85830618892508e-09 0.000236906443001578 0.0013646896372431 414946.272963051 -46360.1249377134 1.45791903548009e-16 4.85973011826696e-17
6.0358306188925e-09 0.000310149681411357 0.00135270160641069 412581.177831236 -67528.907624739 1.46171342086942e-16 4.87237806956472e-17
6.21335504885993e-09 0.000382781341802314 0.00133697701906913 409136.142018786 -88577.0332818265 1.46551768153997e-16 4.88505893846656e-17
6.39087947882736e-09 0.00045461080105552 0.0013175470753111 404617.320930902 -109449.407958089 1.46933184319319e-16 4.89777281064398e-17
6.56840390879478e-09 0.000525449027747224 0.00129445270000486 399033.68063033 -130091.251725067 1.47315593159742e-16 4.91051977199141e-17
6.74592833876221e-09 0.000595109078265276 0.00126774446159277 392396.981817286 -150448.242064439 1.47698997258806e-16 4.92329990862685e-17
6.92345276872964e-09 0.000663406588783001 0.00123748246558007 384721.756494342 -170466.656438472 1.48083399206773e-16 4.93611330689243e-17
7.10097719869706e-09 0.000730160261799322 0.0012037362229253 376025.277357991 -190093.513669997 1.48468801600649e-16 4.94896005335497e-17
7.27850162866449e-09 0.000795192345964726 0.00116658449360944 366327.5199776 -209276.713760889 1.48855207044199e-16 4.96184023480663e-17
7.45602605863192e-09 0.000858329107926804 0.00112611510572649 355651.117841428 -227965.175781063 1.49242618147963e-16 4.97475393826543e-17
7.63355048859934e-09 0.000919401294946555 0.0010824247505024 344021.31036814 -246108.973464126 1.49631037529276e-16 4.98770125097586e-17
7.81107491856677e-09 0.000978244587057447 0.00103561875371342 331465.884000802 -263659.46815079 1.50020467812284e-16 5.00068226040948e-17
7.9885993485342e-09 0.00103470003756321 0.000985810824037097 318015.106518682 -280569.438727151 1.50410911627966e-16 5.01369705426552e-17
8.16612377850163e-09 0.00108861450069757 0.000933122778931086 303701.654720153 -296793.208211844 1.50802371614143e-16 5.02674572047142e-17
8.34364820846905e-09 0.00113984104529951 0.000877684248694484 288560.535647658 -312286.766653887 1.51194850415505e-16 5.0398283471835e-17
8.52117263843648e-09 0.00118823935339101 0.000819632359425296 272629.001542956 -327007.890011756 1.51588350683625e-16 5.05294502278749e-17
8.69869706840391e-09 0.0012336761025806 0.000759111395644141 255946.458737666 -340916.254693845 1.51982875076974e-16 5.06609583589915e-17
8.87622149837134e-09 0.00127602533125543 0.00069627244340937 238554.370700448 -353973.547450909 1.52378426260947e-16 5.07928087536489e-17
9.05374592833876e-09 0.00131516878556667 0.000631273014801649 220496.155477942 -366143.570322395 1.5277500690787e-16 5.09250023026235e-17
9.23127035830619e-09 0.00135099624725757 0.000564276654706829 201817.077781788 -377392.340350636 1.5317261969703e-16 5.10575398990099e-17
9.40879478827362e-09 0.00138340584143145 0.000495452530874437 182564.135988665 -387688.183789802 1.53571267314681e-16 5.11904224382271e-17
9.58631921824105e-09 0.00141230432340609 0.000424975008275158 162785.944334189 -397001.824550067 1.53970952454074e-16 5.13236508180247e-17
9.76384364820847e-09 0.00143760734385369 0.000353023208824234 142532.61059476 -405306.466631813 1.54371677815466e-16 5.14572259384886e-17
9.9413680781759e-09 0.00145923969147987 0.000279780557578556 121855.60956398 -412577.870319691 1.54773446106142e-16 5.15911487020472e-17
1.01188925081433e-08 0.00147713551255149 0.000205434316553317 100807.652641974 -418794.421921987 1.55176260040434e-16 5.17254200134779e-17
1.02964169381108e-08 0.00149123850664187 0.000130175107339291 79442.5538668987 -423937.196856989 1.55580122339737e-16 5.18600407799125e-17
1.04739413680782e-08 0.00150150209802193 5.41964237340299e-05 57815.0927280648 -427990.015904867 1.55985035732532e-16 5.19950119108439e-17
1.06514657980456e-08 0.00150788958218792 -2.2305864370584e-05 35980.8741093245 -430939.494460853 1.56391002954396e-16 5.2130334318132e-17
1.0828990228013e-08 0.00151037424707954 -9.91340145759974e-05 13996.1857197731 -432775.084643338 1.5679802674803e-16 5.226600891601e-17
1.10065146579805e-08 0.00150893946860725 -0.000176088921748681 -8082.14662372447 -433489.110128694 1.57206109863271e-16 5.24020366210904e-17
1.11840390879479e-08 0.00150357878017316 -0.000252970632665215 -30196.9054911297 -433076.79360323 1.57615255057114e-16 5.25384183523712e-17
1.13615635179153e-08 0.00149429591593694 -0.000329578864204037 -52290.6297343088 -431536.276741618 1.58025465093727e-16 5.26751550312424e-17
1.15390879478827e-08 0.00148110482764582 -0.000405713523744424 -74305.7634013242 -428868.63264035 1.58436742744475e-16 5.28122475814917e-17
1.17166123778502e-08 0.00146402967491607 -0.000481175230424082 -96184.8052850279 -425077.870654216 1.58849090787934e-16 5.29496969293114e-17
1.18941368078176e-08 0.00144310478892209 -0.000555765835900919 -117870.458718392 -420170.933603467 1.59262512009913e-16 5.30875040033042e-17
1.2071661237785e-08 0.00141837460951854 -0.000629288943262411 -139305.781227358 -414157.687339048 1.59677009203468e-16 5.32256697344894e-17
1.22491856677525e-08 0.00138989359588988 -0.000701550422727196 -160434.333651353 -407050.902673191 1.60092585168929e-16 5.33641950563096e-17
1.24267100977199e-08 0.00135772611089105 -0.000772358922788391 -181200.32834198 -398866.229702516 1.6050924271391e-16 5.35030809046367e-17
1.26042345276873e-08 0.00132194627931183 -0.000841526375456474 -201548.776051782 -389622.164570665 1.60926984653335e-16 5.36423282177782e-17
1.27817589576547e-08 0.00128263782036576 -0.000908868494271403 -221425.631127377 -379340.00873731 1.61345813809452e-16 5.37819379364839e-17
1.29592833876222e-08 0.00123989385477278 -0.000974205263769061 -240777.934624677 -368043.820840015 1.61765733011855e-16 5.39219110039517e-17
1.31368078175896e-08 0.00119381668687125 -0.00103736141910586 -259553.9549683 -355760.361254984 1.62186745097503e-16 5.40622483658345e-17
1.3314332247557e-08 0.00114451756226161 -0.00109816691456764 -277703.325782712 -342519.029481964 1.62608852910739e-16 5.42029509702462e-17
1.34918566775244e-08 0.00109211640154881 -0.00115645737971461 -295177.180529011 -328351.794497588 1.63032059303305e-16 5.43440197677684e-17
1.36693811074919e-08 0.00103674151081401 -0.0012120745619429 -311928.283588643 -313293.118240135 1.6345636713437e-16 5.44854557114566e-17
1.38469055374593e-08 0.000978529269508874 -0.00126486675427573 -327911.157443632 -297379.87240695 1.6388177927054e-16 5.46272597568467e-17
1.40244299674267e-08 0.000917623796525606 -0.00131468920723215 -343082.20561217 -280651.248763683 1.64308298585885e-16 5.47694328619616e-17
1.42019543973942e-08 0.000854176595255354 -0.0013614045236602 -357399.831008579 -263148.663181871 1.64735927961952e-16 5.49119759873174e-17
1.43794788273616e-08 0.000788346178503831 -0.00140488303546244 -370824.549407662 -244915.653638311 1.65164670287791e-16 5.50548900959303e-17
1.4557003257329e-08 0.000720297674188044 -0.00144500316118627 -383319.097705441 -225997.772425955 1.65594528459967e-16 5.51981761533225e-17
1.47345276872964e-08 0.000650202412790288 -0.00148165174349858 -394848.536680937 -206442.472841818 1.66025505382588e-16 5.53418351275293e-17
1.49120521172639e-08 0.000578237497595627 -0.00151472436561411 -405380.347977263 -186298.990632417 1.66457603967316e-16 5.54858679891054e-17
1.50895765472313e-08 0.000504585358786559 -0.0015441256457991 -414884.525034569 -165618.220491638 1.66890827133394e-16 5.56302757111313e-17
1.52671009771987e-08 0.000429433292513358 -0.00156976950912685 -423333.657722432 -144452.587919615 1.67325177807661e-16 5.57750592692203e-17
1.54446254071662e-08 0.000352972986100622 -0.00159157943571851 -430703.010435045 -122855.916764003 1.67760658924574e-16 5.59202196415247e-17
1.56221498371336e-08 0.000275400030589626 -0.00160948868476202 -436970.593428914 -100883.292777188 1.68197273426228e-16 5.60657578087425e-17
1.5799674267101e-08 0.000196913421852195 -0.00162344049366303 -442117.227199841 -78590.9235341444 1.68635024262373e-16 5.62116747541242e-17
1.59771986970684e-08 0.000117715051544748 -0.00163338825174479 -446126.599713508 -56035.9950660507 1.69073914390437e-16 5.63579714634791e-17
1.61547231270359e-08 3.80091892009177e-05 -0.00163929564797865 -448985.316322128 -33276.525574255 1.69513946775547e-16 5.65046489251824e-17
1.63322475570033e-08 -4.1998043212411e-05 -0.00164113679229323 -450682.9422182 -10371.2165977002 1.69955124390544e-16 5.66517081301815e-17
1.65097719869707e-08 -0.000122099202927731 -0.00163889631007757 -451212.037295472 12620.6979854581 1.70397450216009e-16 5.67991500720028e-17
1.66872964169381e-08 -0.000202086062830695 -0.00163256940956278 -450568.183306605 35639.6047346902 1.70840927240276e-16 5.69469757467588e-17
1.68648208469056e-08 -0.000281750151351418 -0.00162216192183603 -448750.003226825 58625.6648093995 1.71285558459462e-16 5.7095186153154e-17
1.7042345276873e-08 -0.000360883294397123 -0.00160769031331163 -445759.172752869 81518.9691190795 1.71731346877477e-16 5.72437822924925e-17
1.72198697068404e-08 -0.000439278157921006 -0.00158918167055503 -441600.42388683 104259.694060099 1.72178295506053e-16 5.73927651686842e-17
1.73973941368079e-08 -0.000516728789716892 -0.00156667365742727 -436281.540574988 126788.257435317 1.72626407364755e-16 5.75421357882518e-17
1.75749185667753e-08 -0.000593031159027574 -0.00154021444458935 -429813.346392283 149045.474151214 1.73075685481013e-16 5.76918951603377e-17
1.77524429967427e-08 -0.00066798369255678 -0.00150986261147818 -422209.684283785 170972.711286735 1.73526132890132e-16 5.78420442967106e-17
1.79299674267101e-08 -0.000741387805480362 -0.00147568702093744 -413487.388395221 192512.042128627 1.73977752635317e-16 5.79925842117724e-17
1.81074918566776e-08 -0.000813048426061689 -0.00143776666675845 -403666.248045277 213606.398769694 1.74430547767696e-16 5.81435159225653e-17
1.8285016286645e-08 -0.000882774512489239 -0.00139619049445759 -392768.963912985 234199.722869073 1.74884521346334e-16 5.82948404487781e-17
1.84625407166124e-08 -0.000950379560571003 -0.00135105719568669 -380821.096533975 254237.114177375 1.75339676438261e-16 5.84465588127537e-17
1.86400651465798e-08 -0.00101568210094061 -0.00130247497674313 -367851.007219601 273664.976434329 1.75796016118487e-16 5.85986720394958e-17
1.88175895765473e-08 -0.00107850618445379 -0.00125056130171462 -353889.791533001 292431.160252369 1.76253543470026e-16 5.87511811566755e-17
1.89951140065147e-08 -0.00113868185448126 -0.00119544261086103 -338971.205475841 310485.102606457 1.76712261583916e-16 5.89040871946388e-17
1.91726384364821e-08 -0.00119604560483455 -0.00113725401490199 -323131.584558893 327777.962558271 1.7717217355924e-16 5.90573911864132e-17
1.93501628664496e-08 -0.00125044082209578 -0.00107613896594297 -306409.755948542 344262.752851714 1.77633282503144e-16 5.92110941677147e-17
1.9527687296417e-08 -0.00130171821115943 -0.00101224890583566 -288846.943899851 359894.467026519 1.78095591530865e-16 5.93651971769549e-17
1.97052117263844e-08 -0.00134973620283504 -0.000945742892828958 -270486.668704836 374630.201707456 1.78559103765744e-16 5.95197012552479e-17
1.98827361563518e-08 -0.00139436134240317 -0.000876787207425904 -251374.639402074 388429.273738307 1.79023822339253e-16 5.96746074464176e-17
2.00602605863193e-08 -0.00143546865806385 -0.000805554938418061 -231558.640510628 401253.331842344 1.79489750391013e-16 5.98299167970043e-17
2.02377850162867e-08 -0.00147294200826639 -0.000732225550123294 -211088.41306754 413066.462504465 1.79956891068817e-16 5.99856303562723e-17
2.04153094462541e-08 -0.00150667440696141 -0.000656984431904246 -190015.530263664 423835.289784362 1.8042524752865e-16 6.01417491762166e-17
2.05928338762215e-08 -0.00153656832587123 -0.00058002243109385 -168393.267987467 433529.068785166 1.8089482293471e-16 6.02982743115699e-17
2.0770358306189e-08 -0.00156253597293223 -0.0005015353705003 -146276.47060045 442119.772517797 1.81365620459431e-16 6.04552068198104e-17
2.09478827361564e-08 -0.0015844995461222 -0.000421723551707086 -123721.412281129 449582.171917735 1.81837643283504e-16 6.06125477611682e-17
2.11254071661238e-08 -0.00160239146194837 -0.000340791245423844 -100785.654286901 455893.908788171 1.82310894595898e-16 6.07702981986327e-17
2.13029315960913e-08 -0.00161615455793521 -0.000258946170180721 -77527.8984946595 461035.561461261 1.8278537759388e-16 6.092845919796e-17
2.14804560260587e-08 -0.00162574226851744 -0.000176398960692686 -54007.8375916585 464990.702987647 1.8326109548304e-16 6.108703182768e-17
2.16579804560261e-08 -0.00163111877381135 -9.33626272505258e-05 -30286.0022977933 467745.951683364 1.8373805147731e-16 6.12460171591034e-17
2.18355048859935e-08 -0.00163225912080647 -1.0052007522168e-05 -6423.60600919538 469291.013882676 1.84216248798988e-16 6.14054162663292e-17
2.2013029315961e-08 -0.00162914931659055 7.33167878286748e-05 17517.6127392397 469618.718765298 1.84695690678755e-16 6.15652302262517e-17
2.21905537459284e-08 -0.00162178639329234 0.000156526934279803 41475.5495880595 468725.045146724 1.85176380355704e-16 6.17254601185681e-17
2.23680781758958e-08 -0.00161017844449962 0.000239361455900932 65387.895034191 466609.140141035 1.85658321077357e-16 6.18861070257855e-17
2.25456026058632e-08 -0.00159434463298338 0.000321603789661978 89192.2960639719 463273.329626443 1.86141516099686e-16 6.20471720332286e-17
2.27231270358307e-08 -0.0015743151696334 0.00040303835013541 112826.518320091 458723.12046502 1.86625968687139e-16 6.22086562290463e-17
2.29006514657981e-08 -0.00155013126358517 0.000483451093123976 136228.608381767 452967.194449354 1.8711168211266e-16 6.237056070422e-17
2.30781758957655e-08 -0.00152184504359293 0.000562630076744124 159337.055736116 446017.393970374 1.87598659657711e-16 6.25328865525702e-17
2.3255700325733e-08 -0.0014895194507786 0.000640366018498207 182090.954018347 437888.699422083 1.88086904612293e-16 6.26956348707643e-17
2.34332247557004e-08 -0.0014532281029613 0.000716452846875203 204430.16109925 428599.198380509 1.88576420274971e-16 6.28588067583238e-17
2.36107491856678e-08 -0.00141305513084659 0.000790688246030103 226295.457600318 418170.046615676 1.89067209952896e-16 6.30224033176318e-17
2.37882736156352e-08 -0.0013690949864284 0.000862874192106377 247628.703419877 406625.421016812 1.89559276961822e-16 6.31864256539407e-17
2.39657980456027e-08 -0.00132145222403022 0.00093281747978393 268372.991857652 393992.46453227 1.90052624626138e-16 6.33508748753793e-17
2.41433224755701e-08 -0.00127024125448394 0.00100033023765671 288472.800930409 380301.22324666 1.9054725627888e-16 6.35157520929602e-17
2.43208469055375e-08 -0.00121558607301643 0.00106523043106957 307874.141477539 365584.575738521 1.91043175261763e-16 6.36810584205878e-17
2.44983713355049e-08 -0.00115761996148346 0.0011273423510731 326524.701662776 349878.154882265 1.91540384925196e-16 6.38467949750655e-17
2.46758957654724e-08 -0.0010964851656593 0.00118649708818765 344373.987486581 333220.262278273 1.9203888862831e-16 6.40129628761032e-17
2.48534201954398e-08 -0.00103233254835684 0.00124253298970409 361373.458933118 315651.775514646 1.92538689738975e-16 6.41795632463252e-17
2.50309446254072e-08 -0.000965321219218259 0.00129529609928826 377476.661386121 297216.048483317 1.93039791633831e-16 6.43465972112772e-17
2.52084690553747e-08 -0.000895618142078901 0.00134464057769888 392639.351959318 277958.804991897 1.93542197698303e-16 6.45140658994344e-17
2.53859934853421e-08 -0.000823397720867937 0.00139042910347484 406819.620399378 257928.025930673 1.94045911326627e-16 6.46819704422091e-17
2.55635179153095e-08 -0.000748841365067684 0.00143253325249701 419978.004232618 237173.830271662 1.94550935921874e-16 6.48503119739582e-17
2.57410423452769e-08 -0.000672137035809306 0.0014708338553815 432077.59784077 215748.350193371 1.95057274895972e-16 6.50190916319906e-17
2.59185667752444e-08 -0.000593478773735833 0.00150522133171679 443084.155166167 193705.600640978 1.95564931669726e-16 6.51883105565754e-17
2.60960912052118e-08 -0.000513066209813837 0.00153559600021437 452966.185762436 171101.343646936 1.96073909672848e-16 6.53579698909494e-17
2.62736156351792e-08 -0.000431104060322547 0.00156186836390315 461695.043923412 147992.947751476 1.96584212343974e-16 6.55280707813247e-17
2.64511400651466e-08 -0.000347801607293571 0.00158395936956032 469245.010640289 124439.242876142 1.9709584313069e-16 6.56986143768966e-17
2.66286644951141e-08 -0.000263372165715559 0.00160180064063649 475593.36815504 100500.371016219 1.97608805489553e-16 6.58696018298511e-17
2.68061889250815e-08 -0.000178032538856029 0.00161533468299992 480720.466896803 76237.633129762 1.9812310288612e-16 6.60410342953732e-17
2.69837133550489e-08 -9.20024630869988e-05 0.00162451506289355 484609.784607197 51713.3326118249 1.98638738794963e-16 6.62129129316542e-17
2.71612377850164e-08 -5.50404363201436e-06 0.00162930655656945 487247.977480371 26990.6157523594 1.99155716699699e-16 6.63852388998997e-17
2.73387622149838e-08 8.12388173205338e-05 0.00162968527113751 488624.923163895 2133.30958517485 1.99674040093012e-16 6.65580133643374e-17
2.75162866449512e-08 0.000168000998669273 0.00162563873623882 488733.755487391 -22794.2424568267 2.00193712476676e-16 6.67312374922254e-17
2.76938110749186e-08 0.000254556743128498 0.00161716596622948 487570.890807012 -47727.346658121 2.00714737361577e-16 6.69049124538592e-17
2.78713355048861e-08 0.000340680243129172 0.00160427749263594 485136.045875354 -72601.1264810142 2.01237118267741e-16 6.70790394225804e-17
2.80488599348535e-08 0.000426146228375656 0.00158699536672028 481432.247168271 -97350.6909377425 2.01760858724353e-16 6.72536195747843e-17
2.82263843648209e-08 0.000510730553533315 0.0015653531320708 476465.831622043 -121911.303438385 2.02285962269784e-16 6.74286540899279e-17
2.84039087947884e-08 0.000594210784517806 0.00153939576721131 470246.438756671 -146218.550676386 2.02812432451614e-16 6.76041441505378e-17
2.85814332247558e-08 0.000676366781856541 0.00150917959830051 462786.994183335 -170208.511112238 2.03340272826655e-16 6.77800909422184e-17
2.87589576547232e-08 0.000756981279596449 0.00147477218207067 454103.684516548 -193817.922615787 2.03869486960979e-16 6.79564956536595e-17
2.89364820846906e-08 0.000835840458239766 0.001436252159233 444215.923733914 -216984.348828668 2.04400078429935e-16 6.81333594766448e-17
2.91140065146581e-08 0.000912734510201195 0.00139370907865426 433146.311048782 -239646.34381055 2.04932050818179e-16 6.83106836060597e-17
2.92915309446255e-08 0.00098745819629531 0.0013472431926861 420920.580383363 -261743.614536235 2.05465407719698e-16 6.84884692398994e-17
2.94690553745929e-08 0.00105981139178254 0.00129696522410492 407567.54155193 -283217.180815081 2.06000152737831e-16 6.86667175792769e-17
2.96465798045603e-08 0.00112959962052543 0.0012429961051947 393119.01328562 -304009.532209851 2.06536289485294e-16 6.88454298284315e-17
2.98241042345278e-08 0.00119663457583399 0.00118546668957951 377609.748251909 -324064.781538774 2.07073821584209e-16 6.90246071947362e-17
3.00016286644952e-08 0.00126073462661004 0.0011245174374847 361077.350243063 -343328.814552414 2.0761275266612e-16 6.92042508887068e-17
3.01791530944626e-08 0.00132172530743485 0.00106029807517679 343562.183728719 -361749.435385856 2.08153086372028e-16 6.93843621240094e-17
3.03566775244301e-08 0.0013794397912829 0.000992967229401165 325107.275988123 -379276.507396648 2.08694826352406e-16 6.95649421174686e-17
3.05342019543975e-08 0.00143371934358625 0.000922692037703959 305758.212057409 -395862.089009948 2.09237976267229e-16 6.97459920890762e-17
3.07117263843649e-08 0.00148441375641913 0.000849647735589509 285563.022746647 -411460.564204334 2.09782539785997e-16 6.99275132619991e-17
3.08892508143323e-08 0.00153138176162109 0.000774017221527564 264572.066000066 -426028.767284717 2.10328520587762e-16 7.01095068625874e-17
3.10667752442998e-08 0.00157449142172876 0.000695990600884727 242837.901890886 -439526.101602771 2.10875922361149e-16 7.02919741203832e-17
3.12442996742672e-08 0.0016136204976408 0.00061576470991223 220415.161559554 -451914.651900123 2.11424748804385e-16 7.04749162681283e-17
3.14218241042346e-08 0.00164865679199887 0.000533542620977015 197360.410420704 -463159.289965339 2.1197500362532e-16 7.06583345417732e-17
3.1599348534202e-08 0.00167949846732756 0.000449533130274992 173732.005979953 -473227.773312314 2.12526690541455e-16 7.08422301804849e-17
3.17768729641695e-08 0.00170605433803961 0.000363950229314154 149589.950616546 -482090.836605084 2.13079813279966e-16 7.10266044266553e-17
3.19543973941369e-08 0.00172824413547855 0.000277012561500842 124995.739701901 -489722.275572236 2.1363437557773e-16 7.121145852591e-17
3.21319218241043e-08 0.00174599874523857 0.000188942865204662 100012.205437195 -496099.023172977 2.14190381181349e-16 7.13967937271164e-17
3.23094462540718e-08 0.00175926041607209 9.99674047163637e-05 74703.3568052913 -501201.217796469 2.14747833847177e-16 7.15826112823922e-17
3.24869706840392e-08 0.00176798293976709 1.03153905481472e-05 49134.2160434203 -505012.263296192 2.15306737341341e-16 7.17689124471138e-17
3.26644951140066e-08 0.0017721318014508 -7.97816094426035e-05 23370.6520531687 -507518.880681843 2.15867095439775e-16 7.1955698479925e-17
3.2842019543974e-08 0.00177168429985128 -0.000170090266597434 -2520.78882663176 -508711.151312532 2.16428911928235e-16 7.21429706427451e-17
3.30195439739415e-08 0.00176662963712602 -0.000260376094136169 -28473.0542505472 -508582.551456725 2.16992190602334e-16 7.2330730200778e-17
3.31970684039089e-08 0.00175696897794431 -0.000350404054418925 -54418.7590602854 -507129.978106537 2.1755693526756e-16 7.25189784225201e-17
3.33745928338763e-08 0.00174271547758976 -0.000439939169222264 -80290.3597953743 -504353.765956423 2.18123149739308e-16 7.27077165797695e-17
3.35521172638437e-08 0.00172389427892912 -0.000528747131449005 -106020.33007002 -500257.69547907 2.18690837842902e-16 7.2896945947634e-17
3.37296416938112e-08 0.00170054247817431 -0.000616594916683405 -131541.336361964 -494848.992054329 2.19260003413621e-16 7.30866678045402e-17
3.39071661237786e-08 0.00167270905944548 -0.000703251392999667 -156786.413756898 -488138.316130134 2.19830650296726e-16 7.3276883432242e-17
3.4084690553746e-08 0.00164045479822428 -0.000788487927432127 -181689.141190938 -480139.744417711 2.20402782347486e-16 7.34675941158288e-17
3.42622149837135e-08 0.00160385213386764 -0.00087207898752005 -206183.815733749 -470870.742146649 2.20976403431205e-16 7.3658801143735e-17
3.44397394136809e-08 0.00156298501143322 -0.000953802736348616 -230205.625456254 -460352.126428806 2.21551517423245e-16 7.38505058077482e-17
3.46172638436483e-08 0.00151794869314854 -0.00103344161952053 -253690.820429313 -448608.020803237 2.22128128209053e-16 7.40427094030178e-17
3.47947882736157e-08 0.00146884953993522 -0.00111078294250956 -276576.881403491 -435665.801057503 2.22706239684193e-16 7.42354132280642e-17
3.49723127035832e-08 0.00141580476347918 -0.00118561943686845 -298802.685724853 -421556.032443658 2.23285855754362e-16 7.44286185847872e-17
3.51498371335506e-08 0.00135894214941532 -0.00125774981378842 -320308.67004779 -406312.398429931 2.23866980335425e-16 7.4622326778475e-17
3.5327361563518e-08 0.00129839975227196 -0.00132697930353681 -341036.989413061 -389971.621151482 2.24449617353439e-16 7.48165391178129e-17
3.55048859934854e-08 0.00123432556289547 -0.00139312017933206 -360931.672267576 -372573.37374569 2.25033770744676e-16 7.50112569148921e-17
3.56824104234529e-08 0.00116687714914906 -0.00145599226425211 -379938.771011891 -354160.184778988 2.25619444455657e-16 7.52064814852189e-17
3.58599348534203e-08 0.00109622127075126 -0.00151542341981283 -398006.507671984 -334777.334993415 2.2620664244317e-16 7.54022141477232e-17
3.60374592833877e-08 0.00102253346918925 -0.00157125001489712 -415085.414303465 -314472.746621608 2.26795368674303e-16 7.55984562247675e-17
3.62149837133552e-08 0.000945997633709351 -0.00162331737376316 -431128.467749128 -293296.865538983 2.27385627126468e-16 7.57952090421559e-17
3.63925081433226e-08 0.000866805544452186 -0.00167148020191135 -446091.218384397 -271302.536541156 2.27977421787429e-16 7.59924739291431e-17
3.657003257329e-08 0.000785156393861801 -0.00171560298864394 -459931.91249997 -248544.872053323 2.2857075665533e-16 7.61902522184434e-17
3.67475570032574e-08 0.000701256287557996 -0.00175556038520906 -472611.607986571 -225081.114596206 2.29165635738718e-16 7.63885452462394e-17
3.69250814332249e-08 0.000615317725917344 -0.00179123755748134 -484094.283003307 -200970.493350249 2.29762063056574e-16 7.65873543521914e-17
3.71026058631923e-08 0.000527559067661951 -0.001822530512195 -494346.937328544 -176274.075176032 2.30360042638339e-16 7.67866808794464e-17
3.72801302931597e-08 0.000438203976805204 -0.00184934639581161 -503339.686110481 -151054.610464184 2.3095957852394e-16 7.69865261746468e-17
3.74576547231271e-08 0.000347480854350566 -0.0018716037651733 -511045.845753646 -125376.374202553 2.3156067476382e-16 7.71868915879401e-17
3.76351791530946e-08 0.000255622256182801 -0.00188923282916375 -517442.011697321 -99305.0026618104 2.32163335418962e-16 7.73877784729874e-17
3.7812703583062e-08 0.000162864298630688 -0.00190217566067243 -522508.127862364 -72907.3261131328 2.32767564560919e-16 7.75891881869731e-17
3.79902280130294e-08 6.94460532162308e-05 -0.00191038637823323 -526227.547564004 -46251.1980030056 2.33373366271841e-16 7.77911220906137e-17
3.81677524429969e-08 -2.43910678625568e-05 -0.00191383129678573 -528587.085709868 -19405.3210205156 2.33980744644501e-16 7.7993581548167e-17
3.83452768729643e-08 -0.000118403933940068 -0.00191248904708652 -529577.062124698 7560.92949827553 2.34589703782325e-16 7.81965679274416e-17
3.85228013029317e-08 -0.000212348324183368 -0.00190635066337804 -529191.335865927 34577.6843762001 2.35200247799417e-16 7.84000825998058e-17
3.87003257328991e-08 -0.000305979560364947 -0.00189541963900425 -527427.330417334 61574.7611514868 2.35812380820592e-16 7.86041269401973e-17
3.88778501628666e-08 -0.000399053142472751 -0.00187971194974491 -524286.049671483 88481.8459195352 2.36426106981396e-16 7.88087023271319e-17
3.9055374592834e-08 -0.000491325385510628 -0.00185925604472388 -519772.084635378 115228.675990046 2.3704143042814e-16 7.90138101427133e-17
3.92328990228014e-08 -0.000582554055834946 -0.00183409280483039 -513893.610817722 141745.222886247 2.37658355317927e-16 7.92194517726422e-17
3.94104234527688e-08 -0.000672499005370058 -0.00180427546867733 -506662.376280353 167961.875210824 2.38276885818678e-16 7.94256286062258e-17
3.95879478827363e-08 -0.000760922802046456 -0.00176986952620445 -498093.680360629 193809.620902291 2.38897026109161e-16 7.96323420363871e-17
3.97654723127037e-08 -0.000847591354811035 -0.00173095258011937 -488206.343095883 219220.228405864 2.39518780379023e-16 7.98395934596743e-17
3.99429967426711e-08 -0.000932274531568655 -0.00168761417545323 -477022.665405308 244126.42628451 2.40142152828811e-16 8.00473842762703e-17
4.01205211726386e-08 -0.00101474676842837 -0.00163995559759158 -464568.380108867 268462.08079863 2.40767147670006e-16 8.02557158900019e-17
4.0298045602606e-08 -0.00109478766864607 -0.00158808963922419 -450872.59388683 292162.370986955 2.4139376912505e-16 8.04645897083499e-17
4.04755700325734e-08 -0.00117218258967785 -0.0015321403367393 -435967.72030745 315163.960786451 2.42022021427374e-16 8.0674007142458e-17
4.06530944625408e-08 -0.00124672321678541 -0.00147224267666897 -419889.404073809 337405.167735593 2.42651908821427e-16 8.08839696071424e-17
4.08306188925083e-08 -0.00131820812166553 -0.00140854227287155 -402676.436664146 358826.12781303 2.43283435562706e-16 8.10944785209018e-17
4.10081433224757e-08 -0.00138644330461072 -0.00134119501521517 -384370.663562824 379368.955972589 2.4391660591778e-16 8.13055353059266e-17
4.11856677524431e-08 -0.0014512427187473 -0.00127036669060268 -365016.883301488 398977.901945586 2.44551424164325e-16 8.15171413881084e-17
4.13631921824105e-08 -0.00151242877493973 -0.00119623257725203 -344662.738551853 417599.500892669 2.4518789459115e-16 8.172929819705e-17
4.1540716612378e-08 -0.00156983282599687 -0.0011189770132187 -323358.599532885 435182.71849966 2.45826021498225e-16 8.19420071660749e-17
4.17182410423454e-08 -0.00162329562886613 -0.001038792940216 -301157.440015811 451679.090125348 2.46465809196711e-16 8.2155269732237e-17
4.18957654723128e-08 -0.00167266778355524 -0.000955881423856111 -278114.706230398 467042.853623576 2.47107262008991e-16 8.23690873363302e-17
4.20732899022803e-08 -0.00171781014757882 -0.000870451151499357 -254288.178995229 481231.075477497 2.47750384268695e-16 8.25834614228982e-17
4.22508143322477e-08 -0.00175859422478734 -0.000782717908960053 -229737.829413143 494203.769900297 2.48395180320733e-16 8.27983934402443e-17
4.24283387622151e-08 -0.00179490252749986 -0.000692904037376047 -204525.668490662 505924.010574127 2.49041654521324e-16 8.30138848404412e-17
4.26058631921825e-08 -0.00182662891092854 -0.000601237871603766 -178715.591056985 516358.034717255 2.49689811238023e-16 8.32299370793408e-17
4.278338762215e-08 -0.00185367887895257 -0.000507953161552363 -152373.214373914 525475.339188635 2.50339654849752e-16 8.34465516165839e-17
4.29609120521174e-08 -0.00187596986037094 -0.000413288477918591 -125565.71184294 533248.768359047 2.50991189746831e-16 8.36637299156102e-17
4.31384364820848e-08 -0.0018934314548384 -0.000317486603828434 -98361.6422295181 539654.593498683 2.51644420331005e-16 8.38814734436682e-17
4.33159609120523e-08 -0.00190600564776555 -0.000220793913932146 -70830.7748373294 544672.583452484 2.52299351015475e-16 8.4099783671825e-17
4.34934853420197e-08 -0.00191364699354306 -0.000123459742536003 -43043.9110769863 548286.066396621 2.52955986224929e-16 8.43186620749765e-17
4.36710097719871e-08 -0.00191632276653064 -2.57357423867412e-05 -15072.7028841907 550481.982492171 2.5361433039557e-16 8.45381101318567e-17
4.38485342019545e-08 -0.00191401307933396 7.21247642468166e-05 13010.5315482762 551250.927275271 2.54274387975146e-16 8.47581293250487e-17
4.4026058631922e-08 -0.0019067109679765 0.000169867440526116 41132.994252142 550587.185646695 2.54936163422982e-16 8.49787211409939e-17
4.42035830618894e-08 -0.00189442244365855 0.000267237594340329 69221.5956992351 548488.756347951 2.55599661210007e-16 8.51998870700024e-17
4.43811074918568e-08 -0.00187716651088174 0.000363980840244336 97203.144265742 544957.366835418 2.56264885818788e-16 8.54216286062628e-17
4.45586319218242e-08 -0.00185497515180417 0.000459843762321343 125004.536455279 539998.478488829 2.56931841743558e-16 8.56439472478528e-17
4.47361563517917e-08 -0.00182789327677932 0.000554574576247364 152552.947387681 533621.282115384 2.57600533490246e-16 8.58668444967486e-17
4.49136807817591e-08 -0.00179597864111911 0.00064792378883241 179776.021058421 525838.683735949 2.58270965576508e-16 8.6090321858836e-17
4.50912052117265e-08 -0.00175930172821008 0.000739644853315288 206602.059872919 516667.28066502 2.58943142531759e-16 8.63143808439195e-17
4.5268729641694e-08 -0.00171794559919917 0.000829494818695485 232960.212960531 506127.327921473 2.596170688972e-16 8.65390229657333e-17
4.54462540716614e-08 -0.00167200570955345 0.000917234971396663 258780.662774979 494242.695032328 2.60292749225853e-16 8.67642497419511e-17
4.56237785016288e-08 -0.00162158969288484 0.00100263146757183 283994.809491079 481040.813316967 2.6097018808259e-16 8.69900626941967e-17
4.58013029315962e-08 -0.00156681711251737 0.00108545595438013 308535.452712144 466552.613764214 2.61649390044161e-16 8.72164633480538e-17
4.59788273615637e-08 -0.00150781918135957 0.00116548617858975 332336.970008138 450812.455639483 2.62330359699231e-16 8.74434532330769e-17
4.61563517915311e-08 -0.00144473845072851 0.00124250658088978 355335.491811673 433858.045983674 2.63013101648403e-16 8.76710338828011e-17
4.63338762214985e-08 -0.0013777284688546 0.00131630887432735 377469.072207186 415730.350189625 2.63697620504258e-16 8.78992068347528e-17
4.65114006514659e-08 -0.00130695340987702 0.00138669260532304 398677.855158102 396473.493865629 2.6438392089138e-16 8.81279736304599e-17
4.66889250814334e-08 -0.00123258767421855 0.00145346569575927 418904.235727508 376134.656218754 2.65072007446387e-16 8.83573358154624e-17
4.68664495114008e-08 -0.00115481546130535 0.00151644496468151 438093.015859684 354763.955213374 2.65761884817967e-16 8.85872949393225e-17
4.70439739413682e-08 -0.00107383031567177 0.00157545662820151 456191.554302926 332414.324782393 2.66453557666907e-16 8.88178525556356e-17
4.72214983713357e-08 -0.000989834647562269 0.0016303367762447 473149.910268204 309141.384390047 2.67147030666121e-16 8.90490102220402e-17
4.73990228013031e-08 -0.000903039229211701 0.00168093182484075 488920.980433477 285003.301265861 2.67842308500687e-16 8.92807695002289e-17
4.75765472312705e-08 -0.000813662668051675 0.00172709894271659 503460.628919775 260060.645649226 2.68539395867876e-16 8.95131319559588e-17
4.77540716612379e-08 -0.000721930858153973 0.00176870645101455 516727.809882468 234376.239403155 2.69238297477186e-16 8.97460991590619e-17
4.79315960912054e-08 -0.000628076411282047 0.00180563419502556 528684.682379476 208014.998373962 2.69939018050368e-16 8.99796726834559e-17
4.81091205211728e-08 -0.000532338068978288 0.00183777388689706 539296.717197324 181043.768890845 2.70641562321465e-16 9.02138541071548e-17
4.82866449511402e-08 -0.000434960097167803 0.00186502941834805 548532.795336124 153531.158815678 2.71345935036839e-16 9.04486450122796e-17
4.84641693811076e-08 -0.000336191664808811 0.00188731714249947 556365.297875424 125547.363568501 2.72052140955206e-16 9.06840469850688e-17
4.86416938110751e-08 -0.000236286208165252 0.00190456612400592 562770.186964637 97163.9875684577 2.72760184847668e-16 9.09200616158894e-17
4.88192182410425e-08 -0.000135500782318751 0.0019167183567554 567727.077704139 68453.8615429326 2.73470071497742e-16 9.11566904992474e-17
4.89967426710099e-08 -3.40954015744787e-05 0.00192372894848584 571219.30070627 39490.8561696343 2.74181805701396e-16 9.13939352337987e-17
4.91742671009774e-08 6.76676295513467e-05 0.00192556627175204 573233.955149145 10349.6925270766 2.74895392267079e-16 9.16317974223598e-17
4.93517915309448e-08 0.000169524393045631 0.00192221208076246 573761.952160466 -18894.2501615156 2.75610836015756e-16 9.18702786719188e-17
4.95293159609122e-08 0.000271210040073097 0.00191366159369286 572798.048393245 -48165.128997557 2.76328141780938e-16 9.21093805936461e-17
4.97068403908796e-08 0.000372459477850261 0.00189992354017293 570340.869680538 -77386.8335893432 2.77047314408716e-16 9.23491048029053e-17
4.98843648208471e-08 0.000473008058941981 0.00188102017373144 566392.924681799 -106483.183441054 2.77768358757793e-16 9.25894529192643e-17
5.00618892508145e-08 0.000572592271192897 0.0018569872490765 560960.608459292 -135378.126037937 2.78491279699518e-16 9.28304265665059e-17
5.02394136807819e-08 0.000670950426499812 0.00182787396417842 554054.195949041 -163995.935113942 2.79216082117917e-16 9.30720273726391e-17
5.04169381107493e-08 0.000767823346629381 0.0017937428672144 545687.825317025 -192261.408586273 2.7994277090973e-16 9.33142569699099e-17
5.05944625407168e-08 0.000862955044288529 0.00175466972852572 535879.471217586 -220100.065640846 2.80671350984437e-16 9.35571169948124e-17
5.07719869706842e-08 0.000956093397662658 0.00171074337782958 524650.907997388 -247438.342453501 2.81401827264299e-16 9.38006090880998e-17
5.09495114006516e-08 0.00104699081664911 0.00166206550701897 512027.662914518 -274203.786034039 2.82134204684387e-16 9.40447348947957e-17
5.11270358306191e-08 0.00113540489903033 0.00160875043897415 498038.959468491 -300325.245683704 2.82868488192614e-16 9.42894960642048e-17
5.13045602605865e-08 0.00122109907485273 0.00155092486289888 482717.650962915 -325733.061561591 2.83604682749773e-16 9.45348942499245e-17
5.14820846905539e-08 0.00130384323730365 0.00148872753678336 466100.144448305 -350359.249861722 2.84342793329567e-16 9.47809311098557e-17
5.16596091205213e-08 0.00138341435840912 0.0014223089576824 448226.315217954 -374137.684109993 2.85082824918643e-16 9.50276083062142e-17
5.18371335504888e-08 0.00145959708791071 0.00135183100058338 429139.412054815 -397004.272099085 2.85824782516626e-16 9.52749275055421e-17
5.20146579804562e-08 0.00153218433371895 0.00127746652672206 408885.953451911 -418897.127989455 2.86568671136155e-16 9.55228903787185e-17
5.21921824104236e-08 0.00160097782238469 0.00119939896228617 387515.615052902 -439756.739115957 2.87314495802914e-16 9.57714986009713e-17
5.2369706840391e-08 0.00166578863807774 0.00111782184852609 365081.108582881 -459526.12705215 2.88062261555665e-16 9.60207538518884e-17
5.25472312703585e-08 0.00172643773861406 0.00103293836436925 341638.052562365 -478151.002498176 2.88811973446287e-16 9.6270657815429e-17
5.27247557003259e-08 0.00178275644712877 0.000944960822708895 317244.835119564 -495579.91357302 2.89563636539805e-16 9.65212121799349e-17
5.29022801302933e-08 0.00183458691805202 0.00085411014160991 291962.469237424 -511764.387108044 2.90317255914426e-16 9.67724186381419e-17
5.30798045602608e-08 0.00188178257610802 0.000760615291742507 265854.440792465 -526659.062555834 2.91072836661575e-16 9.70242788871917e-17
5.32573289902282e-08 0.00192420852712443 0.000664712721420056 238986.549762174 -540221.818146646 2.91830383885928e-16 9.72767946286425e-17
5.34348534201956e-08 0.00196174193950979 0.000566645760679195 211426.744996426 -552413.888943937 2.92589902705444e-16 9.75299675684813e-17
5.3612377850163e-08 0.00199427239532953 0.000466664005898578 183244.952966232 -563199.97647063 2.93351398251405e-16 9.7783799417135e-17
5.37899022801305e-08 0.00202170220998793 0.000365022686507245 154512.900919807 -572548.349598882 2.94114875668446e-16 9.80382918894821e-17
5.39674267100979e-08 0.00204394671960225 0.000261982015384175 125303.934891684 -580430.936418031 2.94880340114593e-16 9.82934467048642e-17
5.41449511400653e-08 0.002060934535237 0.000157806524597241 95692.83302512 -586823.406818138 2.95647796761293e-16 9.85492655870977e-17
5.43224755700327e-08 0.00207260776325048 5.2764388172232e-05 65755.6146814351 -591705.245550053 2.96417250793457e-16 9.88057502644855e-17
5.45000000000002e-08 0.00207892219109187 -5.28732663792782e-05 35569.3458221472 -595059.815547039 2.97188707409485e-16 9.90629024698283e-17
5.46775244299676e-08 0.00207984743797545 -0.000158833056010621 5211.94116070455 -596874.411317841 2.97962171821311e-16 9.9320723940437e-17
5.4855048859935e-08 0.00207536706994833 -0.000264840047777485 -25238.0364096658 -597140.302246372 2.98737649254431e-16 9.95792164181436e-17
5.50325732899025e-08 0.0020654786789596 -0.000370618470345627 -55701.5785970751 -595852.765659072 2.99515144947941e-16 9.98383816493138e-17
5.52100977198699e-08 0.00205019392563139 -0.000475892429532353 -86099.436179045 -593011.109547244 3.00294664154574e-16 1.00098221384858e-16
5.53876221498373e-08 0.00202953854552611 -0.000580386626029998 -116352.324629775 -588618.684858297 3.01076212140732e-16 1.00358737380244e-16
5.55651465798047e-08 0.00200355231879839 -0.000683827073449132 -146381.130374459 -582682.887296772 3.01859794186524e-16 1.00619931395508e-16
5.57426710097722e-08 0.00197228900321571 -0.000785941814813536 -176107.117135479 -575215.148603155 3.02645415585801e-16 1.00881805195267e-16
5.59201954397396e-08 0.00193581623062635 -0.000886461635638179 -205452.131833682 -566230.917305791 3.03433081646192e-16 1.01144360548731e-16
5.6097719869707e-08 0.00189421536704924 -0.000985120771725437 -234338.809507706 -555749.628968588 3.04222797689139e-16 1.01407599229713e-16
5.62752442996745e-08 0.00184758133665513 -0.00108165760982369 -262690.776715467 -543794.665984629 3.05014569049935e-16 1.01671523016645e-16
5.64527687296419e-08 0.001796022410003 -0.00117581537930617 -290432.852884488 -530393.306993098 3.05808401077756e-16 1.01936133692585e-16
5.66302931596093e-08 0.00173965995699012 -0.00126734283304662 -317491.249081697 -515576.666024179 3.06604299135704e-16 1.02201433045235e-16
5.68078175895767e-08 0.00167862816506671 -0.00135599491569139 -343793.763678663 -499379.621503572 3.07402268600834e-16 1.02467422866945e-16
5.69853420195442e-08 0.00161307372335817 -0.00144153341755617 -369269.974394934 -481840.735275001 3.08202314864199e-16 1.02734104954733e-16
5.71628664495116e-08 0.00154315547342833 -0.00152372761240793 -393851.426210267 -463002.161825504 3.09004443330882e-16 1.03001481110294e-16
5.7340390879479e-08 0.00146904402750585 -0.00160235487743031 -417471.814645904 -442909.547924227 3.09808659420032e-16 1.03269553140011e-16
5.75179153094464e-08 0.00139092135508253 -0.00167720129371256 -440067.163925861 -421611.922911014 3.10614968564904e-16 1.03538322854968e-16
5.76954397394139e-08 0.00130898033887733 -0.00174806222564849 -461575.999541206 -399161.579895952 3.11423376212892e-16 1.03807792070964e-16
5.78729641693813e-08 0.00122342430124191 -0.00181474287768259 -481939.514753643 -375613.948155434 3.12233887825567e-16 1.04077962608522e-16
5.80504885993487e-08 0.00113446650216336 -0.00187705882689546 -501101.730589297 -351027.457033923 3.13046508878716e-16 1.04348836292905e-16
5.82280130293162e-08 0.00104232961009668 -0.00193483652997934 -519009.648889341 -325463.391683511 3.13861244862377e-16 1.04620414954126e-16
5.84055374592836e-08 0.000947245146933623 -0.00198791380321795 -535613.398001082 -298985.740995499 3.14678101280874e-16 1.04892700426958e-16
5.8583061889251e-08 0.0008494529084849 -0.00203614027415091 -550866.370711158 -271661.038099436 3.1549708365286e-16 1.05165694550953e-16
5.87605863192184e-08 0.000749200361920497 -0.00207937780367366 -564725.354041684 -243558.193825394 3.16318197511349e-16 1.0543939917045e-16
5.89381107491859e-08 0.000646742021676216 -0.00211750087739738 -577150.650550356 -214748.323544606 3.17141448403756e-16 1.05713816134585e-16
5.91156351791533e-08 0.000542338805394716 -0.00215039696517032 -588106.190796704 -185304.567821889 3.17966841891932e-16 1.05988947297311e-16
5.92931596091207e-08 0.00043625737152532 -0.00217796684774202 -597559.6366588 -155301.907330519 3.18794383552205e-16 1.06264794517402e-16
5.94706840390881e-08 0.000328769440258804 -0.00220012490963469 -605482.475207715 -124816.97249633 3.19624078975416e-16 1.06541359658472e-16
5.96482084690556e-08 0.000220151099521148 -0.00221679939737158 -611850.102870833 -93927.8483527429 3.20455933766956e-16 1.06818644588985e-16
5.9825732899023e-08 0.000110682097793579 -0.00222793264230014 -616641.899639703 -62713.8751021381 3.21289953546804e-16 1.07096651182268e-16
6.00032573289904e-08 6.45125565126959e-07 -0.00223348124733787 -619841.293103388 -31255.444891464 3.22126143949568e-16 1.07375381316523e-16
6.01807817589578e-08 -0.000109674912741786 -0.00223341623706101 -621435.812114172 366.204678862214 3.22964510624519e-16 1.0765483687484e-16
6.03583061889252e-08 -0.000219991634502648 -0.00222772317064987 -621417.12991898 32069.199783849 3.23805059235629e-16 1.0793501974521e-16
6.05358306188927e-08 -0.000330017920384137 -0.00221640221730044 -619781.096616829 63771.2418032055 3.24647795461615e-16 1.08215931820538e-16
6.07133550488601e-08 -0.000439466659684588 -0.00219946819380809 -616527.760830068 95389.8204064558 3.25492724995971e-16 1.08497574998657e-16
6.08908794788275e-08 -0.000548051497591815 -0.00217695056412721 -611661.380504925 126842.427743629 3.26339853547009e-16 1.08779951182336e-16
6.10684039087949e-08 -0.000655487582418461 -0.00214889340080901 -605190.422784963 158046.773186943 3.27189186837898e-16 1.09063062279299e-16
6.12459283387624e-08 -0.000761492310870085 -0.00211535530831846 -597127.552929333 188920.998066039 3.28040730606702e-16 1.09346910202234e-16
6.14234527687298e-08 -0.000865786069401194 -0.00207640930833096 -587489.612276153 219383.889837866 3.28894490606418e-16 1.09631496868806e-16
6.16009771986972e-08 -0.000968092969719606 -0.00203214268720811 -576297.585279864 249355.095132355 3.29750472605018e-16 1.09916824201673e-16
6.17785016286646e-08 -0.00106814157650969 -0.00198265680595128 -563576.555679896 278755.33111648 3.30608682385484e-16 1.10202894128495e-16
6.1956026058632e-08 -0.00116566562546021 -0.00192806687302974 -549355.651886455 307506.594622231 3.31469125745848e-16 1.10489708581949e-16
6.21335504885995e-08 -0.00126040472970293 -0.00186850168057822 -533667.981697488 335532.368488404 3.32331808499235e-16 1.10777269499745e-16
6.23110749185669e-08 -0.00135210507279299 -0.00180410330455486 -516550.55648898 362757.824571928 3.33196736473896e-16 1.11065578824632e-16
6.24885993485343e-08 -0.0014405200863928 -0.0017350267695464 -498044.205048477 389110.022891712 3.34063915513253e-16 1.11354638504418e-16
6.26661237785017e-08 -0.0015254111108556 -0.00166143967900071 -478193.477249142 414518.106376637 3.34933351475935e-16 1.11644450491978e-16
6.28436482084691e-08 -0.0016065480369451 -0.00158352181175928 -457046.537788607 438913.49069942 3.35805050235818e-16 1.11935016745273e-16
6.30211726384366e-08 -0.00168370992697201 -0.00150146468585186 -434655.050243309 462230.048689485 3.36679017682068e-16 1.12226339227356e-16
6.3198697068404e-08 -0.00175668561367709 -0.0014154710906034 -411074.051714875 484404.288830782 3.37555259719174e-16 1.12518419906391e-16
6.33762214983714e-08 -0.00182527427524446 -0.00132575458818851 -386361.818370306 505375.527364601 3.38433782266997e-16 1.12811260755666e-16
6.35537459283388e-08 -0.00188928598488622 -0.00123253898585125 -360579.72220222 525086.053532824 3.393145912608e-16 1.131048637536e-16
6.37312703583062e-08 -0.00194854223350209 -0.00113605778008742 -333792.079359085 543481.287513698 3.40197692651298e-16 1.13399230883766e-16
6.39087947882737e-08 -0.0020028764239835 -0.00103655357416301 -306065.990418249 560509.93062006 3.41083092404689e-16 1.13694364134896e-16
6.40863192182411e-08 -0.0020521343358021 -0.000934277470415392 -277471.172996495 576124.107348983 3.41970796502702e-16 1.13990265500901e-16
6.42638436482085e-08 -0.00209617455859592 -0.000829488438853145 -248079.787113838 590279.498891926 3.42860810942632e-16 1.14286936980877e-16
6.44413680781759e-08 -0.00213486889354435 -0.000722452663636223 -217966.253746201 602935.46773569 3.43753141737384e-16 1.14584380579128e-16
6.46188925081433e-08 -0.00216810272140322 -0.000613442869079656 -187207.067021481 614055.173006713 3.4464779491551e-16 1.1488259830517e-16
6.47964169381108e-08 -0.00219577533615551 -0.000502737626881692 -155880.600531251 623605.676234407 3.45544776521255e-16 1.15181592173752e-16
6.49739413680782e-08 -0.00221780024331985 -0.000390620646330494 -124066.908246859 631558.037233352 3.46444092614593e-16 1.15481364204864e-16
6.51514657980456e-08 -0.00223410542204835 -0.000277380049292433 -91847.5205440381 637887.39982908 3.47345749271269e-16 1.15781916423756e-16
6.5328990228013e-08 -0.00224463355023744 -0.000163307631829254 -59305.2358541454 642573.067177903 3.48249752582842e-16 1.16083250860947e-16
6.55065146579805e-08 -0.00224934219196961 -4.86981143310656e-05 -26523.9084729118 645598.566457688 3.49156108656725e-16 1.16385369552242e-16
6.56840390879479e-08 -0.00224820394670009 6.61516179131612e-05 6411.76693105772 646951.702733534 3.50064823616225e-16 1.16688274538742e-16
6.58615635179153e-08 -0.00224120655970077 0.000180943281755947 39416.4735557797 646624.601830002 3.50975903600588e-16 1.16991967866863e-16
6.60390879478827e-08 -0.00222835299337294 0.000295377968866039 72404.4928925448 644613.742069694 3.51889354765034e-16 1.17296451588345e-16
6.62166123778501e-08 -0.00220966145914148 0.000409156922041219 105289.926771737 640919.974766613 3.52805183280806e-16 1.17601727760269e-16
6.63941368078176e-08 -0.00218516540974489 0.000521982313148213 137986.920454137 635548.53339169 3.53723395335208e-16 1.17907798445069e-16
6.6571661237785e-08 -0.00215491349183823 0.000633558020669272 170409.886189811 628509.031357156 3.54643997131645e-16 1.18214665710548e-16
6.67491856677524e-08 -0.00211896945892883 0.000743590404830757 202473.726663966 619815.448395889 3.55566994889669e-16 1.1852233162989e-16
6.69267100977198e-08 -0.00207741204476837 0.000851789078290081 234094.057747943 609486.105541511 3.56492394845018e-16 1.18830798281673e-16
6.71042345276872e-08 -0.00203033479742774 0.000957867670363649 265187.429973794 597543.628744686 3.5742020324966e-16 1.19140067749887e-16
6.72817589576547e-08 -0.00197784587438435 0.00106154458279002 295671.548152725 584014.901190732 3.58350426371834e-16 1.19450142123945e-16
6.74592833876221e-08 -0.00192006779905349 0.00116254373503927 325465.488560987 568931.004413235 3.59283070496092e-16 1.19761023498697e-16
6.76368078175895e-08 -0.00185713717929737 0.0012605952972017 354489.913121627 552327.148327781 3.60218141923343e-16 1.20072713974448e-16
6.78143322475569e-08 -0.00178920438854519 0.00135543640851595 382667.280016874 534242.590339035 3.61155646970895e-16 1.20385215656965e-16
6.79918566775243e-08 -0.00171643321025702 0.0014468118796294 409922.050173703 514720.543703292 3.62095591972496e-16 1.20698530657499e-16
6.81693811074918e-08 -0.00163900044656139 0.00153447487672047 436180.889074451 493808.075357011 3.63037983278381e-16 1.21012661092794e-16
6.83469055374592e-08 -0.00155709549199184 0.00161818758565538 461372.863355087 471555.993449837 3.63982827255309e-16 1.21327609085103e-16
6.85244299674266e-08 -0.00147091987334106 0.00169772185439875 485429.631665892 448018.724848019 3.64930130286611e-16 1.21643376762204e-16
6.8701954397394e-08 -0.00138068675674198 0.00177285981194957 508285.62928289 423254.182900939 3.65879898772231e-16 1.2195996625741e-16
6.88794788273614e-08 -0.00128662042317343 0.00184339446213045 529878.245973298 397323.625789547 3.66832139128769e-16 1.2227737970959e-16
6.90570032573289e-08 -0.00118895571367316 0.00190913025061953 550147.99663451 370291.505800871 3.67786857789526e-16 1.22595619263175e-16
6.92345276872963e-08 -0.00108793744562338 0.00196988360367947 569038.684243717 342225.30989725 3.68744061204545e-16 1.22914687068182e-16
6.94120521172637e-08 -0.000983819801552581 0.00202548343710782 586497.554674058 313195.391972578 3.69703755840657e-16 1.23234585280219e-16
6.95895765472311e-08 -0.000876865691972943 0.00207577163400675 602475.442953189 283274.797210488 3.70665948181523e-16 1.23555316060508e-16
6.97671009771985e-08 -0.00076734609384397 0.00212060349004737 616926.910561368 252539.078981055 3.71630644727677e-16 1.23876881575892e-16
6.9944625407166e-08 -0.000655539366320624 0.00215984812498533 629810.373388392 221066.108733135 3.72597851996575e-16 1.24199283998858e-16
7.01221498371334e-08 -0.000541730545507703 0.00219338885926891 641088.219992053 188935.879358884 3.73567576522632e-16 1.24522525507544e-16
7.02996742671008e-08 -0.000426210620001293 0.00222112355466835 650726.919825094 156230.302525248 3.74539824857271e-16 1.24846608285757e-16
7.04771986970682e-08 -0.000309275789052768 0.00224296491794648 658697.121122889 123033.000484168 3.75514603568965e-16 1.25171534522988e-16
7.06547231270357e-08 -0.000191226705240801 0.0022588407666841 664973.738170162 89429.0928889761 3.76491919243282e-16 1.25497306414427e-16
7.08322475570031e-08 -7.23677035821235e-05 0.00226869425646962 669536.027691999 55504.9791588194 3.77471778482932e-16 1.25823926160977e-16
7.10097719869705e-08 4.69939809479749e-05 0.00227248406876133 672367.654142022 21348.1169459414 3.78454187907806e-16 1.26151395969269e-16
7.11872964169379e-08 0.000166549005479069 0.00227018455883083 673456.743688914 -12953.2027277625 3.79439154155026e-16 1.26479718051675e-16
7.13648208469053e-08 0.000285986718856461 0.00226178586329886 672795.926731367 -47310.0830883481 3.80426683878986e-16 1.26808894626329e-16
7.15423452768728e-08 0.000404995966738065 0.00224729396687833 670382.368800961 -81633.2513963581 3.81416783751401e-16 1.27138927917134e-16
7.17198697068402e-08 0.000523265900096229 0.00222673072804482 666217.789742316 -115833.290309889 3.82409460461349e-16 1.27469820153783e-16
7.18973941368076e-08 0.00064048678502916 0.0022001338634607 660308.471090087 -149820.870226148 3.83404720715315e-16 1.27801573571772e-16
7.2074918566775e-08 0.000756350811777735 0.00216755689108622 652665.251592895 -183506.981999353 3.84402571237242e-16 1.28134190412414e-16
7.22524429967424e-08 0.000870552900840085 0.00212906903201798 643303.510864977 -216803.169430281 3.8540301876857e-16 1.28467672922857e-16
7.24299674267099e-08 0.000982791504078386 0.00208475507120287 632243.141177221 -249621.760921797 3.86406070068285e-16 1.28802023356095e-16
7.26074918566773e-08 0.00109276939871989 0.00203471517728302 619508.507430127 -281876.099695276 3.87411731912965e-16 1.29137243970988e-16
7.27850162866447e-08 0.0012001944721672 0.00197906468193418 605128.39538211 -313480.771965027 3.88420011096822e-16 1.29473337032274e-16
7.29625407166121e-08 0.00130478049555135 0.00191793381916644 589135.948237321 -344351.832471535 3.89430914431755e-16 1.29810304810585e-16
7.31400651465795e-08 0.0014062478839851 0.00185146742516157 571568.591727728 -374407.026779693 3.90444448747386e-16 1.30148149582462e-16
7.3317589576547e-08 0.00150432444150325 0.00177982459932558 552467.94785449 -403566.009755041 3.91460620891118e-16 1.30486873630373e-16
7.34951140065144e-08 0.00159874608871125 0.00170317832733747 531879.737483613 -431750.559639455 3.9247943772817e-16 1.30826479242723e-16
7.36726384364818e-08 0.00168925757120347 0.00162171506707658 509853.672020379 -458884.787157689 3.93500906141631e-16 1.31166968713877e-16
7.38501628664492e-08 0.00177561314685713 0.00153563429840941 486443.33441605 -484895.339097608 3.94525033032504e-16 1.31508344344168e-16
7.40276872964166e-08 0.0018575772501584 0.0014451480379137 461706.049788787 -509711.595819891 3.95551825319752e-16 1.31850608439917e-16
7.42052117263841e-08 0.00193492513177169 0.00135048031971135 435702.745968466 -533265.862167366 3.96581289940344e-16 1.32193763313448e-16
7.43827361563515e-08 0.00200744347162337 0.00125186664367334 408497.804302113 -555493.551259944 3.97613433849305e-16 1.32537811283102e-16
7.45602605863189e-08 0.00207493096383516 0.00114955339234772 380158.901082917 -576333.360678279 3.98648264019762e-16 1.32882754673254e-16
7.47377850162863e-08 0.00213719887191175 0.00104379721804674 350756.8399911 -595727.440557819 3.99685787442987e-16 1.33228595814329e-16
7.49153094462538e-08 0.00219407155266024 0.000934864401610775 320365.375959347 -613621.553134703 4.00726011128451e-16 1.33575337042817e-16
7.50928338762212e-08 0.00224538694739636 0.000823030184444069 289061.030898896 -629965.223306033 4.01768942103866e-16 1.33922980701289e-16
7.52703583061886e-08 0.00229099703907416 0.000708578075491251 256922.901744675 -644711.879789271 4.02814587415234e-16 1.34271529138411e-16
7.5447882736156e-08 0.00233076827406048 0.000591799134893053 224032.461299105 -657818.986488932 4.03862954126896e-16 1.34620984708965e-16
7.56254071661234e-08 0.00236458194736468 0.000472991236124901 190473.35237412 -669248.163703165 4.04914049321579e-16 1.3497134977386e-16
7.58029315960909e-08 0.0023923345502258 0.000352458308482734 156331.175749763 -678965.298828357 4.05967880100442e-16 1.35322626700147e-16
7.59804560260583e-08 0.00241393807905458 0.000230509561836407 121693.272485094 -686940.646246283 4.07024453583126e-16 1.35674817861042e-16
7.61579804560257e-08 0.0024293203048258 0.000107458695622204 86648.5011332924 -693148.91610569 4.08083776907803e-16 1.36027925635934e-16
7.63355048859931e-08 0.00243842500211668 -1.63769059078945e-05 51287.010427494 -697569.351738355 4.09145857231221e-16 1.36381952410407e-16
7.65130293159605e-08 0.00244121213709042 -0.000140676990121511 15700.0080172002 -700185.795478539 4.10210701728755e-16 1.36736900576252e-16
7.6690553745928e-08 0.0024376580138287 -0.000265119262031278 -20020.4741531436 -700986.742684372 4.11278317594456e-16 1.37092772531485e-16
7.68680781758954e-08 0.00242775537852391 -0.000389380217785502 -55781.8172215092 -699965.383789851 4.12348712041095e-16 1.37449570680365e-16
7.70456026058628e-08 0.00241151348115017 -0.000513135983474277 -91491.0549309588 -697119.634246862 4.13421892300217e-16 1.37807297433406e-16
7.72231270358302e-08 0.00238895809434218 -0.000636063157081783 -127055.114679833 -692452.152247783 4.14497865622189e-16 1.38165955207396e-16
7.74006514657976e-08 0.00236013148932119 -0.000757839651401701 -162381.059476068 -685970.344150733 4.15576639276246e-16 1.38525546425415e-16
7.75781758957651e-08 0.002325092368819 -0.000878145535724482 -197376.330168291 -677686.357561356 4.16658220550542e-16 1.38886073516847e-16
7.77557003257325e-08 0.00228391575706279 -0.00099666387410268 -231948.98732397 -667617.062057002 4.177426167522e-16 1.392475389174e-16
7.79332247556999e-08 0.00223669284699514 -0.00111308155800378 -266007.9521242 -655784.017571328 4.18829835207361e-16 1.3960994506912e-16
7.81107491856673e-08 0.00218353080501571 -0.00122709013116885 -299463.245645605 -642213.430489469 4.19919883261231e-16 1.3997329442041e-16
7.82882736156347e-08 0.00212455253364215 -0.00133838660450994 -332226.225902404 -626936.097536083 4.21012768278134e-16 1.40337589426045e-16
7.84657980456022e-08 0.00205989639259847 -0.0014466742588995 -364209.822025883 -609987.337570513 4.22108497641561e-16 1.40702832547187e-16
7.86433224755696e-08 0.00198971587894845 -0.00155166343373081 -395328.764964352 -591406.911435121 4.23207078754218e-16 1.41069026251406e-16
7.8820846905537e-08 0.00191417926700015 -0.00165307229916035 -425499.814094102 -571238.930034296 4.24308519038078e-16 1.41436173012693e-16
7.89983713355044e-08 0.00183346920881389 -0.00175062760997949 -454641.979140953 -549531.75085274 4.25412825934431e-16 1.41804275311477e-16
7.91758957654719e-08 0.00174778229625092 -0.00184406543910587 -482676.736822602 -526337.863152268 4.26520006903933e-16 1.42173335634644e-16
7.93534201954393e-08 0.0016573285856025 -0.0019331318887324 -509528.241634204 -501713.762116446 4.27630069426656e-16 1.42543356475552e-16
7.95309446254067e-08 0.00156233108593922 -0.00201758377722485 -535123.530213356 -475719.812241838 4.28743021002143e-16 1.42914340334048e-16
7.97084690553741e-08 0.0014630252124177 -0.00209718929991715 -559392.718735883 -448420.100303447 4.29858869149451e-16 1.43286289716484e-16
7.98859934853415e-08 0.00135965820587641 -0.00217172866201688 -582269.192810547 -419882.278249846 4.3097762140721e-16 1.43659207135737e-16
8.0063517915309e-08 0.00125248852014331 -0.00224099468190087 -603689.789358948 -390177.396410713 4.32099285333668e-16 1.44033095111223e-16
8.02410423452764e-08 0.00114178517856592 -0.00230479336315395 -623594.969986377 -359379.727425616 4.33223868506744e-16 1.44407956168915e-16
8.04185667752438e-08 0.0010278271013585 -0.00236294443378061 -641928.985370274 -327566.581328171 4.34351378524081e-16 1.4478379284136e-16
8.05960912052112e-08 0.000910902405440838 -0.00241528185110076 -658640.030215073 -294818.112243798 4.35481823003093e-16 1.45160607667698e-16
8.07736156351786e-08 0.000791307678519552 -0.0024616542709263 -673680.388345591 -261217.117182348 4.36615209581022e-16 1.45538403193674e-16
8.09511400651461e-08 0.000669347229233903 -0.00250192547970435 -687006.567535678 -226848.82742868 4.37751545914985e-16 1.45917181971662e-16
8.11286644951135e-08 0.000545332315255562 -0.00253597478840627 -698579.423694509 -191800.693054866 4.38890839682028e-16 1.46296946560676e-16
8.13061889250809e-08 0.00041958035129384 -0.00256369738703749 -708364.274059609 -156162.161096939 4.40033098579176e-16 1.46677699526392e-16
8.14837133550483e-08 0.000292414099015336 -0.00258500465874321 -716330.999073408 -120024.447957012 4.41178330323488e-16 1.47059443441163e-16
8.16612377850157e-08 0.000164160840939259 -0.00259982445258732 -722454.132648723 -83480.3066081027 4.42326542652107e-16 1.47442180884036e-16
8.18387622149832e-08 3.51515404167421e-05 -0.00260810131418691 -726712.940558032 -46623.7891939888 4.43477743322313e-16 1.47825914440771e-16
8.20162866449506e-08 -9.42800101558381e-05 -0.00260979667349256 -729091.486711599 -9550.00562998481 4.44631940111574e-16 1.48210646703858e-16
8.2193811074918e-08 -0.000223798050703281 -0.00260488898911414 -729578.687120456 27645.1211775104 4.45789140817601e-16 1.48596380272534e-16
8.23713355048854e-08 -0.000353065722200867 -0.00259337384870335 -728168.351371723 64865.1028644252 4.46949353258398e-16 1.48983117752799e-16
8.25488599348528e-08 -0.000481745940524754 -0.00257526402501743 -724859.211475843 102013.135258321 4.48112585272317e-16 1.49370861757439e-16
8.27263843648203e-08 -0.000609502273162502 -0.00255058948740272 -719654.937977771 138992.349499358 4.4927884471811e-16 1.49759614906037e-16
8.29039087947877e-08 -0.000735999816509436 -0.00251939736855229 -712564.143257046 175706.063983192 4.50448139474983e-16 1.50149379824994e-16
8.30814332247551e-08 -0.000860906071469136 -0.00248175188650754 -703600.37197482 212058.036472214 4.51620477442647e-16 1.50540159147549e-16
8.32589576547225e-08 -0.000983891815074767 -0.00243773422199057 -692782.078659248 247952.715719451 4.52795866541373e-16 1.50931955513791e-16
8.34364820846899e-08 -0.00110463196585245 -0.00238744235126999 -680132.592454102 283295.491948964 4.53974314712047e-16 1.51324771570682e-16
8.36140065146574e-08 -0.00122280644065814 -0.00233099083487972 -665680.069088949 317992.945537868 4.5515582991622e-16 1.51718609972073e-16
8.37915309446248e-08 -0.00133810100073587 -0.00226851056262558 -649457.430162637 351953.093248082 4.56340420136165e-16 1.52113473378722e-16
8.39690553745922e-08 -0.0014502080847673 -0.00220014845542965 -631502.289865092 385085.631360579 4.57528093374928e-16 1.5250936445831e-16
8.41465798045596e-08 -0.00155882762671063 -0.00212606712467595 -611856.869295442 417302.175071296 4.58718857656387e-16 1.52906285885462e-16
8.43241042345271e-08 -0.00166366785626083 -0.00204644448983355 -590567.898567191 448516.493515921 4.599127210253e-16 1.53304240341767e-16
8.45016286644945e-08 -0.00176444607980261 -0.00196147335524355 -567686.506923433 478644.739800508 4.61109691547362e-16 1.53703230515787e-16
8.46791530944619e-08 -0.00186088943977287 -0.00187136094706528 -543268.101116889 507605.675426236 4.62309777309263e-16 1.54103259103088e-16
8.48566775244293e-08 -0.00195273565040014 -0.00177632841148295 -517372.23234075 535320.888509643 4.63512986418737e-16 1.54504328806246e-16
8.50342019543967e-08 -0.00203973370784465 -0.00167661027537814 -490062.452026866 561715.005214235 4.6471932700462e-16 1.54906442334873e-16
8.52117263843642e-08 -0.00212164457282425 -0.00157245387077393 -461406.156857587 586715.893825546 4.65928807216903e-16 1.55309602405634e-16
8.53892508143316e-08 -0.00219824182387793 -0.00146411872445437 -431474.423366579 610254.86091935 4.6714143522679e-16 1.55713811742263e-16
8.5566775244299e-08 -0.00226931227949028 -0.00135187591425727 -400341.832531975 632266.839091931 4.68357219226749e-16 1.56119073075583e-16
8.57442996742664e-08 -0.00233465658737687 -0.00123600739362884 -368086.284792325 652690.565741838 4.69576167430574e-16 1.56525389143525e-16
8.59218241042338e-08 -0.00239408977931117 -0.0011168052861155 -334788.805941873 671468.752414543 4.70798288073431e-16 1.56932762691144e-16
8.60993485342013e-08 -0.00244744178995961 -0.000994571151550889 -300533.344386596 688548.244244714 4.72023589411922e-16 1.57341196470641e-16
8.62768729641687e-08 -0.00249455793828048 -0.000869615225773962 -265406.560266168 703880.169055354 4.73252079724138e-16 1.57750693241379e-16
8.64543973941361e-08 -0.00253529937013663 -0.000742255635788336 -229497.606969541 717420.075698848 4.74483767309712e-16 1.58161255769904e-16
8.66319218241035e-08 -0.00256954346086893 -0.000612817592341343 -192897.905592947 729128.061251867 4.75718660489881e-16 1.5857288682996e-16
8.68094462540709e-08 -0.0025971841766785 -0.000481632561965536 -155700.912908963 738968.886704089 4.76956767607536e-16 1.58985589202512e-16
8.69869706840384e-08 -0.00261813239377014 -0.000349037420584011 -118001.883433634 746912.08080969 4.78198097027283e-16 1.59399365675761e-16
8.71644951140058e-08 -0.00263231617431625 -0.000215373590834407 -79897.6261955352 752932.031800523 4.79442657135497e-16 1.59814219045166e-16
8.73420195439732e-08 -0.00263968099841078 -8.0986165314398e-05 -41486.2568260238 757008.066690691 4.80690456340379e-16 1.6023015211346e-16
8.75195439739406e-08 -0.00264018995129482 5.37769820061026e-05 -2866.94560370682 759124.517933829 4.81941503072015e-16 1.60647167690672e-16
8.7697068403908e-08 -0.00263382386525039 0.000188566093924196 35860.3379016572 759270.777226694 4.83195805782429e-16 1.61065268594143e-16
8.78745928338755e-08 -0.00262058141567485 0.000323030435382059 74595.0829300866 757441.336285574 4.84453372945643e-16 1.61484457648548e-16
8.80521172638429e-08 -0.00260047917096693 0.00045681920374631 113236.497712543 753635.814455503 4.85714213057735e-16 1.61904737685912e-16
8.82296416938103e-08 -0.00257355159597408 0.000589582441632349 151683.7710606 747858.973046133 4.86978334636892e-16 1.62326111545631e-16
8.84071661237777e-08 -0.00253985100887159 0.000720971949904573 189836.334687471 740120.716322434 4.88245746223473e-16 1.62748582074491e-16
8.85846905537452e-08 -0.00249944749146414 0.00085064219847673 227594.125579571 730436.079112887 4.89516456380064e-16 1.63172152126688e-16
8.87622149837126e-08 -0.00245242875302242 0.000978251232536266 264857.84773591 718825.201032615 4.90790473691534e-16 1.63596824563845e-16
8.893973941368e-08 -0.00239889994788793 0.00110346157182218 301529.232592455 705313.287353674 4.92067806765097e-16 1.64022602255032e-16
8.91172638436474e-08 -0.0023389834472005 0.00122594110059786 337511.297450261 689930.556589627 4.93348464230367e-16 1.64449488076789e-16
8.92947882736148e-08 -0.00227281856522326 0.00134536394597846 372708.601229599 672712.174896206 4.94632454739419e-16 1.6487748491314e-16
8.94723127035823e-08 -0.00220056124085902 0.00146141134229649 407027.496877475 653698.177424496 4.95919786966844e-16 1.65306595655615e-16
8.96498371335497e-08 -0.00212238367507049 0.0015737724792198 440376.379762937 632933.376797379 4.97210469609811e-16 1.6573682320327e-16
8.98273615635171e-08 -0.00203847392503311 0.00168214533137227 472665.931403233 610467.258913894 4.98504511388123e-16 1.66168170462708e-16
9.00048859934845e-08 -0.0019490354559642 0.00178623746724988 503809.357874359 586353.866319748 4.99801921044278e-16 1.66600640348093e-16
9.01824104234519e-08 -0.00185428665168471 0.00188576683527309 533722.622271664 560651.669415134 5.01102707343528e-16 1.67034235781176e-16
9.03599348534194e-08 -0.00175446028507981 0.00198046252487011 562324.670600036 533423.425803402 5.02406879073935e-16 1.67468959691312e-16
9.05374592833868e-08 -0.00164980294973248 0.00207006550054538 589537.650488655 504736.028115785 5.03714445046436e-16 1.67904815015479e-16
9.07149837133542e-08 -0.00154057445410785 0.00215432930695243 615287.122142415 474660.340678233 5.05025414094897e-16 1.68341804698299e-16
9.08925081433216e-08 -0.0014270471797679 0.00223302074306056 639502.260960788 443271.025416404 5.06339795076177e-16 1.68779931692059e-16
9.1070032573289e-08 -0.00130950540519301 0.00230592050358044 662116.051275108 410646.357423915 5.07657596870183e-16 1.69219198956728e-16
9.12475570032565e-08 -0.00118824459688065 0.00237282378589398 683065.470676929 376868.030646939 5.08978828379936e-16 1.69659609459979e-16
9.14250814332239e-08 -0.00106357066948127 0.00243354086081907 702291.664433253 342020.954165164 5.10303498531626e-16 1.70101166177209e-16
9.16026058631913e-08 -0.000935799216816008 0.00248789760562958 719740.109508879 306193.039574832 5.11631616274676e-16 1.70543872091559e-16
9.17801302931587e-08 -0.000805254715702211 0.00253573599784529 735360.767741943 269474.980004054 5.12963190581798e-16 1.70987730193933e-16
9.19576547231261e-08 -0.000672269704587734 0.00257691456840425 749108.22774577 231960.021313777 5.1429823044906e-16 1.7143274348302e-16
9.21351791530936e-08 -0.000537183939066426 0.00261130881293273 760941.835138374 193743.726059511 5.15636744895941e-16 1.71878914965314e-16
9.2312703583061e-08 -0.00040034352641235 0.00263881155993308 770825.810730302 154923.730809319 5.16978742965394e-16 1.72326247655131e-16
9.24902280130284e-08 -0.000262100041330633 0.00265933329481928 778729.356331874 115599.497432356 5.18324233723908e-16 1.72774744574636e-16
9.26677524429958e-08 -0.000122809625177419 0.00267280243884186 784626.747872231 75872.0589895852 5.19673226261569e-16 1.73224408753856e-16
9.28452768729633e-08 1.7167929049739e-05 0.0026791655820589 788497.415554817 35843.7608739547 5.21025729692119e-16 1.73675243230706e-16
9.30228013029307e-08 0.000157470103606671 0.00267838766962712 790326.01080694 -4382.00213861607 5.22381753153021e-16 1.74127251051007e-16
9.32003257328981e-08 0.000297732592401155 0.00267045214080684 790102.459814798 -44701.0522537274 5.23741305805519e-16 1.74580435268506e-16
9.33778501628655e-08 0.000437590244482915 0.00265536102019576 787822.003469731 -85008.6977541199 5.251043968347e-16 1.750347989449e-16
9.35553745928329e-08 0.000576678012187986 0.0026331349608301 783485.223586365 -125200.004133182 5.26471035449556e-16 1.75490345149852e-16
9.37328990228004e-08 0.000714631901481906 0.00260381323891529 777098.055288685 -165170.066565993 5.27841230883047e-16 1.75947076961016e-16
9.39104234527678e-08 0.000851089922034093 0.00256745370007435 768671.785495804 -204814.283012253 5.2921499239216e-16 1.76404997464053e-16
9.40879478827352e-08 0.000985693034550046 0.00252413265712749 758223.037475187 -244028.627241964 5.30592329257979e-16 1.7686410975266e-16
9.42654723127026e-08 0.0011180860928887 0.00247394473954286 745773.741467271 -282709.921073076 5.31973250785739e-16 1.7732441692858e-16
9.444299674267e-08 0.00124791877849939 0.00241700269482454 731351.091421695 -320756.105110537 5.33357766304894e-16 1.77785922101631e-16
9.46205211726375e-08 0.00137484652472651 0.00235343714222955 714987.487921571 -358066.507278201 5.3474588516918e-16 1.78248628389727e-16
9.47980456026049e-08 0.00149853142854983 0.00228339627933077 696720.467408413 -394542.108438985 5.36137616756675e-16 1.78712538918892e-16
9.49755700325723e-08 0.00161864314735493 0.0022070455420668 676592.617856263 -430085.804404378 5.37532970469867e-16 1.79177656823289e-16
9.51530944625397e-08 0.00173485977836085 0.0021245672190424 654651.48107921 -464602.663642008 5.38931955735712e-16 1.79643985245237e-16
9.53306188925071e-08 0.00184686871837095 0.00203616002096434 630949.441891773 -498000.179999358 5.40334582005703e-16 1.80111527335234e-16
9.55081433224746e-08 0.00195436750155829 0.00194203860621638 605543.604376407 -530188.519772918 5.41740858755931e-16 1.80580286251977e-16
9.5685667752442e-08 0.00205706461304783 0.00184243306369409 578495.655546588 -561080.762465031 5.43150795487149e-16 1.81050265162383e-16
9.58631921824094e-08 0.0021546802761151 0.00173758835413413 549871.716727525 -590593.13458542 5.44564401724836e-16 1.81521467241612e-16
9.60407166123768e-08 0.00224694721088385 0.00162776371128411 519742.18300931 -618645.235870791 5.45981687019264e-16 1.81993895673088e-16
9.62182410423442e-08 0.00233361136247402 0.0015132320043668 488181.551159319 -645160.257314023 5.47402660945558e-16 1.82467553648519e-16
9.63957654723117e-08 0.00241443259662529 0.0013942790633975 455268.236411696 -670065.190414185 5.48827333103767e-16 1.82942444367922e-16
9.65732899022791e-08 0.00248918536090121 0.00127120296901361 421084.37858179 -693291.027079943 5.5025571311892e-16 1.8341857103964e-16
9.67508143322465e-08 0.00255765930966355 0.00114431330857232 385715.637982386 -714772.949641741 5.51687810641102e-16 1.83895936880367e-16
9.69283387622139e-08 0.00261965989109588 0.00101393040036495 349250.981646317 -734450.51045252 5.53123635345508e-16 1.84374545115169e-16
9.71058631921813e-08 0.00267500889464986 0.000880384487883707 311782.460386629 -752267.800582415 5.54563196932517e-16 1.84854398977506e-16
9.72833876221488e-08 0.00272354495738654 0.000744014906160152 273404.977250652 -768173.607140023 5.56006505127753e-16 1.85335501709251e-16
9.74609120521162e-08 0.00276512402778777 0.000605169222272287 234216.047948223 -782121.558781188 5.57453569682152e-16 1.85817856560717e-16
9.76384364820836e-08 0.00279961978571998 0.00046420235218996 194315.553856664 -794070.258995857 5.58904400372029e-16 1.86301466790676e-16
9.7815960912051e-08 0.00282692401734317 0.00032147565619553 153805.488226046 -803983.406794312 5.60359006999141e-16 1.8678633566638e-16
9.79934853420185e-08 0.00284694694387216 0.000177356015178266 112789.696227551 -811829.904445874 5.61817399390756e-16 1.87272466463585e-16
9.81710097719859e-08 0.00285961750321434 3.22148901567623e-05 71373.6095054668 -817583.951955994 5.63279587399719e-16 1.87759862466573e-16
9.83485342019533e-08 0.00286488358362822 -0.000113572632566599 29663.9759093673 -821225.128001319 5.64745580904517e-16 1.88248526968172e-16
9.85260586319207e-08 0.00286271220866992 -0.000259628808171447 -12231.4149026683 -822738.457076851 5.66215389809348e-16 1.88738463269782e-16
9.87035830618881e-08 0.00285308967281941 -0.000405574209520399 -54204.009286398 -822114.462644558 5.67689024044185e-16 1.89229674681395e-16
9.88811074918556e-08 0.00283602162730504 -0.000551028710279107 -96144.7701451733 -819349.20610868 5.69166493564846e-16 1.89722164521615e-16
9.9058631921823e-08 0.00281153311577365 -0.0006956124724147 -137944.459452049 -814444.311479398 5.70647808353061e-16 1.90215936117687e-16
9.92361563517904e-08 0.00277966855958263 -0.000838946935513975 -179493.922030128 -807406.975623439 5.72132978416537e-16 1.90710992805512e-16
9.94136807817578e-08 0.00274049169262125 -0.000980655805351237 -220684.369855846 -798249.964037421 5.73622013789026e-16 1.91207337929675e-16
9.95912052117252e-08 0.00269408544569945 -0.00112036603913101 -261407.666146638 -786991.592117262 5.75114924530397e-16 1.91704974843466e-16
9.97687296416927e-08 0.00264055178067382 -0.00125770882483277 -301556.608493037 -773655.691934654 5.76611720726698e-16 1.92203906908899e-16
9.99462540716601e-08 0.00258001147461152 -0.00139232055209345 -341025.210295862 -758271.564569341 5.78112412490229e-16 1.92704137496743e-16
1.00123778501628e-07 0.00251260385442406 -0.00152384377207899 -379708.9797716 -740873.918083688 5.79617009959607e-16 1.93205669986536e-16
1.00301302931595e-07 0.00243848648253237 -0.00165192814381796 -417505.195793512 -721502.791263583 5.81125523299836e-16 1.93708507766612e-16
1.00478827361562e-07 0.00235783479425417 -0.00177623136449922 -454313.179842331 -700203.463287106 5.82637962702377e-16 1.94212654234126e-16
1.0065635179153e-07 0.00227084168773137 -0.00189642008127059 -490034.563348642 -677026.349519439 5.84154338385212e-16 1.94718112795071e-16
1.00833876221497e-07 0.00217771706734149 -0.00201217078211739 -524573.549719158 -652026.883669115 5.8567466059292e-16 1.95224886864307e-16
1.01011400651465e-07 0.00207868734166026 -0.0021231706634478 -557837.170351121 -625265.386576803 5.87198939596741e-16 1.9573297986558e-16
1.01188925081432e-07 0.00197399487716374 -0.0022291184720664 -589735.533952864 -596806.921943336 5.88727185694646e-16 1.96242395231549e-16
1.01366449511399e-07 0.00186389740897651 -0.00232972531927795 -620182.068504232 -566721.139338471 5.90259409211409e-16 1.96753136403803e-16
1.01543973941367e-07 0.0017486674100878 -0.00242471546493004 -649093.75520799 -535082.104865869 5.91795620498675e-16 1.97265206832892e-16
1.01721498371334e-07 0.00162859142056912 -0.00251382706927584 -676391.353802472 -501968.119892863 5.93335829935029e-16 1.97778609978343e-16
1.01899022801302e-07 0.00150396933843508 -0.00259681291061647 -701999.618626609 -467461.528285755 5.9488004792607e-16 1.9829334930869e-16
1.02076547231269e-07 0.00137511367389314 -0.00267344106676605 -725847.504850923 -431648.512622388 5.96428284904477e-16 1.98809428301492e-16
1.02254071661237e-07 0.00124234876882795 -0.00274349555847179 -747868.364312155 -394618.879883701 5.97980551330079e-16 1.9932685044336e-16
1.02431596091204e-07 0.00110600998346115 -0.00280677695301552 -768000.130414798 -356465.837154636 5.99536857689932e-16 1.99845619229977e-16
1.02609120521171e-07 0.000966442852218004 -0.00286310292632212 -786185.49158985 -317285.757892168 6.01097214498383e-16 2.00365738166128e-16
1.02786644951139e-07 0.000824002210917642 -0.00291230878200374 -802372.052829564 -277177.9393442 6.02661632297144e-16 2.00887210765715e-16
1.02964169381106e-07 0.000679051297483937 -0.00295424792587722 -816512.484846741 -236244.351727655 6.04230121655363e-16 2.01410040551788e-16
1.03141693811074e-07 0.000531960828448496 -0.00298879229460341 -828564.660438171 -194589.379797101 6.05802693169696e-16 2.01934231056566e-16
1.03319218241041e-07 0.000383108053586319 -0.0030158327372138 -838491.777664007 -152319.557456688 6.07379357464378e-16 2.02459785821459e-16
1.03496742671008e-07 0.000232875791087604 -0.00303527934840858 -846262.469488178 -109543.296088008 6.08960125191293e-16 2.02986708397098e-16
1.03674267100976e-07 8.16514457261073e-05 -0.00304706175263336 -851850.899559254 -66370.6072845687 6.10545007030048e-16 2.03515002343349e-16
1.03851791530943e-07 -7.01739874648665e-05 -0.00305112933806706 -855236.843846403 -22912.820699936 6.12134013688047e-16 2.04044671229349e-16
1.04029315960911e-07 -0.000222206931453545 -0.00304745143978155 -856405.757881177 20717.7022688393 6.13727155900559e-16 2.0457571863352e-16
1.04206840390878e-07 -0.00037405224481478 -0.00303601747146417 -855348.829392648 64407.8582281828 6.15324444430793e-16 2.05108148143598e-16
1.04384364820846e-07 -0.000525314246055069 -0.00301683700522639 -852063.016160894 108044.094220178 6.1692589006997e-16 2.05641963356657e-16
1.04561889250813e-07 -0.000675597742009061 -0.00298993979915577 -846551.068951846 151512.702085871 6.18531503637399e-16 2.06177167879133e-16
1.0473941368078e-07 -0.000824509057641656 -0.00295537577240357 -838821.539434984 194700.113998609 6.20141295980543e-16 2.06713765326848e-16
1.04916938110748e-07 -0.000971657064579174 -0.00291321492773624 -828888.77302418 237493.198401313 6.217552779751e-16 2.07251759325033e-16
1.05094462540715e-07 -0.00111665420568943 -0.00286354722161562 -816772.886621095 279779.555578515 6.23373460525072e-16 2.07791153508357e-16
1.05271986970683e-07 -0.00125911751303388 -0.00280648238200955 -802499.731279749 321447.812092958 6.24995854562839e-16 2.08331951520946e-16
1.0544951140065e-07 -0.00139866961652521 -0.00274214967427077 -786100.839850203 362387.913317508 6.26622471049235e-16 2.08874157016412e-16
1.05627035830618e-07 -0.00153493974064107 -0.0026706976155586 -767613.359698511 402491.413296068 6.28253320973621e-16 2.09417773657874e-16
1.05804560260585e-07 -0.00166756468656887 -0.00259229363841241 -747079.970639208 441651.761172147 6.29888415353956e-16 2.09962805117985e-16
1.05982084690552e-07 -0.00179618979718751 -0.00250712370422031 -724548.78825544 479764.583430702 6.31527765236879e-16 2.1050925507896e-16
1.0615960912052e-07 -0.00192046990232988 -0.00241539186745867 -700073.252820325 516727.961207788 6.33171381697775e-16 2.11057127232592e-16
1.06337133550487e-07 -0.00204007024181483 -0.00231731979170827 -673712.004071162 552442.701933444 6.34819275840856e-16 2.11606425280285e-16
1.06514657980455e-07 -0.00215466736378826 -0.00221314621858142 -645528.742125576 586812.604586101 6.36471458799233e-16 2.12157152933078e-16
1.06692182410422e-07 -0.00226394999597123 -0.0021031263908195 -615592.074865531 619744.717851526 6.38127941734992e-16 2.12709313911664e-16
1.06869706840389e-07 -0.00236761988747689 -0.00198753143094319 -583975.352151169 651149.590495951 6.3978873583927e-16 2.13262911946423e-16
1.07047231270357e-07 -0.00246539261892888 -0.00186664767695673 -550756.487261685 680941.513281502 6.41453852332331e-16 2.13817950777444e-16
1.07224755700324e-07 -0.00255699837869016 -0.00174077597672354 -516017.765994717 709038.751772304 6.43123302463637e-16 2.14374434154546e-16
1.07402280130292e-07 -0.0026421827030939 -0.00161023094274181 -479845.643888962 735363.769401656 6.44797097511934e-16 2.14932365837311e-16
1.07579804560259e-07 -0.00272070717865626 -0.00147534016915681 -442330.532066854 759843.440194375 6.46475248785316e-16 2.15491749595105e-16
1.07757328990227e-07 -0.00279235010434442 -0.00133644341294924 -403566.572225073 782409.250563742 6.48157767621312e-16 2.16052589207104e-16
1.07934853420194e-07 -0.00285690711207243 -0.00119389174133751 -363651.40133022 802997.489629432 6.49844665386956e-16 2.16614888462319e-16
1.08112377850161e-07 -0.00291419174370105 -0.00104804664752496 -322685.906605301 821549.427531227 6.51535953478866e-16 2.17178651159622e-16
1.08289902280129e-07 -0.00296403598292697 -0.000899279137011104 -280773.9714194 838011.481243182 6.5323164332332e-16 2.17743881107773e-16
1.08467426710096e-07 -0.00300629074055936 -0.000747968786768049 -238022.212718223 852335.367424176 6.54931746376338e-16 2.18310582125446e-16
1.08644951140064e-07 -0.00304082629179975 -0.000594502779660251 -194539.710656865 864478.241873287 6.5663627412375e-16 2.1887875804125e-16
1.08822475570031e-07 -0.0030675326642621 -0.000439274916556099 -150437.731118162 874402.825192195 6.58345238081283e-16 2.19448412693761e-16
1.08999999999999e-07 -0.00308631997559501 -0.000282684608644389 -105829.441820278 882077.514291651 6.60058649794634e-16 2.20019549931545e-16
