0 -0.00139 0 0 400000 1.33808e-16 4.46026666666667e-17
4.41295546558704e-10 -0.0013676145942654 0.000176518218623482 50726.5616187748 400000 1.35959953824079e-16 4.53199846080262e-17
8.82591093117409e-10 -0.0013228437827962 0.00035019760058857 101453.12323755 393567.039865842 1.38146516231059e-16 4.60488387436865e-17
1.32388663967611e-09 -0.00125604757664909 0.00051819930923687 151363.879984733 380701.119597525 1.40368243810028e-16 4.67894146033425e-17
1.76518218623482e-09 -0.00116794599793746 0.000677730163217616 199643.026988734 361505.696635269 1.42625702101357e-16 4.75419007004523e-17
2.20647773279352e-09 -0.00105961328998946 0.000826088291795296 245487.879478502 336187.685859512 1.44919465740668e-16 4.83064885802226e-17
2.64777327935223e-09 -0.0009324663376641 0.000960708055910342 288121.992884066 305055.79574694 1.47250118605101e-16 4.9083372868367e-17
3.08906882591093e-09 -0.000788247390940026 0.00107920350074596 326808.07193437 268517.200682546 1.49618253961943e-16 4.98727513206476e-17
3.53036437246964e-09 -0.000629001278005956 0.00117940961736259 360860.457749681 227072.576186316 1.52024474619642e-16 5.06748248732139e-17
3.97165991902834e-09 -0.000457047385699057 0.00125942071457848 389656.985319303 181309.55057177 1.54469393081253e-16 5.1489797693751e-17
4.41295546558705e-09 -0.00027494677375939 0.00131762523751012 412650.010542182 131894.652881806 1.56953631700351e-16 5.23178772334505e-17
4.85425101214575e-09 -8.54648735222637e-05 0.00135273641566083 429376.416133671 79563.862414916 1.59477822839451e-16 5.31592742798169e-17
5.29554655870445e-09 0.000108469700069787 0.00136381818059149 439466.419057216 25111.8893382825 1.62042609030972e-16 5.40142030103241e-17
5.73684210526316e-09 0.000303809623240838 0.00135030586027883 442651.018561922 -30619.6616259379 1.646486431408e-16 5.48828810469335e-17
6.17813765182186e-09 0.000497435962539506 0.00131202123334281 438767.943181386 -86755.0720476748 1.6729658853447e-16 5.57655295114902e-17
6.61943319838057e-09 0.00068620718311987 0.00124918161032817 427765.976911467 -142398.044813009 1.69987119246028e-16 5.66623730820093e-17
7.06072874493927e-09 0.000867009308677851 0.00116240269993197 409707.568924967 -196645.787778546 1.72720920149603e-16 5.75736400498677e-17
7.50202429149798e-09 0.00103680644487228 0.00105269511412846 384769.657247914 -248603.428380423 1.75498687133747e-16 5.84995623779157e-17
7.94331983805668e-09 0.00119269085953843 0.000921454466095308 353242.664426969 -297398.532698976 1.78321127278568e-16 5.94403757595228e-17
8.38461538461539e-09 0.00133193180715623 0.000770445117147233 315527.651941249 -342195.497157563 1.81188959035721e-16 6.03963196785738e-17
8.82591093117409e-09 0.00145202229216296 0.000601777731926182 272131.649510673 -382209.579354126 1.84102912411288e-16 6.13676374704292e-17
9.2672064777328e-09 0.00155072298589596 0.000417880903236324 223661.205064691 -416720.336572431 1.87063729151598e-16 6.23545763838661e-17
9.7085020242915e-09 0.00162610254509888 0.000221467207490308 170814.230487346 -445084.24632354 1.90072162932046e-16 6.33573876440155e-17
1.01497975708502e-08 0.00167657362570172 1.54941471075352e-05 114370.246870653 -466746.29279399 1.93128979548934e-16 6.43763265163114e-17
1.05910931174089e-08 0.00170092394345627 -0.000196879474225653 55179.1604162805 -481250.316232086 1.96234957114407e-16 6.54116523714689e-17
1.10323886639676e-08 0.00169834180223892 -0.000412341115293873 -5851.27413472394 -488247.938934408 1.9939088625452e-16 6.64636287515066e-17
1.14736842105263e-08 0.00166843559049125 -0.000627475298498168 -67769.1220337141 -487505.90138955 2.02597570310494e-16 6.75325234368315e-17
1.1914979757085e-08 0.00161124683524204 -0.000838816883469958 -129592.867399597 -478911.665027816 2.05855825543206e-16 6.86186085144021e-17
1.23562753036437e-08 0.00152725650016112 -0.00104290599614912 -190326.722614556 -462477.163594068 2.09166481340966e-16 6.97221604469885e-17
1.27975708502024e-08 0.0014173843177051 -0.00123634375655862 -248976.413455383 -438340.613038051 2.12530380430637e-16 7.08434601435457e-17
1.32388663967611e-08 0.00128298105406705 -0.00141584792188427 -304565.193748598 -406766.319591135 2.15948379092157e-16 7.19827930307188e-17
1.36801619433198e-08 0.00112581371767096 -0.00157830754862316 -356149.835686553 -368142.45692208 2.19421347376496e-16 7.31404491254988e-17
1.41214574898786e-08 0.00094804383560904 -0.00172083577892667 -402836.338250416 -322976.815458403 2.22950169327137e-16 7.43167231090457e-17
1.45627530364373e-08 0.000752199035904851 -0.00184081987203923 -443795.096577382 -271890.55962205 2.26535743205101e-16 7.55119144017002e-17
1.5004048582996e-08 0.000541138284969294 -0.00193596763190202 -478275.27964296 -215610.061340443 2.30178981717601e-16 7.67263272392005e-17
1.54453441295547e-08 0.000318011237274817 -0.00200434942629571 -505618.172298494 -154956.91023158 2.33880812250378e-16 7.79602707501259e-17
1.58866396761134e-08 8.62122563130545e-05 -0.00204443505085518 -525269.250436287 -90836.2317999003 2.37642177103756e-16 7.92140590345853e-17
1.63279352226721e-08 -0.000150670239409315 -0.00205512476218734 -536788.774710324 -24223.4743031404 2.41464033732514e-16 8.04880112441712e-17
1.67692307692308e-08 -0.000388908365883129 -0.00203577388723032 -539860.708614972 43850.1478383844 2.45347354989599e-16 8.17824516631998e-17
1.72105263157895e-08 -0.000624692483979731 -0.00198621050976701 -534299.790549182 112313.341591166 2.49293129373773e-16 8.30977097912575e-17
1.76518218623482e-08 -0.000854191152774016 -0.00190674583831531 -520056.616442095 180071.319711645 2.53302361281225e-16 8.44341204270751e-17
1.80931174089069e-08 -0.00107361239768603 -0.00179817697095356 -497220.619204277 246023.029709649 2.57376071261251e-16 8.57920237537504e-17
1.85344129554656e-08 -0.00127926532924777 -0.00166178189034057 -466020.863263767 309078.760655127 2.61515296276026e-16 8.7171765425342e-17
1.89757085020243e-08 -0.00146762112715648 -0.00149930664446521 -426824.6062702 368177.850745087 2.65721089964567e-16 8.85736966548556e-17
1.9417004048583e-08 -0.00163537239863664 -0.00131294479361767 -380133.615188978 422306.212471024 2.69994522910935e-16 8.99981743036449e-17
1.98582995951417e-08 -0.00177948993034078 -0.00110530932974672 -326578.259916721 470513.390606652 2.74336682916753e-16 9.14455609722508e-17
2.02995951417004e-08 -0.00189727587916418 -0.00087939739874493 -266909.443664054 511928.871169196 2.78748675278104e-16 9.29162250927014e-17
2.07408906882591e-08 -0.00198641248926665 -0.000638548277266098 -201988.465094568 545777.36702084 2.83231623066888e-16 9.44105410222961e-17
2.11821862348178e-08 -0.0020450054798653 -0.000386395171425137 -132774.94199878 571392.817823094 2.87786667416694e-16 9.5928889138898e-17
2.16234817813765e-08 -0.00207162132031193 -0.0001268115132141 -60312.9595442088 588230.85851492 2.92414967813279e-16 9.74716559377595e-17
2.20647773279352e-08 -0.00206531769467489 0.000136147470173067 14284.3626820959 595879.531161745 2.97117702389714e-16 9.90392341299046e-17
2.25060728744939e-08 -0.00202566655635286 0.000398307050424486 89851.6620692031 594068.039652299 3.01896068226278e-16 1.00632022742093e-16
2.29473684210526e-08 -0.00195276928277688 0.000655438215897537 165189.234617121 582673.374971042 3.06751281655175e-16 1.02250427218392e-16
2.33886639676114e-08 -0.00184726355942721 0.000903324811270857 239081.776764841 561724.670249633 3.11684578570149e-16 1.03894859523383e-16
2.38299595141701e-08 -0.00171032174944086 0.0011378315502026 310317.679510351 531405.179047163 3.16697214741084e-16 1.05565738247028e-16
2.42712550607288e-08 -0.00154364063809842 0.0013549718212282 377708.573409031 492051.806819471 3.21790466133655e-16 1.07263488711218e-16
2.47125506072875e-08 -0.00134942257841073 0.0015509741930908 440108.814154674 444152.163762039 3.2696562923413e-16 1.08988543078043e-16
2.51538461538462e-08 -0.00113034820273875 0.00172234652902283 496434.594412642 388339.146561581 3.32224021379388e-16 1.10741340459796e-16
2.55951417004049e-08 -0.000889541003670752 0.00186593664041332 545682.368530239 325383.09645367 3.37566981092246e-16 1.12522327030749e-16
2.60364372469636e-08 -0.000630524223019511 0.00197898844874938 586946.282760151 256181.62072485 3.42995868422183e-16 1.14331956140728e-16
2.64777327935223e-08 -0.000357170618564087 0.00205919268037545 619434.314683392 181747.203776491 3.48512065291535e-16 1.16170688430512e-16
2.6919028340081e-08 -7.3645801864498e-05 0.0021047311908512 642482.841511913 103192.771445064 3.54116975847269e-16 1.1803899194909e-16
2.73603238866397e-08 0.00021565404497928 0.00211431410361505 655569.377710213 21715.4078226653 3.59812026818405e-16 1.19937342272802e-16
2.78016194331984e-08 0.000506169162360065 0.00208720905011084 658323.247642697 -61421.5432618322 3.65598667879189e-16 1.21866222626396e-16
2.82429149797571e-08 0.000793246914323947 0.00202326191409913 650533.988395218 -144907.73022838 3.71478372018109e-16 1.23826124006036e-16
2.86842105263158e-08 0.00107221512044972 0.00192290860990148 632157.311129051 -227406.111346974 3.77452635912846e-16 1.25817545304282e-16
2.91255060728745e-08 0.00133845688140292 0.00178717756095953 603318.48582973 -307574.028336341 3.83522980311247e-16 1.27840993437082e-16
2.95668016194332e-08 0.00158748571881179 0.00161768268928637 564313.053577885 -384084.70920431 3.89690950418436e-16 1.29896983472812e-16
3.00080971659919e-08 0.00181501982609066 0.00141660687594903 515604.811907181 -455648.861415804 3.95958116290147e-16 1.31986038763382e-16
3.04493927125506e-08 0.00201705422178129 0.00118667600532856 457821.061794348 -521036.00957117 4.02326073232374e-16 1.34108691077458e-16
3.08906882591093e-08 0.00218992961128044 0.000931123859152801 391745.148681566 -579095.23032488 4.08796442207465e-16 1.36265480735822e-16
3.1331983805668e-08 0.00233039679655511 0.000653648277732548 318306.373971032 -628774.941383508 4.15370870246731e-16 1.3845695674891e-16
3.17732793522267e-08 0.00243567552638322 0.000358359152989168 238567.396949952 -669141.411115734 4.22051030869701e-16 1.40683676956567e-16
3.22145748987854e-08 0.00250350675125722 4.97189583063563e-05 153709.289393362 -699395.670519765 4.28838624510114e-16 1.42946208170038e-16
3.26558704453442e-08 0.00253219733649719 -0.000267523348397074 65014.4454520486 -718888.529869242 4.35735378948766e-16 1.45245126316255e-16
3.30971659919029e-08 0.00252065639318948 -0.00058840409195064 -26152.4128165577 -727133.428052576 4.42743049753315e-16 1.47581016584438e-16
3.35384615384616e-08 0.0024684225078564 -0.000907821254574613 -118364.859424508 -723816.873102029 4.49863420725162e-16 1.49954473575054e-16
3.39797570850203e-08 0.00237568128656847 -0.00122061430369124 -210156.712459805 -708806.267264292 4.57098304353515e-16 1.52366101451172e-16
3.4421052631579e-08 0.00224327277558069 -0.00152164624461722 -300044.974440195 -682154.948703813 4.64449542276759e-16 1.54816514092253e-16
3.48623481781377e-08 0.00207268847634141 -0.00180588661431451 -386553.412037635 -644104.323992953 4.71919005751245e-16 1.57306335250415e-16
3.53036437246964e-08 0.00186605783553214 -0.00206849409659542 -468236.406237505 -595083.010306266 4.79508596127619e-16 1.59836198709206e-16
3.57449392712551e-08 0.0016261242581442 -0.00230489742404297 -543702.693713972 -535702.953023365 4.87220245334807e-16 1.62406748444936e-16
3.61862348178138e-08 0.00135621086086462 -0.00251087323799607 -611638.61585372 -466752.532535926 4.95055916371791e-16 1.65018638790597e-16
3.66275303643725e-08 0.00106017635153887 -0.00268261960550209 -670830.493609727 -389186.722697111 5.03017603807289e-16 1.6767253460243e-16
3.70688259109312e-08 0.000742361585477883 -0.00281682394106161 -720185.754284987 -304114.411772494 5.11107334287469e-16 1.70369111429156e-16
3.75101214574899e-08 0.00040752750817373 -0.00291072415083626 -758752.450404824 -212783.044168241 5.19327167051837e-16 1.73109055683946e-16
3.79514170040486e-08 6.07853439267028e-05 -0.00296216190697482 -785736.830908401 -116560.786846099 5.27679194457412e-16 1.75893064819137e-16
3.83927125506073e-08 -0.00029247997158606 -0.00296962706871212 -800518.650749105 -16916.4674230591 5.36165542511335e-16 1.78721847503778e-16
3.8834008097166e-08 -0.000646691992065976 -0.00293229239346159 -802663.936316874 84602.4292374482 5.44788371412047e-16 1.81596123804016e-16
3.92753036437247e-08 -0.000996169363284359 -0.00285003782350359 -791934.960467346 186393.383299314 5.53549876099164e-16 1.84516625366388e-16
3.97165991902834e-08 -0.00133521550572424 -0.0027234637900319 -768297.221859184 286823.727224836 5.624522868122e-16 1.87484095604067e-16
4.01578947368421e-08 -0.00165820998439353 -0.00255389314397 -731923.268177191 384256.41814027 5.71497869658272e-16 1.90499289886091e-16
4.05991902834008e-08 -0.00195970012349733 -0.00234336149959625 -683193.250996686 477076.295048783 5.80688927188943e-16 1.93562975729648e-16
4.10404858299595e-08 -0.00223449139652356 -0.00209459595992574 -622692.150802564 563716.406409319 5.90027798986327e-16 1.96675932995442e-16
4.14817813765182e-08 -0.00247773511835799 -0.00181098237914656 -551203.663239472 642683.985802353 5.99516862258638e-16 1.99838954086213e-16
4.1923076923077e-08 -0.00268501198573912 -0.00149652150425735 -469700.791221465 712585.652271882 6.09158532445301e-16 2.03052844148434e-16
4.23643724696357e-08 -0.00285241005575335 -0.00115577452240475 -379333.241224904 772151.417592589 6.18955263831809e-16 2.0631842127727e-16
4.28056680161944e-08 -0.00297659581883918 -0.000793798719268548 -281411.775066067 820257.095180201 6.28909550174453e-16 2.09636516724818e-16
4.32469635627531e-08 -0.00305487711221928 -0.000416074124223976 -177389.719861328 855944.724550545 6.39023925335112e-16 2.13007975111704e-16
4.36882591093118e-08 -0.00308525673073574 -2.84221770487958e-05 -68841.8878308814 878440.650938252 6.49300963926248e-16 2.16433654642083e-16
4.41295546558705e-08 -0.00306647572328966 0.00036308240410296 42558.7966897583 887170.931600767 6.59743281966268e-16 2.19914427322089e-16
4.45708502024292e-08 -0.002998045512694 0.000752205245426023 155066.624010339 881773.778044007 6.70353537545438e-16 2.23451179181813e-16
4.50121457489879e-08 -0.00288026814262923 0.00113265001351317 266890.003724762 862108.786399318 6.81134431502492e-16 2.27044810500831e-16
4.54534412955466e-08 -0.00271424413513717 0.0014981586790506 376219.539913192 828262.75585087 6.92088708112138e-16 2.30696236037379e-16
4.58947368421053e-08 -0.00250186763303366 0.00184261277697242 481256.844216206 780551.946666886 7.03219155783604e-16 2.34406385261201e-16
4.6336032388664e-08 -0.00224580870087248 0.00216013405059341 580243.635264337 719520.684260409 7.14528607770435e-16 2.38176202590145e-16
4.67773279352227e-08 -0.00194948286258227 0.00244518285121362 671490.661079633 645936.272965064 7.26019942891693e-16 2.42006647630564e-16
4.72186234817814e-08 -0.00161700816041952 0.00269265267459568 753405.976460543 560780.241975844 7.37696086264758e-16 2.45898695421586e-16
4.76599190283401e-08 -0.00125315022514533 0.00289795925181287 824522.110208491 465236.005253647 7.49560010049923e-16 2.49853336683308e-16
4.81012145748988e-08 -0.00086325604802127 0.00305712267409465 883521.667427921 360673.076179814 7.61614734206949e-16 2.53871578068983e-16
4.85425101214575e-08 -0.000453177338027629 0.00316684111887472 929260.929985592 248628.035419051 7.73863327263802e-16 2.57954442421267e-16
4.89838056680162e-08 -2.91845294093566e-05 0.00322455485627719 960791.04338269 130782.505856966 7.8630890709774e-16 2.6210296903258e-16
4.94251012145749e-08 0.000402127327850406 0.00322849935034892 977376.410487718 8938.44069466816 7.98954641728973e-16 2.66318213909658e-16
4.98663967611336e-08 0.00083393941166413 0.00317774642566017 978509.951394403 -115008.921083687 8.11803750127081e-16 2.7060125004236e-16
5.03076923076923e-08 0.00125931519207396 0.00307223264527815 963924.933589251 -239100.034443669 8.24859503030401e-16 2.749531676768e-16
5.07489878542511e-08 0.00167131009427835 0.00291277423805589 933603.127013606 -361341.52829264 8.38125223778592e-16 2.79375074592864e-16
5.11902834008098e-08 0.00206308305468375 0.0027010681188504 887779.093762709 -479737.719667481 8.51604289158592e-16 2.83868096386197e-16
5.16315789473685e-08 0.00242800820633679 0.00243967876160348 826940.481268802 -592322.671926517 8.65300130264181e-16 2.88433376754727e-16
5.20728744939272e-08 0.00275978489964762 0.00213201090887763 751824.249979607 -697192.29012187 8.7921623336936e-16 2.93072077789787e-16
5.25141700404859e-08 0.00305254426223493 0.00178226832895952 663408.830817103 -792535.937979569 8.93356140815785e-16 2.97785380271928e-16
5.29554655870446e-08 0.00330095052849492 0.00139539905942702 562902.273084568 -876667.060316777 9.07723451914469e-16 3.0257448397149e-16
5.33967611336033e-08 0.00350029542515654 0.000977027800464695 451726.508948795 -948052.302419209 9.22321823861985e-16 3.07440607953995e-16
5.3838056680162e-08 0.00364658398319996 0.000533376338542638 331497.925107571 -1005338.63389677 9.37154972671406e-16 3.12384990890469e-16
5.42793522267207e-08 0.00373661025819226 7.11730877363028e-05 204004.494707323 -1047378.00870793 9.52226674118214e-16 3.17408891372738e-16
5.47206477732794e-08 0.00376802157897849 -0.000402446971534297 71179.7819651411 -1073249.12513613 9.67540764701426e-16 3.22513588233809e-16
5.51619433198381e-08 0.00373937010696354 -0.000880050501553372 -64925.8127311439 -1082275.88912579 9.83101142620169e-16 3.2770038087339e-16
5.56032388663968e-08 0.00365015067271144 -0.00135402055492086 -202176.149176779 -1074042.2310254 9.98911768765972e-16 3.32970589588657e-16
5.60445344129555e-08 0.00350082406066534 -0.00181667612046539 -338382.32270997 -1048402.97880275 1.01497666773101e-15 3.38325555910335e-16
5.64858299595142e-08 0.00329282513348458 -0.00226039462204173 -471337.018473832 -1005490.54944362 1.03129992883254e-15 3.4376664294418e-16
5.69271255060729e-08 0.00302855542152481 -0.00267773544762737 -598849.714257451 -945717.283666564 1.04788570715389e-15 3.49295235717964e-16
5.73684210526316e-08 0.00271136004680229 -0.00306156253864377 -718782.179417081 -869773.316339899 1.06473822460208e-15 3.54912741534027e-16
5.78097165991903e-08 0.00234548910062128 -0.00340516405285753 -829083.703731286 -778619.945053204 1.08186177098253e-15 3.6062059032751e-16
5.8251012145749e-08 0.00193604384598259 -0.00370236712933137 -927825.485282157 -673478.531092086 1.09926070509103e-15 3.66420235030344e-16
5.86923076923077e-08 0.00148890836591381 -0.00394764583095784 -1013233.61079807 -555815.039465499 1.11693945582327e-15 3.72313151941091e-16
5.91336032388664e-08 0.00101066752291546 -0.00413622041888019 -1083720.07541829 -427320.396484594 1.13490252330222e-15 3.78300841100741e-16
5.95748987854251e-08 0.000508512328782157 -0.00426414622282512 -1137911.31147638 -289886.913526571 1.15315448002362e-15 3.8438482667454e-16
6.00161943319838e-08 -9.86595579225173e-06 -0.00432839051077656 -1174673.72743008 -145581.092880803 1.17169997201992e-15 3.90566657339972e-16
6.04574898785425e-08 -0.000536391469945219 -0.00432689592874226 -1193135.79812645 3386.80516029234 1.19054372004291e-15 3.96847906680971e-16
6.08987854251012e-08 -0.00106272744657904 -0.00425862927436412 -1192706.29567481 154695.996618361 1.20969052076543e-15 4.03230173588478e-16
6.13400809716599e-08 -0.00158040609158832 -0.00412361458410874 -1173088.30566322 305950.720119983 1.22914524800232e-15 4.09715082667439e-16
6.17813765182186e-08 -0.00208096265908589 -0.0039229497496414 -1134288.73552203 454717.560673707 1.24891285395104e-15 4.16304284650347e-16
6.22226720647773e-08 -0.00255607163385764 -0.00365880613126194 -1076623.08962039 598563.979263557 1.2689983704523e-15 4.22999456817434e-16
6.2663967611336e-08 -0.00299768286479457 -0.00333441090117149 -1000715.35817816 735097.448003119 1.28940691027088e-15 4.29802303423627e-16
6.31052631578947e-08 -0.00339815545916144 -0.00295401212278688 -907492.943198328 862004.571201816 1.31014366839708e-15 4.36714556132361e-16
6.35465587044534e-08 -0.00375038724834973 -0.00252282685006532 -798176.623206492 977089.5629562 1.33121392336913e-15 4.43737974456377e-16
6.39878542510121e-08 -0.00404793767177347 -0.00204697280844788 -674265.638400593 1078311.45210557 1.35262303861681e-15 4.50874346205602e-16
6.44291497975708e-08 -0.00428514199678809 -0.0015333844921092 -537518.057601934 1163819.39573995 1.37437646382672e-15 4.5812548794224e-16
6.48704453441295e-08 -0.00445721489836412 -0.000989714776247782 -389926.666874114 1231985.50291532 1.39647973632953e-15 4.65493245443176e-16
6.53117408906882e-08 -0.00456034156158538 -0.000424223393774571 -233690.695556436 1281434.6006503 1.41893848250945e-15 4.72979494169816e-16
6.57530364372469e-08 -0.00459175464116186 0.00015434614128972 -71183.7674806414 1311070.41432 1.44175841923647e-15 4.80586139745488e-16
6.61943319838056e-08 -0.00454979561281037 0.00073689937014594 95081.4679157487 1320097.68373841 1.46494535532155e-15 4.88315118440518e-16
6.66356275303643e-08 -0.00443395927880941 0.00131413150590932 262491.509158144 1308039.79388583 1.48850519299531e-15 4.96168397665105e-16
6.7076923076923e-08 -0.0042449204410506 0.00187667369433672 428372.412169042 1274751.56460154 1.51244392941038e-15 5.04147976470127e-16
6.75182186234817e-08 -0.00398454202583074 0.00241524265713434 590031.821645016 1220426.91569735 1.536767658168e-15 5.12255886055999e-16
6.79595141700404e-08 -0.00365586423141759 0.00292079136562233 744801.974495848 1145601.20180306 1.56148257086914e-15 5.20494190289715e-16
6.84008097165991e-08 -0.00326307456772342 0.00338465833813277 890082.999380362 1051148.09367044 1.58659495869061e-15 5.28864986230202e-16
6.88421052631578e-08 -0.00281145896261934 0.0037987131379467 1023385.82074044 938270.968385712 1.61211121398639e-15 5.37370404662129e-16
6.92834008097165e-08 -0.00230733441672448 0.00415549567070986 1142373.97097275 808488.858646786 1.6380378319149e-15 5.46012610638299e-16
6.97246963562752e-08 -0.00175796399299784 0.00444834694137084 1244903.62073835 663617.099571201 1.66438141209228e-15 5.54793804030759e-16
7.01659919028339e-08 -0.0011714552242054 0.00467152903040506 1329061.15497003 505742.899004152 1.69114866027234e-15 5.63716220090779e-16
7.06072874493926e-08 -0.000556643305433955 0.00482033218643902 1393197.65079401 337196.142572384 1.71834639005351e-15 5.72782130017835e-16
7.10485829959513e-08 7.70392944965529e-05 0.0048911671057692 1435959.65305354 160515.826372048 1.74598152461323e-15 5.81993841537743e-16
7.148987854251e-08 0.000719704924177469 0.00488164067646907 1456315.69294666 -21587.4131846893 1.77406109847026e-15 5.91353699490088e-16
7.19311740890687e-08 0.00136116244635113 0.00479061370300825 1453578.0548339 -206272.132521308 1.80259225927531e-15 6.00864086425105e-16
7.23724696356274e-08 0.00199107625507922 0.00461823939323651 1427419.36473246 -390609.674436886 1.83158226963047e-15 6.10527423210156e-16
7.28137651821861e-08 0.00259913017369199 0.00436598167938236 1377883.65043443 -571629.865339219 1.86103850893788e-15 6.20346169645959e-16
7.32550607287448e-08 0.00317519367614067 0.00403661275410309 1305391.60646627 -746368.11508238 1.8909684752782e-15 6.30322825092735e-16
7.36963562753035e-08 0.00370948779588063 0.0036341895269406 1210739.88601624 -911913.184487487 1.92137978731924e-15 6.40459929106414e-16
7.41376518218622e-08 0.00419274804904687 0.00316400904080926 1095094.33515654 -1065454.86306826 1.95228018625525e-15 6.50760062085083e-16
7.45789473684209e-08 0.0046163817037089 0.00263254322715256 959977.180747902 -1204330.78874499 1.98367753777747e-15 6.61225845925822e-16
7.50202429149796e-08 0.00497261677500911 0.00204735371677837 807248.280836252 -1326071.64277455 2.01557983407634e-15 6.71859944692112e-16
7.54615384615383e-08 0.00525464021691767 0.00141698775566647 639080.643590968 -1428443.96692328 2.0479951958759e-15 6.82665065291968e-16
7.5902834008097e-08 0.00545672291440444 0.000750856595794797 457930.516323216 -1509489.87603949 2.08093187450095e-15 6.93643958166982e-16
7.63441295546557e-08 0.00557432925357266 5.90980349077436e-05 266502.438298631 -1567562.97742296 2.11439825397736e-15 7.04799417992452e-16
7.67854251012144e-08 0.0056042092595805 -0.000647574939005748 67709.7383847422 -1601359.85831773 2.14840285316628e-15 7.16134284388761e-16
7.72267206477731e-08 0.00554447154019948 -0.00135803718783406 -135368.960432225 -1609946.56385864 2.18295432793261e-15 7.27651442644203e-16
7.76680161943318e-08 0.00539463555321095 -0.0020609237139045 -339536.5943685 -1592779.55907705 2.21806147334831e-15 7.39353824449436e-16
7.81093117408905e-08 0.00515566202453313 -0.00274480857890823 -541527.170490118 -1549720.7491369 2.25373322593121e-15 7.51244408643738e-16
7.85506072874492e-08 0.0048299606764934 -0.00339838768034263 -738057.183172585 -1481046.22068163 2.28997866591982e-15 7.63326221973274e-16
7.89919028340079e-08 0.00442137477704954 -0.0040106625080254 -925878.139106735 -1387448.46273067 2.32680701958466e-15 7.75602339861554e-16
7.94331983805666e-08 0.00393514238567049 -0.00457112194119641 -1101829.36395069 -1270031.92654348 2.36422766157683e-15 7.88075887192277e-16
7.98744939271253e-08 0.00337783454436251 -0.00506991913096158 -1262890.24589974 -1130301.88873393 2.40225011731433e-15 8.00750039104776e-16
8.0315789473684e-08 0.00275727103709979 -0.00549804054434492 -1406231.06691644 -970146.689042976 2.44088406540673e-15 8.13628021802243e-16
8.07570850202427e-08 0.0020824147116963 -0.00584746432525445 -1529261.58141891 -791813.521877546 2.48013934011889e-15 8.26713113372962e-16
8.11983805668014e-08 0.00136324571890939 -0.00611130525372797 -1629676.52493916 -597878.067274868 2.52002593387424e-15 8.40008644624748e-16
8.16396761133601e-08 0.000610617368333054 -0.0062839437566342 -1705497.27148949 -391208.350622375 2.56055399979839e-15 8.53517999932797e-16
8.20809716599188e-08 -0.000163904376381894 -0.00636113663853656 -1755108.90774855 -174923.319540215 2.60173385430355e-15 8.67244618101182e-16
8.25222672064775e-08 -0.000948215444797721 -0.00634010745791802 -1777292.0541166 47653.2808512037 2.64357597971461e-15 8.81191993238203e-16
8.29635627530362e-08 -0.00172985966814745 -0.00621961476794876 -1771248.83639801 273043.068095465 2.68609102693742e-15 8.95363675645805e-16
8.34048582995949e-08 -0.00249622344184133 -0.00599999676833024 -1736622.4963522 497666.476199782 2.72928981816994e-15 9.09763272723313e-16
8.38461538461535e-08 -0.00323473605055962 -0.00568319127074001 -1673510.22342583 717898.696374183 2.77318334965707e-15 9.2439444988569e-16
8.42874493927122e-08 -0.00393307252529121 -0.00527273025976881 -1582468.89228167 930127.245044833 2.81778279448971e-15 9.39260931496569e-16
8.47287449392709e-08 -0.00457935581060996 -0.00477370872825733 -1464513.499759 1130810.25948013 2.86309950544888e-15 9.54366501816294e-16
8.51700404858296e-08 -0.00516235497976043 -0.00419272787450609 -1321108.20899235 1316534.59519777 2.90914501789559e-15 9.69715005965195e-16
8.56113360323883e-08 -0.00567167624621804 -0.00353781316256083 -1154150.02582598 1484072.78761907 2.9559310527071e-15 9.85310350902368e-16
8.6052631578947e-08 -0.00609794358394933 -0.00281830815909879 -965945.251556216 1630437.943625 3.00346951926057e-15 1.00115650642019e-15
8.64939271255057e-08 -0.00643296588444778 -0.00204474546470301 -759178.974524011 1752935.64693357 3.05177251846448e-15 1.01725750615483e-15
8.69352226720644e-08 -0.0066698877457381 -0.00122869644688248 -536877.979254205 1849211.99451075 3.10085234583898e-15 1.03361744861299e-15
8.73765182186231e-08 -0.00680332120506238 -0.000382601850572999 -302367.563789888 1917296.92925175 3.15072149464572e-15 1.05024049821524e-15
8.78178137651818e-08 -0.00682945599019915 0.000480414297227527 -59222.8617319461 1955642.09639202 3.20139265906795e-15 1.06713088635598e-15
8.82591093117405e-08 -0.00674614617083742 0.00134674476449964 188784.636535303 1963152.52675423 3.25287873744187e-15 1.08429291248062e-15
8.87004048582992e-08 -0.00655297143689993 0.00220251018005849 437744.580573933 1939211.53800952 3.30519283553991e-15 1.10173094517997e-15
8.91417004048579e-08 -0.00625127161025354 0.00303377787050667 683668.414510629 1883698.34441009 3.35834826990675e-15 1.11944942330225e-15
8.95829959514166e-08 -0.00584415340430411 0.00382678507383797 922552.264857886 1796997.97452139 3.41235857124907e-15 1.13745285708302e-15
9.00242914979753e-08 -0.00533646887644488 0.00456816301026872 1150441.08606632 1680003.21374675 3.46723748787982e-15 1.15574582929327e-15
9.0465587044534e-08 -0.00473476546464777 0.0052451582204861 1363493.05242098 1534108.41214397 3.5229989892178e-15 1.17433299640593e-15
9.09068825910927e-08 -0.00404720795473389 0.0058458475677166 1558043.16466723 1361195.12629296 3.57965726934359e-15 1.1932190897812e-15
9.13481781376514e-08 -0.00328347318185494 0.00635934334396435 1730665.03578992 1163609.69479995 3.63722675061269e-15 1.2124089168709e-15
9.17894736842101e-08 -0.00245461872113895 0.00677598502266998 1878229.83299861 944132.978351308 3.69572208732665e-15 1.23190736244222e-15
9.22307692307688e-08 -0.00157292726095344 0.00708751435918936 1997961.38225524 705942.624956745 3.7551581694634e-15 1.25171938982113e-15
9.26720647773275e-08 -0.000651728770555415 0.00728723075524911 2087486.48741571 452568.347034488 3.81555012646745e-15 1.27185004215582e-15
9.31133603238862e-08 0.000294797035020123 0.00737012407134312 2144879.57777209 187840.817203855 3.87691333110107e-15 1.29230444370036e-15
9.35546558704449e-08 0.00125183507286223 0.00733298238843641 2168700.87474312 -84165.0979629141 3.93926340335747e-15 1.31308780111916e-15
9.39959514170036e-08 0.00220416293603786 0.00717447258303443 2158027.35967321 -359191.944351284 4.00261621443684e-15 1.33420540481228e-15
9.44372469635623e-08 0.00313638915568622 0.00689519198255081 2112475.92892795 -632865.213939946 4.06698789078636e-15 1.35566263026212e-15
9.4878542510121e-08 0.00403319801386119 0.00649768980513311 2032218.23824969 -900761.814882302 4.13239481820519e-15 1.37746493940173e-15
9.53198380566797e-08 0.00487959707529522 0.00598645755320423 1917986.86398353 -1158480.42409573 4.19885364601548e-15 1.39961788200516e-15
9.57611336032384e-08 0.0056611635009068 0.00536788801591557 1771072.54244093 -1401712.62119538 4.26638129130044e-15 1.42212709710015e-15
9.62024291497971e-08 0.00636428516214646 0.00465020303500705 1593312.38831373 -1626313.67233401 4.33499494321058e-15 1.44499831440353e-15
9.66437246963558e-08 0.00697639259486881 0.00384335069341259 1387069.13653596 -1828371.81994339 4.40471206733921e-15 1.46823735577974e-15
9.70850202429145e-08 0.0074861779150333 0.00295887308830989 1155201.59706999 -2004274.94000337 4.47555041016831e-15 1.49185013672277e-15
9.75263157894732e-08 0.00788379696585862 0.00200974634206801 901026.656457369 -2150773.45249307 4.54752800358588e-15 1.51584266786196e-15
9.79676113360319e-08 0.00816105117574077 0.00101019497761991 628273.301292583 -2265038.41301543 4.62066316947597e-15 1.54022105649199e-15
9.84089068825906e-08 0.0083115458759234 -2.45167687323248e-05 341029.274725786 -2344713.77384405 4.6949745243825e-15 1.5649915081275e-15
9.88502024291493e-08 0.00833082215320852 -0.00107831371178984 43681.1054075601 -2387961.88013951 4.77048098424811e-15 1.5901603280827e-15
9.9291497975708e-08 0.00821645969157943 -0.00213455520301607 -259151.633232895 -2393501.36085209 4.84720176922918e-15 1.61573392307639e-15
9.97327935222667e-08 0.00796814848222785 -0.00317629365810054 -562686.868897607 -2360636.6826226 4.92515640858836e-15 1.64171880286279e-15
1.00174089068825e-07 0.00758772774804505 -0.00418654217853049 -862054.324249096 -2289278.75730458 5.00436474566572e-15 1.66812158188857e-15
1.00615384615384e-07 0.00707919092930759 -0.00514854710942649 -1152372.4241115 -2179956.1278102 5.08484694292986e-15 1.69494898097662e-15
1.01056680161943e-07 0.00644865610455847 -0.00604606122964473 -1428826.62122048 -2033816.40086152 5.16662348711027e-15 1.72220782903676e-15
1.01497975708501e-07 0.00570430176650193 -0.00686361319076192 -1686747.90366942 -1852617.74675181 5.24971519441224e-15 1.74990506480408e-15
1.0193927125506e-07 0.00485626842861498 -0.00758676881139005 -1921690.22438602 -1638710.44307474 5.33414321581559e-15 1.7780477386052e-15
1.02380566801619e-07 0.00391652709535364 -0.00820237989359543 -2129505.59005092 -1395008.59912595 5.41992904245867e-15 1.80664301415289e-15
1.02821862348178e-07 0.00289871617835557 -0.00869881635918233 -2306415.56420663 -1124952.35779785 5.50709451110893e-15 1.83569817036964e-15
1.03263157894736e-07 0.001817948973954 -0.00906617770427583 -2449077.97694668 -832461.029707273 5.59566180972145e-15 1.86522060324048e-15
1.03704453441295e-07 0.000690594324781824 -0.00929648003889525 -2554647.69124337 -521877.767440348 5.68565348308687e-15 1.89521782769562e-15
1.04145748987854e-07 -0.000465966438310399 -0.00938381531082106 -2620830.35306219 -197906.533630054 5.77709243857021e-15 1.9256974795234e-15
1.04587044534412e-07 -0.00163360274653472 -0.00932447970570974 -2645928.14799455 134457.747362358 5.87000195194189e-15 1.95666731731396e-15
1.05028340080971e-07 -0.00279371432668687 -0.00911706866275477 -2628876.69997781 470004.840457599 5.96440567330257e-15 1.98813522443419e-15
1.0546963562753e-07 -0.00392752278421184 -0.00876253644091169 -2569272.37622632 803389.530231563 6.06032763310333e-15 2.02010921103444e-15
1.05910931174088e-07 -0.00501637074024391 -0.00826421870760729 -2467389.40495339 1129215.41400171 6.15779224826256e-15 2.05259741608752e-15
1.06352226720647e-07 -0.00604202383326548 -0.00762781719196504 -2324186.36675532 1442120.86572142 6.25682432838132e-15 2.08560810946044e-15
1.06793522267206e-07 -0.0069869707745433 -0.00686134603926618 -2141301.78436348 1736865.82308824 6.35744908205859e-15 2.11914969401953e-15
1.07234817813765e-07 -0.00783471660043013 -0.00597504011345932 -1921038.7063674 2008418.01536051 6.45969212330816e-15 2.15323070776939e-15
1.07676113360323e-07 -0.00857006429592064 -0.00498122611046769 -1666338.3558363 2252037.236137 6.5635794780786e-15 2.1878598260262e-15
1.08117408906882e-07 -0.00917938007326026 -0.00389415795700975 -1380743.0917696 2463356.27434965 6.66913759087825e-15 2.22304586362608e-15
1.08558704453441e-07 -0.0096508377764244 -0.00272981856774053 -1068349.10717012 2638457.14816052 6.7763933315066e-15 2.25879777716887e-15
1.08999999999999e-07 -0.00997463814515121 -0.00150569060789581 -733749.459408466 2773941.34019859 6.88537400189399e-15 2.295124667298e-15
