0 -0.00139 0 0 400000 1.33808e-16 4.46026666666667e-17
4.17624521072797e-10 -0.00136995168569953 0.000167049808429119 48005.5966277294 400000 1.35735284550333e-16 4.52450948501109e-17
8.35249042145594e-10 -0.00132985505709859 0.000331693538634802 96011.1932554588 394238.656731039 1.37690328470344e-16 4.58967761567813e-17
1.25287356321839e-09 -0.00126999887724881 0.000491525112393614 143325.348080679 382715.970193118 1.39673531588178e-16 4.6557843862726e-17
1.67049808429119e-09 -0.00119096067225342 0.000644173107088561 189256.619300882 365514.923076893 1.41685299490847e-16 4.72284331636156e-17
2.08812260536398e-09 -0.00109360257210964 0.000787335411315538 233123.524197494 342801.480763678 1.43726043607177e-16 4.79086812023925e-17
2.50574712643678e-09 -0.000979062992393316 0.000918813381332654 274264.498219818 314823.396096029 1.45796181291954e-16 4.8598727097318e-17
2.92337164750958e-09 -0.000848744216691808 0.00103654499919534 312047.710624712 281907.818918911 1.4789613591127e-16 4.92987119704234e-17
3.34099616858238e-09 -0.000704295999596684 0.00113863654060966 345880.593227773 244457.72760677 1.50026336929115e-16 5.00087789763715e-17
3.75862068965517e-09 -0.000547595369110963 0.00122339227491533 375218.940887828 202947.21700714 1.52187219995198e-16 5.07290733317326e-17
4.17624521072797e-09 -0.00038072286464283 0.00128934174107497 399575.44647874 157915.694198778 1.54379227034051e-16 5.14597423446836e-17
4.59386973180077e-09 -0.000205935501499012 0.00133526417189022 418527.539270976 109961.049933769 1.56602806335401e-16 5.22009354451336e-17
5.01149425287356e-09 -2.56368041304902e-05 0.00136020967357871 431724.403790682 59731.8893641727 1.58858412645853e-16 5.29528042152843e-17
5.42911877394636e-09 0.000157655702467366 0.00136351680892125 438893.066257253 7918.9204073666 1.6114650726189e-16 5.37155024206301e-17
5.84674329501916e-09 0.000341345111578341 0.00134482627892223 439843.447504261 -44754.388346266 1.63467558124215e-16 5.44891860414049e-17
6.26436781609195e-09 0.000522791395579588 0.0013040904497268 434472.294718582 -97541.7561468645 1.65822039913446e-16 5.52740133044819e-17
6.68199233716475e-09 0.000699348810119205 0.00124157852773295 422765.919218715 -149684.510462325 1.68210434147197e-16 5.60701447157325e-17
7.09961685823755e-09 0.00086840391937967 0.00115787724567905 404801.683642031 -200422.335927237 1.70633229278555e-16 5.68777430928516e-17
7.51724137931034e-09 0.00102741370368138 0.00105388698516761 380748.199107756 -249004.2017751 1.73090920795967e-16 5.76969735986557e-17
7.93486590038314e-09 0.00117394320173477 0.000930813325743545 350864.210935193 -294699.312932853 1.75584011324582e-16 5.85280037748608e-17
8.35249042145594e-09 0.00130570213866364 0.000790154076375442 315496.170077384 -336807.927386007 1.78113010729037e-16 5.93710035763458e-17
8.77011494252874e-09 0.0014205799976247 0.000633681911061575 275074.506319598 -374671.882081828 1.80678436217732e-16 6.02261454059108e-17
9.18773946360153e-09 0.00151667900745694 0.000463422795350854 230108.638222167 -407684.671564204 1.83280812448606e-16 6.10936041495353e-17
9.60536398467433e-09 0.00159234454121168 0.000281630453884305 181180.773486118 -435300.927731828 1.85920671636432e-16 6.1973557212144e-17
1.00229885057471e-08 0.00164619245043029 9.07571896876265e-05 128938.571615192 -457045.155553514 1.88598553661665e-16 6.28661845538883e-17
1.04406130268199e-08 0.00167713289732878 -0.000106578577032039 74086.7581697924 -472519.588200301 1.91315006180851e-16 6.37716687269503e-17
1.08582375478927e-08 0.00168439029118386 -0.000307627630284932 17377.7962951813 -481411.035770689 1.94070584738629e-16 6.46901949128763e-17
1.12758620689655e-08 0.00166751898565682 -0.000509547672342764 -40398.2636931815 -483496.614468752 1.96865852881347e-16 6.56219509604489e-17
1.16934865900383e-08 0.00162641444990458 -0.00070944292168131 -98424.6223058307 -478648.257590463 1.99701382272312e-16 6.65671274241041e-17
1.21111111111111e-08 0.00156131968738347 -0.000904405051612625 -155869.110256964 -466835.925798837 2.02577752808704e-16 6.75259176029013e-17
1.25287356321839e-08 0.00147282674144445 -0.00109155489926352 -211895.953120043 -448129.45171454 2.05495552740168e-16 6.8498517580056e-17
1.29463601532567e-08 0.00136187319526725 -0.00126808435524655 -265677.757360077 -422698.972583217 2.0845537878912e-16 6.94851262630401e-17
1.33639846743295e-08 0.00122973364444797 -0.00143129783327409 -316407.548292041 -390813.924451248 2.11457836272784e-16 7.04859454242612e-17
1.37816091954023e-08 0.00107800619265269 -0.00157865271636362 -363310.687326308 -352840.591618057 2.14503539226982e-16 7.15011797423272e-17
1.41992337164751e-08 0.00090859409316061 -0.00170779818233256 -405656.495114073 -309238.225852232 2.17593110531716e-16 7.25310368439052e-17
1.46168582375479e-08 0.000723682730804513 -0.00181661182602132 -442769.408944415 -260553.770667571 2.20727182038551e-16 7.35757273461837e-17
1.50344827586207e-08 0.000525712208732127 -0.00190323351902719 -474039.506980668 -207415.246555361 2.23906394699837e-16 7.46354648999457e-17
1.54521072796935e-08 0.000317345871525612 -0.0019660959794661 -498932.238632113 -150523.873161057 2.2713139869979e-16 7.57104662332633e-17
1.58697318007663e-08 0.000101435159521956 -0.00200395156406818 -516997.209476646 -90645.023680199 2.30402853587462e-16 7.68009511958206e-17
1.62873563218391e-08 -0.000119018752292986 -0.00201589484230012 -527875.880584402 -28598.124940705 2.33721428411625e-16 7.79071428038751e-17
1.67049808429119e-08 -0.000340906024600966 -0.00200138056661808 -531308.055709934 34754.3665414007 2.37087801857603e-16 7.90292672858678e-17
1.71226053639847e-08 -0.000561051380749607 -0.00196023671370793 -527137.045456838 98518.7670600864 2.40502662386066e-16 8.01675541286886e-17
1.75402298850575e-08 -0.00077625889888196 -0.00189267233788093 -515313.414977468 161782.587989421 2.43966708373828e-16 8.13222361246095e-17
1.79578544061303e-08 -0.000983357746583424 -0.00179928004878714 -495897.240826442 223627.407830087 2.47480648256679e-16 8.24935494188929e-17
1.83754789272031e-08 -0.00117924821288895 -0.00168103300033129 -469058.822988453 283142.015109882 2.51045200674258e-16 8.36817335580859e-17
1.87931034482758e-08 -0.00136094737891799 -0.00153927635510373 -435077.819574134 339435.636737535 2.54661094617032e-16 8.48870315390105e-17
1.92107279693486e-08 -0.0015256337641218 -0.00137571326769622 -394340.793928388 391651.062507905 2.58329069575376e-16 8.61096898584588e-17
1.96283524904214e-08 -0.00167069029033243 -0.00119238550984327 -347337.186614447 438977.475225867 2.62049875690814e-16 8.73499585636046e-17
2.00459770114942e-08 -0.00179374492055768 -0.000991648939276603 -294653.747603567 480662.797411926 2.65824273909422e-16 8.86080913031407e-17
2.0463601532567e-08 -0.00189270835369528 -0.000776144091355519 -236967.486687285 516025.36979269 2.69653036137458e-16 8.98843453791527e-17
2.08812260536398e-08 -0.00196580818983133 -0.000548762246804186 -175037.222307428 544464.783742181 2.73536945399222e-16 9.11789817997405e-17
2.12988505747126e-08 -0.00201161902319238 -0.000312607399135103 -109693.8303416 565471.699464503 2.77476795997191e-16 9.24922653323971e-17
2.17164750957854e-08 -0.00202908797065622 -7.0954610497242e-05 -41829.3145693762 578636.493894327 2.81473393674469e-16 9.38244645581564e-17
2.21340996168582e-08 -0.00201755520238177 0.000172794696254269 27615.1607305604 583656.596900406 2.85527555779564e-16 9.51758519265213e-17
2.2551724137931e-08 -0.00197676910686182 0.000415159909451319 97662.1186303459 580342.391233303 2.89640111433547e-16 9.65467038111825e-17
2.29693486590038e-08 -0.00190689579468854 0.000652630220524491 167311.325479141 568621.570551359 2.93811901699619e-16 9.79373005665397e-17
2.33869731800766e-08 -0.00180852272260416 0.000881714756499579 235553.869853427 548541.870545853 2.98043779755113e-16 9.93479265850377e-17
2.38045977011494e-08 -0.0016826563009506 0.00109899314743088 301386.569280538 520272.110395142 3.02336611065983e-16 1.00778870355328e-16
2.42222222222222e-08 -0.00153071343231962 0.001301165806695 363826.501951254 484101.5052104 3.06691273563796e-16 1.02230424521265e-16
2.4639846743295e-08 -0.00135450701586416 0.00148510319580421 421925.455916272 440437.234472526 3.11108657825285e-16 1.03702885941762e-16
2.50574712643678e-08 -0.00115622553914287 0.00164789334953448 474784.086461074 389800.276363307 3.15589667254478e-16 1.05196555751493e-16
2.54750957854406e-08 -0.000938406966284224 0.00178688695178917 521565.57354226 332819.543013519 3.20135218267453e-16 1.06711739422484e-16
2.58927203065134e-08 -0.000703907216416395 0.00189973927767716 561508.575371591 270224.376667569 3.2474624047976e-16 1.08248746826587e-16
2.63103448275862e-08 -0.000455863608460867 0.0019844483525615 593939.281434798 202835.49123682 3.2942367689653e-16 1.09807892298844e-16
2.6727969348659e-08 -0.000197653726306323 0.00203938872397184 618282.378370053 131554.467322014 3.34168484105341e-16 1.1138949470178e-16
2.71455938697318e-08 6.71497691194767e-05 0.00206334029676218 634070.755102145 57351.931176849 3.38981632471838e-16 1.12993877490613e-16
2.75632183908045e-08 0.000334827788400207 0.00205551174508495 640953.789286887 -18745.4310803344 3.43864106338196e-16 1.14621368779399e-16
2.79808429118773e-08 0.000601566271945947 0.00201555808585847 638704.075279249 -95668.8537441369 3.48816904224418e-16 1.16272301408139e-16
2.83984674329501e-08 0.000863509757370117 0.00194359207651652 627222.474272553 -172322.279249993 3.5384103903255e-16 1.1794701301085e-16
2.88160919540229e-08 0.00111681631475584 0.00184018918392323 606541.389703438 -247597.75198943 3.58937538253831e-16 1.1964584608461e-16
2.92337164750957e-08 0.00135771307826164 0.0017063859602874 576826.195183595 -320391.205219744 3.64107444178821e-16 1.21369148059607e-16
2.96513409961685e-08 0.00158255158281405 0.00154367175450711 538374.767781467 -389618.419345473 3.69351814110566e-16 1.23117271370189e-16
3.00689655172413e-08 0.00178786210604574 0.001353973782337 491615.106086886 -454230.924187134 3.74671720580827e-16 1.24890573526942e-16
3.04865900383141e-08 0.00197040621844469 0.00113963567476267 437101.039780966 -513231.615384398 3.80068251569423e-16 1.26689417189808e-16
3.09042145593869e-08 0.00212722675900822 0.00090338971962187 375506.065019112 -565689.855887613 3.85542510726736e-16 1.28514170242245e-16
3.13218390804597e-08 0.0022556944795032 0.000648323105447977 307615.367423764 -610755.837609047 3.9109561759942e-16 1.30365205866473e-16
3.17394636015325e-08 0.0023535506375151 0.000377838567349669 234316.121478037 -647673.985721637 3.96728707859361e-16 1.32242902619787e-16
3.21570881226053e-08 0.00241894486645204 9.5609921128714e-05 156586.18121597 -675795.198749259 4.02442933535933e-16 1.34147644511978e-16
3.25747126436781e-08 0.0024504677090208 -0.000194466947532561 75481.3019306873 -694587.731381585 4.08239463251603e-16 1.36079821083868e-16
3.29923371647509e-08 0.00244717726871958 -0.000488326998356123 -7878.94420749774 -703646.543715136 4.14119482460925e-16 1.38039827486975e-16
3.34099616858237e-08 0.00240861951075627 -0.000781792150305116 -92326.3745727097 -702700.960171442 4.2008419369298e-16 1.40028064564327e-16
3.38275862068965e-08 0.00233484182852105 -0.00107062983181497 -176660.321682481 -691620.503431847 4.26134816797304e-16 1.42044938932435e-16
3.42452107279693e-08 0.00222639958321222 -0.00135061315919104 -259664.458950522 -670418.793074811 4.32272589193366e-16 1.44090863064455e-16
3.46628352490421e-08 0.00208435542121211 -0.00161758189985286 -340124.094330518 -639255.42488747 4.3849876612363e-16 1.46166255374543e-16
3.50804597701149e-08 0.00191027127502095 -0.00186750335365392 -416843.689503607 -598435.774697964 4.44814620910265e-16 1.48271540303422e-16
3.54980842911877e-08 0.00170619305758032 -0.00209653227420165 -488664.35552299 -548408.699660152 4.51221445215556e-16 1.50407148405185e-16
3.59157088122605e-08 0.00147462816519993 -0.00230106895328197 -554481.072580548 -489762.139816187 4.57720549306065e-16 1.52573516435355e-16
3.63333333333332e-08 0.00121851600954079 -0.0024778146053204 -613259.381899421 -423216.653046156 4.64313262320588e-16 1.54771087440196e-16
3.6750957854406e-08 0.000941191902687989 -0.00262382321526876 -664051.3017301 -349616.94675707 4.71000932541988e-16 1.57000310847329e-16
3.71685823754788e-08 0.000646344719751798 -0.00273654905219531 -706010.227030696 -269921.499429635 4.77784927672926e-16 1.59261642557642e-16
3.75862068965516e-08 0.000337968859173059 -0.00281388910179472 -738404.583587623 -185190.393994917 4.84666635115574e-16 1.61555545038525e-16
3.80038314176244e-08 2.03111105337248e-05 -0.00285421973346245 -760630.021971249 -96571.5125254825 4.91647462255356e-16 1.63882487418452e-16
3.84214559386972e-08 -0.000302186878194565 -0.00285642699076305 -772219.954661319 -5285.26748125063 4.98728836748772e-16 1.66242945582924e-16
3.883908045977e-08 -0.000624949768681921 -0.00281992997716329 -772854.260708255 87391.9316471363 5.0591220681537e-16 1.6863740227179e-16
3.92567049808428e-08 -0.00094333250688681 -0.00274469690074569 -762366.006160329 180145.256376093 5.13199041533922e-16 1.71066347177974e-16
3.96743295019156e-08 -0.00125268622329278 -0.00263125344106934 -740746.054880355 271639.843812157 5.20590831142868e-16 1.73530277047623e-16
4.00919540229884e-08 -0.00154842513728556 -0.00248068320708032 -708145.47295519 360539.734597578 5.28089087345087e-16 1.76029695781696e-16
4.05095785440612e-08 -0.00182609351648579 -0.00229462016556064 -664875.660286791 445527.099418677 5.35695343617055e-16 1.78565114539018e-16
4.0927203065134e-08 -0.00208143172738972 -0.00207523303352056 -611406.174733252 525321.481306984 5.4341115552246e-16 1.8113705184082e-16
4.13448275862068e-08 -0.00231044041287857 -0.00182520174358973 -548360.246904491 598698.776806853 5.51238101030328e-16 1.83746033676776e-16
4.17624521072796e-08 -0.00250944184524559 -0.00154768620720934 -476508.016952229 664509.678855801 5.59177780837743e-16 1.86392593612581e-16
4.21800766283524e-08 -0.0026751375303691 -0.00124628771460257 -396757.557956295 721697.307985021 5.67231818697197e-16 1.89077272899066e-16
4.25977011494252e-08 -0.0028046611793419 -0.000925003421438308 -310143.783320178 769313.766200653 5.75401861748676e-16 1.91800620582892e-16
4.3015325670498e-08 -0.00289562621786352 -0.000588174478158202 -217815.367469208 806535.359597319 5.83689580856509e-16 1.94563193618836e-16
4.34329501915708e-08 -0.00294616707042602 -0.000240428457511858 -121019.839622134 832676.251272437 5.92096670951084e-16 1.97365556983695e-16
4.38505747126436e-08 -0.0029549735349984 0.000113383172587828 -21087.0390219477 847200.325284569 6.00624851375479e-16 2.00208283791826e-16
4.42681992337164e-08 -0.00292131765357887 0.000468251701652459 80588.8536742828 849731.065007971 6.09275866237086e-16 2.03091955412362e-16
4.46858237547892e-08 -0.00284507258350397 0.00081908105404815 182568.470546342 840059.275002524 6.18051484764299e-16 2.060171615881e-16
4.51034482758619e-08 -0.00272672308248837 0.00116075993124667 283387.337294227 818148.504117551 6.26953501668343e-16 2.08984500556114e-16
4.55210727969347e-08 -0.00256736733558525 0.00148823521242807 381576.604969845 784138.058608669 6.35983737510314e-16 2.11994579170105e-16
4.59386973180075e-08 -0.00236870997304727 0.00179658557434411 475684.143324892 738343.527156767 6.45144039073498e-16 2.15048013024499e-16
4.63563218390803e-08 -0.0021330462527739 0.00208109427322734 564295.697168349 681254.774390112 6.54436279741063e-16 2.18145426580354e-16
4.67739463601531e-08 -0.00186323750791136 0.00233732002837248 646055.801918565 613531.395347544 6.63862359879188e-16 2.21287453293063e-16
4.71915708812259e-08 -0.00156267808743098 0.00256116495908636 719688.15362732 535995.659782777 6.73424207225703e-16 2.24474735741901e-16
4.76091954022987e-08 -0.00123525414332308 0.00274893855404463 784015.132221685 449623.011780806 6.83123777284341e-16 2.27707925761447e-16
4.80268199233715e-08 -0.000885294740572906 0.00289741669453513 837976.18456692 355530.226312131 6.92963053724651e-16 2.30987684574884e-16
4.84444444444443e-08 -0.00051751588352168 0.00300389481021438 880644.786150184 254961.359562222 7.02944048787688e-16 2.34314682929229e-16
4.88620689655171e-08 -0.000136958162793008 0.0030662343172441 911243.716607188 149271.663621625 7.13068803697536e-16 2.37689601232512e-16
4.92796934865899e-08 0.000251081171006765 0.00308290157318665 929158.404786612 39909.6678991312 7.23339389078757e-16 2.41113129692919e-16
4.96973180076627e-08 0.000641120808720711 0.00305299867979398 933948.123333393 -71602.3410594954 7.33757905379865e-16 2.44585968459955e-16
5.01149425287355e-08 0.00102757168083913 0.00297628557260902 925354.840577135 -183689.183259415 7.44326483302882e-16 2.48108827767627e-16
5.05325670498083e-08 0.0014048159067586 0.00285319295371567 903309.568486064 -294744.711295072 7.55047284239098e-16 2.51682428079699e-16
5.09501915708811e-08 0.00176728729615195 0.00268482574947325 867936.079189594 -403154.498231848 7.65922500711093e-16 2.55307500237031e-16
5.13678160919539e-08 0.00210955226531481 0.00247295690696006 819551.898637662 -507318.971522419 7.76954356821136e-16 2.58984785607045e-16
5.17854406130267e-08 0.00242639000899848 0.00222001147932328 758666.523866413 -605676.666176143 7.88145108706039e-16 2.62715036235346e-16
5.22030651340995e-08 0.00271287076226226 0.0019290410893872 685976.849558213 -696727.263975375 7.99497044998558e-16 2.66499014999519e-16
5.26206896551723e-08 0.00296443099760132 0.00160368900074416 602359.829573355 -779054.083815005 8.11012487295449e-16 2.7033749576515e-16
5.30383141762451e-08 0.00317694443011692 0.00124814616413795 508862.439326333 -851345.691323121 8.22693790632256e-16 2.74231263544085e-16
5.34559386973179e-08 0.00334678774763752 0.000867098742233447 406689.044705301 -912416.303826377 8.34543343964943e-16 2.78181114654981e-16
5.38735632183906e-08 0.00347090004307817 0.000465667745851921 297186.322110168 -961224.679408975 8.46563570658464e-16 2.82187856886155e-16
5.42911877394634e-08 0.00354683500230341 4.93415374917317e-05 181825.911539354 -996891.196165223 8.58756928982365e-16 2.86252309660788e-16
5.47088122605362e-08 0.00357280499146843 -0.000376097928424733 62185.019927248 -1018712.84957979 8.7112591261353e-16 2.9037530420451e-16
5.5126436781609e-08 0.0035477162921577 -0.000804654156401904 -60074.7754137827 -1026175.92203708 8.83673051146163e-16 2.94557683715388e-16
5.55440613026818e-08 0.00347119484931553 -0.00123019938943151 -183230.243869783 -1018966.10844704 8.9640091060912e-16 2.98800303536373e-16
5.59616858237546e-08 0.00334360202446417 -0.00164656097866498 -305520.433818373 -996975.915504007 9.0931209399069e-16 3.0310403133023e-16
5.63793103448274e-08 0.00316603998335277 -0.00204760964369244 -425171.492936489 -960309.188735472 9.22409241770935e-16 3.07469747256978e-16
5.67969348659002e-08 0.00294034649113787 -0.00242734837941492 -540422.031817332 -909282.660766676 9.35695032461695e-16 3.11898344153898e-16
5.7214559386973e-08 0.00266907903749542 -0.00278000073826547 -649548.673400716 -844424.455596274 9.49172183154378e-16 3.16390727718126e-16
5.76321839080458e-08 0.00235548836663098 -0.00310009720722155 -750891.422895578 -766469.526582895 9.62843450075631e-16 3.20947816691877e-16
5.80498084291186e-08 0.00200348164083988 -0.00338255840804828 -842878.490197041 -676352.049686028 9.76711629151021e-16 3.2557054305034e-16
5.84674329501914e-08 0.0016175756188741 -0.00362277387665357 -924050.199385955 -575194.837669556 9.90779556576833e-16 3.30259852192278e-16
5.88850574712642e-08 0.0012028403796843 -0.00381667522319212 -993081.627784747 -464295.884830818 1.0050501094001e-15 3.35016703133367e-16
5.9302681992337e-08 0.000764834265925748 -0.00396080253823103 -1048803.6301925 -345112.194726209 1.019526206107e-15 3.39842068702334e-16
5.97203065134098e-08 0.000309530857795202 -0.00405236299122601 -1090221.92222085 -219241.08469441 1.03421080721971e-15 3.44736935739904e-16
6.01379310344826e-08 -0.000156761085769166 -0.00408928066483613 -1116533.91991101 -88399.2001123056 1.04910691590187e-15 3.49702305300622e-16
6.05555555555554e-08 -0.000627483666702938 -0.00407023678106248 -1127143.06076802 45600.4923387582 1.06421757857274e-15 3.54739192857581e-16
6.09731800766282e-08 -0.00109592071513005 -0.00399469960142914 -1121670.36366492 180873.430131193 1.07954588553029e-15 3.59848628510098e-16
6.1390804597701e-08 -0.00155529224511748 -0.00386294342181512 -1099963.02134604 315489.567699636 1.09509497158313e-15 3.65031657194376e-16
6.18084291187738e-08 -0.0019988511900755 -0.003676056231274 -1062099.85902793 447500.520470027 1.11086801669164e-15 3.70289338897212e-16
6.22260536398466e-08 -0.00241998105732351 -0.00343593576125218 -1008393.53533697 574967.363997185 1.12686824661831e-15 3.75622748872771e-16
6.26436781609194e-08 -0.0028122931085067 -0.00314527381489288 -939389.406961578 695988.697245677 1.14309893358746e-15 3.81032977862487e-16
6.30613026819922e-08 -0.00316972165931 -0.00280752893333033 -855861.025317991 808728.569613075 1.15956339695441e-15 3.86521132318137e-16
6.3478927203065e-08 -0.00348661609874487 -0.00242688762468504 -758802.281582576 911443.867490101 1.17626500388435e-15 3.92088334628118e-16
6.38965517241378e-08 -0.00375782825537304 -0.00200821454945704 -649416.264953707 1002510.75811474 1.19320717004096e-15 3.97735723346987e-16
6.43141762452106e-08 -0.0039787937850805 -0.00155699222074998 -529100.947281169 1080449.79626187 1.21039336028494e-15 4.03464453428313e-16
6.47318007662834e-08 -0.00414560632203463 -0.00107925093682349 -399431.854541519 1143949.3128882 1.22782708938262e-15 4.09275696460873e-16
6.51494252873562e-08 -0.00425508322056728 -0.000581489814493335 -262141.931348822 1191886.72411166 1.24551192272478e-15 4.15170640908258e-16
6.5567049808429e-08 -0.00430482181996106 -7.05899325856445e-05 -119098.848089697 1223347.42365052 1.26345147705578e-15 4.21150492351926e-16
6.59846743295018e-08 -0.0042932452852348 0.000446279277170361 27719.959298651 1237640.95180108 1.28164942121326e-15 4.27216473737754e-16
6.64022988505746e-08 -0.00421963721352644 0.000961759140785327 176254.190053955 1234314.16883951 1.30010947687845e-15 4.33369825626149e-16
6.68199233716474e-08 -0.00408416434581205 0.00146840500590285 324389.160306956 1213161.19996031 1.31883541933726e-15 4.39611806445754e-16
6.72375478927202e-08 -0.0038878868855128 0.00195879223141663 469985.478331224 1174229.96201005 1.33783107825243e-15 4.45943692750808e-16
6.7655172413793e-08 -0.00363275609686504 0.00242562341546481 610909.503092346 1117825.12877591 1.35710033844667e-15 4.52366779482222e-16
6.80727969348658e-08 -0.00332159903443062 0.00286183533519513 745064.158673235 1044507.44082216 1.3766471406972e-15 4.588823802324e-16
6.84904214559386e-08 -0.00295809043833925 0.00326070405385772 870419.665870162 955089.317164547 1.39647548254167e-15 4.65491827513891e-16
6.89080459770114e-08 -0.00254671201520904 0.00361594665493363 985043.747128299 850626.778723032 1.4165894190957e-15 4.721964730319e-16
6.93256704980842e-08 -0.00209269950954824 0.00392181808940418 1087130.86217861 732407.746759762 1.43699306388217e-15 4.78997687960723e-16
6.9743295019157e-08 -0.0016019781521296 0.00417320167084799 1175030.03932354 601936.832631507 1.45769058967252e-15 4.85896863224174e-16
7.01609195402298e-08 -0.00108108724768689 0.00436569182343967 1247270.88128024 460916.78739843 1.47868622934011e-15 4.92895409780038e-16
7.05785440613026e-08 -0.000537094831693872 0.00449566777941703 1302587.34471724 311226.8303678 1.4999842767259e-15 4.99994758908632e-16
7.09961685823754e-08 2.24965175840314e-05 0.00456035703416762 1339938.91891315 154898.123760598 1.52158908751655e-15 5.07196362505517e-16
7.14137931034482e-08 0.000589851482536199 0.00455788749744371 1358528.86103225 -5913.29435725269 1.54350508013527e-15 5.14501693378423e-16
7.1831417624521e-08 0.0011569100685288 0.00448732742673922 1357819.18297312 -168955.76563186 1.56573673664538e-15 5.2191224554846e-16
7.22490421455938e-08 0.00171550045879075 0.00434871239167609 1337542.12714098 -331913.065609862 1.58828860366697e-15 5.29429534555657e-16
7.26666666666666e-08 0.00225745510540324 0.00414305869422537 1297707.91528313 -492436.835180175 1.61116529330673e-15 5.3705509776891e-16
7.30842911877394e-08 0.00277472843090369 0.00387236285638514 1238608.6050974 -648179.941984409 1.63437148410117e-15 5.4479049470039e-16
7.35019157088122e-08 0.00325951446840373 0.00353958698201926 1160817.94300468 -796830.30467426 1.65791192197344e-15 5.52637307324479e-16
7.3919540229885e-08 0.00370436274492314 0.00314863000023593 1065187.15753732 -936144.699499543 1.68179142120392e-15 5.60597140401305e-16
7.43371647509578e-08 0.00410229071352684 0.00270428500114476 952836.695463912 -1063982.06204398 1.70601486541479e-15 5.6867162180493e-16
7.47547892720307e-08 0.00444689106515575 0.0022121830781844 825143.961239855 -1178335.79718033 1.7305872085688e-15 5.76862402856266e-16
7.51724137931035e-08 0.00473243230075124 0.00167872429152885 683727.178811223 -1277364.61758804 1.75551347598239e-15 5.85171158660798e-16
7.55900383141763e-08 0.00495395101802247 0.00111099656143186 530425.552365059 -1359421.44546161 1.78079876535345e-15 5.93599588451148e-16
7.60076628352491e-08 0.00510733446428017 0.000516683485867826 367275.958470272 -1423079.93323131 1.8064482478038e-15 6.02149415934601e-16
7.64252873563219e-08 0.00518939202609759 -9.60377493222513e-05 196486.455360976 -1467158.18701477 1.83246716893683e-15 6.10822389645609e-16
7.68429118773947e-08 0.00519791446676056 -0.000718607040044484 20406.9450737213 -1490739.31081195 1.85886084991019e-15 6.19620283303397e-16
7.72605363984675e-08 0.00513171988181548 -0.00134219914288859 -158502.630006123 -1493188.42974598 1.8856346885241e-15 6.28544896174701e-16
7.76781609195403e-08 0.00499068551949696 -0.00195784696937317 -337706.133625069 -1474165.89644471 1.91279416032522e-15 6.3759805344174e-16
7.80957854406131e-08 0.00477576480412105 -0.00255656869908746 -514626.66709277 -1433636.43537093 1.94034481972646e-15 6.46781606575488e-16
7.85134099616859e-08 0.00448898910412284 -0.00312949693587856 -686683.098160851 -1371874.0348851 1.96829230114295e-15 6.56097433714316e-16
7.89310344827587e-08 0.00413345399954456 -0.00366800807622778 -851327.177017726 -1289462.45533163 1.99664232014429e-15 6.65547440048097e-16
7.93486590038315e-08 0.00371329002350842 -0.00416385002953355 -1006080.71326086 -1187291.28268629 2.0254006746235e-15 6.75133558207834e-16
7.97662835249043e-08 0.00323361807546852 -0.00460926642696159 -1148572.2792515 -1066547.52044694 2.05457324598273e-15 6.8485774866091e-16
8.01839080459771e-08 0.00270048992766285 -0.00499711547926152 -1276572.9043787 -928702.776608094 2.08416600033605e-15 6.94722000112017e-16
8.06015325670499e-08 0.0021208144669643 -0.00532098169452533 -1388030.23158095 -775496.166824362 2.11418498972963e-15 7.04728329909878e-16
8.10191570881227e-08 0.00150227052903748 -0.00557527874393592 -1481100.62200825 -608913.118313439 2.14463635337943e-15 7.14878784459809e-16
8.14367816091955e-08 0.000853207387166591 -0.00575534186639491 -1554178.71585597 -431160.320750421 2.1755263189267e-15 7.25175439642234e-16
8.18544061302683e-08 0.000182534151234966 -0.00585750833041745 -1605923.98695554 -244637.12944846 2.20686120371169e-15 7.3562040123723e-16
8.22720306513411e-08 -0.000500400489848527 -0.00587918462235712 -1635283.86534671 -51903.7816170029 2.23864741606553e-15 7.46215805355176e-16
8.26896551724139e-08 -0.00118593658925012 -0.00581889920203939 -1641513.04535611 144353.162412168 2.27089145662084e-15 7.56963818873614e-16
8.31072796934867e-08 -0.00186423759472595 -0.00567633985806762 -1624188.64613937 341357.695198471 2.3035999196412e-15 7.67866639880399e-16
8.35249042145595e-08 -0.00252542948429622 -0.0054523749029432 -1583220.9465857 536283.057683233 2.33677949436971e-15 7.78926498123235e-16
8.39425287356323e-08 -0.00315974244563037 -0.00514905766995819 -1518859.47622213 726291.723019146 2.37043696639704e-15 7.90145655465679e-16
8.43601532567051e-08 -0.00375765309512223 -0.00476961400657932 -1431694.30749884 908576.111393456 2.40457921904915e-15 8.01526406349718e-16
8.47777777777779e-08 -0.0043100251959963 -0.00431841269955312 -1322652.46172598 1080399.45994347 2.43921323479503e-15 8.13071078265011e-16
8.51954022988507e-08 -0.00480824682701285 -0.00380091901186949 -1192989.41004882 1239136.2613342 2.47434609667465e-15 8.24782032224883e-16
8.56130268199235e-08 -0.00524436197495857 -0.00322363175756138 -1044275.72122782 1382311.68233409 2.50998498974754e-15 8.36661663249179e-16
8.60306513409963e-08 -0.00561119457523268 -0.00259400458356446 -878378.978637997 1507639.37993757 2.54613720256222e-15 8.48712400854074e-16
8.64482758620691e-08 -0.0059024631051549 -0.00192035236497089 -697441.158804589 1613057.14727451 2.5828101286468e-15 8.60936709548934e-16
8.68659003831419e-08 -0.00611288394339418 -0.00121174384748283 -503851.731930749 1696759.84462738 2.62001126802101e-15 8.73337089340337e-16
8.72835249042147e-08 -0.00623826184498969 -0.000477881885288311 -300216.810242472 1757229.1021355 2.65774822873005e-15 8.85916076243348e-16
8.77011494252875e-08 -0.00627556604324135 0.000271027179331274 -89324.7315934116 1793259.31986891 2.69602872840051e-15 8.9867624280017e-16
8.81187739463603e-08 -0.00622299067532556 0.00102441326968533 125891.477302947 1803979.5374533 2.73486059581875e-15 9.11620198606249e-16
8.85363984674331e-08 -0.00607999843551357 0.00177148958027759 342394.262302099 1788870.79875761 2.77425177253191e-15 9.24750590843971e-16
8.89540229885059e-08 -0.00584734658566052 0.00250140482140658 557083.787262805 1747778.6966483 2.81421031447211e-15 9.38070104824037e-16
8.93716475095787e-08 -0.0055270946942123 0.00320339858538871 766841.685027397 1680920.84770034 2.85474439360392e-15 9.5158146453464e-16
8.97892720306515e-08 -0.00512259372909181 0.00386695764157052 968575.705472006 1588889.11617845 2.89586229959565e-15 9.65287433198551e-16
9.02068965517243e-08 -0.00463845639299696 0.00448197092233457 1159264.63046564 1472646.47962769 2.93757244151468e-15 9.79190813838228e-16
9.06245210727971e-08 -0.00408050885820948 0.00503888094892614 1336002.81265627 1333518.50404037 2.9798833495472e-15 9.93294449849065e-16
9.10421455938699e-08 -0.00345572432818576 0.0055288294647816 1496043.69115771 1173179.47374565 3.0228036767427e-15 1.0076012255809e-15
9.14597701149427e-08 -0.00277213912111077 0.00594379509531815 1636841.64262912 993633.298807705 3.06634220078368e-15 1.02211406692789e-15
9.18773946360155e-08 -0.002038752232351 0.00627672093657589 1756091.54097523 797189.399708896 3.11050782578071e-15 1.0368359419269e-15
9.22950191570883e-08 -0.00126540958448531 0.00652163008994896 1851765.42287104 586433.844315335 3.15530958409349e-15 1.0517698613645e-15
9.27126436781611e-08 -0.000462674411551461 0.00667372730530088 1922145.68931867 364196.084466525 3.200756638178e-15 1.06691887939267e-15
9.31302681992339e-08 0.000358314555303353 0.00672948506837592 1965854.31512942 133511.707913622 3.24685828246037e-15 1.08228609415346e-15
9.35478927203067e-08 0.00118599523386578 0.00668671266850434 1981877.58811737 -102418.315288838 3.29362394523768e-15 1.09787464841256e-15
9.39655172413795e-08 0.00200854262599062 0.00654460700665367 1969585.95728975 -340271.355440587 3.34106319060613e-15 1.11368773020205e-15
9.43831417624523e-08 0.00281403535041215 0.00630378414901917 1928748.63370662 -576649.227913817 3.38918572041706e-15 1.12972857347235e-15
9.48007662835251e-08 0.00359062596242785 0.00596629089434678 1859542.65812931 -808126.050178828 3.43800137626102e-15 1.14600045875367e-15
9.52183908045979e-08 0.00432671266182258 0.00553559590051113 1762556.2251562 -1031297.18707436 3.48752014148052e-15 1.16250671382684e-15
9.56360153256707e-08 0.00501110993585817 0.00501656020374003 1638786.13324119 -1242828.59502071 3.53775214321172e-15 1.17925071440391e-15
9.60536398467435e-08 0.0056332156641573 0.00441538725829275 1489629.31271626 -1439505.86019944 3.58870765445558e-15 1.19623588481853e-15
9.64712643678164e-08 0.00618317222764982 0.00373955292121415 1316868.46854629 -1618282.21997719 3.64039709617875e-15 1.21346569872625e-15
9.68888888888892e-08 0.00665201921470992 0.00299771610176107 1122651.95984117 -1776324.86125921 3.69283103944478e-15 1.23094367981493e-15
9.7306513409962e-08 0.00703183540397437 0.00219961108395566 909468.122917622 -1911058.80410288 3.74602020757607e-15 1.24867340252536e-15
9.77241379310348e-08 0.00731586782436048 0.00135592280921396 680114.327713538 -2020207.70373928 3.79997547834684e-15 1.26665849278228e-15
9.81417624521076e-08 0.00749864584725461 0.000478146669966639 437661.13738869 -2101830.93893167 3.85470788620781e-15 1.28490262873594e-15
9.85593869731804e-08 0.00757607845197335 -0.00042156538937936 185412.016803601 -2154356.39898446 3.91022862454284e-15 1.30340954151428e-15
9.89770114942532e-08 0.00754553302118693 -0.00133057044469527 -73140.8939014379 -2176608.43520598 3.96654904795811e-15 1.32218301598604e-15
9.9394636015326e-08 0.00740589426535535 -0.00223590962093829 -334364.360293966 -2167830.50458192 4.02368067460425e-15 1.34122689153475e-15
9.98122605363988e-08 0.00715760214125876 -0.00312449019271619 -594534.352194583 -2127702.10306451 4.08163518853195e-15 1.36054506284398e-15
1.00229885057472e-07 0.00680266791591216 -0.00398327223560603 -849888.374453799 -2056349.66233256 4.14042444208145e-15 1.38014148069382e-15
1.00647509578544e-07 0.00634466782971028 -0.00479945720536746 -1096679.10549256 -1954351.16612599 4.20006045830652e-15 1.40002015276884e-15
1.01065134099617e-07 0.00578871412742845 -0.00556067575664471 -1331228.5898675 -1822734.32920516 4.26055543343325e-15 1.42018514447775e-15
1.0148275862069e-07 0.00514140354835122 -0.00625517208498338 -1549982.21228585 -1662968.27244396 4.32192173935436e-15 1.44064057978479e-15
1.01900383141763e-07 0.00441074369277983 -0.00687198208694193 -1749561.67251499 -1476948.72028608 4.38417192615937e-15 1.46139064205312e-15
1.02318007662836e-07 0.0036060580068335 -0.0074011026831539 -1926816.18377973 -1266976.84047086 4.44731872470123e-15 1.48243957490041e-15
1.02735632183908e-07 0.00273787044611424 -0.00783364973823675 -2078871.13163052 -1035731.93923508 4.51137504919993e-15 1.50379168306664e-15
1.03153256704981e-07 0.00181777118677293 -0.00816200213872684 -2203173.45585396 -786238.316769863 4.5763539998836e-15 1.52545133329453e-15
1.03570881226054e-07 0.000858265045207439 -0.00837992975446341 -2297533.05457426 -521826.676213249 4.64226886566762e-15 1.54742295522254e-15
1.03988505747127e-07 -0.000127395459395787 -0.00848270320821542 -2360159.55689396 -246090.563571331 4.70913312687242e-15 1.56971104229081e-15
1.044061302682e-07 -0.00112539021641116 -0.00846718361047777 -2389693.8677157 37161.6055919993 4.77696045798029e-15 1.5923201526601e-15
1.04823754789272e-07 -0.00212152240455448 -0.00833189067838544 -2385233.95509548 323958.305285296 4.84576473043198e-15 1.61525491014399e-15
1.05241379310345e-07 -0.00310141754788629 -0.00807704794626335 -2346354.42577616 610219.75306299 4.91556001546358e-15 1.63852000515453e-15
1.05659003831418e-07 -0.00405072799771369 -0.00770460408667061 -2273119.51747662 891815.113336735 4.98636058698424e-15 1.66212019566141e-15
1.06076628352491e-07 -0.00495533997331589 -0.00721822969075562 -2166089.22598323 1164621.25994324 5.05818092449532e-15 1.68606030816511e-15
1.06494252873564e-07 -0.0058015802162672 -0.0066232892008272 -2026318.37991095 1424582.27404879 5.13103571605163e-15 1.71034523868388e-15
1.06911877394636e-07 -0.006576419276276 -0.00592678804151559 -1855348.57488345 1667768.83101219 5.20493986126531e-15 1.7349799537551e-15
1.07329501915709e-07 -0.00726766845202315 -0.00513729535378851 -1655192.98045877 1890436.61923641 5.27990847435293e-15 1.75996949145098e-15
1.07747126436782e-07 -0.00786416745900138 -0.004264843093311 -1428314.13597539 2089082.93563879 5.35595688722653e-15 1.78531896240884e-15
1.08164750957855e-07 -0.00835595998774603 -0.0033208026060389 -1177594.95415002 2260500.61631209 5.4331006526292e-15 1.8110335508764e-15
1.08582375478928e-07 -0.0087344544494101 -0.00231774013436819 -906303.252241493 2401828.48721153 5.51135554731572e-15 1.83711851577191e-15
1.09e-07 -0.00899256738005558 -0.00126925303156628 -618050.228426327 2510597.55808529 5.59073757527916e-15 1.86357919175972e-15
