0 -0.00139 0 0 400000 1.33808e-16 4.46026666666667e-17
3.39563862928349e-10 -0.00137674594366842 0.00013582554517134 39032.587912266 400000 1.35082138943267e-16 4.50273796477558e-17
6.79127725856698e-10 -0.00135023783100526 0.000270357740045288 78065.175824532 396191.142702178 1.36368410420066e-16 4.54561368066887e-17
1.01869158878505e-09 -0.00131060186903348 0.000402303234324454 116726.089843492 388573.428106534 1.37666929958118e-16 4.5888976652706e-17
1.3582554517134e-09 -0.00125809047179901 0.000530380993178243 154643.656075839 377183.124697856 1.38977814185217e-16 4.63259380617391e-17
1.69781931464174e-09 -0.00119308105860937 0.000653334612709656 191449.739760319 362092.76944572 1.40301180839704e-16 4.67670602799014e-17
2.03738317757009e-09 -0.001116073650511 0.000769944518152445 226783.284399784 343410.822450783 1.4163714878104e-16 4.72123829270133e-17
2.37694704049844e-09 -0.00102768727644854 0.000879039927528996 260293.817193119 321280.976237365 1.42985838000483e-16 4.76619460001612e-17
2.71651090342679e-09 -0.00092865521199279 0.000979510464615948 291644.887066928 295881.122980841 1.44347369631867e-16 4.81157898772889e-17
3.05607476635514e-09 -0.000819819084858445 0.00107031730729789 320517.401927752 267421.986246834 1.45721865962476e-16 4.85739553208254e-17
3.39563862928349e-09 -0.000702121892549053 0.00115050376072884 346612.832397383 236145.427076444 1.47109450444035e-16 4.90364834813449e-17
3.73520249221184e-09 -0.000576599988257371 0.00121920514914517 369656.250253485 202322.437446268 1.4851024770379e-16 4.95034159012635e-17
4.07476635514019e-09 -0.000444374101508051 0.00127565792565105 389399.171069098 166250.837232924 1.4992438355571e-16 4.99747945185701e-17
4.41433021806854e-09 -0.000306639469854088 0.00131920790578489 405622.172118553 128252.693788628 1.51351985011779e-16 5.04506616705931e-17
4.75389408099689e-09 -0.000164655167129746 0.00134931753812223 418137.258481777 88671.4860576741 1.52793180293409e-16 5.09310600978031e-17
5.09345794392524e-09 -1.97327222273712e-05 0.00136557213351395 426789.952418921 47869.0378049645 1.54248098842954e-16 5.14160329476514e-17
5.43302180685358e-09 0.000126775869984017 0.00136768498372788 431461.083484915 6222.24696030614 1.55716871335337e-16 5.19056237784457e-17
5.77258566978193e-09 0.000273490637224708 0.00135550131017833 432068.25948864 -35880.3597193101 1.57199629689786e-16 5.2399876563262e-17
6.11214953271028e-09 0.000419016503693107 0.00132900099400291 428567.001250971 -78042.2155257853 1.58696507081683e-16 5.28988356938944e-17
6.45171339563863e-09 0.000561956430359455 0.0012883000498864 420951.527155025 -119862.413407347 1.60207637954525e-16 5.34025459848418e-17
6.79127725856698e-09 0.000700924699077453 0.00123365081763544 409255.176683279 -160939.48213355 1.61733158032e-16 5.39110526773334e-17
7.13084112149533e-09 0.000834560215390018 0.00116544085747011 393550.465470948 -200875.20378965 1.63273204330175e-16 5.44244014433917e-17
7.47040498442368e-09 0.000961539703535969 0.0010841905472081 373948.767842663 -239278.43664317 1.64827915169805e-16 5.49426383899348e-17
7.80996884735203e-09 0.00108059066698642 0.000990549391860808 350599.626308203 -275768.907031926 1.66397430188753e-16 5.54658100629176e-17
8.14953271028038e-09 0.00119050398886612 0.000885291068521219 323689.69104022 -309980.933871632 1.67981890354536e-16 5.59939634515119e-17
8.48909657320873e-09 0.00129014604884769 0.000769307241684135 293441.295909043 -341567.049676186 1.69581437976983e-16 5.65271459923276e-17
8.82866043613707e-09 0.00137847023653572 0.000643600196182074 260110.681172995 -370201.482625334 1.71196216721017e-16 5.70654055736724e-17
9.16822429906542e-09 0.00145452774596187 0.000509274346628233 223985.876383434 -395583.465199844 1.72826371619561e-16 5.76087905398536e-17
9.50778816199377e-09 0.00151747754155902 0.000367526693516731 185384.260428305 -417440.33622745 1.74472049086559e-16 5.81573496955196e-17
9.84735202492212e-09 0.00156659539282759 0.000219636306828467 144649.818873495 -435530.404834246 1.76133396930132e-16 5.8711132310044e-17
1.01869158878505e-08 0.00160128188279669 6.69529280209476e-05 102150.121835601 -449645.546763428 1.77810564365851e-16 5.92701881219503e-17
1.05264797507788e-08 0.00162106930425067 -8.91152094592887e-05 58273.0485020954 -459613.50579042 1.79503702030138e-16 5.98345673433792e-17
1.08660436137072e-08 0.0016256273674634 -0.000247114232608174 13423.287076022 -465299.875511855 1.81212961993796e-16 6.04043206645988e-17
1.12056074766355e-08 0.00161476765377336 -0.000405558038264711 -31981.3586651852 -466609.739594021 1.82938497775671e-16 6.09794992585571e-17
1.15451713395639e-08 0.0015884467606497 -0.000562942137097975 -77513.8228687431 -463488.95160989 1.84680464356435e-16 6.15601547854783e-17
1.18847352024922e-08 0.00154676809584179 -0.000717757804494294 -122741.755993936 -455925.03884604 1.86439018192508e-16 6.21463393975026e-17
1.22242990654206e-08 0.00148998229066427 -0.000868506406520161 -167231.591394339 -443947.717892692 1.88214317230111e-16 6.27381057433704e-17
1.25638629283489e-08 0.00141848621533369 -0.00101371376621413 -210552.66221208 -427629.013410672 1.90006520919452e-16 6.33355069731508e-17
1.29034267912773e-08 0.0013328205924212 -0.00115194443379379 -252281.329861549 -407082.975165786 1.91815790229047e-16 6.39385967430156e-17
1.32429906542056e-08 0.00123366621779753 -0.00128181572397997 -292005.084900912 -382464.992199675 1.93642287660175e-16 6.45474292200585e-17
1.3582554517134e-08 0.00112183881179518 -0.00140201138455519 -329326.580979407 -353970.706831616 1.95486177261479e-16 6.51620590871596e-17
1.39221183800623e-08 0.000998282536572636 -0.00151129476249094 -363867.562811337 -321834.535021804 1.97347624643693e-16 6.57825415478977e-17
1.42616822429907e-08 0.000864062228708528 -0.00160852133748986 -395272.649764942 -286327.803437166 1.99226796994523e-16 6.64089323315076e-17
1.4601246105919e-08 0.000720354408754286 -0.00169265049757298 -423212.93766341 -247756.517309005 2.01123863093659e-16 6.70412876978862e-17
1.49408099688474e-08 0.000568437141707721 -0.00176275643736599 -447389.382770161 -206458.776821616 2.03038993327935e-16 6.76796644426449e-17
1.52803738317757e-08 0.000409678834015798 -0.00181803806695553 -467535.933661533 -162801.863286639 2.04972359706633e-16 6.83241199022112e-17
1.56199376947041e-08 0.000245526063656658 -0.00185782782754061 -483422.378764074 -117179.019704672 2.06924135876935e-16 6.89747119589782e-17
1.59595015576324e-08 7.74905499774054e-05 -0.00188159931952547 -494856.879734313 -70005.953460008 2.0889449713951e-16 6.96314990465035e-17
1.62990654205608e-08 -9.28646208286096e-05 -0.00188897365911016 -501688.163566338 -21717.09180446 2.10883620464272e-16 7.02945401547574e-17
1.66386292834891e-08 -0.000263939390529961 -0.00187972449074287 -503807.349303978 27238.3765679059 2.12891684506263e-16 7.09638948354211e-17
1.69781931464175e-08 -0.000434111612787782 -0.00185378159490572 -501149.388484043 76400.638199289 2.14918869621706e-16 7.16396232072355e-17
1.73177570093458e-08 -0.000601752289139448 -0.00181123304350482 -493694.101916375 125303.532107243 2.16965357884202e-16 7.23217859614007e-17
1.76573208722741e-08 -0.000765241015308377 -0.0017523258685105 -481466.799084642 173478.928194289 2.19031333101082e-16 7.30104443670272e-17
1.79968847352025e-08 -0.000922981492760732 -0.00167746522332405 -464538.470295469 220461.16609956 2.21116980829916e-16 7.37056602766386e-17
1.83364485981308e-08 -0.00107341695842706 -0.00158721203050389 -443025.545677914 265791.512800654 2.23222488395182e-16 7.44074961317272e-17
1.86760124610592e-08 -0.00121504538488561 -0.00148227912383687 -417089.2192036 309022.596698286 2.25348044905087e-16 7.51160149683622e-17
1.90155763239875e-08 -0.00134643430408323 -0.0013635259071533 -386934.340022344 349722.775737843 2.27493841268553e-16 7.58312804228511e-17
1.93551401869159e-08 -0.00146623510985568 -0.00123195156662154 -352807.877550071 387480.397345835 2.29660070212366e-16 7.65533567374555e-17
1.96947040498442e-08 -0.00157319669809362 -0.00108868688738159 -314996.970865869 421907.908587368 2.31846926298483e-16 7.72823087661611e-17
2.00342679127726e-08 -0.00166617830836368 -0.00093498473915131 -273826.577033827 452645.775980916 2.34054605941507e-16 7.80182019805024e-17
2.03738317757009e-08 -0.00174416143710097 -0.000772209308728305 -229656.736923599 479366.175832886 2.3628330742633e-16 7.87611024754433e-17
2.07133956386293e-08 -0.00180626070009341 -0.00060182416998502 -182879.48092269 501776.417766922 2.38533230925941e-16 7.95110769753136e-17
2.10529595015576e-08 -0.0018517335308185 -0.000425379293886636 -133915.400575717 519622.066308083 2.40804578519404e-16 8.02681928398013e-17
2.1392523364486e-08 -0.00187998861119864 -0.000244497112131011 -83209.9156149076 532689.727922528 2.4309755421001e-16 8.10325180700034e-17
2.17320872274143e-08 -0.00189059294242593 -6.08577581031217e-05 -31229.2690271648 540809.473788556 2.45412363943599e-16 8.1804121314533e-17
2.20716510903427e-08 -0.00188327747557761 0.000123816382151968 21543.7142964305 543856.871760402 2.47749215627055e-16 8.25830718756849e-17
2.2411214953271e-08 -0.00185794123469272 0.000307776668399867 74614.0671931252 541754.604454822 2.50108319146982e-16 8.33694397156606e-17
2.27507788161994e-08 -0.00181465387869449 0.000489264607023502 127479.277756269 534473.654111804 2.52489886388554e-16 8.41632954628514e-17
2.30903426791277e-08 -0.00175365666289789 0.000666528501825909 179634.002483542 522034.038821769 2.54894131254547e-16 8.49647104181824e-17
2.34299065420561e-08 -0.00167536177570744 0.000837840198658357 230574.851267307 504505.088836842 2.57321269684549e-16 8.57737565615165e-17
2.37694704049844e-08 -0.00158035004134945 0.00100151176532245 279805.199347831 482005.25595572 2.59771519674356e-16 8.65905065581188e-17
2.41090342679128e-08 -0.00146936699495508 0.00115591194730148 326839.980665996 454701.453351086 2.62245101295551e-16 8.74150337651838e-17
2.44485981308411e-08 -0.00134331735186879 0.00129948224049261 371210.416795399 422807.927654614 2.6474223671527e-16 8.82474122384235e-17
2.47881619937695e-08 -0.00120325790855607 0.00143075242424605 412468.635810853 386584.669585826 2.67263150216157e-16 8.9087716738719e-17
2.51277258566978e-08 -0.00105038892777431 0.00154835540166438 450192.136063711 346335.373864977 2.69808068216506e-16 8.99360227388354e-17
2.54672897196262e-08 -0.000886044075605491 0.00165104119925415 483988.050882492 302404.963544183 2.723772192906e-16 9.07924064302001e-17
2.58068535825545e-08 -0.00071167899238226 0.0017376899846184 513497.171694101 255176.69818279 2.74970834189239e-16 9.16569447297464e-17
2.61464174454829e-08 -0.000528858593328477 0.00180732396888329 538397.688956555 205068.889440665 2.77589145860464e-16 9.25297152868212e-17
2.64859813084112e-08 -0.00033924320774344 0.00185911806990264 558408.612594464 152531.251625771 2.80232389470481e-16 9.34107964901602e-17
2.68255451713396e-08 -0.000144573677654969 0.00189240922290357 573292.836315591 98040.9184706217 2.82900802424782e-16 9.43002674749275e-17
2.71651090342679e-08 5.33444520740267e-05 0.00190670423703695 582859.813238601 42098.1608882202 2.85594624389471e-16 9.51982081298236e-17
2.75046728971963e-08 0.000252657510292693 0.00190168610917514 586967.813653136 -14778.1563636864 2.88314097312782e-16 9.61046991042607e-17
2.78442367601246e-08 0.000451480892219056 0.00187721872014587 585525.739434519 -72055.3383339029 2.91059465446819e-16 9.70198218156063e-17
2.8183800623053e-08 0.000647916710362248 0.00183334985328146 578494.473614354 -129191.800582334 2.93830975369487e-16 9.79436584564957e-17
2.85233644859813e-08 0.000840071739999199 0.00177031249056507 565887.747829919 -185642.141577615 2.96628876006643e-16 9.88762920022142e-17
2.88629283489097e-08 0.00102607549113119 0.00168852435763097 547772.514801545 -240862.299741729 2.99453418654449e-16 9.98178062181497e-17
2.9202492211838e-08 0.00120409823604085 0.00158858570527668 524268.817577996 -294314.746841514 3.02304857001948e-16 1.00768285667316e-16
2.95420560747664e-08 0.00137236882036588 0.00147127533181973 495549.152003077 -345473.668620947 3.05183447153846e-16 1.01727815717949e-16
2.98816199376947e-08 0.00152919208602847 0.00133754486742348 461837.323648527 -393830.083221969 3.08089447653512e-16 1.02696482551171e-16
3.02211838006231e-08 0.00167296573642081 0.00118851135826808 423406.805283885 -438896.848063161 3.11023119506204e-16 1.03674373168735e-16
3.05607476635514e-08 0.00180219647794321 0.00102544820499166 380578.605767781 -480213.506437898 3.13984726202511e-16 1.04661575400837e-16
3.09003115264797e-08 0.00191551527730182 0.000849774526016637 333718.666001044 -517350.926155795 3.16974533742013e-16 1.05658177914004e-16
3.12398753894081e-08 0.00201169158086427 0.000663043032046423 283234.802234373 -549915.684077419 3.19992810657181e-16 1.0666427021906e-16
3.15794392523364e-08 0.00208964635079077 0.000466926513016514 229573.221526659 -577554.152372485 3.23039828037486e-16 1.07679942679162e-16
3.19190031152648e-08 0.00214846378254206 0.000263203052960763 173214.638460226 -599956.244751339 3.26115859553755e-16 1.08705286517918e-16
3.22585669781931e-08 0.00218740157963231 5.37401014659975e-05 114670.026293302 -616858.783759814 3.29221181482747e-16 1.09740393827582e-16
3.25981308411215e-08 0.0022058996740511 -0.000159522457498856 54476.0395269056 -628048.453465302 3.32356072731968e-16 1.10785357577323e-16
3.29376947040498e-08 0.00220358729451692 -0.000374590087705237 -6809.85165571213 -633364.305470167 3.35520814864719e-16 1.11840271621573e-16
3.32772585669782e-08 0.00218028829952495 -0.000589432072517981 -68614.4714901011 -632699.790136614 3.38715692125391e-16 1.12905230708464e-16
3.36168224299065e-08 0.00213602470788436 -0.000802000507154997 -130354.24694155 -626004.289160387 3.41940991464987e-16 1.13980330488329e-16
3.39563862928349e-08 0.00207101837596292 -0.00101024963546195 -191440.665566821 -613284.130151679 3.45197002566902e-16 1.15065667522301e-16
3.42959501557632e-08 0.00198569078802074 -0.00121215535035497 -251285.832380179 -594603.06862988 3.48484017872935e-16 1.16161339290978e-16
3.46355140186916e-08 0.00188066094366218 -0.00140573467380374 -309308.073753176 -570082.227771164 3.51802332609559e-16 1.17267444203186e-16
3.49750778816199e-08 0.00175674134440235 -0.00158906503066917 -364937.535434922 -539899.491319303 3.55152244814436e-16 1.18384081604812e-16
3.53146417445482e-08 0.00161493209946417 -0.0017603031309042 -417621.721331693 -504288.35023343 3.58534055363184e-16 1.19511351787728e-16
3.56542056074766e-08 0.00145641318902262 -0.00191770327658968 -466830.919740737 -463536.208853552 3.61948067996403e-16 1.20649355998801e-16
3.59937694704049e-08 0.00128253494102138 -0.00205963491400623 -512063.464297224 -417982.161566191 3.65394589346955e-16 1.21798196448985e-16
3.63333333333333e-08 0.00109480679523266 -0.00218459925641994 -552850.777964953 -368014.256099089 3.68873928967502e-16 1.22957976322501e-16
3.66728971962616e-08 0.000894884445241029 -0.00229124481044839 -588762.14997534 -314066.264615885 3.72386399358312e-16 1.24128799786104e-16
3.701246105919e-08 0.000684555465341734 -0.00237838164772265 -619409.197685081 -256613.988670067 3.75932315995326e-16 1.25310771998442e-16
3.73520249221183e-08 0.000465723544789178 -0.00244499427400087 -644449.967865785 -196171.128764294 3.79511997358491e-16 1.26503999119497e-16
3.76915887850467e-08 0.000240391466258443 -0.00249025295983664 -663592.634939137 -133284.753699848 3.83125764960366e-16 1.27708588320122e-16
3.8031152647975e-08 1.06429786435117e-05 -0.00251352341026065 -676598.757104522 -68530.4090468631 3.86773943374998e-16 1.28924647791666e-16
3.83707165109034e-08 -0.000221376273726253 -0.00251437466558332 -683286.055143985 -2506.90787683276 3.90456860267076e-16 1.30152286755692e-16
3.87102803738317e-08 -0.000453478592841561 -0.00249258514124233 -683530.682899211 64169.1496647498 3.94174846421358e-16 1.31391615473786e-16
3.904984423676e-08 -0.000683454658145854 -0.00244814673146256 -677268.962960349 130869.078342236 3.97928235772383e-16 1.32642745257461e-16
3.93894080996884e-08 -0.000909094358109123 -0.00238126691921603 -664498.565946873 196957.979184734 4.0171736543446e-16 1.33905788478153e-16
3.97289719626167e-08 -0.00112820782769472 -0.00229236885340622 -645279.116852997 261800.725916974 4.05542575731952e-16 1.35180858577317e-16
4.00685358255451e-08 -0.00133864649335794 -0.0021820893731855 -619732.217228374 324768.010558259 4.09404210229838e-16 1.36468070076613e-16
4.04080996884734e-08 -0.00153832392525457 -0.00205127497867069 -588040.877420356 385242.391185834 4.1330261576457e-16 1.3776753858819e-16
4.07476635514018e-08 -0.00172523629626598 -0.00190097576686937 -550448.358666625 442624.284295624 4.1723814247523e-16 1.39079380825077e-16
4.10872274143301e-08 -0.00189748224928294 -0.00173243737118457 -507256.430444443 496337.844172668 4.21211143834971e-16 1.40403714611657e-16
4.14267912772585e-08 -0.0020532819779345 -0.0015470909622406 -458823.054102307 545836.67221113 4.2522197668277e-16 1.41740658894257e-16
4.17663551401868e-08 -0.00219099533158274 -0.00134654138678339 -405559.509367758 590609.300199687 4.29271001255476e-16 1.43090333751825e-16
4.21059190031152e-08 -0.00230913876289398 -0.00113255353986875 -347926.985788143 630184.393207318 4.33358581220164e-16 1.44452860406721e-16
4.24454828660435e-08 -0.00240640094558809 -0.000907037083281837 -286432.666466136 664135.619856882 4.374850837068e-16 1.458283612356e-16
4.27850467289719e-08 -0.00248165690098872 -0.000672029639953554 -221625.336546808 692086.140443842 4.41650879341212e-16 1.47216959780404e-16
4.31246105919002e-08 -0.00253398048465998 -0.000429678609887529 -154090.553747471 713712.666524714 4.45856342278383e-16 1.48618780759461e-16
4.34641744548285e-08 -0.00256265509861454 -0.000182221767622672 -84445.4227469114 728749.049238709 4.50101850236051e-16 1.50033950078684e-16
4.38037383177569e-08 -0.00256718251019361 6.80331856172649e-05 -13333.0194209359 736989.357706602 4.54387784528637e-16 1.51462594842879e-16
4.41433021806852e-08 -0.00254728967561564 0.000318729930333389 58583.4853167825 738290.413338311 4.58714530101495e-16 1.52904843367165e-16
4.44828660436136e-08 -0.00250293348421903 0.000567485503013292 130626.94897531 732573.750736226 4.6308247556548e-16 1.54360825188493e-16
4.48224299065419e-08 -0.0024343033584242 0.000811912733342841 202112.572294885 719826.981062251 4.67492013231858e-16 1.55830671077286e-16
4.51619937694703e-08 -0.00234182166423939 0.0010496429351261 272354.347094718 700104.539196565 4.71943539147537e-16 1.57314513049179e-16
4.55015576323986e-08 -0.00222614190755331 0.001278348637263 340671.577029634 673527.801705909 4.76437453130642e-16 1.58812484376881e-16
4.5841121495327e-08 -0.0020881447123055 0.0014957661387186 406395.409858237 640284.568506861 4.80974158806423e-16 1.60324719602141e-16
4.61806853582553e-08 -0.00192893159770961 0.00169971767103631 468875.319131016 600627.907100778 4.85554063643507e-16 1.61851354547836e-16
4.65202492211837e-08 -0.00174981659282614 0.00188813295362339 527485.473097194 554874.364316095 4.90177578990496e-16 1.63392526330165e-16
4.6859813084112e-08 -0.00155231574773868 0.00205906993077418 581630.929110771 503401.556563322 4.94845120112912e-16 1.64948373370971e-16
4.71993769470403e-08 -0.00133813462118098 0.0022107344851784 630753.592890094 446645.155630799 4.99557106230496e-16 1.66519035410165e-16
4.75389408099687e-08 -0.00110915384449089 0.00234149893045385 674337.883646962 385095.292967148 5.04313960554859e-16 1.68104653518286e-16
4.7878504672897e-08 -0.000867412881035773 0.00244991909498837 711916.048340312 319292.411152095 5.09116110327491e-16 1.69705370109164e-16
4.82180685358254e-08 -0.000615092118571513 0.00253474982100273 743073.071110345 249822.596794604 5.1396398685814e-16 1.71321328952713e-16
4.85576323987537e-08 -0.000354493449180209 0.00259495871615966 767451.127289985 177312.434361224 5.18858025563545e-16 1.72952675187848e-16
4.88971962616821e-08 -8.80195073056232e-05 0.0026297380101345 784753.535245341 102423.425375439 5.23798666006548e-16 1.74599555335516e-16
4.92367601246104e-08 0.000181848249192962 0.00263851438520296 794748.163633447 25846.0219906259 5.28786351935569e-16 1.76262117311856e-16
4.95763239875388e-08 0.000452572417270074 0.00262095666794589 797270.256447276 -51706.6719222103 5.33821531324465e-16 1.77940510441488e-16
4.99158878504671e-08 0.000721583277491247 0.0025769812884627 792224.64340364 -129505.475358743 5.38904656412764e-16 1.79634885470921e-16
5.02554517133955e-08 0.000986302955548289 0.00250675543385217 779587.30877349 -206811.920458533 5.44036183746284e-16 1.81345394582095e-16
5.05950155763238e-08 0.00124416989149583 0.00241069784397697 759406.297606984 -282885.195871004 5.49216574218137e-16 1.83072191406046e-16
5.09345794392521e-08 0.00149266338663976 0.00228947721948417 731801.9444147 -356989.178552186 5.54446293110126e-16 1.84815431036709e-16
5.12741433021805e-08 0.00172932799507796 0.0021440082345043 696966.415675786 -428399.487876521 5.59725810134533e-16 1.86575270044844e-16
5.16137071651088e-08 0.00195179752615432 0.00197544516918795 655162.563995511 -496410.495105926 5.65055599476309e-16 1.88351866492103e-16
5.19532710280372e-08 0.00215781842556637 0.00178517320004776 606722.098268527 -560342.221045877 5.7043613983566e-16 1.9014537994522e-16
5.22928348909655e-08 0.00234527230657166 0.00157479740873741 552043.080758708 -619547.055143329 5.75867914471046e-16 1.91955971490349e-16
5.26323987538939e-08 0.00251219740865462 0.00134612959220248 491586.768519539 -673416.23034601 5.81351411242583e-16 1.93783803747528e-16
5.29719626168222e-08 0.00265680876910857 0.001101172978863 425873.822988221 -721385.989742874 5.86887122655858e-16 1.95629040885286e-16
5.33115264797506e-08 0.00277751690320035 0.000842104976423437 355479.917829931 -762943.383331175 5.92475545906172e-16 1.97491848635391e-16
5.36510903426789e-08 0.00287294480084094 0.000571258096844721 281030.781125042 -797631.63619053 5.98117182923187e-16 1.99372394307729e-16
5.39906542056073e-08 0.00294194306188673 0.000291099222756158 203196.713722014 -825055.03286632 6.03812540416011e-16 2.01270846805337e-16
5.43302180685356e-08 0.00298360300822687 4.20739694243584e-06 122686.630964983 -844883.266845915 6.09562129918711e-16 2.0318737663957e-16
5.4669781931464e-08 0.00299726762853604 -0.00028674966766614 40241.6799930691 -856855.208617916 6.15366467836252e-16 2.05122155945418e-16
5.50093457943923e-08 0.00298254023083764 -0.00057904014600848 -43371.5106530854 -860782.050898083 6.21226075490885e-16 2.07075358496962e-16
5.53489096573206e-08 0.0029392906986597 -0.000869893503237365 -127367.888340536 -856549.795141947 6.27141479168962e-16 2.09047159722987e-16
5.5688473520249e-08 0.00286765926839273 -0.001156526507549 -210951.276290814 -844121.049394818 6.33113210168211e-16 2.11037736722737e-16
5.60280373831773e-08 0.00276805776827738 -0.00143616961161269 -293321.848963558 -823536.113802253 6.39141804845452e-16 2.13047268281817e-16
5.63676012461057e-08 0.00264116828305346 -0.00170609345490277 -373683.713365839 -794913.336661607 6.45227804664774e-16 2.15075934888258e-16
5.6707165109034e-08 0.00248793923247246 -0.00196363523572499 -451252.525105531 -758448.730678272 6.51371756246162e-16 2.17123918748721e-16
5.70467289719624e-08 0.00230957887638889 -0.00220622470057842 -525263.066998396 -714414.846036238 6.57574211414595e-16 2.19191403804865e-16
5.73862928348907e-08 0.00210754628377162 -0.00243140949973461 -594976.71770774 -663158.903937034 6.6383572724961e-16 2.2127857574987e-16
5.77258566978191e-08 0.00188353982748043 -0.0026368796615596 -659688.73825205 -605100.201337837 6.70156866135334e-16 2.23385622045111e-16
5.80654205607474e-08 0.00163948329080228 -0.00282049094413935 -718735.305263173 -540726.80466145 6.76538195810997e-16 2.25512731936999e-16
5.84049844236758e-08 0.00137750969530168 -0.00298028683116046 -771500.22161184 -470591.557190615 6.82980289421921e-16 2.27660096473974e-16
5.87445482866041e-08 0.00109994298228066 -0.0031145189496889 -817421.237428872 -395307.431629623 6.89483725571004e-16 2.29827908523668e-16
5.90841121495324e-08 0.000809277701841868 -0.00322166570039856 -855995.91762251 -315542.265851383 6.96049088370681e-16 2.32016362790227e-16
5.94236760124608e-08 0.000508156883986601 -0.00330044890582879 -886786.995702209 -232012.92608353 7.02676967495388e-16 2.34225655831796e-16
5.97632398753891e-08 0.000199348285151419 -0.00334984829927115 -909427.158037553 -145478.947660528 7.09367958234529e-16 2.36455986078176e-16
6.01028037383175e-08 -0.000114280779102141 -0.00336911369575827 -923623.207572412 -56735.7089207706 7.16122661545935e-16 2.38707553848645e-16
6.04423676012458e-08 -0.000429789789060822 -0.00335777470718959 -929159.561437948 33392.8011976775 7.22941684109848e-16 2.40980561369949e-16
6.07819314641742e-08 -0.000744192323849144 -0.00331564788570009 -925901.042816986 124061.556863551 7.29825638383401e-16 2.43275212794467e-16
6.11214953271025e-08 -0.00105448406147933 -0.00324284120276319 -913794.933754963 214412.341493082 7.36775142655637e-16 2.45591714218546e-16
6.14610591900309e-08 -0.00135767121597869 -0.00313975579600754 -892872.262332954 303581.794207017 7.43790821103031e-16 2.4793027370101e-16
6.18006230529592e-08 -0.00165079914497388 -0.00300708494109722 -863248.304655582 390709.581891854 7.50873303845559e-16 2.50291101281853e-16
6.21401869158876e-08 -0.00193098085694987 -0.00284581023204179 -825122.289397186 474946.620245813 7.58023227003289e-16 2.52674409001096e-16
6.24797507788159e-08 -0.00219542514577779 -0.00265719497972607 -778776.30012624 555463.265993978 7.65241232753514e-16 2.55080410917838e-16
6.28193146417443e-08 -0.00244146408106168 -0.00244277486503143 -724573.378221379 631457.401990644 7.72527969388433e-16 2.57509323129478e-16
6.31588785046726e-08 -0.00266657958640314 -0.00220434590940852 -662954.836831252 702162.337201428 7.79884091373374e-16 2.59961363791125e-16
6.34984423676009e-08 -0.00286842884381664 -0.00194394985190397 -594436.80394251 766854.444577623 7.87310259405581e-16 2.62436753135194e-16
6.38380062305293e-08 -0.00304486827121375 -0.00166385704718687 -519606.02013279 824860.461598054 7.94807140473549e-16 2.64935713491183e-16
6.41775700934576e-08 -0.00319397583105158 -0.0013665470238171 -439114.923926094 875564.380749493 8.02375407916933e-16 2.67458469305644e-16
6.4517133956386e-08 -0.00331407144182847 -0.00105468686560295 -353676.064764961 918413.860428826 8.10015741487026e-16 2.70005247162342e-16
6.48566978193143e-08 -0.00340373528000079 -0.000731107601174989 -264055.890397381 952926.090654833 8.1772882740781e-16 2.72576275802603e-16
6.51962616822427e-08 -0.00346182377795968 -0.000398778807631993 -171067.961878939 978693.052544052 8.25515358437589e-16 2.75171786145863e-16
6.5535825545171e-08 -0.00348748314379421 -6.07816530808178e-05 -75565.6553475653 995386.115696581 8.33376033931212e-16 2.77792011310404e-16
6.58753894080994e-08 -0.00348016025050596 0.000279719380102131 21565.5848213741 1002759.92341034 8.41311559902884e-16 2.80437186634295e-16
6.62149532710277e-08 -0.00343961076593788 0.000619505834594965 119416.371984902 1000655.52194679 8.49322649089579e-16 2.83107549696526e-16
6.65545171339561e-08 -0.00336590441972882 0.000955335410784797 217061.808560608 989002.696852625 8.57410021015055e-16 2.85803340338351e-16
6.68940809968844e-08 -0.00325942732987935 0.00128397261337939 313570.145336528 967821.486540032 8.65574402054477e-16 2.88524800684826e-16
6.72336448598128e-08 -0.00312088133877609 0.0016022196250485 408011.588478412 937222.850878757 8.73816525499659e-16 2.91272175166553e-16
6.75732087227411e-08 -0.00295128033652085 0.00190694711527353 499467.171779187 897408.480387489 8.82137131624926e-16 2.94045710541642e-16
6.79127725856694e-08 -0.00275194357788688 0.00219512469042223 587037.610289031 848669.739658085 8.90536967753599e-16 2.96845655917867e-16
6.82523364485978e-08 -0.00252448602791207 0.00246385069168211 669852.050843241 791385.746829552 8.99016788325121e-16 2.9967226277504e-16
6.85919003115261e-08 -0.00227080579976604 0.00271038105090274 747076.635182338 726020.599172676 9.07577354962812e-16 3.02525784987604e-16
6.89314641744545e-08 -0.00199306877682171 0.00293215692060658 817922.792340647 653119.763072789 9.16219436542282e-16 3.05406478847427e-16
6.92710280373828e-08 -0.00169369053854979 0.00312683080339901 881655.178764089 573305.654829083 9.24943809260483e-16 3.08314603086828e-16
6.96105919003112e-08 -0.00137531573666708 0.00329229091768052 937599.187195878 487272.446645549 9.33751256705426e-16 3.11250418901809e-16
6.99501557632395e-08 -0.0010407950936427 0.00342668355085319 985147.948723171 395780.139893818 9.42642569926558e-16 3.14214189975519e-16
7.02897196261679e-08 -0.000693160219945641 0.00352843316800756 1023768.75648401 299647.955106004 9.51618547505814e-16 3.17206182501938e-16
7.06292834890962e-08 -0.000335596469057036 0.00359626006323956 1053008.84436002 199747.095132771 9.60679995629339e-16 3.2022666520978e-16
7.09688473520246e-08 2.85859299589671e-05 0.00362919536211957 1072500.4594875 96992.9444080806 9.698277281599e-16 3.23275909386633e-16
7.13084112149529e-08 0.000395982203847346 0.00362659320723534 1081965.17356119 -7663.22676914775 9.7906256670998e-16 3.26354188903327e-16
7.16479750778812e-08 0.000763124555637526 0.00358813998395314 1081217.38462979 -113242.978656741 9.88385340715574e-16 3.29461780238525e-16
7.19875389408096e-08 0.00112651458538202 0.00351386047036453 1070166.96833013 -218749.760201323 9.97796887510686e-16 3.32598962503562e-16
7.23271028037379e-08 0.00148265631101595 0.00340412082356981 1048821.04521552 -323178.225881695 1.00729805240253e-15 3.35766017467511e-16
7.26666666666663e-08 0.00182808948062244 0.00325962834373751 1017284.83893287 -425523.725010718 1.01688968874747e-15 3.3896322958249e-16
7.30062305295946e-08 0.00215942286167464 0.00308142798750402 975761.608419783 -524791.874779375 1.02657265802764e-15 3.42190886009212e-16
7.3345794392523e-08 0.00247336719005014 0.00287089563296005 924551.645949861 -620008.126684523 1.03634782992832e-15 3.45449276642773e-16
7.36853582554513e-08 0.00276676746183285 0.0026297281294239 864050.341672028 -710227.235184444 1.04621608241608e-15 3.48738694138693e-16
7.40249221183797e-08 0.00303663425415718 0.00235993019613315 794745.324184472 -794542.537489286 1.0561783018176e-15 3.52059433939201e-16
7.4364485981308e-08 0.0032801737676072 0.00206379826460239 717212.695573009 -872094.954324518 1.0662353828993e-15 3.55411794299766e-16
7.47040498442364e-08 0.00349481629192947 0.00174390138939951 632112.38814172 -942081.623303884 1.07638822894768e-15 3.58796076315893e-16
7.50436137071647e-08 0.0036782428089912 0.00140305938119584 540182.678686373 -1003764.07920532 1.08663775185047e-15 3.62212583950157e-16
7.53831775700931e-08 0.00382840946192942 0.00104431834386053 442233.904524482 -1056475.89894159 1.09698487217853e-15 3.65661624059511e-16
7.57227414330214e-08 0.00394356963717382 0.00067092382381947 339141.433517912 -1099629.73333193 1.10743051926853e-15 3.69143506422842e-16
7.60623052959497e-08 0.00402229342634456 0.000286291804617861 231837.947924861 -1132723.65287813 1.11797563130639e-15 3.72658543768798e-16
7.64018691588781e-08 0.00406348425775691 -0.000106022197637733 121305.109021689 -1155346.74058757 1.12862115541161e-15 3.76207051803872e-16
7.67414330218064e-08 0.00406639251221363 -0.000502355661764031 8564.67596885307 -1167183.87141781 1.13936804772228e-15 3.7978934924076e-16
7.70809968847348e-08 0.00403062596471763 -0.000898972917634712 -105330.841708384 -1168019.62508705 1.15021727348096e-15 3.83405757826986e-16
7.74205607476631e-08 0.0039561569224534 -0.00129210002123175 -219307.91345704 -1157741.28673991 1.16116980712141e-15 3.87056602373802e-16
7.77601246105915e-08 0.00384332595960956 -0.00167796032623149 -332282.009842878 -1136340.89821024 1.17222663235607e-15 3.90742210785356e-16
7.80996884735198e-08 0.00369284218107383 -0.00205281042004016 -443167.824862115 -1103916.3313081 1.18338874226445e-15 3.94462914088148e-16
7.84392523364482e-08 0.00350577997943682 -0.00241297608556117 -550889.602986039 -1060671.36359856 1.19465713938228e-15 3.9821904646076e-16
7.87788161993765e-08 0.00328357228279375 -0.00275488794650603 -654391.473600248 -1006914.74645229 1.20603283579161e-15 4.0201094526387e-16
7.91183800623049e-08 0.00302800032422423 -0.00307511645381588 -752647.694502888 -943058.264646444 1.21751685321165e-15 4.05838951070551e-16
7.94579439252332e-08 0.00274117999724575 -0.0033704058737738 -844672.706055892 -869613.796389823 1.22911022309059e-15 4.09703407696865e-16
7.97975077881615e-08 0.0024255448946571 -0.00363770694466218 -929530.898449155 -787189.392249278 1.24081398669821e-15 4.13604662232736e-16
8.01370716510899e-08 0.00208382616069721 -0.00387420787832559 -1006345.99634059 -696484.400972067 1.2526291952194e-15 4.17543065073132e-16
8.04766355140182e-08 0.00171902931802595 -0.00407736339567761 -1074309.96786675 -598283.679541265 1.26455690984859e-15 4.21518969949529e-16
8.08161993769466e-08 0.00133440826137742 -0.00424492150095042 -1132691.36866217 -493450.933876809 1.27659820188506e-15 4.25532733961686e-16
8.11557632398749e-08 0.000933436638542713 -0.00437494771820687 -1180843.03605451 -382921.245314881 1.28875415282915e-15 4.29584717609716e-16
8.14953271028033e-08 0.000519776866318099 -0.00446584653516678 -1218209.05398258 -267692.846276419 1.3010258544794e-15 4.33675284826467e-16
8.18348909657316e-08 9.7247053933214e-05 -0.00451637982356387 -1244330.915372 -148818.216288686 1.31341440903062e-15 4.37804803010208e-16
8.217445482866e-08 -0.00033021387100631 -0.0045256820318423 -1258852.81564759 -27394.576673166 1.32592092917288e-15 4.41973643057625e-16
8.25140186915883e-08 -0.000758582519101848 -0.00449327197479133 -1261526.01870337 95446.1313152541 1.33854653819141e-15 4.46182179397138e-16
8.28535825545167e-08 -0.00118378854619468 -0.00441906107545123 -1252212.24492475 218547.69438688 1.35129237006758e-15 4.50430790022525e-16
8.3193146417445e-08 -0.00160175296465615 -0.00430335794702782 -1230886.03968931 340740.405723983 1.36415956958063e-15 4.54719856526878e-16
8.35327102803733e-08 -0.00200842690178786 -0.00414686923633492 -1197636.0900851 460852.074609368 1.37714929241061e-15 4.5904976413687e-16
8.38722741433017e-08 -0.00239983044052606 -0.00395069668513522 -1152665.46729325 577719.164542241 1.39026270524208e-15 4.6342090174736e-16
8.421183800623e-08 -0.00277209117338758 -0.00371633040134809 -1096290.78209676 690197.955006133 1.40350098586896e-15 4.6783366195632e-16
8.45514018691584e-08 -0.00312148209981011 -0.00344563836810671 -1028940.25120765 797175.62083013 1.41686532330028e-15 4.72288441100092e-16
8.48909657320867e-08 -0.00344445849977104 -0.00314085225473698 -951150.682453734 897581.122859459 1.43035691786698e-15 4.76785639288995e-16
8.52305295950151e-08 -0.00373769342282061 -0.00280454962955461 -863563.397237728 990395.804436177 1.44397698132975e-15 4.81325660443251e-16
8.55700934579434e-08 -0.00399811144141379 -0.00243963270959003 -766919.118976242 1074663.58998742 1.45772673698782e-15 4.85908912329272e-16
8.59096573208718e-08 -0.00422292033060899 -0.00204930381661377 -662051.866345504 1149500.68482001 1.47160741978883e-15 4.90535806596277e-16
8.62492211838001e-08 -0.00440964035272971 -0.00163703774181007 -549881.900006886 1214104.67900904 1.48562027643981e-15 4.9520675881327e-16
8.65887850467285e-08 -0.00455613084533038 -0.00120655125281036 -431407.780961602 1267762.9630175 1.49976656551909e-15 4.99922188506362e-16
8.69283489096568e-08 -0.00466061383361374 -0.000761770006233785 -307697.607696863 1309860.36835854 1.51404755758935e-15 5.04682519196451e-16
8.72679127725852e-08 -0.00472169441412528 -0.000306793156093442 -179879.507744994 1339885.9531656 1.52846453531179e-15 5.09488178437262e-16
8.76074766355135e-08 -0.00473837768488394 0.000154144026868274 -49131.4670966272 1357438.85991478 1.54301879356125e-15 5.14339597853749e-16
8.79470404984418e-08 -0.00471008202785265 0.000616709187911369 83329.4119912469 1362233.18068655 1.55771163954258e-15 5.19237213180859e-16
8.82866043613702e-08 -0.00463664858253744 0.00107651321715294 216258.12794663 1354101.77418848 1.57254439290801e-15 5.24181464302671e-16
8.86261682242985e-08 -0.00451834678423776 0.0015291515028696 348393.369304548 1332998.98821144 1.5875183858757e-15 5.29172795291901e-16
8.89657320872269e-08 -0.00435587587673885 0.00197024572523047 478469.36979036 1299002.25117286 1.60263496334938e-15 5.34211654449792e-16
8.93052959501552e-08 -0.00415036234671021 0.00239548579764101 605227.9187082 1252312.50682369 1.61789548303912e-15 5.39298494346374e-16
8.96448598130836e-08 -0.00390335326540612 0.00280067155773154 727430.413748764 1193253.47696385 1.63330131558334e-15 5.44433771861112e-16
8.99844236760119e-08 -0.00361680556209819 0.00318175380861924 843869.841851785 1122269.74802709 1.64885384467184e-15 5.49617948223947e-16
9.03239875389403e-08 -0.00329307129264132 0.00353487431345588 953382.573354645 1039923.68855561 1.66455446717014e-15 5.54851489056714e-16
9.06635514018686e-08 -0.00293487900531279 0.00385640435246055 1054859.85534363 946891.215784393 1.6804045932449e-15 5.60134864414967e-16
9.1003115264797e-08 -0.00254531134419956 0.0041429814616036 1147258.89190227 843956.440687342 1.69640564649059e-15 5.65468548830195e-16
9.13426791277253e-08 -0.00212777906757065 0.00439154398579621 1229613.4018154 732005.231796581 1.71255906405734e-15 5.70853021352447e-16
9.16822429906536e-08 -0.00168599169449864 0.0045993630967545 1301043.54822125 612017.748785431 1.72886629678006e-15 5.76288765593352e-16
9.2021806853582e-08 -0.0012239250271308 0.00476407194651789 1360765.13967959 485060.00710135 1.74532880930868e-15 5.81776269769559e-16
9.23613707165103e-08 -0.000745785828117176 0.00488369165174287 1408098.00810436 352274.544745124 1.76194808023976e-15 5.87316026746588e-16
9.27009345794387e-08 -0.000255973962452964 0.00495665383116835 1442473.4759469 214870.271519074 1.77872560224928e-15 5.92908534083092e-16
9.3040498442367e-08 0.000240957659917987 0.00498181944882631 1463440.8328539 74111.5896165511 1.79566288222665e-15 5.9855429407555e-16
9.33800623052954e-08 0.000740344980247939 0.00495849374839282 1470672.75069647 -68693.117790373 1.81276144141014e-15 6.0425381380338e-16
9.37196261682237e-08 0.00123745614444593 0.0048864370992517 1463969.57529866 -212203.526369708 1.83002281552345e-15 6.10007605174485e-16
9.40591900311521e-08 0.00172753591491326 0.00476587161206377 1443262.44330287 -355059.829241527 1.84744855491367e-15 6.15816184971224e-16
9.43987538940804e-08 0.00220585072793597 0.00459748342056386 1408615.18330541 -495895.499738255 1.86504022469051e-15 6.21680074896835e-16
9.47383177570088e-08 0.00266773397373841 0.00438242056659134 1360224.97158333 -633350.239680557 1.88279940486687e-15 6.27599801622289e-16
9.50778816199371e-08 0.00310863107015498 0.00412228646662635 1298421.72430937 -766082.991640022 1.90072769050077e-15 6.3357589683359e-16
9.54174454828655e-08 0.0035241438987569 0.003819128979971 1223666.22001116 -892784.891893275 1.91882669183861e-15 6.39608897279537e-16
9.57570093457938e-08 0.00391007417423599 0.00347542514078795 1136546.95806225 -1012192.04016292 1.93709803445977e-15 6.45699344819925e-16
9.60965732087221e-08 0.00426246532391833 0.0030940616580908 1037775.77108286 -1123097.96280537 1.95554335942264e-15 6.51847786474215e-16
9.64361370716505e-08 0.00457764246443841 0.00267831132906995 928182.221164641 -1224365.6478504 1.97416432341201e-15 6.58054774470669e-16
9.67757009345788e-08 0.00485225007679084 0.00223180555143588 808706.821698443 -1314939.03321593 1.99296259888782e-15 6.64320866295941e-16
9.71152647975072e-08 0.00508328699909618 0.0017585031593755 680393.138165266 -1393853.83349891 2.01193987423547e-15 6.70646624745158e-16
9.74548286604355e-08 0.00526813837833356 0.00126265584486296 544378.832433027 -1460247.59594976 2.03109785391738e-15 6.77032617972459e-16
9.77943925233639e-08 0.00540460424783401 0.000748770461073461 401885.725776567 -1513368.88253606 2.05043825862609e-15 6.83479419542029e-16
9.81339563862922e-08 0.00549092442628549 0.000221568537163208 254208.965898376 -1552585.4823412 2.06996282543884e-15 6.89987608479613e-16
9.84735202492206e-08 0.00552579946613061 -0.000314056636632069 102705.392571399 -1577391.56686499 2.08967330797357e-15 6.96557769324524e-16
9.88130841121489e-08 0.00550840741426526 -0.000853084968074092 -51218.7949429125 -1587413.71002651 2.10957147654642e-15 7.03190492182139e-16
9.91526479750773e-08 0.00543841618556437 -0.00139041615753259 -206120.957917277 -1582415.70473558 2.12965911833072e-15 7.09886372776907e-16
9.94922118380056e-08 0.00531599138963714 -0.00192091750002271 -360535.408189382 -1562302.11870942 2.14993803751754e-15 7.16646012505846e-16
9.98317757009339e-08 0.0051417994929891 -0.00243947245098864 -512987.145174494 -1527120.54367032 2.1704100554777e-15 7.23470018492565e-16
1.00171339563862e-07 0.00491700624206377 -0.00294102950065578 -662005.812358092 -1477062.50406561 2.19107701092538e-15 7.30359003641793e-16
1.00510903426791e-07 0.00464327031705306 -0.00342065089450085 -806139.742462724 -1412463.00389236 2.21194076008326e-15 7.3731358669442e-16
1.00850467289719e-07 0.0043227322314927 -0.00387356073445161 -943969.958393354 -1333798.70297425 2.23300317684924e-15 7.44334392283081e-16
1.01190031152647e-07 0.00395799853807182 -0.0042951919968927 -1074123.99622113 -1241684.72700543 2.25426615296475e-15 7.51422050988249e-16
1.01529595015576e-07 0.00355212144635646 -0.00468123200945126 -1195289.41688652 -1136870.12872749 2.27573159818463e-15 7.58577199394876e-16
1.01869158878504e-07 0.00310857400282149 -0.00502766593884993 -1306226.87499748 -1020232.03061443 2.2974014404487e-15 7.65800480149567e-16
1.02208722741432e-07 0.00263122102727391 -0.005330817856791 -1405782.61606215 -892768.49228517 2.3192776260549e-15 7.73092542018301e-16
1.02548286604361e-07 0.00212428604200681 -0.00558738896977396 -1492900.2777132 -755590.158417718 2.34136211983409e-15 7.80454039944696e-16
1.02887850467289e-07 0.00159231447043157 -0.00579449262181132 -1566631.87592341 -609910.7550825 2.36365690532652e-15 7.87885635108841e-16
1.03227414330217e-07 0.00104013342009358 -0.00594968570601284 -1626147.8638394 -457036.514024653 2.38616398496002e-15 7.95387994986674e-16
1.03566978193146e-07 0.000472808400499411 -0.00605099615173734 -1670746.15862135 -298354.615390516 2.40888538022981e-15 8.02961793409937e-16
1.03906542056074e-07 -0.000104402641292687 -0.00609694618820651 -1699860.04050701 -135320.749601845 2.43182313188007e-15 8.10607710626691e-16
1.04246105919002e-07 -0.000686097555179922 -0.00608657112284397 -1713064.83814497 30554.0915722494 2.45497930008725e-15 8.18326433362418e-16
1.04585669781931e-07 -0.00126678005494001 -0.00601943341282037 -1710083.32498154 197717.476308013 2.4783559646451e-15 8.26118654881701e-16
1.04925233644859e-07 -0.00184091115827829 -0.00589563185099428 -1690789.76304208 364589.920607118 2.50195522515145e-15 8.33985075050483e-16
1.05264797507787e-07 -0.00240296152325243 -0.00571580573225764 -1655212.54272202 529579.670774867 2.5257792011968e-15 8.41926400398935e-16
1.05604361370716e-07 -0.0029474641912553 -0.00548113391281607 -1603535.38008185 691097.743493073 2.54983003255472e-15 8.49943344184906e-16
1.05943925233644e-07 -0.00346906723820096 -0.00519332872273128 -1536097.0465097 847573.082726758 2.57410987937397e-15 8.58036626457991e-16
1.06283489096573e-07 -0.00396258583168764 -0.00485462474068347 -1453389.61935069 997467.690250912 2.59862092237259e-15 8.66206974124198e-16
1.06623052959501e-07 -0.00442305319278554 -0.00446776248891913 -1356055.25607728 1139291.58547111 2.62336536303372e-15 8.74455121011241e-16
1.06962616822429e-07 -0.00484576996675361 -0.00403596715527284 -1244881.50865827 1271617.45046293 2.64834542380334e-15 8.82781807934445e-16
1.07302180685358e-07 -0.00522635151742004 -0.0035629224975218 -1120795.20884335 1393094.81778058 2.67356334828985e-15 8.91187782763284e-16
1.07641744548286e-07 -0.00556077267511124 -0.00305274013268533 -984854.968980494 1502463.66158264 2.69902140146566e-15 8.99673800488553e-16
1.07981308411214e-07 -0.00584540948778552 -0.0025099244597556 -838242.356591221 1598567.25697655 2.72472186987053e-15 9.08240623290178e-16
1.08320872274143e-07 -0.00607707754927533 -0.00193933350829143 -682251.814112204 1680364.17816512 2.75066706181701e-15 9.16889020605671e-16
1.08660436137071e-07 -0.00625306650707772 -0.00134613604688585 -518279.407840072 1746939.31294672 2.77685930759771e-15 9.25619769199238e-16
1.08999999999999e-07 -0.006371170384726 -0.00073576532431274 -347810.502065106 1797513.77932081 2.80330095969463e-15 9.34433653231545e-16
