0 -0.00139 0 0 400000 1.33808e-16 4.46026666666667e-17
3.87900355871886e-10 -0.00137270397767933 0.000155160142348754 44588.8281844747 400000 1.3547070121773e-16 4.51569004059102e-17
7.75800711743772e-10 -0.001338111933038 0.000308392261278681 89177.6563689493 395029.591002839 1.37154063198191e-16 4.57180210660638e-17
1.16370106761566e-09 -0.00128643878683839 0.000457768333370952 133212.422771471 385088.773008515 1.38858342672485e-16 4.62861142241618e-17
1.55160142348754e-09 -0.00121811438060529 0.000601384292869109 176139.065610089 370239.308431029 1.40583799561861e-16 4.68612665206203e-17
1.93950177935943e-09 -0.00113378080601567 0.000737383989341432 217410.407887013 350604.722098373 1.42330697017354e-16 4.74435656724515e-17
2.32740213523132e-09 -0.00103428706367818 0.000863982847644856 256493.042172788 326369.533791397 1.44099301459923e-16 4.80331004866409e-17
2.7153024911032e-09 -0.000920681084487587 0.000979490932491989 292874.129839967 297777.723321508 1.45889882621076e-16 4.86299608736918e-17
3.10320284697509e-09 -0.000794199179924079 0.00108233512362198 326068.029195834 265130.437683728 1.47702713584012e-16 4.92342378613374e-17
3.49110320284697e-09 -0.000656253020440405 0.00117108011497439 355622.66802672 228782.95935807 1.4953807082527e-16 4.98460236084233e-17
3.87900355871886e-09 -0.000508414273027616 0.001244447962317 381125.578192601 189140.9642502 1.5139623425689e-16 5.04654114189634e-17
4.26690391459075e-09 -0.000352397059766267 0.00130133591839111 402209.513086596 146656.106943354 1.53277487269107e-16 5.10924957563691e-17
4.65480427046263e-09 -0.000190038428257032 0.0013408323126754 418557.572973349 101820.979760405 1.55182116773569e-16 5.17273722578563e-17
5.04270462633452e-09 -2.32770519011764e-05 0.0013622302541481 429907.768403628 55163.5004938568 1.57110413247094e-16 5.23701377490312e-17
5.4306049822064e-09 0.000145869597294249 0.00136503895972546 436056.958017565 7240.79144255603 1.59062670775972e-16 5.30208902586572e-17
5.81850533807829e-09 0.000315329338715699 0.00134899253810544 436864.104031445 -41367.3805066687 1.61039187100815e-16 5.3679729033605e-17
6.20640569395018e-09 0.000483000352295672 0.00131405608824935 432252.79647681 -90065.5266932251 1.63040263661969e-16 5.43467545539896e-17
6.59430604982206e-09 0.000646776927475623 0.00126042900335317 422213.005739139 -138249.640879133 1.65066205645481e-16 5.50220685484938e-17
6.98220640569395e-09 0.000804575580469399 0.00118854540452864 406802.032029827 -185314.598804516 1.6711732202965e-16 5.57057740098835e-17
7.37010676156583e-09 0.000954361219870004 0.00109907166313891 386144.630014403 -230661.663582699 1.69193925632145e-16 5.63979752107149e-17
7.75800711743772e-09 0.00109417303606599 0.000992901006399847 360432.296798818 -273706.004987873 1.71296333157712e-16 5.70987777192375e-17
8.14590747330961e-09 0.00122214978933304 0.000871145237034473 329921.72172516 -313884.139373118 1.73424865246482e-16 5.7808288415494e-17
8.53380782918149e-09 0.00133655417489834 0.000735123634011521 294932.406824311 -350661.196783941 1.75579846522864e-16 5.85266155076212e-17
8.92170818505338e-09 0.00143579595074723 0.000586349137259765 255843.477188407 -383537.922818748 1.77761605645057e-16 5.92538685483524e-17
9.30960854092526e-09 0.00151845352541137 0.000426511954277888 213089.710831419 -412057.324934929 1.79970475355178e-16 5.99901584517258e-17
9.69750889679715e-09 0.00158329371835184 0.000257460760308899 167156.827672224 -435810.876195283 1.8220679253e-16 6.07355975099998e-17
1.0085409252669e-08 0.00162928942468666 8.11816957837332e-05 118576.086973232 -454444.19386763 1.84470898232337e-16 6.1490299410779e-17
1.04733096085409e-08 0.00165563493871989 -0.000100224605358899 67918.2517737426 -467662.115789722 1.86763137763058e-16 6.22543792543528e-17
1.08612099644128e-08 0.00166175871677004 -0.00028456769549818 15786.9874504031 -475233.103937045 1.89083860713747e-16 6.30279535712491e-17
1.12491103202847e-08 0.00164733338888716 -0.000469593415855756 -37188.2305971557 -476992.912114486 1.91433421020021e-16 6.38111403400072e-17
1.16370106761566e-08 0.00161228286086745 -0.000653011115047147 -90359.6181058683 -472847.463053033 1.9381217701551e-16 6.46040590051699e-17
1.20249110320285e-08 0.00155678638215964 -0.000832521659309421 -143068.903824709 -462774.88933669 1.96220491486503e-16 6.5406830495501e-17
1.24128113879004e-08 0.00148127949141331 -0.00100584589618683 -194655.378896517 -446826.702408737 1.98658731727283e-16 6.62195772424277e-17
1.28007117437722e-08 0.00138645178912114 -0.00117075322361866 -244464.076551363 -425128.064296736 2.01127269596138e-16 6.70424231987127e-17
1.31886120996441e-08 0.00127324152560593 -0.00132508991073891 -291853.982089677 -397877.147530173 2.03626481572076e-16 6.78754938573587e-17
1.3576512455516e-08 0.0011428270320293 -0.00146680681538765 -336206.171514056 -365343.579874295 2.06156748812241e-16 6.87189162707471e-17
1.39644128113879e-08 0.000996615061672128 -0.00159398614641927 -376931.776792346 -327865.981833794 2.08718457210046e-16 6.95728190700154e-17
1.43523131672598e-08 0.000836226147964992 -0.00170486692638896 -413479.676621149 -285848.616252138 2.11311997454022e-16 7.04373324846742e-17
1.47402135231317e-08 0.000663477124140283 -0.00179786882206869 -445343.81371324 -239757.180605556 2.13937765087407e-16 7.13125883624689e-17
1.51281138790036e-08 0.000480360986447339 -0.00187161402639254 -472070.043043278 -190113.78362386 2.16596160568464e-16 7.21987201894881e-17
1.55160142348754e-08 0.000289024318141833 -0.0019249468957129 -493262.420127039 -137491.158523125 2.19287589331565e-16 7.30958631105215e-17
1.59039145907473e-08 9.17425244695503e-05 -0.0019569510704621 -508588.844237719 -82506.1752708679 2.22012461849013e-16 7.40041539496711e-17
1.62918149466192e-08 -0.000109106840825427 -0.00196696383520635 -517785.978420997 -25812.7237902274 2.24771193693654e-16 7.4923731231218e-17
1.66797153024911e-08 -0.000311072349737487 -0.00195458750535035 -520663.376186136 31905.9512801324 2.27564205602248e-16 7.58547352007494e-17
1.7067615658363e-08 -0.000511658243535788 -0.00191969766205419 -517106.753736906 89945.3758369127 2.30391923539641e-16 7.67973078465471e-17
1.74555160142349e-08 -0.0007083548942638 -0.00186244809387101 -507080.356463955 147588.336325429 2.33254778763728e-16 7.77515929212428e-17
1.78434163701068e-08 -0.000898669817093423 -0.00178327234277841 -490628.379037838 204113.633550662 2.36153207891224e-16 7.87177359637412e-17
1.82313167259787e-08 -0.00108015885501844 -0.00168288179319832 -467875.40969659 258804.994789026 2.39087652964251e-16 7.96958843214171e-17
1.86192170818505e-08 -0.00125045715052702 -0.00156226028479473 -439025.88108176 310960.035425781 2.42058561517761e-16 8.06861871725869e-17
1.90071174377224e-08 -0.0014073095167517 -0.00142265527279478 -404362.522102165 359899.159376011 2.4506638664778e-16 8.16887955492602e-17
1.93950177935943e-08 -0.00154859982324199 -0.00126556560277503 -364243.81764928 404974.286931647 2.4811158708052e-16 8.27038623601735e-17
1.97829181494662e-08 -0.00167237901896712 -0.00109272600975471 -319100.495401467 445577.299437699 2.51194627242333e-16 8.3731542414111e-17
2.01708185053381e-08 -0.0017768914274006 -0.000906088493506896 -269431.071282642 481148.092345291 2.54315977330543e-16 8.47719924435143e-17
2.055871886121e-08 -0.0018605989654722 -0.000707800762702113 -215796.497230462 511182.131707743 2.57476113385157e-16 8.58253711283857e-17
2.09466192170819e-08 -0.00192220295964394 -0.00050018197931528 -158813.966626237 535237.414052294 2.60675517361466e-16 8.68918391204888e-17
2.13345195729538e-08 -0.00196066325816492 -0.000285696071149444 -99149.9438935368 552940.735730274 2.63914677203549e-16 8.79715590678497e-17
2.17224199288256e-08 -0.00197521436841791 -6.69229138769191e-05 -37512.4952393512 563993.185262198 2.67194086918688e-16 8.90646956395627e-17
2.21103202846975e-08 -0.0019653783818684 0.000153472285783015 25356.9928478256 568174.780774693 2.7051424665271e-16 9.01714155509035e-17
2.24982206405694e-08 -0.00193097448609309 0.000372771047657247 88692.6120446115 565348.184281277 2.73875662766268e-16 9.1291887588756e-17
2.28861209964413e-08 -0.00187212490328208 0.000588234736037474 151713.144677918 555461.435182053 2.77278847912061e-16 9.24262826373535e-17
2.32740213523132e-08 -0.00178925713701812 0.000797138339575981 213631.580919004 538549.656828628 2.80724321113022e-16 9.35747737043407e-17
2.36619217081851e-08 -0.00168310245354093 0.000996804501634551 273664.826211852 514735.70218769 2.84212607841478e-16 9.47375359471592e-17
2.4049822064057e-08 -0.00155469056957802 0.00118463738133677 331043.480675007 484229.717397454 2.87744240099283e-16 9.59147466997609e-17
2.44377224199289e-08 -0.00140534056561403 0.00135815592246182 385021.569852136 447327.615193933 2.9131975649896e-16 9.71065854996533e-17
2.48256227758007e-08 -0.00123664809060742 0.00151502610942161 434886.105292269 404408.463630299 2.94939702345843e-16 9.83132341152811e-17
2.52135231316726e-08 -0.00105046897106677 0.0016530917969212 479966.354045166 355930.809058568 2.98604629721243e-16 9.95348765737477e-17
2.56014234875445e-08 -0.000848899383480889 0.00177040371248895 519642.69827185 302427.965821447 3.02315097566644e-16 1.00771699188881e-16
2.59893238434164e-08 -0.000634252793776907 0.00186524624878649 553354.969787332 244502.318345046 3.06071671768952e-16 1.02023890589651e-16
2.63772241992883e-08 -0.000409033910184046 0.0019361616853123 580610.149445814 182818.694162865 3.09874925246794e-16 1.03291641748931e-16
2.67651245551602e-08 -0.000175909936053995 0.00198197150657706 600989.327803159 118096.878673361 3.13725438037897e-16 1.04575146012632e-16
2.71530249110321e-08 6.23205536998947e-05 0.0020017945157714 614153.831383882 51103.353978066 3.17623797387552e-16 1.05874599129184e-16
2.7540925266904e-08 0.000302760755331449 0.00199506147902589 619850.428059328 -17357.6451879658 3.21570597838171e-16 1.0719019927939e-16
2.79288256227758e-08 0.00054245041141649 0.0019615260751824 617915.535411895 -86453.655779992 3.25566441319965e-16 1.08522147106655e-16
2.83167259786477e-08 0.000778401806601346 0.00190127196910699 608278.36740316 -155333.979882489 3.29611937242741e-16 1.0987064574758e-16
2.87046263345196e-08 0.00100763655182819 0.00181471587248211 590962.967052683 -223140.028913669 3.33707702588849e-16 1.1123590086295e-16
2.90925266903915e-08 0.00122722270975322 0.00170260650418516 566089.086026907 -289015.894416918 3.37854362007273e-16 1.12618120669091e-16
2.94804270462634e-08 0.00143431180427609 0.00156601941221968 533871.885880062 -352119.016901818 3.42052547908902e-16 1.14017515969634e-16
2.98683274021353e-08 0.00162617525285929 0.00140634767011781 494620.450017258 -411630.821381887 3.46302900562973e-16 1.15434300187658e-16
3.02562277580072e-08 0.00180023976175626 0.00122528851215655 448735.110092181 -466767.187037755 3.50606068194726e-16 1.16868689398242e-16
3.0644128113879e-08 0.00195412123143933 0.00102482602299473 396703.605329738 -516788.618848358 3.54962707084262e-16 1.18320902361421e-16
3.10320284697509e-08 0.00208565673240572 0.000807210047801731 339096.107995935 -561009.991093882 3.59373481666633e-16 1.19791160555544e-16
3.14199288256228e-08 0.00219293413005192 0.000574931537976857 276559.162739288 -598809.736337519 3.63839064633176e-16 1.21279688211059e-16
3.18078291814947e-08 0.0022743189612843 0.000330694594522673 209808.601617427 -629638.358813079 3.68360137034105e-16 1.22786712344702e-16
3.21957295373666e-08 0.00232847819474674 7.73855154268814e-05 139621.51011875 -653026.15803594 3.7293738838238e-16 1.24312462794127e-16
3.25836298932385e-08 0.00235440054069575 -0.000181960805557559 66827.3322171694 -668590.056849795 3.77571516758864e-16 1.25857172252955e-16
3.29715302491104e-08 0.00235141301527813 -0.000444196744116146 -7701.78570963969 -676039.43793544 3.82263228918789e-16 1.27421076306263e-16
3.33594306049822e-08 0.00231919350684005 -0.000706099657030875 -83061.3015697201 -675180.903936138 3.87013240399544e-16 1.29004413466515e-16
3.37473309608541e-08 0.00225777913843955 -0.000964410994630771 -158325.114867337 -665921.888674961 3.918222756298e-16 1.30607425209933e-16
3.4135231316726e-08 0.0021675702704132 -0.001215876345429 -232556.806563359 -648273.060314693 3.96691068039997e-16 1.32230356013332e-16
3.45231316725979e-08 0.00204933003908411 -0.00145728592693437 -304821.146820847 -622349.471587234 4.01620360174196e-16 1.33873453391399e-16
3.49110320284698e-08 0.00190417938187546 -0.00168551502504167 -374195.730969102 -588370.427230761 4.06610903803329e-16 1.35536967934443e-16
3.52989323843417e-08 0.00173358755456129 -0.00189756387886113 -439782.600690648 -546658.054341898 4.11663460039849e-16 1.37221153346616e-16
3.56868327402135e-08 0.00153935820247295 -0.00209059650848611 -500719.705842423 -497634.577290106 4.1677879945381e-16 1.38926266484603e-16
3.60747330960854e-08 0.00132361110349375 -0.00226197799008948 -556192.062506028 -441818.314959135 4.21957702190389e-16 1.40652567396796e-16
3.64626334519573e-08 0.00108875975592151 -0.00240930969587364 -605442.464842196 -379818.43417751 4.27200958088861e-16 1.42400319362954e-16
3.68505338078292e-08 0.000837485038060927 -0.00253046203569332 -647781.612099289 -312328.509076426 4.32509366803063e-16 1.44169788934354e-16
3.72384341637011e-08 0.000572705218039432 -0.00262360426245853 -682597.517670093 -240118.951569033 4.37883737923349e-16 1.4596124597445e-16
3.7626334519573e-08 0.000297542641153053 -0.00268723093446961 -709364.074358463 -164028.392982682 4.43324891100062e-16 1.47774963700021e-16
3.80142348754448e-08 1.52874674010449e-05 -0.00272018466432172 -727648.658938664 -84954.1109031606 4.48833656168535e-16 1.49611218722845e-16
3.84021352313167e-08 -0.000270641126846997 -0.00272167482555732 -737118.669575228 -3841.60832296188 4.54410873275658e-16 1.51470291091886e-16
3.87900355871886e-08 -0.000556735832453293 -0.00269129193438803 -737546.90160889 78326.5359501841 4.60057393008001e-16 1.53352464336e-16
3.91779359430605e-08 -0.000839443694274351 -0.00262901747403683 -728815.68047447 160542.41613476 4.65774076521545e-16 1.55258025507182e-16
3.95658362989324e-08 -0.00111520969306321 -0.00253522898299277 -710919.684951087 241785.009021828 4.71561795673013e-16 1.57187265224338e-16
3.99537366548043e-08 -0.00138052089456995 -0.00241070028510093 -683967.409388947 321032.69823494 4.7742143315284e-16 1.59140477717613e-16
4.03416370106762e-08 -0.00163195062429086 -0.00225659679826058 -648181.229830957 397275.9614875 4.83353882619792e-16 1.61117960873264e-16
4.0729537366548e-08 -0.00186620211926838 -0.00207446591887275 -603896.055859487 469530.065210835 4.89360048837258e-16 1.63120016279086e-16
4.11174377224199e-08 -0.00208015110802562 -0.00186622254033114 -551556.567346659 536847.608900837 4.95440847811238e-16 1.65146949270413e-16
4.15053380782918e-08 -0.002270886776217 -0.00163412982503969 -491713.052860345 598330.761439434 5.01597206930044e-16 1.67199068976681e-16
4.18932384341637e-08 -0.00243575058889589 -0.00138077540990415 -425015.884062073 653143.033514567 5.07830065105734e-16 1.69276688368578e-16
4.22811387900356e-08 -0.00257237246035913 -0.00110904328422516 -352208.677808904 700520.434089858 5.14140372917311e-16 1.7138012430577e-16
4.26690391459075e-08 -0.00267870378916211 -0.000822081635663887 -274120.214620539 739781.864639614 5.20529092755691e-16 1.7350969758523e-16
4.30569395017793e-08 -0.00275304690885702 -0.000523267013726055 -191655.198479523 770338.61251863 5.26997198970484e-16 1.75665732990161e-16
4.34448398576512e-08 -0.00279408054396043 -0.000216165210311289 -105783.958385874 791702.814307792 5.33545678018589e-16 1.7784855933953e-16
4.38327402135231e-08 -0.00280088090519484 9.55106973670042e-05 -17531.2064850359 803494.771170646 5.40175528614639e-16 1.80058509538213e-16
4.4220640569395e-08 -0.00277293810768748 0.000407944655391981 72036.0192620933 805449.011055215 5.46887761883321e-16 1.82295920627774e-16
4.46085409252669e-08 -0.00271016764999669 0.000717263771924335 161821.088175333 797419.006840288 5.53683401513577e-16 1.84561133837859e-16
4.49964412811388e-08 -0.00261291674995282 0.0010195857355741 250711.035892923 779380.475097101 5.60563483914732e-16 1.86854494638244e-16
4.53843416370106e-08 -0.00248196539467501 0.00131106694004176 337590.191129021 751433.196838648 5.67529058374557e-16 1.89176352791519e-16
4.57722419928825e-08 -0.00231852202603468 0.00158795072580691 421354.005393893 713801.319266109 5.74581187219296e-16 1.91527062406432e-16
4.61601423487544e-08 -0.00212421384851797 0.00184661514086656 500922.916350413 666832.115887737 5.81720945975682e-16 1.93906981991894e-16
4.65480427046263e-08 -0.00190107181309993 0.00208361962107089 575256.072958433 610993.201260701 5.88949423534969e-16 1.96316474511656e-16
4.69359430604982e-08 -0.00165151039756494 0.00229574999658025 643364.750140672 546868.215762653 5.96267722318998e-16 1.98755907439666e-16
4.73238434163701e-08 -0.00137830236986421 0.00248006124439269 704325.28242115 475151.015002728 6.03676958448326e-16 2.01225652816109e-16
4.7711743772242e-08 -0.00108454878576054 0.00263391742769072 757291.349845238 396638.417493083 6.11178261912453e-16 2.03726087304151e-16
4.80996441281138e-08 -0.000773644534351382 0.00275502829076332 801505.455467641 312221.582783487 6.18772776742151e-16 2.06257592247384e-16
4.84875444839857e-08 -0.000449239804280182 0.00284148201321616 836309.441743185 222876.110176573 6.26461661183945e-16 2.08820553727982e-16
4.88754448398576e-08 -0.000115197898768088 0.00289177366874055 861153.903200903 129650.965159221 6.34246087876759e-16 2.11415362625586e-16
4.92633451957295e-08 0.000224450121712231 0.00290482898143671 875606.364724493 33656.3565836839 6.42127244030752e-16 2.14042414676917e-16
4.96512455516014e-08 0.000565553444929309 0.00288002302606189 879358.108477056 -63949.2978011482 6.50106331608384e-16 2.16702110536128e-16
5.00391459074733e-08 0.000903891596940989 0.00281719357700687 872229.547846623 -161973.166829918 6.58184567507729e-16 2.1939485583591e-16
5.04270462633451e-08 0.00123522602018057 0.00271664887363109 854174.063580937 -259202.400445806 6.66363183748062e-16 2.22121061249354e-16
5.0814946619217e-08 0.00155535251716095 0.00257916963608174 825280.235334733 -354418.951847418 6.74643427657759e-16 2.24881142552586e-16
5.12028469750889e-08 0.00186015391888627 0.00240600523510449 785772.420961618 -446414.648390876 6.83026562064524e-16 2.27675520688175e-16
5.15907473309608e-08 0.00214565232630449 0.00219886399079746 736009.655821284 -534006.327066767 6.91513865487988e-16 2.30504621829329e-16
5.19786476868327e-08 0.0024080602703419 0.00195989764790214 676482.864903778 -616050.847280591 7.00106632334697e-16 2.33368877444899e-16
5.23665480427046e-08 0.00264383014136623 0.00169168014817951 607810.401448042 -691459.79286293 7.08806173095519e-16 2.36268724365173e-16
5.27544483985764e-08 0.00284970125236255 0.00139718089278143 530731.946696948 -759213.676760189 7.17613814545513e-16 2.39204604848504e-16
5.31423487544483e-08 0.00302274392161038 0.00107973275839244 446100.82622604 -818375.465718393 7.26530899946274e-16 2.42176966648758e-16
5.35302491103202e-08 0.00316039999005382 0.000742995199384271 354874.818647773 -868103.248452256 7.35558789250796e-16 2.45186263083599e-16
5.39181494661921e-08 0.00326051922559257 0.000390912833415163 258105.552168718 -907661.879241461 7.44698859310879e-16 2.48232953103626e-16
5.4306049822064e-08 0.00332139111082388 2.7669968967559e-05 156926.60321098 -936433.439539236 7.53952504087116e-16 2.51317501362372e-16
5.46939501779359e-08 0.00334177156187496 -0.000342358410559654 52540.4288564513 -953926.372909605 7.63321134861483e-16 2.54440378287161e-16
5.50818505338078e-08 0.00332090418333074 -0.000714658641162464 -53795.7189993124 -959783.163297153 7.72806180452581e-16 2.5760206015086e-16
5.54697508896796e-08 0.00325853572724805 -0.00108463274187385 -160784.735405833 -953786.443118351 7.8240908743354e-16 2.60803029144513e-16
5.58576512455515e-08 0.00315492549214205 -0.00144765450165424 -267105.284998047 -935863.435764109 7.92131320352641e-16 2.6404377345088e-16
5.62455516014234e-08 0.00301084846985086 -0.00179912661400638 -371427.919851592 -906088.656614251 8.01974361956677e-16 2.67324787318892e-16
5.66334519572953e-08 0.00282759212348641 -0.00213453816237785 -472431.498425777 -864684.817361303 8.11939713417083e-16 2.70646571139028e-16
5.70213523131672e-08 0.00260694675736841 -0.00244952174639492 -568819.705313395 -812021.9000807 8.22028894558885e-16 2.74009631519628e-16
5.74092526690391e-08 0.00235118951897873 -0.00273990953461315 -659337.467775217 -748614.389810294 8.32243444092491e-16 2.77414481364164e-16
5.77971530249109e-08 0.00206306215259973 -0.00300178753393264 -742787.063784409 -675116.677144755 8.42584919848356e-16 2.80861639949452e-16
5.81850533807828e-08 0.00174574270342834 -0.00323154737916534 -818043.717588611 -592316.665232921 8.53054899014573e-16 2.84351633004858e-16
5.85729537366547e-08 0.00140281144860003 -0.0034259349684013 -884070.48263079 -501127.638305553 8.6365497837741e-16 2.8788499279247e-16
5.89608540925266e-08 0.00103821140672762 -0.0035820953006357 -939932.218038035 -402578.471173078 8.74386774564836e-16 2.91462258188279e-16
5.93487544483985e-08 0.000656203849297145 -0.00369761291131234 -984808.473742797 -297802.280735203 8.85251924293076e-16 2.95083974764359e-16
5.97366548042704e-08 0.00026131930462981 -0.00377054734863039 -1018005.11056441 -188023.641159372 8.96252084616228e-16 2.98750694872076e-16
6.01245551601423e-08 -0.000141695392773289 -0.00379946318816125 -1038964.4951401 -74544.5037446874 9.07388933178981e-16 3.02462977726327e-16
6.05124555160142e-08 -0.000547933398678017 -0.0037834541449463 -1047274.12531402 41271.0196642411 9.18664168472475e-16 3.06221389490825e-16
6.0900355871886e-08 -0.00095238684338947 -0.00372216091011312 -1042673.559302 158012.834753423 9.30079510093339e-16 3.10026503364446e-16
6.12882562277579e-08 -0.00135000780430881 -0.00361578241239279 -1025059.5414526 274241.815223953 9.41636699005948e-16 3.13878899668649e-16
6.16761565836298e-08 -0.00173577053383471 -0.00346508028290003 -994489.238502551 388507.324655669 9.53337497807939e-16 3.1777916593598e-16
6.20640569395017e-08 -0.00210473418496314 -0.00327137638324025 -951181.522633847 499365.099122917 9.65183690999029e-16 3.21727896999676e-16
6.24519572953736e-08 -0.00245210526134009 -0.00303654334146426 -895516.26111856 605395.272835336 9.77177085253167e-16 3.25725695084389e-16
6.28398576512455e-08 -0.00277329901233757 -0.00276298812658621 -828031.59660819 705220.324593882 9.89319509694073e-16 3.29773169898024e-16
6.32277580071174e-08 -0.00306399899714714 -0.00245362877926527 -749419.2268944 797522.721075079 1.0016128161742e-15 3.33870938724733e-16
6.36156583629893e-08 -0.00332021405499433 -0.00211186450275457 -660517.717936321 881062.03394042 1.01405887955716e-15 3.38019626519054e-16
6.40035587188612e-08 -0.0035383319413292 -0.00174153940326232 -562303.908808238 954691.31153508 1.02665959800367e-15 3.42219866001223e-16
6.43914590747331e-08 -0.00371516892207992 -0.0013469002513757 -455882.491660117 1017372.49247835 1.03941689326102e-15 3.46472297753672e-16
6.4779359430605e-08 -0.00384801465948479 -0.000932548715110688 -342473.873493297 1068190.65771071 1.05233271095618e-15 3.50777570318727e-16
6.51672597864768e-08 -0.00393467177324343 -0.000503388589445215 -223400.449230988 1106366.92946787 1.06540902089254e-15 3.55136340297514e-16
6.55551601423487e-08 -0.00397348951923476 -6.4568615888876e-05 -100071.436913419 1131269.84008561 1.0786478173503e-15 3.59549272450099e-16
6.59430604982206e-08 -0.00396339109421403 0.000378578452183753 26033.5544112197 1142425.01035237 1.09205111939061e-15 3.64017039796871e-16
6.63309608540925e-08 -0.00390389414799645 0.000820599827910924 153382.035661841 1139522.99614069 1.10562097116356e-15 3.68540323721187e-16
6.67188612099644e-08 -0.00379512416383846 0.0012559889558571 280407.023379779 1122425.18305391 1.11935944221986e-15 3.73119814073288e-16
6.71067615658363e-08 -0.00363782045213202 0.00167925326846516 405526.082472575 1091167.63158591 1.13326862782653e-15 3.77756209275511e-16
6.74946619217082e-08 -0.00343333459114682 0.00208498261063807 527160.797585686 1045962.79954668 1.14735064928641e-15 3.82450216428802e-16
6.78825622775801e-08 -0.00318362124034276 0.00246791749050693 643756.436476533 987199.093973832 1.16160765426169e-15 3.87202551420563e-16
6.8270462633452e-08 -0.00289122134562791 0.00282301630613985 753801.563439204 915438.231127077 1.17604181710147e-15 3.92013939033824e-16
6.86583629893239e-08 -0.00255923785071614 0.00314552070010627 855847.358442266 831410.41013363 1.19065533917337e-15 3.9688511305779e-16
6.90462633451958e-08 -0.0021913041232761 0.00343101820653595 948526.398262846 736007.333089333 1.20545044919924e-15 4.01816816399745e-16
6.94341637010676e-08 -0.00179154539768284 0.00367550137857537 1030570.65955693 630273.131587882 1.22042940359507e-15 4.06809801198355e-16
6.98220640569395e-08 -0.00136453362670943 0.00387542261778799 1100828.51049109 515393.28641052 1.23559448681514e-15 4.1186482893838e-16
7.02099644128114e-08 -0.000915236221271824 0.00402774397077891 1158280.46722906 392681.653123374 1.25094801170041e-15 4.16982670566804e-16
7.05978647686833e-08 -0.000448959239240869 0.00412998121173286 1202053.50413485 263565.7312666 1.26649231983125e-15 4.22164106610418e-16
7.09857651245552e-08 2.87143397174615e-05 0.00418024159209142 1231433.72190175 129570.338355564 1.28222978188457e-15 4.27409927294856e-16
7.13736654804271e-08 0.000511990547336528 0.0041772547095989 1245877.1957886 -7700.12826054927 1.29816279799534e-15 4.32720932665112e-16
7.1761565836299e-08 0.000994933800979929 0.00412039602763844 1245018.84654858 -146580.638815482 1.31429379812268e-15 4.38097932707559e-16
7.21494661921709e-08 0.0014715388996215 0.0040097026612791 1228679.1992503 -285365.467403451 1.33062524242043e-15 4.43541747473478e-16
7.25373665480428e-08 0.00193580477952868 0.00384588113778182 1196868.91976071 -422328.881676475 1.34715962161238e-15 4.49053207204125e-16
7.29252669039147e-08 0.00238180913502551 0.0036303069354068 1149791.04490468 -555746.338232845 1.36389945737206e-15 4.54633152457354e-16
7.33131672597866e-08 0.00280378298784558 0.00336501570408984 1087840.84993064 -683915.926606101 1.38084730270743e-15 4.60282434235809e-16
7.37010676156584e-08 0.00319618427783556 0.00305268617371855 1011603.32557048 -805179.798480126 1.39800574235014e-15 4.66001914116712e-16
7.40889679715303e-08 0.00355376954840887 0.00269661485910043 921848.266340375 -917945.315666889 1.41537739314979e-15 4.71792464383262e-16
7.44768683274022e-08 0.00387166281230986 0.00230068277400508 819523.001432839 -1020705.65056691 1.43296490447301e-15 4.77654968157671e-16
7.48647686832741e-08 0.00414542070692326 0.00186931446859703 705742.829232714 -1112059.57632719 1.45077095860754e-15 4.83590319535846e-16
7.5252669039146e-08 0.0043710930834015 0.00140742980387132 581779.245783332 -1190730.1907149 1.46879827117125e-15 4.89599423723749e-16
7.56405693950179e-08 0.00454527821998848 0.000920388972093688 449046.086063699 -1255582.32779371 1.48704959152636e-15 4.95683197175453e-16
7.60284697508898e-08 0.00466517190665808 0.00041393136249714 309083.724350057 -1305638.42473972 1.50552770319873e-15 5.01842567732909e-16
7.64163701067617e-08 0.00472860971498512 -0.000105891044587693 163541.505870638 -1340092.62743888 1.52423542430237e-15 5.08078474767455e-16
7.68042704626336e-08 0.0047341018433223 -0.000632784995512261 14158.6060802542 -1358322.93770462 1.54317560796923e-15 5.14391869323076e-16
7.71921708185055e-08 0.00468086001203644 -0.00116029116535381 -137256.464140601 -1359901.22683923 1.56235114278435e-15 5.20783714261451e-16
7.75800711743774e-08 0.0045688159758173 -0.00168186235802679 -288847.469519078 -1344600.9645973 1.58176495322641e-15 5.27254984408802e-16
7.79679715302492e-08 0.00439863131885799 -0.00219094376999958 -438732.922986848 -1312402.53912253 1.60142000011368e-15 5.33806666704561e-16
7.83558718861211e-08 0.00417169830287277 -0.0026810543459004 -585029.151301355 -1263496.0718177 1.62131928105568e-15 5.40439760351894e-16
7.8743772241993e-08 0.00389013164623696 -0.00314586822865334 -725873.67444645 -1198281.66104199 1.64146583091026e-15 5.47155276970086e-16
7.91316725978649e-08 0.00355675122371157 -0.00357929529321825 -859448.61219847 -1117367.01965817 1.66186272224648e-15 5.53954240748827e-16
7.95195729537368e-08 0.00317505578890522 -0.00397555975183304 -984003.827344811 -1021562.50340141 1.68251306581324e-15 5.60837688604412e-16
7.99074733096087e-08 0.0027491879344469 -0.00432927583004437 -1097879.51470448 -911873.559425555 1.70342001101364e-15 5.67806670337878e-16
8.02953736654806e-08 0.00228389061639495 -0.00463551953677638 -1199527.94837246 -789490.656804524 1.72458674638535e-15 5.74862248795118e-16
8.06832740213525e-08 0.00178445567828787 -0.00488989558808509 -1287534.10649622 -655776.792823387 1.7460165000869e-15 5.82005500028967e-16
8.10711743772244e-08 0.00125666491506568 -0.00508859859278236 -1360634.90335264 -512252.700182859 1.76771254038996e-15 5.89237513463321e-16
8.14590747330963e-08 0.000706724316503014 -0.00522846766833295 -1417736.77244136 -360579.910364383 1.78967817617784e-15 5.96559392059278e-16
8.18469750889682e-08 0.000141192222495235 -0.00530703372673111 -1457931.36161638 -202541.856971385 1.81191675745008e-15 6.0397225248336e-16
8.223487544484e-08 -0.000433097792710161 -0.00532255875169796 -1480509.12176804 -40023.2295017098 1.83443167583342e-15 6.11477225277808e-16
8.26227758007119e-08 -0.00100911841459257 -0.00527406647962469 -1484970.59402714 125012.187638447 1.85722636509903e-15 6.19075455033009e-16
8.30106761565838e-08 -0.00157973350250561 -0.00516136399620184 -1471035.2266382 290544.93432863 1.88030430168616e-15 6.26768100562053e-16
8.33985765124557e-08 -0.00213778541124538 -0.00498505386749293 -1438647.58124657 454524.27676333 1.90366900523242e-15 6.34556335077472e-16
8.37864768683276e-08 -0.0026761836648947 -0.00474653653709198 -1387980.81904089 614893.301308864 1.92732403911048e-15 6.42441346370159e-16
8.41743772241995e-08 -0.00318799389788335 -0.00444800283862406 -1319437.38963128 769614.396967766 1.95127301097158e-15 6.50424336990526e-16
8.45622775800714e-08 -0.00366652596140134 -0.00409241659380167 -1233646.87934455 916694.814633869 1.97551957329571e-15 6.58506524431903e-16
8.49501779359433e-08 -0.00410542008998146 -0.00368348738907686 -1131461.01037627 1054211.98649239 2.00006742394865e-15 6.66689141316217e-16
8.53380782918152e-08 -0.00449873003343886 -0.00322563374712597 -1013945.81753697 1180338.28796514 2.02492030674596e-15 6.74973435581988e-16
8.57259786476871e-08 -0.0048410020834598 -0.00272393703144492 -882371.064732881 1293364.92758144 2.05008201202393e-15 6.83360670674642e-16
8.6113879003559e-08 -0.00512734896184019 -0.00218408654168703 -738196.998393495 1391724.65708226 2.07555637721763e-15 6.91852125739211e-16
8.65017793594308e-08 -0.00535351758838779 -0.00161231637252598 -583058.569356651 1474013.00490141 2.10134728744623e-15 7.00449095815409e-16
8.68896797153027e-08 -0.00551594981035106 -0.00101533471829031 -418747.287813575 1539007.75082774 2.12745867610544e-15 7.09152892035146e-16
8.72775800711746e-08 -0.00561183525128934 -0.000400246407962783 -247190.907372993 1585686.37800032 2.15389452546745e-15 7.17964841822482e-16
8.76654804270465e-08 -0.00563915552475894 0.000225530450993218 -70431.1637151969 1613241.26024437 2.18065886728825e-15 7.26886289096083e-16
8.80533807829184e-08 -0.00559671915611401 0.000854352757398442 109400.179717657 1621092.36788869 2.20775578342252e-15 7.35918594474174e-16
8.84412811387903e-08 -0.00548418666302191 0.00147844459392796 290106.702375038 1608897.30334674 2.23518940644617e-15 7.45063135482056e-16
8.88291814946622e-08 -0.00530208536075395 0.00208999220045834 469453.815938519 1576558.50857833 2.26296392028657e-15 7.5432130676219e-16
8.92170818505341e-08 -0.00505181358060046 0.00268124059779124 645196.057092946 1524227.51972976 2.29108356086068e-15 7.63694520286893e-16
8.9604982206406e-08 -0.00473563411743941 0.00324459068161242 815104.854571141 1452306.17939221 2.31955261672106e-15 7.73184205573685e-16
8.99928825622779e-08 -0.00435665685404033 0.00377269558603773 976996.431331567 1361444.7536102 2.34837542970991e-15 7.82791809903302e-16
9.03807829181498e-08 -0.00391881064352426 0.00425855511025423 1128759.49683502 1252536.93857648 2.37755639562126e-15 7.92518798540421e-16
9.07686832740216e-08 -0.00342680466589048 0.00469560701084092 1268382.38270725 1126711.78041156 2.4070999648714e-15 8.02366654957133e-16
9.11565836298935e-08 -0.00288607960799931 0.00507781398642149 1393979.27768274 985322.570074686 2.43701064317756e-15 8.12336881059187e-16
9.15444839857654e-08 -0.00230274914719547 0.00539974522024869 1503815.2246411 829932.813811401 2.46729299224513e-15 8.22430997415043e-16
9.19323843416373e-08 -0.00168353234521078 0.005656651399847 1596329.55374034 662299.417129603 2.49795163046335e-15 8.32650543487784e-16
9.23202846975092e-08 -0.001035677679472 0.00584453220046373 1670157.44103301 484353.256635786 2.52899123360968e-15 8.42997077869892e-16
9.27081850533811e-08 -0.000366879551888565 0.00596019530013262 1724149.30138482 298177.348687679 2.56041653556287e-15 8.53472178520955e-16
9.3096085409253e-08 0.00031481178089092 0.00600130608779921 1757387.74780766 105982.856278104 2.59223232902497e-15 8.64077443008324e-16
9.34839857651249e-08 0.00100108581828989 0.00596642733118543 1769201.87623037 -89916.7945731376 2.62444346625227e-15 8.74814488750756e-16
9.38718861209968e-08 0.00168347184847401 0.00585504818671903 1759178.66497007 -287133.390780353 2.65705485979527e-15 8.85684953265091e-16
9.42597864768687e-08 0.00235344221481827 0.00566760205861422 1727171.31140125 -483232.678875714 2.69007148324797e-15 8.9669049441599e-16
9.46476868327406e-08 0.00300251757316275 0.00540547294662537 1673304.36417246 -675764.040998774 2.72349837200633e-15 9.07832790668776e-16
9.50355871886124e-08 0.00362237285666568 0.00507099006055653 1597975.54737911 -862290.742984818 2.75734062403626e-15 9.19113541345422e-16
9.54234875444843e-08 0.00420494264032468 0.00466741062264931 1501854.21291908 -1040420.38579752 2.79160340065114e-15 9.30534466883712e-16
9.58113879003562e-08 0.0047425245884446 0.00419889092476949 1385876.3983642 -1207835.18444246 2.82629192729889e-15 9.42097309099631e-16
9.61992882562281e-08 0.00522787967579001 0.00367044585409019 1251236.50957853 -1362321.69597141 2.86141149435902e-15 9.53803831453007e-16
9.65871886121e-08 0.00565432789698179 0.00308789724691562 1099375.68949441 -1501799.62033076 2.89696745794938e-15 9.6565581931646e-16
9.69750889679719e-08 0.00601583821878754 0.00245781157358032 931966.976398312 -1624349.30465339 2.93296524074307e-15 9.7765508024769e-16
9.73629893238438e-08 0.00630711158601868 0.00178742759618024 750897.396256409 -1728237.59311397 2.96941033279545e-15 9.89803444265149e-16
9.77508896797157e-08 0.00652365586328502 0.00108457477346471 558247.173503137 -1811941.68057858 3.00630829238143e-15 1.00210276412714e-15
9.81387900355876e-08 0.00666185168117377 0.00035758331181577 356266.28281412 -1874170.64883808 3.04366474684316e-15 1.01455491561439e-15
9.85266903914595e-08 0.00671900825562491 -0.000384813123782302 147348.600190554 -1913884.38901888 3.08148539344829e-15 1.0271617978161e-15
9.89145907473314e-08 0.00669340836229693 -0.00113358092107491 -65996.0552767243 -1930309.64256168 3.11977600025883e-15 1.03992533341961e-15
9.93024911032032e-08 0.00658434177231008 -0.00187949504525467 -281171.667764268 -1922952.92563771 3.15854240701087e-15 1.05284746900362e-15
9.96903914590751e-08 0.00639212659051466 -0.00261325129083044 -495527.2117845 -1891610.13767701 3.19779052600518e-15 1.06593017533506e-15
1.00078291814947e-07 0.00611811808081109 -0.00332558091211741 -706388.910336727 -1836372.69340953 3.23752634300891e-15 1.07917544766964e-15
1.00466192170819e-07 0.00576470471337183 -0.00400736623750374 -911093.176609473 -1757630.05902347 3.27775591816851e-15 1.09258530605617e-15
1.00854092526691e-07 0.0053352913241017 -0.00464975584309296 -1107019.83839364 -1656068.61624376 3.31848538693392e-15 1.10616179564464e-15
1.01241992882563e-07 0.0048342694354538 -0.00524427784909648 -1291625.23587212 -1532666.82281641 3.35972096099433e-15 1.11990698699811e-15
1.01629893238435e-07 0.00426697494786194 -0.00578294990782604 -1462474.77993863 -1388686.68351382 3.40146892922553e-15 1.13382297640851e-15
1.02017793594306e-07 0.00363963357058392 -0.00625838447546252 -1617274.5597718 -1225661.5917968 3.443735658649e-15 1.14791188621633e-15
1.02405693950178e-07 0.00295929451768263 -0.00666388800088784 -1753901.59509414 -1045380.64811483 3.48652759540299e-15 1.16217586513433e-15
1.0279359430605e-07 0.00223375314722287 -0.00699355272347066 -1870432.34035956 -849869.605924508 3.52985126572559e-15 1.1766170885752e-15
1.03181494661922e-07 0.00147146336757879 -0.00724233984728308 -1965169.064954 -641368.640287065 3.5737132769501e-15 1.19123775898337e-15
1.03569395017794e-07 0.000681440772139263 -0.00740615295106717 -2036663.75521567 -422307.175810369 3.61812031851268e-15 1.20604010617089e-15
1.03957295373666e-07 -0.000126842409147754 -0.0074819006004265 -2083739.21047387 -195276.050183223 3.66307916297255e-15 1.22102638765752e-15
1.04345195729538e-07 -0.000943569337741424 -0.00746754725004881 -2105507.03609928 37002.673909458 3.70859666704493e-15 1.23619888901498e-15
1.0473309608541e-07 -0.00175869626865044 -0.00736215165793938 -2101382.27142599 271707.902594041 3.75467977264674e-15 1.25155992421558e-15
1.05120996441282e-07 -0.00256207453468953 -0.00716589217915285 -2071094.42896317 505953.335220327 3.8013355079553e-15 1.2671118359851e-15
1.05508896797153e-07 -0.00334357535028065 -0.00688007846168742 -2014694.76312941 736822.51933748 3.84857098848023e-15 1.28285699616008e-15
1.05896797153025e-07 -0.0040932159190197 -0.00650714923024094 -1932559.63133644 961404.715930826 3.89639341814862e-15 1.29879780604954e-15
1.06284697508897e-07 -0.00480128529419391 -0.00605065601249542 -1825389.85710048 1176831.13932561 3.94481009040373e-15 1.31493669680124e-15
1.06672597864769e-07 -0.00545846842523453 -0.00551523283546907 -1694206.05341666 1380311.12609545 3.99382838931732e-15 1.33127612977244e-15
1.07060498220641e-07 -0.00605596682615912 -0.00490655209415346 -1540339.91431018 1569167.78265768 4.04345579071578e-15 1.34781859690526e-15
1.07448398576513e-07 -0.00658561432459941 -0.00423126696898954 -1365421.53267634 1740872.66211984 4.09369986332027e-15 1.36456662110676e-15
1.07836298932385e-07 -0.00703998639198604 -0.00349694094055989 -1171362.85262057 1893079.02741956 4.14456826990109e-15 1.3815227566337e-15
1.08224199288257e-07 -0.00741250161659007 -0.00271196511701892 -960337.41388746 2023653.26986249 4.19606876844626e-15 1.39868958948209e-15
1.08612099644129e-07 -0.00769751396088201 -0.00188546425011303 -734756.594000337 2130704.06972987 4.24820921334474e-15 1.41606973778158e-15
1.09000000000001e-07 -0.00789039454230199 -0.00102719246708192 -497242.599807472 2212608.9085481 4.30099755658432e-15 1.43366585219477e-15
