0 -0.00139 0 0 400000 1.33808e-16 4.46026666666667e-17
4.43089430894309e-10 -0.00136743222918795 0.000177235772357724 50932.7671538105 400000 1.35977484943704e-16 4.53258283145681e-17
8.86178861788618e-10 -0.00132229668756384 0.00035159794717557 101865.534307621 393514.633075139 1.38182144652154e-16 4.60607148840512e-17
1.32926829268293e-09 -0.00125495927581366 0.000520212926913662 151972.507252704 380543.899225418 1.40422549428487e-16 4.68075164761623e-17
1.77235772357724e-09 -0.00116615179530936 0.000680253704868223 200427.891780332 361192.948411211 1.42699278822407e-16 4.75664262741358e-17
2.21544715447154e-09 -0.00105696601560838 0.000828986456007679 246419.282627899 335672.080553269 1.45012921780098e-16 4.8337640593366e-17
2.65853658536585e-09 -0.000928841809452574 0.000963816372412093 289161.052425036 304295.04069253 1.47364076796573e-16 4.91213589321911e-17
3.10162601626016e-09 -0.000783549451452781 0.00108233198791925 327907.523559165 267475.609309742 1.49753352070496e-16 4.99177840234987e-17
3.54471544715447e-09 -0.000623166272831196 0.00118234724882834 361965.705879907 225722.515446188 1.52181365661509e-16 5.07271218871695e-17
3.98780487804878e-09 -0.000450047959220337 0.00126194061200712 390707.38668139 179632.727908073 1.54648745650112e-16 5.15495818833706e-17
4.43089430894309e-09 -0.000266794870025043 0.00131949048829289 413580.366440754 129883.20703028 1.57156130300138e-16 5.23853767667126e-17
4.8739837398374e-09 -7.62138447082651e-05 0.00135370639727317 430118.644292912 77221.2257719941 1.59704168223857e-16 5.32347227412856e-17
5.31707317073171e-09 0.000118723957921134 0.00136365525878746 439951.371071854 22453.3938762852 1.6229351854976e-16 5.40978395165868e-17
5.76016260162602e-09 0.000314928568167915 0.00134878231602475 442810.404777138 -33566.4579782208 1.64924851093065e-16 5.4974950364355e-17
6.20325203252032e-09 0.000509239378088133 0.00130892626394153 438536.323306181 -89950.3560777172 1.67598846528981e-16 5.58662821763271e-17
6.64634146341463e-09 0.00069847524045729 0.00124432824376548 427082.771952409 -145790.027186322 1.70316196568791e-16 5.67720655229303e-17
7.08943089430894e-09 0.000879485713025887 0.00115563445830143 408519.048182338 -200171.295634462 1.73077604138779e-16 5.76925347129264e-17
7.53252032520325e-09 0.00104920263578691 0.00104389226220803 383030.853203771 -252188.80953188 1.75883783562069e-16 5.86279278540229e-17
7.97560975609756e-09 0.00120469121041073 0.00091053968484202 350919.168417062 -300960.862679263 1.78735460743401e-16 5.95784869144669e-17
8.41869918699187e-09 0.00134319974560369 0.000757388449060022 312597.24456393 -345644.07341625 1.81633373356913e-16 6.05444577856377e-17
8.86178861788618e-09 0.00146220724021814 0.000586600655848529 268585.721790418 -385447.680091994 1.84578271036963e-16 6.15260903456542e-17
9.30487804878049e-09 0.00155946799757171 0.000400659410105145 219505.929440163 -419647.215163968 1.8757091557204e-16 6.25236385240135e-17
9.7479674796748e-09 0.00163305249949094 0.00020233376559303 166071.444698435 -447597.326146609 1.90612081101832e-16 6.35373603672774e-17
1.01910569105691e-08 0.00168138381672875 -5.36153467503805e-06 109078.018720202 -468743.521705915 1.93702554317474e-16 6.45675181058247e-17
1.06341463414634e-08 0.00170326889304783 -0.000219210954260882 49392.0071054404 -482632.635028602 1.96843134665053e-16 6.56143782216843e-17
1.10772357723577e-08 0.00169792411263254 -0.000435847042587484 -12062.5319464141 -488921.814021504 2.0003463455241e-16 6.66782115174698e-17
1.1520325203252e-08 0.00166499464360764 -0.000651802569773136 -74317.8842213539 -487385.868694224 2.03277879559292e-16 6.77592931864305e-17
1.19634146341463e-08 0.00160456714312841 -0.000863565124512927 -136377.661632005 -477922.829963199 2.06573708650916e-16 6.88579028836385e-17
1.24065040650406e-08 0.00151717551041805 -0.00106763332972373 -197232.49217202 -460557.600750989 2.09922974394992e-16 6.99743247983306e-17
1.2849593495935e-08 0.00140379948175894 -0.00126057379073446 -255876.174771939 -435443.609253581 2.13326543182266e-16 7.1108847727422e-17
1.32926829268293e-08 0.0012658559741618 -0.0014390778645739 -311322.044668758 -402862.405178913 2.16785295450639e-16 7.22617651502129e-17
1.37357723577236e-08 0.00110518320049249 -0.00160001732703128 -362619.287363762 -363221.172151508 2.20300125912918e-16 7.3433375304306e-17
1.41788617886179e-08 0.000924017696405183 -0.00174049801706551 -408868.935830079 -317048.16282956 2.23871943788264e-16 7.46239812627546e-17
1.46219512195122e-08 0.000724964516630071 -0.00185791055600979 -449239.286464932 -264986.097066911 2.27501673037385e-16 7.58338910124618e-17
1.50650406504065e-08 0.000510960973087491 -0.0019499772718123 -482980.474417197 -207783.597132255 2.31190252601553e-16 7.70634175338511e-17
1.55081300813008e-08 0.00028523439804845 -0.00201479450598144 -509437.958344993 -146284.767023935 2.34938636645484e-16 7.8312878881828e-17
1.59512195121951e-08 5.12545202706807e-05 -0.00205086954243335 -528064.678287442 -81417.0547446896 2.38747794804165e-16 7.95825982680551e-17
1.63943089430894e-08 -0.000187318861086265 -0.00205715147230144 -538431.668016593 -14177.5664912743 2.42618712433681e-16 8.08729041445604e-17
1.68373983739837e-08 -0.00042669213262133 -0.00203305539596515 -540236.924748862 54381.9704470429 2.46552390866105e-16 8.21841302887018e-17
1.7280487804878e-08 -0.000662997204543003 -0.001978479461874 -533312.3641535 123171.374187354 2.50549847668526e-16 8.35166158895087e-17
1.77235772357724e-08 -0.000892353018106511 -0.00189381434976923 -517628.716849752 191079.06034655 2.54612116906272e-16 8.4870705635424e-17
1.81666666666667e-08 -0.00111092826056781 -0.00177994492204545 -493298.253628253 256989.717615135 2.58740249410404e-16 8.62467498034679e-17
1.8609756097561e-08 -0.00131500429040863 -0.001638243889497 -460575.260007715 319802.330338708 2.62935313049545e-16 8.76451043498483e-17
1.90528455284553e-08 -0.00150103725600883 -0.00147055746467466 -419854.215941746 378448.261525655 2.67198393006118e-16 8.90661310020395e-17
1.94959349593496e-08 -0.00166571838753321 -0.00127918310555269 -371665.67298162 431909.104073421 2.71530592057063e-16 9.05101973523543e-17
1.99390243902439e-08 -0.00180603145487666 -0.00106683958211434 -316669.858408164 479234.007026014 2.759330308591e-16 9.19776769530332e-17
2.03821138211382e-08 -0.00191930641413035 -0.000836629726706879 -255648.073178055 519556.187433347 2.80406848238625e-16 9.3468949412875e-17
2.08252032520325e-08 -0.00200326831097909 -0.000591996353489356 -189491.987383394 552108.346894593 2.84953201486303e-16 9.49844004954344e-17
2.12682926829268e-08 -0.00205608057123748 -0.000336671950916861 -119190.97269325 576236.72507187 2.89573266656434e-16 9.65244222188114e-17
2.17113821138211e-08 -0.0020763818856336 -7.46228619578474e-05 -45817.6453343507 591413.540219424 2.94268238871178e-16 9.80894129570594e-17
2.21544715447154e-08 -0.00206331598695267 0.0001900112322988 29488.1750046659 597247.5888728 2.99039332629708e-16 9.96797775432362e-17
2.25975609756097e-08 -0.00201655372151241 0.000452981620617519 105536.855947749 593492.802994542 3.03887782122381e-16 1.01295927374127e-16
2.3040650406504e-08 -0.00193630693218068 0.000709997679993105 181107.432803707 580054.592719212 3.08814841549996e-16 1.02938280516665e-16
2.34837398373983e-08 -0.00182333379508154 0.000956795761779007 254966.896572372 556993.835957173 3.13821785448232e-16 1.04607261816077e-16
2.39268292682927e-08 -0.00167893538489838 0.00118920875734864 325889.989954658 524528.412019547 3.18909909017349e-16 1.06303303005783e-16
2.4369918699187e-08 -0.00150494338224805 0.00140323522641018 392679.198642032 483032.214579252 3.24080528457227e-16 1.08026842819076e-16
2.48130081300813e-08 -0.00130369897881406 0.00159510696007768 454184.616924418 433031.619102803 3.29334981307847e-16 1.09778327102616e-16
2.52560975609756e-08 -0.00107802317954436 0.00176135385789241 509323.363489419 375199.420756168 3.34674626795281e-16 1.1155820893176e-16
2.56991869918699e-08 -0.000831178843933554 0.001898865023366 557098.225323466 310346.300059662 3.40100846183301e-16 1.13366948727767e-16
2.61422764227642e-08 -0.000566824947892462 0.00200494502616733 596615.214918429 239409.91457916 3.45615043130687e-16 1.15205014376896e-16
2.65853658536585e-08 -0.000288963681645479 0.00207736434038551 627099.738502364 163441.755024507 3.51218644054322e-16 1.17072881351441e-16
2.70284552845528e-08 -1.8811252272142e-06 0.00211440304666663 647911.090632047 83591.9426161164 3.56913098498183e-16 1.18971032832728e-16
2.74715447154471e-08 0.000289917640697788 0.00211488698044783 658555.013005051 1092.18082728273 3.62699879508307e-16 1.20899959836102e-16
2.79146341463414e-08 0.000581778026839279 0.00207821561772746 658694.082484465 -82762.8920111195 3.68580484013842e-16 1.22860161337947e-16
2.83577235772357e-08 0.000868968978034145 0.00200438111228517 648155.72471502 -166635.672833055 3.74556433214274e-16 1.24852144404758e-16
2.880081300813e-08 0.00114675844004499 0.00189397803222815 626937.684905208 -249166.584348853 3.80629272972928e-16 1.26876424324309e-16
2.92439024390243e-08 0.00141049006613182 0.00174820348720519 595210.825847332 -328995.762161918 3.86800574216859e-16 1.28933524738953e-16
2.96869918699186e-08 0.00165565993982212 0.00156884748842579 553319.164475374 -404785.098162692 3.93071933343217e-16 1.31023977781072e-16
3.0130081300813e-08 0.00187799207020375 0.00135827353942189 501777.101595242 -475240.288577605 3.99444972632204e-16 1.33148324210735e-16
3.05731707317073e-08 0.0020735114158022 0.00111938961384915 441263.84419466 -539132.529274266 4.05921340666731e-16 1.35307113555577e-16
3.10162601626016e-08 0.00223861321300569 0.000855609835017824 372615.065248232 -595319.50084867 4.12502712758869e-16 1.37500904252956e-16
3.14593495934959e-08 0.00237012742507142 0.0005708073277024 296811.891451112 -642765.291739396 4.19190791383224e-16 1.39730263794408e-16
3.19024390243902e-08 0.00246537718766237 0.000269258863535575 214967.354104328 -680558.9191288 4.25987306617331e-16 1.41995768872444e-16
3.23455284552845e-08 0.00252223020597581 -4.44179355800017e-05 128310.481698238 -707931.124609466 4.32894016589197e-16 1.44298005529732e-16
3.27886178861788e-08 0.00253914215586199 -0.000365333938554953 38168.253871565 -724269.14432879 4.39912707932091e-16 1.46637569310697e-16
3.32317073170731e-08 0.00251519125560954 -0.000688403372544079 -54054.3253404045 -729129.18129656 4.47045196246713e-16 1.49015065415571e-16
3.36747967479674e-08 0.00245010330471738 -0.001008423092469 -146895.74238047 -722246.340381012 4.54293326570854e-16 1.51431108856951e-16
3.41178861788617e-08 0.00234426662912631 -0.00132015503877565 -238860.754086264 -703541.823774635 4.61658973856673e-16 1.53886324618891e-16
3.4560975609756e-08 0.00219873652694614 -0.00161841059819676 -328444.083819466 -673127.225849487 4.69144043455711e-16 1.5638134781857e-16
3.50040650406503e-08 0.00201522897236516 -0.00189813553059734 -414154.664467172 -631305.810738928 4.76750471611768e-16 1.58916823870589e-16
3.54471544715446e-08 0.00179610350566149 -0.00215449409412683 -494540.044120205 -578570.703011501 4.84480225961775e-16 1.61493408653925e-16
3.58902439024389e-08 0.00154433541139749 -0.00238295099172359 -568210.561366458 -515599.970722977 4.92335306044779e-16 1.64111768681593e-16
3.63333333333333e-08 0.00126347746220854 -0.00257934977501559 -633862.894499821 -443248.630181942 5.00317743819189e-16 1.66772581273063e-16
3.67764227642276e-08 0.000957611679272842 -0.00273998637698425 -690302.592680576 -362537.652149443 5.08429604188404e-16 1.69476534729468e-16
3.72195121951219e-08 0.000631291729726017 -0.00286167650219645 -736465.207234118 -274640.099102765 5.16672985534962e-16 1.72224328511654e-16
3.76626016260162e-08 0.000289476743148315 -0.00294181568238887 -771435.65778087 -180864.571810419 5.25050020263356e-16 1.75016673421119e-16
3.81056910569105e-08 -6.25425189409824e-05 -0.00297843090477868 -794465.490586854 -82636.18998067 5.33562875351639e-16 1.7785429178388e-16
3.85487804878048e-08 -0.000419224067520942 -0.00297022283939436 -804987.715143763 18524.6246288252 5.42213752911987e-16 1.80737917637329e-16
3.89918699186991e-08 -0.000774860467393396 -0.00291659782835534 -802628.939161684 121025.254271563 5.51004890760337e-16 1.83668296920112e-16
3.94349593495934e-08 -0.00112366869176367 -0.002817688952451 -787218.561422823 223225.536444643 5.59938562995271e-16 1.8664618766509e-16
3.98780487804877e-08 -0.00145988265926924 -0.00267436565636371 -758794.825746524 323463.585664909 5.6901708058628e-16 1.89672360195427e-16
4.0321138211382e-08 -0.00177784699660649 -0.00248823159097436 -717607.587018006 420082.386108069 5.78242791971568e-16 1.92747597323856e-16
4.07642276422763e-08 -0.00207211052641407 -0.00226161051669298 -664117.691125358 511456.736451558 5.87618083665547e-16 1.95872694555182e-16
4.12073170731706e-08 -0.00233751796020035 -0.00199752030279773 -598992.92395802 596020.115763594 5.97145380876183e-16 1.99048460292061e-16
4.16504065040649e-08 -0.00256929828055681 -0.00169963525133766 -523100.539520084 672291.033570428 6.06827148132353e-16 2.02275716044118e-16
4.20934959349592e-08 -0.00276314832600172 -0.00137223716715871 -437496.432838991 738898.428513951 6.16665889921365e-16 2.05555296640455e-16
4.25365853658536e-08 -0.00291531014547642 -0.00102015578491126 -343411.078814447 794605.688374979 6.2666415133683e-16 2.0888805044561e-16
4.29796747967479e-08 -0.00302264076729811 -0.000648699346361302 -242232.412551707 838332.879663217 6.36824518737019e-16 2.12274839579006e-16
4.34227642276422e-08 -0.00308267312838868 -0.000263576293887045 -135485.879158532 869176.797327221 6.47149620413913e-16 2.15716540137971e-16
4.38658536585365e-08 -0.00309366703258616 0.00012919079426001 -24811.9305741268 886428.474166748 6.57642127273084e-16 2.19214042424361e-16
4.43089430894308e-08 -0.00305464915016795 0.000523357757313569 88058.7071089794 889587.82487317 6.68304753524614e-16 2.22768251174871e-16
4.47520325203251e-08 -0.00296544123237742 0.000912556498567024 201331.630976804 878375.140810551 6.79140257385203e-16 2.26380085795068e-16
4.51951219512194e-08 -0.00282667589242484 0.00129039622455773 313176.822278302 852739.198107455 6.90151441791671e-16 2.30050480597224e-16
4.56382113821137e-08 -0.00263979949550889 0.00165056669367637 421757.739828638 812861.792689778 7.01341155126023e-16 2.33780385042008e-16
4.6081300813008e-08 -0.00240706190199471 0.00198694183276835 525260.990866881 759158.570794754 7.12712291952268e-16 2.37570763984089e-16
4.65243902439023e-08 -0.00213149301689126 0.00229368204771435 621926.107664653 692276.081437747 7.2426779376519e-16 2.4142259792173e-16
4.69674796747966e-08 -0.00181686631192643 0.00256533354801082 710074.948819706 613085.037366349 7.36010649751256e-16 2.45336883250419e-16
4.74105691056909e-08 -0.00146764970043265 0.00279692302654643 788140.242453869 522669.832291379 7.47943897561861e-16 2.4931463252062e-16
4.78536585365852e-08 -0.00108894435647504 0.0029840460841834 854692.794619914 422314.423657752 7.60070624099109e-16 2.53356874699703e-16
4.82967479674796e-08 -0.000686412274708106 0.00312294786406113 908466.900134554 313484.750916713 7.72393966314336e-16 2.57464655438112e-16
4.87398373983739e-08 -0.000266193562911763 0.00321059446195743 948383.514696332 197807.91818797 7.84917112019578e-16 2.61639037339859e-16
4.91829268292682e-08 0.000165185358290768 0.00324473380534973 973570.776291952 77048.4263716182 7.976433007122e-16 2.658811002374e-16
4.96260162601625e-08 0.00060091130756276 0.00322394484337035 983381.500191835 -46918.207769963 8.10575824412889e-16 2.70191941470963e-16
5.00691056910568e-08 0.00103399015843509 0.00314767406059812 977407.314812781 -172134.060201552 8.23718028517237e-16 2.74572676172412e-16
5.05121951219511e-08 0.00145735730425848 0.00301625851714909 955489.154794067 -296589.208151028 8.3707331266113e-16 2.7902443755371e-16
5.09552845528454e-08 0.00186399105689466 0.00283093482305307 917723.882096343 -418253.474748822 8.5064513160017e-16 2.83548377200057e-16
5.13983739837397e-08 0.00224702718813215 0.0025938336733573 864466.864994709 -535109.016744582 8.64436996103354e-16 2.88145665367785e-16
5.1841463414634e-08 0.00259987277524626 0.00230795979845199 796330.407615318 -645183.240611982 8.7845247386124e-16 2.9281749128708e-16
5.22845528455283e-08 0.00291631749359559 0.00197715741822235 714177.988201241 -746581.518683407 8.92695190408844e-16 2.97565063469615e-16
5.27276422764226e-08 0.00319064051042951 0.00160606152510086 619114.33157014 -837519.171631983 9.07168830063494e-16 3.02389610021165e-16
5.31707317073169e-08 0.00341771117547321 0.00120003555612604 512471.40918118 -916352.186860606 9.2187713687789e-16 3.07292378959297e-16
5.36138211382112e-08 0.00359308177517641 0.000765096243875888 395790.527770539 -981606.154252631 9.36823915608623e-16 3.12274638536207e-16
5.40569105691055e-08 0.00371307071808743 0.000307826656824969 270800.733542298 -1032002.92123418 9.52013032700389e-16 3.17337677566796e-16
5.44999999999999e-08 0.00377483464748899 -0.000164721352451746 139393.822319116 -1066484.49800066 9.67448417286167e-16 3.22482805762056e-16
5.49430894308942e-08 0.00377642813257683 -0.000645133881315246 3596.30579457537 -1084233.78073781 9.83134062203609e-16 3.2771135406787e-16
5.53861788617885e-08 0.00371684976898873 -0.0011257493116911 -134461.260941961 -1084691.70525193 9.99074025027907e-16 3.33024675009302e-16
5.58292682926828e-08 0.00359607372088597 -0.00159877851476686 -272577.136085126 -1067570.49501502 1.01527242912142e-15 3.38424143040472e-16
5.62723577235771e-08 0.00341506595714018 -0.00205642907200318 -408512.934692321 -1032862.72550583 1.03173346470028e-15 3.43911154900094e-16
5.67154471544714e-08 0.00317578467022057 -0.00249103156352977 -540029.326442417 -980845.990050819 1.04846138991838e-15 3.49487129972794e-16
5.71585365853657e-08 0.00288116461453749 -0.002895165909879 -664922.327504935 -912083.020201017 1.06546053196881e-15 3.55153510656269e-16
5.760162601626e-08 0.00253508535745076 -0.00326178571949085 -781059.607737042 -827417.18499557 1.08273528820324e-15 3.60911762734414e-16
5.80447154471543e-08 0.00214232369687168 -0.00358433859355781 -886416.224793143 -727963.367160277 1.10029012726948e-15 3.66763375756492e-16
5.84878048780486e-08 0.00170849076021849 -0.00385688037211171 -979109.196483339 -615094.289213405 1.11812959026734e-15 3.72709863422445e-16
5.89308943089429e-08 0.00123995455619838 -0.00407418137080009 -1057430.3320087 -490422.437406804 1.13625829192341e-15 3.78752763974469e-16
5.93739837398372e-08 0.000743748999257048 -0.00423182275603226 -1119876.76153731 -355777.805202865 1.15468092178475e-15 3.84893640594917e-16
5.98170731707315e-08 0.000227470662396133 -0.00432628133603412 -1165178.63181454 -213181.749362006 1.17340224543203e-15 3.91134081810676e-16
6.02601626016259e-08 -0.000300835266617068 -0.00435500120524125 -1192323.47281878 -64817.3194949923 1.19242710571223e-15 3.97475701904078e-16
6.07032520325202e-08 -0.000832798151657806 -0.00431645086727737 -1200576.78642222 87003.5150377622 1.21176042399147e-15 4.03920141330489e-16
6.11463414634145e-08 -0.00135985234823051 -0.00421016467491786 -1189498.46198976 239875.259820544 1.23140720142799e-15 4.10469067142664e-16
6.15894308943088e-08 -0.00187337292008543 -0.00403676766087966 -1158954.68510376 391336.380306395 1.25137252026593e-15 4.17124173421977e-16
6.20325203252031e-08 -0.00236481451758741 -0.00379798308755401 -1109125.07326136 538908.303101914 1.27166154514996e-15 4.23887181716654e-16
6.24756097560974e-08 -0.0028258512174066 -0.00349662231309021 -1040504.8454635 680135.325854099 1.2922795244613e-15 4.30759841487098e-16
6.29186991869917e-08 -0.00324851507183815 -0.00313655685142327 -953901.91000148 812624.803395109 1.31323179167534e-15 4.37743930558445e-16
6.3361788617886e-08 -0.00362533110047168 -0.00272267279055109 -850428.835264645 934086.96306931 1.33452376674135e-15 4.44841255580451e-16
6.38048780487803e-08 -0.00394944647785251 -0.00226080802206338 -731489.750786097 1042373.69768786 1.35616095748451e-15 4.52053652494838e-16
6.42479674796746e-08 -0.00421475172845851 -0.0017576730209579 -598762.308707116 1135515.69056833 1.37814896103066e-15 4.59382987010219e-16
6.46910569105689e-08 -0.00441599183441891 -0.00122075619346793 -454174.918039079 1211757.24369297 1.40049346525416e-15 4.66831155084719e-16
6.51341463414632e-08 -0.00454886529099054 -0.000658215077330728 -299879.544189185 1269588.20706194 1.42320025024926e-15 4.74400083416421e-16
6.55772357723575e-08 -0.00461010930835552 -7.87549291323167e-05 -138220.442860412 1307772.44455788 1.44627518982531e-15 4.82091729941771e-16
6.60203252032518e-08 -0.00459756955371275 0.000508503537256131 28300.7306616786 1325372.31863815 1.46972425302616e-15 4.89908084342054e-16
6.64634146341462e-08 -0.0045102530522508 0.00109416529263611 197062.929904935 1321768.73232546 1.49355350567427e-15 4.97851168558089e-16
6.69065040650405e-08 -0.00434836311624471 0.00166870887042198 365366.277591735 1296676.33151672 1.51776911193979e-15 5.05923037313263e-16
6.73495934959348e-08 -0.0041133154445709 0.00222263869216998 530474.561759231 1250153.54266064 1.54237733593516e-15 5.14125778645055e-16
6.77926829268291e-08 -0.00380773482632049 0.00274663944308947 689659.009996345 1182607.19932288 1.56738454333549e-15 5.22461514445162e-16
6.82357723577234e-08 -0.00343543218748257 0.00323173002781879 840242.652790176 1094791.5948937 1.5927972030252e-15 5.309324010084e-16
6.86788617886177e-08 -0.00300136203414333 0.00366941460351142 979644.56625185 987801.886425547 1.61862188877148e-15 5.39540629590492e-16
6.9121951219512e-08 -0.00251156066435268 0.00405182819408292 1105423.27494037 863061.864959545 1.64486528092471e-15 5.48288426974903e-16
6.95650406504063e-08 -0.00197306583864945 0.00437187443685651 1215318.59745866 722306.199287193 1.67153416814661e-15 5.57178056048871e-16
7.00081300813006e-08 -0.00139381891104213 0.00462335310070242 1307291.23111378 567557.351432049 1.69863544916629e-15 5.66211816388765e-16
7.04512195121949e-08 -0.000782550722860261 0.00480107514232737 1379559.39718109 401097.451740708 1.72617613456484e-15 5.75392044854947e-16
7.08943089430892e-08 -0.000148652846267938 0.00490096323320932 1430631.90496983 225435.507862019 1.75416334858882e-15 5.84721116196273e-16
7.13373983739835e-08 0.000497963972510207 0.00492013589172184 1459337.04054517 43270.4036154175 1.78260433099317e-15 5.9420144366439e-16
7.17804878048778e-08 0.0011470220826677 0.00485697359056295 1464846.74402516 -142549.780597128 1.81150643891401e-15 6.03835479638004e-16
7.22235772357721e-08 0.00178803761588063 0.00471116547541921 1446695.60706771 -329071.525920755 1.84087714877177e-15 6.13625716257258e-16
7.26666666666665e-08 0.00241048712214917 0.00448373562303768 1404794.29855103 -513282.052163806 1.87072405820521e-15 6.23574686068405e-16
7.31097560975608e-08 0.00300397754912979 0.00417704808123671 1339437.11043331 -692157.204431557 1.90105488803678e-15 6.33684962678926e-16
7.35528455284551e-08 0.00355841686322159 0.00379479026512219 1251303.40611545 -862710.300588738 1.93187748426982e-15 6.43959161423275e-16
7.39959349593494e-08 0.00406418255646118 0.00334193462779377 1141452.84896275 -1022041.16314486 1.96319982011824e-15 6.54399940039414e-16
7.44390243902437e-08 0.00451228527287493 0.00282467887474497 1011314.38750258 -1167384.54357804 1.99502999806896e-15 6.6500999935632e-16
7.4882113821138e-08 0.00489452482221616 0.00225036534340593 862669.074660037 -1296157.14412296 2.02737625197791e-15 6.75792083992637e-16
7.53252032520323e-08 0.00520363592814496 0.00162738051715796 697626.89961913 -1406002.45189909 2.06024694919998e-15 6.86748983066659e-16
7.57682926829266e-08 0.00543342118133465 0.000965035980952668 518597.910868472 -1494832.62299543 2.09365059275344e-15 6.97883530917814e-16
7.62113821138209e-08 0.00557886883442898 0.000273432447757151 328258.006066107 -1560866.68959722 2.12759582351959e-15 7.09198607839863e-16
7.66544715447152e-08 0.00563625328322582 -0.000436691214058671 129509.856917621 -1602664.41107057 2.1620914224779e-15 7.20697140825967e-16
7.70975609756095e-08 0.00560321632422846 -0.00115412174779654 -74560.4762692691 -1619155.14953684 2.19714631297756e-15 7.32382104325853e-16
7.75406504065038e-08 0.00547882755942134 -0.0018673456221842 -280730.606812402 -1609661.22109509 2.23276956304572e-15 7.4425652101524e-16
7.79837398373981e-08 0.0052636226308074 -0.00256473083658569 -485691.857238788 -1573915.25452078 2.26897038773325e-15 7.5632346257775e-16
7.84268292682925e-08 0.00495961830533941 -0.00323471359468856 -686101.505184632 -1512071.17883767 2.30575815149849e-15 7.68586050499495e-16
7.88699186991868e-08 0.00457030379033262 -0.0038659868989844 -878636.428363949 -1424708.55831905 2.34314237062963e-15 7.81047456876542e-16
7.93130081300811e-08 0.00410060803478054 -0.00444768803942414 -1060047.30152121 -1312830.09677226 2.38113271570643e-15 7.93710905235476e-16
7.97560975609754e-08 0.00355684315738065 -0.00496958191848721 -1227212.47559975 -1177852.24082125 2.41973901410179e-15 8.06579671367264e-16
8.01991869918697e-08 0.00294662453142747 -0.00542223717283271 -1377190.66040811 -1021588.92265131 2.45897125252392e-15 8.1965708417464e-16
8.0642276422764e-08 0.00227876844379796 -0.00579719211920673 -1507271.53721889 -846228.59456889 2.49883957959967e-15 8.32946526533225e-16
8.10853658536583e-08 0.00156316862372636 -0.00608710766907203 -1615023.44713407 -654304.818962052 2.53935430849985e-15 8.46451436166615e-16
8.15284552845526e-08 0.000810653300665865 -0.00628590452140979 -1698337.3346136 -448660.786009992 2.58052591960696e-15 8.60175306535655e-16
8.19715447154469e-08 3.28247931277953e-05 -0.00638888215442476 -1755466.17297583 -232408.235978748 2.62236506322638e-15 8.74121687742125e-16
8.24146341463412e-08 -0.00075811605392128 -0.00639281739178965 -1785059.15939516 -8881.36139232689 2.66488256234127e-15 8.88294187447091e-16
8.28577235772355e-08 -0.00154955798229136 -0.00629604061416658 -1786190.04017467 218413.644910799 2.70808941541239e-15 9.02696471804129e-16
8.33008130081298e-08 -0.00232867713796 -0.00609848801790991 -1758379.01187603 445852.648432479 2.75199679922309e-15 9.17332266407696e-16
8.37439024390241e-08 -0.00308264154266422 -0.00580172868530138 -1701607.73905723 669750.420382552 2.7966160717706e-15 9.32205357256866e-16
8.41869918699184e-08 -0.00379881901239726 -0.0054089656190252 -1616327.13352595 886419.397283861 2.84195877520409e-15 9.47319591734695e-16
8.46300813008128e-08 -0.00446498520762715 -0.00492501030198222 -1503457.65161975 1092229.43112452 2.8880366388104e-15 9.62678879603467e-16
8.50731707317071e-08 -0.00506952844416754 -0.00435623076567078 -1364381.98338474 1283667.57736343 2.93486158204822e-15 9.78287194016073e-16
8.55162601626014e-08 -0.00560164789149593 -0.00371047357960654 -1200930.12883287 1457396.9520349 2.98244571763137e-15 9.9414857254379e-16
8.59593495934957e-08 -0.00605154183783504 -0.00299696060377032 -1015356.9798112 1610313.6885845 3.03080135466217e-15 1.01026711822072e-15
8.640243902439e-08 -0.00641058280852543 -0.0022261617689021 -810312.649448033 1739601.0401613 3.07994100181554e-15 1.02664700060518e-15
8.68455284552843e-08 -0.00667147648526889 -0.00140964555863675 -588805.912650378 1842779.70390161 3.12987737057478e-15 1.04329245685826e-15
8.72886178861786e-08 -0.00682840158697546 -0.000559909256147714 -354161.238713907 1917753.49002113 3.18062337851977e-15 1.06020779283992e-15
8.77317073170729e-08 -0.00687712813558999 0.000309808620505845 -109970.008799772 1962849.51978693 3.2321921526685e-15 1.07739738422283e-15
8.81747967479672e-08 -0.00681511183895177 0.00118573094204639 139963.385073419 1976852.21191719 3.28459703287277e-15 1.09486567762426e-15
8.86178861788615e-08 -0.00664156267319392 0.00205375660959589 391679.768591102 1959030.40566218 3.33785157526899e-15 1.11261719175633e-15
8.90609756097558e-08 -0.006357486134414 0.00289968392902218 641126.867338169 1909157.0695309 3.39196955578485e-15 1.13065651859495e-15
8.95040650406501e-08 -0.00596569604766061 0.00370943923793963 884223.49854434 1827521.15590544 3.44696497370291e-15 1.14898832456764e-15
8.99471544715444e-08 -0.00547079826440559 0.00446930716370263 1116925.27230033 1714931.28199722 3.50285205528192e-15 1.16761735176064e-15
9.03902439024387e-08 -0.00487914504082423 0.00516615880556696 1335290.7614772 1572711.04494152 3.55964525743694e-15 1.18654841914565e-15
9.08333333333331e-08 -0.0041987603612033 0.00578767410775012 1535547.07510778 1402685.91134914 3.61735927147898e-15 1.20578642382633e-15
9.12764227642274e-08 -0.00343923694616081 0.00632255472377789 1714153.76238947 1207161.75727369 3.67600902691545e-15 1.22533634230515e-15
9.17195121951217e-08 -0.00261160615644025 0.0067607237666901 1867863.98413999 988895.271159665 3.73560969531207e-15 1.24520323177069e-15
9.2162601626016e-08 -0.00172818246212804 0.00709350899384691 1993781.91560369 751056.567711688 3.79617669421748e-15 1.26539223140583e-15
9.26056910569103e-08 -0.000802384586598328 0.00731380618770231 2089415.38881019 497184.492554386 3.8577256911515e-15 1.28590856371717e-15
9.30487804878046e-08 0.000151464153129575 0.00741621976249309 2152722.84378958 231135.223839742 3.92027260765794e-15 1.30675753588598e-15
9.34918699186989e-08 0.001118353409753 0.00739717794788258 2182153.73513176 -42975.1045338162 3.9838336234233e-15 1.3279445411411e-15
9.39349593495932e-08 0.00208281803560206 0.00725502026984426 2176681.63265018 -320832.924747026 4.04842518046204e-15 1.34947506015401e-15
9.43780487804875e-08 0.0030291814516645 0.0069900554612648 2135829.36102164 -597993.971656396 4.1140639873699e-15 1.37135466245663e-15
9.48211382113818e-08 0.00394180639047861 0.00660458838390236 2059685.64172725 -869953.220469364 4.18076702364602e-15 1.39358900788201e-15
9.52642276422761e-08 0.00480534906705081 0.00610291502277147 1948912.82969507 -1132216.94346972 4.24855154408527e-15 1.41618384802842e-15
9.57073170731704e-08 0.00560501271239864 0.0054912851164575 1804745.47482171 -1380375.75186455 4.31743508324172e-15 1.43914502774724e-15
9.61504065040647e-08 0.00632679634873998 0.00477783250451886 1628979.5829355 -1610177.45446702 4.38743545996444e-15 1.46247848665481e-15
9.6593495934959e-08 0.00695773469568345 0.00397247379786722 1423952.59952379 -1817598.54895693 4.45857078200697e-15 1.48619026066899e-15
9.70365853658534e-08 0.00748612517392397 0.00308677650143236 1192514.29034098 -1998913.16443095 4.53085945071142e-15 1.51028648357047e-15
9.74796747967477e-08 0.00790173811674429 0.00213379823201123 937988.843429356 -2150758.29612477 4.60432016576851e-15 1.5347733885895e-15
9.7922764227642e-08 0.00819600650881695 0.00112789916948314 664128.664677733 -2270194.21451292 4.67897193005487e-15 1.55965731001829e-15
9.83658536585363e-08 0.00836219184405965 8.45303482196536e-05 375060.481373447 -2354758.99110842 4.75483405454869e-15 1.58494468484956e-15
9.88089430894306e-08 0.00839552302622996 -0.000979999170504572 75224.5028797794 -2402516.1615244 4.83192616332512e-15 1.61064205444171e-15
9.92520325203249e-08 0.00829330562313642 -0.0020487728125799 -230692.487715692 -2412094.64174799 4.91026819863262e-15 1.63675606621087e-15
9.96951219512192e-08 0.008054999222413 -0.00310453091667816 -537829.124568454 -2382720.1248456 4.98988042605163e-15 1.66329347535054e-15
1.00138211382114e-07 0.00768226111747262 -0.00412994500972814 -841225.447847102 -2314237.31092014 5.07078343973695e-15 1.69026114657898e-15
1.00581300813008e-07 0.00717895506943836 -0.00510789764500742 -1135901.72308649 -2207122.4612725 5.15299816774495e-15 1.71766605591498e-15
1.01024390243902e-07 0.00655112443675376 -0.00602176335590761 -1416938.85908634 -2062485.91634356 5.23654587744735e-15 1.74551529248245e-15
1.01467479674796e-07 0.00580692953041134 -0.00685568618824142 -1679559.14642419 -1882064.37389099 5.32144818103264e-15 1.77381606034421e-15
1.01910569105691e-07 0.00495654963046016 -0.00759484925587076 -1919206.01273387 -1668202.8865763 5.40772704109671e-15 1.80257568036557e-15
1.02353658536585e-07 0.00401205067947832 -0.00822573181990886 -2131621.48570213 -1423826.70415938 5.49540477632422e-15 1.83180159210807e-15
1.02796747967479e-07 0.0029872202416576 -0.00873634952107852 -2312920.07067795 -1152403.25218106 5.58450406726195e-15 1.86150135575398e-15
1.03239837398374e-07 0.00189737187264117 -0.00911647359709402 -2459657.78695453 -857894.703668027 5.67504796218588e-15 1.89168265406196e-15
1.03682926829268e-07 0.000759121575991594 -0.00935782519007935 -2568895.16491555 -544701.760315498 5.76705988306327e-15 1.92235329435442e-15
1.04126016260162e-07 -0.000409860481877287 -0.00945424118975965 -2638253.0847316 -217599.412122515 5.86056363161155e-15 1.95352121053718e-15
1.04569105691057e-07 -0.00159111937390021 -0.0094018084620389 -2665960.43520771 118334.413021128 5.95558339545529e-15 1.98519446515176e-15
1.05012195121951e-07 -0.00276570190614254 -0.00919896377407873 -2650892.68744599 457796.268240391 6.05214375438312e-15 2.01738125146104e-15
1.05455284552845e-07 -0.00391445583523421 -0.00884655723957448 -2592600.61061056 795339.518238955 6.15026968670607e-15 2.05008989556869e-15
1.0589837398374e-07 -0.00501833716441242 -0.0083478776641016 -2491328.50438384 1125460.32629659 6.24998657571891e-15 2.08332885857297e-15
1.06341463414634e-07 -0.00605872066683582 -0.00770863876186754 -2348021.48253355 1442685.96284017 6.35132021626639e-15 2.11710673875546e-15
1.06784552845528e-07 -0.00701770865385136 -0.00693692583293449 -2164321.51198003 1741664.04144524 6.45429682141582e-15 2.15143227380527e-15
1.07227642276422e-07 -0.00787843295356957 -0.00604310312438652 -1942552.08927229 2017251.25048439 6.55894302923793e-15 2.18631434307931e-15
1.07670731707317e-07 -0.00862534509355962 -0.00503968273998563 -1685691.61869315 2264600.13360203 6.66528590969759e-15 2.2217619698992e-15
1.08113821138211e-07 -0.00924448979155948 -0.00394115660030856 -1397335.74044005 2479242.4803721 6.77335297165632e-15 2.25778432388544e-15
1.08556910569105e-07 -0.00972375704934798 -0.00276379357878713 -1081649.04051348 2657167.92013092 6.88317216998829e-15 2.29439072332943e-15
1.09e-07 -0.0100531084155598 -0.00152540453815224 -743306.753101974 2794896.36693746 6.9947719128117e-15 2.3315906376039e-15
