0 -0.00139 0 0 400000 1.33808e-16 4.46026666666667e-17
6.60606060606061e-10 -0.00133983613522636 0.000254719300405507 75936.125574772 385584.262081731 1.29159441781403e-16 4.30531472604678e-17
1.32121212121212e-09 -0.00124131627849795 0.000490735560280671 149135.562937507 357272.319994514 1.253487642552e-16 4.17829214184e-17
1.98181818181818e-09 -0.00109799102090061 0.000699542908258465 216960.252326241 316084.517581065 1.22920355267521e-16 4.09734517558403e-17
2.64242424242424e-09 -0.000915025710810836 0.000873616064329249 276965.836374434 263505.236253938 1.22221133792548e-16 4.07403779308494e-17
3.3030303030303e-09 -0.000699014298124589 0.00100668154600172 326989.753148906 201429.39886199 1.23350989592696e-16 4.11169965308986e-17
3.96363636363636e-09 -0.000457741692623472 0.00109394376050147 365229.173464993 132094.177912471 1.2614851311251e-16 4.20495043708367e-17
4.62424242424242e-09 -0.00019990320092689 0.00113225783479252 390305.973669138 57998.3693396624 1.30214054212881e-16 4.34046847376268e-17
5.28484848484848e-09 6.5208846661307e-05 0.00112024295474096 401316.402312409 -18187.6624633647 1.34966815608345e-16 4.49889385361151e-17
5.94545454545454e-09 0.000328039985648603 0.00105833212875166 397863.650760585 -93718.2228278472 1.39727824722122e-16 4.65759415740408e-17
6.60606060606061e-09 0.000579117953993994 0.000948756582429016 380072.153917335 -165871.239846199 1.43816930720393e-16 4.79389769067977e-17
7.26666666666667e-09 0.000809394066225684 0.000795465346668136 348583.105671825 -232046.366060049 1.46649969870673e-16 4.88833232902244e-17
7.92727272727273e-09 0.00101056932213675 0.000603982937168756 304531.350691062 -289858.693278877 1.47822218322566e-16 4.92740727741885e-17
8.58787878787879e-09 0.00117539349731505 0.000381210254509132 249504.485361651 -337224.703108605 1.47166210368078e-16 4.9055403456026e-17
9.24848484848485e-09 0.00129792643648068 0.000135175880210691 185485.641856226 -372437.355589384 1.44775662348972e-16 4.82585541163239e-17
9.90909090909091e-09 0.00137375213279022 -0.00012525326807964 114782.017349297 -394227.609797289 1.40992084476553e-16 4.69973614921845e-17
1.0569696969697e-08 0.00140013787782999 -0.00039069149449178 39941.7241427741 -401810.159247735 1.3635599317985e-16 4.54519977266166e-17
1.1230303030303e-08 0.00137613274663682 -0.000651572579262111 -36338.0426318637 -394911.733826649 1.31529693715111e-16 4.38432312383704e-17
1.18909090909091e-08 0.00130260186841064 -0.000898494539025927 -111308.210158892 -373780.948266327 1.27202664200685e-16 4.24008880668949e-17
1.25515151515152e-08 0.00118219524782498 -0.00112255846813768 -182266.902721415 -339179.342233382 1.23993057776348e-16 4.13310192587828e-17
1.32121212121212e-08 0.0010192522605948 -0.00131568924939983 -246656.815531921 -292353.934938118 1.22359394145294e-16 4.07864647150979e-17
1.38727272727273e-08 0.00081964526521893 -0.00147092657599582 -302157.378321271 -234992.283379248 1.22535056116562e-16 4.08450187055205e-17
1.45333333333333e-08 0.000590567967027348 -0.00158267579638729 -346768.387170743 -169161.663895352 1.24494948876558e-16 4.1498316292186e-17
1.51939393939394e-08 0.000340276161754441 -0.00164690954188992 -378882.09055073 -97234.5688801206 1.27959084997607e-16 4.26530283325358e-17
1.58545454545455e-08 7.77902020699715e-05 -0.001661312870402 -397341.131632454 -21803.2037109605 1.32432583034435e-16 4.41441943448118e-17
1.65151515151515e-08 -0.00018743009002097 -0.0016253666954011 -401480.258669774 54413.9346343893 1.37276365567293e-16 4.57587885224308e-17
1.71757575757576e-08 -0.000445826348964909 -0.00154036649348216 -391150.300236238 128670.030427761 1.41798456872162e-16 4.72661522907207e-17
1.78363636363636e-08 -0.000688086142891853 -0.00140937561622983 -366723.541265557 198288.942629677 1.45352837565735e-16 4.8450945855245e-17
1.84969696969697e-08 -0.00090547858755834 -0.00123711488903449 -329080.306146517 260761.651258993 1.47431733994429e-16 4.91439113314764e-17
1.91575757575758e-08 -0.00109016900169506 -0.0010297924756383 -279577.232408798 313836.680829097 1.47738158039632e-16 4.92460526798772e-17
1.98181818181818e-08 -0.00123550126378649 -0.000794880139981508 -219998.378395278 355601.242049273 1.4622833440815e-16 4.87427781360501e-17
2.04787878787879e-08 -0.00133623769432917 -0.000540843968725607 -152490.926968282 384550.167497465 1.43117954306897e-16 4.77059847689657e-17
2.11393939393939e-08 -0.0013887478183693 -0.000276839259037062 -79487.8024460642 399640.156867982 1.38851362110942e-16 4.62837873703139e-17
2.18e-08 -0.00139113920544132 -1.23805676760179e-05 -3619.98960444251 400327.376830938 1.34038076972693e-16 4.46793589908977e-17
2.24606060606061e-08 -0.00134332567152202 0.000243001187395351 72378.2852906904 386587.060429137 1.29365717802754e-16 4.31219059342513e-17
2.31212121212121e-08 -0.0012470303850462 0.000480102215051504 145768.094206513 358914.399662984 1.25501771032969e-16 4.18339236776563e-17
2.37818181818182e-08 -0.00110572376504537 0.000690377549605333 213904.516515018 318306.699095246 1.2299823447609e-16 4.099941149203e-17
2.44424242424242e-08 -0.000924498409519649 0.000866249005772828 274331.960199488 266227.433648042 1.2221275972151e-16 4.07375865738368e-17
2.51030303030303e-08 -0.000709885561542545 0.00100137829150545 324872.659781855 204553.505925529 1.23257558549654e-16 4.10858528498846e-17
2.57636363636364e-08 -0.000469619727539886 0.00109089543588269 363705.161563657 135507.603873802 1.25983372520313e-16 4.1994457506771e-17
2.64242424242424e-08 -0.000212359930745915 0.00113157429967321 389429.967623901 61578.0965636325 1.30000795816218e-16 4.33335986054061e-17
2.70848484848485e-08 5.26223543206459e-05 0.00112194884327897 401119.97280718 -14570.6450004553 1.34735905191434e-16 4.49119683971446e-17
2.77454545454545e-08 0.000315777339723538 0.00106236596184178 398353.87698603 -90194.2700654764 1.39512249811103e-16 4.65040832703676e-17
2.84060606060606e-08 0.000567621092209127 0.000954972983369664 381231.368441487 -162567.352733014 1.43647488033351e-16 4.7882496011117e-17
2.90666666666667e-08 0.000799077327946948 0.000803640280442424 350369.531162756 -229081.614522886 1.46550865743308e-16 4.88502885811026e-17
2.97272727272727e-08 0.00100180451585214 0.000613821784519712 306880.605544553 -287339.925020619 1.47807610626297e-16 4.92692035420991e-17
3.03878787878788e-08 0.00116849650090032 0.000392358429824682 252331.903972024 -335242.692886972 1.47238185937138e-16 4.90793953123795e-17
3.10484848484848e-08 0.00129314581316768 0.000147231610556795 188689.3259093 -371063.533754141 1.44923938858303e-16 4.83079796194345e-17
3.17090909090909e-08 0.00137126017311086 -0.000112724463325688 118246.508170867 -393511.487987244 1.41195479359804e-16 4.70651597866012e-17
3.2369696969697e-08 0.00140002439037837 -0.000378141145244386 43542.1637535803 -401777.546023717 1.36585449739976e-16 4.55284832466585e-17
3.3030303030303e-08 0.00137840182142635 -0.000639452991885108 -32731.4117163715 -395563.804547882 1.31752432121836e-16 4.39174773739454e-17
3.36909090909091e-08 0.00130717172947261 -0.000887242495507576 -107825.368553828 -375094.202731258 1.27386864369351e-16 4.2462288123117e-17
3.43515151515152e-08 0.0011889012003609 -0.00111257948475399 -179033.369756252 -341106.451611545 1.24112405138907e-16 4.13708017129688e-17
3.50121212121212e-08 0.00102785262646905 -0.00130734296217368 -243789.1256161 -294825.447470175 1.22396838911202e-16 4.0798946303734e-17
3.56727272727273e-08 0.000829830092880401 -0.00146451377965032 -299758.881120434 -237919.127372889 1.22485248981052e-16 4.08284163270172e-17
3.63333333333333e-08 0.000601970201960263 -0.00157842760390104 -344925.522952504 -172438.357810726 1.2436500521453e-16 4.14550017381766e-17
3.69939393939394e-08 0.00035248487488261 -0.00164497905533668 -377661.274934061 -100743.022815422 1.27767568371525e-16 4.25891894571751e-17
3.76545454545455e-08 9.03653993714575e-05 -0.0016617696632523 -396786.362012296 -25416.9752851157 1.32206853230808e-16 4.40689510769361e-17
3.83151515151515e-08 -0.000174941610417589 -0.0016281943051399 -401611.528579749 50825.0833811543 1.37048670017387e-16 4.56828900057957e-17
3.89757575757576e-08 -0.000433874663682033 -0.00154546301490714 -391962.8787948 125235.439343182 1.41601323830897e-16 4.72004412769657e-17
3.96363636363637e-08 -0.000677101982836281 -0.00141655737404809 -368188.143673861 195132.392126083 1.45214429172519e-16 4.84048097241731e-17
4.02969696969697e-08 -0.000895857814661605 -0.00124612305739978 -331144.149093381 257996.901348348 1.47371823070907e-16 4.91239410236357e-17
4.09575757575758e-08 -0.00108225834230879 -0.00104030240606493 -282165.936346656 311563.371286705 1.47765303373156e-16 4.92551011243852e-17
4.16181818181818e-08 -0.00122958581289186 -0.000806513061463052 -223018.648130339 353901.301461559 1.46338658055875e-16 4.87795526852916e-17
4.22787878787879e-08 -0.00133253064090061 -0.000553180638393811 -155833.913958189 383484.860609402 1.4329569559305e-16 4.77652318643501e-17
4.2939393939394e-08 -0.00138738276218348 -0.000289435071400122 -83033.0276300403 399247.876641823 1.39071129174031e-16 4.63570430580104e-17
4.36e-08 -0.0013921653422288 -2.47815779092012e-05 -7239.68538970397 400622.260789009 1.34268474209888e-16 4.47561580699628e-17
4.42606060606061e-08 -0.0013467060199853 0.000231241903575653 68814.5703686041 387558.481146798 1.29573831000022e-16 4.31912770000072e-17
4.49212121212122e-08 -0.00125264311964149 0.00046940845452942 142388.794098432 360527.347774051 1.25657869441791e-16 4.18859564805972e-17
4.55818181818182e-08 -0.00111336660649533 0.00068113470850348 210831.418982706 320503.045006605 1.23080018104936e-16 4.10266727016454e-17
4.62424242424243e-08 -0.000933895914826057 0.000858790190028567 271675.817664502 268928.022492104 1.22208545080174e-16 4.07361816933913e-17
4.69030303030303e-08 -0.000720699050771441 0.000995972311951157 322729.197880841 207661.010249791 1.23167947735663e-16 4.10559825785543e-17
4.75636363636364e-08 -0.000481459489624506 0.00108773712047948 362151.629259122 138910.031258469 1.25821167204153e-16 4.19403890680511e-17
4.82242424242425e-08 -0.000224799268418192 0.00113077747203887 388522.353202218 65152.8257550452 1.29789168413317e-16 4.32630561377724e-17
4.88848484848485e-08 4.00317466401131e-05 0.00112354222055936 400890.986097434 -10952.4449001772 1.34505088484611e-16 4.48350294948704e-17
4.95454545454546e-08 0.000303489219286135 0.0010662921197637 398811.770519207 -86662.9966172864 1.39295217939213e-16 4.64317393130711e-17
5.02060606060607e-08 0.000556078314824188 0.000961090425774048 382359.640034667 -159250.270718279 1.4347524585379e-16 4.78250819512632e-17
5.08666666666667e-08 0.000788695887748548 0.00081172853871319 352127.518646967 -226098.269404052 1.46448019523202e-16 4.8816006507734e-17
5.15272727272728e-08 0.000992958553143063 0.000623589363128243 309204.952202706 -284797.834601067 1.4778885282699e-16 4.926295094233e-17
5.21878787878789e-08 0.0011615048183807 0.000403453311637686 255138.841873481 -333233.472439833 1.47306196270543e-16 4.91020654235143e-17
5.28484848484849e-08 0.00128826038649453 0.000159253943303146 191877.69485121 -369659.594267881 1.45069001467157e-16 4.83563338223857e-17
5.3509090909091e-08 0.00136865706986053 -0.000100207956641083 121701.401425597 -392763.426521081 1.413968708109e-16 4.71322902702999e-17
5.4169696969697e-08 0.00139979742468644 -0.000365581551321571 47139.0692318911 -401712.322222758 1.36814399543673e-16 4.56047998478911e-17
5.48303030303031e-08 0.00138055917298764 -0.000627302950259962 -29122.1241312105 -396183.769035179 1.31976232842345e-16 4.3992077614115e-17
5.54909090909092e-08 0.00131163564875037 -0.000875939885719509 -104333.775221565 -376377.012392892 1.27573544161412e-16 4.25245147204705e-17
5.61515151515152e-08 0.00119551081062913 -0.00110253164545425 -175785.305412875 -343005.874827812 1.2423529519908e-16 4.141176506636e-17
5.68121212121213e-08 0.00103636972170434 -0.00129891201090723 -240901.648372399 -297273.030272872 1.2243838334432e-16 4.08127944481067e-17
5.74727272727274e-08 0.000839947722550896 -0.00145800356237681 -297336.053764383 -240826.660481474 1.22439512809854e-16 4.08131709366181e-17
5.81333333333334e-08 0.000613323733321757 -0.00157407274458549 -343054.662594569 -175701.055636993 1.24238522241879e-16 4.14128407472931e-17
5.87939393939395e-08 0.000364665134103719 -0.0016429365002555 -376409.806155745 -104243.299867448 1.27578407770838e-16 4.25261359236127e-17
5.94545454545455e-08 0.00010293341789041 -0.00166211302475233 -396199.386928403 -29028.6838713405 1.31982038210234e-16 4.39940127367445e-17
6.01151515151516e-08 -0.000162438775753595 -0.00163091120869765 -401710.201387714 47232.1068717706 1.36820317323615e-16 4.56067724412051e-17
6.07757575757577e-08 -0.000421887606842377 -0.0015504555450985 -392743.643391275 121790.683429904 1.41402055597464e-16 4.71340185324879e-17
6.14363636363637e-08 -0.000666062709495492 -0.0014236456033561 -369622.861814349 191960.003555006 1.4507271256928e-16 4.83575708564266e-17
6.20969696969698e-08 -0.000886164172997906 -0.00125505153068442 -333181.114476132 255211.210925011 1.47307903525575e-16 4.91026345085251e-17
6.27575757575759e-08 -0.00107425968481642 -0.00105074934699899 -284731.738073904 309264.773468769 1.47788312338963e-16 4.92627707796542e-17
6.34181818181819e-08 -0.0012235704059461 -0.000818101969140159 -226020.816388959 352172.63620833 1.46445308505448e-16 4.88151028351493e-17
6.4078787878788e-08 -0.00132871527582645 -0.000565493856174379 -159164.252571173 382388.427883979 1.4347075159836e-16 4.782358386612e-17
6.4739393939394e-08 -0.00138590494223836 -0.000302028838983013 -86571.5133758298 398823.191161241 1.39289582488899e-16 4.64298608296329e-17
6.54000000000001e-08 -0.00139307832707527 -3.72020241622194e-05 -10858.7935604515 400884.627939734 1.34499116911643e-16 4.48330389705478e-17
6.60606060606062e-08 -0.00134997690624768 0.000219442403397537 65245.2700601169 388498.445388621 1.2978371380792e-16 4.32612379359735e-17
6.67212121212122e-08 -0.00125815402672198 0.000458655146681541 138997.936896702 362111.033411566 1.25817008803317e-16 4.1939002934439e-17
6.73818181818183e-08 -0.00112091892491353 0.000671815135155062 207741.20915958 322673.377047074 1.23165679602479e-16 4.10552265341597e-17
6.80424242424244e-08 -0.00094321746397447 0.000851240222496862 268997.624357286 271606.783590798 1.22208491236849e-16 4.07361637456163e-17
6.87030303030304e-08 -0.000731453888126286 0.000990464046119236 320559.541421563 210751.659611851 1.23082186243449e-16 4.1027395414483e-17
6.93636363636365e-08 -0.000493260017894131 0.00108446907063889 360568.702645005 142301.183905891 1.25661949825029e-16 4.18873166083431e-17
7.00242424242425e-08 -0.000237220204295517 0.00112986741656462 387583.204071297 68722.2667683149 1.29579240710373e-16 4.31930802367909e-17
7.06848484848486e-08 2.74380455458563e-05 0.00112502295725447 400629.460769051 -7333.35583646473 1.34274440424004e-16 4.47581468080014e-17
7.13454545454547e-08 0.000291176621710936 0.00107011028384786 399237.294194845 -83124.6891017447 1.39076799567245e-16 4.63589331890817e-17
7.20060606060607e-08 0.000544490558717389 0.000967108413115352 383456.87711986 -155920.263035454 1.4330026010124e-16 4.77667533670798e-17
7.26666666666668e-08 0.000778250588247891 0.000819729464990864 353856.925436081 -223096.572848996 1.46341464600041e-16 4.87804882000138e-17
7.33272727272729e-08 0.000984032151998746 0.000633284880201481 311504.202008175 -282232.628350901 1.47765951014484e-16 4.92553170048281e-17
7.39878787878789e-08 0.00115441901724134 0.000414493999423714 257925.071238795 -331197.204847079 1.473702192883e-16 4.91234064294332e-17
7.4648484848485e-08 0.00128327055299055 0.000171241902648061 195050.489895591 -368225.65108241 1.45210803080026e-16 4.84036010266752e-17
7.53090909090911e-08 0.00136594303432206 -8.7704763937509e-05 125146.416694476 -391983.486115771 1.41596193446814e-16 4.7198731148938e-17
7.59696969696971e-08 0.00139945699917603 -0.000353013732132229 50732.1486321661 -401614.493138797 1.37042768260919e-16 4.56809227536397e-17
7.66303030303032e-08 0.00138260462621764 -0.000615123440553946 -25510.4728269241 -396771.576968654 1.32201023218296e-16 4.40670077394321e-17
7.72909090909092e-08 0.00131599326392655 -0.000864587627046556 -100833.713559904 -377629.273131015 1.27762642970073e-16 4.2587547656691e-17
7.79515151515153e-08 0.00120202354215569 -0.00109241576577888 -172522.973322871 -344877.457714069 1.24361688059821e-16 4.14538960199403e-17
7.86121212121214e-08 0.00104480285500421 -0.00129039707990499 -237994.61816508 -299696.48468631 1.22484013956981e-16 4.08280046523271e-17
7.92727272727274e-08 0.000849997333025385 -0.00145139645258199 -294889.092903723 -243714.646712891 1.22397862451512e-16 4.07992874838372e-17
7.99333333333335e-08 0.000624627639593911 -0.00156961157190609 -341155.957946726 -178949.49255483 1.24115541022117e-16 4.13718470073723e-17
8.05939393939396e-08 0.000376815950797858 -0.00164078204243191 -375127.78579219 -107735.115933576 1.2739166460775e-16 4.24638882025832e-17
8.12545454545456e-08 0.000115493237534146 -0.00166234292703289 -395580.254023051 -32638.0363225889 1.31758210960351e-16 4.39194036534504e-17
8.19151515151517e-08 -0.000149922600830975 -0.0016335171855548 -401776.269084816 43635.2967328811 1.36591381622146e-16 4.55304605407153e-17
8.25757575757577e-08 -0.000409866151384432 -0.00155534367883377 -393492.530654315 118336.042284133 1.41200716865574e-16 4.70669056218581e-17
8.32363636363638e-08 -0.000654969218880417 -0.00143063972883239 -371027.579237041 188772.034405752 1.44927733765222e-16 4.83092445884072e-17
8.38969696969699e-08 -0.000876398449358966 -0.00126389958420216 -335191.03696294 252404.806091642 1.47239996110324e-16 4.90799987034415e-17
8.45575757575759e-08 -0.00106617367843502 -0.00106113245050667 -287274.429335313 306941.073942711 1.47807177467044e-16 4.92690591556812e-17
8.5218181818182e-08 -0.00121745553119423 -0.000829645922390413 -229004.639497891 350415.386598004 1.46548251132115e-16 4.88494170440384e-17
8.58787878787881e-08 -0.00132479190878369 -0.000577782622655722 -162481.672497795 381260.958313982 1.4364306548977e-16 4.78810218299232e-17
8.65393939393941e-08 -0.00138431447848231 -0.00031461953960311 -90102.9724795737 398366.134896155 1.39506651133273e-16 4.65022170444243e-17
8.72000000000002e-08 -0.00139387808587762 -4.96408983202034e-05 -14477.0203690461 401114.456987886 1.34729930198323e-16 4.49099767327745e-17
8.78606060606062e-08 -0.0013531380648252 0.000207603644576315 61670.6740701754 389406.876861702 1.29995298086648e-16 4.33317660288828e-17
8.85212121212123e-08 -0.00126356265899075 0.000447843164308192 135595.7978228 363665.328034493 1.25979137451929e-16 4.19930458173097e-17
8.91818181818184e-08 -0.00112838010731033 0.000662419585990265 204634.137864845 324817.519060018 1.23255191158163e-16 4.10850637193877e-17
8.98424242424244e-08 -0.000952462300374334 0.00084359971597651 266297.597655414 274263.499520464 1.22212598209016e-16 4.07375327363387e-17
9.05030303030305e-08 -0.000742149200682611 0.000984853941092231 318363.86650582 213825.203156824 1.23000301916032e-16 4.10001006386773e-17
9.11636363636366e-08 -0.000505020354550001 0.00108109155161463 358956.510200739 145680.786570611 1.25505772073885e-16 4.18352573579617e-17
9.18242424242426e-08 -0.000249621730223279 0.00112884420711579 386612.596457883 72286.129887075 1.29371080861762e-16 4.31236936205873e-17
9.24848484848487e-08 1.48422732151055e-05 0.00112639093317919 400335.418048931 -3713.67155540612 1.34044035890987e-16 4.46813452969957e-17
9.31454545454548e-08 0.000278840546359192 0.00107382014419011 399630.413474994 -79579.6347082441 1.38857065606126e-16 4.62856885353752e-17
9.38060606060608e-08 0.00053285876441768 0.000973026456939104 384522.990638994 -152577.599967118 1.43122587585949e-16 4.77075291953163e-17
9.44666666666669e-08 0.000767742277245575 0.000827642409874242 355557.611161493 -220076.768492681 1.46231235567566e-16 4.87437451891888e-17
9.51272727272729e-08 0.000975026036937256 0.000642907548795484 313778.168340618 -279644.514477019 1.47738912624e-16 4.9246304208e-17
9.5787878787879e-08 0.00114723967260665 0.000425479597057029 260690.36592156 -329134.055383901 1.47430234204925e-16 4.91434114016416e-17
9.64484848484851e-08 0.00127817671765935 0.000183194515579794 198207.453520146 -366761.820584805 1.45349297660104e-16 4.84497658867014e-17
9.71090909090911e-08 0.00136311828678218 -7.52159000460139e-05 128581.274360246 -391171.730075764 1.41793382556172e-16 4.72644608520573e-17
9.77696969696972e-08 0.00139900314147804 -0.000340438707752864 54321.1103194112 -401484.066712204 1.37270481750341e-16 4.57568272501138e-17
9.84303030303033e-08 0.00138453801509559 -0.000602915451326132 -21896.7509459089 -397327.180638434 1.32426730270051e-16 4.41422434233502e-17
9.90909090909093e-08 0.00132024422131205 -0.000853186640903337 -97325.4676539845 -378850.883304943 1.27954099403192e-16 4.26513664677308e-17
9.97515151515154e-08 0.0012084388663298 -0.00108223266679088 -169246.638275878 -346721.04836188 1.24491542686876e-16 4.14971808956252e-17
1.00412121212121e-07 0.00105315134188705 -0.00128179886028773 -235068.270945439 -302095.614008987 1.22533715934913e-16 4.08445719783045e-17
1.01072727272728e-07 0.000859978108619671 -0.00144469298653688 -292418.197147875 -246582.851661563 1.2236031142808e-16 4.07867704760266e-17
1.01733333333334e-07 0.000635881003286665 -0.00156504444795726 -339229.563118769 -182183.404902408 1.23996101481885e-16 4.13320338272948e-17
1.0239393939394e-07 0.000388936338734847 -0.00163851585673407 -373815.317899541 -111218.187597926 1.27207399509627e-16 4.24024665032091e-17
1.03054545454546e-07 0.000128043838875451 -0.00166245935143379 -394929.013548628 -36244.7396830525 1.31535444148115e-16 4.38451480493718e-17
1.03715151515152e-07 -0.000137394101534487 -0.0016360120241953 -401809.726308621 40034.944902288 1.36361937238425e-16 4.54539790794749e-17
1.04375757575758e-07 -0.000397811273038678 -0.0015601270193639 -394209.479799923 114871.796304419 1.40997373001141e-16 4.69991243337136e-17
1.05036363636364e-07 -0.000643822411402571 -0.00143753918279351 -372402.181926993 185568.743432237 1.44779539828645e-16 4.82598466095483e-17
1.0569696969697e-07 -0.000866561436387092 -0.00127266649979406 -337173.753416935 249577.914632201 1.47168122871733e-16 4.90560409572443e-17
1.06357575757576e-07 -0.00105800097947137 -0.00107145087383554 -289793.803751434 304592.461313351 1.47821892632714e-16 4.92739642109045e-17
1.07018181818182e-07 -0.00121124168495467 -0.00084114398424016 -231969.875272885 348629.695259066 1.46647452514892e-16 4.88824841716308e-17
1.07678787878788e-07 -0.00132076085821535 -0.000590045940410858 -165785.904477168 380102.543411329 1.43812581324467e-16 4.79375271081557e-17
1.08339393939394e-07 -0.00138261150000652 -0.000327206151326719 -93627.1183077357 397876.74494388 1.39722264634424e-16 4.65740882114747e-17
1.09e-07 -0.00139456455372284 -6.20971907725688e-05 -18094.0721393858 401311.729279218 1.34960839134912e-16 4.49869463783041e-17
