0 -0.00139 0 0 400000 1.33808e-16 4.46026666666667e-17
8.65079365079365e-10 -0.00130397636568013 0.000324646235174832 99440.1644431538 375279.134238796 1.26049456648454e-16 4.20164855494845e-17
1.73015873015873e-09 -0.00113724554383117 0.000607843119493656 192734.71149513 327365.205726348 1.20690339232045e-16 4.02301130773485e-17
2.59523809523809e-09 -0.000900111860116075 0.000832088472553381 274117.836221117 259219.398949774 1.19034998783973e-16 3.96783329279909e-17
3.46031746031746e-09 -0.000607230689441301 0.0009835234461776 338559.885367169 175053.272262858 1.21486327208996e-16 4.04954424029988e-17
4.32539682539683e-09 -0.000276702722067436 0.00105278903123002 382078.200817496 80068.4744642673 1.27447697765166e-16 4.24825659217219e-17
5.19047619047619e-09 7.10446982260903e-05 0.00103560446463577 401983.256486094 -19864.7283566619 1.3546817753946e-16 4.515605917982e-17
6.05555555555555e-09 0.000414520028199573 0.000933031789804687 397044.876850081 -118570.247969872 1.43595668776323e-16 4.78652229254409e-17
6.92063492063492e-09 0.000732495749041615 0.00075141022004995 367568.264459608 -209947.869624742 1.49852028291273e-16 4.9950676097091e-17
7.78571428571428e-09 0.00100532027297657 0.000501964361484671 315375.137759672 -288350.258525002 1.52714526059328e-16 5.0904842019776e-17
8.65079365079365e-09 0.00121613245392304 0.00020011050806955 243691.144947292 -348931.97734225 1.51486461181594e-16 5.04954870605313e-17
9.51587301587301e-09 0.00135190364281601 -0.000135496118720969 156946.511931322 -387948.944730325 1.46466731324914e-16 4.88222437749715e-17
1.03809523809524e-08 0.00140424288631832 -0.00048411430296324 60502.244782493 -402989.827656202 1.38877084272774e-16 4.6292361424258e-17
1.12460317460317e-08 0.00136991550589832 -0.000824198686320842 -39681.1920451345 -393125.067000531 1.30564757770654e-16 4.35215859235515e-17
1.21111111111111e-08 0.00125104300796425 -0.00113473131782261 -137412.245318281 -358964.326323149 1.23552881901153e-16 4.11842939670511e-17
1.29761904761905e-08 0.00105497197017643 -0.00139652060872398 -226650.924415281 -302618.813335528 1.19548071172665e-16 3.9849357057555e-17
1.38412698412698e-08 0.000793820007046888 -0.00159338741422972 -301882.085819473 -227570.802694701 1.19525053064656e-16 3.98416843548854e-17
1.47063492063492e-08 0.000483726875135122 -0.00171316493966045 -358456.280925527 -138458.423892412 1.23489429934872e-16 4.1163143311624e-17
1.55714285714286e-08 0.00014385700115979 -0.00174845067469774 -392877.102026531 -40789.0148137422 1.30476315466245e-16 4.3492105155415e-17
1.64365079365079e-08 -0.000204784921052055 -0.00169706388454372 -403017.267877912 59401.2436642832 1.38785177527539e-16 4.62617258425128e-17
1.73015873015873e-08 -0.000540652066106095 -0.00156218038405163 -388250.094282652 155920.376715625 1.46393729243463e-16 4.8797909747821e-17
1.81666666666667e-08 -0.000842987117486131 -0.00135213626549414 -349488.224531051 242803.293011409 1.51450131678485e-16 5.04833772261618e-17
1.9031746031746e-08 -0.00109310511464198 -0.00107991271001822 -289127.226070067 314680.44027491 1.52723711341447e-16 5.09079037804824e-17
1.98968253968254e-08 -0.00127554822399327 -0.000762333722553778 -210897.539250114 367109.65523413 1.49904492760612e-16 4.99681642535373e-17
2.07619047619048e-08 -0.00137904106650167 -0.00041902637189502 -119633.928037236 396850.698926638 1.43678643150279e-16 4.78928810500929e-17
2.16269841269841e-08 -0.00139718756049995 -7.12077953681241e-05 -20976.6811356221 402065.510480632 1.35561466755677e-16 4.51871555852257e-17
2.24920634920635e-08 -0.00132886621338268 0.000259626066177975 78976.9700621645 382431.803255123 1.27528596240597e-16 4.25095320801989e-17
2.33571428571429e-08 -0.00117829943227664 0.000553028964041921 174049.673572118 339162.982851902 1.21535145132462e-16 4.05117150441542e-17
2.42222222222222e-08 -0.000954792570141383 0.000790867964093609 258365.730541677 274933.156023052 1.19039854402573e-16 3.96799514675242e-17
2.50873015873016e-08 -0.000672158834815785 0.000958444101350396 326714.226156196 193711.865085827 1.20650050740895e-16 4.02166835802983e-17
2.5952380952381e-08 -0.000347865602876278 0.00104540080782752 374871.075453007 100518.761615755 1.25973829829172e-16 4.1991276609724e-17
2.68174603174603e-08 -1.95489795797201e-06 0.00104636397085533 399860.080914739 1113.38111471859 1.33715441599856e-16 4.45718138666188e-17
2.76825396825397e-08 0.000344195249685012 0.00096127406487404 400136.867917578 -98360.8087490126 1.41990661743776e-16 4.73302205812587e-17
2.85476190476191e-08 0.000669192011719917 0.000795389830242143 375684.33042567 -191756.087739624 1.48785391463319e-16 4.95951304877731e-17
2.94126984126984e-08 0.000952949884829015 0.000558963271700225 328013.688181159 -273300.425470474 1.52445867266974e-16 5.08152890889913e-17
3.02777777777778e-08 0.00117793201828777 0.000266606062288531 260071.09005324 -337954.205374985 1.52081169059974e-16 5.06937230199915e-17
3.11428571428572e-08 0.00133023402929642 -6.36134896724713e-05 176055.53566138 -381721.683918223 1.4778006042896e-16 4.92600201429868e-17
3.20079365079365e-08 0.00140044332393171 -0.000411287101143401 81159.3681105159 -401897.936195754 1.40589384548067e-16 4.68631281826889e-17
3.28730158730159e-08 0.00138422081582396 -0.000754927790429543 -18752.6240511588 -397236.026147284 1.32259273908496e-16 4.40864246361655e-17
3.37380952380952e-08 0.00128256909108628 -0.00107329781915607 -117505.663458236 -368024.069904062 1.24817187058946e-16 4.16057290196488e-17
3.46031746031746e-08 0.00110177044632276 -0.00134672123046664 -208996.598533983 -316067.429588364 1.20074447192603e-16 4.00248157308677e-17
3.5468253968254e-08 0.000852998629100907 -0.0015582998657438 -287571.091467462 -244577.13802681 1.1918538573462e-16 3.97284619115401e-17
3.63333333333333e-08 0.000551628276167507 -0.00169495770738599 -348373.068528517 -157971.449971706 1.22366390597632e-16 4.07887968658773e-17
3.71984126984127e-08 0.000216284727620743 -0.00174824900499708 -387644.835934792 -61602.7843944679 1.28843239711606e-16 4.29477465705354e-17
3.80634920634921e-08 -0.00013230705942061 -0.00171488024104085 -402959.313460647 38573.0665915998 1.3703953827545e-16 4.56798460918167e-17
3.89285714285714e-08 -0.000472603358024284 -0.00159691367735326 -393370.033248283 136365.018574645 1.4496039614785e-16 4.83201320492833e-17
3.97936507936508e-08 -0.000783573120398238 -0.00140163990289739 -359469.633569892 225729.317260921 1.5067796246328e-16 5.02259874877602e-17
4.06587301587301e-08 -0.00104599774216387 -0.00114112725958574 -303353.232499725 301143.055571258 1.52800643615663e-16 5.09335478718876e-17
4.15238095238095e-08 -0.00124365881370343 -0.000831475992629341 -228488.945082426 357945.501252356 1.50811802043412e-16 5.02706006811374e-17
4.23888888888889e-08 -0.00136434045297755 -0.000491823220536218 -139503.546316872 392626.140217738 1.45195500206457e-16 4.8398500068819e-17
4.32539682539682e-08 -0.00140058427347539 -0.000143160219767213 -41896.5264470406 403041.633916465 1.37318685035526e-16 4.57728950118421e-17
4.41190476190476e-08 -0.00135015032864394 0.000192964881582902 58299.7894381861 388548.282294629 1.29098487880467e-16 4.30328292934889e-17
4.4984126984127e-08 -0.00121615554543318 0.00049577882474051 154893.052151893 350041.805851913 1.22535615540397e-16 4.08452051801322e-17
4.58492063492063e-08 -0.00100688109146423 0.000746567052607059 241913.588991625 289901.988176011 1.19227399936296e-16 3.97424666454321e-17
4.67142857142857e-08 -0.000735260580946643 0.000929830309893603 313983.342433175 211845.600166096 1.19979024852353e-16 3.99930082841176e-17
4.75793650793651e-08 -0.000418080749326651 0.00103424253064429 366648.245725863 120696.695546662 1.24607552939062e-16 4.15358509796875e-17
4.84444444444444e-08 -7.49439967033515e-05 0.00105335081362659 396653.493858126 22088.4739061534 1.31986450679247e-16 4.3995483559749e-17
4.93095238095238e-08 0.000272943082924916 0.000985974225594193 402144.697551942 -77884.8632301152 1.40319774423343e-16 4.67732581411142e-17
5.01746031746031e-08 0.000604080315069281 0.000836276785517576 382782.488533854 -173044.74724453 1.47579283587873e-16 4.9193094529291e-17
5.10396825396825e-08 0.000898002702068801 0.000613510119199067 339763.493228804 -257510.091340662 1.51998092407233e-16 5.06660308024112e-17
5.19047619047619e-08 0.00113654520424041 0.000331441688773993 275746.378657086 -326060.754436324 1.52500710758482e-16 5.08335702528274e-17
5.27698412698412e-08 0.00130496537864778 7.50393375238353e-06 194687.541058069 -374460.157180943 1.48964806788291e-16 4.96549355960968e-17
5.36349206349206e-08 0.00139285449398342 -0.000338283091473574 101596.592039364 -399717.111729089 1.42250981158753e-16 4.74169937195844e-17
5.45e-08 0.00139478081269212 -0.000684549000322438 2226.75373665591 -400270.683623457 1.33993306183676e-16 4.46644353945588e-17
5.53650793650793e-08 0.00131062528410834 -0.00100989381016837 -97280.7027665696 -376086.660922824 1.2620161035694e-16 4.20672034523134e-17
5.62301587301587e-08 0.00114558890204505 -0.00129421050758562 -190776.001284175 -328659.66857406 1.20772307903551e-16 4.02574359678504e-17
5.7095238095238e-08 0.000909871272118989 -0.00151992770529786 -272480.930006268 -260920.797355443 1.19026832133206e-16 3.96756107110687e-17
5.79603174603174e-08 0.000618040254047548 -0.00167309559194352 -337345.947495428 -177056.456122501 1.21390012910146e-16 4.04633376367155e-17
5.88253968253968e-08 0.00028813163638747 -0.00174424806061085 -381362.255276787 -82249.6426796619 1.27286677673571e-16 4.24288925578569e-17
5.96904761904761e-08 -5.94655142346452e-05 -0.00172898773473359 -401809.550260427 17640.3767021546 1.3528164219836e-16 4.50938807327868e-17
6.05555555555555e-08 -0.000403268941570034 -0.00162825773548045 -397424.145360174 116440.182622893 1.4342901886385e-16 4.78096729546166e-17
6.14206349206349e-08 -0.000722030849680195 -0.00144828339482559 -368477.068090645 208043.733234056 1.49745824587986e-16 4.9915274862662e-17
6.22857142857142e-08 -0.000996051062714688 -0.00120018751655849 -316757.31048024 286789.730840871 1.52694617394306e-16 5.08982057981018e-17
6.31507936507936e-08 -0.00120839453841781 -0.000899302962935512 -245461.26549168 347811.502353164 1.51557693107896e-16 5.05192310359652e-17
6.4015873015873e-08 -0.00134593799039424 -0.000564225050605996 -158995.183018632 387337.77021577 1.46611766764539e-16 4.88705889215129e-17
6.48809523809523e-08 -0.00140018093561239 -0.000215662319795548 -62702.8541053806 402925.725524005 1.39060623173338e-16 4.63535410577793e-17
6.57460317460317e-08 -0.00136777104265417 0.000124843298301526 37464.6469058297 393611.998901204 1.30742128755142e-16 4.35807095850474e-17
6.6611111111111e-08 -0.00125071131305248 0.00043624781949544 135316.751649665 359972.198811314 1.236809147964e-16 4.12269715988e-17
6.74761904761904e-08 -0.00105623629146112 0.000699305770371529 224805.988261567 304085.337709974 1.19595604161114e-16 3.98652013870379e-17
6.83412698412698e-08 -0.000796364955136774 0.000897759600202229 300401.728228146 229405.344574938 1.19480517132647e-16 3.98268390442157e-17
6.92063492063491e-08 -0.000487157915130579 0.00101934443276994 357431.991199822 140547.604619552 1.23363664645045e-16 4.11212215483484e-17
7.00714285714285e-08 -0.000147724835763568 0.00105654606226339 392372.183488471 43003.7184970201 1.30299930725602e-16 4.34333102418673e-17
7.09365079365079e-08 0.000200956583989398 0.00100706534746058 403062.925585998 -57197.8905060056 1.38601103468193e-16 4.62003678227309e-17
7.18015873015872e-08 0.000537337077700473 0.000873960303632516 388843.506491701 -153864.546076474 1.46246767494272e-16 4.87489224980906e-17
7.26666666666666e-08 0.000840627602795359 0.00066545711058074 350592.717082162 -241022.03967453 1.5137605113468e-16 5.04586837115599e-17
7.3531746031746e-08 0.00109208414838027 0.000394441716920788 290674.538933013 -313283.849551871 1.52740542403622e-16 5.09135141345407e-17
7.43968253968253e-08 0.00127616615568475 7.76634605673779e-05 212792.045140957 -366184.039454401 1.50008138930849e-16 5.00027129769498e-17
7.52619047619047e-08 0.00138149695822973 -0.000265300076601038 121758.542391447 -396453.263148811 1.43843878075295e-16 4.79479593584317e-17
7.6126984126984e-08 0.00140156688443963 -0.00061325300567614 23200.0981875904 -402220.817095989 1.35748074047508e-16 4.5249358015836e-17
7.69920634920634e-08 0.00133513556943526 -0.00094469108253072 -76792.1622986218 -383130.253978689 1.27691157709083e-16 4.2563719236361e-17
7.78571428571428e-08 0.00118630861226804 -0.00123913071664959 -172038.500945592 -340361.41191723 1.21634095079953e-16 4.05446983599843e-17
7.87222222222221e-08 0.000964283841012419 -0.00147837490135819 -256652.487873476 -276557.497920023 1.19051109485446e-16 3.96837031618154e-17
7.95873015873015e-08 0.000682782867083067 -0.00164763782822067 -325404.795551361 -195661.731969477 1.20570871594097e-16 4.01902905313656e-17
8.04523809523809e-08 0.000359203059950378 -0.00173645868200376 -374046.382557054 -102673.647492377 1.25823487797946e-16 4.19411625993154e-17
8.13174603174602e-08 1.3542352052259e-05 -0.00173934814169953 -399571.093533605 -3340.10937309568 1.33530528303405e-16 4.4510176101135e-17
8.21825396825396e-08 -0.000332836676714108 -0.00165612763244484 -400401.446096902 96199.8547347856 1.41816183072163e-16 4.72720610240543e-17
8.30476190476189e-08 -0.000658527052667151 -0.00149194036183433 -376486.122661315 189794.459604802 1.48663813632136e-16 4.95546045440454e-17
8.39126984126983e-08 -0.000943400405647741 -0.00125693345855917 -329303.141977563 271659.356079542 1.52406781001222e-16 5.08022603337407e-17
8.47777777777777e-08 -0.00116985094586094 -0.000965630857891411 -261768.514374885 336735.116368239 1.52134087532655e-16 5.07113625108851e-17
8.5642857142857e-08 -0.00132388353979133 -0.000636035691048539 -178056.02601128 380999.917634879 1.47912103857984e-16 4.93040346193281e-17
8.65079365079364e-08 -0.00139597863974541 -0.000288517652718218 -83339.2898551788 401718.099354316 1.40768414995469e-16 4.69228049984897e-17
8.73730158730158e-08 -0.00138168061250317 5.54458901616501e-05 16527.9947937821 397609.233053793 1.32441717305844e-16 4.41472391019481e-17
8.82380952380951e-08 -0.00128187310709487 0.000374597246165363 115373.813591246 368927.255563924 1.2495863866282e-16 4.16528795542734e-17
8.91031746031745e-08 -0.00110272444337841 0.000649212170719734 207089.280993341 317444.775172944 1.20140479217358e-16 4.00468264057859e-17
8.99682539682539e-08 -0.000855306396521371 0.000862318867109937 286006.182605385 246343.520597848 1.19159926701872e-16 3.97199755672907e-17
9.08333333333332e-08 -0.000554909937331885 0.00100074688025028 347247.283099773 160017.703263149 1.22255636959723e-16 4.07518789865745e-17
9.16984126984126e-08 -0.000220100217166862 0.00105594105931468 387027.749915532 63802.4455239883 1.28674147702337e-16 4.28913825674457e-17
9.25634920634919e-08 0.000128430798604334 0.00102449028457452 402889.064102483 -36355.94144276 1.36853263055243e-16 4.56177543517478e-17
9.34285714285713e-08 0.000469143138845464 0.000908338281980877 393850.962113599 -134267.452539437 1.44802275084233e-16 4.82674250280778e-17
9.42936507936507e-08 0.00078098004349081 0.000714663496693795 360472.018213887 -223880.944460298 1.50586480507539e-16 5.0195493502513e-17
9.515873015873e-08 0.00104466931689256 0.000455435449634298 304815.123381835 -299658.109444923 1.52798066483252e-16 5.09326888277508e-17
9.60238095238094e-08 0.00124391439122462 0.00014667499518463 230319.994182016 -356915.754684937 1.508987569804e-16 5.02995856601334e-17
9.68888888888888e-08 0.00136640148964664 -0.000192535802288163 141590.59083646 -392115.23377589 1.45350823324634e-16 4.84502744415446e-17
9.77539682539681e-08 0.00140456064436468 -0.000541232981311392 44110.5825181095 -403081.1427241 1.3750457237317e-16 4.58348574577234e-17
9.86190476190475e-08 0.0013560335370254 -0.000877866301500198 -56095.5552729375 -389135.764621922 1.29269696476456e-16 4.30898988254854e-17
9.94841269841268e-08 0.00122381924789456 -0.00118163109505674 -152834.866334728 -351140.95401949 1.22650475080067e-16 4.08834916933556e-17
1.00349206349206e-07 0.00101608890620546 -0.00143375404026979 -240128.651860789 -291444.872448116 1.19257954853907e-16 3.9752651617969e-17
1.01214285714286e-07 0.000745680696686673 -0.00161865339342953 -312581.966966675 -213736.86695529 1.19917838412476e-16 3.99726128041586e-17
1.02079365079365e-07 0.000429306431958791 -0.00172490197431396 -365717.039960671 -122819.460471908 1.24469517257297e-16 4.14898390857655e-17
1.02944444444444e-07 8.65187263434102e-05 -0.00174593339065967 -396250.008326036 -24311.5455005528 1.31805162142859e-16 4.39350540476196e-17
1.03809523809524e-07 -0.000261497398021697 -0.00168044785541605 -402293.868532142 75698.8756027189 1.40139356695124e-16 4.67131188983747e-17
1.04674603174603e-07 -0.000593233791403619 -0.00153249251639824 -383475.096936901 171030.942350868 1.47443648385356e-16 4.91478827951187e-17
1.05539682539682e-07 -0.000888188426680106 -0.00131121133379251 -340956.734356306 255792.926681848 1.51940251867081e-16 5.06467506223602e-17
1.06404761904762e-07 -0.00112813246899037 -0.00103027996362557 -277366.50762471 324746.354504909 1.52534742640602e-16 5.08449142135339e-17
1.07269841269841e-07 -0.00129823685718403 -0.000707060572622422 -196634.430389003 373629.75473758 1.49082428101817e-16 4.96941427006058e-17
1.0813492063492e-07 -0.00138798877189627 -0.000361528818724095 -103749.919759103 399422.027442103 1.42423564152156e-16 4.74745213840521e-17
1.09e-07 -0.00139184135053856 -1.50393121914699e-05 -4453.43953145103 400529.154340466 1.34178846028872e-16 4.47262820096239e-17
