0 -0.00139 0 0 400000 1.33808e-16 4.46026666666667e-17
1.61004431314623e-10 -0.00138702023826015 6.42639039598453e-05 18507.3275034526 399143.6970717 1.33522162765335e-16 4.45073875884449e-17
3.22008862629247e-10 -0.00138106709372722 0.000128252365930825 36975.0353100646 397432.924351862 1.33239385074243e-16 4.44131283580811e-17
4.8301329394387e-10 -0.00137215331063894 0.00019182840214453 55363.5885391516 394871.344189711 1.32962087064449e-16 4.43206956881497e-17
6.44017725258493e-10 -0.00136029797124171 0.000254855911736012 73633.6217607704 391464.440306731 1.32692641976118e-16 4.42308806587059e-17
8.05022156573117e-10 -0.00134552645494014 0.000317199968102706 91746.0232675514 387219.506057351 1.32433355840606e-16 4.41444519468686e-17
9.6602658788774e-10 -0.00132787038396589 0.000378727107749537 109662.018803373 382145.628815642 1.32186447744418e-16 4.40621492481392e-17
1.12703101920236e-09 -0.00130736755568215 0.000439305616001883 127343.254569632 376253.670521452 1.3195403083727e-16 4.39846769457567e-17
1.28803545051699e-09 -0.00128406186166867 0.000498805808974723 144751.879331424 369556.244427635 1.31738094246815e-16 4.39126980822717e-17
1.44903988183161e-09 -0.00125800319376052 0.000557100311194363 161850.625447845 362067.68809813 1.31540486054797e-16 4.38468286849322e-17
1.61004431314623e-09 -0.0012292473372418 0.000614064328278417 178602.88865297 353804.032714722 1.31362897480342e-16 4.37876324934475e-17
1.77104874446086e-09 -0.00119785585142286 0.000669575914090293 194972.806416704 344782.968758169 1.31206848405755e-16 4.37356161352518e-17
1.93205317577548e-09 -0.00116389593785679 0.000723516231796279 210925.334717754 335023.808137177 1.31073674368683e-16 4.36912247895609e-17
2.0930576070901e-09 -0.00112744029647715 0.000775769808266361 226426.323064375 324547.44284629 1.30964515131988e-16 4.36548383773294e-17
2.25406203840473e-09 -0.00108856696996511 0.000826224781274176 241442.587602286 313376.300241199 1.30880304929152e-16 4.36267683097174e-17
2.41506646971935e-09 -0.00104735917667899 0.000874773138966889 255941.982153247 301534.295027216 1.30821764468686e-16 4.36072548228952e-17
2.57607090103397e-09 -0.00100390513250393 0.000921310951092359 269893.467032225 289046.778063697 1.30789394765984e-16 4.35964649219948e-17
2.7370753323486e-09 -0.000958297862003126 0.000965738591488586 283267.175495832 275940.482093999 1.30783472855415e-16 4.35944909518049e-17
2.89807976366322e-09 -0.000910634999274773 0.00100796095135915 296034.477679767 262243.464517166 1.30804049419332e-16 4.36013498064439e-17
3.05908419497784e-09 -0.000861018578941188 0.00104788764287806 308168.041888415 247985.04732385 1.30850948354315e-16 4.36169827847716e-17
3.22008862629247e-09 -0.000809554817717428 0.00108543319268814 319641.893105369 233195.754325038 1.30923768278341e-16 4.36412560927803e-17
3.38109305760709e-09 -0.000756353887027087 0.00112051722487879 330431.46859964 217907.245807987 1.3102188596599e-16 4.36739619886634e-17
3.54209748892172e-09 -0.000701529677152012 0.00115306463305125 340513.670508499 202152.250759229 1.31144461682288e-16 4.37148205607627e-17
3.70310192023634e-09 -0.000645199553420845 0.00118300574110321 349866.915284402 185964.496799751 1.31290446369532e-16 4.37634821231773e-17
3.86410635155096e-09 -0.000587484104958344 0.0012102764523884 358471.179900121 169378.637982349 1.31458590625595e-16 4.38195302085315e-17
4.02511078286558e-09 -0.000528506886533325 0.00123481838693201 366308.044713192 152430.180605708 1.31647455396866e-16 4.38824851322886e-17
4.18611521418021e-09 -0.000468394154057889 0.00125657900640799 373360.732897892 135155.407204032 1.31855424294317e-16 4.39518080981055e-17
4.34711964549483e-09 -0.000407274594304153 0.0012755117266109 379614.146360361 117591.298874946 1.32080717427276e-16 4.40269058090921e-17
4.50812407680945e-09 -0.0003452790494171 0.00129157601718136 385054.898059948 99775.4561119355 1.32321406636533e-16 4.41071355455111e-17
4.66912850812408e-09 -0.000282540236813303 0.00130473748837173 389671.340667623 81746.0183108227 1.32575431996381e-16 4.41918106654603e-17
4.8301329394387e-09 -0.000219192465065137 0.0013149679646662 393453.591500077 63541.5821225688 1.32840619444382e-16 4.42802064814607e-17
4.99113737075332e-09 -0.000155371346378725 0.00132224554509776 396393.553676152 45201.1188272139 1.33114699387967e-16 4.43715664626556e-17
5.15214180206795e-09 -9.12135062811147e-05 0.00132655465013282 398484.933450296 26763.8909058236 1.33395326128617e-16 4.44651087095389e-17
5.31314623338257e-09 -2.68562911381777e-05 0.00132788605502323 399723.253685948 8269.36798904484 1.33680097937403e-16 4.45600326458008e-17
5.47415066469719e-09 3.75625258706255e-05 0.00132623690955422 400105.863439998 -10242.8576377944 1.33966577610051e-16 4.46555258700168e-17
5.63515509601182e-09 0.000101905039691189 0.00132161074414603 399631.943637813 -28733.1557921602 1.34252313325626e-16 4.4750771108542e-17
5.79615952732644e-09 0.000166033508616017 0.00131401746229612 398302.50882668 -47161.9432329156 1.34534859630311e-16 4.48449532101036e-17
5.95716395864106e-09 0.000229810649155788 0.0013034733193782 396120.405003903 -65489.7683984343 1.34811798366689e-16 4.49372661222297e-17
6.11816838995569e-09 0.000293099929929997 0.00129000088784342 393090.303524215 -83677.3958628199 1.35080759369418e-16 4.50269197898061e-17
6.27917282127031e-09 0.000355765863947501 0.00127362900889821 389218.691099542 -101685.890329431 1.35339440750162e-16 4.51131469167206e-17
6.44017725258493e-09 0.00041767429865129 0.00125439273076228 384513.855912525 -119476.699981902 1.35585628598177e-16 4.51952095327257e-17
6.60118168389955e-09 0.000478692703106556 0.00123233323363886 378985.869873533 -137011.739014228 1.35817215927952e-16 4.52724053093175e-17
6.76218611521418e-09 0.000538690451717261 0.00120749774155793 372646.567059148 -154253.46916323 1.3603222071173e-16 4.53440735705766e-17
6.9231905465288e-09 0.000597539103863838 0.00117993942128096 365509.518378279 -171164.98006887 1.36228802842582e-16 4.54096009475274e-17
7.08419497784342e-09 0.000655112678863387 0.00114971726848384 357590.002520138 -187710.068290372 1.36405279882872e-16 4.5468426627624e-17
7.24519940915805e-09 0.000711287925663747 0.00111689598146142 348904.973246274 -203853.314809002 1.36560141463301e-16 4.55200471544338e-17
7.40620384047267e-09 0.000765944586694086 0.00108154582262416 339473.023096688 -219560.160851596 1.36692062209329e-16 4.55640207364428e-17
7.56720827178729e-09 0.000818965655307173 0.00104374246808339 329314.34358771 -234796.981872502 1.36799913084314e-16 4.55999710281047e-17
7.72821270310192e-09 0.000870237626262223 0.00100356684564708 318450.681986868 -249531.159535574 1.36882771052321e-16 4.56275903507737e-17
7.88921713441654e-09 0.000919650738712063 0.000961104961573095 306905.294757265 -263731.151542114 1.36939926977868e-16 4.5646642325956e-17
8.05022156573116e-09 0.000967099211174476 0.000916447716450605 294702.897771134 -277366.559155282 1.36970891695027e-16 4.56569638983424e-17
8.21122599704579e-09 0.00101248146798468 0.000869690710604035 281869.613399153 -290408.192276406 1.36975400193925e-16 4.56584667313084e-17
8.37223042836041e-09 0.00105570035674417 0.000820934039435946 268432.91458879 -302828.131933908 1.36953413888816e-16 4.56511379629386e-17
8.53323485967503e-09 0.00109666335630045 0.000770282079147078 254421.566051391 -314599.790051044 1.36905120948314e-16 4.56350403161046e-17
8.69423929098966e-09 0.00113528277481234 0.000717843263292229 239865.562683911 -325697.966364522 1.36830934684964e-16 4.56103115616546e-17
8.85524372230428e-09 0.00117147593747693 0.000663729850650331 224796.065357119 -336098.902372151 1.36731490017927e-16 4.55771633393092e-17
9.0162481536189e-09 0.00120516536351628 0.00060805768490565 209245.334207738 -345780.332194031 1.36607638039061e-16 4.55358793463538e-17
9.17725258493353e-09 0.00123627893204498 0.000550945946654564 193246.659577319 -354721.530238396 1.36460438728893e-16 4.54868129096311e-17
9.33825701624815e-09 0.00126475003646342 0.000492516898268836 176834.2907457 -362903.355570074 1.36291151884836e-16 4.54303839616119e-17
9.49926144756277e-09 0.00129051772704638 0.000432895622161541 160043.362611607 -370308.292886591 1.36101226339276e-16 4.53670754464254e-17
9.66026587887739e-09 0.00131352684142161 0.000372209753015979 142909.820477365 -376920.490014177 1.35892287559825e-16 4.52974291866082e-17
9.82127031019202e-09 0.00133372812265907 0.00031058920455079 125470.34309873 -382725.791843424 1.35666123737834e-16 4.52220412459448e-17
9.98227474150664e-09 0.00135107832471807 0.000248165891406209 107762.264164569 -387711.770631942 1.35424670484262e-16 4.51415568280875e-17
1.01432791728213e-08 0.00136554030502651 0.000185073446746835 89823.4923744966 -391867.752609138 1.35169994263848e-16 4.5056664754616e-17
1.03042836041359e-08 0.0013770831039942 0.000121446936185457 71692.4302855485 -395184.840826171 1.34904274709383e-16 4.49680915697944e-17
1.04652880354505e-08 0.00138568201128974 5.74225686403539e-05 53407.8921016242 -397655.934202156 1.34629785967443e-16 4.48765953224811e-17
1.06262924667651e-08 0.00139131861873938 -6.86259525494659e-06 35009.0205816975 -399275.742725857 1.34348877235224e-16 4.47829590784082e-17
1.07872968980798e-08 0.00139398085973446 -7.12709365652197e-05 16535.2032446682 -400040.79878032 1.34063952655067e-16 4.46879842183556e-17
1.09483013293944e-08 0.00139366303506308 -0.000135664572662288 -1974.01194975714 -399949.464566195 1.33777450738729e-16 4.45924835795764e-17
1.1109305760709e-08 0.00139036582511073 -0.000199905652398267 -20479.0012636498 -399001.93560787 1.33491823497518e-16 4.44972744991725e-17
1.12703101920236e-08 0.00138409628840376 -0.000263856651211419 -38940.1500056657 -397200.240334899 1.33209515456878e-16 4.44031718189594e-17
1.14313146233382e-08 0.00137486784649877 -0.000327380665532866 -57317.9373364858 -394548.235739628 1.32932942735057e-16 4.43109809116856e-17
1.15923190546529e-08 0.00136270025525033 -0.000390341705863905 -75573.0208733425 -391051.599120307 1.3266447236488e-16 4.42214907882934e-17
1.17533234859675e-08 0.00134761956251848 -0.000452604987896526 -93666.3209125134 -386717.815927379 1.32406402035632e-16 4.41354673452108e-17
1.19143279172821e-08 0.00132965805240659 -0.000514037221053903 -111559.104089483 -381556.163738939 1.32160940428404e-16 4.40536468094681e-17
1.20753323485967e-08 0.00130885417614891 -0.000574506893833175 -129213.066297677 -375577.692399698 1.31930188313215e-16 4.39767294377383e-17
1.22363367799114e-08 0.00128525246979585 -0.000633884555339656 -146590.414688257 -368795.200365942 1.31716120569683e-16 4.39053735232278e-17
1.2397341211226e-08 0.00125890345887307 -0.000692043092409787 -163653.948575442 -361223.207307145 1.31520569285127e-16 4.3840189761709e-17
1.25583456425406e-08 0.00122986355021859 -0.000748858001729571 -180367.139074144 -352877.92302288 1.31345208074741e-16 4.37817360249138e-17
1.27193500738552e-08 0.00119819491122946 -0.000804207656365955 -196694.207299451 -343777.212741572 1.31191537758053e-16 4.37305125860178e-17
1.28803545051699e-08 0.00116396533677644 -0.000857973566140573 -212600.200960532 -333940.558875381 1.31060873514238e-16 4.36869578380794e-17
1.30413589364845e-08 0.00112724810407161 -0.000910040631288469 -228051.069185013 -323389.019313083 1.30954333626228e-16 4.3651444542076e-17
1.32023633677991e-08 0.0010881218157997 -0.000960297388858759 -243013.735413632 -312145.182340239 1.30872829909948e-16 4.36242766366494e-17
1.33633677991137e-08 0.00104667023184875 -0.00100863625132976 -257456.168209121 -300233.118283163 1.3081705991059e-16 4.36056866368632e-17
1.35243722304283e-08 0.00100298209000056 -0.00105495373692775 -271347.449827745 -287678.327980192 1.30787500932704e-16 4.35958336442348e-17
1.3685376661743e-08 0.000957150915964623 -0.00109915069115636 -284657.842406682 -274507.688190575 1.30784405955222e-16 4.3594801985074e-17
1.38463810930576e-08 0.000909274823162277 -0.00114113249906228 -297358.851625579 -260749.394057862 1.30807801466341e-16 4.36026004887804e-17
1.40073855243722e-08 0.000859456302689676 -0.00118080928778289 -309423.287705968 -246432.898750939 1.30857487236833e-16 4.36191624122777e-17
1.41683899556868e-08 0.000807802003909232 -0.00121809611894227 -320825.32361799 -231588.85041194 1.30933038033692e-16 4.36443460112307e-17
1.43293943870015e-08 0.000754422506139206 -0.00125291317048366 -331540.550369795 -216249.026546019 1.3103380725947e-16 4.36779357531566e-17
1.44903988183161e-08 0.000699432081930228 -0.00128518590754907 -341546.029261269 -200446.265993413 1.31158932486145e-16 4.37196441620482e-17
1.46514032496307e-08 0.000642948452435493 -0.00131484524204037 -350820.34099023 -184214.398629466 1.31307342836165e-16 4.37691142787217e-17
1.48124076809453e-08 0.000585092535398347 -0.00134182768052012 -359343.631505948 -167588.172943064 1.314777681475e-16 4.38259227158332e-17
1.497341211226e-08 0.000525988186296733 -0.00136607546013562 -367097.654511854 -150603.181648564 1.31668749844249e-16 4.38895832814164e-17
1.51344165435746e-08 0.000465761933198681 -0.00138753667227514 -374065.810526434 -133295.785490421 1.3187865341979e-16 4.39595511399301e-17
1.52954209748892e-08 0.000404542705896411 -0.00140616537369169 -380233.182418687 -115703.035403664 1.32105682425614e-16 4.40352274752048e-17
1.54564254062038e-08 0.000342461559898941 -0.00142192168485632 -385586.567342085 -97862.5931968343 1.32347893846135e-16 4.41159646153782e-17
1.56174298375185e-08 0.000279651395874046 -0.00143477187533056 -390114.504998662 -79812.6509271905 1.32603214727881e-16 4.42010715759602e-17
1.57784342688331e-08 0.000216246675140179 -0.00144468843597509 -393807.302172733 -61591.8491407859 1.32869459920761e-16 4.42898199735869e-17
1.59394387001477e-08 0.000152383131817422 -0.00145165013784011 -396657.053481712 -43239.1941524345 1.33144350779552e-16 4.43814502598506e-17
1.61004431314623e-08 8.81974822536713e-05 -0.00145564207761138 -398657.658299623 -24793.974542658 1.33425534665562e-16 4.44751782218539e-17
1.6261447562777e-08 2.38271323481187e-05 -0.00145665570951461 -399804.833817057 -6295.67705036873 1.33710605081562e-16 4.45702016938539e-17
1.64224519940916e-08 -4.05901166014368e-05 -0.00145468886360989 -400096.124209624 12216.0979586551 1.33997122267664e-16 4.46657074225548e-17
1.65834564254062e-08 -0.000104916362897724 -0.00144974575043699 -399530.905895287 30701.721266543 1.34282634081878e-16 4.47608780272928e-17
1.67444608567208e-08 -0.000169013899658067 -0.00144183695200162 -398110.388869288 49121.6196398699 1.34564696986633e-16 4.48548989955444e-17
1.69054652880355e-08 -0.000232745509611405 -0.00143097939912193 -395837.61411385 67436.3605463457 1.34840896961666e-16 4.49469656538886e-17
1.70664697193501e-08 -0.000295974758847166 -0.00141719633518373 -392717.44708817 85606.736570297 1.35108870164282e-16 4.50362900547608e-17
1.72274741506647e-08 -0.000358566288887164 -0.00140051726638205 -388756.567312649 103593.84934623 1.35366323160181e-16 4.51221077200604e-17
1.73884785819793e-08 -0.000420386106455249 -0.00138097789855552 -383963.454069664 121359.19283079 1.35611052551685e-16 4.52036841838951e-17
1.7549483013294e-08 -0.000481301870324394 -0.00135862006074888 -378348.368251479 138864.735734858 1.35840963835405e-16 4.52803212784684e-17
1.77104874446086e-08 -0.000541183174627147 -0.00133349161566707 -371923.330394165 156073.002939307 1.36054089327933e-16 4.53513631093109e-17
1.78714918759232e-08 -0.000599901828022947 -0.00130564635721287 -364702.094944552 172947.155720142 1.36248605006155e-16 4.54162016687184e-17
1.80324963072378e-08 -0.000657332128124671 -0.00127514389532715 -356700.120815294 189451.070611266 1.36422846118058e-16 4.54742820393528e-17
1.81935007385525e-08 -0.000713351130596943 -0.00124204952837851 -347934.538291088 205549.416736056 1.36575321430418e-16 4.55251071434728e-17
1.83545051698671e-08 -0.000767838912350121 -0.00120643410337526 -338424.112356894 221207.731442191 1.36704725991441e-16 4.55682419971468e-17
1.85155096011817e-08 -0.000820678828266525 -0.00116837386429922 -328189.202526653 236392.494077835 1.3680995229912e-16 4.56033174330401e-17
1.86765140324963e-08 -0.000871757760909328 -0.0011279502888858 -317251.719258511 251071.197751212 1.36890099779739e-16 4.5630033259913e-17
1.8837518463811e-08 -0.000920966362679539 -0.00108524991420001 -305635.077049847 265212.418919973 1.36944482495377e-16 4.56481608317922e-17
1.89985228951256e-08 -0.000968199289902676 -0.00104036415138157 -293364.14431251 278785.884661378 1.36972635014474e-16 4.56575450048246e-17
1.91595273264402e-08 -0.001013355428344 -0.000993389089955804 -280465.19013559 291762.537479271 1.36974316395204e-16 4.5658105465068e-17
1.93205317577548e-08 -0.00105633810966958 -0.00094442529212937 -266965.828049672 304114.597509135 1.3694951224756e-16 4.56498374158533e-17
1.94815361890694e-08 -0.00109705531838969 -0.000893577577510912 -252894.956912967 315815.621988035 1.36898434856511e-16 4.5632811618837e-17
1.96425406203841e-08 -0.00113541988884168 -0.000840954798717744 -238282.699045869 326840.561862156 1.36821521365172e-16 4.56071737883908e-17
1.98035450516987e-08 -0.00117134969179051 -0.000786669608348805 -223160.33574638 337165.815410753 1.36719430033541e-16 4.55731433445137e-17
1.99645494830133e-08 -0.00120476781024747 -0.000730838217822784 -207560.240324442 346769.278771702 1.3659303460481e-16 4.55310115349368e-17
2.01255539143279e-08 -0.00123560270413084 -0.00067358014859768 -191515.808798532 355630.39326051 1.36443416827487e-16 4.54811389424958e-17
2.02865583456426e-08 -0.0012637883634158 -0.000615017976304357 -175061.388402897 363730.189381464 1.36271857197306e-16 4.54239523991022e-17
2.04475627769572e-08 -0.00128926444944589 -0.000555277068341872 -158232.204058458 371051.327436721 1.36079823998174e-16 4.53599413327245e-17
2.06085672082718e-08 -0.00131197642410344 -0.000494485315496293 -141064.282964803 377578.134646395 1.35868960735939e-16 4.52896535786462e-17
2.07695716395864e-08 -0.00133187566656244 -0.000432772858157566 -123594.377474694 383296.638700168 1.35641072072538e-16 4.52136906908459e-17
2.09305760709011e-08 -0.00134891957737391 -0.00037027180772052 -105859.886416203 388194.597668626 1.35398108380891e-16 4.51327027936303e-17
2.10915805022157e-08 -0.00136307166966101 -0.000307115963766432 -87898.7750308919 392261.526210248 1.35142149052741e-16 4.50473830175803e-17
2.12525849335303e-08 -0.00137430164722857 -0.000243440527630597 -69749.4936994489 395488.718017988 1.34875384702288e-16 4.49584615674294e-17
2.14135893648449e-08 -0.00138258546941991 -0.000179381812969073 -51450.8956287502 397869.264457356 1.34600098417939e-16 4.48666994726462e-17
2.15745937961596e-08 -0.00138790540258202 -0.00011507695394423 -33042.153676575 399398.069356135 1.34318646222613e-16 4.47728820742043e-17
2.17355982274742e-08 -0.00139025005802903 -5.0663611653785e-05 -14562.6764920234 400071.859914047 1.3403343690985e-16 4.46778123032835e-17
2.18966026587888e-08 -0.00138961441642265 1.37203205681992e-05 3947.97584883822 399889.193709021 1.33746911428279e-16 4.45823038094263e-17
2.20576070901034e-08 -0.00138599983851728 7.793701234748e-05 22450.1765314993 398850.461785074 1.33461521990887e-16 4.44871739969622e-17
2.22186115214181e-08 -0.00137941406224704 0.000141848991331017 40904.3168343985 396957.887815177 1.33179711087888e-16 4.4393237029296e-17
2.23796159527327e-08 -0.0013698711861607 0.000205319437481916 59270.8909215841 394215.523340909 1.32903890582803e-16 4.43012968609343e-17
2.25406203840473e-08 -0.0013573916392401 0.00026821247597793 77510.5804151219 390629.239099095 1.32636421070652e-16 4.42121403568839e-17
2.27016248153619e-08 -0.00134200213716666 0.000330393468086474 95584.3385662005 386206.712453981 1.32379591674929e-16 4.41265305583096e-17
2.28626292466766e-08 -0.00132373562512962 0.000391729299393479 113453.473844744 380957.410961859 1.32135600456262e-16 4.40452001520872e-17
2.30236336779912e-08 -0.00130263120729834 0.000452088664769051 131079.732768591 374892.572103325 1.31906535600427e-16 4.39688452001425e-17
2.31846381093058e-08 -0.0012787340631098 0.000511342349459887 148425.38179491 368025.179226567 1.31694357546727e-16 4.38981191822422e-17
2.33456425406204e-08 -0.00125209535055035 0.000569363505706703 165453.288098568 360369.933753159 1.31500882209667e-16 4.38336274032225e-17
2.35066469719351e-08 -0.00122277209663894 0.000626027924294505 182126.999064486 351943.22370589 1.3132776543756e-16 4.377592181252e-17
2.36676514032497e-08 -0.00119082707534603 0.000681214300454375 198410.82032385 342763.088625984 1.31176488841026e-16 4.37254962803421e-17
2.38286558345643e-08 -0.00115632867320982 0.000734804493547544 214269.89216709 332849.18095482 1.31048347112716e-16 4.36827823709052e-17
2.39896602658789e-08 -0.00111935074293724 0.000786683779975827 229670.264170057 322222.723962821 1.30944436946747e-16 4.36481456489155e-17
2.41506646971936e-08 -0.00107997244530323 0.000836741098777007 244578.967873643 310906.466315586 1.30865647652709e-16 4.36218825509031e-17
2.43116691285082e-08 -0.00103827807968672 0.000884869289379403 258964.087361253 298924.633374517 1.30812653544557e-16 4.36042178481856e-17
2.44726735598228e-08 -0.000994356903606141 0.00093096532100665 272794.827583032 286302.8753362 1.30785908169526e-16 4.35953027231753e-17
2.46336779911374e-08 -0.000948302941640727 0.000974930513241582 286041.5802806 273068.212321554 1.30785640426476e-16 4.35952134754919e-17
2.47946824224521e-08 -0.000900214784146703 0.00101667074727707 298675.987371143 259248.976532317 1.30811852606871e-16 4.3603950868957e-17
2.49556868537667e-08 -0.000850195376199265 0.00105609666740152 310671.001655189 244874.751598672 1.3086432037517e-16 4.36214401250567e-17
2.51166912850813e-08 -0.000798351797212156 0.00109312387228781 322000.944718097 229976.309247874 1.30942594688788e-16 4.36475315629292e-17
2.52776957163959e-08 -0.000744795031706627 0.00112767309567601 332641.561901312 214585.543429455 1.31046005641203e-16 4.3682001880401e-17
2.54387001477106e-08 -0.00068963973172051 0.00115967037606322 342570.0742257 198735.402038013 1.31173668195319e-16 4.37245560651062e-17
2.55997045790252e-08 -0.000633003971366028 0.00118904721503722 351765.227155819 182459.816379765 1.31324489758003e-16 4.37748299193342e-17
2.57607090103398e-08 -0.000575008994061776 0.0012157407239149 360207.33610072 165793.628533859 1.31497179530988e-16 4.38323931769961e-17
2.59217134416544e-08 -0.000515778952979985 0.00123969375837172 367878.328553874 148772.516763936 1.31690259558103e-16 4.38967531860343e-17
2.60827178729691e-08 -0.00045544064526471 0.00126085504077382 374761.782782032 131432.919139624 1.31902077374275e-16 4.39673591247584e-17
2.62437223042837e-08 -0.000394123240589913 0.00127917926995097 380842.962980162 113811.955531476 1.32130820148071e-16 4.40436067160236e-17
2.64047267355983e-08 -0.000331958004638541 0.00129462721817541 386108.850817235 95947.3481463356 1.32374530196711e-16 4.41248433989036e-17
2.65657311669129e-08 -0.000269078018094554 0.00130716581513891 390548.173305315 77877.3407732441 1.32631121740797e-16 4.4210373913599e-17
2.67267355982276e-08 -0.000205617891749474 0.0013167682187482 394151.426932286 59640.6169127717 1.32898398755342e-16 4.42994662517807e-17
2.68877400295422e-08 -0.00014171347833335 0.00132341387258747 396910.898006568 41276.2169650292 1.33174073764332e-16 4.4391357921444e-17
2.70487444608568e-08 -7.75015816870311e-05 0.00132708854992462 398820.679170256 22823.4546536459 1.33455787417967e-16 4.44852624726558e-17
2.72097488921714e-08 -1.3119663898342e-05 0.00132778438416722 399876.682045344 4321.83286462801 1.33741128685032e-16 4.45803762283439e-17
2.73707533234861e-08 5.12944489708872e-05 0.00132549988570304 400076.645985946 -14189.0409197339 1.34027655487574e-16 4.46758851625246e-17
2.75317577548007e-08 0.000115602861936972 0.00132023994508889 399420.142917793 -32669.5394108724 1.34312915601299e-16 4.47709718670998e-17
2.76927621861153e-08 0.000179667906294069 0.00131201582258113 397908.578254633 -51080.1003463516 1.34594467642804e-16 4.48648225476013e-17
2.78537666174299e-08 0.000243352434329468 0.00130084512403023 395545.187889585 -69381.3111830697 1.3486990196402e-16 4.49566339880066e-17
2.80147710487446e-08 0.000306520112923557 0.00128675176319091 392335.031267875 -87533.9934699493 1.35136861275061e-16 4.50456204250202e-17
2.81757754800592e-08 0.000369035715405952 0.00126976591052854 388284.980555791 -105499.286719494 1.35393060818961e-16 4.5131020272987e-17
2.83367799113738e-08 0.000430765411042977 0.00124992392863156 383403.705929046 -123238.731598659 1.35636307925646e-16 4.5212102641882e-17
2.84977843426884e-08 0.00049157705153679 0.00122726829436798 377701.657012029 -140714.352260955 1.35864520777782e-16 4.52881735925939e-17
2.86587887740031e-08 0.000551340453922816 0.0012018475079527 371191.040507705 -157888.737643514 1.36075746227895e-16 4.53585820759651e-17
2.88197932053177e-08 0.000609927679259885 0.00117371598912034 363885.794066017 -174725.121555098 1.36268176514285e-16 4.54227255047618e-17
2.89807976366323e-08 0.000667213306516455 0.00114293396062579 355801.556446765 -191187.461383594 1.36440164732652e-16 4.5480054910884e-17
2.91418020679469e-08 0.000723074701066601 0.00110956731932189 346955.634040816 -207240.515254498 1.3659023893104e-16 4.553007964368e-17
2.93028064992616e-08 0.000777392277220993 0.00107368749509028 337366.963821318 -222849.917475214 1.3671711470746e-16 4.55723715691534e-17
2.94638109305762e-08 0.000830049754230834 0.00103537129792736 327056.07280424 -237982.252103667 1.36819706202375e-16 4.56065687341251e-17
2.96248153618908e-08 0.000880934405216722 0.000994700753512698 316045.03410501 -252605.12448372 1.36897135391971e-16 4.56323784639903e-17
2.97858197932054e-08 0.000929937298489545 0.000951762927611995 304357.419685334 -266687.230594275 1.36948739602675e-16 4.56495798675583e-17
2.99468242245201e-08 0.000976953530746792 0.000906649739690384 292018.249891341 -280198.424063586 1.36974077182614e-16 4.56580257275379e-17
3.01078286558347e-08 0.00102188245164506 0.00085945776613517 279053.939891101 -293109.780705319 1.36972931281467e-16 4.56576437604888e-17
3.02688330871493e-08 0.00106462787926803 0.000810288033509223 265492.243126155 -305393.660438224 1.36945311706367e-16 4.56484372354557e-17
3.04298375184639e-08 0.00110509830602859 0.00075924580227762 251362.191898134 -317023.766456835 1.36891454837969e-16 4.56304849459898e-17
3.05908419497785e-08 0.00114320709456437 0.000706440341470538 236694.035217647 -327975.201526552 1.36811821607397e-16 4.5603940535799e-17
3.07518463810932e-08 0.00117887266320733 0.000651984694764777 221519.17404849 -338224.521282576 1.36707093551389e-16 4.55690311837964e-17
3.09128508124078e-08 0.00121201866063031 0.000595995438484676 205870.094085802 -347749.784418608 1.36578166979404e-16 4.55260556598013e-17
3.10738552437224e-08 0.00124257412929665 0.000538592432040501 189780.296212077 -356530.599657856 1.36426145302602e-16 4.54753817675341e-17
3.1234859675037e-08 0.00127047365736314 0.000479898561338531 173284.224779901 -364548.169405814 1.36252329590363e-16 4.54174431967877e-17
3.13958641063517e-08 0.0012956575187108 0.000420039475712154 156417.193874958 -371785.329991352 1.3605820743515e-16 4.53527358117167e-17
3.15568685376663e-08 0.00131807180080411 0.000359143318937138 139215.311717135 -378226.588409962 1.35845440221032e-16 4.52818134070106e-17
3.17178729689809e-08 0.00133766852010457 0.000297340454906905 121715.403361593 -383858.155490532 1.35615848904815e-16 4.52052829682716e-17
3.18788774002955e-08 0.00135440572479189 0.00023476318855507 103954.931865257 -388667.975414605 1.35371398431482e-16 4.51237994771607e-17
3.20398818316101e-08 0.00136824758457259 0.00017154548262269 85971.9180875018 -392645.751524969 1.35114180917317e-16 4.50380603057725e-17
3.22008862629248e-08 0.00137916446738403 0.000107822670876539 67804.8592967222 -395782.968368294 1.34846397744639e-16 4.49487992482131e-17
3.23618906942394e-08 0.0013871330028294 4.37311683923624e-05 49492.6467570207 -398072.909924656 1.34570340721389e-16 4.48567802404629e-17
3.2522895125554e-08 0.00139213613220811 -2.0591820476699e-05 31074.4824714507 -399510.673984904 1.34288372466814e-16 4.47627908222714e-17
3.26838995568686e-08 0.00139416314503432 -8.50085958213313e-05 12589.7952600415 -400093.182645102 1.3400290619112e-16 4.46676353970401e-17
3.28449039881832e-08 0.00139320970196548 -0.000149381256958136 -5921.84364773738 -399819.18889557 1.33716385042139e-16 4.45721283473796e-17
3.30059084194979e-08 0.00138927784409183 -0.00021357199764153 -24420.805325375 -398689.279290433 1.33431261195777e-16 4.4477087065259e-17
3.31669128508125e-08 0.00138237598856688 -0.000277443401073468 -42867.4879852338 -396705.87269195 1.33149974869203e-16 4.4383324956401e-17
3.33279172821271e-08 0.00137251891058838 -0.000340858734079469 -61222.401756366 -393873.215092318 1.32874933436378e-16 4.42916444787926e-17
3.34889217134417e-08 0.00135972771176817 -0.000403682239821152 -79446.2532227443 -390197.370524029 1.32608490824673e-16 4.42028302748911e-17
3.36499261447564e-08 0.00134402977495878 -0.000465779428418685 -97500.0295409299 -385686.208078253 1.32352927368911e-16 4.41176424563037e-17
3.3810930576071e-08 0.00132545870563333 -0.000527017364860979 -115345.081957102 -380349.385059021 1.3211043029524e-16 4.40368100984133e-17
3.39719350073856e-08 0.00130405425994446 -0.000587264953587289 -132943.208544663 -374198.326309282 1.31883075001876e-16 4.39610250006255e-17
3.41329394387002e-08 0.00127986225961596 -0.00064639321913099 -150256.735985287 -367246.199753083 1.31672807296923e-16 4.38909357656408e-17
3.42939438700148e-08 0.00125293449384963 -0.000704275582224758 -167248.600218358 -359507.888206245 1.31481426745269e-16 4.3827142248423e-17
3.44549483013295e-08 0.00122332860845718 -0.000760788130776056 -183882.425786127 -350999.957515862 1.31310571267117e-16 4.37701904223725e-17
3.46159527326441e-08 0.0011911079824545 -0.00081580988513286 -200122.603704737 -341740.621096844 1.31161703119926e-16 4.37205677066421e-17
3.47769571639587e-08 0.00115634159238258 -0.000869223057071729 -215934.367694419 -331749.700941415 1.3103609638376e-16 4.36786987945868e-17
3.49379615952733e-08 0.00111910386464548 -0.00092091330195381 -231283.868605657 -321048.585185039 1.30934826057144e-16 4.36449420190479e-17
3.50989660265879e-08 0.00107947451618146 -0.000970769963508962 -246138.246882006 -309660.182319612 1.30858758856743e-16 4.36195862855809e-17
3.52599704579026e-08 0.00103753838380837 -0.00101868631072397 -260465.702904426 -297608.872151939 1.30808545799618e-16 4.36028485998727e-17
3.54209748892172e-08 0.000993385242608589 -0.00106455976632775 -274235.565066548 -284920.453612486 1.3078461663153e-16 4.35948722105099e-17
3.55819793205318e-08 0.000947109613742369 -0.0011082921263844 -287418.355435145 -271622.089526132 1.30787176148981e-16 4.35957253829936e-17
3.57429837518464e-08 0.000898810562100981 -0.00114978977052396 -299985.852855225 -257742.248463146 1.30816202446479e-16 4.3605400815493e-17
3.59039881831611e-08 0.000848591484232812 -0.00118896386236095 -311911.153364684 -243310.643794897 1.30871447104011e-16 4.36238157013371e-17
3.60649926144757e-08 0.000796559886996449 -0.00122573053967149 -323168.727789154 -228358.170084727 1.30952437313135e-16 4.36508124377117e-17
3.62259970457903e-08 0.000742827157414586 -0.00126001109392197 -333734.476393772 -212916.836950195 1.31058479923483e-16 4.36861599744944e-17
3.63870014771049e-08 0.000687508324221439 -0.0012917321387649 -343585.780474863 -197019.70053825 1.31188667375055e-16 4.3729555791685e-17
3.65480059084195e-08 0.000630721811614143 -0.00132082576714134 -352701.550781097 -180700.792760047 1.31341885465519e-16 4.37806284885062e-17
3.67090103397342e-08 0.000572589185735281 -0.00134722969665333 -361062.272660457 -163995.048436877 1.31516822886053e-16 4.38389409620176e-17
3.68700147710488e-08 0.000513234894429277 -0.00137088740289549 -368650.047836371 -146938.230513199 1.31711982444114e-16 4.39039941480379e-17
3.70310192023634e-08 0.000452786000829763 -0.00139174824045997 -375448.632723585 -129566.853496852 1.31925693877076e-16 4.39752312923587e-17
3.7192023633678e-08 0.000391371911348244 -0.00140976755135606 -381443.47320173 -111918.105290355 1.32156128147087e-16 4.40520427156957e-17
3.73530280649926e-08 0.000329124098646374 -0.00142490676061202 -386621.735772167 -94029.7675806329 1.32401313094789e-16 4.41337710315962e-17
3.75140324963073e-08 0.000266175820184895 -0.00143713345885482 -390972.335031387 -75940.1349575942 1.32659150317937e-16 4.42197167726458e-17
3.76750369276219e-08 0.000202661832951752 -0.00144642147169069 -394485.957402179 -57687.9329347063 1.32927433130469e-16 4.4309144376823e-17
3.78360413589365e-08 0.000138718104980086 -0.00145275091573815 -397155.081071728 -39312.2350470695 1.33203865448301e-16 4.4401288482767e-17
3.79970457902511e-08 7.44815242736661e-05 -0.00145610824119352 -398973.992094 -20852.3792044606 1.33486081440247e-16 4.44953604800822e-17
3.81580502215658e-08 1.0089605762901e-05 -0.00145648626083776 -399938.796621908 -2347.8834784147 1.33771665775854e-16 4.45905552586181e-17
3.83190546528804e-08 -5.43198030812607e-05 -0.00145388416542254 -400047.429243096 16161.6384963759 1.34058174296883e-16 4.4686058098961e-17
3.8480059084195e-08 -0.000118608817345311 -0.00144830752540267 -399299.657401484 34636.56232524 1.34343154935501e-16 4.47810516451669e-17
3.86410635155096e-08 -0.000182639809851319 -0.0014397682790111 -397697.081895116 53037.3376797408 1.34624168700175e-16 4.48747229000583e-17
3.88020679468242e-08 -0.000246275705783324 -0.00142828470670206 -395243.133449241 71324.5729653306 1.34898810549652e-16 4.49662701832173e-17
3.89630723781389e-08 -0.000309380276131246 -0.00141388139201703 -391943.065371958 89459.1196491954 1.35164729976372e-16 4.50549099921239e-17
3.91240768094535e-08 -0.000371818429324141 -0.00139658916895738 -387803.942308162 107402.156067763 1.35419651123164e-16 4.51398837077213e-17
3.92850812407681e-08 -0.000433456500428466 -0.0013764450559762 -382834.625115855 125115.270534465 1.35661392261046e-16 4.52204640870154e-17
3.94460856720827e-08 -0.000494162537292268 -0.00135349217673084 -377045.751897194 142560.543569832 1.35887884461438e-16 4.5295961487146e-17
3.96070901033973e-08 -0.000553806583022717 -0.00132777966776556 -370449.715224901 159700.629077902 1.36097189302973e-16 4.53657297676576e-17
3.9768094534712e-08 -0.000612260954192277 -0.00129936257332218 -363060.635612771 176498.834295145 1.36287515461374e-16 4.54291718204581e-17
3.99290989660266e-08 -0.000669400514177936 -0.00126830172750365 -354894.331287076 192919.198340767 1.3645723404041e-16 4.54857446801365e-17
4.00901033973412e-08 -0.000725102941048351 -0.00123466362404305 -345968.284323586 208926.569200227 1.3660489251271e-16 4.55349641709033e-17
4.02511078286558e-08 -0.000779248989425415 -0.00119852027395663 -336301.603222682 224486.678977173 1.36729227151148e-16 4.55764090503828e-17
4.04121122599705e-08 -0.000831722745759676 -0.00115994905138566 -325914.9820027 239566.217252688 1.36829173844381e-16 4.56097246147938e-17
4.05731166912851e-08 -0.000882411876473113 -0.00111903252795725 -314830.655899053 254132.902394814 1.36903877203988e-16 4.56346257346626e-17
4.07341211225997e-08 -0.000931207868438069 -0.00107585829601846 -303072.353763994 268155.550665695 1.36952697885266e-16 4.56508992950885e-17
4.08951255539143e-08 -0.000978006261277522 -0.00103051878112238 -290665.247268897 281604.142978389 1.36975218059029e-16 4.56584060196762e-17
4.10561299852289e-08 -0.0010227068709894 -0.00098311104416745 -277635.897017822 294449.889160448 1.36971244987576e-16 4.56570816625253e-17
4.12171344165436e-08 -0.00106521400441623 -0.00093373657361361 -264012.195687702 306665.289586693 1.36940812674227e-16 4.56469375580756e-17
4.13781388478582e-08 -0.00110543666410092 -0.000882501068220159 -249823.308316897 318224.194049235 1.36884181572305e-16 4.56280605241017e-17
4.15391432791728e-08 -0.00114328874309032 -0.000829514210770349 -235099.609869919 329101.857738726 1.36801836356064e-16 4.56006121186879e-17
4.17001477104874e-08 -0.00117868920926921 -0.00077488943326717 -219872.620212006 339274.994216991 1.36694481772625e-16 4.55648272575418e-17
4.1861152141802e-08 -0.00121156227883046 -0.000718743674102957 -204174.936632741 348721.825267638 1.36563036610443e-16 4.55210122034808e-17
4.20221565731167e-08 -0.00124183757850976 -0.000661197127722669 -188040.164063166 357422.127517938 1.36408625835896e-16 4.54695419452986e-17
4.21831610044313e-08 -0.00126945029623768 -0.000602372987316753 -171502.843135778 365357.275732155 1.36232570965329e-16 4.5410856988443e-17
4.23441654357459e-08 -0.00129434131988659 -0.000542397181094421 -154598.376241418 372510.28268366 1.36036378754923e-16 4.53454595849742e-17
4.25051698670605e-08 -0.00131645736381541 -0.00048139810270191 -137362.951741342 378865.835520455 1.35821728305202e-16 4.52739094350672e-17
4.26661742983752e-08 -0.00133575108294117 -0.000419506336362849 -119833.466496726 384410.328546277 1.35590456690543e-16 4.51968188968478e-17
4.28271787296898e-08 -0.00135218117409343 -0.000356854377329122 -102047.446881437 389131.892347092 1.35344543236675e-16 4.51148477455584e-17
4.29881831610044e-08 -0.00136571246443426 -0.000293576348240691 -84042.9684471724 393020.419200628 1.35086092580722e-16 4.50286975269072e-17
4.3149187592319e-08 -0.0013763159867548 -0.000229807712001567 -65858.5744129468 396067.584714555 1.34817316658779e-16 4.49391055529262e-17
4.33101920236336e-08 -0.00138396904148704 -0.000165684981786616 -47533.1931534125 398266.865646993 1.34540515775179e-16 4.48468385917265e-17
4.34711964549483e-08 -0.00138865524529801 -0.00010134542879997 -29106.0548626565 399613.553871184 1.34258058915461e-16 4.47526863051536e-17
4.36322008862629e-08 -0.00139036456616261 -3.69267884107004e-05 -10616.607571875 400104.766454455 1.33972363471529e-16 4.46574544905096e-17
4.37932053175775e-08 -0.00138909334483968 2.74330347051873e-05 7895.56729928747 399739.451829871 1.33685874552539e-16 4.45619581841795e-17
4.39542097488921e-08 -0.00138484430270558 9.15962617851954e-05 26390.8396769525 398518.39204739 1.33401044058559e-16 4.44670146861864e-17
4.41152141802067e-08 -0.00137762653592836 0.00015542553493123 44829.6156713784 396444.20109968 1.33120309696119e-16 4.43734365653729e-17
4.42762186115214e-08 -0.00136745549599508 0.000218784211159524 63172.4223378693 393521.319326196 1.32846074115222e-16 4.42820247050738e-17
4.4437223042836e-08 -0.00135435295663395 0.00028153665492011 81379.992178771 389756.003907494 1.32580684346399e-16 4.41935614487998e-17
4.45982274741506e-08 -0.00133834696720202 0.000343548528459613 99413.3472056533 385156.31547012 1.32326411713775e-16 4.41088039045916e-17
4.47592319054652e-08 -0.00131947179263835 0.000404687079405778 117233.882381725 379732.100830771 1.32085432396055e-16 4.40284774653518e-17
4.49202363367799e-08 -0.00129776784011105 0.000464821424958089 134803.448265848 373494.971916644 1.31859808801825e-16 4.39532696006084e-17
4.50812407680945e-08 -0.0012732815725154 0.000523822832076075 152084.432681233 366458.280907123 1.31651471918532e-16 4.38838239728438e-17
4.52422451994091e-08 -0.00124606540900801 0.000581564993065513 169039.841233984 358637.091650001 1.31462204786232e-16 4.38207349287439e-17
4.54032496307237e-08 -0.00121617761279015 0.000637924295972551 185633.376509115 350048.147413436 1.3129362723754e-16 4.37645424125134e-17
4.55642540620383e-08 -0.00118368216638037 0.000692780089206897 201829.515774508 340709.835042681 1.31147182034379e-16 4.37157273447931e-17
4.5725258493353e-08 -0.00114864863464346 0.000746014939827599 217593.587026463 330642.145598306 1.31024122520176e-16 4.36747075067254e-17
4.58862629246676e-08 -0.00111115201586897 0.000797514884938472 232891.843214044 319866.631560194 1.30925501893193e-16 4.36418339643976e-17
4.60472673559822e-08 -0.00107127258121804 0.000847169675655002 247691.53448332 308406.360688905 1.30852164192783e-16 4.36173880642609e-17
4.62082717872968e-08 -0.00102909570288234 0.000894873013120452 261960.978286864 296285.866643206 1.30804737075727e-16 4.36015790252424e-17
4.63692762186114e-08 -0.00098471167132294 0.000940522776065918 275669.627208389 283531.096459455 1.30783626444467e-16 4.35945421481558e-17
4.65302806499261e-08 -0.000938215501980322 0.000984021239427185 288788.13435736 270169.355005298 1.3078901297321e-16 4.35963376577368e-17
4.66912850812407e-08 -0.000889706731869394 0.00102527528355037 301288.416193559 256229.246526571 1.30820850561638e-16 4.36069501872127e-17
4.68522895125553e-08 -0.000839289206494893 0.00106419659353851 313143.712647134 241740.613412552 1.30878866729456e-16 4.36262889098185e-17
4.70132939438699e-08 -0.000787070857543357 0.0011007018483123 324328.644405413 226734.472310648 1.30962564948398e-16 4.36541883161325e-17
4.71742983751846e-08 -0.000733163471827581 0.00113471289898036 334819.267243852 211242.947727278 1.3107122889174e-16 4.36904096305801e-17
4.73353028064992e-08 -0.000677682451978181 0.00116615693613697 344593.123284811 195299.203257104 1.31203928564944e-16 4.37346428549814e-17
4.74963072378138e-08 -0.00062074656939456 0.00119496664572939 353629.289074417 178937.370587821 1.31359528264964e-16 4.37865094216545e-17
4.76573116691284e-08 -0.000562477709984173 0.00122108035316092 361908.420374606 162192.476432496 1.315366963001e-16 4.38455654333666e-17
4.7818316100443e-08 -0.000503000613234374 0.00124444215532118 369412.793574436 145100.367545877 1.31733916387213e-16 4.39113054624042e-17
4.79793205317577e-08 -0.000442442605175448 0.00126500204026119 376126.343632043 127697.633985191 1.3194950062875e-16 4.398316687625e-17
4.81403249630723e-08 -0.000380933325806478 0.00128271599425674 382034.698465993 110021.530779709 1.32181603958526e-16 4.40605346528422e-17
4.83013293943869e-08 -0.000318604451567565 0.00129754609603114 387125.209722421 92109.8981767699 1.32428239932626e-16 4.41427466442086e-17
4.84623338257015e-08 -0.000255589413452531 0.00130946059793545 391386.979852089 74001.0806349954 1.32687297730273e-16 4.42290992434244e-17
4.86233382570161e-08 -0.000192023111365539 0.00131843399391248 394810.885439393 55733.8447381081 1.32956560219182e-16 4.43188534063941e-17
4.87843426883308e-08 -0.000128041625333134 0.00132444707409912 397389.596733379 37347.2962050841 1.33233722930763e-16 4.44112409769211e-17
4.89453471196454e-08 -6.37819241899318e-05 0.00132748696594993 399117.593338969 18880.7961742989 1.33516413782793e-16 4.45054712609311e-17
4.910635155096e-08 6.1842763841509e-07 0.00132754716179418 399991.176034778 373.876940881913 1.33802213380756e-16 4.46007377935853e-17
4.92673559822746e-08 6.50215646272716e-05 0.00132462753276717 400008.474692256 -18133.8426723333 1.34088675724099e-16 4.46962252413665e-17
4.94283604135893e-08 0.00012928961528965 0.00131873432908612 399169.452279173 -36602.7421290944 1.34373349140201e-16 4.47911163800669e-17
4.95893648449039e-08 0.000193284997325603 0.00130988016666995 397475.904938904 -54993.2839976831 1.34653797266875e-16 4.48845990889583e-17
4.97503692762185e-08 0.000256870712152545 0.00129808400013167 394931.458145316 -73266.0985909617 1.3492761990385e-16 4.49758733012834e-17
4.99113737075331e-08 0.000319910638185963 0.00128337108220116 391541.558941508 -91382.0682473188 1.35192473554754e-16 4.50641578515846e-17
5.00723781388477e-08 0.000382269822242703 0.00126577290966518 387313.464279018 -109302.41107209 1.354460914838e-16 4.51486971612666e-17
5.02333825701624e-08 0.000443814768442979 0.00124532715594042 382256.225482447 -126988.763960183 1.35686303115526e-16 4.52287677051753e-17
5.0394387001477e-08 0.000504413723992657 0.00122207759042386 376380.668872773 -144403.264722176 1.35911052611547e-16 4.53036842038492e-17
5.05553914327916e-08 0.000563936961234016 0.00119607398479306 369699.37259082 -161508.633138074 1.3611841646534e-16 4.53728054884467e-17
5.07163958641062e-08 0.000622257055361174 0.00116737200645715 362226.639670517 -178268.250765217 1.36306619964467e-16 4.54355399881557e-17
5.08774002954208e-08 0.000679249157205684 0.00113603309938638 353978.467419568 -194646.239329478 1.36474052379362e-16 4.54913507931205e-17
5.10384047267355e-08 0.000734791260508296 0.00110212435257548 344972.513173103 -210607.537531937 1.36619280748668e-16 4.5539760249556e-17
5.11994091580501e-08 0.000788764463104755 0.00106571835642242 335228.056493605 -226117.97610662 1.36741062143166e-16 4.55803540477219e-17
5.13604135893647e-08 0.000841053221466479 0.00102689304732998 324765.957898048 -241144.350968599 1.36838354303313e-16 4.56127847677709e-17
5.15214180206793e-08 0.000891545598051212 0.000985731540862847 313608.614200589 -255654.494295884 1.36910324559367e-16 4.56367748531223e-17
5.1682422451994e-08 0.000940133500934138 0.00094232195381731 301779.91056643 -269617.343392923 1.36956356957747e-16 4.56521189859156e-17
5.18434268833086e-08 0.000986712915206461 0.000896757215584631 289305.169379471 -283003.007188292 1.36976057532636e-16 4.5658685844212e-17
5.20044313146232e-08 0.00103118412564608 0.000849134869211749 276211.096033232 -295782.830224229 1.3696925767772e-16 4.56564192259066e-17
5.21654357459378e-08 0.00107345193018368 0.000799556862585294 262525.721761087 -307929.454001011 1.36936015589192e-16 4.56453385297307e-17
5.23264401772524e-08 0.00111342584370728 0.000748129330185899 248278.343628197 -319416.875544865 1.36876615767687e-16 4.5625538589229e-17
5.24874446085671e-08 0.00115102029176885 0.000694962365880037 233499.461813601 -330220.503074026 1.36791566583396e-16 4.5597188861132e-17
5.26484490398817e-08 0.00118615479377849 0.000640169787235767 218220.714316737 -340317.208643769 1.36681595925207e-16 4.5560531975069e-17
5.28094534711963e-08 0.0012187541352938 0.000583868891866945 202474.809228159 -349685.37765773 1.36547644971109e-16 4.55158816570363e-17
5.29704579025109e-08 0.0012487485290358 0.000526180206327496 186295.454709459 -358304.955139512 1.36390860133168e-16 4.54636200443892e-17
5.31314623338255e-08 0.00127607376428649 0.000467227228093314 169717.286832267 -366157.488665517 1.36212583246022e-16 4.54041944153405e-17
5.32924667651402e-08 0.00130067134434847 0.000407136161184133 152775.795430831 -373226.167867114 1.36014340082861e-16 4.53381133609537e-17
5.34534711964548e-08 0.00132248861177215 0.000346035645991351 135507.248126893 -379495.860417554 1.35797827297181e-16 4.52659424323935e-17
5.36144756277694e-08 0.00134147886108257 0.000284056483890168 117948.612689512 -384953.144426611 1.3556489790206e-16 4.51882993006866e-17
5.3775480059084e-08 0.0013576014387645 0.000221331357225587 100137.477896044 -389586.33717359 1.35317545411252e-16 4.51058484704172e-17
5.39364844903987e-08 0.00137082183029175 0.00015799454527171 82111.9730636891 -393385.520117201 1.350578867778e-16 4.50192955926002e-17
5.40974889217133e-08 0.00138111173401435 9.41816367723996e-05 63910.6864238764 -396342.560128744 1.34788144276214e-16 4.49293814254047e-17
5.42584933530279e-08 0.00138844912174559 3.00292396786844e-05 45572.5825142277 -398451.126903167 1.34510626483245e-16 4.48368754944149e-17
5.44194977843425e-08 0.00139281828591897 -3.43253112957134e-05 27136.9187649361 -399706.70651071 1.34227708520061e-16 4.47425695066868e-17
5.45805022156571e-08 0.0013942098732143 -9.8744248674672e-05 8643.16145813584 -400106.611060137 1.33941811724896e-16 4.46472705749654e-17
5.47415066469718e-08 0.00139262090458088 -0.000163089667146402 -9869.09875983033 -399649.984452857 1.33655382930161e-16 4.45517943100537e-17
5.49025110782864e-08 0.00138805478161496 -0.000227223818785254 -28360.2316323772 -398337.804215621 1.33370873521354e-16 4.44569578404513e-17
5.5063515509601e-08 0.0013805212792777 -0.000291009407936597 -46790.6521314389 -396172.87940788 1.33090718457012e-16 4.4363572819004e-17
5.52245199409156e-08 0.00137003652496938 -0.000354309885133496 -65120.9051994075 -393159.844608263 1.32817315429249e-16 4.42724384764162e-17
5.53855243722302e-08 0.00135662296400453 -0.000416989739415985 -83311.7502128365 -389305.149993076 1.32553004343234e-16 4.4184334781078e-17
5.55465288035449e-08 0.001340309311562 -0.000478914788427146 -101324.244987093 -384617.047528035 1.32300047291241e-16 4.41000157637471e-17
5.57075332348595e-08 0.00132113049121268 -0.00053995246566497 -119119.829142124 -379105.573302814 1.32060609192652e-16 4.40202030642174e-17
5.58685376661741e-08 0.00129912756015663 -0.000599972104275068 -136660.406650872 -372782.526046207 1.31836739265609e-16 4.3945579755203e-17
5.60295420974887e-08 0.00127434762132959 -0.000658845216776697 -153908.427393626 -365661.441867919 1.31630353488893e-16 4.38767844962975e-17
5.61905465288034e-08 0.00124684372256701 -0.000716445770123275 -170826.967543711 -357757.565281036 1.31443218204119e-16 4.38144060680396e-17
5.6351550960118e-08 0.00121667474304152 -0.000772650455508544 -187379.808612446 -349087.816567224 1.312769349986e-16 4.37589783328666e-17
5.65125553914326e-08 0.0011839052672169 -0.000827338952340807 -203531.514984133 -339670.755554511 1.31132926998244e-16 4.37109756660813e-17
5.66735598227472e-08 0.00114860544658841 -0.000880394185820108 -219247.509775115 -329526.5418852 1.3101242668781e-16 4.36708088959365e-17
5.68345642540618e-08 0.00111085084950549 -0.000931702577566973 -234494.148854489 -318676.891858967 1.30916465362749e-16 4.36388217875831e-17
5.69955686853765e-08 0.00107072229939823 -0.000981154288766153 -249238.792868029 -307145.031943532 1.30845864302925e-16 4.36152881009749e-17
5.71565731166911e-08 0.00102830570175404 -0.00102864345530488 -263449.877111122 -294955.649052433 1.30801227743724e-16 4.36004092479081e-17
5.73175775480057e-08 0.000983691860214864 -0.00107406841440222 -277096.979101139 -282134.837696327 1.3078293770475e-16 4.35943125682499e-17
5.74785819793203e-08 0.000936976282188572 -0.00111733192224444 -290150.883704588 -268710.044120985 1.3079115072032e-16 4.35970502401065e-17
5.76395864106349e-08 0.000888258974390818 -0.00115834136216042 -302583.645679623 -254710.007551531 1.30825796499781e-16 4.36085988332602e-17
5.78005908419496e-08 0.00083764422875492 -0.00119700894289143 -314368.649500031 -240164.698668743 1.30886578529084e-16 4.36288595096948e-17
5.79615952732642e-08 0.000785240399168134 -0.00123325188653094 -325480.666332607 -225105.255449094 1.30972976608489e-16 4.36576588694962e-17
5.81225997045788e-08 0.000731159669512283 -0.00126699260573204 -335895.908045969 -209563.916505904 1.31084251304658e-16 4.3694750434886e-17
5.82836041358934e-08 0.000675517813505291 -0.00129815886980309 -345592.078135171 -193573.952074288 1.31219450279066e-16 4.37398167596885e-17
5.84446085672081e-08 0.000618433946857744 -0.00132668395933611 -354548.419453113 -177169.592787662 1.31377416438529e-16 4.37924721461765e-17
5.86056129985227e-08 0.000560030272275065 -0.00135250680903686 -362745.758646549 -160385.956398262 1.31556797838135e-16 4.38522659460449e-17
5.87666174298373e-08 0.000500431817851175 -0.00137557213845081 -370166.547201592 -143258.972598557 1.3175605925178e-16 4.39186864172601e-17
5.89276218611519e-08 0.000439766169413688 -0.00139583057030515 -376794.899010816 -125825.306104498 1.31973495311329e-16 4.39911651037765e-17
5.90886262924665e-08 0.000378163197393614 -0.00141323873621359 -382616.624381561 -108122.27816526 1.32207245101912e-16 4.40690817006374e-17
5.92496307237812e-08 0.000315754778804285 -0.00142775936951752 -387619.260412621 -90187.7866675043 1.32455308088466e-16 4.41517693628219e-17
5.94106351550958e-08 0.000252674514924673 -0.00143936138506488 -391792.097674288 -72060.2250051975 1.32715561237205e-16 4.42385204124016e-17
5.95716395864104e-08 0.000189057445291472 -0.00144801994575597 -395126.203134648 -53778.3998886759 1.32985777185496e-16 4.43285923951652e-17
5.9732644017725e-08 0.000125039758612226 -0.00145371651571359 -397614.439283026 -35381.4482688944 1.33263643304617e-16 4.44212144348722e-17
5.98936484490397e-08 6.07585012183494e-05 -0.00145643889996391 -399251.479409673 -16908.7535547124 1.3354678149227e-16 4.45155938307566e-17
6.00546528803543e-08 -3.64871631780416e-06 -0.0014561812705429 -400033.819008954 1600.1386974265 1.33832768525441e-16 4.46109228418135e-17
6.02156573116689e-08 -6.80440137737851e-05 -0.00145294417897265 -399959.783281643 20105.6054409347 1.34119156799423e-16 4.47063855998076e-17
6.03766617429835e-08 -0.000132289536445143 -0.00144673455508062 -399029.530720267 38568.0309624071 1.34403495275512e-16 4.48011650918374e-17
6.05376661742982e-08 -0.000196247750258893 -0.00143756569216463 -397245.052769805 56947.8916892498 1.3468335045809e-16 4.48944501526966e-17
6.06986706056128e-08 -0.000259781736200591 -0.00142545721853508 -394610.169564495 75205.8408000575 1.34956327221565e-16 4.49854424071882e-17
6.08596750369274e-08 -0.000322755483424717 -0.00141043505549553 -391130.521749847 93302.7924566092 1.35220089308927e-16 4.50733631029756e-17
6.10206794682421e-08 -0.000385034180420886 -0.0013925313618515 -386813.558407394 111200.005477163 1.35472379326478e-16 4.51574597754927e-17
6.11816838995567e-08 -0.000446484503612575 -0.00137178446506621 -381668.521108015 128859.166271924 1.35711038063616e-16 4.52370126878719e-17
6.13426883308713e-08 -0.00050697490277055 -0.00134823877921085 -375706.424127975 146242.470863143 1.35934022972321e-16 4.53113409907735e-17
6.15036927621859e-08 -0.000566375882629979 -0.00132194470988477 -368940.030870029 163312.705814257 1.36139425648194e-16 4.5379808549398e-17
6.16646971935006e-08 -0.000624560280108367 -0.00129295854630938 -361383.82654008 180033.327894827 1.36325488163436e-16 4.54418293878119e-17
6.18257016248152e-08 -0.000681403536530859 -0.00126134234082656 -353053.987137865 196368.542310727 1.36490618111975e-16 4.54968727039915e-17
6.19867060561298e-08 -0.000736783964280134 -0.00122716377605965 -343968.344828065 212283.379332111 1.3663340223799e-16 4.55444674126633e-17
6.21477104874444e-08 -0.000790583007300061 -0.00119049602002138 -334146.349765967 227743.769155116 1.36752618531187e-16 4.55842061770622e-17
6.23087149187591e-08 -0.000842685494895445 -0.00115141756947893 -323609.028459406 242716.614837047 1.36847246685305e-16 4.56157488951015e-17
6.24697193500737e-08 -0.000892979888284538 -0.00111001208191139 -312378.93875611 257169.863148898 1.36916476830355e-16 4.56388256101183e-17
6.26307237813883e-08 -0.000941358519376499 -0.00106636819641937 -300480.121552823 271072.573193536 1.36959716463849e-16 4.5653238821283e-17
6.2791728212703e-08 -0.00098771782126265 -0.00102057934397026 -287938.049329582 284394.982642655 1.36976595521699e-16 4.56588651738998e-17
6.29527326440176e-08 -0.00103195854992809 -0.000972743547385136 -274779.571619316 297108.571450698 1.36966969545394e-16 4.56556565151313e-17
6.31137370753322e-08 -0.00107398599670906 -0.000922963211495743 -261032.857529513 309186.12290935 1.36930920918335e-16 4.56436403061116e-17
6.32747415066468e-08 -0.00111371019104119 -0.000871344903920561 -246727.335438998 320601.781911909 1.36868758160766e-16 4.5622919386922e-17
6.34357459379615e-08 -0.00115104609306465 -0.000817999126929417 -231893.629998913 331331.110302795 1.36781013289319e-16 4.55936710964397e-17
6.35967503692761e-08 -0.00118591377567386 -0.000763040080884935 -216563.496572772 341351.139193708 1.36668437263777e-16 4.55561457545922e-17
6.37577548005907e-08 -0.00121823859562201 -0.000706585419767277 -200769.753255935 350640.418134445 1.36531993560024e-16 4.5510664520008e-17
6.39187592319054e-08 -0.00124795135331415 -0.000648755999305521 -184546.210620031 359179.061033111 1.36372849924192e-16 4.54576166413972e-17
6.407976366322e-08 -0.00127498844094675 -0.000589675618254874 -167927.599332725 366948.788727409 1.36192368378564e-16 4.53974561261879e-17
6.42407680945346e-08 -0.00129929197867651 -0.000529470753373585 -150949.495807792 373932.968115898 1.35992093564781e-16 4.53306978549272e-17
6.44017725258492e-08 -0.00132080993852713 -0.000468270288666892 -133648.246044644 380116.647765424 1.35773739524113e-16 4.52579131747042e-17
6.45627769571639e-08 -0.00133949625576851 -0.000406205239477649 -116060.887820371 385486.589918507 1.35539175027919e-16 4.51797250093065e-17
6.47237813884785e-08 -0.00135531092753025 -0.000343408472014272 -98225.0714008439 390031.29883217 1.35290407583879e-16 4.50968025279598e-17
6.48847858197931e-08 -0.00136822009843797 -0.000280014418916426 -80178.978940634 393741.045387537 1.35029566254839e-16 4.50098554182795e-17
6.50457902511078e-08 -0.00137819613308956 -0.000216158791467373 -61961.2427442867 396607.887917511 1.34758883437341e-16 4.49196278124471e-17
6.52067946824224e-08 -0.00138521767521581 -0.000151978289069046 -43610.8625639318 398625.689207958 1.34480675755784e-16 4.48268919185946e-17
6.5367799113737e-08 -0.001389269693399 -8.76103066018037e-05 -25167.1221102789 399790.129635993 1.34197324235708e-16 4.47324414119026e-17
6.55288035450516e-08 -0.00139034351325155 -2.31926402953341e-05 -6669.50495572615 400098.716417247 1.33911253925922e-16 4.4637084641974e-17
6.56898079763663e-08 -0.00138843683598574 4.11368072596313e-05 11842.3899903863 399550.788942308 1.33624913143851e-16 4.45416377146171e-17
6.58508124076809e-08 -0.00138355374333489 0.000105240322327299 30328.9332534317 398147.520190929 1.33340752521743e-16 4.44469175072476e-17
6.60118168389955e-08 -0.00137570468881534 0.000168980674838503 48750.5496305842 395891.914220963 1.33061204033062e-16 4.43537346776872e-17
6.61728212703101e-08 -0.00136490647534802 0.000232221412166977 67067.8029117244 392788.799737402 1.32788660178576e-16 4.42628867261919e-17
6.63338257016248e-08 -0.00135118221928745 0.000294827151241315 85241.4803027948 388844.819755295 1.32525453510266e-16 4.41751511700888e-17
6.64948301329394e-08 -0.00133456130093527 0.000356663868367274 103232.676370875 384068.41737866 1.32273836668308e-16 4.40912788894359e-17
6.6655834564254e-08 -0.00131507930164412 0.000417599186139974 121002.876331274 378469.817725854 1.32035963101965e-16 4.40119877006549e-17
6.68168389955687e-08 -0.0012927779276466 0.000477502656831802 138514.038498335 372061.006040067 1.31813868639415e-16 4.39379562131384e-17
6.69778434268833e-08 -0.00126770492077237 0.000536246041649335 155728.675723454 364855.702031835 1.31609454064221e-16 4.38698180214072e-17
6.71388478581979e-08 -0.00123991395624444 0.00059370358526148 172609.935645967 356869.330508461 1.31424468847577e-16 4.38081562825257e-17
6.72998522895125e-08 -0.00120946452777357 0.000649752285011117 189121.679585112 348118.988353249 1.31260496175551e-16 4.37534987251838e-17
6.74608567208272e-08 -0.00117642182019668 0.000704272154233938 205228.559904172 338623.407925228 1.31118939399476e-16 4.37063131331585e-17
6.76218611521418e-08 -0.00114085656993191 0.000757146479120778 220896.095681191 328402.916957713 1.31001010025436e-16 4.3667003341812e-17
6.77828655834564e-08 -0.00110284491354913 0.000808262068573556 236090.746524255 317479.395041566 1.30907717345664e-16 4.3635905781888e-17
6.79438700147711e-08 -0.00106246822478001 0.000857509496519946 250779.984373335 305876.226786296 1.30839859800563e-16 4.36132866001877e-17
6.81048744460857e-08 -0.00101981294031662 0.000904783336168044 264932.363134971 293618.251759289 1.30798018145299e-16 4.35993393817662e-17
6.82658788774003e-08 -0.000974970374771454 0.000949982385699544 278517.586000722 280731.711310323 1.30782550479436e-16 4.35941834931454e-17
6.84268833087149e-08 -0.000928036525194975 0.00099300988491827 291506.570305284 267244.192395203 1.30793589182165e-16 4.35978630607218e-17
6.85878877400296e-08 -0.000879111865569258 0.00103377372239027 303871.509785419 253184.568518785 1.3083103977934e-16 4.36103465931134e-17
6.87488921713442e-08 -0.000828301131717561 0.00107218663263207 315585.934106412 238582.937923809 1.30894581752031e-16 4.36315272506769e-17
6.89098966026588e-08 -0.000775713097090349 0.00110816638292484 326624.765528642 223470.559157866 1.30983671279667e-16 4.36612237598889e-17
6.90709010339735e-08 -0.000721460339907736 0.00114163594935476 336964.372592928 207879.784156435 1.31097545894298e-16 4.36991819647659e-17
6.92319054652881e-08 -0.000665659002156831 0.00117252368170245 346582.620709753 191843.988985234 1.31235231006133e-16 4.37450770020443e-17
6.93929098966027e-08 -0.000608428540959931 0.00120076345682879 355458.919544049 175397.502390171 1.31395548244518e-16 4.37985160815058e-17
6.95539143279173e-08 -0.000549891472845813 0.00122629482022842 363574.267094105 158575.532307825 1.31577125542953e-16 4.38590418476509e-17
6.9714918759232e-08 -0.000490173111471579 0.00124906311544825 370911.290370243 141414.0904938 1.31778408881855e-16 4.39261362939518e-17
6.98759231905466e-08 -0.000429401299356523 0.0012690196010936 377454.282586173 123949.915430292 1.3199767558855e-16 4.39992251961833e-17
7.00369276218612e-08 -0.000367706134202326 0.00128612155517173 383189.236783407 106220.393677921 1.3223304908067e-16 4.40776830268901e-17
7.01979320531759e-08 -0.000305219690385447 0.00130033236654925 388103.875816764 88263.4798401703 1.32482514926791e-16 4.41608383089304e-17
7.03589364844905e-08 -0.000242075736217934 0.00131162161332766 392187.678636755 70117.6153117973 1.32743938086829e-16 4.42479793622764e-17
7.05199409158051e-08 -0.000178409447581933 0.00131996512796928 395431.902812596 51821.6459851319 1.33015081184671e-16 4.43383603948904e-17
7.06809453471197e-08 -0.000114357118550925 0.00132534504903407 397829.603247633 33414.7390904506 1.33293623656636e-16 4.44312078855453e-17
7.08419497784344e-08 -5.00558696171959e-05 0.00132774985941661 399375.647047107 14936.2993484404 1.33577181611896e-16 4.45257272039652e-17
7.1002954209749e-08 1.43566458498667e-05 0.00132717441100147 400066.724506435 -3574.11538574494 1.33863328234878e-16 4.46211094116259e-17
7.11639586410636e-08 7.87425362862287e-05 0.00132361993568407 399901.356196487 -22076.878806253 1.34149614555034e-16 4.47165381850114e-17
7.13249630723782e-08 0.000142963967125585 0.00131709404273346 398879.896130684 -40532.3809868372 1.34433590406228e-16 4.4811196802076e-17
7.14859675036929e-08 0.000206883455869719 0.00130761070250274 397004.531007138 -58901.1131760965 1.34712825396346e-16 4.49042751321153e-17
7.16469719350075e-08 0.00027036416640516 0.00129519021652195 394279.275527469 -77143.7523761237 1.3498492970768e-16 4.49949765692268e-17
7.18079763663221e-08 0.000333270201936106 0.00127985917403737 390709.963802293 -95221.2455235015 1.35247574550057e-16 4.50825248500189e-17
7.19689807976368e-08 0.000395466895906472 0.00126165039509043 386304.236861818 -113094.893092434 1.35498512091658e-16 4.51661706972193e-17
7.21299852289514e-08 0.000456821100288316 0.00124060286025798 381071.526298244 -130726.431941039 1.35735594696975e-16 4.52451982323249e-17
7.2290989660266e-08 0.000517201470619449 0.00121676162720427 375023.034075017 -148078.117223451 1.35956793307227e-16 4.5318931102409e-17
7.24519940915806e-08 0.000576478747180054 0.00119017773422352 368171.708546145 -165112.803192374 1.36160214805956e-16 4.53867382686521e-17
7.26129985228953e-08 0.000634526031706381 0.00116090809097923 360532.216736909 -181794.022719113 1.36344118221161e-16 4.54480394070535e-17
7.27740029542099e-08 0.000691219059049129 0.00112901535667446 352120.912945327 -198086.065360848 1.36506929625311e-16 4.55023098751035e-17
7.29350073855245e-08 0.00074643646319498 0.00109456780591364 342955.803731568 -213954.053808023 1.36647255605724e-16 4.5549085201908e-17
7.30960118168392e-08 0.000800060037081775 0.00105763918254325 333056.509370277 -229364.018548204 1.36763895190013e-16 4.55879650633376e-17
7.32570162481538e-08 0.000851974985651151 0.00101830854178411 322444.221848328 -244282.970586561 1.36855850124542e-16 4.56186167081808e-17
7.34180206794684e-08 0.000902070171596903 0.000976660080993366 311141.659497924 -258678.972067301 1.3692233341793e-16 4.56407778059768e-17
7.3579025110783e-08 0.000950238353282981 0.000932782959418343 299173.018362159 -272521.204644863 1.36962776076471e-16 4.5654258692157e-17
7.37400295420977e-08 0.000996376414321816 0.000886771107328271 286563.920397164 -285780.035458522 1.36976831973837e-16 4.56589439912792e-17
7.39010339734123e-08 0.00104038558432147 0.000838723024932352 273341.358621716 -298427.080569149 1.36964380813385e-16 4.56547936044616e-17
7.40620384047269e-08 0.00108217165032909 0.000788741571514723 259533.639331735 -310435.265722337 1.36925529157703e-16 4.56418430525676e-17
7.42230428360416e-08 0.00112164515851797 0.00073693374523769 245170.321503374 -321778.884307812 1.36860609516606e-16 4.5620203172202e-17
7.43840472673562e-08 0.00115872160568646 0.000683410454084627 230282.153514423 -332433.652391041 1.36770177501365e-16 4.55900591671218e-17
7.45450516986708e-08 0.00119332162015888 0.000628286278432901 214901.007319498 -342376.760699251 1.3665500706954e-16 4.55516690231801e-17
7.47060561299854e-08 0.00122537113170093 0.00057167922576509 199059.810219918 -351586.923450538 1.36516083901103e-16 4.55053613003676e-17
7.48670605613001e-08 0.00125480153008617 0.000513710478043596 182792.474374342 -360044.423921569 1.3635459696255e-16 4.54515323208498e-17
7.50280649926147e-08 0.00128154981197378 0.000454504132289481 166133.824201071 -367731.156656295 1.36171928331195e-16 4.5390642777065e-17
7.51890694239293e-08 0.00130555871578352 0.000394186934920851 149119.521827417 -374630.666225341 1.35969641366737e-16 4.53232137889124e-17
7.53500738552439e-08 0.00132677684427877 0.000332888010419542 131785.990745744 -380728.182453087 1.35749467331327e-16 4.52498224437757e-17
7.55110782865586e-08 0.00134515877459563 0.000270738584906933 114170.337839611 -386010.65203703 1.35513290572655e-16 4.51710968575516e-17
7.56720827178732e-08 0.00136066515548222 0.000207871705220671 96310.2739469342 -390466.766491738 1.35263132396859e-16 4.50877107989531e-17
7.58330871491878e-08 0.00137326279154011 0.000144421954093676 78244.0331302424 -394086.986357569 1.35001133769291e-16 4.50003779230969e-17
7.59940915805025e-08 0.00138292471428771 8.05251620451751e-05 60010.2908268219 -396863.561622343 1.3472953699117e-16 4.49098456637234e-17
7.61550960118171e-08 0.00138963023989315 1.6318116600517e-05 41648.0810539936 -398790.548312234 1.34450666508977e-16 4.48168888363257e-17
7.63161004431317e-08 0.00139336501345341 -4.80617305377186e-05 23196.7128467538 -399863.82121638 1.34166909020797e-16 4.47223030069324e-17
7.64771048744463e-08 0.00139412103972465 -0.000112476557740462 4695.68610666989 -400081.082717954 1.33880693049896e-16 4.46268976832985e-17
7.6638109305761e-08 0.00139189670023809 -0.000176788468494813 -13815.3929578228 -399441.867712806 1.3359446816033e-16 4.45314893867765e-17
7.67991137370756e-08 0.00138669675676477 -0.000240859786607014 -32296.896618702 -397947.544605137 1.33310683992487e-16 4.44368946641622e-17
7.69601181683902e-08 0.00137853234112174 -0.000304553350933765 -50709.2604617071 -395601.312378081 1.33031769297968e-16 4.43439230993226e-17
7.71211225997049e-08 0.00136742093134158 -0.00036773280901095 -69013.0680841491 -392408.193745452 1.32760111153248e-16 4.42533703844161e-17
7.72821270310195e-08 0.0013533863142561 -0.000430262908951169 -87169.1354758625 -388375.024399341 1.3249803453001e-16 4.41660115100033e-17
7.74431314623341e-08 0.00133645853457458 -0.000492009788985207 -105138.594902662 -383510.43837655 1.32247782396996e-16 4.40825941323319e-17
7.76041358936487e-08 0.00131667383056529 -0.000552841264027599 -122882.978112731 -377824.84957522 1.32011496523683e-16 4.4003832174561e-17
7.77651403249634e-08 0.00129407455647818 -0.000612627108652814 -140364.298687809 -371330.4294612 1.31791199150064e-16 4.39303997166879e-17
7.7926144756278e-08 0.0012687090918747 -0.000671239335876295 -157545.1333629 -364041.081011895 1.31588775679411e-16 4.38629252264702e-17
7.80871491875926e-08 0.00124063173805889 -0.000728552471143527 -174388.702140395 -355972.408953359 1.31405958542156e-16 4.38019861807186e-17
7.82481536189073e-08 0.00120990260183148 -0.000784443820940612 -190858.947027127 -347141.686354371 1.31244312368977e-16 4.37481041229923e-17
7.84091580502219e-08 0.00117658746681581 -0.000838793735451305 -206920.609225779 -337567.817648983 1.3110522059999e-16 4.37017401999966e-17
7.85701624815365e-08 0.00114075765263105 -0.000891485864698235 -222539.304615418 -327271.298166712 1.3098987364465e-16 4.36632912148832e-17
7.87311669128511e-08 0.00110248986221423 -0.000942407407619971 -237681.597359547 -316274.17025702 1.30899258693696e-16 4.36330862312319e-17
7.88921713441658e-08 0.00106186601761782 -0.000991449353550719 -252315.07148412 -304599.976101986 1.30834151270333e-16 4.36113837567776e-17
7.90531757754804e-08 0.00101897308463454 -0.0010385067155857 -266408.400272278 -292273.707318211 1.30795108592956e-16 4.35983695309854e-17
7.9214180206795e-08 0.000973902886624692 -0.00108347875533265 -279931.413327244 -279321.751455832 1.30782464806229e-16 4.35941549354098e-17
7.93751846381097e-08 0.000926751907944602 -0.00112626919856825 -292855.161159822 -265771.835509179 1.30796328121324e-16 4.35987760404414e-17
7.95361890694243e-08 0.000877621087397065 -0.00116678644133789 -305151.977162227 -251652.96656001 1.308365798898e-16 4.36121932966001e-17
7.96971935007389e-08 0.000826615602145841 -0.00120494374605748 -316795.536835581 -236995.36968039 1.30902875619054e-16 4.36342918730179e-17
7.98581979320535e-08 0.000773844642556881 -0.00124065942719761 -327760.914144273 -221830.423228142 1.30994647920636e-16 4.36648826402119e-17
8.00192023633682e-08 0.000719421178448249 -0.00127385702615241 -338024.634876555 -206190.591673404 1.31111111366219e-16 4.37037037887396e-17
8.01802067946828e-08 0.000663461717249154 -0.00130446547491889 -347564.726897131 -190109.356100071 1.31251269209641e-16 4.37504230698805e-17
8.03412112259974e-08 0.000606086054585824 -0.00133241924823628 -356360.767184167 -173621.142530923 1.31413921917507e-16 4.38046406391691e-17
8.0502215657312e-08 0.000547417017828139 -0.0013576585038597 -364393.925550025 -156761.248229866 1.31597677435328e-16 4.38658924784427e-17
8.06632200886267e-08 0.000487580203146039 -0.0013801292106679 -371647.004952126 -139565.76613905 1.31800963101346e-16 4.39336543671153e-17
8.08242245199413e-08 0.000426703706638605 -0.0013997832643308 -378104.47830764 -122071.507612646 1.32022039106076e-16 4.40073463686919e-17
8.09852289512559e-08 0.000364917850111397 -0.00141657859028911 -383752.521733209 -104315.923612666 1.32259013382372e-16 4.40863377941241e-17
8.11462333825706e-08 0.000302354902089095 -0.00143047923382585 -388579.04413852 -86337.0245355403 1.32509857798583e-16 4.41699525995278e-17
8.13072378138852e-08 0.000239148794660685 -0.00144145543703661 -392573.713110403 -68173.2988410887 1.32772425516208e-16 4.42574751720693e-17
8.14682422451998e-08 0.00017543483676336 -0.00144948370253399 -395727.977032009 -49863.6306580633 1.33044469363498e-16 4.43481564544993e-17
8.16292466765144e-08 0.000111349424518923 -0.00145454684374987 -398035.083389759 -31447.2165426675 1.33323661067756e-16 4.44412203559187e-17
8.17902511078291e-08 4.70297492427895e-05 -0.00145663402172762 -399490.093228827 -12963.4815682408 1.33607611181735e-16 4.45358703939117e-17
8.19512555391437e-08 -1.73864962493243e-05 -0.00145574076832571 -400089.891726248 5548.00507425562 1.33893889533592e-16 4.46312965111974e-17
8.21122599704583e-08 -8.17614124083063e-05 -0.0014518689957829 -399833.194858998 24047.6147842737 1.34180046025386e-16 4.47266820084621e-17
8.2273264401773e-08 -0.000145957188161116 -0.00144502699262459 -398720.552152775 42495.7443868958 1.34463631602108e-16 4.48212105340361e-17
8.24342688330876e-08 -0.00020983639593085 -0.00143522940591915 -396754.345505596 60852.9009136209 1.34742219211788e-16 4.49140730705961e-17
8.25952732644022e-08 -0.000273262285835832 -0.00142249720992203 -393938.784088738 79079.7861472263 1.3501342457729e-16 4.50044748590966e-17
8.27562776957168e-08 -0.000336099078437921 -0.00140685766117503 -390279.895335913 97137.3807497136 1.35274926602017e-16 4.50916422006725e-17
8.29172821270315e-08 -0.000398212255413343 -0.00138834424015662 -385785.512040007 114987.027793243 1.35524487234899e-16 4.51748290782995e-17
8.30782865583461e-08 -0.000459468847523773 -0.00136699657960838 -380465.255584962 132590.515515232 1.35759970624623e-16 4.5253323541541e-17
8.32392909896607e-08 -0.000519737719271205 -0.0013428603796909 -374330.515348732 149910.15912047 1.35979361399212e-16 4.53264537997372e-17
8.34002954209754e-08 -0.000578889849627234 -0.00131598731015086 -367394.424321389 166908.881455115 1.36180781914471e-16 4.53935939714902e-17
8.356129985229e-08 -0.000636798608235761 -0.00128643489970861 -359671.830990577 183550.292379888 1.36362508323708e-16 4.54541694412361e-17
8.37223042836046e-08 -0.00069334002649786 -0.00125426641290313 -351179.267554504 199798.766672523 1.36522985331184e-16 4.55076617770612e-17
8.38833087149192e-08 -0.00074839306295846 -0.00121955071465807 -341934.914530518 215619.520292726 1.36660839503024e-16 4.55536131676745e-17
8.40443131462339e-08 -0.00080183986242673 -0.00118236212285858 -331958.561835031 230978.684846366 1.36774891021682e-16 4.55916303405606e-17
8.42053175775485e-08 -0.000853566008275436 -0.00114278024925481 -321271.56641811 245843.380089484 1.36864163783344e-16 4.56213879277814e-17
8.43663220088631e-08 -0.000903460767379179 -0.00110088982903244 -309896.806543431 260181.784316917 1.36927893751861e-16 4.56426312506204e-17
8.45273264401777e-08 -0.00095141732716714 -0.00105678053941524 -297858.632811466 273963.202484848 1.36965535497711e-16 4.5655178499237e-17
8.46883308714924e-08 -0.000997333024282876 -0.00101054680768785 -285182.816030762 287158.131921444 1.36976766866028e-16 4.56589222886759e-17
8.4849335302807e-08 -0.00104110956436165 -0.000962287609049959 -271896.492048887 299738.325484915 1.36961491733747e-16 4.56538305779156e-17
8.50103397341216e-08 -0.00108265323245481 -0.000912106254734325 -258028.103661173 311676.852033796 1.3691984083227e-16 4.563994694409e-17
8.51713441654363e-08 -0.00112187509365075 -0.000860110170842571 -243607.339721586 322948.154079976 1.36852170628607e-16 4.56173902095357e-17
8.53323485967509e-08 -0.00115869118346299 -0.000806410668371938 -228665.071586102 333528.102501087 1.36759060274571e-16 4.55863534248571e-17
8.54933530280655e-08 -0.00119302268757773 -0.000751122704925461 -213233.28702462 343394.048195093 1.36641306650141e-16 4.55471022167136e-17
8.56543574593801e-08 -0.00122479611057622 -0.000694364638615637 -197345.021742913 352524.870566523 1.36499917543404e-16 4.54999725144679e-17
8.58153618906948e-08 -0.00125394343327057 -0.00063625797468843 -181034.288661196 360901.022740542 1.36336103025458e-16 4.54453676751525e-17
8.59763663220094e-08 -0.00128040225831632 -0.000576927105410027 -164336.00510072 368504.573408062 1.3615126509408e-16 4.53837550313601e-17
8.6137370753324e-08 -0.00130411594379008 -0.000516499043773182 -147285.918034263 375319.245212329 1.35946985674808e-16 4.53156618916026e-17
8.62983751846387e-08 -0.00132503372444606 -0.000455103151593224 -129920.52756053 381330.449594789 1.35725013082109e-16 4.52416710273696e-17
8.64593796159533e-08 -0.00134311082039219 -0.000392870862575799 -112277.008766306 386525.318025654 1.3548724705653e-16 4.51624156855099e-17
8.66203840472679e-08 -0.00135830853295298 -0.00032993540094921 -94393.1321436135 390892.7295523 1.35235722505866e-16 4.50785741686219e-17
8.67813884785825e-08 -0.001370594327514 -0.000266431496263669 -76307.1827322562 394423.33460653 1.34972592089512e-16 4.49908640298374e-17
8.69423929098972e-08 -0.00137994190317062 -0.000202495094968026 -58057.8781608389 397109.575019725 1.34700107795045e-16 4.49000359316816e-17
8.71033973412118e-08 -0.00138633124903182 -0.000138263069381419 -39684.2857617217 398945.700203057 1.34420601664704e-16 4.48068672215679e-17
8.72644017725264e-08 -0.00138974868705866 -7.38729246828478e-05 -21225.7389373412 399927.779458097 1.34136465836735e-16 4.47121552789117e-17
8.74254062038411e-08 -0.00139018690134567 -9.46250454596067e-06 -2721.75295694234 400053.710391491 1.33850132072405e-16 4.46167106908017e-17
8.75864106351557e-08 -0.00138764495378241 5.48303039508018e-05 15788.0596360244 399323.223415671 1.335640509439e-16 4.45213503146332e-17
8.77474150664703e-08 -0.00138212828606173 0.000118867865506979 34264.0738247449 397737.882325979 1.33280670861235e-16 4.44268902870784e-17
8.79084194977849e-08 -0.00137364870803045 0.000182513091243865 52666.7369465863 395301.080952957 1.33002417117671e-16 4.43341390392238e-17
8.80694239290996e-08 -0.00136222437240731 0.000245629732178535 70956.6533657493 392018.035896985 1.3273167113297e-16 4.42438903776565e-17
8.82304283604142e-08 -0.00134787973592243 0.000308082670899846 89094.6688097636 387895.7753608 1.32470750072139e-16 4.4156916690713e-17
8.83914327917288e-08 -0.00133064550696138 0.000369738210822027 107041.954189284 382943.124103824 1.32221887014104e-16 4.40739623380348e-17
8.85524372230435e-08 -0.00131055857982597 0.000430464362396626 124760.088721745 377170.684550491 1.31987211840019e-16 4.39957372800063e-17
8.87134416543581e-08 -0.00128766195575253 0.000490131125670098 142211.142180939 370590.814093034 1.31768733004791e-16 4.39229110015969e-17
8.88744460856727e-08 -0.00126200465085665 0.000548610768582161 159357.756096416 363217.598637305 1.3156832034783e-16 4.385610678261e-17
8.90354505169873e-08 -0.00123364159120162 0.000605778100409134 176163.223728911 355066.822448268 1.31387689090128e-16 4.37958963633759e-17
8.9196454948302e-08 -0.00120263349521505 0.000661510739766903 192591.568650562 346155.934359718 1.31228385154628e-16 4.37427950515426e-17
8.93574593796166e-08 -0.00116904674370541 0.000715689376599756 208607.62176171 336504.010420568 1.31091771935531e-16 4.36972573118436e-17
8.95184638109312e-08 -0.00113295323775688 0.000768198027594267 224177.096579406 326131.713057647 1.30979018629755e-16 4.3659672876585e-17
8.96794682422458e-08 -0.00109443024480655 0.000818924284471415 239266.662636456 315061.24684247 1.30891090230429e-16 4.3630363410143e-17
8.98404726735605e-08 -0.00105356023323359 0.000867759554625436 253844.016833855 303316.31095663 1.30828739268049e-16 4.36095797560164e-17
9.00014771048751e-08 -0.00101043069581449 0.000914599293594239 267877.952593889 290922.048457606 1.30792499369988e-16 4.3597499789996e-17
9.01624815361897e-08 -0.000965133962422204 0.000959343228863722 281338.426665839 277904.992453579 1.30782680693471e-16 4.35942268978238e-17
9.03234859675044e-08 -0.000917767002370355 0.0010018955745269 294196.623441296 264293.009302484 1.30799367271117e-16 4.35997890903722e-17
9.0484490398819e-08 -0.000868431216825436 0.00104216523633828 306425.016641382 250115.238956902 1.30842416291743e-16 4.36141387639143e-17
9.06454948301336e-08 -0.000817232221731525 0.00108006600672453 317997.428243831 235402.032582491 1.30911459322613e-16 4.36371531075376e-17
9.08064992614482e-08 -0.000764279621712186 0.00111551674933398 328889.084523787 220184.88758351 1.31005905462644e-16 4.36686351542147e-17
9.09675036927629e-08 -0.000709686775433561 0.00114844157272988 339076.669088335 204496.380174516 1.31124946399606e-16 4.37083154665354e-17
9.11285081240775e-08 -0.000653570552930984 0.0011787699928555 348538.372791235 188370.095642597 1.31267563328016e-16 4.37558544426719e-17
9.12895125553921e-08 -0.00059605108541859 0.00120643708392342 357253.940421021 171840.55644942 1.31432535668529e-16 4.3810845222843e-17
9.14505169867068e-08 -0.00053725150811754 0.00123138361740591 365204.714062483 154943.148327022 1.31618451514206e-16 4.3872817171402e-17
9.16115214180214e-08 -0.000477297696653399 0.00125355618882879 372373.673038744 137714.044525543 1.31823719714239e-16 4.39412399047462e-17
9.1772525849336e-08 -0.000416317997586967 0.00127290733209745 378745.470348392 120190.128375076 1.32046583491731e-16 4.40155278305769e-17
9.19335302806506e-08 -0.000354442953655436 0.00128939562111028 384306.465519691 102408.914327408 1.32285135478979e-16 4.40950451596597e-17
9.20945347119653e-08 -0.000291805024312075 0.00130298575844187 389044.753811517 84408.4676466831 1.32537334041578e-16 4.41791113471925e-17
9.22555391432799e-08 -0.000228538302162683 0.00131364865090624 392950.191698521 66227.3229209106 1.32801020751635e-16 4.42670069172118e-17
9.24165435745945e-08 -0.00016477822590586 0.00132136147183829 396014.418585957 47904.4015687615 1.33073938860568e-16 4.43579796201892e-17
9.25775480059092e-08 -0.000100661290391624 0.00132610770996014 398230.874707682 29478.9285182579 1.33353752613356e-16 4.44512508711187e-17
9.27385524372238e-08 -3.63247544190631e-05 0.00132787720472778 399594.815169027 10990.348235721 1.33638067238984e-16 4.45460224129945e-17
9.28995568685384e-08 2.80936531014491e-05 0.00132666616808234 400103.320104466 -7521.75971525921 1.33924449445955e-16 4.46414831486516e-17
9.3060561299853e-08 9.24560279924217e-05 0.00132247719255938 399755.300928334 -26017.765404064 1.3421044824749e-16 4.47368160824965e-17
9.32215657311677e-08 0.000156624586028626 0.00131531924573892 398551.502665232 -44458.0733711105 1.34493615938163e-16 4.48312053127209e-17
9.33825701624823e-08 0.000220461957899684 0.00130520765104802 396494.502355103 -62803.2073921213 1.3477152904246e-16 4.49238430141533e-17
9.35435745937969e-08 0.000283831483284425 0.00129216405495703 393588.70353642 -81013.8949871408 1.35041809055962e-16 4.50139363519874e-17
9.37045790251115e-08 0.000346597503407469 0.00127621638063978 389840.326819276 -99051.1514933842 1.35302142801651e-16 4.51007142672169e-17
9.38655834564262e-08 0.000408625651451744 0.00125739876819681 385257.396568571 -116876.363521939 1.35550302227105e-16 4.51834340757018e-17
9.40265878877408e-08 0.000469783140205232 0.00123575150156971 379849.723725788 -134451.371619662 1.35784163473175e-16 4.52613878243917e-17
9.41875923190554e-08 0.000529939046326164 0.001211320922303 373628.884806154 -151738.551959305 1.36001725050911e-16 4.53339083503036e-17
9.43485967503701e-08 0.000588964590618125 0.00118415933033808 366608.197116128 -168700.896883001 1.36201124971201e-16 4.54003749904004e-17
9.45096011816847e-08 0.000646733413715062 0.00115432487205181 358802.690244278 -185302.094126678 1.36380656680509e-16 4.5460218893503e-17
9.46706056129993e-08 0.000703121846586019 0.00112188141577916 350229.073886583 -201506.604555803 1.36538783666315e-16 4.55129278887716e-17
9.48316100443139e-08 0.000758009175280521 0.00108689841508667 340905.702075026 -217279.738246045 1.3667415260728e-16 4.55580508690934e-17
9.49926144756286e-08 0.000811277899347849 0.00104945076008916 330852.533886066 -232587.728745987 1.36785604955574e-16 4.5595201651858e-17
9.51536189069432e-08 0.000862813983376989 0.00100961861712822 320091.090713101 -247397.805362898 1.36872186852243e-16 4.56240622840809e-17
9.53146233382578e-08 0.000912507101118773 0.000967487257155494 308644.410194384 -261678.263316842 1.3693315729076e-16 4.56443857635868e-17
9.54756277695725e-08 0.000960250871667605 0.000923146873188276 296536.996895035 -275398.531612909 1.36967994458895e-16 4.56559981529651e-17
9.56366322008871e-08 0.00100594308719716 0.000876692387228147 283794.76984871 -288529.238486301 1.36976400204609e-16 4.56588000682031e-17
9.57976366322017e-08 0.00104948593176254 0.00082822324705601 270445.007071241 -301042.274280154 1.36958302587778e-16 4.56527675292593e-17
9.59586410635163e-08 0.00109078619070049 0.000777843213338519 256516.287165024 -312910.851621486 1.36913856495886e-16 4.56379521652952e-17
9.6119645494831e-08 0.00112975545017932 0.000725660137501672 242038.428139166 -324109.562766467 1.3684344231843e-16 4.56144807728098e-17
9.62806499261456e-08 0.00116631028647153 0.000671785730847089 227042.423576366 -334614.43399223 1.36747662691376e-16 4.55825542304586e-17
9.64416543574602e-08 0.00120037244454371 0.000616335325405215 211560.376283175 -344402.976918796 1.36627337339533e-16 4.55424457798443e-17
9.66026587887749e-08 0.00123186900558161 0.000559427627037438 195625.429565674 -353454.236651235 1.3648349606098e-16 4.54944986869933e-17
9.67636632200895e-08 0.00126073254309161 0.000501184461315647 179271.696277706 -361748.836639013 1.36317369913596e-16 4.54391233045319e-17
9.69246676514041e-08 0.00128690126724448 0.000441730512723245 162534.185793528 -369269.020156482 1.36130380679115e-16 4.53767935597049e-17
9.70856720827187e-08 0.00131031915715242 0.000381193057735927 145448.729061241 -375998.688315725 1.35924128694886e-16 4.53080428982952e-17
9.72466765140334e-08 0.00133093608079617 0.000319701692353638 128051.901897421 -381923.434530364 1.35700379157469e-16 4.52334597191562e-17
9.7407680945348e-08 0.00134870790234551 0.000257388054666983 110380.946687179 -387030.575356566 1.35461047015296e-16 4.5153682338432e-17
9.75686853766626e-08 0.00136359657664335 0.000194385543052021 92473.6926572452 -391309.177645219 1.35208180579688e-16 4.50693935265627e-17
9.77296898079772e-08 0.0013755702306512 0.000130829030596719 74368.4748927783 -394750.081947152 1.34943943994491e-16 4.49813146648303e-17
9.78906942392919e-08 0.00138460323168158 6.68545763703964e-05 56104.0522712516 -397345.922121289 1.34670598714367e-16 4.48901995714555e-17
9.80516986706065e-08 0.0013906762422714 2.59913415427907e-06 37719.5244891015 -399091.141103775 1.34390484150255e-16 4.4796828050085e-17
9.82127031019211e-08 0.0013937762615788 -6.17997407433107e-05 19254.2483587661 -399982.002804296 1.34105997647651e-16 4.47019992158836e-17
9.83737075332358e-08 0.00139389665321473 -0.000126204185959488 747.753555301148 -400016.600104145 1.33819573969049e-16 4.46065246563497e-17
9.85347119645504e-08 0.00139103715944993 -0.000190476327206667 -17760.3420070614 -399194.8589389 1.33533664456163e-16 4.45112214853877e-17
9.8695716395865e-08 0.00138520390176661 -0.000254478573427952 -36230.4169872534 -397518.538456976 1.33250716050246e-16 4.44169053500818e-17
9.88567208271796e-08 0.00137640936775385 -0.000318073911346202 -54622.931437046 -394991.227253716 1.32973150350074e-16 4.43243834500248e-17
9.90177252584943e-08 0.00136467238437473 -0.000381126198776202 -72898.5114464839 -391618.33568908 1.32703342886828e-16 4.42344476289428e-17
9.91787296898089e-08 0.00135001807766233 -0.000443500456072045 -91018.033433871 -387407.084305378 1.32443602793231e-16 4.41478675977436e-17
9.93397341211235e-08 0.00133247781893104 -0.000505063155085801 -108942.707899864 -382366.488369839 1.32196153040962e-16 4.40653843469872e-17
9.95007385524382e-08 0.00131208915761813 -0.000565682505018869 -126634.162466378 -376507.338575112 1.31963111415473e-16 4.39877038051575e-17
9.96617429837528e-08 0.00128889574089959 -0.000625228734554102 -144054.524022536 -369842.177939014 1.31746472391034e-16 4.39154907970112e-17
9.98227474150674e-08 0.00126294722025203 -0.000683574369664698 -161166.499801804 -362385.274952972 1.31548090061133e-16 4.3849363353711e-17
9.9983751846382e-08 0.001234299145161 -0.000740594506505162 -177933.457216763 -354152.593036641 1.31369662270315e-16 4.37898874234384e-17
1.00144756277697e-07 0.00120301284420297 -0.000796167078800121 -194319.502280578 -345161.756364105 1.31212716083272e-16 4.37375720277575e-17
1.00305760709011e-07 0.00116915529375577 -0.000850173119158603 -210289.556447321 -335432.012134789 1.3107859471554e-16 4.369286490518e-17
1.00466765140326e-07 0.00113279897461837 -0.000902497013754344 -225809.431706623 -324984.189369881 1.3096844603766e-16 4.36561486792202e-17
1.00627769571641e-07 0.00109402171684711 -0.00095302674982694 -240845.903771904 -313840.654322452 1.30883212751194e-16 4.36277375837313e-17
1.00788774002955e-07 0.00105290653314047 -0.00100165415547398 -255366.783205513 -302025.262596733 1.30823624320658e-16 4.36078747735526e-17
1.0094977843427e-07 0.00100954144112893 -0.00104827513122083 -269340.984328498 -289563.308079059 1.30790190730443e-16 4.35967302434811e-17
1.01110782865584e-07 0.00096401927495071 -0.00109278987287236 -282738.591767503 -276481.468789793 1.30783198120142e-16 4.35943993733806e-17
1.01271787296899e-07 0.000916437486516294 -0.0011351030851695 -295530.924496324 -262807.749772165 1.30802706335633e-16 4.36009021118778e-17
1.01432791728214e-07 0.000866897936887613 -0.00117512418579327 -307690.597235021 -248571.423140261 1.30848548416901e-16 4.36161828056337e-17
1.01593796159528e-07 0.0008155066782182 -0.00121276749927951 -319191.579075162 -233802.96541454 1.30920332026948e-16 4.36401106756492e-17
1.01754800590843e-07 0.000762373726721274 -0.0012479524404293 -330009.249205675 -218533.992278996 1.31017442809591e-16 4.36724809365304e-17
1.01915805022158e-07 0.000707612827151727 -0.0012806036868223 -340120.449620036 -202797.190899647 1.31139049647399e-16 4.37130165491331e-17
1.02076809453472e-07 0.000651341209306201 -0.00131065134006376 -349503.534691936 -186626.249949252 1.31284111774764e-16 4.37613705915879e-17
1.02237813884787e-07 0.00059367933706255 -0.00133803107542003 -358138.417513316 -170055.787488034 1.31451387685237e-16 4.38171292284124e-17
1.02398818316101e-07 0.000534750650495909 -0.00136268427952221 -366006.612895562 -153121.276854815 1.31639445756899e-16 4.38798152522996e-17
1.02559822747416e-07 0.000474681301623446 -0.00138455817584314 -373091.276941809 -135858.970727207 1.31846676504814e-16 4.39488921682714e-17
1.02720827178731e-07 0.000413599884343514 -0.00140360593767912 -379377.243105635 -118305.823513424 1.32071306355727e-16 4.40237687852423e-17
1.02881831610045e-07 0.000351637159147315 -0.00141978678839458 -384851.054658957 -100499.412241868 1.32311412827088e-16 4.41038042756961e-17
1.0304283604136e-07 0.000288925773192429 -0.00143306608871488 -389500.993499619 -82477.8561178244 1.32564940980523e-16 4.41883136601745e-17
1.03203840472675e-07 0.00022559997633743 -0.00144341541088065 -393317.105237007 -64279.7349194964 1.3282972100891e-16 4.42765736696365e-17
1.03364844903989e-07 0.000161795333745531 -0.00145081259950469 -396291.220501982 -45944.0064080636 1.33103486806555e-16 4.43678289355184e-17
1.03525849335304e-07 9.76484356724561e-05 -0.00145524181900132 -398416.972435519 -27509.9229285682 1.33383895363544e-16 4.44612984545147e-17
1.03686853766618e-07 3.32966050598597e-05 -0.00145669358748645 -399689.810318603 -9016.9473801701 1.33668546818259e-16 4.4556182272753e-17
1.03847858197933e-07 -3.11223964397708e-05 -0.00145516479707609 -400107.009314219 9495.33126434288 1.33955004996471e-16 4.46516683321569e-17
1.04008862629248e-07 -9.54706633773797e-05 -0.0014506587205395 -399667.676300562 27987.2827089388 1.34240818261203e-16 4.47469394204011e-17
1.04169867060562e-07 -0.000159610441729443 -0.001443185004293 -398372.751782996 46419.3201731876 1.34523540494939e-16 4.48411801649796e-17
1.04330871491877e-07 -0.000223404423795901 -0.00143275964774938 -396225.007880664 64751.9851379514 1.34800752034581e-16 4.49335840115271e-17
1.04491875923192e-07 -0.000286716042142627 -0.00141940496906696 -393229.042392048 82946.031816498 1.35070080380017e-16 4.50233601266722e-17
1.04652880354506e-07 -0.000349409761959155 -0.0014031495573719 -389391.268952198 100962.511170206 1.35329220499025e-16 4.51097401663417e-17
1.04813884785821e-07 -0.000411351371205824 -0.0013840282115558 -384719.903302703 118762.854289006 1.35575954554777e-16 4.51919848515924e-17
1.04974889217136e-07 -0.000472408267929179 -0.00136208186577969 -379224.945703775 136308.954958053 1.35808170887072e-16 4.52693902956906e-17
1.0513589364845e-07 -0.000532449744130578 -0.00133735750184395 -372918.15952612 153563.251233889 1.36023882084866e-16 4.53412940282887e-17
1.05296898079765e-07 -0.000591347265580293 -0.00130990804861168 -365813.046068418 170488.805855449 1.36221241995427e-16 4.54070806651424e-17
1.05457902511079e-07 -0.000648974746978108 -0.00127979226870085 -357924.81565432 187049.385317767 1.36398561524531e-16 4.54661871748437e-17
1.05618906942394e-07 -0.000705208821871344 -0.00124707463268775 -349270.355070831 203209.537439125 1.36554323092484e-16 4.55181076974948e-17
1.05779911373709e-07 -0.000759929106752497 -0.00121182518109121 -339868.191417804 218934.667255563 1.36687193622251e-16 4.55623978740835e-17
1.05940915805023e-07 -0.000813018458771115 -0.00117411937443279 -329738.452445909 234191.111080308 1.36796035948517e-16 4.55986786495057e-17
1.06101920236338e-07 -0.000864363226508209 -0.00113403793169412 -318902.823468007 248946.208569554 1.36879918550064e-16 4.56266395166879e-17
1.06262924667653e-07 -0.000913853493276364 -0.00109166665751717 -307384.500936158 263168.372640331 1.36938123522138e-16 4.56460411740461e-17
1.06423929098967e-07 -0.000961383312424691 -0.00104709625851732 -295208.142783645 276827.157090788 1.36970152720604e-16 4.56567175735348e-17
1.06584933530282e-07 -0.00100685093414489 -0.00100042214910253 -282399.815638323 289893.32177812 1.36975732025282e-16 4.56585773417608e-17
1.06745937961596e-07 -0.00105015902329292 -0.000951744247214205 -268986.939020294 302338.89521462 1.36954813685992e-16 4.56516045619974e-17
1.06906942392911e-07 -0.00109121486775987 -0.000901166760427181 -254998.226643372 314137.234447841 1.3690757673122e-16 4.56358589104067e-17
1.07067946824226e-07 -0.00112993057694615 -0.000848797962866561 -240463.624945984 325263.082096698 1.36834425435913e-16 4.56114751453045e-17
1.0722895125554e-07 -0.00116622326991389 -0.0007947499634191 -225414.248983119 335692.620421386 1.36735985861515e-16 4.55786619538385e-17
1.07389955686855e-07 -0.00120001525281493 -0.000739138465735287 -209882.315816542 345403.522311386 1.36613100497851e-16 4.55377001659504e-17
1.0755096011817e-07 -0.00123123418521449 -0.000682082520535908 -193901.075545885 354374.999082384 1.36466821052724e-16 4.5488940350908e-17
1.07711964549484e-07 -0.00125981323495449 -0.000623704270753339 -177504.740128251 362587.844979806 1.36298399450931e-16 4.54327998169768e-17
1.07872968980799e-07 -0.00128569122122498 -0.000564128690053176 -160728.41013872 370024.478293673 1.36109277119729e-16 4.53697590399097e-17
1.08033973412113e-07 -0.0013088127455374 -0.000503483315295941 -143607.999628532 376668.978996775 1.35901072652462e-16 4.53003575508207e-17
1.08194977843428e-07 -0.00132912831031932 -0.000441897973511614 -126180.159241821 382507.122825591 1.35675567955912e-16 4.52251893186372e-17
1.08355982274743e-07 -0.0013465944248767 -0.000379504503971471 -108482.19775548 387526.411730978 1.35434692999945e-16 4.51448976666483e-17
1.08516986706057e-07 -0.00136117369849694 -0.000316436475952198 -90552.0022101225 391716.100633468 1.35180509299972e-16 4.50601697666574e-17
1.08677991137372e-07 -0.00137283492049331 -0.000252828902796482 -72427.9568031251 395067.220425872 1.34915192273575e-16 4.49717307578585e-17
1.08838995568687e-07 -0.00138155312701944 -0.00018881795288221 -54148.8607173744 397572.59717396 1.34641012622315e-16 4.48803375407717e-17
1.09000000000001e-07 -0.0013873096545109 -0.000124540658119021 -35753.8450616326 399226.867474118 1.34360316898052e-16 4.47867722993505e-17
