0 -0.00139 0 0 400000 1.33808e-16 4.46026666666667e-17
2.79487179487179e-10 -0.00138102096503312 0.000111073702141541 32126.8223585574 397419.668212854 1.3295039558974e-16 4.43167985299133e-17
5.58974358974359e-10 -0.00136312081732272 0.000220709717118873 64046.4000647353 392275.649918892 1.32120452710197e-16 4.40401509033989e-17
8.38461538461538e-10 -0.00133641502766913 0.000328200801695839 95552.8253660651 384601.128302908 1.31339552104727e-16 4.37798507015757e-17
1.11794871794872e-09 -0.0013010758705672 0.000432853549216519 126442.855685786 374445.610395093 1.30627811104106e-16 4.35426037013687e-17
1.3974358974359e-09 -0.00125733131289295 0.000533992862653313 156517.224706048 361874.607709629 1.30003565369794e-16 4.33345217899312e-17
1.67692307692308e-09 -0.00120546354332807 0.000630966309542743 185581.927800947 346969.21364108 1.29482896536039e-16 4.31609655120131e-17
1.95641025641026e-09 -0.0011458071520089 0.000723148330716014 213449.473527285 329825.580344733 1.29079217919569e-16 4.30264059731897e-17
2.23589743589744e-09 -0.00107874697214252 0.000809944275674535 239940.093099894 310554.298475443 1.28802928969683e-16 4.29343096565609e-17
2.51538461538462e-09 -0.00100471559751333 0.000890794238578877 264882.900049411 289279.683786175 1.2866114736071e-16 4.28870491202368e-17
2.79487179487179e-09 -0.000924190591894326 0.000965176670105859 288116.992581756 266138.975188286 1.28657525628591e-16 4.28858418761969e-17
3.07435897435897e-09 -0.00083769140836466 0.0010326117418743 309492.491528163 241281.449446704 1.28792157075317e-16 4.29307190251055e-17
3.35384615384615e-09 -0.000745776038406391 0.00109266444173606 328871.507190137 214867.458220983 1.29061573365318e-16 4.30205244551061e-17
3.63333333333333e-09 -0.000649037412396595 0.00114494737996525 346129.028842387 187067.393664084 1.29458833875699e-16 4.31529446252331e-17
3.91282051282051e-09 -0.000548099574714618 0.00118912328824328 361153.731155698 158060.589251661 1.29973704498514e-16 4.33245681661713e-17
4.19230769230769e-09 -0.000443613658138201 0.00122490719531925 373848.692337641 128034.162932385 1.30592921288834e-16 4.35309737629445e-17
4.47179487179487e-09 -0.000336253683496971 0.00125206826531093 384132.019358529 97181.8100619717 1.31300532166579e-16 4.37668440555263e-17
4.75128205128205e-09 -0.000226712211679013 0.00127043128678764 391937.376229389 65702.5539074701 1.32078307869296e-16 4.40261026230985e-17
5.03076923076923e-09 -0.000115695876038685 0.0012798778030293 397214.411924111 33799.4617821082 1.3290621156903e-16 4.43020705230102e-17
5.31025641025641e-09 -3.92082402534815e-06 0.00128034687617059 399929.085185333 1678.33509268428 1.33762915055175e-16 4.45876383517251e-17
5.58974358974359e-09 0.000107891902561697 0.00127183548030066 400063.884118785 -30453.6182502124 1.34626348185529e-16 4.48754493951765e-17
5.86923076923077e-09 0.0002190210188909 0.0012543985209828 397617.939159535 -62389.1204950976 1.35474267450786e-16 4.5158089150262e-17
6.14871794871795e-09 0.000328749649983908 0.00122814848106801 392607.028681404 -93922.1611630188 1.36284829005249e-16 4.5428276335083e-17
6.42820512820512e-09 0.000436369955153797 0.0011932546950873 385063.477213363 -124849.325986024 1.37037151401535e-16 4.56790504671782e-17
6.7076923076923e-09 0.000541187694164636 0.00114994225690352 375035.946919517 -154971.109097916 1.37711853532253e-16 4.59039511774178e-17
6.98717948717948e-09 0.00064252670565686 0.00109849056766924 362589.123687773 -184093.200012571 1.38291553920372e-16 4.60971846401241e-17
7.26666666666666e-09 0.00073973326894889 0.00103923153345753 347803.299852218 -212027.737087752 1.38761318495696e-16 4.62537728318985e-17
7.54615384615384e-09 0.000832180321077772 0.000972547424192537 330773.856240955 -238594.519388522 1.39109045321969e-16 4.63696817739896e-17
7.82564102564102e-09 0.000919271501875416 0.000898868407691332 311610.646890654 -263622.16913275 1.39325776363388e-16 4.64419254544626e-17
8.1051282051282e-09 0.00100044500098634 0.00081866977472473 290437.29039689 -286949.237219954 1.3940592825887e-16 4.64686427529568e-17
8.38461538461538e-09 0.00107517718201047 0.000732468872997552 267390.372471668 -308425.244711919 1.39347436158956e-16 4.64491453863188e-17
8.66410256410256e-09 0.00114298596039227 0.000640821769826819 242618.564852282 -327911.653546662 1.39151806919849e-16 4.63839356399497e-17
8.94358974358974e-09 0.00120343391326595 0.000544319665046306 216281.666245296 -345282.760223851 1.38824080284232e-16 4.62746934280772e-17
9.22307692307692e-09 0.00125613110119586 0.000443585077277245 188549.571492336 -360426.506696642 1.38372699048904e-16 4.61242330163012e-17
9.5025641025641e-09 0.00130073758360922 0.000339267828166848 159601.17560744 -373245.203239034 1.37809291563943e-16 4.59364305213143e-17
9.78205128205128e-09 0.00133696561169483 0.000232040850499684 129623.219755829 -383656.158625634 1.37148372166587e-16 4.57161240555289e-17
1.00615384615385e-08 0.00136458148462153 0.000122595847223037 98809.0866184987 -391592.213558643 1.36406967267161e-16 4.54689890890536e-17
1.03410256410256e-08 0.00138340705710249 1.16388293891563e-05 67357.5529135167 -397002.173901043 1.35604176719725e-16 4.52013922399084e-17
1.06205128205128e-08 0.00139332088857999 -0.00010011443820165 35471.507121317 -399851.140921235 1.34760681777276e-16 4.49202272590919e-17
1.09e-08 0.00139425902661779 -0.000211943054277678 3356.64068570944 -400120.736418813 1.33898212307411e-16 4.46327374358035e-17
1.11794871794872e-08 0.0013862154194474 -0.000323125631506992 -28779.8788665465 -397809.221279197 1.330389869939e-16 4.43463289979667e-17
1.14589743589744e-08 0.00136924195500697 -0.000432944950044089 -60730.7443281285 -392931.506692365 1.32205140945517e-16 4.40683803151722e-17
1.17384615384615e-08 0.0013434481262211 -0.000540692584192809 -92289.8461145933 -385519.05796331 1.31418155457899e-16 4.38060518192997e-17
1.20179487179487e-08 0.0013090003246806 -0.000645673472339692 -123253.601842157 -375619.691534722 1.3069830461876e-16 4.35661015395865e-17
1.22974358974359e-08 0.00126612076727875 -0.000747210400677919 -153422.269602938 -363297.266531271 1.30064133012823e-16 4.33547110042744e-17
1.25769230769231e-08 0.00121508606272801 -0.000844648371798089 -182601.236465937 -348631.272815286 1.29531977981712e-16 4.31773259939041e-17
1.28564102564103e-08 0.00115622542720439 -0.00093735882996481 -210602.273891873 -331716.318211204 1.29115548746177e-16 4.30385162487258e-17
1.31358974358974e-08 0.00108991856063 -0.00102474371582256 -237244.751963388 -312661.518206635 1.28825573233201e-16 4.29418577444002e-17
1.34153846153846e-08 0.00101659319729368 -0.00110623932437461 -262356.804597842 -291589.792066951 1.28669521706309e-16 4.28898405687696e-17
1.36948717948718e-08 0.00093672234660998 -0.0011813199413478 -285776.438226101 -268637.069904073 1.28651414318852e-16 4.28838047729505e-17
1.3974358974359e-08 0.000850821241816103 -0.00124950123448569 -307352.576785429 -243951.415814497 1.28771717547997e-16 4.29239058493322e-17
1.42538461538462e-08 0.000759444016290182 -0.00131034337789337 -326946.036285407 -217692.072743058 1.29027332177484e-16 4.30091107258279e-17
1.45333333333333e-08 0.00066318012893133 -0.00136345388927924 -344430.422660113 -190028.435233847 1.29411673138719e-16 4.3137224379573e-17
1.48128205128205e-08 0.000562650561660813 -0.0014084901617914 -359692.947114694 -161138.956694898 1.29914839153366e-16 4.33049463844552e-17
1.50923076923077e-08 0.000458503813573571 -0.00144516167411602 -372635.153706644 -131209.99822568 1.30523867807154e-16 4.35079559357182e-17
1.53717948717949e-08 0.000351411717581148 -0.00147323186458074 -383173.554468302 -100434.62643343 1.3122306948377e-16 4.37410231612568e-17
1.56512820512821e-08 0.000242065106532147 -0.00149251965717377 -391240.167973489 -69011.3679933886 1.31994431556115e-16 4.39981438520385e-17
1.59307692307692e-08 0.000131169356767335 -0.00150290062963426 -396782.957874101 -37142.9289870781 1.32818082422288e-16 4.42726941407625e-17
1.62102564102564e-08 1.94398378571538e-05 -0.00150430781607916 -399766.168577712 -5034.88727993497 1.33672803431921e-16 4.45576011439736e-17
1.64897435897436e-08 -9.24027021253792e-05 -0.0014967321389887 -400170.555900806 27105.6336264409 1.34536575514789e-16 4.48455251715964e-17
1.67692307692308e-08 -0.000203636786027584 -0.00148022246776387 -397993.511209724 59071.3007126742 1.35387146429591e-16 4.51290488098637e-17
1.7048717948718e-08 -0.000313544861743194 -0.00145488530347833 -393249.078248512 90655.9089115652 1.36202604019618e-16 4.54008680065393e-17
1.73282051282051e-08 -0.000421417931018626 -0.00142088409185808 -385967.862545123 121655.711301813 1.36961940707264e-16 4.56539802357547e-17
1.76076923076923e-08 -0.000526560123079809 -0.00137843816892099 -376196.83398038 151870.733444662 1.37645594685037e-16 4.58818648950122e-17
1.78871794871795e-08 -0.000628293183575879 -0.00132782134607751 -363999.023793279 181106.063384899 1.38235953861064e-16 4.60786512870212e-17
1.81666666666667e-08 -0.000725960849882332 -0.00126936014382004 -349453.117977218 209173.108994644 1.38717809576602e-16 4.62392698588675e-17
1.84461538461539e-08 -0.000818933084539301 -0.0012034316853948 -332652.949690073 235890.814549002 1.39078748407015e-16 4.63595828023385e-17
1.8725641025641e-08 -0.000906610139515768 -0.00113046126404419 -313706.893952495 261086.828685669 1.3930947195275e-16 4.64364906509166e-17
1.90051282051282e-08 -0.000988426425081834 -0.00105091959951254 -292737.168539136 284598.616214178 1.39404036381959e-16 4.64680121273197e-17
1.92846153846154e-08 -0.00106385415833162 -0.000965319801513321 -269879.045572625 306274.5066027 1.39360005553746e-16 4.6453335184582e-17
1.95641025641026e-08 -0.00113240676782078 -0.00087421405974592 -245279.978906176 325974.672378774 1.39178513777304e-16 4.63928379257679e-17
1.98435897435898e-08 -0.00119364203235593 -0.000778190081814019 -219098.652923921 343572.031132489 1.38864236590176e-16 4.62880788633922e-17
2.01230769230769e-08 -0.00124716493368812 -0.000677867302024083 -191503.958895016 358953.06530344 1.38425270308444e-16 4.61417567694814e-17
2.04025641025641e-08 -0.00129263020470825 -0.000573892885520279 -162673.905484858 372018.554463152 1.37872923451817e-16 4.59576411506056e-17
2.06820512820513e-08 -0.00132974455670625 -0.000466937553532494 -132794.470451545 382684.215369141 1.37221425416891e-16 4.57404751389637e-17
2.09615384615385e-08 -0.00135826857132656 -0.000357691256668058 -102058.400935074 390881.24566174 1.36487559903636e-16 4.54958533012119e-17
2.12410256410257e-08 -0.00137801824501514 -0.000246858724158042 -70663.9700784086 396556.767696389 1.35690232538671e-16 4.52300775128905e-17
2.15205128205128e-08 -0.00138886617599498 -0.000135154917769158 -38813.6980012446 399674.1696483 1.348499838341e-16 4.49499946113668e-17
2.18e-08 -0.00139074238611324 -2.33004197073327e-05 -6713.04537725743 400213.3416891 1.33988460028899e-16 4.46628200096331e-17
2.20794871794872e-08 -0.0013836347722584 8.7983215735224e-05 25430.9119576685 398170.8057119 1.33127855444905e-16 4.43759518149682e-17
2.23589743589744e-08 -0.00136758918443537 0.000197978116803708 57410.8188163432 393559.73776797 1.32290340723248e-16 4.40967802410825e-17
2.26384615384616e-08 -0.00134270912999491 0.000305974725148992 89020.3782732232 386409.883070282 1.31497491670845e-16 4.38324972236149e-17
2.29179487179487e-08 -0.00130915510592535 0.000411276373067532 120055.682450698 376767.364112209 1.30769733430832e-16 4.35899111436107e-17
2.31974358974359e-08 -0.00126714356351395 0.000513203777585922 150316.527894035 364694.383139192 1.30125814296061e-16 4.33752714320203e-17
2.34769230769231e-08 -0.00121694551205646 0.000611099422399511 179607.707049726 350268.820892656 1.29582322721113e-16 4.31941075737043e-17
2.37564102564103e-08 -0.00115888477062246 0.000704331799397959 207740.267516126 333583.734214632 1.29153259975433e-16 4.30510866584776e-17
2.40358974358975e-08 -0.00109333587915373 0.000792299482416367 234532.73094317 314746.755753936 1.2884967944676e-16 4.294989314892e-17
2.43153846153846e-08 -0.00102072168237093 0.000874435006932899 259812.263718267 293879.399646307 1.28679401887018e-16 4.28931339623392e-17
2.45948717948718e-08 -0.000941510602074462 0.000950208530685645 283415.791886458 271116.277647442 1.28646813936412e-16 4.28822713121374e-17
2.4874358974359e-08 -0.000856213615435274 0.0010191312515947 305191.05311269 246604.230775511 1.28752755116103e-16 4.2917585038701e-17
2.51538461538462e-08 -0.000765380958768303 0.00108075856094101 324997.578900174 220501.382064793 1.28994496200706e-16 4.29981654002354e-17
2.54333333333334e-08 -0.000669598578051819 0.00113469291146143 342707.600728704 192976.116540947 1.29365809527794e-16 4.31219365092645e-17
2.57128205128205e-08 -0.000569484349089851 0.00118058638185829 358206.874267592 164205.994997924 1.29857129433092e-16 4.32857098110308e-17
2.59923076923077e-08 -0.000465684091700739 0.00121814292118036 371395.416346363 134376.608583569 1.30455798678304e-16 4.34852662261012e-17
2.62717948717949e-08 -0.000358867403643621 0.00124712025859708 382188.149929137 103680.381582771 1.31146394523137e-16 4.37154648410456e-17
2.65512820512821e-08 -0.000249723341157476 0.00126733146624635 390515.45293208 72315.33012122 1.3191112604139e-16 4.39703753471301e-17
2.68307692307693e-08 -0.000138955973976831 0.00127864616507427 396323.607343592 40483.7847971444 1.32730292445539e-16 4.42434308151795e-17
2.71102564102564e-08 -2.72798434979728e-05 0.00128099136588822 399575.145750042 8391.08548112865 1.33582790612602e-16 4.45275968708674e-17
2.73897435897436e-08 8.4584646605748e-05 0.0012743519401977 400249.093031661 -23755.7432963761 1.34446658736569e-16 4.48155529121896e-17
2.76692307692308e-08 0.000195915877585163 0.00125877071780559 398341.101669466 -55749.3278249935 1.35299642101954e-16 4.50998807006514e-17
2.7948717948718e-08 0.000305995670654776 0.00123434821052044 393863.47979036 -87383.2829468639 1.36119766403211e-16 4.53732554677369e-17
2.82282051282052e-08 0.000414113919841638 0.00120124196377193 386845.111769506 -118453.543412102 1.36885903840296e-16 4.5628634613432e-17
2.85076923076923e-08 0.00051957317275788 0.00115966554031215 377331.27190215 -148759.680268924 1.37578317406819e-16 4.58594391356062e-17
2.87871794871795e-08 0.000621693129747131 0.00110988714255873 365383.332346862 -178106.193796638 1.38179169348968e-16 4.60597231163227e-17
2.90666666666667e-08 0.000719815032381588 0.00105222788246676 351078.367224203 -206303.774640998 1.3867298069646e-16 4.622432689882e-17
2.93461538461539e-08 0.000813305913000293 0.000987059710090332 334508.655424725 -233170.525016573 1.39047030027197e-16 4.63490100090657e-17
2.96256410256411e-08 0.000901562677875575 0.000914803014196182 315781.085333578 -258533.132098334 1.39291681192789e-16 4.64305603975962e-17
2.99051282051282e-08 0.000984015997667838 0.000835923910407434 295016.465311766 -282227.986033136 1.39400631562159e-16 4.64668771873865e-17
3.01846153846154e-08 0.00106013398007204 0.000750931234371206 272348.744382016 -304102.235358979 1.3937107438807e-16 4.64570247960234e-17
3.04641025641026e-08 0.00112942560096426 0.000660373259346627 247924.148146471 -324014.773023724 1.3920377111371e-16 4.64012570379034e-17
3.07435897435898e-08 0.00119144387191457 0.000564834159387534 221900.235510267 -341837.146642626 1.38903031756625e-16 4.63010105855415e-17
3.1023076923077e-08 0.00124578872363317 0.000464930240935277 194444.882295908 -357454.387122754 1.38476603875313e-16 4.61588679584376e-17
3.13025641025641e-08 0.00129210958674917 0.000361305967130964 165735.198304958 -370765.750309013 1.37935472978917e-16 4.59784909929723e-17
3.15820512820513e-08 0.0013301076532738 0.000254629800493636 135956.384812921 -381685.366867504 1.37293579521778e-16 4.57645265072594e-17
3.18615384615385e-08 0.00135953780415982 0.000145589890782556 105300.539867388 -390142.796213953 1.36567459773569e-16 4.55224865911896e-17
3.21410256410257e-08 0.00138021019052263 3.48896358604634e-05 73965.4190962971 -396083.480913911 1.35775819816798e-16 4.52586066055994e-17
3.24205128205129e-08 0.00139199145832312 -7.67568558060917e-05 42153.1600200964 -399469.098623454 1.34939053646238e-16 4.4979684548746e-17
3.27e-08 0.00139480560861179 -0.000188629371738683 10068.9780970746 -400277.809300097 1.34078717784853e-16 4.46929059282842e-17
3.29794871794872e-08 0.00138863448778503 -0.000300006241414888 -22080.1570865672 -398504.396089174 1.33216975951021e-16 4.44056586503402e-17
3.32589743589744e-08 0.00137351790469092 -0.000410168991641761 -54086.8569422199 -394160.298976885 1.32376028083367e-16 4.41253426944557e-17
3.35384615384616e-08 0.00134955337382914 -0.000518406981303877 -85744.6517072855 -387273.540992894 1.31577538432503e-16 4.38591794775009e-17
3.38179487179488e-08 0.00131689548630156 -0.000624021985587983 -116849.322346406 -377888.547438542 1.30842077452995e-16 4.3614025817665e-17
3.40974358974359e-08 0.00127575491257139 -0.000726332700112192 -147200.217933634 -366065.859306805 1.30188591873395e-16 4.33961972911316e-17
3.43769230769231e-08 0.00122639704346398 -0.000824679135904375 -176601.55001734 -351881.742742673 1.29633916596211e-16 4.32113055320703e-17
3.46564102564103e-08 0.00116914027817583 -0.000918426876878464 -204863.655618124 -335427.697063253 1.29192341002121e-16 4.30641136673738e-17
3.49358974358975e-08 0.00110435397033572 -0.00100697117234444 -231804.220712352 -316809.864511279 1.28875240831172e-16 4.29584136103905e-17
3.52153846153847e-08 0.00103245604536735 -0.00108974083815189 -257249.456308833 -296148.345549605 1.28690785124316e-16 4.28969283747721e-17
3.54948717948718e-08 0.0009539103045238 -0.00116620194130159 -281035.219531965 -273576.424113601 1.28643725775e-16 4.28812419250001e-17
3.5774358974359e-08 0.000869223432984677 -0.00123586124425619 -303008.072479433 -249239.707819212 1.28735275112283e-16 4.29117583707609e-17
3.60538461538462e-08 0.000778941731316445 -0.00129826938673148 -323026.272023949 -223295.188673061 1.28963074669173e-16 4.29876915563912e-17
3.63333333333334e-08 0.000683647591380635 -0.00135302378444295 -340960.684173999 -195910.230343785 1.29321255940764e-16 4.31070853135881e-17
3.66128205128206e-08 0.000583955739423259 -0.00139977122610834 -356695.617095196 -167261.488527552 1.29800591566918e-16 4.32668638556392e-17
3.68923076923077e-08 0.000480509270580631 -0.00143821015195342 -370129.567418578 -137533.771372286 1.30388733044794e-16 4.34629110149314e-17
3.71717948717949e-08 0.000373975500382307 -0.00146809259902262 -381175.875021527 -106918.847311825 1.31070528847337e-16 4.36901762824456e-17
3.74512820512821e-08 0.000265041660012404 -0.00148922580074582 -389763.282057449 -75614.2080004555 1.31828414752434e-16 4.39428049174782e-17
3.77307692307693e-08 0.00015441046309843 -0.0015014734304426 -395836.392627983 -43821.7943279271 1.32642866327226e-16 4.4214288775742e-17
3.80102564102565e-08 4.27955726255003e-05 -0.0015047564807424 -399356.0301325 -11746.6937332133 1.33492901910773e-16 4.44976339702577e-17
3.82897435897436e-08 -6.90830027818684e-05 -0.00149905377324759 -400299.489989668 20404.1827795847 1.34356623137413e-16 4.47855410458044e-17
3.85692307692308e-08 -0.000180503553512616 -0.00148440209515174 -398660.68610084 52423.4353888404 1.35211779075987e-16 4.50705930253291e-17
3.8848717948718e-08 -0.000290747324594763 -0.00146089596193165 -394450.190110433 84104.5133562831 1.36036339451759e-16 4.53454464839196e-17
3.91282051282052e-08 -0.000399103152261164 -0.00142868700764418 -387695.163210058 115243.047450587 1.36809062183844e-16 4.5603020727948e-17
3.94076923076924e-08 -0.000504872051545693 -0.00138798300676077 -378439.180926298 145638.16829843 1.37510040617427e-16 4.58366802058089e-17
3.96871794871795e-08 -0.000607371725316063 -0.00133904653384978 -366741.952022425 175093.802158567 1.3812121635312e-16 4.60404054510401e-17
3.99666666666667e-08 -0.000705940965656269 -0.00128219326975273 -352678.933327343 203419.9357601 1.3862684446212e-16 4.62089481540399e-17
4.02461538461539e-08 -0.0007999439192061 -0.00121778996518099 -336340.842976459 230433.84204568 1.39013899102408e-16 4.63379663674695e-17
4.05256410256411e-08 -0.00088877418894273 -0.00114625207486952 -317833.075204455 255961.258912599 1.39272409086652e-16 4.64241363622172e-17
4.08051282051283e-08 -0.000971858745944503 -0.00106804107754921 -297275.02046506 279837.513347893 1.3939571475698e-16 4.64652382523268e-17
4.10846153846154e-08 -0.00104866162590279 -0.000983661499026289 -274799.29526359 301908.583705868 1.39380639549132e-16 4.64602131830441e-17
4.13641025641026e-08 -0.00111868738653633 -0.000893657657572375 -250550.886670485 322032.093275472 1.39227571826159e-16 4.64091906087197e-17
4.16435897435898e-08 -0.00118148430360494 -0.000798610152620141 -224686.217034446 340078.228728177 1.38940454873535e-16 4.6313484957845e-17
4.1923076923077e-08 -0.00123664728490548 -0.00069913211941538 -197372.134928539 355930.577521623 1.38526685313399e-16 4.61755617711331e-17
4.22025641025642e-08 -0.00128382048345265 -0.000595865273786094 -168784.838838499 369486.878857079 1.37996922554962e-16 4.59989741849873e-17
4.24820512820513e-08 -0.00132269959298716 -0.000489475772543122 -139108.740536351 380659.683346414 1.37364814189951e-16 4.57882713966503e-17
4.27615384615385e-08 -0.00135303381100356 -0.000380649916216153 -108535.275471514 389376.91713319 1.36646644407386e-16 4.55488814691288e-17
4.30410256410257e-08 -0.00137462745663437 -0.000270089721846048 -77261.6678533619 395582.346828817 1.35860914485109e-16 4.52869714950364e-17
4.33205128205129e-08 -0.00138734123295405 -0.000158508394392622 -45489.6583914853 399235.942264553 1.35027866165329e-16 4.50092887217762e-17
4.36000000000001e-08 -0.00139109312555965 -4.6625725971074e-05 -13424.2029007738 400314.134719299 1.34168960192835e-16 4.4722986730945e-17
4.38794871794872e-08 -0.0013858589316318 6.4836547404198e-05 18727.8498335925 398809.968957395 1.33306323449631e-16 4.44354411498771e-17
4.41589743589744e-08 -0.00137167241606292 0.00017515940161555 50759.0924023826 394733.148095663 1.32462178928734e-16 4.41540596429114e-17
4.44384615384616e-08 -0.00134862509364571 0.000283631162744056 82462.8967221413 388109.971010252 1.3165827323199e-16 4.38860910773301e-17
4.47179487179488e-08 -0.00131686563872676 0.000389552097956598 113634.746957719 378983.162687077 1.30915316340542e-16 4.36384387801808e-17
4.4997435897436e-08 -0.00127659892613374 0.000492238929363043 144073.558819049 367411.598610215 1.30252448090411e-16 4.34174826968035e-17
4.52769230769231e-08 -0.00122808470956283 0.000591029241725392 173582.976721609 353469.924966203 1.29686745097691e-16 4.32289150325635e-17
4.55564102564103e-08 -0.00117163594595189 0.000685285755585519 201972.640442814 337248.077114215 1.29232780835812e-16 4.30775936119374e-17
4.58358974358975e-08 -0.00110761677664865 0.000774400438246277 229059.413103347 318850.699428399 1.28902250198021e-16 4.29674167326736e-17
4.61153846153847e-08 -0.00103644017839695 0.000857798426086738 254668.562551942 298396.47025486 1.28703668216992e-16 4.29012227389972e-17
4.63948717948719e-08 -0.000958565299294225 0.00093494173290938 278634.888532688 276017.336337895 1.28642150703073e-16 4.28807169010244e-17
4.6674358974359e-08 -0.000874494496905393 0.0010053327203973 300803.788363713 251857.66165404 1.28719282452291e-16 4.29064274840969e-17
4.69538461538462e-08 -0.00078477009763989 0.00106851730829415 321032.254252715 226073.296144679 1.28933076419301e-16 4.29776921397669e-17
4.72333333333334e-08 -0.000689970898296486 0.0011240879035984 339189.795815849 198830.570354651 1.29278024907064e-16 4.30926749690214e-17
4.75128205128206e-08 -0.000590708432343835 0.00117168602987631 355159.281848936 170305.222462267 1.29745241454513e-16 4.32484138181711e-17
4.77923076923078e-08 -0.000487623025022357 0.00121100463973229 368837.695920885 140681.264622293 1.30322689766935e-16 4.34408965889782e-17
4.80717948717949e-08 -0.000381379662715308 0.00124179009551923 380136.800915129 110149.795934916 1.30995493791442e-16 4.36651645971473e-17
4.83512820512821e-08 -0.000272663703235023 0.00126384380551176 388983.70823221 78907.7696980432 1.31746320949454e-16 4.39154403164847e-17
4.86307692307693e-08 -0.000162176454696546 0.00127702350498758 395321.347981708 47156.7228951588 1.32555828653468e-16 4.41852762178226e-17
4.89102564102565e-08 -5.0630651498571e-05 0.00128124417395295 399108.837130369 15101.4761146143 1.33403162605084e-16 4.44677208683612e-17
4.91897435897437e-08 6.12541434046154e-05 0.00127647858559212 400321.743231584 -17051.1877130585 1.34266494037283e-16 4.47554980124276e-17
4.94692307692308e-08 0.000172756180281046 0.00126275748190293 398952.242034935 -49093.8572365699 1.35123582060676e-16 4.50411940202254e-17
4.9748717948718e-08 0.000283156178505511 0.00124016937538537 395009.167959096 -80819.8306591284 1.35952346626728e-16 4.5317448875576e-17
5.00282051282052e-08 0.000391741966516213 0.00120885997806261 388517.957102509 -112024.449136483 1.36731437347446e-16 4.55771457824821e-17
5.03076923076924e-08 0.000497813075912059 0.00116903126151751 379520.483159452 -142506.416996227 1.37440783517773e-16 4.58135945059242e-17
5.05871794871796e-08 0.000600685260054872 0.00112094015400843 368074.787299971 -172069.100261852 1.38062111171157e-16 4.60207037237191e-17
5.08666666666667e-08 0.000699694908027758 0.00106489688306883 354254.703756198 -200521.795104999 1.38579413848091e-16 4.61931379493635e-17
5.11461538461539e-08 0.000794203325475971 0.00100126297428236 338149.383530304 -227680.958043333 1.38979364949784e-16 4.63264549832612e-17
5.14256410256411e-08 0.000883600854715275 0.000930448919142977 319862.719296594 -253371.38994825 1.39251661054072e-16 4.64172203513574e-17
5.17051282051283e-08 0.0009673108075297 0.000852911527044313 299512.675207573 -277427.366224575 1.39389287349134e-16 4.64630957830448e-17
5.19846153846155e-08 0.00104479318528887 0.000769150978480181 277230.525927325 -299693.705871667 1.39388698347002e-16 4.64628994490007e-17
5.22641025641026e-08 0.00111554816238711 0.000679707598465501 253160.009801033 -320026.772529588 1.39249909221374e-16 4.64166364071247e-17
5.25435897435898e-08 0.00117911931053315 0.000585158370991778 227456.401623431 -338295.40105277 1.38976495416717e-16 4.63254984722389e-17
5.2823076923077e-08 0.00123509654309122 0.000486113217001764 200285.510987583 -354381.743633997 1.38575500538718e-16 4.6191833512906e-17
5.31025641025642e-08 0.00128311876048 0.000383211059893465 171822.61267547 -368182.030020517 1.38057254898999e-16 4.60190849663331e-17
5.33820512820514e-08 0.00132287617956446 0.000277115703934264 142251.315990265 -379607.236918243 1.37435109388678e-16 4.58117031295595e-17
5.36615384615385e-08 0.001354112332014 0.000168511552172785 111762.380324027 -388583.662265842 1.36725091536654e-16 4.5575030512218e-17
5.39410256410257e-08 0.00137662571873592 5.80991914715443e-05 80552.4846013957 -395053.400674165 1.35945492613141e-16 4.53151642043803e-17
5.42205128205129e-08 0.00139027110971176 -5.3409126859431e-05 48822.9585373885 -398974.71696404 1.35116396415368e-16 4.50387988051227e-17
5.45000000000001e-08 0.00139496048085129 -0.000165294081674339 16778.4838937399 -400322.31539279 1.34259161874726e-16 4.47530539582421e-17
5.47794871794873e-08 0.00139066358182099 -0.000276833922209649 -15374.2258882364 -399087.502832761 1.33395872814285e-16 4.4465290938095e-17
5.50589743589744e-08 0.00137740813118374 -0.000387309123975195 -47427.7591608074 -395278.244849202 1.32548769031865e-16 4.41829230106216e-17
5.53384615384616e-08 0.00135527963759112 -0.00049600703028396 -79175.344046989 -388919.114315763 1.31739673364933e-16 4.39132244549778e-17
5.56179487179488e-08 0.00132442084818168 -0.000602226449478831 -110412.182290664 -380051.132899081 1.30989429497113e-16 4.36631431657042e-17
5.5897435897436e-08 0.00128503082774348 -0.000705282178200408 -140936.770375207 -368731.506434999 1.30317364989357e-16 4.34391216631189e-17
5.61769230769232e-08 0.0012373636745811 -0.00080450942151702 -170552.199388308 -355033.255903475 1.29740793369033e-16 4.32469311230112e-17
5.64564102564103e-08 0.00118172688137082 -0.000899268081403466 -199067.425247786 -339044.746382698 1.29274568103948e-16 4.30915227013159e-17
5.67358974358975e-08 0.00111847935157778 -0.000988946885904216 -226298.501094384 -320869.11702103 1.28930699951688e-16 4.2976899983896e-17
5.70153846153847e-08 0.00104802908423092 -0.00107296733234455 -252069.763901588 -300623.615703955 1.28718047542039e-16 4.29060158473463e-17
5.72948717948719e-08 0.000970830541990882 -0.00115078741915267 -276214.967647859 -278438.842707962 1.28642089163575e-16 4.28806963878583e-17
5.75743589743591e-08 0.000887381719488809 -0.00122190514221941 -298578.355741361 -254457.908220429 1.2870478163361e-16 4.29015938778699e-17
5.78538461538462e-08 0.000798220930847961 -0.00128586173324111 -319015.665779181 -228835.509160218 1.28904509887245e-16 4.2968169962415e-17
5.81333333333334e-08 0.00070392333711108 -0.00134224461915575 -337395.060159482 -201736.931254222 1.29236128584196e-16 4.30787095280655e-17
5.84128205128206e-08 0.000605097235974593 -0.00139069008358139 -353597.976543394 -173336.982807334 1.29691094661529e-16 4.32303648871765e-17
5.86923076923078e-08 0.000502380137763905 -0.00143088561308853 -367519.892680443 -143818.867043883 1.30257687417525e-16 4.3419229139175e-17
5.8971794871795e-08 0.000396434652963008 -0.00146257191317094 -379071.000663762 -113373.000294869 1.30921310456934e-16 4.36404368189782e-17
5.92512820512821e-08 0.000287944217827241 -0.00148554458091033 -388176.786265587 -82195.7836546938 1.31664867719004e-16 4.3888289239668e-17
5.95307692307693e-08 0.00017760868565256 -0.00149965542354469 -394778.509615829 -50488.3360311843 1.32469203901142e-16 4.41564013003808e-17
5.98102564102565e-08 6.61398121412711e-05 -0.00150481341443453 -398833.584122962 -18455.1967618215 1.3331359793217e-16 4.44378659773898e-17
6.00897435897437e-08 -4.57433360126308e-05 -0.00150098528026023 -400315.85119286 13696.9938346478 1.34176296782432e-16 4.47254322608108e-17
6.03692307692308e-08 -0.000157319019700077 -0.00148819571566253 -399215.74897343 45760.8274596673 1.35035075858931e-16 4.5011691952977e-17
6.0648717948718e-08 -0.000267867483212838 -0.00146652722394161 -395540.374036487 77529.4657904362 1.35867811548719e-16 4.52892705162397e-17
6.09282051282052e-08 -0.00037667559726486 -0.0014361195848424 -389313.435598979 108797.974758656 1.36653051160888e-16 4.55510170536293e-17
6.12076923076924e-08 -0.000483041459267674 -0.00139716895285923 -380575.102578873 139364.646545259 1.37370565584453e-16 4.57901885281509e-17
6.14871794871795e-08 -0.000586278921184295 -0.00134992659187671 -369381.744472316 169032.30076315 1.38001870424737e-16 4.60006234749122e-17
6.17666666666667e-08 -0.000685722015753207 -0.00129469725430919 -355805.567723627 197609.556434256 1.38530702192888e-16 4.61769007309626e-17
6.20461538461539e-08 -0.000780729252529586 -0.00123183721519494 -339934.149933835 224912.066555585 1.38943437281074e-16 4.63144790936913e-17
6.2325641025641e-08 -0.000870687756030776 -0.00116175197392662 -321869.874912517 250763.707290299 1.39229442929846e-16 4.64098143099488e-17
6.26051282051282e-08 -0.000955017219291508 -0.00108489363844388 -301729.272217295 274997.714112553 1.39381351146147e-16 4.6460450382049e-17
6.28846153846154e-08 -0.00103317364732517 -0.0010017580087621 -279642.265441536 297457.757577015 1.39395248515371e-16 4.6465082838457e-17
6.31641025641026e-08 -0.00110465286634269 -0.00091288137865106 -255751.334099407 317998.951773455 1.39270777017596e-16 4.64235923391987e-17
6.34435897435897e-08 -0.00116899377609171 -0.000818837076095281 -230210.594514824 336488.788961044 1.39011143250788e-16 4.63370477502627e-17
6.37230769230769e-08 -0.00122578132433561 -0.000720231764852978 -203184.80564333 352807.994353197 1.3862303582337e-16 4.62076786077901e-17
6.40025641025641e-08 -0.00127464918428479 -0.000617701530971599 -174848.30624017 366851.295538879 1.38116453044268e-16 4.60388176814227e-17
6.42820512820513e-08 -0.00131528211770825 -0.000511907779505214 -145383.89023071 378528.101576974 1.37504445349428e-16 4.58348151164759e-17
6.45615384615384e-08 -0.00134741800848169 -0.000403532967903298 -114981.627537996 387763.087383001 1.3680277910034e-16 4.56009263667801e-17
6.48410256410256e-08 -0.00137084955345393 -0.000293276203594107 -83837.6379740977 394496.679638388 1.36029530415692e-16 4.53431768052306e-17
6.51205128205128e-08 -0.0013854255997242 -0.000181848734161879 -52152.8261046397 398685.44108779 1.35204619499733e-16 4.5068206499911e-17
6.54e-08 -0.00139105211970369 -6.99693592099559e-05 -20131.5852477134 400302.350745413 1.34349297463861e-16 4.47830991546203e-17
6.56794871794871e-08 -0.00138769281767152 4.16402064928759e-05 12019.5210325637 399336.978202793 1.33485598861762e-16 4.44951996205872e-17
6.59589743589743e-08 -0.00137536936391221 0.000152259988671285 44093.0914323742 395795.550913574 1.32635774041747e-16 4.42119246805822e-17
6.62384615384615e-08 -0.00135416125492444 0.000261176397974666 75882.2248186436 389700.914021272 1.31821715939852e-16 4.39405719799505e-17
6.65179487179486e-08 -0.00132420530060261 0.000367686833220351 107181.854912966 381092.382989149 1.31064396080482e-16 4.36881320268272e-17
6.67974358974358e-08 -0.0012856947416996 0.000471104213754023 137790.073139195 370025.48998286 1.30383324314195e-16 4.34611081047318e-17
6.7076923076923e-08 -0.00123887800326361 0.000570761411689844 167509.431101239 356571.625641929 1.29796046210695e-16 4.32653487368984e-17
6.73564102564102e-08 -0.00118405709209054 0.000666015555438685 196148.214288989 340817.578550902 1.29317691055043e-16 4.31058970183477e-17
6.76358974358973e-08 -0.00112158564852962 0.000756252176763117 223521.678795936 322864.975380993 1.28960582091487e-16 4.29868606971623e-17
6.79153846153845e-08 -0.00105186666520989 0.000840889174607218 249453.243070599 302829.625313755 1.28733919055681e-16 4.29113063518935e-17
6.81948717948717e-08 -0.000975349887403412 0.000919380570131224 273775.627014007 280840.772975801 1.28643541173812e-16 4.28811803912708e-17
6.84743589743589e-08 -0.000892528911795245 0.000991220028727914 296331.931075091 257040.264703757 1.28691776734184e-16 4.28972589113947e-17
6.8753846153846e-08 -0.000803938002375402 0.00105594412630082 316976.648382927 231581.633517734 1.28877383106534e-16 4.29591277021782e-17
6.90333333333332e-08 -0.000710148643992952 0.00111313533873403 335576.603386748 204629.108705998 1.29195578754314e-16 4.30651929181047e-17
6.93128205128204e-08 -0.000611765855804721 0.00116242473526909 352011.810948717 176356.55640984 1.29638166415218e-16 4.32127221384058e-17
6.95923076923076e-08 -0.000509424288399883 0.00120349435841437 366176.250347582 146946.358042741 1.30193744276634e-16 4.33979147588779e-17
6.98717948717947e-08 -0.000403784129777243 0.00123607927503465 377978.549200272 116588.233778985 1.30847999705775e-16 4.3615999901925e-17
7.01512820512819e-08 -0.000295526846585033 0.00125996928538959 387342.572889561 85478.0187011614 1.31584077967497e-16 4.38613593224989e-17
7.04307692307691e-08 -0.000185350788095779 0.00127501027909641 394207.915695495 53816.3995014456 1.32383016431006e-16 4.41276721436688e-17
7.07102564102562e-08 -7.3966681274238e-05 0.00128110522926966 398530.290462395 21807.6198859715 1.33224233079557e-16 4.44080776931856e-17
7.09897435897434e-08 3.79069540010546e-05 0.00127821481842519 400281.814287744 -10341.836966487 1.34086056738284e-16 4.46953522460946e-17
7.12692307692306e-08 0.000149548439986987 0.00126635769211042 399451.188390035 -42424.5803922903 1.34946285360613e-16 4.49820951202044e-17
7.15487179487178e-08 0.000260237596495927 0.0012456103386252 396043.770995287 -74233.6500847372 1.35782757990827e-16 4.52609193302758e-17
7.18282051282049e-08 0.000369260386655291 0.00121610659560876 390081.542772038 -105563.85115971 1.36573925668062e-16 4.55246418893539e-17
7.21076923076921e-08 0.000475913523037652 0.00117803678667598 381602.965037805 -136213.077832881 1.3729940656427e-16 4.57664688547568e-17
7.23871794871793e-08 0.000579509004447993 0.00113164649367216 370662.731651681 -165983.617169659 1.37940511054861e-16 4.59801703516203e-17
7.26666666666665e-08 0.000679378554102096 0.00107723497246641 357331.41619358 -194683.424497616 1.38480723195284e-16 4.61602410650946e-17
7.29461538461536e-08 0.00077487793056611 0.00101515322250314 341695.016706104 -222127.36225392 1.38906126199918e-16 4.63020420666393e-17
7.32256410256408e-08 0.000865391083648177 0.000945801722564411 323854.400935837 -248138.394276176 1.39205760962192e-16 4.64019203207307e-17
7.3505128205128e-08 0.000950334128433167 0.000869627847349679 303924.655652716 -272548.727832528 1.39371908379851e-16 4.64573027932837e-17
7.37846153846152e-08 0.00102915911182469 0.000787122981537858 282034.3442449 -295200.896023948 1.3940028821219e-16 4.64667627373966e-17
7.40641025641023e-08 0.00110135754729708 0.000698819349948568 258324.677378279 -315948.773576357 1.39290169346349e-16 4.6430056448783e-17
7.43435897435895e-08 0.00116646369505526 0.000605286584250586 232948.60207055 -334658.519469844 1.39044388632029e-16 4.63481295440096e-17
7.46230769230767e-08 0.00122405756644273 0.000507128048365087 206069.815056086 -351209.440324263 1.38669277799405e-16 4.62230925998018e-17
7.49025641025638e-08 0.00127376763321678 0.000404976946267883 177861.706806222 -365494.768971646 1.38174500342967e-16 4.60581667809892e-17
7.5182051282051e-08 0.00131527322421381 0.000299492237298558 148506.243016886 -377422.353192997 1.37572802573426e-16 4.58576008578086e-17
7.54615384615382e-08 0.00134830659394433 0.000191354385326141 118192.790778936 -386915.25017654 1.3687968525102e-16 4.562656175034e-17
7.57410256410254e-08 0.00137265464977347 8.12609691927257e-05 87116.8970033399 -393912.222862677 1.36113004259512e-16 4.53710014198373e-17
7.60205128205125e-08 0.00138816032654519 -3.00778172486753e-05 55479.0269814057 -398368.13497382 1.35292510608182e-16 4.50975035360605e-17
7.62999999999997e-08 0.00139472359978287 -0.00014194374647357 23483.2712173713 -400254.242180816 1.34439341612159e-16 4.48131138707196e-17
7.65794871794869e-08 0.00139230213093009 -0.000253615190449265 -8663.97112463389 -399558.377527714 1.33575476359153e-16 4.45251587863843e-17
7.68589743589741e-08 0.00138091154046948 -0.000364371775734241 -40755.3236663996 -396285.029918724 1.32723169490687e-16 4.42410564968958e-17
7.71384615384612e-08 0.00136062530715764 -0.000473499030484384 -72583.7705652857 -390455.315161061 1.31904377884596e-16 4.39681259615321e-17
7.74179487179484e-08 0.00133157429402622 -0.000580292993389004 -103943.991938121 -382106.839750473 1.31140195008422e-16 4.37133983361408e-17
7.76974358974356e-08 0.00129394590420679 -0.000684064754805204 -134633.688344754 -371293.45827815 1.30450307515736e-16 4.34834358385787e-17
7.79769230769228e-08 0.00124798287202522 -0.000784144900796511 -164454.885787245 -358084.926023941 1.2985248808438e-16 4.32841626947934e-17
7.82564102564099e-08 0.00119398169716396 -0.000879887831408014 -193215.212806366 -342566.448976938 1.29362137561991e-16 4.31207125206638e-17
7.85358974358971e-08 0.00113229073199308 -0.000970675925321586 -220729.141437076 -324838.134186174 1.28991888213913e-16 4.29972960713042e-17
7.88153846153843e-08 0.00106330793440862 -0.00105592352402568 -246819.184017787 -305014.343987115 1.28751278294503e-16 4.29170927648345e-17
7.90948717948714e-08 0.000987478300674015 -0.0011350807097985 -271317.038133001 -283222.958269743 1.28646506325449e-16 4.28821687751496e-17
7.93743589743586e-08 0.00090529099482509 -0.00120763685313349 -294064.672303494 -259604.549547188 1.28680271411273e-16 4.28934238037577e-17
7.96538461538458e-08 0.000817276193156302 -0.00127312390672313 -314915.345420434 -234311.476146423 1.28851703705807e-16 4.29505679019357e-17
7.9933333333333e-08 0.000724001664143865 -0.00133111942475237 -333734.553347253 -207506.899370674 1.29156386820908e-16 4.30521289403026e-17
8.02128205128201e-08 0.000626069105868133 -0.0013812492880245 -350400.896582894 -179363.730973679 1.29586471600146e-16 4.31954905333821e-17
8.04923076923073e-08 0.000524110264561895 -0.0014231901173403 -364806.863389293 -150063.517735454 1.30130878326456e-16 4.33769594421522e-17
8.07717948717945e-08 0.000418782859323158 -0.00145667135956213 -376859.523331261 -119795.270334969 1.30775582154534e-16 4.3591860718178e-17
8.10512820512817e-08 0.00031076633928141 -0.00148147703290603 -386481.126754878 -88754.2440744959 1.3150397441476e-16 4.38346581382535e-17
8.13307692307688e-08 0.000200757500587152 -0.00149744712020342 -393609.606337252 -57140.6793209494 1.32297290480843e-16 4.40990968269477e-17
8.1610256410256e-08 8.94659914987595e-05 -0.00150447860114457 -398198.97747223 -25158.5097894256 1.33135093178577e-16 4.4378364392859e-17
8.18897435897432e-08 -2.23902654374176e-05 -0.00150252611684501 -400219.634909257 6985.95299841543 1.33995799282291e-16 4.46652664274304e-17
8.21692307692304e-08 -0.00013408970458297 -0.001491602262448 -399658.543731794 39085.3505947932 1.34857235535533e-16 4.49524118451778e-17
8.24487179487175e-08 -0.000244911771904315 -0.0014717775058754 -396519.323443342 70932.6152597922 1.35697209871955e-16 4.52324032906517e-17
8.27282051282047e-08 -0.000354141573143884 -0.00144317973325108 -390822.224618644 102322.305720041 1.3649408312077e-16 4.54980277069235e-17
8.30076923076919e-08 -0.000461074485481074 -0.00140599342392941 -382603.99827068 133051.93243533 1.37227326468683e-16 4.57424421562278e-17
8.3287179487179e-08 -0.000565020702933895 -0.00136045846045036 -371917.658776148 162923.26382411 1.37878050317114e-16 4.59593501057045e-17
8.35666666666662e-08 -0.000665309686179729 -0.00130686858109817 -358832.141888764 191743.605021613 1.38429490910455e-16 4.61431636368185e-17
8.38461538461534e-08 -0.000761294488090152 -0.00124556948504573 -343431.860046467 219327.040921567 1.38867442199e-16 4.62891473996666e-17
8.41256410256406e-08 -0.000852355927076533 -0.00117695660230822 -325816.157841179 245495.635482845 1.39180621810991e-16 4.63935406036638e-17
8.44051282051277e-08 -0.000937906581324872 -0.00110147254289147 -306098.671163783 270080.579564519 1.39360961705757e-16 4.64536539019189e-17
8.46846153846149e-08 -0.00101739457815375 -0.00101960424159032 -284406.594158369 292923.279884839 1.39403816020187e-16 4.64679386733957e-17
8.49641025641021e-08 -0.00109030715405088 -0.000931879816855291 -260879.858714504 313876.382079455 1.3930808075409e-16 4.64360269180299e-17
8.52435897435893e-08 -0.00115617396242309 -0.000838865163990516 -235670.23179047 332804.721259286 1.39076222211117e-16 4.63587407370389e-17
8.55230769230764e-08 -0.00121457010772197 -0.000741160304659636 -208940.336390504 349586.193936174 1.38714213462578e-16 4.62380711541925e-17
8.58025641025636e-08 -0.00126511888637263 -0.000639395516248378 -180862.602511525 364112.545691659 1.3823138047094e-16 4.60771268236467e-17
8.60820512820508e-08 -0.00130749421682418 -0.000534227266052614 -151618.15482663 376290.069507778 1.3764016183714e-16 4.58800539457134e-17
8.6361538461538e-08 -0.00134142274304622 -0.000426333976519792 -121395.644280716 386040.210255051 1.36955788361018e-16 4.56519294536726e-17
8.66410256410251e-08 -0.00136668559790201 -0.000316411648861415 -90390.031135406 393300.07143823 1.36195890669949e-16 4.53986302233163e-17
8.69205128205123e-08 -0.00138311981502301 -0.000205169373267918 -58801.3273136461 398022.820930862 1.35380045023831e-16 4.51266816746102e-17
8.71999999999995e-08 -0.00139061938007712 -9.33247546887713e-05 -26833.3061569019 400177.993081351 1.34529268997255e-16 4.48430896657518e-17
8.74794871794866e-08 -0.00138913591464909 1.84007163146726e-05 5307.81208191955 399751.68524168 1.33665480030961e-16 4.45551600103202e-17
8.77589743589738e-08 -0.00137867898832143 0.000129286317781753 37414.690530153 396746.647451023 1.32810930801194e-16 4.42703102670645e-17
8.8038461538461e-08 -0.00135931605694264 0.000238616745606966 69280.2131901836 391182.264695713 1.31987635952838e-16 4.39958786509461e-17
8.83179487179482e-08 -0.00133117202748103 0.00034568672784476 100698.821009427 383094.431859998 1.31216804964635e-16 4.37389349882116e-17
8.85974358974353e-08 -0.0012944284522712 0.000449805574298593 131467.837906724 372535.322174266 1.30518295756852e-16 4.35060985856174e-17
8.88769230769225e-08 -0.00124932235785087 0.000550301632045601 161388.778201175 359573.050654431 1.29910103117411e-16 4.33033677058037e-17
8.91564102564097e-08 -0.00119614471594311 0.000646526618155065 190268.627009424 344291.234703586 1.29407895125472e-16 4.31359650418239e-17
8.94358974358969e-08 -0.00113523856644737 0.000737859801651044 217921.08535175 326788.454710386 1.29024609515005e-16 4.30082031716684e-17
8.9715384615384e-08 -0.00106699680454758 0.000823712007742051 244167.77193502 307177.618123783 1.28770120376714e-16 4.29233734589045e-17
8.99948717948712e-08 -0.000991859646212352 0.00090352941848715 268839.373859989 285585.231106319 1.28650983784619e-16 4.28836612615396e-17
9.02743589743584e-08 -0.000910311788436805 0.00097679714538106 291776.73882994 262150.582464448 1.28670268900422e-16 4.28900896334741e-17
9.05538461538456e-08 -0.000822879282544918 0.00104304255081209 312831.901815009 237024.845120197 1.28827478906666e-16 4.29424929688887e-17
9.08333333333327e-08 -0.000730126140722147 0.00110183829696677 331869.039549362 210370.100920428 1.29118563805598e-16 4.30395212685327e-17
9.11128205128199e-08 -0.000632650697669001 0.00115280510251323 348765.346703918 182358.295074484 1.29536024754018e-16 4.31786749180059e-17
9.13923076923071e-08 -0.000531081750845919 0.00119561418928036 363411.828082586 153170.126964965 1.3006910724626e-16 4.33563690820868e-17
9.16717948717942e-08 -0.000426074504208089 0.00122998940314976 375714.001731689 122993.884486823 1.30704078168596e-16 4.35680260561986e-17
9.19512820512814e-08 -0.000318306341596459 0.00125570899547882 385592.508426931 92024.2294342667 1.31424579587648e-16 4.38081931958828e-17
9.22307692307686e-08 -0.000208472457050103 0.00127260705356346 392983.623606226 60460.9417707182 1.32212050158646e-16 4.40706833862153e-17
9.25102564102558e-08 -9.72813702280237e-05 0.00128057457091262 397839.668445973 28507.6308823403 1.33046203297301e-16 4.43487344324337e-17
9.27897435897429e-08 1.45496441303445e-05 0.00127956015043062 400129.317429024 -3629.57787139237 1.33905549796806e-16 4.46351832656021e-17
9.30692307692301e-08 0.000126299183222157 0.00126957033597098 399837.800420247 -35743.3728372364 1.34767951426431e-16 4.4922650475477e-17
9.33487179487173e-08 0.00023724636982762 0.00125066957012321 396966.997946153 -67626.5934003011 1.35611191250086e-16 4.52037304166953e-17
9.36282051282045e-08 0.000346675502566003 0.00122297977850459 391535.429063938 -99073.5663418478 1.36413545972467e-16 4.54711819908223e-17
9.39076923076916e-08 0.000453880672763194 0.00118667958323886 383578.131898205 -129881.43260215 1.37154345568176e-16 4.57181151893918e-17
9.41871794871788e-08 0.000558170318148177 0.00114200315069533 373146.437615995 -159851.455889694 1.37814505776807e-16 4.59381685922689e-17
9.4466666666666e-08 0.00065887168400331 0.00108923868092157 360307.639298182 -188790.304695104 1.3837701974603e-16 4.61256732486768e-17
9.47461538461532e-08 0.00075533516299028 0.00102872654851405 345144.557843288 -216511.299439739 1.38827396157098e-16 4.62757987190327e-17
9.50256410256403e-08 0.000846938485656266 0.000960857106919675 327755.007703986 -242835.616713823 1.39154032545918e-16 4.63846775153059e-17
9.53051282051275e-08 0.00093309073458806 0.000886068170332244 308251.165902747 -267593.442835762 1.39348514202306e-16 4.64495047341019e-17
9.55846153846147e-08 0.00101323615631953 0.000804842189427767 286758.848396998 -290625.06929125 1.39405830947266e-16 4.64686103157553e-17
9.58641025641018e-08 0.00108685774640245 0.000717703139157418 263416.69846184 -311781.922985653 1.39324506203743e-16 4.64415020679142e-17
9.6143589743589e-08 0.00115348058451405 0.000625213138674483 238375.292325916 -330927.524663712 1.3910663503576e-16 4.63688783452535e-17
9.64230769230762e-08 0.00121267489808701 0.00052796882519956 211796.167829846 -347938.369313944 1.38757830176005e-16 4.62526100586685e-17
9.67025641025634e-08 0.001264058834699 0.000426597505215595 183850.782373158 -362704.722878405 1.38287077432262e-16 4.60956924774207e-17
9.69820512820505e-08 0.00130730092533754 0.000321753107820738 154719.406871847 -375131.330128388 1.37706504197688e-16 4.59021680658959e-17
9.72615384615377e-08 0.00134212222265009 0.000214111966343244 124589.962861437 -385138.029139659 1.37031067028491e-16 4.56770223428303e-17
9.75410256410249e-08 0.00136829810038585 0.00010436845543051 93656.8102472001 -392660.268403361 1.36278166337548e-16 4.54260554458495e-17
9.78205128205121e-08 0.00138565970242136 -6.76948824336188e-06 62119.4935215545 -397649.523236788 1.35467198130106e-16 4.51557327100355e-17
9.80999999999992e-08 0.00139409503202261 -0.000118584932756321 30181.4545365712 -400073.608807836 1.34619054329622e-16 4.48730181098741e-17
9.83794871794864e-08 0.00139354967431683 -0.000230356575743942 -1951.27986471964 -399916.887753872 1.33755584566203e-16 4.45851948554009e-17
9.86589743589736e-08 0.00138402714731358 -0.000341363397397968 -34071.4268923591 -397180.371055688 1.32899033292884e-16 4.42996777642947e-17
9.89384615384608e-08 0.00136558887921066 -0.000450889311642139 -65971.7849553891 -391881.711515842 1.32071466730606e-16 4.40238222435353e-17
9.92179487179479e-08 0.00133835381213129 -0.000558227785481354 -97446.5702839813 -384055.089883431 1.3129420440474e-16 4.376473480158e-17
9.94974358974351e-08 0.00130249763484875 -0.000662686396725536 -128292.744405443 -373750.994359918 1.30587269917777e-16 4.35290899725925e-17
9.97769230769223e-08 0.00125825164944804 -0.000763591300687099 -158311.323910781 -361035.894908343 1.29968875107193e-16 4.33229583690643e-17
1.00056410256409e-07 0.00120590127923563 -0.000860291577038115 -187308.664062739 -345991.814466937 1.29454950877466e-16 4.31516502924887e-17
1.00335897435897e-07 0.00114578422752235 -0.000952163428786348 -215097.707964975 -328715.799833128 1.29058736792827e-16 4.30195789309422e-17
1.00615384615384e-07 0.00107828829915689 -0.00103861420628327 -241499.1932342 -309319.295631203 1.28790440003509e-16 4.29301466678364e-17
1.00894871794871e-07 0.00100384889886293 -0.0011190862303059 -266342.808391244 -287927.425402041 1.28656972292164e-16 4.28856574307215e-17
1.01174358974358e-07 0.000922946222517443 -0.00119306038955031 -289468.291511365 -264678.18445249 1.28661772014555e-16 4.2887257338185e-17
1.01453846153845e-07 0.000836102159489037 -0.0012600594893302 -310726.464046591 -239721.549671171 1.2880471552165e-16 4.29349051738834e-17
1.01733333333332e-07 0.000743876926018601 -0.00131965132987839 -329980.193151101 -213218.512053151 1.29082120345035e-16 4.30273734483451e-17
1.0201282051282e-07 0.000646865451359887 -0.00137145149439382 -347105.276301819 -185340.038174485 1.29486840063577e-16 4.31622800211922e-17
1.02292307692307e-07 0.000545693539992345 -0.0014151258288488 -361991.242507719 -156265.967315987 1.3000844840741e-16 4.33361494691368e-17
1.02571794871794e-07 0.000441013834663145 -0.00145039259755964 -374542.064939341 -126183.851350704 1.30633507856429e-16 4.35445026188097e-17
1.02851282051281e-07 0.000333501606300111 -0.0014770243006155 -384676.780381498 -95287.7448787582 1.31345915813705e-16 4.37819719379018e-17
1.03130769230768e-07 0.000223850397954123 -0.00149484914144153 -392330.011513167 -63776.9534142225 1.32127319435839e-16 4.40424398119464e-17
1.03410256410256e-07 0.000112767550871167 -0.00150375213502926 -397452.388645438 -31854.7476992317 1.32957588433488e-16 4.43191961444961e-17
1.03689743589743e-07 9.69641554580305e-07 -0.00150367584968531 -400010.868196963 272.947560908622 1.33815333661938e-16 4.46051112206461e-17
1.0396923076923e-07 -0.000110822140747773 -0.00149462077751343 -399988.945852457 32398.8820828799 1.34678458141931e-16 4.48928193806436e-17
1.04248717948717e-07 -0.000221886646312351 -0.00147664533124001 -397386.763029225 64315.816941585 1.35524726315519e-16 4.51749087718396e-17
1.04528205128204e-07 -0.000331507416953825 -0.00144986546740358 -392221.105964906 95817.8614331137 1.36332336871942e-16 4.54441122906473e-17
1.04807692307691e-07 -0.00043897730777465 -0.00141445393833891 -384525.29743231 126701.801240562 1.37080484386556e-16 4.56934947955188e-17
1.05087179487179e-07 -0.000543603048836211 -0.0013706391777812 -374348.981779898 156768.409334936 1.37749895304041e-16 4.59166317680137e-17
1.05366666666666e-07 -0.000644709717324971 -0.00131870382727897 -361757.804684555 185823.731154742 1.38323324458036e-16 4.61077748193454e-17
1.05646153846153e-07 -0.000741645091364446 -0.00125898291292169 -346832.989682523 213680.335773786 1.38785999336027e-16 4.62619997786758e-17
1.0592564102564e-07 -0.000833783857387302 -0.00119186168414351 -329670.81421022 240158.524986118 1.39126000644449e-16 4.63753335481496e-17
1.06205128205127e-07 -0.000920531643926547 -0.00111777312854498 -310381.988534914 265087.49250851 1.39334569370005e-16 4.64448564566685e-17
1.06484615384614e-07 -0.0010013288558045 -0.00103719517876377 -289090.941581674 288306.425822667 1.39406332426786e-16 4.64687774755953e-17
1.06764102564102e-07 -0.00107565428398586 -0.000950647629412802 -265935.018263585 309665.543549352 1.39339441076116e-16 4.64464803587052e-17
1.07043589743589e-07 -0.00114302846780831 -0.000858688783973789 -241063.593493145 329027.061662526 1.39135618553215e-16 4.63785395177383e-17
1.07323076923076e-07 -0.00120301678790146 -0.000761911853276723 -214637.10859017 346266.082310603 1.38800115673724e-16 4.62667052245748e-17
1.07602564102563e-07 -0.00125523226984233 -0.000660941128797955 -186826.036302204 361271.399511189 1.38341575563742e-16 4.61138585212472e-17
1.0788205128205e-07 -0.00129933808046134 -0.000556427955462344 -157809.781113895 373946.216521911 1.37771810998159e-16 4.59239369993865e-17
1.08161538461537e-07 -0.00133504970069565 -0.000449046529928223 -127775.52193926 384208.770259697 1.37105500083448e-16 4.57018333611494e-17
1.08441025641025e-07 -0.00136213676097309 -0.00033948955145973 -96917.0046624274 391992.858740481 1.36359808124612e-16 4.54532693748706e-17
1.08720512820512e-07 -0.00138042452728705 -0.000228463753441978 -65433.2923159812 397248.268136908 1.35553945417669e-16 4.51846484725562e-17
1.08999999999999e-07 -0.00138979502837567 -0.000116685344364515 -33527.4809592836 399941.09669918 1.3470867235968e-16 4.490289078656e-17
