0 -0.00139 0 0 400000 1.33808e-16 4.46026666666667e-17
3.39563862928349e-10 -0.00137674594366842 0.000134532194873948 39032.587912266 396191.142702178 1.32545993590264e-16 4.41819978634213e-17
6.79127725856698e-10 -0.00135036403802822 0.000266490004619911 77693.5019312257 388609.696591322 1.31344073309644e-16 4.37813577698815e-17
1.01869158878505e-09 -0.00131110549536398 0.00039461690807125 115614.607295625 377327.853283301 1.30247909606896e-16 4.34159698689653e-17
1.3582554517134e-09 -0.0012593441411425 0.00051769286249982 152434.813808193 362453.040106155 1.29299154402714e-16 4.30997181342381e-17
1.69781931464174e-09 -0.00119557285439323 0.000634545921037592 187803.514188222 344126.897161695 1.28533858404149e-16 4.28446194680497e-17
2.03738317757009e-09 -0.00112039887444348 0.000744063392122604 221383.92260432 322523.928608156 1.27981101253376e-16 4.26603670844586e-17
2.37694704049844e-09 -0.00103453801869859 0.000845202434707405 252856.281597338 297849.841006614 1.2766188656231e-16 4.25539621874365e-17
2.71651090342679e-09 -0.000938807866526063 0.000936999988340883 281920.9068567 270339.584553639 1.27588343819424e-16 4.25294479398081e-17
3.05607476635514e-09 -0.000834119974147714 0.00101858194356784 308301.040857339 240255.115851871 1.2776326749464e-16 4.25877558315465e-17
3.39563862928349e-09 -0.000721471194670738 0.00108917146532444 331745.488184489 207882.903521725 1.28180010855328e-16 4.27266702851094e-17
3.73520249221184e-09 -0.000601934185909639 0.00114809639007295 352031.007452411 173531.20040615 1.28822738528209e-16 4.29409128427362e-17
4.07476635514019e-09 -0.000476647196384866 0.00119479562623923 368964.437040846 137527.108342909 1.29667028210305e-16 4.32223427367682e-17
4.41433021806854e-09 -0.000346803226757352 0.00122882449700711 382384.534407632 100213.463454017 1.30680798665213e-16 4.35602662217378e-17
4.75389408099689e-09 -0.000213638669905333 0.00124985897459467 392163.511463286 61945.571611083 1.31825528742776e-16 4.39418429142587e-17
5.09345794392524e-09 -7.84215378142512e-05 0.00125769876569326 398208.251387499 23087.8251619023 1.33057721101956e-16 4.43525737006521e-17
5.43302180685358e-09 5.75606126150047e-05 0.00125226921868903 400461.195300836 -15989.7668656752 1.34330555018533e-16 4.47768516728444e-17
5.77258566978193e-09 0.000193012939867344 0.0012336220345063 398900.890348633 -54915.1020427107 1.35595665474379e-16 4.51985551581265e-17
6.11214953271028e-09 0.000326645647479863 0.00120193477430397 393542.19397815 -93317.5277518061 1.36804980926671e-16 4.56016603088902e-17
6.45171339563863e-09 0.000457186265668516 0.00115750916871272 384436.132463831 -130831.370594421 1.37912549925646e-16 4.59708499752154e-17
6.79127725856698e-09 0.000583391767967678 0.00110076824471271 371669.415027809 -167099.418385355 1.38876287173284e-16 4.62920957244278e-17
7.13084112149533e-09 0.000704060407506206 0.0010322522975101 355363.608182271 -201776.321578341 1.39659572676319e-16 4.65531908921062e-17
7.47040498442368e-09 0.000818043160213289 0.000952613745768678 335673.978155721 -234531.881733899 1.40232643229152e-16 4.67442144097174e-17
7.80996884735203e-09 0.000924254665990241 0.000862610919185928 312788.012425702 -265054.195716172 1.40573723353212e-16 4.68579077844041e-17
8.14953271028038e-09 0.00102168356366483 0.000763100837568981 286923.634436186 -293052.625679265 1.40669852719451e-16 4.68899509064836e-17
8.48909657320873e-09 0.00110940212131725 0.000655031050169271 258327.12849932 -318260.566562448 1.40517378613652e-16 4.68391262045508e-17
8.82866043613707e-09 0.00118657507027632 0.000539430612982827 227270.794640929 -340437.984741729 1.40122094731911e-16 4.67073649106371e-17
9.16822429906542e-09 0.00125246755866745 0.000417400289931672 194050.355720664 -359373.703664412 1.39499021032335e-16 4.64996736774451e-17
9.50778816199377e-09 0.00130645214877744 0.000290102071232077 158982.141516569 -374887.414702477 1.38671833008154e-16 4.62239443360514e-17
9.84735202492212e-09 0.00134801479160626 0.000158748108757277 122400.076587628 -386831.394077164 1.37671962068653e-16 4.58906540228844e-17
1.01869158878505e-08 0.00137675972171527 2.45891737536963e-05 84652.5005962746 -395091.909505957 1.3653740121157e-16 4.55124670705234e-17
1.05264797507788e-08 0.00139241322576243 -0.000111097253182023 46098.8513682339 -399590.303177669 1.353112613689e-16 4.51037537896335e-17
1.08660436137072e-08 0.00139482624883991 -0.000247019146456258 7106.24227405542 -400283.740743389 1.34040133281938e-16 4.46800444273125e-17
1.12056074766355e-08 0.00138397581379633 -0.00038188223833118 -31954.0334769871 -397165.619191284 1.32772317150862e-16 4.42574390502874e-17
1.15451713395639e-08 0.00135996524002842 -0.000514402343127553 -70710.0383440205 -390265.629721427 1.31555987328481e-16 4.38519957761602e-17
1.18847352024922e-08 0.00132302315965899 -0.000643317585424721 -108792.732097114 -379649.475021937 1.30437361795899e-16 4.3479120598633e-17
1.22242990654206e-08 0.00127350134046908 -0.000767400415819126 -145839.485871213 -365418.243638568 1.29458945976218e-16 4.31529819920726e-17
1.25638629283489e-08 0.00121187133631474 -0.000885469299825561 -181497.535170133 -347707.447395098 1.28657917617639e-16 4.28859725392132e-17
1.29034267912773e-08 0.00113871999692368 -0.000996399968617793 -215427.33894063 -326685.731030334 1.28064714117045e-16 4.26882380390152e-17
1.32429906542056e-08 0.00105474387982813 -0.00109913612447737 -247305.812730941 -302553.266338747 1.27701875962779e-16 4.25672919875929e-17
1.3582554517134e-08 0.000960742617644182 -0.00119269949901179 -276829.405147217 -275539.846105974 1.27583190243382e-16 4.25277300811274e-17
1.39221183800623e-08 0.000857611303855528 -0.00127619916836631 -303716.988313376 -245902.695988998 1.27713166767162e-16 4.25710555890541e-17
1.42616822429907e-08 0.00074633196960506 -0.00134884003672846 -327712.534811011 -213924.025176592 1.28086866698937e-16 4.2695622232979e-17
1.4601246105919e-08 0.000627964232653671 -0.00140993040734428 -348587.555609138 -179908.339153003 1.28690090225408e-16 4.28966967418027e-17
1.49408099688474e-08 0.000503635207548144 -0.0014588885689539 -366143.275769487 -144179.540153109 1.29499916118274e-16 4.31666387060913e-17
1.52803738317757e-08 0.000374528773074991 -0.00149524833492949 -380212.527209928 -107077.842918943 1.3048557269281e-16 4.34951908976032e-17
1.56199376947041e-08 0.000241874299197059 -0.00151866348237109 -390661.340502901 -68956.5351261855 1.31609607067321e-16 4.38698690224403e-17
1.59595015576324e-08 0.000106934940816644 -0.00152891104889067 -397390.220551496 -30178.6133283079 1.32829308294063e-16 4.42764360980209e-17
1.62990654205608e-08 -2.90043901664265e-05 -0.00152589345569193 -400335.093996015 8886.67354860392 1.34098330285638e-16 4.46994434285459e-17
1.66386292834891e-08 -0.000164649259969963 -0.00150963943672954 -399467.919329681 47867.3402470183 1.3536845286907e-16 4.51228176230235e-17
1.69781931464175e-08 -0.000298708038713308 -0.00148030376510038 -394796.953913886 86392.2072748648 1.36591414051205e-16 4.55304713504015e-17
1.73177570093458e-08 -0.000429904199502076 -0.00143816577927188 -386366.675350409 124094.435329827 1.37720743873178e-16 4.59069146243925e-17
1.76573208722741e-08 -0.000556988473700101 -0.00138362672318112 -374257.357959323 160615.018395726 1.38713530171352e-16 4.62378433904507e-17
1.79968847352025e-08 -0.00067875074664434 -0.00131720592553262 -358584.308395419 195606.202249234 1.39532049149496e-16 4.65106830498319e-17
1.83364485981308e-08 -0.000794031580530035 -0.00123953585467602 -339496.767681725 228734.795825402 1.40145198803883e-16 4.67150662679609e-17
1.86760124610592e-08 -0.000901733254743574 -0.00115135609615182 -317176.490115102 259685.343910706 1.40529680734178e-16 4.68432269113927e-17
1.90155763239875e-08 -0.00100083021851542 -0.00105350631025197 -291836.012575798 288163.130952781 1.40670885433763e-16 4.68902951445877e-17
1.93551401869159e-08 -0.00109037885636143 -0.000946918236654246 -263716.630720827 313896.987384124 1.40563447420334e-16 4.68544824734448e-17
1.96947040498442e-08 -0.00116952647332469 -0.00083260682226361 -233086.101332162 336641.871737562 1.40211449112972e-16 4.67371497043239e-17
2.00342679127726e-08 -0.001237519414459 -0.000711660556742377 -200236.092698296 356181.203966199 1.39628265708781e-16 4.65427552362603e-17
2.03738317757009e-08 -0.00129371024123927 -0.000585231107755735 -165479.407307028 372328.927749652 1.38836056953465e-16 4.62786856511551e-17
2.07133956386293e-08 -0.00133756389656386 -0.000454522354627265 -129147.003295358 384931.282148981 1.37864925117488e-16 4.59549750391627e-17
2.10529595015576e-08 -0.00136866279964498 -0.000320778924827573 -91584.8430187044 393868.265740378 1.36751771172955e-16 4.55839237243182e-17
2.1392523364486e-08 -0.00138671082227274 -0.000185274342453229 -53150.5987477968 399054.77928591 1.355388926341e-16 4.51796308780335e-17
2.17320872274143e-08 -0.00139153610859039 -4.92989015478969e-05 -14210.2468620788 400441.436060658 1.34272376340499e-16 4.47574587801663e-17
2.20716510903427e-08 -0.00138309271153042 8.58526202623826e-05 24865.4170298004 398015.032120181 1.3300034725386e-16 4.433344908462e-17
2.2411214953271e-08 -0.00136146103032912 0.000218893290827212 63704.3088588862 391798.672030369 1.31771139810461e-16 4.39237132701537e-17
2.27507788161994e-08 -0.0013268470449535 0.000348556277824122 101936.599133722 381851.548862458 1.30631461313987e-16 4.35438204379958e-17
2.30903426791277e-08 -0.00127958035473056 0.00047360691171741 139198.234509744 368268.380548124 1.29624617155993e-16 4.32082057186642e-17
2.34299065420561e-08 -0.00122011103985531 0.000592854442458322 175134.404357376 351178.50796177 1.28788865301886e-16 4.29296217672955e-17
2.37694704049844e-08 -0.00114900537566266 0.000705163377977585 209402.919319666 330744.663318195 1.28155962568522e-16 4.27186541895073e-17
2.41090342679128e-08 -0.00106694044047252 0.000809464296503539 241677.469688367 307161.420613132 1.27749957931789e-16 4.25833193105964e-17
2.44485981308411e-08 -0.000974697668353158 0.000904764029749443 271650.732571713 280653.34286179 1.27586278715991e-16 4.25287595719971e-17
2.47881619937695e-08 -0.000873155408193951 0.00099015512000416 299037.298267023 251472.843777654 1.27671144387891e-16 4.25570481292971e-17
2.51277258566978e-08 -0.000763280559941515 0.00106482446107448 323576.38797277 219897.784252953 1.28001330230025e-16 4.26671100766751e-17
2.54672897196262e-08 -0.000646119367639883 0.00112806104079875 345034.336961685 186228.826527434 1.28564289873199e-16 4.28547632910664e-17
2.58068535825545e-08 -0.000522787456944856 0.00117926271140654 363206.819569761 150786.571239456 1.29338632032193e-16 4.31128773440644e-17
2.61464174454829e-08 -0.000394459211976694 0.00121794192325596 377920.794814494 113908.504620781 1.30294933329716e-16 4.34316444432388e-17
2.64859813084112e-08 -0.000262356592666308 0.0012437303673512 389036.154115907 75945.7849043334 1.31396856323006e-16 4.37989521076688e-17
2.68255451713396e-08 -0.000127737499077752 0.00125638248243353 396447.055430518 37259.8985452067 1.3260253025041e-16 4.42008434168035e-17
2.71651090342679e-08 8.11620649637183e-06 0.00125577779325079 400082.931094438 -1780.7819051451 1.33866142032473e-16 4.46220473441576e-17
2.75046728971963e-08 0.000143910905611283 0.00124192205773999 399909.159778775 -40804.5054951088 1.35139677072828e-16 4.5046559024276e-17
2.78442367601246e-08 0.000278353541690158 0.00121494721219942 395927.396158889 -79439.6827387248 1.36374743712117e-16 4.5458247904039e-17
2.8183800623053e-08 0.000410163932694079 0.00117511011497233 388175.555158335 -117318.423944001 1.37524412009505e-16 4.5841470669835e-17
2.85233644859813e-08 0.000538086961198785 0.00112279010060496 376727.450917528 -154080.042311256 1.38544996981964e-16 4.61816656606547e-17
2.88629283489097e-08 0.000660904525802577 0.00105848536776866 361692.093924929 -189374.488444497 1.39397718541967e-16 4.64659061806556e-17
2.9202492211838e-08 0.00077744714006235 0.000982808235340822 343212.653003553 -222865.683571905 1.40050175059442e-16 4.66833916864807e-17
2.95420560747664e-08 0.000886605068511029 0.000896479311816744 321465.092036934 -254234.719736046 1.40477574555732e-16 4.68258581852441e-17
2.98816199376947e-08 0.000987338893717645 0.000800320633572376 296656.494415815 -283182.896481121 1.40663676746762e-16 4.68878922489208e-17
3.02211838006231e-08 0.00107868941376901 0.000695247837316167 269023.091160441 -309434.565121495 1.40601410139759e-16 4.6867136713253e-17
3.05607476635514e-08 0.00115978677592773 0.000582261441265176 238828.011494945 -332739.753507965 1.40293140735139e-16 4.67643802450462e-17
3.09003115264797e-08 0.00122985875949457 0.000462437318067286 206358.777293182 -352876.546298374 1.39750582123455e-16 4.65835273744851e-17
3.12398753894081e-08 0.00128823812900459 0.000336916450187739 171924.565254261 -369653.198067287 1.38994350393538e-16 4.63314501311794e-17
3.15794392523364e-08 0.00133436898773877 0.000206894065310667 135853.262877732 -382909.959133395 1.38053180764374e-16 4.60177269214578e-17
3.19190031152648e-08 0.00136781207105226 7.36082552098678e-05 98488.3462718413 -392520.596718869 1.36962835707075e-16 4.56542785690252e-17
3.22585669781931e-08 0.00138824892911521 -6.16718135384132e-05 60185.6095248304 -398393.596955947 1.35764746046022e-16 4.52549153486742e-17
3.25981308411215e-08 0.00139548495923767 -0.000197657984741421 21309.7767826633 -400473.036295097 1.34504436674462e-16 4.48348122248208e-17
3.29376947040498e-08 0.0013894512589043 -0.000333055378597683 -17768.9707065379 -398739.114017063 1.33229796704091e-16 4.4409932234697e-17
3.32772585669782e-08 0.00137020528187396 -0.000466574721727959 -56678.5195113631 -393208.340778153 1.3198925977929e-16 4.399641992643e-17
3.36168224299065e-08 0.00133793029109682 -0.000596944623821044 -95048.3673345118 -383933.381393398 1.30829963700265e-16 4.36099879000883e-17
3.39563862928349e-08 0.00129293361365828 -0.00072292368399443 -132513.15098874 -371002.55335465 1.29795959285545e-16 4.32653197618482e-17
3.42959501557632e-08 0.00123564371436643 -0.000843312311591331 -168716.125437466 -354538.985858763 1.28926536533306e-16 4.29755121777686e-17
3.46355140186916e-08 0.0011666061158488 -0.000956964148854754 -203312.560772111 -334699.44735375 1.28254731683881e-16 4.27515772279604e-17
3.49750778816199e-08 0.00108647820400772 -0.00106279698671027 -235973.024779666 -311672.85276716 1.27806071911945e-16 4.26020239706485e-17
3.53146417445482e-08 0.000996022968297654 -0.00115980306971584 -266386.519843418 -285678.464631083 1.27597605347439e-16 4.25325351158129e-17
3.56542056074766e-08 0.000896101736430235 -0.00124705869205349 -294263.444306803 -256963.805232905 1.27637253282401e-16 4.25457510941337e-17
3.59937694704049e-08 0.000787665972688481 -0.00132373299318844 -319338.350101863 -225802.299672632 1.27923509178494e-16 4.26411697261648e-17
3.63333333333333e-08 0.000671748217947574 -0.00138909586944209 -341372.470383772 -192490.672269927 1.28445495912299e-16 4.28151653040997e-17
3.66728971962616e-08 0.000549452257672744 -0.00144252492614388 -360155.99310294 -157346.121112627 1.2918337908318e-16 4.30611263610601e-17
3.701246105919e-08 0.000421942611515958 -0.00148351140416249 -375510.058865397 -120703.297651118 1.30109120678897e-16 4.33697068929655e-17
3.73520249221183e-08 0.000290433444592984 -0.00151166502438312 -387288.464057566 -82911.1200992845 1.31187544461232e-16 4.37291814870775e-17
3.76915887850467e-08 0.000156177006029235 -0.00152671770400118 -395379.053018015 -44329.4509852991 1.32377672589244e-16 4.41258908630815e-17
3.8031152647975e-08 2.0451704864217e-05 -0.00152852610924513 -399704.785999731 -5325.67048907925 1.33634282691235e-16 4.45447608970784e-17
3.83707165109034e-08 -0.000115450063142465 -0.0015170730202212 -400224.472753623 33728.8218044109 1.34909626219991e-16 4.49698754066636e-17
3.87102803738317e-08 -0.000250234221888663 -0.00149246749488367 -396933.164747978 72462.1434252095 1.36155242797387e-16 4.53850809324624e-17
3.904984423676e-08 -0.000382617337307699 -0.00145494383056941 -389862.202289089 110505.470136506 1.37323801607078e-16 4.57746005356928e-17
3.93894080996884e-08 -0.000511338838411393 -0.00140485933298507 -379078.916094365 147496.547931855 1.38370899866205e-16 4.61236332887351e-17
3.97289719626167e-08 -0.000635173020627582 -0.00134269091389099 -364685.9861596 183083.14246972 1.39256750037978e-16 4.64189166793261e-17
4.00685358255451e-08 -0.000752940717134629 -0.00126903054987907 -346820.464025342 216926.393099325 1.3994769167459e-16 4.66492305581968e-17
4.04080996884734e-08 -0.000863520527056815 -0.00118457964548688 -325652.467752492 248704.039540314 1.40417470443608e-16 4.68058234812026e-17
4.07476635514018e-08 -0.000965859493604104 -0.00109014235432316 -301383.562033759 278113.490491301 1.40648235737513e-16 4.68827452458378e-17
4.10872274143301e-08 -0.00105898313047753 -0.000986617921802021 -274244.838865787 304874.704947586 1.40631218959338e-16 4.6877072986446e-17
4.14267912772585e-08 -0.00114200470106734 -0.000874992122399225 -244494.717058055 328732.858791719 1.40367066710947e-16 4.67890222369825e-17
4.17663551401868e-08 -0.00121413366208598 -0.000756327872966479 -212416.481531959 349460.771265245 1.39865816223527e-16 4.66219387411758e-17
4.21059190031152e-08 -0.00127468319123455 -0.000631755111484887 -178315.585841212 366861.06821643 1.39146513963859e-16 4.63821713212863e-17
4.24454828660435e-08 -0.00132307672722312 -0.000502460037633648 -142516.743599348 380768.061525209 1.38236491908545e-16 4.60788306361817e-17
4.27850467289719e-08 -0.00135885345986988 -0.000369673817626788 -105360.836510184 391049.326809193 1.37170328986249e-16 4.57234429954164e-17
4.31246105919002e-08 -0.00138167271800175 -0.000234660860872116 -67201.6684434029 397606.964387613 1.35988537150959e-16 4.5329512383653e-17
4.34641744548285e-08 -0.00139131721337407 -9.87067800837195e-05 -28402.5964634311 400378.531496102 1.34736022012741e-16 4.49120073375802e-17
4.38037383177569e-08 -0.00138769510972037 3.68938505064512e-05 10666.9291085828 399337.63687564 1.33460376518776e-16 4.44867921729254e-17
4.41433021806852e-08 -0.00137084089723051 0.000170849822269865 49634.8826536452 394494.192073907 1.32210072521234e-16 4.40700241737448e-17
4.44828660436136e-08 -0.00134091506413007 0.000301885587254927 88130.205736153 385894.317066101 1.31032618948591e-16 4.36775396495305e-17
4.48224299065419e-08 -0.00129820256848855 0.00042875340413729 125786.340375469 373619.901093931 1.29972756566035e-16 4.33242521886784e-17
4.51619937694703e-08 -0.00124311012480779 0.000550245219391476 162244.719463522 357787.822904529 1.29070757920264e-16 4.30235859734212e-17
4.55015576323986e-08 -0.00117616233122821 0.000665204170549594 197158.18109217 338548.837814273 1.28360897067212e-16 4.27869656890706e-17
4.5841121495327e-08 -0.00109799667423017 0.000772535602011471 230194.274278622 316086.142195071 1.27870147229842e-16 4.26233824099475e-17
4.61806853582553e-08 -0.00100935745839642 0.000871217488512086 261038.424611318 290613.62905227 1.27617155872267e-16 4.25390519574223e-17
4.65202492211837e-08 -0.000911088719037216 0.000960310166992536 289396.929672531 262373.851304812 1.27611536135239e-16 4.25371787117462e-17
4.6859813084112e-08 -0.000804126185165189 0.00103896528420629 314999.755714868 231635.712161605 1.27853501556973e-16 4.26178338523242e-17
4.71993769470403e-08 -0.000689488369349673 0.00110643387486032 337603.108961289 198691.90458664 1.28333857959144e-16 4.27779526530478e-17
4.75389408099687e-08 -0.000568266869294107 0.00116207349336991 356991.757044373 163856.124234668 1.29034352806369e-16 4.30114509354562e-17
4.7878504672897e-08 -0.00044161597348634 0.00120535433131754 372981.078479755 127460.082396236 1.29928368764255e-16 4.33094562547518e-17
4.82180685358254e-08 -0.000310741669898304 0.00123586426236453 385418.820658344 89850.3473952646 1.30981935102258e-16 4.36606450340861e-17
4.85576323987537e-08 -0.000176890162395796 0.00125331276657707 394186.549617478 51385.0445158221 1.32155018510162e-16 4.40516728367207e-17
4.88971962616821e-08 -4.13360042067544e-05 0.00125753369679864 399200.777786077 12430.4458818721 1.33403044279869e-16 4.44676814266231e-17
4.92367601246104e-08 9.46300385571496e-05 0.00124848686072705 400413.758965259 -26642.5172383587 1.34678590050781e-16 4.48928633502604e-17
4.95763239875388e-08 0.000229713277760323 0.00122625840363128 397813.942974483 -65461.7864930504 1.35933187759996e-16 4.53110625866653e-17
4.99158878504671e-08 0.000362627431449134 0.0011910599880639 391426.085634023 -103657.719239711 1.37119165327003e-16 4.57063884423342e-17
5.02554517133955e-08 0.000492106872012931 0.00114322677837993 381311.0130365 -140866.608335367 1.38191458092713e-16 4.60638193642378e-17
5.05950155763238e-08 0.000616918677671438 0.00108321424925382 367565.042352118 -176734.145408079 1.39109321181952e-16 4.63697737273174e-17
5.09345794392521e-08 0.000735874372532565 0.00101159384858438 350319.064682768 -210918.794632011 1.39837877723219e-16 4.66126259077397e-17
5.12741433021805e-08 0.000847841243430088 0.000929047556086025 329737.29869821 -243095.044880489 1.40349444096628e-16 4.67831480322092e-17
5.16137071651088e-08 0.000951753125780677 0.000836361389380219 306015.726922375 -272956.509289573 1.40624581853375e-16 4.68748606177915e-17
5.19532710280372e-08 0.00104662055575578 0.00073441791942313 279380.229559699 -300218.842717668 1.40652836336007e-16 4.68842787786689e-17
5.22928348909655e-08 0.00113154019209792 0.000624187866538534 250084.433631459 -324622.449320691 1.40433133933468e-16 4.68110446444894e-17
5.26323987538939e-08 0.00120570341786559 0.000506720857079854 218407.297902946 -345934.954460884 1.39973822876069e-16 4.66579409586896e-17
5.29719626168222e-08 0.00126840404019954 0.000383135428737664 184650.456598146 -363953.417411402 1.39292356020248e-16 4.64307853400826e-17
5.33115264797506e-08 0.00131904501479239 0.00025460837966358 149135.347195446 -378506.263786983 1.3841462767665e-16 4.61382092255499e-17
5.36510903426789e-08 0.00135714413103001 0.000122363562829683 112200.149653924 -389454.919299823 1.37373989680652e-16 4.57913298935506e-17
5.39906542056073e-08 0.00138233860367011 -1.23397676747826e-05 74196.5662153367 -396695.129283794 1.362099840926e-16 4.54033280308667e-17
5.43302180685356e-08 0.00139438852733523 -0.000148218947441236 35486.4724449931 -400157.951422308 1.34966840682485e-16 4.49889468941617e-17
5.4669781931464e-08 0.00139317916092615 -0.000283980115455988 -3561.5285992156 -399810.412226931 1.33691796291485e-16 4.45639320971618e-17
5.50093457943923e-08 0.00137872202020305 -0.000418330534430154 -42575.616257933 -395655.821015664 1.32433299931118e-16 4.41444333103727e-17
5.53489096573206e-08 0.00135115476813081 -0.000549990900429297 -81184.2927999172 -387733.738401144 1.31239171822457e-16 4.37463906074858e-17
5.5688473520249e-08 0.00131073990403251 -0.000677707524588741 -119019.920876653 -376119.599588822 1.30154786328073e-16 4.33849287760242e-17
5.60280373831773e-08 0.0012578622640333 -0.00080026427091853 -155722.224217845 -360923.99607213 1.29221347821456e-16 4.30737826071521e-17
5.63676012461057e-08 0.0011930253565957 -0.000916494136524524 -190941.718233675 -342291.622564443 1.28474325007287e-16 4.28247750024291e-17
5.6707165109034e-08 0.00111684656803985 -0.00102529036397713 -224343.037857121 -320399.899195285 1.27942103185076e-16 4.26473677283586e-17
5.70467289719624e-08 0.00103005128370259 -0.00112561698001407 -255608.130938174 -295457.28209045 1.2764490566734e-16 4.25483018891133e-17
5.73862928348907e-08 0.000933465980714323 -0.00121651866022621 -284439.286781961 -267701.278422902 1.27594025336164e-16 4.25313417787213e-17
5.77258566978191e-08 0.000828010358165424 -0.00129712982579339 -310561.970992631 -237396.184835461 1.27791395537374e-16 4.25971318457912e-17
5.80654205607474e-08 0.000714688579599746 -0.00136668288564998 -333727.439629197 -204830.570770306 1.28229516617452e-16 4.27431722058173e-17
5.84049844236758e-08 0.000594579711225521 -0.00142451554559691 -353715.107780976 -170314.530669412 1.28891740894636e-16 4.29639136315453e-17
5.87445482866041e-08 0.000468827446892348 -0.00147007711476197 -370334.650008702 -134176.731210854 1.29752905235894e-16 4.32509684119648e-17
5.90841121495324e-08 0.000338629217674535 -0.00150293374935711 -383427.812650622 -96761.2816976212 1.30780287203183e-16 4.35934290677278e-17
5.94236760124608e-08 0.000205224789760883 -0.00152277258380119 -392869.920736537 -58424.4573995366 1.31934848437434e-16 4.39782828124779e-17
5.97632398753891e-08 6.98844592234414e-05 -0.00152940470987082 -398571.065160721 -19531.3070491082 1.33172718034283e-16 4.43909060114276e-17
6.01028037383175e-08 -6.61030439236455e-05 -0.00152276697551156 -400476.958809311 19547.8232047952 1.3444685954639e-16 4.48156198487968e-17
6.04423676012458e-08 -0.000201442827195942 -0.0015029225861808 -398569.453489974 58440.8162860232 1.35708858269743e-16 4.52362860899143e-17
6.07819314641742e-08 -0.000334846165790443 -0.00147006050299633 -392866.712741602 96777.3275432471 1.36910760900822e-16 4.56369203002739e-17
6.11214953271025e-08 -0.000465042774007748 -0.00142449364342156 -383423.038878487 134192.311224779 1.38006897661518e-16 4.6002299220506e-17
6.14610591900309e-08 -0.000590792901094459 -0.00136665590162056 -370328.355915909 170329.496496511 1.38955617654877e-16 4.63185392182922e-17
6.18006230529592e-08 -0.000710899136327434 -0.00129709801685571 -353707.353300779 204844.77990383 1.39720871511786e-16 4.65736238372621e-17
6.21401869158876e-08 -0.00082421781093022 -0.00121648232926952 -333718.298600867 237409.501974005 1.40273581191366e-16 4.6757860397122e-17
6.24797507788159e-08 -0.000929669888250967 -0.00112557647298695 -310551.530458347 267713.576758765 1.40592744885506e-16 4.68642482951686e-17
6.28193146417443e-08 -0.00102625123850399 -0.00102524606659329 -284427.646157988 295468.444517117 1.40666235043508e-16 4.68887450145027e-17
6.31588785046726e-08 -0.00111304220023743 -0.000916446470589999 -255595.401068201 320409.81942253 1.40491259193569e-16 4.68304197311896e-17
6.34984423676009e-08 -0.00118921633748133 -0.000800213690315177 -224329.339956793 342300.206130441 1.40074466050845e-16 4.6691488683615e-17
6.38380062305293e-08 -0.00125404830918931 -0.000677654510952311 -190927.18273636 360931.161242936 1.39431692880231e-16 4.6477230960077e-17
6.41775700934576e-08 -0.00130692077603996 -0.000549935958563229 -155706.989532632 376125.278136653 1.38587363713522e-16 4.61957879045072e-17
6.4517133956386e-08 -0.00134733027883022 -0.000418274187498768 -119004.132070396 387737.876254055 1.37573561287452e-16 4.5857853762484e-17
6.48566978193143e-08 -0.00137489203248608 -0.000283922900002835 -81168.1002158921 395658.378772426 1.36428807967018e-16 4.54762693223394e-17
6.51962616822427e-08 -0.00138934359004116 -0.000148161408280057 -42559.1740842437 399811.365532218 1.35196601976437e-16 4.50655339921456e-17
6.5535825545171e-08 -0.00139054734169433 -1.2282452701713e-05 -3544.99340059523 400157.29119861 1.33923764557893e-16 4.46412548526311e-17
6.58753894080994e-08 -0.00137849182514989 0.00012242010785326 35502.9432180147 396692.861817857 1.32658660862582e-16 4.42195536208608e-17
6.62149532710277e-08 -0.00135329183476328 0.00025466361630785 74212.8157256994 389451.066182782 1.31449362176443e-16 4.38164540588142e-17
6.65545171339561e-08 -0.00131518732845272 0.000383188831031388 112216.023171462 378500.861708769 1.30341819312156e-16 4.34472731040518e-17
6.68940809968844e-08 -0.00126454114278557 0.000506771916518741 149150.693570252 363946.517811378 1.29378116574681e-16 4.31260388582269e-17
6.72336448598128e-08 -0.00120183553799652 0.000624236096927293 184665.129699841 345926.623038031 1.28594872645968e-16 4.2864957548656e-17
6.75732087227411e-08 -0.00112766760583663 0.000734462861505091 218421.158012155 324612.76540801 1.2802184915188e-16 4.26739497172934e-17
6.79127725856694e-08 -0.00104274358398007 0.000836402615210441 250097.348770234 300207.898526763 1.27680819782855e-16 4.25602732609518e-17
6.82523364485978e-08 -0.000947872131127868 0.000929084673106245 279392.076748241 272944.409032597 1.27584742939357e-16 4.25282476464523e-17
6.85919003115261e-08 -0.000843956626843892 0.00101162650336102 306026.393350056 243081.903777823 1.27737269339846e-16 4.25790897799487e-17
6.89314641744545e-08 -0.000731986569445269 0.00108324213084341 329746.682797779 210904.737815117 1.2813260330114e-16 4.27108677670468e-17
6.92710280373828e-08 -0.000613028153857651 0.00114324962128998 350327.077097483 176719.30672798 1.28755722962214e-16 4.29185743207379e-17
6.96105919003112e-08 -0.000488214119154406 0.00119107757478096 367571.60678662 140851.129088101 1.29582951083396e-16 4.31943170277986e-17
6.99501557632395e-08 -0.00035873296245291 0.0012262705666921 381316.066983303 103641.746820888 1.305828547318e-16 4.35276182439334e-17
7.02897196261679e-08 -0.000225817621874747 0.00124849348431323 391429.580968721 65445.4729943303 1.31717439666819e-16 4.39058132222729e-17
7.06292834890962e-08 -9.07337363322986e-05 0.00125753471783944 397815.846413998 26626.0179992131 1.32943594041545e-16 4.43145313471816e-17
7.09688473520246e-08 4.52324060662674e-05 0.00125330817534999 400414.052384768 -12446.9737533247 1.34214726562498e-16 4.47382421874993e-17
7.13084112149529e-08 0.000180786116236623 0.0012358541025879 399199.458391597 -51401.4436388222 1.35482536861015e-16 4.51608456203383e-17
7.16479750778812e-08 0.000314636632333195 0.00120533869973421 394183.629972473 -89866.4616150139 1.36698850805914e-16 4.55662836019714e-17
7.19875389408096e-08 0.000445509410568354 0.00116205253882604 385414.328564092 -127475.758270826 1.37817451019401e-16 4.59391503398003e-17
7.23271028037379e-08 0.000572158261600932 0.00110640779688809 372975.05671062 -163871.212496175 1.38795833040447e-16 4.62652776801489e-17
7.26666666666663e-08 0.000693377216929639 0.00103893433112388 356984.262940504 -198706.261562477 1.39596820405127e-16 4.65322734683756e-17
7.30062305295946e-08 0.000808012012297879 0.00096027463353964 337594.213882616 -231649.201142591 1.40189977274241e-16 4.67299924247471e-17
7.3345794392523e-08 0.000914971078763346 0.000871177713043328 314989.544361605 -262386.343846938 1.40552764931346e-16 4.68509216437821e-17
7.36853582554513e-08 0.00101323593677385 0.000772491963274562 289385.499278646 -290625.00619976 1.40671398206685e-16 4.68904660688949e-17
7.40249221183797e-08 0.00110187089427551 0.000665157084078837 261025.884018658 -316096.295613098 1.40541369284714e-16 4.68471230949047e-17
7.4364485981308e-08 0.00118003195650653 0.000550195133550992 230180.742900509 -338557.670820535 1.40167618991638e-16 4.67225396638795e-17
7.47040498442364e-08 0.00124697486263618 0.000428700795851626 197143.787776322 -357795.251389876 1.39564349054379e-16 4.6521449684793e-17
7.50436137071647e-08 0.00130206217272311 0.000301830957467715 162229.601265156 -373625.854323261 1.3875448246475e-16 4.62514941549167e-17
7.53831775700931e-08 0.00134476933750969 0.000170793691173764 125770.641252235 -385898.738351911 1.37768792453868e-16 4.59229308179561e-17
7.57227414330214e-08 0.00137468969325527 3.68367525897983e-05 88114.0751773515 -394497.039316081 1.36644733173939e-16 4.55482443913131e-17
7.60623052959497e-08 0.00139153833404651 -9.87643011263824e-05 49618.4742567675 -399338.882962331 1.35425016519061e-16 4.51416721730204e-17
7.64018691588781e-08 0.00139515482471232 -0.000234718257317181 10650.3991167344 -400378.164561892 1.34155989162869e-16 4.47186630542896e-17
7.67414330218064e-08 0.00138550472851053 -0.000369730542937084 -28419.0906493 -397604.987926504 1.32885871482181e-16 4.42952904940603e-17
7.70809968847348e-08 0.0013626799350395 -0.000502515551662644 -67217.9697632917 -391045.759641329 1.3166292528386e-16 4.38876417612868e-17
7.74205607476631e-08 0.0013268977852522 -0.000631808885620048 -105376.789740589 -380762.937617674 1.30533619957416e-16 4.35112066524721e-17
7.77601246105915e-08 0.00127849900190449 -0.000756379395162786 -142532.196831326 -366854.436359807 1.29540866735707e-16 4.31802889119023e-17
7.80996884735198e-08 0.00121794444514428 -0.000875040902054945 -178330.391926873 -349452.69460902 1.28722388158129e-16 4.29074627193763e-17
7.84392523364482e-08 0.00114581072413514 -0.000986663494430285 -212430.499485635 -328723.414242971 1.28109284693271e-16 4.27030948977569e-17
7.87788161993765e-08 0.00106278470650128 -0.00109018428597488 -244507.813398783 -304863.982438662 1.27724852986363e-16 4.25749509954543e-17
7.91183800623049e-08 0.000969656977875649 -0.00118461753688284 -274256.888888334 -278101.592123465 1.2758370063564e-16 4.252790021188e-17
7.94579439252332e-08 0.000867314313830249 -0.00126906404021199 -301394.450996085 -248691.078611531 1.27691191134259e-16 4.25637303780864e-17
7.97975077881615e-08 0.000756731235872154 -0.00134271968426112 -325662.091968337 -216912.493025414 1.28043240068813e-16 4.26810800229376e-17
8.01370716510899e-08 0.000638960731910102 -0.00140488310943682 -346828.731851545 -183068.435609177 1.28626470318469e-16 4.28754901061563e-17
8.04766355140182e-08 0.000515124229552806 -0.0014549623867 -364692.818868735 -147481.174325512 1.29418720357494e-16 4.31395734524981e-17
8.08161993769466e-08 0.000386400917714615 -0.00149248065399898 -379084.248624397 -110489.576174044 1.30389886346731e-16 4.34632954489104e-17
8.11557632398749e-08 0.000254016518209766 -0.00151708065701824 -389865.983862903 -72445.8804512167 1.31503066016322e-16 4.38343553387741e-17
8.14953271028033e-08 0.000119231614253689 -0.00152852815100522 -396935.359356887 -33712.3446772552 1.32715960874534e-16 4.42386536248447e-17
8.18348909657316e-08 -1.66703529909426e-05 -0.00152671413128239 -400225.059500246 5342.2048718329 1.33982483461691e-16 4.46608278205638e-17
8.217445482866e-08 -0.000152395305524809 -0.00151165587120539 -399703.759296983 44345.8851808897 1.35254508576943e-16 4.50848361923143e-17
8.25140186915883e-08 -0.000286650850908023 -0.00148349675768369 -395376.422642308 82927.2976189474 1.36483701934915e-16 4.54945673116383e-17
8.28535825545167e-08 -0.000418158588606068 -0.00144250492582988 -387284.255055712 120719.064450194 1.37623356767139e-16 4.58744522557131e-17
8.3193146417445e-08 -0.000545666283102818 -0.00138907070573874 -375504.311316115 157361.327057397 1.38630168581254e-16 4.62100561937514e-17
8.35327102803733e-08 -0.00066795978786649 -0.00132370290570813 -360148.761735219 192505.172567206 1.3946588064085e-16 4.64886268802832e-17
8.38722741433017e-08 -0.000783874606626847 -0.00124702396729353 -341363.82405573 225815.956248512 1.4009873764118e-16 4.66995792137267e-17
8.421183800623e-08 -0.000892306981875486 -0.00115976403833035 -319328.371145074 256976.488047514 1.40504692344115e-16 4.68348974480383e-17
8.45514018691584e-08 -0.000992224405002942 -0.00106275402036171 -294252.227742324 285690.052916845 1.40668319322731e-16 4.68894397742435e-17
8.48909657320867e-08 -0.00108267544799357 -0.000956917656674838 -266374.172476982 311683.236178757 1.40583401095167e-16 4.68611336983891e-17
8.52305295950151e-08 -0.00116279882305939 -0.00084326273628526 -235959.664184665 334708.527018849 1.40253164375894e-16 4.67510547919647e-17
8.55700934579434e-08 -0.00123183158394579 -0.00072287149762537 -203298.314170044 354546.675319494 1.3969015746733e-16 4.65633858224432e-17
8.59096573208718e-08 -0.00128911639081504 -0.000596890323315076 -168701.12848652 371008.779390865 1.38915773450679e-16 4.63052578168931e-17
8.62492211838001e-08 -0.00133410776953041 -0.000466518824142279 -132497.546492029 383938.084719889 1.37959437293737e-16 4.59864790979123e-17
8.65887850467285e-08 -0.00136637730573898 -0.000332998416197109 -95032.3038802887 393211.47660917 1.3685748776385e-16 4.56191625879499e-17
8.69283489096568e-08 -0.00138561772429455 -0.000197600499930092 -56662.1500581403 398740.652492776 1.35651796631006e-16 4.52172655436685e-17
8.72679127725852e-08 -0.00139164581517554 -6.16143536949353e-05 -17752.4511265938 400472.962765919 1.34388177628431e-16 4.47960592094769e-17
8.76074766355135e-08 -0.0013844041780371 7.36651429446335e-05 21326.2891875221 398391.912122033 1.33114645626855e-16 4.43715485422851e-17
8.79470404984418e-08 -0.00136396176878538 0.000206949839243562 60201.9575211196 392517.316623449 1.31879592170171e-16 4.39598640567236e-17
8.82866043613702e-08 -0.00133051324296954 0.000336970579231384 98504.3741915983 382905.115010008 1.30729946698301e-16 4.35766488994336e-17
8.86261682242985e-08 -0.00128437710224372 0.000462489286797173 135868.818100809 369646.836042369 1.29709393326951e-16 4.32364644423171e-17
8.89657320872269e-08 -0.00122599266154866 0.000582310754827616 171939.499661596 352868.726952039 1.28856710942874e-16 4.2952236980958e-17
8.93052959501552e-08 -0.00115591586589191 0.000695294026140354 206372.948677208 332730.551297147 1.28204299687537e-16 4.27347665625124e-17
8.96448598130836e-08 -0.00107481399655984 0.000800363257841709 238841.284913715 309424.067670964 1.27776949819732e-16 4.25923166065773e-17
8.99844236760119e-08 -0.000983459317169626 0.000896517965656826 269035.34022256 283171.203749105 1.27590899737755e-16 4.2530299912585e-17
9.03239875389403e-08 -0.000882721720064482 0.00098284255068425 296667.602483957 254221.943062415 1.27653218954345e-16 4.25510729847816e-17
9.06635514018686e-08 -0.000773560443074155 0.00105851501785982 321474.953338484 222851.944617975 1.27961539470032e-16 4.26538464900106e-17
9.1003115264797e-08 -0.000657014935514907 0.00112281480311143 343221.173637786 189359.918034555 1.28504145752148e-16 4.2834715250716e-17
9.13426791277253e-08 -0.000534194960404226 0.00117512963467332 361699.192757144 154064.779186833 1.29260419900488e-16 4.30868066334959e-17
9.16822429906536e-08 -0.000406270027138408 0.00121496136322553 376733.060351628 117302.613442753 1.30201625084254e-16 4.34005416947514e-17
9.2021806853582e-08 -0.000274458255256561 0.00124193070534312 388179.621780485 79423.4754105104 1.31291997481333e-16 4.37639991604442e-17
9.23613707165103e-08 -0.000140014775331862 0.00125578085508723 395929.881246132 40788.0556684288 1.3249010522849e-16 4.41633684094968e-17
9.27009345794387e-08 -4.21977743845066e-06 0.00125637992934803 399910.039667752 1764.24621760545 1.33750422745245e-16 4.45834742484151e-17
9.3040498442367e-08 0.000131633679001838 0.00124372222365461 400082.197406721 -37276.3626384206 1.35025060610402e-16 4.50083535368006e-17
9.33800623052954e-08 0.000266251977916511 0.00121792826649373 396444.715152387 -75962.0206297676 1.36265585259572e-16 4.54218617531906e-17
9.37196261682237e-08 0.000398353264579966 0.0011792436716203 389032.229531825 -113924.357379532 1.37424859358998e-16 4.58082864529992e-17
9.40591900311521e-08 0.000526679651617803 0.00112803679928808 377915.323294913 -150801.890079285 1.38458832925329e-16 4.61529443084431e-17
9.43987538940804e-08 0.00065000919679059 0.00106479524867052 363199.853215274 -186243.465580153 1.39328217132564e-16 4.64427390441881e-17
9.47383177570088e-08 0.000767167538502908 0.00099012121487161 345025.942106918 -219911.604123405 1.39999977204999e-16 4.6666659068333e-17
9.50778816199371e-08 0.000877039078242677 0.000904725754737826 323566.644554732 -251485.712871053 1.4044858766939e-16 4.68161958897968e-17
9.54174454828655e-08 0.000978577603469995 0.000809422016072998 299026.299063937 -280665.138636785 1.40657002269382e-16 4.68856674231272e-17
9.57570093457938e-08 0.00107081624980281 0.000705117494728436 271638.582319565 -307172.030748664 1.40617301687475e-16 4.6872433895825e-17
9.60965732087221e-08 0.00115287670763805 0.000592805393297437 241664.284083599 -330753.986783034 1.40330994462483e-16 4.67769981541609e-17
9.64361370716505e-08 0.0012239775855415 0.000473555163697924 209388.823917496 -351186.455976548 1.39808959668214e-16 4.66029865560713e-17
9.67757009345788e-08 0.00128344185076894 0.000348502323698089 175119.533376241 -368274.877430706 1.39071033531501e-16 4.63570111771669e-17
9.71152647975072e-08 0.00133070327606896 0.00021883764435355 139182.729553259 -381856.532748598 1.38145255697196e-16 4.60484185657321e-17
9.74548286604355e-08 0.0013653118313799 8.57958113147836e-05 101920.607842302 -391802.095462788 1.37066803780506e-16 4.56889345935019e-17
9.77943925233639e-08 0.0013869379690806 -4.9356332026496e-05 63687.9835038987 -398016.862500466 1.35876656691419e-16 4.52922188971398e-17
9.81339563862922e-08 0.00139537576199005 -0.000185331847601585 24848.9130636144 -400441.655959665 1.34620037522116e-16 4.48733458407052e-17
9.84735202492206e-08 0.0013905448642355 -0.000320835957073425 -14226.7722863331 -399053.38660973 1.33344695164347e-16 4.44482317214491e-17
9.88130841121489e-08 0.00137249127631737 -0.000454578370901399 -53166.9882726624 -393865.273750272 1.32099089951743e-16 4.40330299839144e-17
9.91526479750773e-08 0.00134138690708589 -0.000585285574663164 -91600.9405807779 -384926.719335108 1.30930552268811e-16 4.36435174229371e-17
9.94922118380056e-08 0.00129752793680042 -0.000711712955641407 -129162.655611347 -372322.837559779 1.29883484095638e-16 4.3294494698546e-17
9.98317757009339e-08 0.00124133199685857 -0.000832656654204418 -165494.465333338 -356173.644391987 1.2899767182581e-16 4.29992239419367e-17
1.00171339563862e-07 0.00117333419305023 -0.000946965027129954 -200250.413050244 -336632.914762359 1.28306774466939e-16 4.27689248223132e-17
1.00510903426791e-07 0.00109418201020358 -0.00105354961371697 -233099.547649305 -313886.718297531 1.27837044668999e-16 4.26123482229998e-17
1.00850467289719e-07 0.00100462914674181 -0.00115139550026431 -263729.074965407 -288151.647538512 1.27606331178709e-16 4.25354437262362e-17
1.01190031152647e-07 0.000905528337858749 -0.0012395709842244 -291847.336251935 -259672.755515476 1.27623400624607e-16 4.25411335415358e-17
1.01529595015576e-07 0.000797823235652247 -0.00131723644600829 -317186.585397131 -228721.222317714 1.27887604403567e-16 4.26292014678557e-17
1.01869158878504e-07 0.000682539423533678 -0.00138365234396374 -339505.538440924 -195591.772877972 1.28388903326349e-16 4.27963011087829e-17
1.02208722741432e-07 0.000560774650475813 -0.00143818625639669 -358591.671115362 -160599.87055943 1.29108249085729e-16 4.30360830285762e-17
1.02548286604361e-07 0.000433688378089851 -0.00148031890358128 -374263.242531136 -124078.713268365 1.30018308052206e-16 4.33394360174021e-17
1.02887850467289e-07 0.000302490740065867 -0.00150964909241573 -386371.025740357 -86376.0606959576 1.31084499894572e-16 4.36948332981906e-17
1.03227414330217e-07 0.000168431019106473 -0.00152589753664058 -394799.728696932 -47850.9229007032 1.32266311559935e-16 4.40887705199783e-17
1.03566978193146e-07 3.27857510779684e-05 -0.00152890951624242 -399469.092083944 -8870.14176320418 1.33518836684729e-16 4.45062788949097e-17
1.03906542056074e-07 -0.000103153430347032 -0.00151865635072002 -400334.65355436 30195.1021347636 1.34794481942303e-16 4.49314939807676e-17
1.04246105919002e-07 -0.000238092092810453 -0.00149523567218421 -397388.171107873 68972.8239449202 1.3604477548947e-16 4.53482584964899e-17
1.04585669781931e-07 -0.000370745331039089 -0.00145887049569088 -390657.701572404 107093.776645492 1.37222208794846e-16 4.57407362649486e-17
1.04925233644859e-07 -0.000499850001896673 -0.00140990709565972 -380207.333442975 144194.967064245 1.38282041863357e-16 4.60940139544524e-17
1.05264797507787e-07 -0.000624176752213757 -0.00134881170859956 -366136.576621871 179923.112351468 1.39184003262178e-16 4.63946677540594e-17
1.05604361370716e-07 -0.000742541724864692 -0.00127616609353758 -348579.414871104 213938.003989874 1.39893820350679e-16 4.66312734502263e-17
1.05943925233644e-07 -0.000853817831624759 -0.00119266199242648 -327703.02999983 245915.747308835 1.40384521568859e-16 4.67948405229529e-17
1.06283489096573e-07 -0.000956945485465691 -0.00109909454327855 -303706.209935223 275551.845655829 1.40637461300033e-16 4.68791537666775e-17
1.06623052959501e-07 -0.00105094269009514 -0.000996354708747603 -276817.455835352 302564.099857187 1.40643028365143e-16 4.68810094550476e-17
1.06962616822429e-07 -0.00113491439066604 -0.000885420792254968 -247292.806268424 326695.295359046 1.40401011227396e-16 4.68003370757987e-17
1.07302180685358e-07 -0.00120806099661706 -0.000767349122444165 -215413.39917686 347715.651461173 1.39920606030218e-16 4.66402020100727e-17
1.07641744548286e-07 -0.00126968599548849 -0.000643263994668256 -181482.794841537 365425.009321713 1.392200671631e-16 4.64066890543665e-17
1.07981308411214e-07 -0.00131920258521362 -0.000514346965288443 -145824.085337311 379654.737898349 1.38326013633096e-16 4.61086712110321e-17
1.08320872274143e-07 -0.00135613926173211 -0.000381825600725142 -108776.818003997 390269.339677243 1.37272417598415e-16 4.57574725328051e-17
1.08660436137071e-07 -0.00138014430871917 -0.00024696178839469 -70693.7622279625 397167.740899772 1.36099313497684e-16 4.53664378325613e-17
1.08999999999999e-07 -0.00139098914667881 -0.000111039720836604 -31937.5503214964 400284.254001338 1.34851276825283e-16 4.49504256084277e-17
