0 -0.00139 0 0 400000 1.33808e-16 4.46026666666667e-17
3.73287671232877e-10 -0.0013739825574866 0.000147596832904077 42909.1120542376 395397.020256792 1.32285930257753e-16 4.40953100859175e-17
7.46575342465753e-10 -0.00134213199236838 0.000291776967139031 85324.4496745135 386244.029326668 1.30851438564277e-16 4.36171461880922e-17
1.11986301369863e-09 -0.00129481482341044 0.000430881257111723 126757.920511159 372646.354789229 1.29570364324256e-16 4.31901214414187e-17
1.49315068493151e-09 -0.00123257555053835 0.000563308967249807 166732.730996795 354760.471195603 1.28501505483822e-16 4.28338351612739e-17
1.86643835616438e-09 -0.00115613038903276 0.000687536192385272 204788.87302416 332792.199445466 1.27693919859108e-16 4.2564639953036e-17
2.23972602739726e-09 -0.00106635902771835 0.000802133394015984 240488.417466114 306994.338313466 1.27184673511219e-16 4.23948911704062e-17
2.61301369863014e-09 -0.000964294505989262 0.000905781850647606 273420.553622887 277663.755380126 1.2699713951128e-16 4.23323798370932e-17
2.98630136986301e-09 -0.000851111326160533 0.000997288832914414 303206.316605403 245137.970843191 1.27139925177807e-16 4.2379975059269e-17
3.35958904109589e-09 -0.000728111937942225 0.00107560132885207 329502.94825455 209791.273521051 1.27606477023371e-16 4.25354923411237e-17
3.73287671232877e-09 -0.000596711750565328 0.00113981816137946 352007.84141334 172030.413743113 1.28375381542473e-16 4.2791793847491e-17
4.10616438356164e-09 -0.000458422845031715 0.00118920035854836 370462.02216344 132289.922690987 1.2941134803526e-16 4.31371160117532e-17
4.47945205479452e-09 -0.000314836573918591 0.00122317965722565 384653.129954425 91027.1120529174 1.30666828358045e-16 4.35556094526818e-17
4.8527397260274e-09 -0.000167605248969296 0.00124136504235257 394417.861332056 48716.8115326926 1.32084199258343e-16 4.40280664194476e-17
5.22602739726027e-09 -1.84231271995989e-05 0.00124354724653074 399643.849144509 5845.90477087117 1.33598407130951e-16 4.45328023769836e-17
5.59931506849315e-09 0.000130993085679114 0.00122970115815608 400270.955601689 -37092.2734440529 1.35139953807736e-16 4.50466512692452e-17
5.97260273972603e-09 0.000278923990163873 0.00119998611038936 396291.964307795 -79603.6142007457 1.36638086341187e-16 4.55460287803958e-17
6.3458904109589e-09 0.000423667278862834 0.00115474404763794 387752.66330364 -121198.920398308 1.38024044379059e-16 4.60080147930196e-17
6.71917808219178e-09 0.000563557325711382 0.00109449559064777 374751.318163081 -161399.53615714 1.39234216084108e-16 4.64114053613693e-17
7.09246575342466e-09 0.000696984353079715 0.00101993404548658 357437.541206909 -199742.854927236 1.40213057750514e-16 4.67376859168379e-17
7.46575342465754e-09 0.0008224129562074 0.000931917425359354 336010.569846644 -235787.642909631 1.40915643114228e-16 4.6971881038076e-17
7.83904109589041e-09 0.0009383997717959 0.000831458577064876 310716.973870109 -269119.116531996 1.41309725350611e-16 4.7103241783537e-17
8.21232876712329e-09 0.00104361008743863 0.000719713525712458 281847.818052087 -299353.715549595 1.41377217119069e-16 4.71257390396896e-17
8.58561643835617e-09 0.00113683320075639 0.000597968171821549 249735.312741162 -326143.516845371 1.41115020724525e-16 4.70383402415082e-17
8.95890410958904e-09 0.00121699635149369 0.000467623493886622 214748.990965959 -349180.238137603 1.40535170293495e-16 4.68450567644984e-17
9.33219178082192e-09 0.00128317706625302 0.0003301794266881 177291.45605253 -368198.785522646 1.39664279439262e-16 4.65547598130872e-17
9.7054794520548e-09 0.00133461377381083 0.000187217600868831 137793.748686966 -382980.304029602 1.38542319766851e-16 4.61807732556171e-17
1.00787671232877e-08 0.00137071456885974 4.03831423995594e-05 96710.3867365359 -393354.696082819 1.37220786281252e-16 4.57402620937508e-17
1.04520547945206e-08 0.00139106402332895 -0.000108634258624867 54514.1349083403 -399202.578891123 1.35760333901805e-16 4.52534446339349e-17
1.08253424657534e-08 0.00139542796690169 -0.000258119792008695 11690.5644333907 -400456.658239247 1.34227993560558e-16 4.47426645201859e-17
1.11986301369863e-08 0.00138375618171829 -0.000406353260546755 -31267.5346197427 -397102.502872602 1.32694095658377e-16 4.42313652194592e-17
1.15719178082192e-08 0.00135618298025567 -0.000551628875106682 -73865.8241016894 -389178.710564207 1.31229042084089e-16 4.37430140280297e-17
1.19452054794521e-08 0.00131302565973331 -0.000692274883910971 -115614.106353498 -376776.463952775 1.29900074952513e-16 4.33000249841709e-17
1.23184931506849e-08 0.00125478085083153 -0.0008266728101359 -156031.96513137 -360038.481263113 1.28768190367833e-16 4.29227301226109e-17
1.26917808219178e-08 0.00118211880273914 -0.000953276076451613 -194654.293972261 -339157.373983377 1.27885338862467e-16 4.26284462874892e-17
1.30650684931507e-08 0.00109587567029482 -0.00107062780218242 -231036.648382945 -314373.430398129 1.27292041003948e-16 4.24306803346492e-17
1.34383561643836e-08 0.000997043891977651 -0.0011773775682874 -264760.360262516 -285971.850483067 1.2701552760719e-16 4.23385092023966e-17
1.38116438356164e-08 0.000886760769471574 -0.00127229695723912 -295437.355704355 -254279.463980752 1.27068489911546e-16 4.23561633038487e-17
1.41849315068493e-08 0.000766295380223873 -0.00135429368897612 -322714.620736959 -219660.969423895 1.27448497086217e-16 4.24828323620722e-17
1.45582191780822e-08 0.000637033973600712 -0.00142242419026042 -346278.26361434 -182514.737385459 1.28138107799008e-16 4.27127025996693e-17
1.49315068493151e-08 0.000500464018692752 -0.00147590445279875 -365857.126909396 -143268.226249467 1.29105670727712e-16 4.30352235759042e-17
1.53047945205479e-08 0.000358157087339925 -0.00151411905517829 -381225.907844272 -102373.063255296 1.30306777272748e-16 4.34355924242493e-17
1.56780821917808e-08 0.000211750769348067 -0.00153662824479744 -392207.750950664 -60299.8474200897 1.31686299795351e-16 4.3895433265117e-17
1.60513698630137e-08 6.2929828007165e-05 -0.00154317299829655 -398676.28322517 -17532.7341444002 1.33180921831544e-16 4.43936406105147e-17
1.64246575342466e-08 -8.65931872368888e-05 -0.00153367800225617 -400557.068360218 25436.1361815635 1.34722044151693e-16 4.49073480505643e-17
1.67979452054795e-08 -0.000235097647858315 -0.00150825251986239 -397828.463316114 68112.3014585542 1.36238933285143e-16 4.54129777617144e-17
1.71712328767123e-08 -0.000380874646297072 -0.00146718913356627 -390521.867377221 110004.667875852 1.37661968000925e-16 4.58873226669749e-17
1.75445205479452e-08 -0.000522246661126062 -0.00141096037820607 -378721.360826286 150631.161148424 1.38925834739567e-16 4.63086115798555e-17
1.79178082191781e-08 -0.000657586861044 -0.00134021330333657 -362562.737394842 189524.273962339 1.399725253341e-16 4.66575084446999e-17
1.8291095890411e-08 -0.000785337825554224 -0.00125576202733905 -342231.941623721 226236.445791518 1.40753999432707e-16 4.69179998109025e-17
1.86643835616438e-08 -0.000904029466902197 -0.00115857836899527 -317962.92911567 260345.213177813 1.4123438942482e-16 4.70781298082733e-17
1.90376712328767e-08 -0.00101229594703589 -0.00104978066433207 -290034.974303092 291458.071207861 1.41391646670322e-16 4.71305488901074e-17
1.94109589041096e-08 -0.00110889139491798 -0.000930620897426103 -258769.456711667 319216.990243499 1.41218553474282e-16 4.70728511580941e-17
1.97842465753425e-08 -0.00119270424332376 -0.000802470293260568 -224526.16270173 343302.53592969 1.40723054360209e-16 4.69076847867365e-17
2.01575342465753e-08 -0.00126277002014465 -0.000666803538423096 -187699.145244952 363437.545069191 1.3992789143727e-16 4.664263047909e-17
2.05308219178082e-08 -0.00131828244700215 -0.000525181811224546 -148712.189379725 379390.315064005 1.38869560597152e-16 4.62898535323841e-17
2.09041095890411e-08 -0.00135860271745546 -0.000379234816518651 -108013.93552629 390977.270221297 1.37596636448402e-16 4.58655454828005e-17
2.1277397260274e-08 -0.00138326684803423 -0.000230642031955944 -66072.7167798262 398065.074241381 1.36167542869345e-16 4.53891809564484e-17
2.16506849315068e-08 -0.00139199101750487 -8.1113381479747e-05 -23371.1695910717 400572.164578435 1.34647871505379e-16 4.48826238351263e-17
2.20239726027397e-08 -0.001384674832929 6.76304415370115e-05 19599.3201481897 398469.691017371 1.33107371284554e-16 4.43691237615182e-17
2.23972602739726e-08 -0.00136140248493013 0.000213877775083648 62344.2717033943 391781.847666219 1.31616747124799e-16 4.38722490415995e-17
2.27705479452055e-08 -0.0013224417788743 0.00035594568537563 104371.799709209 380585.594543657 1.30244414763708e-16 4.3414804921236e-17
2.31438356164383e-08 -0.00126824105311339 0.000492199333129872 145198.274515465 365009.771965492 1.29053360655713e-16 4.30177868852378e-17
2.35171232876712e-08 -0.00119942401975427 0.000621070786394996 184353.887530863 345233.617921252 1.28098251059095e-16 4.26994170196983e-17
2.38904109589041e-08 -0.00111678258732328 0.000741077063448861 221388.057521545 321484.705502097 1.27422922998169e-16 4.24743076660564e-17
2.4263698630137e-08 -0.001021267747919 0.000850837198135625 255874.615651828 294036.324114999 1.270583722589e-16 4.23527907529667e-17
2.46369863013698e-08 -0.000913978633718816 0.000949088131263849 287416.709600494 263204.334618729 1.27021330763654e-16 4.23404435878846e-17
2.50102739726027e-08 -0.00079614986877105 0.00103469924519618 315651.370318784 229343.534571023 1.27313498619867e-16 4.2437832873289e-17
2.53835616438356e-08 -0.000669137361621259 0.00110668537437457 340253.688878342 192843.575413652 1.27921466089575e-16 4.26404886965251e-17
2.57568493150685e-08 -0.000534402702263301 0.001164218142063 360940.555344252 154124.478578189 1.28817329061201e-16 4.29391096870671e-17
2.61301369863013e-08 -0.000393496342966511 0.00120663549285088 377473.916648283 113631.802110656 1.29959969775054e-16 4.33199899250181e-17
2.65034246575342e-08 -0.000248039756524717 0.00123344931122212 389663.515972511 71831.5134348741 1.3129694402061e-16 4.37656480068701e-17
2.68767123287671e-08 -9.97067772401901e-05 0.00124435103851971 397369.082120017 29204.6272559307 1.32766888188164e-16 4.42556293960547e-17
2.725e-08 4.97956606398296e-05 0.00123921522366886 400501.943678585 -13758.3296921802 1.34302335697497e-16 4.4767445232499e-17
2.76232876712328e-08 0.000198747165382537 0.00121810096679888 399026.049402483 -56562.9633581074 1.35832813536882e-16 4.52776045122939e-17
2.79965753424657e-08 0.000345433685090305 0.00118125123915144 392958.383070351 -98716.7015876516 1.37288076789401e-16 4.57626922631337e-17
2.83698630136986e-08 0.000488167232066092 0.00112909008710128 382368.768045228 -139734.462372885 1.38601332690315e-16 4.6200444230105e-17
2.87431506849315e-08 0.000625305307246384 0.0010622177524641 367379.063785736 -179144.235908793 1.39712306239701e-16 4.65707687465669e-17
2.91164383561643e-08 0.000755269801175987 0.000981403765244168 348161.763554533 -216492.516222199 1.4057000666679e-16 4.685666888893e-17
2.94897260273972e-08 0.000876565154022665 0.000887578088306847 324938.009460827 -251349.519868788 1.4113506777255e-16 4.704502259085e-17
2.98630136986301e-08 0.000987795565656173 0.000781820415877972 297975.047678756 -283314.131644324 1.41381554734923e-16 4.7127184911641e-17
3.0236301369863e-08 0.00108768105774757 0.000665347749017242 267583.153125567 -312018.520397552 1.41298154449108e-16 4.70993848163694e-17
3.06095890410958e-08 0.001175072203055 0.00053950039104015 234112.058988727 -337132.371828541 1.40888694769385e-16 4.69628982564618e-17
3.09828767123287e-08 0.00124896335239952 0.000405726524045457 197946.932188973 -358366.689563764 1.40171968820648e-16 4.67239896068828e-17
3.13561643835616e-08 0.00130850420712202 0.000265565544033032 159503.941091479 -375477.120767231 1.39180872443285e-16 4.63936241477617e-17
3.17294520547945e-08 0.00135300960385206 0.000120630346382337 119225.46646947 -388266.768018374 1.37960894360421e-16 4.59869647868069e-17
3.21027397260273e-08 0.00138196739899061 -2.74112344594664e-05 77575.0108298769 -396588.455099144 1.36568028364886e-16 4.55226761216288e-17
3.24760273972602e-08 0.00139504436217659 -0.000176855617497961 35031.8646817116 -400346.420616885 1.35066203351055e-16 4.50220677836849e-17
3.28493150684931e-08 0.00139209001091839 -0.000325983079063491 -7914.40887519556 -399497.419973713 1.33524349146333e-16 4.45081163821111e-17
3.3222602739726e-08 0.00137313834226348 -0.0004730775424442 -50769.6077727727 -394051.223001534 1.32013232812958e-16 4.40044109376526e-17
3.35958904109588e-08 0.00133840744157918 -0.000616446325551891 -93040.5779799782 -384070.501536199 1.30602210625523e-16 4.35340702085077e-17
3.39691780821917e-08 0.00128829697294625 -0.00075443961937543 -134240.888447838 -369670.108224527 1.29356044799969e-16 4.31186815999896e-17
3.43424657534246e-08 0.0012233835800448 -0.000885469473074398 -173896.428690109 -351015.754863288 1.283319310778e-16 4.27773103592666e-17
3.47157534246575e-08 0.00114441425045631 -0.00100802806724296 -211550.864585688 -328322.105479093 1.27576873591632e-16 4.25256245305439e-17
3.50890410958903e-08 0.00105229771974185 -0.00112070506506534 -246770.889620402 -301850.306092979 1.2712552749884e-16 4.23751758329468e-17
3.54623287671232e-08 0.000948094014213642 -0.00122220384169528 -279151.211139776 -271904.979595797 1.26998608400771e-16 4.23328694669237e-17
3.58356164383561e-08 0.000833002252735983 -0.00131135640510081 -308319.214233729 -238830.720315723 1.27201941550995e-16 4.2400647183665e-17
3.6208904109589e-08 0.000708346847925598 -0.0013871368366734 -333939.249583783 -203008.128616476 1.27726194491454e-16 4.25753981638181e-17
3.65821917808218e-08 0.000575562265540546 -0.0014486730969344 -355716.495930597 -164849.431157909 1.285473053878e-16 4.28491017959334e-17
3.69554794520547e-08 0.00043617651743815 -0.00149525706048517 -373400.352714677 -124793.737218595 1.29627587404451e-16 4.32091958014838e-17
3.73287671232876e-08 0.000291793578055926 -0.00152635266472427 -386787.323849626 -83301.9856680389 1.30917458431459e-16 4.36391528104863e-17
3.77020547945205e-08 0.000144074926756979 -0.00154160207856065 -395723.359443052 -40851.6407359857 1.32357716773251e-16 4.41192389244172e-17
3.80753424657533e-08 -5.27957155963546e-06 -0.00154082982013685 -400105.628517902 2068.80238302887 1.33882258351119e-16 4.4627419450373e-17
3.84486301369862e-08 -0.000154551227568145 -0.00152404477617757 -399883.702334723 44965.438863389 1.35421110706971e-16 4.51403702356571e-17
3.88219178082191e-08 -0.000302022305246445 -0.00149144009972614 -395060.13469783 87344.6378331675 1.3690364455556e-16 4.56345481851867e-17
3.9195205479452e-08 -0.000445995788636379 -0.00144339098744568 -385690.43256753 128718.722806386 1.38261815483342e-16 4.60872718277808e-17
3.95684931506848e-08 -0.00058481491016894 -0.00138045036206243 -371882.417316586 168611.583595482 1.39433287008517e-16 4.64777623361724e-17
3.99417808219177e-08 -0.000716882215833168 -0.00130334250963557 -353794.983981234 206564.155125176 1.40364291661972e-16 4.67880972206574e-17
4.03150684931506e-08 -0.000840677947797281 -0.00121295474487199 -331636.272784596 242139.700100586 1.41012098773031e-16 4.70040329243438e-17
4.06883561643835e-08 -0.000954777532944963 -0.00111032720039731 -305661.273973607 274928.834739523 1.41346975695116e-16 4.71156585650387e-17
4.10616438356163e-08 -0.00105786797607836 -0.000996640857482296 -276168.893531659 304554.239735635 1.41353552456206e-16 4.71178508187353e-17
4.14349315068492e-08 -0.00114876296914381 -0.000873203955960745 -243498.513533135 330675.002241219 1.41031527200224e-16 4.70105090667413e-17
4.18082191780821e-08 -0.00122641654261172 -0.000741436939725828 -208026.086721376 352990.538904549 1.40395680041439e-16 4.67985600138129e-17
4.2181506849315e-08 -0.00128993510191794 -0.000602856111043925 -170159.810251524 371244.054817575 1.39475194696002e-16 4.64917315653341e-17
4.25547945205478e-08 -0.00133858771045795 -0.000459056181783086 -130335.428382432 385225.498570322 1.38312319025954e-16 4.61041063419847e-17
4.29280821917807e-08 -0.00137181450080286 -0.000311691922346966 -89011.2181716728 394773.979406853 1.36960425973212e-16 4.56534753244039e-17
4.33013698630136e-08 -0.00138923311734543 -0.000162459119488209 -46662.7158755079 399779.618667496 1.35481563881585e-16 4.51605212938617e-17
4.36746575342465e-08 -0.00139064311623791 -1.30750621282666e-05 -3777.24473949798 400184.814211955 1.33943608640607e-16 4.46478695468689e-17
4.40479452054794e-08 -0.00137602827198946 0.000134741220257895 39151.6928490646 395984.903273021 1.32417148360306e-16 4.41390494534353e-17
4.44212328767122e-08 -0.00134555676418014 0.000279288739286427 81630.0943148858 387228.216113132 1.30972243562181e-16 4.36574145207269e-17
4.47945205479451e-08 -0.00129957924214292 0.000418904121702282 123169.141604288 374015.519866325 1.29675211585094e-16 4.32250705283647e-17
4.5167808219178e-08 -0.00123862478988426 0.000551980750562707 163290.826234208 356498.858965544 1.28585582793436e-16 4.28618609311454e-17
4.55410958904109e-08 -0.00116339483767667 0.000676987253300357 201533.449950609 334879.805499024 1.27753368289603e-16 4.25844560965345e-17
4.59143835616437e-08 -0.00107475509038538 0.000792485123915554 237456.937697757 309407.139629701 1.27216764535625e-16 4.24055881785416e-17
4.62876712328766e-08 -0.000973725565413466 0.000897145276511234 270647.901759637 280373.98677008 1.27000400235782e-16 4.23334667452608e-17
4.66609589041095e-08 -0.000861468854903192 0.000989763339681601 300724.398798163 248114.444456396 1.27114205943708e-16 4.23714019812359e-17
4.70342465753424e-08 -0.00073927674726586 0.00106927351575508 327340.325046799 212999.737738137 1.27552958276028e-16 4.25176527586761e-17
4.74075342465752e-08 -0.000608555361992054 0.00113476084540707 350189.399082122 175433.947324585 1.28296519651959e-16 4.2765506550653e-17
4.77808219178081e-08 -0.000470808968802824 0.001185471736508 369008.686341791 135849.359646517 1.29310762555419e-16 4.31035875184728e-17
4.8154109589041e-08 -0.000327622677342044 0.00122082263604662 383581.624830713 94701.4923419983 1.3054913589847e-16 4.35163786328233e-17
4.85273972602739e-08 -0.000180644196607462 0.00124040674533674 393740.517197229 52463.8524102249 1.31954801594107e-16 4.39849338647024e-17
4.89006849315067e-08 -3.15648740228493e-05 0.00124399870123247 399368.460501897 9622.48735371416 1.33463243275309e-16 4.44877477584364e-17
4.92739726027396e-08 0.000117899767656823 0.00123155716948326 400400.69147215 -33329.6079887176 1.35005227426998e-16 4.5001742475666e-17
4.96472602739725e-08 0.000266029771636612 0.00120322532038564 396825.331762371 -75898.1645550965 1.36509981022713e-16 4.55033270075711e-17
5.00205479452054e-08 0.000411120539397317 0.00115932918125832 388683.524643357 -117593.326836491 1.37908439820823e-16 4.59694799402742e-17
5.03938356164382e-08 0.000551502446276616 0.00110037388469932 376068.961548213 -157935.289864474 1.39136418231991e-16 4.63788060773305e-17
5.07671232876711e-08 0.000685560054590312 0.00102703785579818 359126.80392293 -196459.820542497 1.40137555269311e-16 4.67125184231038e-17
5.1140410958904e-08 0.000811750703199679 0.000940165005193603 338052.012788396 -232723.599784741 1.40865901369712e-16 4.69553004565705e-17
5.15136986301369e-08 0.000928622259606389 0.000840755017814503 313087.105236324 -266309.323988047 1.41288027358334e-16 4.70960091194447e-17
5.18869863013697e-08 0.0010348298302937 0.000729951849056328 284519.363676095 -296830.507131992 1.41384558759942e-16 4.71281862533139e-17
5.22602739726026e-08 0.00112915123702049 0.00060903056077227 252677.529946988 -323935.9282472 1.41151065036495e-16 4.70503550121651e-17
5.26335616438355e-08 0.00121050108097546 0.000479382648563565 217928.022338107 -347313.673072861 1.40598262937223e-16 4.68660876457412e-17
5.30068493150684e-08 0.00127794323294904 0.000342500029214328 180670.719048476 -366694.723394288 1.39751524627953e-16 4.65838415426509e-17
5.33801369863012e-08 0.00133070160579278 0.000199957872534712 141334.356608918 -381856.052756402 1.38649713175272e-16 4.6216571058424e-17
5.37534246575341e-08 0.00136816908520297 5.33964751740918e-05 100371.596218135 -392623.192929368 1.37343398833752e-16 4.5781132944584e-17
5.4126712328767e-08 0.00138991451605774 -9.54976150095654e-05 58253.8147668879 -398872.241592916 1.35892538003954e-16 4.52975126679846e-17
5.44999999999999e-08 0.00139568766391274 -0.000245011006813762 15465.6804922995 -400531.288136014 1.34363721390966e-16 4.4787907130322e-17
5.48732876712327e-08 0.0013854220945614 -0.000393423182453967 -27500.4243173414 -397581.241164584 1.32827117665773e-16 4.4275705888591e-17
5.52465753424656e-08 0.00135923593852317 -0.000539026296334886 -70150.0693868264 -390056.048194755 1.31353252907377e-16 4.37844176357924e-17
5.56198630136985e-08 0.00131743053166253 -0.000680144827997164 -111992.466085381 -378042.305003535 1.30009773640828e-16 4.33365912136093e-17
5.59931506849314e-08 0.00126048694758183 -0.00081515486308422 -152546.115151978 -361678.259132298 1.28858342039227e-16 4.29527806797422e-17
5.63664383561642e-08 0.00118906046169113 -0.000942502780454466 -191344.347523702 -341152.219010199 1.27951805791777e-16 4.26506019305924e-17
5.67397260273971e-08 0.00110397301065965 -0.00106072313039791 -227940.694506353 -316700.387004464 1.27331772533524e-16 4.24439241778414e-17
5.711301369863e-08 0.00100620373402113 -0.0011684554982245 -261914.02549034 -288604.141333611 1.2702670016408e-16 4.23422333880266e-17
5.74863013698629e-08 0.000896877706775265 -0.00126446015916724 -292873.394089843 -257186.798121846 1.27050590704704e-16 4.23501969015682e-17
5.78595890410957e-08 0.000777252992644095 -0.00134763234445221 -320462.536938545 -222809.890855142 1.27402347642271e-16 4.24674492140903e-17
5.82328767123286e-08 0.000648706166967455 -0.00141701495436924 -344363.973372284 -185869.010052958 1.28065826256341e-16 4.26886087521136e-17
5.86061643835615e-08 0.000512716475831952 -0.00147180957204838 -364302.658821716 -146789.251030364 1.29010574619468e-16 4.30035248731562e-17
5.89794520547944e-08 0.00037084881372154 -0.0015113856512016 -380049.149873764 -106020.322135236 1.30193231260767e-16 4.33977437535891e-17
5.93527397260272e-08 0.000224735715573495 -0.00153528777210226 -391422.244580082 -64031.3697522161 1.31559515343643e-16 4.38531717812145e-17
5.97260273972601e-08 7.60585704653006e-05 -0.00154324088230454 -398291.067629293 -21305.579624448 1.33046718013766e-16 4.43489060045888e-17
6.0099315068493e-08 -7.34717268850173e-05 -0.00153515346179554 -400576.576388007 21665.3833818917 1.34586580570935e-16 4.48621935236451e-17
6.04726027397259e-08 -0.00022213446415321 -0.00151111857615722 -398252.470479928 64387.0330861422 1.36108427364312e-16 4.53694757881039e-17
6.08458904109588e-08 -0.000368218912418739 -0.00147141280561889 -391345.494436096 106367.752267841 1.37542409619343e-16 4.58474698731144e-17
6.12191780821916e-08 -0.000510044012291194 -0.00141649306232422 -379935.12993355 147124.449926991 1.38822711313234e-16 4.62742371044112e-17
6.15924657534245e-08 -0.000645977718616097 -0.00134699133243795 -364152.681163962 186188.12042928 1.39890569957692e-16 4.66301899858975e-17
6.19657534246574e-08 -0.000774455781151867 -0.00126370740359703 -344179.763857292 223109.240564664 1.40696973642955e-16 4.68989912143185e-17
6.23390410958903e-08 -0.000893999745100257 -0.00116759966139494 -320246.21534798 257462.942412943 1.41204910555839e-16 4.70683035186131e-17
6.27123287671232e-08 -0.00100323396435007 -0.00105977406080798 -292627.449733453 288853.90248984 1.41391067724848e-16 4.71303559082827e-17
6.30856164383561e-08 -0.00110090143165514 -0.0009414713994744 -261641.288560352 316920.890911968 1.41246901024393e-16 4.70823003414642e-17
6.34589041095889e-08 -0.00118587824358151 -0.000814053039278422 -227644.303509176 341340.928231428 1.40779027327737e-16 4.6926342442579e-17
6.38321917808218e-08 -0.00125718653376934 -0.000678985240547279 -191027.713163726 361833.002105446 1.40008920809876e-16 4.66696402699587e-17
6.42054794520547e-08 -0.00131400572568048 -0.00053782228913477 -152212.881083067 378161.301031675 1.38971927339252e-16 4.63239757797507e-17
6.45787671232876e-08 -0.00135568197534146 -0.000392188610555503 -111646.466981706 390137.927937119 1.37715642195139e-16 4.59052140650462e-17
6.49520547945205e-08 -0.00138173569541987 -0.000243760076990551 -69795.2868155511 397625.062394185 1.3629772556921e-16 4.54325751897368e-17
6.53253424657533e-08 -0.00139186707405131 -9.42447222731967e-05 -27140.9409209378 400536.54658227 1.34783256114043e-16 4.49277520380142e-17
6.56986301369862e-08 -0.00138595952490927 5.46369132239026e-05 15825.7279768521 398838.876744523 1.33241744003723e-16 4.44139146679076e-17
6.60719178082191e-08 -0.00136408102881632 0.000201171581619925 58610.2831113946 392551.58873063 1.3174394059925e-16 4.39146468664166e-17
6.6445205479452e-08 -0.00132648335145828 0.00034367304263911 100720.383381174 381747.033189008 1.30358591146715e-16 4.34528637155718e-17
6.68184931506849e-08 -0.00127359914620332 0.000480501467935334 141671.448939873 366549.54299539 1.29149279550891e-16 4.30497598502971e-17
6.71917808219178e-08 -0.00120603697536527 0.000610082311333765 180992.23747442 347134.002498547 1.28171510040841e-16 4.27238366802805e-17
6.75650684931506e-08 -0.00112457430720355 0.000730924427841224 218230.267002036 323723.835047506 1.27470159671451e-16 4.2490053223817e-17
6.79383561643835e-08 -0.00103014856924661 0.000841637232921687 252957.022783738 296588.431958672 1.27077418584361e-16 4.23591395281202e-17
6.83116438356164e-08 -0.000923846360892073 0.000940946704577406 284772.888436001 266040.052508898 1.27011312564931e-16 4.23371041883103e-17
6.86849315068493e-08 -0.000806890949419233 0.00102771004409253 313311.74449605 232430.230627674 1.27274875705995e-16 4.24249585686649e-17
6.90582191780822e-08 -0.000680628193302756 0.00110092882673146 338245.181523038 196145.729638229 1.27856011150956e-16 4.2618670383652e-17
6.9431506849315e-08 -0.000546511054814458 0.00115976049106092 359286.279253056 157604.091598181 1.28728046307766e-16 4.29093487692553e-17
6.98047945205479e-08 -0.000406082880133535 0.00120352803468299 376192.908319537 117248.832455449 1.29850957050912e-16 4.32836523503039e-17
7.01780821917808e-08 -0.000260959639368566 0.00123172780480591 388770.516544686 75544.3383109499 1.31173204723754e-16 4.37244015745846e-17
7.05513698630137e-08 -0.000112811330863327 0.00124403529400309 396874.367738805 32970.5215190522 1.32634101627632e-16 4.42113672092108e-17
7.09246575342466e-08 3.66572362245818e-05 0.00124030887446587 400411.207244674 -9982.70187953356 1.34166596427992e-16 4.47221988093307e-17
7.12979452054795e-08 0.000185726059928782 0.00122059142777835 399340.335060792 -52821.0498417843 1.357003516347e-16 4.52334505448999e-17
7.16712328767123e-08 0.000332679738309636 0.00118510985145977 393674.074194583 -95051.5622479434 1.37164971908277e-16 4.57216573027592e-17
7.20445205479452e-08 0.000475827209355203 0.00113427244795275 383477.628856015 -136188.273615134 1.38493235021271e-16 4.61644116737571e-17
7.24178082191781e-08 0.000613521210791697 0.00106866422610364 368868.334123452 -175757.805320541 1.39624177182102e-16 4.6541392394034e-17
7.2791095890411e-08 0.000744177235870685 0.000989040169202848 350014.305716187 -213304.812981947 1.40505891113133e-16 4.68352970377111e-17
7.31643835616439e-08 0.00086629176700025 0.00089631654705283 327132.505411311 -248397.22631014 1.41097908458512e-16 4.70326361528372e-17
7.35376712328767e-08 0.00097845957739754 0.000791560372039773 300486.244367052 -280631.221135897 1.41373057175513e-16 4.71243523918376e-17
7.39109589041096e-08 0.00107938990166481 0.000675977120542578 270382.153082958 -309635.866396154 1.41318708660006e-16 4.71062362200019e-17
7.42842465753425e-08 0.00116792128920686 0.000550896860974486 237166.652864949 -335077.39260443 1.40937357366244e-16 4.69791191220813e-17
7.46575342465754e-08 0.00124303496956496 0.000417758948088164 201221.969399686 -356663.032686294 1.40246506317961e-16 4.67488354393203e-17
7.50308219178083e-08 0.0013038665758663 0.000278095459673784 162961.734311835 -374144.390981643 1.39277863765508e-16 4.64259545885027e-17
7.54041095890412e-08 0.00134971609148199 0.000133513566251438 122826.225319095 -387320.301645183 1.38075887860365e-16 4.60252959534551e-17
7.5777397260274e-08 0.00138005590543299 -1.43229633622285e-05 81277.2997586595 -396039.143552208 1.36695746142643e-16 4.55652487142145e-17
7.61506849315069e-08 0.00139453688384674 -0.000163712907789422 38793.0797872946 -400200.585071013 1.35200783495751e-16 4.50669278319171e-17
7.65239726027398e-08 0.00139299238759749 -0.000312937169810048 -4137.54958516433 -399756.738624064 1.33659614782461e-16 4.45532049274869e-17
7.68972602739727e-08 0.0013754401898976 -0.000460278558785918 -47020.5663153056 -394712.711751871 1.32142975602749e-16 4.40476585342497e-17
7.72705479452056e-08 0.00134208227177322 -0.00060404155114505 -89362.4962597882 -385126.548338227 1.30720475715367e-16 4.35734919051222e-17
7.76438356164384e-08 0.00129330249777787 -0.000742571801533316 -130676.091804055 -371108.560673152 1.29457404132563e-16 4.31524680441877e-17
7.80171232876713e-08 0.0012296621986905 -0.000874275180109818 -170485.938839583 -352820.060039803 1.28411732525742e-16 4.2803910841914e-17
7.83904109589042e-08 0.00115189371202997 -0.000997636116915306 -208333.92756766 -330471.500433052 1.27631454477857e-16 4.25438181592856e-17
7.87636986301371e-08 0.00106089195471818 -0.00111123504221674 -243784.524174694 -304320.0567708 1.27152382703888e-16 4.23841275679628e-17
7.913698630137e-08 0.000957704124868892 -0.00121376472213407 -276429.78271552 -274666.665466628 1.26996505341197e-16 4.23321684470658e-17
7.95102739726029e-08 0.000843517651208461 -0.00130404530156798 -305894.039530698 -241852.561419263 1.27170976751716e-16 4.23903255839052e-17
7.98835616438357e-08 0.000719646528799902 -0.0013810378813226 -331838.236177057 -206255.351269258 1.27667789155506e-16 4.2555929718502e-17
8.02568493150686e-08 0.000587516198311253 -0.00144385647318546 -353963.821125554 -168284.668109702 1.2846414016685e-16 4.28213800556166e-17
8.06301369863015e-08 0.000448647142829272 -0.00149177819539198 -372016.185327877 -128377.457654142 1.29523479363918e-16 4.31744931213061e-17
8.10034246575344e-08 0.000304637390977312 -0.00152425159115069 -385787.592117176 -86992.950105916 1.30797185857229e-16 4.35990619524095e-17
8.13767123287673e-08 0.000157144127681872 -0.00154090297450443 -395119.567727235 -44607.3755898413 1.32226799860891e-16 4.40755999536302e-17
8.17500000000001e-08 7.86462420097168e-06 -0.00154154073050252 -399904.72492131 -1708.48395817243 1.33746705843384e-16 4.45822352811281e-17
8.2123287671233e-08 -0.000141483293138891 -0.00152615752020009 -400087.99874532 41210.0679661241 1.35287144108284e-16 4.50957147027613e-17
8.24965753424659e-08 -0.000289181010742202 -0.00149493036511068 -395667.280185017 83654.3971202599 1.36777412581277e-16 4.55924708604256e-17
8.28698630136988e-08 -0.000433528904603347 -0.00144821861014007 -386693.44043536 125136.077535959 1.38149111849855e-16 4.60497039499517e-17
8.32431506849317e-08 -0.000572865898643781 -0.001386559788443 -373269.745502814 165177.760876551 1.39339284516874e-16 4.64464281722912e-17
8.36164383561646e-08 -0.000705588579460886 -0.00131066343578763 -355550.667877014 203318.669498786 1.4029330477988e-16 4.67644349266267e-17
8.39897260273974e-08 -0.000830169647526497 -0.0012214029256086 -333740.10894641 239119.898828223 1.40967385612112e-16 4.69891285373706e-17
8.43630136986303e-08 -0.000945175492508883 -0.00111980541870647 -308089.052613364 272169.4680314 1.4133058847213e-16 4.71101961573767e-17
8.47363013698632e-08 -0.00104928269047103 -0.00100704004324681 -278892.67710961 302087.060864407 1.41366243301689e-16 4.7122081100563e-17
8.51095890410961e-08 -0.00114129323310459 -0.000884404441077066 -246486.958247695 328528.402142803 1.41072713637669e-16 4.70242378792229e-17
8.5482876712329e-08 -0.0012201483137498 -0.000753309835178693 -211244.803196332 351189.21947087 1.40463471721438e-16 4.68211572404794e-17
8.58561643835618e-08 -0.0012849405115595 -0.000615264790090178 -173571.759270043 369808.744640793 1.39566480158327e-16 4.65221600527756e-17
8.62294520547947e-08 -0.00133492423359862 -0.000471857852177002 -133901.347113971 384172.71440961 1.38422908507412e-16 4.61409695024707e-17
8.66027397260276e-08 -0.00136952429471706 -0.000324739269514789 -92690.0719870143 394115.836122626 1.37085243706787e-16 4.56950812355957e-17
8.69760273972605e-08 -0.00138834253646372 -0.000175602001743148 -50412.1705506761 399523.689810266 1.35614881060823e-16 4.52049603536076e-17
8.73493150684934e-08 -0.00139116240887469 -2.61622384183558e-05 -7554.1536146981 400334.044870086 1.34079306356798e-16 4.46931021189328e-17
8.77226027397263e-08 -0.001377951462411 0.000121860349951054 35390.7923614437 396537.576182273 1.32548998444344e-16 4.4182999481448e-17
8.80958904109591e-08 -0.00134886172137005 0.000266762400925578 77928.480586746 388177.97141799 1.31094194441177e-16 4.36980648137256e-17
8.8469178082192e-08 -0.00130422793447372 0.000406876461491752 119569.410768149 375351.428305716 1.29781666033696e-16 4.32605553445654e-17
8.88424657534249e-08 -0.00124456372276437 0.000540590176193267 159834.402010369 358205.547640753 1.28671654831786e-16 4.28905516105953e-17
8.92157534246578e-08 -0.00117055566913673 0.00066636484122972 198260.106965786 336937.634776553 1.2781510743699e-16 4.26050358123298e-17
8.95890410958907e-08 -0.00108305541752001 0.000782753111012683 234404.343780578 311792.429143351 1.27251337127184e-16 4.24171123757279e-17
8.99623287671235e-08 -0.000983069872628499 0.000888415653421761 267851.184480015 283059.287921568 1.27006219480278e-16 4.2335406493426e-17
9.03356164383564e-08 -0.000871749613056569 0.000982136562101143 298215.741238564 251068.85627871 1.27091004753087e-16 4.23636682510292e-17
9.07089041095893e-08 -0.000750375651053768 0.00106283734844041 325148.595457045 216189.26248685 1.27501801524063e-16 4.25006005080209e-17
9.10821917808222e-08 -0.000620344691341225 0.00112958935222762 348339.818679473 178821.881705174 1.2821975529933e-16 4.273991843311e-17
9.14554794520551e-08 -0.000483153058602807 0.00118162442815963 367522.539079065 139396.71717567 1.29211913884486e-16 4.30706379614952e-17
9.1828767123288e-08 -0.000340379478604595 0.00121834378523533 382476.012472274 98367.451982593 1.30432739803854e-16 4.34775799346179e-17
9.22020547945208e-08 -0.000193666911088082 0.00123932487731269 393028.162521302 56206.2283173489 1.31826200351132e-16 4.39420667837107e-17
9.25753424657537e-08 -4.47036434941487e-05 0.00124432626553717 399057.56089384 13398.2143261376 1.33328339343584e-16 4.44427797811946e-17
9.29486301369866e-08 0.000104796136919162 0.00123329039668706 400494.824593457 -29563.9789379195 1.34870212543006e-16 4.49567375143353e-17
9.33219178082195e-08 0.00025311206899971 0.00120634426546426 397323.414380916 -72185.9662115271 1.36381052015356e-16 4.54603506717853e-17
9.36952054794524e-08 0.000398537414670089 0.00116379795310923 389579.825098632 -113977.277134596 1.37791514193234e-16 4.59305047310779e-17
9.40684931506852e-08 0.000539398699129627 0.00110614105915674 377353.165708118 -154457.000313073 1.39036862563669e-16 4.63456208545564e-17
9.44417808219181e-08 0.000674074968280898 0.00103403706739412 360784.133873131 -193159.317382456 1.40059938904202e-16 4.66866463014006e-17
9.4815068493151e-08 0.000801016441776918 0.00094831571085506 340063.396888421 -229638.863389031 1.40813786695311e-16 4.69379288984371e-17
9.51883561643839e-08 0.000918762347039999 0.000849963423708851 315429.397585502 -263475.851804523 1.41263806301451e-16 4.70879354338169e-17
9.55616438356168e-08 0.00102595772902821 0.000740111989919069 287165.610463837 -294280.905198314 1.41389343003532e-16 4.71297810011772e-17
9.59349315068497e-08 0.00112136904231191 0.000620025519296956 255597.279622395 -321699.535978503 1.41184634996332e-16 4.70615449987772e-17
9.63082191780825e-08 0.00120389834603531 0.00049108590082178 221087.67602965 -345416.225639921 1.40659077840235e-16 4.68863592800785e-17
9.66815068493154e-08 0.00127259593841525 0.000354776900623386 184033.917201312 -365158.05557735 1.39836793229668e-16 4.66122644098893e-17
9.70547945205483e-08 0.00132667128538641 0.000212667087618599 144862.397390622 -380697.847682549 1.38755521870613e-16 4.62518406235377e-17
9.74280821917812e-08 0.00136550211763199 6.63917832838491e-05 104023.880878078 -391856.778584834 1.37464891281241e-16 4.58216304270802e-17
9.78013698630141e-08 0.00138864159131641 -8.23657567239023e-05 61988.3148243049 -398506.437451958 1.36024138019041e-16 4.53413793396803e-17
9.8174657534247e-08 0.00139582343011806 -0.000231893712546393 19239.4213769022 -400570.303671258 1.34499388878273e-16 4.48331296260908e-17
9.85479452054798e-08 0.00138696498939064 -0.000380471398804386 -23730.8687376728 -398024.627406735 1.32960625843618e-16 4.43202086145392e-17
9.89212328767127e-08 0.00136216820719221 -0.000526389065297538 -66428.0770820273 -390898.702899085 1.31478474100716e-16 4.38261580335721e-17
9.92945205479456e-08 0.00132171843123817 -0.000667967571868237 -108360.86769341 -379274.531363708 1.30120960525463e-16 4.33736535084876e-17
9.96678082191785e-08 0.00126608113527684 -0.000803577711021937 -149046.701107419 -363285.877365876 1.28950391428902e-16 4.2983463809634e-17
1.00041095890411e-07 0.00119589656267391 -0.000931658955949893 -188017.387156455 -343116.729531772 1.28020492861041e-16 4.2673497620347e-17
1.00414383561644e-07 0.00111197235884434 -0.00105073741821238 -224824.472644361 -318999.183308693 1.27373944726129e-16 4.24579815753765e-17
1.00787671232877e-07 0.0010152742773136 -0.0011594428084353 -259044.401898868 -291210.770138439 1.27040421887044e-16 4.23468072956813e-17
1.0116095890411e-07 0.00090691506635792 -0.00125652420484569 -290283.390817046 -260071.263778308 1.27035232166948e-16 4.23450773889828e-17
1.01534246575343e-07 0.000788141664109853 -0.00134086444819077 -318181.958315923 -225939.000520771 1.27358613760378e-16 4.24528712534592e-17
1.01907534246576e-07 0.000660320849480846 -0.00141149299739141 -342419.063042843 -189206.75565674 1.27995724300733e-16 4.26652414335777e-17
1.02280821917809e-07 0.000524923514022144 -0.00146759709799443 -362715.797742578 -150297.223633794 1.28917322085964e-16 4.29724406953215e-17
1.02654109589042e-07 0.000383507735714749 -0.00150853113490338 -378838.598768436 -109658.153921231 1.30081108195964e-16 4.33603693986546e-17
1.03027397260274e-07 0.000237700849465957 -0.00153382406176151 -390601.933804103 -67757.1985557254 1.31433667902009e-16 4.38112226340029e-17
1.03400684931507e-07 8.91807206353268e-05 -0.00154318482149389 -397870.436867375 -25076.5306591987 1.32912922262653e-16 4.43043074208843e-17
1.0377397260274e-07 -6.03435629159759e-05 -0.00153650569563193 -400560.466027343 17892.7041439635 1.34450977384245e-16 4.48169924614149e-17
1.04147260273973e-07 -0.000209151358067191 -0.00151386354387825 -398641.065909676 60656.0395603111 1.35977240572496e-16 4.53257468574988e-17
1.04520547945206e-07 -0.000355530266651537 -0.00147551891964752 -392134.323914027 102721.37867316 1.37421660351918e-16 4.58072201173061e-17
1.04893835616439e-07 -0.000497795840791397 -0.00142191307176121 -381115.116044396 143604.656722942 1.38717941644733e-16 4.62393138815776e-17
1.05267123287672e-07 -0.000634310966596968 -0.00135366286679918 -365710.245277309 182835.411457909 1.39806588540989e-16 4.66021961803296e-17
1.05640410958905e-07 -0.000763504703171437 -0.00127155369053871 -346096.982382984 219962.196954671 1.40637635004712e-16 4.68792116682373e-17
1.06013698630137e-07 -0.000883890360133802 -0.00117653041016743 -322501.025990923 254557.778609299 1.41172938183849e-16 4.7057646061283e-17
1.0638698630137e-07 -0.000994082605633136 -0.00106968650127205 -295193.905374362 286224.04951789 1.41387929067091e-16 4.71293096890304e-17
1.06760273972603e-07 -0.00109281340798471 -0.000952251464723403 -264489.85584091 314596.611671607 1.41272740137025e-16 4.70909133790083e-17
1.07133561643836e-07 -0.00117894662748038 -0.000825576678257425 -230742.202685659 339348.969248309 1.40832658263289e-16 4.69442194210963e-17
1.07506849315069e-07 -0.00125149109045877 -0.000691119845564311 -194339.295318245 360196.285746689 1.40087882049131e-16 4.66959606830438e-17
1.07880136986302e-07 -0.00130961199518594 -0.000550428221837118 -155700.038351683 376898.661727893 1.3907259476852e-16 4.63575315895066e-17
1.08253424657535e-07 -0.0013526405182941 -0.000405120808810984 -115269.071078747 389263.895446157 1.37833395443563e-16 4.59444651478542e-17
1.08626712328768e-07 -0.00138008151123264 -0.000256869724182652 -73511.6508078263 397149.69460067 1.36427160071668e-16 4.54757200238893e-17
1.09000000000001e-07 -0.00139161919816498 -0.000107380959800754 -30908.2989380104 400465.313757012 1.34918431166501e-16 4.49728103888338e-17
