0 -0.00139 0 0 400000 1.33808e-16 4.46026666666667e-17
2.22903885480573e-10 -0.00138428861865557 8.87957028210067e-05 25622.6190589721 398358.703481397 1.33261206358916e-16 4.44204021196387e-17
4.45807770961145e-10 -0.00137288929114249 0.000176861204076023 51140.1023292968 395082.845079846 1.32725630887007e-16 4.42418769623356e-17
6.68711656441718e-10 -0.00135584879165218 0.000263835149763503 76447.7454198363 390185.866432822 1.32210054948583e-16 4.40700183161943e-17
8.9161554192229e-10 -0.00133323704146585 0.000349360664797781 101441.704964344 383687.861025336 1.31722931993032e-16 4.39076439976773e-17
1.11451942740286e-09 -0.00130514682205066 0.000433086817353662 126019.424715854 375615.491741524 1.31272248950976e-16 4.37574163169919e-17
1.33742331288344e-09 -0.00127169339435494 0.000514670058824383 150080.056359708 366001.881460389 1.30865395279528e-16 4.36217984265094e-17
1.56032719836401e-09 -0.00123301402586472 0.000593775633484437 173524.873318525 354886.477144647 1.30509041803807e-16 4.35030139346023e-17
1.78323108384458e-09 -0.00118926742736211 0.000670078952073095 196257.67585117 342314.887980312 1.30209031341225e-16 4.34030104470751e-17
2.00613496932515e-09 -0.00114063310169666 0.000743266923662465 218185.185783505 328338.698231208 1.29970282901908e-16 4.33234276339695e-17
2.22903885480573e-09 -0.00108731060724189 0.000813039240345112 239217.429251248 313015.255576279 1.2979671103597e-16 4.32655703453233e-17
2.4519427402863e-09 -0.00102951873905905 0.000879109609469871 259268.105884442 296407.435798233 1.29691161650044e-16 4.32303872166813e-17
2.67484662576687e-09 -0.0009674946311283 0.000941206928369675 278254.942918705 278583.384789028 1.29655365345436e-16 4.32184551151453e-17
2.89775051124744e-09 -0.000901492783330663 0.000999076396761212 296100.032780225 259616.238930836 1.29689909042959e-16 4.32299696809864e-17
3.12065439672802e-09 -0.000831784017173672 0.00105248056225197 312730.152759345 239583.824999819 1.29794226359707e-16 4.32647421199024e-17
3.34355828220859e-09 -0.000758654364545351 0.0011012002946647 328077.065461 218568.340824087 1.29966606895539e-16 4.33222022985132e-17
3.56646216768916e-09 -0.000682403894056364 0.00114503568518141 342077.798799218 196656.018006177 1.30204224277023e-16 4.3401408092341e-17
3.78936605316973e-09 -0.000603345479786099 0.00118380686661749 354674.904386784 173936.768093977 1.30503182499014e-16 4.35010608330047e-17
4.01226993865031e-09 -0.000521803517484827 0.00121735475146016 365816.693259836 150503.813651953 1.3085857980406e-16 4.36195266013534e-17
4.23517382413088e-09 -0.00043811259349966 0.00124554168464291 375457.447970152 126453.305746471 1.31264589052244e-16 4.37548630174147e-17
4.45807770961145e-09 -0.000352616111886037 0.00126825200837749 383557.610174876 101883.929414769 1.31714553263722e-16 4.39048510879072e-17
4.68098159509202e-09 -0.000265664885338022 0.0012853925367257 390083.942953941 76896.4987364424 1.32201094767417e-16 4.40670315891391e-17
4.9038854805726e-09 -0.000177615695719167 0.00129689293796376 395009.667189172 51593.5431689435 1.32716236166269e-16 4.42387453887562e-17
5.12678936605317e-09 -8.88298301004421e-05 0.00130270602317041 398314.571445474 26078.8868444808 1.33251531135654e-16 4.44171770452181e-17
5.34969325153374e-09 3.28401687801024e-07 0.00130280793985434 399985.094903219 457.222554550754 1.3379820291042e-16 4.45994009701399e-17
5.57259713701432e-09 8.94931619069649e-05 0.00129719826982683 400014.38300157 -25166.3178298468 1.34347288189845e-16 4.47824293966149e-17
5.79550102249489e-09 0.000178298586030725 0.00128590003091759 398402.315564392 -50686.5947396439 1.34889784101078e-16 4.49632613670259e-17
6.01840490797546e-09 0.000266380283975463 0.00126895958252708 395155.507293366 -75998.8923207259 1.35416795811394e-16 4.51389319371315e-17
6.24130879345603e-09 0.000353376835280706 0.00124644643540272 390287.280626272 -100999.348108349 1.35919682369021e-16 4.53065607896736e-17
6.46421267893661e-09 0.000438931272104483 0.00121845296641951 383817.61107181 -125585.379199893 1.36390198381288e-16 4.54633994604294e-17
6.68711656441718e-09 0.000522692543948521 0.00118509403953542 375773.045245271 -149656.103177267 1.36820629207153e-16 4.56068764023842e-17
6.91002044989775e-09 0.000604316958103141 0.00114650653447684 366186.591941368 -173112.752051809 1.37203917447441e-16 4.57346391491471e-17
7.13292433537833e-09 0.00068346958990138 0.00110284878508805 355097.586691183 -195859.07753318 1.37533778658876e-16 4.58445928862921e-17
7.3558282208589e-09 0.000759825656995717 0.00105429992964926 342551.530358997 -217801.745959322 1.37804804394616e-16 4.59349347982054e-17
7.57873210633947e-09 0.000833071852018411 0.00100105917582902 328599.902441261 -238850.721266991 1.38012550881845e-16 4.60041836272816e-17
7.80163599182004e-09 0.000902907628157233 0.000943344983287034 313299.949833799 -258919.634431458 1.38153611882442e-16 4.60512039608138e-17
8.02453987730062e-09 0.000969046432371557 0.000881394167281554 296714.451933985 -277926.137859448 1.38225674542101e-16 4.6075224847367e-17
8.24744376278119e-09 0.00103121688118863 0.000815460926959161 278911.463041725 -295792.243281195 1.38227557312188e-16 4.60758524373961e-17
8.47034764826176e-09 0.00108916387425544 0.000745815802314358 259964.033116242 -312444.641755124 1.38159229322563e-16 4.60530764408542e-17
8.69325153374233e-09 0.00114264964107703 0.000672744564098689 239949.908034471 -327815.00447213 1.38021810887729e-16 4.60072702959097e-17
8.9161554192229e-09 0.0011914547166462 0.000596547041234387 218951.210580959 -341840.263125172 1.37817555138017e-16 4.59391850460056e-17
9.13905930470348e-09 0.0012353788419614 0.00051753589054396 197054.103478272 -354462.86869375 1.37549811076964e-16 4.58499370256548e-17
9.36196319018405e-09 0.00127424178573772 0.000436035313843806 174348.435840546 -365631.027581424 1.37222968670628e-16 4.57409895568761e-17
9.58486707566462e-09 0.00130788408393935 0.00035237972766593 150927.374500897 -375298.914137443 1.36842386869133e-16 4.56141289563778e-17
9.80777096114519e-09 0.001336167694099 0.000266912391066221 126887.021725423 -383426.858690438 1.36414305740639e-16 4.54714352468795e-17
1.00306748466258e-08 0.00135897656173946 0.000179983997149718 102326.020882415 -389981.510322664 1.35945744158377e-16 4.53152480527923e-17
1.02535787321063e-08 0.00137621709657309 9.19512340921761e-05 77345.1516848141 -394935.97371686 1.35444384718306e-16 4.51481282394355e-17
1.04764826175869e-08 0.00138781855652539 3.1753215624205e-06 52046.9166667358 -398269.919514225 1.3491844777428e-16 4.497281592476e-17
1.06993865030675e-08 0.00139373333800678 -8.59794714491221e-05 26535.1205908346 -399969.667730682 1.34376556656066e-16 4.47921855520219e-17
1.09222903885481e-08 0.00139393717124163 -0.000175147321313985 914.444512317277 -400028.243889156 1.33827596280123e-16 4.4609198760041e-17
1.11451942740286e-08 0.001388429219853 -0.000263962350828282 -24709.9837526863 -398445.407637535 1.33280567471371e-16 4.44268558237903e-17
1.13680981595092e-08 0.00137723208429447 -0.00035206013049516 -50233.0209919199 -395227.653734892 1.32744439384503e-16 4.42481464615012e-17
1.15910020449898e-08 0.00136039170911508 -0.000439079173866958 -75549.9400249711 -390388.185401922 1.32228002444578e-16 4.40760008148592e-17
1.18139059304703e-08 0.00133797719443771 -0.000524662420811332 -100556.859424163 -383946.860144942 1.31739724218073e-16 4.39132414060242e-17
1.20368098159509e-08 0.00131008051242463 -0.000608458702615129 -125151.169765119 -375930.108275751 1.31287610577581e-16 4.37625368591938e-17
1.22597137014315e-08 0.0012768161298935 -0.000690124182914359 -149231.954657988 -366370.824461682 1.30879074436493e-16 4.36263581454978e-17
1.24826175869121e-08 0.00123832053863243 -0.000769323768537758 -172700.404831746 -355308.232750847 1.30520814205915e-16 4.35069380686383e-17
1.27055214723926e-08 0.00119475169534123 -0.000845732484474931 -195460.223572475 -342787.725626399 1.30218703966657e-16 4.34062346555524e-17
1.29284253578732e-08 0.00114628837349691 -0.00091903680732723 -217418.021852017 -328860.677750225 1.29977697157054e-16 4.33258990523513e-17
1.31513292433538e-08 0.00109312942980305 -0.000988935951769917 -238483.70152569 -313584.235160309 1.29801745355748e-16 4.3267248451916e-17
1.33742331288343e-08 0.00103549298823268 -0.00105514310474692 -258570.82502672 -297021.08078675 1.296937334911e-16 4.32312444970334e-17
1.35971370143149e-08 0.00097361554501303 -0.00111738660233403 -277596.970040427 -279239.177248573 1.29655432539534e-16 4.32184775131779e-17
1.38200408997955e-08 0.000907750998224454 -0.00117541104444149 -295484.06770288 -260311.487986707 1.29687470488375e-16 4.32291568294585e-17
1.40429447852761e-08 0.000838169605995305 -0.00122897834278226 -312158.722936274 -240315.677877378 1.29789322039296e-16 4.32631073464322e-17
1.42658486707566e-08 0.000765156877567646 -0.00127786869780563 -327552.515606651 -219333.794554385 1.2995931722117e-16 4.33197724070566e-17
1.44887525562372e-08 0.000689012401783934 -0.00132188150058787 -341602.281268216 -197451.931747857 1.30194668771133e-16 4.3398222923711e-17
1.47116564417178e-08 0.000610048617801703 -0.00136083615597903 -354250.370342299 -174759.876020906 1.30491517834907e-16 4.34971726116357e-17
1.49345603271983e-08 0.00052858953308032 -0.00139457282362843 -365444.884667491 -151350.738353693 1.30844997237069e-16 4.36149990790229e-17
1.51574642126789e-08 0.000444969393900187 -0.00142295307384814 -375139.890450319 -127320.57208661 1.31249311283883e-16 4.37497704279611e-17
1.53803680981595e-08 0.00035953131386961 -0.00144586045562347 -383295.606742683 -102767.978790247 1.31697830790246e-16 4.38992769300821e-17
1.56032719836401e-08 0.000272625866046863 -0.00146320097443952 -389878.56867269 -77793.7036793527 1.32183201772653e-16 4.4061067257551e-17
1.58261758691206e-08 0.000184609644454345 -0.00147490347796339 -394861.764759097 -52500.2222309131 1.32697466026058e-16 4.42324886753528e-17
1.60490797546012e-08 9.58438008872554e-05 -0.00148091994799933 -398224.747745932 -26991.3197025399 1.33232191607631e-16 4.4410730535877e-17
1.62719836400818e-08 6.69256302063951e-06 -0.00148122569751905 -399953.718502525 -1371.665276516 1.33778611087971e-16 4.45928703626572e-17
1.64948875255624e-08 -8.24782601046542e-05 -0.00147581947195848 -400041.582644666 24253.6174231155 1.34327765303012e-16 4.47759217676707e-17
1.67177914110429e-08 -0.000171302779084734 -0.0014647234543656 -398487.97964458 49779.3816781468 1.34870650249624e-16 4.49568834165412e-17
1.69406952965235e-08 -0.000259416525485179 -0.00144798317437802 -395299.284310254 75100.8891185617 1.35398364716408e-16 4.51327882388028e-17
1.71635991820041e-08 -0.000346457947342969 -0.00142566732140392 -390488.580628066 100114.239489341 1.35902256229106e-16 4.53007520763686e-17
1.73865030674847e-08 -0.00043206989270143 -0.00139786746277277 -384075.608076031 124716.796978279 1.36374062917675e-16 4.54580209725585e-17
1.76094069529652e-08 -0.000515901075090893 -0.00136469766801254 -376086.680627957 148807.611355488 1.36806048978979e-16 4.56020163263262e-17
1.78323108384458e-08 -0.000597607514941842 -0.00132629404079491 -366554.578780864 172287.832196548 1.37191131514002e-16 4.57303771713339e-17
1.80552147239264e-08 -0.000676853951016091 -0.00128281416046899 -355518.415048693 195061.114489653 1.3752299665998e-16 4.58409988866602e-17
1.8278118609407e-08 -0.000753315216064538 -0.00123443643547532 -343023.473474226 217034.013962442 1.37796203113304e-16 4.59320677044348e-17
1.85010224948875e-08 -0.000826677571066854 -0.00118135937129291 -329121.023817728 238116.370506394 1.38006271345831e-16 4.60020904486105e-17
1.87239263803681e-08 -0.000896639992578383 -0.00112380075592343 -313868.111184752 258221.678125509 1.38149757051807e-16 4.60499190172689e-17
1.89468302658487e-08 -0.000962915407901977 -0.00106199676625441 -297327.321956306 277267.439891286 1.38224307621143e-16 4.60747692070478e-17
1.91697341513292e-08 -0.00102523187301654 -0.000996200998968558 -279566.526981829 295175.506447524 1.3822870071312e-16 4.60762335710399e-17
1.93926380368098e-08 -0.00108333368842895 -0.000926683429975342 -260658.603088718 311872.396675989 1.38162864298035e-16 4.60542880993449e-17
1.96155419222904e-08 -0.00113698244837082 -0.000853729306634683 -240681.134051125 327289.599207172 1.38027877838216e-16 4.60092926127388e-17
1.9838445807771e-08 -0.00118595801903483 -0.000777637977318226 -219716.092245002 341363.853538971 1.37825954589019e-16 4.59419848630063e-17
2.00613496932515e-08 -0.00123005944183694 -0.000698721663110725 -197849.502295672 354037.409609795 1.37560405310002e-16 4.58534684366675e-17
2.02842535787321e-08 -0.00126910575799785 -0.000617304176691607 -175171.08809803 365258.264760998 1.37235583981295e-16 4.57451946604316e-17
2.05071574642127e-08 -0.00130293675106062 -0.000533719593653404 -151773.904657749 374980.377116344 1.36856816415173e-16 4.56189388050576e-17
2.07300613496933e-08 -0.00133141360429741 -0.000448310881708989 -127753.956264145 383163.854502926 1.36430312933358e-16 4.54767709777861e-17
2.09529652351738e-08 -0.00135441947030803 -0.000361428493412294 -103209.802561405 389775.118138382 1.35963066541787e-16 4.53210221805955e-17
2.11758691206544e-08 -0.001371859950473 -0.000273428928166918 -78242.1541345909 394787.040412742 1.3546273827238e-16 4.51542460907934e-17
2.1398773006135e-08 -0.00138366348229388 -0.00018467326942305 -52953.459269804 398179.056199555 1.34937531571785e-16 4.49791771905949e-17
2.16216768916156e-08 -0.00138978163303145 -9.55257030649466e-05 -27447.4835841484 399937.247239565 1.34396057796604e-16 4.47986859322012e-17
2.18445807770961e-08 -0.00139018929843695 -6.3520230683715e-06 -1828.88425036507 400054.39925069 1.33847195020486e-16 4.46157316734954e-17
2.20674846625767e-08 -0.00138488480576085 8.24818694403518e-05 23797.2194368009 398530.03152996 1.33299942468092e-16 4.44333141560306e-17
2.22903885480573e-08 -0.00137388992061656 0.000170611467564952 49325.6773904317 395370.398925958 1.32763272962644e-16 4.42544243208815e-17
2.25132924335379e-08 -0.00135724975767086 0.000257675154298959 74651.7401876159 390588.466173667 1.3224598580637e-16 4.40819952687898e-17
2.27361963190184e-08 -0.00133503259552751 0.000343315686327541 99671.4888816061 384203.854697032 1.31756562506003e-16 4.39188541686676e-17
2.2959100204499e-08 -0.00130732959656373 0.000427181659883022 124282.261406333 376242.762097527 1.31303027708916e-16 4.37676759029718e-17
2.31820040899796e-08 -0.00127425443286889 0.000508928952639339 148383.073823634 366737.854659071 1.30892817629964e-16 4.36309392099879e-17
2.34049079754601e-08 -0.00123594281982056 0.000588222135728975 171875.034684719 355728.133310385 1.30532658126354e-16 4.35108860421179e-17
2.36278118609407e-08 -0.00119255195921153 0.000664735850088546 194661.750805647 343258.773594771 1.30228454419622e-16 4.34094848065408e-17
2.38507157464213e-08 -0.00114425989421295 0.000738156141485542 216649.722791819 329380.940303954 1.29985194272864e-16 4.33283980909548e-17
2.40736196319019e-08 -0.0010912647788202 0.000808181748748301 237748.728688555 314151.5775366 1.29806866210729e-16 4.32689554035762e-17
2.42965235173824e-08 -0.00103378406477929 0.000874525339913291 257872.194183544 297633.175042934 1.29696394123055e-16 4.32321313743515e-17
2.4519427402863e-08 -0.000972053609329813 0.000936914691217483 276937.547842137 279893.511814222 1.29655589324398e-16 4.32185297747993e-17
2.47423312883436e-08 -0.000906326707425829 0.000995093804098145 294866.559917872 261005.377969209 1.29685120855485e-16 4.3228373618495e-17
2.49652351738242e-08 -0.00083687305240552 0.00104882395561671 311585.663347992 241046.276078702 1.29784504513534e-16 4.32615015045114e-17
2.51881390593047e-08 -0.000763977629374359 0.0010978846779966 327026.255616863 220098.10315382 1.29952110791308e-16 4.33173702637692e-17
2.54110429447853e-08 -0.000687939545842452 0.00114207466325571 341124.980248645 198246.814602794 1.30185191594722e-16 4.33950638649072e-17
2.56339468302659e-08 -0.000609070804414256 0.00118121258922163 353823.9867742 175582.071535189 1.3047992530095e-16 4.34933084336499e-17
2.58568507157465e-08 -0.000527695022566603 0.00121513786354028 365071.168105528 152196.872860734 1.30831479418243e-16 4.36104931394143e-17
2.6079754601227e-08 -0.000444146104768105 0.00124371128262508 374820.374343722 128187.173692357 1.31234089820085e-16 4.3744696606695e-17
2.63026584867076e-08 -0.000358766872388551 0.00126681560284286 383031.602143135 103651.491619204 1.31681155254553e-16 4.38937184181844e-17
2.65255623721882e-08 -0.000271907657020106 0.00128435602159277 389671.158854768 78690.5024651942 1.32165345579293e-16 4.40551151930975e-17
2.67484662576688e-08 -0.000183924862982251 0.00129626056630424 394711.80077533 53406.6271918263 1.32678721947473e-16 4.42262406491578e-17
2.69713701431493e-08 -9.51795049088648e-05 0.00130248038975779 398132.844934732 27903.6116402576 1.33212866974145e-16 4.44042889913815e-17
2.71942740286299e-08 -6.03572641806759e-06 0.00130298997051698 399920.253963301 2286.10083708491 1.33759022748759e-16 4.45863409162531e-17
2.74171779141105e-08 8.31406940569107e-05 0.00129778721764898 400066.693690499 -23340.7903894505 1.34308234431003e-16 4.47694114770009e-17
2.7640081799591e-08 0.000171983844144902 0.00128689347930423 398571.563238789 -48871.9087209667 1.34851497075506e-16 4.49504990251687e-17
2.78629856850716e-08 0.000260129178963555 0.00127035345511976 395440.997489183 -74202.49381838 1.35379903278089e-16 4.51266344260295e-17
2.80858895705522e-08 0.000347215016934945 0.00124823501280587 390687.841908348 -99228.6081788538 1.35884789222701e-16 4.52949297409002e-17
2.83087934560328e-08 0.000432884023852369 0.00122062890966846 384331.599840551 -123847.563616453 1.36357876734468e-16 4.5452625578156e-17
2.85316973415133e-08 0.000516784679108811 0.00118764842020996 376398.352480735 -147958.34261655 1.3679140900971e-16 4.55971363365701e-17
2.87546012269939e-08 0.000598572718070819 0.00114942887133671 366920.651857083 -171462.012835059 1.37178277797491e-16 4.57260925991638e-17
2.89775051124745e-08 0.000677912544679364 0.00110612708707997 355937.38726219 -194262.133041722 1.37512139947417e-16 4.58373799824723e-17
2.92004089979551e-08 0.000754478608481449 0.00105792074510911 343493.625680912 -216265.148841739 1.37787521412743e-16 4.59291738042477e-17
2.94233128834356e-08 0.000827956740442169 0.00100500764767726 329640.426869652 -237380.776552035 1.37999907003551e-16 4.59999690011836e-17
2.96462167689162e-08 0.000898045442056073 0.000947604909990942 314434.633845863 -257522.373656984 1.38145814418382e-16 4.60486048061272e-17
2.98691206543968e-08 0.00096445712246828 0.00088594806933395 297938.639647425 -276607.29432357 1.38222851340499e-16 4.60742837801662e-17
3.00920245398774e-08 0.00102691927852915 0.000820290118601083 280220.13131896 -294557.228517173 1.3822975466262e-16 4.60765848875399e-17
3.03149284253579e-08 0.00108517561294047 0.000750900468207233 261351.812175555 -311298.523326538 1.38166411196988e-16 4.6055470398996e-17
3.05378323108385e-08 0.0011389870859051 0.000678063840631446 241411.103483514 -326762.485179449 1.38033859531211e-16 4.60112865104038e-17
3.07607361963191e-08 0.00118813289596494 0.000602079102131889 220479.826782224 -340885.661709021 1.37834272999448e-16 4.59447576664827e-17
3.09836400817997e-08 0.00123241138600261 0.000523258036425478 198643.868150634 -353610.102114082 1.37570924048139e-16 4.5856974682713e-17
3.12065439672802e-08 0.00127164087068923 0.000441924065364054 175992.82579595 -364883.594945287 1.37248130580556e-16 4.57493768601852e-17
3.14294478527608e-08 0.0013056603819832 0.000358410921856486 152619.642410572 -374659.882341293 1.36871185159902e-16 4.56237283866341e-17
3.16523517382414e-08 0.0013343303296209 0.000273061280482014 128620.223805796 -382898.849835932 1.36446268231771e-16 4.54820894105903e-17
3.18752556237219e-08 0.00135753307388919 0.000186225351413769 104093.045387135 -389566.690957539 1.35980346788757e-16 4.53267822629191e-17
3.20981595092025e-08 0.00137517340832962 9.82594434219245e-05 79138.7480859613 -394636.045945066 1.35481060138757e-16 4.51603533795858e-17
3.23210633946831e-08 0.00138717895039342 9.52450185283651e-06 53859.7254054877 -398086.11401178 1.34956594649892e-16 4.49855315499639e-17
3.25439672801637e-08 0.00139350043844461 -7.9615372416805e-05 28359.7032755117 -399902.738695915 1.3441554952576e-16 4.48051831752532e-17
3.27668711656442e-08 0.00139411193389236 -0.000168794416973731 2743.31443989893 -400078.465948046 1.33866795811794e-16 4.46222652705979e-17
3.29897750511248e-08 0.00138901092762329 -0.000257646708679534 -22884.3308768129 -398612.574716856 1.33319330944456e-16 4.44397769814853e-17
3.32126789366054e-08 0.00137821835029699 -0.000345807665141595 -48418.0762620281 -395511.07990778 1.32782131228113e-16 4.42607104093711e-17
3.3435582822086e-08 0.00136177848646244 -0.000432915540682621 -73753.1505972275 -390786.707702401 1.32264004658398e-16 4.40880015527992e-17
3.36584867075665e-08 0.00133975879284782 -0.000518612910670441 -98785.5979591487 -384458.843339851 1.31773446505175e-16 4.39244821683917e-17
3.38813905930471e-08 0.00131224962156932 -0.000602548138117517 -123412.704176024 -376553.451574501 1.3131850002301e-16 4.37728333410034e-17
3.41042944785277e-08 0.00127936384939456 -0.000684376816532359 -147533.41828861 -367102.970136308 1.30906624572929e-16 4.36355415243097e-17
3.43271983640083e-08 0.00124123641458199 -0.000763763183102455 -171048.76718666 -356146.176630982 1.30544573317778e-16 4.35148577725925e-17
3.45501022494888e-08 0.00119802376319667 -0.000840381496410116 -193862.261719473 -343728.02942611 1.30238282496494e-16 4.34127608321646e-17
3.47730061349694e-08 0.00114990320717429 -0.000913917373028108 -215880.292614164 -329899.48317613 1.29992774092771e-16 4.33309246975904e-17
3.499591002045e-08 0.00109707219676753 -0.000984069077510718 -237012.514577098 -314717.279743084 1.29812073493969e-16 4.32706911646563e-17
3.52188139059306e-08 0.00103974751036004 -0.00105054876048709 -257172.21700243 -298243.715371073 1.29699143490343e-16 4.32330478301142e-17
3.54417177914111e-08 0.000978164364972382 -0.00111308363977666 -276276.679766644 -280546.385069727 1.29655835696754e-16 4.32186118989181e-17
3.56646216768917e-08 0.000912575451109887 -0.00117141711968026 -294247.512649178 -261697.905255577 1.29682860193356e-16 4.32276200644522e-17
3.58875255623723e-08 0.000843249895912506 -0.00122530984385417 -311010.976986414 -241775.615789373 1.29779773883028e-16 4.3259924627676e-17
3.61104294478528e-08 0.00077047215886123 -0.00127454067744698 -326498.288239213 -220861.262631973 1.2994498775645e-16 4.33149959188166e-17
3.63333333333334e-08 0.000694540864572192 -0.00131890761446923 -340645.89823247 -199040.662420944 1.30175792945708e-16 4.33919309819026e-17
3.6556237218814e-08 0.000615767577467818 -0.00135822860667274 -353395.755908613 -176403.350344184 1.30468405139238e-16 4.34894683797459e-17
3.67791411042946e-08 0.000534475523352816 -0.00139234231053848 -364695.545525101 -153042.21275545 1.30818026629885e-16 4.36060088766285e-17
3.70020449897751e-08 0.000450998263140708 -0.00142110874930796 -374498.901318539 -129053.106039228 1.3121892497873e-16 4.37396416595767e-17
3.72249488752557e-08 0.000365678324172917 -0.00144440988734167 -382765.59775459 -104534.463288864 1.3166452700489e-16 4.38881756682967e-17
3.74478527607363e-08 0.000278865794746429 -0.00146215011444778 -389461.714583051 -79586.890411825 1.32147526560241e-16 4.40491755200803e-17
3.76707566462169e-08 0.000190916887617042 -0.00147425663819382 -394559.776020827 -54312.7533193875 1.32660004321961e-16 4.42200014406537e-17
3.78936605316974e-08 0.000102192478372472 -0.0014806797825916 -398038.863491694 -28815.7578946027 1.33193557638766e-16 4.43978525462554e-17
3.8116564417178e-08 1.30566246727398e-05 -0.00148139319192976 -399884.701460266 -3200.52446203473 1.33739438301861e-16 4.4579812767287e-17
3.83394683026586e-08 -7.61249275662545e-05 -0.00147639393891766 -400089.716007965 22427.8414946764 1.34288695981695e-16 4.47628986605649e-17
3.85623721881392e-08 -0.000164986244916477 -0.00146570253669669 -398653.065910633 47964.180605975 1.34832324978716e-16 4.49441083262385e-17
3.87852760736197e-08 -0.000253162707950915 -0.00144936285466998 -395580.646090276 73303.7111106581 1.3536141188198e-16 4.51204706273266e-17
3.90081799591003e-08 -0.000340292507365065 -0.00142744193849559 -390885.063426783 98342.4588007246 1.35867281714582e-16 4.52890939048608e-17
3.92310838445809e-08 -0.000426018128567814 -0.00140002973498201 -384585.585028849 122977.68365264 1.36341640169695e-16 4.54472133898983e-17
3.94539877300615e-08 -0.000509987818650076 -0.00136723872301474 -376708.059176383 147108.301394443 1.36776709605086e-16 4.55922365350286e-17
3.9676891615542e-08 -0.000591857029711848 -0.00132920345202824 -367284.809258777 170635.298278905 1.37165356566345e-16 4.57217855221148e-17
3.98997955010226e-08 -0.00067128983262539 -0.00128607998991714 -356354.501144241 193462.137360827 1.37501208747915e-16 4.5833736249305e-17
4.01226993865032e-08 -0.000747960295433491 -0.00123804528265201 -343961.984524413 215495.15461142 1.37778759474239e-16 4.59262531580796e-17
4.03456032719837e-08 -0.000821553820726932 -0.00118529642822739 -330158.108885256 236643.943244414 1.37993457987915e-16 4.5997819329305e-17
4.05685071574643e-08 -0.000891768436513576 -0.00112804986792108 -314999.514859345 256821.724676919 1.38141784064504e-16 4.60472613548345e-17
4.07914110429449e-08 -0.000958316035282306 -0.00106654049818342 -298548.401815682 275945.70460289 1.38221305730579e-16 4.60737685768596e-17
4.10143149284255e-08 -0.00102092355617767 -0.00100102070680044 -280872.272640684 293937.41271814 1.38230719138677e-16 4.60769063795591e-17
4.1237218813906e-08 -0.00107933410543447 -0.000931759337285883 -262043.656757542 310723.024702936 1.38169869945349e-16 4.60566233151165e-17
4.14601226993866e-08 -0.00113330801047482 -0.000859040585751387 -242139.812520505 326233.665140996 1.38039755841794e-16 4.60132519472647e-17
4.16830265848672e-08 -0.00118262380334265 -0.000783162834781282 -221242.410205205 340405.690131938 1.37842510195585e-16 4.59475033985284e-17
4.19059304703478e-08 -0.00122707912944008 -0.000704437429096835 -199437.196895812 353180.948437564 1.37581367071703e-16 4.58604556905678e-17
4.21288343558283e-08 -0.00126649157783722 -0.000623187398033735 -176813.644644056 364507.020090422 1.3726060820639e-16 4.57535360687966e-17
4.23517382413089e-08 -0.00130069942974822 -0.000539746130074782 -153464.583343811 374337.431485578 1.36885492803249e-16 4.5628497601083e-17
4.25746421267895e-08 -0.00132956232210243 -0.000454456004876499 -129485.819827639 382631.846073034 1.36462171302669e-16 4.54873904342231e-17
4.27975460122701e-08 -0.00135296182348803 -0.000367666988402782 -104975.744748237 389356.229868324 1.35997584538412e-16 4.53325281794708e-17
4.30204498977506e-08 -0.00137080192010461 -0.000279735196930112 -80034.9288578529 394482.991102165 1.35499349934809e-16 4.51664499782696e-17
4.32433537832312e-08 -0.00138300940973099 -0.000191021435816533 -54765.7103422162 397991.093436147 1.34975636610491e-16 4.49918788701638e-17
4.34662576687118e-08 -0.00138953420209162 -0.000101889719030216 -29271.7749022708 399866.142279899 1.34435031436473e-16 4.4811677145491e-17
4.36891615541924e-08 -0.00139034952438903 -1.2705775512307e-05 -3657.73030672427 400100.443855573 1.33886398244707e-16 4.46287994149024e-17
4.39120654396729e-08 -0.0013854520311591 7.61644514971658e-05 21971.3228388683 398693.036767268 1.33338732495559e-16 4.44462441651863e-17
4.41349693251535e-08 -0.0013748618179983 0.000164356306012707 47510.2223452495 395649.69594587 1.32801013787079e-16 4.4267004595693e-17
4.43578732106341e-08 -0.00135862233910661 0.000251507915574854 72854.1759452974 390982.908953115 1.32282058624361e-16 4.40940195414535e-17
4.45807770961146e-08 -0.00133680022898445 0.000337261676100192 97899.1912819836 384711.824742116 1.31790375862988e-16 4.39301252876626e-17
4.48036809815952e-08 -0.00130948502901525 0.000421265719217205 122542.502614107 376862.17508458 1.31334027196745e-16 4.37780090655817e-17
4.50265848670758e-08 -0.00127678882005555 0.000503175356067101 146682.992488927 367466.168987146 1.30920494977049e-16 4.36401649923496e-17
4.52494887525564e-08 -0.00123884576254019 0.000582654491645374 170221.60665147 356562.360530054 1.30556559531353e-16 4.35188531771175e-17
4.54723926380369e-08 -0.00119581154598969 0.000659377003880711 193061.760488044 344195.490670454 1.30248187992025e-16 4.34160626640082e-17
4.56952965235175e-08 -0.00114786275017855 0.000733028081792534 215109.735336207 330416.303659465 1.30000436458479e-16 4.33334788194932e-17
4.59182004089981e-08 -0.00109519612058587 0.000803305517236424 236275.063035057 315281.33882626 1.29817367096721e-16 4.32724556989071e-17
4.61411042944787e-08 -0.00103802776110113 0.000869920944937055 256470.897137927 298852.698583565 1.29701981535547e-16 4.32339938451825e-17
4.63640081799592e-08 -0.000976592247297842 0.000932601025720502 275614.369264308 281197.793606469 1.29656171651457e-16 4.32187238838191e-17
4.65869120654398e-08 -0.000911141663913301 0.000991088568090824 293626.929128813 262389.066230161 1.29680688549201e-16 4.32268961830671e-17
4.68098159509204e-08 -0.000841944570484134 0.00104514358354884 310434.66685195 242503.693201545 1.29775130246572e-16 4.32583767488572e-17
4.7032719836401e-08 -0.000769284899381699 0.00109454427132283 325968.616230193 221623.269004429 1.29937948265353e-16 4.33126494217842e-17
4.72556237218815e-08 -0.000693460790769052 0.00113908792847065 340165.037720954 199833.471057666 1.30166473020371e-16 4.33888243401237e-17
4.74785276073621e-08 -0.000614783369259926 0.0011785917816188 352965.679981311 177223.708160036 1.30456957590356e-16 4.34856525301186e-17
4.77014314928427e-08 -0.000533575467299358 0.00121289373692566 364318.018887319 153886.753624363 1.30804639152942e-16 4.3601546384314e-17
4.79243353783233e-08 -0.000450170300504276 0.00124185304519167 374175.473053166 129918.364606233 1.31203817076519e-16 4.37346056921729e-17
4.81472392638038e-08 -0.000364910100399415 0.00126535087938724 382497.594965842 105416.889189276 1.31647946388518e-16 4.38826487961726e-17
4.83701431492844e-08 -0.000278144710158795 0.00128329082222871 389250.236951038 80482.8628392481 1.32129745087626e-16 4.40432483625421e-17
4.8593047034765e-08 -0.000190230149114759 0.00129559926180175 394405.691289302 55218.5958827572 1.32641313540416e-16 4.42137711801386e-17
4.88159509202455e-08 -0.000101527151924745 0.00130222569360883 397942.80390749 29727.7537033051 1.33174264004748e-16 4.43914213349161e-17
4.90388548057261e-08 -1.23996883899498e-05 0.0013031429278013 399847.061179037 4114.93137720507 1.33719858156275e-16 4.45732860520915e-17
4.92617586912067e-08 7.67865300005992e-05 0.00129834720074593 400110.649476867 -21514.7755052542 1.34269150363125e-16 4.47563834543749e-17
4.94846625766873e-08 0.000165665550672522 0.00128785819046804 398732.487234591 -47056.2020723751 1.34813134359638e-16 4.49377114532126e-17
4.97075664621678e-08 0.000253872681557805 0.00127171893590775 395718.229384435 -72404.545687896 1.35342890914252e-16 4.51142969714174e-17
4.99304703476484e-08 0.000341045987514353 0.00124999566032088 391080.244153687 -97455.7959814953 1.35849734070374e-16 4.52832446901246e-17
5.0153374233129e-08 0.000426827775433212 0.00122277749954889 384837.56231488 -122107.161628439 1.36325353562436e-16 4.54417845208121e-17
5.03762781186096e-08 0.000510866061939705 0.0011901761362731 377015.799097936 -146257.49212719 1.36761951072085e-16 4.55873170240282e-17
5.05991820040901e-08 0.000592816017666151 0.00115232534175361 367647.049084697 -169807.692844321 1.37152368090405e-16 4.5717456030135e-17
5.08220858895707e-08 0.000672341382169965 0.0011093804269336 356769.754517114 -192661.131623709 1.37490203289759e-16 4.58300677632531e-17
5.10449897750513e-08 0.000749115843691398 0.00106151760516104 344428.547559452 -214724.035291586 1.37769917480774e-16 4.59233058269247e-17
5.12678936605319e-08 0.000822824378089415 0.00100893326914278 330674.067161748 -235905.874430502 1.37986924433603e-16 4.59956414778677e-17
5.14907975460124e-08 0.000893164541461771 0.000951843185097944 315562.751275982 -256119.734843367 1.38137666074342e-16 4.60458886914472e-17
5.1713701431493e-08 0.000959847711145313 0.000890481607416988 299156.605277541 -275282.674183371 1.38219670823663e-16 4.60732236078875e-17
5.19366053169736e-08 0.00102260027000441 0.000825100317459476 281522.947542202 -293316.062286453 1.38231594121151e-16 4.60771980403837e-17
5.21595092024542e-08 0.0010811647291481 0.000755967590434381 262734.133222593 -310145.903809832 1.38173240470888e-16 4.60577468236293e-17
5.23824130879347e-08 0.00113530078446911 0.000683367094602171 242867.257357543 -325703.141852756 1.38045566646827e-16 4.60151888822756e-17
5.26053169734153e-08 0.00118478630266961 0.000607596727315493 222003.838532534 -339923.941313628 1.37850666005406e-16 4.5950222001802e-17
5.28282208588959e-08 0.00122941823272775 0.000528967392674449 200229.484389275 -352749.95082083 1.37591734162606e-16 4.58639113875352e-17
5.30511247443764e-08 0.00126901343906497 0.000447801725812055 177633.540356892 -364128.542162483 1.37273016598218e-16 4.5757672199406e-17
5.3274028629857e-08 0.00130340945299549 0.00036443276904444 154308.723046072 -374013.026232698 1.36899739046415e-16 4.56332463488049e-17
5.34969325153376e-08 0.0013324651393745 0.000279202605317858 130350.739810437 -382362.844608243 1.36478021813938e-16 4.54926739379793e-17
5.37198364008182e-08 0.00135606127570976 0.000192460954559821 105857.896036182 -389143.735969542 1.36014779430762e-16 4.53382598102541e-17
5.39427402862987e-08 0.00137410104136023 0.000104563738693847 80930.6917713503 -394327.876683133 1.35517607278574e-16 4.51725357595248e-17
5.41656441717793e-08 0.0013865104148145 1.58716212059242e-05 55671.4093498872 -397893.994968753 1.34994657055916e-16 4.49982190186387e-17
5.43885480572599e-08 0.00139323847741895 -7.32514727447953e-05 30183.6937025448 -399827.458182586 1.34454503121888e-16 4.48181677072959e-17
5.46114519427405e-08 0.00139425762230926 -0.000162439849598741 4572.12707672104 -400120.332858526 1.33906001909854e-16 4.46353339699514e-17
5.4834355828221e-08 0.00138956366768803 -0.000251327547924837 -21058.2000897368 -398771.417261109 1.33358146716223e-16 4.44527155720743e-17
5.50572597137016e-08 0.00137917587398371 -0.00033954984004856 -46602.1203799564 -395786.246316519 1.32819920245202e-16 4.42733067484006e-17
5.52801635991822e-08 0.00136313686482039 -0.000426744728617595 -71954.820925328 -391177.068901453 1.32300147327223e-16 4.41000491090745e-17
5.55030674846628e-08 0.00134151245212284 -0.000512554431964322 -97012.2734779961 -384962.797583024 1.31807350225892e-16 4.39357834086308e-17
5.57259713701433e-08 0.00131439136607425 -0.000596626852170328 -121671.661263861 -377168.931015934 1.31349608905854e-16 4.37832029686181e-17
5.59488752556239e-08 0.0012818848910349 -0.000678617019809126 -145831.800864614 -367827.449315339 1.30934428552657e-16 4.36448095175522e-17
5.61717791411045e-08 0.00124412640891557 -0.000758188509438952 -169393.557397715 -356976.682834725 1.30568616516761e-16 4.35228721722537e-17
5.63946830265851e-08 0.0012012708518794 -0.000835014820037533 -192260.251290739 -344661.154887212 1.30258170699351e-16 4.34193902331169e-17
5.66175869120656e-08 0.00115349406661779 -0.000908780714714562 -214338.05498099 -330931.399055665 1.3000818120997e-16 4.33360604033234e-17
5.68404907975462e-08 0.00110099209280904 -0.000979183514204728 -235536.37791263 -315843.751841202 1.29822746908435e-16 4.32742489694784e-17
5.70633946830268e-08 0.00104398035872024 -0.00104593433883377 -255768.238251589 -299460.121500939 1.297049081994e-16 4.32349693998e-17
5.72862985685073e-08 0.000982692797253085 -0.0011087592938615 -274950.619793019 -281847.734023477 1.29656597181491e-16 4.32188657271638e-17
5.75092024539879e-08 0.000917380886060748 -0.00116740059333799 -293004.812596814 -263078.857284443 1.29678605968372e-16 4.32262019894573e-17
5.77321063394685e-08 0.000848312615674388 -0.00122161761786155 -309856.735953487 -243230.504513961 1.29770573701142e-16 4.32568579003805e-17
5.79550102249491e-08 0.000775771389873333 -0.00127118790189819 -325437.242355194 -222384.118292787 1.29930992465027e-16 4.33103308216757e-17
5.81779141104296e-08 0.000700054862810988 -0.00131590804661135 -339682.401224647 -200625.236373747 1.30157232013347e-16 4.33857440044488e-17
5.84008179959102e-08 0.000621473717668024 -0.00135559455445648 -352533.761237699 -178043.140699697 1.30445582893372e-16 4.34818609644573e-17
5.86237218813908e-08 0.000540350391844319 -0.00139008458211566 -363938.590163228 -154730.491058167 1.30791317266993e-16 4.35971057556643e-17
5.88466257668714e-08 0.000457017753920502 -0.00141923660868309 -373850.091236205 -130782.944875899 1.3118876642896e-16 4.37295888096533e-17
5.90695296523519e-08 0.00037181773781785 -0.00144293101635948 -382227.59517612 -106298.764713337 1.31631413751702e-16 4.38771379172341e-17
5.92924335378325e-08 0.000285099939760897 -0.00146107058127275 -389036.727062843 -81378.4150696359 1.32112001532793e-16 4.40373338442644e-17
5.95153374233131e-08 0.000197220183799774 -0.00147358087241106 -394249.547385223 -56124.1501525765 1.32622649993172e-16 4.42075499977239e-17
5.97382413087937e-08 0.000108539061778266 -0.00148041055703116 -397844.666683643 -30639.5943048797 1.33154986475014e-16 4.43849954916714e-17
5.99611451942742e-08 1.94204537384743e-05 -0.0014815316112891 -399807.333316132 -5029.31680852282 1.33700282720907e-16 4.45667609069689e-17
6.01840490797548e-08 -6.97699651668065e-05 -0.00147693943522873 -400129.493987911 20601.597188256 1.34249597983479e-16 4.4749865994493e-17
6.04069529652354e-08 -0.000158666225127471 -0.00146665287165651 -398809.826796008 46147.9778606779 1.34793925619045e-16 4.49313085396817e-17
6.0629856850716e-08 -0.000246903563338543 -0.00145071412882489 -395853.746653343 71505.0022445916 1.35324340761694e-16 4.51081135872313e-17
6.08527607361965e-08 -0.000334119920709982 -0.00142918860724168 -391273.383070033 96568.6243503885 1.35832146656536e-16 4.52773822188454e-17
6.10756646216771e-08 -0.00041995742748249 -0.00140216463131595 -385087.530383085 121236.002088804 1.36309017252819e-16 4.54363390842728e-17
6.12985685071577e-08 -0.000504063871653488 -0.00136975308694173 -377321.5706387 145405.919256825 1.3674713371892e-16 4.55823779063066e-17
6.15214723926382e-08 -0.000586094144187953 -0.00133208696650638 -368007.369443607 168979.200852195 1.37139312640922e-16 4.57131042136405e-17
6.17443762781188e-08 -0.000665711655084056 -0.00128932082319073 -357183.145212793 191859.120012377 1.37479123802786e-16 4.58263746009285e-17
6.19672801635994e-08 -0.000742589714483164 -0.00124163013680015 -344893.312350126 213951.794908213 1.37760995617003e-16 4.59203318723344e-17
6.219018404908e-08 -0.000816412873157155 -0.00118921059372848 -331188.299005335 235166.57396372 1.37980306477061e-16 4.59934354923536e-17
6.24130879345605e-08 -0.000886878216872719 -0.00113227728400961 -316124.340155145 255416.40782138 1.38133460533894e-16 4.60444868446315e-17
6.26359918200411e-08 -0.00095369660932155 -0.00107106381875111 -299763.2468576 274618.206526663 1.38217946653893e-16 4.60726488846309e-17
6.28588957055217e-08 -0.00101659387851639 -0.00100582137157154 -282172.152626372 292693.180466152 1.38232379591767e-16 4.60774598639225e-17
6.30817995910023e-08 -0.00107531194178483 -0.000936817647974444 -263423.237965764 309567.163660346 1.38176522703213e-16 4.60588409010712e-17
6.33047034764828e-08 -0.00112960986474482 -0.00086433578688811 -243593.434196676 325170.918084567 1.38051291824959e-16 4.60170972749862e-17
6.35276073619634e-08 -0.00117926484991657 -0.000788673198878188 -222764.107788833 339440.41776928 1.37858740258587e-16 4.59529134195289e-17
6.3750511247444e-08 -0.00122407315091433 -0.000710140345800404 -201020.726494531 352317.111514098 1.37602025104342e-16 4.58673417014473e-17
6.39734151329246e-08 -0.00126385090846702 -0.000629059466900637 -178452.508653824 363748.163137485 1.37285355496905e-16 4.57617851656352e-17
6.41963190184051e-08 -0.00129843490483717 -0.000545763256589547 -155152.057110142 373686.668276357 1.36913923591884e-16 4.5637974530628e-17
6.44192229038857e-08 -0.00132768323354268 -0.000460593499317125 -131214.979238488 382091.846846004 1.36493819434557e-16 4.54979398115191e-17
6.46421267893663e-08 -0.00135147588163336 -0.000373899667148624 -106739.494645302 388929.210370614 1.36031931106713e-16 4.5343977035571e-17
6.48650306748469e-08 -0.00136971522213299 -0.000286037485796351 -81826.0321497196 394170.703497812 1.35535831788771e-16 4.51786105962572e-17
6.50879345603274e-08 -0.00138232641462642 -0.000197367474991232 -56576.8176998909 397794.819116545 1.35013655588947e-16 4.50045518629823e-17
6.5310838445808e-08 -0.00138925771234781 -0.000108253469183363 -31095.454915251 399786.686605943 1.34473964175362e-16 4.48246547251205e-17
6.55337423312886e-08 -0.00139048067451012 -1.90611246414736e-05 -5486.4999758691 400138.132853064 1.33925606397835e-16 4.46418687992785e-17
6.57566462167691e-08 -0.0013859902830045 6.98435809229804e-05 20144.967396787 398847.715789156 1.33377573201006e-16 4.44591910670019e-17
6.59795501022497e-08 -0.00137580496299081 0.000158095850050673 45693.7751073039 395920.730306804 1.32838850207643e-16 4.42796167358811e-17
6.62024539877303e-08 -0.00135996650729474 0.000245333562386409 71055.0902328071 391369.186533714 1.32318270389225e-16 4.41060901297418e-17
6.64253578732109e-08 -0.00133853990492179 0.000331198760546319 96124.84917774 385211.760552258 1.318243692394e-16 4.39414564131332e-17
6.66482617586914e-08 -0.00131161307439165 0.000415339118903381 120800.184671906 377473.717767004 1.31365244824933e-16 4.37884149416442e-17
6.6871165644172e-08 -0.00127929650298734 0.000497409389264482 144979.847859701 368186.809234662 1.30948425008766e-16 4.3649475002922e-17
6.70940695296526e-08 -0.00124172279339921 0.000577072817507059 168564.623748596 357389.141381838 1.30580744022208e-16 4.35269146740692e-17
6.73169734151332e-08 -0.0011990461196241 0.000654002525362527 191457.738312196 345125.019645174 1.30268230409995e-16 4.34227434699984e-17
6.75398773006137e-08 -0.00115144159435224 0.000727882851676685 213565.255577418 331444.766675443 1.30016008185503e-16 4.33386693951678e-17
6.77627811860943e-08 -0.00109910455043763 0.000798410647643602 234796.463066455 316404.515851579 1.2982821281676e-16 4.32760709389199e-17
6.79856850715749e-08 -0.0010422497394002 0.000865296520698313 255064.244011964 300065.980951871 1.2970792342078e-16 4.32359744735933e-17
6.82085889570555e-08 -0.000981110450248498 0.000928266021964349 274285.43481818 282496.202927444 1.29657112277969e-16 4.32190374259898e-17
6.8431492842536e-08 -0.000915937552238614 0.000987060772383693 292381.16630122 263767.274817058 1.2967661249436e-16 4.322553749812e-17
6.86543967280166e-08 -0.000846998465497076 0.00104143952290841 309277.187308372 243956.045931976 1.29766104341896e-16 4.32553681139653e-17
6.88773006134972e-08 -0.000774576063731543 0.00109117914440369 324904.169388492 223143.806524694 1.29924120500736e-16 4.33080401669122e-17
6.91002044989778e-08 -0.000698967513531732 0.00113607554320054 339197.99126337 201415.954235419 1.30148070117621e-16 4.33826900392071e-17
6.93231083844583e-08 -0.000620483055023193 0.00117594449854136 352100.001932804 178861.64368495 1.30434281285832e-16 4.34780937619441e-17
6.95460122699389e-08 -0.000539444728877211 0.00121062241848214 363557.261333807 155573.420651752 1.3077806125025e-16 4.35926870834167e-17
6.97689161554195e-08 -0.00045618505490023 0.0012399670111497 373522.757566459 131646.842334296 1.31173773350369e-16 4.37245911167895e-17
6.99918200409e-08 -0.000371045667624844 0.00126385786859958 381955.59979508 107180.08525682 1.31614929439707e-16 4.3871643146569e-17
7.02147239263806e-08 -0.000284375914500881 0.00128219696087889 388821.186033189 82273.5424273545 1.32094296266294e-16 4.40314320887645e-17
7.04376278118612e-08 -0.000196531422438519 0.00129490903826684 394091.34512381 57029.4114009913 1.32604014069994e-16 4.42013380233314e-17
7.06605316973418e-08 -0.000107872638585257 0.00130194194004253 397744.452332522 31551.274938652 1.33135725452151e-16 4.43785751507171e-17
7.08834355828223e-08 -1.87633513243015e-05 0.00130326680851296 399765.518078967 5943.67598202694 1.33680712404567e-16 4.45602374681889e-17
7.11063394683029e-08 7.04308024369571e-05 0.00129887820742312 400146.249442711 -19688.3113113406 1.34230039251085e-16 4.47433464170283e-17
7.13292433537835e-08 0.000159343837563398 0.00128879414426221 398885.084191098 -45239.512712677 1.34774699158089e-16 4.49248997193629e-17
7.15521472392641e-08 0.000247610922417493 0.00127305599637465 395987.197189472 -70605.0854772168 1.35305761811701e-16 4.51019206039004e-17
7.17750511247446e-08 0.000334869875851547 0.00125172834117878 391464.47916745 -95680.9485392831 1.35814519840361e-16 4.52715066134536e-17
7.19979550102252e-08 0.000420762653324338 0.00122489869119015 385335.487928392 -120364.209582014 1.36292631582005e-16 4.54308771940017e-17
7.22208588957058e-08 0.000504936816044268 0.00119267713493657 377625.372202257 -144553.587229366 1.36732257855034e-16 4.55774192850113e-17
7.24437627811864e-08 0.000587046977110767 0.00115519588523829 368365.768454292 -168149.826628041 1.37126190490541e-16 4.57087301635136e-17
7.26666666666669e-08 0.000666756218720082 0.00111260873670693 357594.671072985 -191056.106714095 1.37467970518375e-16 4.58226568394583e-17
7.28895705521475e-08 0.000743737474620331 0.00106509043468904 345356.276469921 -213178.43749313 1.37751994069248e-16 4.5917331356416e-17
7.31124744376281e-08 0.000817674872143245 0.00101283595824379 331700.801731238 -234426.045703918 1.37973604256496e-16 4.5991201418832e-17
7.33353783231087e-08 0.000888265028305952 0.000956059720096861 316684.278564806 -254711.747282996 1.3812916753099e-16 4.60430558436632e-17
7.35582822085892e-08 0.000955218294664559 0.000894994686853285 300368.323388613 -273952.305101918 1.38216133257276e-16 4.6072044419092e-17
7.37811860940698e-08 0.00101825994581161 0.000829891423079234 282819.884503728 -292068.770509271 1.38233075534123e-16 4.60776918447077e-17
7.40040899795504e-08 0.00107713130664071 0.000761017063175166 264110.967389275 -308986.807276051 1.38179716573781e-16 4.60599055245937e-17
7.42269938650309e-08 0.00113159081375293 0.000688654215258907 244318.339246569 -324636.99661514 1.38056931256625e-16 4.60189770855418e-17
7.44498977505115e-08 0.0011814150066497 0.000613099801556362 223523.214004773 -338955.122023344 1.37866732786506e-16 4.5955577595502e-17
7.46728016359921e-08 0.00122639944464516 0.000534663840057968 201810.919080544 -351882.432777198 1.37612239681998e-16 4.5870746560666e-17
7.48957055214727e-08 0.00126635954573562 0.000453668172440077 179270.545259058 -363365.885001366 1.3729762464477e-16 4.57658748815899e-17
7.51186094069532e-08 0.00130113134398409 0.000370445143470896 155994.581133017 -373358.359320454 1.3692804614343e-16 4.56426820478101e-17
7.53415132924338e-08 0.00133057216231202 0.000285336237319712 132078.53359964 -381818.854201182 1.36509563834614e-16 4.55031879448714e-17
7.55644171779144e-08 0.00135456119793786 0.000198690676364946 107620.535972814 -388712.654191567 1.36049039208072e-16 4.53496797360242e-17
7.5787321063395e-08 0.00137300001805997 0.000110863988250465 82720.9453184332 -394011.472366798 1.35554023084804e-16 4.51846743616013e-17
7.60102249488755e-08 0.00138581296375015 2.22165470698778e-05 57481.9306651352 -397693.566397315 1.35032631812823e-16 4.50108772709409e-17
7.62331288343561e-08 0.00139294746040053 -6.6887905335335e-05 32007.0537801291 -399743.827762836 1.34493414190474e-16 4.48311380634914e-17
7.64560327198367e-08 0.00139437423344981 -0.000156083751896361 6400.84423027281 -400153.843746256 1.33945211299236e-16 4.46484037664119e-17
7.66789366053173e-08 0.00139008742850391 -0.000245005000532115 -19231.6295279616 -398921.93195306 1.33397011544209e-16 4.44656705147364e-17
7.69018404907978e-08 0.0013801046353579 -0.000333286785903057 -44785.1912697178 -396053.147214592 1.32857803279075e-16 4.42859344263584e-17
7.71247443762784e-08 0.00136446681582087 -0.000420566866541724 -70154.9885651841 -391559.260846862 1.32336427431889e-16 4.41121424772963e-17
7.7347648261759e-08 0.00134323813563974 -0.000506487111216876 -95236.9230144137 -385458.712349994 1.31841432548088e-16 4.39471441826961e-17
7.75705521472396e-08 0.0013165057012117 -0.000590694968432356 -119928.077388178 -377776.533746514 1.31380934627443e-16 4.37936448758144e-17
7.77934560327201e-08 0.00128437920216565 -0.000672844913030948 -144127.137922193 -368544.246868913 1.30962484053079e-16 4.36541613510263e-17
7.80163599182007e-08 0.00124699046127919 -0.000752599863967469 -167734.810031938 -357799.73401797 1.30592941794424e-16 4.35309805981413e-17
7.82392638036813e-08 0.00120449289357794 -0.000829632567433635 -190654.225742298 -345587.082522524 1.30278366913874e-16 4.34261223046245e-17
7.84621676891618e-08 0.0011570608768367 -0.000903626939659402 -212791.341160238 -331956.403838533 1.30023917221622e-16 4.33413057405408e-17
7.86850715746424e-08 0.00110488903606534 -0.000974279363880944 -234055.322359591 -316963.627929671 1.29833764707546e-16 4.3277921569182e-17
7.8907975460123e-08 0.00104819144491543 -0.0010412999361535 -254358.91809457 -300670.273773197 1.29711027136718e-16 4.32370090455728e-17
7.91308793456036e-08 0.000987200747284377 -0.0011044136548972 -273618.817812689 -283143.196932745 1.29657716930134e-16 4.32192389767115e-17
7.93537832310841e-08 0.000922167202721415 -0.00116336154929492 -291755.993498057 -264454.315233813 1.29674708168797e-16 4.32249027229323e-17
7.95766871165647e-08 0.000853357659552251 -0.00121790174191203 -308696.0239424 -244680.313667575 1.29761722262171e-16 4.32539074207238e-17
7.97995910020453e-08 0.000781054459936008 -0.00126781044117785 -324369.400113236 -223902.329733853 1.29917332515993e-16 4.33057775053311e-17
8.00224948875259e-08 0.000705554281347222 -0.00131288285965652 -338711.810366203 -202205.620514383 1.3013898752453e-16 4.33796625081767e-17
8.02453987730064e-08 0.000627166919236573 -0.00135293405433919 -351664.404331261 -179679.212842432 1.30423053003758e-16 4.34743510012526e-17
8.0468302658487e-08 0.000546214015865397 -0.00138779968550986 -363174.034389955 -156415.538004223 1.30764871379549e-16 4.35882904598495e-17
8.06912065439676e-08 0.000463027740529879 -0.0014173366910709 -373193.473752921 -132510.052471059 1.31158838153857e-16 4.37196127179522e-17
8.09141104294482e-08 0.000377949426590278 -0.0014414238735613 -381681.610242797 -108060.846218393 1.31598493796787e-16 4.38661645989291e-17
8.11370143149287e-08 0.000291328170897789 -0.00145996239745915 -388603.614987407 -83168.2402389884 1.32076629657881e-16 4.40255432192935e-17
8.13599182004093e-08 0.000203519401365924 -0.00147287619472762 -393931.085331028 -57934.3749016774 1.32585406160071e-16 4.41951353866905e-17
8.15828220858899e-08 0.000114883418564021 -0.00148011227694047 -397642.161377342 -32462.7908447825 1.33116481338403e-16 4.43721604461343e-17
8.18057259713705e-08 2.57839173170711e-05 -0.00148164095270632 -399721.615685859 -6858.00412389342 1.33661147615956e-16 4.45537158719855e-17
8.2028629856851e-08 -6.34135056219122e-05 -0.00147745594949966 -400160.915753788 18774.9226427284 1.34210474574403e-16 4.47368248581343e-17
8.22515337423316e-08 -0.000152342851703583 -0.00146757443939847 -398958.259026947 44330.8113714239 1.34755455378289e-16 4.49184851260965e-17
8.24744376278122e-08 -0.000240639222362629 -0.00145203696862305 -396118.580296084 69704.8000841925 1.35287154452273e-16 4.50957181507578e-17
8.26973415132928e-08 -0.000327940316284628 -0.00143090729116515 -391653.531448236 94792.7731826908 1.35796853989962e-16 4.52656179966541e-17
8.29202453987733e-08 -0.000413887916015771 -0.00140427210718989 -385581.433656227 119491.788659655 1.36276196892191e-16 4.54253989640635e-17
8.31431492842539e-08 -0.000498129357815504 -0.0013722407072841 -377927.202202473 143700.500494798 1.36717323791091e-16 4.55724412636971e-17
8.33660531697345e-08 -0.000580318978720958 -0.00133494452401065 -368722.244245569 167319.574501982 1.37113001913303e-16 4.57043339711009e-17
8.3588957055215e-08 -0.000660119534885489 -0.00129253659260896 -358004.329949135 190252.095921355 1.3745674366945e-16 4.58189145564834e-17
8.38118609406956e-08 -0.000737203585371559 -0.00124519092305445 -345817.437501725 212403.967083997 1.37742913025495e-16 4.59143043418317e-17
8.40347648261762e-08 -0.00081125483571991 -0.00119310178605365 -332211.572663706 233684.293517357 1.37966817911876e-16 4.59889393039586e-17
8.42576687116568e-08 -0.000881969435782056 -0.00113648291590459 -317242.563581555 254005.756907212 1.38124787155282e-16 4.60415957184273e-17
8.44805725971373e-08 -0.000949057226490756 -0.00107556663349345 -300971.831711506 273284.973385774 1.38214230671684e-16 4.60714102238945e-17
8.47034764826179e-08 -0.00101224293045268 -0.00101060289302583 -283466.139792494 291442.835675825 1.38233681933684e-16 4.60778939778947e-17
8.49263803680985e-08 -0.00107126728147799 -0.000941858256404404 -264797.317902523 308404.83768696 1.38182822015891e-16 4.60609406719635e-17
8.51492842535791e-08 -0.00112588808841205 -0.000869614799461062 -245041.96872253 324101.380232055 1.38062484824055e-16 4.6020828274685e-17
8.53721881390596e-08 -0.0011758812289042 -0.00079416895453174 -224281.153217098 338468.056609527 1.3787464342225e-16 4.59582144740834e-17
8.55950920245402e-08 -0.00122104156903584 -0.000715830294123002 -202600.058021756 351445.91687957 1.37622377682255e-16 4.58741258940852e-17
8.58179959100208e-08 -0.00126118380503437 -0.000634920260661349 -180087.645901665 362981.709749983 1.37309823785585e-16 4.57699412618616e-17
8.60408997955014e-08 -0.00129614322361931 -0.000551770847537384 -156836.29071592 373028.101079074 1.36942106406121e-16 4.56473688020405e-17
8.62638036809819e-08 -0.00132577637786062 -0.000466723236856816 -132941.398385318 381543.868099059 1.36525254685306e-16 4.55084182284354e-17
8.64867075664625e-08 -0.00134996167577607 -0.000380126399487961 -108501.015418846 388494.068563031 1.36066103377559e-16 4.53553677925198e-17
8.67096114519431e-08 -0.00136859987925248 -0.000292335663150056 -83615.4266051937 393850.184121427 1.35572180786768e-16 4.51907269289228e-17
8.69325153374237e-08 -0.00138161451124366 -0.000203711254417894 -58386.7435200703 397590.237339698 1.35051585331249e-16 4.50171951104162e-17
8.71554192229042e-08 -0.00138895216957417 -0.000114616820625264 -32918.4855377668 399698.881877029 1.34512852761036e-16 4.48376175870119e-17
8.73783231083848e-08 -0.00139058274606131 -2.5417937732192e-05 -7315.15506618619 400167.465456075 1.3396481620463e-16 4.46549387348768e-17
8.76012269938654e-08 -0.00138649955005632 6.35193897214323e-05 18318.1912517523 398994.065365342 1.33416461339887e-16 4.44721537799624e-17
8.78241308793459e-08 -0.00137671933589766 0.0001518302304208 43876.3736108693 396183.496348541 1.32876779063685e-16 4.42922596878951e-17
8.80470347648265e-08 -0.00136128223416396 0.000239152223677425 69254.5206218452 391747.290848528 1.32354618076026e-16 4.41182060253421e-17
8.82699386503071e-08 -0.00134025158700854 0.000325127066282483 94348.4996238357 385703.65168691 1.31858539795613e-16 4.39528465985376e-17
8.84928425357877e-08 -0.00131371368825132 0.000409401982711336 119055.343965906 378077.377373477 1.31396677985724e-16 4.3798892661908e-17
8.87157464212682e-08 -0.00128177742929438 0.000491631172646633 143273.675504046 368899.76035193 1.30976605391989e-16 4.36588684639964e-17
8.89386503067488e-08 -0.00124457385231435 0.000571477229880454 166904.120580155 358208.458599434 1.30605209578675e-16 4.35350698595584e-17
8.91615541922294e-08 -0.00120225561256466 0.000648612526773393 189849.717776142 346047.341106856 1.30288579999297e-16 4.34295266664324e-17
8.938445807771e-08 -0.00115499635199424 0.000722720558589821 212016.31577002 332466.307873701 1.30031908153157e-16 4.33439693843856e-17
8.96073619631905e-08 -0.00110298998675272 0.000793497242193186 233312.959661497 317521.085156381 1.2983940246485e-16 4.32798008216167e-17
8.98302658486711e-08 -0.00104644991150564 0.000860652163772497 253652.26418188 301272.996809936 1.29714219282398e-16 4.32380730941328e-17
9.00531697341517e-08 -0.000985608123824647 0.000923909770480266 272950.77225692 283788.712661458 1.29658411125359e-16 4.32194703751197e-17
9.02760736196323e-08 -0.000920714272245518 0.00098301050109233 291129.297451322 265139.974947704 1.29672893031452e-16 4.32242976771507e-17
9.04989775051128e-08 -0.000852034631899939 0.00103771185105019 308113.248889798 245403.30393939 1.29757427553483e-16 4.32524758511609e-17
9.07218813905934e-08 -0.000779851011924406 0.00108778936751572 323832.937321428 224659.683960053 1.29910628652556e-16 4.33035428841855e-17
9.0944785276074e-08 -0.000704459599129334 0.00113303757035534 338223.861071472 202994.23108783 1.30129984423752e-16 4.33766614745841e-17
9.11676891615546e-08 -0.000626169742673105 0.00117327079527456 351226.970707303 180495.843903655 1.30411898281637e-16 4.34706327605456e-17
9.13905930470351e-08 -0.000545302684727828 0.0012083239556434 362788.911332481 157256.838718927 1.30751747930343e-16 4.3583915976781e-17
9.16134969325157e-08 -0.000462190242345191 0.00123805321988667 372862.241514764 133372.570779409 1.31143961151327e-16 4.3714653717109e-17
9.18364008179963e-08 -0.000377173445931033 0.00126233660165959 381405.627949755 108941.042999647 1.31582107166181e-16 4.38607023887268e-17
9.20593047034768e-08 -0.000290601139915297 0.00128107446038728 388384.015061423 84062.5038333645 1.32059002076499e-16 4.40196673588332e-17
9.22822085889574e-08 -0.00020282855135916 0.00129418991011397 393768.768843587 58839.0359298653 1.32566826652007e-16 4.41889422173357e-17
9.2505112474438e-08 -0.000114215832372687 0.00130162913498475 397537.794352158 33374.1372642919 1.33097254535659e-16 4.43657515118863e-17
9.27280163599186e-08 -2.51265823238195e-05 0.00130336161006489 399675.62636602 7772.29646046041 1.33641588763663e-16 4.45471962545542e-17
9.29509202453991e-08 6.4073644097567e-05 0.00129938022659111 400173.492844569 -17861.4359511764 1.34190904362017e-16 4.47303014540056e-17
9.31738241308797e-08 0.000153018836838763 0.00128970132114049 399029.350921511 -43421.8785812033 1.3473619468153e-16 4.49120648938435e-17
9.33967280163603e-08 0.000241344032311786 0.00127436460859759 396247.895287233 -68804.150765864 1.35268519072002e-16 4.5089506357334e-17
9.36196319018409e-08 0.00032868681092705 0.00125343301919466 391840.538925359 -93904.102917731 1.3577914947427e-16 4.52597164914233e-17
9.38425357873214e-08 0.000414688784188389 0.00122699244029374 385825.36628252 -118618.743876595 1.36259713526594e-16 4.54199045088645e-17
9.4065439672802e-08 0.000498997065247535 0.00119515136397009 378227.05906351 -142846.663507044 1.36702331838972e-16 4.55674439463239e-17
9.42883435582826e-08 0.00058126571688401 0.00115804044184299 369076.794956295 -166488.448808722 1.37099747184635e-16 4.56999157282117e-17
9.45112474437632e-08 0.00066115717096901 0.00111581194898067 358412.119702432 -189447.091831858 1.3744544349047e-16 4.58151478301567e-17
9.47341513292437e-08 0.000738343613588896 0.00106863915907894 346276.793037838 -211628.387724285 1.37733752675391e-16 4.59112508917969e-17
9.49570552147243e-08 0.00081250833014478 0.00101671563347739 332720.609136028 -232941.32127669 1.37959947584925e-16 4.59866491949751e-17
9.51799591002049e-08 0.000883347004908945 0.000960254426930525 317799.192290612 -253298.440379968 1.38120319498249e-16 4.60401064994165e-17
9.54028629856855e-08 0.00095056896970571 0.000899487213392703 301573.768675393 -272616.214862339 1.38212238936848e-16 4.60707463122828e-17
9.5625766871166e-08 0.00101389839659309 0.000834663335403986 284110.915118602 -290815.379233788 1.38234198777787e-16 4.60780662592623e-17
9.58486707566466e-08 0.00107307542965139 0.000766048780977535 265482.285922107 -307821.257931506 1.38185838964688e-16 4.60619463215628e-17
9.60715746421272e-08 0.00112785725123477 0.000693925092186616 245764.318846526 -323564.071731737 1.38067952411268e-16 4.6022650803756e-17
9.62944785276077e-08 0.0011780190783106 0.000618588209929532 225037.921468645 -337979.224070772 1.37882472000615e-16 4.59608240002049e-17
9.65173824130883e-08 0.00122335508479852 0.00054034725961271 203388.139198114 -351007.566100238 1.37632438893394e-16 4.58774796311315e-17
9.67402862985689e-08 0.0012636792461245 0.000459523282734568 180903.806315605 -362595.639389095 1.37321952664586e-16 4.57739842215288e-17
9.69631901840495e-08 0.00129882610252452 0.000376447919574781 157677.181464327 -372695.895276478 1.36956104086326e-16 4.56520346954419e-17
9.718609406953e-08 0.00132865143796597 0.000291462048394188 133803.569090548 -381266.889975323 1.36540891658948e-16 4.55136305529828e-17
9.74089979550106e-08 0.00135303287190078 0.000204914386729036 109380.928386456 -388273.45462623 1.36083123258809e-16 4.53610410862697e-17
9.76319018404912e-08 0.00137187036142237 0.000117160060518787 84509.4713399587 -393686.839603777 1.35590304515464e-16 4.51967681718212e-17
9.78548057259718e-08 0.0013850866117658 2.85591469386941e-05 59291.2515407131 -397484.83248317 1.35070515748403e-16 4.50235052494678e-17
9.80777096114523e-08 0.00139262739346688 -6.05248030837333e-05 33829.745429624 -399651.849183184 1.34532279481096e-16 4.48440931603653e-17
9.83006134969329e-08 0.00139446176487873 -0.000149726256605907 8229.42771003775 -400178.997911403 1.33984420704595e-16 4.46614735681984e-17
9.85235173824135e-08 0.00139058219913282 -0.000238679198540026 -17404.6573371749 -399064.115649397 1.33435922181855e-16 4.44786407272849e-17
9.87464212678941e-08 0.00138100461502352 -0.000327018633501301 -42967.3268756502 -396311.777028104 1.32895777165187e-16 4.42985923883958e-17
9.89693251533746e-08 0.00136576831168948 -0.000414382083472088 -68353.6911040887 -391933.275557017 1.32372841941748e-16 4.41242806472494e-17
9.91922290388552e-08 0.00134493580735974 -0.000500411075136662 -93459.5836444202 -385946.577284189 1.31875690624708e-16 4.39585635415694e-17
9.94151329243358e-08 0.00131859258282638 -0.000584752610783727 -118181.988961588 -378376.247077203 1.31412474570994e-16 4.38041581903313e-17
9.96380368098164e-08 0.00128684673069619 -0.000667060616741207 -142419.465061144 -369253.347827593 1.3099078873059e-16 4.36635962435299e-17
9.98609406952969e-08 0.00124982851186061 -0.000746997363400023 -166072.559730236 -358615.312992302 1.30617547118763e-16 4.3539182372921e-17
1.00083844580777e-07 0.00120768982100391 -0.000824234851000176 -189044.218614025 -346505.792995181 1.30298869452979e-16 4.34329564843262e-17
1.00306748466258e-07 0.00116060356334258 -0.000898456155492906 -211240.183453132 -332974.476118764 1.30039980813226e-16 4.33466602710752e-17
1.00529652351739e-07 0.00110876294515355 -0.000969356728956539 -232569.378848011 -318076.884621253 1.29845125970934e-16 4.3281708656978e-17
1.00752556237219e-07 0.00105238068100222 -0.00103664564923009 -252944.285963299 -301874.1469153 1.29717499791155e-16 4.32391665970518e-17
1.009754601227e-07 0.000991688120923249 -0.0011000468136371 -272281.301638706 -284432.746743376 1.29659194849146e-16 4.3219731616382e-17
1.0119836400818e-07 0.000926934301135534 -0.00115930007190153 -290501.081432963 -265824.250378935 1.29671167120233e-16 4.32237223734109e-17
1.01421267893661e-07 0.000858384922186537 -0.00121416229360711 -307528.865193204 -246125.012972726 1.29753220305519e-16 4.3251073435173e-17
1.01644171779142e-07 0.000786321258718814 -0.00126440836582011 -323294.783813915 -225415.865249184 1.29904009050428e-16 4.33013363501426e-17
1.01867075664622e-07 0.000711039005332281 -0.00130983211678206 -337734.145926737 -203781.781838464 1.30121061003306e-16 4.3373687001102e-17
1.02089979550103e-07 0.00063284706327793 -0.00135024716188216 -350787.70334475 -181311.532605029 1.30400817352422e-16 4.3466939117474e-17
1.02312883435583e-07 0.000552066272961451 -0.00138548766843835 -362401.894172093 -158097.318403475 1.307386911767e-16 4.35795637255668e-17
1.02535787321064e-07 0.000469028097457636 -0.00141540903614883 -372529.062581336 -134234.392756181 1.31129142653468e-16 4.37097142178228e-17
1.02758691206544e-07 0.000384073262437398 -0.00143988849042196 -381127.654356846 -109820.671005118 1.31565769890102e-16 4.3855256630034e-17
1.02981595092025e-07 0.000297550358088131 -0.00145882558615004 -388162.387401758 -84956.3285415773 1.32041413890281e-16 4.40138046300936e-17
1.03204498977506e-07 0.000209814408764054 -0.00147214261985985 -393604.396508933 -59743.3897623647 1.32548275933811e-16 4.41827586446037e-17
1.03427402862986e-07 0.000121225416235622 -0.00147978494854873 -397431.351801865 -34285.3094390859 1.33078045445447e-16 4.43593484818156e-17
1.03650306748467e-07 3.21468825153937e-05 -0.00148172121389799 -399627.550359556 -8686.54821825313 1.33622036256148e-16 4.45406787520493e-17
1.03873210633947e-07 -5.70556816784378e-05 -0.0014779434709437 -400183.980649391 16947.8560059529 1.34171329022627e-16 4.47237763408757e-17
1.04096114519428e-07 -0.000146016256700718 -0.00146846722067675 -399098.359503624 42512.7190875081 1.34716917470047e-16 4.49056391566825e-17
1.04319018404908e-07 -0.000234369815846254 -0.00145333134643857 -396375.141487773 67903.1422244765 1.35249856060064e-16 4.50832853533547e-17
1.04541922290389e-07 -0.000321753823142467 -0.0014325979543734 -392025.50062246 93014.9423841069 1.35761406663021e-16 4.52538022210071e-17
1.0476482617587e-07 -0.000407809720921965 -0.00140635211859178 -386067.28453371 117745.079790955 1.36243181829449e-16 4.54143939431496e-17
1.0498773006135e-07 -0.00049218440107117 -0.00137470153209094 -378524.94121983 141992.080723943 1.36687282311763e-16 4.55624274372544e-17
1.05210633946831e-07 -0.000574531653918116 -0.00133777606486448 -369429.418735379 165656.453887529 1.37086426581346e-16 4.56954755271154e-17
1.05433537832311e-07 -0.000654513588814266 -0.0012957272310144 -358818.038203828 188641.09864849 1.37434070217426e-16 4.58113567391418e-17
1.05656441717792e-07 -0.000731802020581379 -0.00124872756705225 -346734.340679988 210851.703463258 1.37724513210238e-16 4.59081710700793e-17
1.05879345603272e-07 -0.000806079816134488 -0.0011969699239401 -333227.908490552 232197.132860936 1.37952993419123e-16 4.59843311397076e-17
1.06102249488753e-07 -0.000877042195755464 -0.00114066667577658 -318354.161785848 252589.801394129 1.38115764653194e-16 4.60385882177313e-17
1.06325153374234e-07 -0.000944397983677749 -0.00108004884837469 -302174.13113759 271946.033023165 1.38210158094366e-16 4.60700526981218e-17
1.06548057259714e-07 -0.00100787080285078 -0.00101536517130712 -284754.207115712 290186.404459079 1.38234626055637e-16 4.60782086852124e-17
1.06770961145195e-07 -0.00106720020898172 -0.000946881057308834 -266165.867871843 307236.071056531 1.3818876735717e-16 4.60629224523899e-17
1.06993865030675e-07 -0.00112214275920124 -0.00087487751322454 -246485.385847201 323025.073919448 1.3807333390408e-16 4.60244446346934e-17
1.07216768916156e-07 -0.00117247301096834 -0.00079964998696982 -225793.514808365 337488.626959251 1.3789021835811e-16 4.59634061193701e-17
1.07439672801636e-07 -0.00121798444711551 -0.000721507155237035 -204175.158495084 350567.382727813 1.37642423105299e-16 4.58808077017664e-17
1.07662576687117e-07 -0.00125849032323848 -0.000640769656920379 -181719.022239745 362207.675934357 1.37334011028478e-16 4.57780036761593e-17
1.07885480572598e-07 -0.00129382443395359 -0.00055776877745712 -158517.248987991 372361.743647096 1.36970038891719e-16 4.56566796305731e-17
1.08108384458078e-07 -0.00132384179487859 -0.000472845089483519 -134665.04121398 380987.921276063 1.36556474428983e-16 4.55188248096609e-17
1.08331288343559e-07 -0.00134841923753851 -0.000386347055383121 -110260.270281665 388050.813532979 1.36100098496383e-16 4.53666994987942e-17
1.08554192229039e-07 -0.00136745591475567 -0.000298629597461514 -85403.0748549652 393521.439666663 1.35608393892398e-16 4.52027979641328e-17
1.0877709611452e-07 -0.00138087371444996 -0.000210052641614465 -60195.4500046723 397377.352378045 1.35089422668949e-16 4.50298075563162e-17
1.09e-07 -0.00138861758015158 -0.000120979640465125 -34740.8286980583 399602.729926854 1.34551693944951e-16 4.4850564648317e-17
