0 -0.00139 0 0 400000 1.33808e-16 4.46026666666667e-17
6.19318181818182e-10 -0.0013459106657263 0.000239880460483719 71190.1177263487 387329.917845272 1.29703856177686e-16 4.32346187258953e-17
1.23863636363636e-09 -0.00125912853589737 0.000464315845869778 140125.273852203 362391.080990333 1.2624984504551e-16 4.20832816818366e-17
1.85795454545455e-09 -0.00113240245229947 0.000666197119230002 204621.933148905 325973.432214674 1.23880127177813e-16 4.12933757259378e-17
2.47727272727273e-09 -0.000969746489658422 0.000839129649766955 262637.150686467 279230.508022969 1.22892570193169e-16 4.09641900643897e-17
3.09659090909091e-09 -0.00077631280899827 0.000977635764057814 312333.282533825 223642.900139369 1.23411307538529e-16 4.11371025128431e-17
3.71590909090909e-09 -0.000558228461882653 0.00107732825248509 352136.193507784 160971.35746055 1.25371135224916e-16 4.17903784083052e-17
4.33522727272727e-09 -0.000322401314798112 0.00113504933500231 380785.118228251 93201.013972773 1.28525707806013e-16 4.28419026020044e-17
4.95454545454545e-09 -7.63012410643352e-05 0.00114897068446562 397372.596120593 22478.5092251484 1.32478503385627e-16 4.41595011285424e-17
5.57386363636364e-09 0.000172276488937446 0.00111865133927148 401373.215415721 -48956.0069189723 1.36732665429882e-16 4.55775551432939e-17
6.19318181818182e-09 0.000415458124554837 0.00104505167090612 392660.255675787 -118839.831489016 1.40753456392836e-16 4.6917818797612e-17
6.8125e-09 0.000645540837533353 0.000930502963981422 371509.70169008 -184959.37998851 1.44035472890719e-16 4.80118242969063e-17
7.43181818181818e-09 0.000855236710683442 0.000778633572316009 338591.501600144 -245220.302138648 1.46166173645235e-16 4.87220578817449e-17
8.05113636363636e-09 0.00103790358415431 0.000594253990082859 294948.346154791 -297713.820853527 1.4687773489209e-16 4.89592449640299e-17
8.67045454545454e-09 0.00118775544721139 0.000383204478418343 241962.641266482 -340777.193146375 1.46080715159386e-16 4.86935717197953e-17
9.28977272727273e-09 0.00130004571131476 0.000152170073951222 181312.720020119 -373046.377855167 1.43875297837295e-16 4.79584326124318e-17
9.90909090909091e-09 0.001371217559286 -9.15311611055846e-05 114919.681127876 -393499.241926587 1.40538698376081e-16 4.6846232792027e-17
1.05284090909091e-08 0.00139901660822287 -0.000340179940078631 44886.5377329192 -401487.936690424 1.36490318996232e-16 4.54967729987441e-17
1.11477272727273e-08 0.00138256231754072 -0.000585900261824764 -26568.3959638311 -396759.41859926 1.32239030876632e-16 4.40796769588773e-17
1.17670454545455e-08 0.00132237588027642 -0.000820908884684958 -97181.7702616286 -379463.464434809 1.28319210318069e-16 4.2773070106023e-17
1.23863636363636e-08 0.0012203637141918 -0.00103776186226244 -164716.892026534 -350147.927097591 1.25223568976614e-16 4.17411896588714e-17
1.30056818181818e-08 0.00107975707559956 -0.00122959033195371 -227034.57240582 -309741.382253787 1.23341221238796e-16 4.1113740412932e-17
1.3625e-08 0.000905009708655852 -0.00139031808758225 -282160.886074243 -259523.715510297 1.22908773514869e-16 4.0969591171623e-17
1.42443181818182e-08 0.000701656772099427 -0.00151485404447715 -328349.695724137 -201085.581775266 1.2398058340387e-16 4.13268611346232e-17
1.48636363636364e-08 0.000476139511961721 -0.00159925350062575 -364137.961323268 -136278.020937176 1.26421927079156e-16 4.21406423597185e-17
1.54829545454545e-08 0.00023560123377587 -0.00164084308591998 -388392.082208347 -67153.8257961913 1.29925933736996e-16 4.33086445789986e-17
1.61022727272727e-08 -1.23389630931975e-05 -0.0016383054417037 -400343.804118861 4097.48056939867 1.34052158490316e-16 4.46840528301055e-17
1.67215909090909e-08 -0.000259827521986004 -0.00159172094837867 -399614.553808568 75218.9983963844 1.38281945191175e-16 4.60939817303918e-17
1.73409090909091e-08 -0.000499025191968732 -0.00150256517933879 -386227.430430827 143957.939000174 1.42083620213429e-16 4.73612067378095e-17
1.79602272727273e-08 -0.000722355337716629 -0.00137366216187982 -360606.473868164 208136.982319069 1.449793224999e-16 4.83264408332999e-17
1.85795454545455e-08 -0.000922743930994063 -0.00120909492555476 -323563.233181911 265723.243974415 1.46605069504006e-16 4.88683565013353e-17
1.91988636363636e-08 -0.00109384362195179 -0.00101407617137414 -276271.060628996 314892.667300818 1.46756508886966e-16 4.89188362956553e-17
1.98181818181818e-08 -0.00123023479273711 -0.000794783158430913 -220227.945488223 354087.800715665 1.45414605096499e-16 4.84715350321664e-17
2.04375e-08 -0.00132759722500245 -0.000558162037949956 -157209.064942193 382067.130317874 1.42748032088214e-16 4.75826773627381e-17
2.10568181818182e-08 -0.00138284694370883 -0.000311707832521362 -89210.5549754485 397944.405095712 1.39091971430582e-16 4.63639904768608e-17
2.16761363636364e-08 -0.00139423390266868 -6.32270297205259e-05 -18386.2823571846 401216.709109607 1.34905980818759e-16 4.49686602729196e-17
2.22954545454546e-08 -0.00136139741761821 0.000179409689989153 53020.3795310432 391780.39145783 1.30716228819859e-16 4.35720762732863e-17
2.29147727272727e-08 -0.00128537759096556 0.000408516758676486 122747.610007938 369934.349440098 1.27049356797961e-16 4.23497855993202e-17
2.35340909090909e-08 -0.00116858236633344 0.00061683716288523 188586.78472709 336370.56092421 1.24366281409711e-16 4.14554271365702e-17
2.41534090909091e-08 -0.00101471125645027 0.000797772311025806 248452.434306771 292152.165804967 1.23004258531534e-16 4.10014195105113e-17
2.47727272727273e-08 -0.000828638160324698 0.000945591045119167 300448.30200093 238679.790829648 1.23134491038125e-16 4.10448303460416e-17
2.53920454545455e-08 -0.000616256981493456 0.00105561117640289 342927.408021087 177647.184458116 1.24740609028607e-16 4.15802030095358e-17
2.60113636363636e-08 -0.000384294937416324 0.00112434779462187 374544.217959406 110987.567032483 1.27620727482197e-16 4.25402424940657e-17
2.66306818181818e-08 -0.000140099473481391 0.00114962365327643 394297.262867415 40812.3956257117 1.3141282270119e-16 4.38042742337301e-17
2.725e-08 0.000108594468836673 0.00113063813435236 401560.860990636 -30655.5167948317 1.35640237785758e-16 4.52134125952528e-17
2.78693181818182e-08 0.000353909457836487 0.00106799260806095 396104.936366671 -101152.40942466 1.39771597216003e-16 4.65905324053344e-17
2.84886363636364e-08 0.000588075090857014 0.000963671384314048 378102.306528558 -168445.27871059 1.43287599427915e-16 4.77625331426384e-17
2.91079545454546e-08 0.000803674123377795 0.000820978859300045 348123.208473921 -230402.609196922 1.45746291723228e-16 4.85820972410759e-17
2.97272727272727e-08 0.000993877411762534 0.000644434848055922 307117.236290955 -285061.889715281 1.46838622619993e-16 4.89462075399976e-17
3.03465909090909e-08 0.0011526602277864 0.000439631418397649 256383.262570639 -330691.776328954 1.46427288852135e-16 4.88090962840451e-17
3.09659090909091e-08 0.00127499309313993 0.000213055761023578 197528.296350655 -365846.933007675 1.44563994047138e-16 4.81879980157126e-17
3.15852272727273e-08 0.00135700108918749 -2.8115293583314e-05 132416.580774055 -389413.812943239 1.41482949709175e-16 4.71609832363916e-17
3.22045454545455e-08 0.00139608659581093 -0.000276242602734997 63110.5428048159 -400645.93037336 1.37571435417887e-16 4.58571451392957e-17
3.28238636363636e-08 0.00139101157156029 -0.000523466682952013 -8194.53456983912 -399187.505671511 1.3332111875229e-16 4.44403729174299e-17
3.34431818181818e-08 0.00134193676887106 -0.000761956660716919 -79240.0483789451 -385084.734739665 1.29266253903829e-16 4.30887513012765e-17
3.40625e-08 0.00125041664219773 -0.000984158317001313 -147775.617380786 -358784.32574361 1.25916527258599e-16 4.19721757528664e-17
3.46818181818182e-08 0.00111935011034971 -0.0011830333687051 -211630.363350927 -321119.349540053 1.23692991091339e-16 4.12309970304463e-17
3.53011363636364e-08 0.000952888732642631 -0.00135228240771924 -268781.674095839 -273282.851986134 1.22875138345905e-16 4.09583794486351e-17
3.59204545454545e-08 0.000756305207404329 -0.00148654443597144 -317419.270109552 -216790.063966857 1.23565771070148e-16 4.11885903567161e-17
3.65397727272727e-08 0.000535826358172395 -0.00158156667614116 -356002.54554881 -153430.406145608 1.25678078455202e-16 4.18926928184006e-17
3.71590909090909e-08 0.000298435897779702 -0.00163433927925471 -383309.367239579 -85210.8086971131 1.28946548737385e-16 4.29821829124616e-17
3.77784090909091e-08 5.16532178160589e-05 -0.00164319066226968 -398474.785996341 -14292.1413819602 1.32960343363887e-16 4.43201144546291e-17
3.83977272727273e-08 -0.000196704789644775 -0.0016078404558111 -401018.434065199 57079.2324468836 1.37214938372961e-16 4.57383127909869e-17
3.90170454545454e-08 -0.000438771333707015 -0.00152940838492901 -390859.740871141 126642.60986465 1.41175541796067e-16 4.70585139320224e-17
3.96363636363636e-08 -0.000666878906870214 -0.00141037880157753 -368320.48510755 192194.556604231 1.44344315672901e-16 4.81147718909671e-17
4.02556818181818e-08 -0.000873802154904136 -0.00125452199225641 -334114.602330003 251658.701289144 1.46322953039856e-16 4.87743176799519e-17
4.0875e-08 -0.001052986741428 -0.00106677475341184 -289325.570900918 303151.504923343 1.46862744120737e-16 4.89542480402458e-17
4.14943181818181e-08 -0.00119875695786151 -0.000853084017395027 -235372.092589886 345041.92237577 1.45895838524586e-16 4.8631946174862e-17
4.21136363636363e-08 -0.00130649550265985 -0.000620218482158566 -173963.154903744 376003.066069882 1.43543773870389e-16 4.78479246234629e-17
4.27329545454545e-08 -0.00137278973528846 -0.000375554211358583 -107043.898556287 395054.235420155 1.40102198811863e-16 4.67007329372878e-17
4.33522727272727e-08 -0.00139553977231286 -0.000126840996023485 -36734.0047366531 401591.980724562 1.36003710739947e-16 4.5334570246649e-17
4.39715909090909e-08 -0.00137402500163776 0.000118043121668572 34739.4462276947 395409.217557817 1.3176347937099e-16 4.392115979033e-17
4.4590909090909e-08 -0.00130892690804313 0.000351341386993722 105112.518097756 376701.786213087 1.27914491199835e-16 4.26381637332785e-17
4.52102272727272e-08 -0.00120230748701387 0.000565664029481403 172156.129368345 346062.248420474 1.24940554428331e-16 4.16468514761104e-17
4.58295454545454e-08 -0.00105754393060931 0.000754222335411769 233746.659882591 304461.117832518 1.2321548548247e-16 4.10718284941567e-17
4.64488636363636e-08 -0.000879221654211089 0.000911043681717086 287933.216936573 253216.118804916 1.22956121221097e-16 4.09853737403656e-17
4.70681818181818e-08 -0.00067298905254917 0.0010311607200441 332999.4302064 193950.447206914 1.2419506308421e-16 4.13983543614034e-17
4.76874999999999e-08 -0.000445378585638652 0.00111076871853333 367517.818130746 128541.355358768 1.26776579173365e-16 4.22588597244549e-17
4.83068181818181e-08 -0.000203599861767113 0.00114734607748222 390395.003682484 59060.6896789317 1.30376179362429e-16 4.34587264541431e-17
4.89261363636363e-08 4.46887283286498e-05 0.00113973420153353 400906.34731059 -12290.7354767717 1.34541402896161e-16 4.48471342987202e-17
4.95454545454545e-08 0.00029162259256215 0.00108817419842134 398718.900046753 -83252.8490618933 1.38748691577302e-16 4.62495638591008e-17
5.01647727272727e-08 0.00052938005006683 0.000994299241833954 383901.949732328 -151577.911553941 1.4246919972461e-16 4.74897332415366e-17
5.07840909090908e-08 0.000750430084543981 0.000861082840301966 356924.82631173 -215101.712565413 1.45235268754406e-16 4.84117562514686e-17
5.1403409090909e-08 0.000947770890750775 0.000692744650704791 318642.035710052 -271812.122652318 1.46699210696766e-16 4.8899736898922e-17
5.20227272727272e-08 0.00111515165811941 0.000494616819772368 270266.193182384 -319912.827927583 1.46677011705129e-16 4.8892337235043e-17
5.26420454545454e-08 0.00124727056646568 0.000272975087242325 213329.61347655 -357880.228672363 1.45171462137311e-16 4.83904873791036e-17
5.32613636363635e-08 0.00133994272223224 3.48400005148421e-05 149635.774448754 -384511.699670064 1.42371805814495e-16 4.74572686048315e-17
5.38806818181817e-08 0.00139023271585154 -0.000212245462628178 81202.1915320786 -398963.683607079 1.38629952545468e-16 4.62099841818225e-17
5.44999999999999e-08 0.00139654760144679 -0.000460454819393584 10196.5125207643 -400778.410923958 1.34416243942406e-16 4.48054146474685e-17
5.51193181818181e-08 0.00135868735371976 -0.0007019259874269 -61132.1431188745 -389898.399760216 1.30260332654708e-16 4.34201108849027e-17
5.57386363636363e-08 0.0012778512037932 -0.000929010317885674 -130524.425569486 -366668.276704077 1.26684606353558e-16 4.22282021178528e-17
5.63579545454544e-08 0.00115659965331872 -0.0011345148679625 -195782.320032188 -331823.860674504 1.24138524906104e-16 4.13795083020347e-17
5.69772727272726e-08 0.000998773370061065 -0.00131193023882576 -254838.769296762 -286468.855705818 1.22942124392498e-16 4.09807081308327e-17
5.75965909090908e-08 0.000809371533957863 -0.00145563676216459 -305823.148203336 -232039.890895723 1.23245789369782e-16 4.10819297899274e-17
5.8215909090909e-08 0.000594393487068322 -0.0015610825043368 -347120.516078525 -170261.01488357 1.2501134990859e-16 4.167044996953e-17
5.88352272727272e-08 0.000360648703181327 -0.00162492744980192 -377422.770312947 -103089.086255612 1.28016879457956e-16 4.26722931526519e-17
5.94545454545453e-08 0.000115541096334595 -0.00164514929679944 -395770.080780044 -32651.7896473669 1.31884590458598e-16 4.39615301528661e-17
6.00738636363635e-08 -0.00013316549968313 -0.0016211075141724 -401581.292652474 38819.7591042054 1.36128321295756e-16 4.53761070985854e-17
6.06931818181817e-08 -0.000377593252361931 -0.00155356363032339 -394672.334600632 109061.684013085 1.40214645600172e-16 4.67382152000573e-17
6.13124999999999e-08 -0.000609999862433466 -0.00144465711164594 -375262.049289818 175849.057681018 1.43629922610696e-16 4.78766408702319e-17
6.19318181818181e-08 -0.000823023802790465 -0.00129783759448713 -343965.26149387 237066.376329825 1.45944860535356e-16 4.86482868451187e-17
6.25511363636362e-08 -0.00100991749636981 -0.00111775561720775 -301773.303394172 290774.568818076 1.46868477457629e-16 4.8956159152543e-17
6.31704545454544e-08 -0.00116476104704187 -0.000910115313424601 -250022.613929205 335272.41711775 1.46284677036738e-16 4.8761559012246e-17
6.37897727272726e-08 -0.0012826497535363 -0.000681493732406587 -190352.406816679 369150.442744683 1.44266841527788e-16 4.80889471759294e-17
6.44090909090908e-08 -0.00135984946686208 -0.000439132509688317 -124652.74812236 391335.552279042 1.41068607815539e-16 4.70228692718464e-17
6.5028409090909e-08 -0.00139391487024382 -0.000190708486777192 -55004.6880292334 401125.027819798 1.37091985891346e-16 4.56973286304488e-17
6.56477272727271e-08 -0.00138376693503282 5.59094543780562e-05 16385.6568544574 398208.785718567 1.32836827201102e-16 4.42789424003674e-17
6.62670454545453e-08 -0.00132972709916114 0.000292909639839261 87256.9826918852 382679.198542863 1.2883799456666e-16 4.29459981888868e-17
6.68863636363635e-08 -0.00123350708552908 0.000512785040055225 155364.425681113 355028.169156051 1.25598131264729e-16 4.18660437549096e-17
6.75056818181817e-08 -0.00109815468283078 0.000708571056564596 218550.668577087 316131.549593113 1.23524480022134e-16 4.11748266740445e-17
6.81249999999999e-08 -0.000927957206221279 0.000874066127082573 274814.274158454 267221.39826756 1.22877693621977e-16 4.09592312073257e-17
6.8744318181818e-08 -0.000728305695728519 0.00100402816125999 322373.081162621 209846.954268128 1.23739071499676e-16 4.12463571665586e-17
6.93636363636362e-08 -0.000505524153953143 0.0010943405849718 359720.654609781 145825.564892454 1.2600034060694e-16 4.20001135356467e-17
6.99829545454544e-08 -0.00026666923198728 0.00114214273364793 385674.002440294 77185.1207981625 1.29377265063577e-16 4.31257550211924e-17
7.06022727272726e-08 -1.93067085418499e-05 0.00114592046441115 399411.047031153 6099.82214978259 1.33445373897869e-16 4.44817912992896e-17
7.12215909090907e-08 0.00022872815764801 0.00110555411686363 400496.664673535 -65178.6896180148 1.37693315987774e-16 4.58977719959248e-17
7.18409090909089e-08 0.000469578811252642 0.00102232230335465 388896.468205646 -134392.653005318 1.41587135620082e-16 4.71957118733607e-17
7.24602272727271e-08 0.000695616258351572 0.000898861408671839 364977.896233133 -199349.701506197 1.44637389390225e-16 4.82124631300751e-17
7.30795454545453e-08 0.000899680716382826 0.000739082082011502 329498.574435787 -257992.307268067 1.46460668016052e-16 4.88202226720174e-17
7.36988636363635e-08 0.00107530840172611 0.000548045366362178 283582.317618522 -308462.953709 1.46827789927185e-16 4.89425966423951e-17
7.43181818181816e-08 0.00121693627137658 0.000331802388928483 228683.532646619 -349162.972736975 1.45692608816131e-16 4.85642029387103e-17
7.49374999999998e-08 0.00132007823347454 9.72026904340868e-05 166541.149809551 -378803.182890034 1.43197814113901e-16 4.77326047046336e-17
7.5556818181818e-08 0.00138146724518654 -0.000148322735487514 99123.5418469084 -396444.724423869 1.39656995284841e-16 4.65523317616136e-17
7.61761363636362e-08 0.00139915879695812 -0.000396996820542566 28566.1753375956 -401528.797887057 1.35515224414024e-16 4.51717414713413e-17
7.67954545454544e-08 0.0013725925052533 -0.000640942762012571 -42896.0306426516 -393894.364208448 1.31293111757541e-16 4.3764370585847e-17
7.74147727272725e-08 0.00130260986281819 -0.000872433522098184 -112999.496042013 -373783.245642825 1.27521366333321e-16 4.2507122111107e-17
7.80340909090907e-08 0.00119142758422544 -0.00108413658342854 -179523.679195637 -341832.466001314 1.24674087122804e-16 4.15580290409348e-17
7.86534090909089e-08 0.00104256739098484 -0.00126934620805499 -240361.412938941 -299054.072791327 1.23109170012844e-16 4.10363900042812e-17
7.92727272727271e-08 0.000860744460291224 -0.00142219584307787 -293585.649560338 -246803.080403909 1.23023321176423e-16 4.10077737254744e-17
7.98920454545453e-08 0.000651718070818336 -0.00153784394491452 -337510.500433287 -186734.549754598 1.24427331597909e-16 4.1475777199303e-17
8.05113636363634e-08 0.000422109176383998 -0.00161262733618668 -370744.636884804 -120751.163888994 1.27144720673259e-16 4.23815735577531e-17
8.11306818181816e-08 0.000179190685878057 -0.00164417723761628 -392235.360816931 -50942.9601065084 1.30833919381265e-16 4.36113064604216e-17
8.17499999999998e-08 -6.93429076204531e-05 -0.0016314942995956 -401301.949135209 20478.8724003635 1.35031204656587e-16 4.50104015521957e-17
8.2369318181818e-08 -0.000315619251491943 -0.00157498025679136 -397657.215792497 91252.0324178633 1.39208988221113e-16 4.64029960737044e-17
8.29886363636361e-08 -0.000551837491962367 -0.00147642520311661 -381416.608466006 159134.765566562 1.42842133113079e-16 4.76140443710264e-17
8.36079545454543e-08 -0.000770515367748712 -0.00133895089013842 -353094.55172841 221976.872331757 1.45473962091851e-16 4.84913206972837e-17
8.42272727272725e-08 -0.000964726212221891 -0.00116691184495578 -313588.152543849 277787.816074719 1.46773660826709e-16 4.8924553608903e-17
8.48465909090907e-08 -0.00112831835699487 -0.000965757439659407 -264148.784220588 324799.773689558 1.46577860432144e-16 4.88592868107148e-17
8.54659090909089e-08 -0.00125610998728229 -0.000741859281351524 -206342.44890446 361523.631763187 1.44911172528823e-16 4.83037241762743e-17
8.6085227272727e-08 -0.00134405327694808 -0.000502309390182265 -142000.174139264 386796.154548528 1.41983095624324e-16 4.73276985414415e-17
8.67045454545452e-08 -0.00138936260422969 -0.000254695558154808 -73160.0146932421 399816.829695711 1.38161681673875e-16 4.60538938912918e-17
8.73238636363634e-08 -0.00139060278687954 -6.8610042552397e-06 -2002.49675570917 400173.224645175 1.33927272868636e-16 4.46424242895455e-17
8.79431818181816e-08 -0.00134773454185746 0.00023334406111972 69218.4506778473 387854.050513696 1.29812123821731e-16 4.32707079405769e-17
8.85624999999998e-08 -0.00126211572962911 0.000458311093189364 138246.889469625 363249.519672086 1.2633349849246e-16 4.21111661641534e-17
8.91818181818179e-08 -0.0011364583436568 0.000660914215007623 202896.329643364 327138.985688198 1.23928651398278e-16 4.13095504660926e-17
8.98011363636361e-08 -0.000974742607449573 0.000834735931078892 261118.986903417 280666.2571426 1.22899865813805e-16 4.09666219379349e-17
9.04204545454543e-08 -0.000782090900166069 0.000974270402845925 311070.646622905 225303.36725686 1.2337645751804e-16 4.11254858393467e-17
9.10397727272725e-08 -0.000564605504202618 0.00107509784725696 351169.079720802 162803.946938916 1.25298520123853e-16 4.17661733746177e-17
9.16590909090907e-08 -0.000329175314144996 0.00113402453430164 380144.160093041 95147.6781638974 1.28424455161255e-16 4.28081517204183e-17
9.22784090909088e-08 -8.32576296175364e-05 0.00114918394906508 397078.096117733 24477.5871409578 1.32361340401782e-16 4.4120446800594e-17
9.2897727272727e-08 0.000165358056214102 0.00112009591397108 401434.501893287 -46967.8364820454 1.36614319201453e-16 4.55381064004843e-17
9.35170454545452e-08 0.000408796790438816 0.00104768179850556 393075.387372015 -116925.544237905 1.40648802745216e-16 4.68829342484052e-17
9.41363636363634e-08 0.00063934760115093 0.000934235334648792 372265.529223231 -183179.611365063 1.43957666526084e-16 4.79858888420279e-17
9.47556818181815e-08 0.00084970774406904 0.00078334996244384 339664.083977866 -243631.426679555 1.4612499462933e-16 4.87083315431099e-17
9.53749999999997e-08 0.00103321401846101 0.000599805007045167 296303.709109977 -296366.166515288 1.46878359324387e-16 4.89594531081288e-17
9.59943181818179e-08 0.00118405382539572 0.000389414292612742 243557.853399152 -339713.447156944 1.46123064550304e-16 4.87076881834347e-17
9.66136363636361e-08 0.00129744928300798 0.000158841988237691 183097.252658335 -372300.234587239 1.43954048974147e-16 4.79846829913822e-17
9.72329545454543e-08 0.00136980856688801 -8.46084809823937e-05 116837.008833803 -393094.335621421 1.40643952437612e-16 4.6881317479204e-17
9.78522727272724e-08 0.00139883968185725 -0.000333225771433447 46875.9287576789 -401437.092838399 1.36608845809737e-16 4.5536281936579e-17
9.84715909090906e-08 0.00138362306138646 -0.000579134879377718 -24569.955989543 -397064.247689832 1.32355931917625e-16 4.41186439725416e-17
9.90909090909088e-08 0.00132464069505432 -0.000814546583314581 -95237.5823344511 -380114.310943926 1.2841979141761e-16 4.28065971392032e-17
9.9710227272727e-08 0.00122376086142863 -0.00103200416917137 -162888.538698371 -351124.175328401 1.2529518734165e-16 4.17650624472168e-17
1.00329545454545e-07 0.00108417894995885 -0.00122461962325316 -225379.967143861 -311012.109343071 1.2337487461968e-16 4.112495820656e-17
1.00948863636363e-07 0.000910316246359081 -0.00138629181149123 -280732.438839994 -261048.67091651 1.22900231765659e-16 4.09667439218863e-17
1.01568181818182e-07 0.000707679887474951 -0.0015118997341178 -327192.652877127 -202816.462222713 1.23930920201112e-16 4.1310306733704e-17
1.021875e-07 0.000482688421592953 -0.00159746473438545 -363288.972433318 -138160.000432182 1.26337384963424e-16 4.21124616544745e-17
1.02806818181818e-07 0.00024246849960518 -0.0016402765233368 -387878.039172917 -69127.2922517188 1.29817139441128e-16 4.32723798137092e-17
1.03426136363636e-07 -5.37086312139747e-06 -0.00163897902876383 -400180.989356676 2095.03710865235 1.33932787185634e-16 4.46442623952112e-17
1.04045454545454e-07 -0.000252979303869477 -0.00159361334907362 -399808.124510661 73251.005738314 1.38167001552596e-16 4.60556671841986e-17
1.04664772727272e-07 -0.000492513774422853 -0.00150561645148788 -386771.255205451 142086.733716423 1.41987552369297e-16 4.73291841230991e-17
1.05284090909091e-07 -0.000716386971229523 -0.00137777565581104 -361483.326953889 206421.835221322 1.44914205938334e-16 4.8304735312778e-17
1.05903409090909e-07 -0.000917507664800032 -0.00121414034550298 -324745.340077152 264218.482699261 1.46579089214193e-16 4.88596964047309e-17
1.06522727272727e-07 -0.00108950531585799 -0.00101989370262623 -277720.977855058 313645.955470707 1.4677293052646e-16 4.89243101754865e-17
1.07142045454545e-07 -0.0012269318634801 -0.00080118852948963 -221899.746619176 353138.628183872 1.45471364506222e-16 4.84904548354072e-17
1.07761363636363e-07 -0.00132543429354481 -0.000564952357371431 -159049.795333848 381445.562319293 1.42837994752097e-16 4.76126649173656e-17
1.08380681818181e-07 -0.00138189252134873 -0.000318668015543277 -91161.9091145887 397670.129924359 1.3920382926642e-16 4.64012764221399e-17
1.09e-07 -0.0013945182209304 -7.01366111161327e-05 -20386.45070067 401298.414487867 1.35025673575905e-16 4.50085578586351e-17
