0 -0.00139 0 0 400000 1.33808e-16 4.46026666666667e-17
2.25206611570248e-10 -0.0013841700053853 8.97053373526766e-05 25887.3155368541 398324.617235738 1.33249898374364e-16 4.44166327914545e-17
4.50413223140496e-10 -0.00137253443483712 0.000178657640489773 51666.2031680496 394980.868975732 1.32703484712962e-16 4.42344949043206e-17
6.75619834710744e-10 -0.00135514202344134 0.000266484336522497 77228.6891335386 389982.760365488 1.32177903950271e-16 4.40593013167571e-17
9.00826446280992e-10 -0.00133206561856367 0.000352817567118909 102467.706062325 383351.225767556 1.31681952355449e-16 4.3893984118483e-17
1.12603305785124e-09 -0.00130340187473158 0.0004372957292627 127277.541419537 375114.041078849 1.3122393031547e-16 4.37413101051565e-17
1.35123966942149e-09 -0.00126927084880102 0.000519564989811838 151554.280278818 365305.707392503 1.30811503417489e-16 4.36038344724962e-17
1.57644628099174e-09 -0.00122981549710342 0.000599280767513442 175196.240565527 353967.306491527 1.30451574155394e-16 4.3483858051798e-17
1.80165289256198e-09 -0.00118520107667924 0.00067610917626751 198104.398947718 341146.328779531 1.30150166407706e-16 4.33833888025687e-17
2.02685950413223e-09 -0.00113561445310604 0.000749728423594461 220182.805591106 326896.474369214 1.29912324620232e-16 4.3304108206744e-17
2.25206611570248e-09 -0.00108126331781999 0.000819830158449071 241338.986040808 311277.428161757 1.29742029380786e-16 4.32473431269285e-17
2.47727272727273e-09 -0.00102237531820928 0.000886120762735541 261484.328546618 294354.609859185 1.29642130798939e-16 4.32140435996463e-17
2.70247933884298e-09 -0.000959197104122844 0.000948322581114234 280534.455209499 276198.899956766 1.29614300805776e-16 4.32047669352586e-17
2.92768595041322e-09 -0.000891993294788069 0.00100617508394911 298409.57539478 256886.342863107 1.29659005171979e-16 4.32196683906596e-17
3.15289256198347e-09 -0.000821045370464587 0.00105943595852486 315034.819931795 236497.828391431 1.29775495712558e-16 4.32584985708525e-17
3.37809917355372e-09 -0.000746650493476326 0.00110788212396332 330340.554700169 215118.752956075 1.29961822808687e-16 4.33206076028958e-17
3.60330578512397e-09 -0.000669120263559924 0.00115131066558805 344262.67228934 192838.661893288 1.30214868037082e-16 4.34049560123608e-17
3.82851239669422e-09 -0.000588779412742662 0.00118953968482376 356742.860509681 169750.874404453 1.30530396360816e-16 4.3510132120272e-17
4.05371900826446e-09 -0.00050596444521635 0.00122240906107065 367728.846630593 145952.092692629 1.30903127008103e-16 4.36343756693678e-17
4.27892561983471e-09 -0.000421022227904032 0.00124978112236264 377174.616322589 121541.996929542 1.31326821852801e-16 4.37756072842669e-17
4.50413223140496e-09 -0.000334308537622814 0.00127154122200043 385040.606386325 96622.8277494808 1.31794389817458e-16 4.3931463272486e-17
4.72933884297521e-09 -0.000246186570928004 0.00128759821874434 391293.87046136 71298.9580188055 1.32298005551609e-16 4.40993351838696e-17
4.95454545454545e-09 -0.000157025422879984 0.00129788485855537 395908.217020564 45676.4556746938 1.32829240399062e-16 4.42764134663541e-17
5.1797520661157e-09 -6.71985411054588e-05 0.00130235805628594 398864.319072204 19862.6394641574 1.3337920346229e-16 4.44597344874301e-17
5.40495867768595e-09 2.29178383718411e-05 0.00130099907614008 400149.795110212 -6034.3705559066 1.33938690403018e-16 4.46462301343394e-17
5.6301652892562e-09 0.000112946266979531 0.00129381361014759 399759.260973595 -31906.1058749142 1.34498337488648e-16 4.48327791628826e-17
5.85537190082644e-09 0.000202509664523653 0.00128083175432316 397694.352397754 -57644.203844278 1.3504877830635e-16 4.50162594354501e-17
6.08057851239669e-09 0.000291232898572823 0.00126210788261052 393963.718163285 -83140.8615496911 1.35580800522016e-16 4.51936001740055e-17
6.30578512396694e-09 0.000378744355684251 0.00123772041913955 388582.983870929 -108289.287338989 1.36085500060499e-16 4.53618333534998e-17
6.53099173553719e-09 0.000464677497890638 0.00120777150975015 381574.686494415 -132984.148114381 1.36554430126751e-16 4.55181433755835e-17
6.75619834710743e-09 0.000548672397928655 0.00117238659415883 372968.179985323 -157122.010515597 1.36979742573784e-16 4.56599141912614e-17
6.98140495867768e-09 0.000630377246778778 0.00113171388055982 362799.512325318 -180601.774146053 1.37354319251497e-16 4.57847730838325e-17
7.20661157024793e-09 0.000709449827202207 0.00108592372486148 351111.274540731 -203325.09502751 1.37671891138056e-16 4.58906303793519e-17
7.43181818181818e-09 0.000785558947103024 0.00103520791715787 337952.422311886 -225196.79750959 1.37927143260026e-16 4.59757144200085e-17
7.65702479338842e-09 0.000858385826712018 0.000979778878424262 323378.070924337 -246125.272908884 1.38115803645282e-16 4.6038601215094e-17
7.88223140495867e-09 0.000927625433782007 0.000919868770800978 307449.26442087 -266022.863207976 1.38234714819948e-16 4.60782382733161e-17
8.10743801652892e-09 0.000992987761202269 0.000855728525192316 290232.719921165 -284806.228207272 1.38281886652779e-16 4.6093962217593e-17
8.33264462809917e-09 0.00105419904168082 0.000787626790253245 271800.548180007 -302396.694591836 1.38256529662561e-16 4.60855098875203e-17
8.55785123966942e-09 0.00111100289440694 0.0007158488071661 252229.951554506 -318720.585451179 1.38159068231095e-16 4.60530227436983e-17
8.78305785123967e-09 0.00116316139889112 0.000640695214920173 231602.900645342 -333709.52887182 1.37991133500624e-16 4.59970445002079e-17
9.00826446280992e-09 0.0012104560914848 0.000562480791098269 210005.790966443 -347300.744310108 1.37755536074569e-16 4.59185120248563e-17
9.23347107438016e-09 0.00125268888040596 0.000481533133444356 187529.081081093 -359437.305545814 1.37456218978473e-16 4.58187396594911e-17
9.45867768595041e-09 0.00128968287543797 0.000398191287734537 164266.91372014 -370068.37911516 1.37098191668405e-16 4.56993972228016e-17
9.68388429752066e-09 0.0013212831288267 0.000312804327698421 140316.721469224 -379149.437224587 1.36687446191273e-16 4.55624820637577e-17
9.90909090909091e-09 0.00134735728427246 0.000225729892938852 115778.81867659 -386642.4442535 1.36230856900228e-16 4.54102856334095e-17
1.01342975206612e-08 0.00136779613129869 0.00013733269097384 90755.9812907632 -392516.016064827 1.35736065403533e-16 4.52453551345109e-17
1.03595041322314e-08 0.00138251406267531 4.79829696748365e-05 65353.0163879156 -396745.551456125 1.35211352672428e-16 4.50704508908094e-17
1.05847107438017e-08 0.00139144943298093 -4.19450335005176e-05 39676.3231919459 -399313.335200655 1.34665500448449e-16 4.48885001494829e-17
1.08099173553719e-08 0.00139456481680206 -0.000132074658985861 13833.4474259136 -400208.612246848 1.34107644269694e-16 4.47025480898981e-17
1.10351239669422e-08 0.00139184716548779 -0.000222028402728476 -12067.369138588 -399427.632765372 1.33547120575866e-16 4.4515706858622e-17
1.12603305785124e-08 0.00138330786180355 -0.000311429497348744 -37917.6420474276 -396973.667855134 1.32993310450957e-16 4.43311034836524e-17
1.14855371900826e-08 0.00136898267225488 -0.000399903490214082 -63609.098546398 -392856.99584242 1.32455482618761e-16 4.4151827539587e-17
1.17107438016529e-08 0.00134893159728093 -0.000487079811817661 -89034.1310769813 -387094.859230571 1.31942638318874e-16 4.39808794396248e-17
1.19359504132231e-08 0.00132323861994525 -0.000572593327892815 -114086.247985971 -379711.3924805 1.31463360659389e-16 4.38211202197963e-17
1.21611570247934e-08 0.00129201135417631 -0.000656085868762185 -138660.519561173 -370737.520924539 1.31025670967555e-16 4.36752236558517e-17
1.23863636363636e-08 0.00125538059403122 -0.000737207729515977 -162654.017524985 -360210.831237024 1.30636894542565e-16 4.35456315141884e-17
1.26115702479339e-08 0.00121349976587045 -0.000815619134735913 -185966.246145048 -348175.414004121 1.30303538057264e-16 4.34345126857546e-17
1.28367768595041e-08 0.00116654428573815 -0.000890991661629926 -208499.563156297 -334681.679052313 1.30031180660619e-16 4.33437268868731e-17
1.30619834710744e-08 0.00111471082463955 -0.000963009615616872 -230159.588731375 -319786.144309008 1.298243806035e-16 4.32747935345e-17
1.32871900826446e-08 0.00105821648479301 -0.00103137135259968 -250855.600786478 -303551.199079642 1.2968659895049e-16 4.322886631683e-17
1.35123966942149e-08 0.000997297890306664 -0.00109579054238867 -270500.914966891 -286044.842732753 1.29620141654529e-16 4.32067138848431e-17
1.37376033057851e-08 0.000932210196088579 -0.00115599736798318 -289013.247720673 -267340.399887562 1.29626120963829e-16 4.32087069879428e-17
1.39628099173554e-08 0.0008632260191414 -0.00121173965568849 -306315.060939768 -247516.213296966 1.29704436806966e-16 4.32348122689886e-17
1.41880165289256e-08 0.000790634296717787 -0.00126278393133444 -322333.886725032 -226655.315712288 1.29853778467712e-16 4.32845928225708e-17
1.44132231404959e-08 0.000714739076119182 -0.00130891639817195 -337002.630914906 -204845.082104177 1.3007164652155e-16 4.33572155071833e-17
1.46384297520661e-08 0.000635858241206787 -0.0013499438323515 -350259.854106415 -182176.863696314 1.30354394666753e-16 4.34514648889176e-17
1.48636363636364e-08 0.000554322180958709 -0.00138569439223285 -362050.028991467 -158745.605344741 1.30697290749929e-16 4.35657635833095e-17
1.50888429752066e-08 0.000470472405649961 -0.00141601833813643 -372323.772930588 -134649.447865426 1.31094595964686e-16 4.36981986548952e-17
1.53140495867769e-08 0.000384660116451392 -0.00144078865952145 -381038.054789976 -109989.316975683 1.31539660897928e-16 4.38465536326425e-17
1.55392561983471e-08 0.000297244734438715 -0.00145990160696413 -388156.375175558 -84868.5005711547 1.32025036816323e-16 4.40083456054412e-17
1.57644628099174e-08 0.000208592395172818 -0.00147327712670766 -393648.91930912 -59392.2161089126 1.32542600330428e-16 4.41808667768092e-17
1.59896694214876e-08 0.000119074415156745 -0.00148085919596395 -397492.681906232 -33667.1699086702 1.33083689350036e-16 4.43612297833453e-17
1.62148760330579e-08 2.90657365925223e-05 -0.00148261605756263 -399671.563532878 -7801.11021796155 1.33639248055392e-16 4.4546416018464e-17
1.64400826446281e-08 -6.10566430480988e-05 -0.00147854035296458 -400176.438037254 18097.6240867503 1.34199978457962e-16 4.47333261526541e-17
1.66652892561984e-08 -0.000150915250061308 -0.0014686491530829 -399005.190774251 43920.5572727895 1.34756496014218e-16 4.49188320047393e-17
1.68904958677686e-08 -0.00024013371554358 -0.00145298388678208 -396162.727462563 69559.5310971997 1.35299486688024e-16 4.5099828896008e-17
1.71157024793389e-08 -0.000328338351796606 -0.00143161016735503 -391660.953637291 94907.1578228841 1.35819862832998e-16 4.52732876109994e-17
1.73409090909091e-08 -0.000415159717502121 -0.00140461751770457 -385518.724784123 119857.270007515 1.36308915285947e-16 4.54363050953155e-17
1.75661157024794e-08 -0.000500234165110944 -0.00137211899538069 -377761.767363947 144305.36518129 1.36758459125895e-16 4.55861530419649e-17
1.77913223140496e-08 -0.000583205363965067 -0.00133425071904378 -368422.571058675 168149.043551027 1.37160970659255e-16 4.57203235530851e-17
1.80165289256199e-08 -0.000663725792773264 -0.00129117129833758 -357540.252689611 191288.436897284 1.37509713338503e-16 4.58365711128343e-17
1.82417355371901e-08 -0.000741458195189046 -0.00124306116955943 -345160.392378332 213626.626868089 1.3779885050695e-16 4.59329501689834e-17
1.84669421487603e-08 -0.000816076992394331 -0.0011901218399107 -331334.842636312 235070.050917289 1.38023543082695e-16 4.60078476942317e-17
1.86921487603306e-08 -0.0008872696467723 -0.0011325750434925 -316121.511182911 255528.894187237 1.38180030546871e-16 4.60600101822904e-17
1.89173553719008e-08 -0.000954737970957737 -0.00107066181258198 -299584.11840139 274917.465694455 1.38265693880762e-16 4.60885646269206e-17
1.91425619834711e-08 -0.00101819937678196 -0.00100464146807899 -281791.930448828 293154.557242625 1.38279099398442e-16 4.6093033132814e-17
1.93677685950413e-08 -0.00107738805888117 -0.000934790533351717 -262819.469137812 310163.783559623 1.38220022741355e-16 4.60733409137849e-17
1.95929752066116e-08 -0.00113205610801082 -0.000861401576030439 -242746.199805031 325873.902233935 1.38089452633239e-16 4.60298175444129e-17
1.98181818181818e-08 -0.00118197454940272 -0.000784781982600609 -221656.198474141 340219.112110434 1.37889574332566e-16 4.59631914441888e-17
2.00433884297521e-08 -0.00122693430181607 -0.000705252670927822 -199637.799706963 353139.328895678 1.37623733059438e-16 4.58745776864792e-17
2.02685950413223e-08 -0.00126674705326516 -0.000623146746107153 -176783.226617975 364580.436818385 1.37296378009024e-16 4.57654593363413e-17
2.04938016528926e-08 -0.00130124604975605 -0.000538808105266822 -153188.204601771 374494.51529101 1.36912987888572e-16 4.56376626295239e-17
2.07190082644628e-08 -0.00133028679372849 -0.000452589997169893 -128951.560391372 382840.039623063 1.36479979224201e-16 4.5493326408067e-17
2.09442148760331e-08 -0.00135374764927769 -0.000364853542647046 -104174.808126712 389582.054945482 1.36004598972097e-16 4.53348663240322e-17
2.11694214876033e-08 -0.00137153035162109 -0.000275966222057546 -78961.7241670378 394692.322617597 1.3549480323139e-16 4.51649344104634e-17
2.13946280991736e-08 -0.00138356041867618 -0.000186300336113585 -53417.9124280989 398149.438503463 1.3495912408862e-16 4.49863746962068e-17
2.16198347107438e-08 -0.00138978746302546 -9.62314465147934e-05 -27650.3620646979 399938.922622155 1.34406526822306e-16 4.48021756074353e-17
2.18450413223141e-08 -0.001390185402962 -6.13680292424766e-06 -1766.99935122486 400053.279796552 1.33846259857494e-16 4.46154199524979e-17
2.20702479338843e-08 -0.00138475257173151 8.3606237125493e-05 24123.7643628919 398492.031046555 1.33287699981487e-16 4.44292333271624e-17
2.22954545454546e-08 -0.00137351172451351 0.000172621788778149 49913.486729452 395261.71559528 1.32740195411265e-16 4.42467318037551e-17
2.25206611570248e-08 -0.00135650994311222 0.000260537014231245 75494.1486075852 390375.863479803 1.32212909339064e-16 4.40709697796881e-17
2.27458677685951e-08 -0.00133381843875643 0.000346983684351181 100758.606497269 383854.938881182 1.31714666574587e-16 4.39048888581956e-17
2.29710743801653e-08 -0.00130553225383438 0.000431599720985089 125601.041305262 375726.254411115 1.31253805850475e-16 4.37512686168248e-17
2.31962809917356e-08 -0.00127176986381277 0.000514030713509578 149917.401563814 366023.856714246 1.30838040262908e-16 4.3612680087636e-17
2.34214876033058e-08 -0.00123267268100743 0.000593931403264357 173605.839245759 354788.383865257 1.30474328183034e-16 4.3491442727678e-17
2.36466942148761e-08 -0.00118840446228385 0.000670967129653256 196567.136350585 342066.895158049 1.30168756799687e-16 4.33895855998958e-17
2.38719008264463e-08 -0.00113915062316866 0.000744815231855715 218705.120474756 327912.67399991 1.29926440242466e-16 4.33088134141552e-17
2.40971074380166e-08 -0.0010851174612447 0.000815166400277725 239927.067625679 312385.004736264 1.29751433990203e-16 4.32504779967342e-17
2.43223140495868e-08 -0.00102653129208242 0.000881725972081736 260144.090592152 295548.924340747 1.29646666997321e-16 4.32155556657735e-17
2.45475206611571e-08 -0.000963637501326913 0.000944215165369256 279271.511244619 277474.950010638 1.29613892674016e-16 4.32046308913386e-17
2.47727272727273e-08 -0.000896699516910716 0.00100237224684682 297229.215205864 258238.783808624 1.29653659540686e-16 4.3217886513562e-17
2.49979338842976e-08 -0.000825997705697239 0.0010559536280846 313941.987406633 237920.995587967 1.29765302047738e-16 4.32551006825795e-17
2.52231404958678e-08 -0.000751828199176254 0.00110473488577609 329339.827120703 216606.685529151 1.29946951714416e-16 4.33156505714719e-17
2.5448347107438e-08 -0.00067450165312991 0.00114851170172538 343358.241159916 194385.127701436 1.30195568400223e-16 4.33985228000742e-17
2.56735537190083e-08 -0.00059434194646437 0.00118710071862519 355938.514001113 171349.396142271 1.30506991185581e-16 4.35023303951936e-17
2.58987603305785e-08 -0.000511684824656974 0.001220340308041 367027.953713574 147595.975020699 1.30876008010164e-16 4.36253360033878e-17
2.61239669421488e-08 -0.000426876493500771 0.00124809124738484 376580.1126569 123224.354517565 1.3129644290342e-16 4.37654809678067e-17
2.6349173553719e-08 -0.000340272169036474 0.00127023730304301 384554.982024954 98336.6141151924 1.31761259347376e-16 4.39204197824585e-17
2.65743801652893e-08 -0.000252234589745377 0.00128668571721566 390919.159421018 73036.9950418582 1.32262678041797e-16 4.40875593472655e-17
2.67995867768595e-08 -0.000163132497234859 0.00129736759642877 395645.988762299 47431.4636619075 1.32792307100774e-16 4.42641023669247e-17
2.70247933884298e-08 -7.33390917800501e-05 0.00130223820009155 398715.671927775 21627.2676401997 1.33341282501713e-16 4.44470941672376e-17
2.725e-08 1.67695308094417e-05 0.00130127712789041 400115.35168178 -4267.51326011421 1.33900416436135e-16 4.46334721453783e-17
2.74752066115703e-08 0.000106815954450622 0.00129448840523485 399839.165525974 -30144.4198650225 1.34460351079456e-16 4.48201170264855e-17
2.77004132231405e-08 0.000196423023578111 0.00128190046639721 397888.270254171 -55895.0678662295 1.35011715206201e-16 4.50039050687338e-17
2.79256198347108e-08 0.000285215422843978 0.00126356603541689 394270.837107154 -81411.6017841608 1.35545281029497e-16 4.51817603431656e-17
2.8150826446281e-08 0.000372821249109905 0.00123956190526804 389002.017547786 -106587.146715992 1.36052118639941e-16 4.53507062133135e-17
2.83760330578513e-08 0.000458873569147454 0.00120998861621547 382103.879799761 -131316.255976573 1.36523745459103e-16 4.55079151530344e-17
2.86012396694215e-08 0.000543011956522087 0.00117497003470607 373605.316415801 -155495.352757328 1.36952268206375e-16 4.56507560687915e-17
2.88264462809918e-08 0.000624884001223753 0.00113465283455957 363541.923262443 -179023.163953252 1.37330515003154e-16 4.57768383343848e-17
2.9051652892562e-08 0.000704146785721032 0.00108920588263155 351955.850428283 -201801.144340949 1.37652155403451e-16 4.58840518011504e-17
2.92768595041323e-08 0.000780468321256438 0.00103881953152187 338895.625680152 -223733.889331054 1.37911806342028e-16 4.59706021140094e-17
2.95020661157025e-08 0.000853528938367027 0.000983704822291043 324415.951206651 -244729.534566242 1.38105122226914e-16 4.60350407423046e-17
2.97272727272728e-08 0.000923022625806165 0.000924092600523824 308577.474500392 -264700.140691135 1.38228867668466e-16 4.60762892228221e-17
2.9952479338843e-08 0.00098865831225845 0.000860232549442435 291446.534338589 -283562.061682499 1.38280971627774e-16 4.60936572092579e-17
3.01776859504133e-08 0.00105016108547938 0.000792392144119142 273094.88292595 -301236.295197009 1.38260562078151e-16 4.60868540260502e-17
3.04028925619835e-08 0.00110727334375342 0.000720855531168442 253599.385363655 -317648.813469162 1.38167980599626e-16 4.60559935332085e-17
3.06280991735538e-08 0.00115975587484774 0.000645922338611214 233041.697703196 -332730.873373379 1.3800477666216e-16 4.60015922207201e-17
3.0853305785124e-08 0.00120738885794227 0.000567906420895661 211507.924933522 -346419.304351628 1.37773681693279e-16 4.59245605644262e-17
3.10785123966942e-08 0.0012499727843398 0.000487134544331481 189088.260334002 -358656.773000581 1.3747856336412e-16 4.58261877880399e-17
3.13037190082645e-08 0.00128732929309954 0.000403945018443255 165876.607703762 -369392.023210106 1.37124360858993e-16 4.57081202863311e-17
3.15289256198347e-08 0.00131930191809419 0.000318686278975583 141970.188049669 -378580.090847277 1.36717002211786e-16 4.55723340705952e-17
3.1754132231405e-08 0.00134575674336166 0.000231715428484982 117469.132380334 -386182.492086702 1.36263305092698e-16 4.54211016975659e-17
3.19793388429752e-08 0.00136658296400624 0.000143396740631216 92476.0623116908 -392167.384598374 1.35770862705779e-16 4.52569542352597e-17
3.22045454545455e-08 0.00138169335030014 5.41001344327659e-05 67095.6602407885 -396509.700917891 1.35247916706903e-16 4.50826389023009e-17
3.24297520661157e-08 0.00139102461304146 -3.58003751230395e-05 41434.2308880758 -399191.253440457 1.34703219269069e-16 4.49010730896896e-17
3.2654958677686e-08 0.00139453766863829 -0.000125928243625679 15599.2560446623 -400200.810598878 1.34145886603548e-16 4.4715295534516e-17
3.28801652892562e-08 0.00139221780280865 -0.000215905974381481 -10301.0556105326 -399534.143906497 1.33585246388375e-16 4.45284154627917e-17
3.31053719008264e-08 0.00138407473221059 -0.000305356699542256 -36158.2217381684 -397194.045668028 1.33030681657678e-16 4.43435605525593e-17
3.33305785123967e-08 0.00137014256374444 -0.000393905758600041 -61863.9407120881 -393190.31728411 1.32491473764547e-16 4.41638245881823e-17
3.35557851239669e-08 0.00135047965169749 -0.000481182267636494 -87310.5452360119 -387539.728198562 1.31976647045671e-16 4.39922156818903e-17
3.37809917355372e-08 0.00132516835332958 -0.000566820672754203 -112391.453303369 -380265.945660287 1.3149481778747e-16 4.38316059291566e-17
3.40061983471074e-08 0.00129431468392328 -0.000650462281183436 -137001.614611439 -371399.435594025 1.31054050021476e-16 4.36846833404921e-17
3.42314049586777e-08 0.00125804787274344 -0.000731756763651349 -161037.950560019 -360977.334995136 1.30661720562407e-16 4.35539068541357e-17
3.44566115702479e-08 0.00121651982176597 -0.000810363621721051 -184399.785991699 -349043.296382897 1.30324395547696e-16 4.34414651825654e-17
3.46818181818182e-08 0.00116990446944298 -0.000885953613954636 -206989.270865418 -335647.304963806 1.30047720544749e-16 4.3349240181583e-17
3.49070247933884e-08 0.00111839706216903 -0.000958210134926755 -228711.79009715 -320845.469270697 1.29836326065121e-16 4.32787753550403e-17
3.51322314049587e-08 0.00106221333650009 -0.00102683054131281 -249476.359851101 -304699.786154569 1.29693750066958e-16 4.32312500223194e-17
3.53574380165289e-08 0.00100158861555018 -0.00109152741949745 -269196.00862159 -287277.881113447 1.29622378742726e-16 4.32074595809085e-17
3.55826446280991e-08 0.000936776823350741 -0.00115202978939415 -287788.141509446 -268652.725045898 1.29623406583208e-16 4.32078021944028e-17
3.58078512396694e-08 0.000868049421300692 -0.0012080842394336 -305174.886167193 -248902.328615563 1.29696816386175e-16 4.32322721287252e-17
3.60330578512396e-08 0.000795694271162101 -0.00125945598796717 -321283.418964015 -228109.415506862 1.29841379544282e-16 4.32804598480939e-17
3.62582644628099e-08 0.00072001442936359 -0.0013059298666397 -336046.270004399 -206361.075940395 1.30054676607389e-16 4.33515588691296e-17
3.64834710743801e-08 0.000641326877661536 -0.00134731122161289 -349401.605722883 -183748.401899315 1.30333137775172e-16 4.34443792583907e-17
3.67086776859504e-08 0.000559961195475647 -0.00138342672886454 -361293.487871284 -160366.105594479 1.30672102642313e-16 4.35573675474376e-17
3.69338842975206e-08 0.000476258179459767 -0.00141412512014872 -371672.107813636 -136312.122766431 1.31065898196369e-16 4.3688632732123e-17
3.71590909090909e-08 0.000390568416089768 -0.0014392778165763 -380493.995147518 -111687.202485776 1.31507933762924e-16 4.38359779209748e-17
3.73842975206611e-08 0.00030325081324721 -0.00145877946716211 -387722.199777963 -86594.4851700375 1.31990811308991e-16 4.39969371029969e-17
3.76095041322314e-08 0.000214671096949141 -0.00147254839008299 -393326.446681333 -61139.0705844643 1.32506449258592e-16 4.41688164195307e-17
3.78347107438016e-08 0.000125200279520434 -0.00148052691479858 -397283.262710958 -35427.5776361906 1.3304621774832e-16 4.434873924944e-17
3.80599173553718e-08 3.52131056246485e-05 -0.00148268162360189 -399576.074913394 -9567.69780553889 1.33601083059181e-16 4.45336943530604e-17
3.82851239669421e-08 -5.49135173378402e-05 -0.00147900349158796 -400195.279943528 16332.2559151055 1.3416175880749e-16 4.47205862691635e-17
3.85103305785123e-08 -0.000144802097890251 -0.00146950792445422 -399138.28428777 42163.8026855957 1.34718861364427e-16 4.49062871214758e-17
3.87355371900826e-08 -0.000234076141586181 -0.00145423469397446 -396409.515126881 67818.7481853479 1.3526306690312e-16 4.50876889677066e-17
3.89607438016528e-08 -0.000322361727940369 -0.00143324777141643 -392020.40179291 93189.6377805914 1.35785267444861e-16 4.52617558149537e-17
3.91859504132231e-08 -0.00040928907657854 -0.00140663505960096 -385989.327897931 118170.206593471 1.36276723292833e-16 4.54255744309445e-17
3.94111570247933e-08 -0.000494494096046564 -0.00137450802472476 -378341.55433508 142655.824587911 1.3672920930216e-16 4.55764031007201e-17
3.96363636363636e-08 -0.000577619908791829 -0.00133700122948907 -369109.113474387 166543.934808011 1.3713515253827e-16 4.57117175127567e-17
3.98615702479338e-08 -0.000658318345929487 -0.0012942717694896 -358330.674996576 189734.482933437 1.37487759019684e-16 4.58292530065615e-17
4.0086776859504e-08 -0.000736251405532832 -0.00124649861522836 -346051.383926777 212130.336352631 1.37781127424024e-16 4.59270424746746e-17
4.03119834710743e-08 -0.000811092668339798 -0.00119388186250348 -332322.671546528 233637.690998569 1.38010347854218e-16 4.60034492847393e-17
4.05371900826445e-08 -0.00088252866494598 -0.00113664189431651 -317202.039976073 254166.464243055 1.38171584011941e-16 4.60571946706469e-17
4.07623966942148e-08 -0.000950260188757722 -0.00107501845780777 -300752.821329207 273630.672203926 1.38262137402989e-16 4.60873791343298e-17
4.0987603305785e-08 -0.00101400354920605 -0.00100926966008578 -283043.912449445 291948.789884837 1.38280492500052e-16 4.60934975000172e-17
4.12128099173553e-08 -0.00107349175997238 -0.000939670887156701 -264149.486338567 309044.092639198 1.38226342107002e-16 4.60754473690005e-17
4.14380165289255e-08 -0.00112847565724923 -0.000866513650481996 -244148.681486188 324844.977528048 1.38100592500221e-16 4.60335308334071e-17
4.16632231404958e-08 -0.00117872494335207 -0.000790104365995176 -223125.27040161 339285.263225878 1.37905348260902e-16 4.59684494203007e-17
4.1888429752066e-08 -0.00122402915131127 -0.000710763070691888 -201167.308736278 352304.467218268 1.37643877052175e-16 4.58812923507249e-17
4.21136363636363e-08 -0.00126419852640393 -0.000628822082168746 -178366.766466472 363848.059130283 1.37320554930569e-16 4.57735183101898e-17
4.23388429752065e-08 -0.00129906482093333 -0.000544624606725395 -154819.142681028 373867.689124605 1.36940793107089e-16 4.56469310356964e-17
4.25640495867767e-08 -0.00132848199892722 -0.000458523301859715 -130623.06558752 382321.390412743 1.36510947383643e-16 4.55036491278811e-17
4.2789256198347e-08 -0.00135232684780312 -0.000370878799177087 -105879.879412261 389173.755031117 1.36038211780538e-16 4.53460705935127e-17
4.30144628099172e-08 -0.00137049949443898 -0.000282058193900454 -80693.2199243792 394396.082145785 1.35530498135307e-16 4.51768327117689e-17
4.32396694214875e-08 -0.00138292382348742 -0.000192433507307794 -55168.5803618618 397966.498264654 1.34996303687946e-16 4.49987678959819e-17
4.34648760330577e-08 -0.00138954779618156 -0.000102380128537033 -29412.8695776768 399870.048853658 1.34444568868689e-16 4.48148562895631e-17
4.3690082644628e-08 -0.00139034366829721 -1.22752422848087e-05 -3533.96425664703 400098.760973178 1.33884527668425e-16 4.4628175889475e-17
4.39152892561982e-08 -0.0013853081063583 7.75037510153704e-05 22359.7429213955 398651.676672355 1.33325553095997e-16 4.44418510319989e-17
4.41404958677685e-08 -0.00137446220159904 0.000166580815918585 48159.7972796785 395534.85700143 1.3277700030886e-16 4.42590001029534e-17
4.43657024793387e-08 -0.00135785138162415 0.00025458285697676 73758.1364022297 390761.356625293 1.32248050042509e-16 4.40826833475029e-17
4.45909090909089e-08 -0.00133554522013737 0.000341141281432875 99047.54274865 384351.169144582 1.31747554959071e-16 4.39158516530237e-17
4.48161157024792e-08 -0.00130763714553492 0.00042589354305584 123922.092730161 376331.14335335 1.3128389148664e-16 4.37612971622134e-17
4.50413223140494e-08 -0.00127424404958472 0.000508484660649768 148277.600365994 366734.870784044 1.3086481962899e-16 4.36216065429967e-17
4.52665289256197e-08 -0.00123550579783029 0.000588568704877412 172012.053661879 355602.545010826 1.30497353091944e-16 4.34991176973145e-17
4.54917355371899e-08 -0.00119158464376989 0.000665810247170296 195026.041882888 342980.793300511 1.30187641899999e-16 4.33958806333329e-17
4.57169421487602e-08 -0.00114266454926477 0.000739885764656812 217223.171931016 328922.481316275 1.29940869467768e-16 4.33136231559227e-17
4.59421487603304e-08 -0.00108895041402282 0.000810484995223835 238510.472083514 313486.4916921 1.29761165848877e-16 4.32537219496255e-17
4.61673553719007e-08 -0.001030667217385 0.000877312237036208 258798.781400951 296737.4774054 1.29651538614211e-16 4.32171795380703e-17
4.63925619834709e-08 -0.000968059076009046 0.000940087587071143 278003.12317396 278745.590980812 1.29613822516356e-16 4.32046075054521e-17
4.66177685950412e-08 -0.000901388221397365 0.000998548113479967 296043.060844528 259586.190659366 1.29648648782655e-16 4.32162162608852e-17
4.68429752066114e-08 -0.000830933901551694 0.00105244895686684 312843.034911051 239339.524763743 1.29755434550809e-16 4.32518115169362e-17
4.70681818181816e-08 -0.000756991211354877 0.0011015643558718 328332.67940605 218090.39558163 1.29932392623822e-16 4.33107975412741e-17
4.72933884297519e-08 -0.000679869856578661 0.00114568859276245 342447.116620997 195927.804174996 1.30176561381047e-16 4.33921871270157e-17
4.75185950413221e-08 -0.000599892856694417 0.00118463685507386 355127.2288438 172944.577602976 1.30483854344703e-16 4.3494618114901e-17
4.77438016528924e-08 -0.000517395191920003 0.0012182460096876 366319.905970791 149236.980119734 1.30849128572335e-16 4.36163761907782e-17
4.79690082644626e-08 -0.000432722400169557 0.00124637528610777 375978.267956108 124904.309975785 1.31266270730558e-16 4.37554235768526e-17
4.81942148760329e-08 -0.000346229129782831 0.00126890686607215 384061.861166748 100048.483511548 1.31728299409548e-16 4.3909433136516e-17
4.84194214876031e-08 -0.0002582776540959 0.00128574637702893 390536.827820866 74773.6082851455 1.32227481965899e-16 4.40758273219664e-17
4.86446280991734e-08 -0.000169236354074909 0.00129682328741207 395376.047799633 49185.547022387 1.32755463938346e-16 4.42518213127819e-17
4.88698347107436e-08 -7.94781753682626e-05 0.00130209120205973 398559.252238686 23391.4742152983 1.33303408870401e-16 4.44344696234669e-17
4.90950413223139e-08 1.06209337601466e-05 0.00130152805653839 400073.108423395 -2500.57277361782 1.33862146199806e-16 4.46207153999355e-17
4.93202479338841e-08 0.000100683597074046 0.00129513620955882 399911.275632361 -28382.1462212197 1.34422324739674e-16 4.48074415798912e-17
4.95454545454543e-08 0.000190332590988887 0.00128294243309666 398074.431695257 -54144.8422723422 1.34974569182604e-16 4.4991523060868e-17
4.97706611570246e-08 0.000279192424556573 0.00126499780025921 394570.270153763 -79680.7549846727 1.35509637008503e-16 4.51698790028344e-17
4.99958677685948e-08 0.000366890912193119 0.00124137747136787 389413.468037506 -104882.928288142 1.36018573170026e-16 4.53395243900085e-17
5.02210743801651e-08 0.000453060732561929 0.00121218037915243 382625.624389945 -129645.803965812 1.36492859966794e-16 4.54976199889313e-17
5.04462809917353e-08 0.000537340967083389 0.00117752881437554 374235.169801715 -153865.663779925 1.36924559600057e-16 4.56415198666855e-17
5.06714876033056e-08 0.000619378611626788 0.00113756791362317 364277.247330319 -177441.063891267 1.37306447021945e-16 4.57688156739818e-17
5.08966942148758e-08 0.000698830055052902 0.00109246505140622 352793.565304948 -200273.259752319 1.37632130855931e-16 4.5877376951977e-17
5.11219008264461e-08 0.000775362518414453 0.00104240913911964 339832.222632941 -222266.619694543 1.37896160364721e-16 4.59653867882402e-17
5.13471074380163e-08 0.000848655448786384 0.000987609833795164 325447.507339585 -243329.025477499 1.38094116675346e-16 4.60313722251154e-17
5.15723140495865e-08 0.000918401861887977 0.000928296659961874 309699.669185057 -263372.258122131 1.3822268673468e-16 4.60742289115601e-17
5.17975206611568e-08 0.000984309627873284 0.000864718048292607 292654.667310903 -282312.367412157 1.38279718757635e-16 4.60932395858784e-17
5.2022727272727e-08 0.0010461026949044 0.00079714029506278 274383.893973016 -300070.023515932 1.38264258240051e-16 4.6088086080017e-17
5.22479338842973e-08 0.00110352224538268 0.000725846446779913 254963.875518246 -316570.849256033 1.38176563933548e-16 4.60588546445159e-17
5.24731404958675e-08 0.00115632777999512 0.000651135114655534 234475.951857094 -331745.731634855 1.38018103514986e-16 4.60060345049953e-17
5.26983471074378e-08 0.00120429812503536 0.000573319223884985 213005.935775004 -345531.111311431 1.37791529023008e-16 4.59305096743359e-17
5.2923553719008e-08 0.00124723235878021 0.000492724702973721 190643.753509207 -357869.248816988 1.37500632472765e-16 4.58335441575883e-17
5.31487603305783e-08 0.00128495065304162 0.000409689118599814 167483.068096551 -368708.466394228 1.37150282391674e-16 4.57167607972247e-17
5.33739669421485e-08 0.00131729502636935 0.000324560261730466 143620.887069909 -378003.364447382 1.36746342338357e-16 4.55821141127858e-17
5.35991735537188e-08 0.0013441300057494 0.000237694690914526 119157.156146304 -385715.011696466 1.36295572768456e-16 4.54318575894853e-17
5.3824380165289e-08 0.00136534319402696 0.000149456238852377 94194.3406085846 -391811.108239267 1.35805517889723e-16 4.52685059632409e-17
5.40495867768592e-08 0.00138084574067697 6.02144884983444e-05 68836.9961339986 -396266.120838092 1.35284379400015e-16 4.50947931333383e-17
5.42747933884295e-08 0.00139057271395079 -2.96567749215836e-05 43191.3308672466 -399061.389864634 1.34740879221345e-16 4.4913626407115e-17
5.44999999999997e-08 0.00139448337283999 -0.000119781129493066 17364.7605722432 -400185.207455023 1.34184113527314e-16 4.47280378424379e-17
5.472520661157e-08 0.00139256133771833 -0.00020978109324038 -8534.54127418078 -399632.866547706 1.3362340050696e-16 4.454113350232e-17
5.49504132231402e-08 0.00138481465894708 -0.000299279705193409 -34398.0965622257 -397406.680598772 1.33068124412899e-16 4.43560414709664e-17
5.51756198347105e-08 0.00137127578315649 -0.000387902104272425 -60117.5769050112 -393515.973892144 1.32527578503802e-16 4.41758595012674e-17
5.54008264462807e-08 0.00135200141734442 -0.000475277099377566 -85585.2573673571 -387977.042485215 1.32010809509773e-16 4.40036031699243e-17
5.5626033057851e-08 0.00132707229136156 -0.000561038724106767 -110694.467667033 -380813.085953514 1.31526466223701e-16 4.38421554079004e-17
5.58512396694212e-08 0.0012965928197779 -0.00064482776959026 -135340.038958637 -372054.110220283 1.31082654752605e-16 4.36942182508684e-17
5.60764462809914e-08 0.00126069066454683 -0.000726293289021454 -159418.744328777 -361736.801877962 1.30686802851516e-16 4.35622676171721e-17
5.63016528925617e-08 0.00121951620029854 -0.000805094067582507 -182829.731157545 -349904.374527979 1.3034553561046e-16 4.34485118701533e-17
5.65268595041319e-08 0.00117324188450235 -0.00088090005160789 -205474.943535373 -336606.387782435 1.30064564575063e-16 4.33548548583543e-17
5.67520661157022e-08 0.00112206153513604 -0.000953393730999943 -227259.532965985 -321898.539685813 1.29848592156502e-16 4.32828640521674e-17
5.69772727272724e-08 0.00106618951888761 -0.00102227146910624 -248092.255635233 -305842.433426116 1.29701232930612e-16 4.32337443102041e-17
5.72024793388427e-08 0.00100585985328963 -0.00108724477448861 -267885.854581886 -288505.319312563 1.29624953143317e-16 4.32083177144392e-17
5.74276859504129e-08 0.000941325226546875 -0.00114804150925713 -286557.425169649 -269959.813100575 1.29621029434837e-16 4.32070098116124e-17
5.76528925619832e-08 0.000872855939162716 -0.00120440702890791 -304028.76232966 -250283.591843807 1.29689527473473e-16 4.32298424911577e-17
5.78780991735534e-08 0.000800738771797061 -0.00125610524889063 -320226.688119055 -229559.068547158 1.29829300856564e-16 4.32764336188548e-17
5.81033057851237e-08 0.000725275784097939 -0.00130291963343856 -335083.358223622 -207873.046983449 1.3003801029701e-16 4.33460034323368e-17
5.83285123966939e-08 0.000646783049537678 -0.0013446541025192 -348536.546120791 -185316.358119563 1.30312162774244e-16 4.34373875914146e-17
5.85537190082641e-08 0.000565589331552783 -0.00138113385310714 -360529.903712746 -161983.479674855 1.30647169994417e-16 4.35490566648057e-17
5.87789256198344e-08 0.000482034706532449 -0.00141220609133891 -371013.197337997 -137972.14040529 1.31037425181394e-16 4.36791417271313e-17
5.90041322314046e-08 0.00039646913942326 -0.00143774067248356 -379942.518172914 -113382.910770767 1.31476396913348e-16 4.38254656377827e-17
5.92293388429749e-08 0.000309251017916088 -0.00145763064604825 -387280.466141939 -88318.7817000763 1.31956738434499e-16 4.39855794781663e-17
5.94545454545451e-08 0.000220745651354694 -0.00147179270373574 -392996.30656619 -62884.7332178334 1.32470410612505e-16 4.41568035375018e-17
5.96797520661154e-08 0.000131323740653282 -0.00148016752837763 -397066.098894342 -37187.2947401695 1.33008816483671e-16 4.43362721612236e-17
5.99049586776856e-08 4.13598256316936e-05 -0.00148272004238179 -399472.796976594 -11334.0988808626 1.33562945134175e-16 4.45209817113916e-17
6.01301652892559e-08 -4.87692837284895e-05 -0.0014794395546533 -400206.320461731 14566.5693632278 1.34123522509288e-16 4.47078408364295e-17
6.03553719008261e-08 -0.000138686085536317 -0.00147033980537364 -399263.597018243 40406.2261592043 1.34681166626594e-16 4.48937222088646e-17
6.05805785123964e-08 -0.000228013967141873 -0.00145545890845058 -396648.575202651 66076.6432179908 1.3522654459551e-16 4.507551486517e-17
6.08057851239666e-08 -0.000316378782562131 -0.00143485919187967 -392372.20792115 91470.3011038582 1.35750528815205e-16 4.5250176271735e-17
6.10309917355369e-08 -0.000403410419575288 -0.00140862693668614 -386452.406553833 116480.839574947 1.36244349736719e-16 4.5414783245573e-17
6.12561983471071e-08 -0.000488744349919849 -0.00137687201554054 -378913.965933647 141003.50306856 1.36699742632632e-16 4.5566580877544e-17
6.14814049586774e-08 -0.00057202315610555 -0.00133972743256178 -369788.460494303 164935.579465319 1.37109085917892e-16 4.57030286392972e-17
6.17066115702476e-08 -0.00065289802844111 -0.00129734876623513 -359114.112022122 188176.830294454 1.3746552870683e-16 4.58218429022765e-17
6.19318181818179e-08 -0.000731030226008599 -0.00124991351777845 -346935.629565728 210629.910578316 1.37763105471532e-16 4.59210351571774e-17
6.21570247933881e-08 -0.000806092495465169 -0.00119762036768592 -333304.022174128 232200.776557627 1.37996835882614e-16 4.59989452942045e-17
6.23822314049584e-08 -0.000877770441729586 -0.00114068834356345 -318276.385247503 252799.079589706 1.38162808161424e-16 4.60542693871413e-17
6.26074380165286e-08 -0.000945763844812477 -0.00107935590274089 -301915.66139559 272338.54456987 1.38258244548691e-16 4.60860815162304e-17
6.28326446280989e-08 -0.00100978791727482 -0.00101387993350387 -284290.376805271 290737.331290993 1.38281547793889e-16 4.60938492646296e-17
6.30578512396691e-08 -0.00106957449704786 -0.000944534679128217 -265474.354221589 307918.377227685 1.38232327887276e-16 4.6077442629092e-17
6.32830578512394e-08 -0.00112487317061839 -0.000871610589223836 -245546.403744366 323809.72030936 1.38111408587212e-16 4.60371361957372e-17
6.35082644628097e-08 -0.00117545232187494 -0.000795413103199044 -224589.992735494 338344.800330269 1.379208136335e-16 4.59736045444999e-17
6.37334710743799e-08 -0.00122110010222189 -0.000716261370940756 -202692.896219485 351462.737734051 1.37663732877504e-16 4.58879109591681e-17
6.39586776859502e-08 -0.00126162531789819 -0.000634486916068939 -179946.829241565 363108.588605133 1.3734446889589e-16 4.57814896319633e-17
6.41838842975204e-08 -0.00129685823078419 -0.000550432247364216 -156447.062723158 373233.574798954 1.36968364981474e-16 4.56561216604914e-17
6.44090909090907e-08 -0.00132665126934243 -0.000464449424184596 -132292.024423737 381795.28824712 1.3654171571636e-16 4.55139052387865e-17
6.46342975206609e-08 -0.00135087964671467 -0.000376898581880024 -107582.886680393 388757.868581772 1.36071661624016e-16 4.53572205413388e-17
6.48595041322312e-08 -0.00136944188338627 -0.000288146423380982 -82423.1426518652 394092.153335192 1.35566069663451e-16 4.51886898878171e-17
6.50847107438014e-08 -0.00138226023222876 -0.000198564683279073 -56918.1728418992 397775.800085541 1.35033401565543e-16 4.50111338551809e-17
6.53099173553717e-08 -0.00138928100414036 -0.000108528570832695 -31174.8037175517 399793.38003713 1.34482572215106e-16 4.48275240717019e-17
6.55351239669419e-08 -0.00139047479292043 -1.84151984192313e-05 -5300.86027113517 400136.442643269 1.33922800448844e-16 4.46409334829482e-17
6.57603305785122e-08 -0.0013858365984361 7.13979979838897e-05 20595.2856001164 398803.551001015 1.33363454766278e-16 4.44544849220928e-17
6.59855371900824e-08 -0.00137538584756513 0.000160534839673526 46405.1690050693 395800.287869576 1.32813896535868e-16 4.42712988452895e-17
6.62107438016527e-08 -0.00135916631282721 0.000248621980829108 72020.6863592128 391139.232287172 1.32283323320492e-16 4.40944411068308e-17
6.64359504132229e-08 -0.0013372459290447 0.000335290472255523 97334.548171865 384839.906884267 1.31780614944416e-16 4.39268716481386e-17
6.66611570247932e-08 -0.00130971650880055 0.000420177306710921 122240.728423581 376928.696113876 1.31314184878026e-16 4.37713949593422e-17
6.68863636363634e-08 -0.00127669335788521 0.000502926939346903 146634.908651569 367438.735741424 1.30891839427602e-16 4.36306131425339e-17
6.71115702479337e-08 -0.00123831479234336 0.000583192776892801 170414.914883071 356409.774057014 1.30520647086745e-16 4.35068823622484e-17
6.73367768595039e-08 -0.00119474155914306 0.000660638629346656 193481.145586653 343888.005391429 1.30206820236067e-16 4.34022734120222e-17
6.75619834710742e-08 -0.00114615616289403 0.000734940118092556 215736.988848921 329925.876633172 1.29955611171014e-16 4.33185370570047e-17
6.77871900826444e-08 -0.00109276210143494 0.000805786034546492 237089.227029362 314581.867556927 1.29771224197962e-16 4.32570747326539e-17
6.80123966942147e-08 -0.0010347830134915 0.000872879643640101 257448.427198409 297920.245883547 1.29656745269744e-16 4.32189150899145e-17
6.82376033057849e-08 -0.00097246174197527 0.000935939926682714 276729.315723421 280010.798097473 1.29614090338268e-16 4.32046967794228e-17
6.84628099173552e-08 -0.000906059316846627 0.000994702758396032 294851.13543361 260928.537149049 1.29643973288603e-16 4.32146577628677e-17
6.86880165289254e-08 -0.000835853861801979 0.00104892201319148 311737.983867978 240753.388266016 1.2974589399119e-16 4.32486313303967e-17
6.89132231404957e-08 -0.000762139429364674 0.00109837059605661 327319.1311895 219569.854190137 1.29918146672158e-16 4.33060488907192e-17
6.91384297520659e-08 -0.000685224769258669 0.00114284139373281 341529.316434003 197466.661241104 1.30157848461636e-16 4.3385949487212e-17
6.93636363636362e-08 -0.000605432035223616 0.00118214814220023 354309.020852897 174536.387690173 1.30460987642288e-16 4.34869958807627e-17
6.95888429752064e-08 -0.000523095435687803 0.0012161262068366 365604.717204893 150875.076000059 1.30822490790552e-16 4.36074969301841e-17
6.98140495867767e-08 -0.000438559833950557 0.00124463327198231 375369.093952543 126581.830555228 1.31236307686902e-16 4.37454358956339e-17
7.0039256198347e-08 -0.00035217930373717 0.00126754993702332 383561.253424583 101758.402567444 1.3169551257404e-16 4.38985041913468e-17
7.02644628099172e-08 -0.000264315646176359 0.00128478021649559 390146.883114057 76508.7638952099 1.32192420068346e-16 4.40641400227821e-17
7.04896694214875e-08 -0.000175336874411832 0.00129625194211598 395098.399394782 50938.6715621131 1.32718713784639e-16 4.42395712615462e-17
7.07148760330577e-08 -8.56156721950863e-05 0.00130191706505605 398395.063054173 25155.2247980924 1.33265585521566e-16 4.44218618405221e-17
7.0940082644628e-08 4.4721670844208e-06 0.00130175185719246 400023.066158545 -733.583541072854 1.33823882678171e-16 4.46079608927235e-17
7.11652892561982e-08 9.45493143936931e-05 0.00129575701049123 399975.589887044 -26619.319297186 1.34384261434419e-16 4.47947538114731e-17
7.13904958677685e-08 0.000184238485482591 0.00128395763410947 398252.833091988 -52393.5611814319 1.34937343132036e-16 4.49791143773453e-17
7.16157024793387e-08 0.000273164021122657 0.0012664031492267 394862.01146598 -77948.3548922738 1.35473871238393e-16 4.51579570794645e-17
7.1840909090909e-08 0.000360953460539605 0.00124316708204646 389817.327319292 -103176.665277393 1.35984866266477e-16 4.53282887554923e-17
7.20661157024792e-08 0.000447239101449227 0.00121434675583491 383139.910094102 -127972.824645813 1.36461776058133e-16 4.54872586860442e-17
7.22913223140495e-08 0.000531659540162565 0.00118006288328652 374857.72786473 -152232.975352469 1.36896618915421e-16 4.56322063051403e-17
7.25165289256197e-08 0.00061386118530969 0.0011404590609242 365005.470194571 -175855.504801481 1.37282117184581e-16 4.57607057281937e-17
7.274173553719e-08 0.000693499738841917 0.00109570116765142 353624.40284035 -198741.47104613 1.37611819056918e-16 4.5870606352306e-17
7.29669421487602e-08 0.000770241638109351 0.00104597666997555 340762.194912275 -220795.017202942 1.37880206548105e-16 4.59600688493684e-17
7.31921487603305e-08 0.000843765452973668 0.000991493836812513 326472.719214031 -241923.772944113 1.38082787848742e-16 4.60275959495805e-17
7.34173553719007e-08 0.000913763232104402 0.000932480867161389 310815.826598855 -262039.241386645 1.38216172500551e-16 4.60720575001837e-17
7.3642561983471e-08 0.000979941792819822 0.000869184934302727 293857.09528682 -281057.169757728 1.38278128140057e-16 4.6092709380019e-17
7.38677685950412e-08 0.00104202394906996 0.000801871150523925 275667.556193286 -298897.902283851 1.38267617860052e-16 4.60892059533507e-17
7.40929752066115e-08 0.00109974967241845 0.000730821456707836 256323.395418972 -315486.713825573 1.38184817563572e-16 4.6061605854524e-17
7.43181818181817e-08 0.0011528771811604 0.000656333441435521 235905.635147752 -330754.122860553 1.38031113019933e-16 4.60103710066444e-17
7.4543388429752e-08 0.00120118395301468 0.00057871909454931 214499.794288736 -344636.18250391 1.37809076672103e-16 4.59363588907009e-17
7.47685950413222e-08 0.00124446765714889 0.000498303500396784 192195.530283997 -357074.748346997 1.37522424583561e-16 4.58408081945202e-17
7.49938016528925e-08 0.00128254700163332 0.000415423476228995 169086.263582243 -368017.72199275 1.37175954245205e-16 4.5725318081735e-17
7.52190082644627e-08 0.00131526249277442 0.000330426161455925 145268.786351292 -377419.269267579 1.3677546428318e-16 4.55918214277265e-17
7.5444214876033e-08 0.00134247710314723 0.000243667563668021 120842.857068245 -385240.012195831 1.36327657411417e-16 4.54425524704722e-17
7.56694214876032e-08 0.00136407684552886 0.000155511067513747 95910.7826854078 -391447.19393274 1.3584002825311e-16 4.52800094177034e-17
7.58946280991735e-08 0.00137997125032906 6.63259126786389e-05 70576.9901220254 -396014.815965066 1.3532073790857e-16 4.51069126361901e-17
7.61198347107437e-08 0.00139009374451822 -2.35143526592057e-05 44947.5888766333 -398923.747004741 1.34778477368726e-16 4.49261591229087e-17
7.6345041322314e-08 0.00139440193046559 -0.000113633436419578 19129.9265919935 -400161.803119451 1.3422232206023e-16 4.47407740200768e-17
7.65702479338843e-08 0.00139287776351997 -0.00020365387870332 -6767.86056588073 -399723.798764505 1.33661579956536e-16 4.45538599855121e-17
7.67954545454545e-08 0.00138552762758893 -0.000293198632766848 -32637.3008313975 -397611.568502271 1.33105635797006e-16 4.43685452656687e-17
7.70206611570248e-08 0.00137238230840012 -0.000381892644266191 -58370.0411687019 -393833.959318187 1.32563794021244e-16 4.41879313404147e-17
7.7245867768595e-08 0.00135349686455651 -0.000469364422155953 -83858.3011036981 -388406.793565548 1.32045123047348e-16 4.40150410157825e-17
7.74710743801653e-08 0.00132895039692591 -0.000555247594663543 -108995.324157921 -381352.802694253 1.31558303500283e-16 4.38527678334277e-17
7.76962809917355e-08 0.00129884571733028 -0.000639182443821563 -133675.824993445 -372701.532041117 1.31111482930476e-16 4.3703827643492e-17
7.79214876033058e-08 0.00126330891792292 -0.000720817412131013 -157796.430395989 -362489.217080491 1.30712139454091e-16 4.35707131513636e-17
7.8146694214876e-08 0.00122248884305688 -0.000799810575044725 -181256.112249163 -350758.631653547 1.3036695659715e-16 4.34556521990499e-17
7.83719008264463e-08 0.00117655646585685 -0.000875831073103599 -203956.61068639 -337558.908811883 1.30081711438141e-16 4.33605704793804e-17
7.85971074380165e-08 0.00112570417210552 -0.00094856049772719 -225802.845648113 -322945.335025852 1.2986117792119e-16 4.32870593070635e-17
7.88223140495868e-08 0.00107014495444408 -0.00101769422485432 -246703.315120536 -306979.118619569 1.29709046957973e-16 4.32363489859909e-17
7.9047520661157e-08 0.00101011152026169 -0.00108294269084786 -266570.478387862 -289727.133402477 1.29627864655565e-16 4.32092882185217e-17
7.92727272727273e-08 0.00094585531701062 -0.00114403260531949 -285321.122692807 -271261.638571282 1.29618989704075e-16 4.32063299013583e-17
7.94979338842975e-08 0.000877645479029437 -0.00120070809579478 -302876.711769654 -251659.976055417 1.29682570637215e-16 4.32275235457384e-17
7.97231404958678e-08 0.000805767700285405 -0.00125273177942398 -319163.714790013 -231004.246573708 1.29817543346401e-16 4.32725144488005e-17
7.9948347107438e-08 0.000730523037757627 -0.00129988575724988 -334113.91434353 -209380.965759047 1.30021648889977e-16 4.33405496299924e-17
8.01735537190083e-08 0.000652226650472856 -0.00134197252686819 -347664.69216357 -186880.701791393 1.30291471299503e-16 4.34304904331676e-17
8.03987603305785e-08 0.000571206479475495 -0.00137881580965786 -359759.291401126 -163597.696056853 1.30622494750376e-16 4.35408315834586e-17
8.06239669421488e-08 0.00048780187426066 -0.00141026128911646 -370347.054348441 -139629.468421697 1.31009179139956e-16 4.36697263799853e-17
8.0849173553719e-08 0.000402362171423444 -0.00143617725720826 -379383.634616631 -115076.408774599 1.31445052808298e-16 4.3815017602766e-17
8.10743801652893e-08 0.000315245231477639 -0.00145645516601761 -386831.182878621 -90041.3565479152 1.31922820849696e-16 4.39742736165652e-17
8.12995867768595e-08 0.000226815939972396 -0.00147101008239721 -392658.505399426 -64629.169979154 1.32434487202296e-16 4.41448290674321e-17
8.15247933884298e-08 0.000137444679184825 -0.00147978104370698 -396841.194689765 -38946.2869167638 1.32971488472469e-16 4.43238294908229e-17
8.175e-08 4.75057767897855e-05 -0.0014827313131534 -399361.731735772 -13100.2790097927 1.33524837254194e-16 4.45082790847312e-17
8.19752066115703e-08 -4.26240619954497e-05 -0.00147984853366002 -400209.559376641 12800.5988513284 1.34085272544849e-16 4.46950908482828e-17
8.22004132231405e-08 -0.000132567332224764 -0.00147114477962453 -399381.126522828 38647.8619557301 1.34643414739981e-16 4.48811382466603e-17
8.24256198347108e-08 -0.000221947310386399 -0.00145665650634568 -396879.903029646 64333.2501556414 1.35189922613038e-16 4.50633075376793e-17
8.2650826446281e-08 -0.00031038963229315 -0.0014364443973318 -392716.36516392 89749.1813093534 1.3571564965279e-16 4.52385498842633e-17
8.28760330578513e-08 -0.000397523861090631 -0.00141059311013056 -386907.951724596 114789.201884385 1.36211797141945e-16 4.54039323806485e-17
8.31012396694216e-08 -0.000482985038816082 -0.0013792109217445 -379478.991001084 139348.432833515 1.36670061414986e-16 4.55566871383288e-17
8.33264462809918e-08 -0.000566415215009066 -0.00134242927511743 -370460.598875266 163324.008876155 1.37082772830676e-16 4.56942576102253e-17
8.35516528925621e-08 -0.000647464945971549 -0.00130040222859136 -359890.548493964 186615.509345142 1.37443024133357e-16 4.58143413777856e-17
8.37768595041323e-08 -0.000725794758397776 -0.00125330581063973 -347813.112057743 209125.378794377 1.37744786054746e-16 4.59149286849152e-17
8.40020661157026e-08 -0.00080107657124358 -0.00120133728257979 -334278.875388707 230759.335605607 1.37983008221484e-16 4.5994336073828e-17
8.42272727272728e-08 -0.0008729950698797 -0.00114471431235203 -319344.526053964 251426.766882922 1.38153703679622e-16 4.6051234559874e-17
8.44524793388431e-08 -0.00094124902677352 -0.00108367406282739 -303072.615932191 271041.107980963 1.38254015621414e-16 4.60846718738046e-17
8.46776859504133e-08 -0.00100555256316761 -0.00101847219846083 -285531.299217787 289520.20507721 1.38282265197666e-16 4.6094088399222e-17
8.49028925619836e-08 -0.00106563634647058 -0.000949381814451734 -266794.046959966 306786.659269727 1.38237979615434e-16 4.60793265384781e-17
8.51280991735538e-08 -0.00112124871834503 -0.000876692292896476 -246939.339332434 322768.15075913 1.38121900050821e-16 4.60406333502736e-17
8.53533057851241e-08 -0.00117215674876767 -0.00080070809072394 -226050.336922563 337397.741756946 1.3793596924444e-16 4.59786564148134e-17
8.55785123966943e-08 -0.00121814721164667 -0.000721747464490818 -204214.532416852 350614.156851662 1.3768329898716e-16 4.589443299572e-17
8.58037190082646e-08 -0.00125902747790997 -0.000640141137377725 -181523.384141585 362362.039658139 1.37368118040284e-16 4.57893726800945e-17
8.60289256198348e-08 -0.0012946263223238 -0.00055623091396941 -158071.932993564 372592.184675451 1.36995701361798e-16 4.56652337872659e-17
8.62541322314051e-08 -0.0013247946406623 -0.000470368248620984 -133958.404365416 381261.743382003 1.36572281823176e-16 4.55240939410586e-17
8.64793388429753e-08 -0.00134940607422401 -0.000382912773406491 -109283.796732764 388334.40370472 1.36104945894266e-16 4.53683152980887e-17
8.67045454545456e-08 -0.00136835753907997 -0.000294230791815469 -84151.4586264632 393780.542110594 1.35601515042119e-16 4.52005050140398e-17
8.69297520661158e-08 -0.00138156965783623 -0.000204693744506563 -58666.6557617372 397577.347683584 1.35070414828688e-16 4.50234716095628e-17
8.71549586776861e-08 -0.00138898709210268 -0.000114676653544333 -32936.130137261 399708.91766715 1.34520533898228e-16 4.48401779660759e-17
8.73801652892563e-08 -0.00139057877427551 -2.45565516354969e-05 -7067.65295090113 400166.324072262 1.33961075214415e-16 4.46536917381385e-17
8.76053719008266e-08 -0.00138633803766252 6.52890970563159e-05 18830.426795303 398947.651071903 1.33401402036933e-16 4.44671340123111e-17
8.78305785123968e-08 -0.00137628264440628 0.00015448397790295 44649.6361102658 396058.003025423 1.32850881215291e-16 4.42836270717636e-17
8.80557851239671e-08 -0.00136045471108817 0.000242654501989329 70281.8323483044 391509.48309915 1.32318726422566e-16 4.41062421408555e-17
8.82809917355373e-08 -0.00133892053232488 0.000329431370874527 95619.6561599502 385321.142572805 1.31813843952754e-16 4.39379479842513e-17
8.85061983471076e-08 -0.00131177030309625 0.000414451123382377 120556.981161959 377518.90104403 1.31344683662493e-16 4.37815612208309e-17
8.87314049586778e-08 -0.00127911774096754 0.000497357657942945 144989.358443092 368135.437865274 1.30919097551863e-16 4.36396991839543e-17
8.89566115702481e-08 -0.00124109960978824 0.000577803724108612 168814.454043882 357210.055267734 1.3054420835108e-16 4.35147361170265e-17
8.91818181818183e-08 -0.00119787514686261 0.000655452376997613 191932.477578015 344788.513745654 1.30226290312452e-16 4.34087634374839e-17
8.94070247933886e-08 -0.00114962539599111 0.00072997838857315 214246.600200056 330922.840390461 1.29970664202713e-16 4.33235547342376e-17
8.96322314049589e-08 -0.00109655244917621 0.000801069609847018 235663.360168906 315671.110977542 1.29781608253154e-16 4.32605360843846e-17
8.98574380165291e-08 -0.00103887860016877 0.000868428278302185 256093.054308268 299097.206718355 1.29662286557927e-16 4.32207621859757e-17
9.00826446280994e-08 -0.000976845413400226 0.000931772265058267 275450.113724543 281270.546696731 1.29614696118868e-16 4.32048987062893e-17
9.03078512396696e-08 -0.00091071271220039 0.000990836256556187 293653.462208447 262265.797110031 1.29639633423102e-16 4.32132111410341e-17
9.05330578512399e-08 -0.000840757490538622 0.00104537286581259 310626.855819227 242162.558532998 1.29736681112813e-16 4.32455603709375e-17
9.07582644628101e-08 -0.000767272752846527 0.00109515366858954 326299.202229116 221045.032514176 1.29904214970257e-16 4.33014049900855e-17
9.09834710743804e-08 -0.000690566286781521 0.00113997016013964 340604.858490487 199001.668901354 1.30139431101138e-16 4.33798103670459e-17
9.12086776859506e-08 -0.000610959374071484 0.00117963462851914 353483.905978512 176124.795373191 1.30438392861377e-16 4.34794642871257e-17
9.14338842975209e-08 -0.000528785444840093 0.00121398094081135 364882.401357736 152510.230728709 1.30796096741909e-16 4.35986989139698e-17
9.16590909090911e-08 -0.000444388681049113 0.00124286523896719 374752.602521418 128256.883554386 1.31206556108834e-16 4.37355187029445e-17
9.18842975206614e-08 -0.00035812257490708 0.00126616654234845 383053.168557282 103466.3379498 1.31662901397421e-16 4.38876337991402e-17
9.21095041322316e-08 -0.000270348448282421 0.00128378725444994 389749.332902156 78242.4280470091 1.32157495083104e-16 4.40524983610346e-17
9.23347107438019e-08 -0.000181433939322373 0.0012956535716783 394813.048960212 52690.803105758 1.32682059505262e-16 4.42273531684206e-17
9.25599173553721e-08 -9.1751462616448e-05 0.00130171579247513 398223.107574934 26918.4850061107 1.33227815404502e-16 4.44092718015007e-17
9.27851239669424e-08 -1.67664935396857e-06 0.00130194852548984 399965.225862753 1033.41999191526 1.33785628854842e-16 4.45952096182808e-17
9.30103305785126e-08 8.84132259909798e-05 0.00129635079593022 400032.107036285 -24855.973457387 1.34346164131697e-16 4.47820547105655e-17
9.32355371900829e-08 0.000178140825857429 0.00128494604964534 398423.470966617 -50641.2587328906 1.34900039957215e-16 4.49666799857382e-17
9.34607438016531e-08 0.000267130330059641 0.00126778205492357 395146.055356612 -76214.4352782902 1.35437986508019e-16 4.5145995502673e-17
9.36859504132234e-08 0.000355009009893765 0.00124493070241724 390213.587520332 -101468.390945557 1.35951000557605e-16 4.53170001858683e-17
9.39111570247936e-08 0.000441408789295951 0.00121648770403166 383646.726886771 -126297.350629555 1.36430496156901e-16 4.54768320523003e-17
9.41363636363639e-08 0.000525967786513083 0.00118257219203998 375472.978468731 -150597.319302511 1.36868448331154e-16 4.56228161103848e-17
9.43615702479341e-08 0.000608331829828908 0.00114332622010278 365726.57765926 -174266.517592708 1.37257527388192e-16 4.57525091293974e-17
9.45867768595044e-08 0.000688155940997011 0.00109891416828243 354448.346838182 -197205.808082999 1.37591221590234e-16 4.58637405300779e-17
9.48119834710746e-08 0.000765105780167333 0.00104952205454431 341685.524389319 -219319.110543603 1.37863946136188e-16 4.59546487120625e-17
9.50371900826449e-08 0.000838859046254227 0.000995356755628518 327491.566844558 -240513.804360013 1.3807113663047e-16 4.60237122101567e-17
9.52623966942151e-08 0.000909106826880669 0.000936645140555629 311925.924983466 -260701.116470443 1.38209325474029e-16 4.60697751580097e-17
9.54876033057854e-08 0.000975554892244435 0.000873633120395527 295053.794826265 -279796.493187978 1.38276199899068e-16 4.60920666330228e-17
9.57128099173556e-08 0.00103792492748695 0.000806584618279505 276945.844563109 -297719.954350042 1.38270640676186e-16 4.60902135587287e-17
9.59380165289259e-08 0.00109595569840309 0.0007357804639696 257677.918563416 -314396.428311869 1.38192740846118e-16 4.60642469487061e-17
9.61632231404962e-08 0.00114940414560938 0.000661517217615236 237330.719704992 -329756.066380849 1.38043804162581e-16 4.60146013875271e-17
9.63884297520664e-08 0.00119804640258776 0.000584105927623811 215989.47135351 -343734.535374765 1.37826323272279e-16 4.59421077574262e-17
9.66136363636367e-08 0.00124167873334082 0.000503870827847854 193743.560408109 -356273.287078561 1.37543937997258e-16 4.58479793324192e-17
9.68388429752069e-08 0.00128011838573131 0.000421147979545499 170686.162908222 -367319.803471011 1.37201374417812e-16 4.57337914726039e-17
9.70640495867772e-08 0.00131320435693152 0.000336283863802385 146913.853769749 -376827.816694193 1.36804365775456e-16 4.56014552584853e-17
9.72892561983474e-08 0.00134079806777674 0.000249633930310564 122526.202285183 -384757.502844415 1.36359556519766e-16 4.54531855065887e-17
9.75144628099177e-08 0.00136278394319808 0.000161561108582778 97625.3550819191 -391075.648772923 1.35874391104981e-16 4.52914637016604e-17
9.77396694214879e-08 0.0013790698963037 7.24342878378323e-05 72315.6082855076 -395755.791197739 1.35356989397499e-16 4.51189964658329e-17
9.79648760330582e-08 0.00138958771408077 -1.73732280759983e-05 46702.9706798246 -398778.327543982 1.34816010779481e-16 4.49386702598269e-17
9.81900826446284e-08 0.00139429334310273 -0.000107485284248056 20894.7196938496 -400130.598048404 1.34260509222972e-16 4.47535030743239e-17
9.84152892561987e-08 0.00139316707404519 -0.000197524450213934 -5001.04792522334 -399806.938784266 1.33699781760045e-16 4.45665939200151e-17
9.86404958677689e-08 0.00138621362423757 -0.000287113600806713 -30875.8688705533 -397808.705384449 1.33143212885032e-16 4.43810709616773e-17
9.88657024793392e-08 0.00137346211790476 -0.000375877495729473 -56621.36756954 -394144.267363447 1.32600117492952e-16 4.42000391643173e-17
9.90909090909094e-08 0.00135496596418158 -0.000463444351233108 -82129.7101102393 -388828.973062012 1.32079584982782e-16 4.40265283275941e-17
9.93161157024797e-08 0.00133080263341093 -0.000549447397316539 -107294.055899057 -381885.085361292 1.31590327134689e-16 4.38634423782298e-17
9.95413223140499e-08 0.00130107333266254 -0.000633526413927062 -132009.005157973 -373341.688435716 1.31140532307199e-16 4.37135107690663e-17
9.97665289256202e-08 0.00126590258183159 -0.000715329239726513 -156171.040386966 -363234.565935175 1.30737728394498e-16 4.35792427981659e-17
9.99917355371904e-08 0.00122543769209245 -0.000794513247103861 -179678.959942606 -351606.051106755 1.30388656837455e-16 4.34628856124849e-17
1.00216942148761e-07 0.00117984814889219 -0.000870746777256193 -202434.301916776 -338504.849483749 1.30099159796949e-16 4.33663865989831e-17
1.00442148760331e-07 0.00112932490206807 -0.000943710529327319 -224341.756540129 -323985.834884633 1.29874082377805e-16 4.32913607926017e-17
1.00667355371901e-07 0.0010740795660624 -0.00101309889778565 -245309.565382953 -308109.819576441 1.29717191539737e-16 4.32390638465791e-17
1.00892561983471e-07 0.00101434353358457 -0.0010786212524398 -265249.905681399 -290943.299565203 1.29631113052442e-16 4.32103710174807e-17
1.01117768595042e-07 0.000950367006432606 -0.00114000315573061 -284079.258179344 -272558.176080293 1.2961728754997e-16 4.32057625166568e-17
1.01342975206612e-07 0.000882417947533792 -0.00119698751220105 -301718.756945194 -253031.454419224 1.29675946419864e-16 4.3225315473288e-17
1.01568181818182e-07 0.00081078095859344 -0.00124933564532947 -318094.519698443 -232444.92141428 1.2980610793059e-16 4.32687026435299e-17
1.01793388429752e-07 0.000735756088052936 -0.00129682829721591 -333137.957262419 -210884.802871891 1.30005593662077e-16 4.33351978873591e-17
1.02018595041323e-07 0.000657657574349767 -0.00133926654693437 -346786.060847099 -188441.402419563 1.30271064964376e-16 4.34236883214586e-17
1.02243801652893e-07 0.000576812529743365 -0.00137647264370453 -358981.665958705 -165208.723273016 1.30598078834252e-16 4.35326929447505e-17
1.02469008264463e-07 0.000493559570219502 -0.00140829075139326 -369673.691830729 -141284.074507777 1.30981162274552e-16 4.36603874248507e-17
1.02694214876033e-07 0.00040824739721183 -0.00143458760122754 -378817.355373517 -116767.663484299 1.31413903891844e-16 4.38046346306148e-17
1.02919421487604e-07 0.000321233337080945 -0.00145525304998493 -386374.358746315 -91762.1761337607 1.31889061199319e-16 4.39630203997729e-17
1.03144628099174e-07 0.000232881844468327 -0.00147020054132379 -392313.049766123 -66372.3468624578 1.32398681829108e-16 4.41328939430362e-17
1.03369834710744e-07 0.000143562975793774 -0.00147936746832072 -396608.554481498 -40704.5198762625 1.32934236625381e-16 4.43114122084604e-17
1.03595041322314e-07 5.36508392900404e-05 -0.00148271543569699 -399242.88135603 -14866.2037624966 1.33486762390717e-16 4.44955874635722e-17
1.03820247933885e-07 -3.64779719333847e-05 -0.00148023042063549 -400204.996625117 11034.3788051535 1.34047011896728e-16 4.46823372989094e-17
1.04045454545455e-07 -0.000126445957234283 -0.00147192283151475 -399490.870510412 36888.7443526423 1.34605608648308e-16 4.48685362161027e-17
1.04270661157025e-07 -0.000215876289582884 -0.00145782746431383 -397103.494098374 62588.602983922 1.35153203811318e-16 4.50510679371059e-17
1.04495867768595e-07 -0.000304394393885639 -0.00143800335687088 -393052.866812235 88026.3119485056 1.35680632677333e-16 4.52268775591111e-17
1.04721074380166e-07 -0.000391629515876864 -0.00141253354160573 -387355.954529843 113095.326498489 1.36179068046815e-16 4.53930226822717e-17
1.04946280991736e-07 -0.000477216275007003 -0.00138152469774212 -380036.618522818 137690.646146637 1.36640167963629e-16 4.5546722654543e-17
1.05171487603306e-07 -0.000560796194823317 -0.00134510670448645 -371125.51551464 161709.2544564 1.37056215328397e-16 4.56854051094657e-17
1.05396694214876e-07 -0.000642019204433059 -0.00130343209703422 -360659.969276285 185050.550521818 1.3742024705407e-16 4.58067490180232e-17
1.05621900826447e-07 -0.000720545104760325 -0.00125667542768302 -348683.814297217 207616.770330083 1.37726170602129e-16 4.59087235340429e-17
1.05847107438017e-07 -0.000796044993455223 -0.00120503253472772 -335247.212186524 229313.396241891 1.37968865949047e-16 4.59896219830158e-17
1.06072314049587e-07 -0.000868202642487198 -0.0011487197222002 -320406.44157317 250049.552874504 1.3814427127646e-16 4.60480904254868e-17
1.06297520661157e-07 -0.000936715822652503 -0.00108797285388924 -304223.662385391 269738.387729374 1.3824945095091e-16 4.608315031697e-17
1.06522727272728e-07 -0.0010012975694482 -0.00102304636543524 -286766.65549651 288297.43497009 1.38282644655444e-16 4.6094214885148e-17
1.06747933884298e-07 -0.00106167738501063 -0.000954212198637424 -268108.538827669 305648.960826982 1.38243296850781e-16 4.60810989502602e-17
1.06973140495868e-07 -0.00111760237108404 -0.000881758662437421 -248327.46109657 321720.289181664 1.38132066072972e-16 4.6044022024324e-17
1.07198347107438e-07 -0.00116883828827401 -0.000805989225349626 -227506.274494935 336444.105967825 1.37950813911958e-16 4.59836046373193e-17
1.07423553719009e-07 -0.00121517053714913 -0.000727221244396425 -205732.187665676 349758.741113297 1.37702573855466e-16 4.59008579518218e-17
1.07648760330579e-07 -0.00125640505708141 -0.00064578463587198 -183096.400433244 361608.426842491 1.37391500519698e-16 4.57971668398993e-17
1.07873966942149e-07 -0.00129236913906088 -0.000562020493502045 -159693.721817101 371943.531257326 1.37022800116494e-16 4.5674266705498e-17
1.08099173553719e-07 -0.00132291214907984 -0.000476279659787594 -135622.172928226 380720.766218292 1.36602643320686e-16 4.55342144402287e-17
1.0832438016529e-07 -0.00134790615905691 -0.000388921256516126 -110982.576411912 387903.368654963 1.36138061995932e-16 4.53793539986438e-17
1.0854958677686e-07 -0.00136724648265826 -0.000300311180595524 -85878.1341564624 393461.254546524 1.35636831507442e-16 4.52122771691472e-17
1.0877479338843e-07 -0.00138085211377186 -0.000210820571510633 -60413.9950365315 397371.144927406 1.35107340591257e-16 4.50357801970858e-17
1.09e-07 -0.00138866606579804 -0.000120824256821513 -34696.8145015897 399616.663390222 1.34558450957977e-16 4.48528169859923e-17
