0 -0.00139 0 0 400000 1.33808e-16 4.46026666666667e-17
4.41295546558704e-10 -0.0013676145942654 0.000173679381965088 50726.5616187748 393567.039865842 1.31690654758823e-16 4.38968849196078e-17
8.82591093117409e-10 -0.00132320379385289 0.000341726745921015 100637.318365958 380804.577037744 1.2974357843802e-16 4.32478594793399e-17
1.32388663967611e-09 -0.00125748183103393 0.000501439486885335 148929.5854705 361917.862552174 1.28091522082257e-16 4.26971740274191e-17
1.76518218623482e-09 -0.00117150567272538 0.000650249040619196 194826.70735972 337210.64011251 1.26840334524492e-16 4.22801115081641e-17
2.20647773279352e-09 -0.00106665802192449 0.000785762192305717 237590.548145154 307080.2611612 1.26070180549865e-16 4.20233935166215e-17
2.64777327935223e-09 -0.000944625080525637 0.000905799565188766 276533.362619412 272011.294514799 1.25830404661136e-16 4.19434682203787e-17
3.08906882591093e-09 -0.000807369431146517 0.00100843067018243 311028.856849931 232567.733334261 1.26136369529141e-16 4.20454565097138e-17
3.53036437246964e-09 -0.000657098474088738 0.00109200495276933 340522.260488729 189383.924761146 1.26968471691752e-16 4.23228238972506e-17
3.97165991902834e-09 -0.000496228927042485 0.00115517833787917 364539.248811234 143154.368092934 1.28273397566471e-16 4.27577991888236e-17
4.41295546558705e-09 -0.00032734795846513 0.00119693484584206 382693.570996391 94622.5455672902 1.29967539302724e-16 4.3322513100908e-17
4.85425101214575e-09 -0.000153171579702364 0.00121660293178034 394693.261967002 44568.9653830793 1.31942351616921e-16 4.39807838723069e-17
5.29554655870445e-09 2.3499034993581e-05 0.00121386628566212 400345.337888977 -6201.39074495673 1.34071306392731e-16 4.46904354642438e-17
5.73684210526316e-09 0.000199822598069665 0.00118876891932585 399558.899814611 -56872.0136243961 1.36217999458683e-16 4.54059998195609e-17
6.17813765182186e-09 0.000372963403395933 0.00114171445866431 392346.595555857 -106627.998012848 1.38244890134063e-16 4.60816300446876e-17
6.61943319838057e-09 0.000540136931226738 0.00107345965235143 378824.416277144 -154669.148250295 1.40022113592064e-16 4.66740378640212e-17
7.06072874493927e-09 0.000698654629962022 0.00098510220150714 359209.831079039 -200222.847326047 1.41435801423612e-16 4.71452671412039e-17
7.50202429149798e-09 0.00084596715451048 0.000878063106028541 333818.289573111 -242556.482414808 1.42395377295393e-16 4.74651257651309e-17
7.94331983805668e-09 0.000979705365877905 0.000754063811500655 303058.148694991 -280989.227049428 1.42839360262276e-16 4.76131200874255e-17
8.38461538461539e-09 0.00109771843260895 0.000615098524219388 267424.105344654 -314902.990444707 1.42739303910354e-16 4.75797679701179e-17
8.82591093117409e-09 0.00119810842131963 0.00046340213956752 227489.240472829 -343752.35788084 1.42101618945921e-16 4.73672063153069e-17
9.2672064777328e-09 0.00127926082002184 0.000301414299532453 183895.802563725 -367073.362281297 1.40967162455385e-16 4.69890541517951e-17
9.7085020242915e-09 0.00133987050335147 0.000131740157407099 137344.878737793 -384490.945917086 1.39408620152612e-16 4.64695400508706e-17
1.01497975708502e-08 0.00137896272211702 -4.28915193283172e-05 88585.1195879824 -395724.992235302 1.37525849335619e-16 4.58419497785396e-17
1.05910931174089e-08 0.00139590877960629 -0.000219672234137296 38400.6990811993 -400594.830805668 1.35439480933858e-16 4.51464936446194e-17
1.10323886639676e-08 0.00139043614253865 -0.000395758928792702 -12401.2968413667 -399022.142934728 1.33283190569031e-16 4.4427730189677e-17
1.14736842105263e-08 0.00136263282405429 -0.000568319706577351 -63003.8501434518 -391032.221218423 1.3119513382998e-16 4.37317112766599e-17
1.1914979757085e-08 0.00131294596825174 -0.000734579375980721 -112593.150304859 -376753.562776444 1.29309094511793e-16 4.3103031503931e-17
1.23562753036437e-08 0.00124217465903742 -0.000891864082439837 -160371.682348039 -356415.802710108 1.27745912959924e-16 4.25819709866413e-17
1.27975708502024e-08 0.00115145706893838 -0.00103764431033879 -205571.052793238 -330346.021018727 1.26605743713524e-16 4.22019145711748e-17
1.32388663967611e-08 0.00104225215455605 -0.00116957556369152 -247464.347270047 -298963.482368117 1.25961638508198e-16 4.19872128360659e-17
1.36801619433198e-08 0.000916316193042127 -0.00128553607126486 -285377.821045321 -262772.893308399 1.25854865781335e-16 4.19516219271118e-17
1.41214574898786e-08 0.000775674536946291 -0.00138366090975293 -318701.734455702 -222356.285381205 1.26292266563808e-16 4.20974221879361e-17
1.45627530364373e-08 0.000622589041685712 -0.0014623719962203 -346900.158984981 -178363.654655419 1.27245816168566e-16 4.24152720561887e-17
1.5004048582996e-08 0.000459521689480714 -0.00152040346746358 -369519.596281051 -131502.508230181 1.28654419759179e-16 4.2884806586393e-17
1.54453441295547e-08 0.00028909499477109 -0.00155682203813017 -386196.271497955 -82526.4858224753 1.30427826754518e-16 4.34759422515061e-17
1.58866396761134e-08 0.000114049827888999 -0.00157104201018699 -396661.983668592 -32223.2394314996 1.32452413269929e-16 4.41508044233096e-17
1.63279352226721e-08 -6.27986647149851e-05 -0.00156283469235065 -400748.419020038 18598.2339961167 1.34598462108338e-16 4.48661540361127e-17
1.67692307692308e-08 -0.000238606334784094 -0.00153233207799227 -398389.857863027 69120.6031790762 1.3672847386531e-16 4.55761579551033e-17
1.72105263157895e-08 -0.000410545772986243 -0.00148002472236724 -389624.231522301 118531.347150286 1.38705976647576e-16 4.6235325549192e-17
1.76518218623482e-08 -0.000575851780442822 -0.00140675385330922 -374592.512309863 166035.82254433 1.40404269957941e-16 4.68014233193136e-17
1.80931174089069e-08 -0.000731865839764069 -0.00131369784226731 -353536.446351816 210870.043370201 1.41714542517484e-16 4.72381808391614e-17
1.85344129554656e-08 -0.000876078870390028 -0.0012023532532647 -326794.665730385 252312.967739849 1.42552843908414e-16 4.7517614636138e-17
1.89757085020243e-08 -0.00100617158062859 -0.00107451077455692 -294797.242467207 289698.093952493 1.42865463357738e-16 4.7621821119246e-17
1.9417004048583e-08 -0.00112005176743299 -0.000932226420066416 -258058.7719329 322424.179441792 1.4263237103793e-16 4.75441236793099e-17
1.98582995951417e-08 -0.00121588796404876 -0.000777788463743561 -217170.096918307 349964.910199496 1.41868501397161e-16 4.72895004657203e-17
2.02995951417004e-08 -0.00129213889439531 -0.000613680638628924 -172788.805464198 371877.365168032 1.40622796294905e-16 4.68742654316351e-17
2.07408906882591e-08 -0.00134757826048486 -0.000442542192464168 -125628.655267138 387809.139474263 1.38975069250127e-16 4.63250230833757e-17
2.11821862348178e-08 -0.00138131446423761 -0.000267125442253294 -76448.0947424754 397504.011945743 1.37030891712681e-16 4.56769639042271e-17
2.16234817813765e-08 -0.00139280494651902 -9.02515103987258e-05 -26038.0653532856 400806.065762186 1.3491482899941e-16 4.49716096664701e-17
2.20647773279352e-08 -0.00138186491279299 8.52350457185547e-05 24790.718626875 397662.195972186 1.32762459274994e-16 4.42541530916646e-17
2.25060728744939e-08 -0.00134867030506158 0.00025651198104959 75220.808345476 388122.963548309 1.30711686929088e-16 4.35705623096959e-17
2.29473684210526e-08 -0.00129375497229532 0.000420824751352166 124441.166910713 372341.782245288 1.28893906910003e-16 4.29646356366677e-17
2.33886639676114e-08 -0.00121800208486029 0.00057553081287406 171660.212811488 350572.451338603 1.27425586124525e-16 4.24751953748418e-17
2.38299595141701e-08 -0.00112262993101879 0.000718142120799563 216118.550448169 323165.073922929 1.26400801291651e-16 4.21336004305504e-17
2.42712550607288e-08 -0.00100917232392975 0.000846365142982263 257101.183036638 290560.42641401 1.25885211357101e-16 4.19617371190337e-17
2.47125506072875e-08 -0.000879453934251464 0.000958137745447205 293949.011472807 253282.869805876 1.25911850661784e-16 4.19706168872612e-17
2.51538461538462e-08 -0.000735560945057609 0.00105166235645502 326069.434228277 211931.916687427 1.26479012399934e-16 4.2159670799978e-17
2.55951417004049e-08 -0.000579807501005855 0.00112543487577026 352945.877805352 167172.589640963 1.27550357975795e-16 4.25167859919316e-17
2.60364372469636e-08 -0.000414698491337058 0.00117826886420355 374146.104478833 119724.726082788 1.29057245252249e-16 4.30190817507497e-17
2.64777327935223e-08 -0.000242889265243693 0.0012093146244016 389329.163716156 70351.4015497034 1.30903126518287e-16 4.36343755060956e-17
2.6919028340081e-08 -6.71429274811091e-05 0.00121807286602018 398250.875480352 19846.6576127407 1.32969734393316e-16 4.43232447977722e-17
2.73603238866397e-08 0.000109714098989318 0.00120440273551134 400767.75723115 -30977.2682172697 1.3512465933151e-16 4.50415531105033e-17
2.78016194331984e-08 0.000284837528665761 0.00116852408138657 396839.331468639 -81303.0052185129 1.37229833228217e-16 4.5743277742739e-17
2.82429149797571e-08 0.000455410956444058 0.001111013918525 386528.776708618 -130321.194741361 1.39150375575664e-16 4.63834585252213e-17
2.86842105263158e-08 0.000618691152172097 0.00103279714838912 370001.911420417 -177243.506638192 1.40763235386268e-16 4.69210784620894e-17
2.91255060728745e-08 0.000772052178375336 0.000935131684389195 347524.527267893 -221315.317504418 1.41965075187262e-16 4.73216917290873e-17
2.95668016194332e-08 0.00091302762163453 0.000819588221616215 319458.114541476 -261827.846834182 1.42678891951544e-16 4.75596306505148e-17
3.00080971659919e-08 0.00103935025843372 0.000688024976294635 286254.048526613 -298129.555912205 1.42858950755376e-16 4.7619650251792e-17
3.04493927125506e-08 0.00114898851755649 0.000542557801205139 248446.330305717 -329636.626120233 1.42493715058746e-16 4.7497905019582e-17
3.08906882591093e-08 0.00124017915262754 0.000385526157693177 206642.998738984 -355842.348141787 1.41606585862539e-16 4.72021952875129e-17
3.1331983805668e-08 0.00131145559934682 0.000219455491515032 161516.351740025 -376325.271064237 1.40254402383995e-16 4.67514674613316e-17
3.17732793522267e-08 0.00136167156136371 4.70166176081467e-05 113792.134111669 -390755.980321106 1.38523800313626e-16 4.61746001045421e-17
3.22145748987854e-08 0.00139001944547383 -0.000129017233023922 64237.8658275108 -398902.395469001 1.3652566098355e-16 4.55085536611835e-17
3.26558704453442e-08 0.00139604334965625 -0.000305815013522729 13650.4984684229 -400633.502598214 1.34388007094345e-16 4.47960023647818e-17
3.30971659919029e-08 0.00137964639507233 -0.000480533391203883 -37156.4016718118 -395921.461350871 1.32247800178011e-16 4.4082600059337e-17
3.35384615384616e-08 0.00134109228410998 -0.000650362475171564 -87365.7376853377 -384842.052660709 1.30242165341441e-16 4.34140551138136e-17
3.39797570850203e-08 0.00128100105941625 -0.000812571006108811 -136170.022929811 -367573.460013761 1.28499605529493e-16 4.28332018431644e-17
3.4421052631579e-08 0.00120033913212333 -0.000964550281483275 -182784.367351847 -344393.403830206 1.2713176821824e-16 4.23772560727466e-17
3.48623481781377e-08 0.00110040373963777 -0.0011038561097457 -226459.100403078 -315674.675053383 1.26226292054247e-16 4.20754306847491e-17
3.53036437246964e-08 0.000982802082949176 -0.00122824811879691 -266491.827542033 -281879.139776606 1.25841191762554e-16 4.19470639208514e-17
3.57449392712551e-08 0.000849425478980538 -0.00133572578654883 -302238.726424346 -243550.311327744 1.26001141087676e-16 4.20003803625585e-17
3.61862348178138e-08 0.000702418943672249 -0.00142456061412156 -333124.901111443 -201304.6092703 1.26695891923161e-16 4.22319639743869e-17
3.66275303643725e-08 0.000544146694977058 -0.00149332392425433 -358653.627777176 -155821.44589721 1.27880930917589e-16 4.26269769725296e-17
3.70688259109312e-08 0.000377154130560464 -0.00154090983786522 -378414.343219255 -107832.29965036 1.29480331487626e-16 4.31601104958755e-17
3.75101214574899e-08 0.000204126891696449 -0.0015665530592412 -392089.247701025 -58108.9511914476 1.3139161850694e-16 4.37972061689799e-17
3.79514170040486e-08 2.7847671709352e-05 -0.00156984118383022 -399458.415934063 -7451.07131640395 1.33492333985683e-16 4.44974446618944e-17
3.83927125506073e-08 -0.000148848536414183 -0.00155072133069629 -400403.334004707 43326.6396704777 1.35647883071192e-16 4.52159610237308e-17
3.8834008097166e-08 -0.000323120033517366 -0.00150950099297185 -394908.80536226 93407.5542929912 1.37720157669101e-16 4.59067192230336e-17
3.92753036437247e-08 -0.000492164115616736 -0.00144684309263016 -383063.195216003 141986.251233015 1.39576385161218e-16 4.65254617204061e-17
3.97165991902834e-08 -0.000653262148109641 -0.00136375531910868 -365057.009410528 188281.468438587 1.41097635274339e-16 4.70325450914464e-17
4.01578947368421e-08 -0.000803823287944285 -0.00126157392324416 -341179.830634469 231548.667692993 1.42186440056753e-16 4.73954800189176e-17
4.05991902834008e-08 -0.000941426150594895 -0.00114194222715172 -311815.661235785 271092.008576433 1.42773038743256e-16 4.75910129144187e-17
4.10404858299595e-08 -0.00106385775173703 -0.00100678419566073 -277436.74754226 306275.53925022 1.42819847394196e-16 4.76066157980653e-17
4.14817813765182e-08 -0.00116914909734741 -0.000858273494342175 -238595.98500701 336533.424088846 1.42323866934476e-16 4.74412889781585e-17
4.1923076923077e-08 -0.00125560684985408 -0.000698798531748739 -195918.02632246 361379.043675034 1.4131687530717e-16 4.71056251023901e-17
4.23643724696357e-08 -0.00132184056106913 -0.000530924048072326 -150089.235505671 380412.820808017 1.39863391430279e-16 4.66211304767596e-17
4.28056680161944e-08 -0.00136678503393311 -0.00035734986796552 -101846.649517447 393328.646664048 1.38056541407854e-16 4.60188471359515e-17
4.32469635627531e-08 -0.00138971745344054 -0.000180867480880684 -51966.1249388639 399918.803761049 1.36012091851329e-16 4.53373639504429e-17
4.36882591093118e-08 -0.00139026901124026 -4.31514721906502e-06 -1249.86033513498 400077.306554312 1.33861032601841e-16 4.46203442006137e-17
4.41295546558705e-08 -0.00136843083695891 0.000169467747709244 49486.5050228669 393801.605938461 1.31741184085664e-16 4.39137280285547e-17
4.45708502024292e-08 -0.00132455414085789 0.00033768635781656 99427.0085958914 381192.630243186 1.29788367027495e-16 4.32627890091651e-17
4.50121457489879e-08 -0.00125934456552928 0.000497635324071276 147768.487212526 362453.162063438 1.28127700286544e-16 4.27092334288481e-17
4.54534412955466e-08 -0.00117385083746923 0.000646742283164849 193733.493860853 337884.577028555 1.26865584371393e-16 4.22885281237976e-17
4.58947368421053e-08 -0.00106944790103856 0.000782609237288343 236582.800902535 307881.996958743 1.26082884257505e-16 4.20276280858349e-17
4.6336032388664e-08 -0.000947814806057134 0.000903051119693193 275627.288627632 272927.935357779 1.258297482908e-16 4.19432494302668e-17
4.67773279352227e-08 -0.000810907704652482 0.00100613093580942 310239.027953661 233584.537437679 1.26122395135106e-16 4.20407983783687e-17
4.72186234817814e-08 -0.000660928391638151 0.00109019091476773 339861.379032474 190484.539474348 1.26942074626827e-16 4.23140248756088e-17
4.76599190283401e-08 -0.000500288894368066 0.00115387917033435 364017.943355148 144321.092889486 1.28236269115887e-16 4.2745423038629e-17
4.81012145748988e-08 -0.000331572681547 0.00119617144248658 382320.225383517 95836.616711934 1.2992205832187e-16 4.33073527739566e-17
4.85425101214575e-08 -0.000157493114852614 0.00121638756997257 394473.880490949 45810.8576976307 1.31891432115798e-16 4.39638107052662e-17
4.89838056680162e-08 1.91501884333015e-05 0.00121420242893688 400283.448730468 -4951.64986987378 1.34018210832546e-16 4.46727369441819e-17
4.94251012145749e-08 0.000195516379990735 0.00118965116169242 399655.498299871 -55634.5230218502 1.36166129722826e-16 4.53887099076088e-17
4.98663967611336e-08 0.00036876906812143 0.00114312861154776 392600.128149374 -105422.65950212 1.3819756956619e-16 4.60658565220634e-17
5.03076923076923e-08 0.000536121933735686 0.00107538297277895 379230.80556625 -153515.346567855 1.39982374066279e-16 4.66607913554264e-17
5.07489878542511e-08 0.000694883541051419 0.000987503757869646 359762.541348495 -199139.138372459 1.41406189089393e-16 4.71353963631308e-17
5.11902834008098e-08 0.000842500622341886 0.000880904275535181 334508.431915095 -241560.294831311 1.42377789443353e-16 4.74592631477844e-17
5.16315789473685e-08 0.000976599140609431 0.000757298901326003 303874.62396407 -280096.58192355 1.42834923762941e-16 4.76116412543137e-17
5.20728744939272e-08 0.00109502246979889 0.000618675506353751 268353.782658687 -314128.243652718 1.42748303014484e-16 4.75827676714948e-17
5.25141700404859e-08 0.00119586607852119 0.000467263487552221 228517.168389069 -343107.969210808 1.42123477072297e-16 4.73744923574322e-17
5.29554655870446e-08 0.0012775081594896 0.000305497913623368 185005.449533908 -366569.695049785 1.41000479132915e-16 4.70001597109717e-17
5.33967611336033e-08 0.00133863571207376 0.000135980363287603 138518.398975112 -384136.100302148 1.39451260749858e-16 4.64837535832859e-17
5.3838056680162e-08 0.00137826565850149 -3.85629143467005e-05 89803.6400701796 -395524.675006173 1.37575081828677e-16 4.58583606095589e-17
5.42793522267207e-08 0.00139576065410907 -0.000215324844412774 39644.6230740633 -400552.263544222 1.35492150949745e-16 4.51640503165818e-17
5.47206477732794e-08 0.00139083933737328 -0.000391462670787239 -11151.974621476 -399138.010224704 1.33335923489386e-16 4.44453078297952e-17
5.51619433198381e-08 0.00136358085488003 -0.000564143674432133 -61769.2217966225 -391304.659635679 1.3124455100609e-16 4.37481836686967e-17
5.56032388663968e-08 0.00131442358845732 -0.000730590730316523 -111393.07161843 -377178.190857286 1.29352029737857e-16 4.31173432459523e-17
5.60445344129555e-08 0.00124415810494316 -0.000888126970253027 -159225.45346788 -356985.791415747 1.27779615334887e-16 4.2593205111629e-17
5.64858299595142e-08 0.00115391444197317 -0.00103421883336365 -204497.107831075 -331052.203562611 1.26628053893944e-16 4.22093512979814e-17
5.69271255060729e-08 0.00104514393426297 -0.00116651681182011 -246479.9578387 -299794.501639867 1.25971127059447e-16 4.19903756864825e-17
5.73684210526316e-08 0.00091959587266225 -0.0012828932365693 -284498.818489712 -263715.384523399 1.25850924762849e-16 4.1950308254283e-17
5.78097165991903e-08 0.000779289371358996 -0.00138147649535881 -317942.255246824 -223395.091018423 1.26275148480414e-16 4.20917161601381e-17
5.8251012145749e-08 0.000626480895676827 -0.00146068113275441 -346272.417371519 -179482.068226727 1.27216617792263e-16 4.24055392640876e-17
5.86923076923077e-08 0.000463627972696307 -0.00151923334806909 -369033.68785494 -132682.542960784 1.286150118579e-16 4.28716706193001e-17
5.91336032388664e-08 0.000293349668320598 -0.00155619148113563 -385860.010833029 -83749.1639214271 1.30380734230242e-16 4.3460244743414e-17
5.95748987854251e-08 0.000118384466409102 -0.00157096115646241 -396480.778643482 -33468.897300131 1.32400653385787e-16 4.41335511285958e-17
6.00161943319838e-08 -5.84537726162771e-05 -0.001563304842218 -400725.183846501 17349.62952633 1.34545351169681e-16 4.48484503898937e-17
6.04574898785425e-08 -0.000234321065400926 -0.00153334567031316 -398524.966218425 67889.1326650778 1.36677414740844e-16 4.55591382469479e-17
6.08987854251012e-08 -0.000406389043736381 -0.0014815654561442 -389915.510539975 117336.815593883 1.38660240744307e-16 4.62200802481022e-17
6.13400809716599e-08 -0.000571890441510147 -0.00140879694984483 -375035.27752404 164897.440880227 1.40366787618994e-16 4.67889292063313e-17
6.17813765182186e-08 -0.000728163598987161 -0.00131621044366516 -354123.577035067 209806.119508053 1.41687715272214e-16 4.72292384240714e-17
6.22226720647773e-08 -0.0008726952686872 -0.00120529495086324 -327516.719412014 251340.612129134 1.42538390604119e-16 4.75127968680398e-17
6.2663967611336e-08 -0.001003161034437 -0.00107783425879769 -295642.606790841 288832.944405411 1.42864310031467e-16 4.76214366771557e-17
6.31052631578947e-08 -0.00111746269356172 -0.000935878241345352 -259013.851411058 321680.149639709 1.42644591584401e-16 4.75481971948004e-17
6.35465587044534e-08 -0.00121376200102031 -0.000781709892008903 -218219.53158047 349353.965927551 1.41893312834259e-16 4.72977709447529e-17
6.39878542510121e-08 -0.0012905102327982 -0.000617808607901421 -173915.717882002 371409.331876588 1.40658608930091e-16 4.68862029766971e-17
6.44291497975708e-08 -0.0013464730931069 -0.000446810315089408 -126814.921983937 387491.544262084 1.39019588533566e-16 4.63398628445219e-17
6.48704453441295e-08 -0.00138075056482301 -0.000271465076574537 -77674.6377420252 397341.962506176 1.37081265251245e-16 4.56937550837482e-17
6.53117408906882e-08 -0.00139279138392392 -9.45928646795087e-05 -27285.1588800391 400802.168239192 1.34967829312238e-16 4.49892764374126e-17
6.57530364372469e-08 -0.00138240190513648 8.09617908757733e-05 23543.1308302707 397816.51304729 1.32814690581282e-16 4.4271563527094e-17
6.61943319838056e-08 -0.00134974921621781 0.000252375549839927 73992.7904854195 388433.013432531 1.30759802719019e-16 4.35866009063396e-17
6.66356275303643e-08 -0.00129535845078314 0.000416891667518295 123252.468462049 372802.578592266 1.28934824358834e-16 4.29782747862779e-17
6.7076923076923e-08 -0.00122010434289674 0.000571864329844749 170529.950898545 351176.583437011 1.27456683612121e-16 4.24855612040402e-17
6.75182186234817e-08 -0.00112519715924851 0.000714801204422714 215064.902395516 323902.825878506 1.26420086372197e-16 4.21400287907325e-17
6.79595141700404e-08 -0.0010121632351606 0.000843403523212535 256141.09403407 291419.933404457 1.25891448417018e-16 4.19638161390059e-17
6.84008097165991e-08 -0.000882820427451671 0.000955603052239375 293097.922056021 254250.308895683 1.25904640086668e-16 4.19682133622227e-17
6.88421052631578e-08 -0.000739248878935795 0.00104959535375998 325341.031957994 212991.729133851 1.2645881617824e-16 4.215293872608e-17
6.92834008097165e-08 -0.000583757564732981 0.00112386880595285 352351.877138489 168307.73111596 1.27518470098789e-16 4.25061566995963e-17
6.97246963562752e-08 -0.000418847158406914 0.00117722891342554 373696.058371913 120916.940786719 1.29015708806752e-16 4.30052362689172e-17
7.01659919028339e-08 -0.000247169815131603 0.00120881751756771 389030.309990841 71581.5158084156 1.30854602784142e-16 4.36182009280472e-17
7.06072874493926e-08 -7.14865186701195e-05 0.00121812659780153 398108.020421894 21094.8882362665 1.32917332332644e-16 4.43057774442145e-17
7.10485829959513e-08 0.000105377321871601 0.00120500644177192 400783.198291789 -29730.9957735288 1.35071736394524e-16 4.50239121315081e-17
7.148987854251e-08 0.000280577311405112 0.0011696680530806 397012.820319056 -80078.7340069241 1.37179780238178e-16 4.57265934127259e-17
7.19311740890687e-08 0.000451295813559976 0.00111267975784173 386857.523231666 -129138.613981668 1.39106399475581e-16 4.63687998251936e-17
7.23724696356274e-08 0.000614787265039882 0.00103495806463376 370480.628582906 -176121.635067601 1.40728153766991e-16 4.6909384588997e-17
7.28137651821861e-08 0.000768422330870714 0.000937752924841607 348145.516148765 -220272.197510653 1.41941135761737e-16 4.7313711920579e-17
7.32550607287448e-08 0.000909730190418225 0.000822627630438071 320211.388148948 -260880.25429058 1.42667628541693e-16 4.75558761805642e-17
7.36963562753035e-08 0.00103643827411464 0.000691433672496479 287127.492412966 -297292.730381407 1.42861085018654e-16 4.76203616728848e-17
7.41376518218622e-08 0.00114650881183221 0.000546280964770031 249425.8973967 -328924.025765437 1.42509110250862e-16 4.75030367502874e-17
7.45789473684209e-08 0.00123817160511824 0.000389503911214152 207712.935244486 -355265.433287177 1.41634255598789e-16 4.72114185329296e-17
7.50202429149796e-08 0.00130995249623523 0.00022362386316753 162659.450512829 -375893.319885464 1.40292573837877e-16 4.67641912792924e-17
7.54615384615383e-08 0.00136069707615582 5.1308569970506e-05 114990.011379689 -390475.939629953 1.38570027803532e-16 4.61900092678441e-17
7.5902834008097e-08 0.00138958925023088 -0.000124670724847814 65471.2568489698 -398778.768991973 1.36576982669928e-16 4.5525660889976e-17
7.63441295546557e-08 0.00139616436295035 -0.000301483851817421 14899.5673551437 -400668.278545807 1.34441134747595e-16 4.48137115825317e-17
7.67854251012144e-08 0.00138031667071925 -0.000476287231445837 -35911.7429457121 -396114.080442374 1.32299329858507e-16 4.40997766195022e-17
7.72267206477731e-08 0.00134230104246842 -0.000646269605801897 -86145.5062197731 -385189.417118779 1.30288795493201e-16 4.34295984977337e-17
7.76680161943318e-08 0.00128272886075039 -0.000808697250291247 -134993.842975712 -368069.983384122 1.28538348514035e-16 4.2846116171345e-17
7.81093117408905e-08 0.00120255818924041 -0.000960957938509672 -181671.154706103 -345031.10082524 1.27160141735438e-16 4.23867139118128e-17
7.85506072874492e-08 0.00110307836477286 -0.0011006029531139 -225426.758197116 -316443.289974723 1.26242478185681e-16 4.20808260618936e-17
7.89919028340079e-08 0.000985889261710113 -0.00122538646707423 -265556.958316492 -282766.311451383 1.2584415344728e-16 4.19480511490932e-17
7.94331983805666e-08 0.00085287556212258 -0.00133330166196389 -301416.365120373 -244541.771905919 1.25990688567716e-16 4.19968961892386e-17
7.98744939271253e-08 0.000706176445577117 -0.00142261300241638 -332428.273272748 -202384.413685937 1.26672694901481e-16 4.22242316338269e-17
8.0315789473684e-08 0.000548151185994856 -0.00149188414770008 -358093.936851546 -156972.228303413 1.27846475649584e-16 4.26154918831947e-17
8.07570850202427e-08 0.000381341208863504 -0.00154000105152482 -378000.59038022 -109035.552703774 1.29436825555318e-16 4.31456085184392e-17
8.11983805668014e-08 0.000208429219015226 -0.0015661898785804 -391828.087087383 -59345.3236947619 1.31341849377077e-16 4.37806164590257e-17
8.16396761133601e-08 3.21960562935513e-05 -0.0015700294496658 -399354.047635354 -8700.67943205716 1.33439490414083e-16 4.44798301380276e-17
8.20809716599188e-08 -0.000144524027026256 -0.00155145801526171 -400457.436513692 42083.8926404639 1.35595350796097e-16 4.51984502653658e-17
8.25222672064775e-08 -0.000318888947816943 -0.00151077424861102 -395120.508580731 92191.6547038692 1.37671302483689e-16 4.58904341612296e-17
8.29635627530362e-08 -0.000488094499617905 -0.00144863244233615 -383429.09444805 140816.753668744 1.39534337264009e-16 4.65114457546697e-17
8.34048582995949e-08 -0.000649419451006105 -0.00136603198584318 -365571.220118216 187177.181227188 1.41065088714378e-16 4.70216962381261e-17
8.38461538461535e-08 -0.000800269309529232 -0.00126430129274131 -341834.083075343 230527.350423485 1.42165480123308e-16 4.73884933744359e-17
8.42874493927122e-08 -0.000938218047371978 -0.00114507643676342 -312599.433460168 270170.086482013 1.42765008359337e-16 4.75883361197791e-17
8.47287449392709e-08 -0.00106104711770659 -0.00101027483977327 -278337.434611469 305467.839051089 1.42825261074192e-16 4.76084203580639e-17
8.51700404858296e-08 -0.00116678113425113 -0.000862064435019491 -239599.101711022 335852.935542957 1.42342377818724e-16 4.7447459272908e-17
8.56113360323883e-08 -0.00125371964022246 -0.00070282880156522 -197007.440136856 360836.710671605 1.41347297385589e-16 4.71157657951963e-17
8.6052631578947e-08 -0.00132046445576298 -0.000535128830615324 -151247.426041358 380017.365363525 1.39903775531167e-16 4.66345918437222e-17
8.64939271255057e-08 -0.00136594216402885 -0.000361661540238854 -103054.990290565 393086.428651267 1.3810430008319e-16 4.60347666943967e-17
8.69352226720644e-08 -0.00138942137430942 -0.000185216700844741 -53205.1829293582 399833.718627028 1.36064165157043e-16 4.53547217190144e-17
8.73765182186231e-08 -0.00139052448454539 -8.63196897723508e-06 -2499.70851636371 400150.722672238 1.33914084151365e-16 4.46380280504548e-17
8.78178137651818e-08 -0.00136923375407632 0.000165252749012652 48245.9672097127 394032.342600936 1.31791814815409e-16 4.39306049384697e-17
8.82591093117405e-08 -0.00132589158895307 0.000333640969477998 98215.7319765541 381576.976650832 1.29833332978116e-16 4.32777776593719e-17
8.87004048582992e-08 -0.00126119503522653 0.000493824605645517 146605.952022515 362984.937003459 1.28164120446518e-16 4.27213734821727e-17
8.91417004048579e-08 -0.00117618456877407 0.000643227520151181 192638.396456497 338555.228283477 1.26891125266189e-16 4.22970417553965e-17
8.95829959514166e-08 -0.00107222736194987 0.000779446955512636 235572.753078698 308680.7388466 1.26095909457533e-16 4.20319698191776e-17
9.00242914979753e-08 -0.000950995296171821 0.000900292176236937 274718.534377775 273841.922191766 1.2582942325902e-16 4.194314108634e-17
9.0465587044534e-08 -0.00081443807405526 0.00100381970110578 309446.182227436 234599.070115629 1.26108740696614e-16 4.20362468988714e-17
9.09068825910927e-08 -0.000664751863514953 0.00108836455901848 339197.192692255 191583.301875581 1.26915965634575e-16 4.23053218781916e-17
9.13481781376514e-08 -0.000504343978113497 0.0011525670657238 363493.098111555 145486.414277193 1.28199378398015e-16 4.27331261326716e-17
9.17894736842101e-08 -0.000335794161680873 0.00119539469080637 381943.162007872 97049.7559210382 1.29876749502003e-16 4.3292249834001e-17
9.22307692307688e-08 -0.000161813099841409 0.00121615866325418 394250.663067411 47052.3045377086 1.3184060817342e-16 4.394686939114e-17
9.26720647773275e-08 1.48011743176176e-05 0.00121452504854979 400217.667131005 -3701.86084389945 1.3396512810632e-16 4.46550427021066e-17
9.31133603238862e-08 0.000191208279334235 0.00119052011913886 399748.210450499 -54396.49141743 1.36114189273862e-16 4.53713964246207e-17
9.35546558704449e-08 0.000364571165523557 0.0011445299319062 392849.843016171 -104216.295839144 1.38150099268798e-16 4.60500330895993e-17
9.39959514170036e-08 0.000532101741546588 0.00107729411945439 379633.507134759 -152360.052069702 1.39942415387877e-16 4.66474717959591e-17
9.44372469635623e-08 0.000691105713611306 0.000989893995036149 360311.753210875 -198053.492947752 1.41376302220776e-16 4.71254340735921e-17
9.4878542510121e-08 0.000839025916184048 0.000883735162441741 335195.321426306 -240561.758264394 1.42359889264819e-16 4.74532964216062e-17
9.53198380566797e-08 0.000973483437349346 0.000760524910516084 304688.144292007 -279201.21307924 1.42830157156071e-16 4.76100523853569e-17
9.57611336032384e-08 0.00109231587742372 0.000622244755856073 269280.850443755 -313350.442211218 1.42756975380346e-16 4.75856584601152e-17
9.62024291497971e-08 0.00119361212553305 0.00047111857526739 229542.87415601 -342460.244086282 1.42145032764103e-16 4.73816775880342e-17
9.66437246963558e-08 0.00127574309486278 0.000309576840487421 186113.297471952 -366062.463216993 1.41033537056848e-16 4.70111790189492e-17
9.70850202429145e-08 0.0013373879222842 0.000140217530365773 139690.572230209 -383777.519266487 1.39493702853069e-16 4.6497900951023e-17
9.75263157894732e-08 0.00137755521100413 -3.42356508716516e-05 91021.2872827787 -395320.511611412 1.37624188804966e-16 4.58747296016552e-17
9.79676113360319e-08 0.00139559897460499 -0.000210977077324409 40888.161554224 -400505.801227809 1.35544776468109e-16 4.51815921560365e-17
9.84089068825906e-08 0.00139122902605697 -0.000387164322616438 -9902.54395742407 -399249.996212212 1.33388695782462e-16 4.44628985941538e-17
9.88502024291493e-08 0.00136451564462209 -0.00055996387293496 -60533.99279281 -391573.292923624 1.31294088902518e-16 4.37646963008394e-17
9.9291497975708e-08 0.00131588844559488 -0.000726596696733978 -110191.909722202 -377599.15117759 1.29395159297169e-16 4.31317197657229e-17
9.97327935222667e-08 0.0012461294710573 -0.000884382938232137 -158077.67624572 -357552.308716012 1.2781357320491e-16 4.26045244016368e-17
1.00174089068825e-07 0.00115636061276484 -0.00103078501592625 -203421.174295765 -331755.166884818 1.26650664361424e-16 4.22168881204746e-17
1.00615384615384e-07 0.00104802556943421 -0.0011634484329929 -245493.171584089 -300622.605646446 1.25980941450077e-16 4.19936471500258e-17
1.01056680161943e-07 0.000922866628602604 -0.00128023964324896 -283617.049407391 -264655.311314198 1.25847314259221e-16 4.19491047530738e-17
1.01497975708501e-07 0.000782896646462038 -0.00137928036369544 -317179.684300181 -224431.724314506 1.26258344410955e-16 4.20861148036516e-17
1.0193927125506e-07 0.000630366676300232 -0.00145897778181662 -345641.3085318 -180598.736476426 1.27187696809796e-16 4.23958989365985e-17
1.02380566801619e-07 0.000467729766160473 -0.00151805017182856 -368544.19086716 -133861.287458264 1.28575826957471e-16 4.28586089858236e-17
1.02821862348178e-07 0.000297601507940941 -0.00155554750790634 -385519.997983711 -84971.0276257877 1.3033379602595e-16 4.34445986753166e-17
1.03263157894736e-07 0.000122717972398685 -0.00157086674287963 -396295.718155386 -34714.2297101231 1.32348969253336e-16 4.41163230844453e-17
1.03704453441295e-07 -5.41082934356334e-05 -0.00156376150667877 -400698.051936483 16100.8563450745 1.34492232560937e-16 4.48307441869789e-17
1.04145748987854e-07 -0.000230033498765054 -0.00153434606855681 -398656.199232725 66657.001982788 1.36626265015943e-16 4.55420883386476e-17
1.04587044534412e-07 -0.000402228344008383 -0.00148309349936568 -390202.997936718 116141.143029457 1.38614337115111e-16 4.62047790383705e-17
1.05028340080971e-07 -0.000567923522728726 -0.00141082806344131 -375474.395815821 163757.455718516 1.40329071174991e-16 4.67763570583303e-17
1.0546963562753e-07 -0.000724454258728255 -0.00131871196245466 -354707.264145724 208740.155446803 1.41660602542093e-16 4.72202008473644e-17
1.05910931174088e-07 -0.000869303162045834 -0.00120822664441914 -328235.588251761 250365.812429123 1.42523618726466e-16 4.7507872908822e-17
1.06352226720647e-07 -0.00100014071463017 -0.00108114897845057 -296485.09622321 287964.98618566 1.42862825454631e-16 4.76209418182102e-17
1.06793522267206e-07 -0.00111486273458169 -0.000939522678446746 -259966.412183719 320932.991751783 1.42656489426641e-16 4.75521631422137e-17
1.07234817813765e-07 -0.00121162421644825 -0.000785625435262353 -219266.844229732 348739.624463718 1.41917830789428e-16 4.73059435964759e-17
1.07676113360323e-07 -0.00128886900334143 -0.000621932285972794 -175040.939106564 370937.686922211 1.4069417610932e-16 4.68980587031066e-17
1.08117408906882e-07 -0.00134535481367459 -0.000451075809337106 -127999.955525601 387170.181000136 1.39063926113616e-16 4.63546420378722e-17
1.08558704453441e-07 -0.00138017322003268 -0.00027580378761244 -78900.4254169619 397176.049229289 1.371315324809e-16 4.57105108269666e-17
1.08999999999999e-07 -0.00139276425886561 -9.89350156197667e-05 -28531.9870801343 400794.373231105 1.35020805521951e-16 4.50069351739835e-17
