0 -0.00139 0 0 400000 1.33808e-16 4.46026666666667e-17
4.17624521072797e-10 -0.00136995168569953 0.000164643730205683 48005.5966277294 394238.656731039 1.31908474819346e-16 4.39694916064486e-17
8.35249042145594e-10 -0.00133014382015021 0.000324509959570938 95319.7514529498 382798.952883775 1.30145753105232e-16 4.3381917701744e-17
1.25287356321839e-09 -0.00127114977029764 0.000477296077534545 141260.981757089 365845.658610105 1.28621025618008e-16 4.28736752060027e-17
1.67049808429119e-09 -0.00119381924857187 0.000620801450915704 185167.579545196 343622.958279656 1.27421820827156e-16 4.24739402757187e-17
2.08812260536398e-09 -0.00109926607417497 0.000752959120421942 226407.142363197 316450.933404845 1.26616980254074e-16 4.22056600846913e-17
2.50574712643678e-09 -0.000988852130344141 0.00087186557180413 264385.68201695 284720.952392213 1.26252706557354e-16 4.20842355191181e-17
2.92337164750958e-09 -0.000864167748659588 0.000975808152854002 298556.179996959 248890.033523088 1.26349911224075e-16 4.21166370746916e-17
3.34099616858238e-09 -0.000727008802929221 0.00106328974134733 328426.466381887 209474.26235559 1.26903014125474e-16 4.23010047084915e-17
3.75862068965517e-09 -0.000579350842574944 0.00113305030863156 353566.308738222 167041.358359484 1.2788026384969e-16 4.26267546165634e-17
4.17624521072797e-09 -0.000423320638086747 0.00118408506826978 373613.608912105 122202.497849322 1.29225560422544e-16 4.30751868075147e-17
4.59386973180077e-09 -0.000261165548385586 0.00121565894833969 388279.618458744 75603.5109930741 1.30861675781312e-16 4.36205585937705e-17
5.01149425287356e-09 -9.52211513079046e-05 0.00122731717893774 397353.097589678 27915.5796889019 1.32694687127035e-16 4.42315623756783e-17
5.42911877394636e-09 7.21223965584841e-05 0.00121889184239297 400703.357735114 -20174.4297081198 1.34619368654461e-16 4.48731228848205e-17
5.84674329501916e-09 0.00023845478615582 0.00119050429184535 398282.143898208 -67973.8595681315 1.36525232142091e-16 4.55084107140305e-17
6.26436781609195e-09 0.000401380272501062 0.00114256340335308 390124.329689064 -114794.237582423 1.38302869636365e-16 4.61009565454551e-17
6.68199233716475e-09 0.000558552181458965 0.00107575968670419 376347.41502764 -159961.193076687 1.39850234122016e-16 4.66167447073386e-17
7.09961685823755e-09 0.00070770670973017 0.000991055339756843 357149.833750316 -202824.170213383 1.41078497630574e-16 4.7026165876858e-17
7.51724137931034e-09 0.00084669553122095 0.000889670389558867 332808.095496272 -242765.798180475 1.41917150496591e-16 4.73057168321971e-17
7.93486590038314e-09 0.000973516740153414 0.000773065119861258 303672.80304012 -279210.783404365 1.423180490338e-16 4.74393496779332e-17
8.35249042145594e-09 0.00108634368523145 0.000642919038128262 270163.602434565 -311634.195709285 1.42258179270409e-16 4.74193930901362e-17
8.77011494252874e-09 0.0011835512795536 0.000501106684989813 232763.138697998 -339569.029074635 1.41740978088616e-16 4.72469926962055e-17
9.18773946360153e-09 0.00126373940732177 0.000349670634561435 192010.104105431 -362612.928089969 1.40796135927033e-16 4.6932045309011e-17
9.60536398467433e-09 0.00132575309021054 0.000190792074517662 148491.479210714 -380433.98322408 1.39477892372075e-16 4.64926307906916e-17
1.00229885057471e-08 0.00136869912293366 2.67593896647198e-05 102834.078355375 -392775.511436862 1.37861922481571e-16 4.59539741605238e-17
1.04406130268199e-08 0.00139195893839975 -0.000140064798485474 55695.5214371545 -399459.753277069 1.36040992584214e-16 4.53469975280712e-17
1.08582375478927e-08 0.00139519751715563 -0.000307277661399172 7754.76197507627 -400390.433215368 1.3411963493792e-16 4.47065449793066e-17
1.12758620689655e-08 0.0013783682127915 -0.000472470772320795 -40297.6921012707 -395554.146335263 1.32208146953549e-16 4.40693823178497e-17
1.16934865900383e-08 0.00134171342380591 -0.000633264795706126 -87769.724084762 -385020.551408913 1.30416259464386e-16 4.34720864881285e-17
1.21111111111111e-08 0.00128576110225335 -0.000787343757644365 -133977.577295568 -368941.367576884 1.28846837520561e-16 4.2948945840187e-17
1.25287356321839e-08 0.00121131714946173 -0.000932488403659883 -178255.703473514 -347548.18908303 1.27589975320458e-16 4.25299917734859e-17
1.29463601532567e-08 0.00111945380834687 -0.00106660816342931 -219966.348908059 -321149.149539643 1.26717824265324e-16 4.22392747551081e-17
1.33639846743295e-08 0.00101149421951376 -0.0011877712620147 -258508.740233405 -290124.483768675 1.26280451037667e-16 4.20934836792224e-17
1.37816091954023e-08 0.000888993363588516 -0.00129423254390984 -293327.737582473 -254921.051143403 1.2630296347448e-16 4.21009878248268e-17
1.41992337164751e-08 0.000753715664275446 -0.0013844586091401 -323921.830465241 -216045.899312828 1.26784069227357e-16 4.22613564091191e-17
1.46168582375479e-08 0.000607609574730498 -0.00145714989937148 -349850.361203957 -174058.961012771 1.27696149951013e-16 4.25653833170042e-17
1.50344827586207e-08 0.000452779513292558 -0.00151125941591478 -370739.871883509 -129564.989154132 1.28986846761348e-16 4.2995615587116e-17
1.54521072796935e-08 0.00029145555279237 -0.00154600780002268 -386289.483399533 -83204.846350102 1.30582065948294e-16 4.3527355316098e-17
1.58697318007663e-08 0.000125961300014809 -0.00156089455827296 -396275.229127921 -35646.2743424119 1.32390232397549e-16 4.41300774658495e-17
1.62873563218391e-08 -4.13195720418955e-05 -0.00155570527135451 -400553.280796329 12425.7237221436 1.34307546549389e-16 4.47691821831298e-17
1.67049808429119e-08 -0.000207977657062119 -0.00153051468242549 -399062.020094297 60318.7496373777 1.36223943113702e-16 4.54079810379006e-17
1.71226053639847e-08 -0.000371612518954989 -0.00148568562056082 -391822.926183844 107342.982997073 1.3802940947538e-16 4.600980315846e-17
1.75402298850575e-08 -0.000529867266195171 -0.00142186377479505 -378940.266327408 152821.116925368 1.39620301075863e-16 4.65401003586211e-17
1.79578544061303e-08 -0.000680462498975681 -0.00133996839403198 -360599.594089112 196098.11357028 1.40905291230175e-16 4.69684304100582e-17
1.83754789272031e-08 -0.000821229140219726 -0.00124117904677341 -337065.076740328 236550.638848507 1.41810613824403e-16 4.72702046081343e-17
1.87931034482758e-08 -0.000950139677574742 -0.00112691863137152 -308675.690363845 273596.040549489 1.42284297931465e-16 4.74280993104884e-17
1.92107279693486e-08 -0.00106533736639901 -0.000998832881514262 -275840.337459938 306700.740483885 1.42299151252898e-16 4.74330504176325e-17
1.96283524904214e-08 -0.00116516297311975 -0.000858766662133621 -239031.9573772 335387.919801352 1.41854321119287e-16 4.72847737064289e-17
2.00459770114942e-08 -0.0012481786737686 -0.000708737397155187 -198780.714397708 359244.386783222 1.4097534343859e-16 4.69917811461968e-17
2.0463601532567e-08 -0.00131318876347518 -0.000550906011818787 -155666.361590979 377926.528190829 1.39712676782419e-16 4.65708922608062e-17
2.08812260536398e-08 -0.00135925687863262 -0.000387545808098268 -110309.890422861 391165.258450052 1.38138805762485e-16 4.6046268587495e-17
2.12988505747126e-08 -0.00138571948367799 -0.000221009721518931 -63364.5863930247 398769.895387218 1.36344079980728e-16 4.54480266602427e-17
2.17164750957854e-08 -0.00139219542823263 -5.36964309844111e-05 -15506.6195299231 400630.906692751 1.34431527422236e-16 4.48105091407454e-17
2.21340996168582e-08 -0.00137859143694762 0.000111984190254722 32574.6947283111 396721.487554254 1.3251094003321e-16 4.41703133444032e-17
2.2551724137931e-08 -0.00134510345298203 0.000273645784868534 80186.8239910168 387097.946735825 1.30692571007138e-16 4.35641903357126e-17
2.29693486590038e-08 -0.00129221381576336 0.000428959883007081 126643.993707073 371898.895542759 1.29080805592623e-16 4.30269351975411e-17
2.33869731800766e-08 -0.0012206843136801 0.000575689440085649 171277.064621382 351343.25135327 1.27768168756309e-16 4.25893895854364e-17
2.38045977011494e-08 -0.00113154521177065 0.000711721057739159 213443.170627232 325727.084473084 1.2683001369687e-16 4.22766712322899e-17
2.42222222222222e-08 -0.00102608041244696 0.000835095423855776 252534.978197085 295419.353728779 1.26320196121096e-16 4.21067320403653e-17
2.4639846743295e-08 -0.000905808962988284 0.000944035533251029 287989.434024906 260856.59222166 1.26267982604488e-16 4.20893275348295e-17
2.50574712643678e-08 -0.000772463176159084 0.00103697228250996 319295.874884599 222536.61978514 1.26676370514927e-16 4.22254568383089e-17
2.54750957854406e-08 -0.000627963679087842 0.00111256707034561 346003.382895358 181011.372707379 1.2752191594584e-16 4.25073053152802e-17
2.58927203065134e-08 -0.000474391749786608 0.00116973107795281 367727.280253413 136878.953995236 1.28756079536547e-16 4.2918693178849e-17
2.63103448275862e-08 -0.000313959339758334 0.00120764095165544 384154.669884215 90775.0186824352 1.30308012921624e-16 4.3436004307208e-17
2.6727969348659e-08 -0.000148977214467119 0.00122575066196427 395048.942211074 43363.6182624452 1.32088625850471e-16 4.40295419501571e-17
2.71455938697318e-08 1.81783294444232e-05 0.00122379936823535 400253.183127639 -4672.3638830302 1.33995700500097e-16 4.46652335000322e-17
2.75632183908045e-08 0.000185099690806833 0.00120181517565113 399692.434087972 -52641.0482979865 1.35919759389004e-16 4.53065864630013e-17
2.79808429118773e-08 0.000349382641465782 0.00116011473041155 393374.771761337 -99851.5248397362 1.37750350038865e-16 4.59167833462882e-17
2.83984674329501e-08 0.000508660955241311 0.00109929865896533 381391.191701037 -145623.804105159 1.39382385606835e-16 4.64607952022785e-17
2.88160919540229e-08 0.000660640489531014 0.00102024291697216 363914.297702867 -189298.611561627 1.40722177498331e-16 4.69073924994435e-17
2.92337164750957e-08 0.000803132228667642 0.00092408617259955 341195.815730826 -230246.883314235 1.41692813652231e-16 4.72309378840772e-17
2.96513409961685e-08 0.000934083813095803 0.000812213405877387 313562.968217888 -267878.826738388 1.42238573752819e-16 4.74128579176062e-17
3.00689655172413e-08 0.00105160910024173 0.000686235960334511 281413.760964107 -301652.415474226 1.42328127908876e-16 4.74427093029586e-17
3.04865900383141e-08 0.00115401533130035 0.000547968334240719 245211.250516517 -331081.196426419 1.41956335176673e-16 4.73187783922245e-17
3.09042145593869e-08 0.00123982751264665 0.000399402045738289 205476.874599835 -355741.296322334 1.41144538680859e-16 4.70481795602864e-17
3.13218390804597e-08 0.00130780966069712 0.000242676948292863 162782.941662146 -375277.526910605 1.39939340391559e-16 4.66464467971863e-17
3.17394636015325e-08 0.00135698260422408 8.00504096175552e-05 117744.38771134 -389408.500864729 1.38409925892799e-16 4.61366419642662e-17
3.21570881226053e-08 0.00138663808770951 -8.61352020027578e-05 71009.9191715379 -397930.68470552 1.36644092716532e-16 4.55480309055105e-17
3.25747126436781e-08 0.001396348972603 -0.000253486255680809 23252.6693321144 -400721.330366709 1.34743210239629e-16 4.49144034132097e-17
3.29923371647509e-08 0.00138597538955125 -0.000419592334249944 -24839.4970321639 -397740.243179305 1.32816400475869e-16 4.42721334919563e-17
3.34099616858237e-08 0.0013556667529865 -0.000582060952365918 -72573.8912238656 -389030.360809811 1.30974273820234e-16 4.36580912734114e-17
3.38275862068965e-08 0.00130585960905689 -0.000738552016330233 -119262.977666305 -374717.134813634 1.2932257935124e-16 4.31075264504132e-17
3.42452107279693e-08 0.001237271347896 -0.000886811529297829 -164234.27672471 -355006.723711401 1.2795613420187e-16 4.26520447339567e-17
3.46628352490421e-08 0.00115088987079574 -0.00102470405640097 -206840.050671263 -330183.023613942 1.26953380489525e-16 4.23177934965083e-17
3.50804597701149e-08 0.00104795936111025 -0.00115024348218249 -246466.6332836 -300603.579164924 1.26371882269712e-16 4.21239607565706e-17
3.54980842911877e-08 0.000929962363837399 -0.0012616216173281 -282543.268699208 -266694.433697288 1.2624502101526e-16 4.20816736717534e-17
3.59157088122605e-08 0.000798598431992177 -0.00135723424266473 -314550.33221654 -228943.992778524 1.26580079320294e-16 4.21933597734312e-17
3.63333333333332e-08 0.000655759647335885 -0.00143570421530384 -342026.814635709 -187895.989530352 1.27357822835807e-16 4.24526076119356e-17
3.6750957854406e-08 0.000503503368044837 -0.00149590130412374 -364576.962339114 -144141.653045816 1.28533604436243e-16 4.28445348120811e-17
3.71685823754788e-08 0.00034402259584366 -0.00153695846889322 -381875.977472543 -98311.1927048987 1.30039927231311e-16 4.33466424104369e-17
3.75862068965516e-08 0.000179614389415979 -0.00155828434856256 -393674.696124999 -51064.721043097 1.31790319290842e-16 4.39301064302808e-17
3.80038314176244e-08 1.26467790454526e-05 -0.00155957177884854 -399803.177125755 -3082.74591413786 1.33684297650344e-16 4.45614325501146e-17
3.84214559386972e-08 -0.000154475340972561 -0.00154080221643163 -400173.149767905 44943.6311083771 1.35613136633635e-16 4.52043788778782e-17
3.883908045977e-08 -0.000319344850884912 -0.00150224600604206 -394779.285202969 92322.6689144699 1.37466109356404e-16 4.58220364521345e-17
3.92567049808428e-08 -0.000479587076088625 -0.00144445848658784 -383699.273194211 138371.950252755 1.39136844111068e-16 4.63789480370226e-17
3.96743295019156e-08 -0.000632893990419747 -0.00136827199240957 -367092.703123146 182428.210830537 1.4052943073846e-16 4.68431435794867e-17
4.00919540229884e-08 -0.000777057459480862 -0.0012747838648708 -345198.765366523 223856.892546976 1.41563926444122e-16 4.71879754813741e-17
4.05095785440612e-08 -0.000910001045191706 -0.00116534064695733 -318332.806151655 262061.283260699 1.42180944992441e-16 4.73936483308137e-17
4.0927203065134e-08 -0.00102980991347056 -0.00104151868853631 -286881.785511759 296491.1114485 1.42345065831463e-16 4.74483552771544e-17
4.13448275862068e-08 -0.00113475841427538 -0.000905101441624482 -251298.703762 326650.471963175 1.42046867444249e-16 4.73489558147496e-17
4.17624521072796e-08 -0.00122333493675942 -0.000758053772690019 -212096.076773696 352104.96873298 1.41303468200246e-16 4.71011560667488e-17
4.21800766283524e-08 -0.00129426368154366 -0.000602493661976997 -169838.554024659 372487.971523841 1.40157543658588e-16 4.67191812195294e-17
4.25977011494252e-08 -0.00134652303651227 -0.000440661697477355 -125134.785750522 387505.896645934 1.38674876735968e-16 4.62249589119892e-17
4.3015325670498e-08 -0.00137936029145777 -0.000274888802939523 -78628.656337394 396942.435544717 1.36940581374106e-16 4.56468604580353e-17
4.34329501915708e-08 -0.00139230247963579 -0.000107562664738806 -30990.0102244236 400661.670370524 1.35054216490859e-16 4.50180721636197e-17
4.38505747126436e-08 -0.00138516319007446 5.89066588246863e-05 17094.9961055756 398610.031652032 1.33124070703372e-16 4.43746902344573e-17
4.42681992337164e-08 -0.00135804525251842 0.000222121450458951 64933.7770837103 390817.069876543 1.31260945914326e-16 4.37536486381086e-17
4.46858237547892e-08 -0.00131133925633521 0.000379730869061047 111837.293613021 377395.029863734 1.29571796620577e-16 4.31905988735256e-17
4.51034482758619e-08 -0.00124571792471663 0.000529464809723504 157129.977545392 358537.234063313 1.2815359008588e-16 4.271786336196e-17
4.55210727969347e-08 -0.00116212642520575 0.000669166600868394 200159.462131555 334515.298062536 1.27087739840476e-16 4.23625799468254e-17
4.59386973180075e-08 -0.00106176875611019 0.000796824067560533 240305.978293042 305675.218409617 1.26435432057934e-16 4.21451440193112e-17
4.63563218390803e-08 -0.00094609040488328 0.000910598513583772 276991.281378205 272432.389101517 1.26234113103137e-16 4.20780377010458e-17
4.67739463601531e-08 -0.000816757528250529 0.00100885120484117 309686.979827045 235265.618515425 1.26495339887167e-16 4.21651132957223e-17
4.71915708812259e-08 -0.000675632953957549 0.00109016697262915 337922.145784107 194710.232960203 1.27204116431538e-16 4.2401372143846e-17
4.76091954022987e-08 -0.00052474934979481 0.00115337459681919 361290.098041054 151350.366179824 1.28319754726981e-16 4.27732515756603e-17
4.80268199233715e-08 -0.000366279946355411 0.00119756367536086 379454.259611774 105810.545865833 1.29778210468324e-16 4.32594034894413e-17
4.84444444444443e-08 -0.000202507235216455 0.00122209773712861 392153.005571261 58746.6983613186 1.31495759580337e-16 4.38319198601123e-17
4.88620689655171e-08 -3.57900933953426e-05 0.00122662340924339 399203.431333122 10836.7011188602 1.3337380447998e-16 4.44579348266601e-17
4.92796934865899e-08 0.000131470192400797 0.00121107550682874 400503.98708984 -37229.3810112203 1.35304534166888e-16 4.51015113889626e-17
4.96973180076627e-08 0.000296864512367625 0.00117567797189198 396035.940471028 -84759.2350320595 1.37177113219062e-16 4.57257044063539e-17
5.01149425287355e-08 0.000458010632874978 0.00112094064780722 385863.646352468 -131068.271432313 1.38884044408444e-16 4.62946814694814e-17
5.05325670498083e-08 0.000612587508631095 0.00104765193585865 370133.619929785 -175489.484574089 1.40327339684207e-16 4.67757798947357e-17
5.09501915708811e-08 0.000758368713529291 0.00095686743961447 349072.426407605 -217383.059814055 1.41424145272443e-16 4.71413817574809e-17
5.13678160919539e-08 0.000893254508660611 0.000849894760690575 322983.417699768 -256145.588982906 1.42111497977917e-16 4.73704993259722e-17
5.17854406130267e-08 0.00101530208560541 0.000728274664896169 292242.363143054 -291218.761489356 1.4234993964774e-16 4.74499798825801e-17
5.22030651340995e-08 0.00112275354939888 0.000593758890031943 257292.037156841 -322097.405867551 1.42125782305147e-16 4.73752607683824e-17
5.26206896551723e-08 0.00121406123812185 0.000448284914983103 218635.841804552 -348336.765942635 1.41451893921158e-16 4.71506313070528e-17
5.30383141762451e-08 0.00128791001442976 0.000293948053517041 176830.556113427 -369558.90681323 1.40366959716147e-16 4.67889865720488e-17
5.34559386973179e-08 0.00134323620794684 0.000132971274728658 132478.316586776 -385458.158383194 1.38933261397006e-16 4.63110871323354e-17
5.38735632183906e-08 0.00137924293569156 -3.23268151797191e-05 86217.944416248 -395805.51803749 1.37233101814984e-16 4.57443672716613e-17
5.42911877394634e-08 0.00139541157986759 -0.000199565368613925 38715.744311405 -400451.949048879 1.35364080290179e-16 4.51213600967262e-17
5.47088122605362e-08 0.0013915092577017 -0.000366335588788613 -9344.09252566638 -399330.527207281 1.33433489827318e-16 4.44778299424392e-17
5.5126436781609e-08 0.00136759217573775 -0.000530235424490117 -57269.3430512945 -392457.404753142 1.31552157856106e-16 4.38507192853686e-17
5.55440613026818e-08 0.0013240048202737 -0.00068890416768043 -104369.722716657 -379931.577730932 1.29828084074461e-16 4.32760280248205e-17
5.59616858237546e-08 0.0012613749956021 -0.000840056455620617 -149966.827883377 -361933.460113659 1.28360240620452e-16 4.27867468734838e-17
5.63793103448274e-08 0.00118060478151996 -0.000981515187768897 -193403.907114113 -338722.285235791 1.27232890480115e-16 4.24109634933716e-17
5.67969348659002e-08 0.00108285754035037 -0.00111124288333953 -234055.320598744 -310632.371962698 1.26510750288509e-16 4.21702500961696e-17
5.7214559386973e-08 0.000969541160618259 -0.00122737102786832 -271335.551468634 -278068.309376284 1.26235275208115e-16 4.20784250693717e-17
5.76321839080458e-08 0.000842287778727708 -0.00132822698609573 -304707.639205815 -241499.129333529 1.26422279154777e-16 4.2140759718259e-17
5.80498084291186e-08 0.000702930270716736 -0.00141235809353159 -333690.913677648 -201451.550832659 1.27061026984428e-16 4.23536756614759e-17
5.84674329501914e-08 0.000553475852687239 -0.00147855257970206 -357867.918400906 -158502.393490762 1.28114850754512e-16 4.27049502515038e-17
5.88850574712642e-08 0.000396077170152543 -0.00152585702171379 -376890.423317024 -113270.269404234 1.29523254683014e-16 4.31744182276714e-17
5.9302681992337e-08 0.00023300129271306 -0.00155359007674534 -390484.440474359 -66406.6730571919 1.3120538796787e-16 4.37351293226232e-17
5.97203065134098e-08 6.65970606408287e-05 -0.00156135229567187 -398454.170374791 -18586.5976130698 1.33064686106161e-16 4.43548953687203e-17
6.01379310344826e-08 -0.00010073874630821 -0.00154903187647398 -400684.822144029 29501.1872536795 1.34994414273654e-16 4.49981380912179e-17
6.05555555555554e-08 -0.000266595930571502 -0.00151680627456219 -397144.266905681 77164.0559539031 1.36883794541549e-16 4.56279315138498e-17
6.09731800766282e-08 -0.000428585591718637 -0.00146513964682318 -387883.500544974 123715.503118187 1.38624365191605e-16 4.62081217305348e-17
6.1390804597701e-08 -0.000584374534639886 -0.00139477616620182 -373035.909196753 168485.031579581 1.4011620706692e-16 4.670540235564e-17
6.18084291187738e-08 -0.000731718875391056 -0.00130672930311177 -352815.348037204 210827.809784446 1.41273679528661e-16 4.70912265095538e-17
6.22260536398466e-08 -0.00086849636065763 -0.00120226722805805 -327513.061051155 250133.959532283 1.42030336740512e-16 4.73434455801705e-17
6.26436781609194e-08 -0.000992736935329394 -0.00108289454572312 -297493.486140646 285837.340269895 1.42342742056755e-16 4.74475806855851e-17
6.30613026819922e-08 -0.00110265111790981 -0.000950330623606625 -263189.005995297 317423.703416553 1.42192961545317e-16 4.73976538484391e-17
6.3478927203065e-08 -0.00119665577505893 -0.000806484827359561 -225093.720329559 344438.099270493 1.41589593502637e-16 4.71965311675456e-17
6.38965517241378e-08 -0.00127339692402998 -0.000653429019506865 -183756.329187556 366491.429812418 1.40567274860069e-16 4.68557582866898e-17
6.43141762452106e-08 -0.00133176923456776 -0.000493367717669406 -139772.229819819 383266.053023639 1.39184692817036e-16 4.63948976056787e-17
6.47318007662834e-08 -0.00137093194937624 -0.000328606342107091 -93774.9409634325 394520.357997839 1.37521215845066e-16 4.58404052816888e-17
6.51494252873562e-08 -0.00139032099384704 -0.000161518009925119 -46426.9780447533 400092.244949491 1.35672337463228e-16 4.52241124877427e-17
6.5567049808429e-08 -0.00138965710062802 5.4906457816613e-06 1589.68926756657 399901.459995135 1.33744194339467e-16 4.45813981131558e-17
6.59846743295018e-08 -0.001368949832011 0.000170014139527215 49583.4597159829 393950.751078803 1.318474734116e-16 4.39491578038667e-17
6.64022988505746e-08 -0.00132849744220264 0.00032968278050335 96863.0618346831 382325.828392397 1.3009105779562e-16 4.33636859318734e-17
6.68199233716474e-08 -0.00126888258146229 0.000482196804085187 142747.510580103 365194.129861094 1.28575776244159e-16 4.28585920813863e-17
6.72375478927202e-08 -0.00119096390398159 0.000625359496164761 186575.915802419 342802.409474944 1.27388614973537e-16 4.24628716578456e-17
6.7655172413793e-08 -0.00109586370038061 0.000757108833211126 227717.001283088 315473.183202764 1.2659772413512e-16 4.21992413783732e-17
6.80727969348658e-08 -0.000984951732954077 0.000875547182333826 265578.197232333 283600.083679127 1.26248505589366e-16 4.20828351964555e-17
6.84904214559386e-08 -0.000859825506494451 0.0009789686335691 299614.175284059 247642.190572536 1.26361006567721e-16 4.21203355225737e-17
6.89080459770114e-08 -0.000722287258858188 0.0010658835707121 329334.70305564 208117.41829653 1.26928768841724e-16 4.2309589613908e-17
6.93256704980842e-08 -0.000574318002688397 0.00113504012679261 354311.705140509 165595.056302885 1.27919199463921e-16 4.26397331546404e-17
6.9743295019157e-08 -0.000418048992180195 0.00118544221516345 374185.428831565 120687.56940173 1.29275441797822e-16 4.30918139326072e-17
7.01609195402298e-08 -0.00025573102586318 0.00121636387649317 388669.625768266 74041.7762115247 1.30919639428606e-16 4.36398798095352e-17
7.05785440613026e-08 -8.97020275440303e-05 0.00122735973501834 397555.674874294 26329.5327988244 1.32757405586602e-16 4.42524685288674e-17
7.09961685823754e-08 7.76466276474578e-05 0.00121827141345024 400715.587201636 -21761.9443052893 1.3468324151192e-16 4.48944138373066e-17
7.14137931034482e-08 0.000243904557090891 0.00118922981413957 398103.849401249 -69539.9763310461 1.36586592713721e-16 4.55288642379069e-17
7.1831417624521e-08 0.000406677088279495 0.00114065323364312 389758.079268124 -116316.399170406 1.38358195458666e-16 4.61193984862218e-17
7.22490421455938e-08 0.000563619750145931 0.00107324133784856 375798.483918713 -161417.475251191 1.39896349162162e-16 4.66321163873873e-17
7.26666666666666e-08 0.000712472041318806 0.000987965084436102 356426.128404775 -204193.597620649 1.4111275460968e-16 4.70375848698933e-17
7.30842911877394e-08 0.000851089988933576 0.000886052737827251 331920.039701421 -244028.646467065 1.41937582859338e-16 4.73125276197792e-17
7.35019157088122e-08 0.00097747702904162 0.000768972178052402 302633.187781649 -280348.863314089 1.42323483840462e-16 4.7441161280154e-17
7.3919540229885e-08 0.00108981276383591 0.000638409758349016 268987.401663402 -312631.115069575 1.42248304530606e-16 4.74161015102021e-17
7.43371647509578e-08 0.00118647918149266 0.000496246016011937 231467.293655134 -340410.428898876 1.41716360671425e-16 4.7238786890475e-17
7.47547892720307e-08 0.00126608396097509 0.000344528586341176 190613.279311155 -363286.689395126 1.40758189019312e-16 4.69193963397707e-17
7.51724137931035e-08 0.0013274805261321 0.000185442709817276 147013.79363284 -380930.401584752 1.39428794353097e-16 4.64762647843657e-17
7.55900383141763e-08 0.00136978456024518 2.12797572999806e-05 101296.815628549 -393087.436761596 1.37804491871034e-16 4.5934830623678e-17
7.60076628352491e-08 0.00139238674315884 -0.000145595773406963 54120.8233070358 -399582.692793692 1.35978526242365e-16 4.53261754141216e-17
7.64252873563219e-08 0.00139496152753712 -0.000312780314264575 6165.30938284609 -400322.616181987 1.34055718806078e-16 4.4685239602026e-17
7.68429118773947e-08 0.00137747182783839 -0.000477865846449993 -41879.0057006284 -395296.5495449 1.32146450199642e-16 4.40488167332141e-17
7.72605363984675e-08 0.00134016955447174 -0.000638474583914069 -89320.1224650927 -384576.885120403 1.30360323850786e-16 4.34534412835953e-17
7.76781609195403e-08 0.00128359198544112 -0.000792293221485492 -135474.72951369 -368318.022074691 1.28799874085758e-16 4.29332913619193e-17
7.80957854406131e-08 0.0012085540277378 -0.000937106254233729 -179678.045509791 -346754.142635686 1.27554680046261e-16 4.2518226682087e-17
7.85134099616859e-08 0.0011161364799431 -0.00107082788818007 -221293.394260699 -320195.839082536 1.26696223311396e-16 4.22320744371319e-17
7.89310344827587e-08 0.00100767046509933 -0.0011915320827354 -259721.374992883 -289025.640173767 1.26273784427849e-16 4.20912614759497e-17
7.93486590038315e-08 0.000884718258067811 -0.00129748029215262 -294408.495736015 -253692.501448567 1.26311613912016e-16 4.21038713040052e-17
7.97662835249043e-08 0.000749050783524512 -0.00138714650642377 -324855.145466064 -214705.338759352 1.26807540125437e-16 4.22691800418122e-17
8.01839080459771e-08 0.000602622108697623 -0.00145923923094873 -350622.790181818 -172625.698174458 1.27733093939825e-16 4.25776979799417e-17
8.06015325670499e-08 0.000447541298237385 -0.00151272008839456 -371340.289267176 -128059.667828997 1.2903514303516e-16 4.30117143450533e-17
8.10191570881227e-08 0.000286042036602523 -0.00154681877481609 -386709.241162376 -81649.1482203566 1.30638942012371e-16 4.35463140041238e-17
8.14367816091955e-08 0.000120450455502943 -0.00156104415461958 -396508.281348536 -34062.6066854264 1.32452423225925e-16 4.41508077419749e-17
8.18544061302683e-08 -4.68483702084444e-05 -0.00155519133456459 -400596.27074011 14014.5507738796 1.34371482016865e-16 4.47904940056216e-17
8.22720306513411e-08 -0.000213444775623095 -0.00152934461491468 -398914.328561686 61889.8516387642 1.36285952942368e-16 4.54286509807894e-17
8.26896551724139e-08 -0.000376939213043587 -0.00148387627523056 -391486.680428884 108873.730803259 1.38085933930503e-16 4.6028644643501e-17
8.31072796934867e-08 -0.000534976813528558 -0.0014194412122942 -378420.309418141 154289.462627428 1.39668095315931e-16 4.65560317719769e-17
8.35249042145595e-08 -0.000685281304913515 -0.00133696750739594 -359903.415151138 197482.908059148 1.4094161158019e-16 4.69805371933967e-17
8.39425287356323e-08 -0.000825687797774122 -0.00123764305884722 -336202.703088242 237831.936433164 1.41833375279226e-16 4.72777917597421e-17
8.43601532567051e-08 -0.000954173967103975 -0.00112289847225578 -307659.543074236 274755.386241897 1.42292193847568e-16 4.74307312825228e-17
8.47777777777779e-08 -0.00106888918058602 -0.00099438645500063 -274685.052466175 307721.435812792 1.4229172835751e-16 4.74305761191701e-17
8.51954022988507e-08 -0.00116818115391264 -0.000853958011695756 -237754.174662838 336255.263326349 1.41832005530963e-16 4.72773351769877e-17
8.56130268199235e-08 -0.00125061974922839 -0.000703635783507672 -197398.838324849 359945.885844862 1.40939416205457e-16 4.69798054018191e-17
8.60306513409963e-08 -0.00131501757391768 -0.000545584915330244 -154200.295815651 378452.078846869 1.39665200342358e-16 4.6555066780786e-17
8.64482758620691e-08 -0.001360447083046 -0.000382081870427291 -108780.75121553 391507.291006154 1.38082505546873e-16 4.60275018489578e-17
8.68659003831419e-08 -0.00138625393912179 -0.000215481641716828 -61794.3984933888 398923.483425971 1.3628218795839e-16 4.542739598613e-17
8.72835249042147e-08 -0.00139206643675367 -4.8183831964576e-05 -13917.9989166991 400593.838030621 1.34367596565118e-16 4.47891988550393e-17
8.77011494252875e-08 -0.00137780085645637 0.000117401908554145 34158.8665834308 396494.29610446 1.32448640354558e-16 4.41495467848528e-17
8.81187739463603e-08 -0.00134366267049246 0.000278890589110401 81743.7296933964 386683.904818192 1.30635478880809e-16 4.35451596269362e-17
8.85363984674331e-08 -0.00129014358338173 0.000433956230397352 128151.20858624 371303.966751324 1.29032198447848e-16 4.30107328159493e-17
8.89540229885059e-08 -0.0012180144497049 0.00058036536644331 172712.87972159 350576.004660503 1.27730836933672e-16 4.25769456445574e-17
8.93716475095787e-08 -0.00112831417120898 0.000716009214022091 214786.905389322 324798.570807908 1.26806100266084e-16 4.22687000886946e-17
8.97892720306515e-08 -0.0010223347331333 0.000838934046213137 253767.278327991 294342.946806082 1.26311073855994e-16 4.21036912853314e-17
9.02068965517243e-08 -0.000901602595283392 0.000947369332630117 289092.550264466 259647.795915889 1.26274175177602e-16 4.20913917258674e-17
9.06245210727971e-08 -0.000767856705883616 0.00103975324100424 320253.918654509 221212.844822443 1.26697522435553e-16 4.22325074785175e-17
9.10421455938699e-08 -0.000623023454883087 0.00111475513281383 346802.555148056 179591.685892685 1.27556812967331e-16 4.25189376557771e-17
9.14597701149427e-08 -0.000469188927471239 0.00117129472894754 368356.070224701 135383.803586228 1.28802718361326e-16 4.29342394537753e-17
9.18773946360155e-08 -0.000308568857445666 0.00120855766935134 384604.020886922 89225.9398659774 1.30363716202437e-16 4.34545720674789e-17
9.22950191570883e-08 -0.000143476713204624 0.00122600724254803 395312.382081762 41782.9229755676 1.32150195886119e-16 4.40500652953729e-17
9.27126436781611e-08 2.37096239669348e-05 0.00122339211608491 400326.917447494 -6261.90831994919 1.34059602802592e-16 4.46865342675307e-17
9.31302681992339e-08 0.000190582109373196 0.00120074995656509 399575.400835175 -54216.547107091 1.35982325584306e-16 4.53274418614354e-17
9.35478927203067e-08 0.000354737218837734 0.00115840688712194 393068.656607747 -101390.285547379 1.3780798845347e-16 4.59359961511568e-17
9.39655172413795e-08 0.000513810567523101 0.00109697279015075 380900.403732853 -147103.663389725 1.39431787451301e-16 4.6477262483767e-17
9.43831417624523e-08 0.0006655109650125 0.0010173325229542 363245.905914982 -190698.254479797 1.4076050681156e-16 4.69201689371868e-17
9.48007662835251e-08 0.000807653416145994 0.000920633172825683 340359.447209559 -231546.150307745 1.41717870102591e-16 4.72392900341971e-17
9.52183908045979e-08 0.000938190592288404 0.000808267535140123 312570.669478616 -269059.003999369 1.42248918950321e-16 4.74163063167738e-17
9.56360153256707e-08 0.00105524231973694 0.00068185405242338 280279.824440985 -302696.504486881 1.42323167977362e-16 4.74410559924541e-17
9.60536398467435e-08 0.00115712266053646 0.000543213503344843 243952.008703432 -331974.158802734 1.41936354845853e-16 4.7312118281951e-17
9.64712643678164e-08 0.0012423641956477 0.00039434277739011 204110.464807648 -356470.27040537 1.41110684941123e-16 4.70368949803742e-17
9.68888888888892e-08 0.00130973916070928 0.000237386112946492 161329.044780503 -375832.013025544 1.39893556649876e-16 4.66311855499586e-17
9.7306513409962e-08 0.00135827712996759 7.46042130695159e-05 116223.944737774 -389780.512549457 1.38354840409543e-16 4.61182801365145e-17
9.77241379310348e-08 0.00138727899366642 -9.16583162329064e-05 69444.8295907766 -398114.863742497 1.36582867727632e-16 4.55276225758773e-17
9.81417624521076e-08 0.00139632702757525 -0.000259006736200583 21665.4756899621 -400715.023959298 1.34679360425326e-16 4.48931201417754e-17
9.85593869731804e-08 0.00138529090962095 -0.000425030667601133 -26425.9338171903 -397543.54216095 1.32753591197068e-16 4.42511970656892e-17
9.89770114942532e-08 0.00135432959696323 -0.000587338808285404 -74136.7211345336 -388646.098335733 1.30916110704884e-16 4.36387035682947e-17
9.9394636015326e-08 0.0013038890364778 -0.000743593375968825 -120779.690703649 -374150.84555388 1.29272401309742e-16 4.30908004365806e-17
9.98122605363988e-08 0.00123469574162374 -0.000891543780146978 -165683.027127607 -354266.564133007 1.27916821753669e-16 4.26389405845563e-17
1.00229885057472e-07 0.00114774632820997 -0.00102905903815673 -208199.971568759 -329279.654500421 1.26927190404077e-16 4.23090634680257e-17
1.00647509578544e-07 0.00104429315978076 -0.0011541584684828 -247718.137247923 -299550.01206518 1.26360318014433e-16 4.2120106004811e-17
1.01065134099617e-07 0.00092582630937507 -0.00126504021922304 -283668.329870504 -265505.843515617 1.26248746447511e-16 4.20829154825036e-17
1.0148275862069e-07 0.000794052097470849 -0.00136010722080675 -315532.745935793 -227637.499205033 1.26598880577999e-16 4.2199626859333e-17
1.01900383141763e-07 0.000650868515240041 -0.00143799018915975 -342852.430846248 -186490.41045993 1.2739062061442e-16 4.24635402048066e-17
1.02318007662836e-07 0.000498337887101922 -0.00149756734799332 -365233.889394946 -142657.233537253 1.28578515947273e-16 4.28595053157576e-17
1.02735632183908e-07 0.000338657166325827 -0.00153798058614988 -382354.753417989 -96769.3133840561 1.30094374285634e-16 4.33647914285446e-17
1.03153256704981e-07 0.000174126291526321 -0.00155864781728535 -393968.424978632 -49487.5901500908 1.31851176302168e-16 4.39503921007227e-17
1.03570881226054e-07 7.1150598235615e-06 -0.00155927136386728 -399907.628205691 -1493.07943010482 1.33748071062542e-16 4.45826903541807e-17
1.03988505747127e-07 -0.000159971006193424 -0.00153984224473088 -400086.818627828 46522.9366476928 1.35676165471738e-16 4.52253884905793e-17
1.044061302682e-07 -0.000324725306070175 -0.00150064030443807 -394503.415301212 93868.8662057218 1.37524775388447e-16 4.5841591796149e-17
1.04823754789272e-07 -0.000484774824615124 -0.00144223018257593 -383237.837983776 139862.768862553 1.39187779556226e-16 4.63959265187419e-17
1.05241379310345e-07 -0.000637814311287347 -0.00136545318105054 -366452.348820644 183842.177964472 1.40569711597792e-16 4.68565705325974e-17
1.05659003831418e-07 -0.000781639483545783 -0.00127141514651427 -344388.715224329 225173.642329975 1.41591240355586e-16 4.71970801185287e-17
1.06076628352491e-07 -0.000914178775920188 -0.00116147054246037 -317364.727612106 263261.850074015 1.42193723974292e-16 4.73979079914306e-17
1.06494252873564e-07 -0.00103352317751057 -0.00103720294040015 -285769.622156799 297558.20309831 1.42342576293776e-16 4.74475254312585e-17
1.06911877394636e-07 -0.00113795372815497 -0.000900402211115325 -250058.474478775 327568.718746243 1.42029252301364e-16 4.73430841004545e-17
1.07329501915709e-07 -0.00122596627722829 -0.000753038744508015 -210745.645028789 352861.144812 1.41271738666633e-16 4.70905795555442e-17
1.07747126436782e-07 -0.00129629314846258 -0.000597235069369296 -168397.37057018 373071.185423906 1.4011352119909e-16 4.67045070663632e-17
1.08164750957855e-07 -0.0013479213987423 -0.000435235281836767 -123623.608467958 387907.748128349 1.38621088502836e-16 4.62070295009454e-17
1.08582375478928e-07 -0.00138010740788687 -0.000269372722874112 -77069.2512544069 397157.136598649 1.3688011513336e-16 4.56267050444533e-17
1.09e-07 -0.00139238758927842 -0.000102036370325463 -29404.8380109599 400686.128579794 1.34990543366061e-16 4.49968477886871e-17
