0 -0.00139 0 0 400000 1.33808e-16 4.46026666666667e-17
7.56944444444444e-10 -0.00132413815497385 0.000288451156246681 87010.1438877596 381073.087151578 1.27776155215411e-16 4.25920517384705e-17
1.51388888888889e-09 -0.00119553086842366 0.000548926966223997 169903.204249789 344114.831529665 1.23172033688605e-16 4.10573445628684e-17
2.27083333333333e-09 -0.00101026348760996 0.00076910242254554 244756.906763059 290873.997342223 1.20856745204743e-16 4.02855817349144e-17
3.02777777777778e-09 -0.000777102361458526 0.000938559421028414 308029.377667946 223869.79616086 1.21263318639653e-16 4.04211062132178e-17
3.78472222222222e-09 -0.000507080040755138 0.00104927971706802 356726.735608145 146272.684676172 1.24315712481149e-16 4.14385708270498e-17
4.54166666666667e-09 -0.000212973247827497 0.00109602432718011 388544.753959452 61754.3473040565 1.29443036888514e-16 4.3147678962838e-17
5.29861111111111e-09 9.13016832297206e-05 0.0010765814234604 401977.890571003 -25686.0379416463 1.35686327335468e-16 4.52287757784895e-17
6.05555555555556e-09 0.000391347289661317 0.000991870991269419 396390.525927981 -111911.029683492 1.41877899940478e-16 4.72926333134925e-17
6.8125e-09 0.000672966228858586 0.000845901298025761 372047.038939511 -192840.695661346 1.46859743620499e-16 4.89532478734997e-17
7.56944444444444e-09 0.000922833058024897 0.000645579232885756 330099.297247237 -264645.664038172 1.49700103139265e-16 4.9900034379755e-17
8.32638888888889e-09 0.0011291247579119 0.000400383491520704 272532.153979155 -323928.318867591 1.49867745478544e-16 4.99559151595148e-17
9.08333333333333e-09 0.0012820801659568 0.000121916069999659 202069.529894182 -367883.566046152 1.47331316457541e-16 4.91104388191802e-17
9.84027777777778e-09 0.0013744618479652 -0.000176646710131748 122045.524855137 -394431.562742409 1.425652049117e-16 4.75217349705668e-17
1.05972222222222e-08 0.00140189855382669 -0.000481177669575192 36246.65728491 -402316.129906935 1.36460817652377e-16 4.54869392174591e-17
1.13541666666667e-08 0.00136309205318956 -0.000777267231008092 -51267.3035940124 -391164.191250804 1.30159859469686e-16 4.33866198232287e-17
1.21111111111111e-08 0.00125987856419257 -0.00105090524111903 -136355.435005191 -361503.426201604 1.24840799853501e-16 4.16135999511668e-17
1.28680555555556e-08 0.00109714186861331 -0.00128914389298454 -214991.59782949 -314737.301547096 1.21498463605184e-16 4.04994878683947e-17
1.3625e-08 0.000882582224587931 -0.00148071038110216 -283454.942565635 -253078.663201265 1.20757968552746e-16 4.02526561842486e-17
1.43819444444444e-08 0.000626352011324586 -0.0016165402999087 -338505.969815795 -179445.03034992 1.22757809636384e-16 4.09192698787946e-17
1.51388888888889e-08 0.000340575346112193 -0.0016902065468155 -377539.81459252 -97320.5463722867 1.27123956171664e-16 4.23746520572212e-17
1.58958333333333e-08 3.87744040422194e-05 -0.00169822343523488 -398709.50145024 -10591.1186457811 1.33039806884468e-16 4.43466022948226e-17
1.66527777777778e-08 -0.000264770414565009 -0.00164021162779575 -401013.338343494 76639.4520296646 1.39398919013307e-16 4.64663063377689e-17
1.74097222222222e-08 -0.00055569619389107 -0.00151891608555709 -384342.313972044 160243.65213182 1.45011946523936e-16 4.83373155079786e-17
1.81666666666667e-08 -0.000820237116759305 -0.001340076183911 -349485.25589932 236265.558137945 1.48829083739931e-16 4.9609694579977e-17
1.89236111111111e-08 -0.00104587582568979 -0.00111215414093819 -298091.505376059 301108.02007417 1.50136410711773e-16 5.00454702372576e-17
1.96805555555556e-08 -0.00122193571023464 -0.00084593460824761 -232592.874995029 351702.868875632 1.48689417810142e-16 4.95631392700472e-17
2.04375e-08 -0.00134008609516664 -0.000554014370573708 -156088.581928512 385656.093807723 1.44758736411599e-16 4.82529121371998e-17
2.11944444444444e-08 -0.00139473642538925 -0.00025020630015935 -72198.6013950091 401361.12054741 1.3907952265721e-16 4.63598408857367e-17
2.19513888888889e-08 -0.00138330079580932 5.11142308170172e-05 15107.6207294473 398074.829913732 1.32713961050024e-16 4.42379870166748e-17
2.27083333333333e-08 -0.00130632030933792 0.000335689553782318 101698.99130167 375952.720247737 1.26852603871532e-16 4.22842012905108e-17
2.34652777777778e-08 -0.00116743747337123 0.000590054337895113 183478.242011046 336041.549653601 1.22591701946424e-16 4.08639006488079e-17
2.42222222222222e-08 -0.000973223846240448 0.000802172732903876 256575.80098011 280229.80625011 1.20728172627979e-16 4.02427242093264e-17
2.49791666666667e-08 -0.000732869088932287 0.000962007872868914 317532.890388762 211158.350045554 1.21610552183477e-16 4.05368507278258e-17
2.57361111111111e-08 -0.000457746135307432 0.00106199679337964 363465.186440176 132095.454619676 1.25073808985268e-16 4.16912696617561e-17
2.64930555555556e-08 -0.000160873055780526 0.00109740829047527 392199.297723619 46782.1613006501 1.30470209409644e-16 4.34900698032147e-17
2.725e-08 0.000143702922390309 0.0010665667883574 402375.604188994 -40744.7367428712 1.36790463588162e-16 4.55968211960539e-17
2.80069444444444e-08 0.000441570091718669 0.000970931623082785 393512.590672328 -126343.704582982 1.42852493096925e-16 4.76174976989751e-17
2.87638888888889e-08 0.000718634187318843 0.000815027990747409 366029.630884634 -205964.431709121 1.47522515324519e-16 4.91741717748397e-17
2.95208333333333e-08 0.000961785289213704 0.000606232827506185 321227.143787706 -275839.481713177 1.49927095064315e-16 4.99756983547717e-17
3.02777777777778e-08 0.00115951814811685 0.00035442575300371 261225.061303234 -332662.557140885 1.49616503278736e-16 4.98721677595786e-17
3.10347222222222e-08 0.00130247658255895 7.15215936242944e-05 188862.518895988 -373744.944501246 1.4664883001258e-16 4.88829433375267e-17
3.17916666666667e-08 0.00138389618796593 -0.000229093394709486 107563.515400048 -397142.736881325 1.41579119800136e-16 4.71930399333788e-17
3.25486111111111e-08 0.00139992440989856 -0.000533194927784825 21174.898699991 -401748.814338062 1.35355561573094e-16 4.51185205243646e-17
3.33055555555556e-08 0.00134980283645776 -0.000826393747567751 -66215.656655738 -387345.229804967 1.29142148691887e-16 4.30473828972955e-17
3.40625e-08 0.00123590308427437 -0.00109481648278504 -150473.067104657 -354613.521754945 1.24100977030854e-16 4.13669923436181e-17
3.48194444444445e-08 0.00106361458005598 -0.0013257620991467 -227610.500985764 -305102.465652104 1.21174897950614e-16 4.03916326502047e-17
3.55763888888889e-08 0.000841089547562903 -0.00150830287776873 -293978.024578013 -241154.790106173 1.20911176616407e-16 4.03037255388022e-17
3.63333333333334e-08 0.000578857266536607 -0.00163380148513048 -346435.307043915 -165796.325321945 1.23359136882982e-16 4.11197122943273e-17
3.70902777777778e-08 0.000289325855799662 -0.00169631966822161 -382500.212349726 -82592.8290378248 1.2806093624402e-16 4.26869787480067e-17
3.78472222222223e-08 -1.3804845203185e-05 -0.00169289923653511 -400466.247196421 4518.73543905449 1.34137196209165e-16 4.47123987363882e-17
3.86041666666667e-08 -0.000316191515573029 -0.00162370203560205 -399483.307644564 91416.4856363336 1.4045147264185e-16 4.68171575472833e-17
3.93611111111112e-08 -0.000603526039918333 -0.00149200228890098 -379597.903722237 173988.656192243 1.45822805137198e-16 4.86076017123994e-17
4.01180555555556e-08 -0.000862212529487533 -0.00130403167050181 -341750.958696925 248328.156417241 1.49246592286629e-16 4.9748864095543e-17
4.0875e-08 -0.00108001064267278 -0.00106868443918583 -287733.287143809 310917.443206443 1.50082482483539e-16 5.00274941611798e-17
4.16319444444445e-08 -0.00124661476470705 -0.000797096586293598 -220100.858467292 358794.96161909 1.48174139014467e-16 4.93913796714889e-17
4.23888888888889e-08 -0.00135414164134552 -0.000502118910881085 -142053.855375592 389695.277609193 1.43878479746393e-16 4.79594932487975e-17
4.31458333333334e-08 -0.00139750339303069 -0.000197708954835191 -57285.2499327009 402156.272207419 1.37998922705519e-16 4.59996409018396e-17
4.39027777777778e-08 -0.00137464825952481 0.000101729430073401 30193.9378426304 395588.325016856 1.31635122640496e-16 4.38783742134985e-17
4.46597222222223e-08 -0.00128665768362789 0.000382027633308099 116244.430542716 370302.213447675 1.25977302371225e-16 4.19924341237417e-17
4.54166666666667e-08 -0.00113769514024364 0.000629922705708422 196794.552727812 327494.407574739 1.22083645172886e-16 4.06945483909621e-17
4.61736111111112e-08 -0.000934809132062849 0.000833684926197186 268032.891541598 269190.456425522 1.20682382542853e-16 4.02274608476176e-17
4.69305555555556e-08 -0.000687599673573014 0.00098367282030191 326588.642408589 198149.144505324 1.22035592915692e-16 4.06785309718974e-17
4.76875000000001e-08 -0.000407764044464494 0.0010727893685225 369691.106345201 117731.953612521 1.25890185080269e-16 4.19633950267563e-17
4.84444444444445e-08 -0.00010854330614734 0.00109681781800515 395300.791905232 31744.0066559726 1.31525233880415e-16 4.38417446268052e-17
4.9201388888889e-08 0.000195904229287027 0.00105462120782675 402205.918372007 -55745.9804191695 1.37886814993453e-16 4.59622716644842e-17
4.99583333333334e-08 0.000491172931913398 0.000948196166895665 390079.753928417 -140598.219211703 1.43785120610519e-16 4.79283735368397e-17
5.07152777777779e-08 0.000763291489228085 0.000782578438898383 359496.075718484 -218797.732400079 1.48116989432948e-16 4.93723298109827e-17
5.14722222222223e-08 0.000999383990684252 0.000565604604594796 311902.020272369 -286644.331557033 1.50072231154225e-16 5.00240770514084e-17
5.22291666666668e-08 0.00118827918078384 0.000307541276115533 249549.608938898 -340927.700009302 1.49285156517725e-16 4.97617188392417e-17
5.29861111111112e-08 0.00132103905252558 2.05993087793448e-05 175389.188356067 -379079.296297349 1.45902972252723e-16 4.86343240842409e-17
5.37430555555557e-08 0.00139138176960393 -0.000281643983392951 92929.82806681 -399293.890576244 1.40558248969888e-16 4.68527496566295e-17
5.45000000000001e-08 0.00139597890582973 -0.000584887269276442 6073.28088545422 -400614.983185529 1.34250611351377e-16 4.47502037837923e-17
5.52569444444446e-08 0.00133461293721122 -0.000874781900761663 -81070.637440959 -382980.063613504 1.28159778143301e-16 4.2719926047767e-17
5.6013888888889e-08 0.00121018753459817 -0.00113761085178525 -164378.513543845 -347223.568324739 1.23424919118815e-16 4.11416397062717e-17
5.67708333333334e-08 0.00102859016986905 -0.00136093777072204 -239908.445146737 -295037.397494473 1.2093159592385e-16 4.03105319746168e-17
5.75277777777779e-08 0.000798413536763168 -0.00153419543474347 -304086.561167397 -228890.8588907 1.21146135302446e-16 4.03820451008155e-17
5.82847222222223e-08 0.000530548967966886 -0.00164918576208141 -353876.127584079 -151913.826941865 1.24028411911009e-16 4.13428039703363e-17
5.90416666666668e-08 0.000237671086852167 -0.00170046772297602 -386921.237435959 -67748.6455855334 1.29039352969481e-16 4.30131176564936e-17
5.97986111111112e-08 -6.63619212532664e-05 -0.00168561479441592 -401658.285937454 19622.2175472885 1.35241761152987e-16 4.50805870509957e-17
6.05555555555557e-08 -0.000367164040730778 -0.00160532977661211 -397389.956006988 106064.610676585 1.41475598798036e-16 4.71585329326788e-17
6.13125000000001e-08 -0.000650502132830439 -0.00146341153840212 -374318.213416066 187488.314699437 1.46574949982555e-16 4.88583166608518e-17
6.20694444444446e-08 -0.000902969409112728 -0.00126657526510145 -333534.750317887 260040.581241255 1.49586082017821e-16 4.98620273392737e-17
6.2826388888889e-08 -0.00111261980423946 -0.00102413471418552 -276969.329341741 320288.434237558 1.49945822267124e-16 4.9981940755708e-17
6.35833333333334e-08 -0.00126953323131764 -0.000747561513599607 -207298.472470253 365381.109030932 1.47586888438503e-16 4.9195629479501e-17
6.43402777777779e-08 -0.00136628497344962 -0.000449942355502955 -127818.815293627 393184.942806585 1.42950472405489e-16 4.76501574684963e-17
6.50972222222223e-08 -0.00139829700115724 -0.000145359769563856 -42291.119173373 402384.333717709 1.36903724001306e-16 4.56345746671019e-17
6.58541666666668e-08 -0.0013640545922942 0.000151774224069651 45237.6777640224 392543.99158922 1.30577567809272e-16 4.35258559364241e-17
6.66111111111112e-08 -0.00126517800458116 0.000427400052393054 130625.950740156 364129.534665779 1.25155186108073e-16 4.17183953693576e-17
6.73680555555556e-08 -0.00110634580941412 0.000668475850327724 209833.358752787 318485.457821949 1.21650728049636e-16 4.05502426832121e-17
6.81250000000001e-08 -0.000895073514581703 0.000863594566330229 279112.022530904 257771.514718905 1.20719633137077e-16 4.0239877712359e-17
6.88819444444445e-08 -0.000641357950862851 0.00100352371306838 335183.863995549 184860.524131136 1.2253604424118e-16 4.08453480803933e-17
6.9638888888889e-08 -0.000357204249164553 0.00108164222362901 375395.71600509 103202.435970007 1.26760237623874e-16 4.22534125412914e-17
7.03958333333334e-08 -5.60577903558106e-05 0.00109425374240905 397844.863013384 16661.0890305056 1.32602161538029e-16 4.42007205126762e-17
7.11527777777779e-08 0.000247831993612167 0.0010407615266164 401469.072398062 -70668.6153590963 1.38969199766334e-16 4.6323066588778e-17
7.19097222222223e-08 0.000540085864097661 0.000923696682517004 386096.856421203 -154654.472938648 1.44670523854552e-16 4.82235079515172e-17
7.26666666666667e-08 0.000806875162259939 0.000748598400365575 352455.586563009 -231322.501190878 1.486398139994e-16 4.95466046664668e-17
7.34236111111112e-08 0.00103557614361098 0.000523751854977582 302137.076280273 -297044.977393312 1.50134693058145e-16 5.00448976860484e-17
7.41805555555556e-08 0.00121536729929483 0.000259796173775093 237522.260719952 -348712.092597784 1.48875573496524e-16 4.96251911655081e-17
7.49375000000001e-08 0.00133774140047513 -3.07789778069798e-05 161668.537339114 -383879.099337784 1.45097948702123e-16 4.83659829007077e-17
7.56944444444445e-08 0.00139690803728203 -0.000334224373343859 78165.0981669041 -400881.990434042 1.39508348608217e-16 4.65027828694058e-17
7.64513888888889e-08 0.00139006760526956 -0.000636181801446591 -9036.90100728953 -398916.235291683 1.33152197256719e-16 4.43840657522398e-17
7.72083333333334e-08 0.00131754377508911 -0.000922363457301091 -95811.2985870212 -378074.848101358 1.27218286927085e-16 4.24060956423617e-17
7.79652777777778e-08 0.00118276817727381 -0.00117922800275942 -178052.165921126 -339343.986660547 1.22816438074611e-16 4.09388126915372e-17
7.87222222222223e-08 0.000992118026808532 -0.00139462130565724 -251868.088688077 -284556.290066836 1.20769929385059e-16 4.02566431283531e-17
7.94791666666667e-08 0.000754614370649256 -0.00155835154031433 -313766.298045283 -216304.163216711 1.21461519794684e-16 4.04871732648946e-17
8.02361111111111e-08 0.000481495236299253 -0.00166267143702569 -360817.938957802 -137817.111251704 1.24761861008575e-16 4.15872870028584e-17
8.09930555555556e-08 0.000185683878891222 -0.00170264486180778 -390796.655658317 -52808.9281524901 1.3005368953855e-16 4.33512298461834e-17
8.175e-08 -0.000118822712121751 -0.00167638038084285 -402283.936751083 34698.0298986252 1.36347273618835e-16 4.54490912062783e-17
8.25069444444445e-08 -0.000417616112464983 -0.00158512075798647 -394736.23531583 120563.171479982 1.42465522939428e-16 4.7488507646476e-17
8.32638888888889e-08 -0.000696558230518526 -0.00143318415055961 -368510.688070735 200723.591463012 1.47264140086078e-16 4.90880466953593e-17
8.40208333333334e-08 -0.000942450283386995 -0.00122775978588039 -324848.216633574 271386.316640436 1.49845638718302e-16 4.99485462394341e-17
8.47777777777778e-08 -0.00114365732743349 -0.000978567786566883 -265814.81048344 329207.77890959 1.49727200622106e-16 4.99090668740353e-17
8.55347222222222e-08 -0.00129065879219011 -0.00069739924075291 -194203.769953708 371452.023827634 1.46930977298699e-16 4.89769924328995e-17
8.62916666666667e-08 -0.00137649896787678 -0.00039755827984432 -113403.534852103 396120.168539789 1.4197994696472e-16 4.73266489882401e-17
8.70486111111111e-08 -0.00139711613068319 -9.32325631798723e-05 -27237.3526983763 402044.983483307 1.35800101830065e-16 4.52667006100215e-17
8.78055555555556e-08 -0.0013515347325003 0.00020117804344833 60217.6269572099 388946.122517992 1.29547259586609e-16 4.3182419862203e-17
8.85625e-08 -0.0012419115612054 0.000471742830307028 144823.272169401 357443.388143602 1.24390890590331e-16 4.14636301967768e-17
8.93194444444444e-08 -0.00107343368732167 0.000705659407044408 222576.273754659 309027.404130116 1.21295391582877e-16 4.04317971942924e-17
9.00763888888889e-08 -0.000854073025938804 0.000891859477006195 289797.571001215 245989.083252269 1.20839714372918e-16 4.02799047909726e-17
9.08333333333333e-08 -0.000594209127357725 0.00102153255895105 343306.43482271 171311.227523475 1.23109084361669e-16 4.10363614538898e-17
9.15902777777778e-08 -0.000306138044980669 0.00108854287507707 380570.971213726 88527.390111448 1.27679060818779e-16 4.25596869395932e-17
9.23472222222222e-08 -3.49051948338831e-06 0.00108971967935112 399827.923592738 1554.67720607738 1.33694920118413e-16 4.45649733728043e-17
9.31041666666666e-08 0.000299412990786923 0.00102500728859335 400166.105311237 -85491.5987992604 1.40031514872754e-16 4.66771716242513e-17
9.38611111111111e-08 0.000588239914979348 0.000897467717253967 381569.514529442 -168492.644705234 1.45503710476688e-16 4.85012368255625e-17
9.46180555555555e-08 0.000849323748037716 0.000713135791211648 344918.091379863 -243521.076606367 1.4908804107393e-16 4.96960136913101e-17
9.5375e-08 0.00107031071257596 0.000480733596214849 291946.081591808 -307026.753023294 1.50114128584196e-16 5.00380428613988e-17
9.61319444444444e-08 0.00124074430604795 0.000211257772489786 225159.976696937 -356004.757948706 1.4839006365184e-16 4.94633545506134e-17
9.68888888888888e-08 0.00135256007402846 -8.25408163875376e-05 147719.913662327 -388137.585305823 1.44238298491658e-16 4.80794328305525e-17
9.76458333333333e-08 0.00140046719827838 -0.000386760419700447 63290.1457980587 -401904.797037238 1.38435338585598e-16 4.61451128618661e-17
9.84027777777777e-08 0.00138219884388396 -0.000687006192652231 -24134.3397504186 -396654.966101439 1.32066512704616e-16 4.40221709015388e-17
9.91597222222222e-08 0.00129861941972398 -0.000969071321298474 -110416.85393612 -372636.5002299 1.26322983647994e-16 4.21076612159981e-17
9.99166666666666e-08 0.00115368367699093 -0.00121960925037051 -191474.742693207 -330985.88794838 1.22278964822834e-16 4.07596549409446e-17
1.00673611111111e-07 0.00095424958111313 -0.00142676520599642 -263472.567031223 -273673.92302872 1.20690809892141e-16 4.02302699640471e-17
1.01430555555555e-07 0.000709753811469788 -0.00158073713138079 -323003.585583864 -203412.451883934 1.21855551795471e-16 4.06185172651569e-17
1.021875e-07 0.000431765243370523 -0.00167423949349148 -367250.952351322 -123526.056366421 1.25555348617854e-16 4.18517828726181e-17
1.02944444444444e-07 0.000133437540318516 -0.00170284801468152 -394121.002197147 -37794.7435905169 1.31098226607444e-16 4.36994088691481e-17
1.03701388888889e-07 -0.000171113241596395 -0.0016652090174827 -402342.317392176 49724.9137305529 1.37447500166998e-16 4.58158333889993e-17
1.04458333333333e-07 -0.000467476587106156 -0.00156310347694423 -391525.887645922 134891.723280189 1.43415663371884e-16 4.78052211239614e-17
1.05215277777778e-07 -0.00074162938818094 -0.00140136274973388 -362183.517016229 213675.823103581 1.47886489444584e-16 4.92954964815281e-17
1.05972222222222e-07 -0.000980599479388016 -0.00118763996747153 -315703.606732284 282349.363722733 1.50023798875816e-16 5.00079329586053e-17
1.06729166666667e-07 -0.00117307944550324 -0.00093204791134119 -254285.459821953 337662.899841916 1.49427850248148e-16 4.98092834160492e-17
1.07486111111111e-07 -0.0013099616576673 -0.000646680502770677 -180835.216069945 376999.145267466 1.46210103954567e-16 4.87367013181889e-17
1.08243055555555e-07 -0.00138476922162986 -0.000345040551939477 -98828.3413817333 398496.815776999 1.40972375738519e-16 4.69907919128398e-17
1.09e-07 -0.00139396244678213 -4.14008415000483e-05 -12145.1781828065 401138.70003007 1.34694278973067e-16 4.48980929910222e-17
